* EvoSuite 1.1.1-SNAPSHOT
* Configuration: BBC-F0-opt-90
* Going to generate test cases for class: org.mockito.exceptions.Reporter
* Starting Client-0
* Connecting to master process on port 16426
* Analyzing classpath: 
  - subjects/buggy-versions/Mockito-4/build/classes/main
  - defects4j/framework/projects/Mockito/lib/asm-all-5.0.4.jar
  - defects4j/framework/projects/Mockito/lib/assertj-core-2.1.0.jar
  - defects4j/framework/projects/Mockito/lib/cglib-and-asm-1.0.jar
  - defects4j/framework/projects/Mockito/lib/cobertura-2.0.3.jar
  - defects4j/framework/projects/Mockito/lib/fest-assert-1.3.jar
  - defects4j/framework/projects/Mockito/lib/fest-util-1.1.4.jar
  - defects4j/framework/projects/Mockito/lib/hamcrest-all-1.3.jar
  - defects4j/framework/projects/Mockito/lib/hamcrest-core-1.1.jar
  - defects4j/framework/projects/Mockito/lib/objenesis-2.1.jar
  - defects4j/framework/projects/Mockito/lib/objenesis-2.2.jar
  - defects4j/framework/projects/Mockito/lib/powermock-reflect-1.2.5.jar
* Finished analyzing classpath
* Generating tests for class org.mockito.exceptions.Reporter
* Test criteria:
  - Line Coverage
  - Branch Coverage
  - Exception
  - Mutation testing (weak)
  - Method-Output Coverage
  - Top-Level Method Coverage
  - No-Exception Top-Level Method Coverage
  - Context Branch Coverage
* Total number of test goals for DYNAMOSA: 496
* Using seed 1084062116
* Starting evolution
bbc usage percentage is: 90%
* Initial Number of Goals in DynaMOSA = 231 / 496
[MASTER] 07:01:44.580 [logback-2] ERROR TestCluster - Failed to check cache for java.util.Comparator<T> : Type points to itself
[MASTER] 07:01:51.180 [logback-1] WARN  TestChromosome - Functional mock problem: org.evosuite.ga.ConstructionFailedException: Failed to add constructor for org.mockito.internal.invocation.InvocationImpl due to org.evosuite.ga.ConstructionFailedException: Failed to add constructor for org.mockito.internal.invocation.SerializableMethod due to org.evosuite.ga.ConstructionFailedException: Have no generator for class org.mockito.internal.invocation.InvocationImpl canUseFunctionalMocks=false, canBeMocked: true
[MASTER] 07:01:52.994 [logback-1] WARN  TestChromosome - Functional mock problem: org.evosuite.ga.ConstructionFailedException: Failed to add constructor for org.mockito.internal.invocation.StubInfoImpl due to org.evosuite.ga.ConstructionFailedException: Failed to add constructor for org.mockito.internal.invocation.InvocationMatcher due to org.evosuite.ga.ConstructionFailedException: Failed to add constructor for org.mockito.internal.invocation.InvocationImpl due to org.evosuite.ga.ConstructionFailedException: Failed to add constructor for org.mockito.internal.invocation.SerializableMethod due to org.evosuite.ga.ConstructionFailedException: Max recursion depth reached
[MASTER] 07:01:56.956 [logback-2] ERROR TestCluster - Failed to check cache for java.util.function.Function<T, R> : Type points to itself
[MASTER] 07:01:57.162 [logback-1] WARN  TestChromosome - Functional mock problem: org.evosuite.ga.ConstructionFailedException: Failed to add constructor for org.mockito.internal.matchers.LocalizedMatcher due to org.evosuite.ga.ConstructionFailedException: Error: VariableReference: Statement 1, type java.lang.Class<org.hamcrest.Matcher> is not assignable to java.lang.Class<org.hamcrest.Matcher<java.lang.Object>>
[MASTER] 07:01:59.921 [logback-1] WARN  TestChromosome - Functional mock problem: org.evosuite.ga.ConstructionFailedException: Failed to add constructor for org.mockito.internal.stubbing.StubbedInvocationMatcher due to org.evosuite.ga.ConstructionFailedException: Failed to add constructor for org.mockito.internal.invocation.InvocationMatcher due to org.evosuite.ga.ConstructionFailedException: Failed to add constructor for org.mockito.internal.invocation.InvocationImpl due to org.evosuite.ga.ConstructionFailedException: Failed to add constructor for org.mockito.internal.invocation.SerializableMethod due to org.evosuite.ga.ConstructionFailedException: Failed to add constructor for org.mockito.internal.invocation.InvocationMatcher due to org.evosuite.ga.ConstructionFailedException: Max recursion depth reached
[MASTER] 07:02:33.790 [logback-1] WARN  TestChromosome - Functional mock problem: org.evosuite.ga.ConstructionFailedException: Failed to add constructor for org.mockito.internal.invocation.InvocationMatcher due to org.evosuite.ga.ConstructionFailedException: Failed to add constructor for org.mockito.internal.invocation.InvocationImpl due to org.evosuite.ga.ConstructionFailedException: Failed to add constructor for org.mockito.internal.invocation.SerializableMethod due to org.evosuite.ga.ConstructionFailedException: Failed to add constructor for org.mockito.internal.invocation.InvocationMatcher due to org.evosuite.ga.ConstructionFailedException: Max recursion depth reached
*C2*
[MASTER] 07:02:46.988 [logback-1] WARN  TestChromosome - Functional mock problem: org.evosuite.ga.ConstructionFailedException: Failed to add constructor for org.mockito.internal.stubbing.StubbedInvocationMatcher due to org.evosuite.ga.ConstructionFailedException: Failed to add constructor for org.mockito.internal.invocation.InvocationMatcher due to org.evosuite.ga.ConstructionFailedException: Failed to add constructor for org.mockito.internal.invocation.InvocationImpl due to org.evosuite.ga.ConstructionFailedException: Failed to add constructor for org.mockito.internal.invocation.SerializableMethod due to org.evosuite.ga.ConstructionFailedException: Have no generator for class org.mockito.internal.invocation.InvocationImpl canUseFunctionalMocks=false, canBeMocked: true
*C2*
*C2*
*C2*
* Computation finished
[MASTER] 07:02:53.960 [logback-2] ERROR ClientNodeImpl - Error when generating tests for: org.mockito.exceptions.Reporter with seed 1084062116. Configuration id : BBC-F0-opt-90
java.lang.IllegalStateException: The results for interesting lines of a detected semi-covered basic block cannot be empty
	at org.evosuite.testcase.secondaryobjectives.basicblock.BasicBlockUtility.detectInterestingCoveredLines(BasicBlockUtility.java:146)
	at org.evosuite.testcase.secondaryobjectives.basicblock.BasicBlockUtility.compareCoveredLines(BasicBlockUtility.java:264)
	at org.evosuite.testcase.secondaryobjectives.basicblock.BasicBlockCoverage.compareChromosomes(BasicBlockCoverage.java:101)
	at org.evosuite.testcase.TestChromosome.compareSecondaryObjective(TestChromosome.java:680)
	at org.evosuite.testcase.TestChromosome.compareSecondaryObjective(TestChromosome.java:68)
	at org.evosuite.ga.comparators.PreferenceSortingComparator.compare(PreferenceSortingComparator.java:74)
	at org.evosuite.ga.operators.ranking.RankBasedPreferenceSorting.getZeroFront(RankBasedPreferenceSorting.java:111)
	at org.evosuite.ga.operators.ranking.RankBasedPreferenceSorting.computeRankingAssignment(RankBasedPreferenceSorting.java:65)
	at org.evosuite.ga.metaheuristics.mosa.DynaMOSA.evolve(DynaMOSA.java:83)
	at org.evosuite.ga.metaheuristics.mosa.DynaMOSA.generateSolution(DynaMOSA.java:174)
	at org.evosuite.ga.metaheuristics.TestSuiteAdapter.generateSolution(TestSuiteAdapter.java:114)
	at org.evosuite.strategy.MOSuiteStrategy.generateTests(MOSuiteStrategy.java:123)
	at org.evosuite.TestSuiteGenerator.generateTests(TestSuiteGenerator.java:630)
	at org.evosuite.TestSuiteGenerator.generateTestSuite(TestSuiteGenerator.java:205)
	at org.evosuite.rmi.service.ClientNodeImpl.lambda$startNewSearch$0(ClientNodeImpl.java:150)
	at java.util.concurrent.Executors$RunnableAdapter.call(Executors.java:511)
	at java.util.concurrent.FutureTask.run(FutureTask.java:266)
	at java.util.concurrent.ThreadPoolExecutor.runWorker(ThreadPoolExecutor.java:1149)
	at java.util.concurrent.ThreadPoolExecutor$Worker.run(ThreadPoolExecutor.java:624)
	at java.lang.Thread.run(Thread.java:748)
[MASTER] 07:02:54.097 [main] ERROR SearchStatistics - No obtained value for output variable: LineCoverage
[MASTER] 07:02:56.102 [main] ERROR SearchStatistics - No obtained value for output variable: LineCoverage
[MASTER] 07:02:57.103 [main] ERROR SearchStatistics - No obtained value for output variable: LineCoverage
[MASTER] 07:02:58.103 [main] ERROR SearchStatistics - No obtained value for output variable: LineCoverage
[MASTER] 07:02:59.107 [main] ERROR SearchStatistics - No obtained value for output variable: LineCoverage
[MASTER] 07:03:00.107 [main] ERROR SearchStatistics - No obtained value for output variable: LineCoverage
[MASTER] 07:03:00.108 [main] ERROR SearchStatistics - Not going to write down statistics data, as some are missing
[MASTER] 07:03:00.209 [main] ERROR TestGeneration - failed to write statistics data
