* EvoSuite 1.1.1-SNAPSHOT
* Configuration: default
* Going to generate test cases for class: org.apache.commons.codec.binary.Base64
* Starting Client-0
* Connecting to master process on port 20983
* Analyzing classpath: 
  - subjects/buggy-versions/Codec-9/target/classes
* Finished analyzing classpath
* Generating tests for class org.apache.commons.codec.binary.Base64
* Test criteria:
  - Line Coverage
  - Branch Coverage
  - Exception
  - Mutation testing (weak)
  - Method-Output Coverage
  - Top-Level Method Coverage
  - No-Exception Top-Level Method Coverage
  - Context Branch Coverage
* Total number of test goals for DYNAMOSA: 1539
* Using seed 2968871138
* Starting evolution
* Initial Number of Goals in DynaMOSA = 419 / 1539
[MASTER] 21:07:51.231 [logback-1] WARN  ExecutionTrace - Popping method encode([B)[B because we were looking for encode([BII)V
[MASTER] 21:07:51.231 [logback-1] WARN  ExecutionTrace - Current stack: [org.apache.commons.codec.binary.Base64:encode([B)[B
Branches:  78 79
True Distances:  1.0 0.0
False Distances:  0.0 1024.0
, org.apache.commons.codec.binary.Base64:encodeBase64([BZZI)[B
Branches:  62 63 64 65
True Distances:  1.0 0.0 0.0 0.0
False Distances:  0.0 1024.0 2.147483646E9 1.0
, org.apache.commons.codec.binary.Base64:encodeBase64([BZZ)[B
Branches: 
True Distances: 
False Distances: 
, org.apache.commons.codec.binary.Base64:encodeBase64([BZ)[B
Branches: 
True Distances: 
False Distances: 
, org.apache.commons.codec.binary.Base64:encodeInteger(Ljava/math/BigInteger;)[B
Branches:  84
True Distances:  0.0
False Distances:  1.0
, :
Branches: 
True Distances: 
False Distances: 
]
[MASTER] 21:07:51.231 [logback-1] WARN  ExecutionTrace - Popping method encodeBase64([BZZI)[B because we were looking for encode([BII)V
[MASTER] 21:07:51.231 [logback-1] WARN  ExecutionTrace - Current stack: [org.apache.commons.codec.binary.Base64:encodeBase64([BZZI)[B
Branches:  62 63 64 65 25
True Distances:  1.0 0.0 0.0 0.0 1018.0
False Distances:  0.0 1024.0 2.147483646E9 1.0 0.0
, org.apache.commons.codec.binary.Base64:encodeBase64([BZZ)[B
Branches: 
True Distances: 
False Distances: 
, org.apache.commons.codec.binary.Base64:encodeBase64([BZ)[B
Branches: 
True Distances: 
False Distances: 
, org.apache.commons.codec.binary.Base64:encodeInteger(Ljava/math/BigInteger;)[B
Branches:  84
True Distances:  0.0
False Distances:  1.0
, :
Branches: 
True Distances: 
False Distances: 
]
[MASTER] 21:07:51.231 [logback-1] WARN  ExecutionTrace - Popping method encodeBase64([BZZ)[B because we were looking for encode([BII)V
[MASTER] 21:07:51.231 [logback-1] WARN  ExecutionTrace - Current stack: [org.apache.commons.codec.binary.Base64:encodeBase64([BZZ)[B
Branches:  26 27
True Distances:  1.0 0.0
False Distances:  0.0 8181.0
, org.apache.commons.codec.binary.Base64:encodeBase64([BZ)[B
Branches: 
True Distances: 
False Distances: 
, org.apache.commons.codec.binary.Base64:encodeInteger(Ljava/math/BigInteger;)[B
Branches:  84
True Distances:  0.0
False Distances:  1.0
, :
Branches: 
True Distances: 
False Distances: 
]
[MASTER] 21:07:51.231 [logback-1] WARN  ExecutionTrace - Popping method encodeBase64([BZ)[B because we were looking for encode([BII)V
[MASTER] 21:07:51.232 [logback-1] WARN  ExecutionTrace - Current stack: [org.apache.commons.codec.binary.Base64:encodeBase64([BZ)[B
Branches: 
True Distances: 
False Distances: 
, org.apache.commons.codec.binary.Base64:encodeInteger(Ljava/math/BigInteger;)[B
Branches:  84
True Distances:  0.0
False Distances:  1.0
, :
Branches: 
True Distances: 
False Distances: 
]
[MASTER] 21:07:51.232 [logback-1] WARN  ExecutionTrace - Popping method encodeInteger(Ljava/math/BigInteger;)[B because we were looking for encode([BII)V
[MASTER] 21:07:51.232 [logback-1] WARN  ExecutionTrace - Current stack: [org.apache.commons.codec.binary.Base64:encodeInteger(Ljava/math/BigInteger;)[B
Branches:  84
True Distances:  0.0
False Distances:  1.0
, :
Branches: 
True Distances: 
False Distances: 
]
[MASTER] 21:11:14.121 [logback-1] WARN  ExecutionTrace - Popping method encode([B)[B because we were looking for encode([BII)V
[MASTER] 21:11:14.121 [logback-1] WARN  ExecutionTrace - Current stack: [org.apache.commons.codec.binary.Base64:encode([B)[B
Branches:  78 79
True Distances:  1.0 0.0
False Distances:  0.0 1029.0
]
Number of times BBC is called in total: 0
* Search finished after 604s and 610 generations, 237317 statements, best individual has fitness: 90.0
* Minimizing test suite
* Going to analyze the coverage criteria
* Coverage analysis for criterion LINE
* Coverage of criterion LINE: 84%
* Total number of goals: 216
* Number of covered goals: 182
* Coverage analysis for criterion BRANCH
* Coverage of criterion BRANCH: 74%
* Total number of goals: 193
* Number of covered goals: 143
* Coverage analysis for criterion EXCEPTION
* Coverage of criterion EXCEPTION: 60%
* Total number of goals: 42
* Number of covered goals: 25
* Coverage analysis for criterion WEAKMUTATION
* Coverage of criterion WEAKMUTATION: 87%
* Total number of goals: 787
* Number of covered goals: 683
* Coverage analysis for criterion OUTPUT
* Coverage of criterion OUTPUT: 28%
* Total number of goals: 80
* Number of covered goals: 22
* Coverage analysis for criterion METHOD
* Coverage of criterion METHOD: 86%
* Total number of goals: 35
* Number of covered goals: 30
* Coverage analysis for criterion METHODNOEXCEPTION
* Coverage of criterion METHODNOEXCEPTION: 63%
* Total number of goals: 35
* Number of covered goals: 22
* Coverage analysis for criterion CBRANCH
* Coverage of criterion CBRANCH: 48%
* Total number of goals: 193
* Number of covered goals: 92
* Generated 50 tests with total length 99
* Resulting test suite's coverage: 91% (average coverage for all fitness functions)
* Generating assertions
* Resulting test suite's mutation score: 36%
* Compiling and checking tests
[MASTER] 21:15:26.270 [logback-1] WARN  JUnitAnalyzer - Found unstable test named test0 -> class java.lang.AssertionError: Expecting exception: IllegalArgumentException
[MASTER] 21:15:26.274 [logback-1] WARN  JUnitAnalyzer - Failing test:
 Base64 base64_0 = new Base64((-758));

[MASTER] 21:15:26.477 [logback-1] WARN  JUnitAnalyzer - Found unstable test named test0 -> class java.lang.AssertionError: Expecting exception: IllegalArgumentException
[MASTER] 21:15:26.478 [logback-1] WARN  JUnitAnalyzer - Failing test:
 Base64 base64_0 = new Base64();

[MASTER] 21:15:27.704 [logback-1] WARN  JUnitAnalyzer - Found unstable test named test0 -> class java.lang.AssertionError: Expecting exception: IllegalArgumentException
[MASTER] 21:15:27.704 [logback-1] WARN  JUnitAnalyzer - Failing test:
 Base64 base64_0 = new Base64(1, (byte[]) null);

[MASTER] 21:15:28.007 [logback-1] WARN  JUnitAnalyzer - Found unstable test named test0 -> class java.lang.AssertionError: Expecting exception: IllegalArgumentException
[MASTER] 21:15:28.007 [logback-1] WARN  JUnitAnalyzer - Failing test:
 Base64 base64_0 = new Base64(true);

[MASTER] 21:15:28.742 [logback-1] WARN  JUnitAnalyzer - Found unstable test named test0 -> class java.lang.AssertionError: Expecting exception: IllegalArgumentException
[MASTER] 21:15:28.742 [logback-1] WARN  JUnitAnalyzer - Failing test:
 Base64.decodeBase64("UTF-16");

[MASTER] 21:15:29.968 [logback-1] WARN  JUnitAnalyzer - Found unstable test named test0 -> class java.lang.AssertionError: Expecting exception: IllegalArgumentException
[MASTER] 21:15:29.969 [logback-1] WARN  JUnitAnalyzer - Failing test:
 byte[] byteArray0 = new byte[3];
Base64.encodeBase64(byteArray0);

[MASTER] 21:15:30.175 [logback-1] WARN  JUnitAnalyzer - Found unstable test named test0 -> class java.lang.AssertionError: Expecting exception: IllegalArgumentException
[MASTER] 21:15:30.175 [logback-1] WARN  JUnitAnalyzer - Failing test:
 MockRandom mockRandom0 = new MockRandom();
mockRandom0.nextInt();
BigInteger bigInteger0 = new BigInteger(8188, mockRandom0);
Base64.encodeInteger(bigInteger0);

[MASTER] 21:15:30.851 [logback-1] WARN  JUnitAnalyzer - Found unstable test named test0 -> class java.lang.AssertionError: Expecting exception: IllegalArgumentException
[MASTER] 21:15:30.851 [logback-1] WARN  JUnitAnalyzer - Failing test:
 byte[] byteArray0 = new byte[1];
Base64.decodeInteger(byteArray0);

[MASTER] 21:15:31.227 [logback-1] WARN  JUnitAnalyzer - Found unstable test named test0 -> class java.lang.AssertionError: Expecting exception: IllegalArgumentException
[MASTER] 21:15:31.227 [logback-1] WARN  JUnitAnalyzer - Failing test:
 byte[] byteArray0 = new byte[7];
Base64.decodeBase64(byteArray0);

[MASTER] 21:15:32.210 [logback-1] WARN  JUnitAnalyzer - Found unstable test named test0 -> class java.lang.AssertionError: Expecting exception: IllegalArgumentException
[MASTER] 21:15:32.210 [logback-1] WARN  JUnitAnalyzer - Failing test:
 byte[] byteArray0 = new byte[3];
Base64.encodeBase64(byteArray0, false, false, (int) (byte)6);

[MASTER] 21:15:33.314 [logback-1] WARN  JUnitAnalyzer - Found unstable test named test0 -> class java.lang.AssertionError: Expecting exception: IllegalArgumentException
[MASTER] 21:15:33.314 [logback-1] WARN  JUnitAnalyzer - Failing test:
 Base64 base64_0 = new Base64((-1), (byte[]) null, false);

[MASTER] 21:15:33.566 [logback-1] WARN  JUnitAnalyzer - Found unstable test named test0 -> class java.lang.AssertionError: Expecting exception: IllegalArgumentException
[MASTER] 21:15:33.567 [logback-1] WARN  JUnitAnalyzer - Failing test:
 byte[] byteArray0 = new byte[4];
Base64.encodeBase64(byteArray0, true, true);

[MASTER] 21:15:33.766 [logback-1] WARN  JUnitAnalyzer - Found unstable test named test0 -> class java.lang.AssertionError: Expecting exception: IllegalArgumentException
[MASTER] 21:15:33.767 [logback-1] WARN  JUnitAnalyzer - Failing test:
 byte[] byteArray0 = new byte[9];
Base64.encodeBase64Chunked(byteArray0);

[MASTER] 21:15:34.016 [logback-1] WARN  JUnitAnalyzer - Found unstable test named test0 -> class java.lang.AssertionError: Expecting exception: IllegalArgumentException
[MASTER] 21:15:34.016 [logback-1] WARN  JUnitAnalyzer - Failing test:
 BigInteger bigInteger0 = BigInteger.ONE;
byte[] byteArray0 = Base64.toIntegerBytes(bigInteger0);
Base64.encodeBase64String(byteArray0);

[MASTER] 21:15:34.142 [logback-1] WARN  JUnitAnalyzer - Found unstable test named test0 -> class java.lang.AssertionError: Expecting exception: IllegalArgumentException
[MASTER] 21:15:34.142 [logback-1] WARN  JUnitAnalyzer - Failing test:
 byte[] byteArray0 = new byte[1];
Base64.encodeBase64URLSafe(byteArray0);

[MASTER] 21:15:35.545 [logback-1] WARN  JUnitAnalyzer - Found unstable test named test0 -> class java.lang.AssertionError: Expecting exception: IllegalArgumentException
[MASTER] 21:15:35.545 [logback-1] WARN  JUnitAnalyzer - Failing test:
 byte[] byteArray0 = new byte[5];
Base64.encodeBase64URLSafeString(byteArray0);

[MASTER] 21:15:35.828 [logback-1] WARN  JUnitAnalyzer - Found unstable test named test0 -> class java.lang.AssertionError: Expecting exception: IllegalArgumentException
[MASTER] 21:15:35.829 [logback-1] WARN  JUnitAnalyzer - Failing test:
 byte[] byteArray0 = new byte[7];
Base64.encodeBase64(byteArray0, true);

* Permissions denied during test execution: 
  - java.lang.RuntimePermission: 
         writeFileDescriptor: 7
* Writing tests to file
* Writing JUnit test case 'Base64_ESTest' to results/Codec-9/org.apache.commons.codec.binary.Base64/default/tests/12
* Done!

* Computation finished
