* EvoSuite 1.1.1-SNAPSHOT
* Configuration: BBC-F0-50
* Going to generate test cases for class: com.fasterxml.jackson.databind.util.ClassUtil
* Starting Client-0
* Connecting to master process on port 11955
* Analyzing classpath: 
  - subjects/buggy-versions/JacksonDatabind-103/target/classes
  - defects4j/framework/projects/JacksonDatabind/lib/com/fasterxml/jackson/core/jackson-annotations/2.9.0/jackson-annotations-2.9.0.jar
  - defects4j/framework/projects/JacksonDatabind/lib/com/fasterxml/jackson/core/jackson-core/2.9.7/jackson-core-2.9.7.jar
* Finished analyzing classpath
* Generating tests for class com.fasterxml.jackson.databind.util.ClassUtil
* Test criteria:
  - Line Coverage
  - Branch Coverage
  - Exception
  - Mutation testing (weak)
  - Method-Output Coverage
  - Top-Level Method Coverage
  - No-Exception Top-Level Method Coverage
  - Context Branch Coverage
* Total number of test goals for DYNAMOSA: 2018
* Using seed 428920776
* Starting evolution
bbc usage percentage is: 50%
* Initial Number of Goals in DynaMOSA = 736 / 2018
[MASTER] 01:38:59.822 [logback-2] ERROR TestCluster - Failed to check cache for java.util.LinkedList<E> : Type points to itself
[MASTER] 01:38:59.843 [logback-2] ERROR TestCluster - Failed to check cache for java.util.HashMap<K, V> : Type points to itself
[MASTER] 01:38:59.860 [logback-2] ERROR TestCluster - Failed to check cache for java.lang.Enum<E> : Type points to itself
[MASTER] 01:38:59.908 [logback-2] ERROR TestCluster - Failed to check cache for java.lang.Class<?> : Invalid generic instance
[MASTER] 01:39:10.772 [logback-1] WARN  TestChromosome - Functional mock problem: org.evosuite.ga.ConstructionFailedException: Failed to add constructor for com.fasterxml.jackson.databind.introspect.VirtualAnnotatedMember due to org.evosuite.ga.ConstructionFailedException: Failed to add constructor for com.fasterxml.jackson.databind.deser.BeanDeserializer due to org.evosuite.ga.ConstructionFailedException: Failed to add constructor for com.fasterxml.jackson.databind.deser.BuilderBasedDeserializer due to org.evosuite.ga.ConstructionFailedException: Failed to add constructor for com.fasterxml.jackson.databind.deser.BeanDeserializerBuilder due to org.evosuite.ga.ConstructionFailedException: Failed to add constructor for com.fasterxml.jackson.databind.deser.DefaultDeserializationContext$Impl due to org.evosuite.ga.ConstructionFailedException: Max recursion depth reached
[MASTER] 01:39:13.017 [logback-1] WARN  TestChromosome - Functional mock problem: org.evosuite.ga.ConstructionFailedException: Invalid generic instance
[MASTER] 01:39:13.097 [logback-1] WARN  TestChromosome - Functional mock problem: org.evosuite.ga.ConstructionFailedException: Failed to add constructor for com.fasterxml.jackson.databind.introspect.AnnotatedField due to org.evosuite.ga.ConstructionFailedException: Failed to add constructor for com.fasterxml.jackson.databind.introspect.VirtualAnnotatedMember due to org.evosuite.ga.ConstructionFailedException: Max recursion depth reached
[MASTER] 01:39:13.534 [logback-1] WARN  TestChromosome - Functional mock problem: org.evosuite.ga.ConstructionFailedException: Failed to add constructor for com.fasterxml.jackson.databind.DeserializationConfig due to org.evosuite.ga.ConstructionFailedException: Failed to add constructor for com.fasterxml.jackson.databind.cfg.BaseSettings due to org.evosuite.ga.ConstructionFailedException: Invalid generic instance
[MASTER] 01:39:13.800 [logback-1] WARN  TestChromosome - Functional mock problem: org.evosuite.ga.ConstructionFailedException: Failed to add constructor for com.fasterxml.jackson.databind.util.SimpleBeanPropertyDefinition due to org.evosuite.ga.ConstructionFailedException: Failed to add constructor for com.fasterxml.jackson.databind.deser.BeanDeserializerBuilder due to org.evosuite.ga.ConstructionFailedException: Invalid generic instance
[MASTER] 01:39:14.385 [logback-1] WARN  TestChromosome - Functional mock problem: org.evosuite.ga.ConstructionFailedException: Failed to add constructor for com.fasterxml.jackson.databind.ser.BeanSerializerBuilder due to org.evosuite.ga.ConstructionFailedException: Failed to add constructor for com.fasterxml.jackson.databind.DeserializationConfig due to org.evosuite.ga.ConstructionFailedException: Failed to add constructor for com.fasterxml.jackson.databind.cfg.BaseSettings due to org.evosuite.ga.ConstructionFailedException: Invalid generic instance
[MASTER] 01:39:14.675 [logback-2] ERROR TestCluster - Failed to check cache for java.util.List<E> : Type points to itself
[MASTER] 01:39:14.886 [logback-1] WARN  TestChromosome - Functional mock problem: org.evosuite.ga.ConstructionFailedException: Failed to add constructor for com.fasterxml.jackson.databind.ser.BeanSerializerBuilder due to org.evosuite.ga.ConstructionFailedException: Invalid generic instance
[MASTER] 01:39:16.108 [logback-2] ERROR TestCluster - Failed to check cache for java.lang.Class<com.fasterxml.jackson.databind.util.AccessPattern> : Invalid generic instance
[MASTER] 01:39:16.303 [logback-2] ERROR TestCluster - Failed to check cache for java.lang.Class<java.lang.Double> : Invalid generic instance
[MASTER] 01:39:22.186 [logback-2] ERROR TestCluster - Failed to check cache for java.lang.Class<com.fasterxml.jackson.databind.type.ArrayType> : Invalid generic instance
[MASTER] 01:39:25.325 [logback-2] ERROR TestCluster - Failed to check cache for java.lang.Class<java.lang.reflect.AccessibleObject> : Invalid generic instance
[MASTER] 01:39:28.990 [logback-2] ERROR TestCluster - Failed to check cache for java.lang.Class<java.lang.Object> : Invalid generic instance
[MASTER] 01:39:36.485 [logback-2] ERROR TestCluster - Failed to check cache for java.lang.Class<java.lang.Byte> : Invalid generic instance
[MASTER] 01:39:46.780 [logback-2] ERROR TestCluster - Failed to check cache for java.lang.Class<java.lang.String> : Invalid generic instance
[MASTER] 01:39:50.077 [logback-2] ERROR TestCluster - Failed to check cache for java.util.Map<java.lang.Class<com.fasterxml.jackson.databind.type.PlaceholderForType>, java.lang.Class<java.lang.Double>> : Invalid generic instance
[MASTER] 01:39:51.908 [logback-2] ERROR TestCluster - Failed to check cache for java.lang.Class<java.lang.Short> : Invalid generic instance
[MASTER] 01:40:07.396 [logback-2] ERROR TestCluster - Failed to check cache for java.lang.Class<java.lang.Integer> : Invalid generic instance
[MASTER] 01:40:10.168 [logback-2] ERROR TestCluster - Failed to check cache for java.util.Map<java.lang.String, java.sql.ClientInfoStatus> : Invalid generic instance
[MASTER] 01:40:14.563 [logback-2] ERROR TestCluster - Failed to check cache for java.util.Comparator<T> : Type points to itself
[MASTER] 01:40:21.545 [logback-2] ERROR TestCluster - Failed to check cache for java.lang.Class<com.fasterxml.jackson.databind.type.CollectionType> : Invalid generic instance
[MASTER] 01:40:38.580 [logback-2] ERROR TestCluster - Failed to check cache for java.util.Map<java.lang.String, com.fasterxml.jackson.databind.deser.SettableBeanProperty> : Invalid generic instance
[MASTER] 01:40:38.700 [logback-2] ERROR TestCluster - Failed to check cache for java.lang.Class<java.io.IOException> : Invalid generic instance
[MASTER] 01:40:44.113 [logback-2] ERROR TestCluster - Failed to check cache for java.lang.Class<java.lang.Error> : Invalid generic instance
[MASTER] 01:40:45.134 [logback-2] ERROR TestCluster - Failed to check cache for java.lang.Class<com.fasterxml.jackson.databind.type.CollectionLikeType> : Invalid generic instance
[MASTER] 01:40:47.576 [logback-2] ERROR TestCluster - Failed to check cache for com.fasterxml.jackson.annotation.ObjectIdGenerator<T> : Type points to itself
[MASTER] 01:40:55.108 [logback-2] ERROR TestCluster - Failed to check cache for com.fasterxml.jackson.databind.JsonDeserializer<T> : Type points to itself
[MASTER] 01:41:00.333 [logback-2] ERROR TestCluster - Failed to check cache for java.lang.Class<java.lang.RuntimeException> : Invalid generic instance
[MASTER] 01:41:25.236 [logback-2] ERROR TestCluster - Failed to check cache for java.util.function.BiFunction<T, U, R> : Type points to itself
[MASTER] 01:41:33.201 [logback-2] ERROR TestCluster - Failed to check cache for java.util.function.Function<T, R> : Type points to itself
[MASTER] 01:41:33.972 [logback-1] WARN  TestChromosome - Functional mock problem: org.evosuite.ga.ConstructionFailedException: Failed to add constructor for com.fasterxml.jackson.databind.deser.BeanDeserializerBuilder due to org.evosuite.ga.ConstructionFailedException: Failed to add constructor for com.fasterxml.jackson.databind.DeserializationConfig due to org.evosuite.ga.ConstructionFailedException: Failed to add constructor for com.fasterxml.jackson.databind.cfg.BaseSettings due to org.evosuite.ga.ConstructionFailedException: Invalid generic instance
[MASTER] 01:42:09.178 [logback-2] ERROR TestCluster - Failed to check cache for java.lang.Class<java.lang.Float> : Invalid generic instance
[MASTER] 01:42:13.854 [logback-2] ERROR TestCluster - Failed to check cache for java.lang.Class<com.fasterxml.jackson.databind.type.MapType> : Invalid generic instance
[MASTER] 01:42:50.342 [logback-2] ERROR TestCluster - Failed to check cache for java.lang.Class<com.fasterxml.jackson.databind.type.MapLikeType> : Invalid generic instance
[MASTER] 01:42:57.583 [logback-2] ERROR TestCluster - Failed to check cache for java.lang.Class<com.fasterxml.jackson.databind.Module> : Invalid generic instance
[MASTER] 01:43:01.797 [logback-2] ERROR TestCluster - Failed to check cache for java.lang.Class<com.fasterxml.jackson.databind.type.ReferenceType> : Invalid generic instance
[MASTER] 01:43:11.797 [logback-2] ERROR TestCluster - Failed to check cache for java.lang.Class<java.util.List> : Invalid generic instance
[MASTER] 01:43:21.199 [logback-2] ERROR TestCluster - Failed to check cache for java.lang.Class<com.fasterxml.jackson.databind.PropertyName> : Invalid generic instance
[MASTER] 01:43:26.196 [logback-2] ERROR TestCluster - Failed to check cache for com.fasterxml.jackson.databind.JsonSerializer<T> : Type points to itself
[MASTER] 01:44:52.789 [logback-2] ERROR TestCluster - Failed to check cache for java.lang.Class<com.fasterxml.jackson.databind.annotation.NoClass> : Invalid generic instance
[MASTER] 01:44:54.909 [logback-2] ERROR TestCluster - Failed to check cache for java.lang.Class<com.fasterxml.jackson.databind.type.SimpleType> : Invalid generic instance
[MASTER] 01:45:02.076 [logback-2] ERROR TestCluster - Failed to check cache for java.util.Enumeration<E> : Type points to itself
[MASTER] 01:45:23.672 [logback-2] ERROR TestCluster - Failed to check cache for java.lang.Class<com.fasterxml.jackson.databind.type.ResolvedRecursiveType> : Invalid generic instance
[MASTER] 01:45:30.164 [logback-2] ERROR TestCluster - Failed to check cache for java.lang.Class<java.lang.Character> : Invalid generic instance
[MASTER] 01:45:45.883 [logback-2] ERROR TestCluster - Failed to check cache for java.lang.Class<java.lang.annotation.Annotation> : Invalid generic instance
[MASTER] 01:45:51.321 [logback-2] ERROR TestCluster - Failed to check cache for java.lang.Enum<java.sql.ClientInfoStatus> : Invalid generic instance
* Search finished after 603s and 289 generations, 71179 statements, best individual has fitness: 605.0
* Minimizing test suite
[MASTER] 01:50:49.964 [logback-1] WARN  TestSuiteMinimizer - Minimization timeout. Roll back to original test suite
[MASTER] 01:50:49.974 [logback-1] WARN  TimeController - Phase MINIMIZATION lasted too long, 11 seconds more than allowed.
* Going to analyze the coverage criteria
* Coverage analysis for criterion LINE
* Coverage of criterion LINE: 80%
* Total number of goals: 377
* Number of covered goals: 300
* Coverage analysis for criterion BRANCH
* Coverage of criterion BRANCH: 79%
* Total number of goals: 312
* Number of covered goals: 247
* Coverage analysis for criterion EXCEPTION
* Coverage of criterion EXCEPTION: 100%
* Total number of goals: 73
* Number of covered goals: 73
* Coverage analysis for criterion WEAKMUTATION
* Coverage of criterion WEAKMUTATION: 74%
* Total number of goals: 550
* Number of covered goals: 409
* Coverage analysis for criterion OUTPUT
* Coverage of criterion OUTPUT: 48%
* Total number of goals: 315
* Number of covered goals: 152
* Coverage analysis for criterion METHOD
* Coverage of criterion METHOD: 96%
* Total number of goals: 76
* Number of covered goals: 73
* Coverage analysis for criterion METHODNOEXCEPTION
* Coverage of criterion METHODNOEXCEPTION: 86%
* Total number of goals: 76
* Number of covered goals: 65
* Coverage analysis for criterion CBRANCH
* Coverage of criterion CBRANCH: 78%
* Total number of goals: 312
* Number of covered goals: 244
* Generated 201 tests with total length 2768
* Resulting test suite's coverage: 72% (average coverage for all fitness functions)
* Generating assertions
[MASTER] 01:52:10.561 [logback-1] WARN  SimpleMutationAssertionGenerator - Assertion minimization is taking too long (0.8733666666666666% of time used, but only 8/201 tests minimized), falling back to using all assertions
* Resulting test suite's mutation score: 11%
[MASTER] 01:52:36.584 [logback-1] WARN  SimpleMutationAssertionGenerator - Reached maximum time to generate assertions, aborting assertion generation
* Compiling and checking tests
[MASTER] 01:52:37.011 [logback-1] WARN  TimeController - Phase ASSERTION_GENERATION lasted too long, 18 seconds more than allowed.
* Writing tests to file
* Writing JUnit test case 'ClassUtil_ESTest' to results/JacksonDatabind-103/com.fasterxml.jackson.databind.util.ClassUtil/BBC-F0-50/tests/27
* Done!

* Computation finished
