JUnit version 4.12
.....E.E......E.E.E...E..................E..E..E...E...E.....E.E..E..E..E..E.E.......E....E...
Time: 9.105
There were 20 failures:
1) test08(org.joda.time.chrono.GJChronology_ESTest)
org.joda.time.IllegalFieldValueException: Value 10125000 for secondOfMinute must be in the range [0,59]
	at org.joda.time.field.FieldUtils.verifyValueBounds(FieldUtils.java:238)
	at org.joda.time.chrono.BasicChronology.getDateTimeMillis(BasicChronology.java:174)
	at org.joda.time.chrono.GregorianChronology.getDateTimeMillis(GregorianChronology.java:45)
	at org.joda.time.chrono.GJChronology.getDateTimeMillis(GJChronology.java:365)
	at org.joda.time.base.BaseDateTime.<init>(BaseDateTime.java:254)
	at org.joda.time.MutableDateTime.<init>(MutableDateTime.java:380)
	at org.joda.time.chrono.GJChronology_ESTest.test08(GJChronology_ESTest.java:154)
	at sun.reflect.NativeMethodAccessorImpl.invoke0(Native Method)
	at sun.reflect.NativeMethodAccessorImpl.invoke(NativeMethodAccessorImpl.java:62)
	at sun.reflect.DelegatingMethodAccessorImpl.invoke(DelegatingMethodAccessorImpl.java:43)
	at java.lang.reflect.Method.invoke(Method.java:498)
	at org.junit.runners.model.FrameworkMethod$1.runReflectiveCall(FrameworkMethod.java:50)
	at org.junit.internal.runners.model.ReflectiveCallable.run(ReflectiveCallable.java:12)
	at org.junit.runners.model.FrameworkMethod.invokeExplosively(FrameworkMethod.java:47)
	at org.junit.internal.runners.statements.InvokeMethod.evaluate(InvokeMethod.java:17)
	at org.junit.internal.runners.statements.FailOnTimeout$CallableStatement.call(FailOnTimeout.java:298)
	at org.junit.internal.runners.statements.FailOnTimeout$CallableStatement.call(FailOnTimeout.java:292)
	at java.util.concurrent.FutureTask.run(FutureTask.java:266)
	at java.lang.Thread.run(Thread.java:748)
2) test09(org.joda.time.chrono.GJChronology_ESTest)
org.evosuite.runtime.mock.java.lang.MockIllegalArgumentException: Specified date does not exist
	at org.joda.time.chrono.GJChronology.getDateTimeMillis(GJChronology.java:343)
	at org.joda.time.LocalDate.<init>(LocalDate.java:457)
	at org.joda.time.YearMonth.toLocalDate(YearMonth.java:669)
	at org.joda.time.YearMonth.toInterval(YearMonth.java:698)
	at org.joda.time.YearMonth.toInterval(YearMonth.java:683)
	at org.joda.time.chrono.GJChronology_ESTest.test09(GJChronology_ESTest.java:174)
	at sun.reflect.NativeMethodAccessorImpl.invoke0(Native Method)
	at sun.reflect.NativeMethodAccessorImpl.invoke(NativeMethodAccessorImpl.java:62)
	at sun.reflect.DelegatingMethodAccessorImpl.invoke(DelegatingMethodAccessorImpl.java:43)
	at java.lang.reflect.Method.invoke(Method.java:498)
	at org.junit.runners.model.FrameworkMethod$1.runReflectiveCall(FrameworkMethod.java:50)
	at org.junit.internal.runners.model.ReflectiveCallable.run(ReflectiveCallable.java:12)
	at org.junit.runners.model.FrameworkMethod.invokeExplosively(FrameworkMethod.java:47)
	at org.junit.internal.runners.statements.InvokeMethod.evaluate(InvokeMethod.java:17)
	at org.junit.internal.runners.statements.FailOnTimeout$CallableStatement.call(FailOnTimeout.java:298)
	at org.junit.internal.runners.statements.FailOnTimeout$CallableStatement.call(FailOnTimeout.java:292)
	at java.util.concurrent.FutureTask.run(FutureTask.java:266)
	at java.lang.Thread.run(Thread.java:748)
3) test45(org.joda.time.chrono.GJChronology_ESTest)
org.joda.time.IllegalFieldValueException: Value 15 for dayOfMonth is not supported
	at org.joda.time.chrono.GJChronology$CutoverField.set(GJChronology.java:742)
	at org.joda.time.chrono.BaseChronology.set(BaseChronology.java:240)
	at org.joda.time.chrono.GJChronology_ESTest.test45(GJChronology_ESTest.java:601)
	at sun.reflect.NativeMethodAccessorImpl.invoke0(Native Method)
	at sun.reflect.NativeMethodAccessorImpl.invoke(NativeMethodAccessorImpl.java:62)
	at sun.reflect.DelegatingMethodAccessorImpl.invoke(DelegatingMethodAccessorImpl.java:43)
	at java.lang.reflect.Method.invoke(Method.java:498)
	at org.junit.runners.model.FrameworkMethod$1.runReflectiveCall(FrameworkMethod.java:50)
	at org.junit.internal.runners.model.ReflectiveCallable.run(ReflectiveCallable.java:12)
	at org.junit.runners.model.FrameworkMethod.invokeExplosively(FrameworkMethod.java:47)
	at org.junit.internal.runners.statements.InvokeMethod.evaluate(InvokeMethod.java:17)
	at org.junit.internal.runners.statements.FailOnTimeout$CallableStatement.call(FailOnTimeout.java:298)
	at org.junit.internal.runners.statements.FailOnTimeout$CallableStatement.call(FailOnTimeout.java:292)
	at java.util.concurrent.FutureTask.run(FutureTask.java:266)
	at java.lang.Thread.run(Thread.java:748)
4) test02(org.joda.time.chrono.GJChronology_ESTest)
org.joda.time.IllegalFieldValueException: Value 31 for dayOfMonth is not supported
	at org.joda.time.chrono.GJChronology$CutoverField.set(GJChronology.java:742)
	at org.joda.time.chrono.ZonedChronology$ZonedDateTimeField.set(ZonedChronology.java:463)
	at org.joda.time.chrono.BaseChronology.set(BaseChronology.java:240)
	at org.joda.time.chrono.GJChronology_ESTest.test02(GJChronology_ESTest.java:73)
	at sun.reflect.NativeMethodAccessorImpl.invoke0(Native Method)
	at sun.reflect.NativeMethodAccessorImpl.invoke(NativeMethodAccessorImpl.java:62)
	at sun.reflect.DelegatingMethodAccessorImpl.invoke(DelegatingMethodAccessorImpl.java:43)
	at java.lang.reflect.Method.invoke(Method.java:498)
	at org.junit.runners.model.FrameworkMethod$1.runReflectiveCall(FrameworkMethod.java:50)
	at org.junit.internal.runners.model.ReflectiveCallable.run(ReflectiveCallable.java:12)
	at org.junit.runners.model.FrameworkMethod.invokeExplosively(FrameworkMethod.java:47)
	at org.junit.internal.runners.statements.InvokeMethod.evaluate(InvokeMethod.java:17)
	at org.junit.internal.runners.statements.FailOnTimeout$CallableStatement.call(FailOnTimeout.java:298)
	at org.junit.internal.runners.statements.FailOnTimeout$CallableStatement.call(FailOnTimeout.java:292)
	at java.util.concurrent.FutureTask.run(FutureTask.java:266)
	at java.lang.Thread.run(Thread.java:748)
5) test46(org.joda.time.chrono.GJChronology_ESTest)
org.joda.time.IllegalFieldValueException: Value 1 for dayOfMonth is not supported
	at org.joda.time.chrono.GJChronology$CutoverField.set(GJChronology.java:729)
	at org.joda.time.chrono.ZonedChronology$ZonedDateTimeField.set(ZonedChronology.java:463)
	at org.joda.time.chrono.BaseChronology.set(BaseChronology.java:240)
	at org.joda.time.chrono.GJChronology_ESTest.test46(GJChronology_ESTest.java:621)
	at sun.reflect.NativeMethodAccessorImpl.invoke0(Native Method)
	at sun.reflect.NativeMethodAccessorImpl.invoke(NativeMethodAccessorImpl.java:62)
	at sun.reflect.DelegatingMethodAccessorImpl.invoke(DelegatingMethodAccessorImpl.java:43)
	at java.lang.reflect.Method.invoke(Method.java:498)
	at org.junit.runners.model.FrameworkMethod$1.runReflectiveCall(FrameworkMethod.java:50)
	at org.junit.internal.runners.model.ReflectiveCallable.run(ReflectiveCallable.java:12)
	at org.junit.runners.model.FrameworkMethod.invokeExplosively(FrameworkMethod.java:47)
	at org.junit.internal.runners.statements.InvokeMethod.evaluate(InvokeMethod.java:17)
	at org.junit.internal.runners.statements.FailOnTimeout$CallableStatement.call(FailOnTimeout.java:298)
	at org.junit.internal.runners.statements.FailOnTimeout$CallableStatement.call(FailOnTimeout.java:292)
	at java.util.concurrent.FutureTask.run(FutureTask.java:266)
	at java.lang.Thread.run(Thread.java:748)
6) test04(org.joda.time.chrono.GJChronology_ESTest)
org.joda.time.IllegalFieldValueException: Value 1970 for year is not supported
	at org.joda.time.chrono.GJChronology$CutoverField.set(GJChronology.java:729)
	at org.joda.time.chrono.BaseChronology.set(BaseChronology.java:240)
	at org.joda.time.chrono.GJChronology_ESTest.test04(GJChronology_ESTest.java:104)
	at sun.reflect.NativeMethodAccessorImpl.invoke0(Native Method)
	at sun.reflect.NativeMethodAccessorImpl.invoke(NativeMethodAccessorImpl.java:62)
	at sun.reflect.DelegatingMethodAccessorImpl.invoke(DelegatingMethodAccessorImpl.java:43)
	at java.lang.reflect.Method.invoke(Method.java:498)
	at org.junit.runners.model.FrameworkMethod$1.runReflectiveCall(FrameworkMethod.java:50)
	at org.junit.internal.runners.model.ReflectiveCallable.run(ReflectiveCallable.java:12)
	at org.junit.runners.model.FrameworkMethod.invokeExplosively(FrameworkMethod.java:47)
	at org.junit.internal.runners.statements.InvokeMethod.evaluate(InvokeMethod.java:17)
	at org.junit.internal.runners.statements.FailOnTimeout$CallableStatement.call(FailOnTimeout.java:298)
	at org.junit.internal.runners.statements.FailOnTimeout$CallableStatement.call(FailOnTimeout.java:292)
	at java.util.concurrent.FutureTask.run(FutureTask.java:266)
	at java.lang.Thread.run(Thread.java:748)
7) test57(org.joda.time.chrono.GJChronology_ESTest)
org.joda.time.IllegalFieldValueException: Value 29 for dayOfMonth must be in the range [1,28]
	at org.joda.time.field.FieldUtils.verifyValueBounds(FieldUtils.java:238)
	at org.joda.time.chrono.BasicChronology.getDateMidnightMillis(BasicChronology.java:614)
	at org.joda.time.chrono.JulianChronology.getDateMidnightMillis(JulianChronology.java:207)
	at org.joda.time.chrono.BasicChronology.getDateTimeMillis(BasicChronology.java:177)
	at org.joda.time.chrono.JulianChronology.getDateTimeMillis(JulianChronology.java:50)
	at org.joda.time.chrono.GJChronology.getDateTimeMillis(GJChronology.java:381)
	at org.joda.time.chrono.GJChronology_ESTest.test57(GJChronology_ESTest.java:730)
	at sun.reflect.NativeMethodAccessorImpl.invoke0(Native Method)
	at sun.reflect.NativeMethodAccessorImpl.invoke(NativeMethodAccessorImpl.java:62)
	at sun.reflect.DelegatingMethodAccessorImpl.invoke(DelegatingMethodAccessorImpl.java:43)
	at java.lang.reflect.Method.invoke(Method.java:498)
	at org.junit.runners.model.FrameworkMethod$1.runReflectiveCall(FrameworkMethod.java:50)
	at org.junit.internal.runners.model.ReflectiveCallable.run(ReflectiveCallable.java:12)
	at org.junit.runners.model.FrameworkMethod.invokeExplosively(FrameworkMethod.java:47)
	at org.junit.internal.runners.statements.InvokeMethod.evaluate(InvokeMethod.java:17)
	at org.junit.internal.runners.statements.FailOnTimeout$CallableStatement.call(FailOnTimeout.java:298)
	at org.junit.internal.runners.statements.FailOnTimeout$CallableStatement.call(FailOnTimeout.java:292)
	at java.util.concurrent.FutureTask.run(FutureTask.java:266)
	at java.lang.Thread.run(Thread.java:748)
8) test58(org.joda.time.chrono.GJChronology_ESTest)
org.joda.time.IllegalFieldValueException: Value 37 for hourOfDay must be in the range [0,23]
	at org.joda.time.field.FieldUtils.verifyValueBounds(FieldUtils.java:238)
	at org.joda.time.chrono.BasicChronology.getDateTimeMillis(BasicChronology.java:172)
	at org.joda.time.chrono.GregorianChronology.getDateTimeMillis(GregorianChronology.java:45)
	at org.joda.time.chrono.GJChronology.getDateTimeMillis(GJChronology.java:365)
	at org.joda.time.chrono.ZonedChronology.getDateTimeMillis(ZonedChronology.java:119)
	at org.joda.time.chrono.GJChronology.getDateTimeMillis(GJChronology.java:357)
	at org.joda.time.chrono.GJChronology_ESTest.test58(GJChronology_ESTest.java:745)
	at sun.reflect.NativeMethodAccessorImpl.invoke0(Native Method)
	at sun.reflect.NativeMethodAccessorImpl.invoke(NativeMethodAccessorImpl.java:62)
	at sun.reflect.DelegatingMethodAccessorImpl.invoke(DelegatingMethodAccessorImpl.java:43)
	at java.lang.reflect.Method.invoke(Method.java:498)
	at org.junit.runners.model.FrameworkMethod$1.runReflectiveCall(FrameworkMethod.java:50)
	at org.junit.internal.runners.model.ReflectiveCallable.run(ReflectiveCallable.java:12)
	at org.junit.runners.model.FrameworkMethod.invokeExplosively(FrameworkMethod.java:47)
	at org.junit.internal.runners.statements.InvokeMethod.evaluate(InvokeMethod.java:17)
	at org.junit.internal.runners.statements.FailOnTimeout$CallableStatement.call(FailOnTimeout.java:298)
	at org.junit.internal.runners.statements.FailOnTimeout$CallableStatement.call(FailOnTimeout.java:292)
	at java.util.concurrent.FutureTask.run(FutureTask.java:266)
	at java.lang.Thread.run(Thread.java:748)
9) test59(org.joda.time.chrono.GJChronology_ESTest)
org.joda.time.IllegalFieldValueException: Value 3600000 for dayOfMonth must be in the range [1,28]
	at org.joda.time.field.FieldUtils.verifyValueBounds(FieldUtils.java:238)
	at org.joda.time.chrono.BasicChronology.getDateMidnightMillis(BasicChronology.java:614)
	at org.joda.time.chrono.BasicChronology.getDateTimeMillis(BasicChronology.java:177)
	at org.joda.time.chrono.GregorianChronology.getDateTimeMillis(GregorianChronology.java:45)
	at org.joda.time.chrono.GJChronology.getDateTimeMillis(GJChronology.java:365)
	at org.joda.time.chrono.ZonedChronology.getDateTimeMillis(ZonedChronology.java:119)
	at org.joda.time.chrono.GJChronology.getDateTimeMillis(GJChronology.java:357)
	at org.joda.time.chrono.GJChronology_ESTest.test59(GJChronology_ESTest.java:760)
	at sun.reflect.NativeMethodAccessorImpl.invoke0(Native Method)
	at sun.reflect.NativeMethodAccessorImpl.invoke(NativeMethodAccessorImpl.java:62)
	at sun.reflect.DelegatingMethodAccessorImpl.invoke(DelegatingMethodAccessorImpl.java:43)
	at java.lang.reflect.Method.invoke(Method.java:498)
	at org.junit.runners.model.FrameworkMethod$1.runReflectiveCall(FrameworkMethod.java:50)
	at org.junit.internal.runners.model.ReflectiveCallable.run(ReflectiveCallable.java:12)
	at org.junit.runners.model.FrameworkMethod.invokeExplosively(FrameworkMethod.java:47)
	at org.junit.internal.runners.statements.InvokeMethod.evaluate(InvokeMethod.java:17)
	at org.junit.internal.runners.statements.FailOnTimeout$CallableStatement.call(FailOnTimeout.java:298)
	at org.junit.internal.runners.statements.FailOnTimeout$CallableStatement.call(FailOnTimeout.java:292)
	at java.util.concurrent.FutureTask.run(FutureTask.java:266)
	at java.lang.Thread.run(Thread.java:748)
10) test61(org.joda.time.chrono.GJChronology_ESTest)
org.evosuite.runtime.mock.java.lang.MockIllegalArgumentException: Specified date does not exist
	at org.joda.time.chrono.GJChronology.getDateTimeMillis(GJChronology.java:343)
	at org.joda.time.LocalDate.<init>(LocalDate.java:457)
	at org.joda.time.YearMonth.toLocalDate(YearMonth.java:669)
	at org.joda.time.YearMonth.toInterval(YearMonth.java:699)
	at org.joda.time.YearMonth.toInterval(YearMonth.java:683)
	at org.joda.time.chrono.GJChronology_ESTest.test61(GJChronology_ESTest.java:787)
	at sun.reflect.NativeMethodAccessorImpl.invoke0(Native Method)
	at sun.reflect.NativeMethodAccessorImpl.invoke(NativeMethodAccessorImpl.java:62)
	at sun.reflect.DelegatingMethodAccessorImpl.invoke(DelegatingMethodAccessorImpl.java:43)
	at java.lang.reflect.Method.invoke(Method.java:498)
	at org.junit.runners.model.FrameworkMethod$1.runReflectiveCall(FrameworkMethod.java:50)
	at org.junit.internal.runners.model.ReflectiveCallable.run(ReflectiveCallable.java:12)
	at org.junit.runners.model.FrameworkMethod.invokeExplosively(FrameworkMethod.java:47)
	at org.junit.internal.runners.statements.InvokeMethod.evaluate(InvokeMethod.java:17)
	at org.junit.internal.runners.statements.FailOnTimeout$CallableStatement.call(FailOnTimeout.java:298)
	at org.junit.internal.runners.statements.FailOnTimeout$CallableStatement.call(FailOnTimeout.java:292)
	at java.util.concurrent.FutureTask.run(FutureTask.java:266)
	at java.lang.Thread.run(Thread.java:748)
11) test28(org.joda.time.chrono.GJChronology_ESTest)
org.joda.time.IllegalFieldValueException: Value -2114 for hourOfDay must be in the range [0,23]
	at org.joda.time.field.FieldUtils.verifyValueBounds(FieldUtils.java:238)
	at org.joda.time.chrono.BasicChronology.getDateTimeMillis(BasicChronology.java:172)
	at org.joda.time.chrono.GregorianChronology.getDateTimeMillis(GregorianChronology.java:45)
	at org.joda.time.chrono.GJChronology.getDateTimeMillis(GJChronology.java:365)
	at org.joda.time.chrono.GJChronology_ESTest.test28(GJChronology_ESTest.java:403)
	at sun.reflect.NativeMethodAccessorImpl.invoke0(Native Method)
	at sun.reflect.NativeMethodAccessorImpl.invoke(NativeMethodAccessorImpl.java:62)
	at sun.reflect.DelegatingMethodAccessorImpl.invoke(DelegatingMethodAccessorImpl.java:43)
	at java.lang.reflect.Method.invoke(Method.java:498)
	at org.junit.runners.model.FrameworkMethod$1.runReflectiveCall(FrameworkMethod.java:50)
	at org.junit.internal.runners.model.ReflectiveCallable.run(ReflectiveCallable.java:12)
	at org.junit.runners.model.FrameworkMethod.invokeExplosively(FrameworkMethod.java:47)
	at org.junit.internal.runners.statements.InvokeMethod.evaluate(InvokeMethod.java:17)
	at org.junit.internal.runners.statements.FailOnTimeout$CallableStatement.call(FailOnTimeout.java:298)
	at org.junit.internal.runners.statements.FailOnTimeout$CallableStatement.call(FailOnTimeout.java:292)
	at java.util.concurrent.FutureTask.run(FutureTask.java:266)
	at java.lang.Thread.run(Thread.java:748)
12) test65(org.joda.time.chrono.GJChronology_ESTest)
org.evosuite.runtime.mock.java.lang.MockIllegalArgumentException: Invalid min days in first week: 30
	at org.joda.time.chrono.JulianChronology.getInstance(JulianChronology.java:138)
	at org.joda.time.chrono.GJChronology.getInstance(GJChronology.java:216)
	at org.joda.time.chrono.GJChronology.getInstance(GJChronology.java:251)
	at org.joda.time.chrono.GJChronology_ESTest.test65(GJChronology_ESTest.java:832)
	at sun.reflect.NativeMethodAccessorImpl.invoke0(Native Method)
	at sun.reflect.NativeMethodAccessorImpl.invoke(NativeMethodAccessorImpl.java:62)
	at sun.reflect.DelegatingMethodAccessorImpl.invoke(DelegatingMethodAccessorImpl.java:43)
	at java.lang.reflect.Method.invoke(Method.java:498)
	at org.junit.runners.model.FrameworkMethod$1.runReflectiveCall(FrameworkMethod.java:50)
	at org.junit.internal.runners.model.ReflectiveCallable.run(ReflectiveCallable.java:12)
	at org.junit.runners.model.FrameworkMethod.invokeExplosively(FrameworkMethod.java:47)
	at org.junit.internal.runners.statements.InvokeMethod.evaluate(InvokeMethod.java:17)
	at org.junit.internal.runners.statements.FailOnTimeout$CallableStatement.call(FailOnTimeout.java:298)
	at org.junit.internal.runners.statements.FailOnTimeout$CallableStatement.call(FailOnTimeout.java:292)
	at java.util.concurrent.FutureTask.run(FutureTask.java:266)
	at java.lang.Thread.run(Thread.java:748)
13) test22(org.joda.time.chrono.GJChronology_ESTest)
org.joda.time.IllegalFieldValueException: Value 53 for weekOfWeekyear must be in the range [1,52]
	at org.joda.time.field.FieldUtils.verifyValueBounds(FieldUtils.java:220)
	at org.joda.time.field.PreciseDurationDateTimeField.set(PreciseDurationDateTimeField.java:78)
	at org.joda.time.chrono.GJChronology.convertByWeekyear(GJChronology.java:97)
	at org.joda.time.chrono.GJChronology.julianToGregorianByWeekyear(GJChronology.java:592)
	at org.joda.time.chrono.GJChronology_ESTest.test22(GJChronology_ESTest.java:304)
	at sun.reflect.NativeMethodAccessorImpl.invoke0(Native Method)
	at sun.reflect.NativeMethodAccessorImpl.invoke(NativeMethodAccessorImpl.java:62)
	at sun.reflect.DelegatingMethodAccessorImpl.invoke(DelegatingMethodAccessorImpl.java:43)
	at java.lang.reflect.Method.invoke(Method.java:498)
	at org.junit.runners.model.FrameworkMethod$1.runReflectiveCall(FrameworkMethod.java:50)
	at org.junit.internal.runners.model.ReflectiveCallable.run(ReflectiveCallable.java:12)
	at org.junit.runners.model.FrameworkMethod.invokeExplosively(FrameworkMethod.java:47)
	at org.junit.internal.runners.statements.InvokeMethod.evaluate(InvokeMethod.java:17)
	at org.junit.internal.runners.statements.FailOnTimeout$CallableStatement.call(FailOnTimeout.java:298)
	at org.junit.internal.runners.statements.FailOnTimeout$CallableStatement.call(FailOnTimeout.java:292)
	at java.util.concurrent.FutureTask.run(FutureTask.java:266)
	at java.lang.Thread.run(Thread.java:748)
14) test23(org.joda.time.chrono.GJChronology_ESTest)
org.joda.time.IllegalFieldValueException: Value 0 for year is not supported
	at org.joda.time.chrono.JulianChronology.adjustYearForSet(JulianChronology.java:81)
	at org.joda.time.chrono.JulianChronology.getDateMidnightMillis(JulianChronology.java:207)
	at org.joda.time.chrono.BasicChronology.getDateTimeMillis(BasicChronology.java:159)
	at org.joda.time.chrono.JulianChronology.getDateTimeMillis(JulianChronology.java:50)
	at org.joda.time.chrono.GJChronology.convertByYear(GJChronology.java:85)
	at org.joda.time.chrono.GJChronology.gregorianToJulianByYear(GJChronology.java:588)
	at org.joda.time.chrono.GJChronology_ESTest.test23(GJChronology_ESTest.java:322)
	at sun.reflect.NativeMethodAccessorImpl.invoke0(Native Method)
	at sun.reflect.NativeMethodAccessorImpl.invoke(NativeMethodAccessorImpl.java:62)
	at sun.reflect.DelegatingMethodAccessorImpl.invoke(DelegatingMethodAccessorImpl.java:43)
	at java.lang.reflect.Method.invoke(Method.java:498)
	at org.junit.runners.model.FrameworkMethod$1.runReflectiveCall(FrameworkMethod.java:50)
	at org.junit.internal.runners.model.ReflectiveCallable.run(ReflectiveCallable.java:12)
	at org.junit.runners.model.FrameworkMethod.invokeExplosively(FrameworkMethod.java:47)
	at org.junit.internal.runners.statements.InvokeMethod.evaluate(InvokeMethod.java:17)
	at org.junit.internal.runners.statements.FailOnTimeout$CallableStatement.call(FailOnTimeout.java:298)
	at org.junit.internal.runners.statements.FailOnTimeout$CallableStatement.call(FailOnTimeout.java:292)
	at java.util.concurrent.FutureTask.run(FutureTask.java:266)
	at java.lang.Thread.run(Thread.java:748)
15) test24(org.joda.time.chrono.GJChronology_ESTest)
org.joda.time.IllegalFieldValueException: Value 53 for weekOfWeekyear must be in the range [1,52]
	at org.joda.time.field.FieldUtils.verifyValueBounds(FieldUtils.java:220)
	at org.joda.time.field.PreciseDurationDateTimeField.set(PreciseDurationDateTimeField.java:78)
	at org.joda.time.chrono.GJChronology.convertByWeekyear(GJChronology.java:97)
	at org.joda.time.chrono.GJChronology.gregorianToJulianByWeekyear(GJChronology.java:596)
	at org.joda.time.chrono.GJChronology_ESTest.test24(GJChronology_ESTest.java:342)
	at sun.reflect.NativeMethodAccessorImpl.invoke0(Native Method)
	at sun.reflect.NativeMethodAccessorImpl.invoke(NativeMethodAccessorImpl.java:62)
	at sun.reflect.DelegatingMethodAccessorImpl.invoke(DelegatingMethodAccessorImpl.java:43)
	at java.lang.reflect.Method.invoke(Method.java:498)
	at org.junit.runners.model.FrameworkMethod$1.runReflectiveCall(FrameworkMethod.java:50)
	at org.junit.internal.runners.model.ReflectiveCallable.run(ReflectiveCallable.java:12)
	at org.junit.runners.model.FrameworkMethod.invokeExplosively(FrameworkMethod.java:47)
	at org.junit.internal.runners.statements.InvokeMethod.evaluate(InvokeMethod.java:17)
	at org.junit.internal.runners.statements.FailOnTimeout$CallableStatement.call(FailOnTimeout.java:298)
	at org.junit.internal.runners.statements.FailOnTimeout$CallableStatement.call(FailOnTimeout.java:292)
	at java.util.concurrent.FutureTask.run(FutureTask.java:266)
	at java.lang.Thread.run(Thread.java:748)
16) test25(org.joda.time.chrono.GJChronology_ESTest)
org.joda.time.IllegalFieldValueException: Value 15356250 for monthOfYear must be in the range [1,12]
	at org.joda.time.field.FieldUtils.verifyValueBounds(FieldUtils.java:238)
	at org.joda.time.chrono.BasicChronology.getDateMidnightMillis(BasicChronology.java:613)
	at org.joda.time.chrono.BasicChronology.getDateTimeMillis(BasicChronology.java:159)
	at org.joda.time.chrono.GregorianChronology.getDateTimeMillis(GregorianChronology.java:45)
	at org.joda.time.chrono.GJChronology.getDateTimeMillis(GJChronology.java:336)
	at org.joda.time.chrono.GJChronology_ESTest.test25(GJChronology_ESTest.java:357)
	at sun.reflect.NativeMethodAccessorImpl.invoke0(Native Method)
	at sun.reflect.NativeMethodAccessorImpl.invoke(NativeMethodAccessorImpl.java:62)
	at sun.reflect.DelegatingMethodAccessorImpl.invoke(DelegatingMethodAccessorImpl.java:43)
	at java.lang.reflect.Method.invoke(Method.java:498)
	at org.junit.runners.model.FrameworkMethod$1.runReflectiveCall(FrameworkMethod.java:50)
	at org.junit.internal.runners.model.ReflectiveCallable.run(ReflectiveCallable.java:12)
	at org.junit.runners.model.FrameworkMethod.invokeExplosively(FrameworkMethod.java:47)
	at org.junit.internal.runners.statements.InvokeMethod.evaluate(InvokeMethod.java:17)
	at org.junit.internal.runners.statements.FailOnTimeout$CallableStatement.call(FailOnTimeout.java:298)
	at org.junit.internal.runners.statements.FailOnTimeout$CallableStatement.call(FailOnTimeout.java:292)
	at java.util.concurrent.FutureTask.run(FutureTask.java:266)
	at java.lang.Thread.run(Thread.java:748)
17) test26(org.joda.time.chrono.GJChronology_ESTest)
java.lang.NullPointerException
	at org.joda.time.chrono.GJChronology.assemble(GJChronology.java:500)
	at org.joda.time.chrono.GJChronology_ESTest.test26(GJChronology_ESTest.java:373)
	at sun.reflect.NativeMethodAccessorImpl.invoke0(Native Method)
	at sun.reflect.NativeMethodAccessorImpl.invoke(NativeMethodAccessorImpl.java:62)
	at sun.reflect.DelegatingMethodAccessorImpl.invoke(DelegatingMethodAccessorImpl.java:43)
	at java.lang.reflect.Method.invoke(Method.java:498)
	at org.junit.runners.model.FrameworkMethod$1.runReflectiveCall(FrameworkMethod.java:50)
	at org.junit.internal.runners.model.ReflectiveCallable.run(ReflectiveCallable.java:12)
	at org.junit.runners.model.FrameworkMethod.invokeExplosively(FrameworkMethod.java:47)
	at org.junit.internal.runners.statements.InvokeMethod.evaluate(InvokeMethod.java:17)
	at org.junit.internal.runners.statements.FailOnTimeout$CallableStatement.call(FailOnTimeout.java:298)
	at org.junit.internal.runners.statements.FailOnTimeout$CallableStatement.call(FailOnTimeout.java:292)
	at java.util.concurrent.FutureTask.run(FutureTask.java:266)
	at java.lang.Thread.run(Thread.java:748)
18) test27(org.joda.time.chrono.GJChronology_ESTest)
org.joda.time.IllegalFieldValueException: Value 37 for hourOfDay must be in the range [0,23]
	at org.joda.time.field.FieldUtils.verifyValueBounds(FieldUtils.java:238)
	at org.joda.time.chrono.BasicChronology.getDateTimeMillis(BasicChronology.java:172)
	at org.joda.time.chrono.GregorianChronology.getDateTimeMillis(GregorianChronology.java:45)
	at org.joda.time.chrono.GJChronology.getDateTimeMillis(GJChronology.java:365)
	at org.joda.time.chrono.GJChronology_ESTest.test27(GJChronology_ESTest.java:388)
	at sun.reflect.NativeMethodAccessorImpl.invoke0(Native Method)
	at sun.reflect.NativeMethodAccessorImpl.invoke(NativeMethodAccessorImpl.java:62)
	at sun.reflect.DelegatingMethodAccessorImpl.invoke(DelegatingMethodAccessorImpl.java:43)
	at java.lang.reflect.Method.invoke(Method.java:498)
	at org.junit.runners.model.FrameworkMethod$1.runReflectiveCall(FrameworkMethod.java:50)
	at org.junit.internal.runners.model.ReflectiveCallable.run(ReflectiveCallable.java:12)
	at org.junit.runners.model.FrameworkMethod.invokeExplosively(FrameworkMethod.java:47)
	at org.junit.internal.runners.statements.InvokeMethod.evaluate(InvokeMethod.java:17)
	at org.junit.internal.runners.statements.FailOnTimeout$CallableStatement.call(FailOnTimeout.java:298)
	at org.junit.internal.runners.statements.FailOnTimeout$CallableStatement.call(FailOnTimeout.java:292)
	at java.util.concurrent.FutureTask.run(FutureTask.java:266)
	at java.lang.Thread.run(Thread.java:748)
19) test31(org.joda.time.chrono.GJChronology_ESTest)
org.evosuite.runtime.mock.java.lang.MockIllegalArgumentException: Invalid min days in first week: 0
	at org.joda.time.chrono.JulianChronology.getInstance(JulianChronology.java:138)
	at org.joda.time.chrono.GJChronology.getInstance(GJChronology.java:216)
	at org.joda.time.chrono.GJChronology.getInstance(GJChronology.java:220)
	at org.joda.time.chrono.GJChronology_ESTest.test31(GJChronology_ESTest.java:445)
	at sun.reflect.NativeMethodAccessorImpl.invoke0(Native Method)
	at sun.reflect.NativeMethodAccessorImpl.invoke(NativeMethodAccessorImpl.java:62)
	at sun.reflect.DelegatingMethodAccessorImpl.invoke(DelegatingMethodAccessorImpl.java:43)
	at java.lang.reflect.Method.invoke(Method.java:498)
	at org.junit.runners.model.FrameworkMethod$1.runReflectiveCall(FrameworkMethod.java:50)
	at org.junit.internal.runners.model.ReflectiveCallable.run(ReflectiveCallable.java:12)
	at org.junit.runners.model.FrameworkMethod.invokeExplosively(FrameworkMethod.java:47)
	at org.junit.internal.runners.statements.InvokeMethod.evaluate(InvokeMethod.java:17)
	at org.junit.internal.runners.statements.FailOnTimeout$CallableStatement.call(FailOnTimeout.java:298)
	at org.junit.internal.runners.statements.FailOnTimeout$CallableStatement.call(FailOnTimeout.java:292)
	at java.util.concurrent.FutureTask.run(FutureTask.java:266)
	at java.lang.Thread.run(Thread.java:748)
20) test35(org.joda.time.chrono.GJChronology_ESTest)
IllegalArgumentException: The resulting instant is below the supported minimum of 0001-01-01T00:00:00.000Z (BuddhistChronology[UTC])
	at org.joda.time.chrono.LimitChronology.checkLimits(LimitChronology.java:286)
	at org.joda.time.chrono.LimitChronology$LimitDurationField.add(LimitChronology.java:425)
	at org.joda.time.chrono.BaseChronology.add(BaseChronology.java:305)
	at org.joda.time.DateTime.withPeriodAdded(DateTime.java:893)
	at org.joda.time.DateTime.minus(DateTime.java:1238)
	at org.joda.time.chrono.GJChronology_ESTest.test35(GJChronology_ESTest.java:496)
	at sun.reflect.NativeMethodAccessorImpl.invoke0(Native Method)
	at sun.reflect.NativeMethodAccessorImpl.invoke(NativeMethodAccessorImpl.java:62)
	at sun.reflect.DelegatingMethodAccessorImpl.invoke(DelegatingMethodAccessorImpl.java:43)
	at java.lang.reflect.Method.invoke(Method.java:498)
	at org.junit.runners.model.FrameworkMethod$1.runReflectiveCall(FrameworkMethod.java:50)
	at org.junit.internal.runners.model.ReflectiveCallable.run(ReflectiveCallable.java:12)
	at org.junit.runners.model.FrameworkMethod.invokeExplosively(FrameworkMethod.java:47)
	at org.junit.internal.runners.statements.InvokeMethod.evaluate(InvokeMethod.java:17)
	at org.junit.internal.runners.statements.FailOnTimeout$CallableStatement.call(FailOnTimeout.java:298)
	at org.junit.internal.runners.statements.FailOnTimeout$CallableStatement.call(FailOnTimeout.java:292)
	at java.util.concurrent.FutureTask.run(FutureTask.java:266)
	at java.lang.Thread.run(Thread.java:748)

FAILURES!!!
Tests run: 74,  Failures: 20

