JUnit version 3.8.2
.E.E.E.E.E.....E.E.E..
Time: 29.727
There were 8 failures:
1) test08(org.apache.commons.jxpath.ri.axes.UnionContext_ESTest)
java.lang.NullPointerException
	at org.apache.commons.jxpath.ri.axes.UnionContext.getDocumentOrder(UnionContext.java:42)
	at org.apache.commons.jxpath.ri.axes.UnionContext_ESTest.test08(UnionContext_ESTest.java:257)
	at sun.reflect.NativeMethodAccessorImpl.invoke0(Native Method)
	at sun.reflect.NativeMethodAccessorImpl.invoke(NativeMethodAccessorImpl.java:62)
	at sun.reflect.DelegatingMethodAccessorImpl.invoke(DelegatingMethodAccessorImpl.java:43)
	at java.lang.reflect.Method.invoke(Method.java:498)
	at org.junit.runners.model.FrameworkMethod$1.runReflectiveCall(FrameworkMethod.java:50)
	at org.junit.internal.runners.model.ReflectiveCallable.run(ReflectiveCallable.java:12)
	at org.junit.runners.model.FrameworkMethod.invokeExplosively(FrameworkMethod.java:47)
	at org.junit.internal.runners.statements.InvokeMethod.evaluate(InvokeMethod.java:17)
	at org.junit.internal.runners.statements.FailOnTimeout$CallableStatement.call(FailOnTimeout.java:298)
	at org.junit.internal.runners.statements.FailOnTimeout$CallableStatement.call(FailOnTimeout.java:292)
	at java.util.concurrent.FutureTask.run(FutureTask.java:266)
	at java.lang.Thread.run(Thread.java:748)
2) test09(org.apache.commons.jxpath.ri.axes.UnionContext_ESTest)
java.lang.NullPointerException
	at org.apache.commons.jxpath.ri.axes.UnionContext.setPosition(UnionContext.java:52)
	at org.apache.commons.jxpath.ri.axes.UnionContext_ESTest.test09(UnionContext_ESTest.java:285)
	at sun.reflect.NativeMethodAccessorImpl.invoke0(Native Method)
	at sun.reflect.NativeMethodAccessorImpl.invoke(NativeMethodAccessorImpl.java:62)
	at sun.reflect.DelegatingMethodAccessorImpl.invoke(DelegatingMethodAccessorImpl.java:43)
	at java.lang.reflect.Method.invoke(Method.java:498)
	at org.junit.runners.model.FrameworkMethod$1.runReflectiveCall(FrameworkMethod.java:50)
	at org.junit.internal.runners.model.ReflectiveCallable.run(ReflectiveCallable.java:12)
	at org.junit.runners.model.FrameworkMethod.invokeExplosively(FrameworkMethod.java:47)
	at org.junit.internal.runners.statements.InvokeMethod.evaluate(InvokeMethod.java:17)
	at org.junit.internal.runners.statements.FailOnTimeout$CallableStatement.call(FailOnTimeout.java:298)
	at org.junit.internal.runners.statements.FailOnTimeout$CallableStatement.call(FailOnTimeout.java:292)
	at java.util.concurrent.FutureTask.run(FutureTask.java:266)
	at java.lang.Thread.run(Thread.java:748)
3) test06(org.apache.commons.jxpath.ri.axes.UnionContext_ESTest)
org.evosuite.runtime.mock.java.lang.MockIllegalArgumentException: No such variable: ':'
	at org.apache.commons.jxpath.BasicVariables.getVariable(BasicVariables.java:61)
	at org.apache.commons.jxpath.ri.model.VariablePointer.getBaseValue(VariablePointer.java:68)
	at org.apache.commons.jxpath.ri.model.VariablePointer.getLength(VariablePointer.java:132)
	at org.apache.commons.jxpath.ri.axes.InitialContext.setPosition(InitialContext.java:65)
	at org.apache.commons.jxpath.ri.axes.InitialContext.nextNode(InitialContext.java:59)
	at org.apache.commons.jxpath.ri.axes.UnionContext.setPosition(UnionContext.java:53)
	at org.apache.commons.jxpath.ri.axes.UnionContext_ESTest.test06(UnionContext_ESTest.java:212)
	at sun.reflect.NativeMethodAccessorImpl.invoke0(Native Method)
	at sun.reflect.NativeMethodAccessorImpl.invoke(NativeMethodAccessorImpl.java:62)
	at sun.reflect.DelegatingMethodAccessorImpl.invoke(DelegatingMethodAccessorImpl.java:43)
	at java.lang.reflect.Method.invoke(Method.java:498)
	at org.junit.runners.model.FrameworkMethod$1.runReflectiveCall(FrameworkMethod.java:50)
	at org.junit.internal.runners.model.ReflectiveCallable.run(ReflectiveCallable.java:12)
	at org.junit.runners.model.FrameworkMethod.invokeExplosively(FrameworkMethod.java:47)
	at org.junit.internal.runners.statements.InvokeMethod.evaluate(InvokeMethod.java:17)
	at org.junit.internal.runners.statements.FailOnTimeout$CallableStatement.call(FailOnTimeout.java:298)
	at org.junit.internal.runners.statements.FailOnTimeout$CallableStatement.call(FailOnTimeout.java:292)
	at java.util.concurrent.FutureTask.run(FutureTask.java:266)
	at java.lang.Thread.run(Thread.java:748)
4) test07(org.apache.commons.jxpath.ri.axes.UnionContext_ESTest)
java.lang.ArrayIndexOutOfBoundsException: -802
	at java.util.ArrayList.elementData(ArrayList.java:424)
	at java.util.ArrayList.get(ArrayList.java:437)
	at java.util.Collections$UnmodifiableList.get(Collections.java:1311)
	at org.apache.commons.jxpath.ri.axes.NodeSetContext.getCurrentNodePointer(NodeSetContext.java:48)
	at org.apache.commons.jxpath.ri.axes.PrecedingOrFollowingContext.nextNode(PrecedingOrFollowingContext.java:81)
	at org.apache.commons.jxpath.ri.EvalContext.nextSet(EvalContext.java:319)
	at org.apache.commons.jxpath.ri.axes.UnionContext.setPosition(UnionContext.java:52)
	at org.apache.commons.jxpath.ri.axes.UnionContext_ESTest.test07(UnionContext_ESTest.java:240)
	at sun.reflect.NativeMethodAccessorImpl.invoke0(Native Method)
	at sun.reflect.NativeMethodAccessorImpl.invoke(NativeMethodAccessorImpl.java:62)
	at sun.reflect.DelegatingMethodAccessorImpl.invoke(DelegatingMethodAccessorImpl.java:43)
	at java.lang.reflect.Method.invoke(Method.java:498)
	at org.junit.runners.model.FrameworkMethod$1.runReflectiveCall(FrameworkMethod.java:50)
	at org.junit.internal.runners.model.ReflectiveCallable.run(ReflectiveCallable.java:12)
	at org.junit.runners.model.FrameworkMethod.invokeExplosively(FrameworkMethod.java:47)
	at org.junit.internal.runners.statements.InvokeMethod.evaluate(InvokeMethod.java:17)
	at org.junit.internal.runners.statements.FailOnTimeout$CallableStatement.call(FailOnTimeout.java:298)
	at org.junit.internal.runners.statements.FailOnTimeout$CallableStatement.call(FailOnTimeout.java:292)
	at java.util.concurrent.FutureTask.run(FutureTask.java:266)
	at java.lang.Thread.run(Thread.java:748)
5) test00(org.apache.commons.jxpath.ri.axes.UnionContext_ESTest)
java.lang.NullPointerException
	at org.apache.commons.jxpath.ri.compiler.Path.buildContextChain(Path.java:231)
	at org.apache.commons.jxpath.ri.compiler.Path.evalSteps(Path.java:216)
	at org.apache.commons.jxpath.ri.compiler.ExpressionPath.expressionPath(ExpressionPath.java:183)
	at org.apache.commons.jxpath.ri.compiler.ExpressionPath.compute(ExpressionPath.java:126)
	at org.apache.commons.jxpath.ri.compiler.CoreOperationRelationalExpression.computeValue(CoreOperationRelationalExpression.java:42)
	at org.apache.commons.jxpath.ri.axes.PredicateContext.nextNode(PredicateContext.java:82)
	at org.apache.commons.jxpath.ri.axes.UnionContext.setPosition(UnionContext.java:53)
	at org.apache.commons.jxpath.ri.axes.NodeSetContext.nextNode(NodeSetContext.java:65)
	at org.apache.commons.jxpath.ri.axes.UnionContext_ESTest.test00(UnionContext_ESTest.java:67)
	at sun.reflect.NativeMethodAccessorImpl.invoke0(Native Method)
	at sun.reflect.NativeMethodAccessorImpl.invoke(NativeMethodAccessorImpl.java:62)
	at sun.reflect.DelegatingMethodAccessorImpl.invoke(DelegatingMethodAccessorImpl.java:43)
	at java.lang.reflect.Method.invoke(Method.java:498)
	at org.junit.runners.model.FrameworkMethod$1.runReflectiveCall(FrameworkMethod.java:50)
	at org.junit.internal.runners.model.ReflectiveCallable.run(ReflectiveCallable.java:12)
	at org.junit.runners.model.FrameworkMethod.invokeExplosively(FrameworkMethod.java:47)
	at org.junit.internal.runners.statements.InvokeMethod.evaluate(InvokeMethod.java:17)
	at org.junit.internal.runners.statements.FailOnTimeout$CallableStatement.call(FailOnTimeout.java:298)
	at org.junit.internal.runners.statements.FailOnTimeout$CallableStatement.call(FailOnTimeout.java:292)
	at java.util.concurrent.FutureTask.run(FutureTask.java:266)
	at java.lang.Thread.run(Thread.java:748)
6) test04(org.apache.commons.jxpath.ri.axes.UnionContext_ESTest)
java.lang.UnsupportedOperationException
	at org.apache.commons.jxpath.ri.axes.RootContext.nextSet(RootContext.java:82)
	at org.apache.commons.jxpath.ri.axes.UnionContext.setPosition(UnionContext.java:52)
	at org.apache.commons.jxpath.ri.axes.UnionContext_ESTest.test04(UnionContext_ESTest.java:161)
	at sun.reflect.NativeMethodAccessorImpl.invoke0(Native Method)
	at sun.reflect.NativeMethodAccessorImpl.invoke(NativeMethodAccessorImpl.java:62)
	at sun.reflect.DelegatingMethodAccessorImpl.invoke(DelegatingMethodAccessorImpl.java:43)
	at java.lang.reflect.Method.invoke(Method.java:498)
	at org.junit.runners.model.FrameworkMethod$1.runReflectiveCall(FrameworkMethod.java:50)
	at org.junit.internal.runners.model.ReflectiveCallable.run(ReflectiveCallable.java:12)
	at org.junit.runners.model.FrameworkMethod.invokeExplosively(FrameworkMethod.java:47)
	at org.junit.internal.runners.statements.InvokeMethod.evaluate(InvokeMethod.java:17)
	at org.junit.internal.runners.statements.FailOnTimeout$CallableStatement.call(FailOnTimeout.java:298)
	at org.junit.internal.runners.statements.FailOnTimeout$CallableStatement.call(FailOnTimeout.java:292)
	at java.util.concurrent.FutureTask.run(FutureTask.java:266)
	at java.lang.Thread.run(Thread.java:748)
7) test05(org.apache.commons.jxpath.ri.axes.UnionContext_ESTest)
java.lang.IndexOutOfBoundsException: Index: 0, Size: 0
	at java.util.ArrayList.rangeCheck(ArrayList.java:659)
	at java.util.ArrayList.get(ArrayList.java:435)
	at java.util.Collections$UnmodifiableList.get(Collections.java:1311)
	at org.apache.commons.jxpath.ri.axes.NodeSetContext.getCurrentNodePointer(NodeSetContext.java:48)
	at org.apache.commons.jxpath.ri.axes.PrecedingOrFollowingContext.nextNode(PrecedingOrFollowingContext.java:81)
	at org.apache.commons.jxpath.ri.EvalContext.nextSet(EvalContext.java:319)
	at org.apache.commons.jxpath.ri.axes.UnionContext.setPosition(UnionContext.java:52)
	at org.apache.commons.jxpath.ri.axes.UnionContext_ESTest.test05(UnionContext_ESTest.java:188)
	at sun.reflect.NativeMethodAccessorImpl.invoke0(Native Method)
	at sun.reflect.NativeMethodAccessorImpl.invoke(NativeMethodAccessorImpl.java:62)
	at sun.reflect.DelegatingMethodAccessorImpl.invoke(DelegatingMethodAccessorImpl.java:43)
	at java.lang.reflect.Method.invoke(Method.java:498)
	at org.junit.runners.model.FrameworkMethod$1.runReflectiveCall(FrameworkMethod.java:50)
	at org.junit.internal.runners.model.ReflectiveCallable.run(ReflectiveCallable.java:12)
	at org.junit.runners.model.FrameworkMethod.invokeExplosively(FrameworkMethod.java:47)
	at org.junit.internal.runners.statements.InvokeMethod.evaluate(InvokeMethod.java:17)
	at org.junit.internal.runners.statements.FailOnTimeout$CallableStatement.call(FailOnTimeout.java:298)
	at org.junit.internal.runners.statements.FailOnTimeout$CallableStatement.call(FailOnTimeout.java:292)
	at java.util.concurrent.FutureTask.run(FutureTask.java:266)
	at java.lang.Thread.run(Thread.java:748)
8) test02(org.apache.commons.jxpath.ri.axes.UnionContext_ESTest)
org.apache.commons.jxpath.JXPathException: Undefined variable: org.apache.commons.jxpat.ri.JXPathComiledExpresion:?+/|#' (3>ot
	at org.apache.commons.jxpath.ri.model.VariablePointer$1.getImmediateNode(VariablePointer.java:121)
	at org.apache.commons.jxpath.ri.model.NodePointer.getNode(NodePointer.java:300)
	at org.apache.commons.jxpath.ri.model.NodePointer.getValue(NodePointer.java:220)
	at org.apache.commons.jxpath.ri.model.NodePointer.getValue(NodePointer.java:217)
	at org.apache.commons.jxpath.ri.InfoSetUtil.doubleValue(InfoSetUtil.java:116)
	at org.apache.commons.jxpath.ri.InfoSetUtil.doubleValue(InfoSetUtil.java:121)
	at org.apache.commons.jxpath.ri.compiler.CoreOperationSubtract.computeValue(CoreOperationSubtract.java:35)
	at org.apache.commons.jxpath.ri.compiler.CoreOperation.compute(CoreOperation.java:35)
	at org.apache.commons.jxpath.ri.compiler.CoreOperationCompare.equal(CoreOperationCompare.java:68)
	at org.apache.commons.jxpath.ri.compiler.CoreOperationCompare.computeValue(CoreOperationCompare.java:49)
	at org.apache.commons.jxpath.ri.axes.PredicateContext.nextNode(PredicateContext.java:82)
	at org.apache.commons.jxpath.ri.EvalContext.nextSet(EvalContext.java:310)
	at org.apache.commons.jxpath.ri.axes.UnionContext.setPosition(UnionContext.java:52)
	at org.apache.commons.jxpath.ri.axes.UnionContext_ESTest.test02(UnionContext_ESTest.java:121)
	at sun.reflect.NativeMethodAccessorImpl.invoke0(Native Method)
	at sun.reflect.NativeMethodAccessorImpl.invoke(NativeMethodAccessorImpl.java:62)
	at sun.reflect.DelegatingMethodAccessorImpl.invoke(DelegatingMethodAccessorImpl.java:43)
	at java.lang.reflect.Method.invoke(Method.java:498)
	at org.junit.runners.model.FrameworkMethod$1.runReflectiveCall(FrameworkMethod.java:50)
	at org.junit.internal.runners.model.ReflectiveCallable.run(ReflectiveCallable.java:12)
	at org.junit.runners.model.FrameworkMethod.invokeExplosively(FrameworkMethod.java:47)
	at org.junit.internal.runners.statements.InvokeMethod.evaluate(InvokeMethod.java:17)
	at org.junit.internal.runners.statements.FailOnTimeout$CallableStatement.call(FailOnTimeout.java:298)
	at org.junit.internal.runners.statements.FailOnTimeout$CallableStatement.call(FailOnTimeout.java:292)
	at java.util.concurrent.FutureTask.run(FutureTask.java:266)
	at java.lang.Thread.run(Thread.java:748)

FAILURES!!!
Tests run: 14,  Failures: 8

