JUnit version 3.8.1
.E.E...............E...E....E..E...E..E..E........E.................E..........E...............E..E......E..E..E..E..E.....E.........E.E.E.E.E..E.E..E.E.E..E.E.E..E.E.E.E.E.E.E.E.E.E.E...E....E.E.E.E.E
Time: 2.641
There were 50 failures:
1) test067(org.apache.commons.jxpath.ri.model.dom.DOMNodePointer_ESTest)
java.lang.NullPointerException
	at org.apache.commons.jxpath.ri.model.dom.DOMAttributeIterator.<init>(DOMAttributeIterator.java:52)
	at org.apache.commons.jxpath.ri.model.dom.DOMNodePointer.attributeIterator(DOMNodePointer.java:204)
	at org.apache.commons.jxpath.ri.model.dom.DOMNodePointer_ESTest.test067(DOMNodePointer_ESTest.java:1029)
	at sun.reflect.NativeMethodAccessorImpl.invoke0(Native Method)
	at sun.reflect.NativeMethodAccessorImpl.invoke(NativeMethodAccessorImpl.java:62)
	at sun.reflect.DelegatingMethodAccessorImpl.invoke(DelegatingMethodAccessorImpl.java:43)
	at java.lang.reflect.Method.invoke(Method.java:498)
	at org.junit.runners.model.FrameworkMethod$1.runReflectiveCall(FrameworkMethod.java:50)
	at org.junit.internal.runners.model.ReflectiveCallable.run(ReflectiveCallable.java:12)
	at org.junit.runners.model.FrameworkMethod.invokeExplosively(FrameworkMethod.java:47)
	at org.junit.internal.runners.statements.InvokeMethod.evaluate(InvokeMethod.java:17)
	at org.junit.internal.runners.statements.FailOnTimeout$CallableStatement.call(FailOnTimeout.java:298)
	at org.junit.internal.runners.statements.FailOnTimeout$CallableStatement.call(FailOnTimeout.java:292)
	at java.util.concurrent.FutureTask.run(FutureTask.java:266)
	at java.lang.Thread.run(Thread.java:748)
2) test100(org.apache.commons.jxpath.ri.model.dom.DOMNodePointer_ESTest)
org.apache.commons.jxpath.JXPathException: Unknown namespace prefix: <<unknown namespace>>
	at org.apache.commons.jxpath.ri.model.dom.DOMNodePointer.createAttribute(DOMNodePointer.java:463)
	at org.apache.commons.jxpath.ri.model.dom.DOMNodePointer_ESTest.test100(DOMNodePointer_ESTest.java:1404)
	at sun.reflect.NativeMethodAccessorImpl.invoke0(Native Method)
	at sun.reflect.NativeMethodAccessorImpl.invoke(NativeMethodAccessorImpl.java:62)
	at sun.reflect.DelegatingMethodAccessorImpl.invoke(DelegatingMethodAccessorImpl.java:43)
	at java.lang.reflect.Method.invoke(Method.java:498)
	at org.junit.runners.model.FrameworkMethod$1.runReflectiveCall(FrameworkMethod.java:50)
	at org.junit.internal.runners.model.ReflectiveCallable.run(ReflectiveCallable.java:12)
	at org.junit.runners.model.FrameworkMethod.invokeExplosively(FrameworkMethod.java:47)
	at org.junit.internal.runners.statements.InvokeMethod.evaluate(InvokeMethod.java:17)
	at org.junit.internal.runners.statements.FailOnTimeout$CallableStatement.call(FailOnTimeout.java:298)
	at org.junit.internal.runners.statements.FailOnTimeout$CallableStatement.call(FailOnTimeout.java:292)
	at java.util.concurrent.FutureTask.run(FutureTask.java:266)
	at java.lang.Thread.run(Thread.java:748)
3) test110(org.apache.commons.jxpath.ri.model.dom.DOMNodePointer_ESTest)
java.lang.NullPointerException
	at org.apache.commons.jxpath.ri.model.dom.DOMNodePointer.setValue(DOMNodePointer.java:379)
	at org.apache.commons.jxpath.ri.model.dom.DOMNodePointer_ESTest.test110(DOMNodePointer_ESTest.java:1550)
	at sun.reflect.NativeMethodAccessorImpl.invoke0(Native Method)
	at sun.reflect.NativeMethodAccessorImpl.invoke(NativeMethodAccessorImpl.java:62)
	at sun.reflect.DelegatingMethodAccessorImpl.invoke(DelegatingMethodAccessorImpl.java:43)
	at java.lang.reflect.Method.invoke(Method.java:498)
	at org.junit.runners.model.FrameworkMethod$1.runReflectiveCall(FrameworkMethod.java:50)
	at org.junit.internal.runners.model.ReflectiveCallable.run(ReflectiveCallable.java:12)
	at org.junit.runners.model.FrameworkMethod.invokeExplosively(FrameworkMethod.java:47)
	at org.junit.internal.runners.statements.InvokeMethod.evaluate(InvokeMethod.java:17)
	at org.junit.internal.runners.statements.FailOnTimeout$CallableStatement.call(FailOnTimeout.java:298)
	at org.junit.internal.runners.statements.FailOnTimeout$CallableStatement.call(FailOnTimeout.java:292)
	at java.util.concurrent.FutureTask.run(FutureTask.java:266)
	at java.lang.Thread.run(Thread.java:748)
4) test074(org.apache.commons.jxpath.ri.model.dom.DOMNodePointer_ESTest)
java.lang.NullPointerException
	at org.apache.commons.jxpath.ri.model.dom.DOMNodePointer.getPointerByID(DOMNodePointer.java:744)
	at org.apache.commons.jxpath.ri.model.dom.DOMNodePointer_ESTest.test074(DOMNodePointer_ESTest.java:1111)
	at sun.reflect.NativeMethodAccessorImpl.invoke0(Native Method)
	at sun.reflect.NativeMethodAccessorImpl.invoke(NativeMethodAccessorImpl.java:62)
	at sun.reflect.DelegatingMethodAccessorImpl.invoke(DelegatingMethodAccessorImpl.java:43)
	at java.lang.reflect.Method.invoke(Method.java:498)
	at org.junit.runners.model.FrameworkMethod$1.runReflectiveCall(FrameworkMethod.java:50)
	at org.junit.internal.runners.model.ReflectiveCallable.run(ReflectiveCallable.java:12)
	at org.junit.runners.model.FrameworkMethod.invokeExplosively(FrameworkMethod.java:47)
	at org.junit.internal.runners.statements.InvokeMethod.evaluate(InvokeMethod.java:17)
	at org.junit.internal.runners.statements.FailOnTimeout$CallableStatement.call(FailOnTimeout.java:298)
	at org.junit.internal.runners.statements.FailOnTimeout$CallableStatement.call(FailOnTimeout.java:292)
	at java.util.concurrent.FutureTask.run(FutureTask.java:266)
	at java.lang.Thread.run(Thread.java:748)
5) test108(org.apache.commons.jxpath.ri.model.dom.DOMNodePointer_ESTest)
java.lang.NullPointerException
	at org.apache.commons.jxpath.ri.model.dom.DOMNodePointer.setValue(DOMNodePointer.java:379)
	at org.apache.commons.jxpath.ri.model.dom.DOMNodePointer_ESTest.test108(DOMNodePointer_ESTest.java:1523)
	at sun.reflect.NativeMethodAccessorImpl.invoke0(Native Method)
	at sun.reflect.NativeMethodAccessorImpl.invoke(NativeMethodAccessorImpl.java:62)
	at sun.reflect.DelegatingMethodAccessorImpl.invoke(DelegatingMethodAccessorImpl.java:43)
	at java.lang.reflect.Method.invoke(Method.java:498)
	at org.junit.runners.model.FrameworkMethod$1.runReflectiveCall(FrameworkMethod.java:50)
	at org.junit.internal.runners.model.ReflectiveCallable.run(ReflectiveCallable.java:12)
	at org.junit.runners.model.FrameworkMethod.invokeExplosively(FrameworkMethod.java:47)
	at org.junit.internal.runners.statements.InvokeMethod.evaluate(InvokeMethod.java:17)
	at org.junit.internal.runners.statements.FailOnTimeout$CallableStatement.call(FailOnTimeout.java:298)
	at org.junit.internal.runners.statements.FailOnTimeout$CallableStatement.call(FailOnTimeout.java:292)
	at java.util.concurrent.FutureTask.run(FutureTask.java:266)
	at java.lang.Thread.run(Thread.java:748)
6) test106(org.apache.commons.jxpath.ri.model.dom.DOMNodePointer_ESTest)
org.w3c.dom.DOMException: HIERARCHY_REQUEST_ERR: An attempt was made to insert a node where it is not permitted. 
	at org.apache.xerces.dom.ParentNode.internalInsertBefore(Unknown Source)
	at org.apache.xerces.dom.ParentNode.insertBefore(Unknown Source)
	at org.apache.xerces.dom.NodeImpl.appendChild(Unknown Source)
	at org.apache.html.dom.HTMLDocumentImpl.getDocumentElement(Unknown Source)
	at org.apache.commons.jxpath.ri.model.dom.DOMNodePointer.getDefaultNamespaceURI(DOMNodePointer.java:278)
	at org.apache.commons.jxpath.ri.model.dom.DOMNodePointer_ESTest.test106(DOMNodePointer_ESTest.java:1495)
	at sun.reflect.NativeMethodAccessorImpl.invoke0(Native Method)
	at sun.reflect.NativeMethodAccessorImpl.invoke(NativeMethodAccessorImpl.java:62)
	at sun.reflect.DelegatingMethodAccessorImpl.invoke(DelegatingMethodAccessorImpl.java:43)
	at java.lang.reflect.Method.invoke(Method.java:498)
	at org.junit.runners.model.FrameworkMethod$1.runReflectiveCall(FrameworkMethod.java:50)
	at org.junit.internal.runners.model.ReflectiveCallable.run(ReflectiveCallable.java:12)
	at org.junit.runners.model.FrameworkMethod.invokeExplosively(FrameworkMethod.java:47)
	at org.junit.internal.runners.statements.InvokeMethod.evaluate(InvokeMethod.java:17)
	at org.junit.internal.runners.statements.FailOnTimeout$CallableStatement.call(FailOnTimeout.java:298)
	at org.junit.internal.runners.statements.FailOnTimeout$CallableStatement.call(FailOnTimeout.java:292)
	at java.util.concurrent.FutureTask.run(FutureTask.java:266)
	at java.lang.Thread.run(Thread.java:748)
7) test103(org.apache.commons.jxpath.ri.model.dom.DOMNodePointer_ESTest)
java.lang.NullPointerException
	at org.apache.commons.jxpath.ri.model.dom.DOMNodePointer.setValue(DOMNodePointer.java:407)
	at org.apache.commons.jxpath.ri.model.dom.DOMNodePointer_ESTest.test103(DOMNodePointer_ESTest.java:1457)
	at sun.reflect.NativeMethodAccessorImpl.invoke0(Native Method)
	at sun.reflect.NativeMethodAccessorImpl.invoke(NativeMethodAccessorImpl.java:62)
	at sun.reflect.DelegatingMethodAccessorImpl.invoke(DelegatingMethodAccessorImpl.java:43)
	at java.lang.reflect.Method.invoke(Method.java:498)
	at org.junit.runners.model.FrameworkMethod$1.runReflectiveCall(FrameworkMethod.java:50)
	at org.junit.internal.runners.model.ReflectiveCallable.run(ReflectiveCallable.java:12)
	at org.junit.runners.model.FrameworkMethod.invokeExplosively(FrameworkMethod.java:47)
	at org.junit.internal.runners.statements.InvokeMethod.evaluate(InvokeMethod.java:17)
	at org.junit.internal.runners.statements.FailOnTimeout$CallableStatement.call(FailOnTimeout.java:298)
	at org.junit.internal.runners.statements.FailOnTimeout$CallableStatement.call(FailOnTimeout.java:292)
	at java.util.concurrent.FutureTask.run(FutureTask.java:266)
	at java.lang.Thread.run(Thread.java:748)
8) test102(org.apache.commons.jxpath.ri.model.dom.DOMNodePointer_ESTest)
java.lang.NullPointerException
	at org.apache.commons.jxpath.ri.model.dom.DOMNodePointer.asPath(DOMNodePointer.java:495)
	at org.apache.commons.jxpath.ri.model.NodePointer.getAbstractFactory(NodePointer.java:880)
	at org.apache.commons.jxpath.ri.model.dom.DOMNodePointer.createChild(DOMNodePointer.java:419)
	at org.apache.commons.jxpath.ri.model.dom.DOMNodePointer_ESTest.test102(DOMNodePointer_ESTest.java:1439)
	at sun.reflect.NativeMethodAccessorImpl.invoke0(Native Method)
	at sun.reflect.NativeMethodAccessorImpl.invoke(NativeMethodAccessorImpl.java:62)
	at sun.reflect.DelegatingMethodAccessorImpl.invoke(DelegatingMethodAccessorImpl.java:43)
	at java.lang.reflect.Method.invoke(Method.java:498)
	at org.junit.runners.model.FrameworkMethod$1.runReflectiveCall(FrameworkMethod.java:50)
	at org.junit.internal.runners.model.ReflectiveCallable.run(ReflectiveCallable.java:12)
	at org.junit.runners.model.FrameworkMethod.invokeExplosively(FrameworkMethod.java:47)
	at org.junit.internal.runners.statements.InvokeMethod.evaluate(InvokeMethod.java:17)
	at org.junit.internal.runners.statements.FailOnTimeout$CallableStatement.call(FailOnTimeout.java:298)
	at org.junit.internal.runners.statements.FailOnTimeout$CallableStatement.call(FailOnTimeout.java:292)
	at java.util.concurrent.FutureTask.run(FutureTask.java:266)
	at java.lang.Thread.run(Thread.java:748)
9) test101(org.apache.commons.jxpath.ri.model.dom.DOMNodePointer_ESTest)
java.lang.NullPointerException
	at org.apache.commons.jxpath.ri.model.dom.DOMNodePointer.asPath(DOMNodePointer.java:495)
	at org.apache.commons.jxpath.ri.model.NodePointer.createAttribute(NodePointer.java:519)
	at org.apache.commons.jxpath.ri.model.dom.DOMNodePointer.createAttribute(DOMNodePointer.java:452)
	at org.apache.commons.jxpath.ri.model.dom.DOMNodePointer_ESTest.test101(DOMNodePointer_ESTest.java:1422)
	at sun.reflect.NativeMethodAccessorImpl.invoke0(Native Method)
	at sun.reflect.NativeMethodAccessorImpl.invoke(NativeMethodAccessorImpl.java:62)
	at sun.reflect.DelegatingMethodAccessorImpl.invoke(DelegatingMethodAccessorImpl.java:43)
	at java.lang.reflect.Method.invoke(Method.java:498)
	at org.junit.runners.model.FrameworkMethod$1.runReflectiveCall(FrameworkMethod.java:50)
	at org.junit.internal.runners.model.ReflectiveCallable.run(ReflectiveCallable.java:12)
	at org.junit.runners.model.FrameworkMethod.invokeExplosively(FrameworkMethod.java:47)
	at org.junit.internal.runners.statements.InvokeMethod.evaluate(InvokeMethod.java:17)
	at org.junit.internal.runners.statements.FailOnTimeout$CallableStatement.call(FailOnTimeout.java:298)
	at org.junit.internal.runners.statements.FailOnTimeout$CallableStatement.call(FailOnTimeout.java:292)
	at java.util.concurrent.FutureTask.run(FutureTask.java:266)
	at java.lang.Thread.run(Thread.java:748)
10) test088(org.apache.commons.jxpath.ri.model.dom.DOMNodePointer_ESTest)
org.apache.commons.jxpath.JXPathException: Factory is not set on the JXPathContext - cannot create path: $:+/node()[1]
	at org.apache.commons.jxpath.ri.model.NodePointer.getAbstractFactory(NodePointer.java:880)
	at org.apache.commons.jxpath.ri.model.dom.DOMNodePointer.createChild(DOMNodePointer.java:419)
	at org.apache.commons.jxpath.ri.model.dom.DOMNodePointer_ESTest.test088(DOMNodePointer_ESTest.java:1272)
	at sun.reflect.NativeMethodAccessorImpl.invoke0(Native Method)
	at sun.reflect.NativeMethodAccessorImpl.invoke(NativeMethodAccessorImpl.java:62)
	at sun.reflect.DelegatingMethodAccessorImpl.invoke(DelegatingMethodAccessorImpl.java:43)
	at java.lang.reflect.Method.invoke(Method.java:498)
	at org.junit.runners.model.FrameworkMethod$1.runReflectiveCall(FrameworkMethod.java:50)
	at org.junit.internal.runners.model.ReflectiveCallable.run(ReflectiveCallable.java:12)
	at org.junit.runners.model.FrameworkMethod.invokeExplosively(FrameworkMethod.java:47)
	at org.junit.internal.runners.statements.InvokeMethod.evaluate(InvokeMethod.java:17)
	at org.junit.internal.runners.statements.FailOnTimeout$CallableStatement.call(FailOnTimeout.java:298)
	at org.junit.internal.runners.statements.FailOnTimeout$CallableStatement.call(FailOnTimeout.java:292)
	at java.util.concurrent.FutureTask.run(FutureTask.java:266)
	at java.lang.Thread.run(Thread.java:748)
11) test112(org.apache.commons.jxpath.ri.model.dom.DOMNodePointer_ESTest)
java.lang.NullPointerException
	at org.apache.xerces.dom.ElementImpl.synchronizeData(Unknown Source)
	at org.apache.xerces.dom.ElementImpl.getAttribute(Unknown Source)
	at org.apache.html.dom.HTMLElementImpl.getAttribute(Unknown Source)
	at org.apache.commons.jxpath.ri.model.dom.DOMNodePointer.findEnclosingAttribute(DOMNodePointer.java:346)
	at org.apache.commons.jxpath.ri.model.dom.DOMNodePointer_ESTest.test112(DOMNodePointer_ESTest.java:1574)
	at sun.reflect.NativeMethodAccessorImpl.invoke0(Native Method)
	at sun.reflect.NativeMethodAccessorImpl.invoke(NativeMethodAccessorImpl.java:62)
	at sun.reflect.DelegatingMethodAccessorImpl.invoke(DelegatingMethodAccessorImpl.java:43)
	at java.lang.reflect.Method.invoke(Method.java:498)
	at org.junit.runners.model.FrameworkMethod$1.runReflectiveCall(FrameworkMethod.java:50)
	at org.junit.internal.runners.model.ReflectiveCallable.run(ReflectiveCallable.java:12)
	at org.junit.runners.model.FrameworkMethod.invokeExplosively(FrameworkMethod.java:47)
	at org.junit.internal.runners.statements.InvokeMethod.evaluate(InvokeMethod.java:17)
	at org.junit.internal.runners.statements.FailOnTimeout$CallableStatement.call(FailOnTimeout.java:298)
	at org.junit.internal.runners.statements.FailOnTimeout$CallableStatement.call(FailOnTimeout.java:292)
	at java.util.concurrent.FutureTask.run(FutureTask.java:266)
	at java.lang.Thread.run(Thread.java:748)
12) test098(org.apache.commons.jxpath.ri.model.dom.DOMNodePointer_ESTest)
org.apache.commons.jxpath.JXPathException: Cannot remove root DOM node
	at org.apache.commons.jxpath.ri.model.dom.DOMNodePointer.remove(DOMNodePointer.java:481)
	at org.apache.commons.jxpath.ri.model.dom.DOMNodePointer_ESTest.test098(DOMNodePointer_ESTest.java:1374)
	at sun.reflect.NativeMethodAccessorImpl.invoke0(Native Method)
	at sun.reflect.NativeMethodAccessorImpl.invoke(NativeMethodAccessorImpl.java:62)
	at sun.reflect.DelegatingMethodAccessorImpl.invoke(DelegatingMethodAccessorImpl.java:43)
	at java.lang.reflect.Method.invoke(Method.java:498)
	at org.junit.runners.model.FrameworkMethod$1.runReflectiveCall(FrameworkMethod.java:50)
	at org.junit.internal.runners.model.ReflectiveCallable.run(ReflectiveCallable.java:12)
	at org.junit.runners.model.FrameworkMethod.invokeExplosively(FrameworkMethod.java:47)
	at org.junit.internal.runners.statements.InvokeMethod.evaluate(InvokeMethod.java:17)
	at org.junit.internal.runners.statements.FailOnTimeout$CallableStatement.call(FailOnTimeout.java:298)
	at org.junit.internal.runners.statements.FailOnTimeout$CallableStatement.call(FailOnTimeout.java:292)
	at java.util.concurrent.FutureTask.run(FutureTask.java:266)
	at java.lang.Thread.run(Thread.java:748)
13) test005(org.apache.commons.jxpath.ri.model.dom.DOMNodePointer_ESTest)
org.w3c.dom.DOMException: WRONG_DOCUMENT_ERR: A node is used in a different document than the one that created it.
	at org.apache.xerces.dom.ParentNode.internalInsertBefore(Unknown Source)
	at org.apache.xerces.dom.ParentNode.insertBefore(Unknown Source)
	at org.apache.xerces.dom.NodeImpl.appendChild(Unknown Source)
	at org.apache.commons.jxpath.ri.model.dom.DOMNodePointer.setValue(DOMNodePointer.java:397)
	at org.apache.commons.jxpath.ri.model.dom.DOMNodePointer_ESTest.test005(DOMNodePointer_ESTest.java:158)
	at sun.reflect.NativeMethodAccessorImpl.invoke0(Native Method)
	at sun.reflect.NativeMethodAccessorImpl.invoke(NativeMethodAccessorImpl.java:62)
	at sun.reflect.DelegatingMethodAccessorImpl.invoke(DelegatingMethodAccessorImpl.java:43)
	at java.lang.reflect.Method.invoke(Method.java:498)
	at org.junit.runners.model.FrameworkMethod$1.runReflectiveCall(FrameworkMethod.java:50)
	at org.junit.internal.runners.model.ReflectiveCallable.run(ReflectiveCallable.java:12)
	at org.junit.runners.model.FrameworkMethod.invokeExplosively(FrameworkMethod.java:47)
	at org.junit.internal.runners.statements.InvokeMethod.evaluate(InvokeMethod.java:17)
	at org.junit.internal.runners.statements.FailOnTimeout$CallableStatement.call(FailOnTimeout.java:298)
	at org.junit.internal.runners.statements.FailOnTimeout$CallableStatement.call(FailOnTimeout.java:292)
	at java.util.concurrent.FutureTask.run(FutureTask.java:266)
	at java.lang.Thread.run(Thread.java:748)
14) test004(org.apache.commons.jxpath.ri.model.dom.DOMNodePointer_ESTest)
org.w3c.dom.DOMException: NAMESPACE_ERR: An attempt is made to create or change an object in a way which is incorrect with regard to namespaces.
	at org.apache.xerces.dom.CoreDocumentImpl.checkNamespaceWF(Unknown Source)
	at org.apache.xerces.dom.AttrNSImpl.setName(Unknown Source)
	at org.apache.xerces.dom.AttrNSImpl.<init>(Unknown Source)
	at org.apache.xerces.dom.CoreDocumentImpl.createAttributeNS(Unknown Source)
	at org.apache.xerces.dom.ElementImpl.setAttributeNS(Unknown Source)
	at org.apache.commons.jxpath.ri.model.dom.DOMNodePointer.createAttribute(DOMNodePointer.java:466)
	at org.apache.commons.jxpath.ri.model.dom.DOMNodePointer_ESTest.test004(DOMNodePointer_ESTest.java:136)
	at sun.reflect.NativeMethodAccessorImpl.invoke0(Native Method)
	at sun.reflect.NativeMethodAccessorImpl.invoke(NativeMethodAccessorImpl.java:62)
	at sun.reflect.DelegatingMethodAccessorImpl.invoke(DelegatingMethodAccessorImpl.java:43)
	at java.lang.reflect.Method.invoke(Method.java:498)
	at org.junit.runners.model.FrameworkMethod$1.runReflectiveCall(FrameworkMethod.java:50)
	at org.junit.internal.runners.model.ReflectiveCallable.run(ReflectiveCallable.java:12)
	at org.junit.runners.model.FrameworkMethod.invokeExplosively(FrameworkMethod.java:47)
	at org.junit.internal.runners.statements.InvokeMethod.evaluate(InvokeMethod.java:17)
	at org.junit.internal.runners.statements.FailOnTimeout$CallableStatement.call(FailOnTimeout.java:298)
	at org.junit.internal.runners.statements.FailOnTimeout$CallableStatement.call(FailOnTimeout.java:292)
	at java.util.concurrent.FutureTask.run(FutureTask.java:266)
	at java.lang.Thread.run(Thread.java:748)
15) test023(org.apache.commons.jxpath.ri.model.dom.DOMNodePointer_ESTest)
org.evosuite.runtime.mock.java.lang.MockIllegalArgumentException: No such variable: 'http://www.w3.org/XML/1998/namespace:java.util.Locale@0000000004'
	at org.apache.commons.jxpath.BasicVariables.getVariable(BasicVariables.java:62)
	at org.apache.commons.jxpath.ri.model.VariablePointer.getBaseValue(VariablePointer.java:79)
	at org.apache.commons.jxpath.ri.model.VariablePointer.getImmediateNode(VariablePointer.java:93)
	at org.apache.commons.jxpath.ri.model.VariablePointer.getImmediateValuePointer(VariablePointer.java:125)
	at org.apache.commons.jxpath.ri.model.NodePointer.getValuePointer(NodePointer.java:303)
	at org.apache.commons.jxpath.ri.model.NodePointer.getValue(NodePointer.java:276)
	at org.apache.commons.jxpath.util.BasicTypeConverter.convert(BasicTypeConverter.java:237)
	at org.apache.commons.jxpath.util.TypeUtils.convert(TypeUtils.java:77)
	at org.apache.commons.jxpath.ri.model.dom.DOMNodePointer.setValue(DOMNodePointer.java:405)
	at org.apache.commons.jxpath.ri.model.dom.DOMNodePointer_ESTest.test023(DOMNodePointer_ESTest.java:369)
	at sun.reflect.NativeMethodAccessorImpl.invoke0(Native Method)
	at sun.reflect.NativeMethodAccessorImpl.invoke(NativeMethodAccessorImpl.java:62)
	at sun.reflect.DelegatingMethodAccessorImpl.invoke(DelegatingMethodAccessorImpl.java:43)
	at java.lang.reflect.Method.invoke(Method.java:498)
	at org.junit.runners.model.FrameworkMethod$1.runReflectiveCall(FrameworkMethod.java:50)
	at org.junit.internal.runners.model.ReflectiveCallable.run(ReflectiveCallable.java:12)
	at org.junit.runners.model.FrameworkMethod.invokeExplosively(FrameworkMethod.java:47)
	at org.junit.internal.runners.statements.InvokeMethod.evaluate(InvokeMethod.java:17)
	at org.junit.internal.runners.statements.FailOnTimeout$CallableStatement.call(FailOnTimeout.java:298)
	at org.junit.internal.runners.statements.FailOnTimeout$CallableStatement.call(FailOnTimeout.java:292)
	at java.util.concurrent.FutureTask.run(FutureTask.java:266)
	at java.lang.Thread.run(Thread.java:748)
16) test022(org.apache.commons.jxpath.ri.model.dom.DOMNodePointer_ESTest)
org.apache.commons.jxpath.JXPathException: Undefined variable: '&M
	at org.apache.commons.jxpath.ri.model.VariablePointer$1.getImmediateNode(VariablePointer.java:132)
	at org.apache.commons.jxpath.ri.model.NodePointer.getNode(NodePointer.java:366)
	at org.apache.commons.jxpath.ri.model.NodePointer.getValue(NodePointer.java:281)
	at org.apache.commons.jxpath.ri.model.NodePointer.getValue(NodePointer.java:278)
	at org.apache.commons.jxpath.util.BasicTypeConverter.convert(BasicTypeConverter.java:237)
	at org.apache.commons.jxpath.util.TypeUtils.convert(TypeUtils.java:77)
	at org.apache.commons.jxpath.ri.model.dom.DOMNodePointer.setValue(DOMNodePointer.java:405)
	at org.apache.commons.jxpath.ri.model.dom.DOMNodePointer_ESTest.test022(DOMNodePointer_ESTest.java:348)
	at sun.reflect.NativeMethodAccessorImpl.invoke0(Native Method)
	at sun.reflect.NativeMethodAccessorImpl.invoke(NativeMethodAccessorImpl.java:62)
	at sun.reflect.DelegatingMethodAccessorImpl.invoke(DelegatingMethodAccessorImpl.java:43)
	at java.lang.reflect.Method.invoke(Method.java:498)
	at org.junit.runners.model.FrameworkMethod$1.runReflectiveCall(FrameworkMethod.java:50)
	at org.junit.internal.runners.model.ReflectiveCallable.run(ReflectiveCallable.java:12)
	at org.junit.runners.model.FrameworkMethod.invokeExplosively(FrameworkMethod.java:47)
	at org.junit.internal.runners.statements.InvokeMethod.evaluate(InvokeMethod.java:17)
	at org.junit.internal.runners.statements.FailOnTimeout$CallableStatement.call(FailOnTimeout.java:298)
	at org.junit.internal.runners.statements.FailOnTimeout$CallableStatement.call(FailOnTimeout.java:292)
	at java.util.concurrent.FutureTask.run(FutureTask.java:266)
	at java.lang.Thread.run(Thread.java:748)
17) test021(org.apache.commons.jxpath.ri.model.dom.DOMNodePointer_ESTest)
org.w3c.dom.DOMException: HIERARCHY_REQUEST_ERR: An attempt was made to insert a node where it is not permitted. 
	at org.apache.xerces.dom.ParentNode.internalInsertBefore(Unknown Source)
	at org.apache.xerces.dom.ParentNode.insertBefore(Unknown Source)
	at org.apache.xerces.dom.CoreDocumentImpl.insertBefore(Unknown Source)
	at org.apache.xerces.dom.NodeImpl.appendChild(Unknown Source)
	at org.apache.commons.jxpath.ri.model.dom.DOMNodePointer.setValue(DOMNodePointer.java:401)
	at org.apache.commons.jxpath.ri.model.dom.DOMNodePointer_ESTest.test021(DOMNodePointer_ESTest.java:329)
	at sun.reflect.NativeMethodAccessorImpl.invoke0(Native Method)
	at sun.reflect.NativeMethodAccessorImpl.invoke(NativeMethodAccessorImpl.java:62)
	at sun.reflect.DelegatingMethodAccessorImpl.invoke(DelegatingMethodAccessorImpl.java:43)
	at java.lang.reflect.Method.invoke(Method.java:498)
	at org.junit.runners.model.FrameworkMethod$1.runReflectiveCall(FrameworkMethod.java:50)
	at org.junit.internal.runners.model.ReflectiveCallable.run(ReflectiveCallable.java:12)
	at org.junit.runners.model.FrameworkMethod.invokeExplosively(FrameworkMethod.java:47)
	at org.junit.internal.runners.statements.InvokeMethod.evaluate(InvokeMethod.java:17)
	at org.junit.internal.runners.statements.FailOnTimeout$CallableStatement.call(FailOnTimeout.java:298)
	at org.junit.internal.runners.statements.FailOnTimeout$CallableStatement.call(FailOnTimeout.java:292)
	at java.util.concurrent.FutureTask.run(FutureTask.java:266)
	at java.lang.Thread.run(Thread.java:748)
18) test020(org.apache.commons.jxpath.ri.model.dom.DOMNodePointer_ESTest)
java.lang.NullPointerException
	at org.apache.commons.jxpath.ri.model.dom.DOMNodePointer.testNode(DOMNodePointer.java:141)
	at org.apache.commons.jxpath.ri.model.dom.DOMNodePointer.testNode(DOMNodePointer.java:105)
	at org.apache.commons.jxpath.ri.model.dom.DOMNodePointer_ESTest.test020(DOMNodePointer_ESTest.java:310)
	at sun.reflect.NativeMethodAccessorImpl.invoke0(Native Method)
	at sun.reflect.NativeMethodAccessorImpl.invoke(NativeMethodAccessorImpl.java:62)
	at sun.reflect.DelegatingMethodAccessorImpl.invoke(DelegatingMethodAccessorImpl.java:43)
	at java.lang.reflect.Method.invoke(Method.java:498)
	at org.junit.runners.model.FrameworkMethod$1.runReflectiveCall(FrameworkMethod.java:50)
	at org.junit.internal.runners.model.ReflectiveCallable.run(ReflectiveCallable.java:12)
	at org.junit.runners.model.FrameworkMethod.invokeExplosively(FrameworkMethod.java:47)
	at org.junit.internal.runners.statements.InvokeMethod.evaluate(InvokeMethod.java:17)
	at org.junit.internal.runners.statements.FailOnTimeout$CallableStatement.call(FailOnTimeout.java:298)
	at org.junit.internal.runners.statements.FailOnTimeout$CallableStatement.call(FailOnTimeout.java:292)
	at java.util.concurrent.FutureTask.run(FutureTask.java:266)
	at java.lang.Thread.run(Thread.java:748)
19) test140(org.apache.commons.jxpath.ri.model.dom.DOMNodePointer_ESTest)
java.lang.NullPointerException
	at org.apache.commons.jxpath.ri.model.dom.DOMNamespaceIterator.collectNamespaces(DOMNamespaceIterator.java:56)
	at org.apache.commons.jxpath.ri.model.dom.DOMNamespaceIterator.<init>(DOMNamespaceIterator.java:47)
	at org.apache.commons.jxpath.ri.model.dom.DOMNodePointer.namespaceIterator(DOMNodePointer.java:212)
	at org.apache.commons.jxpath.ri.model.dom.DOMNodePointer_ESTest.test140(DOMNodePointer_ESTest.java:1847)
	at sun.reflect.NativeMethodAccessorImpl.invoke0(Native Method)
	at sun.reflect.NativeMethodAccessorImpl.invoke(NativeMethodAccessorImpl.java:62)
	at sun.reflect.DelegatingMethodAccessorImpl.invoke(DelegatingMethodAccessorImpl.java:43)
	at java.lang.reflect.Method.invoke(Method.java:498)
	at org.junit.runners.model.FrameworkMethod$1.runReflectiveCall(FrameworkMethod.java:50)
	at org.junit.internal.runners.model.ReflectiveCallable.run(ReflectiveCallable.java:12)
	at org.junit.runners.model.FrameworkMethod.invokeExplosively(FrameworkMethod.java:47)
	at org.junit.internal.runners.statements.InvokeMethod.evaluate(InvokeMethod.java:17)
	at org.junit.internal.runners.statements.FailOnTimeout$CallableStatement.call(FailOnTimeout.java:298)
	at org.junit.internal.runners.statements.FailOnTimeout$CallableStatement.call(FailOnTimeout.java:292)
	at java.util.concurrent.FutureTask.run(FutureTask.java:266)
	at java.lang.Thread.run(Thread.java:748)
20) test138(org.apache.commons.jxpath.ri.model.dom.DOMNodePointer_ESTest)
java.lang.NullPointerException
	at org.apache.commons.jxpath.ri.model.dom.DOMNodePointer.testNode(DOMNodePointer.java:141)
	at org.apache.commons.jxpath.ri.model.dom.DOMNodePointer_ESTest.test138(DOMNodePointer_ESTest.java:1820)
	at sun.reflect.NativeMethodAccessorImpl.invoke0(Native Method)
	at sun.reflect.NativeMethodAccessorImpl.invoke(NativeMethodAccessorImpl.java:62)
	at sun.reflect.DelegatingMethodAccessorImpl.invoke(DelegatingMethodAccessorImpl.java:43)
	at java.lang.reflect.Method.invoke(Method.java:498)
	at org.junit.runners.model.FrameworkMethod$1.runReflectiveCall(FrameworkMethod.java:50)
	at org.junit.internal.runners.model.ReflectiveCallable.run(ReflectiveCallable.java:12)
	at org.junit.runners.model.FrameworkMethod.invokeExplosively(FrameworkMethod.java:47)
	at org.junit.internal.runners.statements.InvokeMethod.evaluate(InvokeMethod.java:17)
	at org.junit.internal.runners.statements.FailOnTimeout$CallableStatement.call(FailOnTimeout.java:298)
	at org.junit.internal.runners.statements.FailOnTimeout$CallableStatement.call(FailOnTimeout.java:292)
	at java.util.concurrent.FutureTask.run(FutureTask.java:266)
	at java.lang.Thread.run(Thread.java:748)
21) test034(org.apache.commons.jxpath.ri.model.dom.DOMNodePointer_ESTest)
java.lang.ClassCastException: org.apache.xerces.dom.TextImpl cannot be cast to org.w3c.dom.Element
	at org.apache.commons.jxpath.ri.model.dom.DOMNodePointer.getNamespaceURI(DOMNodePointer.java:677)
	at org.apache.commons.jxpath.ri.model.dom.DOMNodePointer.getNamespaceURI(DOMNodePointer.java:195)
	at org.apache.commons.jxpath.ri.model.dom.DOMNodePointer_ESTest.test034(DOMNodePointer_ESTest.java:557)
	at sun.reflect.NativeMethodAccessorImpl.invoke0(Native Method)
	at sun.reflect.NativeMethodAccessorImpl.invoke(NativeMethodAccessorImpl.java:62)
	at sun.reflect.DelegatingMethodAccessorImpl.invoke(DelegatingMethodAccessorImpl.java:43)
	at java.lang.reflect.Method.invoke(Method.java:498)
	at org.junit.runners.model.FrameworkMethod$1.runReflectiveCall(FrameworkMethod.java:50)
	at org.junit.internal.runners.model.ReflectiveCallable.run(ReflectiveCallable.java:12)
	at org.junit.runners.model.FrameworkMethod.invokeExplosively(FrameworkMethod.java:47)
	at org.junit.internal.runners.statements.InvokeMethod.evaluate(InvokeMethod.java:17)
	at org.junit.internal.runners.statements.FailOnTimeout$CallableStatement.call(FailOnTimeout.java:298)
	at org.junit.internal.runners.statements.FailOnTimeout$CallableStatement.call(FailOnTimeout.java:292)
	at java.util.concurrent.FutureTask.run(FutureTask.java:266)
	at java.lang.Thread.run(Thread.java:748)
22) test033(org.apache.commons.jxpath.ri.model.dom.DOMNodePointer_ESTest)
java.lang.NullPointerException
	at org.apache.commons.jxpath.ri.model.dom.DOMNodePointer.getNamespaceURI(DOMNodePointer.java:679)
	at org.apache.commons.jxpath.ri.model.dom.DOMNodePointer.getNamespaceURI(DOMNodePointer.java:195)
	at org.apache.commons.jxpath.ri.model.dom.DOMNodePointer_ESTest.test033(DOMNodePointer_ESTest.java:539)
	at sun.reflect.NativeMethodAccessorImpl.invoke0(Native Method)
	at sun.reflect.NativeMethodAccessorImpl.invoke(NativeMethodAccessorImpl.java:62)
	at sun.reflect.DelegatingMethodAccessorImpl.invoke(DelegatingMethodAccessorImpl.java:43)
	at java.lang.reflect.Method.invoke(Method.java:498)
	at org.junit.runners.model.FrameworkMethod$1.runReflectiveCall(FrameworkMethod.java:50)
	at org.junit.internal.runners.model.ReflectiveCallable.run(ReflectiveCallable.java:12)
	at org.junit.runners.model.FrameworkMethod.invokeExplosively(FrameworkMethod.java:47)
	at org.junit.internal.runners.statements.InvokeMethod.evaluate(InvokeMethod.java:17)
	at org.junit.internal.runners.statements.FailOnTimeout$CallableStatement.call(FailOnTimeout.java:298)
	at org.junit.internal.runners.statements.FailOnTimeout$CallableStatement.call(FailOnTimeout.java:292)
	at java.util.concurrent.FutureTask.run(FutureTask.java:266)
	at java.lang.Thread.run(Thread.java:748)
23) test032(org.apache.commons.jxpath.ri.model.dom.DOMNodePointer_ESTest)
java.lang.NullPointerException
	at org.apache.xerces.dom.DeferredDocumentImpl.clearChunkIndex(Unknown Source)
	at org.apache.xerces.dom.DeferredDocumentImpl.getNodeType(Unknown Source)
	at org.apache.xerces.dom.DeferredDocumentImpl.getNodeType(Unknown Source)
	at org.apache.xerces.dom.DeferredDocumentImpl.synchronizeChildren(Unknown Source)
	at org.apache.xerces.dom.CoreDocumentImpl.getDocumentElement(Unknown Source)
	at org.apache.commons.jxpath.ri.model.dom.DOMNodePointer.getNamespaceURI(DOMNodePointer.java:248)
	at org.apache.commons.jxpath.ri.model.dom.DOMNodePointer_ESTest.test032(DOMNodePointer_ESTest.java:523)
	at sun.reflect.NativeMethodAccessorImpl.invoke0(Native Method)
	at sun.reflect.NativeMethodAccessorImpl.invoke(NativeMethodAccessorImpl.java:62)
	at sun.reflect.DelegatingMethodAccessorImpl.invoke(DelegatingMethodAccessorImpl.java:43)
	at java.lang.reflect.Method.invoke(Method.java:498)
	at org.junit.runners.model.FrameworkMethod$1.runReflectiveCall(FrameworkMethod.java:50)
	at org.junit.internal.runners.model.ReflectiveCallable.run(ReflectiveCallable.java:12)
	at org.junit.runners.model.FrameworkMethod.invokeExplosively(FrameworkMethod.java:47)
	at org.junit.internal.runners.statements.InvokeMethod.evaluate(InvokeMethod.java:17)
	at org.junit.internal.runners.statements.FailOnTimeout$CallableStatement.call(FailOnTimeout.java:298)
	at org.junit.internal.runners.statements.FailOnTimeout$CallableStatement.call(FailOnTimeout.java:292)
	at java.util.concurrent.FutureTask.run(FutureTask.java:266)
	at java.lang.Thread.run(Thread.java:748)
24) test031(org.apache.commons.jxpath.ri.model.dom.DOMNodePointer_ESTest)
org.w3c.dom.DOMException: NO_MODIFICATION_ALLOWED_ERR: An attempt is made to modify an object where modifications are not allowed.
	at org.apache.xerces.dom.ParentNode.internalInsertBefore(Unknown Source)
	at org.apache.xerces.dom.ParentNode.insertBefore(Unknown Source)
	at org.apache.xerces.dom.CoreDocumentImpl.insertBefore(Unknown Source)
	at org.apache.xerces.dom.NodeImpl.appendChild(Unknown Source)
	at org.apache.html.dom.HTMLDocumentImpl.getDocumentElement(Unknown Source)
	at org.apache.commons.jxpath.ri.model.dom.DOMNodePointer.getNamespaceURI(DOMNodePointer.java:248)
	at org.apache.commons.jxpath.ri.model.dom.DOMNodePointer_ESTest.test031(DOMNodePointer_ESTest.java:505)
	at sun.reflect.NativeMethodAccessorImpl.invoke0(Native Method)
	at sun.reflect.NativeMethodAccessorImpl.invoke(NativeMethodAccessorImpl.java:62)
	at sun.reflect.DelegatingMethodAccessorImpl.invoke(DelegatingMethodAccessorImpl.java:43)
	at java.lang.reflect.Method.invoke(Method.java:498)
	at org.junit.runners.model.FrameworkMethod$1.runReflectiveCall(FrameworkMethod.java:50)
	at org.junit.internal.runners.model.ReflectiveCallable.run(ReflectiveCallable.java:12)
	at org.junit.runners.model.FrameworkMethod.invokeExplosively(FrameworkMethod.java:47)
	at org.junit.internal.runners.statements.InvokeMethod.evaluate(InvokeMethod.java:17)
	at org.junit.internal.runners.statements.FailOnTimeout$CallableStatement.call(FailOnTimeout.java:298)
	at org.junit.internal.runners.statements.FailOnTimeout$CallableStatement.call(FailOnTimeout.java:292)
	at java.util.concurrent.FutureTask.run(FutureTask.java:266)
	at java.lang.Thread.run(Thread.java:748)
25) test030(org.apache.commons.jxpath.ri.model.dom.DOMNodePointer_ESTest)
java.lang.ClassCastException: org.apache.xerces.dom.TextImpl cannot be cast to org.w3c.dom.Element
	at org.apache.commons.jxpath.ri.model.dom.DOMNodePointer.getNamespaceURI(DOMNodePointer.java:677)
	at org.apache.commons.jxpath.ri.model.dom.DOMNodePointer_ESTest.test030(DOMNodePointer_ESTest.java:486)
	at sun.reflect.NativeMethodAccessorImpl.invoke0(Native Method)
	at sun.reflect.NativeMethodAccessorImpl.invoke(NativeMethodAccessorImpl.java:62)
	at sun.reflect.DelegatingMethodAccessorImpl.invoke(DelegatingMethodAccessorImpl.java:43)
	at java.lang.reflect.Method.invoke(Method.java:498)
	at org.junit.runners.model.FrameworkMethod$1.runReflectiveCall(FrameworkMethod.java:50)
	at org.junit.internal.runners.model.ReflectiveCallable.run(ReflectiveCallable.java:12)
	at org.junit.runners.model.FrameworkMethod.invokeExplosively(FrameworkMethod.java:47)
	at org.junit.internal.runners.statements.InvokeMethod.evaluate(InvokeMethod.java:17)
	at org.junit.internal.runners.statements.FailOnTimeout$CallableStatement.call(FailOnTimeout.java:298)
	at org.junit.internal.runners.statements.FailOnTimeout$CallableStatement.call(FailOnTimeout.java:292)
	at java.util.concurrent.FutureTask.run(FutureTask.java:266)
	at java.lang.Thread.run(Thread.java:748)
26) test029(org.apache.commons.jxpath.ri.model.dom.DOMNodePointer_ESTest)
org.w3c.dom.DOMException: NO_MODIFICATION_ALLOWED_ERR: An attempt is made to modify an object where modifications are not allowed.
	at org.apache.xerces.dom.ParentNode.internalInsertBefore(Unknown Source)
	at org.apache.xerces.dom.ParentNode.insertBefore(Unknown Source)
	at org.apache.xerces.dom.CoreDocumentImpl.insertBefore(Unknown Source)
	at org.apache.xerces.dom.NodeImpl.appendChild(Unknown Source)
	at org.apache.html.dom.HTMLDocumentImpl.getDocumentElement(Unknown Source)
	at org.apache.commons.jxpath.ri.model.dom.DOMNodePointer.getNamespaceURI(DOMNodePointer.java:674)
	at org.apache.commons.jxpath.ri.model.dom.DOMNodePointer_ESTest.test029(DOMNodePointer_ESTest.java:470)
	at sun.reflect.NativeMethodAccessorImpl.invoke0(Native Method)
	at sun.reflect.NativeMethodAccessorImpl.invoke(NativeMethodAccessorImpl.java:62)
	at sun.reflect.DelegatingMethodAccessorImpl.invoke(DelegatingMethodAccessorImpl.java:43)
	at java.lang.reflect.Method.invoke(Method.java:498)
	at org.junit.runners.model.FrameworkMethod$1.runReflectiveCall(FrameworkMethod.java:50)
	at org.junit.internal.runners.model.ReflectiveCallable.run(ReflectiveCallable.java:12)
	at org.junit.runners.model.FrameworkMethod.invokeExplosively(FrameworkMethod.java:47)
	at org.junit.internal.runners.statements.InvokeMethod.evaluate(InvokeMethod.java:17)
	at org.junit.internal.runners.statements.FailOnTimeout$CallableStatement.call(FailOnTimeout.java:298)
	at org.junit.internal.runners.statements.FailOnTimeout$CallableStatement.call(FailOnTimeout.java:292)
	at java.util.concurrent.FutureTask.run(FutureTask.java:266)
	at java.lang.Thread.run(Thread.java:748)
27) test028(org.apache.commons.jxpath.ri.model.dom.DOMNodePointer_ESTest)
java.lang.NullPointerException
	at org.apache.commons.jxpath.ri.model.dom.DOMNodePointer.getPrefix(DOMNodePointer.java:641)
	at org.apache.commons.jxpath.ri.model.dom.DOMNodePointer_ESTest.test028(DOMNodePointer_ESTest.java:453)
	at sun.reflect.NativeMethodAccessorImpl.invoke0(Native Method)
	at sun.reflect.NativeMethodAccessorImpl.invoke(NativeMethodAccessorImpl.java:62)
	at sun.reflect.DelegatingMethodAccessorImpl.invoke(DelegatingMethodAccessorImpl.java:43)
	at java.lang.reflect.Method.invoke(Method.java:498)
	at org.junit.runners.model.FrameworkMethod$1.runReflectiveCall(FrameworkMethod.java:50)
	at org.junit.internal.runners.model.ReflectiveCallable.run(ReflectiveCallable.java:12)
	at org.junit.runners.model.FrameworkMethod.invokeExplosively(FrameworkMethod.java:47)
	at org.junit.internal.runners.statements.InvokeMethod.evaluate(InvokeMethod.java:17)
	at org.junit.internal.runners.statements.FailOnTimeout$CallableStatement.call(FailOnTimeout.java:298)
	at org.junit.internal.runners.statements.FailOnTimeout$CallableStatement.call(FailOnTimeout.java:292)
	at java.util.concurrent.FutureTask.run(FutureTask.java:266)
	at java.lang.Thread.run(Thread.java:748)
28) test027(org.apache.commons.jxpath.ri.model.dom.DOMNodePointer_ESTest)
java.lang.NullPointerException
	at org.apache.commons.jxpath.ri.model.dom.DOMNodePointer.isLeaf(DOMNodePointer.java:319)
	at org.apache.commons.jxpath.ri.model.dom.DOMNodePointer_ESTest.test027(DOMNodePointer_ESTest.java:438)
	at sun.reflect.NativeMethodAccessorImpl.invoke0(Native Method)
	at sun.reflect.NativeMethodAccessorImpl.invoke(NativeMethodAccessorImpl.java:62)
	at sun.reflect.DelegatingMethodAccessorImpl.invoke(DelegatingMethodAccessorImpl.java:43)
	at java.lang.reflect.Method.invoke(Method.java:498)
	at org.junit.runners.model.FrameworkMethod$1.runReflectiveCall(FrameworkMethod.java:50)
	at org.junit.internal.runners.model.ReflectiveCallable.run(ReflectiveCallable.java:12)
	at org.junit.runners.model.FrameworkMethod.invokeExplosively(FrameworkMethod.java:47)
	at org.junit.internal.runners.statements.InvokeMethod.evaluate(InvokeMethod.java:17)
	at org.junit.internal.runners.statements.FailOnTimeout$CallableStatement.call(FailOnTimeout.java:298)
	at org.junit.internal.runners.statements.FailOnTimeout$CallableStatement.call(FailOnTimeout.java:292)
	at java.util.concurrent.FutureTask.run(FutureTask.java:266)
	at java.lang.Thread.run(Thread.java:748)
29) test148(org.apache.commons.jxpath.ri.model.dom.DOMNodePointer_ESTest)
java.lang.NullPointerException
	at org.apache.commons.jxpath.ri.model.NodePointer.isLanguage(NodePointer.java:544)
	at org.apache.commons.jxpath.ri.model.dom.DOMNodePointer.isLanguage(DOMNodePointer.java:331)
	at org.apache.commons.jxpath.ri.model.dom.DOMNodePointer_ESTest.test148(DOMNodePointer_ESTest.java:1936)
	at sun.reflect.NativeMethodAccessorImpl.invoke0(Native Method)
	at sun.reflect.NativeMethodAccessorImpl.invoke(NativeMethodAccessorImpl.java:62)
	at sun.reflect.DelegatingMethodAccessorImpl.invoke(DelegatingMethodAccessorImpl.java:43)
	at java.lang.reflect.Method.invoke(Method.java:498)
	at org.junit.runners.model.FrameworkMethod$1.runReflectiveCall(FrameworkMethod.java:50)
	at org.junit.internal.runners.model.ReflectiveCallable.run(ReflectiveCallable.java:12)
	at org.junit.runners.model.FrameworkMethod.invokeExplosively(FrameworkMethod.java:47)
	at org.junit.internal.runners.statements.InvokeMethod.evaluate(InvokeMethod.java:17)
	at org.junit.internal.runners.statements.FailOnTimeout$CallableStatement.call(FailOnTimeout.java:298)
	at org.junit.internal.runners.statements.FailOnTimeout$CallableStatement.call(FailOnTimeout.java:292)
	at java.util.concurrent.FutureTask.run(FutureTask.java:266)
	at java.lang.Thread.run(Thread.java:748)
30) test026(org.apache.commons.jxpath.ri.model.dom.DOMNodePointer_ESTest)
java.lang.NullPointerException
	at org.apache.commons.jxpath.ri.model.dom.DOMNodePointer.remove(DOMNodePointer.java:479)
	at org.apache.commons.jxpath.ri.model.dom.DOMNodePointer_ESTest.test026(DOMNodePointer_ESTest.java:422)
	at sun.reflect.NativeMethodAccessorImpl.invoke0(Native Method)
	at sun.reflect.NativeMethodAccessorImpl.invoke(NativeMethodAccessorImpl.java:62)
	at sun.reflect.DelegatingMethodAccessorImpl.invoke(DelegatingMethodAccessorImpl.java:43)
	at java.lang.reflect.Method.invoke(Method.java:498)
	at org.junit.runners.model.FrameworkMethod$1.runReflectiveCall(FrameworkMethod.java:50)
	at org.junit.internal.runners.model.ReflectiveCallable.run(ReflectiveCallable.java:12)
	at org.junit.runners.model.FrameworkMethod.invokeExplosively(FrameworkMethod.java:47)
	at org.junit.internal.runners.statements.InvokeMethod.evaluate(InvokeMethod.java:17)
	at org.junit.internal.runners.statements.FailOnTimeout$CallableStatement.call(FailOnTimeout.java:298)
	at org.junit.internal.runners.statements.FailOnTimeout$CallableStatement.call(FailOnTimeout.java:292)
	at java.util.concurrent.FutureTask.run(FutureTask.java:266)
	at java.lang.Thread.run(Thread.java:748)
31) test025(org.apache.commons.jxpath.ri.model.dom.DOMNodePointer_ESTest)
java.lang.ArrayIndexOutOfBoundsException: 21
	at org.apache.xerces.dom.CoreDocumentImpl.isKidOK(Unknown Source)
	at org.apache.xerces.dom.ParentNode.internalInsertBefore(Unknown Source)
	at org.apache.xerces.dom.ParentNode.insertBefore(Unknown Source)
	at org.apache.xerces.dom.NodeImpl.appendChild(Unknown Source)
	at org.apache.commons.jxpath.ri.model.dom.DOMNodePointer.setValue(DOMNodePointer.java:401)
	at org.apache.commons.jxpath.ri.model.dom.DOMNodePointer_ESTest.test025(DOMNodePointer_ESTest.java:407)
	at sun.reflect.NativeMethodAccessorImpl.invoke0(Native Method)
	at sun.reflect.NativeMethodAccessorImpl.invoke(NativeMethodAccessorImpl.java:62)
	at sun.reflect.DelegatingMethodAccessorImpl.invoke(DelegatingMethodAccessorImpl.java:43)
	at java.lang.reflect.Method.invoke(Method.java:498)
	at org.junit.runners.model.FrameworkMethod$1.runReflectiveCall(FrameworkMethod.java:50)
	at org.junit.internal.runners.model.ReflectiveCallable.run(ReflectiveCallable.java:12)
	at org.junit.runners.model.FrameworkMethod.invokeExplosively(FrameworkMethod.java:47)
	at org.junit.internal.runners.statements.InvokeMethod.evaluate(InvokeMethod.java:17)
	at org.junit.internal.runners.statements.FailOnTimeout$CallableStatement.call(FailOnTimeout.java:298)
	at org.junit.internal.runners.statements.FailOnTimeout$CallableStatement.call(FailOnTimeout.java:292)
	at java.util.concurrent.FutureTask.run(FutureTask.java:266)
	at java.lang.Thread.run(Thread.java:748)
32) test146(org.apache.commons.jxpath.ri.model.dom.DOMNodePointer_ESTest)
java.lang.NullPointerException
	at org.apache.commons.jxpath.ri.model.dom.DOMNodePointer.asPath(DOMNodePointer.java:495)
	at org.apache.commons.jxpath.ri.model.NodePointer.getAbstractFactory(NodePointer.java:880)
	at org.apache.commons.jxpath.ri.model.dom.DOMNodePointer.createChild(DOMNodePointer.java:419)
	at org.apache.commons.jxpath.ri.model.dom.DOMNodePointer.createChild(DOMNodePointer.java:445)
	at org.apache.commons.jxpath.ri.model.dom.DOMNodePointer_ESTest.test146(DOMNodePointer_ESTest.java:1913)
	at sun.reflect.NativeMethodAccessorImpl.invoke0(Native Method)
	at sun.reflect.NativeMethodAccessorImpl.invoke(NativeMethodAccessorImpl.java:62)
	at sun.reflect.DelegatingMethodAccessorImpl.invoke(DelegatingMethodAccessorImpl.java:43)
	at java.lang.reflect.Method.invoke(Method.java:498)
	at org.junit.runners.model.FrameworkMethod$1.runReflectiveCall(FrameworkMethod.java:50)
	at org.junit.internal.runners.model.ReflectiveCallable.run(ReflectiveCallable.java:12)
	at org.junit.runners.model.FrameworkMethod.invokeExplosively(FrameworkMethod.java:47)
	at org.junit.internal.runners.statements.InvokeMethod.evaluate(InvokeMethod.java:17)
	at org.junit.internal.runners.statements.FailOnTimeout$CallableStatement.call(FailOnTimeout.java:298)
	at org.junit.internal.runners.statements.FailOnTimeout$CallableStatement.call(FailOnTimeout.java:292)
	at java.util.concurrent.FutureTask.run(FutureTask.java:266)
	at java.lang.Thread.run(Thread.java:748)
33) test024(org.apache.commons.jxpath.ri.model.dom.DOMNodePointer_ESTest)
java.lang.ClassCastException: org.apache.xerces.dom.PSVIAttrNSImpl cannot be cast to org.apache.xerces.dom.ChildNode
	at org.apache.xerces.dom.ParentNode.internalInsertBefore(Unknown Source)
	at org.apache.xerces.dom.ParentNode.insertBefore(Unknown Source)
	at org.apache.xerces.dom.NodeImpl.appendChild(Unknown Source)
	at org.apache.commons.jxpath.ri.model.dom.DOMNodePointer.setValue(DOMNodePointer.java:401)
	at org.apache.commons.jxpath.ri.model.dom.DOMNodePointer_ESTest.test024(DOMNodePointer_ESTest.java:390)
	at sun.reflect.NativeMethodAccessorImpl.invoke0(Native Method)
	at sun.reflect.NativeMethodAccessorImpl.invoke(NativeMethodAccessorImpl.java:62)
	at sun.reflect.DelegatingMethodAccessorImpl.invoke(DelegatingMethodAccessorImpl.java:43)
	at java.lang.reflect.Method.invoke(Method.java:498)
	at org.junit.runners.model.FrameworkMethod$1.runReflectiveCall(FrameworkMethod.java:50)
	at org.junit.internal.runners.model.ReflectiveCallable.run(ReflectiveCallable.java:12)
	at org.junit.runners.model.FrameworkMethod.invokeExplosively(FrameworkMethod.java:47)
	at org.junit.internal.runners.statements.InvokeMethod.evaluate(InvokeMethod.java:17)
	at org.junit.internal.runners.statements.FailOnTimeout$CallableStatement.call(FailOnTimeout.java:298)
	at org.junit.internal.runners.statements.FailOnTimeout$CallableStatement.call(FailOnTimeout.java:292)
	at java.util.concurrent.FutureTask.run(FutureTask.java:266)
	at java.lang.Thread.run(Thread.java:748)
34) test045(org.apache.commons.jxpath.ri.model.dom.DOMNodePointer_ESTest)
org.apache.commons.jxpath.JXPathException: Undefined variable: 3FKcM=F"7"r5763E+
	at org.apache.commons.jxpath.ri.model.VariablePointer$1.getImmediateNode(VariablePointer.java:132)
	at org.apache.commons.jxpath.ri.model.NodePointer.getNode(NodePointer.java:366)
	at org.apache.commons.jxpath.ri.model.dom.DOMNodeIterator.<init>(DOMNodeIterator.java:53)
	at org.apache.commons.jxpath.ri.model.dom.DOMNodePointer.childIterator(DOMNodePointer.java:200)
	at org.apache.commons.jxpath.ri.model.dom.DOMNodePointer_ESTest.test045(DOMNodePointer_ESTest.java:760)
	at sun.reflect.NativeMethodAccessorImpl.invoke0(Native Method)
	at sun.reflect.NativeMethodAccessorImpl.invoke(NativeMethodAccessorImpl.java:62)
	at sun.reflect.DelegatingMethodAccessorImpl.invoke(DelegatingMethodAccessorImpl.java:43)
	at java.lang.reflect.Method.invoke(Method.java:498)
	at org.junit.runners.model.FrameworkMethod$1.runReflectiveCall(FrameworkMethod.java:50)
	at org.junit.internal.runners.model.ReflectiveCallable.run(ReflectiveCallable.java:12)
	at org.junit.runners.model.FrameworkMethod.invokeExplosively(FrameworkMethod.java:47)
	at org.junit.internal.runners.statements.InvokeMethod.evaluate(InvokeMethod.java:17)
	at org.junit.internal.runners.statements.FailOnTimeout$CallableStatement.call(FailOnTimeout.java:298)
	at org.junit.internal.runners.statements.FailOnTimeout$CallableStatement.call(FailOnTimeout.java:292)
	at java.util.concurrent.FutureTask.run(FutureTask.java:266)
	at java.lang.Thread.run(Thread.java:748)
35) test044(org.apache.commons.jxpath.ri.model.dom.DOMNodePointer_ESTest)
java.lang.ClassCastException: java.lang.String cannot be cast to org.w3c.dom.Node
	at org.apache.commons.jxpath.ri.model.dom.DOMNodePointer.compareChildNodePointers(DOMNodePointer.java:751)
	at org.apache.commons.jxpath.ri.model.dom.DOMNodePointer_ESTest.test044(DOMNodePointer_ESTest.java:739)
	at sun.reflect.NativeMethodAccessorImpl.invoke0(Native Method)
	at sun.reflect.NativeMethodAccessorImpl.invoke(NativeMethodAccessorImpl.java:62)
	at sun.reflect.DelegatingMethodAccessorImpl.invoke(DelegatingMethodAccessorImpl.java:43)
	at java.lang.reflect.Method.invoke(Method.java:498)
	at org.junit.runners.model.FrameworkMethod$1.runReflectiveCall(FrameworkMethod.java:50)
	at org.junit.internal.runners.model.ReflectiveCallable.run(ReflectiveCallable.java:12)
	at org.junit.runners.model.FrameworkMethod.invokeExplosively(FrameworkMethod.java:47)
	at org.junit.internal.runners.statements.InvokeMethod.evaluate(InvokeMethod.java:17)
	at org.junit.internal.runners.statements.FailOnTimeout$CallableStatement.call(FailOnTimeout.java:298)
	at org.junit.internal.runners.statements.FailOnTimeout$CallableStatement.call(FailOnTimeout.java:292)
	at java.util.concurrent.FutureTask.run(FutureTask.java:266)
	at java.lang.Thread.run(Thread.java:748)
36) test043(org.apache.commons.jxpath.ri.model.dom.DOMNodePointer_ESTest)
org.evosuite.runtime.mock.java.lang.MockIllegalArgumentException: No such variable: '<<unknown namespace>>'
	at org.apache.commons.jxpath.BasicVariables.getVariable(BasicVariables.java:62)
	at org.apache.commons.jxpath.ri.model.VariablePointer.getBaseValue(VariablePointer.java:79)
	at org.apache.commons.jxpath.ri.model.dom.DOMNodePointer.compareChildNodePointers(DOMNodePointer.java:751)
	at org.apache.commons.jxpath.ri.model.dom.DOMNodePointer_ESTest.test043(DOMNodePointer_ESTest.java:719)
	at sun.reflect.NativeMethodAccessorImpl.invoke0(Native Method)
	at sun.reflect.NativeMethodAccessorImpl.invoke(NativeMethodAccessorImpl.java:62)
	at sun.reflect.DelegatingMethodAccessorImpl.invoke(DelegatingMethodAccessorImpl.java:43)
	at java.lang.reflect.Method.invoke(Method.java:498)
	at org.junit.runners.model.FrameworkMethod$1.runReflectiveCall(FrameworkMethod.java:50)
	at org.junit.internal.runners.model.ReflectiveCallable.run(ReflectiveCallable.java:12)
	at org.junit.runners.model.FrameworkMethod.invokeExplosively(FrameworkMethod.java:47)
	at org.junit.internal.runners.statements.InvokeMethod.evaluate(InvokeMethod.java:17)
	at org.junit.internal.runners.statements.FailOnTimeout$CallableStatement.call(FailOnTimeout.java:298)
	at org.junit.internal.runners.statements.FailOnTimeout$CallableStatement.call(FailOnTimeout.java:292)
	at java.util.concurrent.FutureTask.run(FutureTask.java:266)
	at java.lang.Thread.run(Thread.java:748)
37) test042(org.apache.commons.jxpath.ri.model.dom.DOMNodePointer_ESTest)
java.lang.NullPointerException
	at org.apache.commons.jxpath.ri.model.dom.DOMNodePointer.compareChildNodePointers(DOMNodePointer.java:751)
	at org.apache.commons.jxpath.ri.model.dom.DOMNodePointer_ESTest.test042(DOMNodePointer_ESTest.java:699)
	at sun.reflect.NativeMethodAccessorImpl.invoke0(Native Method)
	at sun.reflect.NativeMethodAccessorImpl.invoke(NativeMethodAccessorImpl.java:62)
	at sun.reflect.DelegatingMethodAccessorImpl.invoke(DelegatingMethodAccessorImpl.java:43)
	at java.lang.reflect.Method.invoke(Method.java:498)
	at org.junit.runners.model.FrameworkMethod$1.runReflectiveCall(FrameworkMethod.java:50)
	at org.junit.internal.runners.model.ReflectiveCallable.run(ReflectiveCallable.java:12)
	at org.junit.runners.model.FrameworkMethod.invokeExplosively(FrameworkMethod.java:47)
	at org.junit.internal.runners.statements.InvokeMethod.evaluate(InvokeMethod.java:17)
	at org.junit.internal.runners.statements.FailOnTimeout$CallableStatement.call(FailOnTimeout.java:298)
	at org.junit.internal.runners.statements.FailOnTimeout$CallableStatement.call(FailOnTimeout.java:292)
	at java.util.concurrent.FutureTask.run(FutureTask.java:266)
	at java.lang.Thread.run(Thread.java:748)
38) test041(org.apache.commons.jxpath.ri.model.dom.DOMNodePointer_ESTest)
org.apache.commons.jxpath.JXPathException: Undefined variable: <<unknown namespace>>
	at org.apache.commons.jxpath.ri.model.VariablePointer.getBaseValue(VariablePointer.java:77)
	at org.apache.commons.jxpath.ri.model.dom.DOMNodePointer.compareChildNodePointers(DOMNodePointer.java:751)
	at org.apache.commons.jxpath.ri.model.dom.DOMNodePointer_ESTest.test041(DOMNodePointer_ESTest.java:683)
	at sun.reflect.NativeMethodAccessorImpl.invoke0(Native Method)
	at sun.reflect.NativeMethodAccessorImpl.invoke(NativeMethodAccessorImpl.java:62)
	at sun.reflect.DelegatingMethodAccessorImpl.invoke(DelegatingMethodAccessorImpl.java:43)
	at java.lang.reflect.Method.invoke(Method.java:498)
	at org.junit.runners.model.FrameworkMethod$1.runReflectiveCall(FrameworkMethod.java:50)
	at org.junit.internal.runners.model.ReflectiveCallable.run(ReflectiveCallable.java:12)
	at org.junit.runners.model.FrameworkMethod.invokeExplosively(FrameworkMethod.java:47)
	at org.junit.internal.runners.statements.InvokeMethod.evaluate(InvokeMethod.java:17)
	at org.junit.internal.runners.statements.FailOnTimeout$CallableStatement.call(FailOnTimeout.java:298)
	at org.junit.internal.runners.statements.FailOnTimeout$CallableStatement.call(FailOnTimeout.java:292)
	at java.util.concurrent.FutureTask.run(FutureTask.java:266)
	at java.lang.Thread.run(Thread.java:748)
39) test040(org.apache.commons.jxpath.ri.model.dom.DOMNodePointer_ESTest)
org.w3c.dom.DOMException: DOM002 Illegal character
	at org.apache.xerces.dom.CoreDocumentImpl.createAttribute(Unknown Source)
	at org.apache.html.dom.HTMLDocumentImpl.createAttribute(Unknown Source)
	at org.apache.xerces.dom.ElementImpl.setAttribute(Unknown Source)
	at org.apache.commons.jxpath.ri.model.dom.DOMNodePointer.createAttribute(DOMNodePointer.java:470)
	at org.apache.commons.jxpath.ri.model.dom.DOMNodePointer_ESTest.test040(DOMNodePointer_ESTest.java:663)
	at sun.reflect.NativeMethodAccessorImpl.invoke0(Native Method)
	at sun.reflect.NativeMethodAccessorImpl.invoke(NativeMethodAccessorImpl.java:62)
	at sun.reflect.DelegatingMethodAccessorImpl.invoke(DelegatingMethodAccessorImpl.java:43)
	at java.lang.reflect.Method.invoke(Method.java:498)
	at org.junit.runners.model.FrameworkMethod$1.runReflectiveCall(FrameworkMethod.java:50)
	at org.junit.internal.runners.model.ReflectiveCallable.run(ReflectiveCallable.java:12)
	at org.junit.runners.model.FrameworkMethod.invokeExplosively(FrameworkMethod.java:47)
	at org.junit.internal.runners.statements.InvokeMethod.evaluate(InvokeMethod.java:17)
	at org.junit.internal.runners.statements.FailOnTimeout$CallableStatement.call(FailOnTimeout.java:298)
	at org.junit.internal.runners.statements.FailOnTimeout$CallableStatement.call(FailOnTimeout.java:292)
	at java.util.concurrent.FutureTask.run(FutureTask.java:266)
	at java.lang.Thread.run(Thread.java:748)
40) test039(org.apache.commons.jxpath.ri.model.dom.DOMNodePointer_ESTest)
org.apache.commons.jxpath.JXPathException: Factory is not set on the JXPathContext - cannot create path: 
	at org.apache.commons.jxpath.ri.model.NodePointer.getAbstractFactory(NodePointer.java:880)
	at org.apache.commons.jxpath.ri.model.dom.DOMNodePointer.createChild(DOMNodePointer.java:419)
	at org.apache.commons.jxpath.ri.model.dom.DOMNodePointer.createChild(DOMNodePointer.java:445)
	at org.apache.commons.jxpath.ri.model.dom.DOMNodePointer_ESTest.test039(DOMNodePointer_ESTest.java:643)
	at sun.reflect.NativeMethodAccessorImpl.invoke0(Native Method)
	at sun.reflect.NativeMethodAccessorImpl.invoke(NativeMethodAccessorImpl.java:62)
	at sun.reflect.DelegatingMethodAccessorImpl.invoke(DelegatingMethodAccessorImpl.java:43)
	at java.lang.reflect.Method.invoke(Method.java:498)
	at org.junit.runners.model.FrameworkMethod$1.runReflectiveCall(FrameworkMethod.java:50)
	at org.junit.internal.runners.model.ReflectiveCallable.run(ReflectiveCallable.java:12)
	at org.junit.runners.model.FrameworkMethod.invokeExplosively(FrameworkMethod.java:47)
	at org.junit.internal.runners.statements.InvokeMethod.evaluate(InvokeMethod.java:17)
	at org.junit.internal.runners.statements.FailOnTimeout$CallableStatement.call(FailOnTimeout.java:298)
	at org.junit.internal.runners.statements.FailOnTimeout$CallableStatement.call(FailOnTimeout.java:292)
	at java.util.concurrent.FutureTask.run(FutureTask.java:266)
	at java.lang.Thread.run(Thread.java:748)
41) test038(org.apache.commons.jxpath.ri.model.dom.DOMNodePointer_ESTest)
java.lang.NullPointerException
	at org.apache.xerces.dom.DeferredDocumentImpl.clearChunkIndex(Unknown Source)
	at org.apache.xerces.dom.DeferredDocumentImpl.getNodeType(Unknown Source)
	at org.apache.xerces.dom.DeferredDocumentImpl.getNodeType(Unknown Source)
	at org.apache.xerces.dom.DeferredDocumentImpl.synchronizeChildren(Unknown Source)
	at org.apache.xerces.dom.CoreDocumentImpl.getDocumentElement(Unknown Source)
	at org.apache.commons.jxpath.ri.model.dom.DOMNodePointer.getDefaultNamespaceURI(DOMNodePointer.java:278)
	at org.apache.commons.jxpath.ri.model.dom.DOMNodePointer_ESTest.test038(DOMNodePointer_ESTest.java:623)
	at sun.reflect.NativeMethodAccessorImpl.invoke0(Native Method)
	at sun.reflect.NativeMethodAccessorImpl.invoke(NativeMethodAccessorImpl.java:62)
	at sun.reflect.DelegatingMethodAccessorImpl.invoke(DelegatingMethodAccessorImpl.java:43)
	at java.lang.reflect.Method.invoke(Method.java:498)
	at org.junit.runners.model.FrameworkMethod$1.runReflectiveCall(FrameworkMethod.java:50)
	at org.junit.internal.runners.model.ReflectiveCallable.run(ReflectiveCallable.java:12)
	at org.junit.runners.model.FrameworkMethod.invokeExplosively(FrameworkMethod.java:47)
	at org.junit.internal.runners.statements.InvokeMethod.evaluate(InvokeMethod.java:17)
	at org.junit.internal.runners.statements.FailOnTimeout$CallableStatement.call(FailOnTimeout.java:298)
	at org.junit.internal.runners.statements.FailOnTimeout$CallableStatement.call(FailOnTimeout.java:292)
	at java.util.concurrent.FutureTask.run(FutureTask.java:266)
	at java.lang.Thread.run(Thread.java:748)
42) test037(org.apache.commons.jxpath.ri.model.dom.DOMNodePointer_ESTest)
java.lang.NullPointerException
	at org.apache.xerces.dom.ElementImpl.synchronizeData(Unknown Source)
	at org.apache.xerces.dom.ElementImpl.getAttribute(Unknown Source)
	at org.apache.commons.jxpath.ri.model.dom.DOMNodePointer.findEnclosingAttribute(DOMNodePointer.java:346)
	at org.apache.commons.jxpath.ri.model.dom.DOMNodePointer.getLanguage(DOMNodePointer.java:361)
	at org.apache.commons.jxpath.ri.model.dom.DOMNodePointer_ESTest.test037(DOMNodePointer_ESTest.java:606)
	at sun.reflect.NativeMethodAccessorImpl.invoke0(Native Method)
	at sun.reflect.NativeMethodAccessorImpl.invoke(NativeMethodAccessorImpl.java:62)
	at sun.reflect.DelegatingMethodAccessorImpl.invoke(DelegatingMethodAccessorImpl.java:43)
	at java.lang.reflect.Method.invoke(Method.java:498)
	at org.junit.runners.model.FrameworkMethod$1.runReflectiveCall(FrameworkMethod.java:50)
	at org.junit.internal.runners.model.ReflectiveCallable.run(ReflectiveCallable.java:12)
	at org.junit.runners.model.FrameworkMethod.invokeExplosively(FrameworkMethod.java:47)
	at org.junit.internal.runners.statements.InvokeMethod.evaluate(InvokeMethod.java:17)
	at org.junit.internal.runners.statements.FailOnTimeout$CallableStatement.call(FailOnTimeout.java:298)
	at org.junit.internal.runners.statements.FailOnTimeout$CallableStatement.call(FailOnTimeout.java:292)
	at java.util.concurrent.FutureTask.run(FutureTask.java:266)
	at java.lang.Thread.run(Thread.java:748)
43) test036(org.apache.commons.jxpath.ri.model.dom.DOMNodePointer_ESTest)
java.lang.NullPointerException
	at org.apache.commons.jxpath.ri.model.dom.DOMNodePointer.getLocalName(DOMNodePointer.java:657)
	at org.apache.commons.jxpath.ri.model.dom.DOMNodePointer_ESTest.test036(DOMNodePointer_ESTest.java:588)
	at sun.reflect.NativeMethodAccessorImpl.invoke0(Native Method)
	at sun.reflect.NativeMethodAccessorImpl.invoke(NativeMethodAccessorImpl.java:62)
	at sun.reflect.DelegatingMethodAccessorImpl.invoke(DelegatingMethodAccessorImpl.java:43)
	at java.lang.reflect.Method.invoke(Method.java:498)
	at org.junit.runners.model.FrameworkMethod$1.runReflectiveCall(FrameworkMethod.java:50)
	at org.junit.internal.runners.model.ReflectiveCallable.run(ReflectiveCallable.java:12)
	at org.junit.runners.model.FrameworkMethod.invokeExplosively(FrameworkMethod.java:47)
	at org.junit.internal.runners.statements.InvokeMethod.evaluate(InvokeMethod.java:17)
	at org.junit.internal.runners.statements.FailOnTimeout$CallableStatement.call(FailOnTimeout.java:298)
	at org.junit.internal.runners.statements.FailOnTimeout$CallableStatement.call(FailOnTimeout.java:292)
	at java.util.concurrent.FutureTask.run(FutureTask.java:266)
	at java.lang.Thread.run(Thread.java:748)
44) test035(org.apache.commons.jxpath.ri.model.dom.DOMNodePointer_ESTest)
java.lang.NullPointerException
	at org.apache.commons.jxpath.ri.model.dom.DOMNodePointer.getName(DOMNodePointer.java:183)
	at org.apache.commons.jxpath.ri.model.dom.DOMNodePointer_ESTest.test035(DOMNodePointer_ESTest.java:573)
	at sun.reflect.NativeMethodAccessorImpl.invoke0(Native Method)
	at sun.reflect.NativeMethodAccessorImpl.invoke(NativeMethodAccessorImpl.java:62)
	at sun.reflect.DelegatingMethodAccessorImpl.invoke(DelegatingMethodAccessorImpl.java:43)
	at java.lang.reflect.Method.invoke(Method.java:498)
	at org.junit.runners.model.FrameworkMethod$1.runReflectiveCall(FrameworkMethod.java:50)
	at org.junit.internal.runners.model.ReflectiveCallable.run(ReflectiveCallable.java:12)
	at org.junit.runners.model.FrameworkMethod.invokeExplosively(FrameworkMethod.java:47)
	at org.junit.internal.runners.statements.InvokeMethod.evaluate(InvokeMethod.java:17)
	at org.junit.internal.runners.statements.FailOnTimeout$CallableStatement.call(FailOnTimeout.java:298)
	at org.junit.internal.runners.statements.FailOnTimeout$CallableStatement.call(FailOnTimeout.java:292)
	at java.util.concurrent.FutureTask.run(FutureTask.java:266)
	at java.lang.Thread.run(Thread.java:748)
45) test054(org.apache.commons.jxpath.ri.model.dom.DOMNodePointer_ESTest)
java.lang.NullPointerException
	at org.apache.commons.jxpath.ri.model.dom.DOMNodePointer.getNamespaceURI(DOMNodePointer.java:679)
	at org.apache.commons.jxpath.ri.model.dom.DOMNodePointer_ESTest.test054(DOMNodePointer_ESTest.java:900)
	at sun.reflect.NativeMethodAccessorImpl.invoke0(Native Method)
	at sun.reflect.NativeMethodAccessorImpl.invoke(NativeMethodAccessorImpl.java:62)
	at sun.reflect.DelegatingMethodAccessorImpl.invoke(DelegatingMethodAccessorImpl.java:43)
	at java.lang.reflect.Method.invoke(Method.java:498)
	at org.junit.runners.model.FrameworkMethod$1.runReflectiveCall(FrameworkMethod.java:50)
	at org.junit.internal.runners.model.ReflectiveCallable.run(ReflectiveCallable.java:12)
	at org.junit.runners.model.FrameworkMethod.invokeExplosively(FrameworkMethod.java:47)
	at org.junit.internal.runners.statements.InvokeMethod.evaluate(InvokeMethod.java:17)
	at org.junit.internal.runners.statements.FailOnTimeout$CallableStatement.call(FailOnTimeout.java:298)
	at org.junit.internal.runners.statements.FailOnTimeout$CallableStatement.call(FailOnTimeout.java:292)
	at java.util.concurrent.FutureTask.run(FutureTask.java:266)
	at java.lang.Thread.run(Thread.java:748)
46) test050(org.apache.commons.jxpath.ri.model.dom.DOMNodePointer_ESTest)
java.lang.NullPointerException
	at org.apache.commons.jxpath.ri.model.dom.DOMNodePointer.stringValue(DOMNodePointer.java:713)
	at org.apache.commons.jxpath.ri.model.dom.DOMNodePointer.stringValue(DOMNodePointer.java:730)
	at org.apache.commons.jxpath.ri.model.dom.DOMNodePointer.getValue(DOMNodePointer.java:704)
	at org.apache.commons.jxpath.ri.model.dom.DOMNodePointer_ESTest.test050(DOMNodePointer_ESTest.java:859)
	at sun.reflect.NativeMethodAccessorImpl.invoke0(Native Method)
	at sun.reflect.NativeMethodAccessorImpl.invoke(NativeMethodAccessorImpl.java:62)
	at sun.reflect.DelegatingMethodAccessorImpl.invoke(DelegatingMethodAccessorImpl.java:43)
	at java.lang.reflect.Method.invoke(Method.java:498)
	at org.junit.runners.model.FrameworkMethod$1.runReflectiveCall(FrameworkMethod.java:50)
	at org.junit.internal.runners.model.ReflectiveCallable.run(ReflectiveCallable.java:12)
	at org.junit.runners.model.FrameworkMethod.invokeExplosively(FrameworkMethod.java:47)
	at org.junit.internal.runners.statements.InvokeMethod.evaluate(InvokeMethod.java:17)
	at org.junit.internal.runners.statements.FailOnTimeout$CallableStatement.call(FailOnTimeout.java:298)
	at org.junit.internal.runners.statements.FailOnTimeout$CallableStatement.call(FailOnTimeout.java:292)
	at java.util.concurrent.FutureTask.run(FutureTask.java:266)
	at java.lang.Thread.run(Thread.java:748)
47) test049(org.apache.commons.jxpath.ri.model.dom.DOMNodePointer_ESTest)
java.lang.NullPointerException
	at org.apache.commons.jxpath.ri.model.dom.DOMNodePointer.asPath(DOMNodePointer.java:495)
	at org.apache.commons.jxpath.ri.model.dom.DOMNodePointer_ESTest.test049(DOMNodePointer_ESTest.java:840)
	at sun.reflect.NativeMethodAccessorImpl.invoke0(Native Method)
	at sun.reflect.NativeMethodAccessorImpl.invoke(NativeMethodAccessorImpl.java:62)
	at sun.reflect.DelegatingMethodAccessorImpl.invoke(DelegatingMethodAccessorImpl.java:43)
	at java.lang.reflect.Method.invoke(Method.java:498)
	at org.junit.runners.model.FrameworkMethod$1.runReflectiveCall(FrameworkMethod.java:50)
	at org.junit.internal.runners.model.ReflectiveCallable.run(ReflectiveCallable.java:12)
	at org.junit.runners.model.FrameworkMethod.invokeExplosively(FrameworkMethod.java:47)
	at org.junit.internal.runners.statements.InvokeMethod.evaluate(InvokeMethod.java:17)
	at org.junit.internal.runners.statements.FailOnTimeout$CallableStatement.call(FailOnTimeout.java:298)
	at org.junit.internal.runners.statements.FailOnTimeout$CallableStatement.call(FailOnTimeout.java:292)
	at java.util.concurrent.FutureTask.run(FutureTask.java:266)
	at java.lang.Thread.run(Thread.java:748)
48) test048(org.apache.commons.jxpath.ri.model.dom.DOMNodePointer_ESTest)
java.lang.ClassCastException: org.apache.commons.jxpath.ri.compiler.NodeNameTest cannot be cast to org.w3c.dom.Node
	at org.apache.commons.jxpath.ri.model.dom.DOMNodeIterator.<init>(DOMNodeIterator.java:53)
	at org.apache.commons.jxpath.ri.model.dom.DOMNodePointer.childIterator(DOMNodePointer.java:200)
	at org.apache.commons.jxpath.ri.model.dom.DOMNodePointer_ESTest.test048(DOMNodePointer_ESTest.java:824)
	at sun.reflect.NativeMethodAccessorImpl.invoke0(Native Method)
	at sun.reflect.NativeMethodAccessorImpl.invoke(NativeMethodAccessorImpl.java:62)
	at sun.reflect.DelegatingMethodAccessorImpl.invoke(DelegatingMethodAccessorImpl.java:43)
	at java.lang.reflect.Method.invoke(Method.java:498)
	at org.junit.runners.model.FrameworkMethod$1.runReflectiveCall(FrameworkMethod.java:50)
	at org.junit.internal.runners.model.ReflectiveCallable.run(ReflectiveCallable.java:12)
	at org.junit.runners.model.FrameworkMethod.invokeExplosively(FrameworkMethod.java:47)
	at org.junit.internal.runners.statements.InvokeMethod.evaluate(InvokeMethod.java:17)
	at org.junit.internal.runners.statements.FailOnTimeout$CallableStatement.call(FailOnTimeout.java:298)
	at org.junit.internal.runners.statements.FailOnTimeout$CallableStatement.call(FailOnTimeout.java:292)
	at java.util.concurrent.FutureTask.run(FutureTask.java:266)
	at java.lang.Thread.run(Thread.java:748)
49) test047(org.apache.commons.jxpath.ri.model.dom.DOMNodePointer_ESTest)
org.evosuite.runtime.mock.java.lang.MockIllegalArgumentException: No such variable: 'http://www.w3.org/2000/xmlns/'
	at org.apache.commons.jxpath.BasicVariables.getVariable(BasicVariables.java:62)
	at org.apache.commons.jxpath.ri.model.VariablePointer.getBaseValue(VariablePointer.java:79)
	at org.apache.commons.jxpath.ri.model.VariablePointer.getImmediateNode(VariablePointer.java:93)
	at org.apache.commons.jxpath.ri.model.VariablePointer.getImmediateValuePointer(VariablePointer.java:125)
	at org.apache.commons.jxpath.ri.model.NodePointer.getValuePointer(NodePointer.java:303)
	at org.apache.commons.jxpath.ri.model.NodePointer.getNode(NodePointer.java:366)
	at org.apache.commons.jxpath.ri.model.dom.DOMNodeIterator.<init>(DOMNodeIterator.java:53)
	at org.apache.commons.jxpath.ri.model.dom.DOMNodePointer.childIterator(DOMNodePointer.java:200)
	at org.apache.commons.jxpath.ri.model.dom.DOMNodePointer_ESTest.test047(DOMNodePointer_ESTest.java:803)
	at sun.reflect.NativeMethodAccessorImpl.invoke0(Native Method)
	at sun.reflect.NativeMethodAccessorImpl.invoke(NativeMethodAccessorImpl.java:62)
	at sun.reflect.DelegatingMethodAccessorImpl.invoke(DelegatingMethodAccessorImpl.java:43)
	at java.lang.reflect.Method.invoke(Method.java:498)
	at org.junit.runners.model.FrameworkMethod$1.runReflectiveCall(FrameworkMethod.java:50)
	at org.junit.internal.runners.model.ReflectiveCallable.run(ReflectiveCallable.java:12)
	at org.junit.runners.model.FrameworkMethod.invokeExplosively(FrameworkMethod.java:47)
	at org.junit.internal.runners.statements.InvokeMethod.evaluate(InvokeMethod.java:17)
	at org.junit.internal.runners.statements.FailOnTimeout$CallableStatement.call(FailOnTimeout.java:298)
	at org.junit.internal.runners.statements.FailOnTimeout$CallableStatement.call(FailOnTimeout.java:292)
	at java.util.concurrent.FutureTask.run(FutureTask.java:266)
	at java.lang.Thread.run(Thread.java:748)
50) test046(org.apache.commons.jxpath.ri.model.dom.DOMNodePointer_ESTest)
java.lang.NullPointerException
	at org.apache.commons.jxpath.ri.model.VariablePointer.getBaseValue(VariablePointer.java:79)
	at org.apache.commons.jxpath.ri.model.VariablePointer.getImmediateNode(VariablePointer.java:93)
	at org.apache.commons.jxpath.ri.model.VariablePointer.getImmediateValuePointer(VariablePointer.java:125)
	at org.apache.commons.jxpath.ri.model.NodePointer.getValuePointer(NodePointer.java:303)
	at org.apache.commons.jxpath.ri.model.NodePointer.getNode(NodePointer.java:366)
	at org.apache.commons.jxpath.ri.model.dom.DOMNodeIterator.<init>(DOMNodeIterator.java:53)
	at org.apache.commons.jxpath.ri.model.dom.DOMNodePointer.childIterator(DOMNodePointer.java:200)
	at org.apache.commons.jxpath.ri.model.dom.DOMNodePointer_ESTest.test046(DOMNodePointer_ESTest.java:781)
	at sun.reflect.NativeMethodAccessorImpl.invoke0(Native Method)
	at sun.reflect.NativeMethodAccessorImpl.invoke(NativeMethodAccessorImpl.java:62)
	at sun.reflect.DelegatingMethodAccessorImpl.invoke(DelegatingMethodAccessorImpl.java:43)
	at java.lang.reflect.Method.invoke(Method.java:498)
	at org.junit.runners.model.FrameworkMethod$1.runReflectiveCall(FrameworkMethod.java:50)
	at org.junit.internal.runners.model.ReflectiveCallable.run(ReflectiveCallable.java:12)
	at org.junit.runners.model.FrameworkMethod.invokeExplosively(FrameworkMethod.java:47)
	at org.junit.internal.runners.statements.InvokeMethod.evaluate(InvokeMethod.java:17)
	at org.junit.internal.runners.statements.FailOnTimeout$CallableStatement.call(FailOnTimeout.java:298)
	at org.junit.internal.runners.statements.FailOnTimeout$CallableStatement.call(FailOnTimeout.java:292)
	at java.util.concurrent.FutureTask.run(FutureTask.java:266)
	at java.lang.Thread.run(Thread.java:748)

FAILURES!!!
Tests run: 151,  Failures: 50

