JUnit version 4.12
.E..E
Time: 4.965
There were 2 failures:
1) test1(org.apache.commons.math3.optim.nonlinear.vector.jacobian.GaussNewtonOptimizer_ESTest)
org.apache.commons.math3.exception.NullArgumentException: null is not allowed
	at org.apache.commons.math3.optim.nonlinear.vector.jacobian.GaussNewtonOptimizer.doOptimize(GaussNewtonOptimizer.java:88)
	at org.apache.commons.math3.optim.nonlinear.vector.jacobian.GaussNewtonOptimizer_ESTest.test1(GaussNewtonOptimizer_ESTest.java:33)
	at sun.reflect.NativeMethodAccessorImpl.invoke0(Native Method)
	at sun.reflect.NativeMethodAccessorImpl.invoke(NativeMethodAccessorImpl.java:62)
	at sun.reflect.DelegatingMethodAccessorImpl.invoke(DelegatingMethodAccessorImpl.java:43)
	at java.lang.reflect.Method.invoke(Method.java:498)
	at org.junit.runners.model.FrameworkMethod$1.runReflectiveCall(FrameworkMethod.java:50)
	at org.junit.internal.runners.model.ReflectiveCallable.run(ReflectiveCallable.java:12)
	at org.junit.runners.model.FrameworkMethod.invokeExplosively(FrameworkMethod.java:47)
	at org.junit.internal.runners.statements.InvokeMethod.evaluate(InvokeMethod.java:17)
	at org.junit.internal.runners.statements.FailOnTimeout$CallableStatement.call(FailOnTimeout.java:298)
	at org.junit.internal.runners.statements.FailOnTimeout$CallableStatement.call(FailOnTimeout.java:292)
	at java.util.concurrent.FutureTask.run(FutureTask.java:266)
	at java.lang.Thread.run(Thread.java:748)
2) test2(org.apache.commons.math3.optim.nonlinear.vector.jacobian.GaussNewtonOptimizer_ESTest)
java.lang.NullPointerException
	at org.apache.commons.math3.optim.nonlinear.vector.MultivariateVectorOptimizer.getTarget(MultivariateVectorOptimizer.java:105)
	at org.apache.commons.math3.optim.nonlinear.vector.jacobian.GaussNewtonOptimizer.doOptimize(GaussNewtonOptimizer.java:91)
	at org.apache.commons.math3.optim.nonlinear.vector.jacobian.GaussNewtonOptimizer_ESTest.test2(GaussNewtonOptimizer_ESTest.java:50)
	at sun.reflect.NativeMethodAccessorImpl.invoke0(Native Method)
	at sun.reflect.NativeMethodAccessorImpl.invoke(NativeMethodAccessorImpl.java:62)
	at sun.reflect.DelegatingMethodAccessorImpl.invoke(DelegatingMethodAccessorImpl.java:43)
	at java.lang.reflect.Method.invoke(Method.java:498)
	at org.junit.runners.model.FrameworkMethod$1.runReflectiveCall(FrameworkMethod.java:50)
	at org.junit.internal.runners.model.ReflectiveCallable.run(ReflectiveCallable.java:12)
	at org.junit.runners.model.FrameworkMethod.invokeExplosively(FrameworkMethod.java:47)
	at org.junit.internal.runners.statements.InvokeMethod.evaluate(InvokeMethod.java:17)
	at org.junit.internal.runners.statements.FailOnTimeout$CallableStatement.call(FailOnTimeout.java:298)
	at org.junit.internal.runners.statements.FailOnTimeout$CallableStatement.call(FailOnTimeout.java:292)
	at java.util.concurrent.FutureTask.run(FutureTask.java:266)
	at java.lang.Thread.run(Thread.java:748)

FAILURES!!!
Tests run: 3,  Failures: 2

