* EvoSuite 1.1.1-SNAPSHOT
* Configuration: BBC-F0-opt-100
* Going to generate test cases for class: org.apache.commons.compress.archivers.zip.ZipArchiveOutputStream
* Starting Client-0
* Connecting to master process on port 3989
* Analyzing classpath: 
  - subjects/buggy-versions/Compress-43/target/classes
  - defects4j/framework/projects/Compress/lib/org/brotli/dec/0.1.2/dec-0.1.2.jar
  - defects4j/framework/projects/Compress/lib/org/tukaani/xz/1.6/xz-1.6.jar
* Finished analyzing classpath
* Generating tests for class org.apache.commons.compress.archivers.zip.ZipArchiveOutputStream
* Test criteria:
  - Line Coverage
  - Branch Coverage
  - Exception
  - Mutation testing (weak)
  - Method-Output Coverage
  - Top-Level Method Coverage
  - No-Exception Top-Level Method Coverage
  - Context Branch Coverage
* Total number of test goals for DYNAMOSA: 2207
* Using seed 3444665051
* Starting evolution
bbc usage percentage is: 100%
* Initial Number of Goals in DynaMOSA = 864 / 2207
[MASTER] 11:52:57.934 [logback-2] ERROR TestCluster - Failed to check cache for java.util.Enumeration<E> : Type points to itself
[MASTER] 11:53:21.715 [logback-2] ERROR TestCluster - Failed to check cache for java.util.Comparator<T> : Type points to itself
*C2*
*C2*
*C2*
*C2*
* Search finished after 602s and 1007 generations, 421143 statements, best individual has fitness: 268.0
* Minimizing test suite
* Going to analyze the coverage criteria
* Coverage analysis for criterion LINE
* Coverage of criterion LINE: 97%
* Total number of goals: 514
* Number of covered goals: 498
* Coverage analysis for criterion BRANCH
* Coverage of criterion BRANCH: 88%
* Total number of goals: 320
* Number of covered goals: 281
* Coverage analysis for criterion EXCEPTION
* Coverage of criterion EXCEPTION: 100%
* Total number of goals: 74
* Number of covered goals: 74
* Coverage analysis for criterion WEAKMUTATION
* Coverage of criterion WEAKMUTATION: 91%
* Total number of goals: 978
* Number of covered goals: 890
* Coverage analysis for criterion OUTPUT
* Coverage of criterion OUTPUT: 82%
* Total number of goals: 11
* Number of covered goals: 9
* Coverage analysis for criterion METHOD
* Coverage of criterion METHOD: 100%
* Total number of goals: 32
* Number of covered goals: 32
* Coverage analysis for criterion METHODNOEXCEPTION
* Coverage of criterion METHODNOEXCEPTION: 100%
* Total number of goals: 32
* Number of covered goals: 32
* Coverage analysis for criterion CBRANCH
* Coverage of criterion CBRANCH: 82%
* Total number of goals: 320
* Number of covered goals: 263
* Generated 133 tests with total length 677
* Resulting test suite's coverage: 86% (average coverage for all fitness functions)
* Generating assertions
[MASTER] 12:04:08.279 [logback-1] WARN  SimpleMutationAssertionGenerator - Assertion minimization is taking too long (0.6678833333333334% of time used, but only 29/133 tests minimized), falling back to using all assertions
* Resulting test suite's mutation score: 12%
* Compiling and checking tests
[MASTER] 12:04:20.099 [logback-1] WARN  JUnitAnalyzer - Failed to create tmp dir
[MASTER] 12:04:20.093 [logback-2] ERROR JUnitAnalyzer - Cannot create tmp dir: /tmp/EvoSuite_33_1634040260093
[MASTER] 12:04:21.644 [logback-1] WARN  JUnitAnalyzer - EvoSuite problem: tests set up a security manager, but they do not remove it after execution
[MASTER] 12:04:21.658 [logback-1] WARN  JUnitAnalyzer - Found unstable test named test0 -> class java.lang.SecurityException: Security manager blocks ("java.io.FilePermission" "e/p0O/IEC/8>]?q=" "write")
java.lang.Thread.getStackTrace(Thread.java:1559)
org.evosuite.runtime.sandbox.MSecurityManager.checkPermission(MSecurityManager.java:433)
java.lang.SecurityManager.checkWrite(SecurityManager.java:979)
sun.nio.fs.UnixChannelFactory.open(UnixChannelFactory.java:247)
sun.nio.fs.UnixChannelFactory.newFileChannel(UnixChannelFactory.java:136)
sun.nio.fs.UnixChannelFactory.newFileChannel(UnixChannelFactory.java:148)
sun.nio.fs.UnixFileSystemProvider.newByteChannel(UnixFileSystemProvider.java:212)
java.nio.file.Files.newByteChannel(Files.java:361)
org.apache.commons.compress.archivers.zip.ZipArchiveOutputStream.<init>(ZipArchiveOutputStream.java:292)
org.apache.commons.compress.archivers.zip.ZipArchiveOutputStream_33_tmp__ESTest.test0(ZipArchiveOutputStream_33_tmp__ESTest.java:24)
sun.reflect.NativeMethodAccessorImpl.invoke0(Native Method)
sun.reflect.NativeMethodAccessorImpl.invoke(NativeMethodAccessorImpl.java:62)
sun.reflect.DelegatingMethodAccessorImpl.invoke(DelegatingMethodAccessorImpl.java:43)
java.lang.reflect.Method.invoke(Method.java:498)
org.junit.runners.model.FrameworkMethod$1.runReflectiveCall(FrameworkMethod.java:59)
org.junit.internal.runners.model.ReflectiveCallable.run(ReflectiveCallable.java:12)
org.junit.runners.model.FrameworkMethod.invokeExplosively(FrameworkMethod.java:56)
org.junit.internal.runners.statements.InvokeMethod.evaluate(InvokeMethod.java:17)
org.junit.internal.runners.statements.FailOnTimeout$CallableStatement.call(FailOnTimeout.java:288)
org.junit.internal.runners.statements.FailOnTimeout$CallableStatement.call(FailOnTimeout.java:282)
java.util.concurrent.FutureTask.run(FutureTask.java:266)
java.lang.Thread.run(Thread.java:748)

[MASTER] 12:04:21.660 [logback-1] WARN  JUnitAnalyzer - Failing test:
 MockFile mockFile0 = new MockFile("e/p0O/IEC/8>]?q=");
ZipArchiveOutputStream zipArchiveOutputStream0 = new ZipArchiveOutputStream(mockFile0);
byte[] byteArray0 = new byte[0];
zipArchiveOutputStream0.writeOut(byteArray0);

[MASTER] 12:04:29.700 [logback-1] WARN  JUnitAnalyzer - Found unstable test named test0 -> class java.lang.SecurityException: Security manager blocks ("java.io.FilePermission" "/experiment/ instead of / instead of " "write")
java.lang.Thread.getStackTrace(Thread.java:1559)
org.evosuite.runtime.sandbox.MSecurityManager.checkPermission(MSecurityManager.java:433)
java.lang.SecurityManager.checkWrite(SecurityManager.java:979)
sun.nio.fs.UnixChannelFactory.open(UnixChannelFactory.java:247)
sun.nio.fs.UnixChannelFactory.newFileChannel(UnixChannelFactory.java:136)
sun.nio.fs.UnixChannelFactory.newFileChannel(UnixChannelFactory.java:148)
sun.nio.fs.UnixFileSystemProvider.newByteChannel(UnixFileSystemProvider.java:212)
java.nio.file.Files.newByteChannel(Files.java:361)
org.apache.commons.compress.archivers.zip.ZipArchiveOutputStream.<init>(ZipArchiveOutputStream.java:292)
org.apache.commons.compress.archivers.zip.ZipArchiveOutputStream_36_tmp__ESTest.test0(ZipArchiveOutputStream_36_tmp__ESTest.java:22)
sun.reflect.NativeMethodAccessorImpl.invoke0(Native Method)
sun.reflect.NativeMethodAccessorImpl.invoke(NativeMethodAccessorImpl.java:62)
sun.reflect.DelegatingMethodAccessorImpl.invoke(DelegatingMethodAccessorImpl.java:43)
java.lang.reflect.Method.invoke(Method.java:498)
org.junit.runners.model.FrameworkMethod$1.runReflectiveCall(FrameworkMethod.java:59)
org.junit.internal.runners.model.ReflectiveCallable.run(ReflectiveCallable.java:12)
org.junit.runners.model.FrameworkMethod.invokeExplosively(FrameworkMethod.java:56)
org.junit.internal.runners.statements.InvokeMethod.evaluate(InvokeMethod.java:17)
org.junit.internal.runners.statements.FailOnTimeout$CallableStatement.call(FailOnTimeout.java:288)
org.junit.internal.runners.statements.FailOnTimeout$CallableStatement.call(FailOnTimeout.java:282)
java.util.concurrent.FutureTask.run(FutureTask.java:266)
java.lang.Thread.run(Thread.java:748)

[MASTER] 12:04:29.701 [logback-1] WARN  JUnitAnalyzer - Failing test:
 MockFile mockFile0 = new MockFile(" instead of ", " instead of ");
ZipArchiveOutputStream zipArchiveOutputStream0 = new ZipArchiveOutputStream(mockFile0);
zipArchiveOutputStream0.deflate();
assertEquals("UTF8", zipArchiveOutputStream0.getEncoding());


[MASTER] 12:04:45.098 [logback-1] WARN  JUnitAnalyzer - Found unstable test named test0 -> class java.lang.SecurityException: Security manager blocks ("java.io.FilePermission" "/experiment/ instead of / instead of " "write")
java.lang.Thread.getStackTrace(Thread.java:1559)
org.evosuite.runtime.sandbox.MSecurityManager.checkPermission(MSecurityManager.java:433)
java.lang.SecurityManager.checkWrite(SecurityManager.java:979)
sun.nio.fs.UnixChannelFactory.open(UnixChannelFactory.java:247)
sun.nio.fs.UnixChannelFactory.newFileChannel(UnixChannelFactory.java:136)
sun.nio.fs.UnixChannelFactory.newFileChannel(UnixChannelFactory.java:148)
sun.nio.fs.UnixFileSystemProvider.newByteChannel(UnixFileSystemProvider.java:212)
java.nio.file.Files.newByteChannel(Files.java:361)
org.apache.commons.compress.archivers.zip.ZipArchiveOutputStream.<init>(ZipArchiveOutputStream.java:292)
org.apache.commons.compress.archivers.zip.ZipArchiveOutputStream_42_tmp__ESTest.test0(ZipArchiveOutputStream_42_tmp__ESTest.java:22)
sun.reflect.NativeMethodAccessorImpl.invoke0(Native Method)
sun.reflect.NativeMethodAccessorImpl.invoke(NativeMethodAccessorImpl.java:62)
sun.reflect.DelegatingMethodAccessorImpl.invoke(DelegatingMethodAccessorImpl.java:43)
java.lang.reflect.Method.invoke(Method.java:498)
org.junit.runners.model.FrameworkMethod$1.runReflectiveCall(FrameworkMethod.java:59)
org.junit.internal.runners.model.ReflectiveCallable.run(ReflectiveCallable.java:12)
org.junit.runners.model.FrameworkMethod.invokeExplosively(FrameworkMethod.java:56)
org.junit.internal.runners.statements.InvokeMethod.evaluate(InvokeMethod.java:17)
org.junit.internal.runners.statements.FailOnTimeout$CallableStatement.call(FailOnTimeout.java:288)
org.junit.internal.runners.statements.FailOnTimeout$CallableStatement.call(FailOnTimeout.java:282)
java.util.concurrent.FutureTask.run(FutureTask.java:266)
java.lang.Thread.run(Thread.java:748)

[MASTER] 12:04:45.099 [logback-1] WARN  JUnitAnalyzer - Failing test:
 MockFile mockFile0 = new MockFile(" instead of ", " instead of ");
ZipArchiveOutputStream zipArchiveOutputStream0 = new ZipArchiveOutputStream(mockFile0);
boolean boolean0 = zipArchiveOutputStream0.isSeekable();
assertEquals("UTF8", zipArchiveOutputStream0.getEncoding());
assertFalse(boolean0);


[MASTER] 12:04:57.996 [logback-1] WARN  JUnitAnalyzer - Found unstable test named test0 -> class java.lang.SecurityException: Security manager blocks ("java.io.FilePermission" "/tmp/?Di+Sez)jw0?Di+Sez)jw" "write")
java.lang.Thread.getStackTrace(Thread.java:1559)
org.evosuite.runtime.sandbox.MSecurityManager.checkPermission(MSecurityManager.java:433)
java.lang.SecurityManager.checkWrite(SecurityManager.java:979)
sun.nio.fs.UnixChannelFactory.open(UnixChannelFactory.java:247)
sun.nio.fs.UnixChannelFactory.newFileChannel(UnixChannelFactory.java:136)
sun.nio.fs.UnixChannelFactory.newFileChannel(UnixChannelFactory.java:148)
sun.nio.fs.UnixFileSystemProvider.newByteChannel(UnixFileSystemProvider.java:212)
java.nio.file.Files.newByteChannel(Files.java:361)
org.apache.commons.compress.archivers.zip.ZipArchiveOutputStream.<init>(ZipArchiveOutputStream.java:292)
org.apache.commons.compress.archivers.zip.ZipArchiveOutputStream_49_tmp__ESTest.test0(ZipArchiveOutputStream_49_tmp__ESTest.java:23)
sun.reflect.NativeMethodAccessorImpl.invoke0(Native Method)
sun.reflect.NativeMethodAccessorImpl.invoke(NativeMethodAccessorImpl.java:62)
sun.reflect.DelegatingMethodAccessorImpl.invoke(DelegatingMethodAccessorImpl.java:43)
java.lang.reflect.Method.invoke(Method.java:498)
org.junit.runners.model.FrameworkMethod$1.runReflectiveCall(FrameworkMethod.java:59)
org.junit.internal.runners.model.ReflectiveCallable.run(ReflectiveCallable.java:12)
org.junit.runners.model.FrameworkMethod.invokeExplosively(FrameworkMethod.java:56)
org.junit.internal.runners.statements.InvokeMethod.evaluate(InvokeMethod.java:17)
org.junit.internal.runners.statements.FailOnTimeout$CallableStatement.call(FailOnTimeout.java:288)
org.junit.internal.runners.statements.FailOnTimeout$CallableStatement.call(FailOnTimeout.java:282)
java.util.concurrent.FutureTask.run(FutureTask.java:266)
java.lang.Thread.run(Thread.java:748)

[MASTER] 12:04:58.000 [logback-1] WARN  JUnitAnalyzer - Failing test:
 File file0 = MockFile.createTempFile("?Di+Sez)jw", "?Di+Sez)jw");
ZipArchiveOutputStream zipArchiveOutputStream0 = new ZipArchiveOutputStream(file0);
zipArchiveOutputStream0.close();
zipArchiveOutputStream0.close();
assertEquals(8, ZipArchiveOutputStream.DEFLATED);


* Permissions denied during test execution: 
  - java.io.FilePermission: 
         write /experiment/LiIq: 1
         write /tmp/?Di+Sez)jw0?Di+Sez)jw: 1
         write /tmp/Ljr]%uSG[6;f%>CI?%0.tmp: 1
         and other 7 cases of action/name for this exception class
* Writing tests to file
* Writing JUnit test case 'ZipArchiveOutputStream_ESTest' to results/Compress-43/org.apache.commons.compress.archivers.zip.ZipArchiveOutputStream/BBC-F0-opt-100/tests/8
* Done!

* Computation finished
