JUnit version 4.12
.......E.............E.E.E.E..E.E.E.E....E...E...E..E...E....E.E.E.E.E..E.E............E.E..E....
Time: 2.966
There were 24 failures:
1) test20(com.fasterxml.jackson.dataformat.xml.deser.XmlTokenStream_ESTest)
org.evosuite.runtime.mock.java.lang.MockIllegalStateException: Current state not XML_START_ELEMENT (1) but 524288
	at com.fasterxml.jackson.dataformat.xml.deser.XmlTokenStream.repeatStartElement(XmlTokenStream.java:234)
	at com.fasterxml.jackson.dataformat.xml.deser.XmlTokenStream_ESTest.test20(XmlTokenStream_ESTest.java:402)
	at sun.reflect.NativeMethodAccessorImpl.invoke0(Native Method)
	at sun.reflect.NativeMethodAccessorImpl.invoke(NativeMethodAccessorImpl.java:62)
	at sun.reflect.DelegatingMethodAccessorImpl.invoke(DelegatingMethodAccessorImpl.java:43)
	at java.lang.reflect.Method.invoke(Method.java:498)
	at org.junit.runners.model.FrameworkMethod$1.runReflectiveCall(FrameworkMethod.java:50)
	at org.junit.internal.runners.model.ReflectiveCallable.run(ReflectiveCallable.java:12)
	at org.junit.runners.model.FrameworkMethod.invokeExplosively(FrameworkMethod.java:47)
	at org.junit.internal.runners.statements.InvokeMethod.evaluate(InvokeMethod.java:17)
	at org.junit.internal.runners.statements.FailOnTimeout$CallableStatement.call(FailOnTimeout.java:298)
	at org.junit.internal.runners.statements.FailOnTimeout$CallableStatement.call(FailOnTimeout.java:292)
	at java.util.concurrent.FutureTask.run(FutureTask.java:266)
	at java.lang.Thread.run(Thread.java:748)
2) test63(com.fasterxml.jackson.dataformat.xml.deser.XmlTokenStream_ESTest)
org.evosuite.runtime.mock.java.lang.MockIllegalArgumentException: Invalid XMLStreamReader passed: should be pointing to START_ELEMENT (1), instead got 7
	at com.fasterxml.jackson.dataformat.xml.deser.XmlTokenStream.<init>(XmlTokenStream.java:111)
	at com.fasterxml.jackson.dataformat.xml.deser.XmlTokenStream_ESTest.test63(XmlTokenStream_ESTest.java:1131)
	at sun.reflect.NativeMethodAccessorImpl.invoke0(Native Method)
	at sun.reflect.NativeMethodAccessorImpl.invoke(NativeMethodAccessorImpl.java:62)
	at sun.reflect.DelegatingMethodAccessorImpl.invoke(DelegatingMethodAccessorImpl.java:43)
	at java.lang.reflect.Method.invoke(Method.java:498)
	at org.junit.runners.model.FrameworkMethod$1.runReflectiveCall(FrameworkMethod.java:50)
	at org.junit.internal.runners.model.ReflectiveCallable.run(ReflectiveCallable.java:12)
	at org.junit.runners.model.FrameworkMethod.invokeExplosively(FrameworkMethod.java:47)
	at org.junit.internal.runners.statements.InvokeMethod.evaluate(InvokeMethod.java:17)
	at org.junit.internal.runners.statements.FailOnTimeout$CallableStatement.call(FailOnTimeout.java:298)
	at org.junit.internal.runners.statements.FailOnTimeout$CallableStatement.call(FailOnTimeout.java:292)
	at java.util.concurrent.FutureTask.run(FutureTask.java:266)
	at java.lang.Thread.run(Thread.java:748)
3) test35(com.fasterxml.jackson.dataformat.xml.deser.XmlTokenStream_ESTest)
org.evosuite.runtime.mock.java.lang.MockIllegalArgumentException: Illegal attribute index -2946; element <null> has no attributes
	at org.codehaus.stax2.ri.dom.DOMWrappingReader.handleIllegalAttrIndex(DOMWrappingReader.java:2152)
	at org.codehaus.stax2.ri.dom.DOMWrappingReader.getAttributeLocalName(DOMWrappingReader.java:387)
	at javax.xml.stream.util.StreamReaderDelegate.getAttributeLocalName(StreamReaderDelegate.java:169)
	at com.fasterxml.jackson.dataformat.xml.deser.XmlTokenStream._next(XmlTokenStream.java:317)
	at com.fasterxml.jackson.dataformat.xml.deser.XmlTokenStream.next(XmlTokenStream.java:168)
	at com.fasterxml.jackson.dataformat.xml.deser.XmlTokenStream_ESTest.test35(XmlTokenStream_ESTest.java:665)
	at sun.reflect.NativeMethodAccessorImpl.invoke0(Native Method)
	at sun.reflect.NativeMethodAccessorImpl.invoke(NativeMethodAccessorImpl.java:62)
	at sun.reflect.DelegatingMethodAccessorImpl.invoke(DelegatingMethodAccessorImpl.java:43)
	at java.lang.reflect.Method.invoke(Method.java:498)
	at org.junit.runners.model.FrameworkMethod$1.runReflectiveCall(FrameworkMethod.java:50)
	at org.junit.internal.runners.model.ReflectiveCallable.run(ReflectiveCallable.java:12)
	at org.junit.runners.model.FrameworkMethod.invokeExplosively(FrameworkMethod.java:47)
	at org.junit.internal.runners.statements.InvokeMethod.evaluate(InvokeMethod.java:17)
	at org.junit.internal.runners.statements.FailOnTimeout$CallableStatement.call(FailOnTimeout.java:298)
	at org.junit.internal.runners.statements.FailOnTimeout$CallableStatement.call(FailOnTimeout.java:292)
	at java.util.concurrent.FutureTask.run(FutureTask.java:266)
	at java.lang.Thread.run(Thread.java:748)
4) test36(com.fasterxml.jackson.dataformat.xml.deser.XmlTokenStream_ESTest)
org.evosuite.runtime.mock.java.io.MockIOException: javax.xml.stream.XMLStreamException: Internal error: unexpected DOM node type 2 (attr/entity/notation?), for node 'javax.imageio.metadata.IIOAttr@35df8717'
	at com.fasterxml.jackson.dataformat.xml.util.StaxUtil.throwXmlAsIOException(StaxUtil.java:24)
	at com.fasterxml.jackson.dataformat.xml.deser.XmlTokenStream.convertToString(XmlTokenStream.java:297)
	at com.fasterxml.jackson.dataformat.xml.deser.XmlTokenStream_ESTest.test36(XmlTokenStream_ESTest.java:690)
	at sun.reflect.NativeMethodAccessorImpl.invoke0(Native Method)
	at sun.reflect.NativeMethodAccessorImpl.invoke(NativeMethodAccessorImpl.java:62)
	at sun.reflect.DelegatingMethodAccessorImpl.invoke(DelegatingMethodAccessorImpl.java:43)
	at java.lang.reflect.Method.invoke(Method.java:498)
	at org.junit.runners.model.FrameworkMethod$1.runReflectiveCall(FrameworkMethod.java:50)
	at org.junit.internal.runners.model.ReflectiveCallable.run(ReflectiveCallable.java:12)
	at org.junit.runners.model.FrameworkMethod.invokeExplosively(FrameworkMethod.java:47)
	at org.junit.internal.runners.statements.InvokeMethod.evaluate(InvokeMethod.java:17)
	at org.junit.internal.runners.statements.FailOnTimeout$CallableStatement.call(FailOnTimeout.java:298)
	at org.junit.internal.runners.statements.FailOnTimeout$CallableStatement.call(FailOnTimeout.java:292)
	at java.util.concurrent.FutureTask.run(FutureTask.java:266)
	at java.lang.Thread.run(Thread.java:748)
Caused by: javax.xml.stream.XMLStreamException: Internal error: unexpected DOM node type 2 (attr/entity/notation?), for node 'javax.imageio.metadata.IIOAttr@35df8717'
	at org.codehaus.stax2.ri.dom.DOMWrappingReader.next(DOMWrappingReader.java:992)
	at com.fasterxml.jackson.dataformat.xml.deser.XmlTokenStream._collectUntilTag(XmlTokenStream.java:362)
	at com.fasterxml.jackson.dataformat.xml.deser.XmlTokenStream.convertToString(XmlTokenStream.java:278)
	... 13 more
5) test37(com.fasterxml.jackson.dataformat.xml.deser.XmlTokenStream_ESTest)
java.lang.NullPointerException
	at com.fasterxml.jackson.dataformat.xml.deser.XmlTokenStream.<init>(XmlTokenStream.java:110)
	at com.fasterxml.jackson.dataformat.xml.deser.XmlTokenStream_ESTest.test37(XmlTokenStream_ESTest.java:705)
	at sun.reflect.NativeMethodAccessorImpl.invoke0(Native Method)
	at sun.reflect.NativeMethodAccessorImpl.invoke(NativeMethodAccessorImpl.java:62)
	at sun.reflect.DelegatingMethodAccessorImpl.invoke(DelegatingMethodAccessorImpl.java:43)
	at java.lang.reflect.Method.invoke(Method.java:498)
	at org.junit.runners.model.FrameworkMethod$1.runReflectiveCall(FrameworkMethod.java:50)
	at org.junit.internal.runners.model.ReflectiveCallable.run(ReflectiveCallable.java:12)
	at org.junit.runners.model.FrameworkMethod.invokeExplosively(FrameworkMethod.java:47)
	at org.junit.internal.runners.statements.InvokeMethod.evaluate(InvokeMethod.java:17)
	at org.junit.internal.runners.statements.FailOnTimeout$CallableStatement.call(FailOnTimeout.java:298)
	at org.junit.internal.runners.statements.FailOnTimeout$CallableStatement.call(FailOnTimeout.java:292)
	at java.util.concurrent.FutureTask.run(FutureTask.java:266)
	at java.lang.Thread.run(Thread.java:748)
6) test31(com.fasterxml.jackson.dataformat.xml.deser.XmlTokenStream_ESTest)
java.lang.NullPointerException
	at com.fasterxml.jackson.dataformat.xml.deser.XmlTokenStream._handleRepeatElement(XmlTokenStream.java:448)
	at com.fasterxml.jackson.dataformat.xml.deser.XmlTokenStream.next(XmlTokenStream.java:165)
	at com.fasterxml.jackson.dataformat.xml.deser.XmlTokenStream.skipEndElement(XmlTokenStream.java:177)
	at com.fasterxml.jackson.dataformat.xml.deser.XmlTokenStream_ESTest.test31(XmlTokenStream_ESTest.java:573)
	at sun.reflect.NativeMethodAccessorImpl.invoke0(Native Method)
	at sun.reflect.NativeMethodAccessorImpl.invoke(NativeMethodAccessorImpl.java:62)
	at sun.reflect.DelegatingMethodAccessorImpl.invoke(DelegatingMethodAccessorImpl.java:43)
	at java.lang.reflect.Method.invoke(Method.java:498)
	at org.junit.runners.model.FrameworkMethod$1.runReflectiveCall(FrameworkMethod.java:50)
	at org.junit.internal.runners.model.ReflectiveCallable.run(ReflectiveCallable.java:12)
	at org.junit.runners.model.FrameworkMethod.invokeExplosively(FrameworkMethod.java:47)
	at org.junit.internal.runners.statements.InvokeMethod.evaluate(InvokeMethod.java:17)
	at org.junit.internal.runners.statements.FailOnTimeout$CallableStatement.call(FailOnTimeout.java:298)
	at org.junit.internal.runners.statements.FailOnTimeout$CallableStatement.call(FailOnTimeout.java:292)
	at java.util.concurrent.FutureTask.run(FutureTask.java:266)
	at java.lang.Thread.run(Thread.java:748)
7) test32(com.fasterxml.jackson.dataformat.xml.deser.XmlTokenStream_ESTest)
java.util.NoSuchElementException: Can not call next() after receiving END_DOCUMENT
	at org.codehaus.stax2.ri.dom.DOMWrappingReader.next(DOMWrappingReader.java:888)
	at com.fasterxml.jackson.dataformat.xml.deser.XmlTokenStream._collectUntilTag(XmlTokenStream.java:362)
	at com.fasterxml.jackson.dataformat.xml.deser.XmlTokenStream._next(XmlTokenStream.java:323)
	at com.fasterxml.jackson.dataformat.xml.deser.XmlTokenStream.next(XmlTokenStream.java:168)
	at com.fasterxml.jackson.dataformat.xml.deser.XmlTokenStream_ESTest.test32(XmlTokenStream_ESTest.java:597)
	at sun.reflect.NativeMethodAccessorImpl.invoke0(Native Method)
	at sun.reflect.NativeMethodAccessorImpl.invoke(NativeMethodAccessorImpl.java:62)
	at sun.reflect.DelegatingMethodAccessorImpl.invoke(DelegatingMethodAccessorImpl.java:43)
	at java.lang.reflect.Method.invoke(Method.java:498)
	at org.junit.runners.model.FrameworkMethod$1.runReflectiveCall(FrameworkMethod.java:50)
	at org.junit.internal.runners.model.ReflectiveCallable.run(ReflectiveCallable.java:12)
	at org.junit.runners.model.FrameworkMethod.invokeExplosively(FrameworkMethod.java:47)
	at org.junit.internal.runners.statements.InvokeMethod.evaluate(InvokeMethod.java:17)
	at org.junit.internal.runners.statements.FailOnTimeout$CallableStatement.call(FailOnTimeout.java:298)
	at org.junit.internal.runners.statements.FailOnTimeout$CallableStatement.call(FailOnTimeout.java:292)
	at java.util.concurrent.FutureTask.run(FutureTask.java:266)
	at java.lang.Thread.run(Thread.java:748)
8) test33(com.fasterxml.jackson.dataformat.xml.deser.XmlTokenStream_ESTest)
java.lang.NullPointerException
	at com.fasterxml.jackson.dataformat.xml.deser.XmlTokenStream._handleRepeatElement(XmlTokenStream.java:448)
	at com.fasterxml.jackson.dataformat.xml.deser.XmlTokenStream.next(XmlTokenStream.java:165)
	at com.fasterxml.jackson.dataformat.xml.deser.XmlTokenStream_ESTest.test33(XmlTokenStream_ESTest.java:620)
	at sun.reflect.NativeMethodAccessorImpl.invoke0(Native Method)
	at sun.reflect.NativeMethodAccessorImpl.invoke(NativeMethodAccessorImpl.java:62)
	at sun.reflect.DelegatingMethodAccessorImpl.invoke(DelegatingMethodAccessorImpl.java:43)
	at java.lang.reflect.Method.invoke(Method.java:498)
	at org.junit.runners.model.FrameworkMethod$1.runReflectiveCall(FrameworkMethod.java:50)
	at org.junit.internal.runners.model.ReflectiveCallable.run(ReflectiveCallable.java:12)
	at org.junit.runners.model.FrameworkMethod.invokeExplosively(FrameworkMethod.java:47)
	at org.junit.internal.runners.statements.InvokeMethod.evaluate(InvokeMethod.java:17)
	at org.junit.internal.runners.statements.FailOnTimeout$CallableStatement.call(FailOnTimeout.java:298)
	at org.junit.internal.runners.statements.FailOnTimeout$CallableStatement.call(FailOnTimeout.java:292)
	at java.util.concurrent.FutureTask.run(FutureTask.java:266)
	at java.lang.Thread.run(Thread.java:748)
9) test34(com.fasterxml.jackson.dataformat.xml.deser.XmlTokenStream_ESTest)
org.evosuite.runtime.mock.java.lang.MockIllegalStateException: Unrecognized type to repeat: -1
	at com.fasterxml.jackson.dataformat.xml.deser.XmlTokenStream._handleRepeatElement(XmlTokenStream.java:473)
	at com.fasterxml.jackson.dataformat.xml.deser.XmlTokenStream.next(XmlTokenStream.java:165)
	at com.fasterxml.jackson.dataformat.xml.deser.XmlTokenStream_ESTest.test34(XmlTokenStream_ESTest.java:642)
	at sun.reflect.NativeMethodAccessorImpl.invoke0(Native Method)
	at sun.reflect.NativeMethodAccessorImpl.invoke(NativeMethodAccessorImpl.java:62)
	at sun.reflect.DelegatingMethodAccessorImpl.invoke(DelegatingMethodAccessorImpl.java:43)
	at java.lang.reflect.Method.invoke(Method.java:498)
	at org.junit.runners.model.FrameworkMethod$1.runReflectiveCall(FrameworkMethod.java:50)
	at org.junit.internal.runners.model.ReflectiveCallable.run(ReflectiveCallable.java:12)
	at org.junit.runners.model.FrameworkMethod.invokeExplosively(FrameworkMethod.java:47)
	at org.junit.internal.runners.statements.InvokeMethod.evaluate(InvokeMethod.java:17)
	at org.junit.internal.runners.statements.FailOnTimeout$CallableStatement.call(FailOnTimeout.java:298)
	at org.junit.internal.runners.statements.FailOnTimeout$CallableStatement.call(FailOnTimeout.java:292)
	at java.util.concurrent.FutureTask.run(FutureTask.java:266)
	at java.lang.Thread.run(Thread.java:748)
10) test30(com.fasterxml.jackson.dataformat.xml.deser.XmlTokenStream_ESTest)
java.util.NoSuchElementException: Can not call next() after receiving END_DOCUMENT
	at org.codehaus.stax2.ri.dom.DOMWrappingReader.next(DOMWrappingReader.java:888)
	at com.fasterxml.jackson.dataformat.xml.deser.XmlTokenStream._collectUntilTag(XmlTokenStream.java:362)
	at com.fasterxml.jackson.dataformat.xml.deser.XmlTokenStream._next(XmlTokenStream.java:323)
	at com.fasterxml.jackson.dataformat.xml.deser.XmlTokenStream.next(XmlTokenStream.java:168)
	at com.fasterxml.jackson.dataformat.xml.deser.XmlTokenStream.skipEndElement(XmlTokenStream.java:177)
	at com.fasterxml.jackson.dataformat.xml.deser.XmlTokenStream_ESTest.test30(XmlTokenStream_ESTest.java:551)
	at sun.reflect.NativeMethodAccessorImpl.invoke0(Native Method)
	at sun.reflect.NativeMethodAccessorImpl.invoke(NativeMethodAccessorImpl.java:62)
	at sun.reflect.DelegatingMethodAccessorImpl.invoke(DelegatingMethodAccessorImpl.java:43)
	at java.lang.reflect.Method.invoke(Method.java:498)
	at org.junit.runners.model.FrameworkMethod$1.runReflectiveCall(FrameworkMethod.java:50)
	at org.junit.internal.runners.model.ReflectiveCallable.run(ReflectiveCallable.java:12)
	at org.junit.runners.model.FrameworkMethod.invokeExplosively(FrameworkMethod.java:47)
	at org.junit.internal.runners.statements.InvokeMethod.evaluate(InvokeMethod.java:17)
	at org.junit.internal.runners.statements.FailOnTimeout$CallableStatement.call(FailOnTimeout.java:298)
	at org.junit.internal.runners.statements.FailOnTimeout$CallableStatement.call(FailOnTimeout.java:292)
	at java.util.concurrent.FutureTask.run(FutureTask.java:266)
	at java.lang.Thread.run(Thread.java:748)
11) test46(com.fasterxml.jackson.dataformat.xml.deser.XmlTokenStream_ESTest)
org.evosuite.runtime.mock.java.io.MockIOException: Expected END_ELEMENT, got event of type 1
	at com.fasterxml.jackson.dataformat.xml.deser.XmlTokenStream.skipEndElement(XmlTokenStream.java:179)
	at com.fasterxml.jackson.dataformat.xml.deser.XmlTokenStream_ESTest.test46(XmlTokenStream_ESTest.java:872)
	at sun.reflect.NativeMethodAccessorImpl.invoke0(Native Method)
	at sun.reflect.NativeMethodAccessorImpl.invoke(NativeMethodAccessorImpl.java:62)
	at sun.reflect.DelegatingMethodAccessorImpl.invoke(DelegatingMethodAccessorImpl.java:43)
	at java.lang.reflect.Method.invoke(Method.java:498)
	at org.junit.runners.model.FrameworkMethod$1.runReflectiveCall(FrameworkMethod.java:50)
	at org.junit.internal.runners.model.ReflectiveCallable.run(ReflectiveCallable.java:12)
	at org.junit.runners.model.FrameworkMethod.invokeExplosively(FrameworkMethod.java:47)
	at org.junit.internal.runners.statements.InvokeMethod.evaluate(InvokeMethod.java:17)
	at org.junit.internal.runners.statements.FailOnTimeout$CallableStatement.call(FailOnTimeout.java:298)
	at org.junit.internal.runners.statements.FailOnTimeout$CallableStatement.call(FailOnTimeout.java:292)
	at java.util.concurrent.FutureTask.run(FutureTask.java:266)
	at java.lang.Thread.run(Thread.java:748)
12) test04(com.fasterxml.jackson.dataformat.xml.deser.XmlTokenStream_ESTest)
org.evosuite.runtime.mock.java.io.MockIOException: Expected END_ELEMENT, got event of type 1
	at com.fasterxml.jackson.dataformat.xml.deser.XmlTokenStream.skipEndElement(XmlTokenStream.java:179)
	at com.fasterxml.jackson.dataformat.xml.deser.XmlTokenStream_ESTest.test04(XmlTokenStream_ESTest.java:95)
	at sun.reflect.NativeMethodAccessorImpl.invoke0(Native Method)
	at sun.reflect.NativeMethodAccessorImpl.invoke(NativeMethodAccessorImpl.java:62)
	at sun.reflect.DelegatingMethodAccessorImpl.invoke(DelegatingMethodAccessorImpl.java:43)
	at java.lang.reflect.Method.invoke(Method.java:498)
	at org.junit.runners.model.FrameworkMethod$1.runReflectiveCall(FrameworkMethod.java:50)
	at org.junit.internal.runners.model.ReflectiveCallable.run(ReflectiveCallable.java:12)
	at org.junit.runners.model.FrameworkMethod.invokeExplosively(FrameworkMethod.java:47)
	at org.junit.internal.runners.statements.InvokeMethod.evaluate(InvokeMethod.java:17)
	at org.junit.internal.runners.statements.FailOnTimeout$CallableStatement.call(FailOnTimeout.java:298)
	at org.junit.internal.runners.statements.FailOnTimeout$CallableStatement.call(FailOnTimeout.java:292)
	at java.util.concurrent.FutureTask.run(FutureTask.java:266)
	at java.lang.Thread.run(Thread.java:748)
13) test05(com.fasterxml.jackson.dataformat.xml.deser.XmlTokenStream_ESTest)
org.evosuite.runtime.mock.java.io.MockIOException: Expected END_ELEMENT, got event of type 1
	at com.fasterxml.jackson.dataformat.xml.deser.XmlTokenStream.skipEndElement(XmlTokenStream.java:179)
	at com.fasterxml.jackson.dataformat.xml.deser.XmlTokenStream_ESTest.test05(XmlTokenStream_ESTest.java:117)
	at sun.reflect.NativeMethodAccessorImpl.invoke0(Native Method)
	at sun.reflect.NativeMethodAccessorImpl.invoke(NativeMethodAccessorImpl.java:62)
	at sun.reflect.DelegatingMethodAccessorImpl.invoke(DelegatingMethodAccessorImpl.java:43)
	at java.lang.reflect.Method.invoke(Method.java:498)
	at org.junit.runners.model.FrameworkMethod$1.runReflectiveCall(FrameworkMethod.java:50)
	at org.junit.internal.runners.model.ReflectiveCallable.run(ReflectiveCallable.java:12)
	at org.junit.runners.model.FrameworkMethod.invokeExplosively(FrameworkMethod.java:47)
	at org.junit.internal.runners.statements.InvokeMethod.evaluate(InvokeMethod.java:17)
	at org.junit.internal.runners.statements.FailOnTimeout$CallableStatement.call(FailOnTimeout.java:298)
	at org.junit.internal.runners.statements.FailOnTimeout$CallableStatement.call(FailOnTimeout.java:292)
	at java.util.concurrent.FutureTask.run(FutureTask.java:266)
	at java.lang.Thread.run(Thread.java:748)
14) test43(com.fasterxml.jackson.dataformat.xml.deser.XmlTokenStream_ESTest)
org.evosuite.runtime.mock.java.lang.MockIllegalStateException: Unrecognized type to repeat: 0
	at com.fasterxml.jackson.dataformat.xml.deser.XmlTokenStream._handleRepeatElement(XmlTokenStream.java:473)
	at com.fasterxml.jackson.dataformat.xml.deser.XmlTokenStream_ESTest.test43(XmlTokenStream_ESTest.java:809)
	at sun.reflect.NativeMethodAccessorImpl.invoke0(Native Method)
	at sun.reflect.NativeMethodAccessorImpl.invoke(NativeMethodAccessorImpl.java:62)
	at sun.reflect.DelegatingMethodAccessorImpl.invoke(DelegatingMethodAccessorImpl.java:43)
	at java.lang.reflect.Method.invoke(Method.java:498)
	at org.junit.runners.model.FrameworkMethod$1.runReflectiveCall(FrameworkMethod.java:50)
	at org.junit.internal.runners.model.ReflectiveCallable.run(ReflectiveCallable.java:12)
	at org.junit.runners.model.FrameworkMethod.invokeExplosively(FrameworkMethod.java:47)
	at org.junit.internal.runners.statements.InvokeMethod.evaluate(InvokeMethod.java:17)
	at org.junit.internal.runners.statements.FailOnTimeout$CallableStatement.call(FailOnTimeout.java:298)
	at org.junit.internal.runners.statements.FailOnTimeout$CallableStatement.call(FailOnTimeout.java:292)
	at java.util.concurrent.FutureTask.run(FutureTask.java:266)
	at java.lang.Thread.run(Thread.java:748)
15) test45(com.fasterxml.jackson.dataformat.xml.deser.XmlTokenStream_ESTest)
org.evosuite.runtime.mock.java.lang.MockIllegalStateException: Expected to find a tag, instead reached end of input
	at com.fasterxml.jackson.dataformat.xml.deser.XmlTokenStream._skipUntilTag(XmlTokenStream.java:395)
	at com.fasterxml.jackson.dataformat.xml.deser.XmlTokenStream._next(XmlTokenStream.java:348)
	at com.fasterxml.jackson.dataformat.xml.deser.XmlTokenStream.next(XmlTokenStream.java:168)
	at com.fasterxml.jackson.dataformat.xml.deser.XmlTokenStream.skipEndElement(XmlTokenStream.java:177)
	at com.fasterxml.jackson.dataformat.xml.deser.XmlTokenStream_ESTest.test45(XmlTokenStream_ESTest.java:850)
	at sun.reflect.NativeMethodAccessorImpl.invoke0(Native Method)
	at sun.reflect.NativeMethodAccessorImpl.invoke(NativeMethodAccessorImpl.java:62)
	at sun.reflect.DelegatingMethodAccessorImpl.invoke(DelegatingMethodAccessorImpl.java:43)
	at java.lang.reflect.Method.invoke(Method.java:498)
	at org.junit.runners.model.FrameworkMethod$1.runReflectiveCall(FrameworkMethod.java:50)
	at org.junit.internal.runners.model.ReflectiveCallable.run(ReflectiveCallable.java:12)
	at org.junit.runners.model.FrameworkMethod.invokeExplosively(FrameworkMethod.java:47)
	at org.junit.internal.runners.statements.InvokeMethod.evaluate(InvokeMethod.java:17)
	at org.junit.internal.runners.statements.FailOnTimeout$CallableStatement.call(FailOnTimeout.java:298)
	at org.junit.internal.runners.statements.FailOnTimeout$CallableStatement.call(FailOnTimeout.java:292)
	at java.util.concurrent.FutureTask.run(FutureTask.java:266)
	at java.lang.Thread.run(Thread.java:748)
16) test06(com.fasterxml.jackson.dataformat.xml.deser.XmlTokenStream_ESTest)
org.evosuite.runtime.mock.java.lang.MockIllegalStateException: Unrecognized type to repeat: 5
	at com.fasterxml.jackson.dataformat.xml.deser.XmlTokenStream._handleRepeatElement(XmlTokenStream.java:473)
	at com.fasterxml.jackson.dataformat.xml.deser.XmlTokenStream.next(XmlTokenStream.java:165)
	at com.fasterxml.jackson.dataformat.xml.deser.XmlTokenStream.skipEndElement(XmlTokenStream.java:177)
	at com.fasterxml.jackson.dataformat.xml.deser.XmlTokenStream_ESTest.test06(XmlTokenStream_ESTest.java:140)
	at sun.reflect.NativeMethodAccessorImpl.invoke0(Native Method)
	at sun.reflect.NativeMethodAccessorImpl.invoke(NativeMethodAccessorImpl.java:62)
	at sun.reflect.DelegatingMethodAccessorImpl.invoke(DelegatingMethodAccessorImpl.java:43)
	at java.lang.reflect.Method.invoke(Method.java:498)
	at org.junit.runners.model.FrameworkMethod$1.runReflectiveCall(FrameworkMethod.java:50)
	at org.junit.internal.runners.model.ReflectiveCallable.run(ReflectiveCallable.java:12)
	at org.junit.runners.model.FrameworkMethod.invokeExplosively(FrameworkMethod.java:47)
	at org.junit.internal.runners.statements.InvokeMethod.evaluate(InvokeMethod.java:17)
	at org.junit.internal.runners.statements.FailOnTimeout$CallableStatement.call(FailOnTimeout.java:298)
	at org.junit.internal.runners.statements.FailOnTimeout$CallableStatement.call(FailOnTimeout.java:292)
	at java.util.concurrent.FutureTask.run(FutureTask.java:266)
	at java.lang.Thread.run(Thread.java:748)
17) test07(com.fasterxml.jackson.dataformat.xml.deser.XmlTokenStream_ESTest)
org.evosuite.runtime.mock.java.io.MockIOException: Expected END_ELEMENT, got event of type 1
	at com.fasterxml.jackson.dataformat.xml.deser.XmlTokenStream.skipEndElement(XmlTokenStream.java:179)
	at com.fasterxml.jackson.dataformat.xml.deser.XmlTokenStream_ESTest.test07(XmlTokenStream_ESTest.java:164)
	at sun.reflect.NativeMethodAccessorImpl.invoke0(Native Method)
	at sun.reflect.NativeMethodAccessorImpl.invoke(NativeMethodAccessorImpl.java:62)
	at sun.reflect.DelegatingMethodAccessorImpl.invoke(DelegatingMethodAccessorImpl.java:43)
	at java.lang.reflect.Method.invoke(Method.java:498)
	at org.junit.runners.model.FrameworkMethod$1.runReflectiveCall(FrameworkMethod.java:50)
	at org.junit.internal.runners.model.ReflectiveCallable.run(ReflectiveCallable.java:12)
	at org.junit.runners.model.FrameworkMethod.invokeExplosively(FrameworkMethod.java:47)
	at org.junit.internal.runners.statements.InvokeMethod.evaluate(InvokeMethod.java:17)
	at org.junit.internal.runners.statements.FailOnTimeout$CallableStatement.call(FailOnTimeout.java:298)
	at org.junit.internal.runners.statements.FailOnTimeout$CallableStatement.call(FailOnTimeout.java:292)
	at java.util.concurrent.FutureTask.run(FutureTask.java:266)
	at java.lang.Thread.run(Thread.java:748)
18) test08(com.fasterxml.jackson.dataformat.xml.deser.XmlTokenStream_ESTest)
org.evosuite.runtime.mock.java.io.MockIOException: Expected END_ELEMENT, got event of type 1
	at com.fasterxml.jackson.dataformat.xml.deser.XmlTokenStream.skipEndElement(XmlTokenStream.java:179)
	at com.fasterxml.jackson.dataformat.xml.deser.XmlTokenStream_ESTest.test08(XmlTokenStream_ESTest.java:189)
	at sun.reflect.NativeMethodAccessorImpl.invoke0(Native Method)
	at sun.reflect.NativeMethodAccessorImpl.invoke(NativeMethodAccessorImpl.java:62)
	at sun.reflect.DelegatingMethodAccessorImpl.invoke(DelegatingMethodAccessorImpl.java:43)
	at java.lang.reflect.Method.invoke(Method.java:498)
	at org.junit.runners.model.FrameworkMethod$1.runReflectiveCall(FrameworkMethod.java:50)
	at org.junit.internal.runners.model.ReflectiveCallable.run(ReflectiveCallable.java:12)
	at org.junit.runners.model.FrameworkMethod.invokeExplosively(FrameworkMethod.java:47)
	at org.junit.internal.runners.statements.InvokeMethod.evaluate(InvokeMethod.java:17)
	at org.junit.internal.runners.statements.FailOnTimeout$CallableStatement.call(FailOnTimeout.java:298)
	at org.junit.internal.runners.statements.FailOnTimeout$CallableStatement.call(FailOnTimeout.java:292)
	at java.util.concurrent.FutureTask.run(FutureTask.java:266)
	at java.lang.Thread.run(Thread.java:748)
19) test09(com.fasterxml.jackson.dataformat.xml.deser.XmlTokenStream_ESTest)
org.evosuite.runtime.mock.java.io.MockIOException: Expected END_ELEMENT, got event of type 1
	at com.fasterxml.jackson.dataformat.xml.deser.XmlTokenStream.skipEndElement(XmlTokenStream.java:179)
	at com.fasterxml.jackson.dataformat.xml.deser.XmlTokenStream_ESTest.test09(XmlTokenStream_ESTest.java:213)
	at sun.reflect.NativeMethodAccessorImpl.invoke0(Native Method)
	at sun.reflect.NativeMethodAccessorImpl.invoke(NativeMethodAccessorImpl.java:62)
	at sun.reflect.DelegatingMethodAccessorImpl.invoke(DelegatingMethodAccessorImpl.java:43)
	at java.lang.reflect.Method.invoke(Method.java:498)
	at org.junit.runners.model.FrameworkMethod$1.runReflectiveCall(FrameworkMethod.java:50)
	at org.junit.internal.runners.model.ReflectiveCallable.run(ReflectiveCallable.java:12)
	at org.junit.runners.model.FrameworkMethod.invokeExplosively(FrameworkMethod.java:47)
	at org.junit.internal.runners.statements.InvokeMethod.evaluate(InvokeMethod.java:17)
	at org.junit.internal.runners.statements.FailOnTimeout$CallableStatement.call(FailOnTimeout.java:298)
	at org.junit.internal.runners.statements.FailOnTimeout$CallableStatement.call(FailOnTimeout.java:292)
	at java.util.concurrent.FutureTask.run(FutureTask.java:266)
	at java.lang.Thread.run(Thread.java:748)
20) test41(com.fasterxml.jackson.dataformat.xml.deser.XmlTokenStream_ESTest)
org.evosuite.runtime.mock.java.io.MockIOException: Expected END_ELEMENT, got event of type 1
	at com.fasterxml.jackson.dataformat.xml.deser.XmlTokenStream.skipEndElement(XmlTokenStream.java:179)
	at com.fasterxml.jackson.dataformat.xml.deser.XmlTokenStream_ESTest.test41(XmlTokenStream_ESTest.java:772)
	at sun.reflect.NativeMethodAccessorImpl.invoke0(Native Method)
	at sun.reflect.NativeMethodAccessorImpl.invoke(NativeMethodAccessorImpl.java:62)
	at sun.reflect.DelegatingMethodAccessorImpl.invoke(DelegatingMethodAccessorImpl.java:43)
	at java.lang.reflect.Method.invoke(Method.java:498)
	at org.junit.runners.model.FrameworkMethod$1.runReflectiveCall(FrameworkMethod.java:50)
	at org.junit.internal.runners.model.ReflectiveCallable.run(ReflectiveCallable.java:12)
	at org.junit.runners.model.FrameworkMethod.invokeExplosively(FrameworkMethod.java:47)
	at org.junit.internal.runners.statements.InvokeMethod.evaluate(InvokeMethod.java:17)
	at org.junit.internal.runners.statements.FailOnTimeout$CallableStatement.call(FailOnTimeout.java:298)
	at org.junit.internal.runners.statements.FailOnTimeout$CallableStatement.call(FailOnTimeout.java:292)
	at java.util.concurrent.FutureTask.run(FutureTask.java:266)
	at java.lang.Thread.run(Thread.java:748)
21) test13(com.fasterxml.jackson.dataformat.xml.deser.XmlTokenStream_ESTest)
org.evosuite.runtime.mock.java.lang.MockIllegalArgumentException: Illegal attribute index -1235; element <null> has no attributes
	at org.codehaus.stax2.ri.dom.DOMWrappingReader.handleIllegalAttrIndex(DOMWrappingReader.java:2152)
	at org.codehaus.stax2.ri.dom.DOMWrappingReader.getAttributeLocalName(DOMWrappingReader.java:387)
	at com.fasterxml.jackson.dataformat.xml.deser.XmlTokenStream._next(XmlTokenStream.java:317)
	at com.fasterxml.jackson.dataformat.xml.deser.XmlTokenStream.next(XmlTokenStream.java:168)
	at com.fasterxml.jackson.dataformat.xml.deser.XmlTokenStream.skipEndElement(XmlTokenStream.java:177)
	at com.fasterxml.jackson.dataformat.xml.deser.XmlTokenStream_ESTest.test13(XmlTokenStream_ESTest.java:287)
	at sun.reflect.NativeMethodAccessorImpl.invoke0(Native Method)
	at sun.reflect.NativeMethodAccessorImpl.invoke(NativeMethodAccessorImpl.java:62)
	at sun.reflect.DelegatingMethodAccessorImpl.invoke(DelegatingMethodAccessorImpl.java:43)
	at java.lang.reflect.Method.invoke(Method.java:498)
	at org.junit.runners.model.FrameworkMethod$1.runReflectiveCall(FrameworkMethod.java:50)
	at org.junit.internal.runners.model.ReflectiveCallable.run(ReflectiveCallable.java:12)
	at org.junit.runners.model.FrameworkMethod.invokeExplosively(FrameworkMethod.java:47)
	at org.junit.internal.runners.statements.InvokeMethod.evaluate(InvokeMethod.java:17)
	at org.junit.internal.runners.statements.FailOnTimeout$CallableStatement.call(FailOnTimeout.java:298)
	at org.junit.internal.runners.statements.FailOnTimeout$CallableStatement.call(FailOnTimeout.java:292)
	at java.util.concurrent.FutureTask.run(FutureTask.java:266)
	at java.lang.Thread.run(Thread.java:748)
22) test12(com.fasterxml.jackson.dataformat.xml.deser.XmlTokenStream_ESTest)
org.evosuite.runtime.mock.java.io.MockIOException: Expected END_ELEMENT, got event of type 3
	at com.fasterxml.jackson.dataformat.xml.deser.XmlTokenStream.skipEndElement(XmlTokenStream.java:179)
	at com.fasterxml.jackson.dataformat.xml.deser.XmlTokenStream_ESTest.test12(XmlTokenStream_ESTest.java:264)
	at sun.reflect.NativeMethodAccessorImpl.invoke0(Native Method)
	at sun.reflect.NativeMethodAccessorImpl.invoke(NativeMethodAccessorImpl.java:62)
	at sun.reflect.DelegatingMethodAccessorImpl.invoke(DelegatingMethodAccessorImpl.java:43)
	at java.lang.reflect.Method.invoke(Method.java:498)
	at org.junit.runners.model.FrameworkMethod$1.runReflectiveCall(FrameworkMethod.java:50)
	at org.junit.internal.runners.model.ReflectiveCallable.run(ReflectiveCallable.java:12)
	at org.junit.runners.model.FrameworkMethod.invokeExplosively(FrameworkMethod.java:47)
	at org.junit.internal.runners.statements.InvokeMethod.evaluate(InvokeMethod.java:17)
	at org.junit.internal.runners.statements.FailOnTimeout$CallableStatement.call(FailOnTimeout.java:298)
	at org.junit.internal.runners.statements.FailOnTimeout$CallableStatement.call(FailOnTimeout.java:292)
	at java.util.concurrent.FutureTask.run(FutureTask.java:266)
	at java.lang.Thread.run(Thread.java:748)
23) test56(com.fasterxml.jackson.dataformat.xml.deser.XmlTokenStream_ESTest)
org.evosuite.runtime.mock.java.lang.MockIllegalStateException: Current state not XML_START_ELEMENT or XML_ATTRIBUTE_NAME (1) but 2
	at com.fasterxml.jackson.dataformat.xml.deser.XmlTokenStream.skipAttributes(XmlTokenStream.java:266)
	at com.fasterxml.jackson.dataformat.xml.deser.XmlTokenStream_ESTest.test56(XmlTokenStream_ESTest.java:1030)
	at sun.reflect.NativeMethodAccessorImpl.invoke0(Native Method)
	at sun.reflect.NativeMethodAccessorImpl.invoke(NativeMethodAccessorImpl.java:62)
	at sun.reflect.DelegatingMethodAccessorImpl.invoke(DelegatingMethodAccessorImpl.java:43)
	at java.lang.reflect.Method.invoke(Method.java:498)
	at org.junit.runners.model.FrameworkMethod$1.runReflectiveCall(FrameworkMethod.java:50)
	at org.junit.internal.runners.model.ReflectiveCallable.run(ReflectiveCallable.java:12)
	at org.junit.runners.model.FrameworkMethod.invokeExplosively(FrameworkMethod.java:47)
	at org.junit.internal.runners.statements.InvokeMethod.evaluate(InvokeMethod.java:17)
	at org.junit.internal.runners.statements.FailOnTimeout$CallableStatement.call(FailOnTimeout.java:298)
	at org.junit.internal.runners.statements.FailOnTimeout$CallableStatement.call(FailOnTimeout.java:292)
	at java.util.concurrent.FutureTask.run(FutureTask.java:266)
	at java.lang.Thread.run(Thread.java:748)
24) test18(com.fasterxml.jackson.dataformat.xml.deser.XmlTokenStream_ESTest)
org.evosuite.runtime.mock.java.lang.MockIllegalStateException: Current state not XML_START_ELEMENT or XML_ATTRIBUTE_NAME (1) but 524288
	at com.fasterxml.jackson.dataformat.xml.deser.XmlTokenStream.skipAttributes(XmlTokenStream.java:266)
	at com.fasterxml.jackson.dataformat.xml.deser.XmlTokenStream_ESTest.test18(XmlTokenStream_ESTest.java:367)
	at sun.reflect.NativeMethodAccessorImpl.invoke0(Native Method)
	at sun.reflect.NativeMethodAccessorImpl.invoke(NativeMethodAccessorImpl.java:62)
	at sun.reflect.DelegatingMethodAccessorImpl.invoke(DelegatingMethodAccessorImpl.java:43)
	at java.lang.reflect.Method.invoke(Method.java:498)
	at org.junit.runners.model.FrameworkMethod$1.runReflectiveCall(FrameworkMethod.java:50)
	at org.junit.internal.runners.model.ReflectiveCallable.run(ReflectiveCallable.java:12)
	at org.junit.runners.model.FrameworkMethod.invokeExplosively(FrameworkMethod.java:47)
	at org.junit.internal.runners.statements.InvokeMethod.evaluate(InvokeMethod.java:17)
	at org.junit.internal.runners.statements.FailOnTimeout$CallableStatement.call(FailOnTimeout.java:298)
	at org.junit.internal.runners.statements.FailOnTimeout$CallableStatement.call(FailOnTimeout.java:292)
	at java.util.concurrent.FutureTask.run(FutureTask.java:266)
	at java.lang.Thread.run(Thread.java:748)

FAILURES!!!
Tests run: 73,  Failures: 24

