JUnit version 4.12
............................E..............E..E.E.E..E...E.....E....E........E.........E....
Time: 2.479
There were 11 failures:
1) test55(org.apache.commons.compress.archivers.zip.X5455_ExtendedTimestamp_ESTest)
org.evosuite.runtime.mock.java.lang.MockIllegalArgumentException: X5455 timestamps must fit in a signed 32 bit integer: 4294967296
	at org.apache.commons.compress.archivers.zip.X5455_ExtendedTimestamp.unixTimeToZipLong(X5455_ExtendedTimestamp.java:531)
	at org.apache.commons.compress.archivers.zip.X5455_ExtendedTimestamp.dateToZipLong(X5455_ExtendedTimestamp.java:525)
	at org.apache.commons.compress.archivers.zip.X5455_ExtendedTimestamp.setCreateJavaTime(X5455_ExtendedTimestamp.java:510)
	at org.apache.commons.compress.archivers.zip.X5455_ExtendedTimestamp_ESTest.test55(X5455_ExtendedTimestamp_ESTest.java:600)
	at sun.reflect.NativeMethodAccessorImpl.invoke0(Native Method)
	at sun.reflect.NativeMethodAccessorImpl.invoke(NativeMethodAccessorImpl.java:62)
	at sun.reflect.DelegatingMethodAccessorImpl.invoke(DelegatingMethodAccessorImpl.java:43)
	at java.lang.reflect.Method.invoke(Method.java:498)
	at org.junit.runners.model.FrameworkMethod$1.runReflectiveCall(FrameworkMethod.java:50)
	at org.junit.internal.runners.model.ReflectiveCallable.run(ReflectiveCallable.java:12)
	at org.junit.runners.model.FrameworkMethod.invokeExplosively(FrameworkMethod.java:47)
	at org.junit.internal.runners.statements.InvokeMethod.evaluate(InvokeMethod.java:17)
	at org.junit.internal.runners.statements.FailOnTimeout$CallableStatement.call(FailOnTimeout.java:298)
	at org.junit.internal.runners.statements.FailOnTimeout$CallableStatement.call(FailOnTimeout.java:292)
	at java.util.concurrent.FutureTask.run(FutureTask.java:266)
	at java.lang.Thread.run(Thread.java:748)
2) test29(org.apache.commons.compress.archivers.zip.X5455_ExtendedTimestamp_ESTest)
java.lang.NullPointerException
	at org.apache.commons.compress.archivers.zip.X5455_ExtendedTimestamp.getLocalFileDataData(X5455_ExtendedTimestamp.java:179)
	at org.apache.commons.compress.archivers.zip.X5455_ExtendedTimestamp_ESTest.test29(X5455_ExtendedTimestamp_ESTest.java:326)
	at sun.reflect.NativeMethodAccessorImpl.invoke0(Native Method)
	at sun.reflect.NativeMethodAccessorImpl.invoke(NativeMethodAccessorImpl.java:62)
	at sun.reflect.DelegatingMethodAccessorImpl.invoke(DelegatingMethodAccessorImpl.java:43)
	at java.lang.reflect.Method.invoke(Method.java:498)
	at org.junit.runners.model.FrameworkMethod$1.runReflectiveCall(FrameworkMethod.java:50)
	at org.junit.internal.runners.model.ReflectiveCallable.run(ReflectiveCallable.java:12)
	at org.junit.runners.model.FrameworkMethod.invokeExplosively(FrameworkMethod.java:47)
	at org.junit.internal.runners.statements.InvokeMethod.evaluate(InvokeMethod.java:17)
	at org.junit.internal.runners.statements.FailOnTimeout$CallableStatement.call(FailOnTimeout.java:298)
	at org.junit.internal.runners.statements.FailOnTimeout$CallableStatement.call(FailOnTimeout.java:292)
	at java.util.concurrent.FutureTask.run(FutureTask.java:266)
	at java.lang.Thread.run(Thread.java:748)
3) test23(org.apache.commons.compress.archivers.zip.X5455_ExtendedTimestamp_ESTest)
org.evosuite.runtime.mock.java.lang.MockIllegalArgumentException: X5455 timestamps must fit in a signed 32 bit integer: 127994206080
	at org.apache.commons.compress.archivers.zip.X5455_ExtendedTimestamp.unixTimeToZipLong(X5455_ExtendedTimestamp.java:531)
	at org.apache.commons.compress.archivers.zip.X5455_ExtendedTimestamp.dateToZipLong(X5455_ExtendedTimestamp.java:525)
	at org.apache.commons.compress.archivers.zip.X5455_ExtendedTimestamp.setAccessJavaTime(X5455_ExtendedTimestamp.java:495)
	at org.apache.commons.compress.archivers.zip.X5455_ExtendedTimestamp_ESTest.test23(X5455_ExtendedTimestamp_ESTest.java:258)
	at sun.reflect.NativeMethodAccessorImpl.invoke0(Native Method)
	at sun.reflect.NativeMethodAccessorImpl.invoke(NativeMethodAccessorImpl.java:62)
	at sun.reflect.DelegatingMethodAccessorImpl.invoke(DelegatingMethodAccessorImpl.java:43)
	at java.lang.reflect.Method.invoke(Method.java:498)
	at org.junit.runners.model.FrameworkMethod$1.runReflectiveCall(FrameworkMethod.java:50)
	at org.junit.internal.runners.model.ReflectiveCallable.run(ReflectiveCallable.java:12)
	at org.junit.runners.model.FrameworkMethod.invokeExplosively(FrameworkMethod.java:47)
	at org.junit.internal.runners.statements.InvokeMethod.evaluate(InvokeMethod.java:17)
	at org.junit.internal.runners.statements.FailOnTimeout$CallableStatement.call(FailOnTimeout.java:298)
	at org.junit.internal.runners.statements.FailOnTimeout$CallableStatement.call(FailOnTimeout.java:292)
	at java.util.concurrent.FutureTask.run(FutureTask.java:266)
	at java.lang.Thread.run(Thread.java:748)
4) test67(org.apache.commons.compress.archivers.zip.X5455_ExtendedTimestamp_ESTest)
java.lang.NullPointerException
	at org.apache.commons.compress.archivers.zip.X5455_ExtendedTimestamp.getLocalFileDataData(X5455_ExtendedTimestamp.java:179)
	at org.apache.commons.compress.archivers.zip.X5455_ExtendedTimestamp.getCentralDirectoryData(X5455_ExtendedTimestamp.java:204)
	at org.apache.commons.compress.archivers.zip.X5455_ExtendedTimestamp_ESTest.test67(X5455_ExtendedTimestamp_ESTest.java:730)
	at sun.reflect.NativeMethodAccessorImpl.invoke0(Native Method)
	at sun.reflect.NativeMethodAccessorImpl.invoke(NativeMethodAccessorImpl.java:62)
	at sun.reflect.DelegatingMethodAccessorImpl.invoke(DelegatingMethodAccessorImpl.java:43)
	at java.lang.reflect.Method.invoke(Method.java:498)
	at org.junit.runners.model.FrameworkMethod$1.runReflectiveCall(FrameworkMethod.java:50)
	at org.junit.internal.runners.model.ReflectiveCallable.run(ReflectiveCallable.java:12)
	at org.junit.runners.model.FrameworkMethod.invokeExplosively(FrameworkMethod.java:47)
	at org.junit.internal.runners.statements.InvokeMethod.evaluate(InvokeMethod.java:17)
	at org.junit.internal.runners.statements.FailOnTimeout$CallableStatement.call(FailOnTimeout.java:298)
	at org.junit.internal.runners.statements.FailOnTimeout$CallableStatement.call(FailOnTimeout.java:292)
	at java.util.concurrent.FutureTask.run(FutureTask.java:266)
	at java.lang.Thread.run(Thread.java:748)
5) test22(org.apache.commons.compress.archivers.zip.X5455_ExtendedTimestamp_ESTest)
org.evosuite.runtime.mock.java.lang.MockIllegalArgumentException: X5455 timestamps must fit in a signed 32 bit integer: 107194188780
	at org.apache.commons.compress.archivers.zip.X5455_ExtendedTimestamp.unixTimeToZipLong(X5455_ExtendedTimestamp.java:531)
	at org.apache.commons.compress.archivers.zip.X5455_ExtendedTimestamp.dateToZipLong(X5455_ExtendedTimestamp.java:525)
	at org.apache.commons.compress.archivers.zip.X5455_ExtendedTimestamp.setModifyJavaTime(X5455_ExtendedTimestamp.java:480)
	at org.apache.commons.compress.archivers.zip.X5455_ExtendedTimestamp_ESTest.test22(X5455_ExtendedTimestamp_ESTest.java:241)
	at sun.reflect.NativeMethodAccessorImpl.invoke0(Native Method)
	at sun.reflect.NativeMethodAccessorImpl.invoke(NativeMethodAccessorImpl.java:62)
	at sun.reflect.DelegatingMethodAccessorImpl.invoke(DelegatingMethodAccessorImpl.java:43)
	at java.lang.reflect.Method.invoke(Method.java:498)
	at org.junit.runners.model.FrameworkMethod$1.runReflectiveCall(FrameworkMethod.java:50)
	at org.junit.internal.runners.model.ReflectiveCallable.run(ReflectiveCallable.java:12)
	at org.junit.runners.model.FrameworkMethod.invokeExplosively(FrameworkMethod.java:47)
	at org.junit.internal.runners.statements.InvokeMethod.evaluate(InvokeMethod.java:17)
	at org.junit.internal.runners.statements.FailOnTimeout$CallableStatement.call(FailOnTimeout.java:298)
	at org.junit.internal.runners.statements.FailOnTimeout$CallableStatement.call(FailOnTimeout.java:292)
	at java.util.concurrent.FutureTask.run(FutureTask.java:266)
	at java.lang.Thread.run(Thread.java:748)
6) test21(org.apache.commons.compress.archivers.zip.X5455_ExtendedTimestamp_ESTest)
org.evosuite.runtime.mock.java.lang.MockIllegalArgumentException: Can only convert non-negative integers between [0,255] to byte: [-69]
	at org.apache.commons.compress.archivers.zip.ZipUtil.unsignedIntToSignedByte(ZipUtil.java:188)
	at org.apache.commons.compress.archivers.zip.X5455_ExtendedTimestamp.toString(X5455_ExtendedTimestamp.java:547)
	at org.apache.commons.compress.archivers.zip.X5455_ExtendedTimestamp_ESTest.test21(X5455_ExtendedTimestamp_ESTest.java:224)
	at sun.reflect.NativeMethodAccessorImpl.invoke0(Native Method)
	at sun.reflect.NativeMethodAccessorImpl.invoke(NativeMethodAccessorImpl.java:62)
	at sun.reflect.DelegatingMethodAccessorImpl.invoke(DelegatingMethodAccessorImpl.java:43)
	at java.lang.reflect.Method.invoke(Method.java:498)
	at org.junit.runners.model.FrameworkMethod$1.runReflectiveCall(FrameworkMethod.java:50)
	at org.junit.internal.runners.model.ReflectiveCallable.run(ReflectiveCallable.java:12)
	at org.junit.runners.model.FrameworkMethod.invokeExplosively(FrameworkMethod.java:47)
	at org.junit.internal.runners.statements.InvokeMethod.evaluate(InvokeMethod.java:17)
	at org.junit.internal.runners.statements.FailOnTimeout$CallableStatement.call(FailOnTimeout.java:298)
	at org.junit.internal.runners.statements.FailOnTimeout$CallableStatement.call(FailOnTimeout.java:292)
	at java.util.concurrent.FutureTask.run(FutureTask.java:266)
	at java.lang.Thread.run(Thread.java:748)
7) test64(org.apache.commons.compress.archivers.zip.X5455_ExtendedTimestamp_ESTest)
java.lang.ArrayIndexOutOfBoundsException: 5
	at org.apache.commons.compress.utils.ByteUtils.fromLittleEndian(ByteUtils.java:83)
	at org.apache.commons.compress.archivers.zip.ZipLong.getValue(ZipLong.java:166)
	at org.apache.commons.compress.archivers.zip.ZipLong.<init>(ZipLong.java:106)
	at org.apache.commons.compress.archivers.zip.X5455_ExtendedTimestamp.parseFromLocalFileData(X5455_ExtendedTimestamp.java:235)
	at org.apache.commons.compress.archivers.zip.X5455_ExtendedTimestamp_ESTest.test64(X5455_ExtendedTimestamp_ESTest.java:696)
	at sun.reflect.NativeMethodAccessorImpl.invoke0(Native Method)
	at sun.reflect.NativeMethodAccessorImpl.invoke(NativeMethodAccessorImpl.java:62)
	at sun.reflect.DelegatingMethodAccessorImpl.invoke(DelegatingMethodAccessorImpl.java:43)
	at java.lang.reflect.Method.invoke(Method.java:498)
	at org.junit.runners.model.FrameworkMethod$1.runReflectiveCall(FrameworkMethod.java:50)
	at org.junit.internal.runners.model.ReflectiveCallable.run(ReflectiveCallable.java:12)
	at org.junit.runners.model.FrameworkMethod.invokeExplosively(FrameworkMethod.java:47)
	at org.junit.internal.runners.statements.InvokeMethod.evaluate(InvokeMethod.java:17)
	at org.junit.internal.runners.statements.FailOnTimeout$CallableStatement.call(FailOnTimeout.java:298)
	at org.junit.internal.runners.statements.FailOnTimeout$CallableStatement.call(FailOnTimeout.java:292)
	at java.util.concurrent.FutureTask.run(FutureTask.java:266)
	at java.lang.Thread.run(Thread.java:748)
8) test24(org.apache.commons.compress.archivers.zip.X5455_ExtendedTimestamp_ESTest)
java.lang.NullPointerException
	at org.apache.commons.compress.archivers.zip.X5455_ExtendedTimestamp.parseFromLocalFileData(X5455_ExtendedTimestamp.java:226)
	at org.apache.commons.compress.archivers.zip.X5455_ExtendedTimestamp_ESTest.test24(X5455_ExtendedTimestamp_ESTest.java:274)
	at sun.reflect.NativeMethodAccessorImpl.invoke0(Native Method)
	at sun.reflect.NativeMethodAccessorImpl.invoke(NativeMethodAccessorImpl.java:62)
	at sun.reflect.DelegatingMethodAccessorImpl.invoke(DelegatingMethodAccessorImpl.java:43)
	at java.lang.reflect.Method.invoke(Method.java:498)
	at org.junit.runners.model.FrameworkMethod$1.runReflectiveCall(FrameworkMethod.java:50)
	at org.junit.internal.runners.model.ReflectiveCallable.run(ReflectiveCallable.java:12)
	at org.junit.runners.model.FrameworkMethod.invokeExplosively(FrameworkMethod.java:47)
	at org.junit.internal.runners.statements.InvokeMethod.evaluate(InvokeMethod.java:17)
	at org.junit.internal.runners.statements.FailOnTimeout$CallableStatement.call(FailOnTimeout.java:298)
	at org.junit.internal.runners.statements.FailOnTimeout$CallableStatement.call(FailOnTimeout.java:292)
	at java.util.concurrent.FutureTask.run(FutureTask.java:266)
	at java.lang.Thread.run(Thread.java:748)
9) test61(org.apache.commons.compress.archivers.zip.X5455_ExtendedTimestamp_ESTest)
java.lang.ArrayIndexOutOfBoundsException: 8
	at org.apache.commons.compress.utils.ByteUtils.fromLittleEndian(ByteUtils.java:83)
	at org.apache.commons.compress.archivers.zip.ZipLong.getValue(ZipLong.java:166)
	at org.apache.commons.compress.archivers.zip.ZipLong.<init>(ZipLong.java:106)
	at org.apache.commons.compress.archivers.zip.X5455_ExtendedTimestamp.parseFromLocalFileData(X5455_ExtendedTimestamp.java:239)
	at org.apache.commons.compress.archivers.zip.X5455_ExtendedTimestamp_ESTest.test61(X5455_ExtendedTimestamp_ESTest.java:659)
	at sun.reflect.NativeMethodAccessorImpl.invoke0(Native Method)
	at sun.reflect.NativeMethodAccessorImpl.invoke(NativeMethodAccessorImpl.java:62)
	at sun.reflect.DelegatingMethodAccessorImpl.invoke(DelegatingMethodAccessorImpl.java:43)
	at java.lang.reflect.Method.invoke(Method.java:498)
	at org.junit.runners.model.FrameworkMethod$1.runReflectiveCall(FrameworkMethod.java:50)
	at org.junit.internal.runners.model.ReflectiveCallable.run(ReflectiveCallable.java:12)
	at org.junit.runners.model.FrameworkMethod.invokeExplosively(FrameworkMethod.java:47)
	at org.junit.internal.runners.statements.InvokeMethod.evaluate(InvokeMethod.java:17)
	at org.junit.internal.runners.statements.FailOnTimeout$CallableStatement.call(FailOnTimeout.java:298)
	at org.junit.internal.runners.statements.FailOnTimeout$CallableStatement.call(FailOnTimeout.java:292)
	at java.util.concurrent.FutureTask.run(FutureTask.java:266)
	at java.lang.Thread.run(Thread.java:748)
10) test76(org.apache.commons.compress.archivers.zip.X5455_ExtendedTimestamp_ESTest)
java.lang.NullPointerException
	at org.apache.commons.compress.archivers.zip.X5455_ExtendedTimestamp.parseFromLocalFileData(X5455_ExtendedTimestamp.java:226)
	at org.apache.commons.compress.archivers.zip.X5455_ExtendedTimestamp.parseFromCentralDirectoryData(X5455_ExtendedTimestamp.java:253)
	at org.apache.commons.compress.archivers.zip.X5455_ExtendedTimestamp_ESTest.test76(X5455_ExtendedTimestamp_ESTest.java:804)
	at sun.reflect.NativeMethodAccessorImpl.invoke0(Native Method)
	at sun.reflect.NativeMethodAccessorImpl.invoke(NativeMethodAccessorImpl.java:62)
	at sun.reflect.DelegatingMethodAccessorImpl.invoke(DelegatingMethodAccessorImpl.java:43)
	at java.lang.reflect.Method.invoke(Method.java:498)
	at org.junit.runners.model.FrameworkMethod$1.runReflectiveCall(FrameworkMethod.java:50)
	at org.junit.internal.runners.model.ReflectiveCallable.run(ReflectiveCallable.java:12)
	at org.junit.runners.model.FrameworkMethod.invokeExplosively(FrameworkMethod.java:47)
	at org.junit.internal.runners.statements.InvokeMethod.evaluate(InvokeMethod.java:17)
	at org.junit.internal.runners.statements.FailOnTimeout$CallableStatement.call(FailOnTimeout.java:298)
	at org.junit.internal.runners.statements.FailOnTimeout$CallableStatement.call(FailOnTimeout.java:292)
	at java.util.concurrent.FutureTask.run(FutureTask.java:266)
	at java.lang.Thread.run(Thread.java:748)
11) test30(org.apache.commons.compress.archivers.zip.X5455_ExtendedTimestamp_ESTest)
java.lang.ArrayIndexOutOfBoundsException: -3684
	at org.apache.commons.compress.archivers.zip.X5455_ExtendedTimestamp.parseFromLocalFileData(X5455_ExtendedTimestamp.java:226)
	at org.apache.commons.compress.archivers.zip.X5455_ExtendedTimestamp.parseFromCentralDirectoryData(X5455_ExtendedTimestamp.java:253)
	at org.apache.commons.compress.archivers.zip.X5455_ExtendedTimestamp_ESTest.test30(X5455_ExtendedTimestamp_ESTest.java:343)
	at sun.reflect.NativeMethodAccessorImpl.invoke0(Native Method)
	at sun.reflect.NativeMethodAccessorImpl.invoke(NativeMethodAccessorImpl.java:62)
	at sun.reflect.DelegatingMethodAccessorImpl.invoke(DelegatingMethodAccessorImpl.java:43)
	at java.lang.reflect.Method.invoke(Method.java:498)
	at org.junit.runners.model.FrameworkMethod$1.runReflectiveCall(FrameworkMethod.java:50)
	at org.junit.internal.runners.model.ReflectiveCallable.run(ReflectiveCallable.java:12)
	at org.junit.runners.model.FrameworkMethod.invokeExplosively(FrameworkMethod.java:47)
	at org.junit.internal.runners.statements.InvokeMethod.evaluate(InvokeMethod.java:17)
	at org.junit.internal.runners.statements.FailOnTimeout$CallableStatement.call(FailOnTimeout.java:298)
	at org.junit.internal.runners.statements.FailOnTimeout$CallableStatement.call(FailOnTimeout.java:292)
	at java.util.concurrent.FutureTask.run(FutureTask.java:266)
	at java.lang.Thread.run(Thread.java:748)

FAILURES!!!
Tests run: 81,  Failures: 11

