JUnit version 4.12
.E.E.E.....E...E.E..E.E....E.E..E...E.E.
Time: 4.811
There were 13 failures:
1) test02(com.google.javascript.jscomp.NameAnalyzer_ESTest)
java.lang.NullPointerException
	at com.google.javascript.jscomp.NodeTraversal.throwUnexpectedException(NodeTraversal.java:266)
	at com.google.javascript.jscomp.NodeTraversal.traverse(NodeTraversal.java:290)
	at com.google.javascript.jscomp.NodeTraversal.traverse(NodeTraversal.java:494)
	at com.google.javascript.jscomp.NameAnalyzer.process(NameAnalyzer.java:1114)
	at com.google.javascript.jscomp.NameAnalyzer_ESTest.test02(NameAnalyzer_ESTest.java:53)
	at sun.reflect.NativeMethodAccessorImpl.invoke0(Native Method)
	at sun.reflect.NativeMethodAccessorImpl.invoke(NativeMethodAccessorImpl.java:62)
	at sun.reflect.DelegatingMethodAccessorImpl.invoke(DelegatingMethodAccessorImpl.java:43)
	at java.lang.reflect.Method.invoke(Method.java:498)
	at org.junit.runners.model.FrameworkMethod$1.runReflectiveCall(FrameworkMethod.java:50)
	at org.junit.internal.runners.model.ReflectiveCallable.run(ReflectiveCallable.java:12)
	at org.junit.runners.model.FrameworkMethod.invokeExplosively(FrameworkMethod.java:47)
	at org.junit.internal.runners.statements.InvokeMethod.evaluate(InvokeMethod.java:17)
	at org.junit.internal.runners.statements.FailOnTimeout$CallableStatement.call(FailOnTimeout.java:298)
	at org.junit.internal.runners.statements.FailOnTimeout$CallableStatement.call(FailOnTimeout.java:292)
	at java.util.concurrent.FutureTask.run(FutureTask.java:266)
	at java.lang.Thread.run(Thread.java:748)
2) test24(com.google.javascript.jscomp.NameAnalyzer_ESTest)
org.evosuite.runtime.mock.java.lang.MockRuntimeException: INTERNAL COMPILER ERROR.
Please report this problem.
NAME is not a string node
	at com.google.javascript.jscomp.Compiler.throwInternalError(Compiler.java:2166)
	at com.google.javascript.jscomp.NodeTraversal.throwUnexpectedException(NodeTraversal.java:266)
	at com.google.javascript.jscomp.NodeTraversal.traverse(NodeTraversal.java:290)
	at com.google.javascript.jscomp.NodeTraversal.traverse(NodeTraversal.java:494)
	at com.google.javascript.jscomp.NameAnalyzer.process(NameAnalyzer.java:1114)
	at com.google.javascript.jscomp.NameAnalyzer_ESTest.test24(NameAnalyzer_ESTest.java:360)
	at sun.reflect.NativeMethodAccessorImpl.invoke0(Native Method)
	at sun.reflect.NativeMethodAccessorImpl.invoke(NativeMethodAccessorImpl.java:62)
	at sun.reflect.DelegatingMethodAccessorImpl.invoke(DelegatingMethodAccessorImpl.java:43)
	at java.lang.reflect.Method.invoke(Method.java:498)
	at org.junit.runners.model.FrameworkMethod$1.runReflectiveCall(FrameworkMethod.java:50)
	at org.junit.internal.runners.model.ReflectiveCallable.run(ReflectiveCallable.java:12)
	at org.junit.runners.model.FrameworkMethod.invokeExplosively(FrameworkMethod.java:47)
	at org.junit.internal.runners.statements.InvokeMethod.evaluate(InvokeMethod.java:17)
	at org.junit.internal.runners.statements.FailOnTimeout$CallableStatement.call(FailOnTimeout.java:298)
	at org.junit.internal.runners.statements.FailOnTimeout$CallableStatement.call(FailOnTimeout.java:292)
	at java.util.concurrent.FutureTask.run(FutureTask.java:266)
	at java.lang.Thread.run(Thread.java:748)
Caused by: java.lang.UnsupportedOperationException: NAME is not a string node
	at com.google.javascript.rhino.Node.getString(Node.java:915)
	at com.google.javascript.jscomp.NameAnalyzer.createNameInformation(NameAnalyzer.java:1483)
	at com.google.javascript.jscomp.NameAnalyzer.access$200(NameAnalyzer.java:78)
	at com.google.javascript.jscomp.NameAnalyzer$ProcessExternals.visit(NameAnalyzer.java:469)
	at com.google.javascript.jscomp.NodeTraversal.traverseBranch(NodeTraversal.java:540)
	at com.google.javascript.jscomp.NodeTraversal.traverse(NodeTraversal.java:287)
	... 15 more
3) test03(com.google.javascript.jscomp.NameAnalyzer_ESTest)
org.evosuite.runtime.mock.java.lang.MockIllegalStateException: -1934178781
	at com.google.javascript.rhino.Token.name(Token.java:287)
	at com.google.javascript.rhino.Node.toString(Node.java:951)
	at com.google.javascript.rhino.Node.toString(Node.java:942)
	at com.google.javascript.jscomp.NodeTraversal.formatNodeContext(NodeTraversal.java:273)
	at com.google.javascript.jscomp.NodeTraversal.throwUnexpectedException(NodeTraversal.java:259)
	at com.google.javascript.jscomp.NodeTraversal.traverse(NodeTraversal.java:290)
	at com.google.javascript.jscomp.NodeTraversal.traverse(NodeTraversal.java:494)
	at com.google.javascript.jscomp.NameAnalyzer.process(NameAnalyzer.java:1119)
	at com.google.javascript.jscomp.NameAnalyzer_ESTest.test03(NameAnalyzer_ESTest.java:73)
	at sun.reflect.NativeMethodAccessorImpl.invoke0(Native Method)
	at sun.reflect.NativeMethodAccessorImpl.invoke(NativeMethodAccessorImpl.java:62)
	at sun.reflect.DelegatingMethodAccessorImpl.invoke(DelegatingMethodAccessorImpl.java:43)
	at java.lang.reflect.Method.invoke(Method.java:498)
	at org.junit.runners.model.FrameworkMethod$1.runReflectiveCall(FrameworkMethod.java:50)
	at org.junit.internal.runners.model.ReflectiveCallable.run(ReflectiveCallable.java:12)
	at org.junit.runners.model.FrameworkMethod.invokeExplosively(FrameworkMethod.java:47)
	at org.junit.internal.runners.statements.InvokeMethod.evaluate(InvokeMethod.java:17)
	at org.junit.internal.runners.statements.FailOnTimeout$CallableStatement.call(FailOnTimeout.java:298)
	at org.junit.internal.runners.statements.FailOnTimeout$CallableStatement.call(FailOnTimeout.java:292)
	at java.util.concurrent.FutureTask.run(FutureTask.java:266)
	at java.lang.Thread.run(Thread.java:748)
4) test20(com.google.javascript.jscomp.NameAnalyzer_ESTest)
org.evosuite.runtime.mock.java.lang.MockRuntimeException: INTERNAL COMPILER ERROR.
Please report this problem.
null
  Node(ASSIGN): [source unknown]
  Parent(ASSIGN): [source unknown]

	at com.google.javascript.jscomp.Compiler.throwInternalError(Compiler.java:2166)
	at com.google.javascript.jscomp.NodeTraversal.throwUnexpectedException(NodeTraversal.java:266)
	at com.google.javascript.jscomp.NodeTraversal.traverse(NodeTraversal.java:290)
	at com.google.javascript.jscomp.NodeTraversal.traverse(NodeTraversal.java:494)
	at com.google.javascript.jscomp.NameAnalyzer.process(NameAnalyzer.java:1115)
	at com.google.javascript.jscomp.NameAnalyzer_ESTest.test20(NameAnalyzer_ESTest.java:308)
	at sun.reflect.NativeMethodAccessorImpl.invoke0(Native Method)
	at sun.reflect.NativeMethodAccessorImpl.invoke(NativeMethodAccessorImpl.java:62)
	at sun.reflect.DelegatingMethodAccessorImpl.invoke(DelegatingMethodAccessorImpl.java:43)
	at java.lang.reflect.Method.invoke(Method.java:498)
	at org.junit.runners.model.FrameworkMethod$1.runReflectiveCall(FrameworkMethod.java:50)
	at org.junit.internal.runners.model.ReflectiveCallable.run(ReflectiveCallable.java:12)
	at org.junit.runners.model.FrameworkMethod.invokeExplosively(FrameworkMethod.java:47)
	at org.junit.internal.runners.statements.InvokeMethod.evaluate(InvokeMethod.java:17)
	at org.junit.internal.runners.statements.FailOnTimeout$CallableStatement.call(FailOnTimeout.java:298)
	at org.junit.internal.runners.statements.FailOnTimeout$CallableStatement.call(FailOnTimeout.java:292)
	at java.util.concurrent.FutureTask.run(FutureTask.java:266)
	at java.lang.Thread.run(Thread.java:748)
Caused by: java.lang.NullPointerException
	at com.google.javascript.jscomp.NameAnalyzer$FindDependencyScopes.recordConsumers(NameAnalyzer.java:532)
	at com.google.javascript.jscomp.NameAnalyzer$FindDependencyScopes.recordConsumers(NameAnalyzer.java:537)
	at com.google.javascript.jscomp.NameAnalyzer$FindDependencyScopes.visit(NameAnalyzer.java:512)
	at com.google.javascript.jscomp.NodeTraversal.traverseBranch(NodeTraversal.java:540)
	at com.google.javascript.jscomp.NodeTraversal.traverseBranch(NodeTraversal.java:534)
	at com.google.javascript.jscomp.NodeTraversal.traverse(NodeTraversal.java:287)
	... 15 more
5) test22(com.google.javascript.jscomp.NameAnalyzer_ESTest)
org.evosuite.runtime.mock.java.lang.MockRuntimeException: INTERNAL COMPILER ERROR.
Please report this problem.
null
  Node(ASSIGN): [source unknown]
  Parent(NAME): [source unknown]

	at com.google.javascript.jscomp.Compiler.throwInternalError(Compiler.java:2166)
	at com.google.javascript.jscomp.NodeTraversal.throwUnexpectedException(NodeTraversal.java:266)
	at com.google.javascript.jscomp.NodeTraversal.traverse(NodeTraversal.java:290)
	at com.google.javascript.jscomp.NodeTraversal.traverse(NodeTraversal.java:494)
	at com.google.javascript.jscomp.NameAnalyzer.process(NameAnalyzer.java:1115)
	at com.google.javascript.jscomp.NameAnalyzer_ESTest.test22(NameAnalyzer_ESTest.java:335)
	at sun.reflect.NativeMethodAccessorImpl.invoke0(Native Method)
	at sun.reflect.NativeMethodAccessorImpl.invoke(NativeMethodAccessorImpl.java:62)
	at sun.reflect.DelegatingMethodAccessorImpl.invoke(DelegatingMethodAccessorImpl.java:43)
	at java.lang.reflect.Method.invoke(Method.java:498)
	at org.junit.runners.model.FrameworkMethod$1.runReflectiveCall(FrameworkMethod.java:50)
	at org.junit.internal.runners.model.ReflectiveCallable.run(ReflectiveCallable.java:12)
	at org.junit.runners.model.FrameworkMethod.invokeExplosively(FrameworkMethod.java:47)
	at org.junit.internal.runners.statements.InvokeMethod.evaluate(InvokeMethod.java:17)
	at org.junit.internal.runners.statements.FailOnTimeout$CallableStatement.call(FailOnTimeout.java:298)
	at org.junit.internal.runners.statements.FailOnTimeout$CallableStatement.call(FailOnTimeout.java:292)
	at java.util.concurrent.FutureTask.run(FutureTask.java:266)
	at java.lang.Thread.run(Thread.java:748)
Caused by: java.lang.NullPointerException
	at com.google.javascript.jscomp.NameAnalyzer.createNameInformation(NameAnalyzer.java:1444)
	at com.google.javascript.jscomp.NameAnalyzer.access$200(NameAnalyzer.java:78)
	at com.google.javascript.jscomp.NameAnalyzer$FindDependencyScopes.recordConsumers(NameAnalyzer.java:540)
	at com.google.javascript.jscomp.NameAnalyzer$FindDependencyScopes.visit(NameAnalyzer.java:512)
	at com.google.javascript.jscomp.NodeTraversal.traverseBranch(NodeTraversal.java:540)
	at com.google.javascript.jscomp.NodeTraversal.traverse(NodeTraversal.java:287)
	... 15 more
6) test01(com.google.javascript.jscomp.NameAnalyzer_ESTest)
org.evosuite.runtime.mock.java.lang.MockRuntimeException: INTERNAL COMPILER ERROR.
Please report this problem.
null
	at com.google.javascript.jscomp.Compiler.throwInternalError(Compiler.java:2166)
	at com.google.javascript.jscomp.NodeTraversal.throwUnexpectedException(NodeTraversal.java:266)
	at com.google.javascript.jscomp.NodeTraversal.traverse(NodeTraversal.java:290)
	at com.google.javascript.jscomp.NodeTraversal.traverse(NodeTraversal.java:494)
	at com.google.javascript.jscomp.NameAnalyzer.process(NameAnalyzer.java:1119)
	at com.google.javascript.jscomp.NameAnalyzer_ESTest.test01(NameAnalyzer_ESTest.java:41)
	at sun.reflect.NativeMethodAccessorImpl.invoke0(Native Method)
	at sun.reflect.NativeMethodAccessorImpl.invoke(NativeMethodAccessorImpl.java:62)
	at sun.reflect.DelegatingMethodAccessorImpl.invoke(DelegatingMethodAccessorImpl.java:43)
	at java.lang.reflect.Method.invoke(Method.java:498)
	at org.junit.runners.model.FrameworkMethod$1.runReflectiveCall(FrameworkMethod.java:50)
	at org.junit.internal.runners.model.ReflectiveCallable.run(ReflectiveCallable.java:12)
	at org.junit.runners.model.FrameworkMethod.invokeExplosively(FrameworkMethod.java:47)
	at org.junit.internal.runners.statements.InvokeMethod.evaluate(InvokeMethod.java:17)
	at org.junit.internal.runners.statements.FailOnTimeout$CallableStatement.call(FailOnTimeout.java:298)
	at org.junit.internal.runners.statements.FailOnTimeout$CallableStatement.call(FailOnTimeout.java:292)
	at java.util.concurrent.FutureTask.run(FutureTask.java:266)
	at java.lang.Thread.run(Thread.java:748)
Caused by: java.lang.NullPointerException
	at com.google.javascript.jscomp.NameAnalyzer$FindReferences.shouldTraverse(NameAnalyzer.java:817)
	at com.google.javascript.jscomp.NodeTraversal.traverseBranch(NodeTraversal.java:523)
	at com.google.javascript.jscomp.NodeTraversal.traverseBranch(NodeTraversal.java:534)
	at com.google.javascript.jscomp.NodeTraversal.traverse(NodeTraversal.java:287)
	... 15 more
7) test06(com.google.javascript.jscomp.NameAnalyzer_ESTest)
org.evosuite.runtime.mock.java.lang.MockRuntimeException: INTERNAL COMPILER ERROR.
Please report this problem.
NAME is not a string node
	at com.google.javascript.jscomp.Compiler.throwInternalError(Compiler.java:2166)
	at com.google.javascript.jscomp.NodeTraversal.throwUnexpectedException(NodeTraversal.java:266)
	at com.google.javascript.jscomp.NodeTraversal.traverse(NodeTraversal.java:290)
	at com.google.javascript.jscomp.NodeTraversal.traverse(NodeTraversal.java:494)
	at com.google.javascript.jscomp.NameAnalyzer.process(NameAnalyzer.java:1119)
	at com.google.javascript.jscomp.NameAnalyzer_ESTest.test06(NameAnalyzer_ESTest.java:112)
	at sun.reflect.NativeMethodAccessorImpl.invoke0(Native Method)
	at sun.reflect.NativeMethodAccessorImpl.invoke(NativeMethodAccessorImpl.java:62)
	at sun.reflect.DelegatingMethodAccessorImpl.invoke(DelegatingMethodAccessorImpl.java:43)
	at java.lang.reflect.Method.invoke(Method.java:498)
	at org.junit.runners.model.FrameworkMethod$1.runReflectiveCall(FrameworkMethod.java:50)
	at org.junit.internal.runners.model.ReflectiveCallable.run(ReflectiveCallable.java:12)
	at org.junit.runners.model.FrameworkMethod.invokeExplosively(FrameworkMethod.java:47)
	at org.junit.internal.runners.statements.InvokeMethod.evaluate(InvokeMethod.java:17)
	at org.junit.internal.runners.statements.FailOnTimeout$CallableStatement.call(FailOnTimeout.java:298)
	at org.junit.internal.runners.statements.FailOnTimeout$CallableStatement.call(FailOnTimeout.java:292)
	at java.util.concurrent.FutureTask.run(FutureTask.java:266)
	at java.lang.Thread.run(Thread.java:748)
Caused by: java.lang.UnsupportedOperationException: NAME is not a string node
	at com.google.javascript.rhino.Node.getString(Node.java:915)
	at com.google.javascript.jscomp.NameAnalyzer.createNameInformation(NameAnalyzer.java:1483)
	at com.google.javascript.jscomp.NameAnalyzer.access$200(NameAnalyzer.java:78)
	at com.google.javascript.jscomp.NameAnalyzer$FindReferences.visit(NameAnalyzer.java:859)
	at com.google.javascript.jscomp.NodeTraversal.traverseBranch(NodeTraversal.java:540)
	at com.google.javascript.jscomp.NodeTraversal.traverseBranch(NodeTraversal.java:534)
	at com.google.javascript.jscomp.NodeTraversal.traverse(NodeTraversal.java:287)
	... 15 more
8) test07(com.google.javascript.jscomp.NameAnalyzer_ESTest)
org.evosuite.runtime.mock.java.lang.MockRuntimeException: INTERNAL COMPILER ERROR.
Please report this problem.
NAME is not a string node
  Node(NAME): [source unknown]
  Parent(IF): [source unknown]

	at com.google.javascript.jscomp.Compiler.throwInternalError(Compiler.java:2166)
	at com.google.javascript.jscomp.NodeTraversal.throwUnexpectedException(NodeTraversal.java:266)
	at com.google.javascript.jscomp.NodeTraversal.traverse(NodeTraversal.java:290)
	at com.google.javascript.jscomp.NodeTraversal.traverse(NodeTraversal.java:494)
	at com.google.javascript.jscomp.NameAnalyzer.process(NameAnalyzer.java:1119)
	at com.google.javascript.jscomp.NameAnalyzer_ESTest.test07(NameAnalyzer_ESTest.java:129)
	at sun.reflect.NativeMethodAccessorImpl.invoke0(Native Method)
	at sun.reflect.NativeMethodAccessorImpl.invoke(NativeMethodAccessorImpl.java:62)
	at sun.reflect.DelegatingMethodAccessorImpl.invoke(DelegatingMethodAccessorImpl.java:43)
	at java.lang.reflect.Method.invoke(Method.java:498)
	at org.junit.runners.model.FrameworkMethod$1.runReflectiveCall(FrameworkMethod.java:50)
	at org.junit.internal.runners.model.ReflectiveCallable.run(ReflectiveCallable.java:12)
	at org.junit.runners.model.FrameworkMethod.invokeExplosively(FrameworkMethod.java:47)
	at org.junit.internal.runners.statements.InvokeMethod.evaluate(InvokeMethod.java:17)
	at org.junit.internal.runners.statements.FailOnTimeout$CallableStatement.call(FailOnTimeout.java:298)
	at org.junit.internal.runners.statements.FailOnTimeout$CallableStatement.call(FailOnTimeout.java:292)
	at java.util.concurrent.FutureTask.run(FutureTask.java:266)
	at java.lang.Thread.run(Thread.java:748)
Caused by: java.lang.UnsupportedOperationException: NAME is not a string node
	at com.google.javascript.rhino.Node.getString(Node.java:915)
	at com.google.javascript.jscomp.NameAnalyzer.createNameInformation(NameAnalyzer.java:1483)
	at com.google.javascript.jscomp.NameAnalyzer.access$200(NameAnalyzer.java:78)
	at com.google.javascript.jscomp.NameAnalyzer$FindReferences.visit(NameAnalyzer.java:859)
	at com.google.javascript.jscomp.NodeTraversal.traverseBranch(NodeTraversal.java:540)
	at com.google.javascript.jscomp.NodeTraversal.traverseBranch(NodeTraversal.java:534)
	at com.google.javascript.jscomp.NodeTraversal.traverse(NodeTraversal.java:287)
	... 15 more
9) test14(com.google.javascript.jscomp.NameAnalyzer_ESTest)
org.evosuite.runtime.mock.java.lang.MockRuntimeException: INTERNAL COMPILER ERROR.
Please report this problem.
null
  Node(NAME YIELD): [testcode]:1:0
YIELD
  Parent(EXPR_RESULT): [testcode]:1:0
YIELD

	at com.google.javascript.jscomp.Compiler.throwInternalError(Compiler.java:2166)
	at com.google.javascript.jscomp.NodeTraversal.throwUnexpectedException(NodeTraversal.java:266)
	at com.google.javascript.jscomp.NodeTraversal.traverse(NodeTraversal.java:290)
	at com.google.javascript.jscomp.NodeTraversal.traverse(NodeTraversal.java:494)
	at com.google.javascript.jscomp.NameAnalyzer.process(NameAnalyzer.java:1119)
	at com.google.javascript.jscomp.NameAnalyzer_ESTest.test14(NameAnalyzer_ESTest.java:212)
	at sun.reflect.NativeMethodAccessorImpl.invoke0(Native Method)
	at sun.reflect.NativeMethodAccessorImpl.invoke(NativeMethodAccessorImpl.java:62)
	at sun.reflect.DelegatingMethodAccessorImpl.invoke(DelegatingMethodAccessorImpl.java:43)
	at java.lang.reflect.Method.invoke(Method.java:498)
	at org.junit.runners.model.FrameworkMethod$1.runReflectiveCall(FrameworkMethod.java:50)
	at org.junit.internal.runners.model.ReflectiveCallable.run(ReflectiveCallable.java:12)
	at org.junit.runners.model.FrameworkMethod.invokeExplosively(FrameworkMethod.java:47)
	at org.junit.internal.runners.statements.InvokeMethod.evaluate(InvokeMethod.java:17)
	at org.junit.internal.runners.statements.FailOnTimeout$CallableStatement.call(FailOnTimeout.java:298)
	at org.junit.internal.runners.statements.FailOnTimeout$CallableStatement.call(FailOnTimeout.java:292)
	at java.util.concurrent.FutureTask.run(FutureTask.java:266)
	at java.lang.Thread.run(Thread.java:748)
Caused by: org.evosuite.runtime.mock.java.lang.MockIllegalStateException
	at com.google.common.base.Preconditions.checkState(Preconditions.java:134)
	at com.google.javascript.jscomp.SyntacticScopeCreator.declareVar(SyntacticScopeCreator.java:191)
	at com.google.javascript.jscomp.SyntacticScopeCreator.scanVars(SyntacticScopeCreator.java:119)
	at com.google.javascript.jscomp.SyntacticScopeCreator.scanRoot(SyntacticScopeCreator.java:105)
	at com.google.javascript.jscomp.SyntacticScopeCreator.createScope(SyntacticScopeCreator.java:64)
	at com.google.javascript.jscomp.NodeTraversal.getScope(NodeTraversal.java:640)
	at com.google.javascript.jscomp.NameAnalyzer.createNameInformation(NameAnalyzer.java:1483)
	at com.google.javascript.jscomp.NameAnalyzer.access$200(NameAnalyzer.java:78)
	at com.google.javascript.jscomp.NameAnalyzer$FindReferences.visit(NameAnalyzer.java:859)
	at com.google.javascript.jscomp.NodeTraversal.traverseBranch(NodeTraversal.java:540)
	at com.google.javascript.jscomp.NodeTraversal.traverseBranch(NodeTraversal.java:534)
	at com.google.javascript.jscomp.NodeTraversal.traverseBranch(NodeTraversal.java:534)
	at com.google.javascript.jscomp.NodeTraversal.traverseBranch(NodeTraversal.java:534)
	at com.google.javascript.jscomp.NodeTraversal.traverse(NodeTraversal.java:287)
	... 15 more
10) test15(com.google.javascript.jscomp.NameAnalyzer_ESTest)
org.evosuite.runtime.mock.java.lang.MockIllegalArgumentException: Multiple entries with same key: constructor=NOT_IMPLEMENTED and constructor=CONSTRUCTOR
	at com.google.common.collect.ImmutableMap.checkNoConflict(ImmutableMap.java:150)
	at com.google.common.collect.RegularImmutableMap.checkNoConflictInBucket(RegularImmutableMap.java:104)
	at com.google.common.collect.RegularImmutableMap.<init>(RegularImmutableMap.java:70)
	at com.google.common.collect.ImmutableMap$Builder.build(ImmutableMap.java:254)
	at com.google.javascript.jscomp.parsing.Config.buildAnnotationNames(Config.java:101)
	at com.google.javascript.jscomp.parsing.Config.<init>(Config.java:77)
	at com.google.javascript.jscomp.parsing.ParserRunner.createConfig(ParserRunner.java:69)
	at com.google.javascript.jscomp.Compiler.getParserConfig(Compiler.java:2106)
	at com.google.javascript.jscomp.JsAst.parse(JsAst.java:84)
	at com.google.javascript.jscomp.JsAst.getAstRoot(JsAst.java:50)
	at com.google.javascript.jscomp.Compiler.parse(Compiler.java:1573)
	at com.google.javascript.jscomp.Compiler.parseSyntheticCode(Compiler.java:1604)
	at com.google.javascript.jscomp.NameAnalyzer_ESTest.test15(NameAnalyzer_ESTest.java:236)
	at sun.reflect.NativeMethodAccessorImpl.invoke0(Native Method)
	at sun.reflect.NativeMethodAccessorImpl.invoke(NativeMethodAccessorImpl.java:62)
	at sun.reflect.DelegatingMethodAccessorImpl.invoke(DelegatingMethodAccessorImpl.java:43)
	at java.lang.reflect.Method.invoke(Method.java:498)
	at org.junit.runners.model.FrameworkMethod$1.runReflectiveCall(FrameworkMethod.java:50)
	at org.junit.internal.runners.model.ReflectiveCallable.run(ReflectiveCallable.java:12)
	at org.junit.runners.model.FrameworkMethod.invokeExplosively(FrameworkMethod.java:47)
	at org.junit.internal.runners.statements.InvokeMethod.evaluate(InvokeMethod.java:17)
	at org.junit.internal.runners.statements.FailOnTimeout$CallableStatement.call(FailOnTimeout.java:298)
	at org.junit.internal.runners.statements.FailOnTimeout$CallableStatement.call(FailOnTimeout.java:292)
	at java.util.concurrent.FutureTask.run(FutureTask.java:266)
	at java.lang.Thread.run(Thread.java:748)
11) test10(com.google.javascript.jscomp.NameAnalyzer_ESTest)
org.evosuite.runtime.mock.java.lang.MockRuntimeException: INTERNAL COMPILER ERROR.
Please report this problem.
NAME is not a string node
	at com.google.javascript.jscomp.Compiler.throwInternalError(Compiler.java:2166)
	at com.google.javascript.jscomp.NodeTraversal.throwUnexpectedException(NodeTraversal.java:266)
	at com.google.javascript.jscomp.NodeTraversal.traverse(NodeTraversal.java:290)
	at com.google.javascript.jscomp.NodeTraversal.traverse(NodeTraversal.java:494)
	at com.google.javascript.jscomp.NameAnalyzer.process(NameAnalyzer.java:1119)
	at com.google.javascript.jscomp.NameAnalyzer_ESTest.test10(NameAnalyzer_ESTest.java:165)
	at sun.reflect.NativeMethodAccessorImpl.invoke0(Native Method)
	at sun.reflect.NativeMethodAccessorImpl.invoke(NativeMethodAccessorImpl.java:62)
	at sun.reflect.DelegatingMethodAccessorImpl.invoke(DelegatingMethodAccessorImpl.java:43)
	at java.lang.reflect.Method.invoke(Method.java:498)
	at org.junit.runners.model.FrameworkMethod$1.runReflectiveCall(FrameworkMethod.java:50)
	at org.junit.internal.runners.model.ReflectiveCallable.run(ReflectiveCallable.java:12)
	at org.junit.runners.model.FrameworkMethod.invokeExplosively(FrameworkMethod.java:47)
	at org.junit.internal.runners.statements.InvokeMethod.evaluate(InvokeMethod.java:17)
	at org.junit.internal.runners.statements.FailOnTimeout$CallableStatement.call(FailOnTimeout.java:298)
	at org.junit.internal.runners.statements.FailOnTimeout$CallableStatement.call(FailOnTimeout.java:292)
	at java.util.concurrent.FutureTask.run(FutureTask.java:266)
	at java.lang.Thread.run(Thread.java:748)
Caused by: java.lang.UnsupportedOperationException: NAME is not a string node
	at com.google.javascript.rhino.Node.getString(Node.java:915)
	at com.google.javascript.jscomp.NameAnalyzer.createNameInformation(NameAnalyzer.java:1483)
	at com.google.javascript.jscomp.NameAnalyzer.access$200(NameAnalyzer.java:78)
	at com.google.javascript.jscomp.NameAnalyzer$FindReferences.visit(NameAnalyzer.java:859)
	at com.google.javascript.jscomp.NodeTraversal.traverseBranch(NodeTraversal.java:540)
	at com.google.javascript.jscomp.NodeTraversal.traverseBranch(NodeTraversal.java:534)
	at com.google.javascript.jscomp.NodeTraversal.traverse(NodeTraversal.java:287)
	... 15 more
12) test17(com.google.javascript.jscomp.NameAnalyzer_ESTest)
org.evosuite.runtime.mock.java.lang.MockRuntimeException: INTERNAL COMPILER ERROR.
Please report this problem.
null
	at com.google.javascript.jscomp.Compiler.throwInternalError(Compiler.java:2166)
	at com.google.javascript.jscomp.NodeTraversal.throwUnexpectedException(NodeTraversal.java:266)
	at com.google.javascript.jscomp.NodeTraversal.traverse(NodeTraversal.java:290)
	at com.google.javascript.jscomp.NodeTraversal.traverse(NodeTraversal.java:494)
	at com.google.javascript.jscomp.NameAnalyzer.process(NameAnalyzer.java:1118)
	at com.google.javascript.jscomp.NameAnalyzer_ESTest.test17(NameAnalyzer_ESTest.java:265)
	at sun.reflect.NativeMethodAccessorImpl.invoke0(Native Method)
	at sun.reflect.NativeMethodAccessorImpl.invoke(NativeMethodAccessorImpl.java:62)
	at sun.reflect.DelegatingMethodAccessorImpl.invoke(DelegatingMethodAccessorImpl.java:43)
	at java.lang.reflect.Method.invoke(Method.java:498)
	at org.junit.runners.model.FrameworkMethod$1.runReflectiveCall(FrameworkMethod.java:50)
	at org.junit.internal.runners.model.ReflectiveCallable.run(ReflectiveCallable.java:12)
	at org.junit.runners.model.FrameworkMethod.invokeExplosively(FrameworkMethod.java:47)
	at org.junit.internal.runners.statements.InvokeMethod.evaluate(InvokeMethod.java:17)
	at org.junit.internal.runners.statements.FailOnTimeout$CallableStatement.call(FailOnTimeout.java:298)
	at org.junit.internal.runners.statements.FailOnTimeout$CallableStatement.call(FailOnTimeout.java:292)
	at java.util.concurrent.FutureTask.run(FutureTask.java:266)
	at java.lang.Thread.run(Thread.java:748)
Caused by: java.lang.NullPointerException
	at com.google.javascript.jscomp.NameAnalyzer.createNameInformation(NameAnalyzer.java:1424)
	at com.google.javascript.jscomp.NameAnalyzer.access$200(NameAnalyzer.java:78)
	at com.google.javascript.jscomp.NameAnalyzer$FindDeclarationsAndSetters.visit(NameAnalyzer.java:650)
	at com.google.javascript.jscomp.NodeTraversal.traverseBranch(NodeTraversal.java:540)
	at com.google.javascript.jscomp.NodeTraversal.traverse(NodeTraversal.java:287)
	... 15 more
13) test18(com.google.javascript.jscomp.NameAnalyzer_ESTest)
org.evosuite.runtime.mock.java.lang.MockRuntimeException: INTERNAL COMPILER ERROR.
Please report this problem.
null
  Node(ASSIGN): [source unknown]
  Parent: NULL
	at com.google.javascript.jscomp.Compiler.throwInternalError(Compiler.java:2166)
	at com.google.javascript.jscomp.NodeTraversal.throwUnexpectedException(NodeTraversal.java:266)
	at com.google.javascript.jscomp.NodeTraversal.traverse(NodeTraversal.java:290)
	at com.google.javascript.jscomp.NodeTraversal.traverse(NodeTraversal.java:494)
	at com.google.javascript.jscomp.NameAnalyzer.process(NameAnalyzer.java:1115)
	at com.google.javascript.jscomp.NameAnalyzer_ESTest.test18(NameAnalyzer_ESTest.java:281)
	at sun.reflect.NativeMethodAccessorImpl.invoke0(Native Method)
	at sun.reflect.NativeMethodAccessorImpl.invoke(NativeMethodAccessorImpl.java:62)
	at sun.reflect.DelegatingMethodAccessorImpl.invoke(DelegatingMethodAccessorImpl.java:43)
	at java.lang.reflect.Method.invoke(Method.java:498)
	at org.junit.runners.model.FrameworkMethod$1.runReflectiveCall(FrameworkMethod.java:50)
	at org.junit.internal.runners.model.ReflectiveCallable.run(ReflectiveCallable.java:12)
	at org.junit.runners.model.FrameworkMethod.invokeExplosively(FrameworkMethod.java:47)
	at org.junit.internal.runners.statements.InvokeMethod.evaluate(InvokeMethod.java:17)
	at org.junit.internal.runners.statements.FailOnTimeout$CallableStatement.call(FailOnTimeout.java:298)
	at org.junit.internal.runners.statements.FailOnTimeout$CallableStatement.call(FailOnTimeout.java:292)
	at java.util.concurrent.FutureTask.run(FutureTask.java:266)
	at java.lang.Thread.run(Thread.java:748)
Caused by: java.lang.NullPointerException
	at com.google.javascript.jscomp.NameAnalyzer$FindDependencyScopes.recordAssignment(NameAnalyzer.java:563)
	at com.google.javascript.jscomp.NameAnalyzer$FindDependencyScopes.visit(NameAnalyzer.java:510)
	at com.google.javascript.jscomp.NodeTraversal.traverseBranch(NodeTraversal.java:540)
	at com.google.javascript.jscomp.NodeTraversal.traverse(NodeTraversal.java:287)
	... 15 more

FAILURES!!!
Tests run: 27,  Failures: 13

