* EvoSuite 1.1.1-SNAPSHOT
* Configuration: BBC-F0
* Going to generate test cases for class: com.fasterxml.jackson.databind.deser.CreatorProperty
* Starting Client-0
* Connecting to master process on port 7255
* Analyzing classpath: 
  - subjects/buggy-versions/JacksonDatabind-111/target/classes
  - defects4j/framework/projects/JacksonDatabind/lib/com/fasterxml/jackson/core/jackson-annotations/2.9.0/jackson-annotations-2.9.0.jar
  - defects4j/framework/projects/JacksonDatabind/lib/com/fasterxml/jackson/core/jackson-core/2.9.9/jackson-core-2.9.9.jar
* Finished analyzing classpath
* Generating tests for class com.fasterxml.jackson.databind.deser.CreatorProperty
* Test criteria:
  - Line Coverage
  - Branch Coverage
  - Exception
  - Mutation testing (weak)
  - Method-Output Coverage
  - Top-Level Method Coverage
  - No-Exception Top-Level Method Coverage
  - Context Branch Coverage
* Total number of test goals for DYNAMOSA: 308
* Using seed 225234468
* Starting evolution
* Initial Number of Goals in DynaMOSA = 215 / 308
[MASTER] 12:49:09.972 [logback-2] ERROR TestCluster - Failed to check cache for java.util.ArrayList<E> : Type points to itself
[MASTER] 12:49:09.973 [logback-2] ERROR TestCluster - Failed to check cache for java.util.Map<K, V> : Type points to itself
[MASTER] 12:49:13.302 [logback-2] ERROR TestCluster - Failed to check cache for java.lang.Class<T> : Type points to itself
[MASTER] 12:49:13.308 [logback-2] ERROR TestCluster - Failed to check cache for com.fasterxml.jackson.databind.JsonDeserializer<T> : Type points to itself
[MASTER] 12:49:13.311 [logback-2] ERROR TestCluster - Failed to check cache for com.fasterxml.jackson.annotation.ObjectIdGenerator<T> : Type points to itself
[MASTER] 12:49:16.706 [logback-1] WARN  TestChromosome - Functional mock problem: org.evosuite.ga.ConstructionFailedException: Invalid generic instance
[MASTER] 12:49:16.781 [logback-1] WARN  TestChromosome - Functional mock problem: org.evosuite.ga.ConstructionFailedException: Failed to add constructor for com.fasterxml.jackson.databind.ser.BeanSerializerBuilder due to org.evosuite.ga.ConstructionFailedException: Failed to add constructor for com.fasterxml.jackson.databind.DeserializationConfig due to org.evosuite.ga.ConstructionFailedException: Failed to add constructor for com.fasterxml.jackson.databind.cfg.BaseSettings due to org.evosuite.ga.ConstructionFailedException: Invalid generic instance
[MASTER] 12:49:30.334 [logback-2] ERROR TestCluster - Failed to check cache for com.fasterxml.jackson.databind.JsonSerializer<T> : Type points to itself
[MASTER] 12:49:34.840 [logback-2] ERROR TestCluster - Failed to check cache for java.util.Enumeration<E> : Type points to itself
[MASTER] 12:49:57.909 [logback-2] ERROR TestCluster - Failed to check cache for java.util.List<E> : Type points to itself
[MASTER] 12:51:48.713 [logback-2] ERROR TestCluster - Failed to check cache for java.util.Comparator<T> : Type points to itself
* Search finished after 301s and 702 generations, 200473 statements, best individual has fitness: 53.0
* Minimizing test suite
* Going to analyze the coverage criteria
* Coverage analysis for criterion LINE
* Coverage of criterion LINE: 89%
* Total number of goals: 63
* Number of covered goals: 56
* Coverage analysis for criterion BRANCH
* Coverage of criterion BRANCH: 97%
* Total number of goals: 29
* Number of covered goals: 28
* Coverage analysis for criterion EXCEPTION
* Coverage of criterion EXCEPTION: 100%
* Total number of goals: 14
* Number of covered goals: 14
* Coverage analysis for criterion WEAKMUTATION
* Coverage of criterion WEAKMUTATION: 96%
* Total number of goals: 77
* Number of covered goals: 74
* Coverage analysis for criterion OUTPUT
* Coverage of criterion OUTPUT: 68%
* Total number of goals: 68
* Number of covered goals: 46
* Coverage analysis for criterion METHOD
* Coverage of criterion METHOD: 100%
* Total number of goals: 21
* Number of covered goals: 21
* Coverage analysis for criterion METHODNOEXCEPTION
* Coverage of criterion METHODNOEXCEPTION: 76%
* Total number of goals: 21
* Number of covered goals: 16
* Coverage analysis for criterion CBRANCH
* Coverage of criterion CBRANCH: 97%
* Total number of goals: 29
* Number of covered goals: 28
* Generated 42 tests with total length 323
* Resulting test suite's coverage: 84% (average coverage for all fitness functions)
* Generating assertions
* Resulting test suite's mutation score: 48%
* Compiling and checking tests
[MASTER] 12:55:41.127 [logback-1] WARN  JUnitAnalyzer - Found unstable test named test0 -> class java.lang.StackOverflowError: null
[MASTER] 12:55:41.129 [logback-1] WARN  JUnitAnalyzer - Failing test:
 PropertyName propertyName0 = PropertyName.USE_DEFAULT;
PlaceholderForType placeholderForType0 = new PlaceholderForType((-1891));
AnnotationMap annotationMap0 = new AnnotationMap();
PropertyMetadata propertyMetadata0 = PropertyMetadata.STD_REQUIRED;
CreatorProperty creatorProperty0 = new CreatorProperty(propertyName0, placeholderForType0, propertyName0, (TypeDeserializer) null, annotationMap0, (AnnotatedParameter) null, (-1891), propertyMetadata0, propertyMetadata0);
creatorProperty0._fallbackSetter = (SettableBeanProperty) creatorProperty0;
creatorProperty0.setAndReturn((Object) null, annotationMap0);

* Permissions denied during test execution: 
  - java.lang.RuntimePermission: 
         writeFileDescriptor: 5
* Writing tests to file
* Writing JUnit test case 'CreatorProperty_ESTest' to results/JacksonDatabind-111/com.fasterxml.jackson.databind.deser.CreatorProperty/BBC-F0/tests/25
* Done!

* Computation finished
