JUnit version 4.12
....E..E.E..E...E.E.E.E.E....E....E..E....E.E..E..E....E.E.....E............E....E....E....E....E.E...E..E..
Time: 19.186
There were 27 failures:
1) test11(com.google.gson.internal.bind.TypeAdapters_ESTest)
com.google.gson.JsonSyntaxException: Expected a com.google.gson.JsonObject but was com.google.gson.JsonPrimitive
	at com.google.gson.internal.bind.TypeAdapters$35$1.read(TypeAdapters.java:916)
	at com.google.gson.Gson.fromJson(Gson.java:864)
	at com.google.gson.Gson.fromJson(Gson.java:829)
	at com.google.gson.Gson.fromJson(Gson.java:778)
	at com.google.gson.Gson.fromJson(Gson.java:750)
	at com.google.gson.internal.bind.TypeAdapters_ESTest.test11(TypeAdapters_ESTest.java:190)
	at sun.reflect.NativeMethodAccessorImpl.invoke0(Native Method)
	at sun.reflect.NativeMethodAccessorImpl.invoke(NativeMethodAccessorImpl.java:62)
	at sun.reflect.DelegatingMethodAccessorImpl.invoke(DelegatingMethodAccessorImpl.java:43)
	at java.lang.reflect.Method.invoke(Method.java:498)
	at org.junit.runners.model.FrameworkMethod$1.runReflectiveCall(FrameworkMethod.java:50)
	at org.junit.internal.runners.model.ReflectiveCallable.run(ReflectiveCallable.java:12)
	at org.junit.runners.model.FrameworkMethod.invokeExplosively(FrameworkMethod.java:47)
	at org.junit.internal.runners.statements.InvokeMethod.evaluate(InvokeMethod.java:17)
	at org.junit.internal.runners.statements.FailOnTimeout$CallableStatement.call(FailOnTimeout.java:298)
	at org.junit.internal.runners.statements.FailOnTimeout$CallableStatement.call(FailOnTimeout.java:292)
	at java.util.concurrent.FutureTask.run(FutureTask.java:266)
	at java.lang.Thread.run(Thread.java:748)
2) test12(com.google.gson.internal.bind.TypeAdapters_ESTest)
java.lang.UnsupportedOperationException: Attempted to serialize java.lang.Class: com.google.gson.ExclusionStrategy. Forgot to register a type adapter?
	at com.google.gson.internal.bind.TypeAdapters$5.write(TypeAdapters.java:75)
	at com.google.gson.internal.bind.TypeAdapters$5.write(TypeAdapters.java:69)
	at com.google.gson.internal.bind.TypeAdapterRuntimeTypeWrapper.write(TypeAdapterRuntimeTypeWrapper.java:68)
	at com.google.gson.internal.bind.ReflectiveTypeAdapterFactory$1.write(ReflectiveTypeAdapterFactory.java:112)
	at com.google.gson.internal.bind.ReflectiveTypeAdapterFactory$Adapter.write(ReflectiveTypeAdapterFactory.java:239)
	at com.google.gson.internal.bind.TypeAdapterRuntimeTypeWrapper.write(TypeAdapterRuntimeTypeWrapper.java:68)
	at com.google.gson.internal.bind.ReflectiveTypeAdapterFactory$1.write(ReflectiveTypeAdapterFactory.java:112)
	at com.google.gson.internal.bind.ReflectiveTypeAdapterFactory$Adapter.write(ReflectiveTypeAdapterFactory.java:239)
	at com.google.gson.internal.bind.TypeAdapterRuntimeTypeWrapper.write(TypeAdapterRuntimeTypeWrapper.java:68)
	at com.google.gson.internal.bind.ReflectiveTypeAdapterFactory$1.write(ReflectiveTypeAdapterFactory.java:112)
	at com.google.gson.internal.bind.ReflectiveTypeAdapterFactory$Adapter.write(ReflectiveTypeAdapterFactory.java:239)
	at com.google.gson.Gson.toJson(Gson.java:646)
	at com.google.gson.Gson.toJsonTree(Gson.java:539)
	at com.google.gson.Gson.toJsonTree(Gson.java:518)
	at com.google.gson.internal.bind.TypeAdapters_ESTest.test12(TypeAdapters_ESTest.java:207)
	at sun.reflect.NativeMethodAccessorImpl.invoke0(Native Method)
	at sun.reflect.NativeMethodAccessorImpl.invoke(NativeMethodAccessorImpl.java:62)
	at sun.reflect.DelegatingMethodAccessorImpl.invoke(DelegatingMethodAccessorImpl.java:43)
	at java.lang.reflect.Method.invoke(Method.java:498)
	at org.junit.runners.model.FrameworkMethod$1.runReflectiveCall(FrameworkMethod.java:50)
	at org.junit.internal.runners.model.ReflectiveCallable.run(ReflectiveCallable.java:12)
	at org.junit.runners.model.FrameworkMethod.invokeExplosively(FrameworkMethod.java:47)
	at org.junit.internal.runners.statements.InvokeMethod.evaluate(InvokeMethod.java:17)
	at org.junit.internal.runners.statements.FailOnTimeout$CallableStatement.call(FailOnTimeout.java:298)
	at org.junit.internal.runners.statements.FailOnTimeout$CallableStatement.call(FailOnTimeout.java:292)
	at java.util.concurrent.FutureTask.run(FutureTask.java:266)
	at java.lang.Thread.run(Thread.java:748)
3) test56(com.google.gson.internal.bind.TypeAdapters_ESTest)
com.google.gson.JsonSyntaxException: java.lang.NumberFormatException: For input string: "J|y'"?Pb"
	at com.google.gson.internal.bind.TypeAdapters$12.read(TypeAdapters.java:327)
	at com.google.gson.internal.bind.TypeAdapters$12.read(TypeAdapters.java:317)
	at com.google.gson.Gson.fromJson(Gson.java:864)
	at com.google.gson.Gson.fromJson(Gson.java:829)
	at com.google.gson.Gson.fromJson(Gson.java:778)
	at com.google.gson.Gson.fromJson(Gson.java:750)
	at com.google.gson.internal.bind.TypeAdapters_ESTest.test56(TypeAdapters_ESTest.java:696)
	at sun.reflect.NativeMethodAccessorImpl.invoke0(Native Method)
	at sun.reflect.NativeMethodAccessorImpl.invoke(NativeMethodAccessorImpl.java:62)
	at sun.reflect.DelegatingMethodAccessorImpl.invoke(DelegatingMethodAccessorImpl.java:43)
	at java.lang.reflect.Method.invoke(Method.java:498)
	at org.junit.runners.model.FrameworkMethod$1.runReflectiveCall(FrameworkMethod.java:50)
	at org.junit.internal.runners.model.ReflectiveCallable.run(ReflectiveCallable.java:12)
	at org.junit.runners.model.FrameworkMethod.invokeExplosively(FrameworkMethod.java:47)
	at org.junit.internal.runners.statements.InvokeMethod.evaluate(InvokeMethod.java:17)
	at org.junit.internal.runners.statements.FailOnTimeout$CallableStatement.call(FailOnTimeout.java:298)
	at org.junit.internal.runners.statements.FailOnTimeout$CallableStatement.call(FailOnTimeout.java:292)
	at java.util.concurrent.FutureTask.run(FutureTask.java:266)
	at java.lang.Thread.run(Thread.java:748)
Caused by: java.lang.NumberFormatException: For input string: "J|y'"?Pb"
	at sun.misc.FloatingDecimal.readJavaFormatString(FloatingDecimal.java:2043)
	at sun.misc.FloatingDecimal.parseDouble(FloatingDecimal.java:110)
	at java.lang.Double.parseDouble(Double.java:538)
	at com.google.gson.stream.JsonReader.nextLong(JsonReader.java:974)
	at com.google.gson.internal.bind.TypeAdapters$12.read(TypeAdapters.java:325)
	... 18 more
4) test57(com.google.gson.internal.bind.TypeAdapters_ESTest)
com.google.gson.JsonSyntaxException: Expected a com.google.gson.JsonPrimitive but was com.google.gson.JsonArray
	at com.google.gson.internal.bind.TypeAdapters$35$1.read(TypeAdapters.java:916)
	at com.google.gson.Gson.fromJson(Gson.java:864)
	at com.google.gson.Gson.fromJson(Gson.java:929)
	at com.google.gson.Gson.fromJson(Gson.java:902)
	at com.google.gson.internal.bind.TypeAdapters_ESTest.test57(TypeAdapters_ESTest.java:714)
	at sun.reflect.NativeMethodAccessorImpl.invoke0(Native Method)
	at sun.reflect.NativeMethodAccessorImpl.invoke(NativeMethodAccessorImpl.java:62)
	at sun.reflect.DelegatingMethodAccessorImpl.invoke(DelegatingMethodAccessorImpl.java:43)
	at java.lang.reflect.Method.invoke(Method.java:498)
	at org.junit.runners.model.FrameworkMethod$1.runReflectiveCall(FrameworkMethod.java:50)
	at org.junit.internal.runners.model.ReflectiveCallable.run(ReflectiveCallable.java:12)
	at org.junit.runners.model.FrameworkMethod.invokeExplosively(FrameworkMethod.java:47)
	at org.junit.internal.runners.statements.InvokeMethod.evaluate(InvokeMethod.java:17)
	at org.junit.internal.runners.statements.FailOnTimeout$CallableStatement.call(FailOnTimeout.java:298)
	at org.junit.internal.runners.statements.FailOnTimeout$CallableStatement.call(FailOnTimeout.java:292)
	at java.util.concurrent.FutureTask.run(FutureTask.java:266)
	at java.lang.Thread.run(Thread.java:748)
5) test15(com.google.gson.internal.bind.TypeAdapters_ESTest)
com.google.gson.JsonSyntaxException: Expected a com.google.gson.JsonPrimitive but was com.google.gson.JsonObject
	at com.google.gson.internal.bind.TypeAdapters$35$1.read(TypeAdapters.java:916)
	at com.google.gson.Gson.fromJson(Gson.java:864)
	at com.google.gson.Gson.fromJson(Gson.java:929)
	at com.google.gson.Gson.fromJson(Gson.java:902)
	at com.google.gson.internal.bind.TypeAdapters_ESTest.test15(TypeAdapters_ESTest.java:241)
	at sun.reflect.NativeMethodAccessorImpl.invoke0(Native Method)
	at sun.reflect.NativeMethodAccessorImpl.invoke(NativeMethodAccessorImpl.java:62)
	at sun.reflect.DelegatingMethodAccessorImpl.invoke(DelegatingMethodAccessorImpl.java:43)
	at java.lang.reflect.Method.invoke(Method.java:498)
	at org.junit.runners.model.FrameworkMethod$1.runReflectiveCall(FrameworkMethod.java:50)
	at org.junit.internal.runners.model.ReflectiveCallable.run(ReflectiveCallable.java:12)
	at org.junit.runners.model.FrameworkMethod.invokeExplosively(FrameworkMethod.java:47)
	at org.junit.internal.runners.statements.InvokeMethod.evaluate(InvokeMethod.java:17)
	at org.junit.internal.runners.statements.FailOnTimeout$CallableStatement.call(FailOnTimeout.java:298)
	at org.junit.internal.runners.statements.FailOnTimeout$CallableStatement.call(FailOnTimeout.java:292)
	at java.util.concurrent.FutureTask.run(FutureTask.java:266)
	at java.lang.Thread.run(Thread.java:748)
6) test59(com.google.gson.internal.bind.TypeAdapters_ESTest)
com.google.gson.JsonSyntaxException: java.lang.NumberFormatException: For input string: "3t~Tk"
	at com.google.gson.internal.bind.TypeAdapters$11.read(TypeAdapters.java:249)
	at com.google.gson.internal.bind.TypeAdapters$11.read(TypeAdapters.java:239)
	at com.google.gson.Gson.fromJson(Gson.java:864)
	at com.google.gson.internal.bind.TypeAdapters_ESTest.test59(TypeAdapters_ESTest.java:741)
	at sun.reflect.NativeMethodAccessorImpl.invoke0(Native Method)
	at sun.reflect.NativeMethodAccessorImpl.invoke(NativeMethodAccessorImpl.java:62)
	at sun.reflect.DelegatingMethodAccessorImpl.invoke(DelegatingMethodAccessorImpl.java:43)
	at java.lang.reflect.Method.invoke(Method.java:498)
	at org.junit.runners.model.FrameworkMethod$1.runReflectiveCall(FrameworkMethod.java:50)
	at org.junit.internal.runners.model.ReflectiveCallable.run(ReflectiveCallable.java:12)
	at org.junit.runners.model.FrameworkMethod.invokeExplosively(FrameworkMethod.java:47)
	at org.junit.internal.runners.statements.InvokeMethod.evaluate(InvokeMethod.java:17)
	at org.junit.internal.runners.statements.FailOnTimeout$CallableStatement.call(FailOnTimeout.java:298)
	at org.junit.internal.runners.statements.FailOnTimeout$CallableStatement.call(FailOnTimeout.java:292)
	at java.util.concurrent.FutureTask.run(FutureTask.java:266)
	at java.lang.Thread.run(Thread.java:748)
Caused by: java.lang.NumberFormatException: For input string: "3t~Tk"
	at sun.misc.FloatingDecimal.readJavaFormatString(FloatingDecimal.java:2043)
	at sun.misc.FloatingDecimal.parseDouble(FloatingDecimal.java:110)
	at java.lang.Double.parseDouble(Double.java:538)
	at com.google.gson.stream.JsonReader.nextInt(JsonReader.java:1206)
	at com.google.gson.internal.bind.TypeAdapters$11.read(TypeAdapters.java:247)
	... 15 more
7) test16(com.google.gson.internal.bind.TypeAdapters_ESTest)
com.google.gson.JsonSyntaxException: Expected a com.google.gson.JsonObject but was com.google.gson.JsonNull
	at com.google.gson.internal.bind.TypeAdapters$35$1.read(TypeAdapters.java:916)
	at com.google.gson.Gson.fromJson(Gson.java:864)
	at com.google.gson.Gson.fromJson(Gson.java:829)
	at com.google.gson.Gson.fromJson(Gson.java:778)
	at com.google.gson.Gson.fromJson(Gson.java:750)
	at com.google.gson.internal.bind.TypeAdapters_ESTest.test16(TypeAdapters_ESTest.java:257)
	at sun.reflect.NativeMethodAccessorImpl.invoke0(Native Method)
	at sun.reflect.NativeMethodAccessorImpl.invoke(NativeMethodAccessorImpl.java:62)
	at sun.reflect.DelegatingMethodAccessorImpl.invoke(DelegatingMethodAccessorImpl.java:43)
	at java.lang.reflect.Method.invoke(Method.java:498)
	at org.junit.runners.model.FrameworkMethod$1.runReflectiveCall(FrameworkMethod.java:50)
	at org.junit.internal.runners.model.ReflectiveCallable.run(ReflectiveCallable.java:12)
	at org.junit.runners.model.FrameworkMethod.invokeExplosively(FrameworkMethod.java:47)
	at org.junit.internal.runners.statements.InvokeMethod.evaluate(InvokeMethod.java:17)
	at org.junit.internal.runners.statements.FailOnTimeout$CallableStatement.call(FailOnTimeout.java:298)
	at org.junit.internal.runners.statements.FailOnTimeout$CallableStatement.call(FailOnTimeout.java:292)
	at java.util.concurrent.FutureTask.run(FutureTask.java:266)
	at java.lang.Thread.run(Thread.java:748)
8) test17(com.google.gson.internal.bind.TypeAdapters_ESTest)
com.google.gson.JsonSyntaxException: Expected a com.google.gson.JsonObject but was com.google.gson.JsonPrimitive
	at com.google.gson.internal.bind.TypeAdapters$35$1.read(TypeAdapters.java:916)
	at com.google.gson.Gson.fromJson(Gson.java:864)
	at com.google.gson.Gson.fromJson(Gson.java:829)
	at com.google.gson.Gson.fromJson(Gson.java:778)
	at com.google.gson.Gson.fromJson(Gson.java:750)
	at com.google.gson.internal.bind.TypeAdapters_ESTest.test17(TypeAdapters_ESTest.java:273)
	at sun.reflect.NativeMethodAccessorImpl.invoke0(Native Method)
	at sun.reflect.NativeMethodAccessorImpl.invoke(NativeMethodAccessorImpl.java:62)
	at sun.reflect.DelegatingMethodAccessorImpl.invoke(DelegatingMethodAccessorImpl.java:43)
	at java.lang.reflect.Method.invoke(Method.java:498)
	at org.junit.runners.model.FrameworkMethod$1.runReflectiveCall(FrameworkMethod.java:50)
	at org.junit.internal.runners.model.ReflectiveCallable.run(ReflectiveCallable.java:12)
	at org.junit.runners.model.FrameworkMethod.invokeExplosively(FrameworkMethod.java:47)
	at org.junit.internal.runners.statements.InvokeMethod.evaluate(InvokeMethod.java:17)
	at org.junit.internal.runners.statements.FailOnTimeout$CallableStatement.call(FailOnTimeout.java:298)
	at org.junit.internal.runners.statements.FailOnTimeout$CallableStatement.call(FailOnTimeout.java:292)
	at java.util.concurrent.FutureTask.run(FutureTask.java:266)
	at java.lang.Thread.run(Thread.java:748)
9) test18(com.google.gson.internal.bind.TypeAdapters_ESTest)
com.google.gson.JsonSyntaxException: Expected a com.google.gson.JsonObject but was com.google.gson.JsonPrimitive
	at com.google.gson.internal.bind.TypeAdapters$35$1.read(TypeAdapters.java:916)
	at com.google.gson.Gson.fromJson(Gson.java:864)
	at com.google.gson.Gson.fromJson(Gson.java:829)
	at com.google.gson.Gson.fromJson(Gson.java:778)
	at com.google.gson.Gson.fromJson(Gson.java:750)
	at com.google.gson.internal.bind.TypeAdapters_ESTest.test18(TypeAdapters_ESTest.java:289)
	at sun.reflect.NativeMethodAccessorImpl.invoke0(Native Method)
	at sun.reflect.NativeMethodAccessorImpl.invoke(NativeMethodAccessorImpl.java:62)
	at sun.reflect.DelegatingMethodAccessorImpl.invoke(DelegatingMethodAccessorImpl.java:43)
	at java.lang.reflect.Method.invoke(Method.java:498)
	at org.junit.runners.model.FrameworkMethod$1.runReflectiveCall(FrameworkMethod.java:50)
	at org.junit.internal.runners.model.ReflectiveCallable.run(ReflectiveCallable.java:12)
	at org.junit.runners.model.FrameworkMethod.invokeExplosively(FrameworkMethod.java:47)
	at org.junit.internal.runners.statements.InvokeMethod.evaluate(InvokeMethod.java:17)
	at org.junit.internal.runners.statements.FailOnTimeout$CallableStatement.call(FailOnTimeout.java:298)
	at org.junit.internal.runners.statements.FailOnTimeout$CallableStatement.call(FailOnTimeout.java:292)
	at java.util.concurrent.FutureTask.run(FutureTask.java:266)
	at java.lang.Thread.run(Thread.java:748)
10) test52(com.google.gson.internal.bind.TypeAdapters_ESTest)
com.google.gson.JsonSyntaxException: Expecting character, got: com.google.gson.internal.bind.TypeAdapters$3
	at com.google.gson.internal.bind.TypeAdapters$16.read(TypeAdapters.java:397)
	at com.google.gson.internal.bind.TypeAdapters$16.read(TypeAdapters.java:388)
	at com.google.gson.Gson.fromJson(Gson.java:864)
	at com.google.gson.internal.bind.TypeAdapters_ESTest.test52(TypeAdapters_ESTest.java:653)
	at sun.reflect.NativeMethodAccessorImpl.invoke0(Native Method)
	at sun.reflect.NativeMethodAccessorImpl.invoke(NativeMethodAccessorImpl.java:62)
	at sun.reflect.DelegatingMethodAccessorImpl.invoke(DelegatingMethodAccessorImpl.java:43)
	at java.lang.reflect.Method.invoke(Method.java:498)
	at org.junit.runners.model.FrameworkMethod$1.runReflectiveCall(FrameworkMethod.java:50)
	at org.junit.internal.runners.model.ReflectiveCallable.run(ReflectiveCallable.java:12)
	at org.junit.runners.model.FrameworkMethod.invokeExplosively(FrameworkMethod.java:47)
	at org.junit.internal.runners.statements.InvokeMethod.evaluate(InvokeMethod.java:17)
	at org.junit.internal.runners.statements.FailOnTimeout$CallableStatement.call(FailOnTimeout.java:298)
	at org.junit.internal.runners.statements.FailOnTimeout$CallableStatement.call(FailOnTimeout.java:292)
	at java.util.concurrent.FutureTask.run(FutureTask.java:266)
	at java.lang.Thread.run(Thread.java:748)
11) test44(com.google.gson.internal.bind.TypeAdapters_ESTest)
com.google.gson.JsonSyntaxException: org.evosuite.runtime.mock.java.lang.MockThrowable: Use JsonReader.setLenient(true) to accept malformed JSON at line 1 column 3 path $
	at com.google.gson.Gson.assertFullConsumption(Gson.java:840)
	at com.google.gson.Gson.fromJson(Gson.java:830)
	at com.google.gson.Gson.fromJson(Gson.java:778)
	at com.google.gson.Gson.fromJson(Gson.java:750)
	at com.google.gson.internal.bind.TypeAdapters_ESTest.test44(TypeAdapters_ESTest.java:555)
	at sun.reflect.NativeMethodAccessorImpl.invoke0(Native Method)
	at sun.reflect.NativeMethodAccessorImpl.invoke(NativeMethodAccessorImpl.java:62)
	at sun.reflect.DelegatingMethodAccessorImpl.invoke(DelegatingMethodAccessorImpl.java:43)
	at java.lang.reflect.Method.invoke(Method.java:498)
	at org.junit.runners.model.FrameworkMethod$1.runReflectiveCall(FrameworkMethod.java:50)
	at org.junit.internal.runners.model.ReflectiveCallable.run(ReflectiveCallable.java:12)
	at org.junit.runners.model.FrameworkMethod.invokeExplosively(FrameworkMethod.java:47)
	at org.junit.internal.runners.statements.InvokeMethod.evaluate(InvokeMethod.java:17)
	at org.junit.internal.runners.statements.FailOnTimeout$CallableStatement.call(FailOnTimeout.java:298)
	at org.junit.internal.runners.statements.FailOnTimeout$CallableStatement.call(FailOnTimeout.java:292)
	at java.util.concurrent.FutureTask.run(FutureTask.java:266)
	at java.lang.Thread.run(Thread.java:748)
Caused by: com.google.gson.stream.MalformedJsonException: Use JsonReader.setLenient(true) to accept malformed JSON at line 1 column 3 path $
	at com.google.gson.stream.JsonReader.syntaxError(JsonReader.java:1574)
	at com.google.gson.stream.JsonReader.checkLenient(JsonReader.java:1424)
	at com.google.gson.stream.JsonReader.doPeek(JsonReader.java:546)
	at com.google.gson.stream.JsonReader.peek(JsonReader.java:429)
	at com.google.gson.Gson.assertFullConsumption(Gson.java:836)
	... 16 more
12) test45(com.google.gson.internal.bind.TypeAdapters_ESTest)
java.lang.NullPointerException
	at java.util.Locale.<init>(Locale.java:648)
	at java.util.Locale.<init>(Locale.java:701)
	at com.google.gson.internal.bind.TypeAdapters$28.read(TypeAdapters.java:703)
	at com.google.gson.internal.bind.TypeAdapters$28.read(TypeAdapters.java:681)
	at com.google.gson.Gson.fromJson(Gson.java:864)
	at com.google.gson.Gson.fromJson(Gson.java:929)
	at com.google.gson.Gson.fromJson(Gson.java:902)
	at com.google.gson.internal.bind.TypeAdapters_ESTest.test45(TypeAdapters_ESTest.java:574)
	at sun.reflect.NativeMethodAccessorImpl.invoke0(Native Method)
	at sun.reflect.NativeMethodAccessorImpl.invoke(NativeMethodAccessorImpl.java:62)
	at sun.reflect.DelegatingMethodAccessorImpl.invoke(DelegatingMethodAccessorImpl.java:43)
	at java.lang.reflect.Method.invoke(Method.java:498)
	at org.junit.runners.model.FrameworkMethod$1.runReflectiveCall(FrameworkMethod.java:50)
	at org.junit.internal.runners.model.ReflectiveCallable.run(ReflectiveCallable.java:12)
	at org.junit.runners.model.FrameworkMethod.invokeExplosively(FrameworkMethod.java:47)
	at org.junit.internal.runners.statements.InvokeMethod.evaluate(InvokeMethod.java:17)
	at org.junit.internal.runners.statements.FailOnTimeout$CallableStatement.call(FailOnTimeout.java:298)
	at org.junit.internal.runners.statements.FailOnTimeout$CallableStatement.call(FailOnTimeout.java:292)
	at java.util.concurrent.FutureTask.run(FutureTask.java:266)
	at java.lang.Thread.run(Thread.java:748)
13) test47(com.google.gson.internal.bind.TypeAdapters_ESTest)
com.google.gson.JsonSyntaxException: org.evosuite.runtime.mock.java.lang.MockThrowable: Use JsonReader.setLenient(true) to accept malformed JSON at line 1 column 12 path $
	at com.google.gson.Gson.assertFullConsumption(Gson.java:840)
	at com.google.gson.Gson.fromJson(Gson.java:830)
	at com.google.gson.Gson.fromJson(Gson.java:778)
	at com.google.gson.Gson.fromJson(Gson.java:750)
	at com.google.gson.internal.bind.TypeAdapters_ESTest.test47(TypeAdapters_ESTest.java:598)
	at sun.reflect.NativeMethodAccessorImpl.invoke0(Native Method)
	at sun.reflect.NativeMethodAccessorImpl.invoke(NativeMethodAccessorImpl.java:62)
	at sun.reflect.DelegatingMethodAccessorImpl.invoke(DelegatingMethodAccessorImpl.java:43)
	at java.lang.reflect.Method.invoke(Method.java:498)
	at org.junit.runners.model.FrameworkMethod$1.runReflectiveCall(FrameworkMethod.java:50)
	at org.junit.internal.runners.model.ReflectiveCallable.run(ReflectiveCallable.java:12)
	at org.junit.runners.model.FrameworkMethod.invokeExplosively(FrameworkMethod.java:47)
	at org.junit.internal.runners.statements.InvokeMethod.evaluate(InvokeMethod.java:17)
	at org.junit.internal.runners.statements.FailOnTimeout$CallableStatement.call(FailOnTimeout.java:298)
	at org.junit.internal.runners.statements.FailOnTimeout$CallableStatement.call(FailOnTimeout.java:292)
	at java.util.concurrent.FutureTask.run(FutureTask.java:266)
	at java.lang.Thread.run(Thread.java:748)
Caused by: com.google.gson.stream.MalformedJsonException: Use JsonReader.setLenient(true) to accept malformed JSON at line 1 column 12 path $
	at com.google.gson.stream.JsonReader.syntaxError(JsonReader.java:1574)
	at com.google.gson.stream.JsonReader.checkLenient(JsonReader.java:1424)
	at com.google.gson.stream.JsonReader.doPeek(JsonReader.java:546)
	at com.google.gson.stream.JsonReader.peek(JsonReader.java:429)
	at com.google.gson.Gson.assertFullConsumption(Gson.java:836)
	... 16 more
14) test04(com.google.gson.internal.bind.TypeAdapters_ESTest)
com.google.gson.JsonSyntaxException: java.lang.NumberFormatException: For input string: "N"
	at com.google.gson.internal.bind.TypeAdapters$9.read(TypeAdapters.java:205)
	at com.google.gson.internal.bind.TypeAdapters$9.read(TypeAdapters.java:194)
	at com.google.gson.Gson.fromJson(Gson.java:864)
	at com.google.gson.Gson.fromJson(Gson.java:829)
	at com.google.gson.Gson.fromJson(Gson.java:778)
	at com.google.gson.internal.bind.TypeAdapters_ESTest.test04(TypeAdapters_ESTest.java:99)
	at sun.reflect.NativeMethodAccessorImpl.invoke0(Native Method)
	at sun.reflect.NativeMethodAccessorImpl.invoke(NativeMethodAccessorImpl.java:62)
	at sun.reflect.DelegatingMethodAccessorImpl.invoke(DelegatingMethodAccessorImpl.java:43)
	at java.lang.reflect.Method.invoke(Method.java:498)
	at org.junit.runners.model.FrameworkMethod$1.runReflectiveCall(FrameworkMethod.java:50)
	at org.junit.internal.runners.model.ReflectiveCallable.run(ReflectiveCallable.java:12)
	at org.junit.runners.model.FrameworkMethod.invokeExplosively(FrameworkMethod.java:47)
	at org.junit.internal.runners.statements.InvokeMethod.evaluate(InvokeMethod.java:17)
	at org.junit.internal.runners.statements.FailOnTimeout$CallableStatement.call(FailOnTimeout.java:298)
	at org.junit.internal.runners.statements.FailOnTimeout$CallableStatement.call(FailOnTimeout.java:292)
	at java.util.concurrent.FutureTask.run(FutureTask.java:266)
	at java.lang.Thread.run(Thread.java:748)
Caused by: java.lang.NumberFormatException: For input string: "N"
	at sun.misc.FloatingDecimal.readJavaFormatString(FloatingDecimal.java:2043)
	at sun.misc.FloatingDecimal.parseDouble(FloatingDecimal.java:110)
	at java.lang.Double.parseDouble(Double.java:538)
	at com.google.gson.stream.JsonReader.nextInt(JsonReader.java:1206)
	at com.google.gson.internal.bind.TypeAdapters$9.read(TypeAdapters.java:202)
	... 17 more
15) test05(com.google.gson.internal.bind.TypeAdapters_ESTest)
com.google.gson.JsonSyntaxException: org.evosuite.runtime.mock.java.lang.MockThrowable: Expected BEGIN_ARRAY but was BEGIN_OBJECT
	at com.google.gson.Gson.fromJson(Gson.java:876)
	at com.google.gson.Gson.fromJson(Gson.java:929)
	at com.google.gson.internal.bind.TypeAdapters_ESTest.test05(TypeAdapters_ESTest.java:116)
	at sun.reflect.NativeMethodAccessorImpl.invoke0(Native Method)
	at sun.reflect.NativeMethodAccessorImpl.invoke(NativeMethodAccessorImpl.java:62)
	at sun.reflect.DelegatingMethodAccessorImpl.invoke(DelegatingMethodAccessorImpl.java:43)
	at java.lang.reflect.Method.invoke(Method.java:498)
	at org.junit.runners.model.FrameworkMethod$1.runReflectiveCall(FrameworkMethod.java:50)
	at org.junit.internal.runners.model.ReflectiveCallable.run(ReflectiveCallable.java:12)
	at org.junit.runners.model.FrameworkMethod.invokeExplosively(FrameworkMethod.java:47)
	at org.junit.internal.runners.statements.InvokeMethod.evaluate(InvokeMethod.java:17)
	at org.junit.internal.runners.statements.FailOnTimeout$CallableStatement.call(FailOnTimeout.java:298)
	at org.junit.internal.runners.statements.FailOnTimeout$CallableStatement.call(FailOnTimeout.java:292)
	at java.util.concurrent.FutureTask.run(FutureTask.java:266)
	at java.lang.Thread.run(Thread.java:748)
Caused by: org.evosuite.runtime.mock.java.lang.MockIllegalStateException: Expected BEGIN_ARRAY but was BEGIN_OBJECT
	at com.google.gson.internal.bind.JsonTreeReader.expect(JsonTreeReader.java:139)
	at com.google.gson.internal.bind.JsonTreeReader.beginArray(JsonTreeReader.java:58)
	at com.google.gson.internal.bind.TypeAdapters$3.read(TypeAdapters.java:289)
	at com.google.gson.internal.bind.TypeAdapters$3.read(TypeAdapters.java:286)
	at com.google.gson.TypeAdapter$1.read(TypeAdapter.java:199)
	at com.google.gson.Gson.fromJson(Gson.java:864)
	... 14 more
16) test06(com.google.gson.internal.bind.TypeAdapters_ESTest)
com.google.gson.JsonIOException: java.net.URISyntaxException: Illegal character in path at index 3: x(f^XYH
	at com.google.gson.internal.bind.TypeAdapters$23.read(TypeAdapters.java:533)
	at com.google.gson.internal.bind.TypeAdapters$23.read(TypeAdapters.java:522)
	at com.google.gson.Gson.fromJson(Gson.java:864)
	at com.google.gson.Gson.fromJson(Gson.java:829)
	at com.google.gson.Gson.fromJson(Gson.java:778)
	at com.google.gson.Gson.fromJson(Gson.java:750)
	at com.google.gson.internal.bind.TypeAdapters_ESTest.test06(TypeAdapters_ESTest.java:133)
	at sun.reflect.NativeMethodAccessorImpl.invoke0(Native Method)
	at sun.reflect.NativeMethodAccessorImpl.invoke(NativeMethodAccessorImpl.java:62)
	at sun.reflect.DelegatingMethodAccessorImpl.invoke(DelegatingMethodAccessorImpl.java:43)
	at java.lang.reflect.Method.invoke(Method.java:498)
	at org.junit.runners.model.FrameworkMethod$1.runReflectiveCall(FrameworkMethod.java:50)
	at org.junit.internal.runners.model.ReflectiveCallable.run(ReflectiveCallable.java:12)
	at org.junit.runners.model.FrameworkMethod.invokeExplosively(FrameworkMethod.java:47)
	at org.junit.internal.runners.statements.InvokeMethod.evaluate(InvokeMethod.java:17)
	at org.junit.internal.runners.statements.FailOnTimeout$CallableStatement.call(FailOnTimeout.java:298)
	at org.junit.internal.runners.statements.FailOnTimeout$CallableStatement.call(FailOnTimeout.java:292)
	at java.util.concurrent.FutureTask.run(FutureTask.java:266)
	at java.lang.Thread.run(Thread.java:748)
Caused by: java.net.URISyntaxException: Illegal character in path at index 3: x(f^XYH
	at java.net.URI$Parser.fail(URI.java:2848)
	at java.net.URI$Parser.checkChars(URI.java:3021)
	at java.net.URI$Parser.parseHierarchical(URI.java:3105)
	at java.net.URI$Parser.parse(URI.java:3063)
	at java.net.URI.<init>(URI.java:588)
	at org.evosuite.runtime.mock.java.net.MockURI.URI(MockURI.java:59)
	at com.google.gson.internal.bind.TypeAdapters$23.read(TypeAdapters.java:531)
	... 18 more
17) test80(com.google.gson.internal.bind.TypeAdapters_ESTest)
com.google.gson.JsonSyntaxException: org.evosuite.runtime.mock.java.lang.MockThrowable: Expected NUMBER but was BOOLEAN
	at com.google.gson.Gson.fromJson(Gson.java:876)
	at com.google.gson.Gson.fromJson(Gson.java:929)
	at com.google.gson.internal.bind.TypeAdapters_ESTest.test80(TypeAdapters_ESTest.java:988)
	at sun.reflect.NativeMethodAccessorImpl.invoke0(Native Method)
	at sun.reflect.NativeMethodAccessorImpl.invoke(NativeMethodAccessorImpl.java:62)
	at sun.reflect.DelegatingMethodAccessorImpl.invoke(DelegatingMethodAccessorImpl.java:43)
	at java.lang.reflect.Method.invoke(Method.java:498)
	at org.junit.runners.model.FrameworkMethod$1.runReflectiveCall(FrameworkMethod.java:50)
	at org.junit.internal.runners.model.ReflectiveCallable.run(ReflectiveCallable.java:12)
	at org.junit.runners.model.FrameworkMethod.invokeExplosively(FrameworkMethod.java:47)
	at org.junit.internal.runners.statements.InvokeMethod.evaluate(InvokeMethod.java:17)
	at org.junit.internal.runners.statements.FailOnTimeout$CallableStatement.call(FailOnTimeout.java:298)
	at org.junit.internal.runners.statements.FailOnTimeout$CallableStatement.call(FailOnTimeout.java:292)
	at java.util.concurrent.FutureTask.run(FutureTask.java:266)
	at java.lang.Thread.run(Thread.java:748)
Caused by: org.evosuite.runtime.mock.java.lang.MockIllegalStateException: Expected NUMBER but was BOOLEAN
	at com.google.gson.internal.bind.JsonTreeReader.nextInt(JsonTreeReader.java:195)
	at com.google.gson.internal.bind.TypeAdapters$27.read(TypeAdapters.java:636)
	at com.google.gson.internal.bind.TypeAdapters$27.read(TypeAdapters.java:613)
	at com.google.gson.Gson.fromJson(Gson.java:864)
	... 14 more
18) test40(com.google.gson.internal.bind.TypeAdapters_ESTest)
com.google.gson.JsonSyntaxException: java.net.MalformedURLException: no protocol: w?Cq
	at com.google.gson.Gson.fromJson(Gson.java:879)
	at com.google.gson.Gson.fromJson(Gson.java:929)
	at com.google.gson.internal.bind.TypeAdapters_ESTest.test40(TypeAdapters_ESTest.java:515)
	at sun.reflect.NativeMethodAccessorImpl.invoke0(Native Method)
	at sun.reflect.NativeMethodAccessorImpl.invoke(NativeMethodAccessorImpl.java:62)
	at sun.reflect.DelegatingMethodAccessorImpl.invoke(DelegatingMethodAccessorImpl.java:43)
	at java.lang.reflect.Method.invoke(Method.java:498)
	at org.junit.runners.model.FrameworkMethod$1.runReflectiveCall(FrameworkMethod.java:50)
	at org.junit.internal.runners.model.ReflectiveCallable.run(ReflectiveCallable.java:12)
	at org.junit.runners.model.FrameworkMethod.invokeExplosively(FrameworkMethod.java:47)
	at org.junit.internal.runners.statements.InvokeMethod.evaluate(InvokeMethod.java:17)
	at org.junit.internal.runners.statements.FailOnTimeout$CallableStatement.call(FailOnTimeout.java:298)
	at org.junit.internal.runners.statements.FailOnTimeout$CallableStatement.call(FailOnTimeout.java:292)
	at java.util.concurrent.FutureTask.run(FutureTask.java:266)
	at java.lang.Thread.run(Thread.java:748)
Caused by: java.net.MalformedURLException: no protocol: w?Cq
	at java.net.URL.<init>(URL.java:611)
	at org.evosuite.runtime.mock.java.net.MockURL.URL(MockURL.java:130)
	at org.evosuite.runtime.mock.java.net.MockURL.URL(MockURL.java:92)
	at org.evosuite.runtime.mock.java.net.MockURL.URL(MockURL.java:88)
	at com.google.gson.internal.bind.TypeAdapters$22.read(TypeAdapters.java:512)
	at com.google.gson.internal.bind.TypeAdapters$22.read(TypeAdapters.java:504)
	at com.google.gson.Gson.fromJson(Gson.java:864)
	... 14 more
19) test76(com.google.gson.internal.bind.TypeAdapters_ESTest)
com.google.gson.JsonSyntaxException: org.evosuite.runtime.mock.java.lang.MockThrowable: Expected a boolean but was STRING at line 1 column 1 path $
	at com.google.gson.Gson.fromJson(Gson.java:876)
	at com.google.gson.Gson.fromJson(Gson.java:829)
	at com.google.gson.Gson.fromJson(Gson.java:778)
	at com.google.gson.Gson.fromJson(Gson.java:750)
	at com.google.gson.internal.bind.TypeAdapters_ESTest.test76(TypeAdapters_ESTest.java:946)
	at sun.reflect.NativeMethodAccessorImpl.invoke0(Native Method)
	at sun.reflect.NativeMethodAccessorImpl.invoke(NativeMethodAccessorImpl.java:62)
	at sun.reflect.DelegatingMethodAccessorImpl.invoke(DelegatingMethodAccessorImpl.java:43)
	at java.lang.reflect.Method.invoke(Method.java:498)
	at org.junit.runners.model.FrameworkMethod$1.runReflectiveCall(FrameworkMethod.java:50)
	at org.junit.internal.runners.model.ReflectiveCallable.run(ReflectiveCallable.java:12)
	at org.junit.runners.model.FrameworkMethod.invokeExplosively(FrameworkMethod.java:47)
	at org.junit.internal.runners.statements.InvokeMethod.evaluate(InvokeMethod.java:17)
	at org.junit.internal.runners.statements.FailOnTimeout$CallableStatement.call(FailOnTimeout.java:298)
	at org.junit.internal.runners.statements.FailOnTimeout$CallableStatement.call(FailOnTimeout.java:292)
	at java.util.concurrent.FutureTask.run(FutureTask.java:266)
	at java.lang.Thread.run(Thread.java:748)
Caused by: org.evosuite.runtime.mock.java.lang.MockIllegalStateException: Expected a boolean but was STRING at line 1 column 1 path $
	at com.google.gson.stream.JsonReader.nextBoolean(JsonReader.java:859)
	at com.google.gson.internal.bind.TypeAdapters$2.read(TypeAdapters.java:277)
	at com.google.gson.internal.bind.TypeAdapters$2.read(TypeAdapters.java:275)
	at com.google.gson.TypeAdapter$1.read(TypeAdapter.java:199)
	at com.google.gson.Gson.fromJson(Gson.java:864)
	... 16 more
20) test71(com.google.gson.internal.bind.TypeAdapters_ESTest)
java.lang.IllegalArgumentException
	at java.util.Currency.getInstance(Currency.java:328)
	at java.util.Currency.getInstance(Currency.java:310)
	at com.google.gson.internal.bind.TypeAdapters$4.read(TypeAdapters.java:583)
	at com.google.gson.internal.bind.TypeAdapters$4.read(TypeAdapters.java:580)
	at com.google.gson.TypeAdapter$1.read(TypeAdapter.java:199)
	at com.google.gson.Gson.fromJson(Gson.java:864)
	at com.google.gson.Gson.fromJson(Gson.java:829)
	at com.google.gson.Gson.fromJson(Gson.java:778)
	at com.google.gson.Gson.fromJson(Gson.java:750)
	at com.google.gson.internal.bind.TypeAdapters_ESTest.test71(TypeAdapters_ESTest.java:887)
	at sun.reflect.NativeMethodAccessorImpl.invoke0(Native Method)
	at sun.reflect.NativeMethodAccessorImpl.invoke(NativeMethodAccessorImpl.java:62)
	at sun.reflect.DelegatingMethodAccessorImpl.invoke(DelegatingMethodAccessorImpl.java:43)
	at java.lang.reflect.Method.invoke(Method.java:498)
	at org.junit.runners.model.FrameworkMethod$1.runReflectiveCall(FrameworkMethod.java:50)
	at org.junit.internal.runners.model.ReflectiveCallable.run(ReflectiveCallable.java:12)
	at org.junit.runners.model.FrameworkMethod.invokeExplosively(FrameworkMethod.java:47)
	at org.junit.internal.runners.statements.InvokeMethod.evaluate(InvokeMethod.java:17)
	at org.junit.internal.runners.statements.FailOnTimeout$CallableStatement.call(FailOnTimeout.java:298)
	at org.junit.internal.runners.statements.FailOnTimeout$CallableStatement.call(FailOnTimeout.java:292)
	at java.util.concurrent.FutureTask.run(FutureTask.java:266)
	at java.lang.Thread.run(Thread.java:748)
21) test74(com.google.gson.internal.bind.TypeAdapters_ESTest)
com.google.gson.JsonSyntaxException: java.lang.NumberFormatException: For input string: "t"
	at com.google.gson.internal.bind.TypeAdapters$1.read(TypeAdapters.java:265)
	at com.google.gson.internal.bind.TypeAdapters$1.read(TypeAdapters.java:260)
	at com.google.gson.TypeAdapter$1.read(TypeAdapter.java:199)
	at com.google.gson.Gson.fromJson(Gson.java:864)
	at com.google.gson.Gson.fromJson(Gson.java:929)
	at com.google.gson.Gson.fromJson(Gson.java:902)
	at com.google.gson.internal.bind.TypeAdapters_ESTest.test74(TypeAdapters_ESTest.java:922)
	at sun.reflect.NativeMethodAccessorImpl.invoke0(Native Method)
	at sun.reflect.NativeMethodAccessorImpl.invoke(NativeMethodAccessorImpl.java:62)
	at sun.reflect.DelegatingMethodAccessorImpl.invoke(DelegatingMethodAccessorImpl.java:43)
	at java.lang.reflect.Method.invoke(Method.java:498)
	at org.junit.runners.model.FrameworkMethod$1.runReflectiveCall(FrameworkMethod.java:50)
	at org.junit.internal.runners.model.ReflectiveCallable.run(ReflectiveCallable.java:12)
	at org.junit.runners.model.FrameworkMethod.invokeExplosively(FrameworkMethod.java:47)
	at org.junit.internal.runners.statements.InvokeMethod.evaluate(InvokeMethod.java:17)
	at org.junit.internal.runners.statements.FailOnTimeout$CallableStatement.call(FailOnTimeout.java:298)
	at org.junit.internal.runners.statements.FailOnTimeout$CallableStatement.call(FailOnTimeout.java:292)
	at java.util.concurrent.FutureTask.run(FutureTask.java:266)
	at java.lang.Thread.run(Thread.java:748)
Caused by: java.lang.NumberFormatException: For input string: "t"
	at java.lang.NumberFormatException.forInputString(NumberFormatException.java:65)
	at java.lang.Integer.parseInt(Integer.java:580)
	at java.lang.Integer.parseInt(Integer.java:615)
	at com.google.gson.JsonPrimitive.getAsInt(JsonPrimitive.java:260)
	at com.google.gson.internal.bind.JsonTreeReader.nextInt(JsonTreeReader.java:197)
	at com.google.gson.internal.bind.TypeAdapters$1.read(TypeAdapters.java:263)
	... 18 more
22) test65(com.google.gson.internal.bind.TypeAdapters_ESTest)
com.google.gson.JsonSyntaxException: org.evosuite.runtime.mock.java.lang.MockThrowable: Expected BOOLEAN but was BEGIN_OBJECT
	at com.google.gson.Gson.fromJson(Gson.java:876)
	at com.google.gson.Gson.fromJson(Gson.java:929)
	at com.google.gson.internal.bind.TypeAdapters_ESTest.test65(TypeAdapters_ESTest.java:810)
	at sun.reflect.NativeMethodAccessorImpl.invoke0(Native Method)
	at sun.reflect.NativeMethodAccessorImpl.invoke(NativeMethodAccessorImpl.java:62)
	at sun.reflect.DelegatingMethodAccessorImpl.invoke(DelegatingMethodAccessorImpl.java:43)
	at java.lang.reflect.Method.invoke(Method.java:498)
	at org.junit.runners.model.FrameworkMethod$1.runReflectiveCall(FrameworkMethod.java:50)
	at org.junit.internal.runners.model.ReflectiveCallable.run(ReflectiveCallable.java:12)
	at org.junit.runners.model.FrameworkMethod.invokeExplosively(FrameworkMethod.java:47)
	at org.junit.internal.runners.statements.InvokeMethod.evaluate(InvokeMethod.java:17)
	at org.junit.internal.runners.statements.FailOnTimeout$CallableStatement.call(FailOnTimeout.java:298)
	at org.junit.internal.runners.statements.FailOnTimeout$CallableStatement.call(FailOnTimeout.java:292)
	at java.util.concurrent.FutureTask.run(FutureTask.java:266)
	at java.lang.Thread.run(Thread.java:748)
Caused by: org.evosuite.runtime.mock.java.lang.MockIllegalStateException: Expected BOOLEAN but was BEGIN_OBJECT
	at com.google.gson.internal.bind.JsonTreeReader.expect(JsonTreeReader.java:139)
	at com.google.gson.internal.bind.JsonTreeReader.nextBoolean(JsonTreeReader.java:160)
	at com.google.gson.internal.bind.TypeAdapters$7.read(TypeAdapters.java:161)
	at com.google.gson.internal.bind.TypeAdapters$7.read(TypeAdapters.java:151)
	at com.google.gson.Gson.fromJson(Gson.java:864)
	... 14 more
23) test67(com.google.gson.internal.bind.TypeAdapters_ESTest)
com.google.gson.JsonSyntaxException: org.evosuite.runtime.mock.java.lang.MockThrowable: Use JsonReader.setLenient(true) to accept malformed JSON at line 1 column 11 path $
	at com.google.gson.Gson.assertFullConsumption(Gson.java:840)
	at com.google.gson.Gson.fromJson(Gson.java:830)
	at com.google.gson.Gson.fromJson(Gson.java:778)
	at com.google.gson.Gson.fromJson(Gson.java:750)
	at com.google.gson.internal.bind.TypeAdapters_ESTest.test67(TypeAdapters_ESTest.java:835)
	at sun.reflect.NativeMethodAccessorImpl.invoke0(Native Method)
	at sun.reflect.NativeMethodAccessorImpl.invoke(NativeMethodAccessorImpl.java:62)
	at sun.reflect.DelegatingMethodAccessorImpl.invoke(DelegatingMethodAccessorImpl.java:43)
	at java.lang.reflect.Method.invoke(Method.java:498)
	at org.junit.runners.model.FrameworkMethod$1.runReflectiveCall(FrameworkMethod.java:50)
	at org.junit.internal.runners.model.ReflectiveCallable.run(ReflectiveCallable.java:12)
	at org.junit.runners.model.FrameworkMethod.invokeExplosively(FrameworkMethod.java:47)
	at org.junit.internal.runners.statements.InvokeMethod.evaluate(InvokeMethod.java:17)
	at org.junit.internal.runners.statements.FailOnTimeout$CallableStatement.call(FailOnTimeout.java:298)
	at org.junit.internal.runners.statements.FailOnTimeout$CallableStatement.call(FailOnTimeout.java:292)
	at java.util.concurrent.FutureTask.run(FutureTask.java:266)
	at java.lang.Thread.run(Thread.java:748)
Caused by: com.google.gson.stream.MalformedJsonException: Use JsonReader.setLenient(true) to accept malformed JSON at line 1 column 11 path $
	at com.google.gson.stream.JsonReader.syntaxError(JsonReader.java:1574)
	at com.google.gson.stream.JsonReader.checkLenient(JsonReader.java:1424)
	at com.google.gson.stream.JsonReader.doPeek(JsonReader.java:546)
	at com.google.gson.stream.JsonReader.peek(JsonReader.java:429)
	at com.google.gson.Gson.assertFullConsumption(Gson.java:836)
	... 16 more
24) test69(com.google.gson.internal.bind.TypeAdapters_ESTest)
com.google.gson.JsonSyntaxException: Error: Expecting: bitset number value (1, 0), Found: Vp*!sDWs
	at com.google.gson.internal.bind.TypeAdapters$6.read(TypeAdapters.java:117)
	at com.google.gson.internal.bind.TypeAdapters$6.read(TypeAdapters.java:92)
	at com.google.gson.Gson.fromJson(Gson.java:864)
	at com.google.gson.Gson.fromJson(Gson.java:829)
	at com.google.gson.Gson.fromJson(Gson.java:778)
	at com.google.gson.Gson.fromJson(Gson.java:750)
	at com.google.gson.internal.bind.TypeAdapters_ESTest.test69(TypeAdapters_ESTest.java:861)
	at sun.reflect.NativeMethodAccessorImpl.invoke0(Native Method)
	at sun.reflect.NativeMethodAccessorImpl.invoke(NativeMethodAccessorImpl.java:62)
	at sun.reflect.DelegatingMethodAccessorImpl.invoke(DelegatingMethodAccessorImpl.java:43)
	at java.lang.reflect.Method.invoke(Method.java:498)
	at org.junit.runners.model.FrameworkMethod$1.runReflectiveCall(FrameworkMethod.java:50)
	at org.junit.internal.runners.model.ReflectiveCallable.run(ReflectiveCallable.java:12)
	at org.junit.runners.model.FrameworkMethod.invokeExplosively(FrameworkMethod.java:47)
	at org.junit.internal.runners.statements.InvokeMethod.evaluate(InvokeMethod.java:17)
	at org.junit.internal.runners.statements.FailOnTimeout$CallableStatement.call(FailOnTimeout.java:298)
	at org.junit.internal.runners.statements.FailOnTimeout$CallableStatement.call(FailOnTimeout.java:292)
	at java.util.concurrent.FutureTask.run(FutureTask.java:266)
	at java.lang.Thread.run(Thread.java:748)
25) test26(com.google.gson.internal.bind.TypeAdapters_ESTest)
com.google.gson.JsonSyntaxException: org.evosuite.runtime.mock.java.lang.MockThrowable: Expected NUMBER but was BOOLEAN
	at com.google.gson.Gson.fromJson(Gson.java:876)
	at com.google.gson.Gson.fromJson(Gson.java:929)
	at com.google.gson.Gson.fromJson(Gson.java:902)
	at com.google.gson.internal.bind.TypeAdapters_ESTest.test26(TypeAdapters_ESTest.java:379)
	at sun.reflect.NativeMethodAccessorImpl.invoke0(Native Method)
	at sun.reflect.NativeMethodAccessorImpl.invoke(NativeMethodAccessorImpl.java:62)
	at sun.reflect.DelegatingMethodAccessorImpl.invoke(DelegatingMethodAccessorImpl.java:43)
	at java.lang.reflect.Method.invoke(Method.java:498)
	at org.junit.runners.model.FrameworkMethod$1.runReflectiveCall(FrameworkMethod.java:50)
	at org.junit.internal.runners.model.ReflectiveCallable.run(ReflectiveCallable.java:12)
	at org.junit.runners.model.FrameworkMethod.invokeExplosively(FrameworkMethod.java:47)
	at org.junit.internal.runners.statements.InvokeMethod.evaluate(InvokeMethod.java:17)
	at org.junit.internal.runners.statements.FailOnTimeout$CallableStatement.call(FailOnTimeout.java:298)
	at org.junit.internal.runners.statements.FailOnTimeout$CallableStatement.call(FailOnTimeout.java:292)
	at java.util.concurrent.FutureTask.run(FutureTask.java:266)
	at java.lang.Thread.run(Thread.java:748)
Caused by: org.evosuite.runtime.mock.java.lang.MockIllegalStateException: Expected NUMBER but was BOOLEAN
	at com.google.gson.internal.bind.JsonTreeReader.nextInt(JsonTreeReader.java:195)
	at com.google.gson.internal.bind.TypeAdapters$27.read(TypeAdapters.java:636)
	at com.google.gson.internal.bind.TypeAdapters$27.read(TypeAdapters.java:613)
	at com.google.gson.Gson.fromJson(Gson.java:864)
	... 15 more
26) test29(com.google.gson.internal.bind.TypeAdapters_ESTest)
com.google.gson.JsonSyntaxException: org.evosuite.runtime.mock.java.lang.MockThrowable: Use JsonReader.setLenient(true) to accept malformed JSON at line 1 column 7 path $
	at com.google.gson.Gson.assertFullConsumption(Gson.java:840)
	at com.google.gson.Gson.fromJson(Gson.java:830)
	at com.google.gson.Gson.fromJson(Gson.java:778)
	at com.google.gson.Gson.fromJson(Gson.java:750)
	at com.google.gson.internal.bind.TypeAdapters_ESTest.test29(TypeAdapters_ESTest.java:412)
	at sun.reflect.NativeMethodAccessorImpl.invoke0(Native Method)
	at sun.reflect.NativeMethodAccessorImpl.invoke(NativeMethodAccessorImpl.java:62)
	at sun.reflect.DelegatingMethodAccessorImpl.invoke(DelegatingMethodAccessorImpl.java:43)
	at java.lang.reflect.Method.invoke(Method.java:498)
	at org.junit.runners.model.FrameworkMethod$1.runReflectiveCall(FrameworkMethod.java:50)
	at org.junit.internal.runners.model.ReflectiveCallable.run(ReflectiveCallable.java:12)
	at org.junit.runners.model.FrameworkMethod.invokeExplosively(FrameworkMethod.java:47)
	at org.junit.internal.runners.statements.InvokeMethod.evaluate(InvokeMethod.java:17)
	at org.junit.internal.runners.statements.FailOnTimeout$CallableStatement.call(FailOnTimeout.java:298)
	at org.junit.internal.runners.statements.FailOnTimeout$CallableStatement.call(FailOnTimeout.java:292)
	at java.util.concurrent.FutureTask.run(FutureTask.java:266)
	at java.lang.Thread.run(Thread.java:748)
Caused by: com.google.gson.stream.MalformedJsonException: Use JsonReader.setLenient(true) to accept malformed JSON at line 1 column 7 path $
	at com.google.gson.stream.JsonReader.syntaxError(JsonReader.java:1574)
	at com.google.gson.stream.JsonReader.checkLenient(JsonReader.java:1424)
	at com.google.gson.stream.JsonReader.doPeek(JsonReader.java:546)
	at com.google.gson.stream.JsonReader.peek(JsonReader.java:429)
	at com.google.gson.Gson.assertFullConsumption(Gson.java:836)
	... 16 more
27) test61(com.google.gson.internal.bind.TypeAdapters_ESTest)
com.google.gson.JsonSyntaxException: java.lang.NumberFormatException: For input string: "com.google.gson.internal.bind.TypeAdapters$3"
	at com.google.gson.internal.bind.TypeAdapters$10.read(TypeAdapters.java:227)
	at com.google.gson.internal.bind.TypeAdapters$10.read(TypeAdapters.java:217)
	at com.google.gson.Gson.fromJson(Gson.java:864)
	at com.google.gson.internal.bind.TypeAdapters_ESTest.test61(TypeAdapters_ESTest.java:767)
	at sun.reflect.NativeMethodAccessorImpl.invoke0(Native Method)
	at sun.reflect.NativeMethodAccessorImpl.invoke(NativeMethodAccessorImpl.java:62)
	at sun.reflect.DelegatingMethodAccessorImpl.invoke(DelegatingMethodAccessorImpl.java:43)
	at java.lang.reflect.Method.invoke(Method.java:498)
	at org.junit.runners.model.FrameworkMethod$1.runReflectiveCall(FrameworkMethod.java:50)
	at org.junit.internal.runners.model.ReflectiveCallable.run(ReflectiveCallable.java:12)
	at org.junit.runners.model.FrameworkMethod.invokeExplosively(FrameworkMethod.java:47)
	at org.junit.internal.runners.statements.InvokeMethod.evaluate(InvokeMethod.java:17)
	at org.junit.internal.runners.statements.FailOnTimeout$CallableStatement.call(FailOnTimeout.java:298)
	at org.junit.internal.runners.statements.FailOnTimeout$CallableStatement.call(FailOnTimeout.java:292)
	at java.util.concurrent.FutureTask.run(FutureTask.java:266)
	at java.lang.Thread.run(Thread.java:748)
Caused by: java.lang.NumberFormatException: For input string: "com.google.gson.internal.bind.TypeAdapters$3"
	at sun.misc.FloatingDecimal.readJavaFormatString(FloatingDecimal.java:2043)
	at sun.misc.FloatingDecimal.parseDouble(FloatingDecimal.java:110)
	at java.lang.Double.parseDouble(Double.java:538)
	at com.google.gson.stream.JsonReader.nextInt(JsonReader.java:1206)
	at com.google.gson.internal.bind.TypeAdapters$10.read(TypeAdapters.java:225)
	... 15 more

FAILURES!!!
Tests run: 81,  Failures: 27

