JUnit version 4.12
..E....E.E.E.E.E...E....E......E.E.E..E..E.E...E.E.E....E..E.E.E.E..
Time: 31.285
There were 22 failures:
1) test41(org.apache.commons.math3.ode.AbstractIntegrator_ESTest)
java.lang.NegativeArraySizeException
	at org.apache.commons.math3.ode.nonstiff.AdamsNordsieckTransformer.buildP(AdamsNordsieckTransformer.java:225)
	at org.apache.commons.math3.ode.nonstiff.AdamsNordsieckTransformer.<init>(AdamsNordsieckTransformer.java:154)
	at org.apache.commons.math3.ode.nonstiff.AdamsNordsieckTransformer.getInstance(AdamsNordsieckTransformer.java:194)
	at org.apache.commons.math3.ode.nonstiff.AdamsIntegrator.<init>(AdamsIntegrator.java:86)
	at org.apache.commons.math3.ode.nonstiff.AdamsMoultonIntegrator.<init>(AdamsMoultonIntegrator.java:203)
	at org.apache.commons.math3.ode.AbstractIntegrator_ESTest.test41(AbstractIntegrator_ESTest.java:1051)
	at sun.reflect.NativeMethodAccessorImpl.invoke0(Native Method)
	at sun.reflect.NativeMethodAccessorImpl.invoke(NativeMethodAccessorImpl.java:62)
	at sun.reflect.DelegatingMethodAccessorImpl.invoke(DelegatingMethodAccessorImpl.java:43)
	at java.lang.reflect.Method.invoke(Method.java:498)
	at org.junit.runners.model.FrameworkMethod$1.runReflectiveCall(FrameworkMethod.java:50)
	at org.junit.internal.runners.model.ReflectiveCallable.run(ReflectiveCallable.java:12)
	at org.junit.runners.model.FrameworkMethod.invokeExplosively(FrameworkMethod.java:47)
	at org.junit.internal.runners.statements.InvokeMethod.evaluate(InvokeMethod.java:17)
	at org.junit.internal.runners.statements.FailOnTimeout$CallableStatement.call(FailOnTimeout.java:298)
	at org.junit.internal.runners.statements.FailOnTimeout$CallableStatement.call(FailOnTimeout.java:292)
	at java.util.concurrent.FutureTask.run(FutureTask.java:266)
	at java.lang.Thread.run(Thread.java:748)
2) test29(org.apache.commons.math3.ode.AbstractIntegrator_ESTest)
java.lang.NullPointerException
	at org.apache.commons.math3.ode.AbstractIntegrator.computeDerivatives(AbstractIntegrator.java:269)
	at org.apache.commons.math3.ode.AbstractIntegrator_ESTest.test29(AbstractIntegrator_ESTest.java:746)
	at sun.reflect.NativeMethodAccessorImpl.invoke0(Native Method)
	at sun.reflect.NativeMethodAccessorImpl.invoke(NativeMethodAccessorImpl.java:62)
	at sun.reflect.DelegatingMethodAccessorImpl.invoke(DelegatingMethodAccessorImpl.java:43)
	at java.lang.reflect.Method.invoke(Method.java:498)
	at org.junit.runners.model.FrameworkMethod$1.runReflectiveCall(FrameworkMethod.java:50)
	at org.junit.internal.runners.model.ReflectiveCallable.run(ReflectiveCallable.java:12)
	at org.junit.runners.model.FrameworkMethod.invokeExplosively(FrameworkMethod.java:47)
	at org.junit.internal.runners.statements.InvokeMethod.evaluate(InvokeMethod.java:17)
	at org.junit.internal.runners.statements.FailOnTimeout$CallableStatement.call(FailOnTimeout.java:298)
	at org.junit.internal.runners.statements.FailOnTimeout$CallableStatement.call(FailOnTimeout.java:292)
	at java.util.concurrent.FutureTask.run(FutureTask.java:266)
	at java.lang.Thread.run(Thread.java:748)
3) test08(org.apache.commons.math3.ode.AbstractIntegrator_ESTest)
java.lang.NullPointerException
	at org.apache.commons.math3.ode.AbstractIntegrator.sanityChecks(AbstractIntegrator.java:417)
	at org.apache.commons.math3.ode.nonstiff.AdaptiveStepsizeIntegrator.sanityChecks(AdaptiveStepsizeIntegrator.java:221)
	at org.apache.commons.math3.ode.nonstiff.EmbeddedRungeKuttaIntegrator.integrate(EmbeddedRungeKuttaIntegrator.java:197)
	at org.apache.commons.math3.ode.AbstractIntegrator_ESTest.test08(AbstractIntegrator_ESTest.java:251)
	at sun.reflect.NativeMethodAccessorImpl.invoke0(Native Method)
	at sun.reflect.NativeMethodAccessorImpl.invoke(NativeMethodAccessorImpl.java:62)
	at sun.reflect.DelegatingMethodAccessorImpl.invoke(DelegatingMethodAccessorImpl.java:43)
	at java.lang.reflect.Method.invoke(Method.java:498)
	at org.junit.runners.model.FrameworkMethod$1.runReflectiveCall(FrameworkMethod.java:50)
	at org.junit.internal.runners.model.ReflectiveCallable.run(ReflectiveCallable.java:12)
	at org.junit.runners.model.FrameworkMethod.invokeExplosively(FrameworkMethod.java:47)
	at org.junit.internal.runners.statements.InvokeMethod.evaluate(InvokeMethod.java:17)
	at org.junit.internal.runners.statements.FailOnTimeout$CallableStatement.call(FailOnTimeout.java:298)
	at org.junit.internal.runners.statements.FailOnTimeout$CallableStatement.call(FailOnTimeout.java:292)
	at java.util.concurrent.FutureTask.run(FutureTask.java:266)
	at java.lang.Thread.run(Thread.java:748)
4) test09(org.apache.commons.math3.ode.AbstractIntegrator_ESTest)
org.apache.commons.math3.exception.TooManyEvaluationsException: illegal state: maximal count (0) exceeded: evaluations
	at org.apache.commons.math3.analysis.solvers.BaseAbstractUnivariateSolver.incrementEvaluationCount(BaseAbstractUnivariateSolver.java:312)
	at org.apache.commons.math3.analysis.solvers.BaseAbstractUnivariateSolver.computeObjectiveValue(BaseAbstractUnivariateSolver.java:155)
	at org.apache.commons.math3.analysis.solvers.MullerSolver.doSolve(MullerSolver.java:97)
	at org.apache.commons.math3.analysis.solvers.BaseAbstractUnivariateSolver.solve(BaseAbstractUnivariateSolver.java:196)
	at org.apache.commons.math3.analysis.solvers.BaseAbstractUnivariateSolver.solve(BaseAbstractUnivariateSolver.java:201)
	at org.apache.commons.math3.ode.events.EventState.evaluateStep(EventState.java:243)
	at org.apache.commons.math3.ode.AbstractIntegrator.acceptStep(AbstractIntegrator.java:323)
	at org.apache.commons.math3.ode.nonstiff.RungeKuttaIntegrator.integrate(RungeKuttaIntegrator.java:162)
	at org.apache.commons.math3.ode.AbstractIntegrator.integrate(AbstractIntegrator.java:228)
	at org.apache.commons.math3.ode.AbstractIntegrator_ESTest.test09(AbstractIntegrator_ESTest.java:274)
	at sun.reflect.NativeMethodAccessorImpl.invoke0(Native Method)
	at sun.reflect.NativeMethodAccessorImpl.invoke(NativeMethodAccessorImpl.java:62)
	at sun.reflect.DelegatingMethodAccessorImpl.invoke(DelegatingMethodAccessorImpl.java:43)
	at java.lang.reflect.Method.invoke(Method.java:498)
	at org.junit.runners.model.FrameworkMethod$1.runReflectiveCall(FrameworkMethod.java:50)
	at org.junit.internal.runners.model.ReflectiveCallable.run(ReflectiveCallable.java:12)
	at org.junit.runners.model.FrameworkMethod.invokeExplosively(FrameworkMethod.java:47)
	at org.junit.internal.runners.statements.InvokeMethod.evaluate(InvokeMethod.java:17)
	at org.junit.internal.runners.statements.FailOnTimeout$CallableStatement.call(FailOnTimeout.java:298)
	at org.junit.internal.runners.statements.FailOnTimeout$CallableStatement.call(FailOnTimeout.java:292)
	at java.util.concurrent.FutureTask.run(FutureTask.java:266)
	at java.lang.Thread.run(Thread.java:748)
5) test02(org.apache.commons.math3.ode.AbstractIntegrator_ESTest)
org.apache.commons.math3.exception.TooManyEvaluationsException: illegal state: maximal count (1) exceeded: evaluations
	at org.apache.commons.math3.analysis.solvers.BaseAbstractUnivariateSolver.incrementEvaluationCount(BaseAbstractUnivariateSolver.java:312)
	at org.apache.commons.math3.analysis.solvers.BaseAbstractUnivariateSolver.computeObjectiveValue(BaseAbstractUnivariateSolver.java:155)
	at org.apache.commons.math3.analysis.solvers.RiddersSolver.doSolve(RiddersSolver.java:79)
	at org.apache.commons.math3.analysis.solvers.BaseAbstractUnivariateSolver.solve(BaseAbstractUnivariateSolver.java:196)
	at org.apache.commons.math3.analysis.solvers.BaseAbstractUnivariateSolver.solve(BaseAbstractUnivariateSolver.java:201)
	at org.apache.commons.math3.ode.events.EventState.evaluateStep(EventState.java:243)
	at org.apache.commons.math3.ode.AbstractIntegrator.acceptStep(AbstractIntegrator.java:323)
	at org.apache.commons.math3.ode.nonstiff.EmbeddedRungeKuttaIntegrator.integrate(EmbeddedRungeKuttaIntegrator.java:303)
	at org.apache.commons.math3.ode.AbstractIntegrator_ESTest.test02(AbstractIntegrator_ESTest.java:117)
	at sun.reflect.NativeMethodAccessorImpl.invoke0(Native Method)
	at sun.reflect.NativeMethodAccessorImpl.invoke(NativeMethodAccessorImpl.java:62)
	at sun.reflect.DelegatingMethodAccessorImpl.invoke(DelegatingMethodAccessorImpl.java:43)
	at java.lang.reflect.Method.invoke(Method.java:498)
	at org.junit.runners.model.FrameworkMethod$1.runReflectiveCall(FrameworkMethod.java:50)
	at org.junit.internal.runners.model.ReflectiveCallable.run(ReflectiveCallable.java:12)
	at org.junit.runners.model.FrameworkMethod.invokeExplosively(FrameworkMethod.java:47)
	at org.junit.internal.runners.statements.InvokeMethod.evaluate(InvokeMethod.java:17)
	at org.junit.internal.runners.statements.FailOnTimeout$CallableStatement.call(FailOnTimeout.java:298)
	at org.junit.internal.runners.statements.FailOnTimeout$CallableStatement.call(FailOnTimeout.java:292)
	at java.util.concurrent.FutureTask.run(FutureTask.java:266)
	at java.lang.Thread.run(Thread.java:748)
6) test24(org.apache.commons.math3.ode.AbstractIntegrator_ESTest)
org.apache.commons.math3.exception.NumberIsTooSmallException: multistep method needs at least -1,400 previous steps, got 2
	at org.apache.commons.math3.ode.MultistepIntegrator.<init>(MultistepIntegrator.java:121)
	at org.apache.commons.math3.ode.nonstiff.AdamsIntegrator.<init>(AdamsIntegrator.java:59)
	at org.apache.commons.math3.ode.nonstiff.AdamsMoultonIntegrator.<init>(AdamsMoultonIntegrator.java:181)
	at org.apache.commons.math3.ode.AbstractIntegrator_ESTest.test24(AbstractIntegrator_ESTest.java:625)
	at sun.reflect.NativeMethodAccessorImpl.invoke0(Native Method)
	at sun.reflect.NativeMethodAccessorImpl.invoke(NativeMethodAccessorImpl.java:62)
	at sun.reflect.DelegatingMethodAccessorImpl.invoke(DelegatingMethodAccessorImpl.java:43)
	at java.lang.reflect.Method.invoke(Method.java:498)
	at org.junit.runners.model.FrameworkMethod$1.runReflectiveCall(FrameworkMethod.java:50)
	at org.junit.internal.runners.model.ReflectiveCallable.run(ReflectiveCallable.java:12)
	at org.junit.runners.model.FrameworkMethod.invokeExplosively(FrameworkMethod.java:47)
	at org.junit.internal.runners.statements.InvokeMethod.evaluate(InvokeMethod.java:17)
	at org.junit.internal.runners.statements.FailOnTimeout$CallableStatement.call(FailOnTimeout.java:298)
	at org.junit.internal.runners.statements.FailOnTimeout$CallableStatement.call(FailOnTimeout.java:292)
	at java.util.concurrent.FutureTask.run(FutureTask.java:266)
	at java.lang.Thread.run(Thread.java:748)
7) test04(org.apache.commons.math3.ode.AbstractIntegrator_ESTest)
org.apache.commons.math3.exception.MaxCountExceededException: illegal state: maximal count (0) exceeded
	at org.apache.commons.math3.util.Incrementor$1.trigger(Incrementor.java:66)
	at org.apache.commons.math3.util.Incrementor.incrementCount(Incrementor.java:156)
	at org.apache.commons.math3.ode.AbstractIntegrator.computeDerivatives(AbstractIntegrator.java:268)
	at org.apache.commons.math3.ode.nonstiff.EmbeddedRungeKuttaIntegrator.integrate(EmbeddedRungeKuttaIntegrator.java:233)
	at org.apache.commons.math3.ode.AbstractIntegrator_ESTest.test04(AbstractIntegrator_ESTest.java:160)
	at sun.reflect.NativeMethodAccessorImpl.invoke0(Native Method)
	at sun.reflect.NativeMethodAccessorImpl.invoke(NativeMethodAccessorImpl.java:62)
	at sun.reflect.DelegatingMethodAccessorImpl.invoke(DelegatingMethodAccessorImpl.java:43)
	at java.lang.reflect.Method.invoke(Method.java:498)
	at org.junit.runners.model.FrameworkMethod$1.runReflectiveCall(FrameworkMethod.java:50)
	at org.junit.internal.runners.model.ReflectiveCallable.run(ReflectiveCallable.java:12)
	at org.junit.runners.model.FrameworkMethod.invokeExplosively(FrameworkMethod.java:47)
	at org.junit.internal.runners.statements.InvokeMethod.evaluate(InvokeMethod.java:17)
	at org.junit.internal.runners.statements.FailOnTimeout$CallableStatement.call(FailOnTimeout.java:298)
	at org.junit.internal.runners.statements.FailOnTimeout$CallableStatement.call(FailOnTimeout.java:292)
	at java.util.concurrent.FutureTask.run(FutureTask.java:266)
	at java.lang.Thread.run(Thread.java:748)
8) test20(org.apache.commons.math3.ode.AbstractIntegrator_ESTest)
org.apache.commons.math3.exception.NumberIsTooSmallException: too small integration interval: length = 0
	at org.apache.commons.math3.ode.AbstractIntegrator.sanityChecks(AbstractIntegrator.java:421)
	at org.apache.commons.math3.ode.nonstiff.AdaptiveStepsizeIntegrator.sanityChecks(AdaptiveStepsizeIntegrator.java:221)
	at org.apache.commons.math3.ode.nonstiff.GraggBulirschStoerIntegrator.integrate(GraggBulirschStoerIntegrator.java:553)
	at org.apache.commons.math3.ode.AbstractIntegrator_ESTest.test20(AbstractIntegrator_ESTest.java:526)
	at sun.reflect.NativeMethodAccessorImpl.invoke0(Native Method)
	at sun.reflect.NativeMethodAccessorImpl.invoke(NativeMethodAccessorImpl.java:62)
	at sun.reflect.DelegatingMethodAccessorImpl.invoke(DelegatingMethodAccessorImpl.java:43)
	at java.lang.reflect.Method.invoke(Method.java:498)
	at org.junit.runners.model.FrameworkMethod$1.runReflectiveCall(FrameworkMethod.java:50)
	at org.junit.internal.runners.model.ReflectiveCallable.run(ReflectiveCallable.java:12)
	at org.junit.runners.model.FrameworkMethod.invokeExplosively(FrameworkMethod.java:47)
	at org.junit.internal.runners.statements.InvokeMethod.evaluate(InvokeMethod.java:17)
	at org.junit.internal.runners.statements.FailOnTimeout$CallableStatement.call(FailOnTimeout.java:298)
	at org.junit.internal.runners.statements.FailOnTimeout$CallableStatement.call(FailOnTimeout.java:292)
	at java.util.concurrent.FutureTask.run(FutureTask.java:266)
	at java.lang.Thread.run(Thread.java:748)
9) test44(org.apache.commons.math3.ode.AbstractIntegrator_ESTest)
org.apache.commons.math3.exception.NumberIsTooSmallException: multistep method needs at least -1 previous steps, got 2
	at org.apache.commons.math3.ode.MultistepIntegrator.<init>(MultistepIntegrator.java:121)
	at org.apache.commons.math3.ode.nonstiff.AdamsIntegrator.<init>(AdamsIntegrator.java:59)
	at org.apache.commons.math3.ode.nonstiff.AdamsMoultonIntegrator.<init>(AdamsMoultonIntegrator.java:181)
	at org.apache.commons.math3.ode.AbstractIntegrator_ESTest.test44(AbstractIntegrator_ESTest.java:1101)
	at sun.reflect.NativeMethodAccessorImpl.invoke0(Native Method)
	at sun.reflect.NativeMethodAccessorImpl.invoke(NativeMethodAccessorImpl.java:62)
	at sun.reflect.DelegatingMethodAccessorImpl.invoke(DelegatingMethodAccessorImpl.java:43)
	at java.lang.reflect.Method.invoke(Method.java:498)
	at org.junit.runners.model.FrameworkMethod$1.runReflectiveCall(FrameworkMethod.java:50)
	at org.junit.internal.runners.model.ReflectiveCallable.run(ReflectiveCallable.java:12)
	at org.junit.runners.model.FrameworkMethod.invokeExplosively(FrameworkMethod.java:47)
	at org.junit.internal.runners.statements.InvokeMethod.evaluate(InvokeMethod.java:17)
	at org.junit.internal.runners.statements.FailOnTimeout$CallableStatement.call(FailOnTimeout.java:298)
	at org.junit.internal.runners.statements.FailOnTimeout$CallableStatement.call(FailOnTimeout.java:292)
	at java.util.concurrent.FutureTask.run(FutureTask.java:266)
	at java.lang.Thread.run(Thread.java:748)
10) test01(org.apache.commons.math3.ode.AbstractIntegrator_ESTest)
org.apache.commons.math3.exception.NoBracketingException: function values at endpoints do not have different signs, endpoints: [?, ?], values: [1,831.624, 1,831.624]
	at org.apache.commons.math3.analysis.solvers.UnivariateSolverUtils.verifyBracketing(UnivariateSolverUtils.java:397)
	at org.apache.commons.math3.analysis.solvers.BaseAbstractUnivariateSolver.verifyBracketing(BaseAbstractUnivariateSolver.java:294)
	at org.apache.commons.math3.analysis.solvers.RiddersSolver.doSolve(RiddersSolver.java:88)
	at org.apache.commons.math3.analysis.solvers.BaseAbstractUnivariateSolver.solve(BaseAbstractUnivariateSolver.java:196)
	at org.apache.commons.math3.analysis.solvers.BaseAbstractUnivariateSolver.solve(BaseAbstractUnivariateSolver.java:201)
	at org.apache.commons.math3.ode.events.EventState.evaluateStep(EventState.java:243)
	at org.apache.commons.math3.ode.AbstractIntegrator.acceptStep(AbstractIntegrator.java:323)
	at org.apache.commons.math3.ode.nonstiff.EmbeddedRungeKuttaIntegrator.integrate(EmbeddedRungeKuttaIntegrator.java:303)
	at org.apache.commons.math3.ode.AbstractIntegrator_ESTest.test01(AbstractIntegrator_ESTest.java:90)
	at sun.reflect.NativeMethodAccessorImpl.invoke0(Native Method)
	at sun.reflect.NativeMethodAccessorImpl.invoke(NativeMethodAccessorImpl.java:62)
	at sun.reflect.DelegatingMethodAccessorImpl.invoke(DelegatingMethodAccessorImpl.java:43)
	at java.lang.reflect.Method.invoke(Method.java:498)
	at org.junit.runners.model.FrameworkMethod$1.runReflectiveCall(FrameworkMethod.java:50)
	at org.junit.internal.runners.model.ReflectiveCallable.run(ReflectiveCallable.java:12)
	at org.junit.runners.model.FrameworkMethod.invokeExplosively(FrameworkMethod.java:47)
	at org.junit.internal.runners.statements.InvokeMethod.evaluate(InvokeMethod.java:17)
	at org.junit.internal.runners.statements.FailOnTimeout$CallableStatement.call(FailOnTimeout.java:298)
	at org.junit.internal.runners.statements.FailOnTimeout$CallableStatement.call(FailOnTimeout.java:292)
	at java.util.concurrent.FutureTask.run(FutureTask.java:266)
	at java.lang.Thread.run(Thread.java:748)
11) test23(org.apache.commons.math3.ode.AbstractIntegrator_ESTest)
org.apache.commons.math3.exception.DimensionMismatchException: 0 != 10
	at org.apache.commons.math3.ode.AbstractIntegrator.integrate(AbstractIntegrator.java:216)
	at org.apache.commons.math3.ode.AbstractIntegrator_ESTest.test23(AbstractIntegrator_ESTest.java:604)
	at sun.reflect.NativeMethodAccessorImpl.invoke0(Native Method)
	at sun.reflect.NativeMethodAccessorImpl.invoke(NativeMethodAccessorImpl.java:62)
	at sun.reflect.DelegatingMethodAccessorImpl.invoke(DelegatingMethodAccessorImpl.java:43)
	at java.lang.reflect.Method.invoke(Method.java:498)
	at org.junit.runners.model.FrameworkMethod$1.runReflectiveCall(FrameworkMethod.java:50)
	at org.junit.internal.runners.model.ReflectiveCallable.run(ReflectiveCallable.java:12)
	at org.junit.runners.model.FrameworkMethod.invokeExplosively(FrameworkMethod.java:47)
	at org.junit.internal.runners.statements.InvokeMethod.evaluate(InvokeMethod.java:17)
	at org.junit.internal.runners.statements.FailOnTimeout$CallableStatement.call(FailOnTimeout.java:298)
	at org.junit.internal.runners.statements.FailOnTimeout$CallableStatement.call(FailOnTimeout.java:292)
	at java.util.concurrent.FutureTask.run(FutureTask.java:266)
	at java.lang.Thread.run(Thread.java:748)
12) test30(org.apache.commons.math3.ode.AbstractIntegrator_ESTest)
java.lang.NullPointerException
	at org.apache.commons.math3.ode.AbstractIntegrator.computeDerivatives(AbstractIntegrator.java:269)
	at org.apache.commons.math3.ode.AbstractIntegrator_ESTest.test30(AbstractIntegrator_ESTest.java:790)
	at sun.reflect.NativeMethodAccessorImpl.invoke0(Native Method)
	at sun.reflect.NativeMethodAccessorImpl.invoke(NativeMethodAccessorImpl.java:62)
	at sun.reflect.DelegatingMethodAccessorImpl.invoke(DelegatingMethodAccessorImpl.java:43)
	at java.lang.reflect.Method.invoke(Method.java:498)
	at org.junit.runners.model.FrameworkMethod$1.runReflectiveCall(FrameworkMethod.java:50)
	at org.junit.internal.runners.model.ReflectiveCallable.run(ReflectiveCallable.java:12)
	at org.junit.runners.model.FrameworkMethod.invokeExplosively(FrameworkMethod.java:47)
	at org.junit.internal.runners.statements.InvokeMethod.evaluate(InvokeMethod.java:17)
	at org.junit.internal.runners.statements.FailOnTimeout$CallableStatement.call(FailOnTimeout.java:298)
	at org.junit.internal.runners.statements.FailOnTimeout$CallableStatement.call(FailOnTimeout.java:292)
	at java.util.concurrent.FutureTask.run(FutureTask.java:266)
	at java.lang.Thread.run(Thread.java:748)
13) test39(org.apache.commons.math3.ode.AbstractIntegrator_ESTest)
java.lang.NullPointerException
	at org.apache.commons.math3.ode.AbstractIntegrator.computeDerivatives(AbstractIntegrator.java:269)
	at org.apache.commons.math3.ode.nonstiff.AdaptiveStepsizeIntegrator.initializeStep(AdaptiveStepsizeIntegrator.java:280)
	at org.apache.commons.math3.ode.AbstractIntegrator_ESTest.test39(AbstractIntegrator_ESTest.java:1015)
	at sun.reflect.NativeMethodAccessorImpl.invoke0(Native Method)
	at sun.reflect.NativeMethodAccessorImpl.invoke(NativeMethodAccessorImpl.java:62)
	at sun.reflect.DelegatingMethodAccessorImpl.invoke(DelegatingMethodAccessorImpl.java:43)
	at java.lang.reflect.Method.invoke(Method.java:498)
	at org.junit.runners.model.FrameworkMethod$1.runReflectiveCall(FrameworkMethod.java:50)
	at org.junit.internal.runners.model.ReflectiveCallable.run(ReflectiveCallable.java:12)
	at org.junit.runners.model.FrameworkMethod.invokeExplosively(FrameworkMethod.java:47)
	at org.junit.internal.runners.statements.InvokeMethod.evaluate(InvokeMethod.java:17)
	at org.junit.internal.runners.statements.FailOnTimeout$CallableStatement.call(FailOnTimeout.java:298)
	at org.junit.internal.runners.statements.FailOnTimeout$CallableStatement.call(FailOnTimeout.java:292)
	at java.util.concurrent.FutureTask.run(FutureTask.java:266)
	at java.lang.Thread.run(Thread.java:748)
14) test18(org.apache.commons.math3.ode.AbstractIntegrator_ESTest)
org.apache.commons.math3.exception.DimensionMismatchException: 0 != 6
	at org.apache.commons.math3.ode.nonstiff.AdaptiveStepsizeIntegrator.sanityChecks(AdaptiveStepsizeIntegrator.java:226)
	at org.apache.commons.math3.ode.nonstiff.EmbeddedRungeKuttaIntegrator.integrate(EmbeddedRungeKuttaIntegrator.java:197)
	at org.apache.commons.math3.ode.AbstractIntegrator_ESTest.test18(AbstractIntegrator_ESTest.java:488)
	at sun.reflect.NativeMethodAccessorImpl.invoke0(Native Method)
	at sun.reflect.NativeMethodAccessorImpl.invoke(NativeMethodAccessorImpl.java:62)
	at sun.reflect.DelegatingMethodAccessorImpl.invoke(DelegatingMethodAccessorImpl.java:43)
	at java.lang.reflect.Method.invoke(Method.java:498)
	at org.junit.runners.model.FrameworkMethod$1.runReflectiveCall(FrameworkMethod.java:50)
	at org.junit.internal.runners.model.ReflectiveCallable.run(ReflectiveCallable.java:12)
	at org.junit.runners.model.FrameworkMethod.invokeExplosively(FrameworkMethod.java:47)
	at org.junit.internal.runners.statements.InvokeMethod.evaluate(InvokeMethod.java:17)
	at org.junit.internal.runners.statements.FailOnTimeout$CallableStatement.call(FailOnTimeout.java:298)
	at org.junit.internal.runners.statements.FailOnTimeout$CallableStatement.call(FailOnTimeout.java:292)
	at java.util.concurrent.FutureTask.run(FutureTask.java:266)
	at java.lang.Thread.run(Thread.java:748)
15) test35(org.apache.commons.math3.ode.AbstractIntegrator_ESTest)
org.apache.commons.math3.exception.DimensionMismatchException: 1 != 0
	at org.apache.commons.math3.ode.AbstractIntegrator.integrate(AbstractIntegrator.java:216)
	at org.apache.commons.math3.ode.AbstractIntegrator_ESTest.test35(AbstractIntegrator_ESTest.java:913)
	at sun.reflect.NativeMethodAccessorImpl.invoke0(Native Method)
	at sun.reflect.NativeMethodAccessorImpl.invoke(NativeMethodAccessorImpl.java:62)
	at sun.reflect.DelegatingMethodAccessorImpl.invoke(DelegatingMethodAccessorImpl.java:43)
	at java.lang.reflect.Method.invoke(Method.java:498)
	at org.junit.runners.model.FrameworkMethod$1.runReflectiveCall(FrameworkMethod.java:50)
	at org.junit.internal.runners.model.ReflectiveCallable.run(ReflectiveCallable.java:12)
	at org.junit.runners.model.FrameworkMethod.invokeExplosively(FrameworkMethod.java:47)
	at org.junit.internal.runners.statements.InvokeMethod.evaluate(InvokeMethod.java:17)
	at org.junit.internal.runners.statements.FailOnTimeout$CallableStatement.call(FailOnTimeout.java:298)
	at org.junit.internal.runners.statements.FailOnTimeout$CallableStatement.call(FailOnTimeout.java:292)
	at java.util.concurrent.FutureTask.run(FutureTask.java:266)
	at java.lang.Thread.run(Thread.java:748)
16) test14(org.apache.commons.math3.ode.AbstractIntegrator_ESTest)
org.apache.commons.math3.exception.NumberIsTooSmallException: too small integration interval: length = 0
	at org.apache.commons.math3.ode.AbstractIntegrator.sanityChecks(AbstractIntegrator.java:421)
	at org.apache.commons.math3.ode.nonstiff.RungeKuttaIntegrator.integrate(RungeKuttaIntegrator.java:99)
	at org.apache.commons.math3.ode.AbstractIntegrator.integrate(AbstractIntegrator.java:228)
	at org.apache.commons.math3.ode.AbstractIntegrator_ESTest.test14(AbstractIntegrator_ESTest.java:410)
	at sun.reflect.NativeMethodAccessorImpl.invoke0(Native Method)
	at sun.reflect.NativeMethodAccessorImpl.invoke(NativeMethodAccessorImpl.java:62)
	at sun.reflect.DelegatingMethodAccessorImpl.invoke(DelegatingMethodAccessorImpl.java:43)
	at java.lang.reflect.Method.invoke(Method.java:498)
	at org.junit.runners.model.FrameworkMethod$1.runReflectiveCall(FrameworkMethod.java:50)
	at org.junit.internal.runners.model.ReflectiveCallable.run(ReflectiveCallable.java:12)
	at org.junit.runners.model.FrameworkMethod.invokeExplosively(FrameworkMethod.java:47)
	at org.junit.internal.runners.statements.InvokeMethod.evaluate(InvokeMethod.java:17)
	at org.junit.internal.runners.statements.FailOnTimeout$CallableStatement.call(FailOnTimeout.java:298)
	at org.junit.internal.runners.statements.FailOnTimeout$CallableStatement.call(FailOnTimeout.java:292)
	at java.util.concurrent.FutureTask.run(FutureTask.java:266)
	at java.lang.Thread.run(Thread.java:748)
17) test36(org.apache.commons.math3.ode.AbstractIntegrator_ESTest)
java.lang.NullPointerException
	at org.apache.commons.math3.ode.AbstractIntegrator.integrate(AbstractIntegrator.java:215)
	at org.apache.commons.math3.ode.AbstractIntegrator_ESTest.test36(AbstractIntegrator_ESTest.java:934)
	at sun.reflect.NativeMethodAccessorImpl.invoke0(Native Method)
	at sun.reflect.NativeMethodAccessorImpl.invoke(NativeMethodAccessorImpl.java:62)
	at sun.reflect.DelegatingMethodAccessorImpl.invoke(DelegatingMethodAccessorImpl.java:43)
	at java.lang.reflect.Method.invoke(Method.java:498)
	at org.junit.runners.model.FrameworkMethod$1.runReflectiveCall(FrameworkMethod.java:50)
	at org.junit.internal.runners.model.ReflectiveCallable.run(ReflectiveCallable.java:12)
	at org.junit.runners.model.FrameworkMethod.invokeExplosively(FrameworkMethod.java:47)
	at org.junit.internal.runners.statements.InvokeMethod.evaluate(InvokeMethod.java:17)
	at org.junit.internal.runners.statements.FailOnTimeout$CallableStatement.call(FailOnTimeout.java:298)
	at org.junit.internal.runners.statements.FailOnTimeout$CallableStatement.call(FailOnTimeout.java:292)
	at java.util.concurrent.FutureTask.run(FutureTask.java:266)
	at java.lang.Thread.run(Thread.java:748)
18) test38(org.apache.commons.math3.ode.AbstractIntegrator_ESTest)
org.apache.commons.math3.exception.NotStrictlyPositiveException: -189.178 is smaller than, or equal to, the minimum (0)
	at org.apache.commons.math3.analysis.function.Logistic.<init>(Logistic.java:73)
	at org.apache.commons.math3.ode.AbstractIntegrator_ESTest.test38(AbstractIntegrator_ESTest.java:987)
	at sun.reflect.NativeMethodAccessorImpl.invoke0(Native Method)
	at sun.reflect.NativeMethodAccessorImpl.invoke(NativeMethodAccessorImpl.java:62)
	at sun.reflect.DelegatingMethodAccessorImpl.invoke(DelegatingMethodAccessorImpl.java:43)
	at java.lang.reflect.Method.invoke(Method.java:498)
	at org.junit.runners.model.FrameworkMethod$1.runReflectiveCall(FrameworkMethod.java:50)
	at org.junit.internal.runners.model.ReflectiveCallable.run(ReflectiveCallable.java:12)
	at org.junit.runners.model.FrameworkMethod.invokeExplosively(FrameworkMethod.java:47)
	at org.junit.internal.runners.statements.InvokeMethod.evaluate(InvokeMethod.java:17)
	at org.junit.internal.runners.statements.FailOnTimeout$CallableStatement.call(FailOnTimeout.java:298)
	at org.junit.internal.runners.statements.FailOnTimeout$CallableStatement.call(FailOnTimeout.java:292)
	at java.util.concurrent.FutureTask.run(FutureTask.java:266)
	at java.lang.Thread.run(Thread.java:748)
19) test10(org.apache.commons.math3.ode.AbstractIntegrator_ESTest)
org.apache.commons.math3.exception.NoDataException: matrix must have at least one column
	at org.apache.commons.math3.linear.Array2DRowRealMatrix.<init>(Array2DRowRealMatrix.java:114)
	at org.apache.commons.math3.ode.nonstiff.AdamsNordsieckTransformer.initializeHighOrderDerivatives(AdamsNordsieckTransformer.java:295)
	at org.apache.commons.math3.ode.nonstiff.AdamsIntegrator.initializeHighOrderDerivatives(AdamsIntegrator.java:100)
	at org.apache.commons.math3.ode.MultistepIntegrator$NordsieckInitializer.handleStep(MultistepIntegrator.java:384)
	at org.apache.commons.math3.ode.AbstractIntegrator.acceptStep(AbstractIntegrator.java:400)
	at org.apache.commons.math3.ode.nonstiff.EmbeddedRungeKuttaIntegrator.integrate(EmbeddedRungeKuttaIntegrator.java:303)
	at org.apache.commons.math3.ode.AbstractIntegrator.integrate(AbstractIntegrator.java:228)
	at org.apache.commons.math3.ode.MultistepIntegrator.start(MultistepIntegrator.java:231)
	at org.apache.commons.math3.ode.nonstiff.AdamsBashforthIntegrator.integrate(AdamsBashforthIntegrator.java:215)
	at org.apache.commons.math3.ode.AbstractIntegrator_ESTest.test10(AbstractIntegrator_ESTest.java:305)
	at sun.reflect.NativeMethodAccessorImpl.invoke0(Native Method)
	at sun.reflect.NativeMethodAccessorImpl.invoke(NativeMethodAccessorImpl.java:62)
	at sun.reflect.DelegatingMethodAccessorImpl.invoke(DelegatingMethodAccessorImpl.java:43)
	at java.lang.reflect.Method.invoke(Method.java:498)
	at org.junit.runners.model.FrameworkMethod$1.runReflectiveCall(FrameworkMethod.java:50)
	at org.junit.internal.runners.model.ReflectiveCallable.run(ReflectiveCallable.java:12)
	at org.junit.runners.model.FrameworkMethod.invokeExplosively(FrameworkMethod.java:47)
	at org.junit.internal.runners.statements.InvokeMethod.evaluate(InvokeMethod.java:17)
	at org.junit.internal.runners.statements.FailOnTimeout$CallableStatement.call(FailOnTimeout.java:298)
	at org.junit.internal.runners.statements.FailOnTimeout$CallableStatement.call(FailOnTimeout.java:292)
	at java.util.concurrent.FutureTask.run(FutureTask.java:266)
	at java.lang.Thread.run(Thread.java:748)
20) test32(org.apache.commons.math3.ode.AbstractIntegrator_ESTest)
org.apache.commons.math3.exception.DimensionMismatchException: 2 != 0
	at org.apache.commons.math3.ode.AbstractIntegrator.integrate(AbstractIntegrator.java:216)
	at org.apache.commons.math3.ode.AbstractIntegrator_ESTest.test32(AbstractIntegrator_ESTest.java:840)
	at sun.reflect.NativeMethodAccessorImpl.invoke0(Native Method)
	at sun.reflect.NativeMethodAccessorImpl.invoke(NativeMethodAccessorImpl.java:62)
	at sun.reflect.DelegatingMethodAccessorImpl.invoke(DelegatingMethodAccessorImpl.java:43)
	at java.lang.reflect.Method.invoke(Method.java:498)
	at org.junit.runners.model.FrameworkMethod$1.runReflectiveCall(FrameworkMethod.java:50)
	at org.junit.internal.runners.model.ReflectiveCallable.run(ReflectiveCallable.java:12)
	at org.junit.runners.model.FrameworkMethod.invokeExplosively(FrameworkMethod.java:47)
	at org.junit.internal.runners.statements.InvokeMethod.evaluate(InvokeMethod.java:17)
	at org.junit.internal.runners.statements.FailOnTimeout$CallableStatement.call(FailOnTimeout.java:298)
	at org.junit.internal.runners.statements.FailOnTimeout$CallableStatement.call(FailOnTimeout.java:292)
	at java.util.concurrent.FutureTask.run(FutureTask.java:266)
	at java.lang.Thread.run(Thread.java:748)
21) test11(org.apache.commons.math3.ode.AbstractIntegrator_ESTest)
org.apache.commons.math3.exception.DimensionMismatchException: 5 != 0
	at org.apache.commons.math3.ode.AbstractIntegrator.integrate(AbstractIntegrator.java:219)
	at org.apache.commons.math3.ode.AbstractIntegrator_ESTest.test11(AbstractIntegrator_ESTest.java:333)
	at sun.reflect.NativeMethodAccessorImpl.invoke0(Native Method)
	at sun.reflect.NativeMethodAccessorImpl.invoke(NativeMethodAccessorImpl.java:62)
	at sun.reflect.DelegatingMethodAccessorImpl.invoke(DelegatingMethodAccessorImpl.java:43)
	at java.lang.reflect.Method.invoke(Method.java:498)
	at org.junit.runners.model.FrameworkMethod$1.runReflectiveCall(FrameworkMethod.java:50)
	at org.junit.internal.runners.model.ReflectiveCallable.run(ReflectiveCallable.java:12)
	at org.junit.runners.model.FrameworkMethod.invokeExplosively(FrameworkMethod.java:47)
	at org.junit.internal.runners.statements.InvokeMethod.evaluate(InvokeMethod.java:17)
	at org.junit.internal.runners.statements.FailOnTimeout$CallableStatement.call(FailOnTimeout.java:298)
	at org.junit.internal.runners.statements.FailOnTimeout$CallableStatement.call(FailOnTimeout.java:292)
	at java.util.concurrent.FutureTask.run(FutureTask.java:266)
	at java.lang.Thread.run(Thread.java:748)
22) test33(org.apache.commons.math3.ode.AbstractIntegrator_ESTest)
java.lang.NullPointerException
	at org.apache.commons.math3.ode.AbstractIntegrator.computeDerivatives(AbstractIntegrator.java:269)
	at org.apache.commons.math3.ode.AbstractIntegrator_ESTest.test33(AbstractIntegrator_ESTest.java:872)
	at sun.reflect.NativeMethodAccessorImpl.invoke0(Native Method)
	at sun.reflect.NativeMethodAccessorImpl.invoke(NativeMethodAccessorImpl.java:62)
	at sun.reflect.DelegatingMethodAccessorImpl.invoke(DelegatingMethodAccessorImpl.java:43)
	at java.lang.reflect.Method.invoke(Method.java:498)
	at org.junit.runners.model.FrameworkMethod$1.runReflectiveCall(FrameworkMethod.java:50)
	at org.junit.internal.runners.model.ReflectiveCallable.run(ReflectiveCallable.java:12)
	at org.junit.runners.model.FrameworkMethod.invokeExplosively(FrameworkMethod.java:47)
	at org.junit.internal.runners.statements.InvokeMethod.evaluate(InvokeMethod.java:17)
	at org.junit.internal.runners.statements.FailOnTimeout$CallableStatement.call(FailOnTimeout.java:298)
	at org.junit.internal.runners.statements.FailOnTimeout$CallableStatement.call(FailOnTimeout.java:292)
	at java.util.concurrent.FutureTask.run(FutureTask.java:266)
	at java.lang.Thread.run(Thread.java:748)

FAILURES!!!
Tests run: 46,  Failures: 22

