JUnit version 4.12
.E.E.E.E.E.E.E.E.E.E...........E.E.................E.E.E.E.E.E.....................E....E..E.E............E..E.E..............E................E..........E.E......
Time: 23.908
There were 29 failures:
1) test035(org.apache.commons.collections4.trie.AbstractPatriciaTrie_ESTest)
org.evosuite.runtime.mock.java.lang.MockIllegalArgumentException: must have a from or to!
	at org.apache.commons.collections4.trie.AbstractPatriciaTrie$RangeEntryMap.<init>(AbstractPatriciaTrie.java:1875)
	at org.apache.commons.collections4.trie.AbstractPatriciaTrie$RangeEntryMap.<init>(AbstractPatriciaTrie.java:1865)
	at org.apache.commons.collections4.trie.AbstractPatriciaTrie.headMap(AbstractPatriciaTrie.java:870)
	at org.apache.commons.collections4.trie.AbstractPatriciaTrie_ESTest.test035(AbstractPatriciaTrie_ESTest.java:373)
	at sun.reflect.NativeMethodAccessorImpl.invoke0(Native Method)
	at sun.reflect.NativeMethodAccessorImpl.invoke(NativeMethodAccessorImpl.java:62)
	at sun.reflect.DelegatingMethodAccessorImpl.invoke(DelegatingMethodAccessorImpl.java:43)
	at java.lang.reflect.Method.invoke(Method.java:498)
	at org.junit.runners.model.FrameworkMethod$1.runReflectiveCall(FrameworkMethod.java:50)
	at org.junit.internal.runners.model.ReflectiveCallable.run(ReflectiveCallable.java:12)
	at org.junit.runners.model.FrameworkMethod.invokeExplosively(FrameworkMethod.java:47)
	at org.junit.internal.runners.statements.InvokeMethod.evaluate(InvokeMethod.java:17)
	at org.junit.internal.runners.statements.FailOnTimeout$CallableStatement.call(FailOnTimeout.java:298)
	at org.junit.internal.runners.statements.FailOnTimeout$CallableStatement.call(FailOnTimeout.java:292)
	at java.util.concurrent.FutureTask.run(FutureTask.java:266)
	at java.lang.Thread.run(Thread.java:748)
2) test036(org.apache.commons.collections4.trie.AbstractPatriciaTrie_ESTest)
java.lang.StringIndexOutOfBoundsException: String index out of range: 0
	at java.lang.String.charAt(String.java:658)
	at org.apache.commons.collections4.trie.analyzer.StringKeyAnalyzer.isBitSet(StringKeyAnalyzer.java:122)
	at org.apache.commons.collections4.trie.analyzer.StringKeyAnalyzer.isBitSet(StringKeyAnalyzer.java:27)
	at org.apache.commons.collections4.trie.AbstractBitwiseTrie.isBitSet(AbstractBitwiseTrie.java:114)
	at org.apache.commons.collections4.trie.AbstractPatriciaTrie.getNearestEntryForKey(AbstractPatriciaTrie.java:464)
	at org.apache.commons.collections4.trie.AbstractPatriciaTrie_ESTest.test036(AbstractPatriciaTrie_ESTest.java:394)
	at sun.reflect.NativeMethodAccessorImpl.invoke0(Native Method)
	at sun.reflect.NativeMethodAccessorImpl.invoke(NativeMethodAccessorImpl.java:62)
	at sun.reflect.DelegatingMethodAccessorImpl.invoke(DelegatingMethodAccessorImpl.java:43)
	at java.lang.reflect.Method.invoke(Method.java:498)
	at org.junit.runners.model.FrameworkMethod$1.runReflectiveCall(FrameworkMethod.java:50)
	at org.junit.internal.runners.model.ReflectiveCallable.run(ReflectiveCallable.java:12)
	at org.junit.runners.model.FrameworkMethod.invokeExplosively(FrameworkMethod.java:47)
	at org.junit.internal.runners.statements.InvokeMethod.evaluate(InvokeMethod.java:17)
	at org.junit.internal.runners.statements.FailOnTimeout$CallableStatement.call(FailOnTimeout.java:298)
	at org.junit.internal.runners.statements.FailOnTimeout$CallableStatement.call(FailOnTimeout.java:292)
	at java.util.concurrent.FutureTask.run(FutureTask.java:266)
	at java.lang.Thread.run(Thread.java:748)
3) test037(org.apache.commons.collections4.trie.AbstractPatriciaTrie_ESTest)
java.lang.ClassCastException: org.apache.commons.collections4.trie.PatriciaTrie cannot be cast to java.lang.String
	at org.apache.commons.collections4.trie.analyzer.StringKeyAnalyzer.lengthInBits(StringKeyAnalyzer.java:27)
	at org.apache.commons.collections4.trie.AbstractBitwiseTrie.lengthInBits(AbstractBitwiseTrie.java:93)
	at org.apache.commons.collections4.trie.AbstractPatriciaTrie.getEntry(AbstractPatriciaTrie.java:258)
	at org.apache.commons.collections4.trie.AbstractPatriciaTrie_ESTest.test037(AbstractPatriciaTrie_ESTest.java:408)
	at sun.reflect.NativeMethodAccessorImpl.invoke0(Native Method)
	at sun.reflect.NativeMethodAccessorImpl.invoke(NativeMethodAccessorImpl.java:62)
	at sun.reflect.DelegatingMethodAccessorImpl.invoke(DelegatingMethodAccessorImpl.java:43)
	at java.lang.reflect.Method.invoke(Method.java:498)
	at org.junit.runners.model.FrameworkMethod$1.runReflectiveCall(FrameworkMethod.java:50)
	at org.junit.internal.runners.model.ReflectiveCallable.run(ReflectiveCallable.java:12)
	at org.junit.runners.model.FrameworkMethod.invokeExplosively(FrameworkMethod.java:47)
	at org.junit.internal.runners.statements.InvokeMethod.evaluate(InvokeMethod.java:17)
	at org.junit.internal.runners.statements.FailOnTimeout$CallableStatement.call(FailOnTimeout.java:298)
	at org.junit.internal.runners.statements.FailOnTimeout$CallableStatement.call(FailOnTimeout.java:292)
	at java.util.concurrent.FutureTask.run(FutureTask.java:266)
	at java.lang.Thread.run(Thread.java:748)
4) test038(org.apache.commons.collections4.trie.AbstractPatriciaTrie_ESTest)
java.lang.ClassCastException: java.lang.Integer cannot be cast to java.lang.String
	at org.apache.commons.collections4.trie.analyzer.StringKeyAnalyzer.lengthInBits(StringKeyAnalyzer.java:27)
	at org.apache.commons.collections4.trie.AbstractBitwiseTrie.lengthInBits(AbstractBitwiseTrie.java:93)
	at org.apache.commons.collections4.trie.AbstractPatriciaTrie.getEntry(AbstractPatriciaTrie.java:258)
	at org.apache.commons.collections4.trie.AbstractPatriciaTrie.get(AbstractPatriciaTrie.java:241)
	at org.apache.commons.collections4.trie.PatriciaTrie.get(PatriciaTrie.java:57)
	at org.apache.commons.collections4.trie.AbstractPatriciaTrie_ESTest.test038(AbstractPatriciaTrie_ESTest.java:425)
	at sun.reflect.NativeMethodAccessorImpl.invoke0(Native Method)
	at sun.reflect.NativeMethodAccessorImpl.invoke(NativeMethodAccessorImpl.java:62)
	at sun.reflect.DelegatingMethodAccessorImpl.invoke(DelegatingMethodAccessorImpl.java:43)
	at java.lang.reflect.Method.invoke(Method.java:498)
	at org.junit.runners.model.FrameworkMethod$1.runReflectiveCall(FrameworkMethod.java:50)
	at org.junit.internal.runners.model.ReflectiveCallable.run(ReflectiveCallable.java:12)
	at org.junit.runners.model.FrameworkMethod.invokeExplosively(FrameworkMethod.java:47)
	at org.junit.internal.runners.statements.InvokeMethod.evaluate(InvokeMethod.java:17)
	at org.junit.internal.runners.statements.FailOnTimeout$CallableStatement.call(FailOnTimeout.java:298)
	at org.junit.internal.runners.statements.FailOnTimeout$CallableStatement.call(FailOnTimeout.java:292)
	at java.util.concurrent.FutureTask.run(FutureTask.java:266)
	at java.lang.Thread.run(Thread.java:748)
5) test039(org.apache.commons.collections4.trie.AbstractPatriciaTrie_ESTest)
java.lang.NullPointerException
	at org.apache.commons.collections4.trie.AbstractPatriciaTrie.followRight(AbstractPatriciaTrie.java:1164)
	at org.apache.commons.collections4.trie.AbstractPatriciaTrie_ESTest.test039(AbstractPatriciaTrie_ESTest.java:441)
	at sun.reflect.NativeMethodAccessorImpl.invoke0(Native Method)
	at sun.reflect.NativeMethodAccessorImpl.invoke(NativeMethodAccessorImpl.java:62)
	at sun.reflect.DelegatingMethodAccessorImpl.invoke(DelegatingMethodAccessorImpl.java:43)
	at java.lang.reflect.Method.invoke(Method.java:498)
	at org.junit.runners.model.FrameworkMethod$1.runReflectiveCall(FrameworkMethod.java:50)
	at org.junit.internal.runners.model.ReflectiveCallable.run(ReflectiveCallable.java:12)
	at org.junit.runners.model.FrameworkMethod.invokeExplosively(FrameworkMethod.java:47)
	at org.junit.internal.runners.statements.InvokeMethod.evaluate(InvokeMethod.java:17)
	at org.junit.internal.runners.statements.FailOnTimeout$CallableStatement.call(FailOnTimeout.java:298)
	at org.junit.internal.runners.statements.FailOnTimeout$CallableStatement.call(FailOnTimeout.java:292)
	at java.util.concurrent.FutureTask.run(FutureTask.java:266)
	at java.lang.Thread.run(Thread.java:748)
6) test040(org.apache.commons.collections4.trie.AbstractPatriciaTrie_ESTest)
java.lang.NullPointerException
	at org.apache.commons.collections4.trie.AbstractPatriciaTrie.followLeft(AbstractPatriciaTrie.java:758)
	at org.apache.commons.collections4.trie.AbstractPatriciaTrie_ESTest.test040(AbstractPatriciaTrie_ESTest.java:457)
	at sun.reflect.NativeMethodAccessorImpl.invoke0(Native Method)
	at sun.reflect.NativeMethodAccessorImpl.invoke(NativeMethodAccessorImpl.java:62)
	at sun.reflect.DelegatingMethodAccessorImpl.invoke(DelegatingMethodAccessorImpl.java:43)
	at java.lang.reflect.Method.invoke(Method.java:498)
	at org.junit.runners.model.FrameworkMethod$1.runReflectiveCall(FrameworkMethod.java:50)
	at org.junit.internal.runners.model.ReflectiveCallable.run(ReflectiveCallable.java:12)
	at org.junit.runners.model.FrameworkMethod.invokeExplosively(FrameworkMethod.java:47)
	at org.junit.internal.runners.statements.InvokeMethod.evaluate(InvokeMethod.java:17)
	at org.junit.internal.runners.statements.FailOnTimeout$CallableStatement.call(FailOnTimeout.java:298)
	at org.junit.internal.runners.statements.FailOnTimeout$CallableStatement.call(FailOnTimeout.java:292)
	at java.util.concurrent.FutureTask.run(FutureTask.java:266)
	at java.lang.Thread.run(Thread.java:748)
7) test041(org.apache.commons.collections4.trie.AbstractPatriciaTrie_ESTest)
java.lang.NullPointerException
	at org.apache.commons.collections4.trie.AbstractPatriciaTrie.followLeft(AbstractPatriciaTrie.java:764)
	at org.apache.commons.collections4.trie.AbstractPatriciaTrie.firstEntry(AbstractPatriciaTrie.java:750)
	at org.apache.commons.collections4.trie.AbstractPatriciaTrie.firstKey(AbstractPatriciaTrie.java:784)
	at org.apache.commons.collections4.trie.AbstractPatriciaTrie_ESTest.test041(AbstractPatriciaTrie_ESTest.java:473)
	at sun.reflect.NativeMethodAccessorImpl.invoke0(Native Method)
	at sun.reflect.NativeMethodAccessorImpl.invoke(NativeMethodAccessorImpl.java:62)
	at sun.reflect.DelegatingMethodAccessorImpl.invoke(DelegatingMethodAccessorImpl.java:43)
	at java.lang.reflect.Method.invoke(Method.java:498)
	at org.junit.runners.model.FrameworkMethod$1.runReflectiveCall(FrameworkMethod.java:50)
	at org.junit.internal.runners.model.ReflectiveCallable.run(ReflectiveCallable.java:12)
	at org.junit.runners.model.FrameworkMethod.invokeExplosively(FrameworkMethod.java:47)
	at org.junit.internal.runners.statements.InvokeMethod.evaluate(InvokeMethod.java:17)
	at org.junit.internal.runners.statements.FailOnTimeout$CallableStatement.call(FailOnTimeout.java:298)
	at org.junit.internal.runners.statements.FailOnTimeout$CallableStatement.call(FailOnTimeout.java:292)
	at java.util.concurrent.FutureTask.run(FutureTask.java:266)
	at java.lang.Thread.run(Thread.java:748)
8) test042(org.apache.commons.collections4.trie.AbstractPatriciaTrie_ESTest)
java.lang.ClassCastException: org.apache.commons.collections4.trie.PatriciaTrie cannot be cast to java.lang.String
	at org.apache.commons.collections4.trie.analyzer.StringKeyAnalyzer.lengthInBits(StringKeyAnalyzer.java:27)
	at org.apache.commons.collections4.trie.AbstractBitwiseTrie.lengthInBits(AbstractBitwiseTrie.java:93)
	at org.apache.commons.collections4.trie.AbstractPatriciaTrie.containsKey(AbstractPatriciaTrie.java:384)
	at org.apache.commons.collections4.trie.PatriciaTrie.containsKey(PatriciaTrie.java:57)
	at org.apache.commons.collections4.trie.AbstractPatriciaTrie_ESTest.test042(AbstractPatriciaTrie_ESTest.java:488)
	at sun.reflect.NativeMethodAccessorImpl.invoke0(Native Method)
	at sun.reflect.NativeMethodAccessorImpl.invoke(NativeMethodAccessorImpl.java:62)
	at sun.reflect.DelegatingMethodAccessorImpl.invoke(DelegatingMethodAccessorImpl.java:43)
	at java.lang.reflect.Method.invoke(Method.java:498)
	at org.junit.runners.model.FrameworkMethod$1.runReflectiveCall(FrameworkMethod.java:50)
	at org.junit.internal.runners.model.ReflectiveCallable.run(ReflectiveCallable.java:12)
	at org.junit.runners.model.FrameworkMethod.invokeExplosively(FrameworkMethod.java:47)
	at org.junit.internal.runners.statements.InvokeMethod.evaluate(InvokeMethod.java:17)
	at org.junit.internal.runners.statements.FailOnTimeout$CallableStatement.call(FailOnTimeout.java:298)
	at org.junit.internal.runners.statements.FailOnTimeout$CallableStatement.call(FailOnTimeout.java:292)
	at java.util.concurrent.FutureTask.run(FutureTask.java:266)
	at java.lang.Thread.run(Thread.java:748)
9) test043(org.apache.commons.collections4.trie.AbstractPatriciaTrie_ESTest)
java.lang.NullPointerException
	at org.apache.commons.collections4.trie.AbstractPatriciaTrie.followLeft(AbstractPatriciaTrie.java:764)
	at org.apache.commons.collections4.trie.AbstractPatriciaTrie.firstEntry(AbstractPatriciaTrie.java:750)
	at org.apache.commons.collections4.trie.AbstractPatriciaTrie.ceilingEntry(AbstractPatriciaTrie.java:965)
	at org.apache.commons.collections4.trie.AbstractPatriciaTrie_ESTest.test043(AbstractPatriciaTrie_ESTest.java:505)
	at sun.reflect.NativeMethodAccessorImpl.invoke0(Native Method)
	at sun.reflect.NativeMethodAccessorImpl.invoke(NativeMethodAccessorImpl.java:62)
	at sun.reflect.DelegatingMethodAccessorImpl.invoke(DelegatingMethodAccessorImpl.java:43)
	at java.lang.reflect.Method.invoke(Method.java:498)
	at org.junit.runners.model.FrameworkMethod$1.runReflectiveCall(FrameworkMethod.java:50)
	at org.junit.internal.runners.model.ReflectiveCallable.run(ReflectiveCallable.java:12)
	at org.junit.runners.model.FrameworkMethod.invokeExplosively(FrameworkMethod.java:47)
	at org.junit.internal.runners.statements.InvokeMethod.evaluate(InvokeMethod.java:17)
	at org.junit.internal.runners.statements.FailOnTimeout$CallableStatement.call(FailOnTimeout.java:298)
	at org.junit.internal.runners.statements.FailOnTimeout$CallableStatement.call(FailOnTimeout.java:292)
	at java.util.concurrent.FutureTask.run(FutureTask.java:266)
	at java.lang.Thread.run(Thread.java:748)
10) test044(org.apache.commons.collections4.trie.AbstractPatriciaTrie_ESTest)
java.lang.NullPointerException
	at org.apache.commons.collections4.trie.AbstractPatriciaTrie.addEntry(AbstractPatriciaTrie.java:198)
	at org.apache.commons.collections4.trie.AbstractPatriciaTrie_ESTest.test044(AbstractPatriciaTrie_ESTest.java:520)
	at sun.reflect.NativeMethodAccessorImpl.invoke0(Native Method)
	at sun.reflect.NativeMethodAccessorImpl.invoke(NativeMethodAccessorImpl.java:62)
	at sun.reflect.DelegatingMethodAccessorImpl.invoke(DelegatingMethodAccessorImpl.java:43)
	at java.lang.reflect.Method.invoke(Method.java:498)
	at org.junit.runners.model.FrameworkMethod$1.runReflectiveCall(FrameworkMethod.java:50)
	at org.junit.internal.runners.model.ReflectiveCallable.run(ReflectiveCallable.java:12)
	at org.junit.runners.model.FrameworkMethod.invokeExplosively(FrameworkMethod.java:47)
	at org.junit.internal.runners.statements.InvokeMethod.evaluate(InvokeMethod.java:17)
	at org.junit.internal.runners.statements.FailOnTimeout$CallableStatement.call(FailOnTimeout.java:298)
	at org.junit.internal.runners.statements.FailOnTimeout$CallableStatement.call(FailOnTimeout.java:292)
	at java.util.concurrent.FutureTask.run(FutureTask.java:266)
	at java.lang.Thread.run(Thread.java:748)
11) test055(org.apache.commons.collections4.trie.AbstractPatriciaTrie_ESTest)
java.lang.StringIndexOutOfBoundsException: String index out of range: -25
	at java.lang.String.charAt(String.java:658)
	at org.apache.commons.collections4.trie.analyzer.StringKeyAnalyzer.isBitSet(StringKeyAnalyzer.java:122)
	at org.apache.commons.collections4.trie.analyzer.StringKeyAnalyzer.isBitSet(StringKeyAnalyzer.java:27)
	at org.apache.commons.collections4.trie.AbstractBitwiseTrie.isBitSet(AbstractBitwiseTrie.java:114)
	at org.apache.commons.collections4.trie.AbstractPatriciaTrie.addEntry(AbstractPatriciaTrie.java:202)
	at org.apache.commons.collections4.trie.AbstractPatriciaTrie_ESTest.test055(AbstractPatriciaTrie_ESTest.java:607)
	at sun.reflect.NativeMethodAccessorImpl.invoke0(Native Method)
	at sun.reflect.NativeMethodAccessorImpl.invoke(NativeMethodAccessorImpl.java:62)
	at sun.reflect.DelegatingMethodAccessorImpl.invoke(DelegatingMethodAccessorImpl.java:43)
	at java.lang.reflect.Method.invoke(Method.java:498)
	at org.junit.runners.model.FrameworkMethod$1.runReflectiveCall(FrameworkMethod.java:50)
	at org.junit.internal.runners.model.ReflectiveCallable.run(ReflectiveCallable.java:12)
	at org.junit.runners.model.FrameworkMethod.invokeExplosively(FrameworkMethod.java:47)
	at org.junit.internal.runners.statements.InvokeMethod.evaluate(InvokeMethod.java:17)
	at org.junit.internal.runners.statements.FailOnTimeout$CallableStatement.call(FailOnTimeout.java:298)
	at org.junit.internal.runners.statements.FailOnTimeout$CallableStatement.call(FailOnTimeout.java:292)
	at java.util.concurrent.FutureTask.run(FutureTask.java:266)
	at java.lang.Thread.run(Thread.java:748)
12) test056(org.apache.commons.collections4.trie.AbstractPatriciaTrie_ESTest)
org.evosuite.runtime.mock.java.lang.MockIllegalArgumentException: fromKey > toKey
	at org.apache.commons.collections4.trie.AbstractPatriciaTrie$RangeEntryMap.<init>(AbstractPatriciaTrie.java:1879)
	at org.apache.commons.collections4.trie.AbstractPatriciaTrie$RangeEntryMap.<init>(AbstractPatriciaTrie.java:1865)
	at org.apache.commons.collections4.trie.AbstractPatriciaTrie.subMap(AbstractPatriciaTrie.java:875)
	at org.apache.commons.collections4.trie.AbstractPatriciaTrie_ESTest.test056(AbstractPatriciaTrie_ESTest.java:619)
	at sun.reflect.NativeMethodAccessorImpl.invoke0(Native Method)
	at sun.reflect.NativeMethodAccessorImpl.invoke(NativeMethodAccessorImpl.java:62)
	at sun.reflect.DelegatingMethodAccessorImpl.invoke(DelegatingMethodAccessorImpl.java:43)
	at java.lang.reflect.Method.invoke(Method.java:498)
	at org.junit.runners.model.FrameworkMethod$1.runReflectiveCall(FrameworkMethod.java:50)
	at org.junit.internal.runners.model.ReflectiveCallable.run(ReflectiveCallable.java:12)
	at org.junit.runners.model.FrameworkMethod.invokeExplosively(FrameworkMethod.java:47)
	at org.junit.internal.runners.statements.InvokeMethod.evaluate(InvokeMethod.java:17)
	at org.junit.internal.runners.statements.FailOnTimeout$CallableStatement.call(FailOnTimeout.java:298)
	at org.junit.internal.runners.statements.FailOnTimeout$CallableStatement.call(FailOnTimeout.java:292)
	at java.util.concurrent.FutureTask.run(FutureTask.java:266)
	at java.lang.Thread.run(Thread.java:748)
13) test029(org.apache.commons.collections4.trie.AbstractPatriciaTrie_ESTest)
org.evosuite.runtime.mock.java.lang.MockIllegalArgumentException: The offsets and lengths must be at Character boundaries
	at org.apache.commons.collections4.trie.analyzer.StringKeyAnalyzer.bitIndex(StringKeyAnalyzer.java:63)
	at org.apache.commons.collections4.trie.analyzer.StringKeyAnalyzer.bitIndex(StringKeyAnalyzer.java:27)
	at org.apache.commons.collections4.trie.AbstractPatriciaTrie.subtree(AbstractPatriciaTrie.java:1139)
	at org.apache.commons.collections4.trie.AbstractPatriciaTrie_ESTest.test029(AbstractPatriciaTrie_ESTest.java:275)
	at sun.reflect.NativeMethodAccessorImpl.invoke0(Native Method)
	at sun.reflect.NativeMethodAccessorImpl.invoke(NativeMethodAccessorImpl.java:62)
	at sun.reflect.DelegatingMethodAccessorImpl.invoke(DelegatingMethodAccessorImpl.java:43)
	at java.lang.reflect.Method.invoke(Method.java:498)
	at org.junit.runners.model.FrameworkMethod$1.runReflectiveCall(FrameworkMethod.java:50)
	at org.junit.internal.runners.model.ReflectiveCallable.run(ReflectiveCallable.java:12)
	at org.junit.runners.model.FrameworkMethod.invokeExplosively(FrameworkMethod.java:47)
	at org.junit.internal.runners.statements.InvokeMethod.evaluate(InvokeMethod.java:17)
	at org.junit.internal.runners.statements.FailOnTimeout$CallableStatement.call(FailOnTimeout.java:298)
	at org.junit.internal.runners.statements.FailOnTimeout$CallableStatement.call(FailOnTimeout.java:292)
	at java.util.concurrent.FutureTask.run(FutureTask.java:266)
	at java.lang.Thread.run(Thread.java:748)
14) test030(org.apache.commons.collections4.trie.AbstractPatriciaTrie_ESTest)
java.lang.NullPointerException
	at org.apache.commons.collections4.trie.AbstractPatriciaTrie.removeEntry(AbstractPatriciaTrie.java:481)
	at org.apache.commons.collections4.trie.AbstractPatriciaTrie_ESTest.test030(AbstractPatriciaTrie_ESTest.java:291)
	at sun.reflect.NativeMethodAccessorImpl.invoke0(Native Method)
	at sun.reflect.NativeMethodAccessorImpl.invoke(NativeMethodAccessorImpl.java:62)
	at sun.reflect.DelegatingMethodAccessorImpl.invoke(DelegatingMethodAccessorImpl.java:43)
	at java.lang.reflect.Method.invoke(Method.java:498)
	at org.junit.runners.model.FrameworkMethod$1.runReflectiveCall(FrameworkMethod.java:50)
	at org.junit.internal.runners.model.ReflectiveCallable.run(ReflectiveCallable.java:12)
	at org.junit.runners.model.FrameworkMethod.invokeExplosively(FrameworkMethod.java:47)
	at org.junit.internal.runners.statements.InvokeMethod.evaluate(InvokeMethod.java:17)
	at org.junit.internal.runners.statements.FailOnTimeout$CallableStatement.call(FailOnTimeout.java:298)
	at org.junit.internal.runners.statements.FailOnTimeout$CallableStatement.call(FailOnTimeout.java:292)
	at java.util.concurrent.FutureTask.run(FutureTask.java:266)
	at java.lang.Thread.run(Thread.java:748)
15) test031(org.apache.commons.collections4.trie.AbstractPatriciaTrie_ESTest)
java.lang.ClassCastException: java.lang.Integer cannot be cast to java.lang.String
	at org.apache.commons.collections4.trie.analyzer.StringKeyAnalyzer.lengthInBits(StringKeyAnalyzer.java:27)
	at org.apache.commons.collections4.trie.AbstractBitwiseTrie.lengthInBits(AbstractBitwiseTrie.java:93)
	at org.apache.commons.collections4.trie.AbstractPatriciaTrie.remove(AbstractPatriciaTrie.java:425)
	at org.apache.commons.collections4.trie.PatriciaTrie.remove(PatriciaTrie.java:57)
	at org.apache.commons.collections4.trie.AbstractPatriciaTrie_ESTest.test031(AbstractPatriciaTrie_ESTest.java:309)
	at sun.reflect.NativeMethodAccessorImpl.invoke0(Native Method)
	at sun.reflect.NativeMethodAccessorImpl.invoke(NativeMethodAccessorImpl.java:62)
	at sun.reflect.DelegatingMethodAccessorImpl.invoke(DelegatingMethodAccessorImpl.java:43)
	at java.lang.reflect.Method.invoke(Method.java:498)
	at org.junit.runners.model.FrameworkMethod$1.runReflectiveCall(FrameworkMethod.java:50)
	at org.junit.internal.runners.model.ReflectiveCallable.run(ReflectiveCallable.java:12)
	at org.junit.runners.model.FrameworkMethod.invokeExplosively(FrameworkMethod.java:47)
	at org.junit.internal.runners.statements.InvokeMethod.evaluate(InvokeMethod.java:17)
	at org.junit.internal.runners.statements.FailOnTimeout$CallableStatement.call(FailOnTimeout.java:298)
	at org.junit.internal.runners.statements.FailOnTimeout$CallableStatement.call(FailOnTimeout.java:292)
	at java.util.concurrent.FutureTask.run(FutureTask.java:266)
	at java.lang.Thread.run(Thread.java:748)
16) test032(org.apache.commons.collections4.trie.AbstractPatriciaTrie_ESTest)
java.lang.NullPointerException
	at org.apache.commons.collections4.trie.AbstractPatriciaTrie.previousEntry(AbstractPatriciaTrie.java:1196)
	at org.apache.commons.collections4.trie.AbstractPatriciaTrie_ESTest.test032(AbstractPatriciaTrie_ESTest.java:325)
	at sun.reflect.NativeMethodAccessorImpl.invoke0(Native Method)
	at sun.reflect.NativeMethodAccessorImpl.invoke(NativeMethodAccessorImpl.java:62)
	at sun.reflect.DelegatingMethodAccessorImpl.invoke(DelegatingMethodAccessorImpl.java:43)
	at java.lang.reflect.Method.invoke(Method.java:498)
	at org.junit.runners.model.FrameworkMethod$1.runReflectiveCall(FrameworkMethod.java:50)
	at org.junit.internal.runners.model.ReflectiveCallable.run(ReflectiveCallable.java:12)
	at org.junit.runners.model.FrameworkMethod.invokeExplosively(FrameworkMethod.java:47)
	at org.junit.internal.runners.statements.InvokeMethod.evaluate(InvokeMethod.java:17)
	at org.junit.internal.runners.statements.FailOnTimeout$CallableStatement.call(FailOnTimeout.java:298)
	at org.junit.internal.runners.statements.FailOnTimeout$CallableStatement.call(FailOnTimeout.java:292)
	at java.util.concurrent.FutureTask.run(FutureTask.java:266)
	at java.lang.Thread.run(Thread.java:748)
17) test033(org.apache.commons.collections4.trie.AbstractPatriciaTrie_ESTest)
java.lang.NullPointerException
	at org.apache.commons.collections4.trie.AbstractPatriciaTrie.isValidUplink(AbstractPatriciaTrie.java:1247)
	at org.apache.commons.collections4.trie.AbstractPatriciaTrie_ESTest.test033(AbstractPatriciaTrie_ESTest.java:342)
	at sun.reflect.NativeMethodAccessorImpl.invoke0(Native Method)
	at sun.reflect.NativeMethodAccessorImpl.invoke(NativeMethodAccessorImpl.java:62)
	at sun.reflect.DelegatingMethodAccessorImpl.invoke(DelegatingMethodAccessorImpl.java:43)
	at java.lang.reflect.Method.invoke(Method.java:498)
	at org.junit.runners.model.FrameworkMethod$1.runReflectiveCall(FrameworkMethod.java:50)
	at org.junit.internal.runners.model.ReflectiveCallable.run(ReflectiveCallable.java:12)
	at org.junit.runners.model.FrameworkMethod.invokeExplosively(FrameworkMethod.java:47)
	at org.junit.internal.runners.statements.InvokeMethod.evaluate(InvokeMethod.java:17)
	at org.junit.internal.runners.statements.FailOnTimeout$CallableStatement.call(FailOnTimeout.java:298)
	at org.junit.internal.runners.statements.FailOnTimeout$CallableStatement.call(FailOnTimeout.java:292)
	at java.util.concurrent.FutureTask.run(FutureTask.java:266)
	at java.lang.Thread.run(Thread.java:748)
18) test034(org.apache.commons.collections4.trie.AbstractPatriciaTrie_ESTest)
java.lang.NullPointerException
	at org.apache.commons.collections4.trie.AbstractPatriciaTrie.followLeft(AbstractPatriciaTrie.java:764)
	at org.apache.commons.collections4.trie.AbstractPatriciaTrie.firstEntry(AbstractPatriciaTrie.java:750)
	at org.apache.commons.collections4.trie.AbstractPatriciaTrie.higherEntry(AbstractPatriciaTrie.java:903)
	at org.apache.commons.collections4.trie.AbstractPatriciaTrie_ESTest.test034(AbstractPatriciaTrie_ESTest.java:358)
	at sun.reflect.NativeMethodAccessorImpl.invoke0(Native Method)
	at sun.reflect.NativeMethodAccessorImpl.invoke(NativeMethodAccessorImpl.java:62)
	at sun.reflect.DelegatingMethodAccessorImpl.invoke(DelegatingMethodAccessorImpl.java:43)
	at java.lang.reflect.Method.invoke(Method.java:498)
	at org.junit.runners.model.FrameworkMethod$1.runReflectiveCall(FrameworkMethod.java:50)
	at org.junit.internal.runners.model.ReflectiveCallable.run(ReflectiveCallable.java:12)
	at org.junit.runners.model.FrameworkMethod.invokeExplosively(FrameworkMethod.java:47)
	at org.junit.internal.runners.statements.InvokeMethod.evaluate(InvokeMethod.java:17)
	at org.junit.internal.runners.statements.FailOnTimeout$CallableStatement.call(FailOnTimeout.java:298)
	at org.junit.internal.runners.statements.FailOnTimeout$CallableStatement.call(FailOnTimeout.java:292)
	at java.util.concurrent.FutureTask.run(FutureTask.java:266)
	at java.lang.Thread.run(Thread.java:748)
19) test089(org.apache.commons.collections4.trie.AbstractPatriciaTrie_ESTest)
org.evosuite.runtime.mock.java.lang.MockNullPointerException
	at org.apache.commons.collections4.trie.AbstractPatriciaTrie.previousKey(AbstractPatriciaTrie.java:812)
	at org.apache.commons.collections4.trie.AbstractPatriciaTrie_ESTest.test089(AbstractPatriciaTrie_ESTest.java:904)
	at sun.reflect.NativeMethodAccessorImpl.invoke0(Native Method)
	at sun.reflect.NativeMethodAccessorImpl.invoke(NativeMethodAccessorImpl.java:62)
	at sun.reflect.DelegatingMethodAccessorImpl.invoke(DelegatingMethodAccessorImpl.java:43)
	at java.lang.reflect.Method.invoke(Method.java:498)
	at org.junit.runners.model.FrameworkMethod$1.runReflectiveCall(FrameworkMethod.java:50)
	at org.junit.internal.runners.model.ReflectiveCallable.run(ReflectiveCallable.java:12)
	at org.junit.runners.model.FrameworkMethod.invokeExplosively(FrameworkMethod.java:47)
	at org.junit.internal.runners.statements.InvokeMethod.evaluate(InvokeMethod.java:17)
	at org.junit.internal.runners.statements.FailOnTimeout$CallableStatement.call(FailOnTimeout.java:298)
	at org.junit.internal.runners.statements.FailOnTimeout$CallableStatement.call(FailOnTimeout.java:292)
	at java.util.concurrent.FutureTask.run(FutureTask.java:266)
	at java.lang.Thread.run(Thread.java:748)
20) test002(org.apache.commons.collections4.trie.AbstractPatriciaTrie_ESTest)
java.lang.StringIndexOutOfBoundsException: String index out of range: -2
	at java.lang.String.charAt(String.java:658)
	at org.apache.commons.collections4.trie.analyzer.StringKeyAnalyzer.isBitSet(StringKeyAnalyzer.java:122)
	at org.apache.commons.collections4.trie.analyzer.StringKeyAnalyzer.isBitSet(StringKeyAnalyzer.java:27)
	at org.apache.commons.collections4.trie.AbstractBitwiseTrie.isBitSet(AbstractBitwiseTrie.java:114)
	at org.apache.commons.collections4.trie.AbstractPatriciaTrie.subtree(AbstractPatriciaTrie.java:1133)
	at org.apache.commons.collections4.trie.AbstractPatriciaTrie_ESTest.test002(AbstractPatriciaTrie_ESTest.java:51)
	at sun.reflect.NativeMethodAccessorImpl.invoke0(Native Method)
	at sun.reflect.NativeMethodAccessorImpl.invoke(NativeMethodAccessorImpl.java:62)
	at sun.reflect.DelegatingMethodAccessorImpl.invoke(DelegatingMethodAccessorImpl.java:43)
	at java.lang.reflect.Method.invoke(Method.java:498)
	at org.junit.runners.model.FrameworkMethod$1.runReflectiveCall(FrameworkMethod.java:50)
	at org.junit.internal.runners.model.ReflectiveCallable.run(ReflectiveCallable.java:12)
	at org.junit.runners.model.FrameworkMethod.invokeExplosively(FrameworkMethod.java:47)
	at org.junit.internal.runners.statements.InvokeMethod.evaluate(InvokeMethod.java:17)
	at org.junit.internal.runners.statements.FailOnTimeout$CallableStatement.call(FailOnTimeout.java:298)
	at org.junit.internal.runners.statements.FailOnTimeout$CallableStatement.call(FailOnTimeout.java:292)
	at java.util.concurrent.FutureTask.run(FutureTask.java:266)
	at java.lang.Thread.run(Thread.java:748)
21) test003(org.apache.commons.collections4.trie.AbstractPatriciaTrie_ESTest)
java.lang.StringIndexOutOfBoundsException: String index out of range: 49
	at java.lang.String.charAt(String.java:658)
	at org.apache.commons.collections4.trie.analyzer.StringKeyAnalyzer.isBitSet(StringKeyAnalyzer.java:122)
	at org.apache.commons.collections4.trie.analyzer.StringKeyAnalyzer.isBitSet(StringKeyAnalyzer.java:27)
	at org.apache.commons.collections4.trie.AbstractBitwiseTrie.isBitSet(AbstractBitwiseTrie.java:114)
	at org.apache.commons.collections4.trie.AbstractPatriciaTrie.subtree(AbstractPatriciaTrie.java:1133)
	at org.apache.commons.collections4.trie.AbstractPatriciaTrie_ESTest.test003(AbstractPatriciaTrie_ESTest.java:64)
	at sun.reflect.NativeMethodAccessorImpl.invoke0(Native Method)
	at sun.reflect.NativeMethodAccessorImpl.invoke(NativeMethodAccessorImpl.java:62)
	at sun.reflect.DelegatingMethodAccessorImpl.invoke(DelegatingMethodAccessorImpl.java:43)
	at java.lang.reflect.Method.invoke(Method.java:498)
	at org.junit.runners.model.FrameworkMethod$1.runReflectiveCall(FrameworkMethod.java:50)
	at org.junit.internal.runners.model.ReflectiveCallable.run(ReflectiveCallable.java:12)
	at org.junit.runners.model.FrameworkMethod.invokeExplosively(FrameworkMethod.java:47)
	at org.junit.internal.runners.statements.InvokeMethod.evaluate(InvokeMethod.java:17)
	at org.junit.internal.runners.statements.FailOnTimeout$CallableStatement.call(FailOnTimeout.java:298)
	at org.junit.internal.runners.statements.FailOnTimeout$CallableStatement.call(FailOnTimeout.java:292)
	at java.util.concurrent.FutureTask.run(FutureTask.java:266)
	at java.lang.Thread.run(Thread.java:748)
22) test124(org.apache.commons.collections4.trie.AbstractPatriciaTrie_ESTest)
org.evosuite.runtime.mock.java.lang.MockNullPointerException: Key cannot be null
	at org.apache.commons.collections4.trie.AbstractPatriciaTrie.put(AbstractPatriciaTrie.java:131)
	at org.apache.commons.collections4.trie.AbstractPatriciaTrie_ESTest.test124(AbstractPatriciaTrie_ESTest.java:1220)
	at sun.reflect.NativeMethodAccessorImpl.invoke0(Native Method)
	at sun.reflect.NativeMethodAccessorImpl.invoke(NativeMethodAccessorImpl.java:62)
	at sun.reflect.DelegatingMethodAccessorImpl.invoke(DelegatingMethodAccessorImpl.java:43)
	at java.lang.reflect.Method.invoke(Method.java:498)
	at org.junit.runners.model.FrameworkMethod$1.runReflectiveCall(FrameworkMethod.java:50)
	at org.junit.internal.runners.model.ReflectiveCallable.run(ReflectiveCallable.java:12)
	at org.junit.runners.model.FrameworkMethod.invokeExplosively(FrameworkMethod.java:47)
	at org.junit.internal.runners.statements.InvokeMethod.evaluate(InvokeMethod.java:17)
	at org.junit.internal.runners.statements.FailOnTimeout$CallableStatement.call(FailOnTimeout.java:298)
	at org.junit.internal.runners.statements.FailOnTimeout$CallableStatement.call(FailOnTimeout.java:292)
	at java.util.concurrent.FutureTask.run(FutureTask.java:266)
	at java.lang.Thread.run(Thread.java:748)
23) test093(org.apache.commons.collections4.trie.AbstractPatriciaTrie_ESTest)
org.evosuite.runtime.mock.java.lang.MockNullPointerException
	at org.apache.commons.collections4.trie.AbstractPatriciaTrie.nextKey(AbstractPatriciaTrie.java:799)
	at org.apache.commons.collections4.trie.AbstractPatriciaTrie_ESTest.test093(AbstractPatriciaTrie_ESTest.java:943)
	at sun.reflect.NativeMethodAccessorImpl.invoke0(Native Method)
	at sun.reflect.NativeMethodAccessorImpl.invoke(NativeMethodAccessorImpl.java:62)
	at sun.reflect.DelegatingMethodAccessorImpl.invoke(DelegatingMethodAccessorImpl.java:43)
	at java.lang.reflect.Method.invoke(Method.java:498)
	at org.junit.runners.model.FrameworkMethod$1.runReflectiveCall(FrameworkMethod.java:50)
	at org.junit.internal.runners.model.ReflectiveCallable.run(ReflectiveCallable.java:12)
	at org.junit.runners.model.FrameworkMethod.invokeExplosively(FrameworkMethod.java:47)
	at org.junit.internal.runners.statements.InvokeMethod.evaluate(InvokeMethod.java:17)
	at org.junit.internal.runners.statements.FailOnTimeout$CallableStatement.call(FailOnTimeout.java:298)
	at org.junit.internal.runners.statements.FailOnTimeout$CallableStatement.call(FailOnTimeout.java:292)
	at java.util.concurrent.FutureTask.run(FutureTask.java:266)
	at java.lang.Thread.run(Thread.java:748)
24) test095(org.apache.commons.collections4.trie.AbstractPatriciaTrie_ESTest)
java.util.NoSuchElementException
	at org.apache.commons.collections4.trie.AbstractPatriciaTrie.lastKey(AbstractPatriciaTrie.java:793)
	at org.apache.commons.collections4.trie.AbstractPatriciaTrie_ESTest.test095(AbstractPatriciaTrie_ESTest.java:967)
	at sun.reflect.NativeMethodAccessorImpl.invoke0(Native Method)
	at sun.reflect.NativeMethodAccessorImpl.invoke(NativeMethodAccessorImpl.java:62)
	at sun.reflect.DelegatingMethodAccessorImpl.invoke(DelegatingMethodAccessorImpl.java:43)
	at java.lang.reflect.Method.invoke(Method.java:498)
	at org.junit.runners.model.FrameworkMethod$1.runReflectiveCall(FrameworkMethod.java:50)
	at org.junit.internal.runners.model.ReflectiveCallable.run(ReflectiveCallable.java:12)
	at org.junit.runners.model.FrameworkMethod.invokeExplosively(FrameworkMethod.java:47)
	at org.junit.internal.runners.statements.InvokeMethod.evaluate(InvokeMethod.java:17)
	at org.junit.internal.runners.statements.FailOnTimeout$CallableStatement.call(FailOnTimeout.java:298)
	at org.junit.internal.runners.statements.FailOnTimeout$CallableStatement.call(FailOnTimeout.java:292)
	at java.util.concurrent.FutureTask.run(FutureTask.java:266)
	at java.lang.Thread.run(Thread.java:748)
25) test096(org.apache.commons.collections4.trie.AbstractPatriciaTrie_ESTest)
java.util.NoSuchElementException
	at org.apache.commons.collections4.trie.AbstractPatriciaTrie.firstKey(AbstractPatriciaTrie.java:782)
	at org.apache.commons.collections4.trie.AbstractPatriciaTrie_ESTest.test096(AbstractPatriciaTrie_ESTest.java:984)
	at sun.reflect.NativeMethodAccessorImpl.invoke0(Native Method)
	at sun.reflect.NativeMethodAccessorImpl.invoke(NativeMethodAccessorImpl.java:62)
	at sun.reflect.DelegatingMethodAccessorImpl.invoke(DelegatingMethodAccessorImpl.java:43)
	at java.lang.reflect.Method.invoke(Method.java:498)
	at org.junit.runners.model.FrameworkMethod$1.runReflectiveCall(FrameworkMethod.java:50)
	at org.junit.internal.runners.model.ReflectiveCallable.run(ReflectiveCallable.java:12)
	at org.junit.runners.model.FrameworkMethod.invokeExplosively(FrameworkMethod.java:47)
	at org.junit.internal.runners.statements.InvokeMethod.evaluate(InvokeMethod.java:17)
	at org.junit.internal.runners.statements.FailOnTimeout$CallableStatement.call(FailOnTimeout.java:298)
	at org.junit.internal.runners.statements.FailOnTimeout$CallableStatement.call(FailOnTimeout.java:292)
	at java.util.concurrent.FutureTask.run(FutureTask.java:266)
	at java.lang.Thread.run(Thread.java:748)
26) test057(org.apache.commons.collections4.trie.AbstractPatriciaTrie_ESTest)
org.evosuite.runtime.mock.java.lang.MockIllegalArgumentException: must have a from or to!
	at org.apache.commons.collections4.trie.AbstractPatriciaTrie$RangeEntryMap.<init>(AbstractPatriciaTrie.java:1875)
	at org.apache.commons.collections4.trie.AbstractPatriciaTrie$RangeEntryMap.<init>(AbstractPatriciaTrie.java:1865)
	at org.apache.commons.collections4.trie.AbstractPatriciaTrie.tailMap(AbstractPatriciaTrie.java:880)
	at org.apache.commons.collections4.trie.AbstractPatriciaTrie_ESTest.test057(AbstractPatriciaTrie_ESTest.java:636)
	at sun.reflect.NativeMethodAccessorImpl.invoke0(Native Method)
	at sun.reflect.NativeMethodAccessorImpl.invoke(NativeMethodAccessorImpl.java:62)
	at sun.reflect.DelegatingMethodAccessorImpl.invoke(DelegatingMethodAccessorImpl.java:43)
	at java.lang.reflect.Method.invoke(Method.java:498)
	at org.junit.runners.model.FrameworkMethod$1.runReflectiveCall(FrameworkMethod.java:50)
	at org.junit.internal.runners.model.ReflectiveCallable.run(ReflectiveCallable.java:12)
	at org.junit.runners.model.FrameworkMethod.invokeExplosively(FrameworkMethod.java:47)
	at org.junit.internal.runners.statements.InvokeMethod.evaluate(InvokeMethod.java:17)
	at org.junit.internal.runners.statements.FailOnTimeout$CallableStatement.call(FailOnTimeout.java:298)
	at org.junit.internal.runners.statements.FailOnTimeout$CallableStatement.call(FailOnTimeout.java:292)
	at java.util.concurrent.FutureTask.run(FutureTask.java:266)
	at java.lang.Thread.run(Thread.java:748)
27) test102(org.apache.commons.collections4.trie.AbstractPatriciaTrie_ESTest)
java.lang.NullPointerException
	at org.apache.commons.collections4.trie.AbstractPatriciaTrie.nextEntryImpl(AbstractPatriciaTrie.java:658)
	at org.apache.commons.collections4.trie.AbstractPatriciaTrie_ESTest.test102(AbstractPatriciaTrie_ESTest.java:1038)
	at sun.reflect.NativeMethodAccessorImpl.invoke0(Native Method)
	at sun.reflect.NativeMethodAccessorImpl.invoke(NativeMethodAccessorImpl.java:62)
	at sun.reflect.DelegatingMethodAccessorImpl.invoke(DelegatingMethodAccessorImpl.java:43)
	at java.lang.reflect.Method.invoke(Method.java:498)
	at org.junit.runners.model.FrameworkMethod$1.runReflectiveCall(FrameworkMethod.java:50)
	at org.junit.internal.runners.model.ReflectiveCallable.run(ReflectiveCallable.java:12)
	at org.junit.runners.model.FrameworkMethod.invokeExplosively(FrameworkMethod.java:47)
	at org.junit.internal.runners.statements.InvokeMethod.evaluate(InvokeMethod.java:17)
	at org.junit.internal.runners.statements.FailOnTimeout$CallableStatement.call(FailOnTimeout.java:298)
	at org.junit.internal.runners.statements.FailOnTimeout$CallableStatement.call(FailOnTimeout.java:292)
	at java.util.concurrent.FutureTask.run(FutureTask.java:266)
	at java.lang.Thread.run(Thread.java:748)
28) test074(org.apache.commons.collections4.trie.AbstractPatriciaTrie_ESTest)
java.lang.StringIndexOutOfBoundsException: String index out of range: 0
	at java.lang.String.charAt(String.java:658)
	at org.apache.commons.collections4.trie.analyzer.StringKeyAnalyzer.isBitSet(StringKeyAnalyzer.java:122)
	at org.apache.commons.collections4.trie.analyzer.StringKeyAnalyzer.isBitSet(StringKeyAnalyzer.java:27)
	at org.apache.commons.collections4.trie.AbstractBitwiseTrie.isBitSet(AbstractBitwiseTrie.java:114)
	at org.apache.commons.collections4.trie.AbstractPatriciaTrie.subtree(AbstractPatriciaTrie.java:1133)
	at org.apache.commons.collections4.trie.AbstractPatriciaTrie_ESTest.test074(AbstractPatriciaTrie_ESTest.java:781)
	at sun.reflect.NativeMethodAccessorImpl.invoke0(Native Method)
	at sun.reflect.NativeMethodAccessorImpl.invoke(NativeMethodAccessorImpl.java:62)
	at sun.reflect.DelegatingMethodAccessorImpl.invoke(DelegatingMethodAccessorImpl.java:43)
	at java.lang.reflect.Method.invoke(Method.java:498)
	at org.junit.runners.model.FrameworkMethod$1.runReflectiveCall(FrameworkMethod.java:50)
	at org.junit.internal.runners.model.ReflectiveCallable.run(ReflectiveCallable.java:12)
	at org.junit.runners.model.FrameworkMethod.invokeExplosively(FrameworkMethod.java:47)
	at org.junit.internal.runners.statements.InvokeMethod.evaluate(InvokeMethod.java:17)
	at org.junit.internal.runners.statements.FailOnTimeout$CallableStatement.call(FailOnTimeout.java:298)
	at org.junit.internal.runners.statements.FailOnTimeout$CallableStatement.call(FailOnTimeout.java:292)
	at java.util.concurrent.FutureTask.run(FutureTask.java:266)
	at java.lang.Thread.run(Thread.java:748)
29) test075(org.apache.commons.collections4.trie.AbstractPatriciaTrie_ESTest)
java.lang.NullPointerException
	at org.apache.commons.collections4.trie.analyzer.StringKeyAnalyzer.bitIndex(StringKeyAnalyzer.java:85)
	at org.apache.commons.collections4.trie.analyzer.StringKeyAnalyzer.bitIndex(StringKeyAnalyzer.java:27)
	at org.apache.commons.collections4.trie.AbstractPatriciaTrie.subtree(AbstractPatriciaTrie.java:1139)
	at org.apache.commons.collections4.trie.AbstractPatriciaTrie_ESTest.test075(AbstractPatriciaTrie_ESTest.java:794)
	at sun.reflect.NativeMethodAccessorImpl.invoke0(Native Method)
	at sun.reflect.NativeMethodAccessorImpl.invoke(NativeMethodAccessorImpl.java:62)
	at sun.reflect.DelegatingMethodAccessorImpl.invoke(DelegatingMethodAccessorImpl.java:43)
	at java.lang.reflect.Method.invoke(Method.java:498)
	at org.junit.runners.model.FrameworkMethod$1.runReflectiveCall(FrameworkMethod.java:50)
	at org.junit.internal.runners.model.ReflectiveCallable.run(ReflectiveCallable.java:12)
	at org.junit.runners.model.FrameworkMethod.invokeExplosively(FrameworkMethod.java:47)
	at org.junit.internal.runners.statements.InvokeMethod.evaluate(InvokeMethod.java:17)
	at org.junit.internal.runners.statements.FailOnTimeout$CallableStatement.call(FailOnTimeout.java:298)
	at org.junit.internal.runners.statements.FailOnTimeout$CallableStatement.call(FailOnTimeout.java:292)
	at java.util.concurrent.FutureTask.run(FutureTask.java:266)
	at java.lang.Thread.run(Thread.java:748)

FAILURES!!!
Tests run: 134,  Failures: 29

