JUnit version 4.12
................E.E.E.E.E.E.E.E.E.E.E.E.E.E.E.E.E.E.E.E.rcount: 0
E.E.E.E......E....................E.E..............................E...............E.E.........E.E
Time: 0.96
There were 32 failures:
1) test028(org.apache.commons.compress.archivers.zip.ZipArchiveEntry_ESTest)
java.lang.NullPointerException
	at org.apache.commons.compress.archivers.zip.ExtraFieldUtils.mergeLocalFileDataData(ExtraFieldUtils.java:207)
	at org.apache.commons.compress.archivers.zip.ZipArchiveEntry.setExtra(ZipArchiveEntry.java:555)
	at org.apache.commons.compress.archivers.zip.ZipArchiveEntry.setExtraFields(ZipArchiveEntry.java:333)
	at org.apache.commons.compress.archivers.zip.ZipArchiveEntry_ESTest.test028(ZipArchiveEntry_ESTest.java:341)
	at sun.reflect.NativeMethodAccessorImpl.invoke0(Native Method)
	at sun.reflect.NativeMethodAccessorImpl.invoke(NativeMethodAccessorImpl.java:62)
	at sun.reflect.DelegatingMethodAccessorImpl.invoke(DelegatingMethodAccessorImpl.java:43)
	at java.lang.reflect.Method.invoke(Method.java:498)
	at org.junit.runners.model.FrameworkMethod$1.runReflectiveCall(FrameworkMethod.java:50)
	at org.junit.internal.runners.model.ReflectiveCallable.run(ReflectiveCallable.java:12)
	at org.junit.runners.model.FrameworkMethod.invokeExplosively(FrameworkMethod.java:47)
	at org.junit.internal.runners.statements.InvokeMethod.evaluate(InvokeMethod.java:17)
	at org.junit.internal.runners.statements.FailOnTimeout$CallableStatement.call(FailOnTimeout.java:298)
	at org.junit.internal.runners.statements.FailOnTimeout$CallableStatement.call(FailOnTimeout.java:292)
	at java.util.concurrent.FutureTask.run(FutureTask.java:266)
	at java.lang.Thread.run(Thread.java:748)
2) test029(org.apache.commons.compress.archivers.zip.ZipArchiveEntry_ESTest)
org.evosuite.runtime.mock.java.lang.MockIllegalArgumentException: Zip64 extended information must contain both size values in the local file header.
	at org.apache.commons.compress.archivers.zip.Zip64ExtendedInformationExtraField.getLocalFileDataData(Zip64ExtendedInformationExtraField.java:128)
	at org.apache.commons.compress.archivers.zip.ExtraFieldUtils.mergeLocalFileDataData(ExtraFieldUtils.java:218)
	at org.apache.commons.compress.archivers.zip.ZipArchiveEntry.setExtra(ZipArchiveEntry.java:555)
	at org.apache.commons.compress.archivers.zip.ZipArchiveEntry.setExtraFields(ZipArchiveEntry.java:333)
	at org.apache.commons.compress.archivers.zip.ZipArchiveEntry_ESTest.test029(ZipArchiveEntry_ESTest.java:372)
	at sun.reflect.NativeMethodAccessorImpl.invoke0(Native Method)
	at sun.reflect.NativeMethodAccessorImpl.invoke(NativeMethodAccessorImpl.java:62)
	at sun.reflect.DelegatingMethodAccessorImpl.invoke(DelegatingMethodAccessorImpl.java:43)
	at java.lang.reflect.Method.invoke(Method.java:498)
	at org.junit.runners.model.FrameworkMethod$1.runReflectiveCall(FrameworkMethod.java:50)
	at org.junit.internal.runners.model.ReflectiveCallable.run(ReflectiveCallable.java:12)
	at org.junit.runners.model.FrameworkMethod.invokeExplosively(FrameworkMethod.java:47)
	at org.junit.internal.runners.statements.InvokeMethod.evaluate(InvokeMethod.java:17)
	at org.junit.internal.runners.statements.FailOnTimeout$CallableStatement.call(FailOnTimeout.java:298)
	at org.junit.internal.runners.statements.FailOnTimeout$CallableStatement.call(FailOnTimeout.java:292)
	at java.util.concurrent.FutureTask.run(FutureTask.java:266)
	at java.lang.Thread.run(Thread.java:748)
3) test030(org.apache.commons.compress.archivers.zip.ZipArchiveEntry_ESTest)
java.lang.NullPointerException
	at org.apache.commons.compress.archivers.zip.ExtraFieldUtils.parse(ExtraFieldUtils.java:141)
	at org.apache.commons.compress.archivers.zip.ZipArchiveEntry.setExtra(ZipArchiveEntry.java:537)
	at org.apache.commons.compress.archivers.zip.ZipArchiveEntry_ESTest.test030(ZipArchiveEntry_ESTest.java:388)
	at sun.reflect.NativeMethodAccessorImpl.invoke0(Native Method)
	at sun.reflect.NativeMethodAccessorImpl.invoke(NativeMethodAccessorImpl.java:62)
	at sun.reflect.DelegatingMethodAccessorImpl.invoke(DelegatingMethodAccessorImpl.java:43)
	at java.lang.reflect.Method.invoke(Method.java:498)
	at org.junit.runners.model.FrameworkMethod$1.runReflectiveCall(FrameworkMethod.java:50)
	at org.junit.internal.runners.model.ReflectiveCallable.run(ReflectiveCallable.java:12)
	at org.junit.runners.model.FrameworkMethod.invokeExplosively(FrameworkMethod.java:47)
	at org.junit.internal.runners.statements.InvokeMethod.evaluate(InvokeMethod.java:17)
	at org.junit.internal.runners.statements.FailOnTimeout$CallableStatement.call(FailOnTimeout.java:298)
	at org.junit.internal.runners.statements.FailOnTimeout$CallableStatement.call(FailOnTimeout.java:292)
	at java.util.concurrent.FutureTask.run(FutureTask.java:266)
	at java.lang.Thread.run(Thread.java:748)
4) test031(org.apache.commons.compress.archivers.zip.ZipArchiveEntry_ESTest)
org.evosuite.runtime.mock.java.lang.MockIllegalArgumentException: Zip64 extended information must contain both size values in the local file header.
	at org.apache.commons.compress.archivers.zip.Zip64ExtendedInformationExtraField.getLocalFileDataData(Zip64ExtendedInformationExtraField.java:128)
	at org.apache.commons.compress.archivers.zip.ExtraFieldUtils.mergeLocalFileDataData(ExtraFieldUtils.java:218)
	at org.apache.commons.compress.archivers.zip.ZipArchiveEntry.setExtra(ZipArchiveEntry.java:555)
	at org.apache.commons.compress.archivers.zip.ZipArchiveEntry.addExtraField(ZipArchiveEntry.java:435)
	at org.apache.commons.compress.archivers.zip.ZipArchiveEntry.mergeExtraFields(ZipArchiveEntry.java:734)
	at org.apache.commons.compress.archivers.zip.ZipArchiveEntry.setExtra(ZipArchiveEntry.java:540)
	at org.apache.commons.compress.archivers.zip.ZipArchiveEntry_ESTest.test031(ZipArchiveEntry_ESTest.java:410)
	at sun.reflect.NativeMethodAccessorImpl.invoke0(Native Method)
	at sun.reflect.NativeMethodAccessorImpl.invoke(NativeMethodAccessorImpl.java:62)
	at sun.reflect.DelegatingMethodAccessorImpl.invoke(DelegatingMethodAccessorImpl.java:43)
	at java.lang.reflect.Method.invoke(Method.java:498)
	at org.junit.runners.model.FrameworkMethod$1.runReflectiveCall(FrameworkMethod.java:50)
	at org.junit.internal.runners.model.ReflectiveCallable.run(ReflectiveCallable.java:12)
	at org.junit.runners.model.FrameworkMethod.invokeExplosively(FrameworkMethod.java:47)
	at org.junit.internal.runners.statements.InvokeMethod.evaluate(InvokeMethod.java:17)
	at org.junit.internal.runners.statements.FailOnTimeout$CallableStatement.call(FailOnTimeout.java:298)
	at org.junit.internal.runners.statements.FailOnTimeout$CallableStatement.call(FailOnTimeout.java:292)
	at java.util.concurrent.FutureTask.run(FutureTask.java:266)
	at java.lang.Thread.run(Thread.java:748)
5) test032(org.apache.commons.compress.archivers.zip.ZipArchiveEntry_ESTest)
java.lang.ArrayIndexOutOfBoundsException: 5
	at org.apache.commons.compress.archivers.zip.ZipShort.getValue(ZipShort.java:112)
	at org.apache.commons.compress.archivers.zip.X0017_StrongEncryptionHeader.parseFileFormat(X0017_StrongEncryptionHeader.java:331)
	at org.apache.commons.compress.archivers.zip.X0017_StrongEncryptionHeader.parseFromLocalFileData(X0017_StrongEncryptionHeader.java:374)
	at org.apache.commons.compress.archivers.zip.ExtraFieldUtils.parse(ExtraFieldUtils.java:178)
	at org.apache.commons.compress.archivers.zip.ZipArchiveEntry.setExtra(ZipArchiveEntry.java:537)
	at org.apache.commons.compress.archivers.zip.ZipArchiveEntry_ESTest.test032(ZipArchiveEntry_ESTest.java:428)
	at sun.reflect.NativeMethodAccessorImpl.invoke0(Native Method)
	at sun.reflect.NativeMethodAccessorImpl.invoke(NativeMethodAccessorImpl.java:62)
	at sun.reflect.DelegatingMethodAccessorImpl.invoke(DelegatingMethodAccessorImpl.java:43)
	at java.lang.reflect.Method.invoke(Method.java:498)
	at org.junit.runners.model.FrameworkMethod$1.runReflectiveCall(FrameworkMethod.java:50)
	at org.junit.internal.runners.model.ReflectiveCallable.run(ReflectiveCallable.java:12)
	at org.junit.runners.model.FrameworkMethod.invokeExplosively(FrameworkMethod.java:47)
	at org.junit.internal.runners.statements.InvokeMethod.evaluate(InvokeMethod.java:17)
	at org.junit.internal.runners.statements.FailOnTimeout$CallableStatement.call(FailOnTimeout.java:298)
	at org.junit.internal.runners.statements.FailOnTimeout$CallableStatement.call(FailOnTimeout.java:292)
	at java.util.concurrent.FutureTask.run(FutureTask.java:266)
	at java.lang.Thread.run(Thread.java:748)
6) test033(org.apache.commons.compress.archivers.zip.ZipArchiveEntry_ESTest)
org.evosuite.runtime.mock.java.lang.MockRuntimeException: UniCode path extra data must have at least 5 bytes.
	at org.apache.commons.compress.archivers.zip.ZipArchiveEntry.setCentralDirectoryExtra(ZipArchiveEntry.java:569)
	at org.apache.commons.compress.archivers.zip.ZipArchiveEntry_ESTest.test033(ZipArchiveEntry_ESTest.java:447)
	at sun.reflect.NativeMethodAccessorImpl.invoke0(Native Method)
	at sun.reflect.NativeMethodAccessorImpl.invoke(NativeMethodAccessorImpl.java:62)
	at sun.reflect.DelegatingMethodAccessorImpl.invoke(DelegatingMethodAccessorImpl.java:43)
	at java.lang.reflect.Method.invoke(Method.java:498)
	at org.junit.runners.model.FrameworkMethod$1.runReflectiveCall(FrameworkMethod.java:50)
	at org.junit.internal.runners.model.ReflectiveCallable.run(ReflectiveCallable.java:12)
	at org.junit.runners.model.FrameworkMethod.invokeExplosively(FrameworkMethod.java:47)
	at org.junit.internal.runners.statements.InvokeMethod.evaluate(InvokeMethod.java:17)
	at org.junit.internal.runners.statements.FailOnTimeout$CallableStatement.call(FailOnTimeout.java:298)
	at org.junit.internal.runners.statements.FailOnTimeout$CallableStatement.call(FailOnTimeout.java:292)
	at java.util.concurrent.FutureTask.run(FutureTask.java:266)
	at java.lang.Thread.run(Thread.java:748)
Caused by: java.util.zip.ZipException: UniCode path extra data must have at least 5 bytes.
	at org.apache.commons.compress.archivers.zip.AbstractUnicodeExtraField.parseFromLocalFileData(AbstractUnicodeExtraField.java:166)
	at org.apache.commons.compress.archivers.zip.AbstractUnicodeExtraField.parseFromCentralDirectoryData(AbstractUnicodeExtraField.java:190)
	at org.apache.commons.compress.archivers.zip.ExtraFieldUtils.parse(ExtraFieldUtils.java:180)
	at org.apache.commons.compress.archivers.zip.ZipArchiveEntry.setCentralDirectoryExtra(ZipArchiveEntry.java:564)
	... 13 more
7) test034(org.apache.commons.compress.archivers.zip.ZipArchiveEntry_ESTest)
java.lang.NullPointerException
	at org.apache.commons.compress.archivers.zip.ExtraFieldUtils.parse(ExtraFieldUtils.java:141)
	at org.apache.commons.compress.archivers.zip.ZipArchiveEntry.setCentralDirectoryExtra(ZipArchiveEntry.java:564)
	at org.apache.commons.compress.archivers.zip.ZipArchiveEntry_ESTest.test034(ZipArchiveEntry_ESTest.java:463)
	at sun.reflect.NativeMethodAccessorImpl.invoke0(Native Method)
	at sun.reflect.NativeMethodAccessorImpl.invoke(NativeMethodAccessorImpl.java:62)
	at sun.reflect.DelegatingMethodAccessorImpl.invoke(DelegatingMethodAccessorImpl.java:43)
	at java.lang.reflect.Method.invoke(Method.java:498)
	at org.junit.runners.model.FrameworkMethod$1.runReflectiveCall(FrameworkMethod.java:50)
	at org.junit.internal.runners.model.ReflectiveCallable.run(ReflectiveCallable.java:12)
	at org.junit.runners.model.FrameworkMethod.invokeExplosively(FrameworkMethod.java:47)
	at org.junit.internal.runners.statements.InvokeMethod.evaluate(InvokeMethod.java:17)
	at org.junit.internal.runners.statements.FailOnTimeout$CallableStatement.call(FailOnTimeout.java:298)
	at org.junit.internal.runners.statements.FailOnTimeout$CallableStatement.call(FailOnTimeout.java:292)
	at java.util.concurrent.FutureTask.run(FutureTask.java:266)
	at java.lang.Thread.run(Thread.java:748)
8) test035(org.apache.commons.compress.archivers.zip.ZipArchiveEntry_ESTest)
java.lang.ArrayIndexOutOfBoundsException: 35
	at org.apache.commons.compress.archivers.zip.ZipShort.getValue(ZipShort.java:112)
	at org.apache.commons.compress.archivers.zip.X0016_CertificateIdForCentralDirectory.parseFromCentralDirectoryData(X0016_CertificateIdForCentralDirectory.java:72)
	at org.apache.commons.compress.archivers.zip.ExtraFieldUtils.parse(ExtraFieldUtils.java:180)
	at org.apache.commons.compress.archivers.zip.ZipArchiveEntry.setCentralDirectoryExtra(ZipArchiveEntry.java:564)
	at org.apache.commons.compress.archivers.zip.ZipArchiveEntry_ESTest.test035(ZipArchiveEntry_ESTest.java:491)
	at sun.reflect.NativeMethodAccessorImpl.invoke0(Native Method)
	at sun.reflect.NativeMethodAccessorImpl.invoke(NativeMethodAccessorImpl.java:62)
	at sun.reflect.DelegatingMethodAccessorImpl.invoke(DelegatingMethodAccessorImpl.java:43)
	at java.lang.reflect.Method.invoke(Method.java:498)
	at org.junit.runners.model.FrameworkMethod$1.runReflectiveCall(FrameworkMethod.java:50)
	at org.junit.internal.runners.model.ReflectiveCallable.run(ReflectiveCallable.java:12)
	at org.junit.runners.model.FrameworkMethod.invokeExplosively(FrameworkMethod.java:47)
	at org.junit.internal.runners.statements.InvokeMethod.evaluate(InvokeMethod.java:17)
	at org.junit.internal.runners.statements.FailOnTimeout$CallableStatement.call(FailOnTimeout.java:298)
	at org.junit.internal.runners.statements.FailOnTimeout$CallableStatement.call(FailOnTimeout.java:292)
	at java.util.concurrent.FutureTask.run(FutureTask.java:266)
	at java.lang.Thread.run(Thread.java:748)
9) test036(org.apache.commons.compress.archivers.zip.ZipArchiveEntry_ESTest)
java.lang.NullPointerException
	at org.apache.commons.compress.archivers.zip.ZipArchiveEntry.removeExtraField(ZipArchiveEntry.java:474)
	at org.apache.commons.compress.archivers.zip.ZipArchiveEntry_ESTest.test036(ZipArchiveEntry_ESTest.java:509)
	at sun.reflect.NativeMethodAccessorImpl.invoke0(Native Method)
	at sun.reflect.NativeMethodAccessorImpl.invoke(NativeMethodAccessorImpl.java:62)
	at sun.reflect.DelegatingMethodAccessorImpl.invoke(DelegatingMethodAccessorImpl.java:43)
	at java.lang.reflect.Method.invoke(Method.java:498)
	at org.junit.runners.model.FrameworkMethod$1.runReflectiveCall(FrameworkMethod.java:50)
	at org.junit.internal.runners.model.ReflectiveCallable.run(ReflectiveCallable.java:12)
	at org.junit.runners.model.FrameworkMethod.invokeExplosively(FrameworkMethod.java:47)
	at org.junit.internal.runners.statements.InvokeMethod.evaluate(InvokeMethod.java:17)
	at org.junit.internal.runners.statements.FailOnTimeout$CallableStatement.call(FailOnTimeout.java:298)
	at org.junit.internal.runners.statements.FailOnTimeout$CallableStatement.call(FailOnTimeout.java:292)
	at java.util.concurrent.FutureTask.run(FutureTask.java:266)
	at java.lang.Thread.run(Thread.java:748)
10) test037(org.apache.commons.compress.archivers.zip.ZipArchiveEntry_ESTest)
java.lang.NullPointerException
	at org.apache.commons.compress.archivers.zip.ZipArchiveEntry.equals(ZipArchiveEntry.java:791)
	at org.apache.commons.compress.archivers.zip.ZipArchiveEntry_ESTest.test037(ZipArchiveEntry_ESTest.java:527)
	at sun.reflect.NativeMethodAccessorImpl.invoke0(Native Method)
	at sun.reflect.NativeMethodAccessorImpl.invoke(NativeMethodAccessorImpl.java:62)
	at sun.reflect.DelegatingMethodAccessorImpl.invoke(DelegatingMethodAccessorImpl.java:43)
	at java.lang.reflect.Method.invoke(Method.java:498)
	at org.junit.runners.model.FrameworkMethod$1.runReflectiveCall(FrameworkMethod.java:50)
	at org.junit.internal.runners.model.ReflectiveCallable.run(ReflectiveCallable.java:12)
	at org.junit.runners.model.FrameworkMethod.invokeExplosively(FrameworkMethod.java:47)
	at org.junit.internal.runners.statements.InvokeMethod.evaluate(InvokeMethod.java:17)
	at org.junit.internal.runners.statements.FailOnTimeout$CallableStatement.call(FailOnTimeout.java:298)
	at org.junit.internal.runners.statements.FailOnTimeout$CallableStatement.call(FailOnTimeout.java:292)
	at java.util.concurrent.FutureTask.run(FutureTask.java:266)
	at java.lang.Thread.run(Thread.java:748)
11) test038(org.apache.commons.compress.archivers.zip.ZipArchiveEntry_ESTest)
java.lang.NullPointerException
	at org.apache.commons.compress.archivers.zip.ExtraFieldUtils.mergeLocalFileDataData(ExtraFieldUtils.java:207)
	at org.apache.commons.compress.archivers.zip.ZipArchiveEntry.setExtra(ZipArchiveEntry.java:555)
	at org.apache.commons.compress.archivers.zip.ZipArchiveEntry.addExtraField(ZipArchiveEntry.java:435)
	at org.apache.commons.compress.archivers.zip.ZipArchiveEntry_ESTest.test038(ZipArchiveEntry_ESTest.java:543)
	at sun.reflect.NativeMethodAccessorImpl.invoke0(Native Method)
	at sun.reflect.NativeMethodAccessorImpl.invoke(NativeMethodAccessorImpl.java:62)
	at sun.reflect.DelegatingMethodAccessorImpl.invoke(DelegatingMethodAccessorImpl.java:43)
	at java.lang.reflect.Method.invoke(Method.java:498)
	at org.junit.runners.model.FrameworkMethod$1.runReflectiveCall(FrameworkMethod.java:50)
	at org.junit.internal.runners.model.ReflectiveCallable.run(ReflectiveCallable.java:12)
	at org.junit.runners.model.FrameworkMethod.invokeExplosively(FrameworkMethod.java:47)
	at org.junit.internal.runners.statements.InvokeMethod.evaluate(InvokeMethod.java:17)
	at org.junit.internal.runners.statements.FailOnTimeout$CallableStatement.call(FailOnTimeout.java:298)
	at org.junit.internal.runners.statements.FailOnTimeout$CallableStatement.call(FailOnTimeout.java:292)
	at java.util.concurrent.FutureTask.run(FutureTask.java:266)
	at java.lang.Thread.run(Thread.java:748)
12) test039(org.apache.commons.compress.archivers.zip.ZipArchiveEntry_ESTest)
org.evosuite.runtime.mock.java.lang.MockIllegalArgumentException: Zip64 extended information must contain both size values in the local file header.
	at org.apache.commons.compress.archivers.zip.Zip64ExtendedInformationExtraField.getLocalFileDataData(Zip64ExtendedInformationExtraField.java:128)
	at org.apache.commons.compress.archivers.zip.ExtraFieldUtils.mergeLocalFileDataData(ExtraFieldUtils.java:218)
	at org.apache.commons.compress.archivers.zip.ZipArchiveEntry.setExtra(ZipArchiveEntry.java:555)
	at org.apache.commons.compress.archivers.zip.ZipArchiveEntry.addExtraField(ZipArchiveEntry.java:435)
	at org.apache.commons.compress.archivers.zip.ZipArchiveEntry_ESTest.test039(ZipArchiveEntry_ESTest.java:563)
	at sun.reflect.NativeMethodAccessorImpl.invoke0(Native Method)
	at sun.reflect.NativeMethodAccessorImpl.invoke(NativeMethodAccessorImpl.java:62)
	at sun.reflect.DelegatingMethodAccessorImpl.invoke(DelegatingMethodAccessorImpl.java:43)
	at java.lang.reflect.Method.invoke(Method.java:498)
	at org.junit.runners.model.FrameworkMethod$1.runReflectiveCall(FrameworkMethod.java:50)
	at org.junit.internal.runners.model.ReflectiveCallable.run(ReflectiveCallable.java:12)
	at org.junit.runners.model.FrameworkMethod.invokeExplosively(FrameworkMethod.java:47)
	at org.junit.internal.runners.statements.InvokeMethod.evaluate(InvokeMethod.java:17)
	at org.junit.internal.runners.statements.FailOnTimeout$CallableStatement.call(FailOnTimeout.java:298)
	at org.junit.internal.runners.statements.FailOnTimeout$CallableStatement.call(FailOnTimeout.java:292)
	at java.util.concurrent.FutureTask.run(FutureTask.java:266)
	at java.lang.Thread.run(Thread.java:748)
13) test040(org.apache.commons.compress.archivers.zip.ZipArchiveEntry_ESTest)
java.lang.NullPointerException
	at org.apache.commons.compress.archivers.zip.ZipArchiveEntry.addAsFirstExtraField(ZipArchiveEntry.java:449)
	at org.apache.commons.compress.archivers.zip.ZipArchiveEntry_ESTest.test040(ZipArchiveEntry_ESTest.java:579)
	at sun.reflect.NativeMethodAccessorImpl.invoke0(Native Method)
	at sun.reflect.NativeMethodAccessorImpl.invoke(NativeMethodAccessorImpl.java:62)
	at sun.reflect.DelegatingMethodAccessorImpl.invoke(DelegatingMethodAccessorImpl.java:43)
	at java.lang.reflect.Method.invoke(Method.java:498)
	at org.junit.runners.model.FrameworkMethod$1.runReflectiveCall(FrameworkMethod.java:50)
	at org.junit.internal.runners.model.ReflectiveCallable.run(ReflectiveCallable.java:12)
	at org.junit.runners.model.FrameworkMethod.invokeExplosively(FrameworkMethod.java:47)
	at org.junit.internal.runners.statements.InvokeMethod.evaluate(InvokeMethod.java:17)
	at org.junit.internal.runners.statements.FailOnTimeout$CallableStatement.call(FailOnTimeout.java:298)
	at org.junit.internal.runners.statements.FailOnTimeout$CallableStatement.call(FailOnTimeout.java:292)
	at java.util.concurrent.FutureTask.run(FutureTask.java:266)
	at java.lang.Thread.run(Thread.java:748)
14) test041(org.apache.commons.compress.archivers.zip.ZipArchiveEntry_ESTest)
org.evosuite.runtime.mock.java.lang.MockIllegalArgumentException: Zip64 extended information must contain both size values in the local file header.
	at org.apache.commons.compress.archivers.zip.Zip64ExtendedInformationExtraField.getLocalFileDataData(Zip64ExtendedInformationExtraField.java:128)
	at org.apache.commons.compress.archivers.zip.ExtraFieldUtils.mergeLocalFileDataData(ExtraFieldUtils.java:218)
	at org.apache.commons.compress.archivers.zip.ZipArchiveEntry.setExtra(ZipArchiveEntry.java:555)
	at org.apache.commons.compress.archivers.zip.ZipArchiveEntry.addAsFirstExtraField(ZipArchiveEntry.java:460)
	at org.apache.commons.compress.archivers.zip.ZipArchiveEntry_ESTest.test041(ZipArchiveEntry_ESTest.java:598)
	at sun.reflect.NativeMethodAccessorImpl.invoke0(Native Method)
	at sun.reflect.NativeMethodAccessorImpl.invoke(NativeMethodAccessorImpl.java:62)
	at sun.reflect.DelegatingMethodAccessorImpl.invoke(DelegatingMethodAccessorImpl.java:43)
	at java.lang.reflect.Method.invoke(Method.java:498)
	at org.junit.runners.model.FrameworkMethod$1.runReflectiveCall(FrameworkMethod.java:50)
	at org.junit.internal.runners.model.ReflectiveCallable.run(ReflectiveCallable.java:12)
	at org.junit.runners.model.FrameworkMethod.invokeExplosively(FrameworkMethod.java:47)
	at org.junit.internal.runners.statements.InvokeMethod.evaluate(InvokeMethod.java:17)
	at org.junit.internal.runners.statements.FailOnTimeout$CallableStatement.call(FailOnTimeout.java:298)
	at org.junit.internal.runners.statements.FailOnTimeout$CallableStatement.call(FailOnTimeout.java:292)
	at java.util.concurrent.FutureTask.run(FutureTask.java:266)
	at java.lang.Thread.run(Thread.java:748)
15) test042(org.apache.commons.compress.archivers.zip.ZipArchiveEntry_ESTest)
java.util.zip.ZipException: UniCode path extra data must have at least 5 bytes.
	at org.apache.commons.compress.archivers.zip.AbstractUnicodeExtraField.parseFromLocalFileData(AbstractUnicodeExtraField.java:166)
	at org.apache.commons.compress.archivers.zip.ExtraFieldUtils.parse(ExtraFieldUtils.java:178)
	at org.apache.commons.compress.archivers.zip.ZipArchiveEntry.<init>(ZipArchiveEntry.java:120)
	at org.apache.commons.compress.archivers.zip.ZipArchiveEntry.<init>(ZipArchiveEntry.java:141)
	at org.apache.commons.compress.archivers.zip.ZipArchiveEntry_ESTest.test042(ZipArchiveEntry_ESTest.java:618)
	at sun.reflect.NativeMethodAccessorImpl.invoke0(Native Method)
	at sun.reflect.NativeMethodAccessorImpl.invoke(NativeMethodAccessorImpl.java:62)
	at sun.reflect.DelegatingMethodAccessorImpl.invoke(DelegatingMethodAccessorImpl.java:43)
	at java.lang.reflect.Method.invoke(Method.java:498)
	at org.junit.runners.model.FrameworkMethod$1.runReflectiveCall(FrameworkMethod.java:50)
	at org.junit.internal.runners.model.ReflectiveCallable.run(ReflectiveCallable.java:12)
	at org.junit.runners.model.FrameworkMethod.invokeExplosively(FrameworkMethod.java:47)
	at org.junit.internal.runners.statements.InvokeMethod.evaluate(InvokeMethod.java:17)
	at org.junit.internal.runners.statements.FailOnTimeout$CallableStatement.call(FailOnTimeout.java:298)
	at org.junit.internal.runners.statements.FailOnTimeout$CallableStatement.call(FailOnTimeout.java:292)
	at java.util.concurrent.FutureTask.run(FutureTask.java:266)
	at java.lang.Thread.run(Thread.java:748)
16) test043(org.apache.commons.compress.archivers.zip.ZipArchiveEntry_ESTest)
java.lang.NullPointerException: entry
	at java.util.Objects.requireNonNull(Objects.java:228)
	at java.util.zip.ZipEntry.<init>(ZipEntry.java:118)
	at org.apache.commons.compress.archivers.zip.ZipArchiveEntry.<init>(ZipArchiveEntry.java:116)
	at org.apache.commons.compress.archivers.zip.ZipArchiveEntry.<init>(ZipArchiveEntry.java:141)
	at org.apache.commons.compress.archivers.zip.ZipArchiveEntry_ESTest.test043(ZipArchiveEntry_ESTest.java:633)
	at sun.reflect.NativeMethodAccessorImpl.invoke0(Native Method)
	at sun.reflect.NativeMethodAccessorImpl.invoke(NativeMethodAccessorImpl.java:62)
	at sun.reflect.DelegatingMethodAccessorImpl.invoke(DelegatingMethodAccessorImpl.java:43)
	at java.lang.reflect.Method.invoke(Method.java:498)
	at org.junit.runners.model.FrameworkMethod$1.runReflectiveCall(FrameworkMethod.java:50)
	at org.junit.internal.runners.model.ReflectiveCallable.run(ReflectiveCallable.java:12)
	at org.junit.runners.model.FrameworkMethod.invokeExplosively(FrameworkMethod.java:47)
	at org.junit.internal.runners.statements.InvokeMethod.evaluate(InvokeMethod.java:17)
	at org.junit.internal.runners.statements.FailOnTimeout$CallableStatement.call(FailOnTimeout.java:298)
	at org.junit.internal.runners.statements.FailOnTimeout$CallableStatement.call(FailOnTimeout.java:292)
	at java.util.concurrent.FutureTask.run(FutureTask.java:266)
	at java.lang.Thread.run(Thread.java:748)
17) test044(org.apache.commons.compress.archivers.zip.ZipArchiveEntry_ESTest)
org.evosuite.runtime.mock.java.lang.MockIllegalArgumentException: ZIP compression method can not be negative: -1
	at org.apache.commons.compress.archivers.zip.ZipArchiveEntry.setMethod(ZipArchiveEntry.java:215)
	at org.apache.commons.compress.archivers.zip.ZipArchiveEntry.<init>(ZipArchiveEntry.java:127)
	at org.apache.commons.compress.archivers.zip.ZipArchiveEntry.<init>(ZipArchiveEntry.java:141)
	at org.apache.commons.compress.archivers.zip.ZipArchiveEntry_ESTest.test044(ZipArchiveEntry_ESTest.java:649)
	at sun.reflect.NativeMethodAccessorImpl.invoke0(Native Method)
	at sun.reflect.NativeMethodAccessorImpl.invoke(NativeMethodAccessorImpl.java:62)
	at sun.reflect.DelegatingMethodAccessorImpl.invoke(DelegatingMethodAccessorImpl.java:43)
	at java.lang.reflect.Method.invoke(Method.java:498)
	at org.junit.runners.model.FrameworkMethod$1.runReflectiveCall(FrameworkMethod.java:50)
	at org.junit.internal.runners.model.ReflectiveCallable.run(ReflectiveCallable.java:12)
	at org.junit.runners.model.FrameworkMethod.invokeExplosively(FrameworkMethod.java:47)
	at org.junit.internal.runners.statements.InvokeMethod.evaluate(InvokeMethod.java:17)
	at org.junit.internal.runners.statements.FailOnTimeout$CallableStatement.call(FailOnTimeout.java:298)
	at org.junit.internal.runners.statements.FailOnTimeout$CallableStatement.call(FailOnTimeout.java:292)
	at java.util.concurrent.FutureTask.run(FutureTask.java:266)
	at java.lang.Thread.run(Thread.java:748)
18) test045(org.apache.commons.compress.archivers.zip.ZipArchiveEntry_ESTest)
java.lang.ArrayIndexOutOfBoundsException: 5
	at org.apache.commons.compress.archivers.zip.ZipShort.getValue(ZipShort.java:112)
	at org.apache.commons.compress.archivers.zip.X0017_StrongEncryptionHeader.parseFileFormat(X0017_StrongEncryptionHeader.java:331)
	at org.apache.commons.compress.archivers.zip.X0017_StrongEncryptionHeader.parseFromLocalFileData(X0017_StrongEncryptionHeader.java:374)
	at org.apache.commons.compress.archivers.zip.ExtraFieldUtils.parse(ExtraFieldUtils.java:178)
	at org.apache.commons.compress.archivers.zip.ZipArchiveEntry.<init>(ZipArchiveEntry.java:120)
	at org.apache.commons.compress.archivers.zip.ZipArchiveEntry.<init>(ZipArchiveEntry.java:141)
	at org.apache.commons.compress.archivers.zip.ZipArchiveEntry_ESTest.test045(ZipArchiveEntry_ESTest.java:667)
	at sun.reflect.NativeMethodAccessorImpl.invoke0(Native Method)
	at sun.reflect.NativeMethodAccessorImpl.invoke(NativeMethodAccessorImpl.java:62)
	at sun.reflect.DelegatingMethodAccessorImpl.invoke(DelegatingMethodAccessorImpl.java:43)
	at java.lang.reflect.Method.invoke(Method.java:498)
	at org.junit.runners.model.FrameworkMethod$1.runReflectiveCall(FrameworkMethod.java:50)
	at org.junit.internal.runners.model.ReflectiveCallable.run(ReflectiveCallable.java:12)
	at org.junit.runners.model.FrameworkMethod.invokeExplosively(FrameworkMethod.java:47)
	at org.junit.internal.runners.statements.InvokeMethod.evaluate(InvokeMethod.java:17)
	at org.junit.internal.runners.statements.FailOnTimeout$CallableStatement.call(FailOnTimeout.java:298)
	at org.junit.internal.runners.statements.FailOnTimeout$CallableStatement.call(FailOnTimeout.java:292)
	at java.util.concurrent.FutureTask.run(FutureTask.java:266)
	at java.lang.Thread.run(Thread.java:748)
19) test046(org.apache.commons.compress.archivers.zip.ZipArchiveEntry_ESTest)
java.util.zip.ZipException: UniCode path extra data must have at least 5 bytes.
	at org.apache.commons.compress.archivers.zip.AbstractUnicodeExtraField.parseFromLocalFileData(AbstractUnicodeExtraField.java:166)
	at org.apache.commons.compress.archivers.zip.ExtraFieldUtils.parse(ExtraFieldUtils.java:178)
	at org.apache.commons.compress.archivers.zip.ZipArchiveEntry.<init>(ZipArchiveEntry.java:120)
	at org.apache.commons.compress.archivers.zip.ZipArchiveEntry_ESTest.test046(ZipArchiveEntry_ESTest.java:688)
	at sun.reflect.NativeMethodAccessorImpl.invoke0(Native Method)
	at sun.reflect.NativeMethodAccessorImpl.invoke(NativeMethodAccessorImpl.java:62)
	at sun.reflect.DelegatingMethodAccessorImpl.invoke(DelegatingMethodAccessorImpl.java:43)
	at java.lang.reflect.Method.invoke(Method.java:498)
	at org.junit.runners.model.FrameworkMethod$1.runReflectiveCall(FrameworkMethod.java:50)
	at org.junit.internal.runners.model.ReflectiveCallable.run(ReflectiveCallable.java:12)
	at org.junit.runners.model.FrameworkMethod.invokeExplosively(FrameworkMethod.java:47)
	at org.junit.internal.runners.statements.InvokeMethod.evaluate(InvokeMethod.java:17)
	at org.junit.internal.runners.statements.FailOnTimeout$CallableStatement.call(FailOnTimeout.java:298)
	at org.junit.internal.runners.statements.FailOnTimeout$CallableStatement.call(FailOnTimeout.java:292)
	at java.util.concurrent.FutureTask.run(FutureTask.java:266)
	at java.lang.Thread.run(Thread.java:748)
20) test047(org.apache.commons.compress.archivers.zip.ZipArchiveEntry_ESTest)
java.lang.NullPointerException: entry
	at java.util.Objects.requireNonNull(Objects.java:228)
	at java.util.zip.ZipEntry.<init>(ZipEntry.java:118)
	at org.apache.commons.compress.archivers.zip.ZipArchiveEntry.<init>(ZipArchiveEntry.java:116)
	at org.apache.commons.compress.archivers.zip.ZipArchiveEntry_ESTest.test047(ZipArchiveEntry_ESTest.java:703)
	at sun.reflect.NativeMethodAccessorImpl.invoke0(Native Method)
	at sun.reflect.NativeMethodAccessorImpl.invoke(NativeMethodAccessorImpl.java:62)
	at sun.reflect.DelegatingMethodAccessorImpl.invoke(DelegatingMethodAccessorImpl.java:43)
	at java.lang.reflect.Method.invoke(Method.java:498)
	at org.junit.runners.model.FrameworkMethod$1.runReflectiveCall(FrameworkMethod.java:50)
	at org.junit.internal.runners.model.ReflectiveCallable.run(ReflectiveCallable.java:12)
	at org.junit.runners.model.FrameworkMethod.invokeExplosively(FrameworkMethod.java:47)
	at org.junit.internal.runners.statements.InvokeMethod.evaluate(InvokeMethod.java:17)
	at org.junit.internal.runners.statements.FailOnTimeout$CallableStatement.call(FailOnTimeout.java:298)
	at org.junit.internal.runners.statements.FailOnTimeout$CallableStatement.call(FailOnTimeout.java:292)
	at java.util.concurrent.FutureTask.run(FutureTask.java:266)
	at java.lang.Thread.run(Thread.java:748)
21) test048(org.apache.commons.compress.archivers.zip.ZipArchiveEntry_ESTest)
java.lang.NegativeArraySizeException
	at org.apache.commons.compress.archivers.zip.X0017_StrongEncryptionHeader.parseFileFormat(X0017_StrongEncryptionHeader.java:348)
	at org.apache.commons.compress.archivers.zip.X0017_StrongEncryptionHeader.parseFromLocalFileData(X0017_StrongEncryptionHeader.java:374)
	at org.apache.commons.compress.archivers.zip.ExtraFieldUtils.parse(ExtraFieldUtils.java:178)
	at org.apache.commons.compress.archivers.zip.ZipArchiveEntry.<init>(ZipArchiveEntry.java:120)
	at org.apache.commons.compress.archivers.zip.ZipArchiveEntry_ESTest.test048(ZipArchiveEntry_ESTest.java:732)
	at sun.reflect.NativeMethodAccessorImpl.invoke0(Native Method)
	at sun.reflect.NativeMethodAccessorImpl.invoke(NativeMethodAccessorImpl.java:62)
	at sun.reflect.DelegatingMethodAccessorImpl.invoke(DelegatingMethodAccessorImpl.java:43)
	at java.lang.reflect.Method.invoke(Method.java:498)
	at org.junit.runners.model.FrameworkMethod$1.runReflectiveCall(FrameworkMethod.java:50)
	at org.junit.internal.runners.model.ReflectiveCallable.run(ReflectiveCallable.java:12)
	at org.junit.runners.model.FrameworkMethod.invokeExplosively(FrameworkMethod.java:47)
	at org.junit.internal.runners.statements.InvokeMethod.evaluate(InvokeMethod.java:17)
	at org.junit.internal.runners.statements.FailOnTimeout$CallableStatement.call(FailOnTimeout.java:298)
	at org.junit.internal.runners.statements.FailOnTimeout$CallableStatement.call(FailOnTimeout.java:292)
	at java.util.concurrent.FutureTask.run(FutureTask.java:266)
	at java.lang.Thread.run(Thread.java:748)
22) test049(org.apache.commons.compress.archivers.zip.ZipArchiveEntry_ESTest)
org.evosuite.runtime.mock.java.lang.MockIllegalArgumentException: ZIP compression method can not be negative: -1
	at org.apache.commons.compress.archivers.zip.ZipArchiveEntry.setMethod(ZipArchiveEntry.java:215)
	at org.apache.commons.compress.archivers.zip.ZipArchiveEntry.<init>(ZipArchiveEntry.java:127)
	at org.apache.commons.compress.archivers.zip.ZipArchiveEntry_ESTest.test049(ZipArchiveEntry_ESTest.java:748)
	at sun.reflect.NativeMethodAccessorImpl.invoke0(Native Method)
	at sun.reflect.NativeMethodAccessorImpl.invoke(NativeMethodAccessorImpl.java:62)
	at sun.reflect.DelegatingMethodAccessorImpl.invoke(DelegatingMethodAccessorImpl.java:43)
	at java.lang.reflect.Method.invoke(Method.java:498)
	at org.junit.runners.model.FrameworkMethod$1.runReflectiveCall(FrameworkMethod.java:50)
	at org.junit.internal.runners.model.ReflectiveCallable.run(ReflectiveCallable.java:12)
	at org.junit.runners.model.FrameworkMethod.invokeExplosively(FrameworkMethod.java:47)
	at org.junit.internal.runners.statements.InvokeMethod.evaluate(InvokeMethod.java:17)
	at org.junit.internal.runners.statements.FailOnTimeout$CallableStatement.call(FailOnTimeout.java:298)
	at org.junit.internal.runners.statements.FailOnTimeout$CallableStatement.call(FailOnTimeout.java:292)
	at java.util.concurrent.FutureTask.run(FutureTask.java:266)
	at java.lang.Thread.run(Thread.java:748)
23) test050(org.apache.commons.compress.archivers.zip.ZipArchiveEntry_ESTest)
java.lang.NullPointerException: name
	at java.util.Objects.requireNonNull(Objects.java:228)
	at java.util.zip.ZipEntry.<init>(ZipEntry.java:101)
	at org.apache.commons.compress.archivers.zip.ZipArchiveEntry.<init>(ZipArchiveEntry.java:102)
	at org.apache.commons.compress.archivers.zip.ZipArchiveEntry_ESTest.test050(ZipArchiveEntry_ESTest.java:763)
	at sun.reflect.NativeMethodAccessorImpl.invoke0(Native Method)
	at sun.reflect.NativeMethodAccessorImpl.invoke(NativeMethodAccessorImpl.java:62)
	at sun.reflect.DelegatingMethodAccessorImpl.invoke(DelegatingMethodAccessorImpl.java:43)
	at java.lang.reflect.Method.invoke(Method.java:498)
	at org.junit.runners.model.FrameworkMethod$1.runReflectiveCall(FrameworkMethod.java:50)
	at org.junit.internal.runners.model.ReflectiveCallable.run(ReflectiveCallable.java:12)
	at org.junit.runners.model.FrameworkMethod.invokeExplosively(FrameworkMethod.java:47)
	at org.junit.internal.runners.statements.InvokeMethod.evaluate(InvokeMethod.java:17)
	at org.junit.internal.runners.statements.FailOnTimeout$CallableStatement.call(FailOnTimeout.java:298)
	at org.junit.internal.runners.statements.FailOnTimeout$CallableStatement.call(FailOnTimeout.java:292)
	at java.util.concurrent.FutureTask.run(FutureTask.java:266)
	at java.lang.Thread.run(Thread.java:748)
24) test051(org.apache.commons.compress.archivers.zip.ZipArchiveEntry_ESTest)
java.lang.NullPointerException
	at org.apache.commons.compress.archivers.zip.ZipArchiveEntry.<init>(ZipArchiveEntry.java:169)
	at org.apache.commons.compress.archivers.zip.ZipArchiveEntry_ESTest.test051(ZipArchiveEntry_ESTest.java:778)
	at sun.reflect.NativeMethodAccessorImpl.invoke0(Native Method)
	at sun.reflect.NativeMethodAccessorImpl.invoke(NativeMethodAccessorImpl.java:62)
	at sun.reflect.DelegatingMethodAccessorImpl.invoke(DelegatingMethodAccessorImpl.java:43)
	at java.lang.reflect.Method.invoke(Method.java:498)
	at org.junit.runners.model.FrameworkMethod$1.runReflectiveCall(FrameworkMethod.java:50)
	at org.junit.internal.runners.model.ReflectiveCallable.run(ReflectiveCallable.java:12)
	at org.junit.runners.model.FrameworkMethod.invokeExplosively(FrameworkMethod.java:47)
	at org.junit.internal.runners.statements.InvokeMethod.evaluate(InvokeMethod.java:17)
	at org.junit.internal.runners.statements.FailOnTimeout$CallableStatement.call(FailOnTimeout.java:298)
	at org.junit.internal.runners.statements.FailOnTimeout$CallableStatement.call(FailOnTimeout.java:292)
	at java.util.concurrent.FutureTask.run(FutureTask.java:266)
	at java.lang.Thread.run(Thread.java:748)
25) test057(org.apache.commons.compress.archivers.zip.ZipArchiveEntry_ESTest)
java.lang.NullPointerException
	at org.apache.commons.compress.archivers.zip.ZipArchiveEntry.getExtraField(ZipArchiveEntry.java:507)
	at org.apache.commons.compress.archivers.zip.ZipArchiveEntry_ESTest.test057(ZipArchiveEntry_ESTest.java:855)
	at sun.reflect.NativeMethodAccessorImpl.invoke0(Native Method)
	at sun.reflect.NativeMethodAccessorImpl.invoke(NativeMethodAccessorImpl.java:62)
	at sun.reflect.DelegatingMethodAccessorImpl.invoke(DelegatingMethodAccessorImpl.java:43)
	at java.lang.reflect.Method.invoke(Method.java:498)
	at org.junit.runners.model.FrameworkMethod$1.runReflectiveCall(FrameworkMethod.java:50)
	at org.junit.internal.runners.model.ReflectiveCallable.run(ReflectiveCallable.java:12)
	at org.junit.runners.model.FrameworkMethod.invokeExplosively(FrameworkMethod.java:47)
	at org.junit.internal.runners.statements.InvokeMethod.evaluate(InvokeMethod.java:17)
	at org.junit.internal.runners.statements.FailOnTimeout$CallableStatement.call(FailOnTimeout.java:298)
	at org.junit.internal.runners.statements.FailOnTimeout$CallableStatement.call(FailOnTimeout.java:292)
	at java.util.concurrent.FutureTask.run(FutureTask.java:266)
	at java.lang.Thread.run(Thread.java:748)
26) test106(org.apache.commons.compress.archivers.zip.ZipArchiveEntry_ESTest)
org.evosuite.runtime.mock.java.lang.MockIllegalArgumentException: ZIP compression method can not be negative: -4580
	at org.apache.commons.compress.archivers.zip.ZipArchiveEntry.setMethod(ZipArchiveEntry.java:215)
	at org.apache.commons.compress.archivers.zip.ZipArchiveEntry_ESTest.test106(ZipArchiveEntry_ESTest.java:1501)
	at sun.reflect.NativeMethodAccessorImpl.invoke0(Native Method)
	at sun.reflect.NativeMethodAccessorImpl.invoke(NativeMethodAccessorImpl.java:62)
	at sun.reflect.DelegatingMethodAccessorImpl.invoke(DelegatingMethodAccessorImpl.java:43)
	at java.lang.reflect.Method.invoke(Method.java:498)
	at org.junit.runners.model.FrameworkMethod$1.runReflectiveCall(FrameworkMethod.java:50)
	at org.junit.internal.runners.model.ReflectiveCallable.run(ReflectiveCallable.java:12)
	at org.junit.runners.model.FrameworkMethod.invokeExplosively(FrameworkMethod.java:47)
	at org.junit.internal.runners.statements.InvokeMethod.evaluate(InvokeMethod.java:17)
	at org.junit.internal.runners.statements.FailOnTimeout$CallableStatement.call(FailOnTimeout.java:298)
	at org.junit.internal.runners.statements.FailOnTimeout$CallableStatement.call(FailOnTimeout.java:292)
	at java.util.concurrent.FutureTask.run(FutureTask.java:266)
	at java.lang.Thread.run(Thread.java:748)
27) test107(org.apache.commons.compress.archivers.zip.ZipArchiveEntry_ESTest)
java.lang.ArrayIndexOutOfBoundsException: 5
	at org.apache.commons.compress.archivers.zip.ZipShort.getValue(ZipShort.java:112)
	at org.apache.commons.compress.archivers.zip.X0017_StrongEncryptionHeader.parseFileFormat(X0017_StrongEncryptionHeader.java:331)
	at org.apache.commons.compress.archivers.zip.X0017_StrongEncryptionHeader.parseFromLocalFileData(X0017_StrongEncryptionHeader.java:374)
	at org.apache.commons.compress.archivers.zip.ExtraFieldUtils.parse(ExtraFieldUtils.java:178)
	at org.apache.commons.compress.archivers.zip.ZipArchiveEntry.<init>(ZipArchiveEntry.java:120)
	at org.apache.commons.compress.archivers.zip.ZipArchiveEntry_ESTest.test107(ZipArchiveEntry_ESTest.java:1520)
	at sun.reflect.NativeMethodAccessorImpl.invoke0(Native Method)
	at sun.reflect.NativeMethodAccessorImpl.invoke(NativeMethodAccessorImpl.java:62)
	at sun.reflect.DelegatingMethodAccessorImpl.invoke(DelegatingMethodAccessorImpl.java:43)
	at java.lang.reflect.Method.invoke(Method.java:498)
	at org.junit.runners.model.FrameworkMethod$1.runReflectiveCall(FrameworkMethod.java:50)
	at org.junit.internal.runners.model.ReflectiveCallable.run(ReflectiveCallable.java:12)
	at org.junit.runners.model.FrameworkMethod.invokeExplosively(FrameworkMethod.java:47)
	at org.junit.internal.runners.statements.InvokeMethod.evaluate(InvokeMethod.java:17)
	at org.junit.internal.runners.statements.FailOnTimeout$CallableStatement.call(FailOnTimeout.java:298)
	at org.junit.internal.runners.statements.FailOnTimeout$CallableStatement.call(FailOnTimeout.java:292)
	at java.util.concurrent.FutureTask.run(FutureTask.java:266)
	at java.lang.Thread.run(Thread.java:748)
28) test088(org.apache.commons.compress.archivers.zip.ZipArchiveEntry_ESTest)
org.evosuite.runtime.mock.java.lang.MockIllegalArgumentException: invalid entry size
	at org.apache.commons.compress.archivers.zip.ZipArchiveEntry.setSize(ZipArchiveEntry.java:643)
	at org.apache.commons.compress.archivers.zip.ZipArchiveEntry_ESTest.test088(ZipArchiveEntry_ESTest.java:1229)
	at sun.reflect.NativeMethodAccessorImpl.invoke0(Native Method)
	at sun.reflect.NativeMethodAccessorImpl.invoke(NativeMethodAccessorImpl.java:62)
	at sun.reflect.DelegatingMethodAccessorImpl.invoke(DelegatingMethodAccessorImpl.java:43)
	at java.lang.reflect.Method.invoke(Method.java:498)
	at org.junit.runners.model.FrameworkMethod$1.runReflectiveCall(FrameworkMethod.java:50)
	at org.junit.internal.runners.model.ReflectiveCallable.run(ReflectiveCallable.java:12)
	at org.junit.runners.model.FrameworkMethod.invokeExplosively(FrameworkMethod.java:47)
	at org.junit.internal.runners.statements.InvokeMethod.evaluate(InvokeMethod.java:17)
	at org.junit.internal.runners.statements.FailOnTimeout$CallableStatement.call(FailOnTimeout.java:298)
	at org.junit.internal.runners.statements.FailOnTimeout$CallableStatement.call(FailOnTimeout.java:292)
	at java.util.concurrent.FutureTask.run(FutureTask.java:266)
	at java.lang.Thread.run(Thread.java:748)
29) test094(org.apache.commons.compress.archivers.zip.ZipArchiveEntry_ESTest)
java.util.NoSuchElementException
	at org.apache.commons.compress.archivers.zip.ZipArchiveEntry.removeExtraField(ZipArchiveEntry.java:479)
	at org.apache.commons.compress.archivers.zip.ZipArchiveEntry_ESTest.test094(ZipArchiveEntry_ESTest.java:1334)
	at sun.reflect.NativeMethodAccessorImpl.invoke0(Native Method)
	at sun.reflect.NativeMethodAccessorImpl.invoke(NativeMethodAccessorImpl.java:62)
	at sun.reflect.DelegatingMethodAccessorImpl.invoke(DelegatingMethodAccessorImpl.java:43)
	at java.lang.reflect.Method.invoke(Method.java:498)
	at org.junit.runners.model.FrameworkMethod$1.runReflectiveCall(FrameworkMethod.java:50)
	at org.junit.internal.runners.model.ReflectiveCallable.run(ReflectiveCallable.java:12)
	at org.junit.runners.model.FrameworkMethod.invokeExplosively(FrameworkMethod.java:47)
	at org.junit.internal.runners.statements.InvokeMethod.evaluate(InvokeMethod.java:17)
	at org.junit.internal.runners.statements.FailOnTimeout$CallableStatement.call(FailOnTimeout.java:298)
	at org.junit.internal.runners.statements.FailOnTimeout$CallableStatement.call(FailOnTimeout.java:292)
	at java.util.concurrent.FutureTask.run(FutureTask.java:266)
	at java.lang.Thread.run(Thread.java:748)
30) test095(org.apache.commons.compress.archivers.zip.ZipArchiveEntry_ESTest)
java.util.NoSuchElementException
	at org.apache.commons.compress.archivers.zip.ZipArchiveEntry.removeExtraField(ZipArchiveEntry.java:469)
	at org.apache.commons.compress.archivers.zip.ZipArchiveEntry_ESTest.test095(ZipArchiveEntry_ESTest.java:1350)
	at sun.reflect.NativeMethodAccessorImpl.invoke0(Native Method)
	at sun.reflect.NativeMethodAccessorImpl.invoke(NativeMethodAccessorImpl.java:62)
	at sun.reflect.DelegatingMethodAccessorImpl.invoke(DelegatingMethodAccessorImpl.java:43)
	at java.lang.reflect.Method.invoke(Method.java:498)
	at org.junit.runners.model.FrameworkMethod$1.runReflectiveCall(FrameworkMethod.java:50)
	at org.junit.internal.runners.model.ReflectiveCallable.run(ReflectiveCallable.java:12)
	at org.junit.runners.model.FrameworkMethod.invokeExplosively(FrameworkMethod.java:47)
	at org.junit.internal.runners.statements.InvokeMethod.evaluate(InvokeMethod.java:17)
	at org.junit.internal.runners.statements.FailOnTimeout$CallableStatement.call(FailOnTimeout.java:298)
	at org.junit.internal.runners.statements.FailOnTimeout$CallableStatement.call(FailOnTimeout.java:292)
	at java.util.concurrent.FutureTask.run(FutureTask.java:266)
	at java.lang.Thread.run(Thread.java:748)
31) test091(org.apache.commons.compress.archivers.zip.ZipArchiveEntry_ESTest)
org.evosuite.runtime.mock.java.lang.MockRuntimeException: Error parsing extra fields for entry: +>-Y:p - UniCode path extra data must have at least 5 bytes.
	at org.apache.commons.compress.archivers.zip.ZipArchiveEntry.setExtra(ZipArchiveEntry.java:543)
	at org.apache.commons.compress.archivers.zip.ZipArchiveEntry_ESTest.test091(ZipArchiveEntry_ESTest.java:1270)
	at sun.reflect.NativeMethodAccessorImpl.invoke0(Native Method)
	at sun.reflect.NativeMethodAccessorImpl.invoke(NativeMethodAccessorImpl.java:62)
	at sun.reflect.DelegatingMethodAccessorImpl.invoke(DelegatingMethodAccessorImpl.java:43)
	at java.lang.reflect.Method.invoke(Method.java:498)
	at org.junit.runners.model.FrameworkMethod$1.runReflectiveCall(FrameworkMethod.java:50)
	at org.junit.internal.runners.model.ReflectiveCallable.run(ReflectiveCallable.java:12)
	at org.junit.runners.model.FrameworkMethod.invokeExplosively(FrameworkMethod.java:47)
	at org.junit.internal.runners.statements.InvokeMethod.evaluate(InvokeMethod.java:17)
	at org.junit.internal.runners.statements.FailOnTimeout$CallableStatement.call(FailOnTimeout.java:298)
	at org.junit.internal.runners.statements.FailOnTimeout$CallableStatement.call(FailOnTimeout.java:292)
	at java.util.concurrent.FutureTask.run(FutureTask.java:266)
	at java.lang.Thread.run(Thread.java:748)
Caused by: java.util.zip.ZipException: UniCode path extra data must have at least 5 bytes.
	at org.apache.commons.compress.archivers.zip.AbstractUnicodeExtraField.parseFromLocalFileData(AbstractUnicodeExtraField.java:166)
	at org.apache.commons.compress.archivers.zip.ExtraFieldUtils.parse(ExtraFieldUtils.java:178)
	at org.apache.commons.compress.archivers.zip.ZipArchiveEntry.setExtra(ZipArchiveEntry.java:537)
	... 13 more
32) test092(org.apache.commons.compress.archivers.zip.ZipArchiveEntry_ESTest)
java.util.NoSuchElementException
	at org.apache.commons.compress.archivers.zip.ZipArchiveEntry.removeUnparseableExtraFieldData(ZipArchiveEntry.java:492)
	at org.apache.commons.compress.archivers.zip.ZipArchiveEntry_ESTest.test092(ZipArchiveEntry_ESTest.java:1286)
	at sun.reflect.NativeMethodAccessorImpl.invoke0(Native Method)
	at sun.reflect.NativeMethodAccessorImpl.invoke(NativeMethodAccessorImpl.java:62)
	at sun.reflect.DelegatingMethodAccessorImpl.invoke(DelegatingMethodAccessorImpl.java:43)
	at java.lang.reflect.Method.invoke(Method.java:498)
	at org.junit.runners.model.FrameworkMethod$1.runReflectiveCall(FrameworkMethod.java:50)
	at org.junit.internal.runners.model.ReflectiveCallable.run(ReflectiveCallable.java:12)
	at org.junit.runners.model.FrameworkMethod.invokeExplosively(FrameworkMethod.java:47)
	at org.junit.internal.runners.statements.InvokeMethod.evaluate(InvokeMethod.java:17)
	at org.junit.internal.runners.statements.FailOnTimeout$CallableStatement.call(FailOnTimeout.java:298)
	at org.junit.internal.runners.statements.FailOnTimeout$CallableStatement.call(FailOnTimeout.java:292)
	at java.util.concurrent.FutureTask.run(FutureTask.java:266)
	at java.lang.Thread.run(Thread.java:748)

FAILURES!!!
Tests run: 122,  Failures: 32

