JUnit version 4.12
.E.E.usage: ZN5`'<?
ZN5`'<?
java.lang.StringBuffer@0000000005   -
.E.usage: ;2PQ=S

'%K_N
usage: mJBWNwyQK`AE/Afq
'%K_N

'=7,YYQbT4(2b
..E.E.usage: [ [-] [--&>J>X"DSa <arg>] [-arg <arg>]
[
java.lang.StringBuffer@0000000007   Pr{F,jb+J$M#)
java.lang.StringBuffer@0000000008   Pr{F,jb+J$M#)
java.lang.StringBuffer@0000000009   7[$$g?GTv>Ai o$qQ
--
.E....E..E..usage:

E.E.E.usage: ZN5`'<?
java.lang.StringBuffer@0000000007   uP]K&Y5&bI:yQm
usage:
.E.E.E.E.E.E.E.usage: -
cm>v&)DWN#
java.lang.StringBuffer@0000000011
           
cX:K_FP
usage: ' [-]
DeL)l6A@m?]FY9a
java.lang.StringBuffer@0000000012
           
' was specified but an option from this group
.usage: -

usage: usage:
arg

JT'j
.E.usage:
 -
-

*p"Oy`
C
.E.usage: --
--

--
.E.usage: -
java.lang.StringBuffer@0000000007   zb
line.separator
usage: line.separator
java.lang.StringBuffer@0000000011   zb
java.lang.StringBuffer@0000000012   --
.usage: --
a;RGW
java.lang.StringBuffer@0000000007   arg
KjC5
.E.usage: line.separator
java.lang.StringBuffer@0000000009
. [ARG]
 
usage:


usage: --
>

.E.usage: -
cm>v&)DWN#
java.lang.StringBuffer@0000000011
           
cX:K_FP
usage: - [-]
DeL)l6A@m?]FY9a
java.lang.StringBuffer@0000000012
           
' was specified but an option from this group
E.E.E.E.E.E.usage: line.separator
 ] [ long
java.lang.StringBuffer@0000000007   )
E..E.E.E.E.E..E.E..usage: ^;6Gk_}N~Zjed

E.E..E.E.E..E.usage: -
cm>v&)DWN#
java.lang.StringBuffer@0000000011
           
cX:K_FP
E.usage: > [-arg]
--
java.lang.StringBuffer@0000000007   --
[]&,*$<ZmyN[56
.E.E.E.E..E.E.E.usage: -

--
usage: --

.E.usage:
       4'thC+
       v:!{eO
       k
4'thC+v:!{eOk

E.arg
 
usage:


--
.E.E..kiFb-20Q?|I [-arg <arg>]
java.lang.StringBuffer@0000000005   -
kiFb-20Q?|I
E.E.E.E.E.E.E..E.E.usage: --
--

--
E.E.usage:  RGl [- <arg>] [-arg
       <arg>]
java.lang.StringBuffer@0000000008
                        usage:
java.lang.StringBuffer@0000000009
                        -
arg
E.usage: Cannot add value, list full.

E.E..E.E..E.E.E.usage: t3l_jw*E"?|

E.E.E.E.usage: arg -arg
arg
java.lang.StringBuffer@0000000006
        
arg
.usage: Cannot add value, list full.

usage: \uBn,/ny9V
[}mOMGQ`CH

[}mOMGQ`CH
.E.E.usage: 4d8#l}2][+

E.usage: >

usage: 2fi>+
_8E-#45t


Time: 18.047
There were 81 failures:
1) test024(org.apache.commons.cli.HelpFormatter_ESTest)
java.lang.NegativeArraySizeException
	at java.lang.AbstractStringBuilder.<init>(AbstractStringBuilder.java:68)
	at java.lang.StringBuffer.<init>(StringBuffer.java:128)
	at org.apache.commons.cli.HelpFormatter.createPadding(HelpFormatter.java:956)
	at org.apache.commons.cli.HelpFormatter.renderOptions(HelpFormatter.java:749)
	at org.apache.commons.cli.HelpFormatter.printOptions(HelpFormatter.java:698)
	at org.apache.commons.cli.HelpFormatter.printHelp(HelpFormatter.java:521)
	at org.apache.commons.cli.HelpFormatter.printHelp(HelpFormatter.java:450)
	at org.apache.commons.cli.HelpFormatter_ESTest.test024(HelpFormatter_ESTest.java:463)
	at sun.reflect.NativeMethodAccessorImpl.invoke0(Native Method)
	at sun.reflect.NativeMethodAccessorImpl.invoke(NativeMethodAccessorImpl.java:62)
	at sun.reflect.DelegatingMethodAccessorImpl.invoke(DelegatingMethodAccessorImpl.java:43)
	at java.lang.reflect.Method.invoke(Method.java:498)
	at org.junit.runners.model.FrameworkMethod$1.runReflectiveCall(FrameworkMethod.java:50)
	at org.junit.internal.runners.model.ReflectiveCallable.run(ReflectiveCallable.java:12)
	at org.junit.runners.model.FrameworkMethod.invokeExplosively(FrameworkMethod.java:47)
	at org.junit.internal.runners.statements.InvokeMethod.evaluate(InvokeMethod.java:17)
	at org.junit.internal.runners.statements.FailOnTimeout$CallableStatement.call(FailOnTimeout.java:298)
	at org.junit.internal.runners.statements.FailOnTimeout$CallableStatement.call(FailOnTimeout.java:292)
	at java.util.concurrent.FutureTask.run(FutureTask.java:266)
	at java.lang.Thread.run(Thread.java:748)
2) test025(org.apache.commons.cli.HelpFormatter_ESTest)
java.io.UnsupportedEncodingException: 
	at org.evosuite.runtime.mock.java.io.MockPrintWriter.toCharset(MockPrintWriter.java:122)
	at org.evosuite.runtime.mock.java.io.MockPrintWriter.<init>(MockPrintWriter.java:87)
	at org.apache.commons.cli.HelpFormatter_ESTest.test025(HelpFormatter_ESTest.java:488)
	at sun.reflect.NativeMethodAccessorImpl.invoke0(Native Method)
	at sun.reflect.NativeMethodAccessorImpl.invoke(NativeMethodAccessorImpl.java:62)
	at sun.reflect.DelegatingMethodAccessorImpl.invoke(DelegatingMethodAccessorImpl.java:43)
	at java.lang.reflect.Method.invoke(Method.java:498)
	at org.junit.runners.model.FrameworkMethod$1.runReflectiveCall(FrameworkMethod.java:50)
	at org.junit.internal.runners.model.ReflectiveCallable.run(ReflectiveCallable.java:12)
	at org.junit.runners.model.FrameworkMethod.invokeExplosively(FrameworkMethod.java:47)
	at org.junit.internal.runners.statements.InvokeMethod.evaluate(InvokeMethod.java:17)
	at org.junit.internal.runners.statements.FailOnTimeout$CallableStatement.call(FailOnTimeout.java:298)
	at org.junit.internal.runners.statements.FailOnTimeout$CallableStatement.call(FailOnTimeout.java:292)
	at java.util.concurrent.FutureTask.run(FutureTask.java:266)
	at java.lang.Thread.run(Thread.java:748)
3) test027(org.apache.commons.cli.HelpFormatter_ESTest)
java.lang.NegativeArraySizeException
	at java.lang.AbstractStringBuilder.<init>(AbstractStringBuilder.java:68)
	at java.lang.StringBuffer.<init>(StringBuffer.java:128)
	at org.apache.commons.cli.HelpFormatter.createPadding(HelpFormatter.java:956)
	at org.apache.commons.cli.HelpFormatter.renderOptions(HelpFormatter.java:749)
	at org.apache.commons.cli.HelpFormatter.printOptions(HelpFormatter.java:698)
	at org.apache.commons.cli.HelpFormatter.printHelp(HelpFormatter.java:521)
	at org.apache.commons.cli.HelpFormatter.printHelp(HelpFormatter.java:450)
	at org.apache.commons.cli.HelpFormatter.printHelp(HelpFormatter.java:413)
	at org.apache.commons.cli.HelpFormatter.printHelp(HelpFormatter.java:396)
	at org.apache.commons.cli.HelpFormatter_ESTest.test027(HelpFormatter_ESTest.java:519)
	at sun.reflect.NativeMethodAccessorImpl.invoke0(Native Method)
	at sun.reflect.NativeMethodAccessorImpl.invoke(NativeMethodAccessorImpl.java:62)
	at sun.reflect.DelegatingMethodAccessorImpl.invoke(DelegatingMethodAccessorImpl.java:43)
	at java.lang.reflect.Method.invoke(Method.java:498)
	at org.junit.runners.model.FrameworkMethod$1.runReflectiveCall(FrameworkMethod.java:50)
	at org.junit.internal.runners.model.ReflectiveCallable.run(ReflectiveCallable.java:12)
	at org.junit.runners.model.FrameworkMethod.invokeExplosively(FrameworkMethod.java:47)
	at org.junit.internal.runners.statements.InvokeMethod.evaluate(InvokeMethod.java:17)
	at org.junit.internal.runners.statements.FailOnTimeout$CallableStatement.call(FailOnTimeout.java:298)
	at org.junit.internal.runners.statements.FailOnTimeout$CallableStatement.call(FailOnTimeout.java:292)
	at java.util.concurrent.FutureTask.run(FutureTask.java:266)
	at java.lang.Thread.run(Thread.java:748)
4) test030(org.apache.commons.cli.HelpFormatter_ESTest)
java.io.UnsupportedEncodingException: ;r@?/yrY*PK
	at org.evosuite.runtime.mock.java.io.MockPrintWriter.toCharset(MockPrintWriter.java:122)
	at org.evosuite.runtime.mock.java.io.MockPrintWriter.<init>(MockPrintWriter.java:87)
	at org.apache.commons.cli.HelpFormatter_ESTest.test030(HelpFormatter_ESTest.java:564)
	at sun.reflect.NativeMethodAccessorImpl.invoke0(Native Method)
	at sun.reflect.NativeMethodAccessorImpl.invoke(NativeMethodAccessorImpl.java:62)
	at sun.reflect.DelegatingMethodAccessorImpl.invoke(DelegatingMethodAccessorImpl.java:43)
	at java.lang.reflect.Method.invoke(Method.java:498)
	at org.junit.runners.model.FrameworkMethod$1.runReflectiveCall(FrameworkMethod.java:50)
	at org.junit.internal.runners.model.ReflectiveCallable.run(ReflectiveCallable.java:12)
	at org.junit.runners.model.FrameworkMethod.invokeExplosively(FrameworkMethod.java:47)
	at org.junit.internal.runners.statements.InvokeMethod.evaluate(InvokeMethod.java:17)
	at org.junit.internal.runners.statements.FailOnTimeout$CallableStatement.call(FailOnTimeout.java:298)
	at org.junit.internal.runners.statements.FailOnTimeout$CallableStatement.call(FailOnTimeout.java:292)
	at java.util.concurrent.FutureTask.run(FutureTask.java:266)
	at java.lang.Thread.run(Thread.java:748)
5) test031(org.apache.commons.cli.HelpFormatter_ESTest)
java.lang.NullPointerException
	at org.apache.commons.cli.HelpFormatter.printOptions(HelpFormatter.java:699)
	at org.apache.commons.cli.HelpFormatter_ESTest.test031(HelpFormatter_ESTest.java:582)
	at sun.reflect.NativeMethodAccessorImpl.invoke0(Native Method)
	at sun.reflect.NativeMethodAccessorImpl.invoke(NativeMethodAccessorImpl.java:62)
	at sun.reflect.DelegatingMethodAccessorImpl.invoke(DelegatingMethodAccessorImpl.java:43)
	at java.lang.reflect.Method.invoke(Method.java:498)
	at org.junit.runners.model.FrameworkMethod$1.runReflectiveCall(FrameworkMethod.java:50)
	at org.junit.internal.runners.model.ReflectiveCallable.run(ReflectiveCallable.java:12)
	at org.junit.runners.model.FrameworkMethod.invokeExplosively(FrameworkMethod.java:47)
	at org.junit.internal.runners.statements.InvokeMethod.evaluate(InvokeMethod.java:17)
	at org.junit.internal.runners.statements.FailOnTimeout$CallableStatement.call(FailOnTimeout.java:298)
	at org.junit.internal.runners.statements.FailOnTimeout$CallableStatement.call(FailOnTimeout.java:292)
	at java.util.concurrent.FutureTask.run(FutureTask.java:266)
	at java.lang.Thread.run(Thread.java:748)
6) test033(org.apache.commons.cli.HelpFormatter_ESTest)
java.lang.NullPointerException
	at org.apache.commons.cli.HelpFormatter.renderWrappedText(HelpFormatter.java:851)
	at org.apache.commons.cli.HelpFormatter_ESTest.test033(HelpFormatter_ESTest.java:619)
	at sun.reflect.NativeMethodAccessorImpl.invoke0(Native Method)
	at sun.reflect.NativeMethodAccessorImpl.invoke(NativeMethodAccessorImpl.java:62)
	at sun.reflect.DelegatingMethodAccessorImpl.invoke(DelegatingMethodAccessorImpl.java:43)
	at java.lang.reflect.Method.invoke(Method.java:498)
	at org.junit.runners.model.FrameworkMethod$1.runReflectiveCall(FrameworkMethod.java:50)
	at org.junit.internal.runners.model.ReflectiveCallable.run(ReflectiveCallable.java:12)
	at org.junit.runners.model.FrameworkMethod.invokeExplosively(FrameworkMethod.java:47)
	at org.junit.internal.runners.statements.InvokeMethod.evaluate(InvokeMethod.java:17)
	at org.junit.internal.runners.statements.FailOnTimeout$CallableStatement.call(FailOnTimeout.java:298)
	at org.junit.internal.runners.statements.FailOnTimeout$CallableStatement.call(FailOnTimeout.java:292)
	at java.util.concurrent.FutureTask.run(FutureTask.java:266)
	at java.lang.Thread.run(Thread.java:748)
7) test015(org.apache.commons.cli.HelpFormatter_ESTest)
java.lang.StringIndexOutOfBoundsException: String index out of range: -3397
	at java.lang.String.charAt(String.java:658)
	at org.apache.commons.cli.HelpFormatter.findWrapPos(HelpFormatter.java:939)
	at org.apache.commons.cli.HelpFormatter.renderWrappedText(HelpFormatter.java:847)
	at org.apache.commons.cli.HelpFormatter.renderOptions(HelpFormatter.java:822)
	at org.apache.commons.cli.HelpFormatter_ESTest.test015(HelpFormatter_ESTest.java:313)
	at sun.reflect.NativeMethodAccessorImpl.invoke0(Native Method)
	at sun.reflect.NativeMethodAccessorImpl.invoke(NativeMethodAccessorImpl.java:62)
	at sun.reflect.DelegatingMethodAccessorImpl.invoke(DelegatingMethodAccessorImpl.java:43)
	at java.lang.reflect.Method.invoke(Method.java:498)
	at org.junit.runners.model.FrameworkMethod$1.runReflectiveCall(FrameworkMethod.java:50)
	at org.junit.internal.runners.model.ReflectiveCallable.run(ReflectiveCallable.java:12)
	at org.junit.runners.model.FrameworkMethod.invokeExplosively(FrameworkMethod.java:47)
	at org.junit.internal.runners.statements.InvokeMethod.evaluate(InvokeMethod.java:17)
	at org.junit.internal.runners.statements.FailOnTimeout$CallableStatement.call(FailOnTimeout.java:298)
	at org.junit.internal.runners.statements.FailOnTimeout$CallableStatement.call(FailOnTimeout.java:292)
	at java.util.concurrent.FutureTask.run(FutureTask.java:266)
	at java.lang.Thread.run(Thread.java:748)
8) test017(org.apache.commons.cli.HelpFormatter_ESTest)
java.lang.StringIndexOutOfBoundsException: String index out of range: 18
	at java.lang.String.charAt(String.java:658)
	at org.apache.commons.cli.HelpFormatter.findWrapPos(HelpFormatter.java:939)
	at org.apache.commons.cli.HelpFormatter.renderWrappedText(HelpFormatter.java:847)
	at org.apache.commons.cli.HelpFormatter.printWrapped(HelpFormatter.java:726)
	at org.apache.commons.cli.HelpFormatter.printWrapped(HelpFormatter.java:711)
	at org.apache.commons.cli.HelpFormatter.printHelp(HelpFormatter.java:525)
	at org.apache.commons.cli.HelpFormatter_ESTest.test017(HelpFormatter_ESTest.java:344)
	at sun.reflect.NativeMethodAccessorImpl.invoke0(Native Method)
	at sun.reflect.NativeMethodAccessorImpl.invoke(NativeMethodAccessorImpl.java:62)
	at sun.reflect.DelegatingMethodAccessorImpl.invoke(DelegatingMethodAccessorImpl.java:43)
	at java.lang.reflect.Method.invoke(Method.java:498)
	at org.junit.runners.model.FrameworkMethod$1.runReflectiveCall(FrameworkMethod.java:50)
	at org.junit.internal.runners.model.ReflectiveCallable.run(ReflectiveCallable.java:12)
	at org.junit.runners.model.FrameworkMethod.invokeExplosively(FrameworkMethod.java:47)
	at org.junit.internal.runners.statements.InvokeMethod.evaluate(InvokeMethod.java:17)
	at org.junit.internal.runners.statements.FailOnTimeout$CallableStatement.call(FailOnTimeout.java:298)
	at org.junit.internal.runners.statements.FailOnTimeout$CallableStatement.call(FailOnTimeout.java:292)
	at java.util.concurrent.FutureTask.run(FutureTask.java:266)
	at java.lang.Thread.run(Thread.java:748)
9) test019(org.apache.commons.cli.HelpFormatter_ESTest)
java.lang.NullPointerException
	at org.apache.commons.cli.HelpFormatter.printWrapped(HelpFormatter.java:727)
	at org.apache.commons.cli.HelpFormatter.printUsage(HelpFormatter.java:678)
	at org.apache.commons.cli.HelpFormatter.printHelp(HelpFormatter.java:513)
	at org.apache.commons.cli.HelpFormatter.printHelp(HelpFormatter.java:475)
	at org.apache.commons.cli.HelpFormatter_ESTest.test019(HelpFormatter_ESTest.java:372)
	at sun.reflect.NativeMethodAccessorImpl.invoke0(Native Method)
	at sun.reflect.NativeMethodAccessorImpl.invoke(NativeMethodAccessorImpl.java:62)
	at sun.reflect.DelegatingMethodAccessorImpl.invoke(DelegatingMethodAccessorImpl.java:43)
	at java.lang.reflect.Method.invoke(Method.java:498)
	at org.junit.runners.model.FrameworkMethod$1.runReflectiveCall(FrameworkMethod.java:50)
	at org.junit.internal.runners.model.ReflectiveCallable.run(ReflectiveCallable.java:12)
	at org.junit.runners.model.FrameworkMethod.invokeExplosively(FrameworkMethod.java:47)
	at org.junit.internal.runners.statements.InvokeMethod.evaluate(InvokeMethod.java:17)
	at org.junit.internal.runners.statements.FailOnTimeout$CallableStatement.call(FailOnTimeout.java:298)
	at org.junit.internal.runners.statements.FailOnTimeout$CallableStatement.call(FailOnTimeout.java:292)
	at java.util.concurrent.FutureTask.run(FutureTask.java:266)
	at java.lang.Thread.run(Thread.java:748)
10) test020(org.apache.commons.cli.HelpFormatter_ESTest)
java.lang.NullPointerException
	at org.apache.commons.cli.HelpFormatter.renderOptions(HelpFormatter.java:759)
	at org.apache.commons.cli.HelpFormatter_ESTest.test020(HelpFormatter_ESTest.java:391)
	at sun.reflect.NativeMethodAccessorImpl.invoke0(Native Method)
	at sun.reflect.NativeMethodAccessorImpl.invoke(NativeMethodAccessorImpl.java:62)
	at sun.reflect.DelegatingMethodAccessorImpl.invoke(DelegatingMethodAccessorImpl.java:43)
	at java.lang.reflect.Method.invoke(Method.java:498)
	at org.junit.runners.model.FrameworkMethod$1.runReflectiveCall(FrameworkMethod.java:50)
	at org.junit.internal.runners.model.ReflectiveCallable.run(ReflectiveCallable.java:12)
	at org.junit.runners.model.FrameworkMethod.invokeExplosively(FrameworkMethod.java:47)
	at org.junit.internal.runners.statements.InvokeMethod.evaluate(InvokeMethod.java:17)
	at org.junit.internal.runners.statements.FailOnTimeout$CallableStatement.call(FailOnTimeout.java:298)
	at org.junit.internal.runners.statements.FailOnTimeout$CallableStatement.call(FailOnTimeout.java:292)
	at java.util.concurrent.FutureTask.run(FutureTask.java:266)
	at java.lang.Thread.run(Thread.java:748)
11) test021(org.apache.commons.cli.HelpFormatter_ESTest)
java.lang.StringIndexOutOfBoundsException: String index out of range: 7
	at java.lang.String.charAt(String.java:658)
	at org.apache.commons.cli.HelpFormatter.findWrapPos(HelpFormatter.java:939)
	at org.apache.commons.cli.HelpFormatter.renderWrappedText(HelpFormatter.java:870)
	at org.apache.commons.cli.HelpFormatter.printWrapped(HelpFormatter.java:726)
	at org.apache.commons.cli.HelpFormatter.printUsage(HelpFormatter.java:591)
	at org.apache.commons.cli.HelpFormatter.printHelp(HelpFormatter.java:509)
	at org.apache.commons.cli.HelpFormatter.printHelp(HelpFormatter.java:450)
	at org.apache.commons.cli.HelpFormatter_ESTest.test021(HelpFormatter_ESTest.java:411)
	at sun.reflect.NativeMethodAccessorImpl.invoke0(Native Method)
	at sun.reflect.NativeMethodAccessorImpl.invoke(NativeMethodAccessorImpl.java:62)
	at sun.reflect.DelegatingMethodAccessorImpl.invoke(DelegatingMethodAccessorImpl.java:43)
	at java.lang.reflect.Method.invoke(Method.java:498)
	at org.junit.runners.model.FrameworkMethod$1.runReflectiveCall(FrameworkMethod.java:50)
	at org.junit.internal.runners.model.ReflectiveCallable.run(ReflectiveCallable.java:12)
	at org.junit.runners.model.FrameworkMethod.invokeExplosively(FrameworkMethod.java:47)
	at org.junit.internal.runners.statements.InvokeMethod.evaluate(InvokeMethod.java:17)
	at org.junit.internal.runners.statements.FailOnTimeout$CallableStatement.call(FailOnTimeout.java:298)
	at org.junit.internal.runners.statements.FailOnTimeout$CallableStatement.call(FailOnTimeout.java:292)
	at java.util.concurrent.FutureTask.run(FutureTask.java:266)
	at java.lang.Thread.run(Thread.java:748)
12) test023(org.apache.commons.cli.HelpFormatter_ESTest)
org.evosuite.runtime.mock.java.lang.MockIllegalArgumentException: cmdLineSyntax not provided
	at org.apache.commons.cli.HelpFormatter.printHelp(HelpFormatter.java:504)
	at org.apache.commons.cli.HelpFormatter.printHelp(HelpFormatter.java:450)
	at org.apache.commons.cli.HelpFormatter.printHelp(HelpFormatter.java:429)
	at org.apache.commons.cli.HelpFormatter_ESTest.test023(HelpFormatter_ESTest.java:442)
	at sun.reflect.NativeMethodAccessorImpl.invoke0(Native Method)
	at sun.reflect.NativeMethodAccessorImpl.invoke(NativeMethodAccessorImpl.java:62)
	at sun.reflect.DelegatingMethodAccessorImpl.invoke(DelegatingMethodAccessorImpl.java:43)
	at java.lang.reflect.Method.invoke(Method.java:498)
	at org.junit.runners.model.FrameworkMethod$1.runReflectiveCall(FrameworkMethod.java:50)
	at org.junit.internal.runners.model.ReflectiveCallable.run(ReflectiveCallable.java:12)
	at org.junit.runners.model.FrameworkMethod.invokeExplosively(FrameworkMethod.java:47)
	at org.junit.internal.runners.statements.InvokeMethod.evaluate(InvokeMethod.java:17)
	at org.junit.internal.runners.statements.FailOnTimeout$CallableStatement.call(FailOnTimeout.java:298)
	at org.junit.internal.runners.statements.FailOnTimeout$CallableStatement.call(FailOnTimeout.java:292)
	at java.util.concurrent.FutureTask.run(FutureTask.java:266)
	at java.lang.Thread.run(Thread.java:748)
13) test046(org.apache.commons.cli.HelpFormatter_ESTest)
java.lang.NegativeArraySizeException
	at java.lang.AbstractStringBuilder.<init>(AbstractStringBuilder.java:68)
	at java.lang.StringBuffer.<init>(StringBuffer.java:128)
	at org.apache.commons.cli.HelpFormatter.createPadding(HelpFormatter.java:956)
	at org.apache.commons.cli.HelpFormatter.renderOptions(HelpFormatter.java:748)
	at org.apache.commons.cli.HelpFormatter.printOptions(HelpFormatter.java:698)
	at org.apache.commons.cli.HelpFormatter.printHelp(HelpFormatter.java:521)
	at org.apache.commons.cli.HelpFormatter_ESTest.test046(HelpFormatter_ESTest.java:844)
	at sun.reflect.NativeMethodAccessorImpl.invoke0(Native Method)
	at sun.reflect.NativeMethodAccessorImpl.invoke(NativeMethodAccessorImpl.java:62)
	at sun.reflect.DelegatingMethodAccessorImpl.invoke(DelegatingMethodAccessorImpl.java:43)
	at java.lang.reflect.Method.invoke(Method.java:498)
	at org.junit.runners.model.FrameworkMethod$1.runReflectiveCall(FrameworkMethod.java:50)
	at org.junit.internal.runners.model.ReflectiveCallable.run(ReflectiveCallable.java:12)
	at org.junit.runners.model.FrameworkMethod.invokeExplosively(FrameworkMethod.java:47)
	at org.junit.internal.runners.statements.InvokeMethod.evaluate(InvokeMethod.java:17)
	at org.junit.internal.runners.statements.FailOnTimeout$CallableStatement.call(FailOnTimeout.java:298)
	at org.junit.internal.runners.statements.FailOnTimeout$CallableStatement.call(FailOnTimeout.java:292)
	at java.util.concurrent.FutureTask.run(FutureTask.java:266)
	at java.lang.Thread.run(Thread.java:748)
14) test047(org.apache.commons.cli.HelpFormatter_ESTest)
java.lang.NegativeArraySizeException
	at java.lang.AbstractStringBuilder.<init>(AbstractStringBuilder.java:68)
	at java.lang.StringBuffer.<init>(StringBuffer.java:128)
	at org.apache.commons.cli.HelpFormatter.createPadding(HelpFormatter.java:956)
	at org.apache.commons.cli.HelpFormatter.renderOptions(HelpFormatter.java:749)
	at org.apache.commons.cli.HelpFormatter.printOptions(HelpFormatter.java:698)
	at org.apache.commons.cli.HelpFormatter.printHelp(HelpFormatter.java:521)
	at org.apache.commons.cli.HelpFormatter_ESTest.test047(HelpFormatter_ESTest.java:869)
	at sun.reflect.NativeMethodAccessorImpl.invoke0(Native Method)
	at sun.reflect.NativeMethodAccessorImpl.invoke(NativeMethodAccessorImpl.java:62)
	at sun.reflect.DelegatingMethodAccessorImpl.invoke(DelegatingMethodAccessorImpl.java:43)
	at java.lang.reflect.Method.invoke(Method.java:498)
	at org.junit.runners.model.FrameworkMethod$1.runReflectiveCall(FrameworkMethod.java:50)
	at org.junit.internal.runners.model.ReflectiveCallable.run(ReflectiveCallable.java:12)
	at org.junit.runners.model.FrameworkMethod.invokeExplosively(FrameworkMethod.java:47)
	at org.junit.internal.runners.statements.InvokeMethod.evaluate(InvokeMethod.java:17)
	at org.junit.internal.runners.statements.FailOnTimeout$CallableStatement.call(FailOnTimeout.java:298)
	at org.junit.internal.runners.statements.FailOnTimeout$CallableStatement.call(FailOnTimeout.java:292)
	at java.util.concurrent.FutureTask.run(FutureTask.java:266)
	at java.lang.Thread.run(Thread.java:748)
15) test048(org.apache.commons.cli.HelpFormatter_ESTest)
java.lang.NullPointerException
	at java.lang.String$CaseInsensitiveComparator.compare(String.java:1193)
	at java.lang.String$CaseInsensitiveComparator.compare(String.java:1186)
	at java.lang.String.compareToIgnoreCase(String.java:1239)
	at org.apache.commons.cli.HelpFormatter$OptionComparator.compare(HelpFormatter.java:1016)
	at java.util.TimSort.countRunAndMakeAscending(TimSort.java:355)
	at java.util.TimSort.sort(TimSort.java:220)
	at java.util.Arrays.sort(Arrays.java:1512)
	at java.util.ArrayList.sort(ArrayList.java:1464)
	at java.util.Collections.sort(Collections.java:177)
	at org.apache.commons.cli.HelpFormatter.renderOptions(HelpFormatter.java:761)
	at org.apache.commons.cli.HelpFormatter.printOptions(HelpFormatter.java:698)
	at org.apache.commons.cli.HelpFormatter.printHelp(HelpFormatter.java:521)
	at org.apache.commons.cli.HelpFormatter.printHelp(HelpFormatter.java:450)
	at org.apache.commons.cli.HelpFormatter_ESTest.test048(HelpFormatter_ESTest.java:894)
	at sun.reflect.NativeMethodAccessorImpl.invoke0(Native Method)
	at sun.reflect.NativeMethodAccessorImpl.invoke(NativeMethodAccessorImpl.java:62)
	at sun.reflect.DelegatingMethodAccessorImpl.invoke(DelegatingMethodAccessorImpl.java:43)
	at java.lang.reflect.Method.invoke(Method.java:498)
	at org.junit.runners.model.FrameworkMethod$1.runReflectiveCall(FrameworkMethod.java:50)
	at org.junit.internal.runners.model.ReflectiveCallable.run(ReflectiveCallable.java:12)
	at org.junit.runners.model.FrameworkMethod.invokeExplosively(FrameworkMethod.java:47)
	at org.junit.internal.runners.statements.InvokeMethod.evaluate(InvokeMethod.java:17)
	at org.junit.internal.runners.statements.FailOnTimeout$CallableStatement.call(FailOnTimeout.java:298)
	at org.junit.internal.runners.statements.FailOnTimeout$CallableStatement.call(FailOnTimeout.java:292)
	at java.util.concurrent.FutureTask.run(FutureTask.java:266)
	at java.lang.Thread.run(Thread.java:748)
16) test049(org.apache.commons.cli.HelpFormatter_ESTest)
java.lang.StringIndexOutOfBoundsException: String index out of range: 7
	at java.lang.String.charAt(String.java:658)
	at org.apache.commons.cli.HelpFormatter.findWrapPos(HelpFormatter.java:939)
	at org.apache.commons.cli.HelpFormatter.renderWrappedText(HelpFormatter.java:870)
	at org.apache.commons.cli.HelpFormatter.printWrapped(HelpFormatter.java:726)
	at org.apache.commons.cli.HelpFormatter.printUsage(HelpFormatter.java:591)
	at org.apache.commons.cli.HelpFormatter.printHelp(HelpFormatter.java:509)
	at org.apache.commons.cli.HelpFormatter.printHelp(HelpFormatter.java:450)
	at org.apache.commons.cli.HelpFormatter_ESTest.test049(HelpFormatter_ESTest.java:910)
	at sun.reflect.NativeMethodAccessorImpl.invoke0(Native Method)
	at sun.reflect.NativeMethodAccessorImpl.invoke(NativeMethodAccessorImpl.java:62)
	at sun.reflect.DelegatingMethodAccessorImpl.invoke(DelegatingMethodAccessorImpl.java:43)
	at java.lang.reflect.Method.invoke(Method.java:498)
	at org.junit.runners.model.FrameworkMethod$1.runReflectiveCall(FrameworkMethod.java:50)
	at org.junit.internal.runners.model.ReflectiveCallable.run(ReflectiveCallable.java:12)
	at org.junit.runners.model.FrameworkMethod.invokeExplosively(FrameworkMethod.java:47)
	at org.junit.internal.runners.statements.InvokeMethod.evaluate(InvokeMethod.java:17)
	at org.junit.internal.runners.statements.FailOnTimeout$CallableStatement.call(FailOnTimeout.java:298)
	at org.junit.internal.runners.statements.FailOnTimeout$CallableStatement.call(FailOnTimeout.java:292)
	at java.util.concurrent.FutureTask.run(FutureTask.java:266)
	at java.lang.Thread.run(Thread.java:748)
17) test050(org.apache.commons.cli.HelpFormatter_ESTest)
java.lang.NullPointerException
	at org.apache.commons.cli.HelpFormatter.printUsage(HelpFormatter.java:548)
	at org.apache.commons.cli.HelpFormatter.printHelp(HelpFormatter.java:509)
	at org.apache.commons.cli.HelpFormatter.printHelp(HelpFormatter.java:450)
	at org.apache.commons.cli.HelpFormatter_ESTest.test050(HelpFormatter_ESTest.java:927)
	at sun.reflect.NativeMethodAccessorImpl.invoke0(Native Method)
	at sun.reflect.NativeMethodAccessorImpl.invoke(NativeMethodAccessorImpl.java:62)
	at sun.reflect.DelegatingMethodAccessorImpl.invoke(DelegatingMethodAccessorImpl.java:43)
	at java.lang.reflect.Method.invoke(Method.java:498)
	at org.junit.runners.model.FrameworkMethod$1.runReflectiveCall(FrameworkMethod.java:50)
	at org.junit.internal.runners.model.ReflectiveCallable.run(ReflectiveCallable.java:12)
	at org.junit.runners.model.FrameworkMethod.invokeExplosively(FrameworkMethod.java:47)
	at org.junit.internal.runners.statements.InvokeMethod.evaluate(InvokeMethod.java:17)
	at org.junit.internal.runners.statements.FailOnTimeout$CallableStatement.call(FailOnTimeout.java:298)
	at org.junit.internal.runners.statements.FailOnTimeout$CallableStatement.call(FailOnTimeout.java:292)
	at java.util.concurrent.FutureTask.run(FutureTask.java:266)
	at java.lang.Thread.run(Thread.java:748)
18) test051(org.apache.commons.cli.HelpFormatter_ESTest)
java.lang.NullPointerException
	at org.apache.commons.cli.HelpFormatter.printUsage(HelpFormatter.java:676)
	at org.apache.commons.cli.HelpFormatter_ESTest.test051(HelpFormatter_ESTest.java:949)
	at sun.reflect.NativeMethodAccessorImpl.invoke0(Native Method)
	at sun.reflect.NativeMethodAccessorImpl.invoke(NativeMethodAccessorImpl.java:62)
	at sun.reflect.DelegatingMethodAccessorImpl.invoke(DelegatingMethodAccessorImpl.java:43)
	at java.lang.reflect.Method.invoke(Method.java:498)
	at org.junit.runners.model.FrameworkMethod$1.runReflectiveCall(FrameworkMethod.java:50)
	at org.junit.internal.runners.model.ReflectiveCallable.run(ReflectiveCallable.java:12)
	at org.junit.runners.model.FrameworkMethod.invokeExplosively(FrameworkMethod.java:47)
	at org.junit.internal.runners.statements.InvokeMethod.evaluate(InvokeMethod.java:17)
	at org.junit.internal.runners.statements.FailOnTimeout$CallableStatement.call(FailOnTimeout.java:298)
	at org.junit.internal.runners.statements.FailOnTimeout$CallableStatement.call(FailOnTimeout.java:292)
	at java.util.concurrent.FutureTask.run(FutureTask.java:266)
	at java.lang.Thread.run(Thread.java:748)
19) test054(org.apache.commons.cli.HelpFormatter_ESTest)
java.lang.NullPointerException
	at org.apache.commons.cli.HelpFormatter.renderOptions(HelpFormatter.java:759)
	at org.apache.commons.cli.HelpFormatter.printOptions(HelpFormatter.java:698)
	at org.apache.commons.cli.HelpFormatter.printHelp(HelpFormatter.java:521)
	at org.apache.commons.cli.HelpFormatter_ESTest.test054(HelpFormatter_ESTest.java:1000)
	at sun.reflect.NativeMethodAccessorImpl.invoke0(Native Method)
	at sun.reflect.NativeMethodAccessorImpl.invoke(NativeMethodAccessorImpl.java:62)
	at sun.reflect.DelegatingMethodAccessorImpl.invoke(DelegatingMethodAccessorImpl.java:43)
	at java.lang.reflect.Method.invoke(Method.java:498)
	at org.junit.runners.model.FrameworkMethod$1.runReflectiveCall(FrameworkMethod.java:50)
	at org.junit.internal.runners.model.ReflectiveCallable.run(ReflectiveCallable.java:12)
	at org.junit.runners.model.FrameworkMethod.invokeExplosively(FrameworkMethod.java:47)
	at org.junit.internal.runners.statements.InvokeMethod.evaluate(InvokeMethod.java:17)
	at org.junit.internal.runners.statements.FailOnTimeout$CallableStatement.call(FailOnTimeout.java:298)
	at org.junit.internal.runners.statements.FailOnTimeout$CallableStatement.call(FailOnTimeout.java:292)
	at java.util.concurrent.FutureTask.run(FutureTask.java:266)
	at java.lang.Thread.run(Thread.java:748)
20) test056(org.apache.commons.cli.HelpFormatter_ESTest)
java.lang.NullPointerException
	at org.apache.commons.cli.HelpFormatter.renderOptions(HelpFormatter.java:759)
	at org.apache.commons.cli.HelpFormatter.printOptions(HelpFormatter.java:698)
	at org.apache.commons.cli.HelpFormatter.printHelp(HelpFormatter.java:521)
	at org.apache.commons.cli.HelpFormatter_ESTest.test056(HelpFormatter_ESTest.java:1033)
	at sun.reflect.NativeMethodAccessorImpl.invoke0(Native Method)
	at sun.reflect.NativeMethodAccessorImpl.invoke(NativeMethodAccessorImpl.java:62)
	at sun.reflect.DelegatingMethodAccessorImpl.invoke(DelegatingMethodAccessorImpl.java:43)
	at java.lang.reflect.Method.invoke(Method.java:498)
	at org.junit.runners.model.FrameworkMethod$1.runReflectiveCall(FrameworkMethod.java:50)
	at org.junit.internal.runners.model.ReflectiveCallable.run(ReflectiveCallable.java:12)
	at org.junit.runners.model.FrameworkMethod.invokeExplosively(FrameworkMethod.java:47)
	at org.junit.internal.runners.statements.InvokeMethod.evaluate(InvokeMethod.java:17)
	at org.junit.internal.runners.statements.FailOnTimeout$CallableStatement.call(FailOnTimeout.java:298)
	at org.junit.internal.runners.statements.FailOnTimeout$CallableStatement.call(FailOnTimeout.java:292)
	at java.util.concurrent.FutureTask.run(FutureTask.java:266)
	at java.lang.Thread.run(Thread.java:748)
21) test036(org.apache.commons.cli.HelpFormatter_ESTest)
java.lang.StringIndexOutOfBoundsException: String index out of range: -577
	at java.lang.String.charAt(String.java:658)
	at org.apache.commons.cli.HelpFormatter.findWrapPos(HelpFormatter.java:939)
	at org.apache.commons.cli.HelpFormatter.renderWrappedText(HelpFormatter.java:847)
	at org.apache.commons.cli.HelpFormatter.printWrapped(HelpFormatter.java:726)
	at org.apache.commons.cli.HelpFormatter.printUsage(HelpFormatter.java:678)
	at org.apache.commons.cli.HelpFormatter.printHelp(HelpFormatter.java:513)
	at org.apache.commons.cli.HelpFormatter.printHelp(HelpFormatter.java:450)
	at org.apache.commons.cli.HelpFormatter.printHelp(HelpFormatter.java:429)
	at org.apache.commons.cli.HelpFormatter_ESTest.test036(HelpFormatter_ESTest.java:662)
	at sun.reflect.NativeMethodAccessorImpl.invoke0(Native Method)
	at sun.reflect.NativeMethodAccessorImpl.invoke(NativeMethodAccessorImpl.java:62)
	at sun.reflect.DelegatingMethodAccessorImpl.invoke(DelegatingMethodAccessorImpl.java:43)
	at java.lang.reflect.Method.invoke(Method.java:498)
	at org.junit.runners.model.FrameworkMethod$1.runReflectiveCall(FrameworkMethod.java:50)
	at org.junit.internal.runners.model.ReflectiveCallable.run(ReflectiveCallable.java:12)
	at org.junit.runners.model.FrameworkMethod.invokeExplosively(FrameworkMethod.java:47)
	at org.junit.internal.runners.statements.InvokeMethod.evaluate(InvokeMethod.java:17)
	at org.junit.internal.runners.statements.FailOnTimeout$CallableStatement.call(FailOnTimeout.java:298)
	at org.junit.internal.runners.statements.FailOnTimeout$CallableStatement.call(FailOnTimeout.java:292)
	at java.util.concurrent.FutureTask.run(FutureTask.java:266)
	at java.lang.Thread.run(Thread.java:748)
22) test039(org.apache.commons.cli.HelpFormatter_ESTest)
java.lang.StringIndexOutOfBoundsException: String index out of range: 11
	at java.lang.String.charAt(String.java:658)
	at org.apache.commons.cli.HelpFormatter.findWrapPos(HelpFormatter.java:939)
	at org.apache.commons.cli.HelpFormatter.renderWrappedText(HelpFormatter.java:847)
	at org.apache.commons.cli.HelpFormatter.printWrapped(HelpFormatter.java:726)
	at org.apache.commons.cli.HelpFormatter.printWrapped(HelpFormatter.java:711)
	at org.apache.commons.cli.HelpFormatter.printHelp(HelpFormatter.java:518)
	at org.apache.commons.cli.HelpFormatter.printHelp(HelpFormatter.java:450)
	at org.apache.commons.cli.HelpFormatter_ESTest.test039(HelpFormatter_ESTest.java:708)
	at sun.reflect.NativeMethodAccessorImpl.invoke0(Native Method)
	at sun.reflect.NativeMethodAccessorImpl.invoke(NativeMethodAccessorImpl.java:62)
	at sun.reflect.DelegatingMethodAccessorImpl.invoke(DelegatingMethodAccessorImpl.java:43)
	at java.lang.reflect.Method.invoke(Method.java:498)
	at org.junit.runners.model.FrameworkMethod$1.runReflectiveCall(FrameworkMethod.java:50)
	at org.junit.internal.runners.model.ReflectiveCallable.run(ReflectiveCallable.java:12)
	at org.junit.runners.model.FrameworkMethod.invokeExplosively(FrameworkMethod.java:47)
	at org.junit.internal.runners.statements.InvokeMethod.evaluate(InvokeMethod.java:17)
	at org.junit.internal.runners.statements.FailOnTimeout$CallableStatement.call(FailOnTimeout.java:298)
	at org.junit.internal.runners.statements.FailOnTimeout$CallableStatement.call(FailOnTimeout.java:292)
	at java.util.concurrent.FutureTask.run(FutureTask.java:266)
	at java.lang.Thread.run(Thread.java:748)
23) test042(org.apache.commons.cli.HelpFormatter_ESTest)
java.lang.NullPointerException
	at org.apache.commons.cli.HelpFormatter.printUsage(HelpFormatter.java:548)
	at org.apache.commons.cli.HelpFormatter.printHelp(HelpFormatter.java:509)
	at org.apache.commons.cli.HelpFormatter.printHelp(HelpFormatter.java:450)
	at org.apache.commons.cli.HelpFormatter.printHelp(HelpFormatter.java:413)
	at org.apache.commons.cli.HelpFormatter_ESTest.test042(HelpFormatter_ESTest.java:750)
	at sun.reflect.NativeMethodAccessorImpl.invoke0(Native Method)
	at sun.reflect.NativeMethodAccessorImpl.invoke(NativeMethodAccessorImpl.java:62)
	at sun.reflect.DelegatingMethodAccessorImpl.invoke(DelegatingMethodAccessorImpl.java:43)
	at java.lang.reflect.Method.invoke(Method.java:498)
	at org.junit.runners.model.FrameworkMethod$1.runReflectiveCall(FrameworkMethod.java:50)
	at org.junit.internal.runners.model.ReflectiveCallable.run(ReflectiveCallable.java:12)
	at org.junit.runners.model.FrameworkMethod.invokeExplosively(FrameworkMethod.java:47)
	at org.junit.internal.runners.statements.InvokeMethod.evaluate(InvokeMethod.java:17)
	at org.junit.internal.runners.statements.FailOnTimeout$CallableStatement.call(FailOnTimeout.java:298)
	at org.junit.internal.runners.statements.FailOnTimeout$CallableStatement.call(FailOnTimeout.java:292)
	at java.util.concurrent.FutureTask.run(FutureTask.java:266)
	at java.lang.Thread.run(Thread.java:748)
24) test043(org.apache.commons.cli.HelpFormatter_ESTest)
java.lang.StringIndexOutOfBoundsException: String index out of range: 4
	at java.lang.String.charAt(String.java:658)
	at org.apache.commons.cli.HelpFormatter.findWrapPos(HelpFormatter.java:939)
	at org.apache.commons.cli.HelpFormatter.renderWrappedText(HelpFormatter.java:870)
	at org.apache.commons.cli.HelpFormatter.printWrapped(HelpFormatter.java:726)
	at org.apache.commons.cli.HelpFormatter.printUsage(HelpFormatter.java:591)
	at org.apache.commons.cli.HelpFormatter_ESTest.test043(HelpFormatter_ESTest.java:780)
	at sun.reflect.NativeMethodAccessorImpl.invoke0(Native Method)
	at sun.reflect.NativeMethodAccessorImpl.invoke(NativeMethodAccessorImpl.java:62)
	at sun.reflect.DelegatingMethodAccessorImpl.invoke(DelegatingMethodAccessorImpl.java:43)
	at java.lang.reflect.Method.invoke(Method.java:498)
	at org.junit.runners.model.FrameworkMethod$1.runReflectiveCall(FrameworkMethod.java:50)
	at org.junit.internal.runners.model.ReflectiveCallable.run(ReflectiveCallable.java:12)
	at org.junit.runners.model.FrameworkMethod.invokeExplosively(FrameworkMethod.java:47)
	at org.junit.internal.runners.statements.InvokeMethod.evaluate(InvokeMethod.java:17)
	at org.junit.internal.runners.statements.FailOnTimeout$CallableStatement.call(FailOnTimeout.java:298)
	at org.junit.internal.runners.statements.FailOnTimeout$CallableStatement.call(FailOnTimeout.java:292)
	at java.util.concurrent.FutureTask.run(FutureTask.java:266)
	at java.lang.Thread.run(Thread.java:748)
25) test044(org.apache.commons.cli.HelpFormatter_ESTest)
java.lang.NullPointerException
	at org.apache.commons.cli.HelpFormatter.printWrapped(HelpFormatter.java:727)
	at org.apache.commons.cli.HelpFormatter.printWrapped(HelpFormatter.java:711)
	at org.apache.commons.cli.HelpFormatter_ESTest.test044(HelpFormatter_ESTest.java:799)
	at sun.reflect.NativeMethodAccessorImpl.invoke0(Native Method)
	at sun.reflect.NativeMethodAccessorImpl.invoke(NativeMethodAccessorImpl.java:62)
	at sun.reflect.DelegatingMethodAccessorImpl.invoke(DelegatingMethodAccessorImpl.java:43)
	at java.lang.reflect.Method.invoke(Method.java:498)
	at org.junit.runners.model.FrameworkMethod$1.runReflectiveCall(FrameworkMethod.java:50)
	at org.junit.internal.runners.model.ReflectiveCallable.run(ReflectiveCallable.java:12)
	at org.junit.runners.model.FrameworkMethod.invokeExplosively(FrameworkMethod.java:47)
	at org.junit.internal.runners.statements.InvokeMethod.evaluate(InvokeMethod.java:17)
	at org.junit.internal.runners.statements.FailOnTimeout$CallableStatement.call(FailOnTimeout.java:298)
	at org.junit.internal.runners.statements.FailOnTimeout$CallableStatement.call(FailOnTimeout.java:292)
	at java.util.concurrent.FutureTask.run(FutureTask.java:266)
	at java.lang.Thread.run(Thread.java:748)
26) test045(org.apache.commons.cli.HelpFormatter_ESTest)
java.lang.NullPointerException
	at org.apache.commons.cli.HelpFormatter.printWrapped(HelpFormatter.java:727)
	at org.apache.commons.cli.HelpFormatter_ESTest.test045(HelpFormatter_ESTest.java:816)
	at sun.reflect.NativeMethodAccessorImpl.invoke0(Native Method)
	at sun.reflect.NativeMethodAccessorImpl.invoke(NativeMethodAccessorImpl.java:62)
	at sun.reflect.DelegatingMethodAccessorImpl.invoke(DelegatingMethodAccessorImpl.java:43)
	at java.lang.reflect.Method.invoke(Method.java:498)
	at org.junit.runners.model.FrameworkMethod$1.runReflectiveCall(FrameworkMethod.java:50)
	at org.junit.internal.runners.model.ReflectiveCallable.run(ReflectiveCallable.java:12)
	at org.junit.runners.model.FrameworkMethod.invokeExplosively(FrameworkMethod.java:47)
	at org.junit.internal.runners.statements.InvokeMethod.evaluate(InvokeMethod.java:17)
	at org.junit.internal.runners.statements.FailOnTimeout$CallableStatement.call(FailOnTimeout.java:298)
	at org.junit.internal.runners.statements.FailOnTimeout$CallableStatement.call(FailOnTimeout.java:292)
	at java.util.concurrent.FutureTask.run(FutureTask.java:266)
	at java.lang.Thread.run(Thread.java:748)
27) test109(org.apache.commons.cli.HelpFormatter_ESTest)
java.lang.NegativeArraySizeException
	at java.lang.AbstractStringBuilder.<init>(AbstractStringBuilder.java:68)
	at java.lang.StringBuffer.<init>(StringBuffer.java:128)
	at org.apache.commons.cli.HelpFormatter.createPadding(HelpFormatter.java:956)
	at org.apache.commons.cli.HelpFormatter_ESTest.test109(HelpFormatter_ESTest.java:2043)
	at sun.reflect.NativeMethodAccessorImpl.invoke0(Native Method)
	at sun.reflect.NativeMethodAccessorImpl.invoke(NativeMethodAccessorImpl.java:62)
	at sun.reflect.DelegatingMethodAccessorImpl.invoke(DelegatingMethodAccessorImpl.java:43)
	at java.lang.reflect.Method.invoke(Method.java:498)
	at org.junit.runners.model.FrameworkMethod$1.runReflectiveCall(FrameworkMethod.java:50)
	at org.junit.internal.runners.model.ReflectiveCallable.run(ReflectiveCallable.java:12)
	at org.junit.runners.model.FrameworkMethod.invokeExplosively(FrameworkMethod.java:47)
	at org.junit.internal.runners.statements.InvokeMethod.evaluate(InvokeMethod.java:17)
	at org.junit.internal.runners.statements.FailOnTimeout$CallableStatement.call(FailOnTimeout.java:298)
	at org.junit.internal.runners.statements.FailOnTimeout$CallableStatement.call(FailOnTimeout.java:292)
	at java.util.concurrent.FutureTask.run(FutureTask.java:266)
	at java.lang.Thread.run(Thread.java:748)
28) test068(org.apache.commons.cli.HelpFormatter_ESTest)
java.lang.NullPointerException
	at org.apache.commons.cli.HelpFormatter.printWrapped(HelpFormatter.java:727)
	at org.apache.commons.cli.HelpFormatter.printWrapped(HelpFormatter.java:711)
	at org.apache.commons.cli.HelpFormatter_ESTest.test068(HelpFormatter_ESTest.java:1264)
	at sun.reflect.NativeMethodAccessorImpl.invoke0(Native Method)
	at sun.reflect.NativeMethodAccessorImpl.invoke(NativeMethodAccessorImpl.java:62)
	at sun.reflect.DelegatingMethodAccessorImpl.invoke(DelegatingMethodAccessorImpl.java:43)
	at java.lang.reflect.Method.invoke(Method.java:498)
	at org.junit.runners.model.FrameworkMethod$1.runReflectiveCall(FrameworkMethod.java:50)
	at org.junit.internal.runners.model.ReflectiveCallable.run(ReflectiveCallable.java:12)
	at org.junit.runners.model.FrameworkMethod.invokeExplosively(FrameworkMethod.java:47)
	at org.junit.internal.runners.statements.InvokeMethod.evaluate(InvokeMethod.java:17)
	at org.junit.internal.runners.statements.FailOnTimeout$CallableStatement.call(FailOnTimeout.java:298)
	at org.junit.internal.runners.statements.FailOnTimeout$CallableStatement.call(FailOnTimeout.java:292)
	at java.util.concurrent.FutureTask.run(FutureTask.java:266)
	at java.lang.Thread.run(Thread.java:748)
29) test101(org.apache.commons.cli.HelpFormatter_ESTest)
java.io.UnsupportedEncodingException:    
	at org.evosuite.runtime.mock.java.io.MockPrintWriter.toCharset(MockPrintWriter.java:122)
	at org.evosuite.runtime.mock.java.io.MockPrintWriter.<init>(MockPrintWriter.java:87)
	at org.apache.commons.cli.HelpFormatter_ESTest.test101(HelpFormatter_ESTest.java:1896)
	at sun.reflect.NativeMethodAccessorImpl.invoke0(Native Method)
	at sun.reflect.NativeMethodAccessorImpl.invoke(NativeMethodAccessorImpl.java:62)
	at sun.reflect.DelegatingMethodAccessorImpl.invoke(DelegatingMethodAccessorImpl.java:43)
	at java.lang.reflect.Method.invoke(Method.java:498)
	at org.junit.runners.model.FrameworkMethod$1.runReflectiveCall(FrameworkMethod.java:50)
	at org.junit.internal.runners.model.ReflectiveCallable.run(ReflectiveCallable.java:12)
	at org.junit.runners.model.FrameworkMethod.invokeExplosively(FrameworkMethod.java:47)
	at org.junit.internal.runners.statements.InvokeMethod.evaluate(InvokeMethod.java:17)
	at org.junit.internal.runners.statements.FailOnTimeout$CallableStatement.call(FailOnTimeout.java:298)
	at org.junit.internal.runners.statements.FailOnTimeout$CallableStatement.call(FailOnTimeout.java:292)
	at java.util.concurrent.FutureTask.run(FutureTask.java:266)
	at java.lang.Thread.run(Thread.java:748)
30) test069(org.apache.commons.cli.HelpFormatter_ESTest)
java.io.UnsupportedEncodingException: --
	at org.evosuite.runtime.mock.java.io.MockPrintWriter.toCharset(MockPrintWriter.java:122)
	at org.evosuite.runtime.mock.java.io.MockPrintWriter.<init>(MockPrintWriter.java:106)
	at org.apache.commons.cli.HelpFormatter_ESTest.test069(HelpFormatter_ESTest.java:1291)
	at sun.reflect.NativeMethodAccessorImpl.invoke0(Native Method)
	at sun.reflect.NativeMethodAccessorImpl.invoke(NativeMethodAccessorImpl.java:62)
	at sun.reflect.DelegatingMethodAccessorImpl.invoke(DelegatingMethodAccessorImpl.java:43)
	at java.lang.reflect.Method.invoke(Method.java:498)
	at org.junit.runners.model.FrameworkMethod$1.runReflectiveCall(FrameworkMethod.java:50)
	at org.junit.internal.runners.model.ReflectiveCallable.run(ReflectiveCallable.java:12)
	at org.junit.runners.model.FrameworkMethod.invokeExplosively(FrameworkMethod.java:47)
	at org.junit.internal.runners.statements.InvokeMethod.evaluate(InvokeMethod.java:17)
	at org.junit.internal.runners.statements.FailOnTimeout$CallableStatement.call(FailOnTimeout.java:298)
	at org.junit.internal.runners.statements.FailOnTimeout$CallableStatement.call(FailOnTimeout.java:292)
	at java.util.concurrent.FutureTask.run(FutureTask.java:266)
	at java.lang.Thread.run(Thread.java:748)
31) test103(org.apache.commons.cli.HelpFormatter_ESTest)
org.evosuite.runtime.mock.java.lang.MockIllegalArgumentException: cmdLineSyntax not provided
	at org.apache.commons.cli.HelpFormatter.printHelp(HelpFormatter.java:504)
	at org.apache.commons.cli.HelpFormatter.printHelp(HelpFormatter.java:450)
	at org.apache.commons.cli.HelpFormatter.printHelp(HelpFormatter.java:413)
	at org.apache.commons.cli.HelpFormatter.printHelp(HelpFormatter.java:396)
	at org.apache.commons.cli.HelpFormatter_ESTest.test103(HelpFormatter_ESTest.java:1923)
	at sun.reflect.NativeMethodAccessorImpl.invoke0(Native Method)
	at sun.reflect.NativeMethodAccessorImpl.invoke(NativeMethodAccessorImpl.java:62)
	at sun.reflect.DelegatingMethodAccessorImpl.invoke(DelegatingMethodAccessorImpl.java:43)
	at java.lang.reflect.Method.invoke(Method.java:498)
	at org.junit.runners.model.FrameworkMethod$1.runReflectiveCall(FrameworkMethod.java:50)
	at org.junit.internal.runners.model.ReflectiveCallable.run(ReflectiveCallable.java:12)
	at org.junit.runners.model.FrameworkMethod.invokeExplosively(FrameworkMethod.java:47)
	at org.junit.internal.runners.statements.InvokeMethod.evaluate(InvokeMethod.java:17)
	at org.junit.internal.runners.statements.FailOnTimeout$CallableStatement.call(FailOnTimeout.java:298)
	at org.junit.internal.runners.statements.FailOnTimeout$CallableStatement.call(FailOnTimeout.java:292)
	at java.util.concurrent.FutureTask.run(FutureTask.java:266)
	at java.lang.Thread.run(Thread.java:748)
32) test104(org.apache.commons.cli.HelpFormatter_ESTest)
java.lang.NullPointerException
	at org.apache.commons.cli.HelpFormatter.printUsage(HelpFormatter.java:548)
	at org.apache.commons.cli.HelpFormatter.printHelp(HelpFormatter.java:509)
	at org.apache.commons.cli.HelpFormatter_ESTest.test104(HelpFormatter_ESTest.java:1946)
	at sun.reflect.NativeMethodAccessorImpl.invoke0(Native Method)
	at sun.reflect.NativeMethodAccessorImpl.invoke(NativeMethodAccessorImpl.java:62)
	at sun.reflect.DelegatingMethodAccessorImpl.invoke(DelegatingMethodAccessorImpl.java:43)
	at java.lang.reflect.Method.invoke(Method.java:498)
	at org.junit.runners.model.FrameworkMethod$1.runReflectiveCall(FrameworkMethod.java:50)
	at org.junit.internal.runners.model.ReflectiveCallable.run(ReflectiveCallable.java:12)
	at org.junit.runners.model.FrameworkMethod.invokeExplosively(FrameworkMethod.java:47)
	at org.junit.internal.runners.statements.InvokeMethod.evaluate(InvokeMethod.java:17)
	at org.junit.internal.runners.statements.FailOnTimeout$CallableStatement.call(FailOnTimeout.java:298)
	at org.junit.internal.runners.statements.FailOnTimeout$CallableStatement.call(FailOnTimeout.java:292)
	at java.util.concurrent.FutureTask.run(FutureTask.java:266)
	at java.lang.Thread.run(Thread.java:748)
33) test105(org.apache.commons.cli.HelpFormatter_ESTest)
java.lang.NullPointerException
	at org.apache.commons.cli.HelpFormatter.renderOptions(HelpFormatter.java:759)
	at org.apache.commons.cli.HelpFormatter.printOptions(HelpFormatter.java:698)
	at org.apache.commons.cli.HelpFormatter.printHelp(HelpFormatter.java:521)
	at org.apache.commons.cli.HelpFormatter.printHelp(HelpFormatter.java:450)
	at org.apache.commons.cli.HelpFormatter.printHelp(HelpFormatter.java:381)
	at org.apache.commons.cli.HelpFormatter_ESTest.test105(HelpFormatter_ESTest.java:1968)
	at sun.reflect.NativeMethodAccessorImpl.invoke0(Native Method)
	at sun.reflect.NativeMethodAccessorImpl.invoke(NativeMethodAccessorImpl.java:62)
	at sun.reflect.DelegatingMethodAccessorImpl.invoke(DelegatingMethodAccessorImpl.java:43)
	at java.lang.reflect.Method.invoke(Method.java:498)
	at org.junit.runners.model.FrameworkMethod$1.runReflectiveCall(FrameworkMethod.java:50)
	at org.junit.internal.runners.model.ReflectiveCallable.run(ReflectiveCallable.java:12)
	at org.junit.runners.model.FrameworkMethod.invokeExplosively(FrameworkMethod.java:47)
	at org.junit.internal.runners.statements.InvokeMethod.evaluate(InvokeMethod.java:17)
	at org.junit.internal.runners.statements.FailOnTimeout$CallableStatement.call(FailOnTimeout.java:298)
	at org.junit.internal.runners.statements.FailOnTimeout$CallableStatement.call(FailOnTimeout.java:292)
	at java.util.concurrent.FutureTask.run(FutureTask.java:266)
	at java.lang.Thread.run(Thread.java:748)
34) test106(org.apache.commons.cli.HelpFormatter_ESTest)
org.evosuite.runtime.mock.java.lang.MockIllegalArgumentException: cmdLineSyntax not provided
	at org.apache.commons.cli.HelpFormatter.printHelp(HelpFormatter.java:504)
	at org.apache.commons.cli.HelpFormatter.printHelp(HelpFormatter.java:450)
	at org.apache.commons.cli.HelpFormatter.printHelp(HelpFormatter.java:413)
	at org.apache.commons.cli.HelpFormatter_ESTest.test106(HelpFormatter_ESTest.java:1997)
	at sun.reflect.NativeMethodAccessorImpl.invoke0(Native Method)
	at sun.reflect.NativeMethodAccessorImpl.invoke(NativeMethodAccessorImpl.java:62)
	at sun.reflect.DelegatingMethodAccessorImpl.invoke(DelegatingMethodAccessorImpl.java:43)
	at java.lang.reflect.Method.invoke(Method.java:498)
	at org.junit.runners.model.FrameworkMethod$1.runReflectiveCall(FrameworkMethod.java:50)
	at org.junit.internal.runners.model.ReflectiveCallable.run(ReflectiveCallable.java:12)
	at org.junit.runners.model.FrameworkMethod.invokeExplosively(FrameworkMethod.java:47)
	at org.junit.internal.runners.statements.InvokeMethod.evaluate(InvokeMethod.java:17)
	at org.junit.internal.runners.statements.FailOnTimeout$CallableStatement.call(FailOnTimeout.java:298)
	at org.junit.internal.runners.statements.FailOnTimeout$CallableStatement.call(FailOnTimeout.java:292)
	at java.util.concurrent.FutureTask.run(FutureTask.java:266)
	at java.lang.Thread.run(Thread.java:748)
35) test107(org.apache.commons.cli.HelpFormatter_ESTest)
org.evosuite.runtime.mock.java.lang.MockIllegalArgumentException: cmdLineSyntax not provided
	at org.apache.commons.cli.HelpFormatter.printHelp(HelpFormatter.java:504)
	at org.apache.commons.cli.HelpFormatter.printHelp(HelpFormatter.java:450)
	at org.apache.commons.cli.HelpFormatter.printHelp(HelpFormatter.java:413)
	at org.apache.commons.cli.HelpFormatter.printHelp(HelpFormatter.java:396)
	at org.apache.commons.cli.HelpFormatter_ESTest.test107(HelpFormatter_ESTest.java:2016)
	at sun.reflect.NativeMethodAccessorImpl.invoke0(Native Method)
	at sun.reflect.NativeMethodAccessorImpl.invoke(NativeMethodAccessorImpl.java:62)
	at sun.reflect.DelegatingMethodAccessorImpl.invoke(DelegatingMethodAccessorImpl.java:43)
	at java.lang.reflect.Method.invoke(Method.java:498)
	at org.junit.runners.model.FrameworkMethod$1.runReflectiveCall(FrameworkMethod.java:50)
	at org.junit.internal.runners.model.ReflectiveCallable.run(ReflectiveCallable.java:12)
	at org.junit.runners.model.FrameworkMethod.invokeExplosively(FrameworkMethod.java:47)
	at org.junit.internal.runners.statements.InvokeMethod.evaluate(InvokeMethod.java:17)
	at org.junit.internal.runners.statements.FailOnTimeout$CallableStatement.call(FailOnTimeout.java:298)
	at org.junit.internal.runners.statements.FailOnTimeout$CallableStatement.call(FailOnTimeout.java:292)
	at java.util.concurrent.FutureTask.run(FutureTask.java:266)
	at java.lang.Thread.run(Thread.java:748)
36) test071(org.apache.commons.cli.HelpFormatter_ESTest)
java.lang.StringIndexOutOfBoundsException: String index out of range: 2
	at java.lang.String.charAt(String.java:658)
	at org.apache.commons.cli.HelpFormatter.findWrapPos(HelpFormatter.java:939)
	at org.apache.commons.cli.HelpFormatter.renderWrappedText(HelpFormatter.java:847)
	at org.apache.commons.cli.HelpFormatter.printWrapped(HelpFormatter.java:726)
	at org.apache.commons.cli.HelpFormatter.printWrapped(HelpFormatter.java:711)
	at org.apache.commons.cli.HelpFormatter_ESTest.test071(HelpFormatter_ESTest.java:1331)
	at sun.reflect.NativeMethodAccessorImpl.invoke0(Native Method)
	at sun.reflect.NativeMethodAccessorImpl.invoke(NativeMethodAccessorImpl.java:62)
	at sun.reflect.DelegatingMethodAccessorImpl.invoke(DelegatingMethodAccessorImpl.java:43)
	at java.lang.reflect.Method.invoke(Method.java:498)
	at org.junit.runners.model.FrameworkMethod$1.runReflectiveCall(FrameworkMethod.java:50)
	at org.junit.internal.runners.model.ReflectiveCallable.run(ReflectiveCallable.java:12)
	at org.junit.runners.model.FrameworkMethod.invokeExplosively(FrameworkMethod.java:47)
	at org.junit.internal.runners.statements.InvokeMethod.evaluate(InvokeMethod.java:17)
	at org.junit.internal.runners.statements.FailOnTimeout$CallableStatement.call(FailOnTimeout.java:298)
	at org.junit.internal.runners.statements.FailOnTimeout$CallableStatement.call(FailOnTimeout.java:292)
	at java.util.concurrent.FutureTask.run(FutureTask.java:266)
	at java.lang.Thread.run(Thread.java:748)
37) test072(org.apache.commons.cli.HelpFormatter_ESTest)
org.evosuite.runtime.mock.java.lang.MockIllegalArgumentException: cmdLineSyntax not provided
	at org.apache.commons.cli.HelpFormatter.printHelp(HelpFormatter.java:504)
	at org.apache.commons.cli.HelpFormatter.printHelp(HelpFormatter.java:450)
	at org.apache.commons.cli.HelpFormatter.printHelp(HelpFormatter.java:381)
	at org.apache.commons.cli.HelpFormatter_ESTest.test072(HelpFormatter_ESTest.java:1353)
	at sun.reflect.NativeMethodAccessorImpl.invoke0(Native Method)
	at sun.reflect.NativeMethodAccessorImpl.invoke(NativeMethodAccessorImpl.java:62)
	at sun.reflect.DelegatingMethodAccessorImpl.invoke(DelegatingMethodAccessorImpl.java:43)
	at java.lang.reflect.Method.invoke(Method.java:498)
	at org.junit.runners.model.FrameworkMethod$1.runReflectiveCall(FrameworkMethod.java:50)
	at org.junit.internal.runners.model.ReflectiveCallable.run(ReflectiveCallable.java:12)
	at org.junit.runners.model.FrameworkMethod.invokeExplosively(FrameworkMethod.java:47)
	at org.junit.internal.runners.statements.InvokeMethod.evaluate(InvokeMethod.java:17)
	at org.junit.internal.runners.statements.FailOnTimeout$CallableStatement.call(FailOnTimeout.java:298)
	at org.junit.internal.runners.statements.FailOnTimeout$CallableStatement.call(FailOnTimeout.java:292)
	at java.util.concurrent.FutureTask.run(FutureTask.java:266)
	at java.lang.Thread.run(Thread.java:748)
38) test074(org.apache.commons.cli.HelpFormatter_ESTest)
java.lang.StringIndexOutOfBoundsException: String index out of range: 8
	at java.lang.String.charAt(String.java:658)
	at org.apache.commons.cli.HelpFormatter.findWrapPos(HelpFormatter.java:939)
	at org.apache.commons.cli.HelpFormatter.renderWrappedText(HelpFormatter.java:870)
	at org.apache.commons.cli.HelpFormatter.printWrapped(HelpFormatter.java:726)
	at org.apache.commons.cli.HelpFormatter.printUsage(HelpFormatter.java:678)
	at org.apache.commons.cli.HelpFormatter.printHelp(HelpFormatter.java:513)
	at org.apache.commons.cli.HelpFormatter.printHelp(HelpFormatter.java:475)
	at org.apache.commons.cli.HelpFormatter_ESTest.test074(HelpFormatter_ESTest.java:1384)
	at sun.reflect.NativeMethodAccessorImpl.invoke0(Native Method)
	at sun.reflect.NativeMethodAccessorImpl.invoke(NativeMethodAccessorImpl.java:62)
	at sun.reflect.DelegatingMethodAccessorImpl.invoke(DelegatingMethodAccessorImpl.java:43)
	at java.lang.reflect.Method.invoke(Method.java:498)
	at org.junit.runners.model.FrameworkMethod$1.runReflectiveCall(FrameworkMethod.java:50)
	at org.junit.internal.runners.model.ReflectiveCallable.run(ReflectiveCallable.java:12)
	at org.junit.runners.model.FrameworkMethod.invokeExplosively(FrameworkMethod.java:47)
	at org.junit.internal.runners.statements.InvokeMethod.evaluate(InvokeMethod.java:17)
	at org.junit.internal.runners.statements.FailOnTimeout$CallableStatement.call(FailOnTimeout.java:298)
	at org.junit.internal.runners.statements.FailOnTimeout$CallableStatement.call(FailOnTimeout.java:292)
	at java.util.concurrent.FutureTask.run(FutureTask.java:266)
	at java.lang.Thread.run(Thread.java:748)
39) test075(org.apache.commons.cli.HelpFormatter_ESTest)
org.evosuite.runtime.mock.java.lang.MockIllegalArgumentException: cmdLineSyntax not provided
	at org.apache.commons.cli.HelpFormatter.printHelp(HelpFormatter.java:504)
	at org.apache.commons.cli.HelpFormatter_ESTest.test075(HelpFormatter_ESTest.java:1400)
	at sun.reflect.NativeMethodAccessorImpl.invoke0(Native Method)
	at sun.reflect.NativeMethodAccessorImpl.invoke(NativeMethodAccessorImpl.java:62)
	at sun.reflect.DelegatingMethodAccessorImpl.invoke(DelegatingMethodAccessorImpl.java:43)
	at java.lang.reflect.Method.invoke(Method.java:498)
	at org.junit.runners.model.FrameworkMethod$1.runReflectiveCall(FrameworkMethod.java:50)
	at org.junit.internal.runners.model.ReflectiveCallable.run(ReflectiveCallable.java:12)
	at org.junit.runners.model.FrameworkMethod.invokeExplosively(FrameworkMethod.java:47)
	at org.junit.internal.runners.statements.InvokeMethod.evaluate(InvokeMethod.java:17)
	at org.junit.internal.runners.statements.FailOnTimeout$CallableStatement.call(FailOnTimeout.java:298)
	at org.junit.internal.runners.statements.FailOnTimeout$CallableStatement.call(FailOnTimeout.java:292)
	at java.util.concurrent.FutureTask.run(FutureTask.java:266)
	at java.lang.Thread.run(Thread.java:748)
40) test077(org.apache.commons.cli.HelpFormatter_ESTest)
org.evosuite.runtime.mock.java.lang.MockIllegalArgumentException: cmdLineSyntax not provided
	at org.apache.commons.cli.HelpFormatter.printHelp(HelpFormatter.java:504)
	at org.apache.commons.cli.HelpFormatter_ESTest.test077(HelpFormatter_ESTest.java:1430)
	at sun.reflect.NativeMethodAccessorImpl.invoke0(Native Method)
	at sun.reflect.NativeMethodAccessorImpl.invoke(NativeMethodAccessorImpl.java:62)
	at sun.reflect.DelegatingMethodAccessorImpl.invoke(DelegatingMethodAccessorImpl.java:43)
	at java.lang.reflect.Method.invoke(Method.java:498)
	at org.junit.runners.model.FrameworkMethod$1.runReflectiveCall(FrameworkMethod.java:50)
	at org.junit.internal.runners.model.ReflectiveCallable.run(ReflectiveCallable.java:12)
	at org.junit.runners.model.FrameworkMethod.invokeExplosively(FrameworkMethod.java:47)
	at org.junit.internal.runners.statements.InvokeMethod.evaluate(InvokeMethod.java:17)
	at org.junit.internal.runners.statements.FailOnTimeout$CallableStatement.call(FailOnTimeout.java:298)
	at org.junit.internal.runners.statements.FailOnTimeout$CallableStatement.call(FailOnTimeout.java:292)
	at java.util.concurrent.FutureTask.run(FutureTask.java:266)
	at java.lang.Thread.run(Thread.java:748)
41) test110(org.apache.commons.cli.HelpFormatter_ESTest)
java.lang.StringIndexOutOfBoundsException: String index out of range: 13
	at java.lang.String.charAt(String.java:658)
	at org.apache.commons.cli.HelpFormatter.findWrapPos(HelpFormatter.java:939)
	at org.apache.commons.cli.HelpFormatter.renderWrappedText(HelpFormatter.java:847)
	at org.apache.commons.cli.HelpFormatter.printWrapped(HelpFormatter.java:726)
	at org.apache.commons.cli.HelpFormatter_ESTest.test110(HelpFormatter_ESTest.java:2062)
	at sun.reflect.NativeMethodAccessorImpl.invoke0(Native Method)
	at sun.reflect.NativeMethodAccessorImpl.invoke(NativeMethodAccessorImpl.java:62)
	at sun.reflect.DelegatingMethodAccessorImpl.invoke(DelegatingMethodAccessorImpl.java:43)
	at java.lang.reflect.Method.invoke(Method.java:498)
	at org.junit.runners.model.FrameworkMethod$1.runReflectiveCall(FrameworkMethod.java:50)
	at org.junit.internal.runners.model.ReflectiveCallable.run(ReflectiveCallable.java:12)
	at org.junit.runners.model.FrameworkMethod.invokeExplosively(FrameworkMethod.java:47)
	at org.junit.internal.runners.statements.InvokeMethod.evaluate(InvokeMethod.java:17)
	at org.junit.internal.runners.statements.FailOnTimeout$CallableStatement.call(FailOnTimeout.java:298)
	at org.junit.internal.runners.statements.FailOnTimeout$CallableStatement.call(FailOnTimeout.java:292)
	at java.util.concurrent.FutureTask.run(FutureTask.java:266)
	at java.lang.Thread.run(Thread.java:748)
42) test078(org.apache.commons.cli.HelpFormatter_ESTest)
java.lang.NullPointerException
	at org.apache.commons.cli.Options.addOptionGroup(Options.java:71)
	at org.apache.commons.cli.HelpFormatter_ESTest.test078(HelpFormatter_ESTest.java:1459)
	at sun.reflect.NativeMethodAccessorImpl.invoke0(Native Method)
	at sun.reflect.NativeMethodAccessorImpl.invoke(NativeMethodAccessorImpl.java:62)
	at sun.reflect.DelegatingMethodAccessorImpl.invoke(DelegatingMethodAccessorImpl.java:43)
	at java.lang.reflect.Method.invoke(Method.java:498)
	at org.junit.runners.model.FrameworkMethod$1.runReflectiveCall(FrameworkMethod.java:50)
	at org.junit.internal.runners.model.ReflectiveCallable.run(ReflectiveCallable.java:12)
	at org.junit.runners.model.FrameworkMethod.invokeExplosively(FrameworkMethod.java:47)
	at org.junit.internal.runners.statements.InvokeMethod.evaluate(InvokeMethod.java:17)
	at org.junit.internal.runners.statements.FailOnTimeout$CallableStatement.call(FailOnTimeout.java:298)
	at org.junit.internal.runners.statements.FailOnTimeout$CallableStatement.call(FailOnTimeout.java:292)
	at java.util.concurrent.FutureTask.run(FutureTask.java:266)
	at java.lang.Thread.run(Thread.java:748)
43) test070(org.apache.commons.cli.HelpFormatter_ESTest)
java.lang.StringIndexOutOfBoundsException: String index out of range: 20
	at java.lang.String.charAt(String.java:658)
	at org.apache.commons.cli.HelpFormatter.findWrapPos(HelpFormatter.java:939)
	at org.apache.commons.cli.HelpFormatter.renderWrappedText(HelpFormatter.java:870)
	at org.apache.commons.cli.HelpFormatter.printWrapped(HelpFormatter.java:726)
	at org.apache.commons.cli.HelpFormatter.printUsage(HelpFormatter.java:678)
	at org.apache.commons.cli.HelpFormatter.printHelp(HelpFormatter.java:513)
	at org.apache.commons.cli.HelpFormatter.printHelp(HelpFormatter.java:450)
	at org.apache.commons.cli.HelpFormatter_ESTest.test070(HelpFormatter_ESTest.java:1313)
	at sun.reflect.NativeMethodAccessorImpl.invoke0(Native Method)
	at sun.reflect.NativeMethodAccessorImpl.invoke(NativeMethodAccessorImpl.java:62)
	at sun.reflect.DelegatingMethodAccessorImpl.invoke(DelegatingMethodAccessorImpl.java:43)
	at java.lang.reflect.Method.invoke(Method.java:498)
	at org.junit.runners.model.FrameworkMethod$1.runReflectiveCall(FrameworkMethod.java:50)
	at org.junit.internal.runners.model.ReflectiveCallable.run(ReflectiveCallable.java:12)
	at org.junit.runners.model.FrameworkMethod.invokeExplosively(FrameworkMethod.java:47)
	at org.junit.internal.runners.statements.InvokeMethod.evaluate(InvokeMethod.java:17)
	at org.junit.internal.runners.statements.FailOnTimeout$CallableStatement.call(FailOnTimeout.java:298)
	at org.junit.internal.runners.statements.FailOnTimeout$CallableStatement.call(FailOnTimeout.java:292)
	at java.util.concurrent.FutureTask.run(FutureTask.java:266)
	at java.lang.Thread.run(Thread.java:748)
44) test057(org.apache.commons.cli.HelpFormatter_ESTest)
java.lang.NegativeArraySizeException
	at java.lang.AbstractStringBuilder.<init>(AbstractStringBuilder.java:68)
	at java.lang.StringBuffer.<init>(StringBuffer.java:128)
	at org.apache.commons.cli.HelpFormatter.createPadding(HelpFormatter.java:956)
	at org.apache.commons.cli.HelpFormatter.renderOptions(HelpFormatter.java:748)
	at org.apache.commons.cli.HelpFormatter.printOptions(HelpFormatter.java:698)
	at org.apache.commons.cli.HelpFormatter_ESTest.test057(HelpFormatter_ESTest.java:1062)
	at sun.reflect.NativeMethodAccessorImpl.invoke0(Native Method)
	at sun.reflect.NativeMethodAccessorImpl.invoke(NativeMethodAccessorImpl.java:62)
	at sun.reflect.DelegatingMethodAccessorImpl.invoke(DelegatingMethodAccessorImpl.java:43)
	at java.lang.reflect.Method.invoke(Method.java:498)
	at org.junit.runners.model.FrameworkMethod$1.runReflectiveCall(FrameworkMethod.java:50)
	at org.junit.internal.runners.model.ReflectiveCallable.run(ReflectiveCallable.java:12)
	at org.junit.runners.model.FrameworkMethod.invokeExplosively(FrameworkMethod.java:47)
	at org.junit.internal.runners.statements.InvokeMethod.evaluate(InvokeMethod.java:17)
	at org.junit.internal.runners.statements.FailOnTimeout$CallableStatement.call(FailOnTimeout.java:298)
	at org.junit.internal.runners.statements.FailOnTimeout$CallableStatement.call(FailOnTimeout.java:292)
	at java.util.concurrent.FutureTask.run(FutureTask.java:266)
	at java.lang.Thread.run(Thread.java:748)
45) test059(org.apache.commons.cli.HelpFormatter_ESTest)
java.lang.StringIndexOutOfBoundsException: String index out of range: 7
	at java.lang.String.charAt(String.java:658)
	at org.apache.commons.cli.HelpFormatter.findWrapPos(HelpFormatter.java:939)
	at org.apache.commons.cli.HelpFormatter.renderWrappedText(HelpFormatter.java:870)
	at org.apache.commons.cli.HelpFormatter.printWrapped(HelpFormatter.java:726)
	at org.apache.commons.cli.HelpFormatter.printUsage(HelpFormatter.java:678)
	at org.apache.commons.cli.HelpFormatter.printHelp(HelpFormatter.java:513)
	at org.apache.commons.cli.HelpFormatter_ESTest.test059(HelpFormatter_ESTest.java:1092)
	at sun.reflect.NativeMethodAccessorImpl.invoke0(Native Method)
	at sun.reflect.NativeMethodAccessorImpl.invoke(NativeMethodAccessorImpl.java:62)
	at sun.reflect.DelegatingMethodAccessorImpl.invoke(DelegatingMethodAccessorImpl.java:43)
	at java.lang.reflect.Method.invoke(Method.java:498)
	at org.junit.runners.model.FrameworkMethod$1.runReflectiveCall(FrameworkMethod.java:50)
	at org.junit.internal.runners.model.ReflectiveCallable.run(ReflectiveCallable.java:12)
	at org.junit.runners.model.FrameworkMethod.invokeExplosively(FrameworkMethod.java:47)
	at org.junit.internal.runners.statements.InvokeMethod.evaluate(InvokeMethod.java:17)
	at org.junit.internal.runners.statements.FailOnTimeout$CallableStatement.call(FailOnTimeout.java:298)
	at org.junit.internal.runners.statements.FailOnTimeout$CallableStatement.call(FailOnTimeout.java:292)
	at java.util.concurrent.FutureTask.run(FutureTask.java:266)
	at java.lang.Thread.run(Thread.java:748)
46) test060(org.apache.commons.cli.HelpFormatter_ESTest)
org.evosuite.runtime.mock.java.lang.MockIllegalArgumentException: cmdLineSyntax not provided
	at org.apache.commons.cli.HelpFormatter.printHelp(HelpFormatter.java:504)
	at org.apache.commons.cli.HelpFormatter.printHelp(HelpFormatter.java:450)
	at org.apache.commons.cli.HelpFormatter.printHelp(HelpFormatter.java:413)
	at org.apache.commons.cli.HelpFormatter.printHelp(HelpFormatter.java:396)
	at org.apache.commons.cli.HelpFormatter_ESTest.test060(HelpFormatter_ESTest.java:1116)
	at sun.reflect.NativeMethodAccessorImpl.invoke0(Native Method)
	at sun.reflect.NativeMethodAccessorImpl.invoke(NativeMethodAccessorImpl.java:62)
	at sun.reflect.DelegatingMethodAccessorImpl.invoke(DelegatingMethodAccessorImpl.java:43)
	at java.lang.reflect.Method.invoke(Method.java:498)
	at org.junit.runners.model.FrameworkMethod$1.runReflectiveCall(FrameworkMethod.java:50)
	at org.junit.internal.runners.model.ReflectiveCallable.run(ReflectiveCallable.java:12)
	at org.junit.runners.model.FrameworkMethod.invokeExplosively(FrameworkMethod.java:47)
	at org.junit.internal.runners.statements.InvokeMethod.evaluate(InvokeMethod.java:17)
	at org.junit.internal.runners.statements.FailOnTimeout$CallableStatement.call(FailOnTimeout.java:298)
	at org.junit.internal.runners.statements.FailOnTimeout$CallableStatement.call(FailOnTimeout.java:292)
	at java.util.concurrent.FutureTask.run(FutureTask.java:266)
	at java.lang.Thread.run(Thread.java:748)
47) test061(org.apache.commons.cli.HelpFormatter_ESTest)
org.evosuite.runtime.mock.java.lang.MockIllegalArgumentException: cmdLineSyntax not provided
	at org.apache.commons.cli.HelpFormatter.printHelp(HelpFormatter.java:504)
	at org.apache.commons.cli.HelpFormatter.printHelp(HelpFormatter.java:475)
	at org.apache.commons.cli.HelpFormatter_ESTest.test061(HelpFormatter_ESTest.java:1140)
	at sun.reflect.NativeMethodAccessorImpl.invoke0(Native Method)
	at sun.reflect.NativeMethodAccessorImpl.invoke(NativeMethodAccessorImpl.java:62)
	at sun.reflect.DelegatingMethodAccessorImpl.invoke(DelegatingMethodAccessorImpl.java:43)
	at java.lang.reflect.Method.invoke(Method.java:498)
	at org.junit.runners.model.FrameworkMethod$1.runReflectiveCall(FrameworkMethod.java:50)
	at org.junit.internal.runners.model.ReflectiveCallable.run(ReflectiveCallable.java:12)
	at org.junit.runners.model.FrameworkMethod.invokeExplosively(FrameworkMethod.java:47)
	at org.junit.internal.runners.statements.InvokeMethod.evaluate(InvokeMethod.java:17)
	at org.junit.internal.runners.statements.FailOnTimeout$CallableStatement.call(FailOnTimeout.java:298)
	at org.junit.internal.runners.statements.FailOnTimeout$CallableStatement.call(FailOnTimeout.java:292)
	at java.util.concurrent.FutureTask.run(FutureTask.java:266)
	at java.lang.Thread.run(Thread.java:748)
48) test062(org.apache.commons.cli.HelpFormatter_ESTest)
java.lang.NegativeArraySizeException
	at java.lang.AbstractStringBuilder.<init>(AbstractStringBuilder.java:68)
	at java.lang.StringBuffer.<init>(StringBuffer.java:128)
	at org.apache.commons.cli.HelpFormatter.createPadding(HelpFormatter.java:956)
	at org.apache.commons.cli.HelpFormatter.renderOptions(HelpFormatter.java:749)
	at org.apache.commons.cli.HelpFormatter.printOptions(HelpFormatter.java:698)
	at org.apache.commons.cli.HelpFormatter.printHelp(HelpFormatter.java:521)
	at org.apache.commons.cli.HelpFormatter.printHelp(HelpFormatter.java:475)
	at org.apache.commons.cli.HelpFormatter_ESTest.test062(HelpFormatter_ESTest.java:1162)
	at sun.reflect.NativeMethodAccessorImpl.invoke0(Native Method)
	at sun.reflect.NativeMethodAccessorImpl.invoke(NativeMethodAccessorImpl.java:62)
	at sun.reflect.DelegatingMethodAccessorImpl.invoke(DelegatingMethodAccessorImpl.java:43)
	at java.lang.reflect.Method.invoke(Method.java:498)
	at org.junit.runners.model.FrameworkMethod$1.runReflectiveCall(FrameworkMethod.java:50)
	at org.junit.internal.runners.model.ReflectiveCallable.run(ReflectiveCallable.java:12)
	at org.junit.runners.model.FrameworkMethod.invokeExplosively(FrameworkMethod.java:47)
	at org.junit.internal.runners.statements.InvokeMethod.evaluate(InvokeMethod.java:17)
	at org.junit.internal.runners.statements.FailOnTimeout$CallableStatement.call(FailOnTimeout.java:298)
	at org.junit.internal.runners.statements.FailOnTimeout$CallableStatement.call(FailOnTimeout.java:292)
	at java.util.concurrent.FutureTask.run(FutureTask.java:266)
	at java.lang.Thread.run(Thread.java:748)
49) test064(org.apache.commons.cli.HelpFormatter_ESTest)
java.lang.NullPointerException
	at org.apache.commons.cli.HelpFormatter.renderOptions(HelpFormatter.java:759)
	at org.apache.commons.cli.HelpFormatter.printOptions(HelpFormatter.java:698)
	at org.apache.commons.cli.HelpFormatter.printHelp(HelpFormatter.java:521)
	at org.apache.commons.cli.HelpFormatter.printHelp(HelpFormatter.java:450)
	at org.apache.commons.cli.HelpFormatter.printHelp(HelpFormatter.java:413)
	at org.apache.commons.cli.HelpFormatter.printHelp(HelpFormatter.java:396)
	at org.apache.commons.cli.HelpFormatter_ESTest.test064(HelpFormatter_ESTest.java:1192)
	at sun.reflect.NativeMethodAccessorImpl.invoke0(Native Method)
	at sun.reflect.NativeMethodAccessorImpl.invoke(NativeMethodAccessorImpl.java:62)
	at sun.reflect.DelegatingMethodAccessorImpl.invoke(DelegatingMethodAccessorImpl.java:43)
	at java.lang.reflect.Method.invoke(Method.java:498)
	at org.junit.runners.model.FrameworkMethod$1.runReflectiveCall(FrameworkMethod.java:50)
	at org.junit.internal.runners.model.ReflectiveCallable.run(ReflectiveCallable.java:12)
	at org.junit.runners.model.FrameworkMethod.invokeExplosively(FrameworkMethod.java:47)
	at org.junit.internal.runners.statements.InvokeMethod.evaluate(InvokeMethod.java:17)
	at org.junit.internal.runners.statements.FailOnTimeout$CallableStatement.call(FailOnTimeout.java:298)
	at org.junit.internal.runners.statements.FailOnTimeout$CallableStatement.call(FailOnTimeout.java:292)
	at java.util.concurrent.FutureTask.run(FutureTask.java:266)
	at java.lang.Thread.run(Thread.java:748)
50) test065(org.apache.commons.cli.HelpFormatter_ESTest)
java.lang.NullPointerException
	at org.apache.commons.cli.HelpFormatter.printUsage(HelpFormatter.java:548)
	at org.apache.commons.cli.HelpFormatter_ESTest.test065(HelpFormatter_ESTest.java:1211)
	at sun.reflect.NativeMethodAccessorImpl.invoke0(Native Method)
	at sun.reflect.NativeMethodAccessorImpl.invoke(NativeMethodAccessorImpl.java:62)
	at sun.reflect.DelegatingMethodAccessorImpl.invoke(DelegatingMethodAccessorImpl.java:43)
	at java.lang.reflect.Method.invoke(Method.java:498)
	at org.junit.runners.model.FrameworkMethod$1.runReflectiveCall(FrameworkMethod.java:50)
	at org.junit.internal.runners.model.ReflectiveCallable.run(ReflectiveCallable.java:12)
	at org.junit.runners.model.FrameworkMethod.invokeExplosively(FrameworkMethod.java:47)
	at org.junit.internal.runners.statements.InvokeMethod.evaluate(InvokeMethod.java:17)
	at org.junit.internal.runners.statements.FailOnTimeout$CallableStatement.call(FailOnTimeout.java:298)
	at org.junit.internal.runners.statements.FailOnTimeout$CallableStatement.call(FailOnTimeout.java:292)
	at java.util.concurrent.FutureTask.run(FutureTask.java:266)
	at java.lang.Thread.run(Thread.java:748)
51) test066(org.apache.commons.cli.HelpFormatter_ESTest)
org.evosuite.runtime.mock.java.lang.MockIllegalArgumentException: cmdLineSyntax not provided
	at org.apache.commons.cli.HelpFormatter.printHelp(HelpFormatter.java:504)
	at org.apache.commons.cli.HelpFormatter.printHelp(HelpFormatter.java:450)
	at org.apache.commons.cli.HelpFormatter_ESTest.test066(HelpFormatter_ESTest.java:1234)
	at sun.reflect.NativeMethodAccessorImpl.invoke0(Native Method)
	at sun.reflect.NativeMethodAccessorImpl.invoke(NativeMethodAccessorImpl.java:62)
	at sun.reflect.DelegatingMethodAccessorImpl.invoke(DelegatingMethodAccessorImpl.java:43)
	at java.lang.reflect.Method.invoke(Method.java:498)
	at org.junit.runners.model.FrameworkMethod$1.runReflectiveCall(FrameworkMethod.java:50)
	at org.junit.internal.runners.model.ReflectiveCallable.run(ReflectiveCallable.java:12)
	at org.junit.runners.model.FrameworkMethod.invokeExplosively(FrameworkMethod.java:47)
	at org.junit.internal.runners.statements.InvokeMethod.evaluate(InvokeMethod.java:17)
	at org.junit.internal.runners.statements.FailOnTimeout$CallableStatement.call(FailOnTimeout.java:298)
	at org.junit.internal.runners.statements.FailOnTimeout$CallableStatement.call(FailOnTimeout.java:292)
	at java.util.concurrent.FutureTask.run(FutureTask.java:266)
	at java.lang.Thread.run(Thread.java:748)
52) test100(org.apache.commons.cli.HelpFormatter_ESTest)
java.lang.StringIndexOutOfBoundsException: String index out of range: -1705
	at java.lang.String.charAt(String.java:658)
	at org.apache.commons.cli.HelpFormatter.findWrapPos(HelpFormatter.java:939)
	at org.apache.commons.cli.HelpFormatter.renderWrappedText(HelpFormatter.java:847)
	at org.apache.commons.cli.HelpFormatter_ESTest.test100(HelpFormatter_ESTest.java:1882)
	at sun.reflect.NativeMethodAccessorImpl.invoke0(Native Method)
	at sun.reflect.NativeMethodAccessorImpl.invoke(NativeMethodAccessorImpl.java:62)
	at sun.reflect.DelegatingMethodAccessorImpl.invoke(DelegatingMethodAccessorImpl.java:43)
	at java.lang.reflect.Method.invoke(Method.java:498)
	at org.junit.runners.model.FrameworkMethod$1.runReflectiveCall(FrameworkMethod.java:50)
	at org.junit.internal.runners.model.ReflectiveCallable.run(ReflectiveCallable.java:12)
	at org.junit.runners.model.FrameworkMethod.invokeExplosively(FrameworkMethod.java:47)
	at org.junit.internal.runners.statements.InvokeMethod.evaluate(InvokeMethod.java:17)
	at org.junit.internal.runners.statements.FailOnTimeout$CallableStatement.call(FailOnTimeout.java:298)
	at org.junit.internal.runners.statements.FailOnTimeout$CallableStatement.call(FailOnTimeout.java:292)
	at java.util.concurrent.FutureTask.run(FutureTask.java:266)
	at java.lang.Thread.run(Thread.java:748)
53) test002(org.apache.commons.cli.HelpFormatter_ESTest)
java.lang.NegativeArraySizeException
	at java.lang.AbstractStringBuilder.<init>(AbstractStringBuilder.java:68)
	at java.lang.StringBuffer.<init>(StringBuffer.java:128)
	at org.apache.commons.cli.HelpFormatter.createPadding(HelpFormatter.java:956)
	at org.apache.commons.cli.HelpFormatter.renderWrappedText(HelpFormatter.java:865)
	at org.apache.commons.cli.HelpFormatter_ESTest.test002(HelpFormatter_ESTest.java:83)
	at sun.reflect.NativeMethodAccessorImpl.invoke0(Native Method)
	at sun.reflect.NativeMethodAccessorImpl.invoke(NativeMethodAccessorImpl.java:62)
	at sun.reflect.DelegatingMethodAccessorImpl.invoke(DelegatingMethodAccessorImpl.java:43)
	at java.lang.reflect.Method.invoke(Method.java:498)
	at org.junit.runners.model.FrameworkMethod$1.runReflectiveCall(FrameworkMethod.java:50)
	at org.junit.internal.runners.model.ReflectiveCallable.run(ReflectiveCallable.java:12)
	at org.junit.runners.model.FrameworkMethod.invokeExplosively(FrameworkMethod.java:47)
	at org.junit.internal.runners.statements.InvokeMethod.evaluate(InvokeMethod.java:17)
	at org.junit.internal.runners.statements.FailOnTimeout$CallableStatement.call(FailOnTimeout.java:298)
	at org.junit.internal.runners.statements.FailOnTimeout$CallableStatement.call(FailOnTimeout.java:292)
	at java.util.concurrent.FutureTask.run(FutureTask.java:266)
	at java.lang.Thread.run(Thread.java:748)
54) test004(org.apache.commons.cli.HelpFormatter_ESTest)
java.lang.NullPointerException
	at org.apache.commons.cli.HelpFormatter.renderOptions(HelpFormatter.java:759)
	at org.apache.commons.cli.HelpFormatter.printOptions(HelpFormatter.java:698)
	at org.apache.commons.cli.HelpFormatter.printHelp(HelpFormatter.java:521)
	at org.apache.commons.cli.HelpFormatter.printHelp(HelpFormatter.java:450)
	at org.apache.commons.cli.HelpFormatter.printHelp(HelpFormatter.java:429)
	at org.apache.commons.cli.HelpFormatter_ESTest.test004(HelpFormatter_ESTest.java:111)
	at sun.reflect.NativeMethodAccessorImpl.invoke0(Native Method)
	at sun.reflect.NativeMethodAccessorImpl.invoke(NativeMethodAccessorImpl.java:62)
	at sun.reflect.DelegatingMethodAccessorImpl.invoke(DelegatingMethodAccessorImpl.java:43)
	at java.lang.reflect.Method.invoke(Method.java:498)
	at org.junit.runners.model.FrameworkMethod$1.runReflectiveCall(FrameworkMethod.java:50)
	at org.junit.internal.runners.model.ReflectiveCallable.run(ReflectiveCallable.java:12)
	at org.junit.runners.model.FrameworkMethod.invokeExplosively(FrameworkMethod.java:47)
	at org.junit.internal.runners.statements.InvokeMethod.evaluate(InvokeMethod.java:17)
	at org.junit.internal.runners.statements.FailOnTimeout$CallableStatement.call(FailOnTimeout.java:298)
	at org.junit.internal.runners.statements.FailOnTimeout$CallableStatement.call(FailOnTimeout.java:292)
	at java.util.concurrent.FutureTask.run(FutureTask.java:266)
	at java.lang.Thread.run(Thread.java:748)
55) test005(org.apache.commons.cli.HelpFormatter_ESTest)
java.lang.StringIndexOutOfBoundsException: String index out of range: -319
	at java.lang.String.charAt(String.java:658)
	at org.apache.commons.cli.HelpFormatter.findWrapPos(HelpFormatter.java:939)
	at org.apache.commons.cli.HelpFormatter.renderWrappedText(HelpFormatter.java:847)
	at org.apache.commons.cli.HelpFormatter.renderOptions(HelpFormatter.java:822)
	at org.apache.commons.cli.HelpFormatter.printOptions(HelpFormatter.java:698)
	at org.apache.commons.cli.HelpFormatter_ESTest.test005(HelpFormatter_ESTest.java:134)
	at sun.reflect.NativeMethodAccessorImpl.invoke0(Native Method)
	at sun.reflect.NativeMethodAccessorImpl.invoke(NativeMethodAccessorImpl.java:62)
	at sun.reflect.DelegatingMethodAccessorImpl.invoke(DelegatingMethodAccessorImpl.java:43)
	at java.lang.reflect.Method.invoke(Method.java:498)
	at org.junit.runners.model.FrameworkMethod$1.runReflectiveCall(FrameworkMethod.java:50)
	at org.junit.internal.runners.model.ReflectiveCallable.run(ReflectiveCallable.java:12)
	at org.junit.runners.model.FrameworkMethod.invokeExplosively(FrameworkMethod.java:47)
	at org.junit.internal.runners.statements.InvokeMethod.evaluate(InvokeMethod.java:17)
	at org.junit.internal.runners.statements.FailOnTimeout$CallableStatement.call(FailOnTimeout.java:298)
	at org.junit.internal.runners.statements.FailOnTimeout$CallableStatement.call(FailOnTimeout.java:292)
	at java.util.concurrent.FutureTask.run(FutureTask.java:266)
	at java.lang.Thread.run(Thread.java:748)
56) test007(org.apache.commons.cli.HelpFormatter_ESTest)
java.lang.NegativeArraySizeException
	at java.lang.AbstractStringBuilder.<init>(AbstractStringBuilder.java:68)
	at java.lang.StringBuffer.<init>(StringBuffer.java:128)
	at org.apache.commons.cli.HelpFormatter.createPadding(HelpFormatter.java:956)
	at org.apache.commons.cli.HelpFormatter.renderOptions(HelpFormatter.java:749)
	at org.apache.commons.cli.HelpFormatter_ESTest.test007(HelpFormatter_ESTest.java:160)
	at sun.reflect.NativeMethodAccessorImpl.invoke0(Native Method)
	at sun.reflect.NativeMethodAccessorImpl.invoke(NativeMethodAccessorImpl.java:62)
	at sun.reflect.DelegatingMethodAccessorImpl.invoke(DelegatingMethodAccessorImpl.java:43)
	at java.lang.reflect.Method.invoke(Method.java:498)
	at org.junit.runners.model.FrameworkMethod$1.runReflectiveCall(FrameworkMethod.java:50)
	at org.junit.internal.runners.model.ReflectiveCallable.run(ReflectiveCallable.java:12)
	at org.junit.runners.model.FrameworkMethod.invokeExplosively(FrameworkMethod.java:47)
	at org.junit.internal.runners.statements.InvokeMethod.evaluate(InvokeMethod.java:17)
	at org.junit.internal.runners.statements.FailOnTimeout$CallableStatement.call(FailOnTimeout.java:298)
	at org.junit.internal.runners.statements.FailOnTimeout$CallableStatement.call(FailOnTimeout.java:292)
	at java.util.concurrent.FutureTask.run(FutureTask.java:266)
	at java.lang.Thread.run(Thread.java:748)
57) test008(org.apache.commons.cli.HelpFormatter_ESTest)
java.lang.NullPointerException
	at org.apache.commons.cli.HelpFormatter.renderOptions(HelpFormatter.java:759)
	at org.apache.commons.cli.HelpFormatter.printOptions(HelpFormatter.java:698)
	at org.apache.commons.cli.HelpFormatter.printHelp(HelpFormatter.java:521)
	at org.apache.commons.cli.HelpFormatter.printHelp(HelpFormatter.java:450)
	at org.apache.commons.cli.HelpFormatter.printHelp(HelpFormatter.java:366)
	at org.apache.commons.cli.HelpFormatter_ESTest.test008(HelpFormatter_ESTest.java:176)
	at sun.reflect.NativeMethodAccessorImpl.invoke0(Native Method)
	at sun.reflect.NativeMethodAccessorImpl.invoke(NativeMethodAccessorImpl.java:62)
	at sun.reflect.DelegatingMethodAccessorImpl.invoke(DelegatingMethodAccessorImpl.java:43)
	at java.lang.reflect.Method.invoke(Method.java:498)
	at org.junit.runners.model.FrameworkMethod$1.runReflectiveCall(FrameworkMethod.java:50)
	at org.junit.internal.runners.model.ReflectiveCallable.run(ReflectiveCallable.java:12)
	at org.junit.runners.model.FrameworkMethod.invokeExplosively(FrameworkMethod.java:47)
	at org.junit.internal.runners.statements.InvokeMethod.evaluate(InvokeMethod.java:17)
	at org.junit.internal.runners.statements.FailOnTimeout$CallableStatement.call(FailOnTimeout.java:298)
	at org.junit.internal.runners.statements.FailOnTimeout$CallableStatement.call(FailOnTimeout.java:292)
	at java.util.concurrent.FutureTask.run(FutureTask.java:266)
	at java.lang.Thread.run(Thread.java:748)
58) test009(org.apache.commons.cli.HelpFormatter_ESTest)
org.evosuite.runtime.mock.java.lang.MockIllegalArgumentException: The option '&-#[:%CMb^g2]ml^%' contains an illegal character : '&'
	at org.apache.commons.cli.OptionValidator.validateOption(OptionValidator.java:73)
	at org.apache.commons.cli.Option.<init>(Option.java:124)
	at org.apache.commons.cli.Option.<init>(Option.java:91)
	at org.apache.commons.cli.HelpFormatter_ESTest.test009(HelpFormatter_ESTest.java:201)
	at sun.reflect.NativeMethodAccessorImpl.invoke0(Native Method)
	at sun.reflect.NativeMethodAccessorImpl.invoke(NativeMethodAccessorImpl.java:62)
	at sun.reflect.DelegatingMethodAccessorImpl.invoke(DelegatingMethodAccessorImpl.java:43)
	at java.lang.reflect.Method.invoke(Method.java:498)
	at org.junit.runners.model.FrameworkMethod$1.runReflectiveCall(FrameworkMethod.java:50)
	at org.junit.internal.runners.model.ReflectiveCallable.run(ReflectiveCallable.java:12)
	at org.junit.runners.model.FrameworkMethod.invokeExplosively(FrameworkMethod.java:47)
	at org.junit.internal.runners.statements.InvokeMethod.evaluate(InvokeMethod.java:17)
	at org.junit.internal.runners.statements.FailOnTimeout$CallableStatement.call(FailOnTimeout.java:298)
	at org.junit.internal.runners.statements.FailOnTimeout$CallableStatement.call(FailOnTimeout.java:292)
	at java.util.concurrent.FutureTask.run(FutureTask.java:266)
	at java.lang.Thread.run(Thread.java:748)
59) test093(org.apache.commons.cli.HelpFormatter_ESTest)
org.evosuite.runtime.mock.java.lang.MockIllegalArgumentException: The option 'M,OP5HNM,6I!' contains an illegal character : ','
	at org.apache.commons.cli.OptionValidator.validateOption(OptionValidator.java:73)
	at org.apache.commons.cli.Option.<init>(Option.java:124)
	at org.apache.commons.cli.Options.addOption(Options.java:132)
	at org.apache.commons.cli.HelpFormatter_ESTest.test093(HelpFormatter_ESTest.java:1761)
	at sun.reflect.NativeMethodAccessorImpl.invoke0(Native Method)
	at sun.reflect.NativeMethodAccessorImpl.invoke(NativeMethodAccessorImpl.java:62)
	at sun.reflect.DelegatingMethodAccessorImpl.invoke(DelegatingMethodAccessorImpl.java:43)
	at java.lang.reflect.Method.invoke(Method.java:498)
	at org.junit.runners.model.FrameworkMethod$1.runReflectiveCall(FrameworkMethod.java:50)
	at org.junit.internal.runners.model.ReflectiveCallable.run(ReflectiveCallable.java:12)
	at org.junit.runners.model.FrameworkMethod.invokeExplosively(FrameworkMethod.java:47)
	at org.junit.internal.runners.statements.InvokeMethod.evaluate(InvokeMethod.java:17)
	at org.junit.internal.runners.statements.FailOnTimeout$CallableStatement.call(FailOnTimeout.java:298)
	at org.junit.internal.runners.statements.FailOnTimeout$CallableStatement.call(FailOnTimeout.java:292)
	at java.util.concurrent.FutureTask.run(FutureTask.java:266)
	at java.lang.Thread.run(Thread.java:748)
60) test094(org.apache.commons.cli.HelpFormatter_ESTest)
java.lang.StringIndexOutOfBoundsException: String index out of range: -5452
	at java.lang.String.charAt(String.java:658)
	at org.apache.commons.cli.HelpFormatter.findWrapPos(HelpFormatter.java:939)
	at org.apache.commons.cli.HelpFormatter_ESTest.test094(HelpFormatter_ESTest.java:1780)
	at sun.reflect.NativeMethodAccessorImpl.invoke0(Native Method)
	at sun.reflect.NativeMethodAccessorImpl.invoke(NativeMethodAccessorImpl.java:62)
	at sun.reflect.DelegatingMethodAccessorImpl.invoke(DelegatingMethodAccessorImpl.java:43)
	at java.lang.reflect.Method.invoke(Method.java:498)
	at org.junit.runners.model.FrameworkMethod$1.runReflectiveCall(FrameworkMethod.java:50)
	at org.junit.internal.runners.model.ReflectiveCallable.run(ReflectiveCallable.java:12)
	at org.junit.runners.model.FrameworkMethod.invokeExplosively(FrameworkMethod.java:47)
	at org.junit.internal.runners.statements.InvokeMethod.evaluate(InvokeMethod.java:17)
	at org.junit.internal.runners.statements.FailOnTimeout$CallableStatement.call(FailOnTimeout.java:298)
	at org.junit.internal.runners.statements.FailOnTimeout$CallableStatement.call(FailOnTimeout.java:292)
	at java.util.concurrent.FutureTask.run(FutureTask.java:266)
	at java.lang.Thread.run(Thread.java:748)
61) test095(org.apache.commons.cli.HelpFormatter_ESTest)
java.lang.StringIndexOutOfBoundsException: String index out of range: -863
	at java.lang.String.charAt(String.java:658)
	at org.apache.commons.cli.HelpFormatter.findWrapPos(HelpFormatter.java:939)
	at org.apache.commons.cli.HelpFormatter_ESTest.test095(HelpFormatter_ESTest.java:1798)
	at sun.reflect.NativeMethodAccessorImpl.invoke0(Native Method)
	at sun.reflect.NativeMethodAccessorImpl.invoke(NativeMethodAccessorImpl.java:62)
	at sun.reflect.DelegatingMethodAccessorImpl.invoke(DelegatingMethodAccessorImpl.java:43)
	at java.lang.reflect.Method.invoke(Method.java:498)
	at org.junit.runners.model.FrameworkMethod$1.runReflectiveCall(FrameworkMethod.java:50)
	at org.junit.internal.runners.model.ReflectiveCallable.run(ReflectiveCallable.java:12)
	at org.junit.runners.model.FrameworkMethod.invokeExplosively(FrameworkMethod.java:47)
	at org.junit.internal.runners.statements.InvokeMethod.evaluate(InvokeMethod.java:17)
	at org.junit.internal.runners.statements.FailOnTimeout$CallableStatement.call(FailOnTimeout.java:298)
	at org.junit.internal.runners.statements.FailOnTimeout$CallableStatement.call(FailOnTimeout.java:292)
	at java.util.concurrent.FutureTask.run(FutureTask.java:266)
	at java.lang.Thread.run(Thread.java:748)
62) test096(org.apache.commons.cli.HelpFormatter_ESTest)
java.lang.NegativeArraySizeException
	at java.lang.AbstractStringBuilder.<init>(AbstractStringBuilder.java:68)
	at java.lang.StringBuffer.<init>(StringBuffer.java:128)
	at org.apache.commons.cli.HelpFormatter.createPadding(HelpFormatter.java:956)
	at org.apache.commons.cli.HelpFormatter.renderOptions(HelpFormatter.java:748)
	at org.apache.commons.cli.HelpFormatter_ESTest.test096(HelpFormatter_ESTest.java:1818)
	at sun.reflect.NativeMethodAccessorImpl.invoke0(Native Method)
	at sun.reflect.NativeMethodAccessorImpl.invoke(NativeMethodAccessorImpl.java:62)
	at sun.reflect.DelegatingMethodAccessorImpl.invoke(DelegatingMethodAccessorImpl.java:43)
	at java.lang.reflect.Method.invoke(Method.java:498)
	at org.junit.runners.model.FrameworkMethod$1.runReflectiveCall(FrameworkMethod.java:50)
	at org.junit.internal.runners.model.ReflectiveCallable.run(ReflectiveCallable.java:12)
	at org.junit.runners.model.FrameworkMethod.invokeExplosively(FrameworkMethod.java:47)
	at org.junit.internal.runners.statements.InvokeMethod.evaluate(InvokeMethod.java:17)
	at org.junit.internal.runners.statements.FailOnTimeout$CallableStatement.call(FailOnTimeout.java:298)
	at org.junit.internal.runners.statements.FailOnTimeout$CallableStatement.call(FailOnTimeout.java:292)
	at java.util.concurrent.FutureTask.run(FutureTask.java:266)
	at java.lang.Thread.run(Thread.java:748)
63) test010(org.apache.commons.cli.HelpFormatter_ESTest)
org.evosuite.runtime.mock.java.lang.MockIllegalArgumentException: Illegal option name '-'
	at org.apache.commons.cli.OptionValidator.validateOption(OptionValidator.java:60)
	at org.apache.commons.cli.Option.<init>(Option.java:124)
	at org.apache.commons.cli.Options.addOption(Options.java:132)
	at org.apache.commons.cli.HelpFormatter_ESTest.test010(HelpFormatter_ESTest.java:221)
	at sun.reflect.NativeMethodAccessorImpl.invoke0(Native Method)
	at sun.reflect.NativeMethodAccessorImpl.invoke(NativeMethodAccessorImpl.java:62)
	at sun.reflect.DelegatingMethodAccessorImpl.invoke(DelegatingMethodAccessorImpl.java:43)
	at java.lang.reflect.Method.invoke(Method.java:498)
	at org.junit.runners.model.FrameworkMethod$1.runReflectiveCall(FrameworkMethod.java:50)
	at org.junit.internal.runners.model.ReflectiveCallable.run(ReflectiveCallable.java:12)
	at org.junit.runners.model.FrameworkMethod.invokeExplosively(FrameworkMethod.java:47)
	at org.junit.internal.runners.statements.InvokeMethod.evaluate(InvokeMethod.java:17)
	at org.junit.internal.runners.statements.FailOnTimeout$CallableStatement.call(FailOnTimeout.java:298)
	at org.junit.internal.runners.statements.FailOnTimeout$CallableStatement.call(FailOnTimeout.java:292)
	at java.util.concurrent.FutureTask.run(FutureTask.java:266)
	at java.lang.Thread.run(Thread.java:748)
64) test098(org.apache.commons.cli.HelpFormatter_ESTest)
org.evosuite.runtime.mock.java.lang.MockIllegalArgumentException: The option '21 ' contains an illegal character : ' '
	at org.apache.commons.cli.OptionValidator.validateOption(OptionValidator.java:73)
	at org.apache.commons.cli.Option.<init>(Option.java:124)
	at org.apache.commons.cli.Option.<init>(Option.java:106)
	at org.apache.commons.cli.HelpFormatter_ESTest.test098(HelpFormatter_ESTest.java:1848)
	at sun.reflect.NativeMethodAccessorImpl.invoke0(Native Method)
	at sun.reflect.NativeMethodAccessorImpl.invoke(NativeMethodAccessorImpl.java:62)
	at sun.reflect.DelegatingMethodAccessorImpl.invoke(DelegatingMethodAccessorImpl.java:43)
	at java.lang.reflect.Method.invoke(Method.java:498)
	at org.junit.runners.model.FrameworkMethod$1.runReflectiveCall(FrameworkMethod.java:50)
	at org.junit.internal.runners.model.ReflectiveCallable.run(ReflectiveCallable.java:12)
	at org.junit.runners.model.FrameworkMethod.invokeExplosively(FrameworkMethod.java:47)
	at org.junit.internal.runners.statements.InvokeMethod.evaluate(InvokeMethod.java:17)
	at org.junit.internal.runners.statements.FailOnTimeout$CallableStatement.call(FailOnTimeout.java:298)
	at org.junit.internal.runners.statements.FailOnTimeout$CallableStatement.call(FailOnTimeout.java:292)
	at java.util.concurrent.FutureTask.run(FutureTask.java:266)
	at java.lang.Thread.run(Thread.java:748)
65) test011(org.apache.commons.cli.HelpFormatter_ESTest)
java.lang.NullPointerException
	at org.apache.commons.cli.HelpFormatter.findWrapPos(HelpFormatter.java:906)
	at org.apache.commons.cli.HelpFormatter_ESTest.test011(HelpFormatter_ESTest.java:240)
	at sun.reflect.NativeMethodAccessorImpl.invoke0(Native Method)
	at sun.reflect.NativeMethodAccessorImpl.invoke(NativeMethodAccessorImpl.java:62)
	at sun.reflect.DelegatingMethodAccessorImpl.invoke(DelegatingMethodAccessorImpl.java:43)
	at java.lang.reflect.Method.invoke(Method.java:498)
	at org.junit.runners.model.FrameworkMethod$1.runReflectiveCall(FrameworkMethod.java:50)
	at org.junit.internal.runners.model.ReflectiveCallable.run(ReflectiveCallable.java:12)
	at org.junit.runners.model.FrameworkMethod.invokeExplosively(FrameworkMethod.java:47)
	at org.junit.internal.runners.statements.InvokeMethod.evaluate(InvokeMethod.java:17)
	at org.junit.internal.runners.statements.FailOnTimeout$CallableStatement.call(FailOnTimeout.java:298)
	at org.junit.internal.runners.statements.FailOnTimeout$CallableStatement.call(FailOnTimeout.java:292)
	at java.util.concurrent.FutureTask.run(FutureTask.java:266)
	at java.lang.Thread.run(Thread.java:748)
66) test099(org.apache.commons.cli.HelpFormatter_ESTest)
java.lang.StringIndexOutOfBoundsException: String index out of range: 8
	at java.lang.String.charAt(String.java:658)
	at org.apache.commons.cli.HelpFormatter.findWrapPos(HelpFormatter.java:939)
	at org.apache.commons.cli.HelpFormatter.renderWrappedText(HelpFormatter.java:847)
	at org.apache.commons.cli.HelpFormatter_ESTest.test099(HelpFormatter_ESTest.java:1865)
	at sun.reflect.NativeMethodAccessorImpl.invoke0(Native Method)
	at sun.reflect.NativeMethodAccessorImpl.invoke(NativeMethodAccessorImpl.java:62)
	at sun.reflect.DelegatingMethodAccessorImpl.invoke(DelegatingMethodAccessorImpl.java:43)
	at java.lang.reflect.Method.invoke(Method.java:498)
	at org.junit.runners.model.FrameworkMethod$1.runReflectiveCall(FrameworkMethod.java:50)
	at org.junit.internal.runners.model.ReflectiveCallable.run(ReflectiveCallable.java:12)
	at org.junit.runners.model.FrameworkMethod.invokeExplosively(FrameworkMethod.java:47)
	at org.junit.internal.runners.statements.InvokeMethod.evaluate(InvokeMethod.java:17)
	at org.junit.internal.runners.statements.FailOnTimeout$CallableStatement.call(FailOnTimeout.java:298)
	at org.junit.internal.runners.statements.FailOnTimeout$CallableStatement.call(FailOnTimeout.java:292)
	at java.util.concurrent.FutureTask.run(FutureTask.java:266)
	at java.lang.Thread.run(Thread.java:748)
67) test012(org.apache.commons.cli.HelpFormatter_ESTest)
java.lang.StringIndexOutOfBoundsException: String index out of range: 7
	at java.lang.String.charAt(String.java:658)
	at org.apache.commons.cli.HelpFormatter.findWrapPos(HelpFormatter.java:939)
	at org.apache.commons.cli.HelpFormatter.renderWrappedText(HelpFormatter.java:870)
	at org.apache.commons.cli.HelpFormatter.printWrapped(HelpFormatter.java:726)
	at org.apache.commons.cli.HelpFormatter.printUsage(HelpFormatter.java:591)
	at org.apache.commons.cli.HelpFormatter_ESTest.test012(HelpFormatter_ESTest.java:264)
	at sun.reflect.NativeMethodAccessorImpl.invoke0(Native Method)
	at sun.reflect.NativeMethodAccessorImpl.invoke(NativeMethodAccessorImpl.java:62)
	at sun.reflect.DelegatingMethodAccessorImpl.invoke(DelegatingMethodAccessorImpl.java:43)
	at java.lang.reflect.Method.invoke(Method.java:498)
	at org.junit.runners.model.FrameworkMethod$1.runReflectiveCall(FrameworkMethod.java:50)
	at org.junit.internal.runners.model.ReflectiveCallable.run(ReflectiveCallable.java:12)
	at org.junit.runners.model.FrameworkMethod.invokeExplosively(FrameworkMethod.java:47)
	at org.junit.internal.runners.statements.InvokeMethod.evaluate(InvokeMethod.java:17)
	at org.junit.internal.runners.statements.FailOnTimeout$CallableStatement.call(FailOnTimeout.java:298)
	at org.junit.internal.runners.statements.FailOnTimeout$CallableStatement.call(FailOnTimeout.java:292)
	at java.util.concurrent.FutureTask.run(FutureTask.java:266)
	at java.lang.Thread.run(Thread.java:748)
68) test090(org.apache.commons.cli.HelpFormatter_ESTest)
org.evosuite.runtime.mock.java.lang.MockIllegalArgumentException: cmdLineSyntax not provided
	at org.apache.commons.cli.HelpFormatter.printHelp(HelpFormatter.java:504)
	at org.apache.commons.cli.HelpFormatter.printHelp(HelpFormatter.java:450)
	at org.apache.commons.cli.HelpFormatter.printHelp(HelpFormatter.java:413)
	at org.apache.commons.cli.HelpFormatter_ESTest.test090(HelpFormatter_ESTest.java:1690)
	at sun.reflect.NativeMethodAccessorImpl.invoke0(Native Method)
	at sun.reflect.NativeMethodAccessorImpl.invoke(NativeMethodAccessorImpl.java:62)
	at sun.reflect.DelegatingMethodAccessorImpl.invoke(DelegatingMethodAccessorImpl.java:43)
	at java.lang.reflect.Method.invoke(Method.java:498)
	at org.junit.runners.model.FrameworkMethod$1.runReflectiveCall(FrameworkMethod.java:50)
	at org.junit.internal.runners.model.ReflectiveCallable.run(ReflectiveCallable.java:12)
	at org.junit.runners.model.FrameworkMethod.invokeExplosively(FrameworkMethod.java:47)
	at org.junit.internal.runners.statements.InvokeMethod.evaluate(InvokeMethod.java:17)
	at org.junit.internal.runners.statements.FailOnTimeout$CallableStatement.call(FailOnTimeout.java:298)
	at org.junit.internal.runners.statements.FailOnTimeout$CallableStatement.call(FailOnTimeout.java:292)
	at java.util.concurrent.FutureTask.run(FutureTask.java:266)
	at java.lang.Thread.run(Thread.java:748)
69) test091(org.apache.commons.cli.HelpFormatter_ESTest)
java.lang.NegativeArraySizeException
	at java.lang.AbstractStringBuilder.<init>(AbstractStringBuilder.java:68)
	at java.lang.StringBuffer.<init>(StringBuffer.java:128)
	at org.apache.commons.cli.HelpFormatter.createPadding(HelpFormatter.java:956)
	at org.apache.commons.cli.HelpFormatter.renderOptions(HelpFormatter.java:748)
	at org.apache.commons.cli.HelpFormatter.printOptions(HelpFormatter.java:698)
	at org.apache.commons.cli.HelpFormatter_ESTest.test091(HelpFormatter_ESTest.java:1712)
	at sun.reflect.NativeMethodAccessorImpl.invoke0(Native Method)
	at sun.reflect.NativeMethodAccessorImpl.invoke(NativeMethodAccessorImpl.java:62)
	at sun.reflect.DelegatingMethodAccessorImpl.invoke(DelegatingMethodAccessorImpl.java:43)
	at java.lang.reflect.Method.invoke(Method.java:498)
	at org.junit.runners.model.FrameworkMethod$1.runReflectiveCall(FrameworkMethod.java:50)
	at org.junit.internal.runners.model.ReflectiveCallable.run(ReflectiveCallable.java:12)
	at org.junit.runners.model.FrameworkMethod.invokeExplosively(FrameworkMethod.java:47)
	at org.junit.internal.runners.statements.InvokeMethod.evaluate(InvokeMethod.java:17)
	at org.junit.internal.runners.statements.FailOnTimeout$CallableStatement.call(FailOnTimeout.java:298)
	at org.junit.internal.runners.statements.FailOnTimeout$CallableStatement.call(FailOnTimeout.java:292)
	at java.util.concurrent.FutureTask.run(FutureTask.java:266)
	at java.lang.Thread.run(Thread.java:748)
70) test079(org.apache.commons.cli.HelpFormatter_ESTest)
org.evosuite.runtime.mock.java.lang.MockIllegalArgumentException: cmdLineSyntax not provided
	at org.apache.commons.cli.HelpFormatter.printHelp(HelpFormatter.java:504)
	at org.apache.commons.cli.HelpFormatter.printHelp(HelpFormatter.java:450)
	at org.apache.commons.cli.HelpFormatter.printHelp(HelpFormatter.java:366)
	at org.apache.commons.cli.HelpFormatter_ESTest.test079(HelpFormatter_ESTest.java:1480)
	at sun.reflect.NativeMethodAccessorImpl.invoke0(Native Method)
	at sun.reflect.NativeMethodAccessorImpl.invoke(NativeMethodAccessorImpl.java:62)
	at sun.reflect.DelegatingMethodAccessorImpl.invoke(DelegatingMethodAccessorImpl.java:43)
	at java.lang.reflect.Method.invoke(Method.java:498)
	at org.junit.runners.model.FrameworkMethod$1.runReflectiveCall(FrameworkMethod.java:50)
	at org.junit.internal.runners.model.ReflectiveCallable.run(ReflectiveCallable.java:12)
	at org.junit.runners.model.FrameworkMethod.invokeExplosively(FrameworkMethod.java:47)
	at org.junit.internal.runners.statements.InvokeMethod.evaluate(InvokeMethod.java:17)
	at org.junit.internal.runners.statements.FailOnTimeout$CallableStatement.call(FailOnTimeout.java:298)
	at org.junit.internal.runners.statements.FailOnTimeout$CallableStatement.call(FailOnTimeout.java:292)
	at java.util.concurrent.FutureTask.run(FutureTask.java:266)
	at java.lang.Thread.run(Thread.java:748)
71) test112(org.apache.commons.cli.HelpFormatter_ESTest)
java.lang.StringIndexOutOfBoundsException: String index out of range: 14
	at java.lang.String.charAt(String.java:658)
	at org.apache.commons.cli.HelpFormatter.findWrapPos(HelpFormatter.java:939)
	at org.apache.commons.cli.HelpFormatter.renderWrappedText(HelpFormatter.java:847)
	at org.apache.commons.cli.HelpFormatter.printWrapped(HelpFormatter.java:726)
	at org.apache.commons.cli.HelpFormatter.printWrapped(HelpFormatter.java:711)
	at org.apache.commons.cli.HelpFormatter_ESTest.test112(HelpFormatter_ESTest.java:2088)
	at sun.reflect.NativeMethodAccessorImpl.invoke0(Native Method)
	at sun.reflect.NativeMethodAccessorImpl.invoke(NativeMethodAccessorImpl.java:62)
	at sun.reflect.DelegatingMethodAccessorImpl.invoke(DelegatingMethodAccessorImpl.java:43)
	at java.lang.reflect.Method.invoke(Method.java:498)
	at org.junit.runners.model.FrameworkMethod$1.runReflectiveCall(FrameworkMethod.java:50)
	at org.junit.internal.runners.model.ReflectiveCallable.run(ReflectiveCallable.java:12)
	at org.junit.runners.model.FrameworkMethod.invokeExplosively(FrameworkMethod.java:47)
	at org.junit.internal.runners.statements.InvokeMethod.evaluate(InvokeMethod.java:17)
	at org.junit.internal.runners.statements.FailOnTimeout$CallableStatement.call(FailOnTimeout.java:298)
	at org.junit.internal.runners.statements.FailOnTimeout$CallableStatement.call(FailOnTimeout.java:292)
	at java.util.concurrent.FutureTask.run(FutureTask.java:266)
	at java.lang.Thread.run(Thread.java:748)
72) test114(org.apache.commons.cli.HelpFormatter_ESTest)
java.lang.NullPointerException
	at org.apache.commons.cli.Options.addOptionGroup(Options.java:71)
	at org.apache.commons.cli.HelpFormatter_ESTest.test114(HelpFormatter_ESTest.java:2123)
	at sun.reflect.NativeMethodAccessorImpl.invoke0(Native Method)
	at sun.reflect.NativeMethodAccessorImpl.invoke(NativeMethodAccessorImpl.java:62)
	at sun.reflect.DelegatingMethodAccessorImpl.invoke(DelegatingMethodAccessorImpl.java:43)
	at java.lang.reflect.Method.invoke(Method.java:498)
	at org.junit.runners.model.FrameworkMethod$1.runReflectiveCall(FrameworkMethod.java:50)
	at org.junit.internal.runners.model.ReflectiveCallable.run(ReflectiveCallable.java:12)
	at org.junit.runners.model.FrameworkMethod.invokeExplosively(FrameworkMethod.java:47)
	at org.junit.internal.runners.statements.InvokeMethod.evaluate(InvokeMethod.java:17)
	at org.junit.internal.runners.statements.FailOnTimeout$CallableStatement.call(FailOnTimeout.java:298)
	at org.junit.internal.runners.statements.FailOnTimeout$CallableStatement.call(FailOnTimeout.java:292)
	at java.util.concurrent.FutureTask.run(FutureTask.java:266)
	at java.lang.Thread.run(Thread.java:748)
73) test082(org.apache.commons.cli.HelpFormatter_ESTest)
java.lang.StringIndexOutOfBoundsException: String index out of range: 3
	at java.lang.String.substring(String.java:1963)
	at java.lang.String.subSequence(String.java:2003)
	at java.io.StringWriter.append(StringWriter.java:181)
	at org.apache.commons.cli.HelpFormatter_ESTest.test082(HelpFormatter_ESTest.java:1534)
	at sun.reflect.NativeMethodAccessorImpl.invoke0(Native Method)
	at sun.reflect.NativeMethodAccessorImpl.invoke(NativeMethodAccessorImpl.java:62)
	at sun.reflect.DelegatingMethodAccessorImpl.invoke(DelegatingMethodAccessorImpl.java:43)
	at java.lang.reflect.Method.invoke(Method.java:498)
	at org.junit.runners.model.FrameworkMethod$1.runReflectiveCall(FrameworkMethod.java:50)
	at org.junit.internal.runners.model.ReflectiveCallable.run(ReflectiveCallable.java:12)
	at org.junit.runners.model.FrameworkMethod.invokeExplosively(FrameworkMethod.java:47)
	at org.junit.internal.runners.statements.InvokeMethod.evaluate(InvokeMethod.java:17)
	at org.junit.internal.runners.statements.FailOnTimeout$CallableStatement.call(FailOnTimeout.java:298)
	at org.junit.internal.runners.statements.FailOnTimeout$CallableStatement.call(FailOnTimeout.java:292)
	at java.util.concurrent.FutureTask.run(FutureTask.java:266)
	at java.lang.Thread.run(Thread.java:748)
74) test083(org.apache.commons.cli.HelpFormatter_ESTest)
java.lang.StringIndexOutOfBoundsException: String index out of range: -975
	at java.lang.String.charAt(String.java:658)
	at org.apache.commons.cli.HelpFormatter.findWrapPos(HelpFormatter.java:939)
	at org.apache.commons.cli.HelpFormatter.renderWrappedText(HelpFormatter.java:847)
	at org.apache.commons.cli.HelpFormatter.printWrapped(HelpFormatter.java:726)
	at org.apache.commons.cli.HelpFormatter.printUsage(HelpFormatter.java:678)
	at org.apache.commons.cli.HelpFormatter.printHelp(HelpFormatter.java:513)
	at org.apache.commons.cli.HelpFormatter.printHelp(HelpFormatter.java:450)
	at org.apache.commons.cli.HelpFormatter.printHelp(HelpFormatter.java:413)
	at org.apache.commons.cli.HelpFormatter.printHelp(HelpFormatter.java:396)
	at org.apache.commons.cli.HelpFormatter_ESTest.test083(HelpFormatter_ESTest.java:1551)
	at sun.reflect.NativeMethodAccessorImpl.invoke0(Native Method)
	at sun.reflect.NativeMethodAccessorImpl.invoke(NativeMethodAccessorImpl.java:62)
	at sun.reflect.DelegatingMethodAccessorImpl.invoke(DelegatingMethodAccessorImpl.java:43)
	at java.lang.reflect.Method.invoke(Method.java:498)
	at org.junit.runners.model.FrameworkMethod$1.runReflectiveCall(FrameworkMethod.java:50)
	at org.junit.internal.runners.model.ReflectiveCallable.run(ReflectiveCallable.java:12)
	at org.junit.runners.model.FrameworkMethod.invokeExplosively(FrameworkMethod.java:47)
	at org.junit.internal.runners.statements.InvokeMethod.evaluate(InvokeMethod.java:17)
	at org.junit.internal.runners.statements.FailOnTimeout$CallableStatement.call(FailOnTimeout.java:298)
	at org.junit.internal.runners.statements.FailOnTimeout$CallableStatement.call(FailOnTimeout.java:292)
	at java.util.concurrent.FutureTask.run(FutureTask.java:266)
	at java.lang.Thread.run(Thread.java:748)
75) test084(org.apache.commons.cli.HelpFormatter_ESTest)
java.lang.StringIndexOutOfBoundsException: String index out of range: -1956
	at java.lang.String.charAt(String.java:658)
	at org.apache.commons.cli.HelpFormatter.findWrapPos(HelpFormatter.java:939)
	at org.apache.commons.cli.HelpFormatter.renderWrappedText(HelpFormatter.java:847)
	at org.apache.commons.cli.HelpFormatter.printWrapped(HelpFormatter.java:726)
	at org.apache.commons.cli.HelpFormatter.printUsage(HelpFormatter.java:678)
	at org.apache.commons.cli.HelpFormatter.printHelp(HelpFormatter.java:513)
	at org.apache.commons.cli.HelpFormatter.printHelp(HelpFormatter.java:450)
	at org.apache.commons.cli.HelpFormatter.printHelp(HelpFormatter.java:413)
	at org.apache.commons.cli.HelpFormatter_ESTest.test084(HelpFormatter_ESTest.java:1570)
	at sun.reflect.NativeMethodAccessorImpl.invoke0(Native Method)
	at sun.reflect.NativeMethodAccessorImpl.invoke(NativeMethodAccessorImpl.java:62)
	at sun.reflect.DelegatingMethodAccessorImpl.invoke(DelegatingMethodAccessorImpl.java:43)
	at java.lang.reflect.Method.invoke(Method.java:498)
	at org.junit.runners.model.FrameworkMethod$1.runReflectiveCall(FrameworkMethod.java:50)
	at org.junit.internal.runners.model.ReflectiveCallable.run(ReflectiveCallable.java:12)
	at org.junit.runners.model.FrameworkMethod.invokeExplosively(FrameworkMethod.java:47)
	at org.junit.internal.runners.statements.InvokeMethod.evaluate(InvokeMethod.java:17)
	at org.junit.internal.runners.statements.FailOnTimeout$CallableStatement.call(FailOnTimeout.java:298)
	at org.junit.internal.runners.statements.FailOnTimeout$CallableStatement.call(FailOnTimeout.java:292)
	at java.util.concurrent.FutureTask.run(FutureTask.java:266)
	at java.lang.Thread.run(Thread.java:748)
76) test085(org.apache.commons.cli.HelpFormatter_ESTest)
org.evosuite.runtime.mock.java.lang.MockIllegalArgumentException: cmdLineSyntax not provided
	at org.apache.commons.cli.HelpFormatter.printHelp(HelpFormatter.java:504)
	at org.apache.commons.cli.HelpFormatter_ESTest.test085(HelpFormatter_ESTest.java:1584)
	at sun.reflect.NativeMethodAccessorImpl.invoke0(Native Method)
	at sun.reflect.NativeMethodAccessorImpl.invoke(NativeMethodAccessorImpl.java:62)
	at sun.reflect.DelegatingMethodAccessorImpl.invoke(DelegatingMethodAccessorImpl.java:43)
	at java.lang.reflect.Method.invoke(Method.java:498)
	at org.junit.runners.model.FrameworkMethod$1.runReflectiveCall(FrameworkMethod.java:50)
	at org.junit.internal.runners.model.ReflectiveCallable.run(ReflectiveCallable.java:12)
	at org.junit.runners.model.FrameworkMethod.invokeExplosively(FrameworkMethod.java:47)
	at org.junit.internal.runners.statements.InvokeMethod.evaluate(InvokeMethod.java:17)
	at org.junit.internal.runners.statements.FailOnTimeout$CallableStatement.call(FailOnTimeout.java:298)
	at org.junit.internal.runners.statements.FailOnTimeout$CallableStatement.call(FailOnTimeout.java:292)
	at java.util.concurrent.FutureTask.run(FutureTask.java:266)
	at java.lang.Thread.run(Thread.java:748)
77) test086(org.apache.commons.cli.HelpFormatter_ESTest)
java.io.UnsupportedEncodingException: u>)o
	at org.evosuite.runtime.mock.java.io.MockPrintWriter.toCharset(MockPrintWriter.java:122)
	at org.evosuite.runtime.mock.java.io.MockPrintWriter.<init>(MockPrintWriter.java:106)
	at org.apache.commons.cli.HelpFormatter_ESTest.test086(HelpFormatter_ESTest.java:1604)
	at sun.reflect.NativeMethodAccessorImpl.invoke0(Native Method)
	at sun.reflect.NativeMethodAccessorImpl.invoke(NativeMethodAccessorImpl.java:62)
	at sun.reflect.DelegatingMethodAccessorImpl.invoke(DelegatingMethodAccessorImpl.java:43)
	at java.lang.reflect.Method.invoke(Method.java:498)
	at org.junit.runners.model.FrameworkMethod$1.runReflectiveCall(FrameworkMethod.java:50)
	at org.junit.internal.runners.model.ReflectiveCallable.run(ReflectiveCallable.java:12)
	at org.junit.runners.model.FrameworkMethod.invokeExplosively(FrameworkMethod.java:47)
	at org.junit.internal.runners.statements.InvokeMethod.evaluate(InvokeMethod.java:17)
	at org.junit.internal.runners.statements.FailOnTimeout$CallableStatement.call(FailOnTimeout.java:298)
	at org.junit.internal.runners.statements.FailOnTimeout$CallableStatement.call(FailOnTimeout.java:292)
	at java.util.concurrent.FutureTask.run(FutureTask.java:266)
	at java.lang.Thread.run(Thread.java:748)
78) test087(org.apache.commons.cli.HelpFormatter_ESTest)
java.lang.StringIndexOutOfBoundsException: String index out of range: -1844
	at java.lang.String.charAt(String.java:658)
	at org.apache.commons.cli.HelpFormatter.findWrapPos(HelpFormatter.java:939)
	at org.apache.commons.cli.HelpFormatter.renderWrappedText(HelpFormatter.java:847)
	at org.apache.commons.cli.HelpFormatter.printWrapped(HelpFormatter.java:726)
	at org.apache.commons.cli.HelpFormatter.printUsage(HelpFormatter.java:678)
	at org.apache.commons.cli.HelpFormatter_ESTest.test087(HelpFormatter_ESTest.java:1624)
	at sun.reflect.NativeMethodAccessorImpl.invoke0(Native Method)
	at sun.reflect.NativeMethodAccessorImpl.invoke(NativeMethodAccessorImpl.java:62)
	at sun.reflect.DelegatingMethodAccessorImpl.invoke(DelegatingMethodAccessorImpl.java:43)
	at java.lang.reflect.Method.invoke(Method.java:498)
	at org.junit.runners.model.FrameworkMethod$1.runReflectiveCall(FrameworkMethod.java:50)
	at org.junit.internal.runners.model.ReflectiveCallable.run(ReflectiveCallable.java:12)
	at org.junit.runners.model.FrameworkMethod.invokeExplosively(FrameworkMethod.java:47)
	at org.junit.internal.runners.statements.InvokeMethod.evaluate(InvokeMethod.java:17)
	at org.junit.internal.runners.statements.FailOnTimeout$CallableStatement.call(FailOnTimeout.java:298)
	at org.junit.internal.runners.statements.FailOnTimeout$CallableStatement.call(FailOnTimeout.java:292)
	at java.util.concurrent.FutureTask.run(FutureTask.java:266)
	at java.lang.Thread.run(Thread.java:748)
79) test001(org.apache.commons.cli.HelpFormatter_ESTest)
java.lang.NegativeArraySizeException
	at java.lang.AbstractStringBuilder.<init>(AbstractStringBuilder.java:68)
	at java.lang.StringBuffer.<init>(StringBuffer.java:128)
	at org.apache.commons.cli.HelpFormatter.createPadding(HelpFormatter.java:956)
	at org.apache.commons.cli.HelpFormatter.renderOptions(HelpFormatter.java:748)
	at org.apache.commons.cli.HelpFormatter.printOptions(HelpFormatter.java:698)
	at org.apache.commons.cli.HelpFormatter.printHelp(HelpFormatter.java:521)
	at org.apache.commons.cli.HelpFormatter.printHelp(HelpFormatter.java:450)
	at org.apache.commons.cli.HelpFormatter.printHelp(HelpFormatter.java:366)
	at org.apache.commons.cli.HelpFormatter_ESTest.test001(HelpFormatter_ESTest.java:60)
	at sun.reflect.NativeMethodAccessorImpl.invoke0(Native Method)
	at sun.reflect.NativeMethodAccessorImpl.invoke(NativeMethodAccessorImpl.java:62)
	at sun.reflect.DelegatingMethodAccessorImpl.invoke(DelegatingMethodAccessorImpl.java:43)
	at java.lang.reflect.Method.invoke(Method.java:498)
	at org.junit.runners.model.FrameworkMethod$1.runReflectiveCall(FrameworkMethod.java:50)
	at org.junit.internal.runners.model.ReflectiveCallable.run(ReflectiveCallable.java:12)
	at org.junit.runners.model.FrameworkMethod.invokeExplosively(FrameworkMethod.java:47)
	at org.junit.internal.runners.statements.InvokeMethod.evaluate(InvokeMethod.java:17)
	at org.junit.internal.runners.statements.FailOnTimeout$CallableStatement.call(FailOnTimeout.java:298)
	at org.junit.internal.runners.statements.FailOnTimeout$CallableStatement.call(FailOnTimeout.java:292)
	at java.util.concurrent.FutureTask.run(FutureTask.java:266)
	at java.lang.Thread.run(Thread.java:748)
80) test089(org.apache.commons.cli.HelpFormatter_ESTest)
org.evosuite.runtime.mock.java.lang.MockIllegalArgumentException: The option 'org.apache.commons.cli.HelpFormatter$1' contains an illegal character : '.'
	at org.apache.commons.cli.OptionValidator.validateOption(OptionValidator.java:73)
	at org.apache.commons.cli.Option.<init>(Option.java:124)
	at org.apache.commons.cli.Options.addOption(Options.java:132)
	at org.apache.commons.cli.Options.addOption(Options.java:115)
	at org.apache.commons.cli.HelpFormatter_ESTest.test089(HelpFormatter_ESTest.java:1666)
	at sun.reflect.NativeMethodAccessorImpl.invoke0(Native Method)
	at sun.reflect.NativeMethodAccessorImpl.invoke(NativeMethodAccessorImpl.java:62)
	at sun.reflect.DelegatingMethodAccessorImpl.invoke(DelegatingMethodAccessorImpl.java:43)
	at java.lang.reflect.Method.invoke(Method.java:498)
	at org.junit.runners.model.FrameworkMethod$1.runReflectiveCall(FrameworkMethod.java:50)
	at org.junit.internal.runners.model.ReflectiveCallable.run(ReflectiveCallable.java:12)
	at org.junit.runners.model.FrameworkMethod.invokeExplosively(FrameworkMethod.java:47)
	at org.junit.internal.runners.statements.InvokeMethod.evaluate(InvokeMethod.java:17)
	at org.junit.internal.runners.statements.FailOnTimeout$CallableStatement.call(FailOnTimeout.java:298)
	at org.junit.internal.runners.statements.FailOnTimeout$CallableStatement.call(FailOnTimeout.java:292)
	at java.util.concurrent.FutureTask.run(FutureTask.java:266)
	at java.lang.Thread.run(Thread.java:748)
81) test080(org.apache.commons.cli.HelpFormatter_ESTest)
java.lang.NullPointerException
	at java.net.URI$Parser.parse(URI.java:3042)
	at java.net.URI.<init>(URI.java:588)
	at java.net.URI.create(URI.java:850)
	at org.evosuite.runtime.mock.java.net.MockURI.create(MockURI.java:95)
	at org.apache.commons.cli.HelpFormatter_ESTest.test080(HelpFormatter_ESTest.java:1503)
	at sun.reflect.NativeMethodAccessorImpl.invoke0(Native Method)
	at sun.reflect.NativeMethodAccessorImpl.invoke(NativeMethodAccessorImpl.java:62)
	at sun.reflect.DelegatingMethodAccessorImpl.invoke(DelegatingMethodAccessorImpl.java:43)
	at java.lang.reflect.Method.invoke(Method.java:498)
	at org.junit.runners.model.FrameworkMethod$1.runReflectiveCall(FrameworkMethod.java:50)
	at org.junit.internal.runners.model.ReflectiveCallable.run(ReflectiveCallable.java:12)
	at org.junit.runners.model.FrameworkMethod.invokeExplosively(FrameworkMethod.java:47)
	at org.junit.internal.runners.statements.InvokeMethod.evaluate(InvokeMethod.java:17)
	at org.junit.internal.runners.statements.FailOnTimeout$CallableStatement.call(FailOnTimeout.java:298)
	at org.junit.internal.runners.statements.FailOnTimeout$CallableStatement.call(FailOnTimeout.java:292)
	at java.util.concurrent.FutureTask.run(FutureTask.java:266)
	at java.lang.Thread.run(Thread.java:748)

FAILURES!!!
Tests run: 115,  Failures: 81

