JUnit version 4.12
.usage: ' contans an illegal character : ' [- <arg> | -arg]
java.lang.StringBuffer@0000000007
           
java.lang.StringBuffer@0000000008   arg
.E.E.E.E..usage: -- [-arg]
java.lang.StringBuffer@0000000008   arg
.usage: -
arg

-
E.E.usage: 5%/g@(,~,"8E~

-
E.E.arg
 
--

arg
..E.E..E..

--

..usage:
       [-arg <arg>]
-
java.lang.StringBuffer@0000000005   %cMYC*6$&t{1
%cMYC*6$&t{1
.usa
 ge
 :
--

.E.E.E.E.usage: Illegal option name '

--
.usage: usage:
-
java.lang.StringBuffer@0000000007
             
--
.usage: - [--null]
java.lang.StringBuffer@0000000005   usage:
..usage: Z=O1y)hUJkuEk@
java.lang.StringBuffer@0000000005
             
...usage:
java.lang.StringBuffer@0000000010   --
java.lang.StringBuffer@0000000011   k}<w_h+Ftg<tW
..usage: !su*}hD -
 |
java.lang.StringBuffer@0000000006    |
.usage: !su*}hD
 |

E.E.usage: usage:
p$fPWICdX6

usage:
.usage: 0cEUu%paa0
|

org.apache.commons.cli.Option
usage: --

.E.E.E..E..usage: zuzXre
java.lang.StringBuffer@0000000006   GT=w0H7b<XSwXT:P_A
usage: GT=w0H7b<XSwXT:P_A
java.lang.StringBuffer@0000000007   GT=w0H7b<XSwXT:P_A
.E.E.E..E.E.E.E.usage:   [-Dr <arg>]
java.lang.StringBuffer@0000000006   lfHpz0i5|ym<G|
usage: -
java.lang.StringBuffer@0000000007   lfHpz0i5|ym<G|
..E.E.usage: AF!,{s@[=h4~NuhQ^ [-]
java.lang.StringBuffer@0000000005
.E..E.E.E.usage: !su*}hD [-]
 |
java.lang.StringBuffer@0000000006    |
usage: !su*}hD
java.lang.StringBuffer@0000000007    |
<4U9Hr (?
.E.usage: v

.usage: mnM
java.lang.StringBuffer@0000000006   --
E..E.usage:!su*}hD       !su*}h!su*}hD       D
org.apache.com!su*}hDmons.cli.Optio!su*}hDn

!su*}hD
usage: arg

usage:  [ARG]

E.usage: !su*}hD [-]
-
java.lang.StringBuffer@0000000006   --
E.E.E.E...E..E.E..E.E.usage: -- [-arg <arg>]
usage:
java.lang.StringBuffer@0000000009   usage:
E...usage: _6j3A,NFcH(El5 [- <arg>]
Z)uG|a%SJ:Kx'@f
java.lang.StringBuffer@0000000007   jjDKYrve,Poz<t
.E.E.E.E.usage: ^6;9C! [--null <arg>]
arg
java.lang.StringBuffer@0000000006
arg
.usage: !su*}hD [-]
 |
java.lang.StringBuffer@0000000006    |
E..usage: --
java.lang.StringBuffer@0000000006
org.apache.commons.cli.ParseException
.E.usage: usage:  [- <arg>]
Z)uG|a%SJ:Kx'@f
java.lang.StringBuffer@0000000007   jjDKYrve,Poz<t
.E.usage: QfSM^$]

.E.usage: _6j3A,NFcH(El5
Z)uG|a%SJ:Kx'@f
java.lang.StringBuffer@0000000007
.E..E.E.E...E.E.E.E.E.E.usage: RI"@t4
RI"@t4

tj7Bo!e5btRrd{Z|7b
.E.]O
1J
!9
Y^
z3
!

.usage: --
org.apache.commons.cli.HelpFormatter
java.lang.StringBuffer@0000000006   lfHpz0i5|ym<G|
zuzXre
.E..usage:   [-Dr <arg>]
java.lang.StringBuffer@0000000006   lfHpz0i5|ym<G|
usage: -
java.lang.StringBuffer@0000000007   lfHpz0i5|ym<G|

Time: 20.512
There were 68 failures:
1) test025(org.apache.commons.cli.HelpFormatter_ESTest)
java.lang.NullPointerException
	at org.apache.commons.cli.HelpFormatter.printOptions(HelpFormatter.java:703)
	at org.apache.commons.cli.HelpFormatter_ESTest.test025(HelpFormatter_ESTest.java:402)
	at sun.reflect.NativeMethodAccessorImpl.invoke0(Native Method)
	at sun.reflect.NativeMethodAccessorImpl.invoke(NativeMethodAccessorImpl.java:62)
	at sun.reflect.DelegatingMethodAccessorImpl.invoke(DelegatingMethodAccessorImpl.java:43)
	at java.lang.reflect.Method.invoke(Method.java:498)
	at org.junit.runners.model.FrameworkMethod$1.runReflectiveCall(FrameworkMethod.java:50)
	at org.junit.internal.runners.model.ReflectiveCallable.run(ReflectiveCallable.java:12)
	at org.junit.runners.model.FrameworkMethod.invokeExplosively(FrameworkMethod.java:47)
	at org.junit.internal.runners.statements.InvokeMethod.evaluate(InvokeMethod.java:17)
	at org.junit.internal.runners.statements.FailOnTimeout$CallableStatement.call(FailOnTimeout.java:298)
	at org.junit.internal.runners.statements.FailOnTimeout$CallableStatement.call(FailOnTimeout.java:292)
	at java.util.concurrent.FutureTask.run(FutureTask.java:266)
	at java.lang.Thread.run(Thread.java:748)
2) test026(org.apache.commons.cli.HelpFormatter_ESTest)
java.lang.NullPointerException
	at org.apache.commons.cli.HelpFormatter.printUsage(HelpFormatter.java:552)
	at org.apache.commons.cli.HelpFormatter.printHelp(HelpFormatter.java:513)
	at org.apache.commons.cli.HelpFormatter.printHelp(HelpFormatter.java:454)
	at org.apache.commons.cli.HelpFormatter.printHelp(HelpFormatter.java:417)
	at org.apache.commons.cli.HelpFormatter_ESTest.test026(HelpFormatter_ESTest.java:423)
	at sun.reflect.NativeMethodAccessorImpl.invoke0(Native Method)
	at sun.reflect.NativeMethodAccessorImpl.invoke(NativeMethodAccessorImpl.java:62)
	at sun.reflect.DelegatingMethodAccessorImpl.invoke(DelegatingMethodAccessorImpl.java:43)
	at java.lang.reflect.Method.invoke(Method.java:498)
	at org.junit.runners.model.FrameworkMethod$1.runReflectiveCall(FrameworkMethod.java:50)
	at org.junit.internal.runners.model.ReflectiveCallable.run(ReflectiveCallable.java:12)
	at org.junit.runners.model.FrameworkMethod.invokeExplosively(FrameworkMethod.java:47)
	at org.junit.internal.runners.statements.InvokeMethod.evaluate(InvokeMethod.java:17)
	at org.junit.internal.runners.statements.FailOnTimeout$CallableStatement.call(FailOnTimeout.java:298)
	at org.junit.internal.runners.statements.FailOnTimeout$CallableStatement.call(FailOnTimeout.java:292)
	at java.util.concurrent.FutureTask.run(FutureTask.java:266)
	at java.lang.Thread.run(Thread.java:748)
3) test027(org.apache.commons.cli.HelpFormatter_ESTest)
java.lang.NegativeArraySizeException
	at org.apache.commons.cli.HelpFormatter.createPadding(HelpFormatter.java:965)
	at org.apache.commons.cli.HelpFormatter.renderOptions(HelpFormatter.java:752)
	at org.apache.commons.cli.HelpFormatter.printOptions(HelpFormatter.java:702)
	at org.apache.commons.cli.HelpFormatter.printHelp(HelpFormatter.java:525)
	at org.apache.commons.cli.HelpFormatter.printHelp(HelpFormatter.java:479)
	at org.apache.commons.cli.HelpFormatter_ESTest.test027(HelpFormatter_ESTest.java:443)
	at sun.reflect.NativeMethodAccessorImpl.invoke0(Native Method)
	at sun.reflect.NativeMethodAccessorImpl.invoke(NativeMethodAccessorImpl.java:62)
	at sun.reflect.DelegatingMethodAccessorImpl.invoke(DelegatingMethodAccessorImpl.java:43)
	at java.lang.reflect.Method.invoke(Method.java:498)
	at org.junit.runners.model.FrameworkMethod$1.runReflectiveCall(FrameworkMethod.java:50)
	at org.junit.internal.runners.model.ReflectiveCallable.run(ReflectiveCallable.java:12)
	at org.junit.runners.model.FrameworkMethod.invokeExplosively(FrameworkMethod.java:47)
	at org.junit.internal.runners.statements.InvokeMethod.evaluate(InvokeMethod.java:17)
	at org.junit.internal.runners.statements.FailOnTimeout$CallableStatement.call(FailOnTimeout.java:298)
	at org.junit.internal.runners.statements.FailOnTimeout$CallableStatement.call(FailOnTimeout.java:292)
	at java.util.concurrent.FutureTask.run(FutureTask.java:266)
	at java.lang.Thread.run(Thread.java:748)
4) test028(org.apache.commons.cli.HelpFormatter_ESTest)
java.lang.StringIndexOutOfBoundsException: String index out of range: -124
	at java.lang.String.substring(String.java:1967)
	at org.apache.commons.cli.HelpFormatter.renderWrappedText(HelpFormatter.java:859)
	at org.apache.commons.cli.HelpFormatter.printWrapped(HelpFormatter.java:730)
	at org.apache.commons.cli.HelpFormatter.printUsage(HelpFormatter.java:682)
	at org.apache.commons.cli.HelpFormatter.printHelp(HelpFormatter.java:517)
	at org.apache.commons.cli.HelpFormatter.printHelp(HelpFormatter.java:454)
	at org.apache.commons.cli.HelpFormatter_ESTest.test028(HelpFormatter_ESTest.java:463)
	at sun.reflect.NativeMethodAccessorImpl.invoke0(Native Method)
	at sun.reflect.NativeMethodAccessorImpl.invoke(NativeMethodAccessorImpl.java:62)
	at sun.reflect.DelegatingMethodAccessorImpl.invoke(DelegatingMethodAccessorImpl.java:43)
	at java.lang.reflect.Method.invoke(Method.java:498)
	at org.junit.runners.model.FrameworkMethod$1.runReflectiveCall(FrameworkMethod.java:50)
	at org.junit.internal.runners.model.ReflectiveCallable.run(ReflectiveCallable.java:12)
	at org.junit.runners.model.FrameworkMethod.invokeExplosively(FrameworkMethod.java:47)
	at org.junit.internal.runners.statements.InvokeMethod.evaluate(InvokeMethod.java:17)
	at org.junit.internal.runners.statements.FailOnTimeout$CallableStatement.call(FailOnTimeout.java:298)
	at org.junit.internal.runners.statements.FailOnTimeout$CallableStatement.call(FailOnTimeout.java:292)
	at java.util.concurrent.FutureTask.run(FutureTask.java:266)
	at java.lang.Thread.run(Thread.java:748)
5) test031(org.apache.commons.cli.HelpFormatter_ESTest)
java.lang.StringIndexOutOfBoundsException: String index out of range: -655
	at java.lang.String.charAt(String.java:658)
	at org.apache.commons.cli.HelpFormatter.findWrapPos(HelpFormatter.java:939)
	at org.apache.commons.cli.HelpFormatter_ESTest.test031(HelpFormatter_ESTest.java:512)
	at sun.reflect.NativeMethodAccessorImpl.invoke0(Native Method)
	at sun.reflect.NativeMethodAccessorImpl.invoke(NativeMethodAccessorImpl.java:62)
	at sun.reflect.DelegatingMethodAccessorImpl.invoke(DelegatingMethodAccessorImpl.java:43)
	at java.lang.reflect.Method.invoke(Method.java:498)
	at org.junit.runners.model.FrameworkMethod$1.runReflectiveCall(FrameworkMethod.java:50)
	at org.junit.internal.runners.model.ReflectiveCallable.run(ReflectiveCallable.java:12)
	at org.junit.runners.model.FrameworkMethod.invokeExplosively(FrameworkMethod.java:47)
	at org.junit.internal.runners.statements.InvokeMethod.evaluate(InvokeMethod.java:17)
	at org.junit.internal.runners.statements.FailOnTimeout$CallableStatement.call(FailOnTimeout.java:298)
	at org.junit.internal.runners.statements.FailOnTimeout$CallableStatement.call(FailOnTimeout.java:292)
	at java.util.concurrent.FutureTask.run(FutureTask.java:266)
	at java.lang.Thread.run(Thread.java:748)
6) test032(org.apache.commons.cli.HelpFormatter_ESTest)
java.lang.NegativeArraySizeException
	at org.apache.commons.cli.HelpFormatter.createPadding(HelpFormatter.java:965)
	at org.apache.commons.cli.HelpFormatter.renderOptions(HelpFormatter.java:753)
	at org.apache.commons.cli.HelpFormatter.printOptions(HelpFormatter.java:702)
	at org.apache.commons.cli.HelpFormatter.printHelp(HelpFormatter.java:525)
	at org.apache.commons.cli.HelpFormatter.printHelp(HelpFormatter.java:454)
	at org.apache.commons.cli.HelpFormatter_ESTest.test032(HelpFormatter_ESTest.java:528)
	at sun.reflect.NativeMethodAccessorImpl.invoke0(Native Method)
	at sun.reflect.NativeMethodAccessorImpl.invoke(NativeMethodAccessorImpl.java:62)
	at sun.reflect.DelegatingMethodAccessorImpl.invoke(DelegatingMethodAccessorImpl.java:43)
	at java.lang.reflect.Method.invoke(Method.java:498)
	at org.junit.runners.model.FrameworkMethod$1.runReflectiveCall(FrameworkMethod.java:50)
	at org.junit.internal.runners.model.ReflectiveCallable.run(ReflectiveCallable.java:12)
	at org.junit.runners.model.FrameworkMethod.invokeExplosively(FrameworkMethod.java:47)
	at org.junit.internal.runners.statements.InvokeMethod.evaluate(InvokeMethod.java:17)
	at org.junit.internal.runners.statements.FailOnTimeout$CallableStatement.call(FailOnTimeout.java:298)
	at org.junit.internal.runners.statements.FailOnTimeout$CallableStatement.call(FailOnTimeout.java:292)
	at java.util.concurrent.FutureTask.run(FutureTask.java:266)
	at java.lang.Thread.run(Thread.java:748)
7) test033(org.apache.commons.cli.HelpFormatter_ESTest)
java.lang.NullPointerException
	at org.apache.commons.cli.HelpFormatter.printUsage(HelpFormatter.java:552)
	at org.apache.commons.cli.HelpFormatter.printHelp(HelpFormatter.java:513)
	at org.apache.commons.cli.HelpFormatter.printHelp(HelpFormatter.java:454)
	at org.apache.commons.cli.HelpFormatter.printHelp(HelpFormatter.java:385)
	at org.apache.commons.cli.HelpFormatter_ESTest.test033(HelpFormatter_ESTest.java:547)
	at sun.reflect.NativeMethodAccessorImpl.invoke0(Native Method)
	at sun.reflect.NativeMethodAccessorImpl.invoke(NativeMethodAccessorImpl.java:62)
	at sun.reflect.DelegatingMethodAccessorImpl.invoke(DelegatingMethodAccessorImpl.java:43)
	at java.lang.reflect.Method.invoke(Method.java:498)
	at org.junit.runners.model.FrameworkMethod$1.runReflectiveCall(FrameworkMethod.java:50)
	at org.junit.internal.runners.model.ReflectiveCallable.run(ReflectiveCallable.java:12)
	at org.junit.runners.model.FrameworkMethod.invokeExplosively(FrameworkMethod.java:47)
	at org.junit.internal.runners.statements.InvokeMethod.evaluate(InvokeMethod.java:17)
	at org.junit.internal.runners.statements.FailOnTimeout$CallableStatement.call(FailOnTimeout.java:298)
	at org.junit.internal.runners.statements.FailOnTimeout$CallableStatement.call(FailOnTimeout.java:292)
	at java.util.concurrent.FutureTask.run(FutureTask.java:266)
	at java.lang.Thread.run(Thread.java:748)
8) test034(org.apache.commons.cli.HelpFormatter_ESTest)
java.lang.NullPointerException
	at org.apache.commons.cli.HelpFormatter$OptionComparator.compare(HelpFormatter.java:1021)
	at java.util.TimSort.countRunAndMakeAscending(TimSort.java:355)
	at java.util.TimSort.sort(TimSort.java:220)
	at java.util.Arrays.sort(Arrays.java:1512)
	at java.util.ArrayList.sort(ArrayList.java:1464)
	at java.util.Collections.sort(Collections.java:177)
	at org.apache.commons.cli.HelpFormatter.renderOptions(HelpFormatter.java:765)
	at org.apache.commons.cli.HelpFormatter.printOptions(HelpFormatter.java:702)
	at org.apache.commons.cli.HelpFormatter.printHelp(HelpFormatter.java:525)
	at org.apache.commons.cli.HelpFormatter.printHelp(HelpFormatter.java:454)
	at org.apache.commons.cli.HelpFormatter_ESTest.test034(HelpFormatter_ESTest.java:570)
	at sun.reflect.NativeMethodAccessorImpl.invoke0(Native Method)
	at sun.reflect.NativeMethodAccessorImpl.invoke(NativeMethodAccessorImpl.java:62)
	at sun.reflect.DelegatingMethodAccessorImpl.invoke(DelegatingMethodAccessorImpl.java:43)
	at java.lang.reflect.Method.invoke(Method.java:498)
	at org.junit.runners.model.FrameworkMethod$1.runReflectiveCall(FrameworkMethod.java:50)
	at org.junit.internal.runners.model.ReflectiveCallable.run(ReflectiveCallable.java:12)
	at org.junit.runners.model.FrameworkMethod.invokeExplosively(FrameworkMethod.java:47)
	at org.junit.internal.runners.statements.InvokeMethod.evaluate(InvokeMethod.java:17)
	at org.junit.internal.runners.statements.FailOnTimeout$CallableStatement.call(FailOnTimeout.java:298)
	at org.junit.internal.runners.statements.FailOnTimeout$CallableStatement.call(FailOnTimeout.java:292)
	at java.util.concurrent.FutureTask.run(FutureTask.java:266)
	at java.lang.Thread.run(Thread.java:748)
9) test015(org.apache.commons.cli.HelpFormatter_ESTest)
java.lang.NullPointerException
	at java.lang.String$CaseInsensitiveComparator.compare(String.java:1193)
	at java.lang.String$CaseInsensitiveComparator.compare(String.java:1186)
	at java.lang.String.compareToIgnoreCase(String.java:1239)
	at org.apache.commons.cli.HelpFormatter$OptionComparator.compare(HelpFormatter.java:1021)
	at java.util.TimSort.countRunAndMakeAscending(TimSort.java:355)
	at java.util.TimSort.sort(TimSort.java:220)
	at java.util.Arrays.sort(Arrays.java:1512)
	at java.util.ArrayList.sort(ArrayList.java:1464)
	at java.util.Collections.sort(Collections.java:177)
	at org.apache.commons.cli.HelpFormatter.renderOptions(HelpFormatter.java:765)
	at org.apache.commons.cli.HelpFormatter.printOptions(HelpFormatter.java:702)
	at org.apache.commons.cli.HelpFormatter.printHelp(HelpFormatter.java:525)
	at org.apache.commons.cli.HelpFormatter.printHelp(HelpFormatter.java:454)
	at org.apache.commons.cli.HelpFormatter.printHelp(HelpFormatter.java:417)
	at org.apache.commons.cli.HelpFormatter.printHelp(HelpFormatter.java:400)
	at org.apache.commons.cli.HelpFormatter_ESTest.test015(HelpFormatter_ESTest.java:275)
	at sun.reflect.NativeMethodAccessorImpl.invoke0(Native Method)
	at sun.reflect.NativeMethodAccessorImpl.invoke(NativeMethodAccessorImpl.java:62)
	at sun.reflect.DelegatingMethodAccessorImpl.invoke(DelegatingMethodAccessorImpl.java:43)
	at java.lang.reflect.Method.invoke(Method.java:498)
	at org.junit.runners.model.FrameworkMethod$1.runReflectiveCall(FrameworkMethod.java:50)
	at org.junit.internal.runners.model.ReflectiveCallable.run(ReflectiveCallable.java:12)
	at org.junit.runners.model.FrameworkMethod.invokeExplosively(FrameworkMethod.java:47)
	at org.junit.internal.runners.statements.InvokeMethod.evaluate(InvokeMethod.java:17)
	at org.junit.internal.runners.statements.FailOnTimeout$CallableStatement.call(FailOnTimeout.java:298)
	at org.junit.internal.runners.statements.FailOnTimeout$CallableStatement.call(FailOnTimeout.java:292)
	at java.util.concurrent.FutureTask.run(FutureTask.java:266)
	at java.lang.Thread.run(Thread.java:748)
10) test016(org.apache.commons.cli.HelpFormatter_ESTest)
java.lang.NegativeArraySizeException
	at org.apache.commons.cli.HelpFormatter.createPadding(HelpFormatter.java:965)
	at org.apache.commons.cli.HelpFormatter.renderWrappedText(HelpFormatter.java:868)
	at org.apache.commons.cli.HelpFormatter_ESTest.test016(HelpFormatter_ESTest.java:289)
	at sun.reflect.NativeMethodAccessorImpl.invoke0(Native Method)
	at sun.reflect.NativeMethodAccessorImpl.invoke(NativeMethodAccessorImpl.java:62)
	at sun.reflect.DelegatingMethodAccessorImpl.invoke(DelegatingMethodAccessorImpl.java:43)
	at java.lang.reflect.Method.invoke(Method.java:498)
	at org.junit.runners.model.FrameworkMethod$1.runReflectiveCall(FrameworkMethod.java:50)
	at org.junit.internal.runners.model.ReflectiveCallable.run(ReflectiveCallable.java:12)
	at org.junit.runners.model.FrameworkMethod.invokeExplosively(FrameworkMethod.java:47)
	at org.junit.internal.runners.statements.InvokeMethod.evaluate(InvokeMethod.java:17)
	at org.junit.internal.runners.statements.FailOnTimeout$CallableStatement.call(FailOnTimeout.java:298)
	at org.junit.internal.runners.statements.FailOnTimeout$CallableStatement.call(FailOnTimeout.java:292)
	at java.util.concurrent.FutureTask.run(FutureTask.java:266)
	at java.lang.Thread.run(Thread.java:748)
11) test018(org.apache.commons.cli.HelpFormatter_ESTest)
java.lang.NullPointerException
	at org.apache.commons.cli.HelpFormatter.printWrapped(HelpFormatter.java:731)
	at org.apache.commons.cli.HelpFormatter.printWrapped(HelpFormatter.java:715)
	at org.apache.commons.cli.HelpFormatter_ESTest.test018(HelpFormatter_ESTest.java:315)
	at sun.reflect.NativeMethodAccessorImpl.invoke0(Native Method)
	at sun.reflect.NativeMethodAccessorImpl.invoke(NativeMethodAccessorImpl.java:62)
	at sun.reflect.DelegatingMethodAccessorImpl.invoke(DelegatingMethodAccessorImpl.java:43)
	at java.lang.reflect.Method.invoke(Method.java:498)
	at org.junit.runners.model.FrameworkMethod$1.runReflectiveCall(FrameworkMethod.java:50)
	at org.junit.internal.runners.model.ReflectiveCallable.run(ReflectiveCallable.java:12)
	at org.junit.runners.model.FrameworkMethod.invokeExplosively(FrameworkMethod.java:47)
	at org.junit.internal.runners.statements.InvokeMethod.evaluate(InvokeMethod.java:17)
	at org.junit.internal.runners.statements.FailOnTimeout$CallableStatement.call(FailOnTimeout.java:298)
	at org.junit.internal.runners.statements.FailOnTimeout$CallableStatement.call(FailOnTimeout.java:292)
	at java.util.concurrent.FutureTask.run(FutureTask.java:266)
	at java.lang.Thread.run(Thread.java:748)
12) test046(org.apache.commons.cli.HelpFormatter_ESTest)
org.evosuite.runtime.mock.java.lang.MockIllegalArgumentException: cmdLineSyntax not provided
	at org.apache.commons.cli.HelpFormatter.printHelp(HelpFormatter.java:508)
	at org.apache.commons.cli.HelpFormatter_ESTest.test046(HelpFormatter_ESTest.java:811)
	at sun.reflect.NativeMethodAccessorImpl.invoke0(Native Method)
	at sun.reflect.NativeMethodAccessorImpl.invoke(NativeMethodAccessorImpl.java:62)
	at sun.reflect.DelegatingMethodAccessorImpl.invoke(DelegatingMethodAccessorImpl.java:43)
	at java.lang.reflect.Method.invoke(Method.java:498)
	at org.junit.runners.model.FrameworkMethod$1.runReflectiveCall(FrameworkMethod.java:50)
	at org.junit.internal.runners.model.ReflectiveCallable.run(ReflectiveCallable.java:12)
	at org.junit.runners.model.FrameworkMethod.invokeExplosively(FrameworkMethod.java:47)
	at org.junit.internal.runners.statements.InvokeMethod.evaluate(InvokeMethod.java:17)
	at org.junit.internal.runners.statements.FailOnTimeout$CallableStatement.call(FailOnTimeout.java:298)
	at org.junit.internal.runners.statements.FailOnTimeout$CallableStatement.call(FailOnTimeout.java:292)
	at java.util.concurrent.FutureTask.run(FutureTask.java:266)
	at java.lang.Thread.run(Thread.java:748)
13) test047(org.apache.commons.cli.HelpFormatter_ESTest)
java.lang.StringIndexOutOfBoundsException: String index out of range: -1710
	at java.lang.String.substring(String.java:1967)
	at java.lang.String.subSequence(String.java:2003)
	at java.io.PrintWriter.append(PrintWriter.java:1042)
	at org.apache.commons.cli.HelpFormatter_ESTest.test047(HelpFormatter_ESTest.java:834)
	at sun.reflect.NativeMethodAccessorImpl.invoke0(Native Method)
	at sun.reflect.NativeMethodAccessorImpl.invoke(NativeMethodAccessorImpl.java:62)
	at sun.reflect.DelegatingMethodAccessorImpl.invoke(DelegatingMethodAccessorImpl.java:43)
	at java.lang.reflect.Method.invoke(Method.java:498)
	at org.junit.runners.model.FrameworkMethod$1.runReflectiveCall(FrameworkMethod.java:50)
	at org.junit.internal.runners.model.ReflectiveCallable.run(ReflectiveCallable.java:12)
	at org.junit.runners.model.FrameworkMethod.invokeExplosively(FrameworkMethod.java:47)
	at org.junit.internal.runners.statements.InvokeMethod.evaluate(InvokeMethod.java:17)
	at org.junit.internal.runners.statements.FailOnTimeout$CallableStatement.call(FailOnTimeout.java:298)
	at org.junit.internal.runners.statements.FailOnTimeout$CallableStatement.call(FailOnTimeout.java:292)
	at java.util.concurrent.FutureTask.run(FutureTask.java:266)
	at java.lang.Thread.run(Thread.java:748)
14) test048(org.apache.commons.cli.HelpFormatter_ESTest)
java.lang.NullPointerException
	at org.apache.commons.cli.HelpFormatter$OptionComparator.compare(HelpFormatter.java:1021)
	at java.util.TimSort.countRunAndMakeAscending(TimSort.java:355)
	at java.util.TimSort.sort(TimSort.java:220)
	at java.util.Arrays.sort(Arrays.java:1512)
	at java.util.ArrayList.sort(ArrayList.java:1464)
	at java.util.Collections.sort(Collections.java:177)
	at org.apache.commons.cli.HelpFormatter.renderOptions(HelpFormatter.java:765)
	at org.apache.commons.cli.HelpFormatter.printOptions(HelpFormatter.java:702)
	at org.apache.commons.cli.HelpFormatter.printHelp(HelpFormatter.java:525)
	at org.apache.commons.cli.HelpFormatter.printHelp(HelpFormatter.java:454)
	at org.apache.commons.cli.HelpFormatter.printHelp(HelpFormatter.java:370)
	at org.apache.commons.cli.HelpFormatter_ESTest.test048(HelpFormatter_ESTest.java:850)
	at sun.reflect.NativeMethodAccessorImpl.invoke0(Native Method)
	at sun.reflect.NativeMethodAccessorImpl.invoke(NativeMethodAccessorImpl.java:62)
	at sun.reflect.DelegatingMethodAccessorImpl.invoke(DelegatingMethodAccessorImpl.java:43)
	at java.lang.reflect.Method.invoke(Method.java:498)
	at org.junit.runners.model.FrameworkMethod$1.runReflectiveCall(FrameworkMethod.java:50)
	at org.junit.internal.runners.model.ReflectiveCallable.run(ReflectiveCallable.java:12)
	at org.junit.runners.model.FrameworkMethod.invokeExplosively(FrameworkMethod.java:47)
	at org.junit.internal.runners.statements.InvokeMethod.evaluate(InvokeMethod.java:17)
	at org.junit.internal.runners.statements.FailOnTimeout$CallableStatement.call(FailOnTimeout.java:298)
	at org.junit.internal.runners.statements.FailOnTimeout$CallableStatement.call(FailOnTimeout.java:292)
	at java.util.concurrent.FutureTask.run(FutureTask.java:266)
	at java.lang.Thread.run(Thread.java:748)
15) test049(org.apache.commons.cli.HelpFormatter_ESTest)
java.lang.NegativeArraySizeException
	at org.apache.commons.cli.HelpFormatter.createPadding(HelpFormatter.java:965)
	at org.apache.commons.cli.HelpFormatter_ESTest.test049(HelpFormatter_ESTest.java:876)
	at sun.reflect.NativeMethodAccessorImpl.invoke0(Native Method)
	at sun.reflect.NativeMethodAccessorImpl.invoke(NativeMethodAccessorImpl.java:62)
	at sun.reflect.DelegatingMethodAccessorImpl.invoke(DelegatingMethodAccessorImpl.java:43)
	at java.lang.reflect.Method.invoke(Method.java:498)
	at org.junit.runners.model.FrameworkMethod$1.runReflectiveCall(FrameworkMethod.java:50)
	at org.junit.internal.runners.model.ReflectiveCallable.run(ReflectiveCallable.java:12)
	at org.junit.runners.model.FrameworkMethod.invokeExplosively(FrameworkMethod.java:47)
	at org.junit.internal.runners.statements.InvokeMethod.evaluate(InvokeMethod.java:17)
	at org.junit.internal.runners.statements.FailOnTimeout$CallableStatement.call(FailOnTimeout.java:298)
	at org.junit.internal.runners.statements.FailOnTimeout$CallableStatement.call(FailOnTimeout.java:292)
	at java.util.concurrent.FutureTask.run(FutureTask.java:266)
	at java.lang.Thread.run(Thread.java:748)
16) test038(org.apache.commons.cli.HelpFormatter_ESTest)
java.lang.NegativeArraySizeException
	at org.apache.commons.cli.HelpFormatter.createPadding(HelpFormatter.java:965)
	at org.apache.commons.cli.HelpFormatter.renderOptions(HelpFormatter.java:753)
	at org.apache.commons.cli.HelpFormatter_ESTest.test038(HelpFormatter_ESTest.java:644)
	at sun.reflect.NativeMethodAccessorImpl.invoke0(Native Method)
	at sun.reflect.NativeMethodAccessorImpl.invoke(NativeMethodAccessorImpl.java:62)
	at sun.reflect.DelegatingMethodAccessorImpl.invoke(DelegatingMethodAccessorImpl.java:43)
	at java.lang.reflect.Method.invoke(Method.java:498)
	at org.junit.runners.model.FrameworkMethod$1.runReflectiveCall(FrameworkMethod.java:50)
	at org.junit.internal.runners.model.ReflectiveCallable.run(ReflectiveCallable.java:12)
	at org.junit.runners.model.FrameworkMethod.invokeExplosively(FrameworkMethod.java:47)
	at org.junit.internal.runners.statements.InvokeMethod.evaluate(InvokeMethod.java:17)
	at org.junit.internal.runners.statements.FailOnTimeout$CallableStatement.call(FailOnTimeout.java:298)
	at org.junit.internal.runners.statements.FailOnTimeout$CallableStatement.call(FailOnTimeout.java:292)
	at java.util.concurrent.FutureTask.run(FutureTask.java:266)
	at java.lang.Thread.run(Thread.java:748)
17) test039(org.apache.commons.cli.HelpFormatter_ESTest)
java.lang.NegativeArraySizeException
	at org.apache.commons.cli.HelpFormatter.createPadding(HelpFormatter.java:965)
	at org.apache.commons.cli.HelpFormatter.renderOptions(HelpFormatter.java:753)
	at org.apache.commons.cli.HelpFormatter.printOptions(HelpFormatter.java:702)
	at org.apache.commons.cli.HelpFormatter.printHelp(HelpFormatter.java:525)
	at org.apache.commons.cli.HelpFormatter_ESTest.test039(HelpFormatter_ESTest.java:666)
	at sun.reflect.NativeMethodAccessorImpl.invoke0(Native Method)
	at sun.reflect.NativeMethodAccessorImpl.invoke(NativeMethodAccessorImpl.java:62)
	at sun.reflect.DelegatingMethodAccessorImpl.invoke(DelegatingMethodAccessorImpl.java:43)
	at java.lang.reflect.Method.invoke(Method.java:498)
	at org.junit.runners.model.FrameworkMethod$1.runReflectiveCall(FrameworkMethod.java:50)
	at org.junit.internal.runners.model.ReflectiveCallable.run(ReflectiveCallable.java:12)
	at org.junit.runners.model.FrameworkMethod.invokeExplosively(FrameworkMethod.java:47)
	at org.junit.internal.runners.statements.InvokeMethod.evaluate(InvokeMethod.java:17)
	at org.junit.internal.runners.statements.FailOnTimeout$CallableStatement.call(FailOnTimeout.java:298)
	at org.junit.internal.runners.statements.FailOnTimeout$CallableStatement.call(FailOnTimeout.java:292)
	at java.util.concurrent.FutureTask.run(FutureTask.java:266)
	at java.lang.Thread.run(Thread.java:748)
18) test042(org.apache.commons.cli.HelpFormatter_ESTest)
java.lang.StringIndexOutOfBoundsException: String index out of range: -742
	at java.lang.String.substring(String.java:1967)
	at org.apache.commons.cli.HelpFormatter.renderWrappedText(HelpFormatter.java:859)
	at org.apache.commons.cli.HelpFormatter_ESTest.test042(HelpFormatter_ESTest.java:722)
	at sun.reflect.NativeMethodAccessorImpl.invoke0(Native Method)
	at sun.reflect.NativeMethodAccessorImpl.invoke(NativeMethodAccessorImpl.java:62)
	at sun.reflect.DelegatingMethodAccessorImpl.invoke(DelegatingMethodAccessorImpl.java:43)
	at java.lang.reflect.Method.invoke(Method.java:498)
	at org.junit.runners.model.FrameworkMethod$1.runReflectiveCall(FrameworkMethod.java:50)
	at org.junit.internal.runners.model.ReflectiveCallable.run(ReflectiveCallable.java:12)
	at org.junit.runners.model.FrameworkMethod.invokeExplosively(FrameworkMethod.java:47)
	at org.junit.internal.runners.statements.InvokeMethod.evaluate(InvokeMethod.java:17)
	at org.junit.internal.runners.statements.FailOnTimeout$CallableStatement.call(FailOnTimeout.java:298)
	at org.junit.internal.runners.statements.FailOnTimeout$CallableStatement.call(FailOnTimeout.java:292)
	at java.util.concurrent.FutureTask.run(FutureTask.java:266)
	at java.lang.Thread.run(Thread.java:748)
19) test043(org.apache.commons.cli.HelpFormatter_ESTest)
org.evosuite.runtime.mock.java.lang.MockIllegalArgumentException: Illegal option name '-'
	at org.apache.commons.cli.OptionValidator.validateOption(OptionValidator.java:60)
	at org.apache.commons.cli.Option.<init>(Option.java:124)
	at org.apache.commons.cli.Option.<init>(Option.java:106)
	at org.apache.commons.cli.HelpFormatter_ESTest.test043(HelpFormatter_ESTest.java:743)
	at sun.reflect.NativeMethodAccessorImpl.invoke0(Native Method)
	at sun.reflect.NativeMethodAccessorImpl.invoke(NativeMethodAccessorImpl.java:62)
	at sun.reflect.DelegatingMethodAccessorImpl.invoke(DelegatingMethodAccessorImpl.java:43)
	at java.lang.reflect.Method.invoke(Method.java:498)
	at org.junit.runners.model.FrameworkMethod$1.runReflectiveCall(FrameworkMethod.java:50)
	at org.junit.internal.runners.model.ReflectiveCallable.run(ReflectiveCallable.java:12)
	at org.junit.runners.model.FrameworkMethod.invokeExplosively(FrameworkMethod.java:47)
	at org.junit.internal.runners.statements.InvokeMethod.evaluate(InvokeMethod.java:17)
	at org.junit.internal.runners.statements.FailOnTimeout$CallableStatement.call(FailOnTimeout.java:298)
	at org.junit.internal.runners.statements.FailOnTimeout$CallableStatement.call(FailOnTimeout.java:292)
	at java.util.concurrent.FutureTask.run(FutureTask.java:266)
	at java.lang.Thread.run(Thread.java:748)
20) test044(org.apache.commons.cli.HelpFormatter_ESTest)
java.lang.StringIndexOutOfBoundsException: String index out of range: -5
	at java.lang.String.substring(String.java:1967)
	at org.apache.commons.cli.HelpFormatter.renderWrappedText(HelpFormatter.java:859)
	at org.apache.commons.cli.HelpFormatter.printWrapped(HelpFormatter.java:730)
	at org.apache.commons.cli.HelpFormatter.printUsage(HelpFormatter.java:595)
	at org.apache.commons.cli.HelpFormatter_ESTest.test044(HelpFormatter_ESTest.java:772)
	at sun.reflect.NativeMethodAccessorImpl.invoke0(Native Method)
	at sun.reflect.NativeMethodAccessorImpl.invoke(NativeMethodAccessorImpl.java:62)
	at sun.reflect.DelegatingMethodAccessorImpl.invoke(DelegatingMethodAccessorImpl.java:43)
	at java.lang.reflect.Method.invoke(Method.java:498)
	at org.junit.runners.model.FrameworkMethod$1.runReflectiveCall(FrameworkMethod.java:50)
	at org.junit.internal.runners.model.ReflectiveCallable.run(ReflectiveCallable.java:12)
	at org.junit.runners.model.FrameworkMethod.invokeExplosively(FrameworkMethod.java:47)
	at org.junit.internal.runners.statements.InvokeMethod.evaluate(InvokeMethod.java:17)
	at org.junit.internal.runners.statements.FailOnTimeout$CallableStatement.call(FailOnTimeout.java:298)
	at org.junit.internal.runners.statements.FailOnTimeout$CallableStatement.call(FailOnTimeout.java:292)
	at java.util.concurrent.FutureTask.run(FutureTask.java:266)
	at java.lang.Thread.run(Thread.java:748)
21) test109(org.apache.commons.cli.HelpFormatter_ESTest)
java.io.UnsupportedEncodingException: --
	at org.evosuite.runtime.mock.java.io.MockPrintWriter.toCharset(MockPrintWriter.java:122)
	at org.evosuite.runtime.mock.java.io.MockPrintWriter.<init>(MockPrintWriter.java:106)
	at org.apache.commons.cli.HelpFormatter_ESTest.test109(HelpFormatter_ESTest.java:2095)
	at sun.reflect.NativeMethodAccessorImpl.invoke0(Native Method)
	at sun.reflect.NativeMethodAccessorImpl.invoke(NativeMethodAccessorImpl.java:62)
	at sun.reflect.DelegatingMethodAccessorImpl.invoke(DelegatingMethodAccessorImpl.java:43)
	at java.lang.reflect.Method.invoke(Method.java:498)
	at org.junit.runners.model.FrameworkMethod$1.runReflectiveCall(FrameworkMethod.java:50)
	at org.junit.internal.runners.model.ReflectiveCallable.run(ReflectiveCallable.java:12)
	at org.junit.runners.model.FrameworkMethod.invokeExplosively(FrameworkMethod.java:47)
	at org.junit.internal.runners.statements.InvokeMethod.evaluate(InvokeMethod.java:17)
	at org.junit.internal.runners.statements.FailOnTimeout$CallableStatement.call(FailOnTimeout.java:298)
	at org.junit.internal.runners.statements.FailOnTimeout$CallableStatement.call(FailOnTimeout.java:292)
	at java.util.concurrent.FutureTask.run(FutureTask.java:266)
	at java.lang.Thread.run(Thread.java:748)
22) test069(org.apache.commons.cli.HelpFormatter_ESTest)
java.lang.NullPointerException
	at org.apache.commons.cli.HelpFormatter.printWrapped(HelpFormatter.java:731)
	at org.apache.commons.cli.HelpFormatter.printUsage(HelpFormatter.java:682)
	at org.apache.commons.cli.HelpFormatter.printHelp(HelpFormatter.java:517)
	at org.apache.commons.cli.HelpFormatter.printHelp(HelpFormatter.java:479)
	at org.apache.commons.cli.HelpFormatter_ESTest.test069(HelpFormatter_ESTest.java:1285)
	at sun.reflect.NativeMethodAccessorImpl.invoke0(Native Method)
	at sun.reflect.NativeMethodAccessorImpl.invoke(NativeMethodAccessorImpl.java:62)
	at sun.reflect.DelegatingMethodAccessorImpl.invoke(DelegatingMethodAccessorImpl.java:43)
	at java.lang.reflect.Method.invoke(Method.java:498)
	at org.junit.runners.model.FrameworkMethod$1.runReflectiveCall(FrameworkMethod.java:50)
	at org.junit.internal.runners.model.ReflectiveCallable.run(ReflectiveCallable.java:12)
	at org.junit.runners.model.FrameworkMethod.invokeExplosively(FrameworkMethod.java:47)
	at org.junit.internal.runners.statements.InvokeMethod.evaluate(InvokeMethod.java:17)
	at org.junit.internal.runners.statements.FailOnTimeout$CallableStatement.call(FailOnTimeout.java:298)
	at org.junit.internal.runners.statements.FailOnTimeout$CallableStatement.call(FailOnTimeout.java:292)
	at java.util.concurrent.FutureTask.run(FutureTask.java:266)
	at java.lang.Thread.run(Thread.java:748)
23) test102(org.apache.commons.cli.HelpFormatter_ESTest)
java.lang.StringIndexOutOfBoundsException: String index out of range: -1813
	at java.lang.String.substring(String.java:1967)
	at org.apache.commons.cli.HelpFormatter.renderWrappedText(HelpFormatter.java:859)
	at org.apache.commons.cli.HelpFormatter.printWrapped(HelpFormatter.java:730)
	at org.apache.commons.cli.HelpFormatter.printUsage(HelpFormatter.java:682)
	at org.apache.commons.cli.HelpFormatter_ESTest.test102(HelpFormatter_ESTest.java:1930)
	at sun.reflect.NativeMethodAccessorImpl.invoke0(Native Method)
	at sun.reflect.NativeMethodAccessorImpl.invoke(NativeMethodAccessorImpl.java:62)
	at sun.reflect.DelegatingMethodAccessorImpl.invoke(DelegatingMethodAccessorImpl.java:43)
	at java.lang.reflect.Method.invoke(Method.java:498)
	at org.junit.runners.model.FrameworkMethod$1.runReflectiveCall(FrameworkMethod.java:50)
	at org.junit.internal.runners.model.ReflectiveCallable.run(ReflectiveCallable.java:12)
	at org.junit.runners.model.FrameworkMethod.invokeExplosively(FrameworkMethod.java:47)
	at org.junit.internal.runners.statements.InvokeMethod.evaluate(InvokeMethod.java:17)
	at org.junit.internal.runners.statements.FailOnTimeout$CallableStatement.call(FailOnTimeout.java:298)
	at org.junit.internal.runners.statements.FailOnTimeout$CallableStatement.call(FailOnTimeout.java:292)
	at java.util.concurrent.FutureTask.run(FutureTask.java:266)
	at java.lang.Thread.run(Thread.java:748)
24) test103(org.apache.commons.cli.HelpFormatter_ESTest)
java.lang.NullPointerException
	at org.apache.commons.cli.HelpFormatter.findWrapPos(HelpFormatter.java:922)
	at org.apache.commons.cli.HelpFormatter.renderWrappedText(HelpFormatter.java:851)
	at org.apache.commons.cli.HelpFormatter_ESTest.test103(HelpFormatter_ESTest.java:1944)
	at sun.reflect.NativeMethodAccessorImpl.invoke0(Native Method)
	at sun.reflect.NativeMethodAccessorImpl.invoke(NativeMethodAccessorImpl.java:62)
	at sun.reflect.DelegatingMethodAccessorImpl.invoke(DelegatingMethodAccessorImpl.java:43)
	at java.lang.reflect.Method.invoke(Method.java:498)
	at org.junit.runners.model.FrameworkMethod$1.runReflectiveCall(FrameworkMethod.java:50)
	at org.junit.internal.runners.model.ReflectiveCallable.run(ReflectiveCallable.java:12)
	at org.junit.runners.model.FrameworkMethod.invokeExplosively(FrameworkMethod.java:47)
	at org.junit.internal.runners.statements.InvokeMethod.evaluate(InvokeMethod.java:17)
	at org.junit.internal.runners.statements.FailOnTimeout$CallableStatement.call(FailOnTimeout.java:298)
	at org.junit.internal.runners.statements.FailOnTimeout$CallableStatement.call(FailOnTimeout.java:292)
	at java.util.concurrent.FutureTask.run(FutureTask.java:266)
	at java.lang.Thread.run(Thread.java:748)
25) test105(org.apache.commons.cli.HelpFormatter_ESTest)
java.lang.NullPointerException
	at java.io.File.<init>(File.java:279)
	at org.evosuite.runtime.mock.java.io.MockFile.<init>(MockFile.java:59)
	at org.apache.commons.cli.HelpFormatter_ESTest.test105(HelpFormatter_ESTest.java:1990)
	at sun.reflect.NativeMethodAccessorImpl.invoke0(Native Method)
	at sun.reflect.NativeMethodAccessorImpl.invoke(NativeMethodAccessorImpl.java:62)
	at sun.reflect.DelegatingMethodAccessorImpl.invoke(DelegatingMethodAccessorImpl.java:43)
	at java.lang.reflect.Method.invoke(Method.java:498)
	at org.junit.runners.model.FrameworkMethod$1.runReflectiveCall(FrameworkMethod.java:50)
	at org.junit.internal.runners.model.ReflectiveCallable.run(ReflectiveCallable.java:12)
	at org.junit.runners.model.FrameworkMethod.invokeExplosively(FrameworkMethod.java:47)
	at org.junit.internal.runners.statements.InvokeMethod.evaluate(InvokeMethod.java:17)
	at org.junit.internal.runners.statements.FailOnTimeout$CallableStatement.call(FailOnTimeout.java:298)
	at org.junit.internal.runners.statements.FailOnTimeout$CallableStatement.call(FailOnTimeout.java:292)
	at java.util.concurrent.FutureTask.run(FutureTask.java:266)
	at java.lang.Thread.run(Thread.java:748)
26) test106(org.apache.commons.cli.HelpFormatter_ESTest)
org.evosuite.runtime.mock.java.lang.MockIllegalArgumentException: The option '--' contains an illegal character : '-'
	at org.apache.commons.cli.OptionValidator.validateOption(OptionValidator.java:73)
	at org.apache.commons.cli.Option.<init>(Option.java:124)
	at org.apache.commons.cli.Option.<init>(Option.java:106)
	at org.apache.commons.cli.HelpFormatter_ESTest.test106(HelpFormatter_ESTest.java:2024)
	at sun.reflect.NativeMethodAccessorImpl.invoke0(Native Method)
	at sun.reflect.NativeMethodAccessorImpl.invoke(NativeMethodAccessorImpl.java:62)
	at sun.reflect.DelegatingMethodAccessorImpl.invoke(DelegatingMethodAccessorImpl.java:43)
	at java.lang.reflect.Method.invoke(Method.java:498)
	at org.junit.runners.model.FrameworkMethod$1.runReflectiveCall(FrameworkMethod.java:50)
	at org.junit.internal.runners.model.ReflectiveCallable.run(ReflectiveCallable.java:12)
	at org.junit.runners.model.FrameworkMethod.invokeExplosively(FrameworkMethod.java:47)
	at org.junit.internal.runners.statements.InvokeMethod.evaluate(InvokeMethod.java:17)
	at org.junit.internal.runners.statements.FailOnTimeout$CallableStatement.call(FailOnTimeout.java:298)
	at org.junit.internal.runners.statements.FailOnTimeout$CallableStatement.call(FailOnTimeout.java:292)
	at java.util.concurrent.FutureTask.run(FutureTask.java:266)
	at java.lang.Thread.run(Thread.java:748)
27) test107(org.apache.commons.cli.HelpFormatter_ESTest)
java.lang.NegativeArraySizeException
	at org.apache.commons.cli.HelpFormatter.createPadding(HelpFormatter.java:965)
	at org.apache.commons.cli.HelpFormatter.renderOptions(HelpFormatter.java:753)
	at org.apache.commons.cli.HelpFormatter.printOptions(HelpFormatter.java:702)
	at org.apache.commons.cli.HelpFormatter_ESTest.test107(HelpFormatter_ESTest.java:2050)
	at sun.reflect.NativeMethodAccessorImpl.invoke0(Native Method)
	at sun.reflect.NativeMethodAccessorImpl.invoke(NativeMethodAccessorImpl.java:62)
	at sun.reflect.DelegatingMethodAccessorImpl.invoke(DelegatingMethodAccessorImpl.java:43)
	at java.lang.reflect.Method.invoke(Method.java:498)
	at org.junit.runners.model.FrameworkMethod$1.runReflectiveCall(FrameworkMethod.java:50)
	at org.junit.internal.runners.model.ReflectiveCallable.run(ReflectiveCallable.java:12)
	at org.junit.runners.model.FrameworkMethod.invokeExplosively(FrameworkMethod.java:47)
	at org.junit.internal.runners.statements.InvokeMethod.evaluate(InvokeMethod.java:17)
	at org.junit.internal.runners.statements.FailOnTimeout$CallableStatement.call(FailOnTimeout.java:298)
	at org.junit.internal.runners.statements.FailOnTimeout$CallableStatement.call(FailOnTimeout.java:292)
	at java.util.concurrent.FutureTask.run(FutureTask.java:266)
	at java.lang.Thread.run(Thread.java:748)
28) test108(org.apache.commons.cli.HelpFormatter_ESTest)
java.io.UnsupportedEncodingException: --
	at org.evosuite.runtime.mock.java.io.MockPrintWriter.toCharset(MockPrintWriter.java:122)
	at org.evosuite.runtime.mock.java.io.MockPrintWriter.<init>(MockPrintWriter.java:106)
	at org.apache.commons.cli.HelpFormatter_ESTest.test108(HelpFormatter_ESTest.java:2074)
	at sun.reflect.NativeMethodAccessorImpl.invoke0(Native Method)
	at sun.reflect.NativeMethodAccessorImpl.invoke(NativeMethodAccessorImpl.java:62)
	at sun.reflect.DelegatingMethodAccessorImpl.invoke(DelegatingMethodAccessorImpl.java:43)
	at java.lang.reflect.Method.invoke(Method.java:498)
	at org.junit.runners.model.FrameworkMethod$1.runReflectiveCall(FrameworkMethod.java:50)
	at org.junit.internal.runners.model.ReflectiveCallable.run(ReflectiveCallable.java:12)
	at org.junit.runners.model.FrameworkMethod.invokeExplosively(FrameworkMethod.java:47)
	at org.junit.internal.runners.statements.InvokeMethod.evaluate(InvokeMethod.java:17)
	at org.junit.internal.runners.statements.FailOnTimeout$CallableStatement.call(FailOnTimeout.java:298)
	at org.junit.internal.runners.statements.FailOnTimeout$CallableStatement.call(FailOnTimeout.java:292)
	at java.util.concurrent.FutureTask.run(FutureTask.java:266)
	at java.lang.Thread.run(Thread.java:748)
29) test073(org.apache.commons.cli.HelpFormatter_ESTest)
org.evosuite.runtime.mock.java.lang.MockIllegalArgumentException: cmdLineSyntax not provided
	at org.apache.commons.cli.HelpFormatter.printHelp(HelpFormatter.java:508)
	at org.apache.commons.cli.HelpFormatter.printHelp(HelpFormatter.java:454)
	at org.apache.commons.cli.HelpFormatter.printHelp(HelpFormatter.java:417)
	at org.apache.commons.cli.HelpFormatter_ESTest.test073(HelpFormatter_ESTest.java:1379)
	at sun.reflect.NativeMethodAccessorImpl.invoke0(Native Method)
	at sun.reflect.NativeMethodAccessorImpl.invoke(NativeMethodAccessorImpl.java:62)
	at sun.reflect.DelegatingMethodAccessorImpl.invoke(DelegatingMethodAccessorImpl.java:43)
	at java.lang.reflect.Method.invoke(Method.java:498)
	at org.junit.runners.model.FrameworkMethod$1.runReflectiveCall(FrameworkMethod.java:50)
	at org.junit.internal.runners.model.ReflectiveCallable.run(ReflectiveCallable.java:12)
	at org.junit.runners.model.FrameworkMethod.invokeExplosively(FrameworkMethod.java:47)
	at org.junit.internal.runners.statements.InvokeMethod.evaluate(InvokeMethod.java:17)
	at org.junit.internal.runners.statements.FailOnTimeout$CallableStatement.call(FailOnTimeout.java:298)
	at org.junit.internal.runners.statements.FailOnTimeout$CallableStatement.call(FailOnTimeout.java:292)
	at java.util.concurrent.FutureTask.run(FutureTask.java:266)
	at java.lang.Thread.run(Thread.java:748)
30) test074(org.apache.commons.cli.HelpFormatter_ESTest)
java.lang.StringIndexOutOfBoundsException: String index out of range: -1746
	at java.lang.String.substring(String.java:1967)
	at org.apache.commons.cli.HelpFormatter.renderWrappedText(HelpFormatter.java:859)
	at org.apache.commons.cli.HelpFormatter.printWrapped(HelpFormatter.java:730)
	at org.apache.commons.cli.HelpFormatter.printUsage(HelpFormatter.java:595)
	at org.apache.commons.cli.HelpFormatter_ESTest.test074(HelpFormatter_ESTest.java:1400)
	at sun.reflect.NativeMethodAccessorImpl.invoke0(Native Method)
	at sun.reflect.NativeMethodAccessorImpl.invoke(NativeMethodAccessorImpl.java:62)
	at sun.reflect.DelegatingMethodAccessorImpl.invoke(DelegatingMethodAccessorImpl.java:43)
	at java.lang.reflect.Method.invoke(Method.java:498)
	at org.junit.runners.model.FrameworkMethod$1.runReflectiveCall(FrameworkMethod.java:50)
	at org.junit.internal.runners.model.ReflectiveCallable.run(ReflectiveCallable.java:12)
	at org.junit.runners.model.FrameworkMethod.invokeExplosively(FrameworkMethod.java:47)
	at org.junit.internal.runners.statements.InvokeMethod.evaluate(InvokeMethod.java:17)
	at org.junit.internal.runners.statements.FailOnTimeout$CallableStatement.call(FailOnTimeout.java:298)
	at org.junit.internal.runners.statements.FailOnTimeout$CallableStatement.call(FailOnTimeout.java:292)
	at java.util.concurrent.FutureTask.run(FutureTask.java:266)
	at java.lang.Thread.run(Thread.java:748)
31) test076(org.apache.commons.cli.HelpFormatter_ESTest)
org.evosuite.runtime.mock.java.lang.MockIllegalArgumentException: cmdLineSyntax not provided
	at org.apache.commons.cli.HelpFormatter.printHelp(HelpFormatter.java:508)
	at org.apache.commons.cli.HelpFormatter.printHelp(HelpFormatter.java:454)
	at org.apache.commons.cli.HelpFormatter_ESTest.test076(HelpFormatter_ESTest.java:1422)
	at sun.reflect.NativeMethodAccessorImpl.invoke0(Native Method)
	at sun.reflect.NativeMethodAccessorImpl.invoke(NativeMethodAccessorImpl.java:62)
	at sun.reflect.DelegatingMethodAccessorImpl.invoke(DelegatingMethodAccessorImpl.java:43)
	at java.lang.reflect.Method.invoke(Method.java:498)
	at org.junit.runners.model.FrameworkMethod$1.runReflectiveCall(FrameworkMethod.java:50)
	at org.junit.internal.runners.model.ReflectiveCallable.run(ReflectiveCallable.java:12)
	at org.junit.runners.model.FrameworkMethod.invokeExplosively(FrameworkMethod.java:47)
	at org.junit.internal.runners.statements.InvokeMethod.evaluate(InvokeMethod.java:17)
	at org.junit.internal.runners.statements.FailOnTimeout$CallableStatement.call(FailOnTimeout.java:298)
	at org.junit.internal.runners.statements.FailOnTimeout$CallableStatement.call(FailOnTimeout.java:292)
	at java.util.concurrent.FutureTask.run(FutureTask.java:266)
	at java.lang.Thread.run(Thread.java:748)
32) test110(org.apache.commons.cli.HelpFormatter_ESTest)
org.evosuite.runtime.mock.java.lang.MockIllegalArgumentException: The option '{.-;M?3__4J[9}_"' contains an illegal character : '{'
	at org.apache.commons.cli.OptionValidator.validateOption(OptionValidator.java:73)
	at org.apache.commons.cli.Option.<init>(Option.java:124)
	at org.apache.commons.cli.Options.addOption(Options.java:132)
	at org.apache.commons.cli.Options.addOption(Options.java:115)
	at org.apache.commons.cli.HelpFormatter_ESTest.test110(HelpFormatter_ESTest.java:2120)
	at sun.reflect.NativeMethodAccessorImpl.invoke0(Native Method)
	at sun.reflect.NativeMethodAccessorImpl.invoke(NativeMethodAccessorImpl.java:62)
	at sun.reflect.DelegatingMethodAccessorImpl.invoke(DelegatingMethodAccessorImpl.java:43)
	at java.lang.reflect.Method.invoke(Method.java:498)
	at org.junit.runners.model.FrameworkMethod$1.runReflectiveCall(FrameworkMethod.java:50)
	at org.junit.internal.runners.model.ReflectiveCallable.run(ReflectiveCallable.java:12)
	at org.junit.runners.model.FrameworkMethod.invokeExplosively(FrameworkMethod.java:47)
	at org.junit.internal.runners.statements.InvokeMethod.evaluate(InvokeMethod.java:17)
	at org.junit.internal.runners.statements.FailOnTimeout$CallableStatement.call(FailOnTimeout.java:298)
	at org.junit.internal.runners.statements.FailOnTimeout$CallableStatement.call(FailOnTimeout.java:292)
	at java.util.concurrent.FutureTask.run(FutureTask.java:266)
	at java.lang.Thread.run(Thread.java:748)
33) test078(org.apache.commons.cli.HelpFormatter_ESTest)
java.lang.NegativeArraySizeException
	at org.apache.commons.cli.HelpFormatter.createPadding(HelpFormatter.java:965)
	at org.apache.commons.cli.HelpFormatter.renderOptions(HelpFormatter.java:753)
	at org.apache.commons.cli.HelpFormatter.printOptions(HelpFormatter.java:702)
	at org.apache.commons.cli.HelpFormatter.printHelp(HelpFormatter.java:525)
	at org.apache.commons.cli.HelpFormatter_ESTest.test078(HelpFormatter_ESTest.java:1456)
	at sun.reflect.NativeMethodAccessorImpl.invoke0(Native Method)
	at sun.reflect.NativeMethodAccessorImpl.invoke(NativeMethodAccessorImpl.java:62)
	at sun.reflect.DelegatingMethodAccessorImpl.invoke(DelegatingMethodAccessorImpl.java:43)
	at java.lang.reflect.Method.invoke(Method.java:498)
	at org.junit.runners.model.FrameworkMethod$1.runReflectiveCall(FrameworkMethod.java:50)
	at org.junit.internal.runners.model.ReflectiveCallable.run(ReflectiveCallable.java:12)
	at org.junit.runners.model.FrameworkMethod.invokeExplosively(FrameworkMethod.java:47)
	at org.junit.internal.runners.statements.InvokeMethod.evaluate(InvokeMethod.java:17)
	at org.junit.internal.runners.statements.FailOnTimeout$CallableStatement.call(FailOnTimeout.java:298)
	at org.junit.internal.runners.statements.FailOnTimeout$CallableStatement.call(FailOnTimeout.java:292)
	at java.util.concurrent.FutureTask.run(FutureTask.java:266)
	at java.lang.Thread.run(Thread.java:748)
34) test111(org.apache.commons.cli.HelpFormatter_ESTest)
org.evosuite.runtime.mock.java.lang.MockIllegalArgumentException: The option 'J/}alZxSJUiS' contains an illegal character : '/'
	at org.apache.commons.cli.OptionValidator.validateOption(OptionValidator.java:73)
	at org.apache.commons.cli.Option.<init>(Option.java:124)
	at org.apache.commons.cli.Options.addOption(Options.java:132)
	at org.apache.commons.cli.HelpFormatter_ESTest.test111(HelpFormatter_ESTest.java:2141)
	at sun.reflect.NativeMethodAccessorImpl.invoke0(Native Method)
	at sun.reflect.NativeMethodAccessorImpl.invoke(NativeMethodAccessorImpl.java:62)
	at sun.reflect.DelegatingMethodAccessorImpl.invoke(DelegatingMethodAccessorImpl.java:43)
	at java.lang.reflect.Method.invoke(Method.java:498)
	at org.junit.runners.model.FrameworkMethod$1.runReflectiveCall(FrameworkMethod.java:50)
	at org.junit.internal.runners.model.ReflectiveCallable.run(ReflectiveCallable.java:12)
	at org.junit.runners.model.FrameworkMethod.invokeExplosively(FrameworkMethod.java:47)
	at org.junit.internal.runners.statements.InvokeMethod.evaluate(InvokeMethod.java:17)
	at org.junit.internal.runners.statements.FailOnTimeout$CallableStatement.call(FailOnTimeout.java:298)
	at org.junit.internal.runners.statements.FailOnTimeout$CallableStatement.call(FailOnTimeout.java:292)
	at java.util.concurrent.FutureTask.run(FutureTask.java:266)
	at java.lang.Thread.run(Thread.java:748)
35) test057(org.apache.commons.cli.HelpFormatter_ESTest)
org.evosuite.runtime.mock.java.lang.MockIllegalArgumentException: cmdLineSyntax not provided
	at org.apache.commons.cli.HelpFormatter.printHelp(HelpFormatter.java:508)
	at org.apache.commons.cli.HelpFormatter.printHelp(HelpFormatter.java:479)
	at org.apache.commons.cli.HelpFormatter_ESTest.test057(HelpFormatter_ESTest.java:1012)
	at sun.reflect.NativeMethodAccessorImpl.invoke0(Native Method)
	at sun.reflect.NativeMethodAccessorImpl.invoke(NativeMethodAccessorImpl.java:62)
	at sun.reflect.DelegatingMethodAccessorImpl.invoke(DelegatingMethodAccessorImpl.java:43)
	at java.lang.reflect.Method.invoke(Method.java:498)
	at org.junit.runners.model.FrameworkMethod$1.runReflectiveCall(FrameworkMethod.java:50)
	at org.junit.internal.runners.model.ReflectiveCallable.run(ReflectiveCallable.java:12)
	at org.junit.runners.model.FrameworkMethod.invokeExplosively(FrameworkMethod.java:47)
	at org.junit.internal.runners.statements.InvokeMethod.evaluate(InvokeMethod.java:17)
	at org.junit.internal.runners.statements.FailOnTimeout$CallableStatement.call(FailOnTimeout.java:298)
	at org.junit.internal.runners.statements.FailOnTimeout$CallableStatement.call(FailOnTimeout.java:292)
	at java.util.concurrent.FutureTask.run(FutureTask.java:266)
	at java.lang.Thread.run(Thread.java:748)
36) test059(org.apache.commons.cli.HelpFormatter_ESTest)
org.evosuite.runtime.mock.java.lang.MockIllegalArgumentException: cmdLineSyntax not provided
	at org.apache.commons.cli.HelpFormatter.printHelp(HelpFormatter.java:508)
	at org.apache.commons.cli.HelpFormatter.printHelp(HelpFormatter.java:454)
	at org.apache.commons.cli.HelpFormatter.printHelp(HelpFormatter.java:370)
	at org.apache.commons.cli.HelpFormatter_ESTest.test059(HelpFormatter_ESTest.java:1062)
	at sun.reflect.NativeMethodAccessorImpl.invoke0(Native Method)
	at sun.reflect.NativeMethodAccessorImpl.invoke(NativeMethodAccessorImpl.java:62)
	at sun.reflect.DelegatingMethodAccessorImpl.invoke(DelegatingMethodAccessorImpl.java:43)
	at java.lang.reflect.Method.invoke(Method.java:498)
	at org.junit.runners.model.FrameworkMethod$1.runReflectiveCall(FrameworkMethod.java:50)
	at org.junit.internal.runners.model.ReflectiveCallable.run(ReflectiveCallable.java:12)
	at org.junit.runners.model.FrameworkMethod.invokeExplosively(FrameworkMethod.java:47)
	at org.junit.internal.runners.statements.InvokeMethod.evaluate(InvokeMethod.java:17)
	at org.junit.internal.runners.statements.FailOnTimeout$CallableStatement.call(FailOnTimeout.java:298)
	at org.junit.internal.runners.statements.FailOnTimeout$CallableStatement.call(FailOnTimeout.java:292)
	at java.util.concurrent.FutureTask.run(FutureTask.java:266)
	at java.lang.Thread.run(Thread.java:748)
37) test061(org.apache.commons.cli.HelpFormatter_ESTest)
org.evosuite.runtime.mock.java.lang.MockIllegalArgumentException: cmdLineSyntax not provided
	at org.apache.commons.cli.HelpFormatter.printHelp(HelpFormatter.java:508)
	at org.apache.commons.cli.HelpFormatter.printHelp(HelpFormatter.java:454)
	at org.apache.commons.cli.HelpFormatter.printHelp(HelpFormatter.java:433)
	at org.apache.commons.cli.HelpFormatter_ESTest.test061(HelpFormatter_ESTest.java:1114)
	at sun.reflect.NativeMethodAccessorImpl.invoke0(Native Method)
	at sun.reflect.NativeMethodAccessorImpl.invoke(NativeMethodAccessorImpl.java:62)
	at sun.reflect.DelegatingMethodAccessorImpl.invoke(DelegatingMethodAccessorImpl.java:43)
	at java.lang.reflect.Method.invoke(Method.java:498)
	at org.junit.runners.model.FrameworkMethod$1.runReflectiveCall(FrameworkMethod.java:50)
	at org.junit.internal.runners.model.ReflectiveCallable.run(ReflectiveCallable.java:12)
	at org.junit.runners.model.FrameworkMethod.invokeExplosively(FrameworkMethod.java:47)
	at org.junit.internal.runners.statements.InvokeMethod.evaluate(InvokeMethod.java:17)
	at org.junit.internal.runners.statements.FailOnTimeout$CallableStatement.call(FailOnTimeout.java:298)
	at org.junit.internal.runners.statements.FailOnTimeout$CallableStatement.call(FailOnTimeout.java:292)
	at java.util.concurrent.FutureTask.run(FutureTask.java:266)
	at java.lang.Thread.run(Thread.java:748)
38) test062(org.apache.commons.cli.HelpFormatter_ESTest)
org.evosuite.runtime.mock.java.lang.MockIllegalArgumentException: cmdLineSyntax not provided
	at org.apache.commons.cli.HelpFormatter.printHelp(HelpFormatter.java:508)
	at org.apache.commons.cli.HelpFormatter.printHelp(HelpFormatter.java:454)
	at org.apache.commons.cli.HelpFormatter.printHelp(HelpFormatter.java:433)
	at org.apache.commons.cli.HelpFormatter_ESTest.test062(HelpFormatter_ESTest.java:1136)
	at sun.reflect.NativeMethodAccessorImpl.invoke0(Native Method)
	at sun.reflect.NativeMethodAccessorImpl.invoke(NativeMethodAccessorImpl.java:62)
	at sun.reflect.DelegatingMethodAccessorImpl.invoke(DelegatingMethodAccessorImpl.java:43)
	at java.lang.reflect.Method.invoke(Method.java:498)
	at org.junit.runners.model.FrameworkMethod$1.runReflectiveCall(FrameworkMethod.java:50)
	at org.junit.internal.runners.model.ReflectiveCallable.run(ReflectiveCallable.java:12)
	at org.junit.runners.model.FrameworkMethod.invokeExplosively(FrameworkMethod.java:47)
	at org.junit.internal.runners.statements.InvokeMethod.evaluate(InvokeMethod.java:17)
	at org.junit.internal.runners.statements.FailOnTimeout$CallableStatement.call(FailOnTimeout.java:298)
	at org.junit.internal.runners.statements.FailOnTimeout$CallableStatement.call(FailOnTimeout.java:292)
	at java.util.concurrent.FutureTask.run(FutureTask.java:266)
	at java.lang.Thread.run(Thread.java:748)
39) test063(org.apache.commons.cli.HelpFormatter_ESTest)
java.lang.StringIndexOutOfBoundsException: String index out of range: -3420
	at java.lang.String.substring(String.java:1967)
	at org.apache.commons.cli.HelpFormatter.renderWrappedText(HelpFormatter.java:859)
	at org.apache.commons.cli.HelpFormatter.printWrapped(HelpFormatter.java:730)
	at org.apache.commons.cli.HelpFormatter_ESTest.test063(HelpFormatter_ESTest.java:1166)
	at sun.reflect.NativeMethodAccessorImpl.invoke0(Native Method)
	at sun.reflect.NativeMethodAccessorImpl.invoke(NativeMethodAccessorImpl.java:62)
	at sun.reflect.DelegatingMethodAccessorImpl.invoke(DelegatingMethodAccessorImpl.java:43)
	at java.lang.reflect.Method.invoke(Method.java:498)
	at org.junit.runners.model.FrameworkMethod$1.runReflectiveCall(FrameworkMethod.java:50)
	at org.junit.internal.runners.model.ReflectiveCallable.run(ReflectiveCallable.java:12)
	at org.junit.runners.model.FrameworkMethod.invokeExplosively(FrameworkMethod.java:47)
	at org.junit.internal.runners.statements.InvokeMethod.evaluate(InvokeMethod.java:17)
	at org.junit.internal.runners.statements.FailOnTimeout$CallableStatement.call(FailOnTimeout.java:298)
	at org.junit.internal.runners.statements.FailOnTimeout$CallableStatement.call(FailOnTimeout.java:292)
	at java.util.concurrent.FutureTask.run(FutureTask.java:266)
	at java.lang.Thread.run(Thread.java:748)
40) test064(org.apache.commons.cli.HelpFormatter_ESTest)
org.evosuite.runtime.mock.java.lang.MockIllegalArgumentException: cmdLineSyntax not provided
	at org.apache.commons.cli.HelpFormatter.printHelp(HelpFormatter.java:508)
	at org.apache.commons.cli.HelpFormatter_ESTest.test064(HelpFormatter_ESTest.java:1190)
	at sun.reflect.NativeMethodAccessorImpl.invoke0(Native Method)
	at sun.reflect.NativeMethodAccessorImpl.invoke(NativeMethodAccessorImpl.java:62)
	at sun.reflect.DelegatingMethodAccessorImpl.invoke(DelegatingMethodAccessorImpl.java:43)
	at java.lang.reflect.Method.invoke(Method.java:498)
	at org.junit.runners.model.FrameworkMethod$1.runReflectiveCall(FrameworkMethod.java:50)
	at org.junit.internal.runners.model.ReflectiveCallable.run(ReflectiveCallable.java:12)
	at org.junit.runners.model.FrameworkMethod.invokeExplosively(FrameworkMethod.java:47)
	at org.junit.internal.runners.statements.InvokeMethod.evaluate(InvokeMethod.java:17)
	at org.junit.internal.runners.statements.FailOnTimeout$CallableStatement.call(FailOnTimeout.java:298)
	at org.junit.internal.runners.statements.FailOnTimeout$CallableStatement.call(FailOnTimeout.java:292)
	at java.util.concurrent.FutureTask.run(FutureTask.java:266)
	at java.lang.Thread.run(Thread.java:748)
41) test065(org.apache.commons.cli.HelpFormatter_ESTest)
org.evosuite.runtime.mock.java.lang.MockIllegalArgumentException: cmdLineSyntax not provided
	at org.apache.commons.cli.HelpFormatter.printHelp(HelpFormatter.java:508)
	at org.apache.commons.cli.HelpFormatter.printHelp(HelpFormatter.java:454)
	at org.apache.commons.cli.HelpFormatter.printHelp(HelpFormatter.java:417)
	at org.apache.commons.cli.HelpFormatter.printHelp(HelpFormatter.java:400)
	at org.apache.commons.cli.HelpFormatter_ESTest.test065(HelpFormatter_ESTest.java:1209)
	at sun.reflect.NativeMethodAccessorImpl.invoke0(Native Method)
	at sun.reflect.NativeMethodAccessorImpl.invoke(NativeMethodAccessorImpl.java:62)
	at sun.reflect.DelegatingMethodAccessorImpl.invoke(DelegatingMethodAccessorImpl.java:43)
	at java.lang.reflect.Method.invoke(Method.java:498)
	at org.junit.runners.model.FrameworkMethod$1.runReflectiveCall(FrameworkMethod.java:50)
	at org.junit.internal.runners.model.ReflectiveCallable.run(ReflectiveCallable.java:12)
	at org.junit.runners.model.FrameworkMethod.invokeExplosively(FrameworkMethod.java:47)
	at org.junit.internal.runners.statements.InvokeMethod.evaluate(InvokeMethod.java:17)
	at org.junit.internal.runners.statements.FailOnTimeout$CallableStatement.call(FailOnTimeout.java:298)
	at org.junit.internal.runners.statements.FailOnTimeout$CallableStatement.call(FailOnTimeout.java:292)
	at java.util.concurrent.FutureTask.run(FutureTask.java:266)
	at java.lang.Thread.run(Thread.java:748)
42) test066(org.apache.commons.cli.HelpFormatter_ESTest)
java.lang.NullPointerException
	at org.apache.commons.cli.HelpFormatter.printWrapped(HelpFormatter.java:731)
	at org.apache.commons.cli.HelpFormatter.printUsage(HelpFormatter.java:682)
	at org.apache.commons.cli.HelpFormatter.printHelp(HelpFormatter.java:517)
	at org.apache.commons.cli.HelpFormatter_ESTest.test066(HelpFormatter_ESTest.java:1231)
	at sun.reflect.NativeMethodAccessorImpl.invoke0(Native Method)
	at sun.reflect.NativeMethodAccessorImpl.invoke(NativeMethodAccessorImpl.java:62)
	at sun.reflect.DelegatingMethodAccessorImpl.invoke(DelegatingMethodAccessorImpl.java:43)
	at java.lang.reflect.Method.invoke(Method.java:498)
	at org.junit.runners.model.FrameworkMethod$1.runReflectiveCall(FrameworkMethod.java:50)
	at org.junit.internal.runners.model.ReflectiveCallable.run(ReflectiveCallable.java:12)
	at org.junit.runners.model.FrameworkMethod.invokeExplosively(FrameworkMethod.java:47)
	at org.junit.internal.runners.statements.InvokeMethod.evaluate(InvokeMethod.java:17)
	at org.junit.internal.runners.statements.FailOnTimeout$CallableStatement.call(FailOnTimeout.java:298)
	at org.junit.internal.runners.statements.FailOnTimeout$CallableStatement.call(FailOnTimeout.java:292)
	at java.util.concurrent.FutureTask.run(FutureTask.java:266)
	at java.lang.Thread.run(Thread.java:748)
43) test002(org.apache.commons.cli.HelpFormatter_ESTest)
java.lang.StringIndexOutOfBoundsException: String index out of range: -2280
	at java.lang.String.substring(String.java:1967)
	at org.apache.commons.cli.HelpFormatter.renderWrappedText(HelpFormatter.java:859)
	at org.apache.commons.cli.HelpFormatter.renderOptions(HelpFormatter.java:826)
	at org.apache.commons.cli.HelpFormatter_ESTest.test002(HelpFormatter_ESTest.java:70)
	at sun.reflect.NativeMethodAccessorImpl.invoke0(Native Method)
	at sun.reflect.NativeMethodAccessorImpl.invoke(NativeMethodAccessorImpl.java:62)
	at sun.reflect.DelegatingMethodAccessorImpl.invoke(DelegatingMethodAccessorImpl.java:43)
	at java.lang.reflect.Method.invoke(Method.java:498)
	at org.junit.runners.model.FrameworkMethod$1.runReflectiveCall(FrameworkMethod.java:50)
	at org.junit.internal.runners.model.ReflectiveCallable.run(ReflectiveCallable.java:12)
	at org.junit.runners.model.FrameworkMethod.invokeExplosively(FrameworkMethod.java:47)
	at org.junit.internal.runners.statements.InvokeMethod.evaluate(InvokeMethod.java:17)
	at org.junit.internal.runners.statements.FailOnTimeout$CallableStatement.call(FailOnTimeout.java:298)
	at org.junit.internal.runners.statements.FailOnTimeout$CallableStatement.call(FailOnTimeout.java:292)
	at java.util.concurrent.FutureTask.run(FutureTask.java:266)
	at java.lang.Thread.run(Thread.java:748)
44) test004(org.apache.commons.cli.HelpFormatter_ESTest)
java.lang.StringIndexOutOfBoundsException: String index out of range: -973
	at java.lang.String.substring(String.java:1967)
	at org.apache.commons.cli.HelpFormatter.renderWrappedText(HelpFormatter.java:859)
	at org.apache.commons.cli.HelpFormatter.printWrapped(HelpFormatter.java:730)
	at org.apache.commons.cli.HelpFormatter.printUsage(HelpFormatter.java:682)
	at org.apache.commons.cli.HelpFormatter.printHelp(HelpFormatter.java:517)
	at org.apache.commons.cli.HelpFormatter.printHelp(HelpFormatter.java:454)
	at org.apache.commons.cli.HelpFormatter.printHelp(HelpFormatter.java:433)
	at org.apache.commons.cli.HelpFormatter_ESTest.test004(HelpFormatter_ESTest.java:96)
	at sun.reflect.NativeMethodAccessorImpl.invoke0(Native Method)
	at sun.reflect.NativeMethodAccessorImpl.invoke(NativeMethodAccessorImpl.java:62)
	at sun.reflect.DelegatingMethodAccessorImpl.invoke(DelegatingMethodAccessorImpl.java:43)
	at java.lang.reflect.Method.invoke(Method.java:498)
	at org.junit.runners.model.FrameworkMethod$1.runReflectiveCall(FrameworkMethod.java:50)
	at org.junit.internal.runners.model.ReflectiveCallable.run(ReflectiveCallable.java:12)
	at org.junit.runners.model.FrameworkMethod.invokeExplosively(FrameworkMethod.java:47)
	at org.junit.internal.runners.statements.InvokeMethod.evaluate(InvokeMethod.java:17)
	at org.junit.internal.runners.statements.FailOnTimeout$CallableStatement.call(FailOnTimeout.java:298)
	at org.junit.internal.runners.statements.FailOnTimeout$CallableStatement.call(FailOnTimeout.java:292)
	at java.util.concurrent.FutureTask.run(FutureTask.java:266)
	at java.lang.Thread.run(Thread.java:748)
45) test005(org.apache.commons.cli.HelpFormatter_ESTest)
java.lang.NullPointerException
	at org.apache.commons.cli.HelpFormatter.printWrapped(HelpFormatter.java:728)
	at org.apache.commons.cli.HelpFormatter_ESTest.test005(HelpFormatter_ESTest.java:111)
	at sun.reflect.NativeMethodAccessorImpl.invoke0(Native Method)
	at sun.reflect.NativeMethodAccessorImpl.invoke(NativeMethodAccessorImpl.java:62)
	at sun.reflect.DelegatingMethodAccessorImpl.invoke(DelegatingMethodAccessorImpl.java:43)
	at java.lang.reflect.Method.invoke(Method.java:498)
	at org.junit.runners.model.FrameworkMethod$1.runReflectiveCall(FrameworkMethod.java:50)
	at org.junit.internal.runners.model.ReflectiveCallable.run(ReflectiveCallable.java:12)
	at org.junit.runners.model.FrameworkMethod.invokeExplosively(FrameworkMethod.java:47)
	at org.junit.internal.runners.statements.InvokeMethod.evaluate(InvokeMethod.java:17)
	at org.junit.internal.runners.statements.FailOnTimeout$CallableStatement.call(FailOnTimeout.java:298)
	at org.junit.internal.runners.statements.FailOnTimeout$CallableStatement.call(FailOnTimeout.java:292)
	at java.util.concurrent.FutureTask.run(FutureTask.java:266)
	at java.lang.Thread.run(Thread.java:748)
46) test007(org.apache.commons.cli.HelpFormatter_ESTest)
java.lang.NullPointerException
	at org.apache.commons.cli.HelpFormatter.renderOptions(HelpFormatter.java:763)
	at org.apache.commons.cli.HelpFormatter.printOptions(HelpFormatter.java:702)
	at org.apache.commons.cli.HelpFormatter.printHelp(HelpFormatter.java:525)
	at org.apache.commons.cli.HelpFormatter.printHelp(HelpFormatter.java:454)
	at org.apache.commons.cli.HelpFormatter.printHelp(HelpFormatter.java:433)
	at org.apache.commons.cli.HelpFormatter_ESTest.test007(HelpFormatter_ESTest.java:141)
	at sun.reflect.NativeMethodAccessorImpl.invoke0(Native Method)
	at sun.reflect.NativeMethodAccessorImpl.invoke(NativeMethodAccessorImpl.java:62)
	at sun.reflect.DelegatingMethodAccessorImpl.invoke(DelegatingMethodAccessorImpl.java:43)
	at java.lang.reflect.Method.invoke(Method.java:498)
	at org.junit.runners.model.FrameworkMethod$1.runReflectiveCall(FrameworkMethod.java:50)
	at org.junit.internal.runners.model.ReflectiveCallable.run(ReflectiveCallable.java:12)
	at org.junit.runners.model.FrameworkMethod.invokeExplosively(FrameworkMethod.java:47)
	at org.junit.internal.runners.statements.InvokeMethod.evaluate(InvokeMethod.java:17)
	at org.junit.internal.runners.statements.FailOnTimeout$CallableStatement.call(FailOnTimeout.java:298)
	at org.junit.internal.runners.statements.FailOnTimeout$CallableStatement.call(FailOnTimeout.java:292)
	at java.util.concurrent.FutureTask.run(FutureTask.java:266)
	at java.lang.Thread.run(Thread.java:748)
47) test008(org.apache.commons.cli.HelpFormatter_ESTest)
java.lang.NegativeArraySizeException
	at org.apache.commons.cli.HelpFormatter.createPadding(HelpFormatter.java:965)
	at org.apache.commons.cli.HelpFormatter.renderOptions(HelpFormatter.java:753)
	at org.apache.commons.cli.HelpFormatter.printOptions(HelpFormatter.java:702)
	at org.apache.commons.cli.HelpFormatter.printHelp(HelpFormatter.java:525)
	at org.apache.commons.cli.HelpFormatter.printHelp(HelpFormatter.java:454)
	at org.apache.commons.cli.HelpFormatter.printHelp(HelpFormatter.java:417)
	at org.apache.commons.cli.HelpFormatter_ESTest.test008(HelpFormatter_ESTest.java:164)
	at sun.reflect.NativeMethodAccessorImpl.invoke0(Native Method)
	at sun.reflect.NativeMethodAccessorImpl.invoke(NativeMethodAccessorImpl.java:62)
	at sun.reflect.DelegatingMethodAccessorImpl.invoke(DelegatingMethodAccessorImpl.java:43)
	at java.lang.reflect.Method.invoke(Method.java:498)
	at org.junit.runners.model.FrameworkMethod$1.runReflectiveCall(FrameworkMethod.java:50)
	at org.junit.internal.runners.model.ReflectiveCallable.run(ReflectiveCallable.java:12)
	at org.junit.runners.model.FrameworkMethod.invokeExplosively(FrameworkMethod.java:47)
	at org.junit.internal.runners.statements.InvokeMethod.evaluate(InvokeMethod.java:17)
	at org.junit.internal.runners.statements.FailOnTimeout$CallableStatement.call(FailOnTimeout.java:298)
	at org.junit.internal.runners.statements.FailOnTimeout$CallableStatement.call(FailOnTimeout.java:292)
	at java.util.concurrent.FutureTask.run(FutureTask.java:266)
	at java.lang.Thread.run(Thread.java:748)
48) test009(org.apache.commons.cli.HelpFormatter_ESTest)
java.lang.NullPointerException
	at org.apache.commons.cli.HelpFormatter.renderOptions(HelpFormatter.java:763)
	at org.apache.commons.cli.HelpFormatter_ESTest.test009(HelpFormatter_ESTest.java:188)
	at sun.reflect.NativeMethodAccessorImpl.invoke0(Native Method)
	at sun.reflect.NativeMethodAccessorImpl.invoke(NativeMethodAccessorImpl.java:62)
	at sun.reflect.DelegatingMethodAccessorImpl.invoke(DelegatingMethodAccessorImpl.java:43)
	at java.lang.reflect.Method.invoke(Method.java:498)
	at org.junit.runners.model.FrameworkMethod$1.runReflectiveCall(FrameworkMethod.java:50)
	at org.junit.internal.runners.model.ReflectiveCallable.run(ReflectiveCallable.java:12)
	at org.junit.runners.model.FrameworkMethod.invokeExplosively(FrameworkMethod.java:47)
	at org.junit.internal.runners.statements.InvokeMethod.evaluate(InvokeMethod.java:17)
	at org.junit.internal.runners.statements.FailOnTimeout$CallableStatement.call(FailOnTimeout.java:298)
	at org.junit.internal.runners.statements.FailOnTimeout$CallableStatement.call(FailOnTimeout.java:292)
	at java.util.concurrent.FutureTask.run(FutureTask.java:266)
	at java.lang.Thread.run(Thread.java:748)
49) test096(org.apache.commons.cli.HelpFormatter_ESTest)
java.io.FileNotFoundException
	at org.evosuite.runtime.mock.java.io.MockFileOutputStream.<init>(MockFileOutputStream.java:104)
	at org.evosuite.runtime.mock.java.io.MockFileOutputStream.<init>(MockFileOutputStream.java:59)
	at org.evosuite.runtime.mock.java.io.MockPrintWriter.<init>(MockPrintWriter.java:67)
	at org.apache.commons.cli.HelpFormatter_ESTest.test096(HelpFormatter_ESTest.java:1808)
	at sun.reflect.NativeMethodAccessorImpl.invoke0(Native Method)
	at sun.reflect.NativeMethodAccessorImpl.invoke(NativeMethodAccessorImpl.java:62)
	at sun.reflect.DelegatingMethodAccessorImpl.invoke(DelegatingMethodAccessorImpl.java:43)
	at java.lang.reflect.Method.invoke(Method.java:498)
	at org.junit.runners.model.FrameworkMethod$1.runReflectiveCall(FrameworkMethod.java:50)
	at org.junit.internal.runners.model.ReflectiveCallable.run(ReflectiveCallable.java:12)
	at org.junit.runners.model.FrameworkMethod.invokeExplosively(FrameworkMethod.java:47)
	at org.junit.internal.runners.statements.InvokeMethod.evaluate(InvokeMethod.java:17)
	at org.junit.internal.runners.statements.FailOnTimeout$CallableStatement.call(FailOnTimeout.java:298)
	at org.junit.internal.runners.statements.FailOnTimeout$CallableStatement.call(FailOnTimeout.java:292)
	at java.util.concurrent.FutureTask.run(FutureTask.java:266)
	at java.lang.Thread.run(Thread.java:748)
50) test097(org.apache.commons.cli.HelpFormatter_ESTest)
java.lang.NullPointerException
	at org.apache.commons.cli.HelpFormatter.printWrapped(HelpFormatter.java:731)
	at org.apache.commons.cli.HelpFormatter.printUsage(HelpFormatter.java:595)
	at org.apache.commons.cli.HelpFormatter_ESTest.test097(HelpFormatter_ESTest.java:1830)
	at sun.reflect.NativeMethodAccessorImpl.invoke0(Native Method)
	at sun.reflect.NativeMethodAccessorImpl.invoke(NativeMethodAccessorImpl.java:62)
	at sun.reflect.DelegatingMethodAccessorImpl.invoke(DelegatingMethodAccessorImpl.java:43)
	at java.lang.reflect.Method.invoke(Method.java:498)
	at org.junit.runners.model.FrameworkMethod$1.runReflectiveCall(FrameworkMethod.java:50)
	at org.junit.internal.runners.model.ReflectiveCallable.run(ReflectiveCallable.java:12)
	at org.junit.runners.model.FrameworkMethod.invokeExplosively(FrameworkMethod.java:47)
	at org.junit.internal.runners.statements.InvokeMethod.evaluate(InvokeMethod.java:17)
	at org.junit.internal.runners.statements.FailOnTimeout$CallableStatement.call(FailOnTimeout.java:298)
	at org.junit.internal.runners.statements.FailOnTimeout$CallableStatement.call(FailOnTimeout.java:292)
	at java.util.concurrent.FutureTask.run(FutureTask.java:266)
	at java.lang.Thread.run(Thread.java:748)
51) test010(org.apache.commons.cli.HelpFormatter_ESTest)
java.lang.StringIndexOutOfBoundsException: String index out of range: -3198
	at java.lang.String.substring(String.java:1967)
	at org.apache.commons.cli.HelpFormatter.renderWrappedText(HelpFormatter.java:859)
	at org.apache.commons.cli.HelpFormatter.printWrapped(HelpFormatter.java:730)
	at org.apache.commons.cli.HelpFormatter.printWrapped(HelpFormatter.java:715)
	at org.apache.commons.cli.HelpFormatter_ESTest.test010(HelpFormatter_ESTest.java:208)
	at sun.reflect.NativeMethodAccessorImpl.invoke0(Native Method)
	at sun.reflect.NativeMethodAccessorImpl.invoke(NativeMethodAccessorImpl.java:62)
	at sun.reflect.DelegatingMethodAccessorImpl.invoke(DelegatingMethodAccessorImpl.java:43)
	at java.lang.reflect.Method.invoke(Method.java:498)
	at org.junit.runners.model.FrameworkMethod$1.runReflectiveCall(FrameworkMethod.java:50)
	at org.junit.internal.runners.model.ReflectiveCallable.run(ReflectiveCallable.java:12)
	at org.junit.runners.model.FrameworkMethod.invokeExplosively(FrameworkMethod.java:47)
	at org.junit.internal.runners.statements.InvokeMethod.evaluate(InvokeMethod.java:17)
	at org.junit.internal.runners.statements.FailOnTimeout$CallableStatement.call(FailOnTimeout.java:298)
	at org.junit.internal.runners.statements.FailOnTimeout$CallableStatement.call(FailOnTimeout.java:292)
	at java.util.concurrent.FutureTask.run(FutureTask.java:266)
	at java.lang.Thread.run(Thread.java:748)
52) test098(org.apache.commons.cli.HelpFormatter_ESTest)
java.lang.NullPointerException
	at org.apache.commons.cli.HelpFormatter.findWrapPos(HelpFormatter.java:922)
	at org.apache.commons.cli.HelpFormatter_ESTest.test098(HelpFormatter_ESTest.java:1848)
	at sun.reflect.NativeMethodAccessorImpl.invoke0(Native Method)
	at sun.reflect.NativeMethodAccessorImpl.invoke(NativeMethodAccessorImpl.java:62)
	at sun.reflect.DelegatingMethodAccessorImpl.invoke(DelegatingMethodAccessorImpl.java:43)
	at java.lang.reflect.Method.invoke(Method.java:498)
	at org.junit.runners.model.FrameworkMethod$1.runReflectiveCall(FrameworkMethod.java:50)
	at org.junit.internal.runners.model.ReflectiveCallable.run(ReflectiveCallable.java:12)
	at org.junit.runners.model.FrameworkMethod.invokeExplosively(FrameworkMethod.java:47)
	at org.junit.internal.runners.statements.InvokeMethod.evaluate(InvokeMethod.java:17)
	at org.junit.internal.runners.statements.FailOnTimeout$CallableStatement.call(FailOnTimeout.java:298)
	at org.junit.internal.runners.statements.FailOnTimeout$CallableStatement.call(FailOnTimeout.java:292)
	at java.util.concurrent.FutureTask.run(FutureTask.java:266)
	at java.lang.Thread.run(Thread.java:748)
53) test099(org.apache.commons.cli.HelpFormatter_ESTest)
java.lang.StringIndexOutOfBoundsException: String index out of range: -3420
	at java.lang.String.substring(String.java:1967)
	at org.apache.commons.cli.HelpFormatter.renderWrappedText(HelpFormatter.java:859)
	at org.apache.commons.cli.HelpFormatter.printWrapped(HelpFormatter.java:730)
	at org.apache.commons.cli.HelpFormatter.printUsage(HelpFormatter.java:682)
	at org.apache.commons.cli.HelpFormatter.printHelp(HelpFormatter.java:517)
	at org.apache.commons.cli.HelpFormatter.printHelp(HelpFormatter.java:479)
	at org.apache.commons.cli.HelpFormatter_ESTest.test099(HelpFormatter_ESTest.java:1874)
	at sun.reflect.NativeMethodAccessorImpl.invoke0(Native Method)
	at sun.reflect.NativeMethodAccessorImpl.invoke(NativeMethodAccessorImpl.java:62)
	at sun.reflect.DelegatingMethodAccessorImpl.invoke(DelegatingMethodAccessorImpl.java:43)
	at java.lang.reflect.Method.invoke(Method.java:498)
	at org.junit.runners.model.FrameworkMethod$1.runReflectiveCall(FrameworkMethod.java:50)
	at org.junit.internal.runners.model.ReflectiveCallable.run(ReflectiveCallable.java:12)
	at org.junit.runners.model.FrameworkMethod.invokeExplosively(FrameworkMethod.java:47)
	at org.junit.internal.runners.statements.InvokeMethod.evaluate(InvokeMethod.java:17)
	at org.junit.internal.runners.statements.FailOnTimeout$CallableStatement.call(FailOnTimeout.java:298)
	at org.junit.internal.runners.statements.FailOnTimeout$CallableStatement.call(FailOnTimeout.java:292)
	at java.util.concurrent.FutureTask.run(FutureTask.java:266)
	at java.lang.Thread.run(Thread.java:748)
54) test091(org.apache.commons.cli.HelpFormatter_ESTest)
java.lang.NullPointerException
	at org.apache.commons.cli.HelpFormatter.printWrapped(HelpFormatter.java:731)
	at org.apache.commons.cli.HelpFormatter.printUsage(HelpFormatter.java:595)
	at org.apache.commons.cli.HelpFormatter_ESTest.test091(HelpFormatter_ESTest.java:1728)
	at sun.reflect.NativeMethodAccessorImpl.invoke0(Native Method)
	at sun.reflect.NativeMethodAccessorImpl.invoke(NativeMethodAccessorImpl.java:62)
	at sun.reflect.DelegatingMethodAccessorImpl.invoke(DelegatingMethodAccessorImpl.java:43)
	at java.lang.reflect.Method.invoke(Method.java:498)
	at org.junit.runners.model.FrameworkMethod$1.runReflectiveCall(FrameworkMethod.java:50)
	at org.junit.internal.runners.model.ReflectiveCallable.run(ReflectiveCallable.java:12)
	at org.junit.runners.model.FrameworkMethod.invokeExplosively(FrameworkMethod.java:47)
	at org.junit.internal.runners.statements.InvokeMethod.evaluate(InvokeMethod.java:17)
	at org.junit.internal.runners.statements.FailOnTimeout$CallableStatement.call(FailOnTimeout.java:298)
	at org.junit.internal.runners.statements.FailOnTimeout$CallableStatement.call(FailOnTimeout.java:292)
	at java.util.concurrent.FutureTask.run(FutureTask.java:266)
	at java.lang.Thread.run(Thread.java:748)
55) test079(org.apache.commons.cli.HelpFormatter_ESTest)
java.lang.NegativeArraySizeException
	at org.apache.commons.cli.HelpFormatter.createPadding(HelpFormatter.java:965)
	at org.apache.commons.cli.HelpFormatter.renderOptions(HelpFormatter.java:752)
	at org.apache.commons.cli.HelpFormatter.printOptions(HelpFormatter.java:702)
	at org.apache.commons.cli.HelpFormatter.printHelp(HelpFormatter.java:525)
	at org.apache.commons.cli.HelpFormatter_ESTest.test079(HelpFormatter_ESTest.java:1488)
	at sun.reflect.NativeMethodAccessorImpl.invoke0(Native Method)
	at sun.reflect.NativeMethodAccessorImpl.invoke(NativeMethodAccessorImpl.java:62)
	at sun.reflect.DelegatingMethodAccessorImpl.invoke(DelegatingMethodAccessorImpl.java:43)
	at java.lang.reflect.Method.invoke(Method.java:498)
	at org.junit.runners.model.FrameworkMethod$1.runReflectiveCall(FrameworkMethod.java:50)
	at org.junit.internal.runners.model.ReflectiveCallable.run(ReflectiveCallable.java:12)
	at org.junit.runners.model.FrameworkMethod.invokeExplosively(FrameworkMethod.java:47)
	at org.junit.internal.runners.statements.InvokeMethod.evaluate(InvokeMethod.java:17)
	at org.junit.internal.runners.statements.FailOnTimeout$CallableStatement.call(FailOnTimeout.java:298)
	at org.junit.internal.runners.statements.FailOnTimeout$CallableStatement.call(FailOnTimeout.java:292)
	at java.util.concurrent.FutureTask.run(FutureTask.java:266)
	at java.lang.Thread.run(Thread.java:748)
56) test113(org.apache.commons.cli.HelpFormatter_ESTest)
org.evosuite.runtime.mock.java.lang.MockIllegalArgumentException: cmdLineSyntax not provided
	at org.apache.commons.cli.HelpFormatter.printHelp(HelpFormatter.java:508)
	at org.apache.commons.cli.HelpFormatter.printHelp(HelpFormatter.java:454)
	at org.apache.commons.cli.HelpFormatter.printHelp(HelpFormatter.java:385)
	at org.apache.commons.cli.HelpFormatter_ESTest.test113(HelpFormatter_ESTest.java:2169)
	at sun.reflect.NativeMethodAccessorImpl.invoke0(Native Method)
	at sun.reflect.NativeMethodAccessorImpl.invoke(NativeMethodAccessorImpl.java:62)
	at sun.reflect.DelegatingMethodAccessorImpl.invoke(DelegatingMethodAccessorImpl.java:43)
	at java.lang.reflect.Method.invoke(Method.java:498)
	at org.junit.runners.model.FrameworkMethod$1.runReflectiveCall(FrameworkMethod.java:50)
	at org.junit.internal.runners.model.ReflectiveCallable.run(ReflectiveCallable.java:12)
	at org.junit.runners.model.FrameworkMethod.invokeExplosively(FrameworkMethod.java:47)
	at org.junit.internal.runners.statements.InvokeMethod.evaluate(InvokeMethod.java:17)
	at org.junit.internal.runners.statements.FailOnTimeout$CallableStatement.call(FailOnTimeout.java:298)
	at org.junit.internal.runners.statements.FailOnTimeout$CallableStatement.call(FailOnTimeout.java:292)
	at java.util.concurrent.FutureTask.run(FutureTask.java:266)
	at java.lang.Thread.run(Thread.java:748)
57) test115(org.apache.commons.cli.HelpFormatter_ESTest)
java.lang.NullPointerException: Null output stream
	at java.io.PrintStream.requireNonNull(PrintStream.java:79)
	at java.io.PrintStream.<init>(PrintStream.java:176)
	at org.evosuite.runtime.mock.java.io.MockPrintStream.<init>(MockPrintStream.java:53)
	at org.apache.commons.cli.HelpFormatter_ESTest.test115(HelpFormatter_ESTest.java:2200)
	at sun.reflect.NativeMethodAccessorImpl.invoke0(Native Method)
	at sun.reflect.NativeMethodAccessorImpl.invoke(NativeMethodAccessorImpl.java:62)
	at sun.reflect.DelegatingMethodAccessorImpl.invoke(DelegatingMethodAccessorImpl.java:43)
	at java.lang.reflect.Method.invoke(Method.java:498)
	at org.junit.runners.model.FrameworkMethod$1.runReflectiveCall(FrameworkMethod.java:50)
	at org.junit.internal.runners.model.ReflectiveCallable.run(ReflectiveCallable.java:12)
	at org.junit.runners.model.FrameworkMethod.invokeExplosively(FrameworkMethod.java:47)
	at org.junit.internal.runners.statements.InvokeMethod.evaluate(InvokeMethod.java:17)
	at org.junit.internal.runners.statements.FailOnTimeout$CallableStatement.call(FailOnTimeout.java:298)
	at org.junit.internal.runners.statements.FailOnTimeout$CallableStatement.call(FailOnTimeout.java:292)
	at java.util.concurrent.FutureTask.run(FutureTask.java:266)
	at java.lang.Thread.run(Thread.java:748)
58) test117(org.apache.commons.cli.HelpFormatter_ESTest)
java.io.UnsupportedEncodingException: YF=
	at org.evosuite.runtime.mock.java.io.MockPrintWriter.toCharset(MockPrintWriter.java:122)
	at org.evosuite.runtime.mock.java.io.MockPrintWriter.<init>(MockPrintWriter.java:106)
	at org.apache.commons.cli.HelpFormatter_ESTest.test117(HelpFormatter_ESTest.java:2232)
	at sun.reflect.NativeMethodAccessorImpl.invoke0(Native Method)
	at sun.reflect.NativeMethodAccessorImpl.invoke(NativeMethodAccessorImpl.java:62)
	at sun.reflect.DelegatingMethodAccessorImpl.invoke(DelegatingMethodAccessorImpl.java:43)
	at java.lang.reflect.Method.invoke(Method.java:498)
	at org.junit.runners.model.FrameworkMethod$1.runReflectiveCall(FrameworkMethod.java:50)
	at org.junit.internal.runners.model.ReflectiveCallable.run(ReflectiveCallable.java:12)
	at org.junit.runners.model.FrameworkMethod.invokeExplosively(FrameworkMethod.java:47)
	at org.junit.internal.runners.statements.InvokeMethod.evaluate(InvokeMethod.java:17)
	at org.junit.internal.runners.statements.FailOnTimeout$CallableStatement.call(FailOnTimeout.java:298)
	at org.junit.internal.runners.statements.FailOnTimeout$CallableStatement.call(FailOnTimeout.java:292)
	at java.util.concurrent.FutureTask.run(FutureTask.java:266)
	at java.lang.Thread.run(Thread.java:748)
59) test118(org.apache.commons.cli.HelpFormatter_ESTest)
org.evosuite.runtime.mock.java.lang.MockIllegalArgumentException: The option '7(hs5J"3z(/6m' contains an illegal character : '('
	at org.apache.commons.cli.OptionValidator.validateOption(OptionValidator.java:73)
	at org.apache.commons.cli.Option.<init>(Option.java:124)
	at org.apache.commons.cli.Options.addOption(Options.java:132)
	at org.apache.commons.cli.HelpFormatter_ESTest.test118(HelpFormatter_ESTest.java:2257)
	at sun.reflect.NativeMethodAccessorImpl.invoke0(Native Method)
	at sun.reflect.NativeMethodAccessorImpl.invoke(NativeMethodAccessorImpl.java:62)
	at sun.reflect.DelegatingMethodAccessorImpl.invoke(DelegatingMethodAccessorImpl.java:43)
	at java.lang.reflect.Method.invoke(Method.java:498)
	at org.junit.runners.model.FrameworkMethod$1.runReflectiveCall(FrameworkMethod.java:50)
	at org.junit.internal.runners.model.ReflectiveCallable.run(ReflectiveCallable.java:12)
	at org.junit.runners.model.FrameworkMethod.invokeExplosively(FrameworkMethod.java:47)
	at org.junit.internal.runners.statements.InvokeMethod.evaluate(InvokeMethod.java:17)
	at org.junit.internal.runners.statements.FailOnTimeout$CallableStatement.call(FailOnTimeout.java:298)
	at org.junit.internal.runners.statements.FailOnTimeout$CallableStatement.call(FailOnTimeout.java:292)
	at java.util.concurrent.FutureTask.run(FutureTask.java:266)
	at java.lang.Thread.run(Thread.java:748)
60) test119(org.apache.commons.cli.HelpFormatter_ESTest)
org.evosuite.runtime.mock.java.lang.MockIllegalArgumentException: cmdLineSyntax not provided
	at org.apache.commons.cli.HelpFormatter.printHelp(HelpFormatter.java:508)
	at org.apache.commons.cli.HelpFormatter.printHelp(HelpFormatter.java:454)
	at org.apache.commons.cli.HelpFormatter.printHelp(HelpFormatter.java:385)
	at org.apache.commons.cli.HelpFormatter_ESTest.test119(HelpFormatter_ESTest.java:2277)
	at sun.reflect.NativeMethodAccessorImpl.invoke0(Native Method)
	at sun.reflect.NativeMethodAccessorImpl.invoke(NativeMethodAccessorImpl.java:62)
	at sun.reflect.DelegatingMethodAccessorImpl.invoke(DelegatingMethodAccessorImpl.java:43)
	at java.lang.reflect.Method.invoke(Method.java:498)
	at org.junit.runners.model.FrameworkMethod$1.runReflectiveCall(FrameworkMethod.java:50)
	at org.junit.internal.runners.model.ReflectiveCallable.run(ReflectiveCallable.java:12)
	at org.junit.runners.model.FrameworkMethod.invokeExplosively(FrameworkMethod.java:47)
	at org.junit.internal.runners.statements.InvokeMethod.evaluate(InvokeMethod.java:17)
	at org.junit.internal.runners.statements.FailOnTimeout$CallableStatement.call(FailOnTimeout.java:298)
	at org.junit.internal.runners.statements.FailOnTimeout$CallableStatement.call(FailOnTimeout.java:292)
	at java.util.concurrent.FutureTask.run(FutureTask.java:266)
	at java.lang.Thread.run(Thread.java:748)
61) test084(org.apache.commons.cli.HelpFormatter_ESTest)
java.io.UnsupportedEncodingException: 
	at org.evosuite.runtime.mock.java.io.MockPrintWriter.toCharset(MockPrintWriter.java:122)
	at org.evosuite.runtime.mock.java.io.MockPrintWriter.<init>(MockPrintWriter.java:87)
	at org.apache.commons.cli.HelpFormatter_ESTest.test084(HelpFormatter_ESTest.java:1580)
	at sun.reflect.NativeMethodAccessorImpl.invoke0(Native Method)
	at sun.reflect.NativeMethodAccessorImpl.invoke(NativeMethodAccessorImpl.java:62)
	at sun.reflect.DelegatingMethodAccessorImpl.invoke(DelegatingMethodAccessorImpl.java:43)
	at java.lang.reflect.Method.invoke(Method.java:498)
	at org.junit.runners.model.FrameworkMethod$1.runReflectiveCall(FrameworkMethod.java:50)
	at org.junit.internal.runners.model.ReflectiveCallable.run(ReflectiveCallable.java:12)
	at org.junit.runners.model.FrameworkMethod.invokeExplosively(FrameworkMethod.java:47)
	at org.junit.internal.runners.statements.InvokeMethod.evaluate(InvokeMethod.java:17)
	at org.junit.internal.runners.statements.FailOnTimeout$CallableStatement.call(FailOnTimeout.java:298)
	at org.junit.internal.runners.statements.FailOnTimeout$CallableStatement.call(FailOnTimeout.java:292)
	at java.util.concurrent.FutureTask.run(FutureTask.java:266)
	at java.lang.Thread.run(Thread.java:748)
62) test085(org.apache.commons.cli.HelpFormatter_ESTest)
java.lang.StringIndexOutOfBoundsException: String index out of range: -3260
	at java.lang.String.substring(String.java:1967)
	at org.apache.commons.cli.HelpFormatter.renderWrappedText(HelpFormatter.java:859)
	at org.apache.commons.cli.HelpFormatter.printWrapped(HelpFormatter.java:730)
	at org.apache.commons.cli.HelpFormatter.printUsage(HelpFormatter.java:595)
	at org.apache.commons.cli.HelpFormatter.printHelp(HelpFormatter.java:513)
	at org.apache.commons.cli.HelpFormatter.printHelp(HelpFormatter.java:454)
	at org.apache.commons.cli.HelpFormatter_ESTest.test085(HelpFormatter_ESTest.java:1603)
	at sun.reflect.NativeMethodAccessorImpl.invoke0(Native Method)
	at sun.reflect.NativeMethodAccessorImpl.invoke(NativeMethodAccessorImpl.java:62)
	at sun.reflect.DelegatingMethodAccessorImpl.invoke(DelegatingMethodAccessorImpl.java:43)
	at java.lang.reflect.Method.invoke(Method.java:498)
	at org.junit.runners.model.FrameworkMethod$1.runReflectiveCall(FrameworkMethod.java:50)
	at org.junit.internal.runners.model.ReflectiveCallable.run(ReflectiveCallable.java:12)
	at org.junit.runners.model.FrameworkMethod.invokeExplosively(FrameworkMethod.java:47)
	at org.junit.internal.runners.statements.InvokeMethod.evaluate(InvokeMethod.java:17)
	at org.junit.internal.runners.statements.FailOnTimeout$CallableStatement.call(FailOnTimeout.java:298)
	at org.junit.internal.runners.statements.FailOnTimeout$CallableStatement.call(FailOnTimeout.java:292)
	at java.util.concurrent.FutureTask.run(FutureTask.java:266)
	at java.lang.Thread.run(Thread.java:748)
63) test086(org.apache.commons.cli.HelpFormatter_ESTest)
java.lang.NegativeArraySizeException
	at org.apache.commons.cli.HelpFormatter.createPadding(HelpFormatter.java:965)
	at org.apache.commons.cli.HelpFormatter.renderOptions(HelpFormatter.java:753)
	at org.apache.commons.cli.HelpFormatter.printOptions(HelpFormatter.java:702)
	at org.apache.commons.cli.HelpFormatter.printHelp(HelpFormatter.java:525)
	at org.apache.commons.cli.HelpFormatter.printHelp(HelpFormatter.java:454)
	at org.apache.commons.cli.HelpFormatter.printHelp(HelpFormatter.java:385)
	at org.apache.commons.cli.HelpFormatter_ESTest.test086(HelpFormatter_ESTest.java:1630)
	at sun.reflect.NativeMethodAccessorImpl.invoke0(Native Method)
	at sun.reflect.NativeMethodAccessorImpl.invoke(NativeMethodAccessorImpl.java:62)
	at sun.reflect.DelegatingMethodAccessorImpl.invoke(DelegatingMethodAccessorImpl.java:43)
	at java.lang.reflect.Method.invoke(Method.java:498)
	at org.junit.runners.model.FrameworkMethod$1.runReflectiveCall(FrameworkMethod.java:50)
	at org.junit.internal.runners.model.ReflectiveCallable.run(ReflectiveCallable.java:12)
	at org.junit.runners.model.FrameworkMethod.invokeExplosively(FrameworkMethod.java:47)
	at org.junit.internal.runners.statements.InvokeMethod.evaluate(InvokeMethod.java:17)
	at org.junit.internal.runners.statements.FailOnTimeout$CallableStatement.call(FailOnTimeout.java:298)
	at org.junit.internal.runners.statements.FailOnTimeout$CallableStatement.call(FailOnTimeout.java:292)
	at java.util.concurrent.FutureTask.run(FutureTask.java:266)
	at java.lang.Thread.run(Thread.java:748)
64) test087(org.apache.commons.cli.HelpFormatter_ESTest)
java.io.FileNotFoundException
	at org.evosuite.runtime.mock.java.io.MockFileOutputStream.<init>(MockFileOutputStream.java:104)
	at org.evosuite.runtime.mock.java.io.MockFileOutputStream.<init>(MockFileOutputStream.java:59)
	at org.evosuite.runtime.mock.java.io.MockPrintWriter.<init>(MockPrintWriter.java:67)
	at org.apache.commons.cli.HelpFormatter_ESTest.test087(HelpFormatter_ESTest.java:1651)
	at sun.reflect.NativeMethodAccessorImpl.invoke0(Native Method)
	at sun.reflect.NativeMethodAccessorImpl.invoke(NativeMethodAccessorImpl.java:62)
	at sun.reflect.DelegatingMethodAccessorImpl.invoke(DelegatingMethodAccessorImpl.java:43)
	at java.lang.reflect.Method.invoke(Method.java:498)
	at org.junit.runners.model.FrameworkMethod$1.runReflectiveCall(FrameworkMethod.java:50)
	at org.junit.internal.runners.model.ReflectiveCallable.run(ReflectiveCallable.java:12)
	at org.junit.runners.model.FrameworkMethod.invokeExplosively(FrameworkMethod.java:47)
	at org.junit.internal.runners.statements.InvokeMethod.evaluate(InvokeMethod.java:17)
	at org.junit.internal.runners.statements.FailOnTimeout$CallableStatement.call(FailOnTimeout.java:298)
	at org.junit.internal.runners.statements.FailOnTimeout$CallableStatement.call(FailOnTimeout.java:292)
	at java.util.concurrent.FutureTask.run(FutureTask.java:266)
	at java.lang.Thread.run(Thread.java:748)
65) test120(org.apache.commons.cli.HelpFormatter_ESTest)
java.lang.NullPointerException
	at org.apache.commons.cli.HelpFormatter.printUsage(HelpFormatter.java:680)
	at org.apache.commons.cli.HelpFormatter_ESTest.test120(HelpFormatter_ESTest.java:2297)
	at sun.reflect.NativeMethodAccessorImpl.invoke0(Native Method)
	at sun.reflect.NativeMethodAccessorImpl.invoke(NativeMethodAccessorImpl.java:62)
	at sun.reflect.DelegatingMethodAccessorImpl.invoke(DelegatingMethodAccessorImpl.java:43)
	at java.lang.reflect.Method.invoke(Method.java:498)
	at org.junit.runners.model.FrameworkMethod$1.runReflectiveCall(FrameworkMethod.java:50)
	at org.junit.internal.runners.model.ReflectiveCallable.run(ReflectiveCallable.java:12)
	at org.junit.runners.model.FrameworkMethod.invokeExplosively(FrameworkMethod.java:47)
	at org.junit.internal.runners.statements.InvokeMethod.evaluate(InvokeMethod.java:17)
	at org.junit.internal.runners.statements.FailOnTimeout$CallableStatement.call(FailOnTimeout.java:298)
	at org.junit.internal.runners.statements.FailOnTimeout$CallableStatement.call(FailOnTimeout.java:292)
	at java.util.concurrent.FutureTask.run(FutureTask.java:266)
	at java.lang.Thread.run(Thread.java:748)
66) test000(org.apache.commons.cli.HelpFormatter_ESTest)
java.lang.StringIndexOutOfBoundsException: String index out of range: -1967
	at java.lang.String.substring(String.java:1967)
	at org.apache.commons.cli.HelpFormatter.renderWrappedText(HelpFormatter.java:859)
	at org.apache.commons.cli.HelpFormatter.printWrapped(HelpFormatter.java:730)
	at org.apache.commons.cli.HelpFormatter.printUsage(HelpFormatter.java:682)
	at org.apache.commons.cli.HelpFormatter.printHelp(HelpFormatter.java:517)
	at org.apache.commons.cli.HelpFormatter.printHelp(HelpFormatter.java:454)
	at org.apache.commons.cli.HelpFormatter.printHelp(HelpFormatter.java:370)
	at org.apache.commons.cli.HelpFormatter_ESTest.test000(HelpFormatter_ESTest.java:47)
	at sun.reflect.NativeMethodAccessorImpl.invoke0(Native Method)
	at sun.reflect.NativeMethodAccessorImpl.invoke(NativeMethodAccessorImpl.java:62)
	at sun.reflect.DelegatingMethodAccessorImpl.invoke(DelegatingMethodAccessorImpl.java:43)
	at java.lang.reflect.Method.invoke(Method.java:498)
	at org.junit.runners.model.FrameworkMethod$1.runReflectiveCall(FrameworkMethod.java:50)
	at org.junit.internal.runners.model.ReflectiveCallable.run(ReflectiveCallable.java:12)
	at org.junit.runners.model.FrameworkMethod.invokeExplosively(FrameworkMethod.java:47)
	at org.junit.internal.runners.statements.InvokeMethod.evaluate(InvokeMethod.java:17)
	at org.junit.internal.runners.statements.FailOnTimeout$CallableStatement.call(FailOnTimeout.java:298)
	at org.junit.internal.runners.statements.FailOnTimeout$CallableStatement.call(FailOnTimeout.java:292)
	at java.util.concurrent.FutureTask.run(FutureTask.java:266)
	at java.lang.Thread.run(Thread.java:748)
67) test121(org.apache.commons.cli.HelpFormatter_ESTest)
java.lang.StringIndexOutOfBoundsException: String index out of range: -1613
	at java.lang.String.substring(String.java:1967)
	at org.apache.commons.cli.HelpFormatter.renderWrappedText(HelpFormatter.java:859)
	at org.apache.commons.cli.HelpFormatter.printWrapped(HelpFormatter.java:730)
	at org.apache.commons.cli.HelpFormatter.printUsage(HelpFormatter.java:682)
	at org.apache.commons.cli.HelpFormatter.printHelp(HelpFormatter.java:517)
	at org.apache.commons.cli.HelpFormatter_ESTest.test121(HelpFormatter_ESTest.java:2326)
	at sun.reflect.NativeMethodAccessorImpl.invoke0(Native Method)
	at sun.reflect.NativeMethodAccessorImpl.invoke(NativeMethodAccessorImpl.java:62)
	at sun.reflect.DelegatingMethodAccessorImpl.invoke(DelegatingMethodAccessorImpl.java:43)
	at java.lang.reflect.Method.invoke(Method.java:498)
	at org.junit.runners.model.FrameworkMethod$1.runReflectiveCall(FrameworkMethod.java:50)
	at org.junit.internal.runners.model.ReflectiveCallable.run(ReflectiveCallable.java:12)
	at org.junit.runners.model.FrameworkMethod.invokeExplosively(FrameworkMethod.java:47)
	at org.junit.internal.runners.statements.InvokeMethod.evaluate(InvokeMethod.java:17)
	at org.junit.internal.runners.statements.FailOnTimeout$CallableStatement.call(FailOnTimeout.java:298)
	at org.junit.internal.runners.statements.FailOnTimeout$CallableStatement.call(FailOnTimeout.java:292)
	at java.util.concurrent.FutureTask.run(FutureTask.java:266)
	at java.lang.Thread.run(Thread.java:748)
68) test122(org.apache.commons.cli.HelpFormatter_ESTest)
org.evosuite.runtime.mock.java.lang.MockIllegalArgumentException: The option ''tR'FHr7xKnw|~l' contains an illegal character : '''
	at org.apache.commons.cli.OptionValidator.validateOption(OptionValidator.java:73)
	at org.apache.commons.cli.Option.<init>(Option.java:124)
	at org.apache.commons.cli.Options.addOption(Options.java:132)
	at org.apache.commons.cli.Options.addOption(Options.java:115)
	at org.apache.commons.cli.HelpFormatter_ESTest.test122(HelpFormatter_ESTest.java:2342)
	at sun.reflect.NativeMethodAccessorImpl.invoke0(Native Method)
	at sun.reflect.NativeMethodAccessorImpl.invoke(NativeMethodAccessorImpl.java:62)
	at sun.reflect.DelegatingMethodAccessorImpl.invoke(DelegatingMethodAccessorImpl.java:43)
	at java.lang.reflect.Method.invoke(Method.java:498)
	at org.junit.runners.model.FrameworkMethod$1.runReflectiveCall(FrameworkMethod.java:50)
	at org.junit.internal.runners.model.ReflectiveCallable.run(ReflectiveCallable.java:12)
	at org.junit.runners.model.FrameworkMethod.invokeExplosively(FrameworkMethod.java:47)
	at org.junit.internal.runners.statements.InvokeMethod.evaluate(InvokeMethod.java:17)
	at org.junit.internal.runners.statements.FailOnTimeout$CallableStatement.call(FailOnTimeout.java:298)
	at org.junit.internal.runners.statements.FailOnTimeout$CallableStatement.call(FailOnTimeout.java:292)
	at java.util.concurrent.FutureTask.run(FutureTask.java:266)
	at java.lang.Thread.run(Thread.java:748)

FAILURES!!!
Tests run: 123,  Failures: 68

