* EvoSuite 1.1.1-SNAPSHOT
* Configuration: BBC-F0-100
* Going to generate test cases for class: org.apache.commons.jxpath.ri.compiler.CoreOperationRelationalExpression
* Starting Client-0
* Connecting to master process on port 11828
* Analyzing classpath: 
  - subjects/buggy-versions/JxPath-20/target/classes
  - subjects/buggy-versions/JxPath-20/src/java
  - subjects/buggy-versions/JxPath-20/target/lib/commons-beanutils-1.7.0.jar
  - subjects/buggy-versions/JxPath-20/target/lib/commons-logging-1.1.jar
  - subjects/buggy-versions/JxPath-20/target/lib/jdom-1.0.jar
  - subjects/buggy-versions/JxPath-20/target/lib/jsp-api-2.0.jar
  - subjects/buggy-versions/JxPath-20/target/lib/junit-3.8.1.jar
  - subjects/buggy-versions/JxPath-20/target/lib/mockrunner-0.4.1.jar
  - subjects/buggy-versions/JxPath-20/target/lib/mockrunner-jdk1.3-j2ee1.3-0.4.jar
  - subjects/buggy-versions/JxPath-20/target/lib/servletapi-2.4.jar
  - subjects/buggy-versions/JxPath-20/target/lib/xerces-2.4.0.jar
  - subjects/buggy-versions/JxPath-20/target/lib/xml-apis-2.0.2.jar
* Finished analyzing classpath
* Generating tests for class org.apache.commons.jxpath.ri.compiler.CoreOperationRelationalExpression
* Test criteria:
  - Line Coverage
  - Branch Coverage
  - Exception
  - Mutation testing (weak)
  - Method-Output Coverage
  - Top-Level Method Coverage
  - No-Exception Top-Level Method Coverage
  - Context Branch Coverage
* Total number of test goals for DYNAMOSA: 205
* Using seed 2299011574
* Starting evolution
bbc usage percentage is: 100%
* Initial Number of Goals in DynaMOSA = 59 / 205
[MASTER] 22:59:39.507 [logback-2] ERROR TestCluster - Failed to check cache for java.util.LinkedList<E> : Type points to itself
[MASTER] 22:59:40.584 [logback-1] WARN  TestChromosome - Functional mock problem: org.evosuite.ga.ConstructionFailedException: Failed to add constructor for org.apache.commons.jxpath.ri.JXPathContextReferenceImpl due to org.evosuite.ga.ConstructionFailedException: Failed to add constructor for org.apache.commons.jxpath.ri.axes.UnionContext due to org.evosuite.ga.ConstructionFailedException: Failed to add constructor for org.apache.commons.jxpath.ri.axes.InitialContext due to org.evosuite.ga.ConstructionFailedException: Failed to add constructor for org.apache.commons.jxpath.ri.axes.NamespaceContext due to org.evosuite.ga.ConstructionFailedException: Max recursion depth reached
[MASTER] 22:59:40.815 [logback-1] WARN  TestChromosome - Functional mock problem: org.evosuite.ga.ConstructionFailedException: Failed to add constructor for org.apache.commons.jxpath.ri.JXPathContextReferenceImpl due to org.evosuite.ga.ConstructionFailedException: Failed to add constructor for org.apache.commons.jxpath.ri.axes.InitialContext due to org.evosuite.ga.ConstructionFailedException: Failed to add constructor for org.apache.commons.jxpath.ri.axes.RootContext due to org.evosuite.ga.ConstructionFailedException: Max recursion depth reached
[MASTER] 22:59:40.825 [logback-1] WARN  TestChromosome - Functional mock problem: org.evosuite.ga.ConstructionFailedException: Failed to add constructor for org.apache.commons.jxpath.ri.axes.UnionContext due to org.evosuite.ga.ConstructionFailedException: Failed to add constructor for org.apache.commons.jxpath.ri.axes.ParentContext due to org.evosuite.ga.ConstructionFailedException: Failed to add constructor for org.apache.commons.jxpath.ri.axes.PrecedingOrFollowingContext due to org.evosuite.ga.ConstructionFailedException: Failed to add constructor for org.apache.commons.jxpath.ri.axes.AncestorContext due to org.evosuite.ga.ConstructionFailedException: Max recursion depth reached
[MASTER] 22:59:40.848 [logback-1] WARN  TestChromosome - Functional mock problem: org.evosuite.ga.ConstructionFailedException: Failed to add constructor for org.apache.commons.jxpath.ri.axes.AncestorContext due to org.evosuite.ga.ConstructionFailedException: Failed to add constructor for org.apache.commons.jxpath.ri.axes.RootContext due to org.evosuite.ga.ConstructionFailedException: Failed to add constructor for org.apache.commons.jxpath.ri.JXPathContextReferenceImpl due to org.evosuite.ga.ConstructionFailedException: Failed to add constructor for org.apache.commons.jxpath.ri.axes.SelfContext due to org.evosuite.ga.ConstructionFailedException: Max recursion depth reached
[MASTER] 22:59:40.873 [logback-1] WARN  TestChromosome - Functional mock problem: org.evosuite.ga.ConstructionFailedException: Failed to add constructor for org.apache.commons.jxpath.ri.JXPathContextReferenceImpl due to org.evosuite.ga.ConstructionFailedException: Failed to add constructor for org.apache.commons.jxpath.ri.axes.UnionContext due to org.evosuite.ga.ConstructionFailedException: Failed to add constructor for org.apache.commons.jxpath.ri.axes.NodeSetContext due to org.evosuite.ga.ConstructionFailedException: Failed to add constructor for org.apache.commons.jxpath.ri.axes.AttributeContext due to org.evosuite.ga.ConstructionFailedException: Failed to add constructor for org.apache.commons.jxpath.ri.axes.ParentContext due to org.evosuite.ga.ConstructionFailedException: Max recursion depth reached
[MASTER] 22:59:46.758 [logback-1] WARN  TestChromosome - Functional mock problem: org.evosuite.ga.ConstructionFailedException: Failed to add constructor for org.apache.commons.jxpath.ri.axes.ParentContext due to org.evosuite.ga.ConstructionFailedException: Failed to add constructor for org.apache.commons.jxpath.ri.axes.NodeSetContext due to org.evosuite.ga.ConstructionFailedException: Failed to add constructor for org.apache.commons.jxpath.ri.axes.NamespaceContext due to org.evosuite.ga.ConstructionFailedException: Failed to add constructor for org.apache.commons.jxpath.ri.axes.DescendantContext due to org.evosuite.ga.ConstructionFailedException: Max recursion depth reached
[MASTER] 22:59:52.859 [logback-1] WARN  TestChromosome - Functional mock problem: org.evosuite.ga.ConstructionFailedException: Failed to add constructor for org.apache.commons.jxpath.ri.JXPathContextReferenceImpl due to org.evosuite.ga.ConstructionFailedException: Failed to add constructor for org.apache.commons.jxpath.ri.axes.InitialContext due to org.evosuite.ga.ConstructionFailedException: Failed to add constructor for org.apache.commons.jxpath.ri.axes.ChildContext due to org.evosuite.ga.ConstructionFailedException: Failed to add constructor for org.apache.commons.jxpath.ri.axes.DescendantContext due to org.evosuite.ga.ConstructionFailedException: Max recursion depth reached
[MASTER] 23:00:13.605 [logback-1] WARN  TestChromosome - Functional mock problem: org.evosuite.ga.ConstructionFailedException: Failed to add constructor for org.apache.commons.jxpath.ri.axes.SelfContext due to org.evosuite.ga.ConstructionFailedException: Failed to add constructor for org.apache.commons.jxpath.ri.axes.InitialContext due to org.evosuite.ga.ConstructionFailedException: Failed to add constructor for org.apache.commons.jxpath.ri.axes.AttributeContext due to org.evosuite.ga.ConstructionFailedException: Max recursion depth reached
[MASTER] 23:00:20.333 [logback-1] WARN  TestChromosome - Functional mock problem: org.evosuite.ga.ConstructionFailedException: Failed to add constructor for org.apache.commons.jxpath.ri.NamespaceResolver due to org.evosuite.ga.ConstructionFailedException: Failed to add constructor for org.apache.commons.jxpath.ri.JXPathContextReferenceImpl due to org.evosuite.ga.ConstructionFailedException: Failed to add constructor for org.apache.commons.jxpath.ri.axes.UnionContext due to org.evosuite.ga.ConstructionFailedException: Failed to add constructor for org.apache.commons.jxpath.ri.axes.ChildContext due to org.evosuite.ga.ConstructionFailedException: Failed to add constructor for org.apache.commons.jxpath.ri.axes.PredicateContext due to org.evosuite.ga.ConstructionFailedException: Max recursion depth reached
[MASTER] 23:00:20.337 [logback-1] WARN  TestChromosome - Functional mock problem: org.evosuite.ga.ConstructionFailedException: Failed to add constructor for org.apache.commons.jxpath.ri.JXPathContextReferenceImpl due to org.evosuite.ga.ConstructionFailedException: Failed to add constructor for org.apache.commons.jxpath.ri.axes.PredicateContext due to org.evosuite.ga.ConstructionFailedException: Failed to add constructor for org.apache.commons.jxpath.ri.axes.InitialContext due to org.evosuite.ga.ConstructionFailedException: Failed to add constructor for org.apache.commons.jxpath.ri.axes.AncestorContext due to org.evosuite.ga.ConstructionFailedException: Max recursion depth reached
[MASTER] 23:00:27.044 [logback-1] WARN  TestChromosome - Functional mock problem: org.evosuite.ga.ConstructionFailedException: Failed to add constructor for org.apache.commons.jxpath.ri.JXPathContextReferenceImpl due to org.evosuite.ga.ConstructionFailedException: Failed to add constructor for org.apache.commons.jxpath.ri.axes.InitialContext due to org.evosuite.ga.ConstructionFailedException: Failed to add constructor for org.apache.commons.jxpath.ri.axes.AncestorContext due to org.evosuite.ga.ConstructionFailedException: Failed to add constructor for org.apache.commons.jxpath.ri.axes.PredicateContext due to org.evosuite.ga.ConstructionFailedException: Max recursion depth reached
[MASTER] 23:00:36.157 [logback-1] WARN  TestChromosome - Functional mock problem: org.evosuite.ga.ConstructionFailedException: Failed to add constructor for org.apache.commons.jxpath.ri.JXPathContextReferenceImpl due to org.evosuite.ga.ConstructionFailedException: Failed to add constructor for org.apache.commons.jxpath.ri.axes.PredicateContext due to org.evosuite.ga.ConstructionFailedException: Failed to add constructor for org.apache.commons.jxpath.ri.axes.SelfContext due to org.evosuite.ga.ConstructionFailedException: Failed to add constructor for org.apache.commons.jxpath.ri.axes.ParentContext due to org.evosuite.ga.ConstructionFailedException: Failed to add constructor for org.apache.commons.jxpath.ri.axes.AncestorContext due to org.evosuite.ga.ConstructionFailedException: Max recursion depth reached
[MASTER] 23:00:40.217 [logback-1] WARN  TestChromosome - Functional mock problem: org.evosuite.ga.ConstructionFailedException: Failed to add constructor for org.apache.commons.jxpath.ri.JXPathContextReferenceImpl due to org.evosuite.ga.ConstructionFailedException: Max recursion depth reached
[MASTER] 23:00:40.284 [logback-1] WARN  TestChromosome - Functional mock problem: org.evosuite.ga.ConstructionFailedException: Failed to add constructor for org.apache.commons.jxpath.ri.JXPathContextReferenceImpl due to org.evosuite.ga.ConstructionFailedException: Failed to add constructor for org.apache.commons.jxpath.ri.axes.UnionContext due to org.evosuite.ga.ConstructionFailedException: Failed to add constructor for org.apache.commons.jxpath.ri.axes.ParentContext due to org.evosuite.ga.ConstructionFailedException: Max recursion depth reached
[MASTER] 23:01:32.162 [logback-1] WARN  TestChromosome - Functional mock problem: org.evosuite.ga.ConstructionFailedException: Failed to add constructor for org.apache.commons.jxpath.ri.JXPathContextReferenceImpl due to org.evosuite.ga.ConstructionFailedException: Failed to add constructor for org.apache.commons.jxpath.ri.axes.UnionContext due to org.evosuite.ga.ConstructionFailedException: Failed to add constructor for org.apache.commons.jxpath.ri.axes.RootContext due to org.evosuite.ga.ConstructionFailedException: Max recursion depth reached
[MASTER] 23:01:39.385 [logback-1] WARN  TestChromosome - Functional mock problem: org.evosuite.ga.ConstructionFailedException: Failed to add constructor for org.apache.commons.jxpath.ri.JXPathContextReferenceImpl due to org.evosuite.ga.ConstructionFailedException: Failed to add constructor for org.apache.commons.jxpath.ri.axes.InitialContext due to org.evosuite.ga.ConstructionFailedException: Failed to add constructor for org.apache.commons.jxpath.ri.axes.SelfContext due to org.evosuite.ga.ConstructionFailedException: Failed to add constructor for org.apache.commons.jxpath.ri.axes.AttributeContext due to org.evosuite.ga.ConstructionFailedException: Max recursion depth reached
[MASTER] 23:01:46.113 [logback-1] WARN  TestChromosome - Functional mock problem: org.evosuite.ga.ConstructionFailedException: Failed to add constructor for org.apache.commons.jxpath.ri.NamespaceResolver due to org.evosuite.ga.ConstructionFailedException: Failed to add constructor for org.apache.commons.jxpath.ri.axes.AttributeContext due to org.evosuite.ga.ConstructionFailedException: Failed to add constructor for org.apache.commons.jxpath.ri.axes.SelfContext due to org.evosuite.ga.ConstructionFailedException: Failed to add constructor for org.apache.commons.jxpath.ri.compiler.NodeNameTest due to org.evosuite.ga.ConstructionFailedException: Max recursion depth reached
[MASTER] 23:01:46.116 [logback-1] WARN  TestChromosome - Functional mock problem: org.evosuite.ga.ConstructionFailedException: Failed to add constructor for org.apache.commons.jxpath.ri.JXPathContextReferenceImpl due to org.evosuite.ga.ConstructionFailedException: Failed to add constructor for org.apache.commons.jxpath.ri.axes.ParentContext due to org.evosuite.ga.ConstructionFailedException: Failed to add constructor for org.apache.commons.jxpath.ri.axes.UnionContext due to org.evosuite.ga.ConstructionFailedException: Max recursion depth reached
[MASTER] 23:01:52.395 [logback-1] WARN  TestChromosome - Functional mock problem: org.evosuite.ga.ConstructionFailedException: Failed to add constructor for org.apache.commons.jxpath.ri.JXPathContextReferenceImpl due to org.evosuite.ga.ConstructionFailedException: Failed to add constructor for org.apache.commons.jxpath.ri.axes.InitialContext due to org.evosuite.ga.ConstructionFailedException: Failed to add constructor for org.apache.commons.jxpath.ri.axes.DescendantContext due to org.evosuite.ga.ConstructionFailedException: Failed to add constructor for org.apache.commons.jxpath.ri.axes.SelfContext due to org.evosuite.ga.ConstructionFailedException: Max recursion depth reached
[MASTER] 23:02:35.982 [logback-1] WARN  TestChromosome - Functional mock problem: org.evosuite.ga.ConstructionFailedException: Failed to add constructor for org.apache.commons.jxpath.ri.NamespaceResolver due to org.evosuite.ga.ConstructionFailedException: Failed to add constructor for org.apache.commons.jxpath.ri.JXPathContextReferenceImpl due to org.evosuite.ga.ConstructionFailedException: Failed to add constructor for org.apache.commons.jxpath.ri.axes.UnionContext due to org.evosuite.ga.ConstructionFailedException: Failed to add constructor for org.apache.commons.jxpath.ri.axes.NamespaceContext due to org.evosuite.ga.ConstructionFailedException: Max recursion depth reached
[MASTER] 23:02:39.320 [logback-1] WARN  TestChromosome - Functional mock problem: org.evosuite.ga.ConstructionFailedException: Failed to add constructor for org.apache.commons.jxpath.ri.axes.PredicateContext due to org.evosuite.ga.ConstructionFailedException: Failed to add constructor for org.apache.commons.jxpath.ri.axes.RootContext due to org.evosuite.ga.ConstructionFailedException: Failed to add constructor for org.apache.commons.jxpath.ri.JXPathContextReferenceImpl due to org.evosuite.ga.ConstructionFailedException: Max recursion depth reached
[MASTER] 23:03:11.434 [logback-1] WARN  TestChromosome - Functional mock problem: org.evosuite.ga.ConstructionFailedException: Failed to add constructor for org.apache.commons.jxpath.ri.NamespaceResolver due to org.evosuite.ga.ConstructionFailedException: Failed to add constructor for org.apache.commons.jxpath.ri.JXPathContextReferenceImpl due to org.evosuite.ga.ConstructionFailedException: Failed to add constructor for org.apache.commons.jxpath.ri.axes.SelfContext due to org.evosuite.ga.ConstructionFailedException: Failed to add constructor for org.apache.commons.jxpath.ri.axes.ParentContext due to org.evosuite.ga.ConstructionFailedException: Max recursion depth reached
[MASTER] 23:03:44.052 [logback-1] WARN  TestChromosome - Functional mock problem: org.evosuite.ga.ConstructionFailedException: Failed to add constructor for org.apache.commons.jxpath.ri.axes.PredicateContext due to org.evosuite.ga.ConstructionFailedException: Failed to add constructor for org.apache.commons.jxpath.ri.axes.SelfContext due to org.evosuite.ga.ConstructionFailedException: Failed to add constructor for org.apache.commons.jxpath.ri.axes.UnionContext due to org.evosuite.ga.ConstructionFailedException: Max recursion depth reached
[MASTER] 23:03:47.477 [logback-1] WARN  TestChromosome - Functional mock problem: org.evosuite.ga.ConstructionFailedException: Failed to add constructor for org.apache.commons.jxpath.ri.NamespaceResolver due to org.evosuite.ga.ConstructionFailedException: Failed to add constructor for org.apache.commons.jxpath.ri.axes.ParentContext due to org.evosuite.ga.ConstructionFailedException: Failed to add constructor for org.apache.commons.jxpath.ri.axes.RootContext due to org.evosuite.ga.ConstructionFailedException: Failed to add constructor for org.apache.commons.jxpath.ri.JXPathContextReferenceImpl due to org.evosuite.ga.ConstructionFailedException: Max recursion depth reached
[MASTER] 23:04:18.192 [logback-1] WARN  TestChromosome - Functional mock problem: org.evosuite.ga.ConstructionFailedException: Failed to add constructor for org.apache.commons.jxpath.ri.NamespaceResolver due to org.evosuite.ga.ConstructionFailedException: Failed to add constructor for org.apache.commons.jxpath.ri.JXPathContextReferenceImpl due to org.evosuite.ga.ConstructionFailedException: Failed to add constructor for org.apache.commons.jxpath.ri.axes.InitialContext due to org.evosuite.ga.ConstructionFailedException: Failed to add constructor for org.apache.commons.jxpath.ri.axes.RootContext due to org.evosuite.ga.ConstructionFailedException: Max recursion depth reached
[MASTER] 23:04:21.574 [logback-1] WARN  TestChromosome - Functional mock problem: org.evosuite.ga.ConstructionFailedException: Failed to add constructor for org.apache.commons.jxpath.ri.JXPathContextReferenceImpl due to org.evosuite.ga.ConstructionFailedException: Failed to add constructor for org.apache.commons.jxpath.ri.axes.RootContext due to org.evosuite.ga.ConstructionFailedException: Failed to add constructor for org.apache.commons.jxpath.ri.model.VariablePointer due to org.evosuite.ga.ConstructionFailedException: Max recursion depth reached
[MASTER] 23:04:35.365 [logback-1] WARN  TestChromosome - Functional mock problem: org.evosuite.ga.ConstructionFailedException: Max recursion depth reached
[MASTER] 23:04:46.152 [logback-1] WARN  TestChromosome - Functional mock problem: org.evosuite.ga.ConstructionFailedException: Failed to add constructor for org.apache.commons.jxpath.ri.JXPathContextReferenceImpl due to org.evosuite.ga.ConstructionFailedException: Failed to add constructor for org.apache.commons.jxpath.ri.axes.RootContext due to org.evosuite.ga.ConstructionFailedException: Max recursion depth reached
[MASTER] 23:04:46.223 [logback-1] WARN  TestChromosome - Functional mock problem: org.evosuite.ga.ConstructionFailedException: Failed to add constructor for org.apache.commons.jxpath.ri.axes.AttributeContext due to org.evosuite.ga.ConstructionFailedException: Failed to add constructor for org.apache.commons.jxpath.ri.axes.InitialContext due to org.evosuite.ga.ConstructionFailedException: Failed to add constructor for org.apache.commons.jxpath.ri.axes.NodeSetContext due to org.evosuite.ga.ConstructionFailedException: Failed to add constructor for org.apache.commons.jxpath.ri.axes.PredicateContext due to org.evosuite.ga.ConstructionFailedException: Max recursion depth reached
[MASTER] 23:04:57.397 [logback-1] WARN  TestChromosome - Functional mock problem: org.evosuite.ga.ConstructionFailedException: Failed to add constructor for org.apache.commons.jxpath.ri.NamespaceResolver due to org.evosuite.ga.ConstructionFailedException: Failed to add constructor for org.apache.commons.jxpath.ri.JXPathContextReferenceImpl due to org.evosuite.ga.ConstructionFailedException: Max recursion depth reached
[MASTER] 23:04:57.669 [logback-1] WARN  TestChromosome - Functional mock problem: org.evosuite.ga.ConstructionFailedException: Failed to add constructor for org.apache.commons.jxpath.ri.JXPathContextReferenceImpl due to org.evosuite.ga.ConstructionFailedException: Failed to add constructor for org.apache.commons.jxpath.ri.axes.PredicateContext due to org.evosuite.ga.ConstructionFailedException: Failed to add constructor for org.apache.commons.jxpath.ri.axes.ParentContext due to org.evosuite.ga.ConstructionFailedException: Max recursion depth reached
[MASTER] 23:05:09.050 [logback-1] WARN  TestChromosome - Functional mock problem: org.evosuite.ga.ConstructionFailedException: Failed to add constructor for org.apache.commons.jxpath.ri.NamespaceResolver due to org.evosuite.ga.ConstructionFailedException: Have no generator for class org.apache.commons.jxpath.ri.JXPathContextReferenceImpl canUseFunctionalMocks=false, canBeMocked: true
[MASTER] 23:06:08.772 [logback-1] WARN  TestChromosome - Functional mock problem: org.evosuite.ga.ConstructionFailedException: Failed to add constructor for org.apache.commons.jxpath.ri.NamespaceResolver due to org.evosuite.ga.ConstructionFailedException: Failed to add constructor for org.apache.commons.jxpath.ri.axes.InitialContext due to org.evosuite.ga.ConstructionFailedException: Failed to add constructor for org.apache.commons.jxpath.ri.axes.ParentContext due to org.evosuite.ga.ConstructionFailedException: Failed to add constructor for org.apache.commons.jxpath.ri.axes.AncestorContext due to org.evosuite.ga.ConstructionFailedException: Max recursion depth reached
[MASTER] 23:06:15.034 [logback-1] WARN  TestChromosome - Functional mock problem: org.evosuite.ga.ConstructionFailedException: Failed to add constructor for org.apache.commons.jxpath.ri.axes.RootContext due to org.evosuite.ga.ConstructionFailedException: Failed to add constructor for org.apache.commons.jxpath.ri.JXPathContextReferenceImpl due to org.evosuite.ga.ConstructionFailedException: Max recursion depth reached
[MASTER] 23:06:28.080 [logback-1] WARN  TestChromosome - Functional mock problem: org.evosuite.ga.ConstructionFailedException: Failed to add constructor for org.apache.commons.jxpath.ri.axes.DescendantContext due to org.evosuite.ga.ConstructionFailedException: Failed to add constructor for org.apache.commons.jxpath.ri.axes.NodeSetContext due to org.evosuite.ga.ConstructionFailedException: Failed to add constructor for org.apache.commons.jxpath.ri.axes.AttributeContext due to org.evosuite.ga.ConstructionFailedException: Failed to add constructor for org.apache.commons.jxpath.ri.axes.ParentContext due to org.evosuite.ga.ConstructionFailedException: Max recursion depth reached
[MASTER] 23:06:28.174 [logback-1] WARN  TestChromosome - Functional mock problem: org.evosuite.ga.ConstructionFailedException: Failed to add constructor for org.apache.commons.jxpath.ri.model.VariablePointer due to org.evosuite.ga.ConstructionFailedException: Failed to add constructor for org.apache.commons.jxpath.ri.JXPathContextReferenceImpl due to org.evosuite.ga.ConstructionFailedException: Failed to add constructor for org.apache.commons.jxpath.ri.axes.AttributeContext due to org.evosuite.ga.ConstructionFailedException: Max recursion depth reached
[MASTER] 23:06:55.605 [logback-1] WARN  TestChromosome - Functional mock problem: org.evosuite.ga.ConstructionFailedException: Failed to add constructor for org.apache.commons.jxpath.ri.axes.NodeSetContext due to org.evosuite.ga.ConstructionFailedException: Failed to add constructor for org.apache.commons.jxpath.ri.axes.AncestorContext due to org.evosuite.ga.ConstructionFailedException: Failed to add constructor for org.apache.commons.jxpath.ri.axes.ChildContext due to org.evosuite.ga.ConstructionFailedException: Failed to add constructor for org.apache.commons.jxpath.ri.axes.NamespaceContext due to org.evosuite.ga.ConstructionFailedException: Max recursion depth reached
[MASTER] 23:08:36.687 [logback-1] WARN  TestChromosome - Functional mock problem: org.evosuite.ga.ConstructionFailedException: Failed to add constructor for org.apache.commons.jxpath.ri.JXPathContextReferenceImpl due to org.evosuite.ga.ConstructionFailedException: Failed to add constructor for org.apache.commons.jxpath.ri.axes.UnionContext due to org.evosuite.ga.ConstructionFailedException: Failed to add constructor for org.apache.commons.jxpath.ri.axes.ParentContext due to org.evosuite.ga.ConstructionFailedException: Failed to add constructor for org.apache.commons.jxpath.ri.axes.NodeSetContext due to org.evosuite.ga.ConstructionFailedException: Max recursion depth reached
[MASTER] 23:08:59.052 [logback-1] WARN  TestChromosome - Functional mock problem: org.evosuite.ga.ConstructionFailedException: Failed to add constructor for org.apache.commons.jxpath.ri.JXPathContextReferenceImpl due to org.evosuite.ga.ConstructionFailedException: Failed to add constructor for org.apache.commons.jxpath.ri.axes.InitialContext due to org.evosuite.ga.ConstructionFailedException: Failed to add constructor for org.apache.commons.jxpath.ri.axes.NodeSetContext due to org.evosuite.ga.ConstructionFailedException: Failed to add constructor for org.apache.commons.jxpath.ri.axes.PrecedingOrFollowingContext due to org.evosuite.ga.ConstructionFailedException: Max recursion depth reached
[MASTER] 23:09:08.372 [logback-1] WARN  TestChromosome - Functional mock problem: org.evosuite.ga.ConstructionFailedException: Failed to add constructor for org.apache.commons.jxpath.ri.JXPathContextReferenceImpl due to org.evosuite.ga.ConstructionFailedException: Failed to add constructor for org.apache.commons.jxpath.ri.axes.InitialContext due to org.evosuite.ga.ConstructionFailedException: Failed to add constructor for org.apache.commons.jxpath.ri.axes.ParentContext due to org.evosuite.ga.ConstructionFailedException: Failed to add constructor for org.apache.commons.jxpath.ri.axes.DescendantContext due to org.evosuite.ga.ConstructionFailedException: Max recursion depth reached
Number of times BBC is called, activated, and useful for org.apache.commons.jxpath.ri.compiler.CoreOperationRelationalExpression.compute(Ljava/lang/Object;Ljava/lang/Object;)Z: I36 Branch 4 IFEQ L81 - false: 18931,12659,9274| Number of FF evals: 12491
Number of times BBC is called, activated, and useful for org.apache.commons.jxpath.ri.compiler.CoreOperationRelationalExpression.findMatch(Ljava/util/Iterator;Ljava/util/Iterator;)Z: I10 Branch 16 IFEQ L147 - false: 28568,20992,0| Number of FF evals: 14299
Number of times BBC is called, activated, and useful for org.apache.commons.jxpath.ri.compiler.CoreOperationRelationalExpression.findMatch(Ljava/util/Iterator;Ljava/util/Iterator;)Z: I23 Branch 17 IFEQ L150 - false: 1230,0,0| Number of FF evals: 1792
Number of times BBC is called, activated, and useful for org.apache.commons.jxpath.ri.compiler.CoreOperationRelationalExpression.containsMatch(Ljava/util/Iterator;Ljava/lang/Object;)Z: I16 Branch 15 IFEQ L125 - true: 5414,457,0| Number of FF evals: 5857
Number of times BBC is called, activated, and useful for org.apache.commons.jxpath.ri.compiler.CoreOperationRelationalExpression.compute(Ljava/lang/Object;Ljava/lang/Object;)Z: I84 Branch 8 IFEQ L91 - false: 9,0,0| Number of FF evals: 2239
Number of times BBC is called, activated, and useful for org.apache.commons.jxpath.ri.compiler.CoreOperationRelationalExpression.findMatch(Ljava/util/Iterator;Ljava/util/Iterator;)Z: I10 Branch 16 IFEQ L147 - true: 27770,20194,0| Number of FF evals: 13699
Number of times BBC is called, activated, and useful for org.apache.commons.jxpath.ri.compiler.CoreOperationRelationalExpression.compute(Ljava/lang/Object;Ljava/lang/Object;)Z: I116 Branch 11 IFGE L98 - false: 9,0,0| Number of FF evals: 6398
Number of times BBC is called, activated, and useful for org.apache.commons.jxpath.ri.compiler.CoreOperationRelationalExpression.containsMatch(Ljava/util/Iterator;Ljava/lang/Object;)Z: I16 Branch 15 IFEQ L125 - false: 3916,0,0| Number of FF evals: 3969
Number of times BBC is called, activated, and useful for org.apache.commons.jxpath.ri.compiler.CoreOperationRelationalExpression.reduce(Ljava/lang/Object;)Ljava/lang/Object;: I15 Branch 13 IFEQ L110 - false: 47678,41406,0| Number of FF evals: 27448
Number of times BBC is called, activated, and useful for org.apache.commons.jxpath.ri.compiler.CoreOperationRelationalExpression.compute(Ljava/lang/Object;Ljava/lang/Object;)Z: I109 Branch 10 IFNE L98 - true: 9,0,0| Number of FF evals: 10251
Number of times BBC is called, activated, and useful for org.apache.commons.jxpath.ri.compiler.CoreOperationRelationalExpression.compute(Ljava/lang/Object;Ljava/lang/Object;)Z: I26 Branch 3 IFEQ L78 - false: 18931,12659,9285| Number of FF evals: 10914
Number of times BBC is called, activated, and useful for org.apache.commons.jxpath.ri.compiler.CoreOperationRelationalExpression.containsMatch(Ljava/util/Iterator;Ljava/lang/Object;)Z: I4 Branch 14 IFEQ L123 - true: 22333,14757,0| Number of FF evals: 11939
Number of times BBC is called, activated, and useful for org.apache.commons.jxpath.ri.compiler.CoreOperationRelationalExpression.reduce(Ljava/lang/Object;)Ljava/lang/Object;: I4 Branch 12 IFEQ L107 - false: 47678,41406,0| Number of FF evals: 27448
Number of times BBC is called, activated, and useful for org.apache.commons.jxpath.ri.compiler.CoreOperationRelationalExpression.compute(Ljava/lang/Object;Ljava/lang/Object;)Z: I116 Branch 11 IFGE L98 - true: 9,0,0| Number of FF evals: 6039
Number of times BBC is called, activated, and useful for org.apache.commons.jxpath.ri.compiler.CoreOperationRelationalExpression.containsMatch(Ljava/util/Iterator;Ljava/lang/Object;)Z: I4 Branch 14 IFEQ L123 - false: 26249,18673,0| Number of FF evals: 14503
Number of times BBC is called, activated, and useful for org.apache.commons.jxpath.ri.compiler.CoreOperationRelationalExpression.compute(Ljava/lang/Object;Ljava/lang/Object;)Z: I66 Branch 7 IFEQ L87 - false: 18935,12659,9289| Number of FF evals: 10936
Number of times BBC is called, activated, and useful for org.apache.commons.jxpath.ri.compiler.CoreOperationRelationalExpression.computeValue(Lorg/apache/commons/jxpath/ri/EvalContext;)Ljava/lang/Object;: I16 Branch 1 IFEQ L46 - false: 7,0,0| Number of FF evals: 11408
Number of times BBC is called, activated, and useful for org.apache.commons.jxpath.ri.compiler.CoreOperationRelationalExpression.compute(Ljava/lang/Object;Ljava/lang/Object;)Z: I53 Branch 6 IFEQ L84 - false: 18935,12659,9284| Number of FF evals: 11935
Number of times BBC is called, activated, and useful for org.apache.commons.jxpath.ri.compiler.CoreOperationRelationalExpression.compute(Ljava/lang/Object;Ljava/lang/Object;)Z: I39 Branch 5 IFEQ L81 - true: 18935,12659,9278| Number of FF evals: 11934
Number of times BBC is called, activated, and useful for org.apache.commons.jxpath.ri.compiler.CoreOperationRelationalExpression.findMatch(Ljava/util/Iterator;Ljava/util/Iterator;)Z: I32 Branch 18 IFEQ L151 - false: 1325,0,0| Number of FF evals: 2072
Number of times BBC is called, activated, and useful for org.apache.commons.jxpath.ri.compiler.CoreOperationRelationalExpression.compute(Ljava/lang/Object;Ljava/lang/Object;)Z: I98 Branch 9 IFEQ L95 - false: 9,0,0| Number of FF evals: 1348
Number of times BBC is called, activated, and useful for org.apache.commons.jxpath.ri.compiler.CoreOperationRelationalExpression.compute(Ljava/lang/Object;Ljava/lang/Object;)Z: I39 Branch 5 IFEQ L81 - false: 21618,15342,9550| Number of FF evals: 13701
Number of times BBC is called, activated, and useful for org.apache.commons.jxpath.ri.compiler.CoreOperationRelationalExpression.findMatch(Ljava/util/Iterator;Ljava/util/Iterator;)Z: Line 146: 27770,20194,0| Number of FF evals: 13062
Number of times BBC is called, activated, and useful for org.apache.commons.jxpath.ri.compiler.CoreOperationRelationalExpression.compute(Ljava/lang/Object;Ljava/lang/Object;)Z: I16 Branch 2 IFEQ L75 - false: 18931,12659,9291| Number of FF evals: 10762
Number of times BBC is called, activated, and useful for org.apache.commons.jxpath.ri.compiler.CoreOperationRelationalExpression.findMatch(Ljava/util/Iterator;Ljava/util/Iterator;)Z: I32 Branch 18 IFEQ L151 - true: 1230,0,0| Number of FF evals: 1791
* Search finished after 601s and 633 generations, 379386 statements, best individual has fitness: 19.0
* Minimizing test suite
* Going to analyze the coverage criteria
* Coverage analysis for criterion LINE
* Coverage of criterion LINE: 95%
* Total number of goals: 42
* Number of covered goals: 40
* Coverage analysis for criterion BRANCH
* Coverage of criterion BRANCH: 95%
* Total number of goals: 39
* Number of covered goals: 37
* Coverage analysis for criterion EXCEPTION
* Coverage of criterion EXCEPTION: 100%
* Total number of goals: 7
* Number of covered goals: 7
* Coverage analysis for criterion WEAKMUTATION
* Coverage of criterion WEAKMUTATION: 99%
* Total number of goals: 72
* Number of covered goals: 71
* Coverage analysis for criterion OUTPUT
* Coverage of criterion OUTPUT: 29%
* Total number of goals: 7
* Number of covered goals: 2
* Coverage analysis for criterion METHOD
* Coverage of criterion METHOD: 100%
* Total number of goals: 3
* Number of covered goals: 3
* Coverage analysis for criterion METHODNOEXCEPTION
* Coverage of criterion METHODNOEXCEPTION: 100%
* Total number of goals: 3
* Number of covered goals: 3
* Coverage analysis for criterion CBRANCH
* Coverage of criterion CBRANCH: 95%
* Total number of goals: 39
* Number of covered goals: 37
* Generated 17 tests with total length 158
* Resulting test suite's coverage: 83% (average coverage for all fitness functions)
* Generating assertions
* Resulting test suite's mutation score: 19%
* Compiling and checking tests
[MASTER] 23:09:46.182 [logback-1] WARN  JUnitAnalyzer - EvoSuite problem: tests set up a security manager, but they do not remove it after execution
[MASTER] 23:09:46.660 [logback-1] WARN  JUnitAnalyzer - Found unstable test named test0 -> class java.lang.AssertionError: Expecting exception: NoClassDefFoundError
[MASTER] 23:09:46.661 [logback-1] WARN  JUnitAnalyzer - Failing test:
 Float float0 = new Float(2.7612490246374235);
Constant constant0 = new Constant(float0);
Expression[] expressionArray0 = new Expression[0];
CoreOperationUnion coreOperationUnion0 = new CoreOperationUnion(expressionArray0);
Step[] stepArray0 = new Step[0];
ExpressionPath expressionPath0 = new ExpressionPath(coreOperationUnion0, expressionArray0, stepArray0);
CoreOperationGreaterThanOrEqual coreOperationGreaterThanOrEqual0 = new CoreOperationGreaterThanOrEqual(coreOperationUnion0, expressionPath0);
Expression[] expressionArray1 = new Expression[0];
ExpressionPath expressionPath1 = new ExpressionPath(coreOperationGreaterThanOrEqual0, expressionArray1, stepArray0);
JXPathContextReferenceImpl jXPathContextReferenceImpl0 = new JXPathContextReferenceImpl((JXPathContext) null, "s2y|L<WQ7v?/O3<Z_7", (Pointer) null);

[MASTER] 23:09:47.261 [logback-1] WARN  JUnitAnalyzer - Found unstable test named test0 -> class java.lang.AssertionError: Expecting exception: ClassCastException
[MASTER] 23:09:47.261 [logback-1] WARN  JUnitAnalyzer - Failing test:
 Expression[] expressionArray0 = new Expression[0];
CoreOperationUnion coreOperationUnion0 = new CoreOperationUnion(expressionArray0);
Step[] stepArray0 = new Step[0];
ExpressionPath expressionPath0 = new ExpressionPath(coreOperationUnion0, expressionArray0, stepArray0);
CoreOperationGreaterThanOrEqual coreOperationGreaterThanOrEqual0 = new CoreOperationGreaterThanOrEqual(coreOperationUnion0, expressionPath0);
Expression[] expressionArray1 = new Expression[0];
ExpressionPath expressionPath1 = new ExpressionPath(coreOperationGreaterThanOrEqual0, expressionArray1, stepArray0);
JXPathContext.newContext((JXPathContext) null, (Object) expressionPath0);

[MASTER] 23:09:47.432 [logback-1] WARN  JUnitAnalyzer - Found unstable test named test0 -> class java.lang.AssertionError: Expecting exception: NoClassDefFoundError
[MASTER] 23:09:47.432 [logback-1] WARN  JUnitAnalyzer - Failing test:
 Float float0 = new Float(2.761);
Constant constant0 = new Constant(float0);
Expression[] expressionArray0 = new Expression[0];
CoreOperationUnion coreOperationUnion0 = new CoreOperationUnion(expressionArray0);
Step[] stepArray0 = new Step[0];
ExpressionPath expressionPath0 = new ExpressionPath(coreOperationUnion0, expressionArray0, stepArray0);
CoreOperationGreaterThanOrEqual coreOperationGreaterThanOrEqual0 = new CoreOperationGreaterThanOrEqual(coreOperationUnion0, expressionPath0);
Expression[] expressionArray1 = new Expression[0];
ExpressionPath expressionPath1 = new ExpressionPath(coreOperationGreaterThanOrEqual0, expressionArray1, stepArray0);
JXPathContextReferenceImpl jXPathContextReferenceImpl0 = new JXPathContextReferenceImpl((JXPathContext) null, "s2y|L<WQ7v?/O3<Z_7", (Pointer) null);

[MASTER] 23:09:47.589 [logback-1] WARN  JUnitAnalyzer - Found unstable test named test0 -> class java.lang.AssertionError: Expecting exception: NoClassDefFoundError
[MASTER] 23:09:47.589 [logback-1] WARN  JUnitAnalyzer - Failing test:
 Float float0 = new Float(5.883767298177398);
Constant constant0 = new Constant(float0);
Expression[] expressionArray0 = new Expression[0];
CoreOperationUnion coreOperationUnion0 = new CoreOperationUnion(expressionArray0);
Step[] stepArray0 = new Step[0];
ExpressionPath expressionPath0 = new ExpressionPath(constant0, expressionArray0, stepArray0);
JXPathContextReferenceImpl jXPathContextReferenceImpl0 = new JXPathContextReferenceImpl((JXPathContext) null, (Object) null, (Pointer) null);

[MASTER] 23:09:47.740 [logback-1] WARN  JUnitAnalyzer - Found unstable test named test0 -> class java.lang.AssertionError: Expecting exception: NoClassDefFoundError
[MASTER] 23:09:47.740 [logback-1] WARN  JUnitAnalyzer - Failing test:
 Float float0 = new Float(2.761);
Constant constant0 = new Constant(float0);
Expression[] expressionArray0 = new Expression[0];
CoreOperationUnion coreOperationUnion0 = new CoreOperationUnion(expressionArray0);
Step[] stepArray0 = new Step[0];
ExpressionPath expressionPath0 = new ExpressionPath(coreOperationUnion0, expressionArray0, stepArray0);
CoreOperationGreaterThanOrEqual coreOperationGreaterThanOrEqual0 = new CoreOperationGreaterThanOrEqual(coreOperationUnion0, expressionPath0);
Expression[] expressionArray1 = new Expression[0];
ExpressionPath expressionPath1 = new ExpressionPath(coreOperationGreaterThanOrEqual0, expressionArray1, stepArray0);
JXPathContextReferenceImpl jXPathContextReferenceImpl0 = new JXPathContextReferenceImpl((JXPathContext) null, "s2y|L<WQ7v?/O3<Z_7", (Pointer) null);

[MASTER] 23:09:47.947 [logback-1] WARN  JUnitAnalyzer - Found unstable test named test0 -> class java.lang.AssertionError: Expecting exception: NoClassDefFoundError
[MASTER] 23:09:47.948 [logback-1] WARN  JUnitAnalyzer - Failing test:
 Expression[] expressionArray0 = new Expression[0];
CoreOperationUnion coreOperationUnion0 = new CoreOperationUnion(expressionArray0);
Step[] stepArray0 = new Step[0];
ExpressionPath expressionPath0 = new ExpressionPath(coreOperationUnion0, expressionArray0, stepArray0);
CoreOperationGreaterThanOrEqual coreOperationGreaterThanOrEqual0 = new CoreOperationGreaterThanOrEqual(coreOperationUnion0, expressionPath0);
Expression[] expressionArray1 = new Expression[0];
ExpressionPath expressionPath1 = new ExpressionPath(coreOperationGreaterThanOrEqual0, expressionArray1, stepArray0);
JXPathContextReferenceImpl jXPathContextReferenceImpl0 = new JXPathContextReferenceImpl((JXPathContext) null, "s2y|L<WQ7v?/O3<Z_7", (Pointer) null);

[MASTER] 23:09:48.800 [logback-1] WARN  JUnitAnalyzer - Found unstable test named test0 -> class java.lang.AssertionError: Expecting exception: ClassCastException
[MASTER] 23:09:48.800 [logback-1] WARN  JUnitAnalyzer - Failing test:
 Expression[] expressionArray0 = new Expression[3];
CoreOperationUnion coreOperationUnion0 = new CoreOperationUnion(expressionArray0);
CoreOperationNotEqual coreOperationNotEqual0 = new CoreOperationNotEqual(coreOperationUnion0, coreOperationUnion0);
expressionArray0[0] = (Expression) coreOperationNotEqual0;
ExtensionFunction extensionFunction0 = new ExtensionFunction((QName) null, expressionArray0);
CoreOperationLessThanOrEqual coreOperationLessThanOrEqual0 = new CoreOperationLessThanOrEqual(extensionFunction0, expressionArray0[1]);
JXPathContext.newContext((Object) coreOperationNotEqual0);

[MASTER] 23:09:49.380 [logback-1] WARN  JUnitAnalyzer - Found unstable test named test0 -> class java.lang.AssertionError: Expecting exception: ClassCastException
[MASTER] 23:09:49.381 [logback-1] WARN  JUnitAnalyzer - Failing test:
 Expression[] expressionArray0 = new Expression[0];
CoreOperationAdd coreOperationAdd0 = new CoreOperationAdd(expressionArray0);
QName qName0 = new QName("s2y|L<WQ7?/O3<S_7");
VariableReference variableReference0 = new VariableReference(qName0);
CoreOperationDivide coreOperationDivide0 = new CoreOperationDivide(coreOperationAdd0, variableReference0);
CoreOperationLessThanOrEqual coreOperationLessThanOrEqual0 = new CoreOperationLessThanOrEqual(coreOperationDivide0, coreOperationAdd0);
JXPathContext.newContext((Object) "s2y|L<WQ7?/O3<S_7");

* Writing tests to file
* Writing JUnit test case 'CoreOperationRelationalExpression_ESTest' to results/JxPath-20/org.apache.commons.jxpath.ri.compiler.CoreOperationRelationalExpression/BBC-F0-100/tests/18
* Done!

* Computation finished
