JUnit version 4.12
.......E.................E..E.........E..E..E..E..E.E.......E..E..E..E..E..E...E..E............................................E..........................................................................E..E..................E.....................
Time: 7.881
There were 21 failures:
1) test145(org.apache.commons.csv.CSVFormat_ESTest)
org.evosuite.runtime.mock.java.lang.MockIllegalArgumentException: The quoteChar cannot be a line break
	at org.apache.commons.csv.CSVFormat.withQuote(CSVFormat.java:1205)
	at org.apache.commons.csv.CSVFormat_ESTest.test145(CSVFormat_ESTest.java:2283)
	at sun.reflect.NativeMethodAccessorImpl.invoke0(Native Method)
	at sun.reflect.NativeMethodAccessorImpl.invoke(NativeMethodAccessorImpl.java:62)
	at sun.reflect.DelegatingMethodAccessorImpl.invoke(DelegatingMethodAccessorImpl.java:43)
	at java.lang.reflect.Method.invoke(Method.java:498)
	at org.junit.runners.model.FrameworkMethod$1.runReflectiveCall(FrameworkMethod.java:50)
	at org.junit.internal.runners.model.ReflectiveCallable.run(ReflectiveCallable.java:12)
	at org.junit.runners.model.FrameworkMethod.invokeExplosively(FrameworkMethod.java:47)
	at org.junit.internal.runners.statements.InvokeMethod.evaluate(InvokeMethod.java:17)
	at org.junit.internal.runners.statements.FailOnTimeout$CallableStatement.call(FailOnTimeout.java:298)
	at org.junit.internal.runners.statements.FailOnTimeout$CallableStatement.call(FailOnTimeout.java:292)
	at java.util.concurrent.FutureTask.run(FutureTask.java:266)
	at java.lang.Thread.run(Thread.java:748)
2) test139(org.apache.commons.csv.CSVFormat_ESTest)
java.nio.BufferOverflowException
	at java.nio.CharBuffer.put(CharBuffer.java:922)
	at java.nio.CharBuffer.put(CharBuffer.java:950)
	at java.nio.CharBuffer.append(CharBuffer.java:1363)
	at java.nio.CharBuffer.append(CharBuffer.java:262)
	at org.apache.commons.csv.CSVPrinter.println(CSVPrinter.java:354)
	at org.apache.commons.csv.CSVPrinter.printRecord(CSVPrinter.java:396)
	at org.apache.commons.csv.CSVPrinter.<init>(CSVPrinter.java:77)
	at org.apache.commons.csv.CSVFormat.print(CSVFormat.java:760)
	at org.apache.commons.csv.CSVFormat_ESTest.test139(CSVFormat_ESTest.java:2180)
	at sun.reflect.NativeMethodAccessorImpl.invoke0(Native Method)
	at sun.reflect.NativeMethodAccessorImpl.invoke(NativeMethodAccessorImpl.java:62)
	at sun.reflect.DelegatingMethodAccessorImpl.invoke(DelegatingMethodAccessorImpl.java:43)
	at java.lang.reflect.Method.invoke(Method.java:498)
	at org.junit.runners.model.FrameworkMethod$1.runReflectiveCall(FrameworkMethod.java:50)
	at org.junit.internal.runners.model.ReflectiveCallable.run(ReflectiveCallable.java:12)
	at org.junit.runners.model.FrameworkMethod.invokeExplosively(FrameworkMethod.java:47)
	at org.junit.internal.runners.statements.InvokeMethod.evaluate(InvokeMethod.java:17)
	at org.junit.internal.runners.statements.FailOnTimeout$CallableStatement.call(FailOnTimeout.java:298)
	at org.junit.internal.runners.statements.FailOnTimeout$CallableStatement.call(FailOnTimeout.java:292)
	at java.util.concurrent.FutureTask.run(FutureTask.java:266)
	at java.lang.Thread.run(Thread.java:748)
3) test138(org.apache.commons.csv.CSVFormat_ESTest)
java.nio.ReadOnlyBufferException
	at java.nio.CharBuffer.put(CharBuffer.java:920)
	at java.nio.CharBuffer.put(CharBuffer.java:950)
	at java.nio.CharBuffer.append(CharBuffer.java:1363)
	at java.nio.CharBuffer.append(CharBuffer.java:262)
	at org.apache.commons.csv.CSVPrinter.println(CSVPrinter.java:354)
	at org.apache.commons.csv.CSVPrinter.printRecord(CSVPrinter.java:396)
	at org.apache.commons.csv.CSVPrinter.<init>(CSVPrinter.java:77)
	at org.apache.commons.csv.CSVFormat.print(CSVFormat.java:760)
	at org.apache.commons.csv.CSVFormat_ESTest.test138(CSVFormat_ESTest.java:2160)
	at sun.reflect.NativeMethodAccessorImpl.invoke0(Native Method)
	at sun.reflect.NativeMethodAccessorImpl.invoke(NativeMethodAccessorImpl.java:62)
	at sun.reflect.DelegatingMethodAccessorImpl.invoke(DelegatingMethodAccessorImpl.java:43)
	at java.lang.reflect.Method.invoke(Method.java:498)
	at org.junit.runners.model.FrameworkMethod$1.runReflectiveCall(FrameworkMethod.java:50)
	at org.junit.internal.runners.model.ReflectiveCallable.run(ReflectiveCallable.java:12)
	at org.junit.runners.model.FrameworkMethod.invokeExplosively(FrameworkMethod.java:47)
	at org.junit.internal.runners.statements.InvokeMethod.evaluate(InvokeMethod.java:17)
	at org.junit.internal.runners.statements.FailOnTimeout$CallableStatement.call(FailOnTimeout.java:298)
	at org.junit.internal.runners.statements.FailOnTimeout$CallableStatement.call(FailOnTimeout.java:292)
	at java.util.concurrent.FutureTask.run(FutureTask.java:266)
	at java.lang.Thread.run(Thread.java:748)
4) test136(org.apache.commons.csv.CSVFormat_ESTest)
org.evosuite.runtime.mock.java.lang.MockIllegalArgumentException: The header contains a duplicate entry: 'null' in [null, null, null, null, null, null, null]
	at org.apache.commons.csv.CSVFormat.validate(CSVFormat.java:852)
	at org.apache.commons.csv.CSVFormat.<init>(CSVFormat.java:434)
	at org.apache.commons.csv.CSVFormat.withHeader(CSVFormat.java:966)
	at org.apache.commons.csv.CSVFormat_ESTest.test136(CSVFormat_ESTest.java:2132)
	at sun.reflect.NativeMethodAccessorImpl.invoke0(Native Method)
	at sun.reflect.NativeMethodAccessorImpl.invoke(NativeMethodAccessorImpl.java:62)
	at sun.reflect.DelegatingMethodAccessorImpl.invoke(DelegatingMethodAccessorImpl.java:43)
	at java.lang.reflect.Method.invoke(Method.java:498)
	at org.junit.runners.model.FrameworkMethod$1.runReflectiveCall(FrameworkMethod.java:50)
	at org.junit.internal.runners.model.ReflectiveCallable.run(ReflectiveCallable.java:12)
	at org.junit.runners.model.FrameworkMethod.invokeExplosively(FrameworkMethod.java:47)
	at org.junit.internal.runners.statements.InvokeMethod.evaluate(InvokeMethod.java:17)
	at org.junit.internal.runners.statements.FailOnTimeout$CallableStatement.call(FailOnTimeout.java:298)
	at org.junit.internal.runners.statements.FailOnTimeout$CallableStatement.call(FailOnTimeout.java:292)
	at java.util.concurrent.FutureTask.run(FutureTask.java:266)
	at java.lang.Thread.run(Thread.java:748)
5) test142(org.apache.commons.csv.CSVFormat_ESTest)
org.evosuite.runtime.mock.java.lang.MockIllegalArgumentException: Parameter 'reader' must not be null!
	at org.apache.commons.csv.Assertions.notNull(Assertions.java:35)
	at org.apache.commons.csv.CSVParser.<init>(CSVParser.java:279)
	at org.apache.commons.csv.CSVParser.<init>(CSVParser.java:252)
	at org.apache.commons.csv.CSVFormat.parse(CSVFormat.java:743)
	at org.apache.commons.csv.CSVFormat_ESTest.test142(CSVFormat_ESTest.java:2232)
	at sun.reflect.NativeMethodAccessorImpl.invoke0(Native Method)
	at sun.reflect.NativeMethodAccessorImpl.invoke(NativeMethodAccessorImpl.java:62)
	at sun.reflect.DelegatingMethodAccessorImpl.invoke(DelegatingMethodAccessorImpl.java:43)
	at java.lang.reflect.Method.invoke(Method.java:498)
	at org.junit.runners.model.FrameworkMethod$1.runReflectiveCall(FrameworkMethod.java:50)
	at org.junit.internal.runners.model.ReflectiveCallable.run(ReflectiveCallable.java:12)
	at org.junit.runners.model.FrameworkMethod.invokeExplosively(FrameworkMethod.java:47)
	at org.junit.internal.runners.statements.InvokeMethod.evaluate(InvokeMethod.java:17)
	at org.junit.internal.runners.statements.FailOnTimeout$CallableStatement.call(FailOnTimeout.java:298)
	at org.junit.internal.runners.statements.FailOnTimeout$CallableStatement.call(FailOnTimeout.java:292)
	at java.util.concurrent.FutureTask.run(FutureTask.java:266)
	at java.lang.Thread.run(Thread.java:748)
6) test141(org.apache.commons.csv.CSVFormat_ESTest)
java.io.IOException: Pipe not connected
	at java.io.PipedWriter.write(PipedWriter.java:146)
	at java.io.Writer.write(Writer.java:192)
	at java.io.Writer.write(Writer.java:157)
	at java.io.Writer.append(Writer.java:227)
	at java.io.Writer.append(Writer.java:50)
	at org.apache.commons.csv.CSVPrinter.println(CSVPrinter.java:354)
	at org.apache.commons.csv.CSVPrinter.printRecord(CSVPrinter.java:396)
	at org.apache.commons.csv.CSVPrinter.<init>(CSVPrinter.java:77)
	at org.apache.commons.csv.CSVFormat.print(CSVFormat.java:760)
	at org.apache.commons.csv.CSVFormat_ESTest.test141(CSVFormat_ESTest.java:2215)
	at sun.reflect.NativeMethodAccessorImpl.invoke0(Native Method)
	at sun.reflect.NativeMethodAccessorImpl.invoke(NativeMethodAccessorImpl.java:62)
	at sun.reflect.DelegatingMethodAccessorImpl.invoke(DelegatingMethodAccessorImpl.java:43)
	at java.lang.reflect.Method.invoke(Method.java:498)
	at org.junit.runners.model.FrameworkMethod$1.runReflectiveCall(FrameworkMethod.java:50)
	at org.junit.internal.runners.model.ReflectiveCallable.run(ReflectiveCallable.java:12)
	at org.junit.runners.model.FrameworkMethod.invokeExplosively(FrameworkMethod.java:47)
	at org.junit.internal.runners.statements.InvokeMethod.evaluate(InvokeMethod.java:17)
	at org.junit.internal.runners.statements.FailOnTimeout$CallableStatement.call(FailOnTimeout.java:298)
	at org.junit.internal.runners.statements.FailOnTimeout$CallableStatement.call(FailOnTimeout.java:292)
	at java.util.concurrent.FutureTask.run(FutureTask.java:266)
	at java.lang.Thread.run(Thread.java:748)
7) test144(org.apache.commons.csv.CSVFormat_ESTest)
java.lang.NullPointerException
	at org.apache.commons.csv.CSVPrinter.printRecord(CSVPrinter.java:393)
	at org.apache.commons.csv.CSVFormat.format(CSVFormat.java:528)
	at org.apache.commons.csv.CSVFormat_ESTest.test144(CSVFormat_ESTest.java:2266)
	at sun.reflect.NativeMethodAccessorImpl.invoke0(Native Method)
	at sun.reflect.NativeMethodAccessorImpl.invoke(NativeMethodAccessorImpl.java:62)
	at sun.reflect.DelegatingMethodAccessorImpl.invoke(DelegatingMethodAccessorImpl.java:43)
	at java.lang.reflect.Method.invoke(Method.java:498)
	at org.junit.runners.model.FrameworkMethod$1.runReflectiveCall(FrameworkMethod.java:50)
	at org.junit.internal.runners.model.ReflectiveCallable.run(ReflectiveCallable.java:12)
	at org.junit.runners.model.FrameworkMethod.invokeExplosively(FrameworkMethod.java:47)
	at org.junit.internal.runners.statements.InvokeMethod.evaluate(InvokeMethod.java:17)
	at org.junit.internal.runners.statements.FailOnTimeout$CallableStatement.call(FailOnTimeout.java:298)
	at org.junit.internal.runners.statements.FailOnTimeout$CallableStatement.call(FailOnTimeout.java:292)
	at java.util.concurrent.FutureTask.run(FutureTask.java:266)
	at java.lang.Thread.run(Thread.java:748)
8) test143(org.apache.commons.csv.CSVFormat_ESTest)
java.io.IOException: Pipe not connected
	at java.io.PipedReader.read(PipedReader.java:292)
	at java.io.BufferedReader.fill(BufferedReader.java:161)
	at java.io.BufferedReader.read(BufferedReader.java:182)
	at org.apache.commons.csv.ExtendedBufferedReader.read(ExtendedBufferedReader.java:60)
	at org.apache.commons.csv.Lexer.nextToken(Lexer.java:89)
	at org.apache.commons.csv.CSVParser.nextRecord(CSVParser.java:497)
	at org.apache.commons.csv.CSVParser.initializeHeader(CSVParser.java:385)
	at org.apache.commons.csv.CSVParser.<init>(CSVParser.java:284)
	at org.apache.commons.csv.CSVParser.<init>(CSVParser.java:252)
	at org.apache.commons.csv.CSVFormat.parse(CSVFormat.java:743)
	at org.apache.commons.csv.CSVFormat_ESTest.test143(CSVFormat_ESTest.java:2250)
	at sun.reflect.NativeMethodAccessorImpl.invoke0(Native Method)
	at sun.reflect.NativeMethodAccessorImpl.invoke(NativeMethodAccessorImpl.java:62)
	at sun.reflect.DelegatingMethodAccessorImpl.invoke(DelegatingMethodAccessorImpl.java:43)
	at java.lang.reflect.Method.invoke(Method.java:498)
	at org.junit.runners.model.FrameworkMethod$1.runReflectiveCall(FrameworkMethod.java:50)
	at org.junit.internal.runners.model.ReflectiveCallable.run(ReflectiveCallable.java:12)
	at org.junit.runners.model.FrameworkMethod.invokeExplosively(FrameworkMethod.java:47)
	at org.junit.internal.runners.statements.InvokeMethod.evaluate(InvokeMethod.java:17)
	at org.junit.internal.runners.statements.FailOnTimeout$CallableStatement.call(FailOnTimeout.java:298)
	at org.junit.internal.runners.statements.FailOnTimeout$CallableStatement.call(FailOnTimeout.java:292)
	at java.util.concurrent.FutureTask.run(FutureTask.java:266)
	at java.lang.Thread.run(Thread.java:748)
9) test140(org.apache.commons.csv.CSVFormat_ESTest)
org.evosuite.runtime.mock.java.lang.MockIllegalArgumentException: Parameter 'out' must not be null!
	at org.apache.commons.csv.Assertions.notNull(Assertions.java:35)
	at org.apache.commons.csv.CSVPrinter.<init>(CSVPrinter.java:62)
	at org.apache.commons.csv.CSVFormat.print(CSVFormat.java:760)
	at org.apache.commons.csv.CSVFormat_ESTest.test140(CSVFormat_ESTest.java:2197)
	at sun.reflect.NativeMethodAccessorImpl.invoke0(Native Method)
	at sun.reflect.NativeMethodAccessorImpl.invoke(NativeMethodAccessorImpl.java:62)
	at sun.reflect.DelegatingMethodAccessorImpl.invoke(DelegatingMethodAccessorImpl.java:43)
	at java.lang.reflect.Method.invoke(Method.java:498)
	at org.junit.runners.model.FrameworkMethod$1.runReflectiveCall(FrameworkMethod.java:50)
	at org.junit.internal.runners.model.ReflectiveCallable.run(ReflectiveCallable.java:12)
	at org.junit.runners.model.FrameworkMethod.invokeExplosively(FrameworkMethod.java:47)
	at org.junit.internal.runners.statements.InvokeMethod.evaluate(InvokeMethod.java:17)
	at org.junit.internal.runners.statements.FailOnTimeout$CallableStatement.call(FailOnTimeout.java:298)
	at org.junit.internal.runners.statements.FailOnTimeout$CallableStatement.call(FailOnTimeout.java:292)
	at java.util.concurrent.FutureTask.run(FutureTask.java:266)
	at java.lang.Thread.run(Thread.java:748)
10) test169(org.apache.commons.csv.CSVFormat_ESTest)
org.evosuite.runtime.mock.java.lang.MockIllegalArgumentException: The quoteChar cannot be a line break
	at org.apache.commons.csv.CSVFormat.withQuote(CSVFormat.java:1205)
	at org.apache.commons.csv.CSVFormat.withQuote(CSVFormat.java:1191)
	at org.apache.commons.csv.CSVFormat_ESTest.test169(CSVFormat_ESTest.java:2501)
	at sun.reflect.NativeMethodAccessorImpl.invoke0(Native Method)
	at sun.reflect.NativeMethodAccessorImpl.invoke(NativeMethodAccessorImpl.java:62)
	at sun.reflect.DelegatingMethodAccessorImpl.invoke(DelegatingMethodAccessorImpl.java:43)
	at java.lang.reflect.Method.invoke(Method.java:498)
	at org.junit.runners.model.FrameworkMethod$1.runReflectiveCall(FrameworkMethod.java:50)
	at org.junit.internal.runners.model.ReflectiveCallable.run(ReflectiveCallable.java:12)
	at org.junit.runners.model.FrameworkMethod.invokeExplosively(FrameworkMethod.java:47)
	at org.junit.internal.runners.statements.InvokeMethod.evaluate(InvokeMethod.java:17)
	at org.junit.internal.runners.statements.FailOnTimeout$CallableStatement.call(FailOnTimeout.java:298)
	at org.junit.internal.runners.statements.FailOnTimeout$CallableStatement.call(FailOnTimeout.java:292)
	at java.util.concurrent.FutureTask.run(FutureTask.java:266)
	at java.lang.Thread.run(Thread.java:748)
11) test175(org.apache.commons.csv.CSVFormat_ESTest)
org.evosuite.runtime.mock.java.lang.MockIllegalArgumentException: The comment start and the escape character cannot be the same ('1')
	at org.apache.commons.csv.CSVFormat.validate(CSVFormat.java:839)
	at org.apache.commons.csv.CSVFormat.<init>(CSVFormat.java:434)
	at org.apache.commons.csv.CSVFormat.withEscape(CSVFormat.java:938)
	at org.apache.commons.csv.CSVFormat.withEscape(CSVFormat.java:922)
	at org.apache.commons.csv.CSVFormat_ESTest.test175(CSVFormat_ESTest.java:2597)
	at sun.reflect.NativeMethodAccessorImpl.invoke0(Native Method)
	at sun.reflect.NativeMethodAccessorImpl.invoke(NativeMethodAccessorImpl.java:62)
	at sun.reflect.DelegatingMethodAccessorImpl.invoke(DelegatingMethodAccessorImpl.java:43)
	at java.lang.reflect.Method.invoke(Method.java:498)
	at org.junit.runners.model.FrameworkMethod$1.runReflectiveCall(FrameworkMethod.java:50)
	at org.junit.internal.runners.model.ReflectiveCallable.run(ReflectiveCallable.java:12)
	at org.junit.runners.model.FrameworkMethod.invokeExplosively(FrameworkMethod.java:47)
	at org.junit.internal.runners.statements.InvokeMethod.evaluate(InvokeMethod.java:17)
	at org.junit.internal.runners.statements.FailOnTimeout$CallableStatement.call(FailOnTimeout.java:298)
	at org.junit.internal.runners.statements.FailOnTimeout$CallableStatement.call(FailOnTimeout.java:292)
	at java.util.concurrent.FutureTask.run(FutureTask.java:266)
	at java.lang.Thread.run(Thread.java:748)
12) test174(org.apache.commons.csv.CSVFormat_ESTest)
org.evosuite.runtime.mock.java.lang.MockIllegalArgumentException: No quotes mode set but no escape character is set
	at org.apache.commons.csv.CSVFormat.validate(CSVFormat.java:844)
	at org.apache.commons.csv.CSVFormat.<init>(CSVFormat.java:434)
	at org.apache.commons.csv.CSVFormat.withQuoteMode(CSVFormat.java:1221)
	at org.apache.commons.csv.CSVFormat_ESTest.test174(CSVFormat_ESTest.java:2580)
	at sun.reflect.NativeMethodAccessorImpl.invoke0(Native Method)
	at sun.reflect.NativeMethodAccessorImpl.invoke(NativeMethodAccessorImpl.java:62)
	at sun.reflect.DelegatingMethodAccessorImpl.invoke(DelegatingMethodAccessorImpl.java:43)
	at java.lang.reflect.Method.invoke(Method.java:498)
	at org.junit.runners.model.FrameworkMethod$1.runReflectiveCall(FrameworkMethod.java:50)
	at org.junit.internal.runners.model.ReflectiveCallable.run(ReflectiveCallable.java:12)
	at org.junit.runners.model.FrameworkMethod.invokeExplosively(FrameworkMethod.java:47)
	at org.junit.internal.runners.statements.InvokeMethod.evaluate(InvokeMethod.java:17)
	at org.junit.internal.runners.statements.FailOnTimeout$CallableStatement.call(FailOnTimeout.java:298)
	at org.junit.internal.runners.statements.FailOnTimeout$CallableStatement.call(FailOnTimeout.java:292)
	at java.util.concurrent.FutureTask.run(FutureTask.java:266)
	at java.lang.Thread.run(Thread.java:748)
13) test177(org.apache.commons.csv.CSVFormat_ESTest)
org.evosuite.runtime.mock.java.lang.MockIllegalArgumentException: The comment start character and the delimiter cannot be the same ('M')
	at org.apache.commons.csv.CSVFormat.validate(CSVFormat.java:829)
	at org.apache.commons.csv.CSVFormat.<init>(CSVFormat.java:434)
	at org.apache.commons.csv.CSVFormat.withCommentMarker(CSVFormat.java:889)
	at org.apache.commons.csv.CSVFormat.withCommentMarker(CSVFormat.java:871)
	at org.apache.commons.csv.CSVFormat_ESTest.test177(CSVFormat_ESTest.java:2630)
	at sun.reflect.NativeMethodAccessorImpl.invoke0(Native Method)
	at sun.reflect.NativeMethodAccessorImpl.invoke(NativeMethodAccessorImpl.java:62)
	at sun.reflect.DelegatingMethodAccessorImpl.invoke(DelegatingMethodAccessorImpl.java:43)
	at java.lang.reflect.Method.invoke(Method.java:498)
	at org.junit.runners.model.FrameworkMethod$1.runReflectiveCall(FrameworkMethod.java:50)
	at org.junit.internal.runners.model.ReflectiveCallable.run(ReflectiveCallable.java:12)
	at org.junit.runners.model.FrameworkMethod.invokeExplosively(FrameworkMethod.java:47)
	at org.junit.internal.runners.statements.InvokeMethod.evaluate(InvokeMethod.java:17)
	at org.junit.internal.runners.statements.FailOnTimeout$CallableStatement.call(FailOnTimeout.java:298)
	at org.junit.internal.runners.statements.FailOnTimeout$CallableStatement.call(FailOnTimeout.java:292)
	at java.util.concurrent.FutureTask.run(FutureTask.java:266)
	at java.lang.Thread.run(Thread.java:748)
14) test176(org.apache.commons.csv.CSVFormat_ESTest)
org.evosuite.runtime.mock.java.lang.MockIllegalArgumentException: The comment start character and the quoteChar cannot be the same ('P')
	at org.apache.commons.csv.CSVFormat.validate(CSVFormat.java:834)
	at org.apache.commons.csv.CSVFormat.<init>(CSVFormat.java:434)
	at org.apache.commons.csv.CSVFormat.withQuote(CSVFormat.java:1207)
	at org.apache.commons.csv.CSVFormat.withQuote(CSVFormat.java:1191)
	at org.apache.commons.csv.CSVFormat_ESTest.test176(CSVFormat_ESTest.java:2614)
	at sun.reflect.NativeMethodAccessorImpl.invoke0(Native Method)
	at sun.reflect.NativeMethodAccessorImpl.invoke(NativeMethodAccessorImpl.java:62)
	at sun.reflect.DelegatingMethodAccessorImpl.invoke(DelegatingMethodAccessorImpl.java:43)
	at java.lang.reflect.Method.invoke(Method.java:498)
	at org.junit.runners.model.FrameworkMethod$1.runReflectiveCall(FrameworkMethod.java:50)
	at org.junit.internal.runners.model.ReflectiveCallable.run(ReflectiveCallable.java:12)
	at org.junit.runners.model.FrameworkMethod.invokeExplosively(FrameworkMethod.java:47)
	at org.junit.internal.runners.statements.InvokeMethod.evaluate(InvokeMethod.java:17)
	at org.junit.internal.runners.statements.FailOnTimeout$CallableStatement.call(FailOnTimeout.java:298)
	at org.junit.internal.runners.statements.FailOnTimeout$CallableStatement.call(FailOnTimeout.java:292)
	at java.util.concurrent.FutureTask.run(FutureTask.java:266)
	at java.lang.Thread.run(Thread.java:748)
15) test171(org.apache.commons.csv.CSVFormat_ESTest)
org.evosuite.runtime.mock.java.lang.MockIllegalArgumentException: The escape character cannot be a line break
	at org.apache.commons.csv.CSVFormat.withEscape(CSVFormat.java:936)
	at org.apache.commons.csv.CSVFormat_ESTest.test171(CSVFormat_ESTest.java:2528)
	at sun.reflect.NativeMethodAccessorImpl.invoke0(Native Method)
	at sun.reflect.NativeMethodAccessorImpl.invoke(NativeMethodAccessorImpl.java:62)
	at sun.reflect.DelegatingMethodAccessorImpl.invoke(DelegatingMethodAccessorImpl.java:43)
	at java.lang.reflect.Method.invoke(Method.java:498)
	at org.junit.runners.model.FrameworkMethod$1.runReflectiveCall(FrameworkMethod.java:50)
	at org.junit.internal.runners.model.ReflectiveCallable.run(ReflectiveCallable.java:12)
	at org.junit.runners.model.FrameworkMethod.invokeExplosively(FrameworkMethod.java:47)
	at org.junit.internal.runners.statements.InvokeMethod.evaluate(InvokeMethod.java:17)
	at org.junit.internal.runners.statements.FailOnTimeout$CallableStatement.call(FailOnTimeout.java:298)
	at org.junit.internal.runners.statements.FailOnTimeout$CallableStatement.call(FailOnTimeout.java:292)
	at java.util.concurrent.FutureTask.run(FutureTask.java:266)
	at java.lang.Thread.run(Thread.java:748)
16) test173(org.apache.commons.csv.CSVFormat_ESTest)
org.evosuite.runtime.mock.java.lang.MockIllegalArgumentException: The header contains a duplicate entry: 'null' in [null, null]
	at org.apache.commons.csv.CSVFormat.validate(CSVFormat.java:852)
	at org.apache.commons.csv.CSVFormat.<init>(CSVFormat.java:434)
	at org.apache.commons.csv.CSVFormat.withHeader(CSVFormat.java:1034)
	at org.apache.commons.csv.CSVFormat_ESTest.test173(CSVFormat_ESTest.java:2562)
	at sun.reflect.NativeMethodAccessorImpl.invoke0(Native Method)
	at sun.reflect.NativeMethodAccessorImpl.invoke(NativeMethodAccessorImpl.java:62)
	at sun.reflect.DelegatingMethodAccessorImpl.invoke(DelegatingMethodAccessorImpl.java:43)
	at java.lang.reflect.Method.invoke(Method.java:498)
	at org.junit.runners.model.FrameworkMethod$1.runReflectiveCall(FrameworkMethod.java:50)
	at org.junit.internal.runners.model.ReflectiveCallable.run(ReflectiveCallable.java:12)
	at org.junit.runners.model.FrameworkMethod.invokeExplosively(FrameworkMethod.java:47)
	at org.junit.internal.runners.statements.InvokeMethod.evaluate(InvokeMethod.java:17)
	at org.junit.internal.runners.statements.FailOnTimeout$CallableStatement.call(FailOnTimeout.java:298)
	at org.junit.internal.runners.statements.FailOnTimeout$CallableStatement.call(FailOnTimeout.java:292)
	at java.util.concurrent.FutureTask.run(FutureTask.java:266)
	at java.lang.Thread.run(Thread.java:748)
17) test172(org.apache.commons.csv.CSVFormat_ESTest)
org.evosuite.runtime.mock.java.lang.MockIllegalArgumentException: The delimiter cannot be a line break
	at org.apache.commons.csv.CSVFormat.withDelimiter(CSVFormat.java:905)
	at org.apache.commons.csv.CSVFormat_ESTest.test172(CSVFormat_ESTest.java:2544)
	at sun.reflect.NativeMethodAccessorImpl.invoke0(Native Method)
	at sun.reflect.NativeMethodAccessorImpl.invoke(NativeMethodAccessorImpl.java:62)
	at sun.reflect.DelegatingMethodAccessorImpl.invoke(DelegatingMethodAccessorImpl.java:43)
	at java.lang.reflect.Method.invoke(Method.java:498)
	at org.junit.runners.model.FrameworkMethod$1.runReflectiveCall(FrameworkMethod.java:50)
	at org.junit.internal.runners.model.ReflectiveCallable.run(ReflectiveCallable.java:12)
	at org.junit.runners.model.FrameworkMethod.invokeExplosively(FrameworkMethod.java:47)
	at org.junit.internal.runners.statements.InvokeMethod.evaluate(InvokeMethod.java:17)
	at org.junit.internal.runners.statements.FailOnTimeout$CallableStatement.call(FailOnTimeout.java:298)
	at org.junit.internal.runners.statements.FailOnTimeout$CallableStatement.call(FailOnTimeout.java:292)
	at java.util.concurrent.FutureTask.run(FutureTask.java:266)
	at java.lang.Thread.run(Thread.java:748)
18) test214(org.apache.commons.csv.CSVFormat_ESTest)
org.evosuite.runtime.mock.java.lang.MockIllegalArgumentException: The comment start marker character cannot be a line break
	at org.apache.commons.csv.CSVFormat.withCommentMarker(CSVFormat.java:887)
	at org.apache.commons.csv.CSVFormat_ESTest.test214(CSVFormat_ESTest.java:3143)
	at sun.reflect.NativeMethodAccessorImpl.invoke0(Native Method)
	at sun.reflect.NativeMethodAccessorImpl.invoke(NativeMethodAccessorImpl.java:62)
	at sun.reflect.DelegatingMethodAccessorImpl.invoke(DelegatingMethodAccessorImpl.java:43)
	at java.lang.reflect.Method.invoke(Method.java:498)
	at org.junit.runners.model.FrameworkMethod$1.runReflectiveCall(FrameworkMethod.java:50)
	at org.junit.internal.runners.model.ReflectiveCallable.run(ReflectiveCallable.java:12)
	at org.junit.runners.model.FrameworkMethod.invokeExplosively(FrameworkMethod.java:47)
	at org.junit.internal.runners.statements.InvokeMethod.evaluate(InvokeMethod.java:17)
	at org.junit.internal.runners.statements.FailOnTimeout$CallableStatement.call(FailOnTimeout.java:298)
	at org.junit.internal.runners.statements.FailOnTimeout$CallableStatement.call(FailOnTimeout.java:292)
	at java.util.concurrent.FutureTask.run(FutureTask.java:266)
	at java.lang.Thread.run(Thread.java:748)
19) test179(org.apache.commons.csv.CSVFormat_ESTest)
org.evosuite.runtime.mock.java.lang.MockIllegalArgumentException: The quoteChar character and the delimiter cannot be the same (',')
	at org.apache.commons.csv.CSVFormat.validate(CSVFormat.java:819)
	at org.apache.commons.csv.CSVFormat.<init>(CSVFormat.java:434)
	at org.apache.commons.csv.CSVFormat.withQuote(CSVFormat.java:1207)
	at org.apache.commons.csv.CSVFormat.withQuote(CSVFormat.java:1191)
	at org.apache.commons.csv.CSVFormat_ESTest.test179(CSVFormat_ESTest.java:2664)
	at sun.reflect.NativeMethodAccessorImpl.invoke0(Native Method)
	at sun.reflect.NativeMethodAccessorImpl.invoke(NativeMethodAccessorImpl.java:62)
	at sun.reflect.DelegatingMethodAccessorImpl.invoke(DelegatingMethodAccessorImpl.java:43)
	at java.lang.reflect.Method.invoke(Method.java:498)
	at org.junit.runners.model.FrameworkMethod$1.runReflectiveCall(FrameworkMethod.java:50)
	at org.junit.internal.runners.model.ReflectiveCallable.run(ReflectiveCallable.java:12)
	at org.junit.runners.model.FrameworkMethod.invokeExplosively(FrameworkMethod.java:47)
	at org.junit.internal.runners.statements.InvokeMethod.evaluate(InvokeMethod.java:17)
	at org.junit.internal.runners.statements.FailOnTimeout$CallableStatement.call(FailOnTimeout.java:298)
	at org.junit.internal.runners.statements.FailOnTimeout$CallableStatement.call(FailOnTimeout.java:292)
	at java.util.concurrent.FutureTask.run(FutureTask.java:266)
	at java.lang.Thread.run(Thread.java:748)
20) test178(org.apache.commons.csv.CSVFormat_ESTest)
org.evosuite.runtime.mock.java.lang.MockIllegalArgumentException: The escape character and the delimiter cannot be the same ('j')
	at org.apache.commons.csv.CSVFormat.validate(CSVFormat.java:824)
	at org.apache.commons.csv.CSVFormat.<init>(CSVFormat.java:434)
	at org.apache.commons.csv.CSVFormat.withEscape(CSVFormat.java:938)
	at org.apache.commons.csv.CSVFormat_ESTest.test178(CSVFormat_ESTest.java:2648)
	at sun.reflect.NativeMethodAccessorImpl.invoke0(Native Method)
	at sun.reflect.NativeMethodAccessorImpl.invoke(NativeMethodAccessorImpl.java:62)
	at sun.reflect.DelegatingMethodAccessorImpl.invoke(DelegatingMethodAccessorImpl.java:43)
	at java.lang.reflect.Method.invoke(Method.java:498)
	at org.junit.runners.model.FrameworkMethod$1.runReflectiveCall(FrameworkMethod.java:50)
	at org.junit.internal.runners.model.ReflectiveCallable.run(ReflectiveCallable.java:12)
	at org.junit.runners.model.FrameworkMethod.invokeExplosively(FrameworkMethod.java:47)
	at org.junit.internal.runners.statements.InvokeMethod.evaluate(InvokeMethod.java:17)
	at org.junit.internal.runners.statements.FailOnTimeout$CallableStatement.call(FailOnTimeout.java:298)
	at org.junit.internal.runners.statements.FailOnTimeout$CallableStatement.call(FailOnTimeout.java:292)
	at java.util.concurrent.FutureTask.run(FutureTask.java:266)
	at java.lang.Thread.run(Thread.java:748)
21) test180(org.apache.commons.csv.CSVFormat_ESTest)
org.evosuite.runtime.mock.java.lang.MockIllegalArgumentException: The delimiter cannot be a line break
	at org.apache.commons.csv.CSVFormat.validate(CSVFormat.java:815)
	at org.apache.commons.csv.CSVFormat.<init>(CSVFormat.java:434)
	at org.apache.commons.csv.CSVFormat.newFormat(CSVFormat.java:366)
	at org.apache.commons.csv.CSVFormat_ESTest.test180(CSVFormat_ESTest.java:2679)
	at sun.reflect.NativeMethodAccessorImpl.invoke0(Native Method)
	at sun.reflect.NativeMethodAccessorImpl.invoke(NativeMethodAccessorImpl.java:62)
	at sun.reflect.DelegatingMethodAccessorImpl.invoke(DelegatingMethodAccessorImpl.java:43)
	at java.lang.reflect.Method.invoke(Method.java:498)
	at org.junit.runners.model.FrameworkMethod$1.runReflectiveCall(FrameworkMethod.java:50)
	at org.junit.internal.runners.model.ReflectiveCallable.run(ReflectiveCallable.java:12)
	at org.junit.runners.model.FrameworkMethod.invokeExplosively(FrameworkMethod.java:47)
	at org.junit.internal.runners.statements.InvokeMethod.evaluate(InvokeMethod.java:17)
	at org.junit.internal.runners.statements.FailOnTimeout$CallableStatement.call(FailOnTimeout.java:298)
	at org.junit.internal.runners.statements.FailOnTimeout$CallableStatement.call(FailOnTimeout.java:292)
	at java.util.concurrent.FutureTask.run(FutureTask.java:266)
	at java.lang.Thread.run(Thread.java:748)

FAILURES!!!
Tests run: 225,  Failures: 21

