* EvoSuite 1.1.1-SNAPSHOT
* Configuration: BBC-F0-opt-30
* Going to generate test cases for class: org.apache.commons.compress.archivers.zip.ZipArchiveInputStream
* Starting Client-0
* Connecting to master process on port 19285
* Analyzing classpath: 
  - subjects/buggy-versions/Compress-47/target/classes
  - defects4j/framework/projects/Compress/lib/org/objenesis/objenesis/2.6/objenesis-2.6.jar
  - defects4j/framework/projects/Compress/lib/com/github/luben/zstd-jni/1.3.3-1/zstd-jni-1.3.3-1.jar
  - defects4j/framework/projects/Compress/lib/org/brotli/dec/0.1.2/dec-0.1.2.jar
  - defects4j/framework/projects/Compress/lib/org/tukaani/xz/1.8/xz-1.8.jar
* Finished analyzing classpath
* Generating tests for class org.apache.commons.compress.archivers.zip.ZipArchiveInputStream
* Test criteria:
  - Line Coverage
  - Branch Coverage
  - Exception
  - Mutation testing (weak)
  - Method-Output Coverage
  - Top-Level Method Coverage
  - No-Exception Top-Level Method Coverage
  - Context Branch Coverage
* Total number of test goals for DYNAMOSA: 1841
* Using seed 3873959593
* Starting evolution
bbc usage percentage is: 30%
* Initial Number of Goals in DynaMOSA = 422 / 1841
[MASTER] 11:29:14.931 [logback-2] ERROR TestCluster - Failed to check cache for java.util.Enumeration<E> : Type points to itself
[MASTER] 11:38:17.568 [logback-1] WARN  TestChromosome - Functional mock problem: org.evosuite.ga.ConstructionFailedException: Failed to add constructor for java.io.PushbackInputStream due to org.evosuite.ga.ConstructionFailedException: Failed to add constructor for java.io.ObjectInputStream due to org.evosuite.ga.ConstructionFailedException: Failed to add constructor for org.apache.commons.compress.archivers.zip.ZipArchiveInputStream due to org.evosuite.ga.ConstructionFailedException: Failed to add constructor for org.apache.commons.compress.archivers.zip.ZipArchiveInputStream due to org.evosuite.ga.ConstructionFailedException: Failed to add constructor for java.io.SequenceInputStream due to org.evosuite.ga.ConstructionFailedException: Max recursion depth reached
[MASTER] 11:38:48.830 [logback-1] WARN  TestChromosome - Functional mock problem: org.evosuite.ga.ConstructionFailedException: Failed to add constructor for java.io.PushbackInputStream due to org.evosuite.ga.ConstructionFailedException: Failed to add constructor for java.io.BufferedInputStream due to org.evosuite.ga.ConstructionFailedException: Failed to add constructor for java.io.SequenceInputStream due to org.evosuite.ga.ConstructionFailedException: Failed to add constructor for java.io.DataInputStream due to org.evosuite.ga.ConstructionFailedException: Failed to add constructor for org.apache.commons.compress.archivers.zip.ZipArchiveInputStream due to org.evosuite.ga.ConstructionFailedException: Max recursion depth reached
* Search finished after 631s and 187 generations, 71448 statements, best individual has fitness: 1570.0
* Minimizing test suite
[MASTER] 11:40:45.784 [logback-1] WARN  TestSuiteMinimizer - Minimization timeout. Roll back to original test suite
* Going to analyze the coverage criteria
* Coverage analysis for criterion LINE
* Coverage of criterion LINE: 20%
* Total number of goals: 405
* Number of covered goals: 81
* Coverage analysis for criterion BRANCH
* Coverage of criterion BRANCH: 14%
* Total number of goals: 287
* Number of covered goals: 41
* Coverage analysis for criterion EXCEPTION
* Coverage of criterion EXCEPTION: 100%
* Total number of goals: 17
* Number of covered goals: 17
* Coverage analysis for criterion WEAKMUTATION
* Coverage of criterion WEAKMUTATION: 12%
* Total number of goals: 773
* Number of covered goals: 96
* Coverage analysis for criterion OUTPUT
* Coverage of criterion OUTPUT: 11%
* Total number of goals: 57
* Number of covered goals: 6
* Coverage analysis for criterion METHOD
* Coverage of criterion METHOD: 69%
* Total number of goals: 16
* Number of covered goals: 11
* Coverage analysis for criterion METHODNOEXCEPTION
* Coverage of criterion METHODNOEXCEPTION: 69%
* Total number of goals: 16
* Number of covered goals: 11
* Coverage analysis for criterion CBRANCH
* Coverage of criterion CBRANCH: 14%
* Total number of goals: 287
* Number of covered goals: 41
* Generated 38 tests with total length 624
* Resulting test suite's coverage: 33% (average coverage for all fitness functions)
* Generating assertions
[MASTER] 11:41:27.513 [logback-1] WARN  SimpleMutationAssertionGenerator - Assertion minimization is taking too long (0.6671833333333334% of time used, but only 6/38 tests minimized), falling back to using all assertions
* Resulting test suite's mutation score: 0%
* Compiling and checking tests
* Writing tests to file
* Writing JUnit test case 'ZipArchiveInputStream_ESTest' to results/Compress-47/org.apache.commons.compress.archivers.zip.ZipArchiveInputStream/BBC-F0-opt-30/tests/7
* Done!

* Computation finished
