JUnit version 4.12
...E........E.E..E.E...E.................E..E..E.....E.E....E.E.E..E..E..E.E.......E.......
Time: 1.444
There were 19 failures:
1) test06(org.joda.time.chrono.GJChronology_ESTest)
org.joda.time.IllegalFieldValueException: Value 64 for secondOfMinute must be in the range [0,59]
	at org.joda.time.field.FieldUtils.verifyValueBounds(FieldUtils.java:238)
	at org.joda.time.chrono.BasicChronology.getDateTimeMillis(BasicChronology.java:174)
	at org.joda.time.chrono.GregorianChronology.getDateTimeMillis(GregorianChronology.java:45)
	at org.joda.time.chrono.GJChronology.getDateTimeMillis(GJChronology.java:365)
	at org.joda.time.chrono.ZonedChronology.getDateTimeMillis(ZonedChronology.java:119)
	at org.joda.time.chrono.GJChronology.getDateTimeMillis(GJChronology.java:357)
	at org.joda.time.chrono.GJChronology_ESTest.test06(GJChronology_ESTest.java:133)
	at sun.reflect.NativeMethodAccessorImpl.invoke0(Native Method)
	at sun.reflect.NativeMethodAccessorImpl.invoke(NativeMethodAccessorImpl.java:62)
	at sun.reflect.DelegatingMethodAccessorImpl.invoke(DelegatingMethodAccessorImpl.java:43)
	at java.lang.reflect.Method.invoke(Method.java:498)
	at org.junit.runners.model.FrameworkMethod$1.runReflectiveCall(FrameworkMethod.java:50)
	at org.junit.internal.runners.model.ReflectiveCallable.run(ReflectiveCallable.java:12)
	at org.junit.runners.model.FrameworkMethod.invokeExplosively(FrameworkMethod.java:47)
	at org.junit.internal.runners.statements.InvokeMethod.evaluate(InvokeMethod.java:17)
	at org.junit.internal.runners.statements.FailOnTimeout$CallableStatement.call(FailOnTimeout.java:298)
	at org.junit.internal.runners.statements.FailOnTimeout$CallableStatement.call(FailOnTimeout.java:292)
	at java.util.concurrent.FutureTask.run(FutureTask.java:266)
	at java.lang.Thread.run(Thread.java:748)
2) test01(org.joda.time.chrono.GJChronology_ESTest)
org.joda.time.IllegalFieldValueException: Value 994 for dayOfMonth must be in the range [1,31]
	at org.joda.time.field.FieldUtils.verifyValueBounds(FieldUtils.java:220)
	at org.joda.time.field.BaseDateTimeField.set(BaseDateTimeField.java:585)
	at org.joda.time.MonthDay.withDayOfMonth(MonthDay.java:736)
	at org.joda.time.chrono.GJChronology_ESTest.test01(GJChronology_ESTest.java:66)
	at sun.reflect.NativeMethodAccessorImpl.invoke0(Native Method)
	at sun.reflect.NativeMethodAccessorImpl.invoke(NativeMethodAccessorImpl.java:62)
	at sun.reflect.DelegatingMethodAccessorImpl.invoke(DelegatingMethodAccessorImpl.java:43)
	at java.lang.reflect.Method.invoke(Method.java:498)
	at org.junit.runners.model.FrameworkMethod$1.runReflectiveCall(FrameworkMethod.java:50)
	at org.junit.internal.runners.model.ReflectiveCallable.run(ReflectiveCallable.java:12)
	at org.junit.runners.model.FrameworkMethod.invokeExplosively(FrameworkMethod.java:47)
	at org.junit.internal.runners.statements.InvokeMethod.evaluate(InvokeMethod.java:17)
	at org.junit.internal.runners.statements.FailOnTimeout$CallableStatement.call(FailOnTimeout.java:298)
	at org.junit.internal.runners.statements.FailOnTimeout$CallableStatement.call(FailOnTimeout.java:292)
	at java.util.concurrent.FutureTask.run(FutureTask.java:266)
	at java.lang.Thread.run(Thread.java:748)
3) test45(org.joda.time.chrono.GJChronology_ESTest)
org.joda.time.IllegalFieldValueException: Value 34 for dayOfMonth must be in the range [1,31]
	at org.joda.time.field.FieldUtils.verifyValueBounds(FieldUtils.java:220)
	at org.joda.time.field.BaseDateTimeField.set(BaseDateTimeField.java:585)
	at org.joda.time.MonthDay.withDayOfMonth(MonthDay.java:736)
	at org.joda.time.chrono.GJChronology_ESTest.test45(GJChronology_ESTest.java:544)
	at sun.reflect.NativeMethodAccessorImpl.invoke0(Native Method)
	at sun.reflect.NativeMethodAccessorImpl.invoke(NativeMethodAccessorImpl.java:62)
	at sun.reflect.DelegatingMethodAccessorImpl.invoke(DelegatingMethodAccessorImpl.java:43)
	at java.lang.reflect.Method.invoke(Method.java:498)
	at org.junit.runners.model.FrameworkMethod$1.runReflectiveCall(FrameworkMethod.java:50)
	at org.junit.internal.runners.model.ReflectiveCallable.run(ReflectiveCallable.java:12)
	at org.junit.runners.model.FrameworkMethod.invokeExplosively(FrameworkMethod.java:47)
	at org.junit.internal.runners.statements.InvokeMethod.evaluate(InvokeMethod.java:17)
	at org.junit.internal.runners.statements.FailOnTimeout$CallableStatement.call(FailOnTimeout.java:298)
	at org.junit.internal.runners.statements.FailOnTimeout$CallableStatement.call(FailOnTimeout.java:292)
	at java.util.concurrent.FutureTask.run(FutureTask.java:266)
	at java.lang.Thread.run(Thread.java:748)
4) test46(org.joda.time.chrono.GJChronology_ESTest)
org.joda.time.IllegalFieldValueException: Value 14 for dayOfMonth is not supported
	at org.joda.time.chrono.GJChronology$CutoverField.set(GJChronology.java:742)
	at org.joda.time.chrono.ZonedChronology$ZonedDateTimeField.set(ZonedChronology.java:463)
	at org.joda.time.chrono.BaseChronology.set(BaseChronology.java:240)
	at org.joda.time.chrono.GJChronology_ESTest.test46(GJChronology_ESTest.java:562)
	at sun.reflect.NativeMethodAccessorImpl.invoke0(Native Method)
	at sun.reflect.NativeMethodAccessorImpl.invoke(NativeMethodAccessorImpl.java:62)
	at sun.reflect.DelegatingMethodAccessorImpl.invoke(DelegatingMethodAccessorImpl.java:43)
	at java.lang.reflect.Method.invoke(Method.java:498)
	at org.junit.runners.model.FrameworkMethod$1.runReflectiveCall(FrameworkMethod.java:50)
	at org.junit.internal.runners.model.ReflectiveCallable.run(ReflectiveCallable.java:12)
	at org.junit.runners.model.FrameworkMethod.invokeExplosively(FrameworkMethod.java:47)
	at org.junit.internal.runners.statements.InvokeMethod.evaluate(InvokeMethod.java:17)
	at org.junit.internal.runners.statements.FailOnTimeout$CallableStatement.call(FailOnTimeout.java:298)
	at org.junit.internal.runners.statements.FailOnTimeout$CallableStatement.call(FailOnTimeout.java:292)
	at java.util.concurrent.FutureTask.run(FutureTask.java:266)
	at java.lang.Thread.run(Thread.java:748)
5) test03(org.joda.time.chrono.GJChronology_ESTest)
org.joda.time.IllegalFieldValueException: Value 1 for dayOfMonth is not supported
	at org.joda.time.chrono.GJChronology$CutoverField.set(GJChronology.java:729)
	at org.joda.time.chrono.ZonedChronology$ZonedDateTimeField.set(ZonedChronology.java:463)
	at org.joda.time.chrono.BaseChronology.set(BaseChronology.java:240)
	at org.joda.time.LocalDate.toDateTimeAtCurrentTime(LocalDate.java:818)
	at org.joda.time.LocalDate.toDateTimeAtCurrentTime(LocalDate.java:795)
	at org.joda.time.chrono.GJChronology_ESTest.test03(GJChronology_ESTest.java:95)
	at sun.reflect.NativeMethodAccessorImpl.invoke0(Native Method)
	at sun.reflect.NativeMethodAccessorImpl.invoke(NativeMethodAccessorImpl.java:62)
	at sun.reflect.DelegatingMethodAccessorImpl.invoke(DelegatingMethodAccessorImpl.java:43)
	at java.lang.reflect.Method.invoke(Method.java:498)
	at org.junit.runners.model.FrameworkMethod$1.runReflectiveCall(FrameworkMethod.java:50)
	at org.junit.internal.runners.model.ReflectiveCallable.run(ReflectiveCallable.java:12)
	at org.junit.runners.model.FrameworkMethod.invokeExplosively(FrameworkMethod.java:47)
	at org.junit.internal.runners.statements.InvokeMethod.evaluate(InvokeMethod.java:17)
	at org.junit.internal.runners.statements.FailOnTimeout$CallableStatement.call(FailOnTimeout.java:298)
	at org.junit.internal.runners.statements.FailOnTimeout$CallableStatement.call(FailOnTimeout.java:292)
	at java.util.concurrent.FutureTask.run(FutureTask.java:266)
	at java.lang.Thread.run(Thread.java:748)
6) test48(org.joda.time.chrono.GJChronology_ESTest)
org.joda.time.IllegalFieldValueException: Value 14 for dayOfMonth is not supported
	at org.joda.time.chrono.GJChronology$CutoverField.set(GJChronology.java:729)
	at org.joda.time.chrono.ZonedChronology$ZonedDateTimeField.set(ZonedChronology.java:463)
	at org.joda.time.chrono.BaseChronology.set(BaseChronology.java:240)
	at org.joda.time.chrono.GJChronology_ESTest.test48(GJChronology_ESTest.java:591)
	at sun.reflect.NativeMethodAccessorImpl.invoke0(Native Method)
	at sun.reflect.NativeMethodAccessorImpl.invoke(NativeMethodAccessorImpl.java:62)
	at sun.reflect.DelegatingMethodAccessorImpl.invoke(DelegatingMethodAccessorImpl.java:43)
	at java.lang.reflect.Method.invoke(Method.java:498)
	at org.junit.runners.model.FrameworkMethod$1.runReflectiveCall(FrameworkMethod.java:50)
	at org.junit.internal.runners.model.ReflectiveCallable.run(ReflectiveCallable.java:12)
	at org.junit.runners.model.FrameworkMethod.invokeExplosively(FrameworkMethod.java:47)
	at org.junit.internal.runners.statements.InvokeMethod.evaluate(InvokeMethod.java:17)
	at org.junit.internal.runners.statements.FailOnTimeout$CallableStatement.call(FailOnTimeout.java:298)
	at org.junit.internal.runners.statements.FailOnTimeout$CallableStatement.call(FailOnTimeout.java:292)
	at java.util.concurrent.FutureTask.run(FutureTask.java:266)
	at java.lang.Thread.run(Thread.java:748)
7) test57(org.joda.time.chrono.GJChronology_ESTest)
org.joda.time.IllegalFieldValueException: Value 844 for minuteOfHour must be in the range [0,59]
	at org.joda.time.field.FieldUtils.verifyValueBounds(FieldUtils.java:238)
	at org.joda.time.chrono.BasicChronology.getDateTimeMillis(BasicChronology.java:173)
	at org.joda.time.chrono.GregorianChronology.getDateTimeMillis(GregorianChronology.java:45)
	at org.joda.time.chrono.GJChronology.getDateTimeMillis(GJChronology.java:365)
	at org.joda.time.chrono.GJChronology_ESTest.test57(GJChronology_ESTest.java:687)
	at sun.reflect.NativeMethodAccessorImpl.invoke0(Native Method)
	at sun.reflect.NativeMethodAccessorImpl.invoke(NativeMethodAccessorImpl.java:62)
	at sun.reflect.DelegatingMethodAccessorImpl.invoke(DelegatingMethodAccessorImpl.java:43)
	at java.lang.reflect.Method.invoke(Method.java:498)
	at org.junit.runners.model.FrameworkMethod$1.runReflectiveCall(FrameworkMethod.java:50)
	at org.junit.internal.runners.model.ReflectiveCallable.run(ReflectiveCallable.java:12)
	at org.junit.runners.model.FrameworkMethod.invokeExplosively(FrameworkMethod.java:47)
	at org.junit.internal.runners.statements.InvokeMethod.evaluate(InvokeMethod.java:17)
	at org.junit.internal.runners.statements.FailOnTimeout$CallableStatement.call(FailOnTimeout.java:298)
	at org.junit.internal.runners.statements.FailOnTimeout$CallableStatement.call(FailOnTimeout.java:292)
	at java.util.concurrent.FutureTask.run(FutureTask.java:266)
	at java.lang.Thread.run(Thread.java:748)
8) test58(org.joda.time.chrono.GJChronology_ESTest)
org.joda.time.IllegalFieldValueException: Value -138 for hourOfDay must be in the range [0,23]
	at org.joda.time.field.FieldUtils.verifyValueBounds(FieldUtils.java:238)
	at org.joda.time.chrono.BasicChronology.getDateTimeMillis(BasicChronology.java:172)
	at org.joda.time.chrono.GregorianChronology.getDateTimeMillis(GregorianChronology.java:45)
	at org.joda.time.chrono.GJChronology.getDateTimeMillis(GJChronology.java:365)
	at org.joda.time.chrono.ZonedChronology.getDateTimeMillis(ZonedChronology.java:119)
	at org.joda.time.chrono.GJChronology.getDateTimeMillis(GJChronology.java:357)
	at org.joda.time.chrono.GJChronology_ESTest.test58(GJChronology_ESTest.java:702)
	at sun.reflect.NativeMethodAccessorImpl.invoke0(Native Method)
	at sun.reflect.NativeMethodAccessorImpl.invoke(NativeMethodAccessorImpl.java:62)
	at sun.reflect.DelegatingMethodAccessorImpl.invoke(DelegatingMethodAccessorImpl.java:43)
	at java.lang.reflect.Method.invoke(Method.java:498)
	at org.junit.runners.model.FrameworkMethod$1.runReflectiveCall(FrameworkMethod.java:50)
	at org.junit.internal.runners.model.ReflectiveCallable.run(ReflectiveCallable.java:12)
	at org.junit.runners.model.FrameworkMethod.invokeExplosively(FrameworkMethod.java:47)
	at org.junit.internal.runners.statements.InvokeMethod.evaluate(InvokeMethod.java:17)
	at org.junit.internal.runners.statements.FailOnTimeout$CallableStatement.call(FailOnTimeout.java:298)
	at org.junit.internal.runners.statements.FailOnTimeout$CallableStatement.call(FailOnTimeout.java:292)
	at java.util.concurrent.FutureTask.run(FutureTask.java:266)
	at java.lang.Thread.run(Thread.java:748)
9) test59(org.joda.time.chrono.GJChronology_ESTest)
org.joda.time.IllegalFieldValueException: Value 29 for dayOfMonth must be in the range [1,28]
	at org.joda.time.field.FieldUtils.verifyValueBounds(FieldUtils.java:238)
	at org.joda.time.chrono.BasicChronology.getDateMidnightMillis(BasicChronology.java:614)
	at org.joda.time.chrono.JulianChronology.getDateMidnightMillis(JulianChronology.java:207)
	at org.joda.time.chrono.BasicChronology.getDateTimeMillis(BasicChronology.java:177)
	at org.joda.time.chrono.JulianChronology.getDateTimeMillis(JulianChronology.java:50)
	at org.joda.time.chrono.GJChronology.getDateTimeMillis(GJChronology.java:381)
	at org.joda.time.chrono.GJChronology_ESTest.test59(GJChronology_ESTest.java:717)
	at sun.reflect.NativeMethodAccessorImpl.invoke0(Native Method)
	at sun.reflect.NativeMethodAccessorImpl.invoke(NativeMethodAccessorImpl.java:62)
	at sun.reflect.DelegatingMethodAccessorImpl.invoke(DelegatingMethodAccessorImpl.java:43)
	at java.lang.reflect.Method.invoke(Method.java:498)
	at org.junit.runners.model.FrameworkMethod$1.runReflectiveCall(FrameworkMethod.java:50)
	at org.junit.internal.runners.model.ReflectiveCallable.run(ReflectiveCallable.java:12)
	at org.junit.runners.model.FrameworkMethod.invokeExplosively(FrameworkMethod.java:47)
	at org.junit.internal.runners.statements.InvokeMethod.evaluate(InvokeMethod.java:17)
	at org.junit.internal.runners.statements.FailOnTimeout$CallableStatement.call(FailOnTimeout.java:298)
	at org.junit.internal.runners.statements.FailOnTimeout$CallableStatement.call(FailOnTimeout.java:292)
	at java.util.concurrent.FutureTask.run(FutureTask.java:266)
	at java.lang.Thread.run(Thread.java:748)
10) test63(org.joda.time.chrono.GJChronology_ESTest)
org.joda.time.IllegalFieldValueException: Value 93 for monthOfYear must be in the range [1,12]
	at org.joda.time.field.FieldUtils.verifyValueBounds(FieldUtils.java:220)
	at org.joda.time.field.BaseDateTimeField.set(BaseDateTimeField.java:585)
	at org.joda.time.MonthDay.withMonthOfYear(MonthDay.java:719)
	at org.joda.time.chrono.GJChronology_ESTest.test63(GJChronology_ESTest.java:759)
	at sun.reflect.NativeMethodAccessorImpl.invoke0(Native Method)
	at sun.reflect.NativeMethodAccessorImpl.invoke(NativeMethodAccessorImpl.java:62)
	at sun.reflect.DelegatingMethodAccessorImpl.invoke(DelegatingMethodAccessorImpl.java:43)
	at java.lang.reflect.Method.invoke(Method.java:498)
	at org.junit.runners.model.FrameworkMethod$1.runReflectiveCall(FrameworkMethod.java:50)
	at org.junit.internal.runners.model.ReflectiveCallable.run(ReflectiveCallable.java:12)
	at org.junit.runners.model.FrameworkMethod.invokeExplosively(FrameworkMethod.java:47)
	at org.junit.internal.runners.statements.InvokeMethod.evaluate(InvokeMethod.java:17)
	at org.junit.internal.runners.statements.FailOnTimeout$CallableStatement.call(FailOnTimeout.java:298)
	at org.junit.internal.runners.statements.FailOnTimeout$CallableStatement.call(FailOnTimeout.java:292)
	at java.util.concurrent.FutureTask.run(FutureTask.java:266)
	at java.lang.Thread.run(Thread.java:748)
11) test28(org.joda.time.chrono.GJChronology_ESTest)
org.joda.time.IllegalFieldValueException: Value 1582 for hourOfDay must be in the range [0,23]
	at org.joda.time.field.FieldUtils.verifyValueBounds(FieldUtils.java:238)
	at org.joda.time.chrono.BasicChronology.getDateTimeMillis(BasicChronology.java:172)
	at org.joda.time.chrono.GregorianChronology.getDateTimeMillis(GregorianChronology.java:45)
	at org.joda.time.chrono.GJChronology.getDateTimeMillis(GJChronology.java:365)
	at org.joda.time.chrono.GJChronology_ESTest.test28(GJChronology_ESTest.java:362)
	at sun.reflect.NativeMethodAccessorImpl.invoke0(Native Method)
	at sun.reflect.NativeMethodAccessorImpl.invoke(NativeMethodAccessorImpl.java:62)
	at sun.reflect.DelegatingMethodAccessorImpl.invoke(DelegatingMethodAccessorImpl.java:43)
	at java.lang.reflect.Method.invoke(Method.java:498)
	at org.junit.runners.model.FrameworkMethod$1.runReflectiveCall(FrameworkMethod.java:50)
	at org.junit.internal.runners.model.ReflectiveCallable.run(ReflectiveCallable.java:12)
	at org.junit.runners.model.FrameworkMethod.invokeExplosively(FrameworkMethod.java:47)
	at org.junit.internal.runners.statements.InvokeMethod.evaluate(InvokeMethod.java:17)
	at org.junit.internal.runners.statements.FailOnTimeout$CallableStatement.call(FailOnTimeout.java:298)
	at org.junit.internal.runners.statements.FailOnTimeout$CallableStatement.call(FailOnTimeout.java:292)
	at java.util.concurrent.FutureTask.run(FutureTask.java:266)
	at java.lang.Thread.run(Thread.java:748)
12) test21(org.joda.time.chrono.GJChronology_ESTest)
org.joda.time.IllegalFieldValueException: Value 292278994 for year must be in the range [-292269054,292272992]
	at org.joda.time.field.FieldUtils.verifyValueBounds(FieldUtils.java:238)
	at org.joda.time.chrono.BasicChronology.getDateMidnightMillis(BasicChronology.java:612)
	at org.joda.time.chrono.JulianChronology.getDateMidnightMillis(JulianChronology.java:207)
	at org.joda.time.chrono.BasicChronology.getDateTimeMillis(BasicChronology.java:159)
	at org.joda.time.chrono.JulianChronology.getDateTimeMillis(JulianChronology.java:50)
	at org.joda.time.chrono.GJChronology.convertByYear(GJChronology.java:85)
	at org.joda.time.chrono.GJChronology.gregorianToJulianByYear(GJChronology.java:588)
	at org.joda.time.chrono.GJChronology_ESTest.test21(GJChronology_ESTest.java:268)
	at sun.reflect.NativeMethodAccessorImpl.invoke0(Native Method)
	at sun.reflect.NativeMethodAccessorImpl.invoke(NativeMethodAccessorImpl.java:62)
	at sun.reflect.DelegatingMethodAccessorImpl.invoke(DelegatingMethodAccessorImpl.java:43)
	at java.lang.reflect.Method.invoke(Method.java:498)
	at org.junit.runners.model.FrameworkMethod$1.runReflectiveCall(FrameworkMethod.java:50)
	at org.junit.internal.runners.model.ReflectiveCallable.run(ReflectiveCallable.java:12)
	at org.junit.runners.model.FrameworkMethod.invokeExplosively(FrameworkMethod.java:47)
	at org.junit.internal.runners.statements.InvokeMethod.evaluate(InvokeMethod.java:17)
	at org.junit.internal.runners.statements.FailOnTimeout$CallableStatement.call(FailOnTimeout.java:298)
	at org.junit.internal.runners.statements.FailOnTimeout$CallableStatement.call(FailOnTimeout.java:292)
	at java.util.concurrent.FutureTask.run(FutureTask.java:266)
	at java.lang.Thread.run(Thread.java:748)
13) test65(org.joda.time.chrono.GJChronology_ESTest)
org.joda.time.IllegalFieldValueException: Value 994 for dayOfMonth must be in the range [1,18]
	at org.joda.time.field.FieldUtils.verifyValueBounds(FieldUtils.java:220)
	at org.joda.time.field.BaseDateTimeField.set(BaseDateTimeField.java:585)
	at org.joda.time.MonthDay.withDayOfMonth(MonthDay.java:736)
	at org.joda.time.chrono.GJChronology_ESTest.test65(GJChronology_ESTest.java:788)
	at sun.reflect.NativeMethodAccessorImpl.invoke0(Native Method)
	at sun.reflect.NativeMethodAccessorImpl.invoke(NativeMethodAccessorImpl.java:62)
	at sun.reflect.DelegatingMethodAccessorImpl.invoke(DelegatingMethodAccessorImpl.java:43)
	at java.lang.reflect.Method.invoke(Method.java:498)
	at org.junit.runners.model.FrameworkMethod$1.runReflectiveCall(FrameworkMethod.java:50)
	at org.junit.internal.runners.model.ReflectiveCallable.run(ReflectiveCallable.java:12)
	at org.junit.runners.model.FrameworkMethod.invokeExplosively(FrameworkMethod.java:47)
	at org.junit.internal.runners.statements.InvokeMethod.evaluate(InvokeMethod.java:17)
	at org.junit.internal.runners.statements.FailOnTimeout$CallableStatement.call(FailOnTimeout.java:298)
	at org.junit.internal.runners.statements.FailOnTimeout$CallableStatement.call(FailOnTimeout.java:292)
	at java.util.concurrent.FutureTask.run(FutureTask.java:266)
	at java.lang.Thread.run(Thread.java:748)
14) test22(org.joda.time.chrono.GJChronology_ESTest)
org.joda.time.IllegalFieldValueException: Value 53 for weekOfWeekyear must be in the range [1,52]
	at org.joda.time.field.FieldUtils.verifyValueBounds(FieldUtils.java:220)
	at org.joda.time.field.PreciseDurationDateTimeField.set(PreciseDurationDateTimeField.java:78)
	at org.joda.time.chrono.GJChronology.convertByWeekyear(GJChronology.java:97)
	at org.joda.time.chrono.GJChronology.gregorianToJulianByWeekyear(GJChronology.java:596)
	at org.joda.time.chrono.GJChronology_ESTest.test22(GJChronology_ESTest.java:284)
	at sun.reflect.NativeMethodAccessorImpl.invoke0(Native Method)
	at sun.reflect.NativeMethodAccessorImpl.invoke(NativeMethodAccessorImpl.java:62)
	at sun.reflect.DelegatingMethodAccessorImpl.invoke(DelegatingMethodAccessorImpl.java:43)
	at java.lang.reflect.Method.invoke(Method.java:498)
	at org.junit.runners.model.FrameworkMethod$1.runReflectiveCall(FrameworkMethod.java:50)
	at org.junit.internal.runners.model.ReflectiveCallable.run(ReflectiveCallable.java:12)
	at org.junit.runners.model.FrameworkMethod.invokeExplosively(FrameworkMethod.java:47)
	at org.junit.internal.runners.statements.InvokeMethod.evaluate(InvokeMethod.java:17)
	at org.junit.internal.runners.statements.FailOnTimeout$CallableStatement.call(FailOnTimeout.java:298)
	at org.junit.internal.runners.statements.FailOnTimeout$CallableStatement.call(FailOnTimeout.java:292)
	at java.util.concurrent.FutureTask.run(FutureTask.java:266)
	at java.lang.Thread.run(Thread.java:748)
15) test23(org.joda.time.chrono.GJChronology_ESTest)
org.evosuite.runtime.mock.java.lang.MockIllegalArgumentException: Invalid min days in first week: 1611
	at org.joda.time.chrono.JulianChronology.getInstance(JulianChronology.java:138)
	at org.joda.time.chrono.GJChronology.getInstance(GJChronology.java:216)
	at org.joda.time.chrono.GJChronology.getInstance(GJChronology.java:251)
	at org.joda.time.chrono.GJChronology_ESTest.test23(GJChronology_ESTest.java:300)
	at sun.reflect.NativeMethodAccessorImpl.invoke0(Native Method)
	at sun.reflect.NativeMethodAccessorImpl.invoke(NativeMethodAccessorImpl.java:62)
	at sun.reflect.DelegatingMethodAccessorImpl.invoke(DelegatingMethodAccessorImpl.java:43)
	at java.lang.reflect.Method.invoke(Method.java:498)
	at org.junit.runners.model.FrameworkMethod$1.runReflectiveCall(FrameworkMethod.java:50)
	at org.junit.internal.runners.model.ReflectiveCallable.run(ReflectiveCallable.java:12)
	at org.junit.runners.model.FrameworkMethod.invokeExplosively(FrameworkMethod.java:47)
	at org.junit.internal.runners.statements.InvokeMethod.evaluate(InvokeMethod.java:17)
	at org.junit.internal.runners.statements.FailOnTimeout$CallableStatement.call(FailOnTimeout.java:298)
	at org.junit.internal.runners.statements.FailOnTimeout$CallableStatement.call(FailOnTimeout.java:292)
	at java.util.concurrent.FutureTask.run(FutureTask.java:266)
	at java.lang.Thread.run(Thread.java:748)
16) test24(org.joda.time.chrono.GJChronology_ESTest)
org.joda.time.IllegalFieldValueException: Value 1831 for monthOfYear must be in the range [1,12]
	at org.joda.time.field.FieldUtils.verifyValueBounds(FieldUtils.java:238)
	at org.joda.time.chrono.BasicChronology.getDateMidnightMillis(BasicChronology.java:613)
	at org.joda.time.chrono.BasicChronology.getDateTimeMillis(BasicChronology.java:159)
	at org.joda.time.chrono.GregorianChronology.getDateTimeMillis(GregorianChronology.java:45)
	at org.joda.time.chrono.GJChronology.getDateTimeMillis(GJChronology.java:336)
	at org.joda.time.chrono.ZonedChronology.getDateTimeMillis(ZonedChronology.java:110)
	at org.joda.time.chrono.GJChronology.getDateTimeMillis(GJChronology.java:331)
	at org.joda.time.chrono.GJChronology_ESTest.test24(GJChronology_ESTest.java:315)
	at sun.reflect.NativeMethodAccessorImpl.invoke0(Native Method)
	at sun.reflect.NativeMethodAccessorImpl.invoke(NativeMethodAccessorImpl.java:62)
	at sun.reflect.DelegatingMethodAccessorImpl.invoke(DelegatingMethodAccessorImpl.java:43)
	at java.lang.reflect.Method.invoke(Method.java:498)
	at org.junit.runners.model.FrameworkMethod$1.runReflectiveCall(FrameworkMethod.java:50)
	at org.junit.internal.runners.model.ReflectiveCallable.run(ReflectiveCallable.java:12)
	at org.junit.runners.model.FrameworkMethod.invokeExplosively(FrameworkMethod.java:47)
	at org.junit.internal.runners.statements.InvokeMethod.evaluate(InvokeMethod.java:17)
	at org.junit.internal.runners.statements.FailOnTimeout$CallableStatement.call(FailOnTimeout.java:298)
	at org.junit.internal.runners.statements.FailOnTimeout$CallableStatement.call(FailOnTimeout.java:292)
	at java.util.concurrent.FutureTask.run(FutureTask.java:266)
	at java.lang.Thread.run(Thread.java:748)
17) test25(org.joda.time.chrono.GJChronology_ESTest)
java.lang.NullPointerException
	at org.joda.time.chrono.GJChronology.assemble(GJChronology.java:500)
	at org.joda.time.chrono.GJChronology_ESTest.test25(GJChronology_ESTest.java:331)
	at sun.reflect.NativeMethodAccessorImpl.invoke0(Native Method)
	at sun.reflect.NativeMethodAccessorImpl.invoke(NativeMethodAccessorImpl.java:62)
	at sun.reflect.DelegatingMethodAccessorImpl.invoke(DelegatingMethodAccessorImpl.java:43)
	at java.lang.reflect.Method.invoke(Method.java:498)
	at org.junit.runners.model.FrameworkMethod$1.runReflectiveCall(FrameworkMethod.java:50)
	at org.junit.internal.runners.model.ReflectiveCallable.run(ReflectiveCallable.java:12)
	at org.junit.runners.model.FrameworkMethod.invokeExplosively(FrameworkMethod.java:47)
	at org.junit.internal.runners.statements.InvokeMethod.evaluate(InvokeMethod.java:17)
	at org.junit.internal.runners.statements.FailOnTimeout$CallableStatement.call(FailOnTimeout.java:298)
	at org.junit.internal.runners.statements.FailOnTimeout$CallableStatement.call(FailOnTimeout.java:292)
	at java.util.concurrent.FutureTask.run(FutureTask.java:266)
	at java.lang.Thread.run(Thread.java:748)
18) test69(org.joda.time.chrono.GJChronology_ESTest)
org.evosuite.runtime.mock.java.lang.MockIllegalArgumentException: Specified date does not exist
	at org.joda.time.chrono.GJChronology.getDateTimeMillis(GJChronology.java:343)
	at org.joda.time.LocalDate.<init>(LocalDate.java:420)
	at org.joda.time.chrono.GJChronology_ESTest.test69(GJChronology_ESTest.java:832)
	at sun.reflect.NativeMethodAccessorImpl.invoke0(Native Method)
	at sun.reflect.NativeMethodAccessorImpl.invoke(NativeMethodAccessorImpl.java:62)
	at sun.reflect.DelegatingMethodAccessorImpl.invoke(DelegatingMethodAccessorImpl.java:43)
	at java.lang.reflect.Method.invoke(Method.java:498)
	at org.junit.runners.model.FrameworkMethod$1.runReflectiveCall(FrameworkMethod.java:50)
	at org.junit.internal.runners.model.ReflectiveCallable.run(ReflectiveCallable.java:12)
	at org.junit.runners.model.FrameworkMethod.invokeExplosively(FrameworkMethod.java:47)
	at org.junit.internal.runners.statements.InvokeMethod.evaluate(InvokeMethod.java:17)
	at org.junit.internal.runners.statements.FailOnTimeout$CallableStatement.call(FailOnTimeout.java:298)
	at org.junit.internal.runners.statements.FailOnTimeout$CallableStatement.call(FailOnTimeout.java:292)
	at java.util.concurrent.FutureTask.run(FutureTask.java:266)
	at java.lang.Thread.run(Thread.java:748)
19) test31(org.joda.time.chrono.GJChronology_ESTest)
org.evosuite.runtime.mock.java.lang.MockIllegalArgumentException: Invalid min days in first week: 2537
	at org.joda.time.chrono.JulianChronology.getInstance(JulianChronology.java:138)
	at org.joda.time.chrono.GJChronology.getInstance(GJChronology.java:216)
	at org.joda.time.chrono.GJChronology.getInstance(GJChronology.java:220)
	at org.joda.time.chrono.GJChronology_ESTest.test31(GJChronology_ESTest.java:402)
	at sun.reflect.NativeMethodAccessorImpl.invoke0(Native Method)
	at sun.reflect.NativeMethodAccessorImpl.invoke(NativeMethodAccessorImpl.java:62)
	at sun.reflect.DelegatingMethodAccessorImpl.invoke(DelegatingMethodAccessorImpl.java:43)
	at java.lang.reflect.Method.invoke(Method.java:498)
	at org.junit.runners.model.FrameworkMethod$1.runReflectiveCall(FrameworkMethod.java:50)
	at org.junit.internal.runners.model.ReflectiveCallable.run(ReflectiveCallable.java:12)
	at org.junit.runners.model.FrameworkMethod.invokeExplosively(FrameworkMethod.java:47)
	at org.junit.internal.runners.statements.InvokeMethod.evaluate(InvokeMethod.java:17)
	at org.junit.internal.runners.statements.FailOnTimeout$CallableStatement.call(FailOnTimeout.java:298)
	at org.junit.internal.runners.statements.FailOnTimeout$CallableStatement.call(FailOnTimeout.java:292)
	at java.util.concurrent.FutureTask.run(FutureTask.java:266)
	at java.lang.Thread.run(Thread.java:748)

FAILURES!!!
Tests run: 72,  Failures: 19

