JUnit version 3.8.2
.E.....E.E.E.E.
Time: 1.275
There were 5 failures:
1) test1(org.apache.commons.jxpath.ri.axes.UnionContext_ESTest)
org.apache.commons.jxpath.JXPathException: Undefined variable: org.apache.commons.jxpath.ri.axes.UnionContext:
	at org.apache.commons.jxpath.ri.model.VariablePointer$1.getImmediateNode(VariablePointer.java:121)
	at org.apache.commons.jxpath.ri.model.NodePointer.getNode(NodePointer.java:300)
	at org.apache.commons.jxpath.ri.model.NodePointer.getValue(NodePointer.java:220)
	at org.apache.commons.jxpath.ri.model.NodePointer.getValue(NodePointer.java:217)
	at org.apache.commons.jxpath.ri.InfoSetUtil.doubleValue(InfoSetUtil.java:116)
	at org.apache.commons.jxpath.ri.InfoSetUtil.doubleValue(InfoSetUtil.java:121)
	at org.apache.commons.jxpath.ri.compiler.CoreOperationSubtract.computeValue(CoreOperationSubtract.java:35)
	at org.apache.commons.jxpath.ri.axes.PredicateContext.nextNode(PredicateContext.java:82)
	at org.apache.commons.jxpath.ri.axes.UnionContext.setPosition(UnionContext.java:53)
	at org.apache.commons.jxpath.ri.axes.UnionContext_ESTest.test1(UnionContext_ESTest.java:71)
	at sun.reflect.NativeMethodAccessorImpl.invoke0(Native Method)
	at sun.reflect.NativeMethodAccessorImpl.invoke(NativeMethodAccessorImpl.java:62)
	at sun.reflect.DelegatingMethodAccessorImpl.invoke(DelegatingMethodAccessorImpl.java:43)
	at java.lang.reflect.Method.invoke(Method.java:498)
	at org.junit.runners.model.FrameworkMethod$1.runReflectiveCall(FrameworkMethod.java:50)
	at org.junit.internal.runners.model.ReflectiveCallable.run(ReflectiveCallable.java:12)
	at org.junit.runners.model.FrameworkMethod.invokeExplosively(FrameworkMethod.java:47)
	at org.junit.internal.runners.statements.InvokeMethod.evaluate(InvokeMethod.java:17)
	at org.junit.internal.runners.statements.FailOnTimeout$CallableStatement.call(FailOnTimeout.java:298)
	at org.junit.internal.runners.statements.FailOnTimeout$CallableStatement.call(FailOnTimeout.java:292)
	at java.util.concurrent.FutureTask.run(FutureTask.java:266)
	at java.lang.Thread.run(Thread.java:748)
2) test6(org.apache.commons.jxpath.ri.axes.UnionContext_ESTest)
java.lang.NullPointerException
	at org.apache.commons.jxpath.ri.axes.UnionContext.setPosition(UnionContext.java:52)
	at org.apache.commons.jxpath.ri.axes.UnionContext_ESTest.test6(UnionContext_ESTest.java:172)
	at sun.reflect.NativeMethodAccessorImpl.invoke0(Native Method)
	at sun.reflect.NativeMethodAccessorImpl.invoke(NativeMethodAccessorImpl.java:62)
	at sun.reflect.DelegatingMethodAccessorImpl.invoke(DelegatingMethodAccessorImpl.java:43)
	at java.lang.reflect.Method.invoke(Method.java:498)
	at org.junit.runners.model.FrameworkMethod$1.runReflectiveCall(FrameworkMethod.java:50)
	at org.junit.internal.runners.model.ReflectiveCallable.run(ReflectiveCallable.java:12)
	at org.junit.runners.model.FrameworkMethod.invokeExplosively(FrameworkMethod.java:47)
	at org.junit.internal.runners.statements.InvokeMethod.evaluate(InvokeMethod.java:17)
	at org.junit.internal.runners.statements.FailOnTimeout$CallableStatement.call(FailOnTimeout.java:298)
	at org.junit.internal.runners.statements.FailOnTimeout$CallableStatement.call(FailOnTimeout.java:292)
	at java.util.concurrent.FutureTask.run(FutureTask.java:266)
	at java.lang.Thread.run(Thread.java:748)
3) test5(org.apache.commons.jxpath.ri.axes.UnionContext_ESTest)
java.lang.NullPointerException
	at org.apache.commons.jxpath.ri.axes.UnionContext.getDocumentOrder(UnionContext.java:42)
	at org.apache.commons.jxpath.ri.axes.UnionContext_ESTest.test5(UnionContext_ESTest.java:150)
	at sun.reflect.NativeMethodAccessorImpl.invoke0(Native Method)
	at sun.reflect.NativeMethodAccessorImpl.invoke(NativeMethodAccessorImpl.java:62)
	at sun.reflect.DelegatingMethodAccessorImpl.invoke(DelegatingMethodAccessorImpl.java:43)
	at java.lang.reflect.Method.invoke(Method.java:498)
	at org.junit.runners.model.FrameworkMethod$1.runReflectiveCall(FrameworkMethod.java:50)
	at org.junit.internal.runners.model.ReflectiveCallable.run(ReflectiveCallable.java:12)
	at org.junit.runners.model.FrameworkMethod.invokeExplosively(FrameworkMethod.java:47)
	at org.junit.internal.runners.statements.InvokeMethod.evaluate(InvokeMethod.java:17)
	at org.junit.internal.runners.statements.FailOnTimeout$CallableStatement.call(FailOnTimeout.java:298)
	at org.junit.internal.runners.statements.FailOnTimeout$CallableStatement.call(FailOnTimeout.java:292)
	at java.util.concurrent.FutureTask.run(FutureTask.java:266)
	at java.lang.Thread.run(Thread.java:748)
4) test4(org.apache.commons.jxpath.ri.axes.UnionContext_ESTest)
java.lang.IndexOutOfBoundsException: Index: 1, Size: 0
	at java.util.ArrayList.rangeCheck(ArrayList.java:659)
	at java.util.ArrayList.get(ArrayList.java:435)
	at java.util.Collections$UnmodifiableList.get(Collections.java:1311)
	at org.apache.commons.jxpath.ri.axes.NodeSetContext.getCurrentNodePointer(NodeSetContext.java:48)
	at org.apache.commons.jxpath.ri.axes.PrecedingOrFollowingContext.nextNode(PrecedingOrFollowingContext.java:81)
	at org.apache.commons.jxpath.ri.EvalContext.nextSet(EvalContext.java:319)
	at org.apache.commons.jxpath.ri.axes.UnionContext.setPosition(UnionContext.java:52)
	at org.apache.commons.jxpath.ri.axes.UnionContext_ESTest.test4(UnionContext_ESTest.java:134)
	at sun.reflect.NativeMethodAccessorImpl.invoke0(Native Method)
	at sun.reflect.NativeMethodAccessorImpl.invoke(NativeMethodAccessorImpl.java:62)
	at sun.reflect.DelegatingMethodAccessorImpl.invoke(DelegatingMethodAccessorImpl.java:43)
	at java.lang.reflect.Method.invoke(Method.java:498)
	at org.junit.runners.model.FrameworkMethod$1.runReflectiveCall(FrameworkMethod.java:50)
	at org.junit.internal.runners.model.ReflectiveCallable.run(ReflectiveCallable.java:12)
	at org.junit.runners.model.FrameworkMethod.invokeExplosively(FrameworkMethod.java:47)
	at org.junit.internal.runners.statements.InvokeMethod.evaluate(InvokeMethod.java:17)
	at org.junit.internal.runners.statements.FailOnTimeout$CallableStatement.call(FailOnTimeout.java:298)
	at org.junit.internal.runners.statements.FailOnTimeout$CallableStatement.call(FailOnTimeout.java:292)
	at java.util.concurrent.FutureTask.run(FutureTask.java:266)
	at java.lang.Thread.run(Thread.java:748)
5) test3(org.apache.commons.jxpath.ri.axes.UnionContext_ESTest)
java.lang.UnsupportedOperationException
	at org.apache.commons.jxpath.ri.axes.RootContext.nextSet(RootContext.java:82)
	at org.apache.commons.jxpath.ri.axes.UnionContext.setPosition(UnionContext.java:52)
	at org.apache.commons.jxpath.ri.axes.UnionContext_ESTest.test3(UnionContext_ESTest.java:108)
	at sun.reflect.NativeMethodAccessorImpl.invoke0(Native Method)
	at sun.reflect.NativeMethodAccessorImpl.invoke(NativeMethodAccessorImpl.java:62)
	at sun.reflect.DelegatingMethodAccessorImpl.invoke(DelegatingMethodAccessorImpl.java:43)
	at java.lang.reflect.Method.invoke(Method.java:498)
	at org.junit.runners.model.FrameworkMethod$1.runReflectiveCall(FrameworkMethod.java:50)
	at org.junit.internal.runners.model.ReflectiveCallable.run(ReflectiveCallable.java:12)
	at org.junit.runners.model.FrameworkMethod.invokeExplosively(FrameworkMethod.java:47)
	at org.junit.internal.runners.statements.InvokeMethod.evaluate(InvokeMethod.java:17)
	at org.junit.internal.runners.statements.FailOnTimeout$CallableStatement.call(FailOnTimeout.java:298)
	at org.junit.internal.runners.statements.FailOnTimeout$CallableStatement.call(FailOnTimeout.java:292)
	at java.util.concurrent.FutureTask.run(FutureTask.java:266)
	at java.lang.Thread.run(Thread.java:748)

FAILURES!!!
Tests run: 10,  Failures: 5

