JUnit version 4.12
..E.E.E.E..E.E.E.E...E.E.E...E.E..E...E.E.E..E..E.E..E.E.E..E.E.E..E..E.E.E.E.E.E.E.E.E.E.E.E.E.E...E.E.E.E.E.E...E.E.E.E..E.E.E.E.E.E.E.E..E..E.E.E..E.E..E.E.E.E.E.E.E..E...E.E
Time: 4.478
There were 75 failures:
1) test060(com.google.javascript.jscomp.TypeInference_ESTest)
org.evosuite.runtime.mock.java.lang.MockIllegalArgumentException: THIS  does not exist in graph
	at com.google.javascript.jscomp.graph.Graph.getNodeOrFail(Graph.java:222)
	at com.google.javascript.jscomp.graph.LinkedDirectedGraph.getOutEdges(LinkedDirectedGraph.java:129)
	at com.google.javascript.jscomp.TypeInference.branchedFlowThrough(TypeInference.java:207)
	at com.google.javascript.jscomp.TypeInference_ESTest.test060(TypeInference_ESTest.java:1851)
	at sun.reflect.NativeMethodAccessorImpl.invoke0(Native Method)
	at sun.reflect.NativeMethodAccessorImpl.invoke(NativeMethodAccessorImpl.java:62)
	at sun.reflect.DelegatingMethodAccessorImpl.invoke(DelegatingMethodAccessorImpl.java:43)
	at java.lang.reflect.Method.invoke(Method.java:498)
	at org.junit.runners.model.FrameworkMethod$1.runReflectiveCall(FrameworkMethod.java:50)
	at org.junit.internal.runners.model.ReflectiveCallable.run(ReflectiveCallable.java:12)
	at org.junit.runners.model.FrameworkMethod.invokeExplosively(FrameworkMethod.java:47)
	at org.junit.internal.runners.statements.InvokeMethod.evaluate(InvokeMethod.java:17)
	at org.junit.internal.runners.statements.FailOnTimeout$CallableStatement.call(FailOnTimeout.java:298)
	at org.junit.internal.runners.statements.FailOnTimeout$CallableStatement.call(FailOnTimeout.java:292)
	at java.util.concurrent.FutureTask.run(FutureTask.java:266)
	at java.lang.Thread.run(Thread.java:748)
2) test063(com.google.javascript.jscomp.TypeInference_ESTest)
org.evosuite.runtime.mock.java.lang.MockIllegalArgumentException: REGEXP com.google.javascript.jscomp.RemoveUnusedNames does not exist in graph
	at com.google.javascript.jscomp.graph.Graph.getNodeOrFail(Graph.java:222)
	at com.google.javascript.jscomp.graph.LinkedDirectedGraph.getOutEdges(LinkedDirectedGraph.java:129)
	at com.google.javascript.jscomp.TypeInference.branchedFlowThrough(TypeInference.java:207)
	at com.google.javascript.jscomp.TypeInference_ESTest.test063(TypeInference_ESTest.java:1938)
	at sun.reflect.NativeMethodAccessorImpl.invoke0(Native Method)
	at sun.reflect.NativeMethodAccessorImpl.invoke(NativeMethodAccessorImpl.java:62)
	at sun.reflect.DelegatingMethodAccessorImpl.invoke(DelegatingMethodAccessorImpl.java:43)
	at java.lang.reflect.Method.invoke(Method.java:498)
	at org.junit.runners.model.FrameworkMethod$1.runReflectiveCall(FrameworkMethod.java:50)
	at org.junit.internal.runners.model.ReflectiveCallable.run(ReflectiveCallable.java:12)
	at org.junit.runners.model.FrameworkMethod.invokeExplosively(FrameworkMethod.java:47)
	at org.junit.internal.runners.statements.InvokeMethod.evaluate(InvokeMethod.java:17)
	at org.junit.internal.runners.statements.FailOnTimeout$CallableStatement.call(FailOnTimeout.java:298)
	at org.junit.internal.runners.statements.FailOnTimeout$CallableStatement.call(FailOnTimeout.java:292)
	at java.util.concurrent.FutureTask.run(FutureTask.java:266)
	at java.lang.Thread.run(Thread.java:748)
3) test062(com.google.javascript.jscomp.TypeInference_ESTest)
org.evosuite.runtime.mock.java.lang.MockIllegalStateException: 4095
	at com.google.javascript.rhino.Token.name(Token.java:287)
	at com.google.javascript.rhino.Node.toString(Node.java:955)
	at com.google.javascript.rhino.Node.toString(Node.java:946)
	at com.google.javascript.rhino.Node.toString(Node.java:938)
	at java.lang.String.valueOf(String.java:2994)
	at java.lang.StringBuilder.append(StringBuilder.java:131)
	at com.google.javascript.jscomp.graph.Graph.getNodeOrFail(Graph.java:222)
	at com.google.javascript.jscomp.graph.LinkedDirectedGraph.getOutEdges(LinkedDirectedGraph.java:129)
	at com.google.javascript.jscomp.TypeInference.branchedFlowThrough(TypeInference.java:207)
	at com.google.javascript.jscomp.TypeInference_ESTest.test062(TypeInference_ESTest.java:1906)
	at sun.reflect.NativeMethodAccessorImpl.invoke0(Native Method)
	at sun.reflect.NativeMethodAccessorImpl.invoke(NativeMethodAccessorImpl.java:62)
	at sun.reflect.DelegatingMethodAccessorImpl.invoke(DelegatingMethodAccessorImpl.java:43)
	at java.lang.reflect.Method.invoke(Method.java:498)
	at org.junit.runners.model.FrameworkMethod$1.runReflectiveCall(FrameworkMethod.java:50)
	at org.junit.internal.runners.model.ReflectiveCallable.run(ReflectiveCallable.java:12)
	at org.junit.runners.model.FrameworkMethod.invokeExplosively(FrameworkMethod.java:47)
	at org.junit.internal.runners.statements.InvokeMethod.evaluate(InvokeMethod.java:17)
	at org.junit.internal.runners.statements.FailOnTimeout$CallableStatement.call(FailOnTimeout.java:298)
	at org.junit.internal.runners.statements.FailOnTimeout$CallableStatement.call(FailOnTimeout.java:292)
	at java.util.concurrent.FutureTask.run(FutureTask.java:266)
	at java.lang.Thread.run(Thread.java:748)
4) test065(com.google.javascript.jscomp.TypeInference_ESTest)
org.evosuite.runtime.mock.java.lang.MockIllegalArgumentException: THROW 0 does not exist in graph
	at com.google.javascript.jscomp.graph.Graph.getNodeOrFail(Graph.java:222)
	at com.google.javascript.jscomp.graph.LinkedDirectedGraph.getOutEdges(LinkedDirectedGraph.java:129)
	at com.google.javascript.jscomp.TypeInference.branchedFlowThrough(TypeInference.java:207)
	at com.google.javascript.jscomp.TypeInference_ESTest.test065(TypeInference_ESTest.java:1993)
	at sun.reflect.NativeMethodAccessorImpl.invoke0(Native Method)
	at sun.reflect.NativeMethodAccessorImpl.invoke(NativeMethodAccessorImpl.java:62)
	at sun.reflect.DelegatingMethodAccessorImpl.invoke(DelegatingMethodAccessorImpl.java:43)
	at java.lang.reflect.Method.invoke(Method.java:498)
	at org.junit.runners.model.FrameworkMethod$1.runReflectiveCall(FrameworkMethod.java:50)
	at org.junit.internal.runners.model.ReflectiveCallable.run(ReflectiveCallable.java:12)
	at org.junit.runners.model.FrameworkMethod.invokeExplosively(FrameworkMethod.java:47)
	at org.junit.internal.runners.statements.InvokeMethod.evaluate(InvokeMethod.java:17)
	at org.junit.internal.runners.statements.FailOnTimeout$CallableStatement.call(FailOnTimeout.java:298)
	at org.junit.internal.runners.statements.FailOnTimeout$CallableStatement.call(FailOnTimeout.java:292)
	at java.util.concurrent.FutureTask.run(FutureTask.java:266)
	at java.lang.Thread.run(Thread.java:748)
5) test067(com.google.javascript.jscomp.TypeInference_ESTest)
org.evosuite.runtime.mock.java.lang.MockIllegalStateException: 54
	at com.google.javascript.rhino.Token.name(Token.java:287)
	at com.google.javascript.rhino.Node.toString(Node.java:955)
	at com.google.javascript.rhino.Node.toString(Node.java:946)
	at com.google.javascript.rhino.Node.toString(Node.java:938)
	at java.lang.String.valueOf(String.java:2994)
	at java.lang.StringBuilder.append(StringBuilder.java:131)
	at com.google.javascript.jscomp.graph.Graph.getNodeOrFail(Graph.java:222)
	at com.google.javascript.jscomp.graph.LinkedDirectedGraph.getOutEdges(LinkedDirectedGraph.java:129)
	at com.google.javascript.jscomp.TypeInference.branchedFlowThrough(TypeInference.java:207)
	at com.google.javascript.jscomp.TypeInference_ESTest.test067(TypeInference_ESTest.java:2052)
	at sun.reflect.NativeMethodAccessorImpl.invoke0(Native Method)
	at sun.reflect.NativeMethodAccessorImpl.invoke(NativeMethodAccessorImpl.java:62)
	at sun.reflect.DelegatingMethodAccessorImpl.invoke(DelegatingMethodAccessorImpl.java:43)
	at java.lang.reflect.Method.invoke(Method.java:498)
	at org.junit.runners.model.FrameworkMethod$1.runReflectiveCall(FrameworkMethod.java:50)
	at org.junit.internal.runners.model.ReflectiveCallable.run(ReflectiveCallable.java:12)
	at org.junit.runners.model.FrameworkMethod.invokeExplosively(FrameworkMethod.java:47)
	at org.junit.internal.runners.statements.InvokeMethod.evaluate(InvokeMethod.java:17)
	at org.junit.internal.runners.statements.FailOnTimeout$CallableStatement.call(FailOnTimeout.java:298)
	at org.junit.internal.runners.statements.FailOnTimeout$CallableStatement.call(FailOnTimeout.java:292)
	at java.util.concurrent.FutureTask.run(FutureTask.java:266)
	at java.lang.Thread.run(Thread.java:748)
6) test100(com.google.javascript.jscomp.TypeInference_ESTest)
java.lang.NullPointerException
	at com.google.javascript.jscomp.Compiler.getCodingConvention(Compiler.java:2081)
	at com.google.javascript.jscomp.TypedScopeCreator.<init>(TypedScopeCreator.java:183)
	at com.google.javascript.jscomp.TypeInference_ESTest.test100(TypeInference_ESTest.java:3005)
	at sun.reflect.NativeMethodAccessorImpl.invoke0(Native Method)
	at sun.reflect.NativeMethodAccessorImpl.invoke(NativeMethodAccessorImpl.java:62)
	at sun.reflect.DelegatingMethodAccessorImpl.invoke(DelegatingMethodAccessorImpl.java:43)
	at java.lang.reflect.Method.invoke(Method.java:498)
	at org.junit.runners.model.FrameworkMethod$1.runReflectiveCall(FrameworkMethod.java:50)
	at org.junit.internal.runners.model.ReflectiveCallable.run(ReflectiveCallable.java:12)
	at org.junit.runners.model.FrameworkMethod.invokeExplosively(FrameworkMethod.java:47)
	at org.junit.internal.runners.statements.InvokeMethod.evaluate(InvokeMethod.java:17)
	at org.junit.internal.runners.statements.FailOnTimeout$CallableStatement.call(FailOnTimeout.java:298)
	at org.junit.internal.runners.statements.FailOnTimeout$CallableStatement.call(FailOnTimeout.java:292)
	at java.util.concurrent.FutureTask.run(FutureTask.java:266)
	at java.lang.Thread.run(Thread.java:748)
7) test066(com.google.javascript.jscomp.TypeInference_ESTest)
org.evosuite.runtime.mock.java.lang.MockIllegalStateException: 53
	at com.google.javascript.rhino.Token.name(Token.java:287)
	at com.google.javascript.rhino.Node.toString(Node.java:955)
	at com.google.javascript.rhino.Node.toString(Node.java:946)
	at com.google.javascript.rhino.Node.toString(Node.java:938)
	at java.lang.String.valueOf(String.java:2994)
	at java.lang.StringBuilder.append(StringBuilder.java:131)
	at com.google.javascript.jscomp.graph.Graph.getNodeOrFail(Graph.java:222)
	at com.google.javascript.jscomp.graph.LinkedDirectedGraph.getOutEdges(LinkedDirectedGraph.java:129)
	at com.google.javascript.jscomp.TypeInference.branchedFlowThrough(TypeInference.java:207)
	at com.google.javascript.jscomp.TypeInference_ESTest.test066(TypeInference_ESTest.java:2022)
	at sun.reflect.NativeMethodAccessorImpl.invoke0(Native Method)
	at sun.reflect.NativeMethodAccessorImpl.invoke(NativeMethodAccessorImpl.java:62)
	at sun.reflect.DelegatingMethodAccessorImpl.invoke(DelegatingMethodAccessorImpl.java:43)
	at java.lang.reflect.Method.invoke(Method.java:498)
	at org.junit.runners.model.FrameworkMethod$1.runReflectiveCall(FrameworkMethod.java:50)
	at org.junit.internal.runners.model.ReflectiveCallable.run(ReflectiveCallable.java:12)
	at org.junit.runners.model.FrameworkMethod.invokeExplosively(FrameworkMethod.java:47)
	at org.junit.internal.runners.statements.InvokeMethod.evaluate(InvokeMethod.java:17)
	at org.junit.internal.runners.statements.FailOnTimeout$CallableStatement.call(FailOnTimeout.java:298)
	at org.junit.internal.runners.statements.FailOnTimeout$CallableStatement.call(FailOnTimeout.java:292)
	at java.util.concurrent.FutureTask.run(FutureTask.java:266)
	at java.lang.Thread.run(Thread.java:748)
8) test058(com.google.javascript.jscomp.TypeInference_ESTest)
org.evosuite.runtime.mock.java.lang.MockIllegalStateException: 129
	at com.google.javascript.rhino.Token.name(Token.java:287)
	at com.google.javascript.rhino.Node.toString(Node.java:955)
	at com.google.javascript.rhino.Node.toString(Node.java:946)
	at com.google.javascript.rhino.Node.toString(Node.java:938)
	at java.lang.String.valueOf(String.java:2994)
	at java.lang.StringBuilder.append(StringBuilder.java:131)
	at com.google.javascript.jscomp.graph.Graph.getNodeOrFail(Graph.java:222)
	at com.google.javascript.jscomp.graph.LinkedDirectedGraph.getOutEdges(LinkedDirectedGraph.java:129)
	at com.google.javascript.jscomp.TypeInference.branchedFlowThrough(TypeInference.java:207)
	at com.google.javascript.jscomp.TypeInference_ESTest.test058(TypeInference_ESTest.java:1789)
	at sun.reflect.NativeMethodAccessorImpl.invoke0(Native Method)
	at sun.reflect.NativeMethodAccessorImpl.invoke(NativeMethodAccessorImpl.java:62)
	at sun.reflect.DelegatingMethodAccessorImpl.invoke(DelegatingMethodAccessorImpl.java:43)
	at java.lang.reflect.Method.invoke(Method.java:498)
	at org.junit.runners.model.FrameworkMethod$1.runReflectiveCall(FrameworkMethod.java:50)
	at org.junit.internal.runners.model.ReflectiveCallable.run(ReflectiveCallable.java:12)
	at org.junit.runners.model.FrameworkMethod.invokeExplosively(FrameworkMethod.java:47)
	at org.junit.internal.runners.statements.InvokeMethod.evaluate(InvokeMethod.java:17)
	at org.junit.internal.runners.statements.FailOnTimeout$CallableStatement.call(FailOnTimeout.java:298)
	at org.junit.internal.runners.statements.FailOnTimeout$CallableStatement.call(FailOnTimeout.java:292)
	at java.util.concurrent.FutureTask.run(FutureTask.java:266)
	at java.lang.Thread.run(Thread.java:748)
9) test070(com.google.javascript.jscomp.TypeInference_ESTest)
org.evosuite.runtime.mock.java.lang.MockIllegalStateException: -2173
	at com.google.javascript.rhino.Token.name(Token.java:287)
	at com.google.javascript.rhino.Node.toString(Node.java:955)
	at com.google.javascript.rhino.Node.toString(Node.java:946)
	at com.google.javascript.rhino.Node.toString(Node.java:938)
	at java.lang.String.valueOf(String.java:2994)
	at java.lang.StringBuilder.append(StringBuilder.java:131)
	at com.google.javascript.jscomp.graph.Graph.getNodeOrFail(Graph.java:222)
	at com.google.javascript.jscomp.graph.LinkedDirectedGraph.getOutEdges(LinkedDirectedGraph.java:129)
	at com.google.javascript.jscomp.TypeInference.branchedFlowThrough(TypeInference.java:207)
	at com.google.javascript.jscomp.TypeInference_ESTest.test070(TypeInference_ESTest.java:2132)
	at sun.reflect.NativeMethodAccessorImpl.invoke0(Native Method)
	at sun.reflect.NativeMethodAccessorImpl.invoke(NativeMethodAccessorImpl.java:62)
	at sun.reflect.DelegatingMethodAccessorImpl.invoke(DelegatingMethodAccessorImpl.java:43)
	at java.lang.reflect.Method.invoke(Method.java:498)
	at org.junit.runners.model.FrameworkMethod$1.runReflectiveCall(FrameworkMethod.java:50)
	at org.junit.internal.runners.model.ReflectiveCallable.run(ReflectiveCallable.java:12)
	at org.junit.runners.model.FrameworkMethod.invokeExplosively(FrameworkMethod.java:47)
	at org.junit.internal.runners.statements.InvokeMethod.evaluate(InvokeMethod.java:17)
	at org.junit.internal.runners.statements.FailOnTimeout$CallableStatement.call(FailOnTimeout.java:298)
	at org.junit.internal.runners.statements.FailOnTimeout$CallableStatement.call(FailOnTimeout.java:292)
	at java.util.concurrent.FutureTask.run(FutureTask.java:266)
	at java.lang.Thread.run(Thread.java:748)
10) test072(com.google.javascript.jscomp.TypeInference_ESTest)
org.evosuite.runtime.mock.java.lang.MockIllegalArgumentException: LE u6Lw[! : boolean does not exist in graph
	at com.google.javascript.jscomp.graph.Graph.getNodeOrFail(Graph.java:222)
	at com.google.javascript.jscomp.graph.LinkedDirectedGraph.getOutEdges(LinkedDirectedGraph.java:129)
	at com.google.javascript.jscomp.TypeInference.branchedFlowThrough(TypeInference.java:207)
	at com.google.javascript.jscomp.TypeInference_ESTest.test072(TypeInference_ESTest.java:2204)
	at sun.reflect.NativeMethodAccessorImpl.invoke0(Native Method)
	at sun.reflect.NativeMethodAccessorImpl.invoke(NativeMethodAccessorImpl.java:62)
	at sun.reflect.DelegatingMethodAccessorImpl.invoke(DelegatingMethodAccessorImpl.java:43)
	at java.lang.reflect.Method.invoke(Method.java:498)
	at org.junit.runners.model.FrameworkMethod$1.runReflectiveCall(FrameworkMethod.java:50)
	at org.junit.internal.runners.model.ReflectiveCallable.run(ReflectiveCallable.java:12)
	at org.junit.runners.model.FrameworkMethod.invokeExplosively(FrameworkMethod.java:47)
	at org.junit.internal.runners.statements.InvokeMethod.evaluate(InvokeMethod.java:17)
	at org.junit.internal.runners.statements.FailOnTimeout$CallableStatement.call(FailOnTimeout.java:298)
	at org.junit.internal.runners.statements.FailOnTimeout$CallableStatement.call(FailOnTimeout.java:292)
	at java.util.concurrent.FutureTask.run(FutureTask.java:266)
	at java.lang.Thread.run(Thread.java:748)
11) test071(com.google.javascript.jscomp.TypeInference_ESTest)
java.lang.NullPointerException
	at com.google.javascript.jscomp.TypeInference.traverse(TypeInference.java:310)
	at com.google.javascript.jscomp.TypeInference.flowThrough(TypeInference.java:190)
	at com.google.javascript.jscomp.TypeInference_ESTest.test071(TypeInference_ESTest.java:2169)
	at sun.reflect.NativeMethodAccessorImpl.invoke0(Native Method)
	at sun.reflect.NativeMethodAccessorImpl.invoke(NativeMethodAccessorImpl.java:62)
	at sun.reflect.DelegatingMethodAccessorImpl.invoke(DelegatingMethodAccessorImpl.java:43)
	at java.lang.reflect.Method.invoke(Method.java:498)
	at org.junit.runners.model.FrameworkMethod$1.runReflectiveCall(FrameworkMethod.java:50)
	at org.junit.internal.runners.model.ReflectiveCallable.run(ReflectiveCallable.java:12)
	at org.junit.runners.model.FrameworkMethod.invokeExplosively(FrameworkMethod.java:47)
	at org.junit.internal.runners.statements.InvokeMethod.evaluate(InvokeMethod.java:17)
	at org.junit.internal.runners.statements.FailOnTimeout$CallableStatement.call(FailOnTimeout.java:298)
	at org.junit.internal.runners.statements.FailOnTimeout$CallableStatement.call(FailOnTimeout.java:292)
	at java.util.concurrent.FutureTask.run(FutureTask.java:266)
	at java.lang.Thread.run(Thread.java:748)
12) test076(com.google.javascript.jscomp.TypeInference_ESTest)
org.evosuite.runtime.mock.java.lang.MockIllegalArgumentException: SCRIPT 1 [synthetic: com.google.javascript.rhino.Node$IntPropListItem@0000000963] [source_file: com.google.javascript.rhino.Node$ObjectPropListItem@0000000964] [input_id: com.google.javascript.rhino.Node$ObjectPropListItem@0000000965] does not exist in graph
	at com.google.javascript.jscomp.graph.Graph.getNodeOrFail(Graph.java:222)
	at com.google.javascript.jscomp.graph.LinkedDirectedGraph.getOutEdges(LinkedDirectedGraph.java:129)
	at com.google.javascript.jscomp.TypeInference.branchedFlowThrough(TypeInference.java:207)
	at com.google.javascript.jscomp.TypeInference_ESTest.test076(TypeInference_ESTest.java:2315)
	at sun.reflect.NativeMethodAccessorImpl.invoke0(Native Method)
	at sun.reflect.NativeMethodAccessorImpl.invoke(NativeMethodAccessorImpl.java:62)
	at sun.reflect.DelegatingMethodAccessorImpl.invoke(DelegatingMethodAccessorImpl.java:43)
	at java.lang.reflect.Method.invoke(Method.java:498)
	at org.junit.runners.model.FrameworkMethod$1.runReflectiveCall(FrameworkMethod.java:50)
	at org.junit.internal.runners.model.ReflectiveCallable.run(ReflectiveCallable.java:12)
	at org.junit.runners.model.FrameworkMethod.invokeExplosively(FrameworkMethod.java:47)
	at org.junit.internal.runners.statements.InvokeMethod.evaluate(InvokeMethod.java:17)
	at org.junit.internal.runners.statements.FailOnTimeout$CallableStatement.call(FailOnTimeout.java:298)
	at org.junit.internal.runners.statements.FailOnTimeout$CallableStatement.call(FailOnTimeout.java:292)
	at java.util.concurrent.FutureTask.run(FutureTask.java:266)
	at java.lang.Thread.run(Thread.java:748)
13) test075(com.google.javascript.jscomp.TypeInference_ESTest)
org.evosuite.runtime.mock.java.lang.MockIllegalArgumentException: STRING  does not exist in graph
	at com.google.javascript.jscomp.graph.Graph.getNodeOrFail(Graph.java:222)
	at com.google.javascript.jscomp.graph.LinkedDirectedGraph.getOutEdges(LinkedDirectedGraph.java:129)
	at com.google.javascript.jscomp.TypeInference.branchedFlowThrough(TypeInference.java:207)
	at com.google.javascript.jscomp.TypeInference_ESTest.test075(TypeInference_ESTest.java:2285)
	at sun.reflect.NativeMethodAccessorImpl.invoke0(Native Method)
	at sun.reflect.NativeMethodAccessorImpl.invoke(NativeMethodAccessorImpl.java:62)
	at sun.reflect.DelegatingMethodAccessorImpl.invoke(DelegatingMethodAccessorImpl.java:43)
	at java.lang.reflect.Method.invoke(Method.java:498)
	at org.junit.runners.model.FrameworkMethod$1.runReflectiveCall(FrameworkMethod.java:50)
	at org.junit.internal.runners.model.ReflectiveCallable.run(ReflectiveCallable.java:12)
	at org.junit.runners.model.FrameworkMethod.invokeExplosively(FrameworkMethod.java:47)
	at org.junit.internal.runners.statements.InvokeMethod.evaluate(InvokeMethod.java:17)
	at org.junit.internal.runners.statements.FailOnTimeout$CallableStatement.call(FailOnTimeout.java:298)
	at org.junit.internal.runners.statements.FailOnTimeout$CallableStatement.call(FailOnTimeout.java:292)
	at java.util.concurrent.FutureTask.run(FutureTask.java:266)
	at java.lang.Thread.run(Thread.java:748)
14) test077(com.google.javascript.jscomp.TypeInference_ESTest)
org.evosuite.runtime.mock.java.lang.MockIllegalArgumentException: SCRIPT 1 [synthetic: com.google.javascript.rhino.Node$IntPropListItem@0000000974] [source_file: com.google.javascript.rhino.Node$ObjectPropListItem@0000000975] [input_id: com.google.javascript.rhino.Node$ObjectPropListItem@0000000976] does not exist in graph
	at com.google.javascript.jscomp.graph.Graph.getNodeOrFail(Graph.java:222)
	at com.google.javascript.jscomp.graph.LinkedDirectedGraph.getOutEdges(LinkedDirectedGraph.java:129)
	at com.google.javascript.jscomp.TypeInference.branchedFlowThrough(TypeInference.java:207)
	at com.google.javascript.jscomp.TypeInference_ESTest.test077(TypeInference_ESTest.java:2347)
	at sun.reflect.NativeMethodAccessorImpl.invoke0(Native Method)
	at sun.reflect.NativeMethodAccessorImpl.invoke(NativeMethodAccessorImpl.java:62)
	at sun.reflect.DelegatingMethodAccessorImpl.invoke(DelegatingMethodAccessorImpl.java:43)
	at java.lang.reflect.Method.invoke(Method.java:498)
	at org.junit.runners.model.FrameworkMethod$1.runReflectiveCall(FrameworkMethod.java:50)
	at org.junit.internal.runners.model.ReflectiveCallable.run(ReflectiveCallable.java:12)
	at org.junit.runners.model.FrameworkMethod.invokeExplosively(FrameworkMethod.java:47)
	at org.junit.internal.runners.statements.InvokeMethod.evaluate(InvokeMethod.java:17)
	at org.junit.internal.runners.statements.FailOnTimeout$CallableStatement.call(FailOnTimeout.java:298)
	at org.junit.internal.runners.statements.FailOnTimeout$CallableStatement.call(FailOnTimeout.java:292)
	at java.util.concurrent.FutureTask.run(FutureTask.java:266)
	at java.lang.Thread.run(Thread.java:748)
15) test101(com.google.javascript.jscomp.TypeInference_ESTest)
java.lang.NullPointerException
	at com.google.javascript.jscomp.Compiler.getCodingConvention(Compiler.java:2081)
	at com.google.javascript.jscomp.TypeInference_ESTest.test101(TypeInference_ESTest.java:3026)
	at sun.reflect.NativeMethodAccessorImpl.invoke0(Native Method)
	at sun.reflect.NativeMethodAccessorImpl.invoke(NativeMethodAccessorImpl.java:62)
	at sun.reflect.DelegatingMethodAccessorImpl.invoke(DelegatingMethodAccessorImpl.java:43)
	at java.lang.reflect.Method.invoke(Method.java:498)
	at org.junit.runners.model.FrameworkMethod$1.runReflectiveCall(FrameworkMethod.java:50)
	at org.junit.internal.runners.model.ReflectiveCallable.run(ReflectiveCallable.java:12)
	at org.junit.runners.model.FrameworkMethod.invokeExplosively(FrameworkMethod.java:47)
	at org.junit.internal.runners.statements.InvokeMethod.evaluate(InvokeMethod.java:17)
	at org.junit.internal.runners.statements.FailOnTimeout$CallableStatement.call(FailOnTimeout.java:298)
	at org.junit.internal.runners.statements.FailOnTimeout$CallableStatement.call(FailOnTimeout.java:292)
	at java.util.concurrent.FutureTask.run(FutureTask.java:266)
	at java.lang.Thread.run(Thread.java:748)
16) test081(com.google.javascript.jscomp.TypeInference_ESTest)
org.evosuite.runtime.mock.java.lang.MockIllegalArgumentException: NUMBER  does not exist in graph
	at com.google.javascript.jscomp.graph.Graph.getNodeOrFail(Graph.java:222)
	at com.google.javascript.jscomp.graph.LinkedDirectedGraph.getOutEdges(LinkedDirectedGraph.java:129)
	at com.google.javascript.jscomp.TypeInference.branchedFlowThrough(TypeInference.java:207)
	at com.google.javascript.jscomp.TypeInference_ESTest.test081(TypeInference_ESTest.java:2467)
	at sun.reflect.NativeMethodAccessorImpl.invoke0(Native Method)
	at sun.reflect.NativeMethodAccessorImpl.invoke(NativeMethodAccessorImpl.java:62)
	at sun.reflect.DelegatingMethodAccessorImpl.invoke(DelegatingMethodAccessorImpl.java:43)
	at java.lang.reflect.Method.invoke(Method.java:498)
	at org.junit.runners.model.FrameworkMethod$1.runReflectiveCall(FrameworkMethod.java:50)
	at org.junit.internal.runners.model.ReflectiveCallable.run(ReflectiveCallable.java:12)
	at org.junit.runners.model.FrameworkMethod.invokeExplosively(FrameworkMethod.java:47)
	at org.junit.internal.runners.statements.InvokeMethod.evaluate(InvokeMethod.java:17)
	at org.junit.internal.runners.statements.FailOnTimeout$CallableStatement.call(FailOnTimeout.java:298)
	at org.junit.internal.runners.statements.FailOnTimeout$CallableStatement.call(FailOnTimeout.java:292)
	at java.util.concurrent.FutureTask.run(FutureTask.java:266)
	at java.lang.Thread.run(Thread.java:748)
17) test080(com.google.javascript.jscomp.TypeInference_ESTest)
org.evosuite.runtime.mock.java.lang.MockIllegalStateException: 135
	at com.google.javascript.rhino.Token.name(Token.java:287)
	at com.google.javascript.rhino.Node.toString(Node.java:955)
	at com.google.javascript.rhino.Node.toString(Node.java:946)
	at com.google.javascript.rhino.Node.toString(Node.java:938)
	at java.lang.String.valueOf(String.java:2994)
	at java.lang.StringBuilder.append(StringBuilder.java:131)
	at com.google.javascript.jscomp.graph.Graph.getNodeOrFail(Graph.java:222)
	at com.google.javascript.jscomp.graph.LinkedDirectedGraph.getOutEdges(LinkedDirectedGraph.java:129)
	at com.google.javascript.jscomp.TypeInference.branchedFlowThrough(TypeInference.java:207)
	at com.google.javascript.jscomp.TypeInference_ESTest.test080(TypeInference_ESTest.java:2433)
	at sun.reflect.NativeMethodAccessorImpl.invoke0(Native Method)
	at sun.reflect.NativeMethodAccessorImpl.invoke(NativeMethodAccessorImpl.java:62)
	at sun.reflect.DelegatingMethodAccessorImpl.invoke(DelegatingMethodAccessorImpl.java:43)
	at java.lang.reflect.Method.invoke(Method.java:498)
	at org.junit.runners.model.FrameworkMethod$1.runReflectiveCall(FrameworkMethod.java:50)
	at org.junit.internal.runners.model.ReflectiveCallable.run(ReflectiveCallable.java:12)
	at org.junit.runners.model.FrameworkMethod.invokeExplosively(FrameworkMethod.java:47)
	at org.junit.internal.runners.statements.InvokeMethod.evaluate(InvokeMethod.java:17)
	at org.junit.internal.runners.statements.FailOnTimeout$CallableStatement.call(FailOnTimeout.java:298)
	at org.junit.internal.runners.statements.FailOnTimeout$CallableStatement.call(FailOnTimeout.java:292)
	at java.util.concurrent.FutureTask.run(FutureTask.java:266)
	at java.lang.Thread.run(Thread.java:748)
18) test082(com.google.javascript.jscomp.TypeInference_ESTest)
org.evosuite.runtime.mock.java.lang.MockIllegalStateException: 50
	at com.google.javascript.rhino.Token.name(Token.java:287)
	at com.google.javascript.rhino.Node.toString(Node.java:955)
	at com.google.javascript.rhino.Node.toString(Node.java:946)
	at com.google.javascript.rhino.Node.toString(Node.java:938)
	at java.lang.String.valueOf(String.java:2994)
	at java.lang.StringBuilder.append(StringBuilder.java:131)
	at com.google.javascript.jscomp.graph.Graph.getNodeOrFail(Graph.java:222)
	at com.google.javascript.jscomp.graph.LinkedDirectedGraph.getOutEdges(LinkedDirectedGraph.java:129)
	at com.google.javascript.jscomp.TypeInference.branchedFlowThrough(TypeInference.java:207)
	at com.google.javascript.jscomp.TypeInference_ESTest.test082(TypeInference_ESTest.java:2499)
	at sun.reflect.NativeMethodAccessorImpl.invoke0(Native Method)
	at sun.reflect.NativeMethodAccessorImpl.invoke(NativeMethodAccessorImpl.java:62)
	at sun.reflect.DelegatingMethodAccessorImpl.invoke(DelegatingMethodAccessorImpl.java:43)
	at java.lang.reflect.Method.invoke(Method.java:498)
	at org.junit.runners.model.FrameworkMethod$1.runReflectiveCall(FrameworkMethod.java:50)
	at org.junit.internal.runners.model.ReflectiveCallable.run(ReflectiveCallable.java:12)
	at org.junit.runners.model.FrameworkMethod.invokeExplosively(FrameworkMethod.java:47)
	at org.junit.internal.runners.statements.InvokeMethod.evaluate(InvokeMethod.java:17)
	at org.junit.internal.runners.statements.FailOnTimeout$CallableStatement.call(FailOnTimeout.java:298)
	at org.junit.internal.runners.statements.FailOnTimeout$CallableStatement.call(FailOnTimeout.java:292)
	at java.util.concurrent.FutureTask.run(FutureTask.java:266)
	at java.lang.Thread.run(Thread.java:748)
19) test084(com.google.javascript.jscomp.TypeInference_ESTest)
org.evosuite.runtime.mock.java.lang.MockIllegalArgumentException: INSTANCEOF : boolean does not exist in graph
	at com.google.javascript.jscomp.graph.Graph.getNodeOrFail(Graph.java:222)
	at com.google.javascript.jscomp.graph.LinkedDirectedGraph.getOutEdges(LinkedDirectedGraph.java:129)
	at com.google.javascript.jscomp.TypeInference.branchedFlowThrough(TypeInference.java:207)
	at com.google.javascript.jscomp.TypeInference_ESTest.test084(TypeInference_ESTest.java:2558)
	at sun.reflect.NativeMethodAccessorImpl.invoke0(Native Method)
	at sun.reflect.NativeMethodAccessorImpl.invoke(NativeMethodAccessorImpl.java:62)
	at sun.reflect.DelegatingMethodAccessorImpl.invoke(DelegatingMethodAccessorImpl.java:43)
	at java.lang.reflect.Method.invoke(Method.java:498)
	at org.junit.runners.model.FrameworkMethod$1.runReflectiveCall(FrameworkMethod.java:50)
	at org.junit.internal.runners.model.ReflectiveCallable.run(ReflectiveCallable.java:12)
	at org.junit.runners.model.FrameworkMethod.invokeExplosively(FrameworkMethod.java:47)
	at org.junit.internal.runners.statements.InvokeMethod.evaluate(InvokeMethod.java:17)
	at org.junit.internal.runners.statements.FailOnTimeout$CallableStatement.call(FailOnTimeout.java:298)
	at org.junit.internal.runners.statements.FailOnTimeout$CallableStatement.call(FailOnTimeout.java:292)
	at java.util.concurrent.FutureTask.run(FutureTask.java:266)
	at java.lang.Thread.run(Thread.java:748)
20) test087(com.google.javascript.jscomp.TypeInference_ESTest)
org.evosuite.runtime.mock.java.lang.MockIllegalStateException: 57
	at com.google.javascript.rhino.Token.name(Token.java:287)
	at com.google.javascript.rhino.Node.toString(Node.java:955)
	at com.google.javascript.rhino.Node.toString(Node.java:946)
	at com.google.javascript.rhino.Node.toString(Node.java:938)
	at java.lang.String.valueOf(String.java:2994)
	at java.lang.StringBuilder.append(StringBuilder.java:131)
	at com.google.javascript.jscomp.graph.Graph.getNodeOrFail(Graph.java:222)
	at com.google.javascript.jscomp.graph.LinkedDirectedGraph.getOutEdges(LinkedDirectedGraph.java:129)
	at com.google.javascript.jscomp.TypeInference.branchedFlowThrough(TypeInference.java:207)
	at com.google.javascript.jscomp.TypeInference_ESTest.test087(TypeInference_ESTest.java:2641)
	at sun.reflect.NativeMethodAccessorImpl.invoke0(Native Method)
	at sun.reflect.NativeMethodAccessorImpl.invoke(NativeMethodAccessorImpl.java:62)
	at sun.reflect.DelegatingMethodAccessorImpl.invoke(DelegatingMethodAccessorImpl.java:43)
	at java.lang.reflect.Method.invoke(Method.java:498)
	at org.junit.runners.model.FrameworkMethod$1.runReflectiveCall(FrameworkMethod.java:50)
	at org.junit.internal.runners.model.ReflectiveCallable.run(ReflectiveCallable.java:12)
	at org.junit.runners.model.FrameworkMethod.invokeExplosively(FrameworkMethod.java:47)
	at org.junit.internal.runners.statements.InvokeMethod.evaluate(InvokeMethod.java:17)
	at org.junit.internal.runners.statements.FailOnTimeout$CallableStatement.call(FailOnTimeout.java:298)
	at org.junit.internal.runners.statements.FailOnTimeout$CallableStatement.call(FailOnTimeout.java:292)
	at java.util.concurrent.FutureTask.run(FutureTask.java:266)
	at java.lang.Thread.run(Thread.java:748)
21) test001(com.google.javascript.jscomp.TypeInference_ESTest)
org.evosuite.runtime.mock.java.lang.MockIllegalStateException: 107
	at com.google.javascript.rhino.Token.name(Token.java:287)
	at com.google.javascript.rhino.Node.toString(Node.java:955)
	at com.google.javascript.rhino.Node.toString(Node.java:946)
	at com.google.javascript.rhino.Node.toString(Node.java:938)
	at java.lang.String.valueOf(String.java:2994)
	at java.lang.StringBuilder.append(StringBuilder.java:131)
	at com.google.javascript.jscomp.graph.Graph.getNodeOrFail(Graph.java:222)
	at com.google.javascript.jscomp.graph.LinkedDirectedGraph.getOutEdges(LinkedDirectedGraph.java:129)
	at com.google.javascript.jscomp.TypeInference.branchedFlowThrough(TypeInference.java:207)
	at com.google.javascript.jscomp.TypeInference_ESTest.test001(TypeInference_ESTest.java:125)
	at sun.reflect.NativeMethodAccessorImpl.invoke0(Native Method)
	at sun.reflect.NativeMethodAccessorImpl.invoke(NativeMethodAccessorImpl.java:62)
	at sun.reflect.DelegatingMethodAccessorImpl.invoke(DelegatingMethodAccessorImpl.java:43)
	at java.lang.reflect.Method.invoke(Method.java:498)
	at org.junit.runners.model.FrameworkMethod$1.runReflectiveCall(FrameworkMethod.java:50)
	at org.junit.internal.runners.model.ReflectiveCallable.run(ReflectiveCallable.java:12)
	at org.junit.runners.model.FrameworkMethod.invokeExplosively(FrameworkMethod.java:47)
	at org.junit.internal.runners.statements.InvokeMethod.evaluate(InvokeMethod.java:17)
	at org.junit.internal.runners.statements.FailOnTimeout$CallableStatement.call(FailOnTimeout.java:298)
	at org.junit.internal.runners.statements.FailOnTimeout$CallableStatement.call(FailOnTimeout.java:292)
	at java.util.concurrent.FutureTask.run(FutureTask.java:266)
	at java.lang.Thread.run(Thread.java:748)
22) test089(com.google.javascript.jscomp.TypeInference_ESTest)
org.evosuite.runtime.mock.java.lang.MockIllegalStateException: -2173
	at com.google.javascript.rhino.Token.name(Token.java:287)
	at com.google.javascript.rhino.Node.toString(Node.java:955)
	at com.google.javascript.rhino.Node.toString(Node.java:946)
	at com.google.javascript.rhino.Node.toString(Node.java:938)
	at java.lang.String.valueOf(String.java:2994)
	at java.lang.StringBuilder.append(StringBuilder.java:131)
	at com.google.javascript.jscomp.graph.Graph.getNodeOrFail(Graph.java:222)
	at com.google.javascript.jscomp.graph.LinkedDirectedGraph.getOutEdges(LinkedDirectedGraph.java:129)
	at com.google.javascript.jscomp.TypeInference.branchedFlowThrough(TypeInference.java:207)
	at com.google.javascript.jscomp.TypeInference_ESTest.test089(TypeInference_ESTest.java:2706)
	at sun.reflect.NativeMethodAccessorImpl.invoke0(Native Method)
	at sun.reflect.NativeMethodAccessorImpl.invoke(NativeMethodAccessorImpl.java:62)
	at sun.reflect.DelegatingMethodAccessorImpl.invoke(DelegatingMethodAccessorImpl.java:43)
	at java.lang.reflect.Method.invoke(Method.java:498)
	at org.junit.runners.model.FrameworkMethod$1.runReflectiveCall(FrameworkMethod.java:50)
	at org.junit.internal.runners.model.ReflectiveCallable.run(ReflectiveCallable.java:12)
	at org.junit.runners.model.FrameworkMethod.invokeExplosively(FrameworkMethod.java:47)
	at org.junit.internal.runners.statements.InvokeMethod.evaluate(InvokeMethod.java:17)
	at org.junit.internal.runners.statements.FailOnTimeout$CallableStatement.call(FailOnTimeout.java:298)
	at org.junit.internal.runners.statements.FailOnTimeout$CallableStatement.call(FailOnTimeout.java:292)
	at java.util.concurrent.FutureTask.run(FutureTask.java:266)
	at java.lang.Thread.run(Thread.java:748)
23) test000(com.google.javascript.jscomp.TypeInference_ESTest)
org.evosuite.runtime.mock.java.lang.MockIllegalArgumentException: BITOR  : number does not exist in graph
	at com.google.javascript.jscomp.graph.Graph.getNodeOrFail(Graph.java:222)
	at com.google.javascript.jscomp.graph.LinkedDirectedGraph.getOutEdges(LinkedDirectedGraph.java:129)
	at com.google.javascript.jscomp.TypeInference.branchedFlowThrough(TypeInference.java:207)
	at com.google.javascript.jscomp.TypeInference_ESTest.test000(TypeInference_ESTest.java:99)
	at sun.reflect.NativeMethodAccessorImpl.invoke0(Native Method)
	at sun.reflect.NativeMethodAccessorImpl.invoke(NativeMethodAccessorImpl.java:62)
	at sun.reflect.DelegatingMethodAccessorImpl.invoke(DelegatingMethodAccessorImpl.java:43)
	at java.lang.reflect.Method.invoke(Method.java:498)
	at org.junit.runners.model.FrameworkMethod$1.runReflectiveCall(FrameworkMethod.java:50)
	at org.junit.internal.runners.model.ReflectiveCallable.run(ReflectiveCallable.java:12)
	at org.junit.runners.model.FrameworkMethod.invokeExplosively(FrameworkMethod.java:47)
	at org.junit.internal.runners.statements.InvokeMethod.evaluate(InvokeMethod.java:17)
	at org.junit.internal.runners.statements.FailOnTimeout$CallableStatement.call(FailOnTimeout.java:298)
	at org.junit.internal.runners.statements.FailOnTimeout$CallableStatement.call(FailOnTimeout.java:292)
	at java.util.concurrent.FutureTask.run(FutureTask.java:266)
	at java.lang.Thread.run(Thread.java:748)
24) test079(com.google.javascript.jscomp.TypeInference_ESTest)
org.evosuite.runtime.mock.java.lang.MockIllegalArgumentException: DELPROP  : boolean does not exist in graph
	at com.google.javascript.jscomp.graph.Graph.getNodeOrFail(Graph.java:222)
	at com.google.javascript.jscomp.graph.LinkedDirectedGraph.getOutEdges(LinkedDirectedGraph.java:129)
	at com.google.javascript.jscomp.TypeInference.branchedFlowThrough(TypeInference.java:207)
	at com.google.javascript.jscomp.TypeInference_ESTest.test079(TypeInference_ESTest.java:2398)
	at sun.reflect.NativeMethodAccessorImpl.invoke0(Native Method)
	at sun.reflect.NativeMethodAccessorImpl.invoke(NativeMethodAccessorImpl.java:62)
	at sun.reflect.DelegatingMethodAccessorImpl.invoke(DelegatingMethodAccessorImpl.java:43)
	at java.lang.reflect.Method.invoke(Method.java:498)
	at org.junit.runners.model.FrameworkMethod$1.runReflectiveCall(FrameworkMethod.java:50)
	at org.junit.internal.runners.model.ReflectiveCallable.run(ReflectiveCallable.java:12)
	at org.junit.runners.model.FrameworkMethod.invokeExplosively(FrameworkMethod.java:47)
	at org.junit.internal.runners.statements.InvokeMethod.evaluate(InvokeMethod.java:17)
	at org.junit.internal.runners.statements.FailOnTimeout$CallableStatement.call(FailOnTimeout.java:298)
	at org.junit.internal.runners.statements.FailOnTimeout$CallableStatement.call(FailOnTimeout.java:292)
	at java.util.concurrent.FutureTask.run(FutureTask.java:266)
	at java.lang.Thread.run(Thread.java:748)
25) test090(com.google.javascript.jscomp.TypeInference_ESTest)
java.lang.NullPointerException
	at com.google.javascript.jscomp.TypeInference.traverse(TypeInference.java:310)
	at com.google.javascript.jscomp.TypeInference.flowThrough(TypeInference.java:190)
	at com.google.javascript.jscomp.TypeInference.branchedFlowThrough(TypeInference.java:202)
	at com.google.javascript.jscomp.TypeInference_ESTest.test090(TypeInference_ESTest.java:2739)
	at sun.reflect.NativeMethodAccessorImpl.invoke0(Native Method)
	at sun.reflect.NativeMethodAccessorImpl.invoke(NativeMethodAccessorImpl.java:62)
	at sun.reflect.DelegatingMethodAccessorImpl.invoke(DelegatingMethodAccessorImpl.java:43)
	at java.lang.reflect.Method.invoke(Method.java:498)
	at org.junit.runners.model.FrameworkMethod$1.runReflectiveCall(FrameworkMethod.java:50)
	at org.junit.internal.runners.model.ReflectiveCallable.run(ReflectiveCallable.java:12)
	at org.junit.runners.model.FrameworkMethod.invokeExplosively(FrameworkMethod.java:47)
	at org.junit.internal.runners.statements.InvokeMethod.evaluate(InvokeMethod.java:17)
	at org.junit.internal.runners.statements.FailOnTimeout$CallableStatement.call(FailOnTimeout.java:298)
	at org.junit.internal.runners.statements.FailOnTimeout$CallableStatement.call(FailOnTimeout.java:292)
	at java.util.concurrent.FutureTask.run(FutureTask.java:266)
	at java.lang.Thread.run(Thread.java:748)
26) test092(com.google.javascript.jscomp.TypeInference_ESTest)
org.evosuite.runtime.mock.java.lang.MockIllegalStateException: -2173
	at com.google.javascript.rhino.Token.name(Token.java:287)
	at com.google.javascript.rhino.Node.toString(Node.java:955)
	at com.google.javascript.rhino.Node.toString(Node.java:946)
	at com.google.javascript.rhino.Node.toString(Node.java:938)
	at java.lang.String.valueOf(String.java:2994)
	at java.lang.StringBuilder.append(StringBuilder.java:131)
	at com.google.javascript.jscomp.graph.Graph.getNodeOrFail(Graph.java:222)
	at com.google.javascript.jscomp.graph.LinkedDirectedGraph.getOutEdges(LinkedDirectedGraph.java:129)
	at com.google.javascript.jscomp.TypeInference.branchedFlowThrough(TypeInference.java:207)
	at com.google.javascript.jscomp.TypeInference_ESTest.test092(TypeInference_ESTest.java:2799)
	at sun.reflect.NativeMethodAccessorImpl.invoke0(Native Method)
	at sun.reflect.NativeMethodAccessorImpl.invoke(NativeMethodAccessorImpl.java:62)
	at sun.reflect.DelegatingMethodAccessorImpl.invoke(DelegatingMethodAccessorImpl.java:43)
	at java.lang.reflect.Method.invoke(Method.java:498)
	at org.junit.runners.model.FrameworkMethod$1.runReflectiveCall(FrameworkMethod.java:50)
	at org.junit.internal.runners.model.ReflectiveCallable.run(ReflectiveCallable.java:12)
	at org.junit.runners.model.FrameworkMethod.invokeExplosively(FrameworkMethod.java:47)
	at org.junit.internal.runners.statements.InvokeMethod.evaluate(InvokeMethod.java:17)
	at org.junit.internal.runners.statements.FailOnTimeout$CallableStatement.call(FailOnTimeout.java:298)
	at org.junit.internal.runners.statements.FailOnTimeout$CallableStatement.call(FailOnTimeout.java:292)
	at java.util.concurrent.FutureTask.run(FutureTask.java:266)
	at java.lang.Thread.run(Thread.java:748)
27) test094(com.google.javascript.jscomp.TypeInference_ESTest)
java.lang.NullPointerException
	at com.google.javascript.jscomp.TypeInference.inferArguments(TypeInference.java:128)
	at com.google.javascript.jscomp.TypeInference.<init>(TypeInference.java:100)
	at com.google.javascript.jscomp.TypeInference_ESTest.test094(TypeInference_ESTest.java:2854)
	at sun.reflect.NativeMethodAccessorImpl.invoke0(Native Method)
	at sun.reflect.NativeMethodAccessorImpl.invoke(NativeMethodAccessorImpl.java:62)
	at sun.reflect.DelegatingMethodAccessorImpl.invoke(DelegatingMethodAccessorImpl.java:43)
	at java.lang.reflect.Method.invoke(Method.java:498)
	at org.junit.runners.model.FrameworkMethod$1.runReflectiveCall(FrameworkMethod.java:50)
	at org.junit.internal.runners.model.ReflectiveCallable.run(ReflectiveCallable.java:12)
	at org.junit.runners.model.FrameworkMethod.invokeExplosively(FrameworkMethod.java:47)
	at org.junit.internal.runners.statements.InvokeMethod.evaluate(InvokeMethod.java:17)
	at org.junit.internal.runners.statements.FailOnTimeout$CallableStatement.call(FailOnTimeout.java:298)
	at org.junit.internal.runners.statements.FailOnTimeout$CallableStatement.call(FailOnTimeout.java:292)
	at java.util.concurrent.FutureTask.run(FutureTask.java:266)
	at java.lang.Thread.run(Thread.java:748)
28) test096(com.google.javascript.jscomp.TypeInference_ESTest)
java.lang.NullPointerException
	at com.google.javascript.jscomp.Compiler.getTypeRegistry(Compiler.java:1225)
	at com.google.javascript.jscomp.TypeInference.<init>(TypeInference.java:95)
	at com.google.javascript.jscomp.TypeInference_ESTest.test096(TypeInference_ESTest.java:2901)
	at sun.reflect.NativeMethodAccessorImpl.invoke0(Native Method)
	at sun.reflect.NativeMethodAccessorImpl.invoke(NativeMethodAccessorImpl.java:62)
	at sun.reflect.DelegatingMethodAccessorImpl.invoke(DelegatingMethodAccessorImpl.java:43)
	at java.lang.reflect.Method.invoke(Method.java:498)
	at org.junit.runners.model.FrameworkMethod$1.runReflectiveCall(FrameworkMethod.java:50)
	at org.junit.internal.runners.model.ReflectiveCallable.run(ReflectiveCallable.java:12)
	at org.junit.runners.model.FrameworkMethod.invokeExplosively(FrameworkMethod.java:47)
	at org.junit.internal.runners.statements.InvokeMethod.evaluate(InvokeMethod.java:17)
	at org.junit.internal.runners.statements.FailOnTimeout$CallableStatement.call(FailOnTimeout.java:298)
	at org.junit.internal.runners.statements.FailOnTimeout$CallableStatement.call(FailOnTimeout.java:292)
	at java.util.concurrent.FutureTask.run(FutureTask.java:266)
	at java.lang.Thread.run(Thread.java:748)
29) test095(com.google.javascript.jscomp.TypeInference_ESTest)
java.lang.NullPointerException
	at com.google.javascript.jscomp.TypeInference.inferArguments(TypeInference.java:127)
	at com.google.javascript.jscomp.TypeInference.<init>(TypeInference.java:100)
	at com.google.javascript.jscomp.TypeInference_ESTest.test095(TypeInference_ESTest.java:2873)
	at sun.reflect.NativeMethodAccessorImpl.invoke0(Native Method)
	at sun.reflect.NativeMethodAccessorImpl.invoke(NativeMethodAccessorImpl.java:62)
	at sun.reflect.DelegatingMethodAccessorImpl.invoke(DelegatingMethodAccessorImpl.java:43)
	at java.lang.reflect.Method.invoke(Method.java:498)
	at org.junit.runners.model.FrameworkMethod$1.runReflectiveCall(FrameworkMethod.java:50)
	at org.junit.internal.runners.model.ReflectiveCallable.run(ReflectiveCallable.java:12)
	at org.junit.runners.model.FrameworkMethod.invokeExplosively(FrameworkMethod.java:47)
	at org.junit.internal.runners.statements.InvokeMethod.evaluate(InvokeMethod.java:17)
	at org.junit.internal.runners.statements.FailOnTimeout$CallableStatement.call(FailOnTimeout.java:298)
	at org.junit.internal.runners.statements.FailOnTimeout$CallableStatement.call(FailOnTimeout.java:292)
	at java.util.concurrent.FutureTask.run(FutureTask.java:266)
	at java.lang.Thread.run(Thread.java:748)
30) test010(com.google.javascript.jscomp.TypeInference_ESTest)
java.lang.NullPointerException
	at com.google.javascript.jscomp.TypeInference.flowThrough(TypeInference.java:189)
	at com.google.javascript.jscomp.TypeInference_ESTest.test010(TypeInference_ESTest.java:379)
	at sun.reflect.NativeMethodAccessorImpl.invoke0(Native Method)
	at sun.reflect.NativeMethodAccessorImpl.invoke(NativeMethodAccessorImpl.java:62)
	at sun.reflect.DelegatingMethodAccessorImpl.invoke(DelegatingMethodAccessorImpl.java:43)
	at java.lang.reflect.Method.invoke(Method.java:498)
	at org.junit.runners.model.FrameworkMethod$1.runReflectiveCall(FrameworkMethod.java:50)
	at org.junit.internal.runners.model.ReflectiveCallable.run(ReflectiveCallable.java:12)
	at org.junit.runners.model.FrameworkMethod.invokeExplosively(FrameworkMethod.java:47)
	at org.junit.internal.runners.statements.InvokeMethod.evaluate(InvokeMethod.java:17)
	at org.junit.internal.runners.statements.FailOnTimeout$CallableStatement.call(FailOnTimeout.java:298)
	at org.junit.internal.runners.statements.FailOnTimeout$CallableStatement.call(FailOnTimeout.java:292)
	at java.util.concurrent.FutureTask.run(FutureTask.java:266)
	at java.lang.Thread.run(Thread.java:748)
31) test098(com.google.javascript.jscomp.TypeInference_ESTest)
java.lang.NullPointerException
	at com.google.javascript.jscomp.DataFlowAnalysis.<init>(DataFlowAnalysis.java:123)
	at com.google.javascript.jscomp.DataFlowAnalysis$BranchedForwardDataFlowAnalysis.<init>(DataFlowAnalysis.java:411)
	at com.google.javascript.jscomp.TypeInference.<init>(TypeInference.java:93)
	at com.google.javascript.jscomp.TypeInference_ESTest.test098(TypeInference_ESTest.java:2958)
	at sun.reflect.NativeMethodAccessorImpl.invoke0(Native Method)
	at sun.reflect.NativeMethodAccessorImpl.invoke(NativeMethodAccessorImpl.java:62)
	at sun.reflect.DelegatingMethodAccessorImpl.invoke(DelegatingMethodAccessorImpl.java:43)
	at java.lang.reflect.Method.invoke(Method.java:498)
	at org.junit.runners.model.FrameworkMethod$1.runReflectiveCall(FrameworkMethod.java:50)
	at org.junit.internal.runners.model.ReflectiveCallable.run(ReflectiveCallable.java:12)
	at org.junit.runners.model.FrameworkMethod.invokeExplosively(FrameworkMethod.java:47)
	at org.junit.internal.runners.statements.InvokeMethod.evaluate(InvokeMethod.java:17)
	at org.junit.internal.runners.statements.FailOnTimeout$CallableStatement.call(FailOnTimeout.java:298)
	at org.junit.internal.runners.statements.FailOnTimeout$CallableStatement.call(FailOnTimeout.java:292)
	at java.util.concurrent.FutureTask.run(FutureTask.java:266)
	at java.lang.Thread.run(Thread.java:748)
32) test097(com.google.javascript.jscomp.TypeInference_ESTest)
java.lang.NullPointerException
	at com.google.javascript.jscomp.TypeInference.getBooleanOutcomes(TypeInference.java:1549)
	at com.google.javascript.jscomp.TypeInference_ESTest.test097(TypeInference_ESTest.java:2919)
	at sun.reflect.NativeMethodAccessorImpl.invoke0(Native Method)
	at sun.reflect.NativeMethodAccessorImpl.invoke(NativeMethodAccessorImpl.java:62)
	at sun.reflect.DelegatingMethodAccessorImpl.invoke(DelegatingMethodAccessorImpl.java:43)
	at java.lang.reflect.Method.invoke(Method.java:498)
	at org.junit.runners.model.FrameworkMethod$1.runReflectiveCall(FrameworkMethod.java:50)
	at org.junit.internal.runners.model.ReflectiveCallable.run(ReflectiveCallable.java:12)
	at org.junit.runners.model.FrameworkMethod.invokeExplosively(FrameworkMethod.java:47)
	at org.junit.internal.runners.statements.InvokeMethod.evaluate(InvokeMethod.java:17)
	at org.junit.internal.runners.statements.FailOnTimeout$CallableStatement.call(FailOnTimeout.java:298)
	at org.junit.internal.runners.statements.FailOnTimeout$CallableStatement.call(FailOnTimeout.java:292)
	at java.util.concurrent.FutureTask.run(FutureTask.java:266)
	at java.lang.Thread.run(Thread.java:748)
33) test012(com.google.javascript.jscomp.TypeInference_ESTest)
java.lang.NullPointerException
	at com.google.javascript.jscomp.TypeInference.traverseAssign(TypeInference.java:511)
	at com.google.javascript.jscomp.TypeInference.traverse(TypeInference.java:312)
	at com.google.javascript.jscomp.TypeInference.flowThrough(TypeInference.java:190)
	at com.google.javascript.jscomp.TypeInference.branchedFlowThrough(TypeInference.java:202)
	at com.google.javascript.jscomp.TypeInference_ESTest.test012(TypeInference_ESTest.java:438)
	at sun.reflect.NativeMethodAccessorImpl.invoke0(Native Method)
	at sun.reflect.NativeMethodAccessorImpl.invoke(NativeMethodAccessorImpl.java:62)
	at sun.reflect.DelegatingMethodAccessorImpl.invoke(DelegatingMethodAccessorImpl.java:43)
	at java.lang.reflect.Method.invoke(Method.java:498)
	at org.junit.runners.model.FrameworkMethod$1.runReflectiveCall(FrameworkMethod.java:50)
	at org.junit.internal.runners.model.ReflectiveCallable.run(ReflectiveCallable.java:12)
	at org.junit.runners.model.FrameworkMethod.invokeExplosively(FrameworkMethod.java:47)
	at org.junit.internal.runners.statements.InvokeMethod.evaluate(InvokeMethod.java:17)
	at org.junit.internal.runners.statements.FailOnTimeout$CallableStatement.call(FailOnTimeout.java:298)
	at org.junit.internal.runners.statements.FailOnTimeout$CallableStatement.call(FailOnTimeout.java:292)
	at java.util.concurrent.FutureTask.run(FutureTask.java:266)
	at java.lang.Thread.run(Thread.java:748)
34) test011(com.google.javascript.jscomp.TypeInference_ESTest)
org.evosuite.runtime.mock.java.lang.MockIllegalArgumentException: TYPEOF  : string does not exist in graph
	at com.google.javascript.jscomp.graph.Graph.getNodeOrFail(Graph.java:222)
	at com.google.javascript.jscomp.graph.LinkedDirectedGraph.getOutEdges(LinkedDirectedGraph.java:129)
	at com.google.javascript.jscomp.TypeInference.branchedFlowThrough(TypeInference.java:207)
	at com.google.javascript.jscomp.TypeInference_ESTest.test011(TypeInference_ESTest.java:410)
	at sun.reflect.NativeMethodAccessorImpl.invoke0(Native Method)
	at sun.reflect.NativeMethodAccessorImpl.invoke(NativeMethodAccessorImpl.java:62)
	at sun.reflect.DelegatingMethodAccessorImpl.invoke(DelegatingMethodAccessorImpl.java:43)
	at java.lang.reflect.Method.invoke(Method.java:498)
	at org.junit.runners.model.FrameworkMethod$1.runReflectiveCall(FrameworkMethod.java:50)
	at org.junit.internal.runners.model.ReflectiveCallable.run(ReflectiveCallable.java:12)
	at org.junit.runners.model.FrameworkMethod.invokeExplosively(FrameworkMethod.java:47)
	at org.junit.internal.runners.statements.InvokeMethod.evaluate(InvokeMethod.java:17)
	at org.junit.internal.runners.statements.FailOnTimeout$CallableStatement.call(FailOnTimeout.java:298)
	at org.junit.internal.runners.statements.FailOnTimeout$CallableStatement.call(FailOnTimeout.java:292)
	at java.util.concurrent.FutureTask.run(FutureTask.java:266)
	at java.lang.Thread.run(Thread.java:748)
35) test099(com.google.javascript.jscomp.TypeInference_ESTest)
java.lang.NullPointerException
	at java.io.DataOutputStream.write(DataOutputStream.java:107)
	at java.io.PrintStream.write(PrintStream.java:480)
	at sun.nio.cs.StreamEncoder.writeBytes(StreamEncoder.java:221)
	at sun.nio.cs.StreamEncoder.implFlushBuffer(StreamEncoder.java:291)
	at sun.nio.cs.StreamEncoder.flushBuffer(StreamEncoder.java:104)
	at java.io.OutputStreamWriter.flushBuffer(OutputStreamWriter.java:185)
	at java.io.PrintStream.write(PrintStream.java:527)
	at java.io.PrintStream.print(PrintStream.java:669)
	at java.io.PrintStream.append(PrintStream.java:1065)
	at java.io.PrintStream.append(PrintStream.java:57)
	at java.util.Formatter$FixedString.print(Formatter.java:2595)
	at java.util.Formatter.format(Formatter.java:2508)
	at java.io.PrintStream.format(PrintStream.java:1027)
	at com.google.javascript.jscomp.TypeInference_ESTest.test099(TypeInference_ESTest.java:2981)
	at sun.reflect.NativeMethodAccessorImpl.invoke0(Native Method)
	at sun.reflect.NativeMethodAccessorImpl.invoke(NativeMethodAccessorImpl.java:62)
	at sun.reflect.DelegatingMethodAccessorImpl.invoke(DelegatingMethodAccessorImpl.java:43)
	at java.lang.reflect.Method.invoke(Method.java:498)
	at org.junit.runners.model.FrameworkMethod$1.runReflectiveCall(FrameworkMethod.java:50)
	at org.junit.internal.runners.model.ReflectiveCallable.run(ReflectiveCallable.java:12)
	at org.junit.runners.model.FrameworkMethod.invokeExplosively(FrameworkMethod.java:47)
	at org.junit.internal.runners.statements.InvokeMethod.evaluate(InvokeMethod.java:17)
	at org.junit.internal.runners.statements.FailOnTimeout$CallableStatement.call(FailOnTimeout.java:298)
	at org.junit.internal.runners.statements.FailOnTimeout$CallableStatement.call(FailOnTimeout.java:292)
	at java.util.concurrent.FutureTask.run(FutureTask.java:266)
	at java.lang.Thread.run(Thread.java:748)
36) test003(com.google.javascript.jscomp.TypeInference_ESTest)
java.lang.NullPointerException
	at com.google.javascript.jscomp.TypeInference.traverse(TypeInference.java:432)
	at com.google.javascript.jscomp.TypeInference.traverseChildren(TypeInference.java:1311)
	at com.google.javascript.jscomp.TypeInference.traverseCall(TypeInference.java:889)
	at com.google.javascript.jscomp.TypeInference.traverse(TypeInference.java:342)
	at com.google.javascript.jscomp.TypeInference.traverse(TypeInference.java:356)
	at com.google.javascript.jscomp.TypeInference.flowThrough(TypeInference.java:190)
	at com.google.javascript.jscomp.TypeInference.branchedFlowThrough(TypeInference.java:202)
	at com.google.javascript.jscomp.TypeInference_ESTest.test003(TypeInference_ESTest.java:185)
	at sun.reflect.NativeMethodAccessorImpl.invoke0(Native Method)
	at sun.reflect.NativeMethodAccessorImpl.invoke(NativeMethodAccessorImpl.java:62)
	at sun.reflect.DelegatingMethodAccessorImpl.invoke(DelegatingMethodAccessorImpl.java:43)
	at java.lang.reflect.Method.invoke(Method.java:498)
	at org.junit.runners.model.FrameworkMethod$1.runReflectiveCall(FrameworkMethod.java:50)
	at org.junit.internal.runners.model.ReflectiveCallable.run(ReflectiveCallable.java:12)
	at org.junit.runners.model.FrameworkMethod.invokeExplosively(FrameworkMethod.java:47)
	at org.junit.internal.runners.statements.InvokeMethod.evaluate(InvokeMethod.java:17)
	at org.junit.internal.runners.statements.FailOnTimeout$CallableStatement.call(FailOnTimeout.java:298)
	at org.junit.internal.runners.statements.FailOnTimeout$CallableStatement.call(FailOnTimeout.java:292)
	at java.util.concurrent.FutureTask.run(FutureTask.java:266)
	at java.lang.Thread.run(Thread.java:748)
37) test002(com.google.javascript.jscomp.TypeInference_ESTest)
org.evosuite.runtime.mock.java.lang.MockIllegalStateException: 8
	at com.google.javascript.rhino.Token.name(Token.java:287)
	at com.google.javascript.rhino.Node.toString(Node.java:955)
	at com.google.javascript.rhino.Node.toString(Node.java:946)
	at com.google.javascript.rhino.Node.toString(Node.java:938)
	at java.lang.String.valueOf(String.java:2994)
	at java.lang.StringBuilder.append(StringBuilder.java:131)
	at com.google.javascript.jscomp.graph.Graph.getNodeOrFail(Graph.java:222)
	at com.google.javascript.jscomp.graph.LinkedDirectedGraph.getOutEdges(LinkedDirectedGraph.java:129)
	at com.google.javascript.jscomp.TypeInference.branchedFlowThrough(TypeInference.java:207)
	at com.google.javascript.jscomp.TypeInference_ESTest.test002(TypeInference_ESTest.java:156)
	at sun.reflect.NativeMethodAccessorImpl.invoke0(Native Method)
	at sun.reflect.NativeMethodAccessorImpl.invoke(NativeMethodAccessorImpl.java:62)
	at sun.reflect.DelegatingMethodAccessorImpl.invoke(DelegatingMethodAccessorImpl.java:43)
	at java.lang.reflect.Method.invoke(Method.java:498)
	at org.junit.runners.model.FrameworkMethod$1.runReflectiveCall(FrameworkMethod.java:50)
	at org.junit.internal.runners.model.ReflectiveCallable.run(ReflectiveCallable.java:12)
	at org.junit.runners.model.FrameworkMethod.invokeExplosively(FrameworkMethod.java:47)
	at org.junit.internal.runners.statements.InvokeMethod.evaluate(InvokeMethod.java:17)
	at org.junit.internal.runners.statements.FailOnTimeout$CallableStatement.call(FailOnTimeout.java:298)
	at org.junit.internal.runners.statements.FailOnTimeout$CallableStatement.call(FailOnTimeout.java:292)
	at java.util.concurrent.FutureTask.run(FutureTask.java:266)
	at java.lang.Thread.run(Thread.java:748)
38) test005(com.google.javascript.jscomp.TypeInference_ESTest)
java.io.UnsupportedEncodingException: 
	at java.io.PrintStream.toCharset(PrintStream.java:96)
	at java.io.PrintStream.<init>(PrintStream.java:177)
	at org.evosuite.runtime.mock.java.io.MockPrintStream.<init>(MockPrintStream.java:53)
	at org.evosuite.runtime.mock.java.io.MockPrintStream.<init>(MockPrintStream.java:64)
	at com.google.javascript.jscomp.TypeInference_ESTest.test005(TypeInference_ESTest.java:250)
	at sun.reflect.NativeMethodAccessorImpl.invoke0(Native Method)
	at sun.reflect.NativeMethodAccessorImpl.invoke(NativeMethodAccessorImpl.java:62)
	at sun.reflect.DelegatingMethodAccessorImpl.invoke(DelegatingMethodAccessorImpl.java:43)
	at java.lang.reflect.Method.invoke(Method.java:498)
	at org.junit.runners.model.FrameworkMethod$1.runReflectiveCall(FrameworkMethod.java:50)
	at org.junit.internal.runners.model.ReflectiveCallable.run(ReflectiveCallable.java:12)
	at org.junit.runners.model.FrameworkMethod.invokeExplosively(FrameworkMethod.java:47)
	at org.junit.internal.runners.statements.InvokeMethod.evaluate(InvokeMethod.java:17)
	at org.junit.internal.runners.statements.FailOnTimeout$CallableStatement.call(FailOnTimeout.java:298)
	at org.junit.internal.runners.statements.FailOnTimeout$CallableStatement.call(FailOnTimeout.java:292)
	at java.util.concurrent.FutureTask.run(FutureTask.java:266)
	at java.lang.Thread.run(Thread.java:748)
39) test004(com.google.javascript.jscomp.TypeInference_ESTest)
java.lang.NullPointerException
	at com.google.javascript.jscomp.TypeInference.traverseNew(TypeInference.java:1271)
	at com.google.javascript.jscomp.TypeInference.traverse(TypeInference.java:346)
	at com.google.javascript.jscomp.TypeInference.flowThrough(TypeInference.java:190)
	at com.google.javascript.jscomp.TypeInference.branchedFlowThrough(TypeInference.java:202)
	at com.google.javascript.jscomp.TypeInference_ESTest.test004(TypeInference_ESTest.java:220)
	at sun.reflect.NativeMethodAccessorImpl.invoke0(Native Method)
	at sun.reflect.NativeMethodAccessorImpl.invoke(NativeMethodAccessorImpl.java:62)
	at sun.reflect.DelegatingMethodAccessorImpl.invoke(DelegatingMethodAccessorImpl.java:43)
	at java.lang.reflect.Method.invoke(Method.java:498)
	at org.junit.runners.model.FrameworkMethod$1.runReflectiveCall(FrameworkMethod.java:50)
	at org.junit.internal.runners.model.ReflectiveCallable.run(ReflectiveCallable.java:12)
	at org.junit.runners.model.FrameworkMethod.invokeExplosively(FrameworkMethod.java:47)
	at org.junit.internal.runners.statements.InvokeMethod.evaluate(InvokeMethod.java:17)
	at org.junit.internal.runners.statements.FailOnTimeout$CallableStatement.call(FailOnTimeout.java:298)
	at org.junit.internal.runners.statements.FailOnTimeout$CallableStatement.call(FailOnTimeout.java:292)
	at java.util.concurrent.FutureTask.run(FutureTask.java:266)
	at java.lang.Thread.run(Thread.java:748)
40) test007(com.google.javascript.jscomp.TypeInference_ESTest)
org.evosuite.runtime.mock.java.lang.MockIllegalStateException: 139
	at com.google.javascript.rhino.Token.name(Token.java:287)
	at com.google.javascript.rhino.Node.toString(Node.java:955)
	at com.google.javascript.rhino.Node.toString(Node.java:946)
	at com.google.javascript.rhino.Node.toString(Node.java:938)
	at java.lang.String.valueOf(String.java:2994)
	at java.lang.StringBuilder.append(StringBuilder.java:131)
	at com.google.javascript.jscomp.graph.Graph.getNodeOrFail(Graph.java:222)
	at com.google.javascript.jscomp.graph.LinkedDirectedGraph.getOutEdges(LinkedDirectedGraph.java:129)
	at com.google.javascript.jscomp.TypeInference.branchedFlowThrough(TypeInference.java:207)
	at com.google.javascript.jscomp.TypeInference_ESTest.test007(TypeInference_ESTest.java:308)
	at sun.reflect.NativeMethodAccessorImpl.invoke0(Native Method)
	at sun.reflect.NativeMethodAccessorImpl.invoke(NativeMethodAccessorImpl.java:62)
	at sun.reflect.DelegatingMethodAccessorImpl.invoke(DelegatingMethodAccessorImpl.java:43)
	at java.lang.reflect.Method.invoke(Method.java:498)
	at org.junit.runners.model.FrameworkMethod$1.runReflectiveCall(FrameworkMethod.java:50)
	at org.junit.internal.runners.model.ReflectiveCallable.run(ReflectiveCallable.java:12)
	at org.junit.runners.model.FrameworkMethod.invokeExplosively(FrameworkMethod.java:47)
	at org.junit.internal.runners.statements.InvokeMethod.evaluate(InvokeMethod.java:17)
	at org.junit.internal.runners.statements.FailOnTimeout$CallableStatement.call(FailOnTimeout.java:298)
	at org.junit.internal.runners.statements.FailOnTimeout$CallableStatement.call(FailOnTimeout.java:292)
	at java.util.concurrent.FutureTask.run(FutureTask.java:266)
	at java.lang.Thread.run(Thread.java:748)
41) test006(com.google.javascript.jscomp.TypeInference_ESTest)
java.io.UnsupportedEncodingException: 
	at java.io.PrintStream.toCharset(PrintStream.java:96)
	at java.io.PrintStream.<init>(PrintStream.java:177)
	at org.evosuite.runtime.mock.java.io.MockPrintStream.<init>(MockPrintStream.java:53)
	at org.evosuite.runtime.mock.java.io.MockPrintStream.<init>(MockPrintStream.java:64)
	at com.google.javascript.jscomp.TypeInference_ESTest.test006(TypeInference_ESTest.java:279)
	at sun.reflect.NativeMethodAccessorImpl.invoke0(Native Method)
	at sun.reflect.NativeMethodAccessorImpl.invoke(NativeMethodAccessorImpl.java:62)
	at sun.reflect.DelegatingMethodAccessorImpl.invoke(DelegatingMethodAccessorImpl.java:43)
	at java.lang.reflect.Method.invoke(Method.java:498)
	at org.junit.runners.model.FrameworkMethod$1.runReflectiveCall(FrameworkMethod.java:50)
	at org.junit.internal.runners.model.ReflectiveCallable.run(ReflectiveCallable.java:12)
	at org.junit.runners.model.FrameworkMethod.invokeExplosively(FrameworkMethod.java:47)
	at org.junit.internal.runners.statements.InvokeMethod.evaluate(InvokeMethod.java:17)
	at org.junit.internal.runners.statements.FailOnTimeout$CallableStatement.call(FailOnTimeout.java:298)
	at org.junit.internal.runners.statements.FailOnTimeout$CallableStatement.call(FailOnTimeout.java:292)
	at java.util.concurrent.FutureTask.run(FutureTask.java:266)
	at java.lang.Thread.run(Thread.java:748)
42) test021(com.google.javascript.jscomp.TypeInference_ESTest)
java.lang.NullPointerException
	at com.google.javascript.jscomp.TypeInference.traverse(TypeInference.java:310)
	at com.google.javascript.jscomp.TypeInference.flowThrough(TypeInference.java:190)
	at com.google.javascript.jscomp.TypeInference.branchedFlowThrough(TypeInference.java:202)
	at com.google.javascript.jscomp.TypeInference_ESTest.test021(TypeInference_ESTest.java:698)
	at sun.reflect.NativeMethodAccessorImpl.invoke0(Native Method)
	at sun.reflect.NativeMethodAccessorImpl.invoke(NativeMethodAccessorImpl.java:62)
	at sun.reflect.DelegatingMethodAccessorImpl.invoke(DelegatingMethodAccessorImpl.java:43)
	at java.lang.reflect.Method.invoke(Method.java:498)
	at org.junit.runners.model.FrameworkMethod$1.runReflectiveCall(FrameworkMethod.java:50)
	at org.junit.internal.runners.model.ReflectiveCallable.run(ReflectiveCallable.java:12)
	at org.junit.runners.model.FrameworkMethod.invokeExplosively(FrameworkMethod.java:47)
	at org.junit.internal.runners.statements.InvokeMethod.evaluate(InvokeMethod.java:17)
	at org.junit.internal.runners.statements.FailOnTimeout$CallableStatement.call(FailOnTimeout.java:298)
	at org.junit.internal.runners.statements.FailOnTimeout$CallableStatement.call(FailOnTimeout.java:292)
	at java.util.concurrent.FutureTask.run(FutureTask.java:266)
	at java.lang.Thread.run(Thread.java:748)
43) test020(com.google.javascript.jscomp.TypeInference_ESTest)
org.evosuite.runtime.mock.java.lang.MockIllegalStateException: 145
	at com.google.javascript.rhino.Token.name(Token.java:287)
	at com.google.javascript.rhino.Node.toString(Node.java:955)
	at com.google.javascript.rhino.Node.toString(Node.java:946)
	at com.google.javascript.rhino.Node.toString(Node.java:938)
	at java.lang.String.valueOf(String.java:2994)
	at java.lang.StringBuilder.append(StringBuilder.java:131)
	at com.google.javascript.jscomp.graph.Graph.getNodeOrFail(Graph.java:222)
	at com.google.javascript.jscomp.graph.LinkedDirectedGraph.getOutEdges(LinkedDirectedGraph.java:129)
	at com.google.javascript.jscomp.TypeInference.branchedFlowThrough(TypeInference.java:207)
	at com.google.javascript.jscomp.TypeInference_ESTest.test020(TypeInference_ESTest.java:662)
	at sun.reflect.NativeMethodAccessorImpl.invoke0(Native Method)
	at sun.reflect.NativeMethodAccessorImpl.invoke(NativeMethodAccessorImpl.java:62)
	at sun.reflect.DelegatingMethodAccessorImpl.invoke(DelegatingMethodAccessorImpl.java:43)
	at java.lang.reflect.Method.invoke(Method.java:498)
	at org.junit.runners.model.FrameworkMethod$1.runReflectiveCall(FrameworkMethod.java:50)
	at org.junit.internal.runners.model.ReflectiveCallable.run(ReflectiveCallable.java:12)
	at org.junit.runners.model.FrameworkMethod.invokeExplosively(FrameworkMethod.java:47)
	at org.junit.internal.runners.statements.InvokeMethod.evaluate(InvokeMethod.java:17)
	at org.junit.internal.runners.statements.FailOnTimeout$CallableStatement.call(FailOnTimeout.java:298)
	at org.junit.internal.runners.statements.FailOnTimeout$CallableStatement.call(FailOnTimeout.java:292)
	at java.util.concurrent.FutureTask.run(FutureTask.java:266)
	at java.lang.Thread.run(Thread.java:748)
44) test023(com.google.javascript.jscomp.TypeInference_ESTest)
java.lang.UnsupportedOperationException: NAME is not a string node
	at com.google.javascript.rhino.Node.getString(Node.java:919)
	at com.google.javascript.jscomp.TypeInference.traverseName(TypeInference.java:701)
	at com.google.javascript.jscomp.TypeInference.traverse(TypeInference.java:316)
	at com.google.javascript.jscomp.TypeInference.flowThrough(TypeInference.java:190)
	at com.google.javascript.jscomp.TypeInference_ESTest.test023(TypeInference_ESTest.java:757)
	at sun.reflect.NativeMethodAccessorImpl.invoke0(Native Method)
	at sun.reflect.NativeMethodAccessorImpl.invoke(NativeMethodAccessorImpl.java:62)
	at sun.reflect.DelegatingMethodAccessorImpl.invoke(DelegatingMethodAccessorImpl.java:43)
	at java.lang.reflect.Method.invoke(Method.java:498)
	at org.junit.runners.model.FrameworkMethod$1.runReflectiveCall(FrameworkMethod.java:50)
	at org.junit.internal.runners.model.ReflectiveCallable.run(ReflectiveCallable.java:12)
	at org.junit.runners.model.FrameworkMethod.invokeExplosively(FrameworkMethod.java:47)
	at org.junit.internal.runners.statements.InvokeMethod.evaluate(InvokeMethod.java:17)
	at org.junit.internal.runners.statements.FailOnTimeout$CallableStatement.call(FailOnTimeout.java:298)
	at org.junit.internal.runners.statements.FailOnTimeout$CallableStatement.call(FailOnTimeout.java:292)
	at java.util.concurrent.FutureTask.run(FutureTask.java:266)
	at java.lang.Thread.run(Thread.java:748)
45) test022(com.google.javascript.jscomp.TypeInference_ESTest)
java.lang.NullPointerException
	at com.google.javascript.jscomp.TypeInference.traverseGetProp(TypeInference.java:1331)
	at com.google.javascript.jscomp.TypeInference.traverse(TypeInference.java:320)
	at com.google.javascript.jscomp.TypeInference.flowThrough(TypeInference.java:190)
	at com.google.javascript.jscomp.TypeInference_ESTest.test022(TypeInference_ESTest.java:727)
	at sun.reflect.NativeMethodAccessorImpl.invoke0(Native Method)
	at sun.reflect.NativeMethodAccessorImpl.invoke(NativeMethodAccessorImpl.java:62)
	at sun.reflect.DelegatingMethodAccessorImpl.invoke(DelegatingMethodAccessorImpl.java:43)
	at java.lang.reflect.Method.invoke(Method.java:498)
	at org.junit.runners.model.FrameworkMethod$1.runReflectiveCall(FrameworkMethod.java:50)
	at org.junit.internal.runners.model.ReflectiveCallable.run(ReflectiveCallable.java:12)
	at org.junit.runners.model.FrameworkMethod.invokeExplosively(FrameworkMethod.java:47)
	at org.junit.internal.runners.statements.InvokeMethod.evaluate(InvokeMethod.java:17)
	at org.junit.internal.runners.statements.FailOnTimeout$CallableStatement.call(FailOnTimeout.java:298)
	at org.junit.internal.runners.statements.FailOnTimeout$CallableStatement.call(FailOnTimeout.java:292)
	at java.util.concurrent.FutureTask.run(FutureTask.java:266)
	at java.lang.Thread.run(Thread.java:748)
46) test014(com.google.javascript.jscomp.TypeInference_ESTest)
java.lang.NullPointerException
	at com.google.javascript.jscomp.TypeInference.traverse(TypeInference.java:310)
	at com.google.javascript.jscomp.TypeInference.traverse(TypeInference.java:396)
	at com.google.javascript.jscomp.TypeInference.flowThrough(TypeInference.java:190)
	at com.google.javascript.jscomp.TypeInference.branchedFlowThrough(TypeInference.java:202)
	at com.google.javascript.jscomp.TypeInference.branchedFlowThrough(TypeInference.java:69)
	at com.google.javascript.jscomp.DataFlowAnalysis$BranchedForwardDataFlowAnalysis.flow(DataFlowAnalysis.java:447)
	at com.google.javascript.jscomp.DataFlowAnalysis.analyze(DataFlowAnalysis.java:212)
	at com.google.javascript.jscomp.DataFlowAnalysis.analyze(DataFlowAnalysis.java:180)
	at com.google.javascript.jscomp.TypeInference_ESTest.test014(TypeInference_ESTest.java:500)
	at sun.reflect.NativeMethodAccessorImpl.invoke0(Native Method)
	at sun.reflect.NativeMethodAccessorImpl.invoke(NativeMethodAccessorImpl.java:62)
	at sun.reflect.DelegatingMethodAccessorImpl.invoke(DelegatingMethodAccessorImpl.java:43)
	at java.lang.reflect.Method.invoke(Method.java:498)
	at org.junit.runners.model.FrameworkMethod$1.runReflectiveCall(FrameworkMethod.java:50)
	at org.junit.internal.runners.model.ReflectiveCallable.run(ReflectiveCallable.java:12)
	at org.junit.runners.model.FrameworkMethod.invokeExplosively(FrameworkMethod.java:47)
	at org.junit.internal.runners.statements.InvokeMethod.evaluate(InvokeMethod.java:17)
	at org.junit.internal.runners.statements.FailOnTimeout$CallableStatement.call(FailOnTimeout.java:298)
	at org.junit.internal.runners.statements.FailOnTimeout$CallableStatement.call(FailOnTimeout.java:292)
	at java.util.concurrent.FutureTask.run(FutureTask.java:266)
	at java.lang.Thread.run(Thread.java:748)
47) test013(com.google.javascript.jscomp.TypeInference_ESTest)
java.lang.NullPointerException
	at com.google.javascript.jscomp.TypeInference.traverseCatch(TypeInference.java:495)
	at com.google.javascript.jscomp.TypeInference.traverse(TypeInference.java:451)
	at com.google.javascript.jscomp.TypeInference.flowThrough(TypeInference.java:190)
	at com.google.javascript.jscomp.TypeInference.branchedFlowThrough(TypeInference.java:202)
	at com.google.javascript.jscomp.TypeInference_ESTest.test013(TypeInference_ESTest.java:471)
	at sun.reflect.NativeMethodAccessorImpl.invoke0(Native Method)
	at sun.reflect.NativeMethodAccessorImpl.invoke(NativeMethodAccessorImpl.java:62)
	at sun.reflect.DelegatingMethodAccessorImpl.invoke(DelegatingMethodAccessorImpl.java:43)
	at java.lang.reflect.Method.invoke(Method.java:498)
	at org.junit.runners.model.FrameworkMethod$1.runReflectiveCall(FrameworkMethod.java:50)
	at org.junit.internal.runners.model.ReflectiveCallable.run(ReflectiveCallable.java:12)
	at org.junit.runners.model.FrameworkMethod.invokeExplosively(FrameworkMethod.java:47)
	at org.junit.internal.runners.statements.InvokeMethod.evaluate(InvokeMethod.java:17)
	at org.junit.internal.runners.statements.FailOnTimeout$CallableStatement.call(FailOnTimeout.java:298)
	at org.junit.internal.runners.statements.FailOnTimeout$CallableStatement.call(FailOnTimeout.java:292)
	at java.util.concurrent.FutureTask.run(FutureTask.java:266)
	at java.lang.Thread.run(Thread.java:748)
48) test018(com.google.javascript.jscomp.TypeInference_ESTest)
java.lang.NullPointerException
	at com.google.javascript.jscomp.TypeInference.traverseShortCircuitingBinOp(TypeInference.java:1455)
	at com.google.javascript.jscomp.TypeInference.traverseAnd(TypeInference.java:1306)
	at com.google.javascript.jscomp.TypeInference.traverse(TypeInference.java:324)
	at com.google.javascript.jscomp.TypeInference.flowThrough(TypeInference.java:190)
	at com.google.javascript.jscomp.TypeInference.branchedFlowThrough(TypeInference.java:202)
	at com.google.javascript.jscomp.TypeInference_ESTest.test018(TypeInference_ESTest.java:601)
	at sun.reflect.NativeMethodAccessorImpl.invoke0(Native Method)
	at sun.reflect.NativeMethodAccessorImpl.invoke(NativeMethodAccessorImpl.java:62)
	at sun.reflect.DelegatingMethodAccessorImpl.invoke(DelegatingMethodAccessorImpl.java:43)
	at java.lang.reflect.Method.invoke(Method.java:498)
	at org.junit.runners.model.FrameworkMethod$1.runReflectiveCall(FrameworkMethod.java:50)
	at org.junit.internal.runners.model.ReflectiveCallable.run(ReflectiveCallable.java:12)
	at org.junit.runners.model.FrameworkMethod.invokeExplosively(FrameworkMethod.java:47)
	at org.junit.internal.runners.statements.InvokeMethod.evaluate(InvokeMethod.java:17)
	at org.junit.internal.runners.statements.FailOnTimeout$CallableStatement.call(FailOnTimeout.java:298)
	at org.junit.internal.runners.statements.FailOnTimeout$CallableStatement.call(FailOnTimeout.java:292)
	at java.util.concurrent.FutureTask.run(FutureTask.java:266)
	at java.lang.Thread.run(Thread.java:748)
49) test017(com.google.javascript.jscomp.TypeInference_ESTest)
org.evosuite.runtime.mock.java.lang.MockIllegalArgumentException: STRING < does not exist in graph
	at com.google.javascript.jscomp.graph.Graph.getNodeOrFail(Graph.java:222)
	at com.google.javascript.jscomp.graph.LinkedDirectedGraph.getOutEdges(LinkedDirectedGraph.java:129)
	at com.google.javascript.jscomp.TypeInference.branchedFlowThrough(TypeInference.java:207)
	at com.google.javascript.jscomp.TypeInference_ESTest.test017(TypeInference_ESTest.java:572)
	at sun.reflect.NativeMethodAccessorImpl.invoke0(Native Method)
	at sun.reflect.NativeMethodAccessorImpl.invoke(NativeMethodAccessorImpl.java:62)
	at sun.reflect.DelegatingMethodAccessorImpl.invoke(DelegatingMethodAccessorImpl.java:43)
	at java.lang.reflect.Method.invoke(Method.java:498)
	at org.junit.runners.model.FrameworkMethod$1.runReflectiveCall(FrameworkMethod.java:50)
	at org.junit.internal.runners.model.ReflectiveCallable.run(ReflectiveCallable.java:12)
	at org.junit.runners.model.FrameworkMethod.invokeExplosively(FrameworkMethod.java:47)
	at org.junit.internal.runners.statements.InvokeMethod.evaluate(InvokeMethod.java:17)
	at org.junit.internal.runners.statements.FailOnTimeout$CallableStatement.call(FailOnTimeout.java:298)
	at org.junit.internal.runners.statements.FailOnTimeout$CallableStatement.call(FailOnTimeout.java:292)
	at java.util.concurrent.FutureTask.run(FutureTask.java:266)
	at java.lang.Thread.run(Thread.java:748)
50) test019(com.google.javascript.jscomp.TypeInference_ESTest)
org.evosuite.runtime.mock.java.lang.MockIllegalStateException: 48
	at com.google.javascript.rhino.Token.name(Token.java:287)
	at com.google.javascript.rhino.Node.toString(Node.java:955)
	at com.google.javascript.rhino.Node.toString(Node.java:946)
	at com.google.javascript.rhino.Node.toString(Node.java:938)
	at java.lang.String.valueOf(String.java:2994)
	at java.lang.StringBuilder.append(StringBuilder.java:131)
	at com.google.javascript.jscomp.graph.Graph.getNodeOrFail(Graph.java:222)
	at com.google.javascript.jscomp.graph.LinkedDirectedGraph.getOutEdges(LinkedDirectedGraph.java:129)
	at com.google.javascript.jscomp.TypeInference.branchedFlowThrough(TypeInference.java:207)
	at com.google.javascript.jscomp.TypeInference_ESTest.test019(TypeInference_ESTest.java:631)
	at sun.reflect.NativeMethodAccessorImpl.invoke0(Native Method)
	at sun.reflect.NativeMethodAccessorImpl.invoke(NativeMethodAccessorImpl.java:62)
	at sun.reflect.DelegatingMethodAccessorImpl.invoke(DelegatingMethodAccessorImpl.java:43)
	at java.lang.reflect.Method.invoke(Method.java:498)
	at org.junit.runners.model.FrameworkMethod$1.runReflectiveCall(FrameworkMethod.java:50)
	at org.junit.internal.runners.model.ReflectiveCallable.run(ReflectiveCallable.java:12)
	at org.junit.runners.model.FrameworkMethod.invokeExplosively(FrameworkMethod.java:47)
	at org.junit.internal.runners.statements.InvokeMethod.evaluate(InvokeMethod.java:17)
	at org.junit.internal.runners.statements.FailOnTimeout$CallableStatement.call(FailOnTimeout.java:298)
	at org.junit.internal.runners.statements.FailOnTimeout$CallableStatement.call(FailOnTimeout.java:292)
	at java.util.concurrent.FutureTask.run(FutureTask.java:266)
	at java.lang.Thread.run(Thread.java:748)
51) test030(com.google.javascript.jscomp.TypeInference_ESTest)
org.evosuite.runtime.mock.java.lang.MockIllegalArgumentException: SHNE  : boolean does not exist in graph
	at com.google.javascript.jscomp.graph.Graph.getNodeOrFail(Graph.java:222)
	at com.google.javascript.jscomp.graph.LinkedDirectedGraph.getOutEdges(LinkedDirectedGraph.java:129)
	at com.google.javascript.jscomp.TypeInference.branchedFlowThrough(TypeInference.java:207)
	at com.google.javascript.jscomp.TypeInference_ESTest.test030(TypeInference_ESTest.java:965)
	at sun.reflect.NativeMethodAccessorImpl.invoke0(Native Method)
	at sun.reflect.NativeMethodAccessorImpl.invoke(NativeMethodAccessorImpl.java:62)
	at sun.reflect.DelegatingMethodAccessorImpl.invoke(DelegatingMethodAccessorImpl.java:43)
	at java.lang.reflect.Method.invoke(Method.java:498)
	at org.junit.runners.model.FrameworkMethod$1.runReflectiveCall(FrameworkMethod.java:50)
	at org.junit.internal.runners.model.ReflectiveCallable.run(ReflectiveCallable.java:12)
	at org.junit.runners.model.FrameworkMethod.invokeExplosively(FrameworkMethod.java:47)
	at org.junit.internal.runners.statements.InvokeMethod.evaluate(InvokeMethod.java:17)
	at org.junit.internal.runners.statements.FailOnTimeout$CallableStatement.call(FailOnTimeout.java:298)
	at org.junit.internal.runners.statements.FailOnTimeout$CallableStatement.call(FailOnTimeout.java:292)
	at java.util.concurrent.FutureTask.run(FutureTask.java:266)
	at java.lang.Thread.run(Thread.java:748)
52) test031(com.google.javascript.jscomp.TypeInference_ESTest)
java.lang.UnsupportedOperationException: Graph initialized with node annotations turned off
	at com.google.javascript.jscomp.graph.LinkedDirectedGraph$LinkedDirectedGraphNode.setAnnotation(LinkedDirectedGraph.java:363)
	at com.google.javascript.jscomp.DataFlowAnalysis$BranchedForwardDataFlowAnalysis.initialize(DataFlowAnalysis.java:401)
	at com.google.javascript.jscomp.DataFlowAnalysis.analyze(DataFlowAnalysis.java:202)
	at com.google.javascript.jscomp.DataFlowAnalysis.analyze(DataFlowAnalysis.java:180)
	at com.google.javascript.jscomp.TypeInference_ESTest.test031(TypeInference_ESTest.java:995)
	at sun.reflect.NativeMethodAccessorImpl.invoke0(Native Method)
	at sun.reflect.NativeMethodAccessorImpl.invoke(NativeMethodAccessorImpl.java:62)
	at sun.reflect.DelegatingMethodAccessorImpl.invoke(DelegatingMethodAccessorImpl.java:43)
	at java.lang.reflect.Method.invoke(Method.java:498)
	at org.junit.runners.model.FrameworkMethod$1.runReflectiveCall(FrameworkMethod.java:50)
	at org.junit.internal.runners.model.ReflectiveCallable.run(ReflectiveCallable.java:12)
	at org.junit.runners.model.FrameworkMethod.invokeExplosively(FrameworkMethod.java:47)
	at org.junit.internal.runners.statements.InvokeMethod.evaluate(InvokeMethod.java:17)
	at org.junit.internal.runners.statements.FailOnTimeout$CallableStatement.call(FailOnTimeout.java:298)
	at org.junit.internal.runners.statements.FailOnTimeout$CallableStatement.call(FailOnTimeout.java:292)
	at java.util.concurrent.FutureTask.run(FutureTask.java:266)
	at java.lang.Thread.run(Thread.java:748)
53) test034(com.google.javascript.jscomp.TypeInference_ESTest)
org.evosuite.runtime.mock.java.lang.MockIllegalArgumentException: FOR 0 1 does not exist in graph
	at com.google.javascript.jscomp.graph.Graph.getNodeOrFail(Graph.java:222)
	at com.google.javascript.jscomp.graph.LinkedDirectedGraph.getOutEdges(LinkedDirectedGraph.java:129)
	at com.google.javascript.jscomp.TypeInference.branchedFlowThrough(TypeInference.java:207)
	at com.google.javascript.jscomp.TypeInference_ESTest.test034(TypeInference_ESTest.java:1082)
	at sun.reflect.NativeMethodAccessorImpl.invoke0(Native Method)
	at sun.reflect.NativeMethodAccessorImpl.invoke(NativeMethodAccessorImpl.java:62)
	at sun.reflect.DelegatingMethodAccessorImpl.invoke(DelegatingMethodAccessorImpl.java:43)
	at java.lang.reflect.Method.invoke(Method.java:498)
	at org.junit.runners.model.FrameworkMethod$1.runReflectiveCall(FrameworkMethod.java:50)
	at org.junit.internal.runners.model.ReflectiveCallable.run(ReflectiveCallable.java:12)
	at org.junit.runners.model.FrameworkMethod.invokeExplosively(FrameworkMethod.java:47)
	at org.junit.internal.runners.statements.InvokeMethod.evaluate(InvokeMethod.java:17)
	at org.junit.internal.runners.statements.FailOnTimeout$CallableStatement.call(FailOnTimeout.java:298)
	at org.junit.internal.runners.statements.FailOnTimeout$CallableStatement.call(FailOnTimeout.java:292)
	at java.util.concurrent.FutureTask.run(FutureTask.java:266)
	at java.lang.Thread.run(Thread.java:748)
54) test033(com.google.javascript.jscomp.TypeInference_ESTest)
java.lang.NullPointerException
	at com.google.javascript.jscomp.Compiler.getTypeRegistry(Compiler.java:1225)
	at com.google.javascript.jscomp.TypeInference.<init>(TypeInference.java:95)
	at com.google.javascript.jscomp.TypeInference_ESTest.test033(TypeInference_ESTest.java:1052)
	at sun.reflect.NativeMethodAccessorImpl.invoke0(Native Method)
	at sun.reflect.NativeMethodAccessorImpl.invoke(NativeMethodAccessorImpl.java:62)
	at sun.reflect.DelegatingMethodAccessorImpl.invoke(DelegatingMethodAccessorImpl.java:43)
	at java.lang.reflect.Method.invoke(Method.java:498)
	at org.junit.runners.model.FrameworkMethod$1.runReflectiveCall(FrameworkMethod.java:50)
	at org.junit.internal.runners.model.ReflectiveCallable.run(ReflectiveCallable.java:12)
	at org.junit.runners.model.FrameworkMethod.invokeExplosively(FrameworkMethod.java:47)
	at org.junit.internal.runners.statements.InvokeMethod.evaluate(InvokeMethod.java:17)
	at org.junit.internal.runners.statements.FailOnTimeout$CallableStatement.call(FailOnTimeout.java:298)
	at org.junit.internal.runners.statements.FailOnTimeout$CallableStatement.call(FailOnTimeout.java:292)
	at java.util.concurrent.FutureTask.run(FutureTask.java:266)
	at java.lang.Thread.run(Thread.java:748)
55) test025(com.google.javascript.jscomp.TypeInference_ESTest)
java.lang.NullPointerException
	at com.google.javascript.jscomp.Compiler.getTypeRegistry(Compiler.java:1225)
	at com.google.javascript.jscomp.TypeInference.<init>(TypeInference.java:95)
	at com.google.javascript.jscomp.TypeInference_ESTest.test025(TypeInference_ESTest.java:820)
	at sun.reflect.NativeMethodAccessorImpl.invoke0(Native Method)
	at sun.reflect.NativeMethodAccessorImpl.invoke(NativeMethodAccessorImpl.java:62)
	at sun.reflect.DelegatingMethodAccessorImpl.invoke(DelegatingMethodAccessorImpl.java:43)
	at java.lang.reflect.Method.invoke(Method.java:498)
	at org.junit.runners.model.FrameworkMethod$1.runReflectiveCall(FrameworkMethod.java:50)
	at org.junit.internal.runners.model.ReflectiveCallable.run(ReflectiveCallable.java:12)
	at org.junit.runners.model.FrameworkMethod.invokeExplosively(FrameworkMethod.java:47)
	at org.junit.internal.runners.statements.InvokeMethod.evaluate(InvokeMethod.java:17)
	at org.junit.internal.runners.statements.FailOnTimeout$CallableStatement.call(FailOnTimeout.java:298)
	at org.junit.internal.runners.statements.FailOnTimeout$CallableStatement.call(FailOnTimeout.java:292)
	at java.util.concurrent.FutureTask.run(FutureTask.java:266)
	at java.lang.Thread.run(Thread.java:748)
56) test024(com.google.javascript.jscomp.TypeInference_ESTest)
org.evosuite.runtime.mock.java.lang.MockIllegalArgumentException: VOID  does not exist in graph
	at com.google.javascript.jscomp.graph.Graph.getNodeOrFail(Graph.java:222)
	at com.google.javascript.jscomp.graph.LinkedDirectedGraph.getOutEdges(LinkedDirectedGraph.java:129)
	at com.google.javascript.jscomp.TypeInference.branchedFlowThrough(TypeInference.java:207)
	at com.google.javascript.jscomp.TypeInference_ESTest.test024(TypeInference_ESTest.java:789)
	at sun.reflect.NativeMethodAccessorImpl.invoke0(Native Method)
	at sun.reflect.NativeMethodAccessorImpl.invoke(NativeMethodAccessorImpl.java:62)
	at sun.reflect.DelegatingMethodAccessorImpl.invoke(DelegatingMethodAccessorImpl.java:43)
	at java.lang.reflect.Method.invoke(Method.java:498)
	at org.junit.runners.model.FrameworkMethod$1.runReflectiveCall(FrameworkMethod.java:50)
	at org.junit.internal.runners.model.ReflectiveCallable.run(ReflectiveCallable.java:12)
	at org.junit.runners.model.FrameworkMethod.invokeExplosively(FrameworkMethod.java:47)
	at org.junit.internal.runners.statements.InvokeMethod.evaluate(InvokeMethod.java:17)
	at org.junit.internal.runners.statements.FailOnTimeout$CallableStatement.call(FailOnTimeout.java:298)
	at org.junit.internal.runners.statements.FailOnTimeout$CallableStatement.call(FailOnTimeout.java:292)
	at java.util.concurrent.FutureTask.run(FutureTask.java:266)
	at java.lang.Thread.run(Thread.java:748)
57) test027(com.google.javascript.jscomp.TypeInference_ESTest)
org.evosuite.runtime.mock.java.lang.MockIllegalStateException: 4095
	at com.google.javascript.rhino.Token.name(Token.java:287)
	at com.google.javascript.rhino.Node.toString(Node.java:955)
	at com.google.javascript.rhino.Node.toString(Node.java:946)
	at com.google.javascript.rhino.Node.toString(Node.java:938)
	at java.lang.String.valueOf(String.java:2994)
	at java.lang.StringBuilder.append(StringBuilder.java:131)
	at com.google.javascript.jscomp.graph.Graph.getNodeOrFail(Graph.java:222)
	at com.google.javascript.jscomp.graph.LinkedDirectedGraph.getOutEdges(LinkedDirectedGraph.java:129)
	at com.google.javascript.jscomp.TypeInference.branchedFlowThrough(TypeInference.java:207)
	at com.google.javascript.jscomp.TypeInference_ESTest.test027(TypeInference_ESTest.java:881)
	at sun.reflect.NativeMethodAccessorImpl.invoke0(Native Method)
	at sun.reflect.NativeMethodAccessorImpl.invoke(NativeMethodAccessorImpl.java:62)
	at sun.reflect.DelegatingMethodAccessorImpl.invoke(DelegatingMethodAccessorImpl.java:43)
	at java.lang.reflect.Method.invoke(Method.java:498)
	at org.junit.runners.model.FrameworkMethod$1.runReflectiveCall(FrameworkMethod.java:50)
	at org.junit.internal.runners.model.ReflectiveCallable.run(ReflectiveCallable.java:12)
	at org.junit.runners.model.FrameworkMethod.invokeExplosively(FrameworkMethod.java:47)
	at org.junit.internal.runners.statements.InvokeMethod.evaluate(InvokeMethod.java:17)
	at org.junit.internal.runners.statements.FailOnTimeout$CallableStatement.call(FailOnTimeout.java:298)
	at org.junit.internal.runners.statements.FailOnTimeout$CallableStatement.call(FailOnTimeout.java:292)
	at java.util.concurrent.FutureTask.run(FutureTask.java:266)
	at java.lang.Thread.run(Thread.java:748)
58) test026(com.google.javascript.jscomp.TypeInference_ESTest)
org.evosuite.runtime.mock.java.lang.MockIllegalStateException: 2
	at com.google.javascript.rhino.Token.name(Token.java:287)
	at com.google.javascript.rhino.Node.toString(Node.java:955)
	at com.google.javascript.rhino.Node.toString(Node.java:946)
	at com.google.javascript.rhino.Node.toString(Node.java:938)
	at java.lang.String.valueOf(String.java:2994)
	at java.lang.StringBuilder.append(StringBuilder.java:131)
	at com.google.javascript.jscomp.graph.Graph.getNodeOrFail(Graph.java:222)
	at com.google.javascript.jscomp.graph.LinkedDirectedGraph.getOutEdges(LinkedDirectedGraph.java:129)
	at com.google.javascript.jscomp.TypeInference.branchedFlowThrough(TypeInference.java:207)
	at com.google.javascript.jscomp.TypeInference_ESTest.test026(TypeInference_ESTest.java:852)
	at sun.reflect.NativeMethodAccessorImpl.invoke0(Native Method)
	at sun.reflect.NativeMethodAccessorImpl.invoke(NativeMethodAccessorImpl.java:62)
	at sun.reflect.DelegatingMethodAccessorImpl.invoke(DelegatingMethodAccessorImpl.java:43)
	at java.lang.reflect.Method.invoke(Method.java:498)
	at org.junit.runners.model.FrameworkMethod$1.runReflectiveCall(FrameworkMethod.java:50)
	at org.junit.internal.runners.model.ReflectiveCallable.run(ReflectiveCallable.java:12)
	at org.junit.runners.model.FrameworkMethod.invokeExplosively(FrameworkMethod.java:47)
	at org.junit.internal.runners.statements.InvokeMethod.evaluate(InvokeMethod.java:17)
	at org.junit.internal.runners.statements.FailOnTimeout$CallableStatement.call(FailOnTimeout.java:298)
	at org.junit.internal.runners.statements.FailOnTimeout$CallableStatement.call(FailOnTimeout.java:292)
	at java.util.concurrent.FutureTask.run(FutureTask.java:266)
	at java.lang.Thread.run(Thread.java:748)
59) test029(com.google.javascript.jscomp.TypeInference_ESTest)
org.evosuite.runtime.mock.java.lang.MockIllegalStateException: 127
	at com.google.javascript.rhino.Token.name(Token.java:287)
	at com.google.javascript.rhino.Node.toString(Node.java:955)
	at com.google.javascript.rhino.Node.toString(Node.java:946)
	at com.google.javascript.rhino.Node.toString(Node.java:938)
	at java.lang.String.valueOf(String.java:2994)
	at java.lang.StringBuilder.append(StringBuilder.java:131)
	at com.google.javascript.jscomp.graph.Graph.getNodeOrFail(Graph.java:222)
	at com.google.javascript.jscomp.graph.LinkedDirectedGraph.getOutEdges(LinkedDirectedGraph.java:129)
	at com.google.javascript.jscomp.TypeInference.branchedFlowThrough(TypeInference.java:207)
	at com.google.javascript.jscomp.TypeInference_ESTest.test029(TypeInference_ESTest.java:932)
	at sun.reflect.NativeMethodAccessorImpl.invoke0(Native Method)
	at sun.reflect.NativeMethodAccessorImpl.invoke(NativeMethodAccessorImpl.java:62)
	at sun.reflect.DelegatingMethodAccessorImpl.invoke(DelegatingMethodAccessorImpl.java:43)
	at java.lang.reflect.Method.invoke(Method.java:498)
	at org.junit.runners.model.FrameworkMethod$1.runReflectiveCall(FrameworkMethod.java:50)
	at org.junit.internal.runners.model.ReflectiveCallable.run(ReflectiveCallable.java:12)
	at org.junit.runners.model.FrameworkMethod.invokeExplosively(FrameworkMethod.java:47)
	at org.junit.internal.runners.statements.InvokeMethod.evaluate(InvokeMethod.java:17)
	at org.junit.internal.runners.statements.FailOnTimeout$CallableStatement.call(FailOnTimeout.java:298)
	at org.junit.internal.runners.statements.FailOnTimeout$CallableStatement.call(FailOnTimeout.java:292)
	at java.util.concurrent.FutureTask.run(FutureTask.java:266)
	at java.lang.Thread.run(Thread.java:748)
60) test041(com.google.javascript.jscomp.TypeInference_ESTest)
org.evosuite.runtime.mock.java.lang.MockIllegalArgumentException: INSTANCEOF : boolean does not exist in graph
	at com.google.javascript.jscomp.graph.Graph.getNodeOrFail(Graph.java:222)
	at com.google.javascript.jscomp.graph.LinkedDirectedGraph.getOutEdges(LinkedDirectedGraph.java:129)
	at com.google.javascript.jscomp.TypeInference.branchedFlowThrough(TypeInference.java:207)
	at com.google.javascript.jscomp.TypeInference_ESTest.test041(TypeInference_ESTest.java:1292)
	at sun.reflect.NativeMethodAccessorImpl.invoke0(Native Method)
	at sun.reflect.NativeMethodAccessorImpl.invoke(NativeMethodAccessorImpl.java:62)
	at sun.reflect.DelegatingMethodAccessorImpl.invoke(DelegatingMethodAccessorImpl.java:43)
	at java.lang.reflect.Method.invoke(Method.java:498)
	at org.junit.runners.model.FrameworkMethod$1.runReflectiveCall(FrameworkMethod.java:50)
	at org.junit.internal.runners.model.ReflectiveCallable.run(ReflectiveCallable.java:12)
	at org.junit.runners.model.FrameworkMethod.invokeExplosively(FrameworkMethod.java:47)
	at org.junit.internal.runners.statements.InvokeMethod.evaluate(InvokeMethod.java:17)
	at org.junit.internal.runners.statements.FailOnTimeout$CallableStatement.call(FailOnTimeout.java:298)
	at org.junit.internal.runners.statements.FailOnTimeout$CallableStatement.call(FailOnTimeout.java:292)
	at java.util.concurrent.FutureTask.run(FutureTask.java:266)
	at java.lang.Thread.run(Thread.java:748)
61) test043(com.google.javascript.jscomp.TypeInference_ESTest)
org.evosuite.runtime.mock.java.lang.MockIllegalArgumentException: NAME  does not exist in graph
	at com.google.javascript.jscomp.graph.Graph.getNodeOrFail(Graph.java:222)
	at com.google.javascript.jscomp.graph.LinkedDirectedGraph.getOutEdges(LinkedDirectedGraph.java:129)
	at com.google.javascript.jscomp.TypeInference.branchedFlowThrough(TypeInference.java:207)
	at com.google.javascript.jscomp.TypeInference_ESTest.test043(TypeInference_ESTest.java:1355)
	at sun.reflect.NativeMethodAccessorImpl.invoke0(Native Method)
	at sun.reflect.NativeMethodAccessorImpl.invoke(NativeMethodAccessorImpl.java:62)
	at sun.reflect.DelegatingMethodAccessorImpl.invoke(DelegatingMethodAccessorImpl.java:43)
	at java.lang.reflect.Method.invoke(Method.java:498)
	at org.junit.runners.model.FrameworkMethod$1.runReflectiveCall(FrameworkMethod.java:50)
	at org.junit.internal.runners.model.ReflectiveCallable.run(ReflectiveCallable.java:12)
	at org.junit.runners.model.FrameworkMethod.invokeExplosively(FrameworkMethod.java:47)
	at org.junit.internal.runners.statements.InvokeMethod.evaluate(InvokeMethod.java:17)
	at org.junit.internal.runners.statements.FailOnTimeout$CallableStatement.call(FailOnTimeout.java:298)
	at org.junit.internal.runners.statements.FailOnTimeout$CallableStatement.call(FailOnTimeout.java:292)
	at java.util.concurrent.FutureTask.run(FutureTask.java:266)
	at java.lang.Thread.run(Thread.java:748)
62) test042(com.google.javascript.jscomp.TypeInference_ESTest)
org.evosuite.runtime.mock.java.lang.MockIllegalArgumentException: STRING_KEY >>F1[KRIItX/&f# does not exist in graph
	at com.google.javascript.jscomp.graph.Graph.getNodeOrFail(Graph.java:222)
	at com.google.javascript.jscomp.graph.LinkedDirectedGraph.getOutEdges(LinkedDirectedGraph.java:129)
	at com.google.javascript.jscomp.TypeInference.branchedFlowThrough(TypeInference.java:207)
	at com.google.javascript.jscomp.TypeInference_ESTest.test042(TypeInference_ESTest.java:1323)
	at sun.reflect.NativeMethodAccessorImpl.invoke0(Native Method)
	at sun.reflect.NativeMethodAccessorImpl.invoke(NativeMethodAccessorImpl.java:62)
	at sun.reflect.DelegatingMethodAccessorImpl.invoke(DelegatingMethodAccessorImpl.java:43)
	at java.lang.reflect.Method.invoke(Method.java:498)
	at org.junit.runners.model.FrameworkMethod$1.runReflectiveCall(FrameworkMethod.java:50)
	at org.junit.internal.runners.model.ReflectiveCallable.run(ReflectiveCallable.java:12)
	at org.junit.runners.model.FrameworkMethod.invokeExplosively(FrameworkMethod.java:47)
	at org.junit.internal.runners.statements.InvokeMethod.evaluate(InvokeMethod.java:17)
	at org.junit.internal.runners.statements.FailOnTimeout$CallableStatement.call(FailOnTimeout.java:298)
	at org.junit.internal.runners.statements.FailOnTimeout$CallableStatement.call(FailOnTimeout.java:292)
	at java.util.concurrent.FutureTask.run(FutureTask.java:266)
	at java.lang.Thread.run(Thread.java:748)
63) test045(com.google.javascript.jscomp.TypeInference_ESTest)
org.evosuite.runtime.mock.java.lang.MockIllegalStateException: 55
	at com.google.javascript.rhino.Token.name(Token.java:287)
	at com.google.javascript.rhino.Node.toString(Node.java:955)
	at com.google.javascript.rhino.Node.toString(Node.java:946)
	at com.google.javascript.rhino.Node.toString(Node.java:938)
	at java.lang.String.valueOf(String.java:2994)
	at java.lang.StringBuilder.append(StringBuilder.java:131)
	at com.google.javascript.jscomp.graph.Graph.getNodeOrFail(Graph.java:222)
	at com.google.javascript.jscomp.graph.LinkedDirectedGraph.getOutEdges(LinkedDirectedGraph.java:129)
	at com.google.javascript.jscomp.TypeInference.branchedFlowThrough(TypeInference.java:207)
	at com.google.javascript.jscomp.TypeInference_ESTest.test045(TypeInference_ESTest.java:1418)
	at sun.reflect.NativeMethodAccessorImpl.invoke0(Native Method)
	at sun.reflect.NativeMethodAccessorImpl.invoke(NativeMethodAccessorImpl.java:62)
	at sun.reflect.DelegatingMethodAccessorImpl.invoke(DelegatingMethodAccessorImpl.java:43)
	at java.lang.reflect.Method.invoke(Method.java:498)
	at org.junit.runners.model.FrameworkMethod$1.runReflectiveCall(FrameworkMethod.java:50)
	at org.junit.internal.runners.model.ReflectiveCallable.run(ReflectiveCallable.java:12)
	at org.junit.runners.model.FrameworkMethod.invokeExplosively(FrameworkMethod.java:47)
	at org.junit.internal.runners.statements.InvokeMethod.evaluate(InvokeMethod.java:17)
	at org.junit.internal.runners.statements.FailOnTimeout$CallableStatement.call(FailOnTimeout.java:298)
	at org.junit.internal.runners.statements.FailOnTimeout$CallableStatement.call(FailOnTimeout.java:292)
	at java.util.concurrent.FutureTask.run(FutureTask.java:266)
	at java.lang.Thread.run(Thread.java:748)
64) test036(com.google.javascript.jscomp.TypeInference_ESTest)
org.evosuite.runtime.mock.java.lang.MockIllegalStateException: 131
	at com.google.javascript.rhino.Token.name(Token.java:287)
	at com.google.javascript.rhino.Node.toString(Node.java:955)
	at com.google.javascript.rhino.Node.toString(Node.java:946)
	at com.google.javascript.rhino.Node.toString(Node.java:938)
	at java.lang.String.valueOf(String.java:2994)
	at java.lang.StringBuilder.append(StringBuilder.java:131)
	at com.google.javascript.jscomp.graph.Graph.getNodeOrFail(Graph.java:222)
	at com.google.javascript.jscomp.graph.LinkedDirectedGraph.getOutEdges(LinkedDirectedGraph.java:129)
	at com.google.javascript.jscomp.TypeInference.branchedFlowThrough(TypeInference.java:207)
	at com.google.javascript.jscomp.TypeInference_ESTest.test036(TypeInference_ESTest.java:1138)
	at sun.reflect.NativeMethodAccessorImpl.invoke0(Native Method)
	at sun.reflect.NativeMethodAccessorImpl.invoke(NativeMethodAccessorImpl.java:62)
	at sun.reflect.DelegatingMethodAccessorImpl.invoke(DelegatingMethodAccessorImpl.java:43)
	at java.lang.reflect.Method.invoke(Method.java:498)
	at org.junit.runners.model.FrameworkMethod$1.runReflectiveCall(FrameworkMethod.java:50)
	at org.junit.internal.runners.model.ReflectiveCallable.run(ReflectiveCallable.java:12)
	at org.junit.runners.model.FrameworkMethod.invokeExplosively(FrameworkMethod.java:47)
	at org.junit.internal.runners.statements.InvokeMethod.evaluate(InvokeMethod.java:17)
	at org.junit.internal.runners.statements.FailOnTimeout$CallableStatement.call(FailOnTimeout.java:298)
	at org.junit.internal.runners.statements.FailOnTimeout$CallableStatement.call(FailOnTimeout.java:292)
	at java.util.concurrent.FutureTask.run(FutureTask.java:266)
	at java.lang.Thread.run(Thread.java:748)
65) test035(com.google.javascript.jscomp.TypeInference_ESTest)
org.evosuite.runtime.mock.java.lang.MockIllegalStateException: 151
	at com.google.javascript.rhino.Token.name(Token.java:287)
	at com.google.javascript.rhino.Node.toString(Node.java:955)
	at com.google.javascript.rhino.Node.toString(Node.java:946)
	at com.google.javascript.rhino.Node.toString(Node.java:938)
	at java.lang.String.valueOf(String.java:2994)
	at java.lang.StringBuilder.append(StringBuilder.java:131)
	at com.google.javascript.jscomp.graph.Graph.getNodeOrFail(Graph.java:222)
	at com.google.javascript.jscomp.graph.LinkedDirectedGraph.getOutEdges(LinkedDirectedGraph.java:129)
	at com.google.javascript.jscomp.TypeInference.branchedFlowThrough(TypeInference.java:207)
	at com.google.javascript.jscomp.TypeInference_ESTest.test035(TypeInference_ESTest.java:1110)
	at sun.reflect.NativeMethodAccessorImpl.invoke0(Native Method)
	at sun.reflect.NativeMethodAccessorImpl.invoke(NativeMethodAccessorImpl.java:62)
	at sun.reflect.DelegatingMethodAccessorImpl.invoke(DelegatingMethodAccessorImpl.java:43)
	at java.lang.reflect.Method.invoke(Method.java:498)
	at org.junit.runners.model.FrameworkMethod$1.runReflectiveCall(FrameworkMethod.java:50)
	at org.junit.internal.runners.model.ReflectiveCallable.run(ReflectiveCallable.java:12)
	at org.junit.runners.model.FrameworkMethod.invokeExplosively(FrameworkMethod.java:47)
	at org.junit.internal.runners.statements.InvokeMethod.evaluate(InvokeMethod.java:17)
	at org.junit.internal.runners.statements.FailOnTimeout$CallableStatement.call(FailOnTimeout.java:298)
	at org.junit.internal.runners.statements.FailOnTimeout$CallableStatement.call(FailOnTimeout.java:292)
	at java.util.concurrent.FutureTask.run(FutureTask.java:266)
	at java.lang.Thread.run(Thread.java:748)
66) test037(com.google.javascript.jscomp.TypeInference_ESTest)
org.evosuite.runtime.mock.java.lang.MockIllegalStateException: -2173
	at com.google.javascript.rhino.Token.name(Token.java:287)
	at com.google.javascript.rhino.Node.toString(Node.java:955)
	at com.google.javascript.rhino.Node.toString(Node.java:946)
	at com.google.javascript.rhino.Node.toString(Node.java:938)
	at java.lang.String.valueOf(String.java:2994)
	at java.lang.StringBuilder.append(StringBuilder.java:131)
	at com.google.javascript.jscomp.graph.Graph.getNodeOrFail(Graph.java:222)
	at com.google.javascript.jscomp.graph.LinkedDirectedGraph.getOutEdges(LinkedDirectedGraph.java:129)
	at com.google.javascript.jscomp.TypeInference.branchedFlowThrough(TypeInference.java:207)
	at com.google.javascript.jscomp.TypeInference_ESTest.test037(TypeInference_ESTest.java:1177)
	at sun.reflect.NativeMethodAccessorImpl.invoke0(Native Method)
	at sun.reflect.NativeMethodAccessorImpl.invoke(NativeMethodAccessorImpl.java:62)
	at sun.reflect.DelegatingMethodAccessorImpl.invoke(DelegatingMethodAccessorImpl.java:43)
	at java.lang.reflect.Method.invoke(Method.java:498)
	at org.junit.runners.model.FrameworkMethod$1.runReflectiveCall(FrameworkMethod.java:50)
	at org.junit.internal.runners.model.ReflectiveCallable.run(ReflectiveCallable.java:12)
	at org.junit.runners.model.FrameworkMethod.invokeExplosively(FrameworkMethod.java:47)
	at org.junit.internal.runners.statements.InvokeMethod.evaluate(InvokeMethod.java:17)
	at org.junit.internal.runners.statements.FailOnTimeout$CallableStatement.call(FailOnTimeout.java:298)
	at org.junit.internal.runners.statements.FailOnTimeout$CallableStatement.call(FailOnTimeout.java:292)
	at java.util.concurrent.FutureTask.run(FutureTask.java:266)
	at java.lang.Thread.run(Thread.java:748)
67) test039(com.google.javascript.jscomp.TypeInference_ESTest)
org.evosuite.runtime.mock.java.lang.MockIllegalStateException: 200000
	at com.google.javascript.rhino.Token.name(Token.java:287)
	at com.google.javascript.rhino.Node.toString(Node.java:955)
	at com.google.javascript.rhino.Node.toString(Node.java:946)
	at com.google.javascript.rhino.Node.toString(Node.java:938)
	at java.lang.String.valueOf(String.java:2994)
	at java.lang.StringBuilder.append(StringBuilder.java:131)
	at com.google.javascript.jscomp.graph.Graph.getNodeOrFail(Graph.java:222)
	at com.google.javascript.jscomp.graph.LinkedDirectedGraph.getOutEdges(LinkedDirectedGraph.java:129)
	at com.google.javascript.jscomp.TypeInference.branchedFlowThrough(TypeInference.java:207)
	at com.google.javascript.jscomp.TypeInference_ESTest.test039(TypeInference_ESTest.java:1238)
	at sun.reflect.NativeMethodAccessorImpl.invoke0(Native Method)
	at sun.reflect.NativeMethodAccessorImpl.invoke(NativeMethodAccessorImpl.java:62)
	at sun.reflect.DelegatingMethodAccessorImpl.invoke(DelegatingMethodAccessorImpl.java:43)
	at java.lang.reflect.Method.invoke(Method.java:498)
	at org.junit.runners.model.FrameworkMethod$1.runReflectiveCall(FrameworkMethod.java:50)
	at org.junit.internal.runners.model.ReflectiveCallable.run(ReflectiveCallable.java:12)
	at org.junit.runners.model.FrameworkMethod.invokeExplosively(FrameworkMethod.java:47)
	at org.junit.internal.runners.statements.InvokeMethod.evaluate(InvokeMethod.java:17)
	at org.junit.internal.runners.statements.FailOnTimeout$CallableStatement.call(FailOnTimeout.java:298)
	at org.junit.internal.runners.statements.FailOnTimeout$CallableStatement.call(FailOnTimeout.java:292)
	at java.util.concurrent.FutureTask.run(FutureTask.java:266)
	at java.lang.Thread.run(Thread.java:748)
68) test050(com.google.javascript.jscomp.TypeInference_ESTest)
java.lang.NullPointerException
	at com.google.javascript.jscomp.TypeInference.traverseShortCircuitingBinOp(TypeInference.java:1455)
	at com.google.javascript.jscomp.TypeInference.traverseAnd(TypeInference.java:1306)
	at com.google.javascript.jscomp.TypeInference.traverse(TypeInference.java:324)
	at com.google.javascript.jscomp.TypeInference.flowThrough(TypeInference.java:190)
	at com.google.javascript.jscomp.TypeInference.branchedFlowThrough(TypeInference.java:202)
	at com.google.javascript.jscomp.TypeInference_ESTest.test050(TypeInference_ESTest.java:1556)
	at sun.reflect.NativeMethodAccessorImpl.invoke0(Native Method)
	at sun.reflect.NativeMethodAccessorImpl.invoke(NativeMethodAccessorImpl.java:62)
	at sun.reflect.DelegatingMethodAccessorImpl.invoke(DelegatingMethodAccessorImpl.java:43)
	at java.lang.reflect.Method.invoke(Method.java:498)
	at org.junit.runners.model.FrameworkMethod$1.runReflectiveCall(FrameworkMethod.java:50)
	at org.junit.internal.runners.model.ReflectiveCallable.run(ReflectiveCallable.java:12)
	at org.junit.runners.model.FrameworkMethod.invokeExplosively(FrameworkMethod.java:47)
	at org.junit.internal.runners.statements.InvokeMethod.evaluate(InvokeMethod.java:17)
	at org.junit.internal.runners.statements.FailOnTimeout$CallableStatement.call(FailOnTimeout.java:298)
	at org.junit.internal.runners.statements.FailOnTimeout$CallableStatement.call(FailOnTimeout.java:292)
	at java.util.concurrent.FutureTask.run(FutureTask.java:266)
	at java.lang.Thread.run(Thread.java:748)
69) test052(com.google.javascript.jscomp.TypeInference_ESTest)
org.evosuite.runtime.mock.java.lang.MockIllegalStateException: 75
	at com.google.javascript.rhino.Token.name(Token.java:287)
	at com.google.javascript.rhino.Node.toString(Node.java:955)
	at com.google.javascript.rhino.Node.toString(Node.java:946)
	at com.google.javascript.rhino.Node.toString(Node.java:938)
	at java.lang.String.valueOf(String.java:2994)
	at java.lang.StringBuilder.append(StringBuilder.java:131)
	at com.google.javascript.jscomp.graph.Graph.getNodeOrFail(Graph.java:222)
	at com.google.javascript.jscomp.graph.LinkedDirectedGraph.getOutEdges(LinkedDirectedGraph.java:129)
	at com.google.javascript.jscomp.TypeInference.branchedFlowThrough(TypeInference.java:207)
	at com.google.javascript.jscomp.TypeInference_ESTest.test052(TypeInference_ESTest.java:1618)
	at sun.reflect.NativeMethodAccessorImpl.invoke0(Native Method)
	at sun.reflect.NativeMethodAccessorImpl.invoke(NativeMethodAccessorImpl.java:62)
	at sun.reflect.DelegatingMethodAccessorImpl.invoke(DelegatingMethodAccessorImpl.java:43)
	at java.lang.reflect.Method.invoke(Method.java:498)
	at org.junit.runners.model.FrameworkMethod$1.runReflectiveCall(FrameworkMethod.java:50)
	at org.junit.internal.runners.model.ReflectiveCallable.run(ReflectiveCallable.java:12)
	at org.junit.runners.model.FrameworkMethod.invokeExplosively(FrameworkMethod.java:47)
	at org.junit.internal.runners.statements.InvokeMethod.evaluate(InvokeMethod.java:17)
	at org.junit.internal.runners.statements.FailOnTimeout$CallableStatement.call(FailOnTimeout.java:298)
	at org.junit.internal.runners.statements.FailOnTimeout$CallableStatement.call(FailOnTimeout.java:292)
	at java.util.concurrent.FutureTask.run(FutureTask.java:266)
	at java.lang.Thread.run(Thread.java:748)
70) test051(com.google.javascript.jscomp.TypeInference_ESTest)
java.lang.NullPointerException
	at com.google.javascript.jscomp.TypeInference.traverseWithinShortCircuitingBinOp(TypeInference.java:1508)
	at com.google.javascript.jscomp.TypeInference.traverseShortCircuitingBinOp(TypeInference.java:1448)
	at com.google.javascript.jscomp.TypeInference.traverseAnd(TypeInference.java:1306)
	at com.google.javascript.jscomp.TypeInference.traverse(TypeInference.java:324)
	at com.google.javascript.jscomp.TypeInference.flowThrough(TypeInference.java:190)
	at com.google.javascript.jscomp.TypeInference.branchedFlowThrough(TypeInference.java:202)
	at com.google.javascript.jscomp.TypeInference_ESTest.test051(TypeInference_ESTest.java:1584)
	at sun.reflect.NativeMethodAccessorImpl.invoke0(Native Method)
	at sun.reflect.NativeMethodAccessorImpl.invoke(NativeMethodAccessorImpl.java:62)
	at sun.reflect.DelegatingMethodAccessorImpl.invoke(DelegatingMethodAccessorImpl.java:43)
	at java.lang.reflect.Method.invoke(Method.java:498)
	at org.junit.runners.model.FrameworkMethod$1.runReflectiveCall(FrameworkMethod.java:50)
	at org.junit.internal.runners.model.ReflectiveCallable.run(ReflectiveCallable.java:12)
	at org.junit.runners.model.FrameworkMethod.invokeExplosively(FrameworkMethod.java:47)
	at org.junit.internal.runners.statements.InvokeMethod.evaluate(InvokeMethod.java:17)
	at org.junit.internal.runners.statements.FailOnTimeout$CallableStatement.call(FailOnTimeout.java:298)
	at org.junit.internal.runners.statements.FailOnTimeout$CallableStatement.call(FailOnTimeout.java:292)
	at java.util.concurrent.FutureTask.run(FutureTask.java:266)
	at java.lang.Thread.run(Thread.java:748)
71) test054(com.google.javascript.jscomp.TypeInference_ESTest)
java.lang.NullPointerException
	at com.google.javascript.jscomp.TypeInference.tightenTypesAfterAssertions(TypeInference.java:910)
	at com.google.javascript.jscomp.TypeInference.traverseCall(TypeInference.java:902)
	at com.google.javascript.jscomp.TypeInference.traverse(TypeInference.java:342)
	at com.google.javascript.jscomp.TypeInference.traverse(TypeInference.java:356)
	at com.google.javascript.jscomp.TypeInference.flowThrough(TypeInference.java:190)
	at com.google.javascript.jscomp.TypeInference.branchedFlowThrough(TypeInference.java:202)
	at com.google.javascript.jscomp.TypeInference_ESTest.test054(TypeInference_ESTest.java:1677)
	at sun.reflect.NativeMethodAccessorImpl.invoke0(Native Method)
	at sun.reflect.NativeMethodAccessorImpl.invoke(NativeMethodAccessorImpl.java:62)
	at sun.reflect.DelegatingMethodAccessorImpl.invoke(DelegatingMethodAccessorImpl.java:43)
	at java.lang.reflect.Method.invoke(Method.java:498)
	at org.junit.runners.model.FrameworkMethod$1.runReflectiveCall(FrameworkMethod.java:50)
	at org.junit.internal.runners.model.ReflectiveCallable.run(ReflectiveCallable.java:12)
	at org.junit.runners.model.FrameworkMethod.invokeExplosively(FrameworkMethod.java:47)
	at org.junit.internal.runners.statements.InvokeMethod.evaluate(InvokeMethod.java:17)
	at org.junit.internal.runners.statements.FailOnTimeout$CallableStatement.call(FailOnTimeout.java:298)
	at org.junit.internal.runners.statements.FailOnTimeout$CallableStatement.call(FailOnTimeout.java:292)
	at java.util.concurrent.FutureTask.run(FutureTask.java:266)
	at java.lang.Thread.run(Thread.java:748)
72) test053(com.google.javascript.jscomp.TypeInference_ESTest)
java.lang.NullPointerException
	at com.google.javascript.jscomp.TypeInference.tightenTypesAfterAssertions(TypeInference.java:910)
	at com.google.javascript.jscomp.TypeInference.traverseCall(TypeInference.java:902)
	at com.google.javascript.jscomp.TypeInference.traverse(TypeInference.java:342)
	at com.google.javascript.jscomp.TypeInference.flowThrough(TypeInference.java:190)
	at com.google.javascript.jscomp.TypeInference_ESTest.test053(TypeInference_ESTest.java:1648)
	at sun.reflect.NativeMethodAccessorImpl.invoke0(Native Method)
	at sun.reflect.NativeMethodAccessorImpl.invoke(NativeMethodAccessorImpl.java:62)
	at sun.reflect.DelegatingMethodAccessorImpl.invoke(DelegatingMethodAccessorImpl.java:43)
	at java.lang.reflect.Method.invoke(Method.java:498)
	at org.junit.runners.model.FrameworkMethod$1.runReflectiveCall(FrameworkMethod.java:50)
	at org.junit.internal.runners.model.ReflectiveCallable.run(ReflectiveCallable.java:12)
	at org.junit.runners.model.FrameworkMethod.invokeExplosively(FrameworkMethod.java:47)
	at org.junit.internal.runners.statements.InvokeMethod.evaluate(InvokeMethod.java:17)
	at org.junit.internal.runners.statements.FailOnTimeout$CallableStatement.call(FailOnTimeout.java:298)
	at org.junit.internal.runners.statements.FailOnTimeout$CallableStatement.call(FailOnTimeout.java:292)
	at java.util.concurrent.FutureTask.run(FutureTask.java:266)
	at java.lang.Thread.run(Thread.java:748)
73) test055(com.google.javascript.jscomp.TypeInference_ESTest)
org.evosuite.runtime.mock.java.lang.MockIllegalStateException: 136
	at com.google.javascript.rhino.Token.name(Token.java:287)
	at com.google.javascript.rhino.Node.toString(Node.java:955)
	at com.google.javascript.rhino.Node.toString(Node.java:946)
	at com.google.javascript.rhino.Node.toString(Node.java:938)
	at java.lang.String.valueOf(String.java:2994)
	at java.lang.StringBuilder.append(StringBuilder.java:131)
	at com.google.javascript.jscomp.graph.Graph.getNodeOrFail(Graph.java:222)
	at com.google.javascript.jscomp.graph.LinkedDirectedGraph.getOutEdges(LinkedDirectedGraph.java:129)
	at com.google.javascript.jscomp.TypeInference.branchedFlowThrough(TypeInference.java:207)
	at com.google.javascript.jscomp.TypeInference_ESTest.test055(TypeInference_ESTest.java:1710)
	at sun.reflect.NativeMethodAccessorImpl.invoke0(Native Method)
	at sun.reflect.NativeMethodAccessorImpl.invoke(NativeMethodAccessorImpl.java:62)
	at sun.reflect.DelegatingMethodAccessorImpl.invoke(DelegatingMethodAccessorImpl.java:43)
	at java.lang.reflect.Method.invoke(Method.java:498)
	at org.junit.runners.model.FrameworkMethod$1.runReflectiveCall(FrameworkMethod.java:50)
	at org.junit.internal.runners.model.ReflectiveCallable.run(ReflectiveCallable.java:12)
	at org.junit.runners.model.FrameworkMethod.invokeExplosively(FrameworkMethod.java:47)
	at org.junit.internal.runners.statements.InvokeMethod.evaluate(InvokeMethod.java:17)
	at org.junit.internal.runners.statements.FailOnTimeout$CallableStatement.call(FailOnTimeout.java:298)
	at org.junit.internal.runners.statements.FailOnTimeout$CallableStatement.call(FailOnTimeout.java:292)
	at java.util.concurrent.FutureTask.run(FutureTask.java:266)
	at java.lang.Thread.run(Thread.java:748)
74) test049(com.google.javascript.jscomp.TypeInference_ESTest)
org.evosuite.runtime.mock.java.lang.MockIllegalArgumentException: THIS does not exist in graph
	at com.google.javascript.jscomp.graph.Graph.getNodeOrFail(Graph.java:222)
	at com.google.javascript.jscomp.graph.LinkedDirectedGraph.getOutEdges(LinkedDirectedGraph.java:129)
	at com.google.javascript.jscomp.TypeInference.branchedFlowThrough(TypeInference.java:207)
	at com.google.javascript.jscomp.TypeInference_ESTest.test049(TypeInference_ESTest.java:1527)
	at sun.reflect.NativeMethodAccessorImpl.invoke0(Native Method)
	at sun.reflect.NativeMethodAccessorImpl.invoke(NativeMethodAccessorImpl.java:62)
	at sun.reflect.DelegatingMethodAccessorImpl.invoke(DelegatingMethodAccessorImpl.java:43)
	at java.lang.reflect.Method.invoke(Method.java:498)
	at org.junit.runners.model.FrameworkMethod$1.runReflectiveCall(FrameworkMethod.java:50)
	at org.junit.internal.runners.model.ReflectiveCallable.run(ReflectiveCallable.java:12)
	at org.junit.runners.model.FrameworkMethod.invokeExplosively(FrameworkMethod.java:47)
	at org.junit.internal.runners.statements.InvokeMethod.evaluate(InvokeMethod.java:17)
	at org.junit.internal.runners.statements.FailOnTimeout$CallableStatement.call(FailOnTimeout.java:298)
	at org.junit.internal.runners.statements.FailOnTimeout$CallableStatement.call(FailOnTimeout.java:292)
	at java.util.concurrent.FutureTask.run(FutureTask.java:266)
	at java.lang.Thread.run(Thread.java:748)
75) test048(com.google.javascript.jscomp.TypeInference_ESTest)
org.evosuite.runtime.mock.java.lang.MockIllegalArgumentException: SHNE  : boolean does not exist in graph
	at com.google.javascript.jscomp.graph.Graph.getNodeOrFail(Graph.java:222)
	at com.google.javascript.jscomp.graph.LinkedDirectedGraph.getOutEdges(LinkedDirectedGraph.java:129)
	at com.google.javascript.jscomp.TypeInference.branchedFlowThrough(TypeInference.java:207)
	at com.google.javascript.jscomp.TypeInference_ESTest.test048(TypeInference_ESTest.java:1496)
	at sun.reflect.NativeMethodAccessorImpl.invoke0(Native Method)
	at sun.reflect.NativeMethodAccessorImpl.invoke(NativeMethodAccessorImpl.java:62)
	at sun.reflect.DelegatingMethodAccessorImpl.invoke(DelegatingMethodAccessorImpl.java:43)
	at java.lang.reflect.Method.invoke(Method.java:498)
	at org.junit.runners.model.FrameworkMethod$1.runReflectiveCall(FrameworkMethod.java:50)
	at org.junit.internal.runners.model.ReflectiveCallable.run(ReflectiveCallable.java:12)
	at org.junit.runners.model.FrameworkMethod.invokeExplosively(FrameworkMethod.java:47)
	at org.junit.internal.runners.statements.InvokeMethod.evaluate(InvokeMethod.java:17)
	at org.junit.internal.runners.statements.FailOnTimeout$CallableStatement.call(FailOnTimeout.java:298)
	at org.junit.internal.runners.statements.FailOnTimeout$CallableStatement.call(FailOnTimeout.java:292)
	at java.util.concurrent.FutureTask.run(FutureTask.java:266)
	at java.lang.Thread.run(Thread.java:748)

FAILURES!!!
Tests run: 102,  Failures: 75

