JUnit version 4.12
...E.E.E.E.E.E.E.E.E.E.......E...E..E..E..
Time: 18.593
There were 14 failures:
1) test17(org.apache.commons.compress.utils.ChecksumCalculatingInputStream_ESTest)
java.io.IOException: Pipe not connected
	at java.io.PipedInputStream.read(PipedInputStream.java:305)
	at java.io.SequenceInputStream.read(SequenceInputStream.java:164)
	at org.apache.commons.compress.utils.ChecksumCalculatingInputStream.read(ChecksumCalculatingInputStream.java:49)
	at org.apache.commons.compress.utils.ChecksumCalculatingInputStream_ESTest.test17(ChecksumCalculatingInputStream_ESTest.java:309)
	at sun.reflect.NativeMethodAccessorImpl.invoke0(Native Method)
	at sun.reflect.NativeMethodAccessorImpl.invoke(NativeMethodAccessorImpl.java:62)
	at sun.reflect.DelegatingMethodAccessorImpl.invoke(DelegatingMethodAccessorImpl.java:43)
	at java.lang.reflect.Method.invoke(Method.java:498)
	at org.junit.runners.model.FrameworkMethod$1.runReflectiveCall(FrameworkMethod.java:50)
	at org.junit.internal.runners.model.ReflectiveCallable.run(ReflectiveCallable.java:12)
	at org.junit.runners.model.FrameworkMethod.invokeExplosively(FrameworkMethod.java:47)
	at org.junit.internal.runners.statements.InvokeMethod.evaluate(InvokeMethod.java:17)
	at org.junit.internal.runners.statements.FailOnTimeout$CallableStatement.call(FailOnTimeout.java:298)
	at org.junit.internal.runners.statements.FailOnTimeout$CallableStatement.call(FailOnTimeout.java:292)
	at java.util.concurrent.FutureTask.run(FutureTask.java:266)
	at java.lang.Thread.run(Thread.java:748)
2) test12(org.apache.commons.compress.utils.ChecksumCalculatingInputStream_ESTest)
java.io.IOException: Stream closed
	at java.io.BufferedInputStream.getInIfOpen(BufferedInputStream.java:159)
	at java.io.BufferedInputStream.fill(BufferedInputStream.java:246)
	at java.io.BufferedInputStream.read1(BufferedInputStream.java:286)
	at java.io.BufferedInputStream.read(BufferedInputStream.java:345)
	at java.io.SequenceInputStream.read(SequenceInputStream.java:207)
	at org.apache.commons.compress.utils.ChecksumCalculatingInputStream.read(ChecksumCalculatingInputStream.java:75)
	at org.apache.commons.compress.utils.ChecksumCalculatingInputStream_ESTest.test12(ChecksumCalculatingInputStream_ESTest.java:213)
	at sun.reflect.NativeMethodAccessorImpl.invoke0(Native Method)
	at sun.reflect.NativeMethodAccessorImpl.invoke(NativeMethodAccessorImpl.java:62)
	at sun.reflect.DelegatingMethodAccessorImpl.invoke(DelegatingMethodAccessorImpl.java:43)
	at java.lang.reflect.Method.invoke(Method.java:498)
	at org.junit.runners.model.FrameworkMethod$1.runReflectiveCall(FrameworkMethod.java:50)
	at org.junit.internal.runners.model.ReflectiveCallable.run(ReflectiveCallable.java:12)
	at org.junit.runners.model.FrameworkMethod.invokeExplosively(FrameworkMethod.java:47)
	at org.junit.internal.runners.statements.InvokeMethod.evaluate(InvokeMethod.java:17)
	at org.junit.internal.runners.statements.FailOnTimeout$CallableStatement.call(FailOnTimeout.java:298)
	at org.junit.internal.runners.statements.FailOnTimeout$CallableStatement.call(FailOnTimeout.java:292)
	at java.util.concurrent.FutureTask.run(FutureTask.java:266)
	at java.lang.Thread.run(Thread.java:748)
3) test11(org.apache.commons.compress.utils.ChecksumCalculatingInputStream_ESTest)
java.lang.IndexOutOfBoundsException
	at java.io.ByteArrayInputStream.read(ByteArrayInputStream.java:180)
	at org.apache.commons.compress.utils.ChecksumCalculatingInputStream.read(ChecksumCalculatingInputStream.java:75)
	at org.apache.commons.compress.utils.ChecksumCalculatingInputStream_ESTest.test11(ChecksumCalculatingInputStream_ESTest.java:194)
	at sun.reflect.NativeMethodAccessorImpl.invoke0(Native Method)
	at sun.reflect.NativeMethodAccessorImpl.invoke(NativeMethodAccessorImpl.java:62)
	at sun.reflect.DelegatingMethodAccessorImpl.invoke(DelegatingMethodAccessorImpl.java:43)
	at java.lang.reflect.Method.invoke(Method.java:498)
	at org.junit.runners.model.FrameworkMethod$1.runReflectiveCall(FrameworkMethod.java:50)
	at org.junit.internal.runners.model.ReflectiveCallable.run(ReflectiveCallable.java:12)
	at org.junit.runners.model.FrameworkMethod.invokeExplosively(FrameworkMethod.java:47)
	at org.junit.internal.runners.statements.InvokeMethod.evaluate(InvokeMethod.java:17)
	at org.junit.internal.runners.statements.FailOnTimeout$CallableStatement.call(FailOnTimeout.java:298)
	at org.junit.internal.runners.statements.FailOnTimeout$CallableStatement.call(FailOnTimeout.java:292)
	at java.util.concurrent.FutureTask.run(FutureTask.java:266)
	at java.lang.Thread.run(Thread.java:748)
4) test10(org.apache.commons.compress.utils.ChecksumCalculatingInputStream_ESTest)
java.lang.NullPointerException
	at java.io.ByteArrayInputStream.read(ByteArrayInputStream.java:178)
	at org.apache.commons.compress.utils.ChecksumCalculatingInputStream.read(ChecksumCalculatingInputStream.java:75)
	at org.apache.commons.compress.utils.ChecksumCalculatingInputStream_ESTest.test10(ChecksumCalculatingInputStream_ESTest.java:175)
	at sun.reflect.NativeMethodAccessorImpl.invoke0(Native Method)
	at sun.reflect.NativeMethodAccessorImpl.invoke(NativeMethodAccessorImpl.java:62)
	at sun.reflect.DelegatingMethodAccessorImpl.invoke(DelegatingMethodAccessorImpl.java:43)
	at java.lang.reflect.Method.invoke(Method.java:498)
	at org.junit.runners.model.FrameworkMethod$1.runReflectiveCall(FrameworkMethod.java:50)
	at org.junit.internal.runners.model.ReflectiveCallable.run(ReflectiveCallable.java:12)
	at org.junit.runners.model.FrameworkMethod.invokeExplosively(FrameworkMethod.java:47)
	at org.junit.internal.runners.statements.InvokeMethod.evaluate(InvokeMethod.java:17)
	at org.junit.internal.runners.statements.FailOnTimeout$CallableStatement.call(FailOnTimeout.java:298)
	at org.junit.internal.runners.statements.FailOnTimeout$CallableStatement.call(FailOnTimeout.java:292)
	at java.util.concurrent.FutureTask.run(FutureTask.java:266)
	at java.lang.Thread.run(Thread.java:748)
5) test16(org.apache.commons.compress.utils.ChecksumCalculatingInputStream_ESTest)
java.lang.ArrayIndexOutOfBoundsException: -238
	at java.io.ByteArrayInputStream.read(ByteArrayInputStream.java:144)
	at org.apache.commons.compress.utils.ChecksumCalculatingInputStream.read(ChecksumCalculatingInputStream.java:49)
	at org.apache.commons.compress.utils.ChecksumCalculatingInputStream_ESTest.test16(ChecksumCalculatingInputStream_ESTest.java:291)
	at sun.reflect.NativeMethodAccessorImpl.invoke0(Native Method)
	at sun.reflect.NativeMethodAccessorImpl.invoke(NativeMethodAccessorImpl.java:62)
	at sun.reflect.DelegatingMethodAccessorImpl.invoke(DelegatingMethodAccessorImpl.java:43)
	at java.lang.reflect.Method.invoke(Method.java:498)
	at org.junit.runners.model.FrameworkMethod$1.runReflectiveCall(FrameworkMethod.java:50)
	at org.junit.internal.runners.model.ReflectiveCallable.run(ReflectiveCallable.java:12)
	at org.junit.runners.model.FrameworkMethod.invokeExplosively(FrameworkMethod.java:47)
	at org.junit.internal.runners.statements.InvokeMethod.evaluate(InvokeMethod.java:17)
	at org.junit.internal.runners.statements.FailOnTimeout$CallableStatement.call(FailOnTimeout.java:298)
	at org.junit.internal.runners.statements.FailOnTimeout$CallableStatement.call(FailOnTimeout.java:292)
	at java.util.concurrent.FutureTask.run(FutureTask.java:266)
	at java.lang.Thread.run(Thread.java:748)
6) test15(org.apache.commons.compress.utils.ChecksumCalculatingInputStream_ESTest)
java.lang.NullPointerException
	at org.apache.commons.compress.utils.ChecksumCalculatingInputStream.read(ChecksumCalculatingInputStream.java:49)
	at org.apache.commons.compress.utils.ChecksumCalculatingInputStream_ESTest.test15(ChecksumCalculatingInputStream_ESTest.java:272)
	at sun.reflect.NativeMethodAccessorImpl.invoke0(Native Method)
	at sun.reflect.NativeMethodAccessorImpl.invoke(NativeMethodAccessorImpl.java:62)
	at sun.reflect.DelegatingMethodAccessorImpl.invoke(DelegatingMethodAccessorImpl.java:43)
	at java.lang.reflect.Method.invoke(Method.java:498)
	at org.junit.runners.model.FrameworkMethod$1.runReflectiveCall(FrameworkMethod.java:50)
	at org.junit.internal.runners.model.ReflectiveCallable.run(ReflectiveCallable.java:12)
	at org.junit.runners.model.FrameworkMethod.invokeExplosively(FrameworkMethod.java:47)
	at org.junit.internal.runners.statements.InvokeMethod.evaluate(InvokeMethod.java:17)
	at org.junit.internal.runners.statements.FailOnTimeout$CallableStatement.call(FailOnTimeout.java:298)
	at org.junit.internal.runners.statements.FailOnTimeout$CallableStatement.call(FailOnTimeout.java:292)
	at java.util.concurrent.FutureTask.run(FutureTask.java:266)
	at java.lang.Thread.run(Thread.java:748)
7) test14(org.apache.commons.compress.utils.ChecksumCalculatingInputStream_ESTest)
org.evosuite.runtime.mock.java.io.MockIOException
	at org.evosuite.runtime.mock.java.io.NativeMockedIO.read(NativeMockedIO.java:53)
	at org.evosuite.runtime.mock.java.io.MockFileInputStream.read(MockFileInputStream.java:110)
	at org.evosuite.runtime.mock.java.io.MockFileInputStream.readBytes(MockFileInputStream.java:121)
	at org.evosuite.runtime.mock.java.io.MockFileInputStream.read(MockFileInputStream.java:185)
	at java.io.DataInputStream.read(DataInputStream.java:149)
	at java.io.SequenceInputStream.read(SequenceInputStream.java:207)
	at org.apache.commons.compress.utils.ChecksumCalculatingInputStream.read(ChecksumCalculatingInputStream.java:75)
	at org.apache.commons.compress.utils.ChecksumCalculatingInputStream.read(ChecksumCalculatingInputStream.java:64)
	at org.apache.commons.compress.utils.ChecksumCalculatingInputStream_ESTest.test14(ChecksumCalculatingInputStream_ESTest.java:255)
	at sun.reflect.NativeMethodAccessorImpl.invoke0(Native Method)
	at sun.reflect.NativeMethodAccessorImpl.invoke(NativeMethodAccessorImpl.java:62)
	at sun.reflect.DelegatingMethodAccessorImpl.invoke(DelegatingMethodAccessorImpl.java:43)
	at java.lang.reflect.Method.invoke(Method.java:498)
	at org.junit.runners.model.FrameworkMethod$1.runReflectiveCall(FrameworkMethod.java:50)
	at org.junit.internal.runners.model.ReflectiveCallable.run(ReflectiveCallable.java:12)
	at org.junit.runners.model.FrameworkMethod.invokeExplosively(FrameworkMethod.java:47)
	at org.junit.internal.runners.statements.InvokeMethod.evaluate(InvokeMethod.java:17)
	at org.junit.internal.runners.statements.FailOnTimeout$CallableStatement.call(FailOnTimeout.java:298)
	at org.junit.internal.runners.statements.FailOnTimeout$CallableStatement.call(FailOnTimeout.java:292)
	at java.util.concurrent.FutureTask.run(FutureTask.java:266)
	at java.lang.Thread.run(Thread.java:748)
8) test13(org.apache.commons.compress.utils.ChecksumCalculatingInputStream_ESTest)
java.lang.NullPointerException
	at org.apache.commons.compress.utils.ChecksumCalculatingInputStream.read(ChecksumCalculatingInputStream.java:64)
	at org.apache.commons.compress.utils.ChecksumCalculatingInputStream_ESTest.test13(ChecksumCalculatingInputStream_ESTest.java:234)
	at sun.reflect.NativeMethodAccessorImpl.invoke0(Native Method)
	at sun.reflect.NativeMethodAccessorImpl.invoke(NativeMethodAccessorImpl.java:62)
	at sun.reflect.DelegatingMethodAccessorImpl.invoke(DelegatingMethodAccessorImpl.java:43)
	at java.lang.reflect.Method.invoke(Method.java:498)
	at org.junit.runners.model.FrameworkMethod$1.runReflectiveCall(FrameworkMethod.java:50)
	at org.junit.internal.runners.model.ReflectiveCallable.run(ReflectiveCallable.java:12)
	at org.junit.runners.model.FrameworkMethod.invokeExplosively(FrameworkMethod.java:47)
	at org.junit.internal.runners.statements.InvokeMethod.evaluate(InvokeMethod.java:17)
	at org.junit.internal.runners.statements.FailOnTimeout$CallableStatement.call(FailOnTimeout.java:298)
	at org.junit.internal.runners.statements.FailOnTimeout$CallableStatement.call(FailOnTimeout.java:292)
	at java.util.concurrent.FutureTask.run(FutureTask.java:266)
	at java.lang.Thread.run(Thread.java:748)
9) test09(org.apache.commons.compress.utils.ChecksumCalculatingInputStream_ESTest)
org.evosuite.runtime.mock.java.io.MockIOException
	at org.evosuite.runtime.mock.java.io.NativeMockedIO.read(NativeMockedIO.java:53)
	at org.evosuite.runtime.mock.java.io.MockFileInputStream.read(MockFileInputStream.java:110)
	at java.io.FilterInputStream.read(FilterInputStream.java:83)
	at java.io.PushbackInputStream.read(PushbackInputStream.java:139)
	at org.apache.commons.compress.utils.ChecksumCalculatingInputStream.read(ChecksumCalculatingInputStream.java:49)
	at org.apache.commons.compress.utils.ChecksumCalculatingInputStream.skip(ChecksumCalculatingInputStream.java:85)
	at org.apache.commons.compress.utils.ChecksumCalculatingInputStream_ESTest.test09(ChecksumCalculatingInputStream_ESTest.java:156)
	at sun.reflect.NativeMethodAccessorImpl.invoke0(Native Method)
	at sun.reflect.NativeMethodAccessorImpl.invoke(NativeMethodAccessorImpl.java:62)
	at sun.reflect.DelegatingMethodAccessorImpl.invoke(DelegatingMethodAccessorImpl.java:43)
	at java.lang.reflect.Method.invoke(Method.java:498)
	at org.junit.runners.model.FrameworkMethod$1.runReflectiveCall(FrameworkMethod.java:50)
	at org.junit.internal.runners.model.ReflectiveCallable.run(ReflectiveCallable.java:12)
	at org.junit.runners.model.FrameworkMethod.invokeExplosively(FrameworkMethod.java:47)
	at org.junit.internal.runners.statements.InvokeMethod.evaluate(InvokeMethod.java:17)
	at org.junit.internal.runners.statements.FailOnTimeout$CallableStatement.call(FailOnTimeout.java:298)
	at org.junit.internal.runners.statements.FailOnTimeout$CallableStatement.call(FailOnTimeout.java:292)
	at java.util.concurrent.FutureTask.run(FutureTask.java:266)
	at java.lang.Thread.run(Thread.java:748)
10) test08(org.apache.commons.compress.utils.ChecksumCalculatingInputStream_ESTest)
java.lang.NullPointerException
	at org.apache.commons.compress.utils.ChecksumCalculatingInputStream.read(ChecksumCalculatingInputStream.java:49)
	at org.apache.commons.compress.utils.ChecksumCalculatingInputStream.skip(ChecksumCalculatingInputStream.java:85)
	at org.apache.commons.compress.utils.ChecksumCalculatingInputStream_ESTest.test08(ChecksumCalculatingInputStream_ESTest.java:137)
	at sun.reflect.NativeMethodAccessorImpl.invoke0(Native Method)
	at sun.reflect.NativeMethodAccessorImpl.invoke(NativeMethodAccessorImpl.java:62)
	at sun.reflect.DelegatingMethodAccessorImpl.invoke(DelegatingMethodAccessorImpl.java:43)
	at java.lang.reflect.Method.invoke(Method.java:498)
	at org.junit.runners.model.FrameworkMethod$1.runReflectiveCall(FrameworkMethod.java:50)
	at org.junit.internal.runners.model.ReflectiveCallable.run(ReflectiveCallable.java:12)
	at org.junit.runners.model.FrameworkMethod.invokeExplosively(FrameworkMethod.java:47)
	at org.junit.internal.runners.statements.InvokeMethod.evaluate(InvokeMethod.java:17)
	at org.junit.internal.runners.statements.FailOnTimeout$CallableStatement.call(FailOnTimeout.java:298)
	at org.junit.internal.runners.statements.FailOnTimeout$CallableStatement.call(FailOnTimeout.java:292)
	at java.util.concurrent.FutureTask.run(FutureTask.java:266)
	at java.lang.Thread.run(Thread.java:748)
11) test21(org.apache.commons.compress.utils.ChecksumCalculatingInputStream_ESTest)
java.lang.ArrayIndexOutOfBoundsException
	at java.util.zip.Adler32.update(Adler32.java:76)
	at org.apache.commons.compress.utils.ChecksumCalculatingInputStream.read(ChecksumCalculatingInputStream.java:77)
	at org.apache.commons.compress.utils.ChecksumCalculatingInputStream_ESTest.test21(ChecksumCalculatingInputStream_ESTest.java:367)
	at sun.reflect.NativeMethodAccessorImpl.invoke0(Native Method)
	at sun.reflect.NativeMethodAccessorImpl.invoke(NativeMethodAccessorImpl.java:62)
	at sun.reflect.DelegatingMethodAccessorImpl.invoke(DelegatingMethodAccessorImpl.java:43)
	at java.lang.reflect.Method.invoke(Method.java:498)
	at org.junit.runners.model.FrameworkMethod$1.runReflectiveCall(FrameworkMethod.java:50)
	at org.junit.internal.runners.model.ReflectiveCallable.run(ReflectiveCallable.java:12)
	at org.junit.runners.model.FrameworkMethod.invokeExplosively(FrameworkMethod.java:47)
	at org.junit.internal.runners.statements.InvokeMethod.evaluate(InvokeMethod.java:17)
	at org.junit.internal.runners.statements.FailOnTimeout$CallableStatement.call(FailOnTimeout.java:298)
	at org.junit.internal.runners.statements.FailOnTimeout$CallableStatement.call(FailOnTimeout.java:292)
	at java.util.concurrent.FutureTask.run(FutureTask.java:266)
	at java.lang.Thread.run(Thread.java:748)
12) test27(org.apache.commons.compress.utils.ChecksumCalculatingInputStream_ESTest)
java.lang.ArrayIndexOutOfBoundsException: -343
	at java.io.ByteArrayInputStream.read(ByteArrayInputStream.java:144)
	at org.apache.commons.compress.utils.ChecksumCalculatingInputStream.read(ChecksumCalculatingInputStream.java:49)
	at org.apache.commons.compress.utils.ChecksumCalculatingInputStream.skip(ChecksumCalculatingInputStream.java:85)
	at org.apache.commons.compress.utils.ChecksumCalculatingInputStream_ESTest.test27(ChecksumCalculatingInputStream_ESTest.java:461)
	at sun.reflect.NativeMethodAccessorImpl.invoke0(Native Method)
	at sun.reflect.NativeMethodAccessorImpl.invoke(NativeMethodAccessorImpl.java:62)
	at sun.reflect.DelegatingMethodAccessorImpl.invoke(DelegatingMethodAccessorImpl.java:43)
	at java.lang.reflect.Method.invoke(Method.java:498)
	at org.junit.runners.model.FrameworkMethod$1.runReflectiveCall(FrameworkMethod.java:50)
	at org.junit.internal.runners.model.ReflectiveCallable.run(ReflectiveCallable.java:12)
	at org.junit.runners.model.FrameworkMethod.invokeExplosively(FrameworkMethod.java:47)
	at org.junit.internal.runners.statements.InvokeMethod.evaluate(InvokeMethod.java:17)
	at org.junit.internal.runners.statements.FailOnTimeout$CallableStatement.call(FailOnTimeout.java:298)
	at org.junit.internal.runners.statements.FailOnTimeout$CallableStatement.call(FailOnTimeout.java:292)
	at java.util.concurrent.FutureTask.run(FutureTask.java:266)
	at java.lang.Thread.run(Thread.java:748)
13) test26(org.apache.commons.compress.utils.ChecksumCalculatingInputStream_ESTest)
java.lang.ArrayIndexOutOfBoundsException
	at java.lang.System.arraycopy(Native Method)
	at java.io.ByteArrayInputStream.read(ByteArrayInputStream.java:194)
	at org.apache.commons.compress.utils.ChecksumCalculatingInputStream.read(ChecksumCalculatingInputStream.java:75)
	at org.apache.commons.compress.utils.ChecksumCalculatingInputStream.read(ChecksumCalculatingInputStream.java:64)
	at org.apache.commons.compress.utils.ChecksumCalculatingInputStream_ESTest.test26(ChecksumCalculatingInputStream_ESTest.java:442)
	at sun.reflect.NativeMethodAccessorImpl.invoke0(Native Method)
	at sun.reflect.NativeMethodAccessorImpl.invoke(NativeMethodAccessorImpl.java:62)
	at sun.reflect.DelegatingMethodAccessorImpl.invoke(DelegatingMethodAccessorImpl.java:43)
	at java.lang.reflect.Method.invoke(Method.java:498)
	at org.junit.runners.model.FrameworkMethod$1.runReflectiveCall(FrameworkMethod.java:50)
	at org.junit.internal.runners.model.ReflectiveCallable.run(ReflectiveCallable.java:12)
	at org.junit.runners.model.FrameworkMethod.invokeExplosively(FrameworkMethod.java:47)
	at org.junit.internal.runners.statements.InvokeMethod.evaluate(InvokeMethod.java:17)
	at org.junit.internal.runners.statements.FailOnTimeout$CallableStatement.call(FailOnTimeout.java:298)
	at org.junit.internal.runners.statements.FailOnTimeout$CallableStatement.call(FailOnTimeout.java:292)
	at java.util.concurrent.FutureTask.run(FutureTask.java:266)
	at java.lang.Thread.run(Thread.java:748)
14) test25(org.apache.commons.compress.utils.ChecksumCalculatingInputStream_ESTest)
java.lang.NullPointerException
	at org.apache.commons.compress.utils.ChecksumCalculatingInputStream.getValue(ChecksumCalculatingInputStream.java:96)
	at org.apache.commons.compress.utils.ChecksumCalculatingInputStream_ESTest.test25(ChecksumCalculatingInputStream_ESTest.java:423)
	at sun.reflect.NativeMethodAccessorImpl.invoke0(Native Method)
	at sun.reflect.NativeMethodAccessorImpl.invoke(NativeMethodAccessorImpl.java:62)
	at sun.reflect.DelegatingMethodAccessorImpl.invoke(DelegatingMethodAccessorImpl.java:43)
	at java.lang.reflect.Method.invoke(Method.java:498)
	at org.junit.runners.model.FrameworkMethod$1.runReflectiveCall(FrameworkMethod.java:50)
	at org.junit.internal.runners.model.ReflectiveCallable.run(ReflectiveCallable.java:12)
	at org.junit.runners.model.FrameworkMethod.invokeExplosively(FrameworkMethod.java:47)
	at org.junit.internal.runners.statements.InvokeMethod.evaluate(InvokeMethod.java:17)
	at org.junit.internal.runners.statements.FailOnTimeout$CallableStatement.call(FailOnTimeout.java:298)
	at org.junit.internal.runners.statements.FailOnTimeout$CallableStatement.call(FailOnTimeout.java:292)
	at java.util.concurrent.FutureTask.run(FutureTask.java:266)
	at java.lang.Thread.run(Thread.java:748)

FAILURES!!!
Tests run: 28,  Failures: 14

