JUnit version 4.12
....................E.E.....E....E.E.....E.E..E..E.E.E.E.E..E.E..E.....E......E
Time: 1.659
There were 18 failures:
1) test40(org.apache.commons.lang3.RandomStringUtils_ESTest)
org.evosuite.runtime.mock.java.lang.MockIllegalArgumentException: Requested random string length -2250 is less than 0.
	at org.apache.commons.lang3.RandomStringUtils.random(RandomStringUtils.java:228)
	at org.apache.commons.lang3.RandomStringUtils_ESTest.test40(RandomStringUtils_ESTest.java:463)
	at sun.reflect.NativeMethodAccessorImpl.invoke0(Native Method)
	at sun.reflect.NativeMethodAccessorImpl.invoke(NativeMethodAccessorImpl.java:62)
	at sun.reflect.DelegatingMethodAccessorImpl.invoke(DelegatingMethodAccessorImpl.java:43)
	at java.lang.reflect.Method.invoke(Method.java:498)
	at org.junit.runners.model.FrameworkMethod$1.runReflectiveCall(FrameworkMethod.java:50)
	at org.junit.internal.runners.model.ReflectiveCallable.run(ReflectiveCallable.java:12)
	at org.junit.runners.model.FrameworkMethod.invokeExplosively(FrameworkMethod.java:47)
	at org.junit.internal.runners.statements.InvokeMethod.evaluate(InvokeMethod.java:17)
	at org.junit.internal.runners.statements.FailOnTimeout$CallableStatement.call(FailOnTimeout.java:298)
	at org.junit.internal.runners.statements.FailOnTimeout$CallableStatement.call(FailOnTimeout.java:292)
	at java.util.concurrent.FutureTask.run(FutureTask.java:266)
	at java.lang.Thread.run(Thread.java:748)
2) test14(org.apache.commons.lang3.RandomStringUtils_ESTest)
org.evosuite.runtime.mock.java.lang.MockIllegalArgumentException: Requested random string length -1236 is less than 0.
	at org.apache.commons.lang3.RandomStringUtils.random(RandomStringUtils.java:228)
	at org.apache.commons.lang3.RandomStringUtils.random(RandomStringUtils.java:163)
	at org.apache.commons.lang3.RandomStringUtils.random(RandomStringUtils.java:143)
	at org.apache.commons.lang3.RandomStringUtils.randomAlphanumeric(RandomStringUtils.java:111)
	at org.apache.commons.lang3.RandomStringUtils_ESTest.test14(RandomStringUtils_ESTest.java:137)
	at sun.reflect.NativeMethodAccessorImpl.invoke0(Native Method)
	at sun.reflect.NativeMethodAccessorImpl.invoke(NativeMethodAccessorImpl.java:62)
	at sun.reflect.DelegatingMethodAccessorImpl.invoke(DelegatingMethodAccessorImpl.java:43)
	at java.lang.reflect.Method.invoke(Method.java:498)
	at org.junit.runners.model.FrameworkMethod$1.runReflectiveCall(FrameworkMethod.java:50)
	at org.junit.internal.runners.model.ReflectiveCallable.run(ReflectiveCallable.java:12)
	at org.junit.runners.model.FrameworkMethod.invokeExplosively(FrameworkMethod.java:47)
	at org.junit.internal.runners.statements.InvokeMethod.evaluate(InvokeMethod.java:17)
	at org.junit.internal.runners.statements.FailOnTimeout$CallableStatement.call(FailOnTimeout.java:298)
	at org.junit.internal.runners.statements.FailOnTimeout$CallableStatement.call(FailOnTimeout.java:292)
	at java.util.concurrent.FutureTask.run(FutureTask.java:266)
	at java.lang.Thread.run(Thread.java:748)
3) test15(org.apache.commons.lang3.RandomStringUtils_ESTest)
org.evosuite.runtime.mock.java.lang.MockIllegalArgumentException: Requested random string length -203 is less than 0.
	at org.apache.commons.lang3.RandomStringUtils.random(RandomStringUtils.java:228)
	at org.apache.commons.lang3.RandomStringUtils.random(RandomStringUtils.java:163)
	at org.apache.commons.lang3.RandomStringUtils.random(RandomStringUtils.java:143)
	at org.apache.commons.lang3.RandomStringUtils.randomAlphabetic(RandomStringUtils.java:97)
	at org.apache.commons.lang3.RandomStringUtils_ESTest.test15(RandomStringUtils_ESTest.java:152)
	at sun.reflect.NativeMethodAccessorImpl.invoke0(Native Method)
	at sun.reflect.NativeMethodAccessorImpl.invoke(NativeMethodAccessorImpl.java:62)
	at sun.reflect.DelegatingMethodAccessorImpl.invoke(DelegatingMethodAccessorImpl.java:43)
	at java.lang.reflect.Method.invoke(Method.java:498)
	at org.junit.runners.model.FrameworkMethod$1.runReflectiveCall(FrameworkMethod.java:50)
	at org.junit.internal.runners.model.ReflectiveCallable.run(ReflectiveCallable.java:12)
	at org.junit.runners.model.FrameworkMethod.invokeExplosively(FrameworkMethod.java:47)
	at org.junit.internal.runners.statements.InvokeMethod.evaluate(InvokeMethod.java:17)
	at org.junit.internal.runners.statements.FailOnTimeout$CallableStatement.call(FailOnTimeout.java:298)
	at org.junit.internal.runners.statements.FailOnTimeout$CallableStatement.call(FailOnTimeout.java:292)
	at java.util.concurrent.FutureTask.run(FutureTask.java:266)
	at java.lang.Thread.run(Thread.java:748)
4) test53(org.apache.commons.lang3.RandomStringUtils_ESTest)
org.evosuite.runtime.mock.java.lang.MockIllegalArgumentException: Requested random string length -900 is less than 0.
	at org.apache.commons.lang3.RandomStringUtils.random(RandomStringUtils.java:228)
	at org.apache.commons.lang3.RandomStringUtils.random(RandomStringUtils.java:163)
	at org.apache.commons.lang3.RandomStringUtils.random(RandomStringUtils.java:143)
	at org.apache.commons.lang3.RandomStringUtils.randomNumeric(RandomStringUtils.java:125)
	at org.apache.commons.lang3.RandomStringUtils_ESTest.test53(RandomStringUtils_ESTest.java:573)
	at sun.reflect.NativeMethodAccessorImpl.invoke0(Native Method)
	at sun.reflect.NativeMethodAccessorImpl.invoke(NativeMethodAccessorImpl.java:62)
	at sun.reflect.DelegatingMethodAccessorImpl.invoke(DelegatingMethodAccessorImpl.java:43)
	at java.lang.reflect.Method.invoke(Method.java:498)
	at org.junit.runners.model.FrameworkMethod$1.runReflectiveCall(FrameworkMethod.java:50)
	at org.junit.internal.runners.model.ReflectiveCallable.run(ReflectiveCallable.java:12)
	at org.junit.runners.model.FrameworkMethod.invokeExplosively(FrameworkMethod.java:47)
	at org.junit.internal.runners.statements.InvokeMethod.evaluate(InvokeMethod.java:17)
	at org.junit.internal.runners.statements.FailOnTimeout$CallableStatement.call(FailOnTimeout.java:298)
	at org.junit.internal.runners.statements.FailOnTimeout$CallableStatement.call(FailOnTimeout.java:292)
	at java.util.concurrent.FutureTask.run(FutureTask.java:266)
	at java.lang.Thread.run(Thread.java:748)
5) test12(org.apache.commons.lang3.RandomStringUtils_ESTest)
org.evosuite.runtime.mock.java.lang.MockIllegalArgumentException: Requested random string length -1811 is less than 0.
	at org.apache.commons.lang3.RandomStringUtils.random(RandomStringUtils.java:228)
	at org.apache.commons.lang3.RandomStringUtils.random(RandomStringUtils.java:163)
	at org.apache.commons.lang3.RandomStringUtils.randomAscii(RandomStringUtils.java:83)
	at org.apache.commons.lang3.RandomStringUtils_ESTest.test12(RandomStringUtils_ESTest.java:116)
	at sun.reflect.NativeMethodAccessorImpl.invoke0(Native Method)
	at sun.reflect.NativeMethodAccessorImpl.invoke(NativeMethodAccessorImpl.java:62)
	at sun.reflect.DelegatingMethodAccessorImpl.invoke(DelegatingMethodAccessorImpl.java:43)
	at java.lang.reflect.Method.invoke(Method.java:498)
	at org.junit.runners.model.FrameworkMethod$1.runReflectiveCall(FrameworkMethod.java:50)
	at org.junit.internal.runners.model.ReflectiveCallable.run(ReflectiveCallable.java:12)
	at org.junit.runners.model.FrameworkMethod.invokeExplosively(FrameworkMethod.java:47)
	at org.junit.internal.runners.statements.InvokeMethod.evaluate(InvokeMethod.java:17)
	at org.junit.internal.runners.statements.FailOnTimeout$CallableStatement.call(FailOnTimeout.java:298)
	at org.junit.internal.runners.statements.FailOnTimeout$CallableStatement.call(FailOnTimeout.java:292)
	at java.util.concurrent.FutureTask.run(FutureTask.java:266)
	at java.lang.Thread.run(Thread.java:748)
6) test17(org.apache.commons.lang3.RandomStringUtils_ESTest)
org.evosuite.runtime.mock.java.lang.MockIllegalArgumentException: Requested random string length -3383 is less than 0.
	at org.apache.commons.lang3.RandomStringUtils.random(RandomStringUtils.java:228)
	at org.apache.commons.lang3.RandomStringUtils.random(RandomStringUtils.java:328)
	at org.apache.commons.lang3.RandomStringUtils_ESTest.test17(RandomStringUtils_ESTest.java:175)
	at sun.reflect.NativeMethodAccessorImpl.invoke0(Native Method)
	at sun.reflect.NativeMethodAccessorImpl.invoke(NativeMethodAccessorImpl.java:62)
	at sun.reflect.DelegatingMethodAccessorImpl.invoke(DelegatingMethodAccessorImpl.java:43)
	at java.lang.reflect.Method.invoke(Method.java:498)
	at org.junit.runners.model.FrameworkMethod$1.runReflectiveCall(FrameworkMethod.java:50)
	at org.junit.internal.runners.model.ReflectiveCallable.run(ReflectiveCallable.java:12)
	at org.junit.runners.model.FrameworkMethod.invokeExplosively(FrameworkMethod.java:47)
	at org.junit.internal.runners.statements.InvokeMethod.evaluate(InvokeMethod.java:17)
	at org.junit.internal.runners.statements.FailOnTimeout$CallableStatement.call(FailOnTimeout.java:298)
	at org.junit.internal.runners.statements.FailOnTimeout$CallableStatement.call(FailOnTimeout.java:292)
	at java.util.concurrent.FutureTask.run(FutureTask.java:266)
	at java.lang.Thread.run(Thread.java:748)
7) test19(org.apache.commons.lang3.RandomStringUtils_ESTest)
org.evosuite.runtime.mock.java.lang.MockIllegalArgumentException: Requested random string length -1419 is less than 0.
	at org.apache.commons.lang3.RandomStringUtils.random(RandomStringUtils.java:228)
	at org.apache.commons.lang3.RandomStringUtils.random(RandomStringUtils.java:163)
	at org.apache.commons.lang3.RandomStringUtils.random(RandomStringUtils.java:143)
	at org.apache.commons.lang3.RandomStringUtils_ESTest.test19(RandomStringUtils_ESTest.java:196)
	at sun.reflect.NativeMethodAccessorImpl.invoke0(Native Method)
	at sun.reflect.NativeMethodAccessorImpl.invoke(NativeMethodAccessorImpl.java:62)
	at sun.reflect.DelegatingMethodAccessorImpl.invoke(DelegatingMethodAccessorImpl.java:43)
	at java.lang.reflect.Method.invoke(Method.java:498)
	at org.junit.runners.model.FrameworkMethod$1.runReflectiveCall(FrameworkMethod.java:50)
	at org.junit.internal.runners.model.ReflectiveCallable.run(ReflectiveCallable.java:12)
	at org.junit.runners.model.FrameworkMethod.invokeExplosively(FrameworkMethod.java:47)
	at org.junit.internal.runners.statements.InvokeMethod.evaluate(InvokeMethod.java:17)
	at org.junit.internal.runners.statements.FailOnTimeout$CallableStatement.call(FailOnTimeout.java:298)
	at org.junit.internal.runners.statements.FailOnTimeout$CallableStatement.call(FailOnTimeout.java:292)
	at java.util.concurrent.FutureTask.run(FutureTask.java:266)
	at java.lang.Thread.run(Thread.java:748)
8) test52(org.apache.commons.lang3.RandomStringUtils_ESTest)
org.evosuite.runtime.mock.java.lang.MockIllegalArgumentException: The chars array must not be empty
	at org.apache.commons.lang3.RandomStringUtils.random(RandomStringUtils.java:231)
	at org.apache.commons.lang3.RandomStringUtils_ESTest.test52(RandomStringUtils_ESTest.java:558)
	at sun.reflect.NativeMethodAccessorImpl.invoke0(Native Method)
	at sun.reflect.NativeMethodAccessorImpl.invoke(NativeMethodAccessorImpl.java:62)
	at sun.reflect.DelegatingMethodAccessorImpl.invoke(DelegatingMethodAccessorImpl.java:43)
	at java.lang.reflect.Method.invoke(Method.java:498)
	at org.junit.runners.model.FrameworkMethod$1.runReflectiveCall(FrameworkMethod.java:50)
	at org.junit.internal.runners.model.ReflectiveCallable.run(ReflectiveCallable.java:12)
	at org.junit.runners.model.FrameworkMethod.invokeExplosively(FrameworkMethod.java:47)
	at org.junit.internal.runners.statements.InvokeMethod.evaluate(InvokeMethod.java:17)
	at org.junit.internal.runners.statements.FailOnTimeout$CallableStatement.call(FailOnTimeout.java:298)
	at org.junit.internal.runners.statements.FailOnTimeout$CallableStatement.call(FailOnTimeout.java:292)
	at java.util.concurrent.FutureTask.run(FutureTask.java:266)
	at java.lang.Thread.run(Thread.java:748)
9) test25(org.apache.commons.lang3.RandomStringUtils_ESTest)
java.lang.ArrayIndexOutOfBoundsException: -312
	at org.apache.commons.lang3.RandomStringUtils.random(RandomStringUtils.java:255)
	at org.apache.commons.lang3.RandomStringUtils.random(RandomStringUtils.java:187)
	at org.apache.commons.lang3.RandomStringUtils_ESTest.test25(RandomStringUtils_ESTest.java:285)
	at sun.reflect.NativeMethodAccessorImpl.invoke0(Native Method)
	at sun.reflect.NativeMethodAccessorImpl.invoke(NativeMethodAccessorImpl.java:62)
	at sun.reflect.DelegatingMethodAccessorImpl.invoke(DelegatingMethodAccessorImpl.java:43)
	at java.lang.reflect.Method.invoke(Method.java:498)
	at org.junit.runners.model.FrameworkMethod$1.runReflectiveCall(FrameworkMethod.java:50)
	at org.junit.internal.runners.model.ReflectiveCallable.run(ReflectiveCallable.java:12)
	at org.junit.runners.model.FrameworkMethod.invokeExplosively(FrameworkMethod.java:47)
	at org.junit.internal.runners.statements.InvokeMethod.evaluate(InvokeMethod.java:17)
	at org.junit.internal.runners.statements.FailOnTimeout$CallableStatement.call(FailOnTimeout.java:298)
	at org.junit.internal.runners.statements.FailOnTimeout$CallableStatement.call(FailOnTimeout.java:292)
	at java.util.concurrent.FutureTask.run(FutureTask.java:266)
	at java.lang.Thread.run(Thread.java:748)
10) test24(org.apache.commons.lang3.RandomStringUtils_ESTest)
org.evosuite.runtime.mock.java.lang.MockIllegalArgumentException: Requested random string length -1857 is less than 0.
	at org.apache.commons.lang3.RandomStringUtils.random(RandomStringUtils.java:228)
	at org.apache.commons.lang3.RandomStringUtils.random(RandomStringUtils.java:187)
	at org.apache.commons.lang3.RandomStringUtils_ESTest.test24(RandomStringUtils_ESTest.java:269)
	at sun.reflect.NativeMethodAccessorImpl.invoke0(Native Method)
	at sun.reflect.NativeMethodAccessorImpl.invoke(NativeMethodAccessorImpl.java:62)
	at sun.reflect.DelegatingMethodAccessorImpl.invoke(DelegatingMethodAccessorImpl.java:43)
	at java.lang.reflect.Method.invoke(Method.java:498)
	at org.junit.runners.model.FrameworkMethod$1.runReflectiveCall(FrameworkMethod.java:50)
	at org.junit.internal.runners.model.ReflectiveCallable.run(ReflectiveCallable.java:12)
	at org.junit.runners.model.FrameworkMethod.invokeExplosively(FrameworkMethod.java:47)
	at org.junit.internal.runners.statements.InvokeMethod.evaluate(InvokeMethod.java:17)
	at org.junit.internal.runners.statements.FailOnTimeout$CallableStatement.call(FailOnTimeout.java:298)
	at org.junit.internal.runners.statements.FailOnTimeout$CallableStatement.call(FailOnTimeout.java:292)
	at java.util.concurrent.FutureTask.run(FutureTask.java:266)
	at java.lang.Thread.run(Thread.java:748)
11) test27(org.apache.commons.lang3.RandomStringUtils_ESTest)
org.evosuite.runtime.mock.java.lang.MockIllegalArgumentException: Requested random string length -1 is less than 0.
	at org.apache.commons.lang3.RandomStringUtils.random(RandomStringUtils.java:228)
	at org.apache.commons.lang3.RandomStringUtils.random(RandomStringUtils.java:163)
	at org.apache.commons.lang3.RandomStringUtils_ESTest.test27(RandomStringUtils_ESTest.java:314)
	at sun.reflect.NativeMethodAccessorImpl.invoke0(Native Method)
	at sun.reflect.NativeMethodAccessorImpl.invoke(NativeMethodAccessorImpl.java:62)
	at sun.reflect.DelegatingMethodAccessorImpl.invoke(DelegatingMethodAccessorImpl.java:43)
	at java.lang.reflect.Method.invoke(Method.java:498)
	at org.junit.runners.model.FrameworkMethod$1.runReflectiveCall(FrameworkMethod.java:50)
	at org.junit.internal.runners.model.ReflectiveCallable.run(ReflectiveCallable.java:12)
	at org.junit.runners.model.FrameworkMethod.invokeExplosively(FrameworkMethod.java:47)
	at org.junit.internal.runners.statements.InvokeMethod.evaluate(InvokeMethod.java:17)
	at org.junit.internal.runners.statements.FailOnTimeout$CallableStatement.call(FailOnTimeout.java:298)
	at org.junit.internal.runners.statements.FailOnTimeout$CallableStatement.call(FailOnTimeout.java:292)
	at java.util.concurrent.FutureTask.run(FutureTask.java:266)
	at java.lang.Thread.run(Thread.java:748)
12) test26(org.apache.commons.lang3.RandomStringUtils_ESTest)
java.lang.ArithmeticException: / by zero
	at org.evosuite.runtime.Random.nextInt(Random.java:61)
	at org.evosuite.runtime.mock.java.util.MockRandom.nextInt(MockRandom.java:55)
	at org.apache.commons.lang3.RandomStringUtils.random(RandomStringUtils.java:255)
	at org.apache.commons.lang3.RandomStringUtils.random(RandomStringUtils.java:187)
	at org.apache.commons.lang3.RandomStringUtils_ESTest.test26(RandomStringUtils_ESTest.java:300)
	at sun.reflect.NativeMethodAccessorImpl.invoke0(Native Method)
	at sun.reflect.NativeMethodAccessorImpl.invoke(NativeMethodAccessorImpl.java:62)
	at sun.reflect.DelegatingMethodAccessorImpl.invoke(DelegatingMethodAccessorImpl.java:43)
	at java.lang.reflect.Method.invoke(Method.java:498)
	at org.junit.runners.model.FrameworkMethod$1.runReflectiveCall(FrameworkMethod.java:50)
	at org.junit.internal.runners.model.ReflectiveCallable.run(ReflectiveCallable.java:12)
	at org.junit.runners.model.FrameworkMethod.invokeExplosively(FrameworkMethod.java:47)
	at org.junit.internal.runners.statements.InvokeMethod.evaluate(InvokeMethod.java:17)
	at org.junit.internal.runners.statements.FailOnTimeout$CallableStatement.call(FailOnTimeout.java:298)
	at org.junit.internal.runners.statements.FailOnTimeout$CallableStatement.call(FailOnTimeout.java:292)
	at java.util.concurrent.FutureTask.run(FutureTask.java:266)
	at java.lang.Thread.run(Thread.java:748)
13) test21(org.apache.commons.lang3.RandomStringUtils_ESTest)
org.evosuite.runtime.mock.java.lang.MockIllegalArgumentException: Requested random string length -101 is less than 0.
	at org.apache.commons.lang3.RandomStringUtils.random(RandomStringUtils.java:228)
	at org.apache.commons.lang3.RandomStringUtils.random(RandomStringUtils.java:328)
	at org.apache.commons.lang3.RandomStringUtils.random(RandomStringUtils.java:309)
	at org.apache.commons.lang3.RandomStringUtils_ESTest.test21(RandomStringUtils_ESTest.java:217)
	at sun.reflect.NativeMethodAccessorImpl.invoke0(Native Method)
	at sun.reflect.NativeMethodAccessorImpl.invoke(NativeMethodAccessorImpl.java:62)
	at sun.reflect.DelegatingMethodAccessorImpl.invoke(DelegatingMethodAccessorImpl.java:43)
	at java.lang.reflect.Method.invoke(Method.java:498)
	at org.junit.runners.model.FrameworkMethod$1.runReflectiveCall(FrameworkMethod.java:50)
	at org.junit.internal.runners.model.ReflectiveCallable.run(ReflectiveCallable.java:12)
	at org.junit.runners.model.FrameworkMethod.invokeExplosively(FrameworkMethod.java:47)
	at org.junit.internal.runners.statements.InvokeMethod.evaluate(InvokeMethod.java:17)
	at org.junit.internal.runners.statements.FailOnTimeout$CallableStatement.call(FailOnTimeout.java:298)
	at org.junit.internal.runners.statements.FailOnTimeout$CallableStatement.call(FailOnTimeout.java:292)
	at java.util.concurrent.FutureTask.run(FutureTask.java:266)
	at java.lang.Thread.run(Thread.java:748)
14) test23(org.apache.commons.lang3.RandomStringUtils_ESTest)
java.lang.ArithmeticException: / by zero
	at org.evosuite.runtime.Random.nextInt(Random.java:61)
	at org.evosuite.runtime.mock.java.util.MockRandom.nextInt(MockRandom.java:55)
	at org.apache.commons.lang3.RandomStringUtils.random(RandomStringUtils.java:255)
	at org.apache.commons.lang3.RandomStringUtils_ESTest.test23(RandomStringUtils_ESTest.java:254)
	at sun.reflect.NativeMethodAccessorImpl.invoke0(Native Method)
	at sun.reflect.NativeMethodAccessorImpl.invoke(NativeMethodAccessorImpl.java:62)
	at sun.reflect.DelegatingMethodAccessorImpl.invoke(DelegatingMethodAccessorImpl.java:43)
	at java.lang.reflect.Method.invoke(Method.java:498)
	at org.junit.runners.model.FrameworkMethod$1.runReflectiveCall(FrameworkMethod.java:50)
	at org.junit.internal.runners.model.ReflectiveCallable.run(ReflectiveCallable.java:12)
	at org.junit.runners.model.FrameworkMethod.invokeExplosively(FrameworkMethod.java:47)
	at org.junit.internal.runners.statements.InvokeMethod.evaluate(InvokeMethod.java:17)
	at org.junit.internal.runners.statements.FailOnTimeout$CallableStatement.call(FailOnTimeout.java:298)
	at org.junit.internal.runners.statements.FailOnTimeout$CallableStatement.call(FailOnTimeout.java:292)
	at java.util.concurrent.FutureTask.run(FutureTask.java:266)
	at java.lang.Thread.run(Thread.java:748)
15) test22(org.apache.commons.lang3.RandomStringUtils_ESTest)
java.lang.ArrayIndexOutOfBoundsException: 32
	at org.apache.commons.lang3.RandomStringUtils.random(RandomStringUtils.java:255)
	at org.apache.commons.lang3.RandomStringUtils_ESTest.test22(RandomStringUtils_ESTest.java:236)
	at sun.reflect.NativeMethodAccessorImpl.invoke0(Native Method)
	at sun.reflect.NativeMethodAccessorImpl.invoke(NativeMethodAccessorImpl.java:62)
	at sun.reflect.DelegatingMethodAccessorImpl.invoke(DelegatingMethodAccessorImpl.java:43)
	at java.lang.reflect.Method.invoke(Method.java:498)
	at org.junit.runners.model.FrameworkMethod$1.runReflectiveCall(FrameworkMethod.java:50)
	at org.junit.internal.runners.model.ReflectiveCallable.run(ReflectiveCallable.java:12)
	at org.junit.runners.model.FrameworkMethod.invokeExplosively(FrameworkMethod.java:47)
	at org.junit.internal.runners.statements.InvokeMethod.evaluate(InvokeMethod.java:17)
	at org.junit.internal.runners.statements.FailOnTimeout$CallableStatement.call(FailOnTimeout.java:298)
	at org.junit.internal.runners.statements.FailOnTimeout$CallableStatement.call(FailOnTimeout.java:292)
	at java.util.concurrent.FutureTask.run(FutureTask.java:266)
	at java.lang.Thread.run(Thread.java:748)
16) test28(org.apache.commons.lang3.RandomStringUtils_ESTest)
java.lang.ArithmeticException: / by zero
	at org.evosuite.runtime.Random.nextInt(Random.java:61)
	at org.evosuite.runtime.mock.java.util.MockRandom.nextInt(MockRandom.java:55)
	at org.apache.commons.lang3.RandomStringUtils.random(RandomStringUtils.java:253)
	at org.apache.commons.lang3.RandomStringUtils.random(RandomStringUtils.java:163)
	at org.apache.commons.lang3.RandomStringUtils_ESTest.test28(RandomStringUtils_ESTest.java:329)
	at sun.reflect.NativeMethodAccessorImpl.invoke0(Native Method)
	at sun.reflect.NativeMethodAccessorImpl.invoke(NativeMethodAccessorImpl.java:62)
	at sun.reflect.DelegatingMethodAccessorImpl.invoke(DelegatingMethodAccessorImpl.java:43)
	at java.lang.reflect.Method.invoke(Method.java:498)
	at org.junit.runners.model.FrameworkMethod$1.runReflectiveCall(FrameworkMethod.java:50)
	at org.junit.internal.runners.model.ReflectiveCallable.run(ReflectiveCallable.java:12)
	at org.junit.runners.model.FrameworkMethod.invokeExplosively(FrameworkMethod.java:47)
	at org.junit.internal.runners.statements.InvokeMethod.evaluate(InvokeMethod.java:17)
	at org.junit.internal.runners.statements.FailOnTimeout$CallableStatement.call(FailOnTimeout.java:298)
	at org.junit.internal.runners.statements.FailOnTimeout$CallableStatement.call(FailOnTimeout.java:292)
	at java.util.concurrent.FutureTask.run(FutureTask.java:266)
	at java.lang.Thread.run(Thread.java:748)
17) test37(org.apache.commons.lang3.RandomStringUtils_ESTest)
java.lang.NullPointerException
	at org.apache.commons.lang3.RandomStringUtils.random(RandomStringUtils.java:255)
	at org.apache.commons.lang3.RandomStringUtils_ESTest.test37(RandomStringUtils_ESTest.java:426)
	at sun.reflect.NativeMethodAccessorImpl.invoke0(Native Method)
	at sun.reflect.NativeMethodAccessorImpl.invoke(NativeMethodAccessorImpl.java:62)
	at sun.reflect.DelegatingMethodAccessorImpl.invoke(DelegatingMethodAccessorImpl.java:43)
	at java.lang.reflect.Method.invoke(Method.java:498)
	at org.junit.runners.model.FrameworkMethod$1.runReflectiveCall(FrameworkMethod.java:50)
	at org.junit.internal.runners.model.ReflectiveCallable.run(ReflectiveCallable.java:12)
	at org.junit.runners.model.FrameworkMethod.invokeExplosively(FrameworkMethod.java:47)
	at org.junit.internal.runners.statements.InvokeMethod.evaluate(InvokeMethod.java:17)
	at org.junit.internal.runners.statements.FailOnTimeout$CallableStatement.call(FailOnTimeout.java:298)
	at org.junit.internal.runners.statements.FailOnTimeout$CallableStatement.call(FailOnTimeout.java:292)
	at java.util.concurrent.FutureTask.run(FutureTask.java:266)
	at java.lang.Thread.run(Thread.java:748)
18) test30(org.apache.commons.lang3.RandomStringUtils_ESTest)
org.evosuite.runtime.mock.java.lang.MockIllegalArgumentException: Requested random string length -951 is less than 0.
	at org.apache.commons.lang3.RandomStringUtils.random(RandomStringUtils.java:228)
	at org.apache.commons.lang3.RandomStringUtils.random(RandomStringUtils.java:163)
	at org.apache.commons.lang3.RandomStringUtils.random(RandomStringUtils.java:143)
	at org.apache.commons.lang3.RandomStringUtils.random(RandomStringUtils.java:69)
	at org.apache.commons.lang3.RandomStringUtils_ESTest.test30(RandomStringUtils_ESTest.java:349)
	at sun.reflect.NativeMethodAccessorImpl.invoke0(Native Method)
	at sun.reflect.NativeMethodAccessorImpl.invoke(NativeMethodAccessorImpl.java:62)
	at sun.reflect.DelegatingMethodAccessorImpl.invoke(DelegatingMethodAccessorImpl.java:43)
	at java.lang.reflect.Method.invoke(Method.java:498)
	at org.junit.runners.model.FrameworkMethod$1.runReflectiveCall(FrameworkMethod.java:50)
	at org.junit.internal.runners.model.ReflectiveCallable.run(ReflectiveCallable.java:12)
	at org.junit.runners.model.FrameworkMethod.invokeExplosively(FrameworkMethod.java:47)
	at org.junit.internal.runners.statements.InvokeMethod.evaluate(InvokeMethod.java:17)
	at org.junit.internal.runners.statements.FailOnTimeout$CallableStatement.call(FailOnTimeout.java:298)
	at org.junit.internal.runners.statements.FailOnTimeout$CallableStatement.call(FailOnTimeout.java:292)
	at java.util.concurrent.FutureTask.run(FutureTask.java:266)
	at java.lang.Thread.run(Thread.java:748)

FAILURES!!!
Tests run: 61,  Failures: 18

