JUnit version 4.12
......E......E...E.............E.....E.................................................................E......................E...E......E......E..E..E..E..E..E...E..E.E..E..E.E..........E.......E..E..E.E.....................................E...E....E..E..E...E...........E..........E......E..........E..............................................................................
Time: 21.832
There were 36 failures:
1) test267(org.apache.commons.csv.CSVFormat_ESTest)
org.evosuite.runtime.mock.java.lang.MockIllegalArgumentException: The header contains a duplicate entry: 'null' in [null, null, null, null, null, null, null, null, null, null, null, null, null, null, null, null, null, null, null, null, null, null, null, null, null, null, null, null, null, null, null, null, null, null, null, null, null, null, null, null, null, null, null, null, null, null, null, null, null, null, null, null, null, null, null, null, null, null, null, null, null, null, null, null, null, null, null, null, null, null, null, null, null, null, null, null, null, null, null, null, null, null, null, null, null, null, null, null, null, null, null, null, null, null, null, null, null, null, null, null, null, null, null, null, null, null, null, null, null, null, null, null, null, null, null, null]
	at org.apache.commons.csv.CSVFormat.validate(CSVFormat.java:1418)
	at org.apache.commons.csv.CSVFormat.<init>(CSVFormat.java:651)
	at org.apache.commons.csv.CSVFormat.withHeader(CSVFormat.java:1684)
	at org.apache.commons.csv.CSVFormat.withHeader(CSVFormat.java:1657)
	at org.apache.commons.csv.CSVFormat_ESTest.test267(CSVFormat_ESTest.java:3131)
	at sun.reflect.NativeMethodAccessorImpl.invoke0(Native Method)
	at sun.reflect.NativeMethodAccessorImpl.invoke(NativeMethodAccessorImpl.java:62)
	at sun.reflect.DelegatingMethodAccessorImpl.invoke(DelegatingMethodAccessorImpl.java:43)
	at java.lang.reflect.Method.invoke(Method.java:498)
	at org.junit.runners.model.FrameworkMethod$1.runReflectiveCall(FrameworkMethod.java:50)
	at org.junit.internal.runners.model.ReflectiveCallable.run(ReflectiveCallable.java:12)
	at org.junit.runners.model.FrameworkMethod.invokeExplosively(FrameworkMethod.java:47)
	at org.junit.internal.runners.statements.InvokeMethod.evaluate(InvokeMethod.java:17)
	at org.junit.internal.runners.statements.FailOnTimeout$CallableStatement.call(FailOnTimeout.java:298)
	at org.junit.internal.runners.statements.FailOnTimeout$CallableStatement.call(FailOnTimeout.java:292)
	at java.util.concurrent.FutureTask.run(FutureTask.java:266)
	at java.lang.Thread.run(Thread.java:748)
2) test269(org.apache.commons.csv.CSVFormat_ESTest)
org.evosuite.runtime.mock.java.lang.MockIllegalArgumentException: The comment start and the escape character cannot be the same ('7')
	at org.apache.commons.csv.CSVFormat.validate(CSVFormat.java:1405)
	at org.apache.commons.csv.CSVFormat.<init>(CSVFormat.java:651)
	at org.apache.commons.csv.CSVFormat.withEscape(CSVFormat.java:1529)
	at org.apache.commons.csv.CSVFormat.withEscape(CSVFormat.java:1513)
	at org.apache.commons.csv.CSVFormat_ESTest.test269(CSVFormat_ESTest.java:3166)
	at sun.reflect.NativeMethodAccessorImpl.invoke0(Native Method)
	at sun.reflect.NativeMethodAccessorImpl.invoke(NativeMethodAccessorImpl.java:62)
	at sun.reflect.DelegatingMethodAccessorImpl.invoke(DelegatingMethodAccessorImpl.java:43)
	at java.lang.reflect.Method.invoke(Method.java:498)
	at org.junit.runners.model.FrameworkMethod$1.runReflectiveCall(FrameworkMethod.java:50)
	at org.junit.internal.runners.model.ReflectiveCallable.run(ReflectiveCallable.java:12)
	at org.junit.runners.model.FrameworkMethod.invokeExplosively(FrameworkMethod.java:47)
	at org.junit.internal.runners.statements.InvokeMethod.evaluate(InvokeMethod.java:17)
	at org.junit.internal.runners.statements.FailOnTimeout$CallableStatement.call(FailOnTimeout.java:298)
	at org.junit.internal.runners.statements.FailOnTimeout$CallableStatement.call(FailOnTimeout.java:292)
	at java.util.concurrent.FutureTask.run(FutureTask.java:266)
	at java.lang.Thread.run(Thread.java:748)
3) test268(org.apache.commons.csv.CSVFormat_ESTest)
org.evosuite.runtime.mock.java.lang.MockIllegalArgumentException: No quotes mode set but no escape character is set
	at org.apache.commons.csv.CSVFormat.validate(CSVFormat.java:1410)
	at org.apache.commons.csv.CSVFormat.<init>(CSVFormat.java:651)
	at org.apache.commons.csv.CSVFormat.withQuoteMode(CSVFormat.java:1845)
	at org.apache.commons.csv.CSVFormat_ESTest.test268(CSVFormat_ESTest.java:3148)
	at sun.reflect.NativeMethodAccessorImpl.invoke0(Native Method)
	at sun.reflect.NativeMethodAccessorImpl.invoke(NativeMethodAccessorImpl.java:62)
	at sun.reflect.DelegatingMethodAccessorImpl.invoke(DelegatingMethodAccessorImpl.java:43)
	at java.lang.reflect.Method.invoke(Method.java:498)
	at org.junit.runners.model.FrameworkMethod$1.runReflectiveCall(FrameworkMethod.java:50)
	at org.junit.internal.runners.model.ReflectiveCallable.run(ReflectiveCallable.java:12)
	at org.junit.runners.model.FrameworkMethod.invokeExplosively(FrameworkMethod.java:47)
	at org.junit.internal.runners.statements.InvokeMethod.evaluate(InvokeMethod.java:17)
	at org.junit.internal.runners.statements.FailOnTimeout$CallableStatement.call(FailOnTimeout.java:298)
	at org.junit.internal.runners.statements.FailOnTimeout$CallableStatement.call(FailOnTimeout.java:292)
	at java.util.concurrent.FutureTask.run(FutureTask.java:266)
	at java.lang.Thread.run(Thread.java:748)
4) test270(org.apache.commons.csv.CSVFormat_ESTest)
org.evosuite.runtime.mock.java.lang.MockIllegalArgumentException: The comment start character and the quoteChar cannot be the same ('Y')
	at org.apache.commons.csv.CSVFormat.validate(CSVFormat.java:1400)
	at org.apache.commons.csv.CSVFormat.<init>(CSVFormat.java:651)
	at org.apache.commons.csv.CSVFormat.withQuote(CSVFormat.java:1831)
	at org.apache.commons.csv.CSVFormat.withQuote(CSVFormat.java:1815)
	at org.apache.commons.csv.CSVFormat_ESTest.test270(CSVFormat_ESTest.java:3184)
	at sun.reflect.NativeMethodAccessorImpl.invoke0(Native Method)
	at sun.reflect.NativeMethodAccessorImpl.invoke(NativeMethodAccessorImpl.java:62)
	at sun.reflect.DelegatingMethodAccessorImpl.invoke(DelegatingMethodAccessorImpl.java:43)
	at java.lang.reflect.Method.invoke(Method.java:498)
	at org.junit.runners.model.FrameworkMethod$1.runReflectiveCall(FrameworkMethod.java:50)
	at org.junit.internal.runners.model.ReflectiveCallable.run(ReflectiveCallable.java:12)
	at org.junit.runners.model.FrameworkMethod.invokeExplosively(FrameworkMethod.java:47)
	at org.junit.internal.runners.statements.InvokeMethod.evaluate(InvokeMethod.java:17)
	at org.junit.internal.runners.statements.FailOnTimeout$CallableStatement.call(FailOnTimeout.java:298)
	at org.junit.internal.runners.statements.FailOnTimeout$CallableStatement.call(FailOnTimeout.java:292)
	at java.util.concurrent.FutureTask.run(FutureTask.java:266)
	at java.lang.Thread.run(Thread.java:748)
5) test271(org.apache.commons.csv.CSVFormat_ESTest)
org.evosuite.runtime.mock.java.lang.MockIllegalArgumentException: The comment start character and the delimiter cannot be the same ('D')
	at org.apache.commons.csv.CSVFormat.validate(CSVFormat.java:1395)
	at org.apache.commons.csv.CSVFormat.<init>(CSVFormat.java:651)
	at org.apache.commons.csv.CSVFormat.withCommentMarker(CSVFormat.java:1480)
	at org.apache.commons.csv.CSVFormat_ESTest.test271(CSVFormat_ESTest.java:3201)
	at sun.reflect.NativeMethodAccessorImpl.invoke0(Native Method)
	at sun.reflect.NativeMethodAccessorImpl.invoke(NativeMethodAccessorImpl.java:62)
	at sun.reflect.DelegatingMethodAccessorImpl.invoke(DelegatingMethodAccessorImpl.java:43)
	at java.lang.reflect.Method.invoke(Method.java:498)
	at org.junit.runners.model.FrameworkMethod$1.runReflectiveCall(FrameworkMethod.java:50)
	at org.junit.internal.runners.model.ReflectiveCallable.run(ReflectiveCallable.java:12)
	at org.junit.runners.model.FrameworkMethod.invokeExplosively(FrameworkMethod.java:47)
	at org.junit.internal.runners.statements.InvokeMethod.evaluate(InvokeMethod.java:17)
	at org.junit.internal.runners.statements.FailOnTimeout$CallableStatement.call(FailOnTimeout.java:298)
	at org.junit.internal.runners.statements.FailOnTimeout$CallableStatement.call(FailOnTimeout.java:292)
	at java.util.concurrent.FutureTask.run(FutureTask.java:266)
	at java.lang.Thread.run(Thread.java:748)
6) test293(org.apache.commons.csv.CSVFormat_ESTest)
java.lang.IndexOutOfBoundsException
	at java.nio.Buffer.checkIndex(Buffer.java:544)
	at java.nio.HeapCharBuffer.get(HeapCharBuffer.java:142)
	at java.nio.CharBuffer.charAt(CharBuffer.java:1290)
	at org.apache.commons.csv.CSVFormat.printAndQuote(CSVFormat.java:1240)
	at org.apache.commons.csv.CSVFormat.print(CSVFormat.java:1099)
	at org.apache.commons.csv.CSVFormat.print(CSVFormat.java:1087)
	at org.apache.commons.csv.CSVFormat_ESTest.test293(CSVFormat_ESTest.java:3520)
	at sun.reflect.NativeMethodAccessorImpl.invoke0(Native Method)
	at sun.reflect.NativeMethodAccessorImpl.invoke(NativeMethodAccessorImpl.java:62)
	at sun.reflect.DelegatingMethodAccessorImpl.invoke(DelegatingMethodAccessorImpl.java:43)
	at java.lang.reflect.Method.invoke(Method.java:498)
	at org.junit.runners.model.FrameworkMethod$1.runReflectiveCall(FrameworkMethod.java:50)
	at org.junit.internal.runners.model.ReflectiveCallable.run(ReflectiveCallable.java:12)
	at org.junit.runners.model.FrameworkMethod.invokeExplosively(FrameworkMethod.java:47)
	at org.junit.internal.runners.statements.InvokeMethod.evaluate(InvokeMethod.java:17)
	at org.junit.internal.runners.statements.FailOnTimeout$CallableStatement.call(FailOnTimeout.java:298)
	at org.junit.internal.runners.statements.FailOnTimeout$CallableStatement.call(FailOnTimeout.java:292)
	at java.util.concurrent.FutureTask.run(FutureTask.java:266)
	at java.lang.Thread.run(Thread.java:748)
7) test287(org.apache.commons.csv.CSVFormat_ESTest)
java.lang.IndexOutOfBoundsException: 1870
	at java.nio.HeapCharBuffer.get(HeapCharBuffer.java:142)
	at java.nio.CharBuffer.charAt(CharBuffer.java:1290)
	at org.apache.commons.csv.CSVFormat.printAndQuote(CSVFormat.java:1240)
	at org.apache.commons.csv.CSVFormat.print(CSVFormat.java:1099)
	at org.apache.commons.csv.CSVFormat.print(CSVFormat.java:1087)
	at org.apache.commons.csv.CSVFormat.printRecord(CSVFormat.java:1295)
	at org.apache.commons.csv.CSVFormat_ESTest.test287(CSVFormat_ESTest.java:3428)
	at sun.reflect.NativeMethodAccessorImpl.invoke0(Native Method)
	at sun.reflect.NativeMethodAccessorImpl.invoke(NativeMethodAccessorImpl.java:62)
	at sun.reflect.DelegatingMethodAccessorImpl.invoke(DelegatingMethodAccessorImpl.java:43)
	at java.lang.reflect.Method.invoke(Method.java:498)
	at org.junit.runners.model.FrameworkMethod$1.runReflectiveCall(FrameworkMethod.java:50)
	at org.junit.internal.runners.model.ReflectiveCallable.run(ReflectiveCallable.java:12)
	at org.junit.runners.model.FrameworkMethod.invokeExplosively(FrameworkMethod.java:47)
	at org.junit.internal.runners.statements.InvokeMethod.evaluate(InvokeMethod.java:17)
	at org.junit.internal.runners.statements.FailOnTimeout$CallableStatement.call(FailOnTimeout.java:298)
	at org.junit.internal.runners.statements.FailOnTimeout$CallableStatement.call(FailOnTimeout.java:292)
	at java.util.concurrent.FutureTask.run(FutureTask.java:266)
	at java.lang.Thread.run(Thread.java:748)
8) test286(org.apache.commons.csv.CSVFormat_ESTest)
java.nio.BufferOverflowException
	at java.nio.CharBuffer.put(CharBuffer.java:922)
	at java.nio.CharBuffer.put(CharBuffer.java:950)
	at java.nio.CharBuffer.append(CharBuffer.java:1400)
	at java.nio.CharBuffer.append(CharBuffer.java:262)
	at org.apache.commons.csv.CSVFormat.printAndQuote(CSVFormat.java:1254)
	at org.apache.commons.csv.CSVFormat.print(CSVFormat.java:1099)
	at org.apache.commons.csv.CSVFormat.print(CSVFormat.java:1087)
	at org.apache.commons.csv.CSVFormat_ESTest.test286(CSVFormat_ESTest.java:3409)
	at sun.reflect.NativeMethodAccessorImpl.invoke0(Native Method)
	at sun.reflect.NativeMethodAccessorImpl.invoke(NativeMethodAccessorImpl.java:62)
	at sun.reflect.DelegatingMethodAccessorImpl.invoke(DelegatingMethodAccessorImpl.java:43)
	at java.lang.reflect.Method.invoke(Method.java:498)
	at org.junit.runners.model.FrameworkMethod$1.runReflectiveCall(FrameworkMethod.java:50)
	at org.junit.internal.runners.model.ReflectiveCallable.run(ReflectiveCallable.java:12)
	at org.junit.runners.model.FrameworkMethod.invokeExplosively(FrameworkMethod.java:47)
	at org.junit.internal.runners.statements.InvokeMethod.evaluate(InvokeMethod.java:17)
	at org.junit.internal.runners.statements.FailOnTimeout$CallableStatement.call(FailOnTimeout.java:298)
	at org.junit.internal.runners.statements.FailOnTimeout$CallableStatement.call(FailOnTimeout.java:292)
	at java.util.concurrent.FutureTask.run(FutureTask.java:266)
	at java.lang.Thread.run(Thread.java:748)
9) test283(org.apache.commons.csv.CSVFormat_ESTest)
java.nio.charset.UnmappableCharacterException: Input length = 1
	at java.nio.charset.CoderResult.throwException(CoderResult.java:282)
	at sun.nio.cs.StreamEncoder.implWrite(StreamEncoder.java:285)
	at sun.nio.cs.StreamEncoder.write(StreamEncoder.java:125)
	at sun.nio.cs.StreamEncoder.write(StreamEncoder.java:135)
	at java.io.OutputStreamWriter.write(OutputStreamWriter.java:220)
	at java.io.Writer.write(Writer.java:157)
	at java.io.Writer.append(Writer.java:269)
	at java.io.Writer.append(Writer.java:50)
	at org.apache.commons.csv.CSVFormat.printAndQuote(CSVFormat.java:1254)
	at org.apache.commons.csv.CSVFormat.print(CSVFormat.java:1099)
	at org.apache.commons.csv.CSVFormat.print(CSVFormat.java:1087)
	at org.apache.commons.csv.CSVFormat_ESTest.test283(CSVFormat_ESTest.java:3365)
	at sun.reflect.NativeMethodAccessorImpl.invoke0(Native Method)
	at sun.reflect.NativeMethodAccessorImpl.invoke(NativeMethodAccessorImpl.java:62)
	at sun.reflect.DelegatingMethodAccessorImpl.invoke(DelegatingMethodAccessorImpl.java:43)
	at java.lang.reflect.Method.invoke(Method.java:498)
	at org.junit.runners.model.FrameworkMethod$1.runReflectiveCall(FrameworkMethod.java:50)
	at org.junit.internal.runners.model.ReflectiveCallable.run(ReflectiveCallable.java:12)
	at org.junit.runners.model.FrameworkMethod.invokeExplosively(FrameworkMethod.java:47)
	at org.junit.internal.runners.statements.InvokeMethod.evaluate(InvokeMethod.java:17)
	at org.junit.internal.runners.statements.FailOnTimeout$CallableStatement.call(FailOnTimeout.java:298)
	at org.junit.internal.runners.statements.FailOnTimeout$CallableStatement.call(FailOnTimeout.java:292)
	at java.util.concurrent.FutureTask.run(FutureTask.java:266)
	at java.lang.Thread.run(Thread.java:748)
10) test227(org.apache.commons.csv.CSVFormat_ESTest)
java.io.IOException: Pipe not connected
	at java.io.PipedWriter.write(PipedWriter.java:146)
	at java.io.Writer.write(Writer.java:192)
	at java.io.Writer.write(Writer.java:157)
	at java.io.Writer.append(Writer.java:227)
	at java.io.Writer.append(Writer.java:50)
	at org.apache.commons.csv.CSVFormat.print(CSVFormat.java:1096)
	at org.apache.commons.csv.CSVFormat.print(CSVFormat.java:1087)
	at org.apache.commons.csv.CSVFormat.printRecord(CSVFormat.java:1295)
	at org.apache.commons.csv.CSVFormat_ESTest.test227(CSVFormat_ESTest.java:2674)
	at sun.reflect.NativeMethodAccessorImpl.invoke0(Native Method)
	at sun.reflect.NativeMethodAccessorImpl.invoke(NativeMethodAccessorImpl.java:62)
	at sun.reflect.DelegatingMethodAccessorImpl.invoke(DelegatingMethodAccessorImpl.java:43)
	at java.lang.reflect.Method.invoke(Method.java:498)
	at org.junit.runners.model.FrameworkMethod$1.runReflectiveCall(FrameworkMethod.java:50)
	at org.junit.internal.runners.model.ReflectiveCallable.run(ReflectiveCallable.java:12)
	at org.junit.runners.model.FrameworkMethod.invokeExplosively(FrameworkMethod.java:47)
	at org.junit.internal.runners.statements.InvokeMethod.evaluate(InvokeMethod.java:17)
	at org.junit.internal.runners.statements.FailOnTimeout$CallableStatement.call(FailOnTimeout.java:298)
	at org.junit.internal.runners.statements.FailOnTimeout$CallableStatement.call(FailOnTimeout.java:292)
	at java.util.concurrent.FutureTask.run(FutureTask.java:266)
	at java.lang.Thread.run(Thread.java:748)
11) test226(org.apache.commons.csv.CSVFormat_ESTest)
java.lang.NullPointerException
	at org.apache.commons.csv.CSVFormat.print(CSVFormat.java:1096)
	at org.apache.commons.csv.CSVFormat.print(CSVFormat.java:1087)
	at org.apache.commons.csv.CSVFormat.printRecord(CSVFormat.java:1295)
	at org.apache.commons.csv.CSVFormat_ESTest.test226(CSVFormat_ESTest.java:2657)
	at sun.reflect.NativeMethodAccessorImpl.invoke0(Native Method)
	at sun.reflect.NativeMethodAccessorImpl.invoke(NativeMethodAccessorImpl.java:62)
	at sun.reflect.DelegatingMethodAccessorImpl.invoke(DelegatingMethodAccessorImpl.java:43)
	at java.lang.reflect.Method.invoke(Method.java:498)
	at org.junit.runners.model.FrameworkMethod$1.runReflectiveCall(FrameworkMethod.java:50)
	at org.junit.internal.runners.model.ReflectiveCallable.run(ReflectiveCallable.java:12)
	at org.junit.runners.model.FrameworkMethod.invokeExplosively(FrameworkMethod.java:47)
	at org.junit.internal.runners.statements.InvokeMethod.evaluate(InvokeMethod.java:17)
	at org.junit.internal.runners.statements.FailOnTimeout$CallableStatement.call(FailOnTimeout.java:298)
	at org.junit.internal.runners.statements.FailOnTimeout$CallableStatement.call(FailOnTimeout.java:292)
	at java.util.concurrent.FutureTask.run(FutureTask.java:266)
	at java.lang.Thread.run(Thread.java:748)
12) test229(org.apache.commons.csv.CSVFormat_ESTest)
java.lang.NullPointerException
	at org.apache.commons.csv.CSVFormat.print(CSVFormat.java:1093)
	at org.apache.commons.csv.CSVFormat.print(CSVFormat.java:1087)
	at org.apache.commons.csv.CSVFormat_ESTest.test229(CSVFormat_ESTest.java:2704)
	at sun.reflect.NativeMethodAccessorImpl.invoke0(Native Method)
	at sun.reflect.NativeMethodAccessorImpl.invoke(NativeMethodAccessorImpl.java:62)
	at sun.reflect.DelegatingMethodAccessorImpl.invoke(DelegatingMethodAccessorImpl.java:43)
	at java.lang.reflect.Method.invoke(Method.java:498)
	at org.junit.runners.model.FrameworkMethod$1.runReflectiveCall(FrameworkMethod.java:50)
	at org.junit.internal.runners.model.ReflectiveCallable.run(ReflectiveCallable.java:12)
	at org.junit.runners.model.FrameworkMethod.invokeExplosively(FrameworkMethod.java:47)
	at org.junit.internal.runners.statements.InvokeMethod.evaluate(InvokeMethod.java:17)
	at org.junit.internal.runners.statements.FailOnTimeout$CallableStatement.call(FailOnTimeout.java:298)
	at org.junit.internal.runners.statements.FailOnTimeout$CallableStatement.call(FailOnTimeout.java:292)
	at java.util.concurrent.FutureTask.run(FutureTask.java:266)
	at java.lang.Thread.run(Thread.java:748)
13) test228(org.apache.commons.csv.CSVFormat_ESTest)
java.lang.StringIndexOutOfBoundsException: String index out of range: 14
	at java.lang.String.substring(String.java:1963)
	at java.nio.StringCharBuffer.toString(StringCharBuffer.java:106)
	at java.nio.CharBuffer.toString(CharBuffer.java:1253)
	at java.nio.CharBuffer.append(CharBuffer.java:1400)
	at java.nio.CharBuffer.append(CharBuffer.java:262)
	at org.apache.commons.csv.CSVFormat.printAndQuote(CSVFormat.java:1254)
	at org.apache.commons.csv.CSVFormat.print(CSVFormat.java:1099)
	at org.apache.commons.csv.CSVFormat.print(CSVFormat.java:1087)
	at org.apache.commons.csv.CSVFormat_ESTest.test228(CSVFormat_ESTest.java:2692)
	at sun.reflect.NativeMethodAccessorImpl.invoke0(Native Method)
	at sun.reflect.NativeMethodAccessorImpl.invoke(NativeMethodAccessorImpl.java:62)
	at sun.reflect.DelegatingMethodAccessorImpl.invoke(DelegatingMethodAccessorImpl.java:43)
	at java.lang.reflect.Method.invoke(Method.java:498)
	at org.junit.runners.model.FrameworkMethod$1.runReflectiveCall(FrameworkMethod.java:50)
	at org.junit.internal.runners.model.ReflectiveCallable.run(ReflectiveCallable.java:12)
	at org.junit.runners.model.FrameworkMethod.invokeExplosively(FrameworkMethod.java:47)
	at org.junit.internal.runners.statements.InvokeMethod.evaluate(InvokeMethod.java:17)
	at org.junit.internal.runners.statements.FailOnTimeout$CallableStatement.call(FailOnTimeout.java:298)
	at org.junit.internal.runners.statements.FailOnTimeout$CallableStatement.call(FailOnTimeout.java:292)
	at java.util.concurrent.FutureTask.run(FutureTask.java:266)
	at java.lang.Thread.run(Thread.java:748)
14) test223(org.apache.commons.csv.CSVFormat_ESTest)
java.io.IOException: Pipe not connected
	at java.io.PipedWriter.write(PipedWriter.java:146)
	at java.io.Writer.write(Writer.java:192)
	at java.io.Writer.write(Writer.java:157)
	at java.io.Writer.append(Writer.java:227)
	at java.io.Writer.append(Writer.java:50)
	at org.apache.commons.csv.CSVFormat.println(CSVFormat.java:1272)
	at org.apache.commons.csv.CSVFormat_ESTest.test223(CSVFormat_ESTest.java:2602)
	at sun.reflect.NativeMethodAccessorImpl.invoke0(Native Method)
	at sun.reflect.NativeMethodAccessorImpl.invoke(NativeMethodAccessorImpl.java:62)
	at sun.reflect.DelegatingMethodAccessorImpl.invoke(DelegatingMethodAccessorImpl.java:43)
	at java.lang.reflect.Method.invoke(Method.java:498)
	at org.junit.runners.model.FrameworkMethod$1.runReflectiveCall(FrameworkMethod.java:50)
	at org.junit.internal.runners.model.ReflectiveCallable.run(ReflectiveCallable.java:12)
	at org.junit.runners.model.FrameworkMethod.invokeExplosively(FrameworkMethod.java:47)
	at org.junit.internal.runners.statements.InvokeMethod.evaluate(InvokeMethod.java:17)
	at org.junit.internal.runners.statements.FailOnTimeout$CallableStatement.call(FailOnTimeout.java:298)
	at org.junit.internal.runners.statements.FailOnTimeout$CallableStatement.call(FailOnTimeout.java:292)
	at java.util.concurrent.FutureTask.run(FutureTask.java:266)
	at java.lang.Thread.run(Thread.java:748)
15) test222(org.apache.commons.csv.CSVFormat_ESTest)
java.nio.ReadOnlyBufferException
	at java.nio.CharBuffer.put(CharBuffer.java:920)
	at java.nio.CharBuffer.put(CharBuffer.java:950)
	at java.nio.CharBuffer.append(CharBuffer.java:1363)
	at java.nio.CharBuffer.append(CharBuffer.java:262)
	at org.apache.commons.csv.CSVFormat.println(CSVFormat.java:1272)
	at org.apache.commons.csv.CSVFormat_ESTest.test222(CSVFormat_ESTest.java:2586)
	at sun.reflect.NativeMethodAccessorImpl.invoke0(Native Method)
	at sun.reflect.NativeMethodAccessorImpl.invoke(NativeMethodAccessorImpl.java:62)
	at sun.reflect.DelegatingMethodAccessorImpl.invoke(DelegatingMethodAccessorImpl.java:43)
	at java.lang.reflect.Method.invoke(Method.java:498)
	at org.junit.runners.model.FrameworkMethod$1.runReflectiveCall(FrameworkMethod.java:50)
	at org.junit.internal.runners.model.ReflectiveCallable.run(ReflectiveCallable.java:12)
	at org.junit.runners.model.FrameworkMethod.invokeExplosively(FrameworkMethod.java:47)
	at org.junit.internal.runners.statements.InvokeMethod.evaluate(InvokeMethod.java:17)
	at org.junit.internal.runners.statements.FailOnTimeout$CallableStatement.call(FailOnTimeout.java:298)
	at org.junit.internal.runners.statements.FailOnTimeout$CallableStatement.call(FailOnTimeout.java:292)
	at java.util.concurrent.FutureTask.run(FutureTask.java:266)
	at java.lang.Thread.run(Thread.java:748)
16) test225(org.apache.commons.csv.CSVFormat_ESTest)
java.nio.BufferOverflowException
	at java.nio.CharBuffer.put(CharBuffer.java:922)
	at java.nio.CharBuffer.put(CharBuffer.java:950)
	at java.nio.CharBuffer.append(CharBuffer.java:1363)
	at java.nio.CharBuffer.append(CharBuffer.java:262)
	at org.apache.commons.csv.CSVFormat.println(CSVFormat.java:1272)
	at org.apache.commons.csv.CSVFormat.printRecord(CSVFormat.java:1297)
	at org.apache.commons.csv.CSVFormat_ESTest.test225(CSVFormat_ESTest.java:2640)
	at sun.reflect.NativeMethodAccessorImpl.invoke0(Native Method)
	at sun.reflect.NativeMethodAccessorImpl.invoke(NativeMethodAccessorImpl.java:62)
	at sun.reflect.DelegatingMethodAccessorImpl.invoke(DelegatingMethodAccessorImpl.java:43)
	at java.lang.reflect.Method.invoke(Method.java:498)
	at org.junit.runners.model.FrameworkMethod$1.runReflectiveCall(FrameworkMethod.java:50)
	at org.junit.internal.runners.model.ReflectiveCallable.run(ReflectiveCallable.java:12)
	at org.junit.runners.model.FrameworkMethod.invokeExplosively(FrameworkMethod.java:47)
	at org.junit.internal.runners.statements.InvokeMethod.evaluate(InvokeMethod.java:17)
	at org.junit.internal.runners.statements.FailOnTimeout$CallableStatement.call(FailOnTimeout.java:298)
	at org.junit.internal.runners.statements.FailOnTimeout$CallableStatement.call(FailOnTimeout.java:292)
	at java.util.concurrent.FutureTask.run(FutureTask.java:266)
	at java.lang.Thread.run(Thread.java:748)
17) test224(org.apache.commons.csv.CSVFormat_ESTest)
java.nio.ReadOnlyBufferException
	at java.nio.CharBuffer.put(CharBuffer.java:920)
	at java.nio.CharBuffer.put(CharBuffer.java:950)
	at java.nio.CharBuffer.append(CharBuffer.java:1363)
	at java.nio.CharBuffer.append(CharBuffer.java:262)
	at org.apache.commons.csv.CSVFormat.print(CSVFormat.java:1096)
	at org.apache.commons.csv.CSVFormat.print(CSVFormat.java:1087)
	at org.apache.commons.csv.CSVFormat.printRecord(CSVFormat.java:1295)
	at org.apache.commons.csv.CSVFormat_ESTest.test224(CSVFormat_ESTest.java:2621)
	at sun.reflect.NativeMethodAccessorImpl.invoke0(Native Method)
	at sun.reflect.NativeMethodAccessorImpl.invoke(NativeMethodAccessorImpl.java:62)
	at sun.reflect.DelegatingMethodAccessorImpl.invoke(DelegatingMethodAccessorImpl.java:43)
	at java.lang.reflect.Method.invoke(Method.java:498)
	at org.junit.runners.model.FrameworkMethod$1.runReflectiveCall(FrameworkMethod.java:50)
	at org.junit.internal.runners.model.ReflectiveCallable.run(ReflectiveCallable.java:12)
	at org.junit.runners.model.FrameworkMethod.invokeExplosively(FrameworkMethod.java:47)
	at org.junit.internal.runners.statements.InvokeMethod.evaluate(InvokeMethod.java:17)
	at org.junit.internal.runners.statements.FailOnTimeout$CallableStatement.call(FailOnTimeout.java:298)
	at org.junit.internal.runners.statements.FailOnTimeout$CallableStatement.call(FailOnTimeout.java:292)
	at java.util.concurrent.FutureTask.run(FutureTask.java:266)
	at java.lang.Thread.run(Thread.java:748)
18) test230(org.apache.commons.csv.CSVFormat_ESTest)
java.io.IOException: Pipe not connected
	at java.io.PipedWriter.write(PipedWriter.java:146)
	at java.io.Writer.write(Writer.java:192)
	at java.io.Writer.write(Writer.java:157)
	at java.io.Writer.append(Writer.java:269)
	at java.io.Writer.append(Writer.java:50)
	at org.apache.commons.csv.CSVFormat.printAndEscape(CSVFormat.java:1143)
	at org.apache.commons.csv.CSVFormat.print(CSVFormat.java:1101)
	at org.apache.commons.csv.CSVFormat.print(CSVFormat.java:1087)
	at org.apache.commons.csv.CSVFormat_ESTest.test230(CSVFormat_ESTest.java:2721)
	at sun.reflect.NativeMethodAccessorImpl.invoke0(Native Method)
	at sun.reflect.NativeMethodAccessorImpl.invoke(NativeMethodAccessorImpl.java:62)
	at sun.reflect.DelegatingMethodAccessorImpl.invoke(DelegatingMethodAccessorImpl.java:43)
	at java.lang.reflect.Method.invoke(Method.java:498)
	at org.junit.runners.model.FrameworkMethod$1.runReflectiveCall(FrameworkMethod.java:50)
	at org.junit.internal.runners.model.ReflectiveCallable.run(ReflectiveCallable.java:12)
	at org.junit.runners.model.FrameworkMethod.invokeExplosively(FrameworkMethod.java:47)
	at org.junit.internal.runners.statements.InvokeMethod.evaluate(InvokeMethod.java:17)
	at org.junit.internal.runners.statements.FailOnTimeout$CallableStatement.call(FailOnTimeout.java:298)
	at org.junit.internal.runners.statements.FailOnTimeout$CallableStatement.call(FailOnTimeout.java:292)
	at java.util.concurrent.FutureTask.run(FutureTask.java:266)
	at java.lang.Thread.run(Thread.java:748)
19) test232(org.apache.commons.csv.CSVFormat_ESTest)
org.evosuite.runtime.mock.java.lang.MockIllegalArgumentException: Parameter 'reader' must not be null!
	at org.apache.commons.csv.Assertions.notNull(Assertions.java:35)
	at org.apache.commons.csv.CSVParser.<init>(CSVParser.java:351)
	at org.apache.commons.csv.CSVParser.<init>(CSVParser.java:323)
	at org.apache.commons.csv.CSVFormat.parse(CSVFormat.java:976)
	at org.apache.commons.csv.CSVFormat_ESTest.test232(CSVFormat_ESTest.java:2754)
	at sun.reflect.NativeMethodAccessorImpl.invoke0(Native Method)
	at sun.reflect.NativeMethodAccessorImpl.invoke(NativeMethodAccessorImpl.java:62)
	at sun.reflect.DelegatingMethodAccessorImpl.invoke(DelegatingMethodAccessorImpl.java:43)
	at java.lang.reflect.Method.invoke(Method.java:498)
	at org.junit.runners.model.FrameworkMethod$1.runReflectiveCall(FrameworkMethod.java:50)
	at org.junit.internal.runners.model.ReflectiveCallable.run(ReflectiveCallable.java:12)
	at org.junit.runners.model.FrameworkMethod.invokeExplosively(FrameworkMethod.java:47)
	at org.junit.internal.runners.statements.InvokeMethod.evaluate(InvokeMethod.java:17)
	at org.junit.internal.runners.statements.FailOnTimeout$CallableStatement.call(FailOnTimeout.java:298)
	at org.junit.internal.runners.statements.FailOnTimeout$CallableStatement.call(FailOnTimeout.java:292)
	at java.util.concurrent.FutureTask.run(FutureTask.java:266)
	at java.lang.Thread.run(Thread.java:748)
20) test231(org.apache.commons.csv.CSVFormat_ESTest)
java.io.FileNotFoundException
	at org.evosuite.runtime.mock.java.io.MockFileOutputStream.<init>(MockFileOutputStream.java:104)
	at org.evosuite.runtime.mock.java.io.MockFileOutputStream.<init>(MockFileOutputStream.java:75)
	at org.apache.commons.csv.CSVFormat.print(CSVFormat.java:1031)
	at org.apache.commons.csv.CSVFormat_ESTest.test231(CSVFormat_ESTest.java:2738)
	at sun.reflect.NativeMethodAccessorImpl.invoke0(Native Method)
	at sun.reflect.NativeMethodAccessorImpl.invoke(NativeMethodAccessorImpl.java:62)
	at sun.reflect.DelegatingMethodAccessorImpl.invoke(DelegatingMethodAccessorImpl.java:43)
	at java.lang.reflect.Method.invoke(Method.java:498)
	at org.junit.runners.model.FrameworkMethod$1.runReflectiveCall(FrameworkMethod.java:50)
	at org.junit.internal.runners.model.ReflectiveCallable.run(ReflectiveCallable.java:12)
	at org.junit.runners.model.FrameworkMethod.invokeExplosively(FrameworkMethod.java:47)
	at org.junit.internal.runners.statements.InvokeMethod.evaluate(InvokeMethod.java:17)
	at org.junit.internal.runners.statements.FailOnTimeout$CallableStatement.call(FailOnTimeout.java:298)
	at org.junit.internal.runners.statements.FailOnTimeout$CallableStatement.call(FailOnTimeout.java:292)
	at java.util.concurrent.FutureTask.run(FutureTask.java:266)
	at java.lang.Thread.run(Thread.java:748)
21) test219(org.apache.commons.csv.CSVFormat_ESTest)
org.evosuite.runtime.mock.java.lang.MockIllegalArgumentException: The header contains a duplicate entry: 'null' in [null, null, null, null]
	at org.apache.commons.csv.CSVFormat.validate(CSVFormat.java:1418)
	at org.apache.commons.csv.CSVFormat.<init>(CSVFormat.java:651)
	at org.apache.commons.csv.CSVFormat.withHeader(CSVFormat.java:1684)
	at org.apache.commons.csv.CSVFormat_ESTest.test219(CSVFormat_ESTest.java:2530)
	at sun.reflect.NativeMethodAccessorImpl.invoke0(Native Method)
	at sun.reflect.NativeMethodAccessorImpl.invoke(NativeMethodAccessorImpl.java:62)
	at sun.reflect.DelegatingMethodAccessorImpl.invoke(DelegatingMethodAccessorImpl.java:43)
	at java.lang.reflect.Method.invoke(Method.java:498)
	at org.junit.runners.model.FrameworkMethod$1.runReflectiveCall(FrameworkMethod.java:50)
	at org.junit.internal.runners.model.ReflectiveCallable.run(ReflectiveCallable.java:12)
	at org.junit.runners.model.FrameworkMethod.invokeExplosively(FrameworkMethod.java:47)
	at org.junit.internal.runners.statements.InvokeMethod.evaluate(InvokeMethod.java:17)
	at org.junit.internal.runners.statements.FailOnTimeout$CallableStatement.call(FailOnTimeout.java:298)
	at org.junit.internal.runners.statements.FailOnTimeout$CallableStatement.call(FailOnTimeout.java:292)
	at java.util.concurrent.FutureTask.run(FutureTask.java:266)
	at java.lang.Thread.run(Thread.java:748)
22) test333(org.apache.commons.csv.CSVFormat_ESTest)
org.evosuite.runtime.mock.java.lang.MockIllegalArgumentException: The comment start marker character cannot be a line break
	at org.apache.commons.csv.CSVFormat.withCommentMarker(CSVFormat.java:1478)
	at org.apache.commons.csv.CSVFormat.withCommentMarker(CSVFormat.java:1462)
	at org.apache.commons.csv.CSVFormat_ESTest.test333(CSVFormat_ESTest.java:4133)
	at sun.reflect.NativeMethodAccessorImpl.invoke0(Native Method)
	at sun.reflect.NativeMethodAccessorImpl.invoke(NativeMethodAccessorImpl.java:62)
	at sun.reflect.DelegatingMethodAccessorImpl.invoke(DelegatingMethodAccessorImpl.java:43)
	at java.lang.reflect.Method.invoke(Method.java:498)
	at org.junit.runners.model.FrameworkMethod$1.runReflectiveCall(FrameworkMethod.java:50)
	at org.junit.internal.runners.model.ReflectiveCallable.run(ReflectiveCallable.java:12)
	at org.junit.runners.model.FrameworkMethod.invokeExplosively(FrameworkMethod.java:47)
	at org.junit.internal.runners.statements.InvokeMethod.evaluate(InvokeMethod.java:17)
	at org.junit.internal.runners.statements.FailOnTimeout$CallableStatement.call(FailOnTimeout.java:298)
	at org.junit.internal.runners.statements.FailOnTimeout$CallableStatement.call(FailOnTimeout.java:292)
	at java.util.concurrent.FutureTask.run(FutureTask.java:266)
	at java.lang.Thread.run(Thread.java:748)
23) test340(org.apache.commons.csv.CSVFormat_ESTest)
java.lang.NullPointerException
	at java.nio.file.Files.newBufferedWriter(Files.java:2859)
	at org.apache.commons.csv.CSVFormat.print(CSVFormat.java:1051)
	at org.apache.commons.csv.CSVFormat_ESTest.test340(CSVFormat_ESTest.java:4239)
	at sun.reflect.NativeMethodAccessorImpl.invoke0(Native Method)
	at sun.reflect.NativeMethodAccessorImpl.invoke(NativeMethodAccessorImpl.java:62)
	at sun.reflect.DelegatingMethodAccessorImpl.invoke(DelegatingMethodAccessorImpl.java:43)
	at java.lang.reflect.Method.invoke(Method.java:498)
	at org.junit.runners.model.FrameworkMethod$1.runReflectiveCall(FrameworkMethod.java:50)
	at org.junit.internal.runners.model.ReflectiveCallable.run(ReflectiveCallable.java:12)
	at org.junit.runners.model.FrameworkMethod.invokeExplosively(FrameworkMethod.java:47)
	at org.junit.internal.runners.statements.InvokeMethod.evaluate(InvokeMethod.java:17)
	at org.junit.internal.runners.statements.FailOnTimeout$CallableStatement.call(FailOnTimeout.java:298)
	at org.junit.internal.runners.statements.FailOnTimeout$CallableStatement.call(FailOnTimeout.java:292)
	at java.util.concurrent.FutureTask.run(FutureTask.java:266)
	at java.lang.Thread.run(Thread.java:748)
24) test221(org.apache.commons.csv.CSVFormat_ESTest)
org.evosuite.runtime.mock.java.lang.MockIllegalArgumentException: The escape character and the delimiter cannot be the same ('B')
	at org.apache.commons.csv.CSVFormat.validate(CSVFormat.java:1390)
	at org.apache.commons.csv.CSVFormat.<init>(CSVFormat.java:651)
	at org.apache.commons.csv.CSVFormat.withDelimiter(CSVFormat.java:1498)
	at org.apache.commons.csv.CSVFormat_ESTest.test221(CSVFormat_ESTest.java:2565)
	at sun.reflect.NativeMethodAccessorImpl.invoke0(Native Method)
	at sun.reflect.NativeMethodAccessorImpl.invoke(NativeMethodAccessorImpl.java:62)
	at sun.reflect.DelegatingMethodAccessorImpl.invoke(DelegatingMethodAccessorImpl.java:43)
	at java.lang.reflect.Method.invoke(Method.java:498)
	at org.junit.runners.model.FrameworkMethod$1.runReflectiveCall(FrameworkMethod.java:50)
	at org.junit.internal.runners.model.ReflectiveCallable.run(ReflectiveCallable.java:12)
	at org.junit.runners.model.FrameworkMethod.invokeExplosively(FrameworkMethod.java:47)
	at org.junit.internal.runners.statements.InvokeMethod.evaluate(InvokeMethod.java:17)
	at org.junit.internal.runners.statements.FailOnTimeout$CallableStatement.call(FailOnTimeout.java:298)
	at org.junit.internal.runners.statements.FailOnTimeout$CallableStatement.call(FailOnTimeout.java:292)
	at java.util.concurrent.FutureTask.run(FutureTask.java:266)
	at java.lang.Thread.run(Thread.java:748)
25) test220(org.apache.commons.csv.CSVFormat_ESTest)
org.evosuite.runtime.mock.java.lang.MockIllegalArgumentException: The escape character and the delimiter cannot be the same ('9')
	at org.apache.commons.csv.CSVFormat.validate(CSVFormat.java:1390)
	at org.apache.commons.csv.CSVFormat.<init>(CSVFormat.java:651)
	at org.apache.commons.csv.CSVFormat.withEscape(CSVFormat.java:1529)
	at org.apache.commons.csv.CSVFormat_ESTest.test220(CSVFormat_ESTest.java:2548)
	at sun.reflect.NativeMethodAccessorImpl.invoke0(Native Method)
	at sun.reflect.NativeMethodAccessorImpl.invoke(NativeMethodAccessorImpl.java:62)
	at sun.reflect.DelegatingMethodAccessorImpl.invoke(DelegatingMethodAccessorImpl.java:43)
	at java.lang.reflect.Method.invoke(Method.java:498)
	at org.junit.runners.model.FrameworkMethod$1.runReflectiveCall(FrameworkMethod.java:50)
	at org.junit.internal.runners.model.ReflectiveCallable.run(ReflectiveCallable.java:12)
	at org.junit.runners.model.FrameworkMethod.invokeExplosively(FrameworkMethod.java:47)
	at org.junit.internal.runners.statements.InvokeMethod.evaluate(InvokeMethod.java:17)
	at org.junit.internal.runners.statements.FailOnTimeout$CallableStatement.call(FailOnTimeout.java:298)
	at org.junit.internal.runners.statements.FailOnTimeout$CallableStatement.call(FailOnTimeout.java:292)
	at java.util.concurrent.FutureTask.run(FutureTask.java:266)
	at java.lang.Thread.run(Thread.java:748)
26) test341(org.apache.commons.csv.CSVFormat_ESTest)
org.evosuite.runtime.mock.java.lang.MockIllegalArgumentException: Parameter 'out' must not be null!
	at org.apache.commons.csv.Assertions.notNull(Assertions.java:35)
	at org.apache.commons.csv.CSVPrinter.<init>(CSVPrinter.java:59)
	at org.apache.commons.csv.CSVFormat.print(CSVFormat.java:993)
	at org.apache.commons.csv.CSVFormat_ESTest.test341(CSVFormat_ESTest.java:4255)
	at sun.reflect.NativeMethodAccessorImpl.invoke0(Native Method)
	at sun.reflect.NativeMethodAccessorImpl.invoke(NativeMethodAccessorImpl.java:62)
	at sun.reflect.DelegatingMethodAccessorImpl.invoke(DelegatingMethodAccessorImpl.java:43)
	at java.lang.reflect.Method.invoke(Method.java:498)
	at org.junit.runners.model.FrameworkMethod$1.runReflectiveCall(FrameworkMethod.java:50)
	at org.junit.internal.runners.model.ReflectiveCallable.run(ReflectiveCallable.java:12)
	at org.junit.runners.model.FrameworkMethod.invokeExplosively(FrameworkMethod.java:47)
	at org.junit.internal.runners.statements.InvokeMethod.evaluate(InvokeMethod.java:17)
	at org.junit.internal.runners.statements.FailOnTimeout$CallableStatement.call(FailOnTimeout.java:298)
	at org.junit.internal.runners.statements.FailOnTimeout$CallableStatement.call(FailOnTimeout.java:292)
	at java.util.concurrent.FutureTask.run(FutureTask.java:266)
	at java.lang.Thread.run(Thread.java:748)
27) test237(org.apache.commons.csv.CSVFormat_ESTest)
org.evosuite.runtime.mock.java.lang.MockIllegalArgumentException: The quoteChar character and the delimiter cannot be the same ('<')
	at org.apache.commons.csv.CSVFormat.validate(CSVFormat.java:1385)
	at org.apache.commons.csv.CSVFormat.<init>(CSVFormat.java:651)
	at org.apache.commons.csv.CSVFormat.withQuote(CSVFormat.java:1831)
	at org.apache.commons.csv.CSVFormat.withQuote(CSVFormat.java:1815)
	at org.apache.commons.csv.CSVFormat_ESTest.test237(CSVFormat_ESTest.java:2833)
	at sun.reflect.NativeMethodAccessorImpl.invoke0(Native Method)
	at sun.reflect.NativeMethodAccessorImpl.invoke(NativeMethodAccessorImpl.java:62)
	at sun.reflect.DelegatingMethodAccessorImpl.invoke(DelegatingMethodAccessorImpl.java:43)
	at java.lang.reflect.Method.invoke(Method.java:498)
	at org.junit.runners.model.FrameworkMethod$1.runReflectiveCall(FrameworkMethod.java:50)
	at org.junit.internal.runners.model.ReflectiveCallable.run(ReflectiveCallable.java:12)
	at org.junit.runners.model.FrameworkMethod.invokeExplosively(FrameworkMethod.java:47)
	at org.junit.internal.runners.statements.InvokeMethod.evaluate(InvokeMethod.java:17)
	at org.junit.internal.runners.statements.FailOnTimeout$CallableStatement.call(FailOnTimeout.java:298)
	at org.junit.internal.runners.statements.FailOnTimeout$CallableStatement.call(FailOnTimeout.java:292)
	at java.util.concurrent.FutureTask.run(FutureTask.java:266)
	at java.lang.Thread.run(Thread.java:748)
28) test239(org.apache.commons.csv.CSVFormat_ESTest)
java.nio.BufferOverflowException
	at java.nio.CharBuffer.put(CharBuffer.java:922)
	at java.nio.CharBuffer.put(CharBuffer.java:950)
	at java.nio.CharBuffer.append(CharBuffer.java:1363)
	at java.nio.CharBuffer.append(CharBuffer.java:262)
	at org.apache.commons.csv.CSVFormat.println(CSVFormat.java:1272)
	at org.apache.commons.csv.CSVFormat_ESTest.test239(CSVFormat_ESTest.java:2867)
	at sun.reflect.NativeMethodAccessorImpl.invoke0(Native Method)
	at sun.reflect.NativeMethodAccessorImpl.invoke(NativeMethodAccessorImpl.java:62)
	at sun.reflect.DelegatingMethodAccessorImpl.invoke(DelegatingMethodAccessorImpl.java:43)
	at java.lang.reflect.Method.invoke(Method.java:498)
	at org.junit.runners.model.FrameworkMethod$1.runReflectiveCall(FrameworkMethod.java:50)
	at org.junit.internal.runners.model.ReflectiveCallable.run(ReflectiveCallable.java:12)
	at org.junit.runners.model.FrameworkMethod.invokeExplosively(FrameworkMethod.java:47)
	at org.junit.internal.runners.statements.InvokeMethod.evaluate(InvokeMethod.java:17)
	at org.junit.internal.runners.statements.FailOnTimeout$CallableStatement.call(FailOnTimeout.java:298)
	at org.junit.internal.runners.statements.FailOnTimeout$CallableStatement.call(FailOnTimeout.java:292)
	at java.util.concurrent.FutureTask.run(FutureTask.java:266)
	at java.lang.Thread.run(Thread.java:748)
29) test233(org.apache.commons.csv.CSVFormat_ESTest)
java.io.IOException: Pipe not connected
	at java.io.PipedReader.read(PipedReader.java:292)
	at java.io.BufferedReader.fill(BufferedReader.java:161)
	at java.io.BufferedReader.read(BufferedReader.java:182)
	at org.apache.commons.csv.ExtendedBufferedReader.read(ExtendedBufferedReader.java:58)
	at org.apache.commons.csv.Lexer.nextToken(Lexer.java:95)
	at org.apache.commons.csv.CSVParser.nextRecord(CSVParser.java:586)
	at org.apache.commons.csv.CSVParser.initializeHeader(CSVParser.java:471)
	at org.apache.commons.csv.CSVParser.<init>(CSVParser.java:356)
	at org.apache.commons.csv.CSVParser.<init>(CSVParser.java:323)
	at org.apache.commons.csv.CSVFormat.parse(CSVFormat.java:976)
	at org.apache.commons.csv.CSVFormat_ESTest.test233(CSVFormat_ESTest.java:2772)
	at sun.reflect.NativeMethodAccessorImpl.invoke0(Native Method)
	at sun.reflect.NativeMethodAccessorImpl.invoke(NativeMethodAccessorImpl.java:62)
	at sun.reflect.DelegatingMethodAccessorImpl.invoke(DelegatingMethodAccessorImpl.java:43)
	at java.lang.reflect.Method.invoke(Method.java:498)
	at org.junit.runners.model.FrameworkMethod$1.runReflectiveCall(FrameworkMethod.java:50)
	at org.junit.internal.runners.model.ReflectiveCallable.run(ReflectiveCallable.java:12)
	at org.junit.runners.model.FrameworkMethod.invokeExplosively(FrameworkMethod.java:47)
	at org.junit.internal.runners.statements.InvokeMethod.evaluate(InvokeMethod.java:17)
	at org.junit.internal.runners.statements.FailOnTimeout$CallableStatement.call(FailOnTimeout.java:298)
	at org.junit.internal.runners.statements.FailOnTimeout$CallableStatement.call(FailOnTimeout.java:292)
	at java.util.concurrent.FutureTask.run(FutureTask.java:266)
	at java.lang.Thread.run(Thread.java:748)
30) test236(org.apache.commons.csv.CSVFormat_ESTest)
org.evosuite.runtime.mock.java.lang.MockIllegalArgumentException: The comment start and the escape character cannot be the same ('9')
	at org.apache.commons.csv.CSVFormat.validate(CSVFormat.java:1405)
	at org.apache.commons.csv.CSVFormat.<init>(CSVFormat.java:651)
	at org.apache.commons.csv.CSVFormat.withCommentMarker(CSVFormat.java:1480)
	at org.apache.commons.csv.CSVFormat.withCommentMarker(CSVFormat.java:1462)
	at org.apache.commons.csv.CSVFormat_ESTest.test236(CSVFormat_ESTest.java:2817)
	at sun.reflect.NativeMethodAccessorImpl.invoke0(Native Method)
	at sun.reflect.NativeMethodAccessorImpl.invoke(NativeMethodAccessorImpl.java:62)
	at sun.reflect.DelegatingMethodAccessorImpl.invoke(DelegatingMethodAccessorImpl.java:43)
	at java.lang.reflect.Method.invoke(Method.java:498)
	at org.junit.runners.model.FrameworkMethod$1.runReflectiveCall(FrameworkMethod.java:50)
	at org.junit.internal.runners.model.ReflectiveCallable.run(ReflectiveCallable.java:12)
	at org.junit.runners.model.FrameworkMethod.invokeExplosively(FrameworkMethod.java:47)
	at org.junit.internal.runners.statements.InvokeMethod.evaluate(InvokeMethod.java:17)
	at org.junit.internal.runners.statements.FailOnTimeout$CallableStatement.call(FailOnTimeout.java:298)
	at org.junit.internal.runners.statements.FailOnTimeout$CallableStatement.call(FailOnTimeout.java:292)
	at java.util.concurrent.FutureTask.run(FutureTask.java:266)
	at java.lang.Thread.run(Thread.java:748)
31) test235(org.apache.commons.csv.CSVFormat_ESTest)
org.evosuite.runtime.mock.java.lang.MockIllegalArgumentException: The quoteChar cannot be a line break
	at org.apache.commons.csv.CSVFormat.withQuote(CSVFormat.java:1829)
	at org.apache.commons.csv.CSVFormat_ESTest.test235(CSVFormat_ESTest.java:2800)
	at sun.reflect.NativeMethodAccessorImpl.invoke0(Native Method)
	at sun.reflect.NativeMethodAccessorImpl.invoke(NativeMethodAccessorImpl.java:62)
	at sun.reflect.DelegatingMethodAccessorImpl.invoke(DelegatingMethodAccessorImpl.java:43)
	at java.lang.reflect.Method.invoke(Method.java:498)
	at org.junit.runners.model.FrameworkMethod$1.runReflectiveCall(FrameworkMethod.java:50)
	at org.junit.internal.runners.model.ReflectiveCallable.run(ReflectiveCallable.java:12)
	at org.junit.runners.model.FrameworkMethod.invokeExplosively(FrameworkMethod.java:47)
	at org.junit.internal.runners.statements.InvokeMethod.evaluate(InvokeMethod.java:17)
	at org.junit.internal.runners.statements.FailOnTimeout$CallableStatement.call(FailOnTimeout.java:298)
	at org.junit.internal.runners.statements.FailOnTimeout$CallableStatement.call(FailOnTimeout.java:292)
	at java.util.concurrent.FutureTask.run(FutureTask.java:266)
	at java.lang.Thread.run(Thread.java:748)
32) test240(org.apache.commons.csv.CSVFormat_ESTest)
java.lang.NullPointerException
	at org.apache.commons.csv.CSVFormat.println(CSVFormat.java:1269)
	at org.apache.commons.csv.CSVFormat_ESTest.test240(CSVFormat_ESTest.java:2884)
	at sun.reflect.NativeMethodAccessorImpl.invoke0(Native Method)
	at sun.reflect.NativeMethodAccessorImpl.invoke(NativeMethodAccessorImpl.java:62)
	at sun.reflect.DelegatingMethodAccessorImpl.invoke(DelegatingMethodAccessorImpl.java:43)
	at java.lang.reflect.Method.invoke(Method.java:498)
	at org.junit.runners.model.FrameworkMethod$1.runReflectiveCall(FrameworkMethod.java:50)
	at org.junit.internal.runners.model.ReflectiveCallable.run(ReflectiveCallable.java:12)
	at org.junit.runners.model.FrameworkMethod.invokeExplosively(FrameworkMethod.java:47)
	at org.junit.internal.runners.statements.InvokeMethod.evaluate(InvokeMethod.java:17)
	at org.junit.internal.runners.statements.FailOnTimeout$CallableStatement.call(FailOnTimeout.java:298)
	at org.junit.internal.runners.statements.FailOnTimeout$CallableStatement.call(FailOnTimeout.java:292)
	at java.util.concurrent.FutureTask.run(FutureTask.java:266)
	at java.lang.Thread.run(Thread.java:748)
33) test303(org.apache.commons.csv.CSVFormat_ESTest)
java.nio.BufferOverflowException
	at java.nio.CharBuffer.put(CharBuffer.java:922)
	at java.nio.CharBuffer.put(CharBuffer.java:950)
	at java.nio.CharBuffer.append(CharBuffer.java:1400)
	at java.nio.CharBuffer.append(CharBuffer.java:262)
	at org.apache.commons.csv.CSVFormat.printAndQuote(CSVFormat.java:1220)
	at org.apache.commons.csv.CSVFormat.print(CSVFormat.java:1099)
	at org.apache.commons.csv.CSVFormat.print(CSVFormat.java:1087)
	at org.apache.commons.csv.CSVFormat.printRecord(CSVFormat.java:1295)
	at org.apache.commons.csv.CSVPrinter.printRecord(CSVPrinter.java:231)
	at org.apache.commons.csv.CSVPrinter.<init>(CSVPrinter.java:74)
	at org.apache.commons.csv.CSVFormat.print(CSVFormat.java:993)
	at org.apache.commons.csv.CSVFormat_ESTest.test303(CSVFormat_ESTest.java:3674)
	at sun.reflect.NativeMethodAccessorImpl.invoke0(Native Method)
	at sun.reflect.NativeMethodAccessorImpl.invoke(NativeMethodAccessorImpl.java:62)
	at sun.reflect.DelegatingMethodAccessorImpl.invoke(DelegatingMethodAccessorImpl.java:43)
	at java.lang.reflect.Method.invoke(Method.java:498)
	at org.junit.runners.model.FrameworkMethod$1.runReflectiveCall(FrameworkMethod.java:50)
	at org.junit.internal.runners.model.ReflectiveCallable.run(ReflectiveCallable.java:12)
	at org.junit.runners.model.FrameworkMethod.invokeExplosively(FrameworkMethod.java:47)
	at org.junit.internal.runners.statements.InvokeMethod.evaluate(InvokeMethod.java:17)
	at org.junit.internal.runners.statements.FailOnTimeout$CallableStatement.call(FailOnTimeout.java:298)
	at org.junit.internal.runners.statements.FailOnTimeout$CallableStatement.call(FailOnTimeout.java:292)
	at java.util.concurrent.FutureTask.run(FutureTask.java:266)
	at java.lang.Thread.run(Thread.java:748)
34) test326(org.apache.commons.csv.CSVFormat_ESTest)
java.nio.ReadOnlyBufferException
	at java.nio.StringCharBuffer.put(StringCharBuffer.java:90)
	at java.nio.CharBuffer.append(CharBuffer.java:1427)
	at java.nio.CharBuffer.append(CharBuffer.java:262)
	at org.apache.commons.csv.CSVFormat.print(CSVFormat.java:1093)
	at org.apache.commons.csv.CSVFormat.print(CSVFormat.java:1087)
	at org.apache.commons.csv.CSVFormat_ESTest.test326(CSVFormat_ESTest.java:4034)
	at sun.reflect.NativeMethodAccessorImpl.invoke0(Native Method)
	at sun.reflect.NativeMethodAccessorImpl.invoke(NativeMethodAccessorImpl.java:62)
	at sun.reflect.DelegatingMethodAccessorImpl.invoke(DelegatingMethodAccessorImpl.java:43)
	at java.lang.reflect.Method.invoke(Method.java:498)
	at org.junit.runners.model.FrameworkMethod$1.runReflectiveCall(FrameworkMethod.java:50)
	at org.junit.internal.runners.model.ReflectiveCallable.run(ReflectiveCallable.java:12)
	at org.junit.runners.model.FrameworkMethod.invokeExplosively(FrameworkMethod.java:47)
	at org.junit.internal.runners.statements.InvokeMethod.evaluate(InvokeMethod.java:17)
	at org.junit.internal.runners.statements.FailOnTimeout$CallableStatement.call(FailOnTimeout.java:298)
	at org.junit.internal.runners.statements.FailOnTimeout$CallableStatement.call(FailOnTimeout.java:292)
	at java.util.concurrent.FutureTask.run(FutureTask.java:266)
	at java.lang.Thread.run(Thread.java:748)
35) test327(org.apache.commons.csv.CSVFormat_ESTest)
java.lang.NullPointerException
	at org.apache.commons.csv.CSVFormat.printRecord(CSVFormat.java:1294)
	at org.apache.commons.csv.CSVPrinter.printRecord(CSVPrinter.java:231)
	at org.apache.commons.csv.CSVFormat.format(CSVFormat.java:733)
	at org.apache.commons.csv.CSVFormat_ESTest.test327(CSVFormat_ESTest.java:4050)
	at sun.reflect.NativeMethodAccessorImpl.invoke0(Native Method)
	at sun.reflect.NativeMethodAccessorImpl.invoke(NativeMethodAccessorImpl.java:62)
	at sun.reflect.DelegatingMethodAccessorImpl.invoke(DelegatingMethodAccessorImpl.java:43)
	at java.lang.reflect.Method.invoke(Method.java:498)
	at org.junit.runners.model.FrameworkMethod$1.runReflectiveCall(FrameworkMethod.java:50)
	at org.junit.internal.runners.model.ReflectiveCallable.run(ReflectiveCallable.java:12)
	at org.junit.runners.model.FrameworkMethod.invokeExplosively(FrameworkMethod.java:47)
	at org.junit.internal.runners.statements.InvokeMethod.evaluate(InvokeMethod.java:17)
	at org.junit.internal.runners.statements.FailOnTimeout$CallableStatement.call(FailOnTimeout.java:298)
	at org.junit.internal.runners.statements.FailOnTimeout$CallableStatement.call(FailOnTimeout.java:292)
	at java.util.concurrent.FutureTask.run(FutureTask.java:266)
	at java.lang.Thread.run(Thread.java:748)
36) test331(org.apache.commons.csv.CSVFormat_ESTest)
java.lang.NullPointerException
	at java.io.File.<init>(File.java:279)
	at org.evosuite.runtime.vfs.VirtualFileSystem.findFSObject(VirtualFileSystem.java:301)
	at org.evosuite.runtime.mock.java.io.MockFileOutputStream.<init>(MockFileOutputStream.java:95)
	at org.evosuite.runtime.mock.java.io.MockFileOutputStream.<init>(MockFileOutputStream.java:75)
	at org.apache.commons.csv.CSVFormat.print(CSVFormat.java:1031)
	at org.apache.commons.csv.CSVFormat_ESTest.test331(CSVFormat_ESTest.java:4098)
	at sun.reflect.NativeMethodAccessorImpl.invoke0(Native Method)
	at sun.reflect.NativeMethodAccessorImpl.invoke(NativeMethodAccessorImpl.java:62)
	at sun.reflect.DelegatingMethodAccessorImpl.invoke(DelegatingMethodAccessorImpl.java:43)
	at java.lang.reflect.Method.invoke(Method.java:498)
	at org.junit.runners.model.FrameworkMethod$1.runReflectiveCall(FrameworkMethod.java:50)
	at org.junit.internal.runners.model.ReflectiveCallable.run(ReflectiveCallable.java:12)
	at org.junit.runners.model.FrameworkMethod.invokeExplosively(FrameworkMethod.java:47)
	at org.junit.internal.runners.statements.InvokeMethod.evaluate(InvokeMethod.java:17)
	at org.junit.internal.runners.statements.FailOnTimeout$CallableStatement.call(FailOnTimeout.java:298)
	at org.junit.internal.runners.statements.FailOnTimeout$CallableStatement.call(FailOnTimeout.java:292)
	at java.util.concurrent.FutureTask.run(FutureTask.java:266)
	at java.lang.Thread.run(Thread.java:748)

FAILURES!!!
Tests run: 344,  Failures: 36

