JUnit version 3.8.2
......E...........E....E....E.E..E......E.....E...E..E...........E.E..E...............................E..E.E.E..E..E...E.E..E..E........E..E..E..E..E..E.E.E..E..E..E..E..E.E.E.E.E.E..E.E.E.E.......E.E.E.E.E
Time: 3.655
There were 50 failures:
1) test063(org.apache.commons.jxpath.ri.model.dom.DOMNodePointer_ESTest)
org.apache.commons.jxpath.JXPathException: Factory is not set on the JXPathContext - cannot create path: 
	at org.apache.commons.jxpath.ri.model.dom.DOMNodePointer.getAbstractFactory(DOMNodePointer.java:865)
	at org.apache.commons.jxpath.ri.model.dom.DOMNodePointer.createChild(DOMNodePointer.java:478)
	at org.apache.commons.jxpath.ri.model.dom.DOMNodePointer_ESTest.test063(DOMNodePointer_ESTest.java:1037)
	at sun.reflect.NativeMethodAccessorImpl.invoke0(Native Method)
	at sun.reflect.NativeMethodAccessorImpl.invoke(NativeMethodAccessorImpl.java:62)
	at sun.reflect.DelegatingMethodAccessorImpl.invoke(DelegatingMethodAccessorImpl.java:43)
	at java.lang.reflect.Method.invoke(Method.java:498)
	at org.junit.runners.model.FrameworkMethod$1.runReflectiveCall(FrameworkMethod.java:50)
	at org.junit.internal.runners.model.ReflectiveCallable.run(ReflectiveCallable.java:12)
	at org.junit.runners.model.FrameworkMethod.invokeExplosively(FrameworkMethod.java:47)
	at org.junit.internal.runners.statements.InvokeMethod.evaluate(InvokeMethod.java:17)
	at org.junit.internal.runners.statements.FailOnTimeout$CallableStatement.call(FailOnTimeout.java:298)
	at org.junit.internal.runners.statements.FailOnTimeout$CallableStatement.call(FailOnTimeout.java:292)
	at java.util.concurrent.FutureTask.run(FutureTask.java:266)
	at java.lang.Thread.run(Thread.java:748)
2) test110(org.apache.commons.jxpath.ri.model.dom.DOMNodePointer_ESTest)
java.lang.ArrayIndexOutOfBoundsException: 21
	at org.apache.xerces.dom.CoreDocumentImpl.isKidOK(Unknown Source)
	at org.apache.xerces.dom.ParentNode.internalInsertBefore(Unknown Source)
	at org.apache.xerces.dom.ParentNode.insertBefore(Unknown Source)
	at org.apache.xerces.dom.NodeImpl.appendChild(Unknown Source)
	at org.apache.commons.jxpath.ri.model.dom.DOMNodePointer.setValue(DOMNodePointer.java:453)
	at org.apache.commons.jxpath.ri.model.dom.DOMNodePointer_ESTest.test110(DOMNodePointer_ESTest.java:1602)
	at sun.reflect.NativeMethodAccessorImpl.invoke0(Native Method)
	at sun.reflect.NativeMethodAccessorImpl.invoke(NativeMethodAccessorImpl.java:62)
	at sun.reflect.DelegatingMethodAccessorImpl.invoke(DelegatingMethodAccessorImpl.java:43)
	at java.lang.reflect.Method.invoke(Method.java:498)
	at org.junit.runners.model.FrameworkMethod$1.runReflectiveCall(FrameworkMethod.java:50)
	at org.junit.internal.runners.model.ReflectiveCallable.run(ReflectiveCallable.java:12)
	at org.junit.runners.model.FrameworkMethod.invokeExplosively(FrameworkMethod.java:47)
	at org.junit.internal.runners.statements.InvokeMethod.evaluate(InvokeMethod.java:17)
	at org.junit.internal.runners.statements.FailOnTimeout$CallableStatement.call(FailOnTimeout.java:298)
	at org.junit.internal.runners.statements.FailOnTimeout$CallableStatement.call(FailOnTimeout.java:292)
	at java.util.concurrent.FutureTask.run(FutureTask.java:266)
	at java.lang.Thread.run(Thread.java:748)
3) test073(org.apache.commons.jxpath.ri.model.dom.DOMNodePointer_ESTest)
java.lang.NullPointerException
	at org.apache.commons.jxpath.ri.model.dom.DOMAttributeIterator.<init>(DOMAttributeIterator.java:47)
	at org.apache.commons.jxpath.ri.model.dom.DOMNodePointer.attributeIterator(DOMNodePointer.java:223)
	at org.apache.commons.jxpath.ri.model.dom.DOMNodePointer_ESTest.test073(DOMNodePointer_ESTest.java:1147)
	at sun.reflect.NativeMethodAccessorImpl.invoke0(Native Method)
	at sun.reflect.NativeMethodAccessorImpl.invoke(NativeMethodAccessorImpl.java:62)
	at sun.reflect.DelegatingMethodAccessorImpl.invoke(DelegatingMethodAccessorImpl.java:43)
	at java.lang.reflect.Method.invoke(Method.java:498)
	at org.junit.runners.model.FrameworkMethod$1.runReflectiveCall(FrameworkMethod.java:50)
	at org.junit.internal.runners.model.ReflectiveCallable.run(ReflectiveCallable.java:12)
	at org.junit.runners.model.FrameworkMethod.invokeExplosively(FrameworkMethod.java:47)
	at org.junit.internal.runners.statements.InvokeMethod.evaluate(InvokeMethod.java:17)
	at org.junit.internal.runners.statements.FailOnTimeout$CallableStatement.call(FailOnTimeout.java:298)
	at org.junit.internal.runners.statements.FailOnTimeout$CallableStatement.call(FailOnTimeout.java:292)
	at java.util.concurrent.FutureTask.run(FutureTask.java:266)
	at java.lang.Thread.run(Thread.java:748)
4) test107(org.apache.commons.jxpath.ri.model.dom.DOMNodePointer_ESTest)
java.lang.NullPointerException
	at org.apache.commons.jxpath.ri.model.dom.DOMNodePointer.getAbstractFactory(DOMNodePointer.java:863)
	at org.apache.commons.jxpath.ri.model.dom.DOMNodePointer.createChild(DOMNodePointer.java:478)
	at org.apache.commons.jxpath.ri.model.dom.DOMNodePointer_ESTest.test107(DOMNodePointer_ESTest.java:1553)
	at sun.reflect.NativeMethodAccessorImpl.invoke0(Native Method)
	at sun.reflect.NativeMethodAccessorImpl.invoke(NativeMethodAccessorImpl.java:62)
	at sun.reflect.DelegatingMethodAccessorImpl.invoke(DelegatingMethodAccessorImpl.java:43)
	at java.lang.reflect.Method.invoke(Method.java:498)
	at org.junit.runners.model.FrameworkMethod$1.runReflectiveCall(FrameworkMethod.java:50)
	at org.junit.internal.runners.model.ReflectiveCallable.run(ReflectiveCallable.java:12)
	at org.junit.runners.model.FrameworkMethod.invokeExplosively(FrameworkMethod.java:47)
	at org.junit.internal.runners.statements.InvokeMethod.evaluate(InvokeMethod.java:17)
	at org.junit.internal.runners.statements.FailOnTimeout$CallableStatement.call(FailOnTimeout.java:298)
	at org.junit.internal.runners.statements.FailOnTimeout$CallableStatement.call(FailOnTimeout.java:292)
	at java.util.concurrent.FutureTask.run(FutureTask.java:266)
	at java.lang.Thread.run(Thread.java:748)
5) test106(org.apache.commons.jxpath.ri.model.dom.DOMNodePointer_ESTest)
org.apache.commons.jxpath.JXPathException: Cannot create an attribute for path $Exception trying to remove all for xpath :org.apache.commons.jxpath.ri.JXPathContextReferenceImpl$1/text()[1]/@Exception trying to remove all for xpath :org.apache.commons.jxpath.ri.JXPathContextReferenceImpl$1, operation is not allowed for this type of node
	at org.apache.commons.jxpath.ri.model.NodePointer.createAttribute(NodePointer.java:473)
	at org.apache.commons.jxpath.ri.model.dom.DOMNodePointer.createAttribute(DOMNodePointer.java:518)
	at org.apache.commons.jxpath.ri.model.dom.DOMNodePointer_ESTest.test106(DOMNodePointer_ESTest.java:1534)
	at sun.reflect.NativeMethodAccessorImpl.invoke0(Native Method)
	at sun.reflect.NativeMethodAccessorImpl.invoke(NativeMethodAccessorImpl.java:62)
	at sun.reflect.DelegatingMethodAccessorImpl.invoke(DelegatingMethodAccessorImpl.java:43)
	at java.lang.reflect.Method.invoke(Method.java:498)
	at org.junit.runners.model.FrameworkMethod$1.runReflectiveCall(FrameworkMethod.java:50)
	at org.junit.internal.runners.model.ReflectiveCallable.run(ReflectiveCallable.java:12)
	at org.junit.runners.model.FrameworkMethod.invokeExplosively(FrameworkMethod.java:47)
	at org.junit.internal.runners.statements.InvokeMethod.evaluate(InvokeMethod.java:17)
	at org.junit.internal.runners.statements.FailOnTimeout$CallableStatement.call(FailOnTimeout.java:298)
	at org.junit.internal.runners.statements.FailOnTimeout$CallableStatement.call(FailOnTimeout.java:292)
	at java.util.concurrent.FutureTask.run(FutureTask.java:266)
	at java.lang.Thread.run(Thread.java:748)
6) test104(org.apache.commons.jxpath.ri.model.dom.DOMNodePointer_ESTest)
org.apache.commons.jxpath.JXPathException: Cannot remove root DOM node
	at org.apache.commons.jxpath.ri.model.dom.DOMNodePointer.remove(DOMNodePointer.java:550)
	at org.apache.commons.jxpath.ri.model.dom.DOMNodePointer_ESTest.test104(DOMNodePointer_ESTest.java:1502)
	at sun.reflect.NativeMethodAccessorImpl.invoke0(Native Method)
	at sun.reflect.NativeMethodAccessorImpl.invoke(NativeMethodAccessorImpl.java:62)
	at sun.reflect.DelegatingMethodAccessorImpl.invoke(DelegatingMethodAccessorImpl.java:43)
	at java.lang.reflect.Method.invoke(Method.java:498)
	at org.junit.runners.model.FrameworkMethod$1.runReflectiveCall(FrameworkMethod.java:50)
	at org.junit.internal.runners.model.ReflectiveCallable.run(ReflectiveCallable.java:12)
	at org.junit.runners.model.FrameworkMethod.invokeExplosively(FrameworkMethod.java:47)
	at org.junit.internal.runners.statements.InvokeMethod.evaluate(InvokeMethod.java:17)
	at org.junit.internal.runners.statements.FailOnTimeout$CallableStatement.call(FailOnTimeout.java:298)
	at org.junit.internal.runners.statements.FailOnTimeout$CallableStatement.call(FailOnTimeout.java:292)
	at java.util.concurrent.FutureTask.run(FutureTask.java:266)
	at java.lang.Thread.run(Thread.java:748)
7) test109(org.apache.commons.jxpath.ri.model.dom.DOMNodePointer_ESTest)
java.lang.NullPointerException
	at org.apache.xerces.dom.ParentNode.internalInsertBefore(Unknown Source)
	at org.apache.xerces.dom.ParentNode.insertBefore(Unknown Source)
	at org.apache.xerces.dom.NodeImpl.appendChild(Unknown Source)
	at org.apache.commons.jxpath.ri.model.dom.DOMNodePointer.setValue(DOMNodePointer.java:449)
	at org.apache.commons.jxpath.ri.model.dom.DOMNodePointer_ESTest.test109(DOMNodePointer_ESTest.java:1584)
	at sun.reflect.NativeMethodAccessorImpl.invoke0(Native Method)
	at sun.reflect.NativeMethodAccessorImpl.invoke(NativeMethodAccessorImpl.java:62)
	at sun.reflect.DelegatingMethodAccessorImpl.invoke(DelegatingMethodAccessorImpl.java:43)
	at java.lang.reflect.Method.invoke(Method.java:498)
	at org.junit.runners.model.FrameworkMethod$1.runReflectiveCall(FrameworkMethod.java:50)
	at org.junit.internal.runners.model.ReflectiveCallable.run(ReflectiveCallable.java:12)
	at org.junit.runners.model.FrameworkMethod.invokeExplosively(FrameworkMethod.java:47)
	at org.junit.internal.runners.statements.InvokeMethod.evaluate(InvokeMethod.java:17)
	at org.junit.internal.runners.statements.FailOnTimeout$CallableStatement.call(FailOnTimeout.java:298)
	at org.junit.internal.runners.statements.FailOnTimeout$CallableStatement.call(FailOnTimeout.java:292)
	at java.util.concurrent.FutureTask.run(FutureTask.java:266)
	at java.lang.Thread.run(Thread.java:748)
8) test122(org.apache.commons.jxpath.ri.model.dom.DOMNodePointer_ESTest)
org.apache.commons.jxpath.JXPathException: Unknown namespace prefix: 
	at org.apache.commons.jxpath.ri.model.dom.DOMNodePointer.createAttribute(DOMNodePointer.java:529)
	at org.apache.commons.jxpath.ri.model.dom.DOMNodePointer_ESTest.test122(DOMNodePointer_ESTest.java:1782)
	at sun.reflect.NativeMethodAccessorImpl.invoke0(Native Method)
	at sun.reflect.NativeMethodAccessorImpl.invoke(NativeMethodAccessorImpl.java:62)
	at sun.reflect.DelegatingMethodAccessorImpl.invoke(DelegatingMethodAccessorImpl.java:43)
	at java.lang.reflect.Method.invoke(Method.java:498)
	at org.junit.runners.model.FrameworkMethod$1.runReflectiveCall(FrameworkMethod.java:50)
	at org.junit.internal.runners.model.ReflectiveCallable.run(ReflectiveCallable.java:12)
	at org.junit.runners.model.FrameworkMethod.invokeExplosively(FrameworkMethod.java:47)
	at org.junit.internal.runners.statements.InvokeMethod.evaluate(InvokeMethod.java:17)
	at org.junit.internal.runners.statements.FailOnTimeout$CallableStatement.call(FailOnTimeout.java:298)
	at org.junit.internal.runners.statements.FailOnTimeout$CallableStatement.call(FailOnTimeout.java:292)
	at java.util.concurrent.FutureTask.run(FutureTask.java:266)
	at java.lang.Thread.run(Thread.java:748)
9) test121(org.apache.commons.jxpath.ri.model.dom.DOMNodePointer_ESTest)
org.apache.commons.jxpath.JXPathNotFoundException: No pointer for xpath: xml:space
	at org.apache.commons.jxpath.ri.JXPathContextReferenceImpl.getPointer(JXPathContextReferenceImpl.java:414)
	at org.apache.commons.jxpath.ri.JXPathContextReferenceImpl.getPointer(JXPathContextReferenceImpl.java:404)
	at org.apache.commons.jxpath.ri.model.dom.DOMNodePointer_ESTest.test121(DOMNodePointer_ESTest.java:1761)
	at sun.reflect.NativeMethodAccessorImpl.invoke0(Native Method)
	at sun.reflect.NativeMethodAccessorImpl.invoke(NativeMethodAccessorImpl.java:62)
	at sun.reflect.DelegatingMethodAccessorImpl.invoke(DelegatingMethodAccessorImpl.java:43)
	at java.lang.reflect.Method.invoke(Method.java:498)
	at org.junit.runners.model.FrameworkMethod$1.runReflectiveCall(FrameworkMethod.java:50)
	at org.junit.internal.runners.model.ReflectiveCallable.run(ReflectiveCallable.java:12)
	at org.junit.runners.model.FrameworkMethod.invokeExplosively(FrameworkMethod.java:47)
	at org.junit.internal.runners.statements.InvokeMethod.evaluate(InvokeMethod.java:17)
	at org.junit.internal.runners.statements.FailOnTimeout$CallableStatement.call(FailOnTimeout.java:298)
	at org.junit.internal.runners.statements.FailOnTimeout$CallableStatement.call(FailOnTimeout.java:292)
	at java.util.concurrent.FutureTask.run(FutureTask.java:266)
	at java.lang.Thread.run(Thread.java:748)
10) test120(org.apache.commons.jxpath.ri.model.dom.DOMNodePointer_ESTest)
org.w3c.dom.DOMException: INVALID_CHARACTER_ERR: An invalid or illegal XML character is specified. 
	at org.apache.xerces.dom.CoreDocumentImpl.checkQName(Unknown Source)
	at org.apache.xerces.dom.AttrNSImpl.setName(Unknown Source)
	at org.apache.xerces.dom.AttrNSImpl.<init>(Unknown Source)
	at org.apache.xerces.dom.CoreDocumentImpl.createAttributeNS(Unknown Source)
	at org.apache.xerces.dom.ElementImpl.setAttributeNS(Unknown Source)
	at org.apache.commons.jxpath.ri.model.dom.DOMNodePointer.createAttribute(DOMNodePointer.java:532)
	at org.apache.commons.jxpath.ri.model.dom.DOMNodePointer_ESTest.test120(DOMNodePointer_ESTest.java:1744)
	at sun.reflect.NativeMethodAccessorImpl.invoke0(Native Method)
	at sun.reflect.NativeMethodAccessorImpl.invoke(NativeMethodAccessorImpl.java:62)
	at sun.reflect.DelegatingMethodAccessorImpl.invoke(DelegatingMethodAccessorImpl.java:43)
	at java.lang.reflect.Method.invoke(Method.java:498)
	at org.junit.runners.model.FrameworkMethod$1.runReflectiveCall(FrameworkMethod.java:50)
	at org.junit.internal.runners.model.ReflectiveCallable.run(ReflectiveCallable.java:12)
	at org.junit.runners.model.FrameworkMethod.invokeExplosively(FrameworkMethod.java:47)
	at org.junit.internal.runners.statements.InvokeMethod.evaluate(InvokeMethod.java:17)
	at org.junit.internal.runners.statements.FailOnTimeout$CallableStatement.call(FailOnTimeout.java:298)
	at org.junit.internal.runners.statements.FailOnTimeout$CallableStatement.call(FailOnTimeout.java:292)
	at java.util.concurrent.FutureTask.run(FutureTask.java:266)
	at java.lang.Thread.run(Thread.java:748)
11) test114(org.apache.commons.jxpath.ri.model.dom.DOMNodePointer_ESTest)
java.lang.NullPointerException
	at org.apache.xerces.dom.CharacterDataImpl.setNodeValueInternal(Unknown Source)
	at org.apache.xerces.dom.CharacterDataImpl.setNodeValue(Unknown Source)
	at org.apache.commons.jxpath.ri.model.dom.DOMNodePointer.setValue(DOMNodePointer.java:428)
	at org.apache.commons.jxpath.ri.model.dom.DOMNodePointer_ESTest.test114(DOMNodePointer_ESTest.java:1674)
	at sun.reflect.NativeMethodAccessorImpl.invoke0(Native Method)
	at sun.reflect.NativeMethodAccessorImpl.invoke(NativeMethodAccessorImpl.java:62)
	at sun.reflect.DelegatingMethodAccessorImpl.invoke(DelegatingMethodAccessorImpl.java:43)
	at java.lang.reflect.Method.invoke(Method.java:498)
	at org.junit.runners.model.FrameworkMethod$1.runReflectiveCall(FrameworkMethod.java:50)
	at org.junit.internal.runners.model.ReflectiveCallable.run(ReflectiveCallable.java:12)
	at org.junit.runners.model.FrameworkMethod.invokeExplosively(FrameworkMethod.java:47)
	at org.junit.internal.runners.statements.InvokeMethod.evaluate(InvokeMethod.java:17)
	at org.junit.internal.runners.statements.FailOnTimeout$CallableStatement.call(FailOnTimeout.java:298)
	at org.junit.internal.runners.statements.FailOnTimeout$CallableStatement.call(FailOnTimeout.java:292)
	at java.util.concurrent.FutureTask.run(FutureTask.java:266)
	at java.lang.Thread.run(Thread.java:748)
12) test113(org.apache.commons.jxpath.ri.model.dom.DOMNodePointer_ESTest)
java.lang.NullPointerException
	at org.apache.commons.jxpath.ri.model.dom.DOMNodePointer.setValue(DOMNodePointer.java:431)
	at org.apache.commons.jxpath.ri.model.dom.DOMNodePointer_ESTest.test113(DOMNodePointer_ESTest.java:1654)
	at sun.reflect.NativeMethodAccessorImpl.invoke0(Native Method)
	at sun.reflect.NativeMethodAccessorImpl.invoke(NativeMethodAccessorImpl.java:62)
	at sun.reflect.DelegatingMethodAccessorImpl.invoke(DelegatingMethodAccessorImpl.java:43)
	at java.lang.reflect.Method.invoke(Method.java:498)
	at org.junit.runners.model.FrameworkMethod$1.runReflectiveCall(FrameworkMethod.java:50)
	at org.junit.internal.runners.model.ReflectiveCallable.run(ReflectiveCallable.java:12)
	at org.junit.runners.model.FrameworkMethod.invokeExplosively(FrameworkMethod.java:47)
	at org.junit.internal.runners.statements.InvokeMethod.evaluate(InvokeMethod.java:17)
	at org.junit.internal.runners.statements.FailOnTimeout$CallableStatement.call(FailOnTimeout.java:298)
	at org.junit.internal.runners.statements.FailOnTimeout$CallableStatement.call(FailOnTimeout.java:292)
	at java.util.concurrent.FutureTask.run(FutureTask.java:266)
	at java.lang.Thread.run(Thread.java:748)
13) test112(org.apache.commons.jxpath.ri.model.dom.DOMNodePointer_ESTest)
java.lang.NullPointerException
	at org.apache.commons.jxpath.ri.model.dom.DOMNodePointer.setValue(DOMNodePointer.java:431)
	at org.apache.commons.jxpath.ri.model.dom.DOMNodePointer_ESTest.test112(DOMNodePointer_ESTest.java:1633)
	at sun.reflect.NativeMethodAccessorImpl.invoke0(Native Method)
	at sun.reflect.NativeMethodAccessorImpl.invoke(NativeMethodAccessorImpl.java:62)
	at sun.reflect.DelegatingMethodAccessorImpl.invoke(DelegatingMethodAccessorImpl.java:43)
	at java.lang.reflect.Method.invoke(Method.java:498)
	at org.junit.runners.model.FrameworkMethod$1.runReflectiveCall(FrameworkMethod.java:50)
	at org.junit.internal.runners.model.ReflectiveCallable.run(ReflectiveCallable.java:12)
	at org.junit.runners.model.FrameworkMethod.invokeExplosively(FrameworkMethod.java:47)
	at org.junit.internal.runners.statements.InvokeMethod.evaluate(InvokeMethod.java:17)
	at org.junit.internal.runners.statements.FailOnTimeout$CallableStatement.call(FailOnTimeout.java:298)
	at org.junit.internal.runners.statements.FailOnTimeout$CallableStatement.call(FailOnTimeout.java:292)
	at java.util.concurrent.FutureTask.run(FutureTask.java:266)
	at java.lang.Thread.run(Thread.java:748)
14) test002(org.apache.commons.jxpath.ri.model.dom.DOMNodePointer_ESTest)
org.w3c.dom.DOMException: HIERARCHY_REQUEST_ERR: An attempt was made to insert a node where it is not permitted. 
	at org.apache.xerces.dom.ParentNode.internalInsertBefore(Unknown Source)
	at org.apache.xerces.dom.ParentNode.insertBefore(Unknown Source)
	at org.apache.xerces.dom.CoreDocumentImpl.insertBefore(Unknown Source)
	at org.apache.xerces.dom.NodeImpl.appendChild(Unknown Source)
	at org.apache.commons.jxpath.ri.model.dom.DOMNodePointer.setValue(DOMNodePointer.java:449)
	at org.apache.commons.jxpath.ri.model.dom.DOMNodePointer_ESTest.test002(DOMNodePointer_ESTest.java:116)
	at sun.reflect.NativeMethodAccessorImpl.invoke0(Native Method)
	at sun.reflect.NativeMethodAccessorImpl.invoke(NativeMethodAccessorImpl.java:62)
	at sun.reflect.DelegatingMethodAccessorImpl.invoke(DelegatingMethodAccessorImpl.java:43)
	at java.lang.reflect.Method.invoke(Method.java:498)
	at org.junit.runners.model.FrameworkMethod$1.runReflectiveCall(FrameworkMethod.java:50)
	at org.junit.internal.runners.model.ReflectiveCallable.run(ReflectiveCallable.java:12)
	at org.junit.runners.model.FrameworkMethod.invokeExplosively(FrameworkMethod.java:47)
	at org.junit.internal.runners.statements.InvokeMethod.evaluate(InvokeMethod.java:17)
	at org.junit.internal.runners.statements.FailOnTimeout$CallableStatement.call(FailOnTimeout.java:298)
	at org.junit.internal.runners.statements.FailOnTimeout$CallableStatement.call(FailOnTimeout.java:292)
	at java.util.concurrent.FutureTask.run(FutureTask.java:266)
	at java.lang.Thread.run(Thread.java:748)
15) test023(org.apache.commons.jxpath.ri.model.dom.DOMNodePointer_ESTest)
java.lang.NullPointerException
	at org.apache.commons.jxpath.ri.model.dom.DOMNodePointer.isLeaf(DOMNodePointer.java:371)
	at org.apache.commons.jxpath.ri.model.dom.DOMNodePointer_ESTest.test023(DOMNodePointer_ESTest.java:402)
	at sun.reflect.NativeMethodAccessorImpl.invoke0(Native Method)
	at sun.reflect.NativeMethodAccessorImpl.invoke(NativeMethodAccessorImpl.java:62)
	at sun.reflect.DelegatingMethodAccessorImpl.invoke(DelegatingMethodAccessorImpl.java:43)
	at java.lang.reflect.Method.invoke(Method.java:498)
	at org.junit.runners.model.FrameworkMethod$1.runReflectiveCall(FrameworkMethod.java:50)
	at org.junit.internal.runners.model.ReflectiveCallable.run(ReflectiveCallable.java:12)
	at org.junit.runners.model.FrameworkMethod.invokeExplosively(FrameworkMethod.java:47)
	at org.junit.internal.runners.statements.InvokeMethod.evaluate(InvokeMethod.java:17)
	at org.junit.internal.runners.statements.FailOnTimeout$CallableStatement.call(FailOnTimeout.java:298)
	at org.junit.internal.runners.statements.FailOnTimeout$CallableStatement.call(FailOnTimeout.java:292)
	at java.util.concurrent.FutureTask.run(FutureTask.java:266)
	at java.lang.Thread.run(Thread.java:748)
16) test144(org.apache.commons.jxpath.ri.model.dom.DOMNodePointer_ESTest)
java.lang.NullPointerException
	at org.apache.commons.jxpath.ri.model.VariablePointer.getBaseValue(VariablePointer.java:86)
	at org.apache.commons.jxpath.ri.model.VariablePointer.getImmediateNode(VariablePointer.java:109)
	at org.apache.commons.jxpath.ri.model.VariablePointer.getImmediateValuePointer(VariablePointer.java:153)
	at org.apache.commons.jxpath.ri.model.NodePointer.getValuePointer(NodePointer.java:246)
	at org.apache.commons.jxpath.ri.model.NodePointer.getNode(NodePointer.java:308)
	at org.apache.commons.jxpath.ri.model.dom.DOMNodeIterator.<init>(DOMNodeIterator.java:47)
	at org.apache.commons.jxpath.ri.model.dom.DOMNodePointer.childIterator(DOMNodePointer.java:216)
	at org.apache.commons.jxpath.ri.model.dom.DOMNodePointer_ESTest.test144(DOMNodePointer_ESTest.java:1994)
	at sun.reflect.NativeMethodAccessorImpl.invoke0(Native Method)
	at sun.reflect.NativeMethodAccessorImpl.invoke(NativeMethodAccessorImpl.java:62)
	at sun.reflect.DelegatingMethodAccessorImpl.invoke(DelegatingMethodAccessorImpl.java:43)
	at java.lang.reflect.Method.invoke(Method.java:498)
	at org.junit.runners.model.FrameworkMethod$1.runReflectiveCall(FrameworkMethod.java:50)
	at org.junit.internal.runners.model.ReflectiveCallable.run(ReflectiveCallable.java:12)
	at org.junit.runners.model.FrameworkMethod.invokeExplosively(FrameworkMethod.java:47)
	at org.junit.internal.runners.statements.InvokeMethod.evaluate(InvokeMethod.java:17)
	at org.junit.internal.runners.statements.FailOnTimeout$CallableStatement.call(FailOnTimeout.java:298)
	at org.junit.internal.runners.statements.FailOnTimeout$CallableStatement.call(FailOnTimeout.java:292)
	at java.util.concurrent.FutureTask.run(FutureTask.java:266)
	at java.lang.Thread.run(Thread.java:748)
17) test022(org.apache.commons.jxpath.ri.model.dom.DOMNodePointer_ESTest)
java.lang.NullPointerException
	at org.apache.commons.jxpath.ri.model.dom.DOMNamespaceIterator.collectNamespaces(DOMNamespaceIterator.java:63)
	at org.apache.commons.jxpath.ri.model.dom.DOMNamespaceIterator.<init>(DOMNamespaceIterator.java:47)
	at org.apache.commons.jxpath.ri.model.dom.DOMNodePointer.namespaceIterator(DOMNodePointer.java:237)
	at org.apache.commons.jxpath.ri.model.dom.DOMNodePointer_ESTest.test022(DOMNodePointer_ESTest.java:385)
	at sun.reflect.NativeMethodAccessorImpl.invoke0(Native Method)
	at sun.reflect.NativeMethodAccessorImpl.invoke(NativeMethodAccessorImpl.java:62)
	at sun.reflect.DelegatingMethodAccessorImpl.invoke(DelegatingMethodAccessorImpl.java:43)
	at java.lang.reflect.Method.invoke(Method.java:498)
	at org.junit.runners.model.FrameworkMethod$1.runReflectiveCall(FrameworkMethod.java:50)
	at org.junit.internal.runners.model.ReflectiveCallable.run(ReflectiveCallable.java:12)
	at org.junit.runners.model.FrameworkMethod.invokeExplosively(FrameworkMethod.java:47)
	at org.junit.internal.runners.statements.InvokeMethod.evaluate(InvokeMethod.java:17)
	at org.junit.internal.runners.statements.FailOnTimeout$CallableStatement.call(FailOnTimeout.java:298)
	at org.junit.internal.runners.statements.FailOnTimeout$CallableStatement.call(FailOnTimeout.java:292)
	at java.util.concurrent.FutureTask.run(FutureTask.java:266)
	at java.lang.Thread.run(Thread.java:748)
18) test021(org.apache.commons.jxpath.ri.model.dom.DOMNodePointer_ESTest)
org.w3c.dom.DOMException: NO_MODIFICATION_ALLOWED_ERR: An attempt is made to modify an object where modifications are not allowed.
	at org.apache.xerces.dom.ParentNode.internalInsertBefore(Unknown Source)
	at org.apache.xerces.dom.ParentNode.insertBefore(Unknown Source)
	at org.apache.xerces.dom.CoreDocumentImpl.insertBefore(Unknown Source)
	at org.apache.xerces.dom.NodeImpl.appendChild(Unknown Source)
	at org.apache.html.dom.HTMLDocumentImpl.getDocumentElement(Unknown Source)
	at org.apache.commons.jxpath.ri.model.dom.DOMNamespaceIterator.collectNamespaces(DOMNamespaceIterator.java:61)
	at org.apache.commons.jxpath.ri.model.dom.DOMNamespaceIterator.<init>(DOMNamespaceIterator.java:47)
	at org.apache.commons.jxpath.ri.model.dom.DOMNodePointer.namespaceIterator(DOMNodePointer.java:237)
	at org.apache.commons.jxpath.ri.model.dom.DOMNodePointer_ESTest.test021(DOMNodePointer_ESTest.java:365)
	at sun.reflect.NativeMethodAccessorImpl.invoke0(Native Method)
	at sun.reflect.NativeMethodAccessorImpl.invoke(NativeMethodAccessorImpl.java:62)
	at sun.reflect.DelegatingMethodAccessorImpl.invoke(DelegatingMethodAccessorImpl.java:43)
	at java.lang.reflect.Method.invoke(Method.java:498)
	at org.junit.runners.model.FrameworkMethod$1.runReflectiveCall(FrameworkMethod.java:50)
	at org.junit.internal.runners.model.ReflectiveCallable.run(ReflectiveCallable.java:12)
	at org.junit.runners.model.FrameworkMethod.invokeExplosively(FrameworkMethod.java:47)
	at org.junit.internal.runners.statements.InvokeMethod.evaluate(InvokeMethod.java:17)
	at org.junit.internal.runners.statements.FailOnTimeout$CallableStatement.call(FailOnTimeout.java:298)
	at org.junit.internal.runners.statements.FailOnTimeout$CallableStatement.call(FailOnTimeout.java:292)
	at java.util.concurrent.FutureTask.run(FutureTask.java:266)
	at java.lang.Thread.run(Thread.java:748)
19) test020(org.apache.commons.jxpath.ri.model.dom.DOMNodePointer_ESTest)
java.lang.NullPointerException
	at org.apache.commons.jxpath.ri.model.dom.DOMNodePointer.remove(DOMNodePointer.java:548)
	at org.apache.commons.jxpath.ri.model.dom.DOMNodePointer_ESTest.test020(DOMNodePointer_ESTest.java:347)
	at sun.reflect.NativeMethodAccessorImpl.invoke0(Native Method)
	at sun.reflect.NativeMethodAccessorImpl.invoke(NativeMethodAccessorImpl.java:62)
	at sun.reflect.DelegatingMethodAccessorImpl.invoke(DelegatingMethodAccessorImpl.java:43)
	at java.lang.reflect.Method.invoke(Method.java:498)
	at org.junit.runners.model.FrameworkMethod$1.runReflectiveCall(FrameworkMethod.java:50)
	at org.junit.internal.runners.model.ReflectiveCallable.run(ReflectiveCallable.java:12)
	at org.junit.runners.model.FrameworkMethod.invokeExplosively(FrameworkMethod.java:47)
	at org.junit.internal.runners.statements.InvokeMethod.evaluate(InvokeMethod.java:17)
	at org.junit.internal.runners.statements.FailOnTimeout$CallableStatement.call(FailOnTimeout.java:298)
	at org.junit.internal.runners.statements.FailOnTimeout$CallableStatement.call(FailOnTimeout.java:292)
	at java.util.concurrent.FutureTask.run(FutureTask.java:266)
	at java.lang.Thread.run(Thread.java:748)
20) test019(org.apache.commons.jxpath.ri.model.dom.DOMNodePointer_ESTest)
org.evosuite.runtime.mock.java.lang.MockIllegalArgumentException: No such variable: '1J@l/"tTXaPQe{,H 6:org.apache.commons.jxpath.ri.compiler.NameAttributeTest'
	at org.apache.commons.jxpath.BasicVariables.getVariable(BasicVariables.java:61)
	at org.apache.commons.jxpath.ri.model.VariablePointer.getBaseValue(VariablePointer.java:86)
	at org.apache.commons.jxpath.ri.model.VariablePointer.getImmediateNode(VariablePointer.java:109)
	at org.apache.commons.jxpath.ri.model.VariablePointer.getImmediateValuePointer(VariablePointer.java:153)
	at org.apache.commons.jxpath.ri.model.NodePointer.getValuePointer(NodePointer.java:246)
	at org.apache.commons.jxpath.ri.model.NodePointer.getValue(NodePointer.java:220)
	at org.apache.commons.jxpath.util.BasicTypeConverter.convert(BasicTypeConverter.java:235)
	at org.apache.commons.jxpath.util.TypeUtils.convert(TypeUtils.java:77)
	at org.apache.commons.jxpath.ri.model.dom.DOMNodePointer.setValue(DOMNodePointer.java:457)
	at org.apache.commons.jxpath.ri.model.dom.DOMNodePointer_ESTest.test019(DOMNodePointer_ESTest.java:330)
	at sun.reflect.NativeMethodAccessorImpl.invoke0(Native Method)
	at sun.reflect.NativeMethodAccessorImpl.invoke(NativeMethodAccessorImpl.java:62)
	at sun.reflect.DelegatingMethodAccessorImpl.invoke(DelegatingMethodAccessorImpl.java:43)
	at java.lang.reflect.Method.invoke(Method.java:498)
	at org.junit.runners.model.FrameworkMethod$1.runReflectiveCall(FrameworkMethod.java:50)
	at org.junit.internal.runners.model.ReflectiveCallable.run(ReflectiveCallable.java:12)
	at org.junit.runners.model.FrameworkMethod.invokeExplosively(FrameworkMethod.java:47)
	at org.junit.internal.runners.statements.InvokeMethod.evaluate(InvokeMethod.java:17)
	at org.junit.internal.runners.statements.FailOnTimeout$CallableStatement.call(FailOnTimeout.java:298)
	at org.junit.internal.runners.statements.FailOnTimeout$CallableStatement.call(FailOnTimeout.java:292)
	at java.util.concurrent.FutureTask.run(FutureTask.java:266)
	at java.lang.Thread.run(Thread.java:748)
21) test018(org.apache.commons.jxpath.ri.model.dom.DOMNodePointer_ESTest)
org.apache.commons.jxpath.JXPathException: Undefined variable: P:
	at org.apache.commons.jxpath.ri.model.VariablePointer$1.getImmediateNode(VariablePointer.java:160)
	at org.apache.commons.jxpath.ri.model.NodePointer.getNode(NodePointer.java:308)
	at org.apache.commons.jxpath.ri.model.NodePointer.getValue(NodePointer.java:225)
	at org.apache.commons.jxpath.ri.model.NodePointer.getValue(NodePointer.java:222)
	at org.apache.commons.jxpath.util.BasicTypeConverter.convert(BasicTypeConverter.java:235)
	at org.apache.commons.jxpath.util.TypeUtils.convert(TypeUtils.java:77)
	at org.apache.commons.jxpath.ri.model.dom.DOMNodePointer.setValue(DOMNodePointer.java:457)
	at org.apache.commons.jxpath.ri.model.dom.DOMNodePointer_ESTest.test018(DOMNodePointer_ESTest.java:306)
	at sun.reflect.NativeMethodAccessorImpl.invoke0(Native Method)
	at sun.reflect.NativeMethodAccessorImpl.invoke(NativeMethodAccessorImpl.java:62)
	at sun.reflect.DelegatingMethodAccessorImpl.invoke(DelegatingMethodAccessorImpl.java:43)
	at java.lang.reflect.Method.invoke(Method.java:498)
	at org.junit.runners.model.FrameworkMethod$1.runReflectiveCall(FrameworkMethod.java:50)
	at org.junit.internal.runners.model.ReflectiveCallable.run(ReflectiveCallable.java:12)
	at org.junit.runners.model.FrameworkMethod.invokeExplosively(FrameworkMethod.java:47)
	at org.junit.internal.runners.statements.InvokeMethod.evaluate(InvokeMethod.java:17)
	at org.junit.internal.runners.statements.FailOnTimeout$CallableStatement.call(FailOnTimeout.java:298)
	at org.junit.internal.runners.statements.FailOnTimeout$CallableStatement.call(FailOnTimeout.java:292)
	at java.util.concurrent.FutureTask.run(FutureTask.java:266)
	at java.lang.Thread.run(Thread.java:748)
22) test017(org.apache.commons.jxpath.ri.model.dom.DOMNodePointer_ESTest)
java.lang.NullPointerException
	at org.apache.commons.jxpath.ri.model.dom.DOMNodePointer.testNode(DOMNodePointer.java:144)
	at org.apache.commons.jxpath.ri.model.dom.DOMNodePointer.testNode(DOMNodePointer.java:108)
	at org.apache.commons.jxpath.ri.model.dom.DOMNodePointer_ESTest.test017(DOMNodePointer_ESTest.java:285)
	at sun.reflect.NativeMethodAccessorImpl.invoke0(Native Method)
	at sun.reflect.NativeMethodAccessorImpl.invoke(NativeMethodAccessorImpl.java:62)
	at sun.reflect.DelegatingMethodAccessorImpl.invoke(DelegatingMethodAccessorImpl.java:43)
	at java.lang.reflect.Method.invoke(Method.java:498)
	at org.junit.runners.model.FrameworkMethod$1.runReflectiveCall(FrameworkMethod.java:50)
	at org.junit.internal.runners.model.ReflectiveCallable.run(ReflectiveCallable.java:12)
	at org.junit.runners.model.FrameworkMethod.invokeExplosively(FrameworkMethod.java:47)
	at org.junit.internal.runners.statements.InvokeMethod.evaluate(InvokeMethod.java:17)
	at org.junit.internal.runners.statements.FailOnTimeout$CallableStatement.call(FailOnTimeout.java:298)
	at org.junit.internal.runners.statements.FailOnTimeout$CallableStatement.call(FailOnTimeout.java:292)
	at java.util.concurrent.FutureTask.run(FutureTask.java:266)
	at java.lang.Thread.run(Thread.java:748)
23) test016(org.apache.commons.jxpath.ri.model.dom.DOMNodePointer_ESTest)
java.lang.NullPointerException
	at org.apache.commons.jxpath.ri.model.dom.DOMNodePointer.testNode(DOMNodePointer.java:144)
	at org.apache.commons.jxpath.ri.model.dom.DOMNodePointer_ESTest.test016(DOMNodePointer_ESTest.java:267)
	at sun.reflect.NativeMethodAccessorImpl.invoke0(Native Method)
	at sun.reflect.NativeMethodAccessorImpl.invoke(NativeMethodAccessorImpl.java:62)
	at sun.reflect.DelegatingMethodAccessorImpl.invoke(DelegatingMethodAccessorImpl.java:43)
	at java.lang.reflect.Method.invoke(Method.java:498)
	at org.junit.runners.model.FrameworkMethod$1.runReflectiveCall(FrameworkMethod.java:50)
	at org.junit.internal.runners.model.ReflectiveCallable.run(ReflectiveCallable.java:12)
	at org.junit.runners.model.FrameworkMethod.invokeExplosively(FrameworkMethod.java:47)
	at org.junit.internal.runners.statements.InvokeMethod.evaluate(InvokeMethod.java:17)
	at org.junit.internal.runners.statements.FailOnTimeout$CallableStatement.call(FailOnTimeout.java:298)
	at org.junit.internal.runners.statements.FailOnTimeout$CallableStatement.call(FailOnTimeout.java:292)
	at java.util.concurrent.FutureTask.run(FutureTask.java:266)
	at java.lang.Thread.run(Thread.java:748)
24) test034(org.apache.commons.jxpath.ri.model.dom.DOMNodePointer_ESTest)
java.lang.NullPointerException
	at org.apache.commons.jxpath.ri.model.dom.DOMNodePointer.getName(DOMNodePointer.java:190)
	at org.apache.commons.jxpath.ri.model.dom.DOMNodePointer_ESTest.test034(DOMNodePointer_ESTest.java:592)
	at sun.reflect.NativeMethodAccessorImpl.invoke0(Native Method)
	at sun.reflect.NativeMethodAccessorImpl.invoke(NativeMethodAccessorImpl.java:62)
	at sun.reflect.DelegatingMethodAccessorImpl.invoke(DelegatingMethodAccessorImpl.java:43)
	at java.lang.reflect.Method.invoke(Method.java:498)
	at org.junit.runners.model.FrameworkMethod$1.runReflectiveCall(FrameworkMethod.java:50)
	at org.junit.internal.runners.model.ReflectiveCallable.run(ReflectiveCallable.java:12)
	at org.junit.runners.model.FrameworkMethod.invokeExplosively(FrameworkMethod.java:47)
	at org.junit.internal.runners.statements.InvokeMethod.evaluate(InvokeMethod.java:17)
	at org.junit.internal.runners.statements.FailOnTimeout$CallableStatement.call(FailOnTimeout.java:298)
	at org.junit.internal.runners.statements.FailOnTimeout$CallableStatement.call(FailOnTimeout.java:292)
	at java.util.concurrent.FutureTask.run(FutureTask.java:266)
	at java.lang.Thread.run(Thread.java:748)
25) test033(org.apache.commons.jxpath.ri.model.dom.DOMNodePointer_ESTest)
java.lang.ClassCastException: org.apache.xerces.dom.DocumentTypeImpl cannot be cast to org.w3c.dom.Element
	at org.apache.commons.jxpath.ri.model.dom.DOMNodePointer.getNamespaceURI(DOMNodePointer.java:781)
	at org.apache.commons.jxpath.ri.model.dom.DOMNodePointer.getNamespaceURI(DOMNodePointer.java:205)
	at org.apache.commons.jxpath.ri.model.dom.DOMNodePointer_ESTest.test033(DOMNodePointer_ESTest.java:575)
	at sun.reflect.NativeMethodAccessorImpl.invoke0(Native Method)
	at sun.reflect.NativeMethodAccessorImpl.invoke(NativeMethodAccessorImpl.java:62)
	at sun.reflect.DelegatingMethodAccessorImpl.invoke(DelegatingMethodAccessorImpl.java:43)
	at java.lang.reflect.Method.invoke(Method.java:498)
	at org.junit.runners.model.FrameworkMethod$1.runReflectiveCall(FrameworkMethod.java:50)
	at org.junit.internal.runners.model.ReflectiveCallable.run(ReflectiveCallable.java:12)
	at org.junit.runners.model.FrameworkMethod.invokeExplosively(FrameworkMethod.java:47)
	at org.junit.internal.runners.statements.InvokeMethod.evaluate(InvokeMethod.java:17)
	at org.junit.internal.runners.statements.FailOnTimeout$CallableStatement.call(FailOnTimeout.java:298)
	at org.junit.internal.runners.statements.FailOnTimeout$CallableStatement.call(FailOnTimeout.java:292)
	at java.util.concurrent.FutureTask.run(FutureTask.java:266)
	at java.lang.Thread.run(Thread.java:748)
26) test032(org.apache.commons.jxpath.ri.model.dom.DOMNodePointer_ESTest)
java.lang.NullPointerException
	at org.apache.xerces.dom.ElementImpl.synchronizeData(Unknown Source)
	at org.apache.xerces.dom.ElementImpl.getNodeName(Unknown Source)
	at org.apache.commons.jxpath.ri.model.dom.DOMNodePointer.getPrefix(DOMNodePointer.java:750)
	at org.apache.commons.jxpath.ri.model.dom.DOMNodePointer.getNamespaceURI(DOMNodePointer.java:788)
	at org.apache.commons.jxpath.ri.model.dom.DOMNodePointer.getNamespaceURI(DOMNodePointer.java:205)
	at org.apache.commons.jxpath.ri.model.dom.DOMNodePointer_ESTest.test032(DOMNodePointer_ESTest.java:558)
	at sun.reflect.NativeMethodAccessorImpl.invoke0(Native Method)
	at sun.reflect.NativeMethodAccessorImpl.invoke(NativeMethodAccessorImpl.java:62)
	at sun.reflect.DelegatingMethodAccessorImpl.invoke(DelegatingMethodAccessorImpl.java:43)
	at java.lang.reflect.Method.invoke(Method.java:498)
	at org.junit.runners.model.FrameworkMethod$1.runReflectiveCall(FrameworkMethod.java:50)
	at org.junit.internal.runners.model.ReflectiveCallable.run(ReflectiveCallable.java:12)
	at org.junit.runners.model.FrameworkMethod.invokeExplosively(FrameworkMethod.java:47)
	at org.junit.internal.runners.statements.InvokeMethod.evaluate(InvokeMethod.java:17)
	at org.junit.internal.runners.statements.FailOnTimeout$CallableStatement.call(FailOnTimeout.java:298)
	at org.junit.internal.runners.statements.FailOnTimeout$CallableStatement.call(FailOnTimeout.java:292)
	at java.util.concurrent.FutureTask.run(FutureTask.java:266)
	at java.lang.Thread.run(Thread.java:748)
27) test031(org.apache.commons.jxpath.ri.model.dom.DOMNodePointer_ESTest)
java.lang.NullPointerException
	at org.apache.xerces.dom.ElementImpl.synchronizeData(Unknown Source)
	at org.apache.xerces.dom.ElementImpl.getAttributeNode(Unknown Source)
	at org.apache.html.dom.HTMLElementImpl.getAttributeNode(Unknown Source)
	at org.apache.commons.jxpath.ri.model.dom.DOMNodePointer.getNamespaceURI(DOMNodePointer.java:283)
	at org.apache.commons.jxpath.ri.model.dom.DOMNodePointer_ESTest.test031(DOMNodePointer_ESTest.java:541)
	at sun.reflect.NativeMethodAccessorImpl.invoke0(Native Method)
	at sun.reflect.NativeMethodAccessorImpl.invoke(NativeMethodAccessorImpl.java:62)
	at sun.reflect.DelegatingMethodAccessorImpl.invoke(DelegatingMethodAccessorImpl.java:43)
	at java.lang.reflect.Method.invoke(Method.java:498)
	at org.junit.runners.model.FrameworkMethod$1.runReflectiveCall(FrameworkMethod.java:50)
	at org.junit.internal.runners.model.ReflectiveCallable.run(ReflectiveCallable.java:12)
	at org.junit.runners.model.FrameworkMethod.invokeExplosively(FrameworkMethod.java:47)
	at org.junit.internal.runners.statements.InvokeMethod.evaluate(InvokeMethod.java:17)
	at org.junit.internal.runners.statements.FailOnTimeout$CallableStatement.call(FailOnTimeout.java:298)
	at org.junit.internal.runners.statements.FailOnTimeout$CallableStatement.call(FailOnTimeout.java:292)
	at java.util.concurrent.FutureTask.run(FutureTask.java:266)
	at java.lang.Thread.run(Thread.java:748)
28) test030(org.apache.commons.jxpath.ri.model.dom.DOMNodePointer_ESTest)
org.w3c.dom.DOMException: NO_MODIFICATION_ALLOWED_ERR: An attempt is made to modify an object where modifications are not allowed.
	at org.apache.xerces.dom.ParentNode.internalInsertBefore(Unknown Source)
	at org.apache.xerces.dom.ParentNode.insertBefore(Unknown Source)
	at org.apache.xerces.dom.CoreDocumentImpl.insertBefore(Unknown Source)
	at org.apache.xerces.dom.NodeImpl.appendChild(Unknown Source)
	at org.apache.html.dom.HTMLDocumentImpl.getDocumentElement(Unknown Source)
	at org.apache.commons.jxpath.ri.model.dom.DOMNodePointer.getNamespaceURI(DOMNodePointer.java:279)
	at org.apache.commons.jxpath.ri.model.dom.DOMNodePointer_ESTest.test030(DOMNodePointer_ESTest.java:522)
	at sun.reflect.NativeMethodAccessorImpl.invoke0(Native Method)
	at sun.reflect.NativeMethodAccessorImpl.invoke(NativeMethodAccessorImpl.java:62)
	at sun.reflect.DelegatingMethodAccessorImpl.invoke(DelegatingMethodAccessorImpl.java:43)
	at java.lang.reflect.Method.invoke(Method.java:498)
	at org.junit.runners.model.FrameworkMethod$1.runReflectiveCall(FrameworkMethod.java:50)
	at org.junit.internal.runners.model.ReflectiveCallable.run(ReflectiveCallable.java:12)
	at org.junit.runners.model.FrameworkMethod.invokeExplosively(FrameworkMethod.java:47)
	at org.junit.internal.runners.statements.InvokeMethod.evaluate(InvokeMethod.java:17)
	at org.junit.internal.runners.statements.FailOnTimeout$CallableStatement.call(FailOnTimeout.java:298)
	at org.junit.internal.runners.statements.FailOnTimeout$CallableStatement.call(FailOnTimeout.java:292)
	at java.util.concurrent.FutureTask.run(FutureTask.java:266)
	at java.lang.Thread.run(Thread.java:748)
29) test150(org.apache.commons.jxpath.ri.model.dom.DOMNodePointer_ESTest)
org.apache.commons.jxpath.JXPathException: Factory is not set on the JXPathContext - cannot create path: 
	at org.apache.commons.jxpath.ri.model.dom.DOMNodePointer.getAbstractFactory(DOMNodePointer.java:865)
	at org.apache.commons.jxpath.ri.model.dom.DOMNodePointer.createChild(DOMNodePointer.java:478)
	at org.apache.commons.jxpath.ri.model.dom.DOMNodePointer.createChild(DOMNodePointer.java:508)
	at org.apache.commons.jxpath.ri.model.dom.DOMNodePointer_ESTest.test150(DOMNodePointer_ESTest.java:2061)
	at sun.reflect.NativeMethodAccessorImpl.invoke0(Native Method)
	at sun.reflect.NativeMethodAccessorImpl.invoke(NativeMethodAccessorImpl.java:62)
	at sun.reflect.DelegatingMethodAccessorImpl.invoke(DelegatingMethodAccessorImpl.java:43)
	at java.lang.reflect.Method.invoke(Method.java:498)
	at org.junit.runners.model.FrameworkMethod$1.runReflectiveCall(FrameworkMethod.java:50)
	at org.junit.internal.runners.model.ReflectiveCallable.run(ReflectiveCallable.java:12)
	at org.junit.runners.model.FrameworkMethod.invokeExplosively(FrameworkMethod.java:47)
	at org.junit.internal.runners.statements.InvokeMethod.evaluate(InvokeMethod.java:17)
	at org.junit.internal.runners.statements.FailOnTimeout$CallableStatement.call(FailOnTimeout.java:298)
	at org.junit.internal.runners.statements.FailOnTimeout$CallableStatement.call(FailOnTimeout.java:292)
	at java.util.concurrent.FutureTask.run(FutureTask.java:266)
	at java.lang.Thread.run(Thread.java:748)
30) test029(org.apache.commons.jxpath.ri.model.dom.DOMNodePointer_ESTest)
java.lang.ClassCastException: org.apache.xerces.dom.AttrNSImpl cannot be cast to org.w3c.dom.Element
	at org.apache.commons.jxpath.ri.model.dom.DOMNodePointer.getNamespaceURI(DOMNodePointer.java:781)
	at org.apache.commons.jxpath.ri.model.dom.DOMNodePointer_ESTest.test029(DOMNodePointer_ESTest.java:503)
	at sun.reflect.NativeMethodAccessorImpl.invoke0(Native Method)
	at sun.reflect.NativeMethodAccessorImpl.invoke(NativeMethodAccessorImpl.java:62)
	at sun.reflect.DelegatingMethodAccessorImpl.invoke(DelegatingMethodAccessorImpl.java:43)
	at java.lang.reflect.Method.invoke(Method.java:498)
	at org.junit.runners.model.FrameworkMethod$1.runReflectiveCall(FrameworkMethod.java:50)
	at org.junit.internal.runners.model.ReflectiveCallable.run(ReflectiveCallable.java:12)
	at org.junit.runners.model.FrameworkMethod.invokeExplosively(FrameworkMethod.java:47)
	at org.junit.internal.runners.statements.InvokeMethod.evaluate(InvokeMethod.java:17)
	at org.junit.internal.runners.statements.FailOnTimeout$CallableStatement.call(FailOnTimeout.java:298)
	at org.junit.internal.runners.statements.FailOnTimeout$CallableStatement.call(FailOnTimeout.java:292)
	at java.util.concurrent.FutureTask.run(FutureTask.java:266)
	at java.lang.Thread.run(Thread.java:748)
31) test028(org.apache.commons.jxpath.ri.model.dom.DOMNodePointer_ESTest)
java.lang.NullPointerException
	at org.apache.commons.jxpath.ri.model.dom.DOMNodePointer.getNamespaceURI(DOMNodePointer.java:783)
	at org.apache.commons.jxpath.ri.model.dom.DOMNodePointer_ESTest.test028(DOMNodePointer_ESTest.java:486)
	at sun.reflect.NativeMethodAccessorImpl.invoke0(Native Method)
	at sun.reflect.NativeMethodAccessorImpl.invoke(NativeMethodAccessorImpl.java:62)
	at sun.reflect.DelegatingMethodAccessorImpl.invoke(DelegatingMethodAccessorImpl.java:43)
	at java.lang.reflect.Method.invoke(Method.java:498)
	at org.junit.runners.model.FrameworkMethod$1.runReflectiveCall(FrameworkMethod.java:50)
	at org.junit.internal.runners.model.ReflectiveCallable.run(ReflectiveCallable.java:12)
	at org.junit.runners.model.FrameworkMethod.invokeExplosively(FrameworkMethod.java:47)
	at org.junit.internal.runners.statements.InvokeMethod.evaluate(InvokeMethod.java:17)
	at org.junit.internal.runners.statements.FailOnTimeout$CallableStatement.call(FailOnTimeout.java:298)
	at org.junit.internal.runners.statements.FailOnTimeout$CallableStatement.call(FailOnTimeout.java:292)
	at java.util.concurrent.FutureTask.run(FutureTask.java:266)
	at java.lang.Thread.run(Thread.java:748)
32) test027(org.apache.commons.jxpath.ri.model.dom.DOMNodePointer_ESTest)
java.lang.NullPointerException
	at org.apache.commons.jxpath.ri.model.dom.DOMNodePointer.getPointerByID(DOMNodePointer.java:852)
	at org.apache.commons.jxpath.ri.model.dom.DOMNodePointer_ESTest.test027(DOMNodePointer_ESTest.java:471)
	at sun.reflect.NativeMethodAccessorImpl.invoke0(Native Method)
	at sun.reflect.NativeMethodAccessorImpl.invoke(NativeMethodAccessorImpl.java:62)
	at sun.reflect.DelegatingMethodAccessorImpl.invoke(DelegatingMethodAccessorImpl.java:43)
	at java.lang.reflect.Method.invoke(Method.java:498)
	at org.junit.runners.model.FrameworkMethod$1.runReflectiveCall(FrameworkMethod.java:50)
	at org.junit.internal.runners.model.ReflectiveCallable.run(ReflectiveCallable.java:12)
	at org.junit.runners.model.FrameworkMethod.invokeExplosively(FrameworkMethod.java:47)
	at org.junit.internal.runners.statements.InvokeMethod.evaluate(InvokeMethod.java:17)
	at org.junit.internal.runners.statements.FailOnTimeout$CallableStatement.call(FailOnTimeout.java:298)
	at org.junit.internal.runners.statements.FailOnTimeout$CallableStatement.call(FailOnTimeout.java:292)
	at java.util.concurrent.FutureTask.run(FutureTask.java:266)
	at java.lang.Thread.run(Thread.java:748)
33) test026(org.apache.commons.jxpath.ri.model.dom.DOMNodePointer_ESTest)
java.lang.NullPointerException
	at org.apache.commons.jxpath.ri.model.dom.DOMNodePointer.getPrefix(DOMNodePointer.java:745)
	at org.apache.commons.jxpath.ri.model.dom.DOMNodePointer_ESTest.test026(DOMNodePointer_ESTest.java:452)
	at sun.reflect.NativeMethodAccessorImpl.invoke0(Native Method)
	at sun.reflect.NativeMethodAccessorImpl.invoke(NativeMethodAccessorImpl.java:62)
	at sun.reflect.DelegatingMethodAccessorImpl.invoke(DelegatingMethodAccessorImpl.java:43)
	at java.lang.reflect.Method.invoke(Method.java:498)
	at org.junit.runners.model.FrameworkMethod$1.runReflectiveCall(FrameworkMethod.java:50)
	at org.junit.internal.runners.model.ReflectiveCallable.run(ReflectiveCallable.java:12)
	at org.junit.runners.model.FrameworkMethod.invokeExplosively(FrameworkMethod.java:47)
	at org.junit.internal.runners.statements.InvokeMethod.evaluate(InvokeMethod.java:17)
	at org.junit.internal.runners.statements.FailOnTimeout$CallableStatement.call(FailOnTimeout.java:298)
	at org.junit.internal.runners.statements.FailOnTimeout$CallableStatement.call(FailOnTimeout.java:292)
	at java.util.concurrent.FutureTask.run(FutureTask.java:266)
	at java.lang.Thread.run(Thread.java:748)
34) test025(org.apache.commons.jxpath.ri.model.dom.DOMNodePointer_ESTest)
java.lang.NullPointerException
	at org.apache.commons.jxpath.ri.model.dom.DOMNodePointer.getValue(DOMNodePointer.java:808)
	at org.apache.commons.jxpath.ri.model.dom.DOMNodePointer_ESTest.test025(DOMNodePointer_ESTest.java:437)
	at sun.reflect.NativeMethodAccessorImpl.invoke0(Native Method)
	at sun.reflect.NativeMethodAccessorImpl.invoke(NativeMethodAccessorImpl.java:62)
	at sun.reflect.DelegatingMethodAccessorImpl.invoke(DelegatingMethodAccessorImpl.java:43)
	at java.lang.reflect.Method.invoke(Method.java:498)
	at org.junit.runners.model.FrameworkMethod$1.runReflectiveCall(FrameworkMethod.java:50)
	at org.junit.internal.runners.model.ReflectiveCallable.run(ReflectiveCallable.java:12)
	at org.junit.runners.model.FrameworkMethod.invokeExplosively(FrameworkMethod.java:47)
	at org.junit.internal.runners.statements.InvokeMethod.evaluate(InvokeMethod.java:17)
	at org.junit.internal.runners.statements.FailOnTimeout$CallableStatement.call(FailOnTimeout.java:298)
	at org.junit.internal.runners.statements.FailOnTimeout$CallableStatement.call(FailOnTimeout.java:292)
	at java.util.concurrent.FutureTask.run(FutureTask.java:266)
	at java.lang.Thread.run(Thread.java:748)
35) test024(org.apache.commons.jxpath.ri.model.dom.DOMNodePointer_ESTest)
java.lang.NullPointerException
	at org.apache.commons.jxpath.ri.model.NodePointer.isLanguage(NodePointer.java:501)
	at org.apache.commons.jxpath.ri.model.dom.DOMNodePointer.isLanguage(DOMNodePointer.java:383)
	at org.apache.commons.jxpath.ri.model.dom.DOMNodePointer_ESTest.test024(DOMNodePointer_ESTest.java:421)
	at sun.reflect.NativeMethodAccessorImpl.invoke0(Native Method)
	at sun.reflect.NativeMethodAccessorImpl.invoke(NativeMethodAccessorImpl.java:62)
	at sun.reflect.DelegatingMethodAccessorImpl.invoke(DelegatingMethodAccessorImpl.java:43)
	at java.lang.reflect.Method.invoke(Method.java:498)
	at org.junit.runners.model.FrameworkMethod$1.runReflectiveCall(FrameworkMethod.java:50)
	at org.junit.internal.runners.model.ReflectiveCallable.run(ReflectiveCallable.java:12)
	at org.junit.runners.model.FrameworkMethod.invokeExplosively(FrameworkMethod.java:47)
	at org.junit.internal.runners.statements.InvokeMethod.evaluate(InvokeMethod.java:17)
	at org.junit.internal.runners.statements.FailOnTimeout$CallableStatement.call(FailOnTimeout.java:298)
	at org.junit.internal.runners.statements.FailOnTimeout$CallableStatement.call(FailOnTimeout.java:292)
	at java.util.concurrent.FutureTask.run(FutureTask.java:266)
	at java.lang.Thread.run(Thread.java:748)
36) test045(org.apache.commons.jxpath.ri.model.dom.DOMNodePointer_ESTest)
java.lang.ClassCastException: java.util.LinkedList cannot be cast to org.w3c.dom.Node
	at org.apache.commons.jxpath.ri.model.dom.DOMNodePointer.compareChildNodePointers(DOMNodePointer.java:879)
	at org.apache.commons.jxpath.ri.model.dom.DOMNodePointer_ESTest.test045(DOMNodePointer_ESTest.java:793)
	at sun.reflect.NativeMethodAccessorImpl.invoke0(Native Method)
	at sun.reflect.NativeMethodAccessorImpl.invoke(NativeMethodAccessorImpl.java:62)
	at sun.reflect.DelegatingMethodAccessorImpl.invoke(DelegatingMethodAccessorImpl.java:43)
	at java.lang.reflect.Method.invoke(Method.java:498)
	at org.junit.runners.model.FrameworkMethod$1.runReflectiveCall(FrameworkMethod.java:50)
	at org.junit.internal.runners.model.ReflectiveCallable.run(ReflectiveCallable.java:12)
	at org.junit.runners.model.FrameworkMethod.invokeExplosively(FrameworkMethod.java:47)
	at org.junit.internal.runners.statements.InvokeMethod.evaluate(InvokeMethod.java:17)
	at org.junit.internal.runners.statements.FailOnTimeout$CallableStatement.call(FailOnTimeout.java:298)
	at org.junit.internal.runners.statements.FailOnTimeout$CallableStatement.call(FailOnTimeout.java:292)
	at java.util.concurrent.FutureTask.run(FutureTask.java:266)
	at java.lang.Thread.run(Thread.java:748)
37) test044(org.apache.commons.jxpath.ri.model.dom.DOMNodePointer_ESTest)
org.evosuite.runtime.mock.java.lang.MockIllegalArgumentException: No such variable: 'Gv6S1tK3VjCE/SI]J:'
	at org.apache.commons.jxpath.BasicVariables.getVariable(BasicVariables.java:61)
	at org.apache.commons.jxpath.ri.model.VariablePointer.getBaseValue(VariablePointer.java:86)
	at org.apache.commons.jxpath.ri.model.dom.DOMNodePointer.compareChildNodePointers(DOMNodePointer.java:879)
	at org.apache.commons.jxpath.ri.model.dom.DOMNodePointer_ESTest.test044(DOMNodePointer_ESTest.java:772)
	at sun.reflect.NativeMethodAccessorImpl.invoke0(Native Method)
	at sun.reflect.NativeMethodAccessorImpl.invoke(NativeMethodAccessorImpl.java:62)
	at sun.reflect.DelegatingMethodAccessorImpl.invoke(DelegatingMethodAccessorImpl.java:43)
	at java.lang.reflect.Method.invoke(Method.java:498)
	at org.junit.runners.model.FrameworkMethod$1.runReflectiveCall(FrameworkMethod.java:50)
	at org.junit.internal.runners.model.ReflectiveCallable.run(ReflectiveCallable.java:12)
	at org.junit.runners.model.FrameworkMethod.invokeExplosively(FrameworkMethod.java:47)
	at org.junit.internal.runners.statements.InvokeMethod.evaluate(InvokeMethod.java:17)
	at org.junit.internal.runners.statements.FailOnTimeout$CallableStatement.call(FailOnTimeout.java:298)
	at org.junit.internal.runners.statements.FailOnTimeout$CallableStatement.call(FailOnTimeout.java:292)
	at java.util.concurrent.FutureTask.run(FutureTask.java:266)
	at java.lang.Thread.run(Thread.java:748)
38) test043(org.apache.commons.jxpath.ri.model.dom.DOMNodePointer_ESTest)
java.lang.NullPointerException
	at org.apache.commons.jxpath.ri.model.dom.DOMNodePointer.compareChildNodePointers(DOMNodePointer.java:879)
	at org.apache.commons.jxpath.ri.model.dom.DOMNodePointer_ESTest.test043(DOMNodePointer_ESTest.java:752)
	at sun.reflect.NativeMethodAccessorImpl.invoke0(Native Method)
	at sun.reflect.NativeMethodAccessorImpl.invoke(NativeMethodAccessorImpl.java:62)
	at sun.reflect.DelegatingMethodAccessorImpl.invoke(DelegatingMethodAccessorImpl.java:43)
	at java.lang.reflect.Method.invoke(Method.java:498)
	at org.junit.runners.model.FrameworkMethod$1.runReflectiveCall(FrameworkMethod.java:50)
	at org.junit.internal.runners.model.ReflectiveCallable.run(ReflectiveCallable.java:12)
	at org.junit.runners.model.FrameworkMethod.invokeExplosively(FrameworkMethod.java:47)
	at org.junit.internal.runners.statements.InvokeMethod.evaluate(InvokeMethod.java:17)
	at org.junit.internal.runners.statements.FailOnTimeout$CallableStatement.call(FailOnTimeout.java:298)
	at org.junit.internal.runners.statements.FailOnTimeout$CallableStatement.call(FailOnTimeout.java:292)
	at java.util.concurrent.FutureTask.run(FutureTask.java:266)
	at java.lang.Thread.run(Thread.java:748)
39) test042(org.apache.commons.jxpath.ri.model.dom.DOMNodePointer_ESTest)
org.apache.commons.jxpath.JXPathException: Undefined variable: G=FK
	at org.apache.commons.jxpath.ri.model.VariablePointer.getBaseValue(VariablePointer.java:84)
	at org.apache.commons.jxpath.ri.model.dom.DOMNodePointer.compareChildNodePointers(DOMNodePointer.java:879)
	at org.apache.commons.jxpath.ri.model.dom.DOMNodePointer_ESTest.test042(DOMNodePointer_ESTest.java:733)
	at sun.reflect.NativeMethodAccessorImpl.invoke0(Native Method)
	at sun.reflect.NativeMethodAccessorImpl.invoke(NativeMethodAccessorImpl.java:62)
	at sun.reflect.DelegatingMethodAccessorImpl.invoke(DelegatingMethodAccessorImpl.java:43)
	at java.lang.reflect.Method.invoke(Method.java:498)
	at org.junit.runners.model.FrameworkMethod$1.runReflectiveCall(FrameworkMethod.java:50)
	at org.junit.internal.runners.model.ReflectiveCallable.run(ReflectiveCallable.java:12)
	at org.junit.runners.model.FrameworkMethod.invokeExplosively(FrameworkMethod.java:47)
	at org.junit.internal.runners.statements.InvokeMethod.evaluate(InvokeMethod.java:17)
	at org.junit.internal.runners.statements.FailOnTimeout$CallableStatement.call(FailOnTimeout.java:298)
	at org.junit.internal.runners.statements.FailOnTimeout$CallableStatement.call(FailOnTimeout.java:292)
	at java.util.concurrent.FutureTask.run(FutureTask.java:266)
	at java.lang.Thread.run(Thread.java:748)
40) test041(org.apache.commons.jxpath.ri.model.dom.DOMNodePointer_ESTest)
java.lang.NullPointerException
	at org.apache.xerces.dom.ElementImpl.synchronizeData(Unknown Source)
	at org.apache.xerces.dom.ElementImpl.getAttributeNode(Unknown Source)
	at org.apache.html.dom.HTMLElementImpl.getAttributeNode(Unknown Source)
	at org.apache.commons.jxpath.ri.model.dom.DOMNodePointer.getNamespaceURI(DOMNodePointer.java:283)
	at org.apache.commons.jxpath.ri.NamespaceResolver.getNamespaceURI(NamespaceResolver.java:127)
	at org.apache.commons.jxpath.ri.model.dom.DOMNodePointer.createAttribute(DOMNodePointer.java:526)
	at org.apache.commons.jxpath.ri.model.dom.DOMNodePointer_ESTest.test041(DOMNodePointer_ESTest.java:713)
	at sun.reflect.NativeMethodAccessorImpl.invoke0(Native Method)
	at sun.reflect.NativeMethodAccessorImpl.invoke(NativeMethodAccessorImpl.java:62)
	at sun.reflect.DelegatingMethodAccessorImpl.invoke(DelegatingMethodAccessorImpl.java:43)
	at java.lang.reflect.Method.invoke(Method.java:498)
	at org.junit.runners.model.FrameworkMethod$1.runReflectiveCall(FrameworkMethod.java:50)
	at org.junit.internal.runners.model.ReflectiveCallable.run(ReflectiveCallable.java:12)
	at org.junit.runners.model.FrameworkMethod.invokeExplosively(FrameworkMethod.java:47)
	at org.junit.internal.runners.statements.InvokeMethod.evaluate(InvokeMethod.java:17)
	at org.junit.internal.runners.statements.FailOnTimeout$CallableStatement.call(FailOnTimeout.java:298)
	at org.junit.internal.runners.statements.FailOnTimeout$CallableStatement.call(FailOnTimeout.java:292)
	at java.util.concurrent.FutureTask.run(FutureTask.java:266)
	at java.lang.Thread.run(Thread.java:748)
41) test040(org.apache.commons.jxpath.ri.model.dom.DOMNodePointer_ESTest)
java.lang.NullPointerException
	at org.apache.commons.jxpath.ri.model.dom.DOMNodePointer.getAbstractFactory(DOMNodePointer.java:863)
	at org.apache.commons.jxpath.ri.model.dom.DOMNodePointer.createChild(DOMNodePointer.java:478)
	at org.apache.commons.jxpath.ri.model.dom.DOMNodePointer.createChild(DOMNodePointer.java:508)
	at org.apache.commons.jxpath.ri.model.dom.DOMNodePointer_ESTest.test040(DOMNodePointer_ESTest.java:693)
	at sun.reflect.NativeMethodAccessorImpl.invoke0(Native Method)
	at sun.reflect.NativeMethodAccessorImpl.invoke(NativeMethodAccessorImpl.java:62)
	at sun.reflect.DelegatingMethodAccessorImpl.invoke(DelegatingMethodAccessorImpl.java:43)
	at java.lang.reflect.Method.invoke(Method.java:498)
	at org.junit.runners.model.FrameworkMethod$1.runReflectiveCall(FrameworkMethod.java:50)
	at org.junit.internal.runners.model.ReflectiveCallable.run(ReflectiveCallable.java:12)
	at org.junit.runners.model.FrameworkMethod.invokeExplosively(FrameworkMethod.java:47)
	at org.junit.internal.runners.statements.InvokeMethod.evaluate(InvokeMethod.java:17)
	at org.junit.internal.runners.statements.FailOnTimeout$CallableStatement.call(FailOnTimeout.java:298)
	at org.junit.internal.runners.statements.FailOnTimeout$CallableStatement.call(FailOnTimeout.java:292)
	at java.util.concurrent.FutureTask.run(FutureTask.java:266)
	at java.lang.Thread.run(Thread.java:748)
42) test038(org.apache.commons.jxpath.ri.model.dom.DOMNodePointer_ESTest)
java.lang.NullPointerException
	at org.apache.html.dom.HTMLElementImpl.getAttribute(Unknown Source)
	at org.apache.commons.jxpath.ri.model.dom.DOMNodePointer.findEnclosingAttribute(DOMNodePointer.java:398)
	at org.apache.commons.jxpath.ri.model.dom.DOMNodePointer_ESTest.test038(DOMNodePointer_ESTest.java:660)
	at sun.reflect.NativeMethodAccessorImpl.invoke0(Native Method)
	at sun.reflect.NativeMethodAccessorImpl.invoke(NativeMethodAccessorImpl.java:62)
	at sun.reflect.DelegatingMethodAccessorImpl.invoke(DelegatingMethodAccessorImpl.java:43)
	at java.lang.reflect.Method.invoke(Method.java:498)
	at org.junit.runners.model.FrameworkMethod$1.runReflectiveCall(FrameworkMethod.java:50)
	at org.junit.internal.runners.model.ReflectiveCallable.run(ReflectiveCallable.java:12)
	at org.junit.runners.model.FrameworkMethod.invokeExplosively(FrameworkMethod.java:47)
	at org.junit.internal.runners.statements.InvokeMethod.evaluate(InvokeMethod.java:17)
	at org.junit.internal.runners.statements.FailOnTimeout$CallableStatement.call(FailOnTimeout.java:298)
	at org.junit.internal.runners.statements.FailOnTimeout$CallableStatement.call(FailOnTimeout.java:292)
	at java.util.concurrent.FutureTask.run(FutureTask.java:266)
	at java.lang.Thread.run(Thread.java:748)
43) test037(org.apache.commons.jxpath.ri.model.dom.DOMNodePointer_ESTest)
java.lang.NullPointerException
	at org.apache.xerces.dom.ElementImpl.synchronizeData(Unknown Source)
	at org.apache.xerces.dom.ElementImpl.getAttributeNode(Unknown Source)
	at org.apache.html.dom.HTMLElementImpl.getAttributeNode(Unknown Source)
	at org.apache.commons.jxpath.ri.model.dom.DOMNodePointer.getDefaultNamespaceURI(DOMNodePointer.java:316)
	at org.apache.commons.jxpath.ri.model.dom.DOMNodePointer_ESTest.test037(DOMNodePointer_ESTest.java:644)
	at sun.reflect.NativeMethodAccessorImpl.invoke0(Native Method)
	at sun.reflect.NativeMethodAccessorImpl.invoke(NativeMethodAccessorImpl.java:62)
	at sun.reflect.DelegatingMethodAccessorImpl.invoke(DelegatingMethodAccessorImpl.java:43)
	at java.lang.reflect.Method.invoke(Method.java:498)
	at org.junit.runners.model.FrameworkMethod$1.runReflectiveCall(FrameworkMethod.java:50)
	at org.junit.internal.runners.model.ReflectiveCallable.run(ReflectiveCallable.java:12)
	at org.junit.runners.model.FrameworkMethod.invokeExplosively(FrameworkMethod.java:47)
	at org.junit.internal.runners.statements.InvokeMethod.evaluate(InvokeMethod.java:17)
	at org.junit.internal.runners.statements.FailOnTimeout$CallableStatement.call(FailOnTimeout.java:298)
	at org.junit.internal.runners.statements.FailOnTimeout$CallableStatement.call(FailOnTimeout.java:292)
	at java.util.concurrent.FutureTask.run(FutureTask.java:266)
	at java.lang.Thread.run(Thread.java:748)
44) test036(org.apache.commons.jxpath.ri.model.dom.DOMNodePointer_ESTest)
java.lang.NullPointerException
	at org.apache.xerces.dom.ElementImpl.synchronizeData(Unknown Source)
	at org.apache.xerces.dom.ElementImpl.getAttribute(Unknown Source)
	at org.apache.html.dom.HTMLElementImpl.getAttribute(Unknown Source)
	at org.apache.commons.jxpath.ri.model.dom.DOMNodePointer.findEnclosingAttribute(DOMNodePointer.java:398)
	at org.apache.commons.jxpath.ri.model.dom.DOMNodePointer.getLanguage(DOMNodePointer.java:413)
	at org.apache.commons.jxpath.ri.model.dom.DOMNodePointer_ESTest.test036(DOMNodePointer_ESTest.java:626)
	at sun.reflect.NativeMethodAccessorImpl.invoke0(Native Method)
	at sun.reflect.NativeMethodAccessorImpl.invoke(NativeMethodAccessorImpl.java:62)
	at sun.reflect.DelegatingMethodAccessorImpl.invoke(DelegatingMethodAccessorImpl.java:43)
	at java.lang.reflect.Method.invoke(Method.java:498)
	at org.junit.runners.model.FrameworkMethod$1.runReflectiveCall(FrameworkMethod.java:50)
	at org.junit.internal.runners.model.ReflectiveCallable.run(ReflectiveCallable.java:12)
	at org.junit.runners.model.FrameworkMethod.invokeExplosively(FrameworkMethod.java:47)
	at org.junit.internal.runners.statements.InvokeMethod.evaluate(InvokeMethod.java:17)
	at org.junit.internal.runners.statements.FailOnTimeout$CallableStatement.call(FailOnTimeout.java:298)
	at org.junit.internal.runners.statements.FailOnTimeout$CallableStatement.call(FailOnTimeout.java:292)
	at java.util.concurrent.FutureTask.run(FutureTask.java:266)
	at java.lang.Thread.run(Thread.java:748)
45) test035(org.apache.commons.jxpath.ri.model.dom.DOMNodePointer_ESTest)
java.lang.NullPointerException
	at org.apache.commons.jxpath.ri.model.dom.DOMNodePointer.getLocalName(DOMNodePointer.java:761)
	at org.apache.commons.jxpath.ri.model.dom.DOMNodePointer_ESTest.test035(DOMNodePointer_ESTest.java:607)
	at sun.reflect.NativeMethodAccessorImpl.invoke0(Native Method)
	at sun.reflect.NativeMethodAccessorImpl.invoke(NativeMethodAccessorImpl.java:62)
	at sun.reflect.DelegatingMethodAccessorImpl.invoke(DelegatingMethodAccessorImpl.java:43)
	at java.lang.reflect.Method.invoke(Method.java:498)
	at org.junit.runners.model.FrameworkMethod$1.runReflectiveCall(FrameworkMethod.java:50)
	at org.junit.internal.runners.model.ReflectiveCallable.run(ReflectiveCallable.java:12)
	at org.junit.runners.model.FrameworkMethod.invokeExplosively(FrameworkMethod.java:47)
	at org.junit.internal.runners.statements.InvokeMethod.evaluate(InvokeMethod.java:17)
	at org.junit.internal.runners.statements.FailOnTimeout$CallableStatement.call(FailOnTimeout.java:298)
	at org.junit.internal.runners.statements.FailOnTimeout$CallableStatement.call(FailOnTimeout.java:292)
	at java.util.concurrent.FutureTask.run(FutureTask.java:266)
	at java.lang.Thread.run(Thread.java:748)
46) test050(org.apache.commons.jxpath.ri.model.dom.DOMNodePointer_ESTest)
org.evosuite.runtime.mock.java.lang.MockIllegalArgumentException: No such variable: 'http://www.w3.org/2000/xmlns/:http://www.w3.org/2000/xmlns/'
	at org.apache.commons.jxpath.BasicVariables.getVariable(BasicVariables.java:61)
	at org.apache.commons.jxpath.ri.model.VariablePointer.getBaseValue(VariablePointer.java:86)
	at org.apache.commons.jxpath.ri.model.VariablePointer.getImmediateNode(VariablePointer.java:109)
	at org.apache.commons.jxpath.ri.model.VariablePointer.getImmediateValuePointer(VariablePointer.java:153)
	at org.apache.commons.jxpath.ri.model.NodePointer.getValuePointer(NodePointer.java:246)
	at org.apache.commons.jxpath.ri.model.NodePointer.getNode(NodePointer.java:308)
	at org.apache.commons.jxpath.ri.model.VariablePointer.asPath(VariablePointer.java:367)
	at org.apache.commons.jxpath.ri.model.dom.DOMNodePointer.asPath(DOMNodePointer.java:565)
	at org.apache.commons.jxpath.ri.model.dom.DOMNodePointer_ESTest.test050(DOMNodePointer_ESTest.java:903)
	at sun.reflect.NativeMethodAccessorImpl.invoke0(Native Method)
	at sun.reflect.NativeMethodAccessorImpl.invoke(NativeMethodAccessorImpl.java:62)
	at sun.reflect.DelegatingMethodAccessorImpl.invoke(DelegatingMethodAccessorImpl.java:43)
	at java.lang.reflect.Method.invoke(Method.java:498)
	at org.junit.runners.model.FrameworkMethod$1.runReflectiveCall(FrameworkMethod.java:50)
	at org.junit.internal.runners.model.ReflectiveCallable.run(ReflectiveCallable.java:12)
	at org.junit.runners.model.FrameworkMethod.invokeExplosively(FrameworkMethod.java:47)
	at org.junit.internal.runners.statements.InvokeMethod.evaluate(InvokeMethod.java:17)
	at org.junit.internal.runners.statements.FailOnTimeout$CallableStatement.call(FailOnTimeout.java:298)
	at org.junit.internal.runners.statements.FailOnTimeout$CallableStatement.call(FailOnTimeout.java:292)
	at java.util.concurrent.FutureTask.run(FutureTask.java:266)
	at java.lang.Thread.run(Thread.java:748)
47) test049(org.apache.commons.jxpath.ri.model.dom.DOMNodePointer_ESTest)
java.lang.NullPointerException
	at org.apache.commons.jxpath.ri.model.dom.DOMNodePointer.asPath(DOMNodePointer.java:567)
	at org.apache.commons.jxpath.ri.model.dom.DOMNodePointer_ESTest.test049(DOMNodePointer_ESTest.java:879)
	at sun.reflect.NativeMethodAccessorImpl.invoke0(Native Method)
	at sun.reflect.NativeMethodAccessorImpl.invoke(NativeMethodAccessorImpl.java:62)
	at sun.reflect.DelegatingMethodAccessorImpl.invoke(DelegatingMethodAccessorImpl.java:43)
	at java.lang.reflect.Method.invoke(Method.java:498)
	at org.junit.runners.model.FrameworkMethod$1.runReflectiveCall(FrameworkMethod.java:50)
	at org.junit.internal.runners.model.ReflectiveCallable.run(ReflectiveCallable.java:12)
	at org.junit.runners.model.FrameworkMethod.invokeExplosively(FrameworkMethod.java:47)
	at org.junit.internal.runners.statements.InvokeMethod.evaluate(InvokeMethod.java:17)
	at org.junit.internal.runners.statements.FailOnTimeout$CallableStatement.call(FailOnTimeout.java:298)
	at org.junit.internal.runners.statements.FailOnTimeout$CallableStatement.call(FailOnTimeout.java:292)
	at java.util.concurrent.FutureTask.run(FutureTask.java:266)
	at java.lang.Thread.run(Thread.java:748)
48) test048(org.apache.commons.jxpath.ri.model.dom.DOMNodePointer_ESTest)
java.lang.ClassCastException: org.apache.commons.jxpath.ri.QName cannot be cast to org.w3c.dom.Node
	at org.apache.commons.jxpath.ri.model.dom.DOMNodeIterator.<init>(DOMNodeIterator.java:47)
	at org.apache.commons.jxpath.ri.model.dom.DOMNodePointer.childIterator(DOMNodePointer.java:216)
	at org.apache.commons.jxpath.ri.model.dom.DOMNodePointer_ESTest.test048(DOMNodePointer_ESTest.java:863)
	at sun.reflect.NativeMethodAccessorImpl.invoke0(Native Method)
	at sun.reflect.NativeMethodAccessorImpl.invoke(NativeMethodAccessorImpl.java:62)
	at sun.reflect.DelegatingMethodAccessorImpl.invoke(DelegatingMethodAccessorImpl.java:43)
	at java.lang.reflect.Method.invoke(Method.java:498)
	at org.junit.runners.model.FrameworkMethod$1.runReflectiveCall(FrameworkMethod.java:50)
	at org.junit.internal.runners.model.ReflectiveCallable.run(ReflectiveCallable.java:12)
	at org.junit.runners.model.FrameworkMethod.invokeExplosively(FrameworkMethod.java:47)
	at org.junit.internal.runners.statements.InvokeMethod.evaluate(InvokeMethod.java:17)
	at org.junit.internal.runners.statements.FailOnTimeout$CallableStatement.call(FailOnTimeout.java:298)
	at org.junit.internal.runners.statements.FailOnTimeout$CallableStatement.call(FailOnTimeout.java:292)
	at java.util.concurrent.FutureTask.run(FutureTask.java:266)
	at java.lang.Thread.run(Thread.java:748)
49) test047(org.apache.commons.jxpath.ri.model.dom.DOMNodePointer_ESTest)
org.evosuite.runtime.mock.java.lang.MockIllegalArgumentException: No such variable: 'G=FK'
	at org.apache.commons.jxpath.BasicVariables.getVariable(BasicVariables.java:61)
	at org.apache.commons.jxpath.ri.model.VariablePointer.getBaseValue(VariablePointer.java:86)
	at org.apache.commons.jxpath.ri.model.VariablePointer.getImmediateNode(VariablePointer.java:109)
	at org.apache.commons.jxpath.ri.model.VariablePointer.getImmediateValuePointer(VariablePointer.java:153)
	at org.apache.commons.jxpath.ri.model.NodePointer.getValuePointer(NodePointer.java:246)
	at org.apache.commons.jxpath.ri.model.NodePointer.getNode(NodePointer.java:308)
	at org.apache.commons.jxpath.ri.model.dom.DOMNodeIterator.<init>(DOMNodeIterator.java:47)
	at org.apache.commons.jxpath.ri.model.dom.DOMNodePointer.childIterator(DOMNodePointer.java:216)
	at org.apache.commons.jxpath.ri.model.dom.DOMNodePointer_ESTest.test047(DOMNodePointer_ESTest.java:840)
	at sun.reflect.NativeMethodAccessorImpl.invoke0(Native Method)
	at sun.reflect.NativeMethodAccessorImpl.invoke(NativeMethodAccessorImpl.java:62)
	at sun.reflect.DelegatingMethodAccessorImpl.invoke(DelegatingMethodAccessorImpl.java:43)
	at java.lang.reflect.Method.invoke(Method.java:498)
	at org.junit.runners.model.FrameworkMethod$1.runReflectiveCall(FrameworkMethod.java:50)
	at org.junit.internal.runners.model.ReflectiveCallable.run(ReflectiveCallable.java:12)
	at org.junit.runners.model.FrameworkMethod.invokeExplosively(FrameworkMethod.java:47)
	at org.junit.internal.runners.statements.InvokeMethod.evaluate(InvokeMethod.java:17)
	at org.junit.internal.runners.statements.FailOnTimeout$CallableStatement.call(FailOnTimeout.java:298)
	at org.junit.internal.runners.statements.FailOnTimeout$CallableStatement.call(FailOnTimeout.java:292)
	at java.util.concurrent.FutureTask.run(FutureTask.java:266)
	at java.lang.Thread.run(Thread.java:748)
50) test046(org.apache.commons.jxpath.ri.model.dom.DOMNodePointer_ESTest)
org.apache.commons.jxpath.JXPathException: Undefined variable: pZ<YE;}H4*7E~9J#:Zf%gECBOJa
	at org.apache.commons.jxpath.ri.model.VariablePointer$1.getImmediateNode(VariablePointer.java:160)
	at org.apache.commons.jxpath.ri.model.NodePointer.getNode(NodePointer.java:308)
	at org.apache.commons.jxpath.ri.model.dom.DOMNodeIterator.<init>(DOMNodeIterator.java:47)
	at org.apache.commons.jxpath.ri.model.dom.DOMNodePointer.childIterator(DOMNodePointer.java:216)
	at org.apache.commons.jxpath.ri.model.dom.DOMNodePointer_ESTest.test046(DOMNodePointer_ESTest.java:815)
	at sun.reflect.NativeMethodAccessorImpl.invoke0(Native Method)
	at sun.reflect.NativeMethodAccessorImpl.invoke(NativeMethodAccessorImpl.java:62)
	at sun.reflect.DelegatingMethodAccessorImpl.invoke(DelegatingMethodAccessorImpl.java:43)
	at java.lang.reflect.Method.invoke(Method.java:498)
	at org.junit.runners.model.FrameworkMethod$1.runReflectiveCall(FrameworkMethod.java:50)
	at org.junit.internal.runners.model.ReflectiveCallable.run(ReflectiveCallable.java:12)
	at org.junit.runners.model.FrameworkMethod.invokeExplosively(FrameworkMethod.java:47)
	at org.junit.internal.runners.statements.InvokeMethod.evaluate(InvokeMethod.java:17)
	at org.junit.internal.runners.statements.FailOnTimeout$CallableStatement.call(FailOnTimeout.java:298)
	at org.junit.internal.runners.statements.FailOnTimeout$CallableStatement.call(FailOnTimeout.java:292)
	at java.util.concurrent.FutureTask.run(FutureTask.java:266)
	at java.lang.Thread.run(Thread.java:748)

FAILURES!!!
Tests run: 156,  Failures: 50

