JUnit version 4.12
.E......E.E...E.E.....E.E..E..E...E.E.E...E....E.E..E.E..E.E...E...E..E........E....E.....
Time: 16.954
There were 24 failures:
1) test53(com.google.gson.internal.bind.TypeAdapters_ESTest)
java.lang.IllegalArgumentException
	at java.util.Currency.getInstance(Currency.java:328)
	at java.util.Currency.getInstance(Currency.java:310)
	at com.google.gson.internal.bind.TypeAdapters$4.read(TypeAdapters.java:583)
	at com.google.gson.internal.bind.TypeAdapters$4.read(TypeAdapters.java:580)
	at com.google.gson.TypeAdapter$1.read(TypeAdapter.java:199)
	at com.google.gson.Gson.fromJson(Gson.java:864)
	at com.google.gson.Gson.fromJson(Gson.java:929)
	at com.google.gson.Gson.fromJson(Gson.java:902)
	at com.google.gson.internal.bind.TypeAdapters_ESTest.test53(TypeAdapters_ESTest.java:733)
	at sun.reflect.NativeMethodAccessorImpl.invoke0(Native Method)
	at sun.reflect.NativeMethodAccessorImpl.invoke(NativeMethodAccessorImpl.java:62)
	at sun.reflect.DelegatingMethodAccessorImpl.invoke(DelegatingMethodAccessorImpl.java:43)
	at java.lang.reflect.Method.invoke(Method.java:498)
	at org.junit.runners.model.FrameworkMethod$1.runReflectiveCall(FrameworkMethod.java:50)
	at org.junit.internal.runners.model.ReflectiveCallable.run(ReflectiveCallable.java:12)
	at org.junit.runners.model.FrameworkMethod.invokeExplosively(FrameworkMethod.java:47)
	at org.junit.internal.runners.statements.InvokeMethod.evaluate(InvokeMethod.java:17)
	at org.junit.internal.runners.statements.FailOnTimeout$CallableStatement.call(FailOnTimeout.java:298)
	at org.junit.internal.runners.statements.FailOnTimeout$CallableStatement.call(FailOnTimeout.java:292)
	at java.util.concurrent.FutureTask.run(FutureTask.java:266)
	at java.lang.Thread.run(Thread.java:748)
2) test56(com.google.gson.internal.bind.TypeAdapters_ESTest)
com.google.gson.JsonSyntaxException: java.lang.NumberFormatException: For input string: "tO+"
	at com.google.gson.internal.bind.TypeAdapters$1.read(TypeAdapters.java:265)
	at com.google.gson.internal.bind.TypeAdapters$1.read(TypeAdapters.java:260)
	at com.google.gson.TypeAdapter$1.read(TypeAdapter.java:199)
	at com.google.gson.Gson.fromJson(Gson.java:864)
	at com.google.gson.Gson.fromJson(Gson.java:829)
	at com.google.gson.Gson.fromJson(Gson.java:778)
	at com.google.gson.Gson.fromJson(Gson.java:750)
	at com.google.gson.internal.bind.TypeAdapters_ESTest.test56(TypeAdapters_ESTest.java:766)
	at sun.reflect.NativeMethodAccessorImpl.invoke0(Native Method)
	at sun.reflect.NativeMethodAccessorImpl.invoke(NativeMethodAccessorImpl.java:62)
	at sun.reflect.DelegatingMethodAccessorImpl.invoke(DelegatingMethodAccessorImpl.java:43)
	at java.lang.reflect.Method.invoke(Method.java:498)
	at org.junit.runners.model.FrameworkMethod$1.runReflectiveCall(FrameworkMethod.java:50)
	at org.junit.internal.runners.model.ReflectiveCallable.run(ReflectiveCallable.java:12)
	at org.junit.runners.model.FrameworkMethod.invokeExplosively(FrameworkMethod.java:47)
	at org.junit.internal.runners.statements.InvokeMethod.evaluate(InvokeMethod.java:17)
	at org.junit.internal.runners.statements.FailOnTimeout$CallableStatement.call(FailOnTimeout.java:298)
	at org.junit.internal.runners.statements.FailOnTimeout$CallableStatement.call(FailOnTimeout.java:292)
	at java.util.concurrent.FutureTask.run(FutureTask.java:266)
	at java.lang.Thread.run(Thread.java:748)
Caused by: java.lang.NumberFormatException: For input string: "tO+"
	at sun.misc.FloatingDecimal.readJavaFormatString(FloatingDecimal.java:2043)
	at sun.misc.FloatingDecimal.parseDouble(FloatingDecimal.java:110)
	at java.lang.Double.parseDouble(Double.java:538)
	at com.google.gson.stream.JsonReader.nextInt(JsonReader.java:1206)
	at com.google.gson.internal.bind.TypeAdapters$1.read(TypeAdapters.java:263)
	... 19 more
3) test13(com.google.gson.internal.bind.TypeAdapters_ESTest)
com.google.gson.JsonSyntaxException: org.evosuite.runtime.mock.java.lang.MockThrowable: Use JsonReader.setLenient(true) to accept malformed JSON at line 1 column 3 path $
	at com.google.gson.Gson.assertFullConsumption(Gson.java:840)
	at com.google.gson.Gson.fromJson(Gson.java:830)
	at com.google.gson.Gson.fromJson(Gson.java:778)
	at com.google.gson.Gson.fromJson(Gson.java:750)
	at com.google.gson.internal.bind.TypeAdapters_ESTest.test13(TypeAdapters_ESTest.java:240)
	at sun.reflect.NativeMethodAccessorImpl.invoke0(Native Method)
	at sun.reflect.NativeMethodAccessorImpl.invoke(NativeMethodAccessorImpl.java:62)
	at sun.reflect.DelegatingMethodAccessorImpl.invoke(DelegatingMethodAccessorImpl.java:43)
	at java.lang.reflect.Method.invoke(Method.java:498)
	at org.junit.runners.model.FrameworkMethod$1.runReflectiveCall(FrameworkMethod.java:50)
	at org.junit.internal.runners.model.ReflectiveCallable.run(ReflectiveCallable.java:12)
	at org.junit.runners.model.FrameworkMethod.invokeExplosively(FrameworkMethod.java:47)
	at org.junit.internal.runners.statements.InvokeMethod.evaluate(InvokeMethod.java:17)
	at org.junit.internal.runners.statements.FailOnTimeout$CallableStatement.call(FailOnTimeout.java:298)
	at org.junit.internal.runners.statements.FailOnTimeout$CallableStatement.call(FailOnTimeout.java:292)
	at java.util.concurrent.FutureTask.run(FutureTask.java:266)
	at java.lang.Thread.run(Thread.java:748)
Caused by: com.google.gson.stream.MalformedJsonException: Use JsonReader.setLenient(true) to accept malformed JSON at line 1 column 3 path $
	at com.google.gson.stream.JsonReader.syntaxError(JsonReader.java:1574)
	at com.google.gson.stream.JsonReader.checkLenient(JsonReader.java:1424)
	at com.google.gson.stream.JsonReader.nextNonWhitespace(JsonReader.java:1405)
	at com.google.gson.stream.JsonReader.doPeek(JsonReader.java:542)
	at com.google.gson.stream.JsonReader.peek(JsonReader.java:429)
	at com.google.gson.Gson.assertFullConsumption(Gson.java:836)
	... 16 more
4) test58(com.google.gson.internal.bind.TypeAdapters_ESTest)
com.google.gson.JsonSyntaxException: org.evosuite.runtime.mock.java.lang.MockThrowable: Expected a boolean but was STRING at line 1 column 1 path $
	at com.google.gson.Gson.fromJson(Gson.java:876)
	at com.google.gson.Gson.fromJson(Gson.java:829)
	at com.google.gson.Gson.fromJson(Gson.java:778)
	at com.google.gson.Gson.fromJson(Gson.java:750)
	at com.google.gson.internal.bind.TypeAdapters_ESTest.test58(TypeAdapters_ESTest.java:792)
	at sun.reflect.NativeMethodAccessorImpl.invoke0(Native Method)
	at sun.reflect.NativeMethodAccessorImpl.invoke(NativeMethodAccessorImpl.java:62)
	at sun.reflect.DelegatingMethodAccessorImpl.invoke(DelegatingMethodAccessorImpl.java:43)
	at java.lang.reflect.Method.invoke(Method.java:498)
	at org.junit.runners.model.FrameworkMethod$1.runReflectiveCall(FrameworkMethod.java:50)
	at org.junit.internal.runners.model.ReflectiveCallable.run(ReflectiveCallable.java:12)
	at org.junit.runners.model.FrameworkMethod.invokeExplosively(FrameworkMethod.java:47)
	at org.junit.internal.runners.statements.InvokeMethod.evaluate(InvokeMethod.java:17)
	at org.junit.internal.runners.statements.FailOnTimeout$CallableStatement.call(FailOnTimeout.java:298)
	at org.junit.internal.runners.statements.FailOnTimeout$CallableStatement.call(FailOnTimeout.java:292)
	at java.util.concurrent.FutureTask.run(FutureTask.java:266)
	at java.lang.Thread.run(Thread.java:748)
Caused by: org.evosuite.runtime.mock.java.lang.MockIllegalStateException: Expected a boolean but was STRING at line 1 column 1 path $
	at com.google.gson.stream.JsonReader.nextBoolean(JsonReader.java:859)
	at com.google.gson.internal.bind.TypeAdapters$2.read(TypeAdapters.java:277)
	at com.google.gson.internal.bind.TypeAdapters$2.read(TypeAdapters.java:275)
	at com.google.gson.TypeAdapter$1.read(TypeAdapter.java:199)
	at com.google.gson.Gson.fromJson(Gson.java:864)
	... 16 more
5) test15(com.google.gson.internal.bind.TypeAdapters_ESTest)
com.google.gson.JsonSyntaxException: org.evosuite.runtime.mock.java.lang.MockThrowable: Use JsonReader.setLenient(true) to accept malformed JSON at line 1 column 9 path $
	at com.google.gson.Gson.assertFullConsumption(Gson.java:840)
	at com.google.gson.Gson.fromJson(Gson.java:803)
	at com.google.gson.internal.bind.TypeAdapters_ESTest.test15(TypeAdapters_ESTest.java:265)
	at sun.reflect.NativeMethodAccessorImpl.invoke0(Native Method)
	at sun.reflect.NativeMethodAccessorImpl.invoke(NativeMethodAccessorImpl.java:62)
	at sun.reflect.DelegatingMethodAccessorImpl.invoke(DelegatingMethodAccessorImpl.java:43)
	at java.lang.reflect.Method.invoke(Method.java:498)
	at org.junit.runners.model.FrameworkMethod$1.runReflectiveCall(FrameworkMethod.java:50)
	at org.junit.internal.runners.model.ReflectiveCallable.run(ReflectiveCallable.java:12)
	at org.junit.runners.model.FrameworkMethod.invokeExplosively(FrameworkMethod.java:47)
	at org.junit.internal.runners.statements.InvokeMethod.evaluate(InvokeMethod.java:17)
	at org.junit.internal.runners.statements.FailOnTimeout$CallableStatement.call(FailOnTimeout.java:298)
	at org.junit.internal.runners.statements.FailOnTimeout$CallableStatement.call(FailOnTimeout.java:292)
	at java.util.concurrent.FutureTask.run(FutureTask.java:266)
	at java.lang.Thread.run(Thread.java:748)
Caused by: com.google.gson.stream.MalformedJsonException: Use JsonReader.setLenient(true) to accept malformed JSON at line 1 column 9 path $
	at com.google.gson.stream.JsonReader.syntaxError(JsonReader.java:1574)
	at com.google.gson.stream.JsonReader.checkLenient(JsonReader.java:1424)
	at com.google.gson.stream.JsonReader.doPeek(JsonReader.java:546)
	at com.google.gson.stream.JsonReader.peek(JsonReader.java:429)
	at com.google.gson.Gson.assertFullConsumption(Gson.java:836)
	... 14 more
6) test19(com.google.gson.internal.bind.TypeAdapters_ESTest)
com.google.gson.JsonSyntaxException: org.evosuite.runtime.mock.java.lang.MockThrowable: Expected BEGIN_OBJECT but was BEGIN_ARRAY
	at com.google.gson.Gson.fromJson(Gson.java:876)
	at com.google.gson.Gson.fromJson(Gson.java:929)
	at com.google.gson.Gson.fromJson(Gson.java:902)
	at com.google.gson.internal.bind.TypeAdapters_ESTest.test19(TypeAdapters_ESTest.java:313)
	at sun.reflect.NativeMethodAccessorImpl.invoke0(Native Method)
	at sun.reflect.NativeMethodAccessorImpl.invoke(NativeMethodAccessorImpl.java:62)
	at sun.reflect.DelegatingMethodAccessorImpl.invoke(DelegatingMethodAccessorImpl.java:43)
	at java.lang.reflect.Method.invoke(Method.java:498)
	at org.junit.runners.model.FrameworkMethod$1.runReflectiveCall(FrameworkMethod.java:50)
	at org.junit.internal.runners.model.ReflectiveCallable.run(ReflectiveCallable.java:12)
	at org.junit.runners.model.FrameworkMethod.invokeExplosively(FrameworkMethod.java:47)
	at org.junit.internal.runners.statements.InvokeMethod.evaluate(InvokeMethod.java:17)
	at org.junit.internal.runners.statements.FailOnTimeout$CallableStatement.call(FailOnTimeout.java:298)
	at org.junit.internal.runners.statements.FailOnTimeout$CallableStatement.call(FailOnTimeout.java:292)
	at java.util.concurrent.FutureTask.run(FutureTask.java:266)
	at java.lang.Thread.run(Thread.java:748)
Caused by: org.evosuite.runtime.mock.java.lang.MockIllegalStateException: Expected BEGIN_OBJECT but was BEGIN_ARRAY
	at com.google.gson.internal.bind.JsonTreeReader.expect(JsonTreeReader.java:139)
	at com.google.gson.internal.bind.JsonTreeReader.beginObject(JsonTreeReader.java:70)
	at com.google.gson.internal.bind.TypeAdapters$27.read(TypeAdapters.java:627)
	at com.google.gson.internal.bind.TypeAdapters$27.read(TypeAdapters.java:613)
	at com.google.gson.Gson.fromJson(Gson.java:864)
	... 15 more
7) test50(com.google.gson.internal.bind.TypeAdapters_ESTest)
com.google.gson.JsonSyntaxException: org.evosuite.runtime.mock.java.lang.MockThrowable: Expected a boolean but was NUMBER at line 1 column 2 path $
	at com.google.gson.Gson.fromJson(Gson.java:876)
	at com.google.gson.Gson.fromJson(Gson.java:829)
	at com.google.gson.internal.bind.TypeAdapters_ESTest.test50(TypeAdapters_ESTest.java:687)
	at sun.reflect.NativeMethodAccessorImpl.invoke0(Native Method)
	at sun.reflect.NativeMethodAccessorImpl.invoke(NativeMethodAccessorImpl.java:62)
	at sun.reflect.DelegatingMethodAccessorImpl.invoke(DelegatingMethodAccessorImpl.java:43)
	at java.lang.reflect.Method.invoke(Method.java:498)
	at org.junit.runners.model.FrameworkMethod$1.runReflectiveCall(FrameworkMethod.java:50)
	at org.junit.internal.runners.model.ReflectiveCallable.run(ReflectiveCallable.java:12)
	at org.junit.runners.model.FrameworkMethod.invokeExplosively(FrameworkMethod.java:47)
	at org.junit.internal.runners.statements.InvokeMethod.evaluate(InvokeMethod.java:17)
	at org.junit.internal.runners.statements.FailOnTimeout$CallableStatement.call(FailOnTimeout.java:298)
	at org.junit.internal.runners.statements.FailOnTimeout$CallableStatement.call(FailOnTimeout.java:292)
	at java.util.concurrent.FutureTask.run(FutureTask.java:266)
	at java.lang.Thread.run(Thread.java:748)
Caused by: org.evosuite.runtime.mock.java.lang.MockIllegalStateException: Expected a boolean but was NUMBER at line 1 column 2 path $
	at com.google.gson.stream.JsonReader.nextBoolean(JsonReader.java:859)
	at com.google.gson.internal.bind.TypeAdapters$7.read(TypeAdapters.java:161)
	at com.google.gson.internal.bind.TypeAdapters$7.read(TypeAdapters.java:151)
	at com.google.gson.Gson.fromJson(Gson.java:864)
	... 14 more
8) test52(com.google.gson.internal.bind.TypeAdapters_ESTest)
com.google.gson.JsonSyntaxException: org.evosuite.runtime.mock.java.lang.MockThrowable: Expected BEGIN_ARRAY but was STRING at line 1 column 1 path $
	at com.google.gson.Gson.fromJson(Gson.java:876)
	at com.google.gson.Gson.fromJson(Gson.java:802)
	at com.google.gson.internal.bind.TypeAdapters_ESTest.test52(TypeAdapters_ESTest.java:714)
	at sun.reflect.NativeMethodAccessorImpl.invoke0(Native Method)
	at sun.reflect.NativeMethodAccessorImpl.invoke(NativeMethodAccessorImpl.java:62)
	at sun.reflect.DelegatingMethodAccessorImpl.invoke(DelegatingMethodAccessorImpl.java:43)
	at java.lang.reflect.Method.invoke(Method.java:498)
	at org.junit.runners.model.FrameworkMethod$1.runReflectiveCall(FrameworkMethod.java:50)
	at org.junit.internal.runners.model.ReflectiveCallable.run(ReflectiveCallable.java:12)
	at org.junit.runners.model.FrameworkMethod.invokeExplosively(FrameworkMethod.java:47)
	at org.junit.internal.runners.statements.InvokeMethod.evaluate(InvokeMethod.java:17)
	at org.junit.internal.runners.statements.FailOnTimeout$CallableStatement.call(FailOnTimeout.java:298)
	at org.junit.internal.runners.statements.FailOnTimeout$CallableStatement.call(FailOnTimeout.java:292)
	at java.util.concurrent.FutureTask.run(FutureTask.java:266)
	at java.lang.Thread.run(Thread.java:748)
Caused by: org.evosuite.runtime.mock.java.lang.MockIllegalStateException: Expected BEGIN_ARRAY but was STRING at line 1 column 1 path $
	at com.google.gson.stream.JsonReader.beginArray(JsonReader.java:350)
	at com.google.gson.internal.bind.TypeAdapters$6.read(TypeAdapters.java:100)
	at com.google.gson.internal.bind.TypeAdapters$6.read(TypeAdapters.java:92)
	at com.google.gson.Gson.fromJson(Gson.java:864)
	... 14 more
9) test43(com.google.gson.internal.bind.TypeAdapters_ESTest)
com.google.gson.JsonSyntaxException: java.lang.NumberFormatException: For input string: "(^*x"
	at com.google.gson.internal.bind.TypeAdapters$11.read(TypeAdapters.java:249)
	at com.google.gson.internal.bind.TypeAdapters$11.read(TypeAdapters.java:239)
	at com.google.gson.Gson.fromJson(Gson.java:864)
	at com.google.gson.Gson.fromJson(Gson.java:829)
	at com.google.gson.internal.bind.TypeAdapters_ESTest.test43(TypeAdapters_ESTest.java:593)
	at sun.reflect.NativeMethodAccessorImpl.invoke0(Native Method)
	at sun.reflect.NativeMethodAccessorImpl.invoke(NativeMethodAccessorImpl.java:62)
	at sun.reflect.DelegatingMethodAccessorImpl.invoke(DelegatingMethodAccessorImpl.java:43)
	at java.lang.reflect.Method.invoke(Method.java:498)
	at org.junit.runners.model.FrameworkMethod$1.runReflectiveCall(FrameworkMethod.java:50)
	at org.junit.internal.runners.model.ReflectiveCallable.run(ReflectiveCallable.java:12)
	at org.junit.runners.model.FrameworkMethod.invokeExplosively(FrameworkMethod.java:47)
	at org.junit.internal.runners.statements.InvokeMethod.evaluate(InvokeMethod.java:17)
	at org.junit.internal.runners.statements.FailOnTimeout$CallableStatement.call(FailOnTimeout.java:298)
	at org.junit.internal.runners.statements.FailOnTimeout$CallableStatement.call(FailOnTimeout.java:292)
	at java.util.concurrent.FutureTask.run(FutureTask.java:266)
	at java.lang.Thread.run(Thread.java:748)
Caused by: java.lang.NumberFormatException: For input string: "(^*x"
	at sun.misc.FloatingDecimal.readJavaFormatString(FloatingDecimal.java:2043)
	at sun.misc.FloatingDecimal.parseDouble(FloatingDecimal.java:110)
	at java.lang.Double.parseDouble(Double.java:538)
	at com.google.gson.stream.JsonReader.nextInt(JsonReader.java:1206)
	at com.google.gson.internal.bind.TypeAdapters$11.read(TypeAdapters.java:247)
	... 16 more
10) test01(com.google.gson.internal.bind.TypeAdapters_ESTest)
com.google.gson.JsonSyntaxException: org.evosuite.runtime.mock.java.lang.MockThrowable: Expected BEGIN_ARRAY but was STRING at line 1 column 1 path $
	at com.google.gson.Gson.fromJson(Gson.java:876)
	at com.google.gson.Gson.fromJson(Gson.java:829)
	at com.google.gson.Gson.fromJson(Gson.java:778)
	at com.google.gson.Gson.fromJson(Gson.java:750)
	at com.google.gson.internal.bind.TypeAdapters_ESTest.test01(TypeAdapters_ESTest.java:80)
	at sun.reflect.NativeMethodAccessorImpl.invoke0(Native Method)
	at sun.reflect.NativeMethodAccessorImpl.invoke(NativeMethodAccessorImpl.java:62)
	at sun.reflect.DelegatingMethodAccessorImpl.invoke(DelegatingMethodAccessorImpl.java:43)
	at java.lang.reflect.Method.invoke(Method.java:498)
	at org.junit.runners.model.FrameworkMethod$1.runReflectiveCall(FrameworkMethod.java:50)
	at org.junit.internal.runners.model.ReflectiveCallable.run(ReflectiveCallable.java:12)
	at org.junit.runners.model.FrameworkMethod.invokeExplosively(FrameworkMethod.java:47)
	at org.junit.internal.runners.statements.InvokeMethod.evaluate(InvokeMethod.java:17)
	at org.junit.internal.runners.statements.FailOnTimeout$CallableStatement.call(FailOnTimeout.java:298)
	at org.junit.internal.runners.statements.FailOnTimeout$CallableStatement.call(FailOnTimeout.java:292)
	at java.util.concurrent.FutureTask.run(FutureTask.java:266)
	at java.lang.Thread.run(Thread.java:748)
Caused by: org.evosuite.runtime.mock.java.lang.MockIllegalStateException: Expected BEGIN_ARRAY but was STRING at line 1 column 1 path $
	at com.google.gson.stream.JsonReader.beginArray(JsonReader.java:350)
	at com.google.gson.internal.bind.TypeAdapters$3.read(TypeAdapters.java:289)
	at com.google.gson.internal.bind.TypeAdapters$3.read(TypeAdapters.java:286)
	at com.google.gson.TypeAdapter$1.read(TypeAdapter.java:199)
	at com.google.gson.Gson.fromJson(Gson.java:864)
	... 16 more
11) test45(com.google.gson.internal.bind.TypeAdapters_ESTest)
com.google.gson.JsonSyntaxException: java.lang.NumberFormatException: For input string: "java.lang.Double@0000000027"
	at com.google.gson.internal.bind.TypeAdapters$10.read(TypeAdapters.java:227)
	at com.google.gson.internal.bind.TypeAdapters$10.read(TypeAdapters.java:217)
	at com.google.gson.Gson.fromJson(Gson.java:864)
	at com.google.gson.Gson.fromJson(Gson.java:829)
	at com.google.gson.internal.bind.TypeAdapters_ESTest.test45(TypeAdapters_ESTest.java:619)
	at sun.reflect.NativeMethodAccessorImpl.invoke0(Native Method)
	at sun.reflect.NativeMethodAccessorImpl.invoke(NativeMethodAccessorImpl.java:62)
	at sun.reflect.DelegatingMethodAccessorImpl.invoke(DelegatingMethodAccessorImpl.java:43)
	at java.lang.reflect.Method.invoke(Method.java:498)
	at org.junit.runners.model.FrameworkMethod$1.runReflectiveCall(FrameworkMethod.java:50)
	at org.junit.internal.runners.model.ReflectiveCallable.run(ReflectiveCallable.java:12)
	at org.junit.runners.model.FrameworkMethod.invokeExplosively(FrameworkMethod.java:47)
	at org.junit.internal.runners.statements.InvokeMethod.evaluate(InvokeMethod.java:17)
	at org.junit.internal.runners.statements.FailOnTimeout$CallableStatement.call(FailOnTimeout.java:298)
	at org.junit.internal.runners.statements.FailOnTimeout$CallableStatement.call(FailOnTimeout.java:292)
	at java.util.concurrent.FutureTask.run(FutureTask.java:266)
	at java.lang.Thread.run(Thread.java:748)
Caused by: java.lang.NumberFormatException: For input string: "java.lang.Double@0000000027"
	at sun.misc.FloatingDecimal.readJavaFormatString(FloatingDecimal.java:2043)
	at sun.misc.FloatingDecimal.parseDouble(FloatingDecimal.java:110)
	at java.lang.Double.parseDouble(Double.java:538)
	at com.google.gson.stream.JsonReader.nextInt(JsonReader.java:1206)
	at com.google.gson.internal.bind.TypeAdapters$10.read(TypeAdapters.java:225)
	... 16 more
12) test02(com.google.gson.internal.bind.TypeAdapters_ESTest)
com.google.gson.JsonIOException: java.net.URISyntaxException: Illegal character in path at index 4: nRQD|
	at com.google.gson.internal.bind.TypeAdapters$23.read(TypeAdapters.java:533)
	at com.google.gson.internal.bind.TypeAdapters$23.read(TypeAdapters.java:522)
	at com.google.gson.Gson.fromJson(Gson.java:864)
	at com.google.gson.Gson.fromJson(Gson.java:829)
	at com.google.gson.Gson.fromJson(Gson.java:778)
	at com.google.gson.Gson.fromJson(Gson.java:750)
	at com.google.gson.internal.bind.TypeAdapters_ESTest.test02(TypeAdapters_ESTest.java:97)
	at sun.reflect.NativeMethodAccessorImpl.invoke0(Native Method)
	at sun.reflect.NativeMethodAccessorImpl.invoke(NativeMethodAccessorImpl.java:62)
	at sun.reflect.DelegatingMethodAccessorImpl.invoke(DelegatingMethodAccessorImpl.java:43)
	at java.lang.reflect.Method.invoke(Method.java:498)
	at org.junit.runners.model.FrameworkMethod$1.runReflectiveCall(FrameworkMethod.java:50)
	at org.junit.internal.runners.model.ReflectiveCallable.run(ReflectiveCallable.java:12)
	at org.junit.runners.model.FrameworkMethod.invokeExplosively(FrameworkMethod.java:47)
	at org.junit.internal.runners.statements.InvokeMethod.evaluate(InvokeMethod.java:17)
	at org.junit.internal.runners.statements.FailOnTimeout$CallableStatement.call(FailOnTimeout.java:298)
	at org.junit.internal.runners.statements.FailOnTimeout$CallableStatement.call(FailOnTimeout.java:292)
	at java.util.concurrent.FutureTask.run(FutureTask.java:266)
	at java.lang.Thread.run(Thread.java:748)
Caused by: java.net.URISyntaxException: Illegal character in path at index 4: nRQD|
	at java.net.URI$Parser.fail(URI.java:2848)
	at java.net.URI$Parser.checkChars(URI.java:3021)
	at java.net.URI$Parser.parseHierarchical(URI.java:3105)
	at java.net.URI$Parser.parse(URI.java:3063)
	at java.net.URI.<init>(URI.java:588)
	at org.evosuite.runtime.mock.java.net.MockURI.URI(MockURI.java:59)
	at com.google.gson.internal.bind.TypeAdapters$23.read(TypeAdapters.java:531)
	... 18 more
13) test47(com.google.gson.internal.bind.TypeAdapters_ESTest)
com.google.gson.JsonSyntaxException: java.lang.NumberFormatException: For input string: "com.google.gson.internal.bind.DateTypeAdapter"
	at com.google.gson.internal.bind.TypeAdapters$9.read(TypeAdapters.java:205)
	at com.google.gson.internal.bind.TypeAdapters$9.read(TypeAdapters.java:194)
	at com.google.gson.Gson.fromJson(Gson.java:864)
	at com.google.gson.internal.bind.TypeAdapters_ESTest.test47(TypeAdapters_ESTest.java:645)
	at sun.reflect.NativeMethodAccessorImpl.invoke0(Native Method)
	at sun.reflect.NativeMethodAccessorImpl.invoke(NativeMethodAccessorImpl.java:62)
	at sun.reflect.DelegatingMethodAccessorImpl.invoke(DelegatingMethodAccessorImpl.java:43)
	at java.lang.reflect.Method.invoke(Method.java:498)
	at org.junit.runners.model.FrameworkMethod$1.runReflectiveCall(FrameworkMethod.java:50)
	at org.junit.internal.runners.model.ReflectiveCallable.run(ReflectiveCallable.java:12)
	at org.junit.runners.model.FrameworkMethod.invokeExplosively(FrameworkMethod.java:47)
	at org.junit.internal.runners.statements.InvokeMethod.evaluate(InvokeMethod.java:17)
	at org.junit.internal.runners.statements.FailOnTimeout$CallableStatement.call(FailOnTimeout.java:298)
	at org.junit.internal.runners.statements.FailOnTimeout$CallableStatement.call(FailOnTimeout.java:292)
	at java.util.concurrent.FutureTask.run(FutureTask.java:266)
	at java.lang.Thread.run(Thread.java:748)
Caused by: java.lang.NumberFormatException: For input string: "com.google.gson.internal.bind.DateTypeAdapter"
	at sun.misc.FloatingDecimal.readJavaFormatString(FloatingDecimal.java:2043)
	at sun.misc.FloatingDecimal.parseDouble(FloatingDecimal.java:110)
	at java.lang.Double.parseDouble(Double.java:538)
	at com.google.gson.stream.JsonReader.nextInt(JsonReader.java:1206)
	at com.google.gson.internal.bind.TypeAdapters$9.read(TypeAdapters.java:202)
	... 15 more
14) test49(com.google.gson.internal.bind.TypeAdapters_ESTest)
com.google.gson.JsonSyntaxException: org.evosuite.runtime.mock.java.lang.MockThrowable: Use JsonReader.setLenient(true) to accept malformed JSON at line 1 column 3 path $
	at com.google.gson.Gson.assertFullConsumption(Gson.java:840)
	at com.google.gson.Gson.fromJson(Gson.java:830)
	at com.google.gson.internal.bind.TypeAdapters_ESTest.test49(TypeAdapters_ESTest.java:670)
	at sun.reflect.NativeMethodAccessorImpl.invoke0(Native Method)
	at sun.reflect.NativeMethodAccessorImpl.invoke(NativeMethodAccessorImpl.java:62)
	at sun.reflect.DelegatingMethodAccessorImpl.invoke(DelegatingMethodAccessorImpl.java:43)
	at java.lang.reflect.Method.invoke(Method.java:498)
	at org.junit.runners.model.FrameworkMethod$1.runReflectiveCall(FrameworkMethod.java:50)
	at org.junit.internal.runners.model.ReflectiveCallable.run(ReflectiveCallable.java:12)
	at org.junit.runners.model.FrameworkMethod.invokeExplosively(FrameworkMethod.java:47)
	at org.junit.internal.runners.statements.InvokeMethod.evaluate(InvokeMethod.java:17)
	at org.junit.internal.runners.statements.FailOnTimeout$CallableStatement.call(FailOnTimeout.java:298)
	at org.junit.internal.runners.statements.FailOnTimeout$CallableStatement.call(FailOnTimeout.java:292)
	at java.util.concurrent.FutureTask.run(FutureTask.java:266)
	at java.lang.Thread.run(Thread.java:748)
Caused by: com.google.gson.stream.MalformedJsonException: Use JsonReader.setLenient(true) to accept malformed JSON at line 1 column 3 path $
	at com.google.gson.stream.JsonReader.syntaxError(JsonReader.java:1574)
	at com.google.gson.stream.JsonReader.checkLenient(JsonReader.java:1424)
	at com.google.gson.stream.JsonReader.doPeek(JsonReader.java:546)
	at com.google.gson.stream.JsonReader.peek(JsonReader.java:429)
	at com.google.gson.Gson.assertFullConsumption(Gson.java:836)
	... 14 more
15) test06(com.google.gson.internal.bind.TypeAdapters_ESTest)
java.lang.UnsupportedOperationException: Attempted to serialize java.lang.Class: com.google.gson.internal.ObjectConstructor. Forgot to register a type adapter?
	at com.google.gson.internal.bind.TypeAdapters$5.write(TypeAdapters.java:75)
	at com.google.gson.internal.bind.TypeAdapters$5.write(TypeAdapters.java:69)
	at com.google.gson.internal.bind.TypeAdapterRuntimeTypeWrapper.write(TypeAdapterRuntimeTypeWrapper.java:68)
	at com.google.gson.internal.bind.ReflectiveTypeAdapterFactory$1.write(ReflectiveTypeAdapterFactory.java:112)
	at com.google.gson.internal.bind.ReflectiveTypeAdapterFactory$Adapter.write(ReflectiveTypeAdapterFactory.java:239)
	at com.google.gson.internal.bind.TypeAdapterRuntimeTypeWrapper.write(TypeAdapterRuntimeTypeWrapper.java:68)
	at com.google.gson.internal.bind.ReflectiveTypeAdapterFactory$1.write(ReflectiveTypeAdapterFactory.java:112)
	at com.google.gson.internal.bind.ReflectiveTypeAdapterFactory$Adapter.write(ReflectiveTypeAdapterFactory.java:239)
	at com.google.gson.internal.bind.TypeAdapterRuntimeTypeWrapper.write(TypeAdapterRuntimeTypeWrapper.java:68)
	at com.google.gson.internal.bind.ReflectiveTypeAdapterFactory$1.write(ReflectiveTypeAdapterFactory.java:112)
	at com.google.gson.internal.bind.ReflectiveTypeAdapterFactory$Adapter.write(ReflectiveTypeAdapterFactory.java:239)
	at com.google.gson.Gson.toJson(Gson.java:646)
	at com.google.gson.Gson.toJson(Gson.java:625)
	at com.google.gson.Gson.toJson(Gson.java:580)
	at com.google.gson.Gson.toJson(Gson.java:560)
	at com.google.gson.internal.bind.TypeAdapters_ESTest.test06(TypeAdapters_ESTest.java:138)
	at sun.reflect.NativeMethodAccessorImpl.invoke0(Native Method)
	at sun.reflect.NativeMethodAccessorImpl.invoke(NativeMethodAccessorImpl.java:62)
	at sun.reflect.DelegatingMethodAccessorImpl.invoke(DelegatingMethodAccessorImpl.java:43)
	at java.lang.reflect.Method.invoke(Method.java:498)
	at org.junit.runners.model.FrameworkMethod$1.runReflectiveCall(FrameworkMethod.java:50)
	at org.junit.internal.runners.model.ReflectiveCallable.run(ReflectiveCallable.java:12)
	at org.junit.runners.model.FrameworkMethod.invokeExplosively(FrameworkMethod.java:47)
	at org.junit.internal.runners.statements.InvokeMethod.evaluate(InvokeMethod.java:17)
	at org.junit.internal.runners.statements.FailOnTimeout$CallableStatement.call(FailOnTimeout.java:298)
	at org.junit.internal.runners.statements.FailOnTimeout$CallableStatement.call(FailOnTimeout.java:292)
	at java.util.concurrent.FutureTask.run(FutureTask.java:266)
	at java.lang.Thread.run(Thread.java:748)
16) test08(com.google.gson.internal.bind.TypeAdapters_ESTest)
java.lang.NullPointerException
	at com.google.gson.internal.bind.TreeTypeAdapter.read(TreeTypeAdapter.java:69)
	at com.google.gson.TypeAdapter.fromJsonTree(TypeAdapter.java:285)
	at com.google.gson.internal.bind.TypeAdapters_ESTest.test08(TypeAdapters_ESTest.java:168)
	at sun.reflect.NativeMethodAccessorImpl.invoke0(Native Method)
	at sun.reflect.NativeMethodAccessorImpl.invoke(NativeMethodAccessorImpl.java:62)
	at sun.reflect.DelegatingMethodAccessorImpl.invoke(DelegatingMethodAccessorImpl.java:43)
	at java.lang.reflect.Method.invoke(Method.java:498)
	at org.junit.runners.model.FrameworkMethod$1.runReflectiveCall(FrameworkMethod.java:50)
	at org.junit.internal.runners.model.ReflectiveCallable.run(ReflectiveCallable.java:12)
	at org.junit.runners.model.FrameworkMethod.invokeExplosively(FrameworkMethod.java:47)
	at org.junit.internal.runners.statements.InvokeMethod.evaluate(InvokeMethod.java:17)
	at org.junit.internal.runners.statements.FailOnTimeout$CallableStatement.call(FailOnTimeout.java:298)
	at org.junit.internal.runners.statements.FailOnTimeout$CallableStatement.call(FailOnTimeout.java:292)
	at java.util.concurrent.FutureTask.run(FutureTask.java:266)
	at java.lang.Thread.run(Thread.java:748)
17) test09(com.google.gson.internal.bind.TypeAdapters_ESTest)
com.google.gson.JsonSyntaxException: Expected a com.google.gson.JsonPrimitive but was com.google.gson.JsonObject
	at com.google.gson.internal.bind.TypeAdapters$35$1.read(TypeAdapters.java:916)
	at com.google.gson.Gson.fromJson(Gson.java:864)
	at com.google.gson.Gson.fromJson(Gson.java:929)
	at com.google.gson.Gson.fromJson(Gson.java:902)
	at com.google.gson.internal.bind.TypeAdapters_ESTest.test09(TypeAdapters_ESTest.java:185)
	at sun.reflect.NativeMethodAccessorImpl.invoke0(Native Method)
	at sun.reflect.NativeMethodAccessorImpl.invoke(NativeMethodAccessorImpl.java:62)
	at sun.reflect.DelegatingMethodAccessorImpl.invoke(DelegatingMethodAccessorImpl.java:43)
	at java.lang.reflect.Method.invoke(Method.java:498)
	at org.junit.runners.model.FrameworkMethod$1.runReflectiveCall(FrameworkMethod.java:50)
	at org.junit.internal.runners.model.ReflectiveCallable.run(ReflectiveCallable.java:12)
	at org.junit.runners.model.FrameworkMethod.invokeExplosively(FrameworkMethod.java:47)
	at org.junit.internal.runners.statements.InvokeMethod.evaluate(InvokeMethod.java:17)
	at org.junit.internal.runners.statements.FailOnTimeout$CallableStatement.call(FailOnTimeout.java:298)
	at org.junit.internal.runners.statements.FailOnTimeout$CallableStatement.call(FailOnTimeout.java:292)
	at java.util.concurrent.FutureTask.run(FutureTask.java:266)
	at java.lang.Thread.run(Thread.java:748)
18) test41(com.google.gson.internal.bind.TypeAdapters_ESTest)
com.google.gson.JsonSyntaxException: java.lang.NumberFormatException: For input string: "Expected"
	at com.google.gson.internal.bind.TypeAdapters$12.read(TypeAdapters.java:327)
	at com.google.gson.internal.bind.TypeAdapters$12.read(TypeAdapters.java:317)
	at com.google.gson.Gson.fromJson(Gson.java:864)
	at com.google.gson.Gson.fromJson(Gson.java:829)
	at com.google.gson.internal.bind.TypeAdapters_ESTest.test41(TypeAdapters_ESTest.java:568)
	at sun.reflect.NativeMethodAccessorImpl.invoke0(Native Method)
	at sun.reflect.NativeMethodAccessorImpl.invoke(NativeMethodAccessorImpl.java:62)
	at sun.reflect.DelegatingMethodAccessorImpl.invoke(DelegatingMethodAccessorImpl.java:43)
	at java.lang.reflect.Method.invoke(Method.java:498)
	at org.junit.runners.model.FrameworkMethod$1.runReflectiveCall(FrameworkMethod.java:50)
	at org.junit.internal.runners.model.ReflectiveCallable.run(ReflectiveCallable.java:12)
	at org.junit.runners.model.FrameworkMethod.invokeExplosively(FrameworkMethod.java:47)
	at org.junit.internal.runners.statements.InvokeMethod.evaluate(InvokeMethod.java:17)
	at org.junit.internal.runners.statements.FailOnTimeout$CallableStatement.call(FailOnTimeout.java:298)
	at org.junit.internal.runners.statements.FailOnTimeout$CallableStatement.call(FailOnTimeout.java:292)
	at java.util.concurrent.FutureTask.run(FutureTask.java:266)
	at java.lang.Thread.run(Thread.java:748)
Caused by: java.lang.NumberFormatException: For input string: "Expected"
	at sun.misc.FloatingDecimal.readJavaFormatString(FloatingDecimal.java:2043)
	at sun.misc.FloatingDecimal.parseDouble(FloatingDecimal.java:110)
	at java.lang.Double.parseDouble(Double.java:538)
	at com.google.gson.stream.JsonReader.nextLong(JsonReader.java:974)
	at com.google.gson.internal.bind.TypeAdapters$12.read(TypeAdapters.java:325)
	... 16 more
19) test31(com.google.gson.internal.bind.TypeAdapters_ESTest)
com.google.gson.JsonSyntaxException: org.evosuite.runtime.mock.java.lang.MockThrowable: Expected a string but was BOOLEAN at line 1 column 6 path $
	at com.google.gson.Gson.fromJson(Gson.java:876)
	at com.google.gson.Gson.fromJson(Gson.java:829)
	at com.google.gson.Gson.fromJson(Gson.java:778)
	at com.google.gson.Gson.fromJson(Gson.java:750)
	at com.google.gson.internal.bind.TypeAdapters_ESTest.test31(TypeAdapters_ESTest.java:443)
	at sun.reflect.NativeMethodAccessorImpl.invoke0(Native Method)
	at sun.reflect.NativeMethodAccessorImpl.invoke(NativeMethodAccessorImpl.java:62)
	at sun.reflect.DelegatingMethodAccessorImpl.invoke(DelegatingMethodAccessorImpl.java:43)
	at java.lang.reflect.Method.invoke(Method.java:498)
	at org.junit.runners.model.FrameworkMethod$1.runReflectiveCall(FrameworkMethod.java:50)
	at org.junit.internal.runners.model.ReflectiveCallable.run(ReflectiveCallable.java:12)
	at org.junit.runners.model.FrameworkMethod.invokeExplosively(FrameworkMethod.java:47)
	at org.junit.internal.runners.statements.InvokeMethod.evaluate(InvokeMethod.java:17)
	at org.junit.internal.runners.statements.FailOnTimeout$CallableStatement.call(FailOnTimeout.java:298)
	at org.junit.internal.runners.statements.FailOnTimeout$CallableStatement.call(FailOnTimeout.java:292)
	at java.util.concurrent.FutureTask.run(FutureTask.java:266)
	at java.lang.Thread.run(Thread.java:748)
Caused by: org.evosuite.runtime.mock.java.lang.MockIllegalStateException: Expected a string but was BOOLEAN at line 1 column 6 path $
	at com.google.gson.stream.JsonReader.nextString(JsonReader.java:830)
	at com.google.gson.internal.bind.TypeAdapters$21.read(TypeAdapters.java:493)
	at com.google.gson.internal.bind.TypeAdapters$21.read(TypeAdapters.java:486)
	at com.google.gson.Gson.fromJson(Gson.java:864)
	... 16 more
20) test34(com.google.gson.internal.bind.TypeAdapters_ESTest)
com.google.gson.JsonSyntaxException: org.evosuite.runtime.mock.java.lang.MockThrowable: Expected a string but was BEGIN_OBJECT at line 1 column 2 path $
	at com.google.gson.Gson.fromJson(Gson.java:876)
	at com.google.gson.Gson.fromJson(Gson.java:829)
	at com.google.gson.internal.bind.TypeAdapters_ESTest.test34(TypeAdapters_ESTest.java:486)
	at sun.reflect.NativeMethodAccessorImpl.invoke0(Native Method)
	at sun.reflect.NativeMethodAccessorImpl.invoke(NativeMethodAccessorImpl.java:62)
	at sun.reflect.DelegatingMethodAccessorImpl.invoke(DelegatingMethodAccessorImpl.java:43)
	at java.lang.reflect.Method.invoke(Method.java:498)
	at org.junit.runners.model.FrameworkMethod$1.runReflectiveCall(FrameworkMethod.java:50)
	at org.junit.internal.runners.model.ReflectiveCallable.run(ReflectiveCallable.java:12)
	at org.junit.runners.model.FrameworkMethod.invokeExplosively(FrameworkMethod.java:47)
	at org.junit.internal.runners.statements.InvokeMethod.evaluate(InvokeMethod.java:17)
	at org.junit.internal.runners.statements.FailOnTimeout$CallableStatement.call(FailOnTimeout.java:298)
	at org.junit.internal.runners.statements.FailOnTimeout$CallableStatement.call(FailOnTimeout.java:292)
	at java.util.concurrent.FutureTask.run(FutureTask.java:266)
	at java.lang.Thread.run(Thread.java:748)
Caused by: org.evosuite.runtime.mock.java.lang.MockIllegalStateException: Expected a string but was BEGIN_OBJECT at line 1 column 2 path $
	at com.google.gson.stream.JsonReader.nextString(JsonReader.java:830)
	at com.google.gson.internal.bind.TypeAdapters$17.read(TypeAdapters.java:422)
	at com.google.gson.internal.bind.TypeAdapters$17.read(TypeAdapters.java:410)
	at com.google.gson.Gson.fromJson(Gson.java:864)
	... 14 more
21) test37(com.google.gson.internal.bind.TypeAdapters_ESTest)
com.google.gson.JsonSyntaxException: org.evosuite.runtime.mock.java.lang.MockThrowable: Use JsonReader.setLenient(true) to accept malformed JSON at line 1 column 3 path $
	at com.google.gson.Gson.assertFullConsumption(Gson.java:840)
	at com.google.gson.Gson.fromJson(Gson.java:830)
	at com.google.gson.Gson.fromJson(Gson.java:778)
	at com.google.gson.Gson.fromJson(Gson.java:750)
	at com.google.gson.internal.bind.TypeAdapters_ESTest.test37(TypeAdapters_ESTest.java:518)
	at sun.reflect.NativeMethodAccessorImpl.invoke0(Native Method)
	at sun.reflect.NativeMethodAccessorImpl.invoke(NativeMethodAccessorImpl.java:62)
	at sun.reflect.DelegatingMethodAccessorImpl.invoke(DelegatingMethodAccessorImpl.java:43)
	at java.lang.reflect.Method.invoke(Method.java:498)
	at org.junit.runners.model.FrameworkMethod$1.runReflectiveCall(FrameworkMethod.java:50)
	at org.junit.internal.runners.model.ReflectiveCallable.run(ReflectiveCallable.java:12)
	at org.junit.runners.model.FrameworkMethod.invokeExplosively(FrameworkMethod.java:47)
	at org.junit.internal.runners.statements.InvokeMethod.evaluate(InvokeMethod.java:17)
	at org.junit.internal.runners.statements.FailOnTimeout$CallableStatement.call(FailOnTimeout.java:298)
	at org.junit.internal.runners.statements.FailOnTimeout$CallableStatement.call(FailOnTimeout.java:292)
	at java.util.concurrent.FutureTask.run(FutureTask.java:266)
	at java.lang.Thread.run(Thread.java:748)
Caused by: com.google.gson.stream.MalformedJsonException: Use JsonReader.setLenient(true) to accept malformed JSON at line 1 column 3 path $
	at com.google.gson.stream.JsonReader.syntaxError(JsonReader.java:1574)
	at com.google.gson.stream.JsonReader.checkLenient(JsonReader.java:1424)
	at com.google.gson.stream.JsonReader.doPeek(JsonReader.java:546)
	at com.google.gson.stream.JsonReader.peek(JsonReader.java:429)
	at com.google.gson.Gson.assertFullConsumption(Gson.java:836)
	... 16 more
22) test39(com.google.gson.internal.bind.TypeAdapters_ESTest)
com.google.gson.JsonSyntaxException: Expecting character, got: com.google.gson.internal.bind.TypeAdapters
	at com.google.gson.internal.bind.TypeAdapters$16.read(TypeAdapters.java:397)
	at com.google.gson.internal.bind.TypeAdapters$16.read(TypeAdapters.java:388)
	at com.google.gson.Gson.fromJson(Gson.java:864)
	at com.google.gson.Gson.fromJson(Gson.java:829)
	at com.google.gson.Gson.fromJson(Gson.java:778)
	at com.google.gson.Gson.fromJson(Gson.java:750)
	at com.google.gson.internal.bind.TypeAdapters_ESTest.test39(TypeAdapters_ESTest.java:542)
	at sun.reflect.NativeMethodAccessorImpl.invoke0(Native Method)
	at sun.reflect.NativeMethodAccessorImpl.invoke(NativeMethodAccessorImpl.java:62)
	at sun.reflect.DelegatingMethodAccessorImpl.invoke(DelegatingMethodAccessorImpl.java:43)
	at java.lang.reflect.Method.invoke(Method.java:498)
	at org.junit.runners.model.FrameworkMethod$1.runReflectiveCall(FrameworkMethod.java:50)
	at org.junit.internal.runners.model.ReflectiveCallable.run(ReflectiveCallable.java:12)
	at org.junit.runners.model.FrameworkMethod.invokeExplosively(FrameworkMethod.java:47)
	at org.junit.internal.runners.statements.InvokeMethod.evaluate(InvokeMethod.java:17)
	at org.junit.internal.runners.statements.FailOnTimeout$CallableStatement.call(FailOnTimeout.java:298)
	at org.junit.internal.runners.statements.FailOnTimeout$CallableStatement.call(FailOnTimeout.java:292)
	at java.util.concurrent.FutureTask.run(FutureTask.java:266)
	at java.lang.Thread.run(Thread.java:748)
23) test24(com.google.gson.internal.bind.TypeAdapters_ESTest)
com.google.gson.JsonSyntaxException: org.evosuite.runtime.mock.java.lang.MockThrowable: Use JsonReader.setLenient(true) to accept malformed JSON at line 1 column 7 path $
	at com.google.gson.Gson.assertFullConsumption(Gson.java:840)
	at com.google.gson.Gson.fromJson(Gson.java:830)
	at com.google.gson.Gson.fromJson(Gson.java:778)
	at com.google.gson.Gson.fromJson(Gson.java:750)
	at com.google.gson.internal.bind.TypeAdapters_ESTest.test24(TypeAdapters_ESTest.java:363)
	at sun.reflect.NativeMethodAccessorImpl.invoke0(Native Method)
	at sun.reflect.NativeMethodAccessorImpl.invoke(NativeMethodAccessorImpl.java:62)
	at sun.reflect.DelegatingMethodAccessorImpl.invoke(DelegatingMethodAccessorImpl.java:43)
	at java.lang.reflect.Method.invoke(Method.java:498)
	at org.junit.runners.model.FrameworkMethod$1.runReflectiveCall(FrameworkMethod.java:50)
	at org.junit.internal.runners.model.ReflectiveCallable.run(ReflectiveCallable.java:12)
	at org.junit.runners.model.FrameworkMethod.invokeExplosively(FrameworkMethod.java:47)
	at org.junit.internal.runners.statements.InvokeMethod.evaluate(InvokeMethod.java:17)
	at org.junit.internal.runners.statements.FailOnTimeout$CallableStatement.call(FailOnTimeout.java:298)
	at org.junit.internal.runners.statements.FailOnTimeout$CallableStatement.call(FailOnTimeout.java:292)
	at java.util.concurrent.FutureTask.run(FutureTask.java:266)
	at java.lang.Thread.run(Thread.java:748)
Caused by: com.google.gson.stream.MalformedJsonException: Use JsonReader.setLenient(true) to accept malformed JSON at line 1 column 7 path $
	at com.google.gson.stream.JsonReader.syntaxError(JsonReader.java:1574)
	at com.google.gson.stream.JsonReader.checkLenient(JsonReader.java:1424)
	at com.google.gson.stream.JsonReader.doPeek(JsonReader.java:546)
	at com.google.gson.stream.JsonReader.peek(JsonReader.java:429)
	at com.google.gson.Gson.assertFullConsumption(Gson.java:836)
	... 16 more
24) test28(com.google.gson.internal.bind.TypeAdapters_ESTest)
com.google.gson.JsonSyntaxException: java.net.MalformedURLException: no protocol: BEGIN_OBJECT
	at com.google.gson.Gson.fromJson(Gson.java:879)
	at com.google.gson.internal.bind.TypeAdapters_ESTest.test28(TypeAdapters_ESTest.java:407)
	at sun.reflect.NativeMethodAccessorImpl.invoke0(Native Method)
	at sun.reflect.NativeMethodAccessorImpl.invoke(NativeMethodAccessorImpl.java:62)
	at sun.reflect.DelegatingMethodAccessorImpl.invoke(DelegatingMethodAccessorImpl.java:43)
	at java.lang.reflect.Method.invoke(Method.java:498)
	at org.junit.runners.model.FrameworkMethod$1.runReflectiveCall(FrameworkMethod.java:50)
	at org.junit.internal.runners.model.ReflectiveCallable.run(ReflectiveCallable.java:12)
	at org.junit.runners.model.FrameworkMethod.invokeExplosively(FrameworkMethod.java:47)
	at org.junit.internal.runners.statements.InvokeMethod.evaluate(InvokeMethod.java:17)
	at org.junit.internal.runners.statements.FailOnTimeout$CallableStatement.call(FailOnTimeout.java:298)
	at org.junit.internal.runners.statements.FailOnTimeout$CallableStatement.call(FailOnTimeout.java:292)
	at java.util.concurrent.FutureTask.run(FutureTask.java:266)
	at java.lang.Thread.run(Thread.java:748)
Caused by: java.net.MalformedURLException: no protocol: BEGIN_OBJECT
	at java.net.URL.<init>(URL.java:611)
	at org.evosuite.runtime.mock.java.net.MockURL.URL(MockURL.java:130)
	at org.evosuite.runtime.mock.java.net.MockURL.URL(MockURL.java:92)
	at org.evosuite.runtime.mock.java.net.MockURL.URL(MockURL.java:88)
	at com.google.gson.internal.bind.TypeAdapters$22.read(TypeAdapters.java:512)
	at com.google.gson.internal.bind.TypeAdapters$22.read(TypeAdapters.java:504)
	at com.google.gson.Gson.fromJson(Gson.java:864)
	... 13 more

FAILURES!!!
Tests run: 66,  Failures: 24

