JUnit version 4.12
.....................E..........................................E..................E...............................................................................E...................E......E.............E...E..E...E......E..E...E...E...E.E....E..E..E..E....E.E.E.E.E.E..E...E...E..E..E..E..E..E..E..E..E..E.E............................................
Time: 22.114
There were 39 failures:
1) test273(org.apache.commons.csv.CSVFormat_ESTest)
java.lang.NullPointerException
	at org.apache.commons.csv.CSVFormat.printRecord(CSVFormat.java:1144)
	at org.apache.commons.csv.CSVPrinter.printRecord(CSVPrinter.java:216)
	at org.apache.commons.csv.CSVFormat.format(CSVFormat.java:618)
	at org.apache.commons.csv.CSVFormat_ESTest.test273(CSVFormat_ESTest.java:25974)
	at sun.reflect.NativeMethodAccessorImpl.invoke0(Native Method)
	at sun.reflect.NativeMethodAccessorImpl.invoke(NativeMethodAccessorImpl.java:62)
	at sun.reflect.DelegatingMethodAccessorImpl.invoke(DelegatingMethodAccessorImpl.java:43)
	at java.lang.reflect.Method.invoke(Method.java:498)
	at org.junit.runners.model.FrameworkMethod$1.runReflectiveCall(FrameworkMethod.java:50)
	at org.junit.internal.runners.model.ReflectiveCallable.run(ReflectiveCallable.java:12)
	at org.junit.runners.model.FrameworkMethod.invokeExplosively(FrameworkMethod.java:47)
	at org.junit.internal.runners.statements.InvokeMethod.evaluate(InvokeMethod.java:17)
	at org.junit.internal.runners.statements.FailOnTimeout$CallableStatement.call(FailOnTimeout.java:298)
	at org.junit.internal.runners.statements.FailOnTimeout$CallableStatement.call(FailOnTimeout.java:292)
	at java.util.concurrent.FutureTask.run(FutureTask.java:266)
	at java.lang.Thread.run(Thread.java:748)
2) test264(org.apache.commons.csv.CSVFormat_ESTest)
java.lang.NullPointerException
	at org.apache.commons.csv.CSVFormat.print(CSVFormat.java:943)
	at org.apache.commons.csv.CSVFormat.print(CSVFormat.java:937)
	at org.apache.commons.csv.CSVFormat_ESTest.test264(CSVFormat_ESTest.java:25859)
	at sun.reflect.NativeMethodAccessorImpl.invoke0(Native Method)
	at sun.reflect.NativeMethodAccessorImpl.invoke(NativeMethodAccessorImpl.java:62)
	at sun.reflect.DelegatingMethodAccessorImpl.invoke(DelegatingMethodAccessorImpl.java:43)
	at java.lang.reflect.Method.invoke(Method.java:498)
	at org.junit.runners.model.FrameworkMethod$1.runReflectiveCall(FrameworkMethod.java:50)
	at org.junit.internal.runners.model.ReflectiveCallable.run(ReflectiveCallable.java:12)
	at org.junit.runners.model.FrameworkMethod.invokeExplosively(FrameworkMethod.java:47)
	at org.junit.internal.runners.statements.InvokeMethod.evaluate(InvokeMethod.java:17)
	at org.junit.internal.runners.statements.FailOnTimeout$CallableStatement.call(FailOnTimeout.java:298)
	at org.junit.internal.runners.statements.FailOnTimeout$CallableStatement.call(FailOnTimeout.java:292)
	at java.util.concurrent.FutureTask.run(FutureTask.java:266)
	at java.lang.Thread.run(Thread.java:748)
3) test295(org.apache.commons.csv.CSVFormat_ESTest)
org.evosuite.runtime.mock.java.lang.MockIllegalArgumentException: The quoteChar cannot be a line break
	at org.apache.commons.csv.CSVFormat.withQuote(CSVFormat.java:1679)
	at org.apache.commons.csv.CSVFormat.withQuote(CSVFormat.java:1665)
	at org.apache.commons.csv.CSVFormat_ESTest.test295(CSVFormat_ESTest.java:26282)
	at sun.reflect.NativeMethodAccessorImpl.invoke0(Native Method)
	at sun.reflect.NativeMethodAccessorImpl.invoke(NativeMethodAccessorImpl.java:62)
	at sun.reflect.DelegatingMethodAccessorImpl.invoke(DelegatingMethodAccessorImpl.java:43)
	at java.lang.reflect.Method.invoke(Method.java:498)
	at org.junit.runners.model.FrameworkMethod$1.runReflectiveCall(FrameworkMethod.java:50)
	at org.junit.internal.runners.model.ReflectiveCallable.run(ReflectiveCallable.java:12)
	at org.junit.runners.model.FrameworkMethod.invokeExplosively(FrameworkMethod.java:47)
	at org.junit.internal.runners.statements.InvokeMethod.evaluate(InvokeMethod.java:17)
	at org.junit.internal.runners.statements.FailOnTimeout$CallableStatement.call(FailOnTimeout.java:298)
	at org.junit.internal.runners.statements.FailOnTimeout$CallableStatement.call(FailOnTimeout.java:292)
	at java.util.concurrent.FutureTask.run(FutureTask.java:266)
	at java.lang.Thread.run(Thread.java:748)
4) test212(org.apache.commons.csv.CSVFormat_ESTest)
java.lang.NullPointerException
	at org.apache.commons.csv.CSVFormat.print(CSVFormat.java:946)
	at org.apache.commons.csv.CSVFormat.print(CSVFormat.java:937)
	at org.apache.commons.csv.CSVFormat_ESTest.test212(CSVFormat_ESTest.java:25286)
	at sun.reflect.NativeMethodAccessorImpl.invoke0(Native Method)
	at sun.reflect.NativeMethodAccessorImpl.invoke(NativeMethodAccessorImpl.java:62)
	at sun.reflect.DelegatingMethodAccessorImpl.invoke(DelegatingMethodAccessorImpl.java:43)
	at java.lang.reflect.Method.invoke(Method.java:498)
	at org.junit.runners.model.FrameworkMethod$1.runReflectiveCall(FrameworkMethod.java:50)
	at org.junit.internal.runners.model.ReflectiveCallable.run(ReflectiveCallable.java:12)
	at org.junit.runners.model.FrameworkMethod.invokeExplosively(FrameworkMethod.java:47)
	at org.junit.internal.runners.statements.InvokeMethod.evaluate(InvokeMethod.java:17)
	at org.junit.internal.runners.statements.FailOnTimeout$CallableStatement.call(FailOnTimeout.java:298)
	at org.junit.internal.runners.statements.FailOnTimeout$CallableStatement.call(FailOnTimeout.java:292)
	at java.util.concurrent.FutureTask.run(FutureTask.java:266)
	at java.lang.Thread.run(Thread.java:748)
5) test002(org.apache.commons.csv.CSVFormat_ESTest)
java.lang.IndexOutOfBoundsException
	at java.nio.Buffer.checkIndex(Buffer.java:544)
	at java.nio.HeapCharBuffer.get(HeapCharBuffer.java:142)
	at java.nio.CharBuffer.charAt(CharBuffer.java:1290)
	at org.apache.commons.csv.CSVFormat.printAndQuote(CSVFormat.java:1090)
	at org.apache.commons.csv.CSVFormat.print(CSVFormat.java:949)
	at org.apache.commons.csv.CSVFormat.print(CSVFormat.java:937)
	at org.apache.commons.csv.CSVFormat_ESTest.test002(CSVFormat_ESTest.java:369)
	at sun.reflect.NativeMethodAccessorImpl.invoke0(Native Method)
	at sun.reflect.NativeMethodAccessorImpl.invoke(NativeMethodAccessorImpl.java:62)
	at sun.reflect.DelegatingMethodAccessorImpl.invoke(DelegatingMethodAccessorImpl.java:43)
	at java.lang.reflect.Method.invoke(Method.java:498)
	at org.junit.runners.model.FrameworkMethod$1.runReflectiveCall(FrameworkMethod.java:50)
	at org.junit.internal.runners.model.ReflectiveCallable.run(ReflectiveCallable.java:12)
	at org.junit.runners.model.FrameworkMethod.invokeExplosively(FrameworkMethod.java:47)
	at org.junit.internal.runners.statements.InvokeMethod.evaluate(InvokeMethod.java:17)
	at org.junit.internal.runners.statements.FailOnTimeout$CallableStatement.call(FailOnTimeout.java:298)
	at org.junit.internal.runners.statements.FailOnTimeout$CallableStatement.call(FailOnTimeout.java:292)
	at java.util.concurrent.FutureTask.run(FutureTask.java:266)
	at java.lang.Thread.run(Thread.java:748)
6) test004(org.apache.commons.csv.CSVFormat_ESTest)
java.lang.IndexOutOfBoundsException
	at java.nio.Buffer.checkIndex(Buffer.java:544)
	at java.nio.HeapCharBuffer.get(HeapCharBuffer.java:142)
	at java.nio.CharBuffer.charAt(CharBuffer.java:1290)
	at org.apache.commons.csv.CSVFormat.printAndQuote(CSVFormat.java:1090)
	at org.apache.commons.csv.CSVFormat.print(CSVFormat.java:949)
	at org.apache.commons.csv.CSVFormat.print(CSVFormat.java:937)
	at org.apache.commons.csv.CSVFormat_ESTest.test004(CSVFormat_ESTest.java:537)
	at sun.reflect.NativeMethodAccessorImpl.invoke0(Native Method)
	at sun.reflect.NativeMethodAccessorImpl.invoke(NativeMethodAccessorImpl.java:62)
	at sun.reflect.DelegatingMethodAccessorImpl.invoke(DelegatingMethodAccessorImpl.java:43)
	at java.lang.reflect.Method.invoke(Method.java:498)
	at org.junit.runners.model.FrameworkMethod$1.runReflectiveCall(FrameworkMethod.java:50)
	at org.junit.internal.runners.model.ReflectiveCallable.run(ReflectiveCallable.java:12)
	at org.junit.runners.model.FrameworkMethod.invokeExplosively(FrameworkMethod.java:47)
	at org.junit.internal.runners.statements.InvokeMethod.evaluate(InvokeMethod.java:17)
	at org.junit.internal.runners.statements.FailOnTimeout$CallableStatement.call(FailOnTimeout.java:298)
	at org.junit.internal.runners.statements.FailOnTimeout$CallableStatement.call(FailOnTimeout.java:292)
	at java.util.concurrent.FutureTask.run(FutureTask.java:266)
	at java.lang.Thread.run(Thread.java:748)
7) test253(org.apache.commons.csv.CSVFormat_ESTest)
java.lang.IndexOutOfBoundsException
	at java.nio.Buffer.checkIndex(Buffer.java:544)
	at java.nio.HeapCharBuffer.get(HeapCharBuffer.java:142)
	at java.nio.CharBuffer.charAt(CharBuffer.java:1290)
	at org.apache.commons.csv.CSVFormat.printAndQuote(CSVFormat.java:1090)
	at org.apache.commons.csv.CSVFormat.print(CSVFormat.java:949)
	at org.apache.commons.csv.CSVFormat.print(CSVFormat.java:937)
	at org.apache.commons.csv.CSVFormat_ESTest.test253(CSVFormat_ESTest.java:25723)
	at sun.reflect.NativeMethodAccessorImpl.invoke0(Native Method)
	at sun.reflect.NativeMethodAccessorImpl.invoke(NativeMethodAccessorImpl.java:62)
	at sun.reflect.DelegatingMethodAccessorImpl.invoke(DelegatingMethodAccessorImpl.java:43)
	at java.lang.reflect.Method.invoke(Method.java:498)
	at org.junit.runners.model.FrameworkMethod$1.runReflectiveCall(FrameworkMethod.java:50)
	at org.junit.internal.runners.model.ReflectiveCallable.run(ReflectiveCallable.java:12)
	at org.junit.runners.model.FrameworkMethod.invokeExplosively(FrameworkMethod.java:47)
	at org.junit.internal.runners.statements.InvokeMethod.evaluate(InvokeMethod.java:17)
	at org.junit.internal.runners.statements.FailOnTimeout$CallableStatement.call(FailOnTimeout.java:298)
	at org.junit.internal.runners.statements.FailOnTimeout$CallableStatement.call(FailOnTimeout.java:292)
	at java.util.concurrent.FutureTask.run(FutureTask.java:266)
	at java.lang.Thread.run(Thread.java:748)
8) test238(org.apache.commons.csv.CSVFormat_ESTest)
org.evosuite.runtime.mock.java.lang.MockIllegalArgumentException: The comment start and the escape character cannot be the same ('\')
	at org.apache.commons.csv.CSVFormat.validate(CSVFormat.java:1255)
	at org.apache.commons.csv.CSVFormat.<init>(CSVFormat.java:536)
	at org.apache.commons.csv.CSVFormat.withCommentMarker(CSVFormat.java:1330)
	at org.apache.commons.csv.CSVFormat.withCommentMarker(CSVFormat.java:1312)
	at org.apache.commons.csv.CSVFormat_ESTest.test238(CSVFormat_ESTest.java:25538)
	at sun.reflect.NativeMethodAccessorImpl.invoke0(Native Method)
	at sun.reflect.NativeMethodAccessorImpl.invoke(NativeMethodAccessorImpl.java:62)
	at sun.reflect.DelegatingMethodAccessorImpl.invoke(DelegatingMethodAccessorImpl.java:43)
	at java.lang.reflect.Method.invoke(Method.java:498)
	at org.junit.runners.model.FrameworkMethod$1.runReflectiveCall(FrameworkMethod.java:50)
	at org.junit.internal.runners.model.ReflectiveCallable.run(ReflectiveCallable.java:12)
	at org.junit.runners.model.FrameworkMethod.invokeExplosively(FrameworkMethod.java:47)
	at org.junit.internal.runners.statements.InvokeMethod.evaluate(InvokeMethod.java:17)
	at org.junit.internal.runners.statements.FailOnTimeout$CallableStatement.call(FailOnTimeout.java:298)
	at org.junit.internal.runners.statements.FailOnTimeout$CallableStatement.call(FailOnTimeout.java:292)
	at java.util.concurrent.FutureTask.run(FutureTask.java:266)
	at java.lang.Thread.run(Thread.java:748)
9) test237(org.apache.commons.csv.CSVFormat_ESTest)
org.evosuite.runtime.mock.java.lang.MockIllegalArgumentException: The header contains a duplicate entry: 'null' in [null, null]
	at org.apache.commons.csv.CSVFormat.validate(CSVFormat.java:1268)
	at org.apache.commons.csv.CSVFormat.<init>(CSVFormat.java:536)
	at org.apache.commons.csv.CSVFormat.withHeader(CSVFormat.java:1534)
	at org.apache.commons.csv.CSVFormat_ESTest.test237(CSVFormat_ESTest.java:25522)
	at sun.reflect.NativeMethodAccessorImpl.invoke0(Native Method)
	at sun.reflect.NativeMethodAccessorImpl.invoke(NativeMethodAccessorImpl.java:62)
	at sun.reflect.DelegatingMethodAccessorImpl.invoke(DelegatingMethodAccessorImpl.java:43)
	at java.lang.reflect.Method.invoke(Method.java:498)
	at org.junit.runners.model.FrameworkMethod$1.runReflectiveCall(FrameworkMethod.java:50)
	at org.junit.internal.runners.model.ReflectiveCallable.run(ReflectiveCallable.java:12)
	at org.junit.runners.model.FrameworkMethod.invokeExplosively(FrameworkMethod.java:47)
	at org.junit.internal.runners.statements.InvokeMethod.evaluate(InvokeMethod.java:17)
	at org.junit.internal.runners.statements.FailOnTimeout$CallableStatement.call(FailOnTimeout.java:298)
	at org.junit.internal.runners.statements.FailOnTimeout$CallableStatement.call(FailOnTimeout.java:292)
	at java.util.concurrent.FutureTask.run(FutureTask.java:266)
	at java.lang.Thread.run(Thread.java:748)
10) test239(org.apache.commons.csv.CSVFormat_ESTest)
org.evosuite.runtime.mock.java.lang.MockIllegalArgumentException: The escape character and the delimiter cannot be the same ('L')
	at org.apache.commons.csv.CSVFormat.validate(CSVFormat.java:1240)
	at org.apache.commons.csv.CSVFormat.<init>(CSVFormat.java:536)
	at org.apache.commons.csv.CSVFormat.withEscape(CSVFormat.java:1379)
	at org.apache.commons.csv.CSVFormat.withEscape(CSVFormat.java:1363)
	at org.apache.commons.csv.CSVFormat_ESTest.test239(CSVFormat_ESTest.java:25554)
	at sun.reflect.NativeMethodAccessorImpl.invoke0(Native Method)
	at sun.reflect.NativeMethodAccessorImpl.invoke(NativeMethodAccessorImpl.java:62)
	at sun.reflect.DelegatingMethodAccessorImpl.invoke(DelegatingMethodAccessorImpl.java:43)
	at java.lang.reflect.Method.invoke(Method.java:498)
	at org.junit.runners.model.FrameworkMethod$1.runReflectiveCall(FrameworkMethod.java:50)
	at org.junit.internal.runners.model.ReflectiveCallable.run(ReflectiveCallable.java:12)
	at org.junit.runners.model.FrameworkMethod.invokeExplosively(FrameworkMethod.java:47)
	at org.junit.internal.runners.statements.InvokeMethod.evaluate(InvokeMethod.java:17)
	at org.junit.internal.runners.statements.FailOnTimeout$CallableStatement.call(FailOnTimeout.java:298)
	at org.junit.internal.runners.statements.FailOnTimeout$CallableStatement.call(FailOnTimeout.java:292)
	at java.util.concurrent.FutureTask.run(FutureTask.java:266)
	at java.lang.Thread.run(Thread.java:748)
11) test236(org.apache.commons.csv.CSVFormat_ESTest)
org.evosuite.runtime.mock.java.lang.MockIllegalArgumentException: The delimiter cannot be a line break
	at org.apache.commons.csv.CSVFormat.withDelimiter(CSVFormat.java:1346)
	at org.apache.commons.csv.CSVFormat_ESTest.test236(CSVFormat_ESTest.java:25505)
	at sun.reflect.NativeMethodAccessorImpl.invoke0(Native Method)
	at sun.reflect.NativeMethodAccessorImpl.invoke(NativeMethodAccessorImpl.java:62)
	at sun.reflect.DelegatingMethodAccessorImpl.invoke(DelegatingMethodAccessorImpl.java:43)
	at java.lang.reflect.Method.invoke(Method.java:498)
	at org.junit.runners.model.FrameworkMethod$1.runReflectiveCall(FrameworkMethod.java:50)
	at org.junit.internal.runners.model.ReflectiveCallable.run(ReflectiveCallable.java:12)
	at org.junit.runners.model.FrameworkMethod.invokeExplosively(FrameworkMethod.java:47)
	at org.junit.internal.runners.statements.InvokeMethod.evaluate(InvokeMethod.java:17)
	at org.junit.internal.runners.statements.FailOnTimeout$CallableStatement.call(FailOnTimeout.java:298)
	at org.junit.internal.runners.statements.FailOnTimeout$CallableStatement.call(FailOnTimeout.java:292)
	at java.util.concurrent.FutureTask.run(FutureTask.java:266)
	at java.lang.Thread.run(Thread.java:748)
12) test235(org.apache.commons.csv.CSVFormat_ESTest)
org.evosuite.runtime.mock.java.lang.MockIllegalArgumentException: The escape character cannot be a line break
	at org.apache.commons.csv.CSVFormat.withEscape(CSVFormat.java:1377)
	at org.apache.commons.csv.CSVFormat_ESTest.test235(CSVFormat_ESTest.java:25489)
	at sun.reflect.NativeMethodAccessorImpl.invoke0(Native Method)
	at sun.reflect.NativeMethodAccessorImpl.invoke(NativeMethodAccessorImpl.java:62)
	at sun.reflect.DelegatingMethodAccessorImpl.invoke(DelegatingMethodAccessorImpl.java:43)
	at java.lang.reflect.Method.invoke(Method.java:498)
	at org.junit.runners.model.FrameworkMethod$1.runReflectiveCall(FrameworkMethod.java:50)
	at org.junit.internal.runners.model.ReflectiveCallable.run(ReflectiveCallable.java:12)
	at org.junit.runners.model.FrameworkMethod.invokeExplosively(FrameworkMethod.java:47)
	at org.junit.internal.runners.statements.InvokeMethod.evaluate(InvokeMethod.java:17)
	at org.junit.internal.runners.statements.FailOnTimeout$CallableStatement.call(FailOnTimeout.java:298)
	at org.junit.internal.runners.statements.FailOnTimeout$CallableStatement.call(FailOnTimeout.java:292)
	at java.util.concurrent.FutureTask.run(FutureTask.java:266)
	at java.lang.Thread.run(Thread.java:748)
13) test240(org.apache.commons.csv.CSVFormat_ESTest)
org.evosuite.runtime.mock.java.lang.MockIllegalArgumentException: The quoteChar character and the delimiter cannot be the same ('0')
	at org.apache.commons.csv.CSVFormat.validate(CSVFormat.java:1235)
	at org.apache.commons.csv.CSVFormat.<init>(CSVFormat.java:536)
	at org.apache.commons.csv.CSVFormat.withQuote(CSVFormat.java:1681)
	at org.apache.commons.csv.CSVFormat.withQuote(CSVFormat.java:1665)
	at org.apache.commons.csv.CSVFormat_ESTest.test240(CSVFormat_ESTest.java:25570)
	at sun.reflect.NativeMethodAccessorImpl.invoke0(Native Method)
	at sun.reflect.NativeMethodAccessorImpl.invoke(NativeMethodAccessorImpl.java:62)
	at sun.reflect.DelegatingMethodAccessorImpl.invoke(DelegatingMethodAccessorImpl.java:43)
	at java.lang.reflect.Method.invoke(Method.java:498)
	at org.junit.runners.model.FrameworkMethod$1.runReflectiveCall(FrameworkMethod.java:50)
	at org.junit.internal.runners.model.ReflectiveCallable.run(ReflectiveCallable.java:12)
	at org.junit.runners.model.FrameworkMethod.invokeExplosively(FrameworkMethod.java:47)
	at org.junit.internal.runners.statements.InvokeMethod.evaluate(InvokeMethod.java:17)
	at org.junit.internal.runners.statements.FailOnTimeout$CallableStatement.call(FailOnTimeout.java:298)
	at org.junit.internal.runners.statements.FailOnTimeout$CallableStatement.call(FailOnTimeout.java:292)
	at java.util.concurrent.FutureTask.run(FutureTask.java:266)
	at java.lang.Thread.run(Thread.java:748)
14) test243(org.apache.commons.csv.CSVFormat_ESTest)
java.nio.BufferOverflowException
	at java.nio.Buffer.nextPutIndex(Buffer.java:524)
	at java.nio.HeapCharBuffer.put(HeapCharBuffer.java:173)
	at java.nio.CharBuffer.append(CharBuffer.java:1427)
	at java.nio.CharBuffer.append(CharBuffer.java:262)
	at org.apache.commons.csv.CSVFormat.printAndQuote(CSVFormat.java:1085)
	at org.apache.commons.csv.CSVFormat.print(CSVFormat.java:949)
	at org.apache.commons.csv.CSVFormat.print(CSVFormat.java:937)
	at org.apache.commons.csv.CSVFormat_ESTest.test243(CSVFormat_ESTest.java:25620)
	at sun.reflect.NativeMethodAccessorImpl.invoke0(Native Method)
	at sun.reflect.NativeMethodAccessorImpl.invoke(NativeMethodAccessorImpl.java:62)
	at sun.reflect.DelegatingMethodAccessorImpl.invoke(DelegatingMethodAccessorImpl.java:43)
	at java.lang.reflect.Method.invoke(Method.java:498)
	at org.junit.runners.model.FrameworkMethod$1.runReflectiveCall(FrameworkMethod.java:50)
	at org.junit.internal.runners.model.ReflectiveCallable.run(ReflectiveCallable.java:12)
	at org.junit.runners.model.FrameworkMethod.invokeExplosively(FrameworkMethod.java:47)
	at org.junit.internal.runners.statements.InvokeMethod.evaluate(InvokeMethod.java:17)
	at org.junit.internal.runners.statements.FailOnTimeout$CallableStatement.call(FailOnTimeout.java:298)
	at org.junit.internal.runners.statements.FailOnTimeout$CallableStatement.call(FailOnTimeout.java:292)
	at java.util.concurrent.FutureTask.run(FutureTask.java:266)
	at java.lang.Thread.run(Thread.java:748)
15) test242(org.apache.commons.csv.CSVFormat_ESTest)
java.nio.BufferOverflowException
	at java.nio.Buffer.nextPutIndex(Buffer.java:524)
	at java.nio.HeapCharBuffer.put(HeapCharBuffer.java:173)
	at java.nio.CharBuffer.append(CharBuffer.java:1427)
	at java.nio.CharBuffer.append(CharBuffer.java:262)
	at org.apache.commons.csv.CSVFormat.printAndQuote(CSVFormat.java:1105)
	at org.apache.commons.csv.CSVFormat.print(CSVFormat.java:949)
	at org.apache.commons.csv.CSVFormat.print(CSVFormat.java:937)
	at org.apache.commons.csv.CSVFormat_ESTest.test242(CSVFormat_ESTest.java:25601)
	at sun.reflect.NativeMethodAccessorImpl.invoke0(Native Method)
	at sun.reflect.NativeMethodAccessorImpl.invoke(NativeMethodAccessorImpl.java:62)
	at sun.reflect.DelegatingMethodAccessorImpl.invoke(DelegatingMethodAccessorImpl.java:43)
	at java.lang.reflect.Method.invoke(Method.java:498)
	at org.junit.runners.model.FrameworkMethod$1.runReflectiveCall(FrameworkMethod.java:50)
	at org.junit.internal.runners.model.ReflectiveCallable.run(ReflectiveCallable.java:12)
	at org.junit.runners.model.FrameworkMethod.invokeExplosively(FrameworkMethod.java:47)
	at org.junit.internal.runners.statements.InvokeMethod.evaluate(InvokeMethod.java:17)
	at org.junit.internal.runners.statements.FailOnTimeout$CallableStatement.call(FailOnTimeout.java:298)
	at org.junit.internal.runners.statements.FailOnTimeout$CallableStatement.call(FailOnTimeout.java:292)
	at java.util.concurrent.FutureTask.run(FutureTask.java:266)
	at java.lang.Thread.run(Thread.java:748)
16) test308(org.apache.commons.csv.CSVFormat_ESTest)
org.evosuite.runtime.mock.java.lang.MockIllegalArgumentException: No quotes mode set but no escape character is set
	at org.apache.commons.csv.CSVFormat.validate(CSVFormat.java:1260)
	at org.apache.commons.csv.CSVFormat.<init>(CSVFormat.java:536)
	at org.apache.commons.csv.CSVFormat.withQuoteMode(CSVFormat.java:1695)
	at org.apache.commons.csv.CSVFormat_ESTest.test308(CSVFormat_ESTest.java:26437)
	at sun.reflect.NativeMethodAccessorImpl.invoke0(Native Method)
	at sun.reflect.NativeMethodAccessorImpl.invoke(NativeMethodAccessorImpl.java:62)
	at sun.reflect.DelegatingMethodAccessorImpl.invoke(DelegatingMethodAccessorImpl.java:43)
	at java.lang.reflect.Method.invoke(Method.java:498)
	at org.junit.runners.model.FrameworkMethod$1.runReflectiveCall(FrameworkMethod.java:50)
	at org.junit.internal.runners.model.ReflectiveCallable.run(ReflectiveCallable.java:12)
	at org.junit.runners.model.FrameworkMethod.invokeExplosively(FrameworkMethod.java:47)
	at org.junit.internal.runners.statements.InvokeMethod.evaluate(InvokeMethod.java:17)
	at org.junit.internal.runners.statements.FailOnTimeout$CallableStatement.call(FailOnTimeout.java:298)
	at org.junit.internal.runners.statements.FailOnTimeout$CallableStatement.call(FailOnTimeout.java:292)
	at java.util.concurrent.FutureTask.run(FutureTask.java:266)
	at java.lang.Thread.run(Thread.java:748)
17) test303(org.apache.commons.csv.CSVFormat_ESTest)
java.lang.NullPointerException
	at java.io.File.<init>(File.java:279)
	at org.evosuite.runtime.vfs.VirtualFileSystem.findFSObject(VirtualFileSystem.java:301)
	at org.evosuite.runtime.mock.java.io.MockFileOutputStream.<init>(MockFileOutputStream.java:95)
	at org.evosuite.runtime.mock.java.io.MockFileOutputStream.<init>(MockFileOutputStream.java:75)
	at org.apache.commons.csv.CSVFormat.print(CSVFormat.java:890)
	at org.apache.commons.csv.CSVFormat_ESTest.test303(CSVFormat_ESTest.java:26368)
	at sun.reflect.NativeMethodAccessorImpl.invoke0(Native Method)
	at sun.reflect.NativeMethodAccessorImpl.invoke(NativeMethodAccessorImpl.java:62)
	at sun.reflect.DelegatingMethodAccessorImpl.invoke(DelegatingMethodAccessorImpl.java:43)
	at java.lang.reflect.Method.invoke(Method.java:498)
	at org.junit.runners.model.FrameworkMethod$1.runReflectiveCall(FrameworkMethod.java:50)
	at org.junit.internal.runners.model.ReflectiveCallable.run(ReflectiveCallable.java:12)
	at org.junit.runners.model.FrameworkMethod.invokeExplosively(FrameworkMethod.java:47)
	at org.junit.internal.runners.statements.InvokeMethod.evaluate(InvokeMethod.java:17)
	at org.junit.internal.runners.statements.FailOnTimeout$CallableStatement.call(FailOnTimeout.java:298)
	at org.junit.internal.runners.statements.FailOnTimeout$CallableStatement.call(FailOnTimeout.java:292)
	at java.util.concurrent.FutureTask.run(FutureTask.java:266)
	at java.lang.Thread.run(Thread.java:748)
18) test305(org.apache.commons.csv.CSVFormat_ESTest)
org.evosuite.runtime.mock.java.lang.MockIllegalArgumentException: The comment start character and the quoteChar cannot be the same ('"')
	at org.apache.commons.csv.CSVFormat.validate(CSVFormat.java:1250)
	at org.apache.commons.csv.CSVFormat.<init>(CSVFormat.java:536)
	at org.apache.commons.csv.CSVFormat.withCommentMarker(CSVFormat.java:1330)
	at org.apache.commons.csv.CSVFormat.withCommentMarker(CSVFormat.java:1312)
	at org.apache.commons.csv.CSVFormat_ESTest.test305(CSVFormat_ESTest.java:26400)
	at sun.reflect.NativeMethodAccessorImpl.invoke0(Native Method)
	at sun.reflect.NativeMethodAccessorImpl.invoke(NativeMethodAccessorImpl.java:62)
	at sun.reflect.DelegatingMethodAccessorImpl.invoke(DelegatingMethodAccessorImpl.java:43)
	at java.lang.reflect.Method.invoke(Method.java:498)
	at org.junit.runners.model.FrameworkMethod$1.runReflectiveCall(FrameworkMethod.java:50)
	at org.junit.internal.runners.model.ReflectiveCallable.run(ReflectiveCallable.java:12)
	at org.junit.runners.model.FrameworkMethod.invokeExplosively(FrameworkMethod.java:47)
	at org.junit.internal.runners.statements.InvokeMethod.evaluate(InvokeMethod.java:17)
	at org.junit.internal.runners.statements.FailOnTimeout$CallableStatement.call(FailOnTimeout.java:298)
	at org.junit.internal.runners.statements.FailOnTimeout$CallableStatement.call(FailOnTimeout.java:292)
	at java.util.concurrent.FutureTask.run(FutureTask.java:266)
	at java.lang.Thread.run(Thread.java:748)
19) test302(org.apache.commons.csv.CSVFormat_ESTest)
org.evosuite.runtime.mock.java.lang.MockIllegalArgumentException: Parameter 'reader' must not be null!
	at org.apache.commons.csv.Assertions.notNull(Assertions.java:35)
	at org.apache.commons.csv.CSVParser.<init>(CSVParser.java:364)
	at org.apache.commons.csv.CSVParser.<init>(CSVParser.java:336)
	at org.apache.commons.csv.CSVFormat.parse(CSVFormat.java:851)
	at org.apache.commons.csv.CSVFormat_ESTest.test302(CSVFormat_ESTest.java:26351)
	at sun.reflect.NativeMethodAccessorImpl.invoke0(Native Method)
	at sun.reflect.NativeMethodAccessorImpl.invoke(NativeMethodAccessorImpl.java:62)
	at sun.reflect.DelegatingMethodAccessorImpl.invoke(DelegatingMethodAccessorImpl.java:43)
	at java.lang.reflect.Method.invoke(Method.java:498)
	at org.junit.runners.model.FrameworkMethod$1.runReflectiveCall(FrameworkMethod.java:50)
	at org.junit.internal.runners.model.ReflectiveCallable.run(ReflectiveCallable.java:12)
	at org.junit.runners.model.FrameworkMethod.invokeExplosively(FrameworkMethod.java:47)
	at org.junit.internal.runners.statements.InvokeMethod.evaluate(InvokeMethod.java:17)
	at org.junit.internal.runners.statements.FailOnTimeout$CallableStatement.call(FailOnTimeout.java:298)
	at org.junit.internal.runners.statements.FailOnTimeout$CallableStatement.call(FailOnTimeout.java:292)
	at java.util.concurrent.FutureTask.run(FutureTask.java:266)
	at java.lang.Thread.run(Thread.java:748)
20) test209(org.apache.commons.csv.CSVFormat_ESTest)
java.lang.NullPointerException
	at org.apache.commons.csv.CSVFormat.println(CSVFormat.java:1119)
	at org.apache.commons.csv.CSVFormat_ESTest.test209(CSVFormat_ESTest.java:25245)
	at sun.reflect.NativeMethodAccessorImpl.invoke0(Native Method)
	at sun.reflect.NativeMethodAccessorImpl.invoke(NativeMethodAccessorImpl.java:62)
	at sun.reflect.DelegatingMethodAccessorImpl.invoke(DelegatingMethodAccessorImpl.java:43)
	at java.lang.reflect.Method.invoke(Method.java:498)
	at org.junit.runners.model.FrameworkMethod$1.runReflectiveCall(FrameworkMethod.java:50)
	at org.junit.internal.runners.model.ReflectiveCallable.run(ReflectiveCallable.java:12)
	at org.junit.runners.model.FrameworkMethod.invokeExplosively(FrameworkMethod.java:47)
	at org.junit.internal.runners.statements.InvokeMethod.evaluate(InvokeMethod.java:17)
	at org.junit.internal.runners.statements.FailOnTimeout$CallableStatement.call(FailOnTimeout.java:298)
	at org.junit.internal.runners.statements.FailOnTimeout$CallableStatement.call(FailOnTimeout.java:292)
	at java.util.concurrent.FutureTask.run(FutureTask.java:266)
	at java.lang.Thread.run(Thread.java:748)
21) test207(org.apache.commons.csv.CSVFormat_ESTest)
java.io.IOException: Pipe not connected
	at java.io.PipedWriter.write(PipedWriter.java:146)
	at java.io.Writer.write(Writer.java:192)
	at java.io.Writer.write(Writer.java:157)
	at java.io.Writer.append(Writer.java:227)
	at java.io.Writer.append(Writer.java:50)
	at org.apache.commons.csv.CSVFormat.print(CSVFormat.java:946)
	at org.apache.commons.csv.CSVFormat.print(CSVFormat.java:937)
	at org.apache.commons.csv.CSVFormat.printRecord(CSVFormat.java:1145)
	at org.apache.commons.csv.CSVFormat_ESTest.test207(CSVFormat_ESTest.java:25211)
	at sun.reflect.NativeMethodAccessorImpl.invoke0(Native Method)
	at sun.reflect.NativeMethodAccessorImpl.invoke(NativeMethodAccessorImpl.java:62)
	at sun.reflect.DelegatingMethodAccessorImpl.invoke(DelegatingMethodAccessorImpl.java:43)
	at java.lang.reflect.Method.invoke(Method.java:498)
	at org.junit.runners.model.FrameworkMethod$1.runReflectiveCall(FrameworkMethod.java:50)
	at org.junit.internal.runners.model.ReflectiveCallable.run(ReflectiveCallable.java:12)
	at org.junit.runners.model.FrameworkMethod.invokeExplosively(FrameworkMethod.java:47)
	at org.junit.internal.runners.statements.InvokeMethod.evaluate(InvokeMethod.java:17)
	at org.junit.internal.runners.statements.FailOnTimeout$CallableStatement.call(FailOnTimeout.java:298)
	at org.junit.internal.runners.statements.FailOnTimeout$CallableStatement.call(FailOnTimeout.java:292)
	at java.util.concurrent.FutureTask.run(FutureTask.java:266)
	at java.lang.Thread.run(Thread.java:748)
22) test206(org.apache.commons.csv.CSVFormat_ESTest)
java.nio.BufferOverflowException
	at java.nio.CharBuffer.put(CharBuffer.java:922)
	at java.nio.CharBuffer.put(CharBuffer.java:950)
	at java.nio.CharBuffer.append(CharBuffer.java:1363)
	at java.nio.CharBuffer.append(CharBuffer.java:262)
	at org.apache.commons.csv.CSVFormat.println(CSVFormat.java:1122)
	at org.apache.commons.csv.CSVFormat.printRecord(CSVFormat.java:1147)
	at org.apache.commons.csv.CSVFormat_ESTest.test206(CSVFormat_ESTest.java:25172)
	at sun.reflect.NativeMethodAccessorImpl.invoke0(Native Method)
	at sun.reflect.NativeMethodAccessorImpl.invoke(NativeMethodAccessorImpl.java:62)
	at sun.reflect.DelegatingMethodAccessorImpl.invoke(DelegatingMethodAccessorImpl.java:43)
	at java.lang.reflect.Method.invoke(Method.java:498)
	at org.junit.runners.model.FrameworkMethod$1.runReflectiveCall(FrameworkMethod.java:50)
	at org.junit.internal.runners.model.ReflectiveCallable.run(ReflectiveCallable.java:12)
	at org.junit.runners.model.FrameworkMethod.invokeExplosively(FrameworkMethod.java:47)
	at org.junit.internal.runners.statements.InvokeMethod.evaluate(InvokeMethod.java:17)
	at org.junit.internal.runners.statements.FailOnTimeout$CallableStatement.call(FailOnTimeout.java:298)
	at org.junit.internal.runners.statements.FailOnTimeout$CallableStatement.call(FailOnTimeout.java:292)
	at java.util.concurrent.FutureTask.run(FutureTask.java:266)
	at java.lang.Thread.run(Thread.java:748)
23) test201(org.apache.commons.csv.CSVFormat_ESTest)
java.io.IOException: Pipe not connected
	at java.io.PipedReader.read(PipedReader.java:292)
	at java.io.BufferedReader.fill(BufferedReader.java:161)
	at java.io.BufferedReader.read(BufferedReader.java:182)
	at org.apache.commons.csv.ExtendedBufferedReader.read(ExtendedBufferedReader.java:60)
	at org.apache.commons.csv.Lexer.nextToken(Lexer.java:89)
	at org.apache.commons.csv.CSVParser.nextRecord(CSVParser.java:585)
	at org.apache.commons.csv.CSVParser.initializeHeader(CSVParser.java:474)
	at org.apache.commons.csv.CSVParser.<init>(CSVParser.java:369)
	at org.apache.commons.csv.CSVParser.<init>(CSVParser.java:336)
	at org.apache.commons.csv.CSVFormat.parse(CSVFormat.java:851)
	at org.apache.commons.csv.CSVFormat_ESTest.test201(CSVFormat_ESTest.java:24852)
	at sun.reflect.NativeMethodAccessorImpl.invoke0(Native Method)
	at sun.reflect.NativeMethodAccessorImpl.invoke(NativeMethodAccessorImpl.java:62)
	at sun.reflect.DelegatingMethodAccessorImpl.invoke(DelegatingMethodAccessorImpl.java:43)
	at java.lang.reflect.Method.invoke(Method.java:498)
	at org.junit.runners.model.FrameworkMethod$1.runReflectiveCall(FrameworkMethod.java:50)
	at org.junit.internal.runners.model.ReflectiveCallable.run(ReflectiveCallable.java:12)
	at org.junit.runners.model.FrameworkMethod.invokeExplosively(FrameworkMethod.java:47)
	at org.junit.internal.runners.statements.InvokeMethod.evaluate(InvokeMethod.java:17)
	at org.junit.internal.runners.statements.FailOnTimeout$CallableStatement.call(FailOnTimeout.java:298)
	at org.junit.internal.runners.statements.FailOnTimeout$CallableStatement.call(FailOnTimeout.java:292)
	at java.util.concurrent.FutureTask.run(FutureTask.java:266)
	at java.lang.Thread.run(Thread.java:748)
24) test200(org.apache.commons.csv.CSVFormat_ESTest)
java.io.FileNotFoundException
	at org.evosuite.runtime.mock.java.io.MockFileOutputStream.<init>(MockFileOutputStream.java:104)
	at org.evosuite.runtime.mock.java.io.MockFileOutputStream.<init>(MockFileOutputStream.java:75)
	at org.apache.commons.csv.CSVFormat.print(CSVFormat.java:890)
	at org.apache.commons.csv.CSVFormat_ESTest.test200(CSVFormat_ESTest.java:24769)
	at sun.reflect.NativeMethodAccessorImpl.invoke0(Native Method)
	at sun.reflect.NativeMethodAccessorImpl.invoke(NativeMethodAccessorImpl.java:62)
	at sun.reflect.DelegatingMethodAccessorImpl.invoke(DelegatingMethodAccessorImpl.java:43)
	at java.lang.reflect.Method.invoke(Method.java:498)
	at org.junit.runners.model.FrameworkMethod$1.runReflectiveCall(FrameworkMethod.java:50)
	at org.junit.internal.runners.model.ReflectiveCallable.run(ReflectiveCallable.java:12)
	at org.junit.runners.model.FrameworkMethod.invokeExplosively(FrameworkMethod.java:47)
	at org.junit.internal.runners.statements.InvokeMethod.evaluate(InvokeMethod.java:17)
	at org.junit.internal.runners.statements.FailOnTimeout$CallableStatement.call(FailOnTimeout.java:298)
	at org.junit.internal.runners.statements.FailOnTimeout$CallableStatement.call(FailOnTimeout.java:292)
	at java.util.concurrent.FutureTask.run(FutureTask.java:266)
	at java.lang.Thread.run(Thread.java:748)
25) test203(org.apache.commons.csv.CSVFormat_ESTest)
org.evosuite.runtime.mock.java.lang.MockIllegalArgumentException: The quoteChar character and the delimiter cannot be the same ('L')
	at org.apache.commons.csv.CSVFormat.validate(CSVFormat.java:1235)
	at org.apache.commons.csv.CSVFormat.<init>(CSVFormat.java:536)
	at org.apache.commons.csv.CSVFormat.withQuote(CSVFormat.java:1681)
	at org.apache.commons.csv.CSVFormat_ESTest.test203(CSVFormat_ESTest.java:24991)
	at sun.reflect.NativeMethodAccessorImpl.invoke0(Native Method)
	at sun.reflect.NativeMethodAccessorImpl.invoke(NativeMethodAccessorImpl.java:62)
	at sun.reflect.DelegatingMethodAccessorImpl.invoke(DelegatingMethodAccessorImpl.java:43)
	at java.lang.reflect.Method.invoke(Method.java:498)
	at org.junit.runners.model.FrameworkMethod$1.runReflectiveCall(FrameworkMethod.java:50)
	at org.junit.internal.runners.model.ReflectiveCallable.run(ReflectiveCallable.java:12)
	at org.junit.runners.model.FrameworkMethod.invokeExplosively(FrameworkMethod.java:47)
	at org.junit.internal.runners.statements.InvokeMethod.evaluate(InvokeMethod.java:17)
	at org.junit.internal.runners.statements.FailOnTimeout$CallableStatement.call(FailOnTimeout.java:298)
	at org.junit.internal.runners.statements.FailOnTimeout$CallableStatement.call(FailOnTimeout.java:292)
	at java.util.concurrent.FutureTask.run(FutureTask.java:266)
	at java.lang.Thread.run(Thread.java:748)
26) test202(org.apache.commons.csv.CSVFormat_ESTest)
java.lang.IndexOutOfBoundsException
	at java.nio.Buffer.checkIndex(Buffer.java:544)
	at java.nio.HeapCharBuffer.get(HeapCharBuffer.java:142)
	at java.nio.CharBuffer.charAt(CharBuffer.java:1290)
	at java.nio.StringCharBuffer.get(StringCharBuffer.java:80)
	at java.nio.CharBuffer.charAt(CharBuffer.java:1290)
	at org.apache.commons.csv.CSVFormat.printAndQuote(CSVFormat.java:1036)
	at org.apache.commons.csv.CSVFormat.print(CSVFormat.java:949)
	at org.apache.commons.csv.CSVFormat.print(CSVFormat.java:937)
	at org.apache.commons.csv.CSVFormat.printRecord(CSVFormat.java:1145)
	at org.apache.commons.csv.CSVPrinter.printRecord(CSVPrinter.java:216)
	at org.apache.commons.csv.CSVFormat.format(CSVFormat.java:618)
	at org.apache.commons.csv.CSVFormat_ESTest.test202(CSVFormat_ESTest.java:24951)
	at sun.reflect.NativeMethodAccessorImpl.invoke0(Native Method)
	at sun.reflect.NativeMethodAccessorImpl.invoke(NativeMethodAccessorImpl.java:62)
	at sun.reflect.DelegatingMethodAccessorImpl.invoke(DelegatingMethodAccessorImpl.java:43)
	at java.lang.reflect.Method.invoke(Method.java:498)
	at org.junit.runners.model.FrameworkMethod$1.runReflectiveCall(FrameworkMethod.java:50)
	at org.junit.internal.runners.model.ReflectiveCallable.run(ReflectiveCallable.java:12)
	at org.junit.runners.model.FrameworkMethod.invokeExplosively(FrameworkMethod.java:47)
	at org.junit.internal.runners.statements.InvokeMethod.evaluate(InvokeMethod.java:17)
	at org.junit.internal.runners.statements.FailOnTimeout$CallableStatement.call(FailOnTimeout.java:298)
	at org.junit.internal.runners.statements.FailOnTimeout$CallableStatement.call(FailOnTimeout.java:292)
	at java.util.concurrent.FutureTask.run(FutureTask.java:266)
	at java.lang.Thread.run(Thread.java:748)
27) test311(org.apache.commons.csv.CSVFormat_ESTest)
java.lang.NullPointerException
	at org.apache.commons.csv.CSVFormat.print(CSVFormat.java:910)
	at org.apache.commons.csv.CSVFormat_ESTest.test311(CSVFormat_ESTest.java:26483)
	at sun.reflect.NativeMethodAccessorImpl.invoke0(Native Method)
	at sun.reflect.NativeMethodAccessorImpl.invoke(NativeMethodAccessorImpl.java:62)
	at sun.reflect.DelegatingMethodAccessorImpl.invoke(DelegatingMethodAccessorImpl.java:43)
	at java.lang.reflect.Method.invoke(Method.java:498)
	at org.junit.runners.model.FrameworkMethod$1.runReflectiveCall(FrameworkMethod.java:50)
	at org.junit.internal.runners.model.ReflectiveCallable.run(ReflectiveCallable.java:12)
	at org.junit.runners.model.FrameworkMethod.invokeExplosively(FrameworkMethod.java:47)
	at org.junit.internal.runners.statements.InvokeMethod.evaluate(InvokeMethod.java:17)
	at org.junit.internal.runners.statements.FailOnTimeout$CallableStatement.call(FailOnTimeout.java:298)
	at org.junit.internal.runners.statements.FailOnTimeout$CallableStatement.call(FailOnTimeout.java:292)
	at java.util.concurrent.FutureTask.run(FutureTask.java:266)
	at java.lang.Thread.run(Thread.java:748)
28) test312(org.apache.commons.csv.CSVFormat_ESTest)
org.evosuite.runtime.mock.java.lang.MockIllegalArgumentException: Parameter 'out' must not be null!
	at org.apache.commons.csv.Assertions.notNull(Assertions.java:35)
	at org.apache.commons.csv.CSVPrinter.<init>(CSVPrinter.java:61)
	at org.apache.commons.csv.CSVFormat.print(CSVFormat.java:868)
	at org.apache.commons.csv.CSVFormat_ESTest.test312(CSVFormat_ESTest.java:26499)
	at sun.reflect.NativeMethodAccessorImpl.invoke0(Native Method)
	at sun.reflect.NativeMethodAccessorImpl.invoke(NativeMethodAccessorImpl.java:62)
	at sun.reflect.DelegatingMethodAccessorImpl.invoke(DelegatingMethodAccessorImpl.java:43)
	at java.lang.reflect.Method.invoke(Method.java:498)
	at org.junit.runners.model.FrameworkMethod$1.runReflectiveCall(FrameworkMethod.java:50)
	at org.junit.internal.runners.model.ReflectiveCallable.run(ReflectiveCallable.java:12)
	at org.junit.runners.model.FrameworkMethod.invokeExplosively(FrameworkMethod.java:47)
	at org.junit.internal.runners.statements.InvokeMethod.evaluate(InvokeMethod.java:17)
	at org.junit.internal.runners.statements.FailOnTimeout$CallableStatement.call(FailOnTimeout.java:298)
	at org.junit.internal.runners.statements.FailOnTimeout$CallableStatement.call(FailOnTimeout.java:292)
	at java.util.concurrent.FutureTask.run(FutureTask.java:266)
	at java.lang.Thread.run(Thread.java:748)
29) test189(org.apache.commons.csv.CSVFormat_ESTest)
org.evosuite.runtime.mock.java.lang.MockIllegalArgumentException: The comment start character and the delimiter cannot be the same (',')
	at org.apache.commons.csv.CSVFormat.validate(CSVFormat.java:1245)
	at org.apache.commons.csv.CSVFormat.<init>(CSVFormat.java:536)
	at org.apache.commons.csv.CSVFormat.withCommentMarker(CSVFormat.java:1330)
	at org.apache.commons.csv.CSVFormat_ESTest.test189(CSVFormat_ESTest.java:24198)
	at sun.reflect.NativeMethodAccessorImpl.invoke0(Native Method)
	at sun.reflect.NativeMethodAccessorImpl.invoke(NativeMethodAccessorImpl.java:62)
	at sun.reflect.DelegatingMethodAccessorImpl.invoke(DelegatingMethodAccessorImpl.java:43)
	at java.lang.reflect.Method.invoke(Method.java:498)
	at org.junit.runners.model.FrameworkMethod$1.runReflectiveCall(FrameworkMethod.java:50)
	at org.junit.internal.runners.model.ReflectiveCallable.run(ReflectiveCallable.java:12)
	at org.junit.runners.model.FrameworkMethod.invokeExplosively(FrameworkMethod.java:47)
	at org.junit.internal.runners.statements.InvokeMethod.evaluate(InvokeMethod.java:17)
	at org.junit.internal.runners.statements.FailOnTimeout$CallableStatement.call(FailOnTimeout.java:298)
	at org.junit.internal.runners.statements.FailOnTimeout$CallableStatement.call(FailOnTimeout.java:292)
	at java.util.concurrent.FutureTask.run(FutureTask.java:266)
	at java.lang.Thread.run(Thread.java:748)
30) test197(org.apache.commons.csv.CSVFormat_ESTest)
java.nio.ReadOnlyBufferException
	at java.nio.CharBuffer.put(CharBuffer.java:920)
	at java.nio.CharBuffer.put(CharBuffer.java:950)
	at java.nio.CharBuffer.append(CharBuffer.java:1400)
	at java.nio.CharBuffer.append(CharBuffer.java:262)
	at org.apache.commons.csv.CSVFormat.printAndEscape(CSVFormat.java:993)
	at org.apache.commons.csv.CSVFormat.print(CSVFormat.java:951)
	at org.apache.commons.csv.CSVFormat.print(CSVFormat.java:937)
	at org.apache.commons.csv.CSVFormat_ESTest.test197(CSVFormat_ESTest.java:24597)
	at sun.reflect.NativeMethodAccessorImpl.invoke0(Native Method)
	at sun.reflect.NativeMethodAccessorImpl.invoke(NativeMethodAccessorImpl.java:62)
	at sun.reflect.DelegatingMethodAccessorImpl.invoke(DelegatingMethodAccessorImpl.java:43)
	at java.lang.reflect.Method.invoke(Method.java:498)
	at org.junit.runners.model.FrameworkMethod$1.runReflectiveCall(FrameworkMethod.java:50)
	at org.junit.internal.runners.model.ReflectiveCallable.run(ReflectiveCallable.java:12)
	at org.junit.runners.model.FrameworkMethod.invokeExplosively(FrameworkMethod.java:47)
	at org.junit.internal.runners.statements.InvokeMethod.evaluate(InvokeMethod.java:17)
	at org.junit.internal.runners.statements.FailOnTimeout$CallableStatement.call(FailOnTimeout.java:298)
	at org.junit.internal.runners.statements.FailOnTimeout$CallableStatement.call(FailOnTimeout.java:292)
	at java.util.concurrent.FutureTask.run(FutureTask.java:266)
	at java.lang.Thread.run(Thread.java:748)
31) test196(org.apache.commons.csv.CSVFormat_ESTest)
java.io.FileNotFoundException
	at org.evosuite.runtime.mock.java.io.MockFileOutputStream.<init>(MockFileOutputStream.java:104)
	at org.evosuite.runtime.mock.java.io.MockFileOutputStream.<init>(MockFileOutputStream.java:75)
	at org.apache.commons.csv.CSVFormat.print(CSVFormat.java:890)
	at org.apache.commons.csv.CSVFormat.print(CSVFormat.java:910)
	at org.apache.commons.csv.CSVFormat_ESTest.test196(CSVFormat_ESTest.java:24548)
	at sun.reflect.NativeMethodAccessorImpl.invoke0(Native Method)
	at sun.reflect.NativeMethodAccessorImpl.invoke(NativeMethodAccessorImpl.java:62)
	at sun.reflect.DelegatingMethodAccessorImpl.invoke(DelegatingMethodAccessorImpl.java:43)
	at java.lang.reflect.Method.invoke(Method.java:498)
	at org.junit.runners.model.FrameworkMethod$1.runReflectiveCall(FrameworkMethod.java:50)
	at org.junit.internal.runners.model.ReflectiveCallable.run(ReflectiveCallable.java:12)
	at org.junit.runners.model.FrameworkMethod.invokeExplosively(FrameworkMethod.java:47)
	at org.junit.internal.runners.statements.InvokeMethod.evaluate(InvokeMethod.java:17)
	at org.junit.internal.runners.statements.FailOnTimeout$CallableStatement.call(FailOnTimeout.java:298)
	at org.junit.internal.runners.statements.FailOnTimeout$CallableStatement.call(FailOnTimeout.java:292)
	at java.util.concurrent.FutureTask.run(FutureTask.java:266)
	at java.lang.Thread.run(Thread.java:748)
32) test199(org.apache.commons.csv.CSVFormat_ESTest)
java.nio.BufferOverflowException
	at java.nio.CharBuffer.put(CharBuffer.java:922)
	at java.nio.CharBuffer.put(CharBuffer.java:950)
	at java.nio.CharBuffer.append(CharBuffer.java:1400)
	at java.nio.CharBuffer.append(CharBuffer.java:262)
	at org.apache.commons.csv.CSVFormat.printAndQuote(CSVFormat.java:1070)
	at org.apache.commons.csv.CSVFormat.print(CSVFormat.java:949)
	at org.apache.commons.csv.CSVFormat.print(CSVFormat.java:937)
	at org.apache.commons.csv.CSVFormat.printRecord(CSVFormat.java:1145)
	at org.apache.commons.csv.CSVPrinter.printRecord(CSVPrinter.java:216)
	at org.apache.commons.csv.CSVPrinter.<init>(CSVPrinter.java:76)
	at org.apache.commons.csv.CSVFormat.print(CSVFormat.java:868)
	at org.apache.commons.csv.CSVFormat_ESTest.test199(CSVFormat_ESTest.java:24731)
	at sun.reflect.NativeMethodAccessorImpl.invoke0(Native Method)
	at sun.reflect.NativeMethodAccessorImpl.invoke(NativeMethodAccessorImpl.java:62)
	at sun.reflect.DelegatingMethodAccessorImpl.invoke(DelegatingMethodAccessorImpl.java:43)
	at java.lang.reflect.Method.invoke(Method.java:498)
	at org.junit.runners.model.FrameworkMethod$1.runReflectiveCall(FrameworkMethod.java:50)
	at org.junit.internal.runners.model.ReflectiveCallable.run(ReflectiveCallable.java:12)
	at org.junit.runners.model.FrameworkMethod.invokeExplosively(FrameworkMethod.java:47)
	at org.junit.internal.runners.statements.InvokeMethod.evaluate(InvokeMethod.java:17)
	at org.junit.internal.runners.statements.FailOnTimeout$CallableStatement.call(FailOnTimeout.java:298)
	at org.junit.internal.runners.statements.FailOnTimeout$CallableStatement.call(FailOnTimeout.java:292)
	at java.util.concurrent.FutureTask.run(FutureTask.java:266)
	at java.lang.Thread.run(Thread.java:748)
33) test198(org.apache.commons.csv.CSVFormat_ESTest)
java.io.IOException: Pipe not connected
	at java.io.PipedWriter.write(PipedWriter.java:146)
	at java.io.Writer.write(Writer.java:192)
	at java.io.Writer.write(Writer.java:157)
	at java.io.Writer.append(Writer.java:269)
	at java.io.Writer.append(Writer.java:50)
	at org.apache.commons.csv.CSVFormat.printAndEscape(CSVFormat.java:993)
	at org.apache.commons.csv.CSVFormat.print(CSVFormat.java:951)
	at org.apache.commons.csv.CSVFormat.print(CSVFormat.java:937)
	at org.apache.commons.csv.CSVFormat_ESTest.test198(CSVFormat_ESTest.java:24635)
	at sun.reflect.NativeMethodAccessorImpl.invoke0(Native Method)
	at sun.reflect.NativeMethodAccessorImpl.invoke(NativeMethodAccessorImpl.java:62)
	at sun.reflect.DelegatingMethodAccessorImpl.invoke(DelegatingMethodAccessorImpl.java:43)
	at java.lang.reflect.Method.invoke(Method.java:498)
	at org.junit.runners.model.FrameworkMethod$1.runReflectiveCall(FrameworkMethod.java:50)
	at org.junit.internal.runners.model.ReflectiveCallable.run(ReflectiveCallable.java:12)
	at org.junit.runners.model.FrameworkMethod.invokeExplosively(FrameworkMethod.java:47)
	at org.junit.internal.runners.statements.InvokeMethod.evaluate(InvokeMethod.java:17)
	at org.junit.internal.runners.statements.FailOnTimeout$CallableStatement.call(FailOnTimeout.java:298)
	at org.junit.internal.runners.statements.FailOnTimeout$CallableStatement.call(FailOnTimeout.java:292)
	at java.util.concurrent.FutureTask.run(FutureTask.java:266)
	at java.lang.Thread.run(Thread.java:748)
34) test193(org.apache.commons.csv.CSVFormat_ESTest)
java.nio.ReadOnlyBufferException
	at java.nio.CharBuffer.put(CharBuffer.java:920)
	at java.nio.CharBuffer.put(CharBuffer.java:950)
	at java.nio.CharBuffer.append(CharBuffer.java:1363)
	at java.nio.CharBuffer.append(CharBuffer.java:262)
	at org.apache.commons.csv.CSVFormat.print(CSVFormat.java:946)
	at org.apache.commons.csv.CSVFormat.print(CSVFormat.java:937)
	at org.apache.commons.csv.CSVFormat.printRecord(CSVFormat.java:1145)
	at org.apache.commons.csv.CSVFormat_ESTest.test193(CSVFormat_ESTest.java:24388)
	at sun.reflect.NativeMethodAccessorImpl.invoke0(Native Method)
	at sun.reflect.NativeMethodAccessorImpl.invoke(NativeMethodAccessorImpl.java:62)
	at sun.reflect.DelegatingMethodAccessorImpl.invoke(DelegatingMethodAccessorImpl.java:43)
	at java.lang.reflect.Method.invoke(Method.java:498)
	at org.junit.runners.model.FrameworkMethod$1.runReflectiveCall(FrameworkMethod.java:50)
	at org.junit.internal.runners.model.ReflectiveCallable.run(ReflectiveCallable.java:12)
	at org.junit.runners.model.FrameworkMethod.invokeExplosively(FrameworkMethod.java:47)
	at org.junit.internal.runners.statements.InvokeMethod.evaluate(InvokeMethod.java:17)
	at org.junit.internal.runners.statements.FailOnTimeout$CallableStatement.call(FailOnTimeout.java:298)
	at org.junit.internal.runners.statements.FailOnTimeout$CallableStatement.call(FailOnTimeout.java:292)
	at java.util.concurrent.FutureTask.run(FutureTask.java:266)
	at java.lang.Thread.run(Thread.java:748)
35) test192(org.apache.commons.csv.CSVFormat_ESTest)
java.io.IOException: Pipe not connected
	at java.io.PipedWriter.write(PipedWriter.java:146)
	at java.io.Writer.write(Writer.java:192)
	at java.io.Writer.write(Writer.java:157)
	at java.io.Writer.append(Writer.java:227)
	at java.io.Writer.append(Writer.java:50)
	at org.apache.commons.csv.CSVFormat.println(CSVFormat.java:1122)
	at org.apache.commons.csv.CSVFormat_ESTest.test192(CSVFormat_ESTest.java:24338)
	at sun.reflect.NativeMethodAccessorImpl.invoke0(Native Method)
	at sun.reflect.NativeMethodAccessorImpl.invoke(NativeMethodAccessorImpl.java:62)
	at sun.reflect.DelegatingMethodAccessorImpl.invoke(DelegatingMethodAccessorImpl.java:43)
	at java.lang.reflect.Method.invoke(Method.java:498)
	at org.junit.runners.model.FrameworkMethod$1.runReflectiveCall(FrameworkMethod.java:50)
	at org.junit.internal.runners.model.ReflectiveCallable.run(ReflectiveCallable.java:12)
	at org.junit.runners.model.FrameworkMethod.invokeExplosively(FrameworkMethod.java:47)
	at org.junit.internal.runners.statements.InvokeMethod.evaluate(InvokeMethod.java:17)
	at org.junit.internal.runners.statements.FailOnTimeout$CallableStatement.call(FailOnTimeout.java:298)
	at org.junit.internal.runners.statements.FailOnTimeout$CallableStatement.call(FailOnTimeout.java:292)
	at java.util.concurrent.FutureTask.run(FutureTask.java:266)
	at java.lang.Thread.run(Thread.java:748)
36) test195(org.apache.commons.csv.CSVFormat_ESTest)
java.lang.IndexOutOfBoundsException
	at java.nio.Buffer.checkIndex(Buffer.java:544)
	at java.nio.HeapCharBuffer.get(HeapCharBuffer.java:142)
	at java.nio.CharBuffer.charAt(CharBuffer.java:1290)
	at org.apache.commons.csv.CSVFormat.printAndQuote(CSVFormat.java:1090)
	at org.apache.commons.csv.CSVFormat.print(CSVFormat.java:949)
	at org.apache.commons.csv.CSVFormat.print(CSVFormat.java:937)
	at org.apache.commons.csv.CSVFormat.printRecord(CSVFormat.java:1145)
	at org.apache.commons.csv.CSVFormat_ESTest.test195(CSVFormat_ESTest.java:24483)
	at sun.reflect.NativeMethodAccessorImpl.invoke0(Native Method)
	at sun.reflect.NativeMethodAccessorImpl.invoke(NativeMethodAccessorImpl.java:62)
	at sun.reflect.DelegatingMethodAccessorImpl.invoke(DelegatingMethodAccessorImpl.java:43)
	at java.lang.reflect.Method.invoke(Method.java:498)
	at org.junit.runners.model.FrameworkMethod$1.runReflectiveCall(FrameworkMethod.java:50)
	at org.junit.internal.runners.model.ReflectiveCallable.run(ReflectiveCallable.java:12)
	at org.junit.runners.model.FrameworkMethod.invokeExplosively(FrameworkMethod.java:47)
	at org.junit.internal.runners.statements.InvokeMethod.evaluate(InvokeMethod.java:17)
	at org.junit.internal.runners.statements.FailOnTimeout$CallableStatement.call(FailOnTimeout.java:298)
	at org.junit.internal.runners.statements.FailOnTimeout$CallableStatement.call(FailOnTimeout.java:292)
	at java.util.concurrent.FutureTask.run(FutureTask.java:266)
	at java.lang.Thread.run(Thread.java:748)
37) test194(org.apache.commons.csv.CSVFormat_ESTest)
java.lang.NullPointerException
	at org.apache.commons.csv.CSVFormat.printRecord(CSVFormat.java:1144)
	at org.apache.commons.csv.CSVFormat_ESTest.test194(CSVFormat_ESTest.java:24428)
	at sun.reflect.NativeMethodAccessorImpl.invoke0(Native Method)
	at sun.reflect.NativeMethodAccessorImpl.invoke(NativeMethodAccessorImpl.java:62)
	at sun.reflect.DelegatingMethodAccessorImpl.invoke(DelegatingMethodAccessorImpl.java:43)
	at java.lang.reflect.Method.invoke(Method.java:498)
	at org.junit.runners.model.FrameworkMethod$1.runReflectiveCall(FrameworkMethod.java:50)
	at org.junit.internal.runners.model.ReflectiveCallable.run(ReflectiveCallable.java:12)
	at org.junit.runners.model.FrameworkMethod.invokeExplosively(FrameworkMethod.java:47)
	at org.junit.internal.runners.statements.InvokeMethod.evaluate(InvokeMethod.java:17)
	at org.junit.internal.runners.statements.FailOnTimeout$CallableStatement.call(FailOnTimeout.java:298)
	at org.junit.internal.runners.statements.FailOnTimeout$CallableStatement.call(FailOnTimeout.java:292)
	at java.util.concurrent.FutureTask.run(FutureTask.java:266)
	at java.lang.Thread.run(Thread.java:748)
38) test191(org.apache.commons.csv.CSVFormat_ESTest)
java.nio.BufferOverflowException
	at java.nio.CharBuffer.put(CharBuffer.java:922)
	at java.nio.CharBuffer.put(CharBuffer.java:950)
	at java.nio.CharBuffer.append(CharBuffer.java:1363)
	at java.nio.CharBuffer.append(CharBuffer.java:262)
	at org.apache.commons.csv.CSVFormat.println(CSVFormat.java:1122)
	at org.apache.commons.csv.CSVFormat_ESTest.test191(CSVFormat_ESTest.java:24300)
	at sun.reflect.NativeMethodAccessorImpl.invoke0(Native Method)
	at sun.reflect.NativeMethodAccessorImpl.invoke(NativeMethodAccessorImpl.java:62)
	at sun.reflect.DelegatingMethodAccessorImpl.invoke(DelegatingMethodAccessorImpl.java:43)
	at java.lang.reflect.Method.invoke(Method.java:498)
	at org.junit.runners.model.FrameworkMethod$1.runReflectiveCall(FrameworkMethod.java:50)
	at org.junit.internal.runners.model.ReflectiveCallable.run(ReflectiveCallable.java:12)
	at org.junit.runners.model.FrameworkMethod.invokeExplosively(FrameworkMethod.java:47)
	at org.junit.internal.runners.statements.InvokeMethod.evaluate(InvokeMethod.java:17)
	at org.junit.internal.runners.statements.FailOnTimeout$CallableStatement.call(FailOnTimeout.java:298)
	at org.junit.internal.runners.statements.FailOnTimeout$CallableStatement.call(FailOnTimeout.java:292)
	at java.util.concurrent.FutureTask.run(FutureTask.java:266)
	at java.lang.Thread.run(Thread.java:748)
39) test190(org.apache.commons.csv.CSVFormat_ESTest)
java.nio.ReadOnlyBufferException
	at java.nio.CharBuffer.put(CharBuffer.java:920)
	at java.nio.CharBuffer.put(CharBuffer.java:950)
	at java.nio.CharBuffer.append(CharBuffer.java:1363)
	at java.nio.CharBuffer.append(CharBuffer.java:262)
	at org.apache.commons.csv.CSVFormat.println(CSVFormat.java:1122)
	at org.apache.commons.csv.CSVFormat_ESTest.test190(CSVFormat_ESTest.java:24247)
	at sun.reflect.NativeMethodAccessorImpl.invoke0(Native Method)
	at sun.reflect.NativeMethodAccessorImpl.invoke(NativeMethodAccessorImpl.java:62)
	at sun.reflect.DelegatingMethodAccessorImpl.invoke(DelegatingMethodAccessorImpl.java:43)
	at java.lang.reflect.Method.invoke(Method.java:498)
	at org.junit.runners.model.FrameworkMethod$1.runReflectiveCall(FrameworkMethod.java:50)
	at org.junit.internal.runners.model.ReflectiveCallable.run(ReflectiveCallable.java:12)
	at org.junit.runners.model.FrameworkMethod.invokeExplosively(FrameworkMethod.java:47)
	at org.junit.internal.runners.statements.InvokeMethod.evaluate(InvokeMethod.java:17)
	at org.junit.internal.runners.statements.FailOnTimeout$CallableStatement.call(FailOnTimeout.java:298)
	at org.junit.internal.runners.statements.FailOnTimeout$CallableStatement.call(FailOnTimeout.java:292)
	at java.util.concurrent.FutureTask.run(FutureTask.java:266)
	at java.lang.Thread.run(Thread.java:748)

FAILURES!!!
Tests run: 314,  Failures: 39

