* EvoSuite 1.1.1-SNAPSHOT
* Configuration: BBC-F0-opt-30
* Going to generate test cases for class: org.apache.commons.csv.CSVPrinter
* Starting Client-0
* Connecting to master process on port 21455
* Analyzing classpath: 
  - subjects/buggy-versions/Csv-13/target/classes
* Finished analyzing classpath
* Generating tests for class org.apache.commons.csv.CSVPrinter
* Test criteria:
  - Line Coverage
  - Branch Coverage
  - Exception
  - Mutation testing (weak)
  - Method-Output Coverage
  - Top-Level Method Coverage
  - No-Exception Top-Level Method Coverage
  - Context Branch Coverage
* Total number of test goals for DYNAMOSA: 971
* Using seed 1899883066
* Starting evolution
bbc usage percentage is: 30%
* Initial Number of Goals in DynaMOSA = 190 / 971
[MASTER] 09:17:54.357 [logback-2] ERROR TestCluster - Failed to check cache for java.util.ArrayDeque<E> : Type points to itself
[MASTER] 09:17:54.358 [logback-2] ERROR TestCluster - Failed to check cache for java.util.ArrayList<E> : Type points to itself
[MASTER] 09:17:54.358 [logback-2] ERROR TestCluster - Failed to check cache for java.util.EnumSet<E> : Type points to itself
[MASTER] 09:17:54.358 [logback-2] ERROR TestCluster - Failed to check cache for java.util.HashSet<E> : Type points to itself
[MASTER] 09:17:54.358 [logback-2] ERROR TestCluster - Failed to check cache for java.util.LinkedHashSet<E> : Type points to itself
[MASTER] 09:17:54.358 [logback-2] ERROR TestCluster - Failed to check cache for java.util.LinkedList<E> : Type points to itself
[MASTER] 09:17:54.359 [logback-2] ERROR TestCluster - Failed to check cache for java.util.PriorityQueue<E> : Type points to itself
[MASTER] 09:17:54.359 [logback-2] ERROR TestCluster - Failed to check cache for java.util.ServiceLoader<S> : Type points to itself
[MASTER] 09:17:54.359 [logback-2] ERROR TestCluster - Failed to check cache for java.util.Stack<E> : Type points to itself
[MASTER] 09:17:54.359 [logback-2] ERROR TestCluster - Failed to check cache for java.util.TreeSet<E> : Type points to itself
[MASTER] 09:17:54.359 [logback-2] ERROR TestCluster - Failed to check cache for java.util.Vector<E> : Type points to itself
[MASTER] 09:17:59.009 [logback-2] ERROR TestCluster - Failed to check cache for java.util.Comparator<T> : Type points to itself
[MASTER] 09:18:06.358 [logback-2] ERROR TestCluster - Failed to check cache for java.util.Enumeration<E> : Type points to itself
[MASTER] 09:18:09.071 [logback-2] ERROR TestCluster - Failed to check cache for java.util.function.Function<T, R> : Type points to itself
[MASTER] 09:26:41.102 [logback-1] WARN  TestChromosome - Functional mock problem: org.evosuite.ga.ConstructionFailedException: Failed to add constructor for java.io.LineNumberReader due to org.evosuite.ga.ConstructionFailedException: Failed to add constructor for java.io.BufferedReader due to org.evosuite.ga.ConstructionFailedException: Failed to add constructor for java.io.PushbackReader due to org.evosuite.ga.ConstructionFailedException: Failed to add constructor for org.evosuite.runtime.mock.java.io.MockFileReader due to org.evosuite.ga.ConstructionFailedException: Failed to add constructor for org.evosuite.runtime.mock.java.io.MockFile due to org.evosuite.ga.ConstructionFailedException: Max recursion depth reached
* Search finished after 601s and 942 generations, 516404 statements, best individual has fitness: 78.0
* Minimizing test suite
* Going to analyze the coverage criteria
* Coverage analysis for criterion LINE
* Coverage of criterion LINE: 98%
* Total number of goals: 164
* Number of covered goals: 161
* Coverage analysis for criterion BRANCH
* Coverage of criterion BRANCH: 96%
* Total number of goals: 137
* Number of covered goals: 132
* Coverage analysis for criterion EXCEPTION
* Coverage of criterion EXCEPTION: 100%
* Total number of goals: 36
* Number of covered goals: 36
* Coverage analysis for criterion WEAKMUTATION
* Coverage of criterion WEAKMUTATION: 94%
* Total number of goals: 507
* Number of covered goals: 475
* Coverage analysis for criterion OUTPUT
* Coverage of criterion OUTPUT: 50%
* Total number of goals: 2
* Number of covered goals: 1
* Coverage analysis for criterion METHOD
* Coverage of criterion METHOD: 100%
* Total number of goals: 12
* Number of covered goals: 12
* Coverage analysis for criterion METHODNOEXCEPTION
* Coverage of criterion METHODNOEXCEPTION: 100%
* Total number of goals: 12
* Number of covered goals: 12
* Coverage analysis for criterion CBRANCH
* Coverage of criterion CBRANCH: 92%
* Total number of goals: 137
* Number of covered goals: 126
* Generated 73 tests with total length 421
* Resulting test suite's coverage: 86% (average coverage for all fitness functions)
* Generating assertions
[MASTER] 09:29:22.749 [logback-1] WARN  SimpleMutationAssertionGenerator - Assertion minimization is taking too long (0.82355% of time used, but only 32/73 tests minimized), falling back to using all assertions
* Resulting test suite's mutation score: 51%
* Compiling and checking tests
[MASTER] 09:29:31.051 [logback-1] WARN  JUnitAnalyzer - EvoSuite problem: tests set up a security manager, but they do not remove it after execution
[MASTER] 09:29:31.200 [logback-1] WARN  JUnitAnalyzer - EvoSuite problem: tests set up a security manager, but they do not remove it after execution
[MASTER] 09:29:31.346 [logback-1] WARN  JUnitAnalyzer - EvoSuite problem: tests set up a security manager, but they do not remove it after execution
[MASTER] 09:29:31.455 [logback-1] WARN  JUnitAnalyzer - EvoSuite problem: tests set up a security manager, but they do not remove it after execution
[MASTER] 09:29:31.596 [logback-1] WARN  JUnitAnalyzer - EvoSuite problem: tests set up a security manager, but they do not remove it after execution
[MASTER] 09:29:31.654 [logback-1] WARN  JUnitAnalyzer - EvoSuite problem: tests set up a security manager, but they do not remove it after execution
[MASTER] 09:29:31.713 [logback-1] WARN  JUnitAnalyzer - EvoSuite problem: tests set up a security manager, but they do not remove it after execution
[MASTER] 09:29:31.787 [logback-1] WARN  JUnitAnalyzer - EvoSuite problem: tests set up a security manager, but they do not remove it after execution
[MASTER] 09:29:31.858 [logback-1] WARN  JUnitAnalyzer - EvoSuite problem: tests set up a security manager, but they do not remove it after execution
[MASTER] 09:29:35.481 [logback-1] WARN  JUnitAnalyzer - Found unstable test named test0 -> class java.lang.SecurityException: Security manager blocks ("java.lang.RuntimePermission" "writeFileDescriptor")
java.lang.Thread.getStackTrace(Thread.java:1559)
org.evosuite.runtime.sandbox.MSecurityManager.checkPermission(MSecurityManager.java:433)
java.lang.SecurityManager.checkWrite(SecurityManager.java:954)
java.io.FileOutputStream.<init>(FileOutputStream.java:245)
java.io.FileWriter.<init>(FileWriter.java:116)
org.evosuite.runtime.mock.java.io.MockFileWriter.<init>(MockFileWriter.java:79)
org.apache.commons.csv.CSVPrinter_109_tmp__ESTest.test0(CSVPrinter_109_tmp__ESTest.java:47)
sun.reflect.NativeMethodAccessorImpl.invoke0(Native Method)
sun.reflect.NativeMethodAccessorImpl.invoke(NativeMethodAccessorImpl.java:62)
sun.reflect.DelegatingMethodAccessorImpl.invoke(DelegatingMethodAccessorImpl.java:43)
java.lang.reflect.Method.invoke(Method.java:498)
org.junit.runners.model.FrameworkMethod$1.runReflectiveCall(FrameworkMethod.java:59)
org.junit.internal.runners.model.ReflectiveCallable.run(ReflectiveCallable.java:12)
org.junit.runners.model.FrameworkMethod.invokeExplosively(FrameworkMethod.java:56)
org.junit.internal.runners.statements.InvokeMethod.evaluate(InvokeMethod.java:17)
org.junit.internal.runners.statements.FailOnTimeout$CallableStatement.call(FailOnTimeout.java:288)
org.junit.internal.runners.statements.FailOnTimeout$CallableStatement.call(FailOnTimeout.java:282)
java.util.concurrent.FutureTask.run(FutureTask.java:266)
java.lang.Thread.run(Thread.java:748)

[MASTER] 09:29:35.482 [logback-1] WARN  JUnitAnalyzer - Failing test:
 CSVFormat cSVFormat0 = CSVFormat.MYSQL;
assertFalse(cSVFormat0.getIgnoreEmptyLines());
assertFalse(cSVFormat0.getIgnoreHeaderCase());
assertFalse(cSVFormat0.getIgnoreSurroundingSpaces());
assertEquals('\\', (char)cSVFormat0.getEscapeCharacter());
assertFalse(cSVFormat0.isCommentMarkerSet());
assertNull(cSVFormat0.getQuoteMode());
assertFalse(cSVFormat0.getSkipHeaderRecord());
assertEquals("\n", cSVFormat0.getRecordSeparator());
assertFalse(cSVFormat0.isQuoteCharacterSet());
assertNull(cSVFormat0.getQuoteCharacter());
assertFalse(cSVFormat0.getAllowMissingColumnNames());
assertTrue(cSVFormat0.isEscapeCharacterSet());
assertFalse(cSVFormat0.isNullStringSet());
assertEquals('\t', cSVFormat0.getDelimiter());
assertNull(cSVFormat0.getCommentMarker());
assertNull(cSVFormat0.getNullString());
assertNotNull(cSVFormat0);

FileDescriptor fileDescriptor0 = new FileDescriptor();
assertFalse(fileDescriptor0.valid());
assertNotNull(fileDescriptor0);

MockFileWriter mockFileWriter0 = new MockFileWriter(fileDescriptor0);
assertNotNull(mockFileWriter0);

CSVPrinter cSVPrinter0 = cSVFormat0.print(mockFileWriter0);
assertFalse(cSVFormat0.getIgnoreEmptyLines());
assertFalse(cSVFormat0.getIgnoreHeaderCase());
assertFalse(cSVFormat0.getIgnoreSurroundingSpaces());
assertEquals('\\', (char)cSVFormat0.getEscapeCharacter());
assertFalse(cSVFormat0.isCommentMarkerSet());
assertNull(cSVFormat0.getQuoteMode());
assertFalse(cSVFormat0.getSkipHeaderRecord());
assertEquals("\n", cSVFormat0.getRecordSeparator());
assertFalse(cSVFormat0.isQuoteCharacterSet());
assertNull(cSVFormat0.getQuoteCharacter());
assertFalse(cSVFormat0.getAllowMissingColumnNames());
assertTrue(cSVFormat0.isEscapeCharacterSet());
assertFalse(cSVFormat0.isNullStringSet());
assertEquals('\t', cSVFormat0.getDelimiter());
assertNull(cSVFormat0.getCommentMarker());
assertNull(cSVFormat0.getNullString());
assertFalse(fileDescriptor0.valid());
assertNotNull(cSVPrinter0);

cSVPrinter0.println();

[MASTER] 09:29:38.801 [logback-1] WARN  JUnitAnalyzer - Found unstable test named test0 -> class java.lang.SecurityException: Security manager blocks ("java.lang.RuntimePermission" "writeFileDescriptor")
java.lang.Thread.getStackTrace(Thread.java:1559)
org.evosuite.runtime.sandbox.MSecurityManager.checkPermission(MSecurityManager.java:433)
java.lang.SecurityManager.checkWrite(SecurityManager.java:954)
java.io.FileOutputStream.<init>(FileOutputStream.java:245)
java.io.FileWriter.<init>(FileWriter.java:116)
org.evosuite.runtime.mock.java.io.MockFileWriter.<init>(MockFileWriter.java:79)
org.apache.commons.csv.CSVPrinter_112_tmp__ESTest.test0(CSVPrinter_112_tmp__ESTest.java:87)
sun.reflect.NativeMethodAccessorImpl.invoke0(Native Method)
sun.reflect.NativeMethodAccessorImpl.invoke(NativeMethodAccessorImpl.java:62)
sun.reflect.DelegatingMethodAccessorImpl.invoke(DelegatingMethodAccessorImpl.java:43)
java.lang.reflect.Method.invoke(Method.java:498)
org.junit.runners.model.FrameworkMethod$1.runReflectiveCall(FrameworkMethod.java:59)
org.junit.internal.runners.model.ReflectiveCallable.run(ReflectiveCallable.java:12)
org.junit.runners.model.FrameworkMethod.invokeExplosively(FrameworkMethod.java:56)
org.junit.internal.runners.statements.InvokeMethod.evaluate(InvokeMethod.java:17)
org.junit.internal.runners.statements.FailOnTimeout$CallableStatement.call(FailOnTimeout.java:288)
org.junit.internal.runners.statements.FailOnTimeout$CallableStatement.call(FailOnTimeout.java:282)
java.util.concurrent.FutureTask.run(FutureTask.java:266)
java.lang.Thread.run(Thread.java:748)

[MASTER] 09:29:38.803 [logback-1] WARN  JUnitAnalyzer - Failing test:
 CSVFormat cSVFormat0 = CSVFormat.TDF;
assertEquals('\"', (char)cSVFormat0.getQuoteCharacter());
assertNull(cSVFormat0.getNullString());
assertFalse(cSVFormat0.isNullStringSet());
assertFalse(cSVFormat0.isCommentMarkerSet());
assertFalse(cSVFormat0.getAllowMissingColumnNames());
assertNull(cSVFormat0.getEscapeCharacter());
assertEquals('\t', cSVFormat0.getDelimiter());
assertTrue(cSVFormat0.getIgnoreSurroundingSpaces());
assertEquals("\r\n", cSVFormat0.getRecordSeparator());
assertNull(cSVFormat0.getCommentMarker());
assertFalse(cSVFormat0.getIgnoreHeaderCase());
assertNull(cSVFormat0.getQuoteMode());
assertFalse(cSVFormat0.isEscapeCharacterSet());
assertTrue(cSVFormat0.isQuoteCharacterSet());
assertFalse(cSVFormat0.getSkipHeaderRecord());
assertTrue(cSVFormat0.getIgnoreEmptyLines());
assertNotNull(cSVFormat0);

String[] stringArray0 = new String[1];
CSVFormat cSVFormat1 = cSVFormat0.withHeader(stringArray0);
assertEquals('\"', (char)cSVFormat0.getQuoteCharacter());
assertNull(cSVFormat0.getNullString());
assertFalse(cSVFormat0.isNullStringSet());
assertFalse(cSVFormat0.isCommentMarkerSet());
assertFalse(cSVFormat0.getAllowMissingColumnNames());
assertNull(cSVFormat0.getEscapeCharacter());
assertEquals('\t', cSVFormat0.getDelimiter());
assertTrue(cSVFormat0.getIgnoreSurroundingSpaces());
assertEquals("\r\n", cSVFormat0.getRecordSeparator());
assertNull(cSVFormat0.getCommentMarker());
assertFalse(cSVFormat0.getIgnoreHeaderCase());
assertNull(cSVFormat0.getQuoteMode());
assertFalse(cSVFormat0.isEscapeCharacterSet());
assertTrue(cSVFormat0.isQuoteCharacterSet());
assertFalse(cSVFormat0.getSkipHeaderRecord());
assertTrue(cSVFormat0.getIgnoreEmptyLines());
assertNull(cSVFormat1.getNullString());
assertEquals('\"', (char)cSVFormat1.getQuoteCharacter());
assertTrue(cSVFormat1.isQuoteCharacterSet());
assertFalse(cSVFormat1.isEscapeCharacterSet());
assertFalse(cSVFormat1.getSkipHeaderRecord());
assertNull(cSVFormat1.getCommentMarker());
assertTrue(cSVFormat1.getIgnoreEmptyLines());
assertEquals("\r\n", cSVFormat1.getRecordSeparator());
assertTrue(cSVFormat1.getIgnoreSurroundingSpaces());
assertFalse(cSVFormat1.getIgnoreHeaderCase());
assertNull(cSVFormat1.getQuoteMode());
assertNull(cSVFormat1.getEscapeCharacter());
assertFalse(cSVFormat1.isCommentMarkerSet());
assertFalse(cSVFormat1.isNullStringSet());
assertEquals('\t', cSVFormat1.getDelimiter());
assertFalse(cSVFormat1.getAllowMissingColumnNames());
assertNotNull(cSVFormat1);
assertEquals(1, stringArray0.length);
assertFalse(cSVFormat1.equals((Object)cSVFormat0));
assertNotSame(cSVFormat0, cSVFormat1);
assertNotSame(cSVFormat1, cSVFormat0);

FileDescriptor fileDescriptor0 = new FileDescriptor();
assertFalse(fileDescriptor0.valid());
assertNotNull(fileDescriptor0);

MockFileWriter mockFileWriter0 = new MockFileWriter(fileDescriptor0);
assertNotNull(mockFileWriter0);

CSVPrinter cSVPrinter0 = new CSVPrinter(mockFileWriter0, cSVFormat1);

[MASTER] 09:29:42.187 [logback-1] WARN  JUnitAnalyzer - Found unstable test named test0 -> class java.lang.SecurityException: Security manager blocks ("java.lang.RuntimePermission" "writeFileDescriptor")
java.lang.Thread.getStackTrace(Thread.java:1559)
org.evosuite.runtime.sandbox.MSecurityManager.checkPermission(MSecurityManager.java:433)
java.lang.SecurityManager.checkWrite(SecurityManager.java:954)
java.io.FileOutputStream.<init>(FileOutputStream.java:245)
java.io.FileWriter.<init>(FileWriter.java:116)
org.evosuite.runtime.mock.java.io.MockFileWriter.<init>(MockFileWriter.java:79)
org.apache.commons.csv.CSVPrinter_116_tmp__ESTest.test0(CSVPrinter_116_tmp__ESTest.java:49)
sun.reflect.NativeMethodAccessorImpl.invoke0(Native Method)
sun.reflect.NativeMethodAccessorImpl.invoke(NativeMethodAccessorImpl.java:62)
sun.reflect.DelegatingMethodAccessorImpl.invoke(DelegatingMethodAccessorImpl.java:43)
java.lang.reflect.Method.invoke(Method.java:498)
org.junit.runners.model.FrameworkMethod$1.runReflectiveCall(FrameworkMethod.java:59)
org.junit.internal.runners.model.ReflectiveCallable.run(ReflectiveCallable.java:12)
org.junit.runners.model.FrameworkMethod.invokeExplosively(FrameworkMethod.java:56)
org.junit.internal.runners.statements.InvokeMethod.evaluate(InvokeMethod.java:17)
org.junit.internal.runners.statements.FailOnTimeout$CallableStatement.call(FailOnTimeout.java:288)
org.junit.internal.runners.statements.FailOnTimeout$CallableStatement.call(FailOnTimeout.java:282)
java.util.concurrent.FutureTask.run(FutureTask.java:266)
java.lang.Thread.run(Thread.java:748)

[MASTER] 09:29:42.189 [logback-1] WARN  JUnitAnalyzer - Failing test:
 CSVFormat cSVFormat0 = CSVFormat.DEFAULT;
assertNull(cSVFormat0.getCommentMarker());
assertFalse(cSVFormat0.isEscapeCharacterSet());
assertEquals("\r\n", cSVFormat0.getRecordSeparator());
assertNull(cSVFormat0.getQuoteMode());
assertTrue(cSVFormat0.isQuoteCharacterSet());
assertEquals('\"', (char)cSVFormat0.getQuoteCharacter());
assertFalse(cSVFormat0.getSkipHeaderRecord());
assertTrue(cSVFormat0.getIgnoreEmptyLines());
assertNull(cSVFormat0.getNullString());
assertFalse(cSVFormat0.isCommentMarkerSet());
assertFalse(cSVFormat0.getIgnoreSurroundingSpaces());
assertFalse(cSVFormat0.getIgnoreHeaderCase());
assertFalse(cSVFormat0.isNullStringSet());
assertNull(cSVFormat0.getEscapeCharacter());
assertFalse(cSVFormat0.getAllowMissingColumnNames());
assertEquals(',', cSVFormat0.getDelimiter());
assertNotNull(cSVFormat0);

QuoteMode quoteMode0 = QuoteMode.NONE;
FileDescriptor fileDescriptor0 = new FileDescriptor();
assertFalse(fileDescriptor0.valid());
assertNotNull(fileDescriptor0);

MockFileWriter mockFileWriter0 = new MockFileWriter(fileDescriptor0);
assertNotNull(mockFileWriter0);

CSVPrinter cSVPrinter0 = cSVFormat0.print(mockFileWriter0);
assertNull(cSVFormat0.getCommentMarker());
assertFalse(cSVFormat0.isEscapeCharacterSet());
assertEquals("\r\n", cSVFormat0.getRecordSeparator());
assertNull(cSVFormat0.getQuoteMode());
assertTrue(cSVFormat0.isQuoteCharacterSet());
assertEquals('\"', (char)cSVFormat0.getQuoteCharacter());
assertFalse(cSVFormat0.getSkipHeaderRecord());
assertTrue(cSVFormat0.getIgnoreEmptyLines());
assertNull(cSVFormat0.getNullString());
assertFalse(cSVFormat0.isCommentMarkerSet());
assertFalse(cSVFormat0.getIgnoreSurroundingSpaces());
assertFalse(cSVFormat0.getIgnoreHeaderCase());
assertFalse(cSVFormat0.isNullStringSet());
assertNull(cSVFormat0.getEscapeCharacter());
assertFalse(cSVFormat0.getAllowMissingColumnNames());
assertEquals(',', cSVFormat0.getDelimiter());
assertFalse(fileDescriptor0.valid());
assertNotNull(cSVPrinter0);

cSVPrinter0.print(quoteMode0);

* Permissions denied during test execution: 
  - java.lang.RuntimePermission: 
         writeFileDescriptor: 3
* Writing tests to file
* Writing JUnit test case 'CSVPrinter_ESTest' to results/Csv-13/org.apache.commons.csv.CSVPrinter/BBC-F0-opt-30/tests/3
* Done!

* Computation finished
