* EvoSuite 1.1.1-SNAPSHOT
* Configuration: BBC-F0-opt-100
* Going to generate test cases for class: com.fasterxml.jackson.core.base.GeneratorBase
* Starting Client-0
* Connecting to master process on port 9596
* Analyzing classpath: 
  - subjects/buggy-versions/JacksonCore-18/target/classes
* Finished analyzing classpath
* Generating tests for class com.fasterxml.jackson.core.base.GeneratorBase
* Test criteria:
  - Line Coverage
  - Branch Coverage
  - Exception
  - Mutation testing (weak)
  - Method-Output Coverage
  - Top-Level Method Coverage
  - No-Exception Top-Level Method Coverage
  - Context Branch Coverage
* Total number of test goals for DYNAMOSA: 1147
* Using seed 2786886189
* Starting evolution
bbc usage percentage is: 100%
* Initial Number of Goals in DynaMOSA = 759 / 1147
* Search finished after 601s and 3199 generations, 1617278 statements, best individual has fitness: 356.0
* Minimizing test suite
* Going to analyze the coverage criteria
* Coverage analysis for criterion LINE
* Coverage of criterion LINE: 79%
* Total number of goals: 112
* Number of covered goals: 89
* Coverage analysis for criterion BRANCH
* Coverage of criterion BRANCH: 77%
* Total number of goals: 71
* Number of covered goals: 55
* Coverage analysis for criterion EXCEPTION
* Coverage of criterion EXCEPTION: 100%
* Total number of goals: 40
* Number of covered goals: 40
* Coverage analysis for criterion WEAKMUTATION
* Coverage of criterion WEAKMUTATION: 74%
* Total number of goals: 664
* Number of covered goals: 492
* Coverage analysis for criterion OUTPUT
* Coverage of criterion OUTPUT: 54%
* Total number of goals: 171
* Number of covered goals: 92
* Coverage analysis for criterion METHOD
* Coverage of criterion METHOD: 86%
* Total number of goals: 29
* Number of covered goals: 25
* Coverage analysis for criterion METHODNOEXCEPTION
* Coverage of criterion METHODNOEXCEPTION: 76%
* Total number of goals: 29
* Number of covered goals: 22
* Coverage analysis for criterion CBRANCH
* Coverage of criterion CBRANCH: 77%
* Total number of goals: 71
* Number of covered goals: 55
* Generated 91 tests with total length 551
* Resulting test suite's coverage: 69% (average coverage for all fitness functions)
* Generating assertions
* Resulting test suite's mutation score: 40%
* Compiling and checking tests
[MASTER] 07:00:53.497 [logback-1] WARN  JUnitAnalyzer - EvoSuite problem: tests set up a security manager, but they do not remove it after execution
[MASTER] 07:00:53.972 [logback-1] WARN  JUnitAnalyzer - EvoSuite problem: tests set up a security manager, but they do not remove it after execution
[MASTER] 07:00:54.324 [logback-1] WARN  JUnitAnalyzer - EvoSuite problem: tests set up a security manager, but they do not remove it after execution
[MASTER] 07:00:54.618 [logback-1] WARN  JUnitAnalyzer - EvoSuite problem: tests set up a security manager, but they do not remove it after execution
[MASTER] 07:00:54.949 [logback-1] WARN  JUnitAnalyzer - EvoSuite problem: tests set up a security manager, but they do not remove it after execution
[MASTER] 07:00:54.961 [logback-1] WARN  JUnitAnalyzer - Found unstable test named test0 -> class java.lang.SecurityException: Security manager blocks ("java.lang.RuntimePermission" "writeFileDescriptor")
java.lang.Thread.getStackTrace(Thread.java:1559)
org.evosuite.runtime.sandbox.MSecurityManager.checkPermission(MSecurityManager.java:433)
java.lang.SecurityManager.checkWrite(SecurityManager.java:954)
java.io.FileOutputStream.<init>(FileOutputStream.java:245)
org.evosuite.runtime.mock.java.io.MockFileOutputStream.<init>(MockFileOutputStream.java:114)
com.fasterxml.jackson.core.base.GeneratorBase_95_tmp__ESTest.test0(GeneratorBase_95_tmp__ESTest.java:31)
sun.reflect.NativeMethodAccessorImpl.invoke0(Native Method)
sun.reflect.NativeMethodAccessorImpl.invoke(NativeMethodAccessorImpl.java:62)
sun.reflect.DelegatingMethodAccessorImpl.invoke(DelegatingMethodAccessorImpl.java:43)
java.lang.reflect.Method.invoke(Method.java:498)
org.junit.runners.model.FrameworkMethod$1.runReflectiveCall(FrameworkMethod.java:59)
org.junit.internal.runners.model.ReflectiveCallable.run(ReflectiveCallable.java:12)
org.junit.runners.model.FrameworkMethod.invokeExplosively(FrameworkMethod.java:56)
org.junit.internal.runners.statements.InvokeMethod.evaluate(InvokeMethod.java:17)
org.junit.internal.runners.statements.FailOnTimeout$CallableStatement.call(FailOnTimeout.java:288)
org.junit.internal.runners.statements.FailOnTimeout$CallableStatement.call(FailOnTimeout.java:282)
java.util.concurrent.FutureTask.run(FutureTask.java:266)
java.lang.Thread.run(Thread.java:748)

[MASTER] 07:00:54.962 [logback-1] WARN  JUnitAnalyzer - Failing test:
 BufferRecycler bufferRecycler0 = new BufferRecycler();
StringReader stringReader0 = new StringReader("-rxfcedTiiK]\"ZNNW&A");
IOContext iOContext0 = new IOContext(bufferRecycler0, stringReader0, false);
FileDescriptor fileDescriptor0 = new FileDescriptor();
MockFileOutputStream mockFileOutputStream0 = new MockFileOutputStream(fileDescriptor0);
byte[] byteArray0 = new byte[4];
UTF8JsonGenerator uTF8JsonGenerator0 = new UTF8JsonGenerator(iOContext0, (-1334), (ObjectCodec) null, mockFileOutputStream0, byteArray0, (-1566), false);
JsonGenerator jsonGenerator0 = uTF8JsonGenerator0.useDefaultPrettyPrinter();
assertEquals((-1334), jsonGenerator0.getFeatureMask());


[MASTER] 07:00:58.828 [logback-1] WARN  JUnitAnalyzer - EvoSuite problem: tests set up a security manager, but they do not remove it after execution
[MASTER] 07:00:59.086 [logback-1] WARN  JUnitAnalyzer - EvoSuite problem: tests set up a security manager, but they do not remove it after execution
[MASTER] 07:01:12.960 [logback-1] WARN  JUnitAnalyzer - Found unstable test named test0 -> class java.lang.SecurityException: Security manager blocks ("java.lang.RuntimePermission" "writeFileDescriptor")
java.lang.Thread.getStackTrace(Thread.java:1559)
org.evosuite.runtime.sandbox.MSecurityManager.checkPermission(MSecurityManager.java:433)
java.lang.SecurityManager.checkWrite(SecurityManager.java:954)
java.io.FileOutputStream.<init>(FileOutputStream.java:245)
org.evosuite.runtime.mock.java.io.MockFileOutputStream.<init>(MockFileOutputStream.java:114)
com.fasterxml.jackson.core.base.GeneratorBase_145_tmp__ESTest.test0(GeneratorBase_145_tmp__ESTest.java:33)
sun.reflect.NativeMethodAccessorImpl.invoke0(Native Method)
sun.reflect.NativeMethodAccessorImpl.invoke(NativeMethodAccessorImpl.java:62)
sun.reflect.DelegatingMethodAccessorImpl.invoke(DelegatingMethodAccessorImpl.java:43)
java.lang.reflect.Method.invoke(Method.java:498)
org.junit.runners.model.FrameworkMethod$1.runReflectiveCall(FrameworkMethod.java:59)
org.junit.internal.runners.model.ReflectiveCallable.run(ReflectiveCallable.java:12)
org.junit.runners.model.FrameworkMethod.invokeExplosively(FrameworkMethod.java:56)
org.junit.internal.runners.statements.InvokeMethod.evaluate(InvokeMethod.java:17)
org.junit.internal.runners.statements.FailOnTimeout$CallableStatement.call(FailOnTimeout.java:288)
org.junit.internal.runners.statements.FailOnTimeout$CallableStatement.call(FailOnTimeout.java:282)
java.util.concurrent.FutureTask.run(FutureTask.java:266)
java.lang.Thread.run(Thread.java:748)

[MASTER] 07:01:12.975 [logback-1] WARN  JUnitAnalyzer - Failing test:
 BufferRecycler bufferRecycler0 = new BufferRecycler();
StringReader stringReader0 = new StringReader("-rxfcedTiiK]\"ZNNW&A");
IOContext iOContext0 = new IOContext(bufferRecycler0, stringReader0, false);
FileDescriptor fileDescriptor0 = new FileDescriptor();
MockFileOutputStream mockFileOutputStream0 = new MockFileOutputStream(fileDescriptor0);
byte[] byteArray0 = new byte[4];
UTF8JsonGenerator uTF8JsonGenerator0 = new UTF8JsonGenerator(iOContext0, (-1334), (ObjectCodec) null, mockFileOutputStream0, byteArray0, (-1566), false);
SerializedString serializedString0 = new SerializedString("j/V%]");
uTF8JsonGenerator0.writeString((SerializableString) serializedString0);

[MASTER] 07:01:18.291 [logback-1] WARN  JUnitAnalyzer - Found unstable test named test0 -> class java.lang.SecurityException: Security manager blocks ("java.lang.RuntimePermission" "writeFileDescriptor")
java.lang.Thread.getStackTrace(Thread.java:1559)
org.evosuite.runtime.sandbox.MSecurityManager.checkPermission(MSecurityManager.java:433)
java.lang.SecurityManager.checkWrite(SecurityManager.java:954)
java.io.FileOutputStream.<init>(FileOutputStream.java:245)
org.evosuite.runtime.mock.java.io.MockFileOutputStream.<init>(MockFileOutputStream.java:114)
com.fasterxml.jackson.core.base.GeneratorBase_154_tmp__ESTest.test0(GeneratorBase_154_tmp__ESTest.java:29)
sun.reflect.NativeMethodAccessorImpl.invoke0(Native Method)
sun.reflect.NativeMethodAccessorImpl.invoke(NativeMethodAccessorImpl.java:62)
sun.reflect.DelegatingMethodAccessorImpl.invoke(DelegatingMethodAccessorImpl.java:43)
java.lang.reflect.Method.invoke(Method.java:498)
org.junit.runners.model.FrameworkMethod$1.runReflectiveCall(FrameworkMethod.java:59)
org.junit.internal.runners.model.ReflectiveCallable.run(ReflectiveCallable.java:12)
org.junit.runners.model.FrameworkMethod.invokeExplosively(FrameworkMethod.java:56)
org.junit.internal.runners.statements.InvokeMethod.evaluate(InvokeMethod.java:17)
org.junit.internal.runners.statements.FailOnTimeout$CallableStatement.call(FailOnTimeout.java:288)
org.junit.internal.runners.statements.FailOnTimeout$CallableStatement.call(FailOnTimeout.java:282)
java.util.concurrent.FutureTask.run(FutureTask.java:266)
java.lang.Thread.run(Thread.java:748)

[MASTER] 07:01:18.291 [logback-1] WARN  JUnitAnalyzer - Failing test:
 BufferRecycler bufferRecycler0 = new BufferRecycler();
IOContext iOContext0 = new IOContext(bufferRecycler0, bufferRecycler0, true);
FileDescriptor fileDescriptor0 = new FileDescriptor();
MockFileOutputStream mockFileOutputStream0 = new MockFileOutputStream(fileDescriptor0);
byte[] byteArray0 = new byte[3];
UTF8JsonGenerator uTF8JsonGenerator0 = new UTF8JsonGenerator(iOContext0, 3, (ObjectCodec) null, mockFileOutputStream0, byteArray0, (-1698), true);
JsonGenerator.Feature jsonGenerator_Feature0 = JsonGenerator.Feature.WRITE_BIGDECIMAL_AS_PLAIN;
uTF8JsonGenerator0.enable(jsonGenerator_Feature0);
assertEquals(67, uTF8JsonGenerator0.getFeatureMask());


[MASTER] 07:01:24.631 [logback-1] WARN  JUnitAnalyzer - Found unstable test named test0 -> class java.lang.SecurityException: Security manager blocks ("java.lang.RuntimePermission" "writeFileDescriptor")
java.lang.Thread.getStackTrace(Thread.java:1559)
org.evosuite.runtime.sandbox.MSecurityManager.checkPermission(MSecurityManager.java:433)
java.lang.SecurityManager.checkWrite(SecurityManager.java:954)
java.io.FileOutputStream.<init>(FileOutputStream.java:245)
org.evosuite.runtime.mock.java.io.MockFileOutputStream.<init>(MockFileOutputStream.java:114)
com.fasterxml.jackson.core.base.GeneratorBase_172_tmp__ESTest.test0(GeneratorBase_172_tmp__ESTest.java:30)
sun.reflect.NativeMethodAccessorImpl.invoke0(Native Method)
sun.reflect.NativeMethodAccessorImpl.invoke(NativeMethodAccessorImpl.java:62)
sun.reflect.DelegatingMethodAccessorImpl.invoke(DelegatingMethodAccessorImpl.java:43)
java.lang.reflect.Method.invoke(Method.java:498)
org.junit.runners.model.FrameworkMethod$1.runReflectiveCall(FrameworkMethod.java:59)
org.junit.internal.runners.model.ReflectiveCallable.run(ReflectiveCallable.java:12)
org.junit.runners.model.FrameworkMethod.invokeExplosively(FrameworkMethod.java:56)
org.junit.internal.runners.statements.InvokeMethod.evaluate(InvokeMethod.java:17)
org.junit.internal.runners.statements.FailOnTimeout$CallableStatement.call(FailOnTimeout.java:288)
org.junit.internal.runners.statements.FailOnTimeout$CallableStatement.call(FailOnTimeout.java:282)
java.util.concurrent.FutureTask.run(FutureTask.java:266)
java.lang.Thread.run(Thread.java:748)

[MASTER] 07:01:24.632 [logback-1] WARN  JUnitAnalyzer - Failing test:
 BufferRecycler bufferRecycler0 = new BufferRecycler();
StringReader stringReader0 = new StringReader("-rxfcedTiiK]\"ZNNW&A");
IOContext iOContext0 = new IOContext(bufferRecycler0, stringReader0, false);
FileDescriptor fileDescriptor0 = new FileDescriptor();
MockFileOutputStream mockFileOutputStream0 = new MockFileOutputStream(fileDescriptor0);
byte[] byteArray0 = new byte[4];
UTF8JsonGenerator uTF8JsonGenerator0 = new UTF8JsonGenerator(iOContext0, (-1334), (ObjectCodec) null, mockFileOutputStream0, byteArray0, (-1566), false);
uTF8JsonGenerator0.setFeatureMask((-369));
assertEquals((-369), uTF8JsonGenerator0.getFeatureMask());


* Permissions denied during test execution: 
  - java.lang.RuntimePermission: 
         writeFileDescriptor: 4
* Writing tests to file
* Writing JUnit test case 'GeneratorBase_ESTest' to results/JacksonCore-18/com.fasterxml.jackson.core.base.GeneratorBase/BBC-F0-opt-100/tests/9
* Done!

* Computation finished
