* EvoSuite 1.1.1-SNAPSHOT
* Configuration: BBC-F0-opt-60
* Going to generate test cases for class: org.apache.commons.jxpath.ri.model.dom.DOMNodePointer
* Starting Client-0
* Connecting to master process on port 4338
* Analyzing classpath: 
  - subjects/buggy-versions/JxPath-19/target/classes
  - subjects/buggy-versions/JxPath-19/src/java
  - subjects/buggy-versions/JxPath-19/target/lib/commons-beanutils-1.7.0.jar
  - subjects/buggy-versions/JxPath-19/target/lib/commons-logging-1.1.jar
  - subjects/buggy-versions/JxPath-19/target/lib/jdom-1.0.jar
  - subjects/buggy-versions/JxPath-19/target/lib/jsp-api-2.0.jar
  - subjects/buggy-versions/JxPath-19/target/lib/junit-3.8.1.jar
  - subjects/buggy-versions/JxPath-19/target/lib/mockrunner-0.4.1.jar
  - subjects/buggy-versions/JxPath-19/target/lib/mockrunner-jdk1.3-j2ee1.3-0.4.jar
  - subjects/buggy-versions/JxPath-19/target/lib/servletapi-2.4.jar
  - subjects/buggy-versions/JxPath-19/target/lib/xerces-2.4.0.jar
  - subjects/buggy-versions/JxPath-19/target/lib/xml-apis-2.0.2.jar
* Finished analyzing classpath
* Generating tests for class org.apache.commons.jxpath.ri.model.dom.DOMNodePointer
* Test criteria:
  - Line Coverage
  - Branch Coverage
  - Exception
  - Mutation testing (weak)
  - Method-Output Coverage
  - Top-Level Method Coverage
  - No-Exception Top-Level Method Coverage
  - Context Branch Coverage
* Total number of test goals for DYNAMOSA: 2018
* Using seed 1022742464
* Starting evolution
bbc usage percentage is: 60%
* Initial Number of Goals in DynaMOSA = 449 / 2018
[MASTER] 00:57:09.292 [logback-1] WARN  TestUsageChecker - class org.apache.xerces.dom.CharacterDataImpl$1 looks like an anonymous class, ignoring it (although reflection says false) CharacterDataImpl$1
[MASTER] 00:58:13.306 [logback-2] ERROR TestCluster - Failed to check cache for java.util.Enumeration<E> : Type points to itself
*C1*
* Search finished after 602s and 2767 generations, 1150925 statements, best individual has fitness: 431.0
* Minimizing test suite
* Going to analyze the coverage criteria
* Coverage analysis for criterion LINE
* Coverage of criterion LINE: 85%
* Total number of goals: 336
* Number of covered goals: 287
* Coverage analysis for criterion BRANCH
* Coverage of criterion BRANCH: 84%
* Total number of goals: 305
* Number of covered goals: 255
* Coverage analysis for criterion EXCEPTION
* Coverage of criterion EXCEPTION: 100%
* Total number of goals: 43
* Number of covered goals: 43
* Coverage analysis for criterion WEAKMUTATION
* Coverage of criterion WEAKMUTATION: 81%
* Total number of goals: 878
* Number of covered goals: 710
* Coverage analysis for criterion OUTPUT
* Coverage of criterion OUTPUT: 44%
* Total number of goals: 120
* Number of covered goals: 53
* Coverage analysis for criterion METHOD
* Coverage of criterion METHOD: 100%
* Total number of goals: 37
* Number of covered goals: 37
* Coverage analysis for criterion METHODNOEXCEPTION
* Coverage of criterion METHODNOEXCEPTION: 95%
* Total number of goals: 37
* Number of covered goals: 35
* Coverage analysis for criterion CBRANCH
* Coverage of criterion CBRANCH: 84%
* Total number of goals: 305
* Number of covered goals: 255
* Generated 148 tests with total length 751
* Resulting test suite's coverage: 78% (average coverage for all fitness functions)
* Generating assertions
* Resulting test suite's mutation score: 47%
* Compiling and checking tests
[MASTER] 01:07:44.552 [logback-1] WARN  JUnitAnalyzer - EvoSuite problem: tests set up a security manager, but they do not remove it after execution
[MASTER] 01:07:44.852 [logback-1] WARN  JUnitAnalyzer - EvoSuite problem: tests set up a security manager, but they do not remove it after execution
[MASTER] 01:07:45.115 [logback-1] WARN  JUnitAnalyzer - EvoSuite problem: tests set up a security manager, but they do not remove it after execution
[MASTER] 01:07:45.375 [logback-1] WARN  JUnitAnalyzer - EvoSuite problem: tests set up a security manager, but they do not remove it after execution
[MASTER] 01:07:45.619 [logback-1] WARN  JUnitAnalyzer - EvoSuite problem: tests set up a security manager, but they do not remove it after execution
[MASTER] 01:07:45.833 [logback-1] WARN  JUnitAnalyzer - EvoSuite problem: tests set up a security manager, but they do not remove it after execution
[MASTER] 01:07:46.066 [logback-1] WARN  JUnitAnalyzer - EvoSuite problem: tests set up a security manager, but they do not remove it after execution
[MASTER] 01:07:46.314 [logback-1] WARN  JUnitAnalyzer - EvoSuite problem: tests set up a security manager, but they do not remove it after execution
[MASTER] 01:07:46.586 [logback-1] WARN  JUnitAnalyzer - EvoSuite problem: tests set up a security manager, but they do not remove it after execution
[MASTER] 01:07:46.590 [logback-1] WARN  JUnitAnalyzer - Found unstable test named test0 -> class java.lang.AssertionError: Expecting exception: NoClassDefFoundError
[MASTER] 01:07:46.590 [logback-1] WARN  JUnitAnalyzer - Failing test:
 HTMLDocumentImpl hTMLDocumentImpl0 = new HTMLDocumentImpl();
HTMLFrameElementImpl hTMLFrameElementImpl0 = new HTMLFrameElementImpl(hTMLDocumentImpl0, "8BA");
Locale locale0 = Locale.PRC;
DOMNodePointer dOMNodePointer0 = new DOMNodePointer(hTMLFrameElementImpl0, locale0);
NodePointer.newNodePointer((QName) null, locale0, locale0);

[MASTER] 01:07:46.866 [logback-1] WARN  JUnitAnalyzer - EvoSuite problem: tests set up a security manager, but they do not remove it after execution
[MASTER] 01:07:47.498 [logback-1] WARN  JUnitAnalyzer - EvoSuite problem: tests set up a security manager, but they do not remove it after execution
[MASTER] 01:07:47.786 [logback-1] WARN  JUnitAnalyzer - EvoSuite problem: tests set up a security manager, but they do not remove it after execution
[MASTER] 01:07:48.446 [logback-1] WARN  JUnitAnalyzer - EvoSuite problem: tests set up a security manager, but they do not remove it after execution
[MASTER] 01:07:48.741 [logback-1] WARN  JUnitAnalyzer - EvoSuite problem: tests set up a security manager, but they do not remove it after execution
[MASTER] 01:07:48.977 [logback-1] WARN  JUnitAnalyzer - EvoSuite problem: tests set up a security manager, but they do not remove it after execution
[MASTER] 01:07:49.195 [logback-1] WARN  JUnitAnalyzer - EvoSuite problem: tests set up a security manager, but they do not remove it after execution
[MASTER] 01:07:49.401 [logback-1] WARN  JUnitAnalyzer - EvoSuite problem: tests set up a security manager, but they do not remove it after execution
[MASTER] 01:07:49.613 [logback-1] WARN  JUnitAnalyzer - EvoSuite problem: tests set up a security manager, but they do not remove it after execution
[MASTER] 01:07:49.878 [logback-1] WARN  JUnitAnalyzer - EvoSuite problem: tests set up a security manager, but they do not remove it after execution
[MASTER] 01:07:50.111 [logback-1] WARN  JUnitAnalyzer - EvoSuite problem: tests set up a security manager, but they do not remove it after execution
[MASTER] 01:07:50.369 [logback-1] WARN  JUnitAnalyzer - EvoSuite problem: tests set up a security manager, but they do not remove it after execution
[MASTER] 01:07:50.624 [logback-1] WARN  JUnitAnalyzer - EvoSuite problem: tests set up a security manager, but they do not remove it after execution
[MASTER] 01:07:50.898 [logback-1] WARN  JUnitAnalyzer - EvoSuite problem: tests set up a security manager, but they do not remove it after execution
[MASTER] 01:07:51.150 [logback-1] WARN  JUnitAnalyzer - EvoSuite problem: tests set up a security manager, but they do not remove it after execution
[MASTER] 01:07:51.151 [logback-1] WARN  JUnitAnalyzer - Found unstable test named test0 -> class java.lang.AssertionError: Expecting exception: NoClassDefFoundError
[MASTER] 01:07:51.151 [logback-1] WARN  JUnitAnalyzer - Failing test:
 HTMLDocumentImpl hTMLDocumentImpl0 = new HTMLDocumentImpl();
Locale locale0 = Locale.UK;
PSVIElementNSImpl pSVIElementNSImpl0 = new PSVIElementNSImpl(hTMLDocumentImpl0, "org.apache.html.dom.HTMLHtmlElementImpl", (String) null, "");
QName qName0 = new QName(" L.`p*36g", "");
HTMLTitleElementImpl hTMLTitleElementImpl0 = new HTMLTitleElementImpl(hTMLDocumentImpl0, "E<m");
NodePointer.newNodePointer(qName0, hTMLTitleElementImpl0, locale0);

[MASTER] 01:07:51.382 [logback-1] WARN  JUnitAnalyzer - EvoSuite problem: tests set up a security manager, but they do not remove it after execution
[MASTER] 01:07:51.646 [logback-1] WARN  JUnitAnalyzer - EvoSuite problem: tests set up a security manager, but they do not remove it after execution
[MASTER] 01:07:51.902 [logback-1] WARN  JUnitAnalyzer - EvoSuite problem: tests set up a security manager, but they do not remove it after execution
[MASTER] 01:07:52.151 [logback-1] WARN  JUnitAnalyzer - EvoSuite problem: tests set up a security manager, but they do not remove it after execution
[MASTER] 01:07:52.368 [logback-1] WARN  JUnitAnalyzer - EvoSuite problem: tests set up a security manager, but they do not remove it after execution
[MASTER] 01:07:52.624 [logback-1] WARN  JUnitAnalyzer - EvoSuite problem: tests set up a security manager, but they do not remove it after execution
[MASTER] 01:07:52.859 [logback-1] WARN  JUnitAnalyzer - EvoSuite problem: tests set up a security manager, but they do not remove it after execution
[MASTER] 01:07:53.132 [logback-1] WARN  JUnitAnalyzer - EvoSuite problem: tests set up a security manager, but they do not remove it after execution
[MASTER] 01:07:53.341 [logback-1] WARN  JUnitAnalyzer - EvoSuite problem: tests set up a security manager, but they do not remove it after execution
[MASTER] 01:07:53.562 [logback-1] WARN  JUnitAnalyzer - EvoSuite problem: tests set up a security manager, but they do not remove it after execution
[MASTER] 01:07:53.774 [logback-1] WARN  JUnitAnalyzer - EvoSuite problem: tests set up a security manager, but they do not remove it after execution
[MASTER] 01:07:54.031 [logback-1] WARN  JUnitAnalyzer - EvoSuite problem: tests set up a security manager, but they do not remove it after execution
[MASTER] 01:07:54.294 [logback-1] WARN  JUnitAnalyzer - EvoSuite problem: tests set up a security manager, but they do not remove it after execution
[MASTER] 01:07:54.521 [logback-1] WARN  JUnitAnalyzer - EvoSuite problem: tests set up a security manager, but they do not remove it after execution
[MASTER] 01:07:54.772 [logback-1] WARN  JUnitAnalyzer - EvoSuite problem: tests set up a security manager, but they do not remove it after execution
[MASTER] 01:07:54.983 [logback-1] WARN  JUnitAnalyzer - EvoSuite problem: tests set up a security manager, but they do not remove it after execution
[MASTER] 01:07:55.220 [logback-1] WARN  JUnitAnalyzer - EvoSuite problem: tests set up a security manager, but they do not remove it after execution
[MASTER] 01:07:55.491 [logback-1] WARN  JUnitAnalyzer - EvoSuite problem: tests set up a security manager, but they do not remove it after execution
[MASTER] 01:07:55.748 [logback-1] WARN  JUnitAnalyzer - EvoSuite problem: tests set up a security manager, but they do not remove it after execution
[MASTER] 01:07:55.974 [logback-1] WARN  JUnitAnalyzer - EvoSuite problem: tests set up a security manager, but they do not remove it after execution
[MASTER] 01:07:56.217 [logback-1] WARN  JUnitAnalyzer - EvoSuite problem: tests set up a security manager, but they do not remove it after execution
[MASTER] 01:07:56.452 [logback-1] WARN  JUnitAnalyzer - EvoSuite problem: tests set up a security manager, but they do not remove it after execution
[MASTER] 01:07:56.685 [logback-1] WARN  JUnitAnalyzer - EvoSuite problem: tests set up a security manager, but they do not remove it after execution
[MASTER] 01:07:57.220 [logback-1] WARN  JUnitAnalyzer - EvoSuite problem: tests set up a security manager, but they do not remove it after execution
[MASTER] 01:07:57.465 [logback-1] WARN  JUnitAnalyzer - EvoSuite problem: tests set up a security manager, but they do not remove it after execution
[MASTER] 01:07:57.711 [logback-1] WARN  JUnitAnalyzer - EvoSuite problem: tests set up a security manager, but they do not remove it after execution
[MASTER] 01:07:57.911 [logback-1] WARN  JUnitAnalyzer - EvoSuite problem: tests set up a security manager, but they do not remove it after execution
[MASTER] 01:07:58.134 [logback-1] WARN  JUnitAnalyzer - EvoSuite problem: tests set up a security manager, but they do not remove it after execution
[MASTER] 01:07:58.377 [logback-1] WARN  JUnitAnalyzer - EvoSuite problem: tests set up a security manager, but they do not remove it after execution
[MASTER] 01:07:58.600 [logback-1] WARN  JUnitAnalyzer - EvoSuite problem: tests set up a security manager, but they do not remove it after execution
[MASTER] 01:07:58.792 [logback-1] WARN  JUnitAnalyzer - EvoSuite problem: tests set up a security manager, but they do not remove it after execution
[MASTER] 01:07:59.002 [logback-1] WARN  JUnitAnalyzer - EvoSuite problem: tests set up a security manager, but they do not remove it after execution
[MASTER] 01:07:59.268 [logback-1] WARN  JUnitAnalyzer - EvoSuite problem: tests set up a security manager, but they do not remove it after execution
[MASTER] 01:07:59.269 [logback-1] WARN  JUnitAnalyzer - Found unstable test named test0 -> class java.lang.AssertionError: Expecting exception: NoClassDefFoundError
[MASTER] 01:07:59.269 [logback-1] WARN  JUnitAnalyzer - Failing test:
 HTMLDocumentImpl hTMLDocumentImpl0 = new HTMLDocumentImpl();
Locale locale0 = Locale.FRENCH;
HTMLDirectoryElementImpl hTMLDirectoryElementImpl0 = new HTMLDirectoryElementImpl(hTMLDocumentImpl0, "uKRH9<`9Md");
QName qName0 = new QName((String) null, (String) null);
AttrNSImpl attrNSImpl0 = new AttrNSImpl();
NodePointer.newNodePointer(qName0, attrNSImpl0, locale0);

[MASTER] 01:07:59.499 [logback-1] WARN  JUnitAnalyzer - EvoSuite problem: tests set up a security manager, but they do not remove it after execution
[MASTER] 01:07:59.499 [logback-1] WARN  JUnitAnalyzer - Found unstable test named test0 -> class java.lang.AssertionError: Expecting exception: NoClassDefFoundError
[MASTER] 01:07:59.500 [logback-1] WARN  JUnitAnalyzer - Failing test:
 QName qName0 = new QName("N`/GHh2jOl_", "*_Yv:");
VariablePointer variablePointer0 = new VariablePointer(qName0);
HTMLDocumentImpl hTMLDocumentImpl0 = new HTMLDocumentImpl();
HTMLHeadingElementImpl hTMLHeadingElementImpl0 = new HTMLHeadingElementImpl(hTMLDocumentImpl0, "- expression incomplete");
Locale locale0 = Locale.GERMANY;
NodePointer.newNodePointer(qName0, variablePointer0, locale0);

[MASTER] 01:07:59.721 [logback-1] WARN  JUnitAnalyzer - EvoSuite problem: tests set up a security manager, but they do not remove it after execution
[MASTER] 01:07:59.722 [logback-1] WARN  JUnitAnalyzer - Found unstable test named test0 -> class java.lang.AssertionError: Expecting exception: NoClassDefFoundError
[MASTER] 01:07:59.722 [logback-1] WARN  JUnitAnalyzer - Failing test:
 HTMLDocumentImpl hTMLDocumentImpl0 = new HTMLDocumentImpl();
Locale locale0 = Locale.US;
PSVIElementNSImpl pSVIElementNSImpl0 = new PSVIElementNSImpl(hTMLDocumentImpl0, "org.apache.html.dom.HTMLIFrameElementImpl", "org.apache.html.dom.HTMLIFrameElementImpl", "http://www.w3.org/XML/1998/namespace");
QName qName0 = new QName(" L.`p*36g", "org.apache.html.dom.HTMLIFrameElementImpl");
HTMLHeadingElementImpl hTMLHeadingElementImpl0 = new HTMLHeadingElementImpl(hTMLDocumentImpl0, "' and '");
NodePointer.newNodePointer(qName0, hTMLHeadingElementImpl0, locale0);

[MASTER] 01:07:59.960 [logback-1] WARN  JUnitAnalyzer - EvoSuite problem: tests set up a security manager, but they do not remove it after execution
[MASTER] 01:08:00.182 [logback-1] WARN  JUnitAnalyzer - EvoSuite problem: tests set up a security manager, but they do not remove it after execution
[MASTER] 01:08:00.403 [logback-1] WARN  JUnitAnalyzer - EvoSuite problem: tests set up a security manager, but they do not remove it after execution
[MASTER] 01:08:00.628 [logback-1] WARN  JUnitAnalyzer - EvoSuite problem: tests set up a security manager, but they do not remove it after execution
[MASTER] 01:08:00.816 [logback-1] WARN  JUnitAnalyzer - EvoSuite problem: tests set up a security manager, but they do not remove it after execution
[MASTER] 01:08:01.060 [logback-1] WARN  JUnitAnalyzer - EvoSuite problem: tests set up a security manager, but they do not remove it after execution
[MASTER] 01:08:01.296 [logback-1] WARN  JUnitAnalyzer - EvoSuite problem: tests set up a security manager, but they do not remove it after execution
[MASTER] 01:08:01.549 [logback-1] WARN  JUnitAnalyzer - EvoSuite problem: tests set up a security manager, but they do not remove it after execution
[MASTER] 01:08:01.784 [logback-1] WARN  JUnitAnalyzer - EvoSuite problem: tests set up a security manager, but they do not remove it after execution
[MASTER] 01:08:02.011 [logback-1] WARN  JUnitAnalyzer - EvoSuite problem: tests set up a security manager, but they do not remove it after execution
[MASTER] 01:08:02.217 [logback-1] WARN  JUnitAnalyzer - EvoSuite problem: tests set up a security manager, but they do not remove it after execution
[MASTER] 01:08:02.720 [logback-1] WARN  JUnitAnalyzer - EvoSuite problem: tests set up a security manager, but they do not remove it after execution
[MASTER] 01:08:02.720 [logback-1] WARN  JUnitAnalyzer - Found unstable test named test0 -> class java.lang.NullPointerException: null
[MASTER] 01:08:02.721 [logback-1] WARN  JUnitAnalyzer - Failing test:
 HTMLDocumentImpl hTMLDocumentImpl0 = new HTMLDocumentImpl();
HTMLButtonElementImpl hTMLButtonElementImpl0 = new HTMLButtonElementImpl(hTMLDocumentImpl0, "?CaTDFGf-zIwN~j");
Locale locale0 = Locale.US;
DOMNodePointer dOMNodePointer0 = new DOMNodePointer(hTMLButtonElementImpl0, locale0);
SymbolTable symbolTable0 = new SymbolTable();
DOMASBuilderImpl dOMASBuilderImpl0 = new DOMASBuilderImpl(symbolTable0);
Document document0 = dOMASBuilderImpl0.parseURI("http://www.w3.org/XML/1998/namespace");
DOMNodePointer dOMNodePointer1 = new DOMNodePointer(dOMNodePointer0, document0);
Object object0 = dOMNodePointer1.getValue();
assertNotNull(object0);


[MASTER] 01:08:06.221 [logback-1] WARN  JUnitAnalyzer - EvoSuite problem: tests set up a security manager, but they do not remove it after execution
[MASTER] 01:08:06.447 [logback-1] WARN  JUnitAnalyzer - EvoSuite problem: tests set up a security manager, but they do not remove it after execution
[MASTER] 01:08:06.657 [logback-1] WARN  JUnitAnalyzer - EvoSuite problem: tests set up a security manager, but they do not remove it after execution
[MASTER] 01:08:06.944 [logback-1] WARN  JUnitAnalyzer - EvoSuite problem: tests set up a security manager, but they do not remove it after execution
[MASTER] 01:08:07.203 [logback-1] WARN  JUnitAnalyzer - EvoSuite problem: tests set up a security manager, but they do not remove it after execution
[MASTER] 01:08:07.453 [logback-1] WARN  JUnitAnalyzer - EvoSuite problem: tests set up a security manager, but they do not remove it after execution
[MASTER] 01:08:07.686 [logback-1] WARN  JUnitAnalyzer - EvoSuite problem: tests set up a security manager, but they do not remove it after execution
[MASTER] 01:08:07.917 [logback-1] WARN  JUnitAnalyzer - EvoSuite problem: tests set up a security manager, but they do not remove it after execution
[MASTER] 01:08:08.235 [logback-1] WARN  JUnitAnalyzer - EvoSuite problem: tests set up a security manager, but they do not remove it after execution
[MASTER] 01:08:08.236 [logback-1] WARN  JUnitAnalyzer - Found unstable test named test0 -> class java.lang.AssertionError: Expecting exception: NoClassDefFoundError
[MASTER] 01:08:08.236 [logback-1] WARN  JUnitAnalyzer - Failing test:
 HTMLDocumentImpl hTMLDocumentImpl0 = new HTMLDocumentImpl();
Locale locale0 = Locale.CANADA_FRENCH;
DOMNodePointer dOMNodePointer0 = new DOMNodePointer(hTMLDocumentImpl0, locale0, "");
dOMNodePointer0.getNamespaceURI("http://www.w3.org/XML/1998/namespace");
QName qName0 = new QName("*<hcCXD/xZ~");
DeferredDocumentImpl deferredDocumentImpl0 = new DeferredDocumentImpl(true);
NodePointer.newNodePointer(qName0, deferredDocumentImpl0, locale0);

[MASTER] 01:08:08.453 [logback-1] WARN  JUnitAnalyzer - EvoSuite problem: tests set up a security manager, but they do not remove it after execution
[MASTER] 01:08:08.656 [logback-1] WARN  JUnitAnalyzer - EvoSuite problem: tests set up a security manager, but they do not remove it after execution
[MASTER] 01:08:08.893 [logback-1] WARN  JUnitAnalyzer - EvoSuite problem: tests set up a security manager, but they do not remove it after execution
[MASTER] 01:08:09.151 [logback-1] WARN  JUnitAnalyzer - EvoSuite problem: tests set up a security manager, but they do not remove it after execution
[MASTER] 01:08:09.429 [logback-1] WARN  JUnitAnalyzer - EvoSuite problem: tests set up a security manager, but they do not remove it after execution
[MASTER] 01:08:09.669 [logback-1] WARN  JUnitAnalyzer - EvoSuite problem: tests set up a security manager, but they do not remove it after execution
[MASTER] 01:08:09.906 [logback-1] WARN  JUnitAnalyzer - EvoSuite problem: tests set up a security manager, but they do not remove it after execution
[MASTER] 01:08:10.153 [logback-1] WARN  JUnitAnalyzer - EvoSuite problem: tests set up a security manager, but they do not remove it after execution
[MASTER] 01:08:10.392 [logback-1] WARN  JUnitAnalyzer - EvoSuite problem: tests set up a security manager, but they do not remove it after execution
[MASTER] 01:08:10.595 [logback-1] WARN  JUnitAnalyzer - EvoSuite problem: tests set up a security manager, but they do not remove it after execution
[MASTER] 01:08:10.843 [logback-1] WARN  JUnitAnalyzer - EvoSuite problem: tests set up a security manager, but they do not remove it after execution
[MASTER] 01:08:11.129 [logback-1] WARN  JUnitAnalyzer - EvoSuite problem: tests set up a security manager, but they do not remove it after execution
[MASTER] 01:08:11.404 [logback-1] WARN  JUnitAnalyzer - EvoSuite problem: tests set up a security manager, but they do not remove it after execution
[MASTER] 01:08:11.619 [logback-1] WARN  JUnitAnalyzer - EvoSuite problem: tests set up a security manager, but they do not remove it after execution
[MASTER] 01:08:11.889 [logback-1] WARN  JUnitAnalyzer - EvoSuite problem: tests set up a security manager, but they do not remove it after execution
[MASTER] 01:08:12.124 [logback-1] WARN  JUnitAnalyzer - EvoSuite problem: tests set up a security manager, but they do not remove it after execution
[MASTER] 01:08:12.369 [logback-1] WARN  JUnitAnalyzer - EvoSuite problem: tests set up a security manager, but they do not remove it after execution
[MASTER] 01:08:12.617 [logback-1] WARN  JUnitAnalyzer - EvoSuite problem: tests set up a security manager, but they do not remove it after execution
[MASTER] 01:08:12.916 [logback-1] WARN  JUnitAnalyzer - EvoSuite problem: tests set up a security manager, but they do not remove it after execution
[MASTER] 01:08:13.189 [logback-1] WARN  JUnitAnalyzer - EvoSuite problem: tests set up a security manager, but they do not remove it after execution
[MASTER] 01:08:13.525 [logback-1] WARN  JUnitAnalyzer - EvoSuite problem: tests set up a security manager, but they do not remove it after execution
[MASTER] 01:08:13.839 [logback-1] WARN  JUnitAnalyzer - EvoSuite problem: tests set up a security manager, but they do not remove it after execution
[MASTER] 01:08:14.197 [logback-1] WARN  JUnitAnalyzer - EvoSuite problem: tests set up a security manager, but they do not remove it after execution
[MASTER] 01:08:14.832 [logback-1] WARN  JUnitAnalyzer - EvoSuite problem: tests set up a security manager, but they do not remove it after execution
[MASTER] 01:08:15.041 [logback-1] WARN  JUnitAnalyzer - EvoSuite problem: tests set up a security manager, but they do not remove it after execution
[MASTER] 01:08:15.262 [logback-1] WARN  JUnitAnalyzer - EvoSuite problem: tests set up a security manager, but they do not remove it after execution
[MASTER] 01:08:15.517 [logback-1] WARN  JUnitAnalyzer - EvoSuite problem: tests set up a security manager, but they do not remove it after execution
[MASTER] 01:08:15.762 [logback-1] WARN  JUnitAnalyzer - EvoSuite problem: tests set up a security manager, but they do not remove it after execution
[MASTER] 01:08:16.025 [logback-1] WARN  JUnitAnalyzer - EvoSuite problem: tests set up a security manager, but they do not remove it after execution
[MASTER] 01:08:16.025 [logback-1] WARN  JUnitAnalyzer - Found unstable test named test0 -> class java.lang.AssertionError: Expecting exception: NoClassDefFoundError
[MASTER] 01:08:16.025 [logback-1] WARN  JUnitAnalyzer - Failing test:
 HTMLDocumentImpl hTMLDocumentImpl0 = new HTMLDocumentImpl();
HTMLImageElementImpl hTMLImageElementImpl0 = new HTMLImageElementImpl(hTMLDocumentImpl0, "");
Locale locale0 = Locale.UK;
DOMNodePointer dOMNodePointer0 = new DOMNodePointer(hTMLImageElementImpl0, locale0);
QName qName0 = dOMNodePointer0.getName();
NodePointer.newChildNodePointer(dOMNodePointer0, qName0, "Factory could not create a child node fo path: ");

[MASTER] 01:08:16.247 [logback-1] WARN  JUnitAnalyzer - EvoSuite problem: tests set up a security manager, but they do not remove it after execution
[MASTER] 01:08:16.475 [logback-1] WARN  JUnitAnalyzer - EvoSuite problem: tests set up a security manager, but they do not remove it after execution
[MASTER] 01:08:16.697 [logback-1] WARN  JUnitAnalyzer - EvoSuite problem: tests set up a security manager, but they do not remove it after execution
[MASTER] 01:08:16.957 [logback-1] WARN  JUnitAnalyzer - EvoSuite problem: tests set up a security manager, but they do not remove it after execution
[MASTER] 01:08:17.254 [logback-1] WARN  JUnitAnalyzer - EvoSuite problem: tests set up a security manager, but they do not remove it after execution
[MASTER] 01:08:17.503 [logback-1] WARN  JUnitAnalyzer - EvoSuite problem: tests set up a security manager, but they do not remove it after execution
[MASTER] 01:08:17.753 [logback-1] WARN  JUnitAnalyzer - EvoSuite problem: tests set up a security manager, but they do not remove it after execution
[MASTER] 01:08:18.011 [logback-1] WARN  JUnitAnalyzer - EvoSuite problem: tests set up a security manager, but they do not remove it after execution
[MASTER] 01:08:18.260 [logback-1] WARN  JUnitAnalyzer - EvoSuite problem: tests set up a security manager, but they do not remove it after execution
[MASTER] 01:08:18.501 [logback-1] WARN  JUnitAnalyzer - EvoSuite problem: tests set up a security manager, but they do not remove it after execution
[MASTER] 01:08:18.761 [logback-1] WARN  JUnitAnalyzer - EvoSuite problem: tests set up a security manager, but they do not remove it after execution
[MASTER] 01:08:19.028 [logback-1] WARN  JUnitAnalyzer - EvoSuite problem: tests set up a security manager, but they do not remove it after execution
[MASTER] 01:08:19.248 [logback-1] WARN  JUnitAnalyzer - EvoSuite problem: tests set up a security manager, but they do not remove it after execution
[MASTER] 01:08:19.479 [logback-1] WARN  JUnitAnalyzer - EvoSuite problem: tests set up a security manager, but they do not remove it after execution
[MASTER] 01:08:19.700 [logback-1] WARN  JUnitAnalyzer - EvoSuite problem: tests set up a security manager, but they do not remove it after execution
[MASTER] 01:08:19.946 [logback-1] WARN  JUnitAnalyzer - EvoSuite problem: tests set up a security manager, but they do not remove it after execution
[MASTER] 01:08:20.168 [logback-1] WARN  JUnitAnalyzer - EvoSuite problem: tests set up a security manager, but they do not remove it after execution
[MASTER] 01:08:20.438 [logback-1] WARN  JUnitAnalyzer - EvoSuite problem: tests set up a security manager, but they do not remove it after execution
[MASTER] 01:08:20.685 [logback-1] WARN  JUnitAnalyzer - EvoSuite problem: tests set up a security manager, but they do not remove it after execution
[MASTER] 01:08:20.935 [logback-1] WARN  JUnitAnalyzer - EvoSuite problem: tests set up a security manager, but they do not remove it after execution
[MASTER] 01:08:21.147 [logback-1] WARN  JUnitAnalyzer - EvoSuite problem: tests set up a security manager, but they do not remove it after execution
[MASTER] 01:08:21.388 [logback-1] WARN  JUnitAnalyzer - EvoSuite problem: tests set up a security manager, but they do not remove it after execution
[MASTER] 01:08:21.627 [logback-1] WARN  JUnitAnalyzer - EvoSuite problem: tests set up a security manager, but they do not remove it after execution
[MASTER] 01:08:21.859 [logback-1] WARN  JUnitAnalyzer - EvoSuite problem: tests set up a security manager, but they do not remove it after execution
[MASTER] 01:08:22.088 [logback-1] WARN  JUnitAnalyzer - EvoSuite problem: tests set up a security manager, but they do not remove it after execution
[MASTER] 01:08:22.343 [logback-1] WARN  JUnitAnalyzer - EvoSuite problem: tests set up a security manager, but they do not remove it after execution
[MASTER] 01:08:22.560 [logback-1] WARN  JUnitAnalyzer - EvoSuite problem: tests set up a security manager, but they do not remove it after execution
[MASTER] 01:08:22.780 [logback-1] WARN  JUnitAnalyzer - EvoSuite problem: tests set up a security manager, but they do not remove it after execution
[MASTER] 01:08:22.996 [logback-1] WARN  JUnitAnalyzer - EvoSuite problem: tests set up a security manager, but they do not remove it after execution
[MASTER] 01:08:23.216 [logback-1] WARN  JUnitAnalyzer - EvoSuite problem: tests set up a security manager, but they do not remove it after execution
[MASTER] 01:08:23.432 [logback-1] WARN  JUnitAnalyzer - EvoSuite problem: tests set up a security manager, but they do not remove it after execution
[MASTER] 01:08:23.672 [logback-1] WARN  JUnitAnalyzer - EvoSuite problem: tests set up a security manager, but they do not remove it after execution
[MASTER] 01:08:23.875 [logback-1] WARN  JUnitAnalyzer - EvoSuite problem: tests set up a security manager, but they do not remove it after execution
[MASTER] 01:08:24.069 [logback-1] WARN  JUnitAnalyzer - EvoSuite problem: tests set up a security manager, but they do not remove it after execution
[MASTER] 01:08:24.324 [logback-1] WARN  JUnitAnalyzer - EvoSuite problem: tests set up a security manager, but they do not remove it after execution
[MASTER] 01:08:24.641 [logback-1] WARN  JUnitAnalyzer - EvoSuite problem: tests set up a security manager, but they do not remove it after execution
[MASTER] 01:08:24.641 [logback-1] WARN  JUnitAnalyzer - Found unstable test named test0 -> class java.lang.AssertionError: Expecting exception: NoClassDefFoundError
[MASTER] 01:08:24.642 [logback-1] WARN  JUnitAnalyzer - Failing test:
 HTMLDocumentImpl hTMLDocumentImpl0 = new HTMLDocumentImpl();
DocumentTypeImpl documentTypeImpl0 = new DocumentTypeImpl(hTMLDocumentImpl0, "$;lQCtn");
WMLDocumentImpl wMLDocumentImpl0 = new WMLDocumentImpl(documentTypeImpl0);
WMLOptionElementImpl wMLOptionElementImpl0 = new WMLOptionElementImpl(wMLDocumentImpl0, "$;lQCtn");
Locale locale0 = Locale.CANADA_FRENCH;
NodePointer.newNodePointer((QName) null, wMLOptionElementImpl0, locale0);

[MASTER] 01:08:24.892 [logback-1] WARN  JUnitAnalyzer - EvoSuite problem: tests set up a security manager, but they do not remove it after execution
[MASTER] 01:08:25.101 [logback-1] WARN  JUnitAnalyzer - EvoSuite problem: tests set up a security manager, but they do not remove it after execution
* Permissions denied during test execution: 
  - java.net.SocketPermission: 
         resolve www.w3.org: 1
* Writing tests to file
* Writing JUnit test case 'DOMNodePointer_ESTest' to results/JxPath-19/org.apache.commons.jxpath.ri.model.dom.DOMNodePointer/BBC-F0-opt-60/tests/10
* Done!

* Computation finished
