* EvoSuite 1.1.1-SNAPSHOT
* Configuration: BBC-F0-opt-70
* Going to generate test cases for class: com.google.javascript.jscomp.NameAnalyzer
* Starting Client-0
* Connecting to master process on port 21214
* Analyzing classpath: 
  - subjects/buggy-versions/Closure-114/build/classes
  - subjects/buggy-versions/Closure-114/lib/args4j.jar
  - subjects/buggy-versions/Closure-114/lib/guava.jar
  - subjects/buggy-versions/Closure-114/lib/json.jar
  - subjects/buggy-versions/Closure-114/lib/jsr305.jar
  - subjects/buggy-versions/Closure-114/lib/protobuf-java.jar
  - subjects/buggy-versions/Closure-114/build/lib/rhino.jar
  - subjects/buggy-versions/Closure-114/lib/ant.jar
* Finished analyzing classpath
* Generating tests for class com.google.javascript.jscomp.NameAnalyzer
* Test criteria:
  - Line Coverage
  - Branch Coverage
  - Exception
  - Mutation testing (weak)
  - Method-Output Coverage
  - Top-Level Method Coverage
  - No-Exception Top-Level Method Coverage
  - Context Branch Coverage
* Total number of test goals for DYNAMOSA: 2352
* Using seed 1256294803
* Starting evolution
bbc usage percentage is: 70%
* Initial Number of Goals in DynaMOSA = 531 / 2352
[MASTER] 10:45:18.598 [logback-2] ERROR TestCluster - Failed to check cache for java.util.AbstractMap<K, V>.SimpleEntry<K, V> : Type points to itself
[MASTER] 10:45:18.598 [logback-2] ERROR TestCluster - Failed to check cache for java.util.AbstractMap<K, V>.SimpleImmutableEntry<K, V> : Type points to itself
*C2*
*C2*
*C2*
*C2*
*C2*
*C2*
*C2*
*C2*
*C2*
*C2*
*C2*
*C2*
*C2*
*C2*
*C2*
*C2*
*C2*
*C2*
*C2*
*C2*
*C2*
*C2*
*C2*
*C2*
*C2*
*C2*
*C2*
*C2*
*C2*
*C2*
*C2*
*C2*
*C2*
*C2*
*C2*
*C2*
*C2*
*C2*
*C2*
*C2*
*C2*
*C2*
*C2*
*C2*
*C2*
*C2*
*C2*
*C2*
*C2*
*C2*
*C2*
*C2*
*C2*
*C2*
*C2*
*C2*
*C2*
*C2*
*C2*
[MASTER] 10:46:44.247 [logback-2] ERROR TestCluster - Failed to check cache for java.util.Comparator<T> : Type points to itself
*C2*
*C2*
*C2*
*C2*
*C2*
*C2*
*C2*
*C2*
*C2*
*C2*
*C2*
*C2*
*C2*
*C2*
*C2*
*C2*
*C2*
*C2*
*C2*
*C2*
*C2*
*C2*
*C2*
*C2*
*C2*
*C2*
*C2*
*C2*
*C2*
*C2*
*C2*
*C2*
*C2*
*C2*
*C2*
*C2*
*C2*
*C2*
*C2*
*C2*
*C2*
*C2*
*C2*
*C2*
*C2*
*C2*
*C2*
*C2*
*C2*
*C2*
*C2*
*C2*
*C2*
*C2*
*C2*
*C2*
*C2*
*C2*
*C2*
*C2*
*C2*
*C2*
*C2*
*C2*
*C2*
*C2*
*C2*
*C2*
*C2*
*C2*
*C2*
*C2*
*C2*
*C2*
*C2*
*C2*
*C2*
*C2*
*C2*
*C2*
*C2*
*C2*
*C2*
*C2*
*C2*
*C2*
*C2*
[MASTER] 10:47:01.610 [logback-2] ERROR TestCluster - Failed to check cache for java.util.Enumeration<E> : Type points to itself
*C2*
*C2*
*C2*
*C2*
*C2*
*C2*
*C2*
*C2*
*C2*
*C2*
*C2*
*C2*
*C2*
*C2*
*C2*
*C2*
*C2*
*C2*
*C2*
*C2*
*C2*
*C2*
*C2*
*C2*
*C2*
*C2*
*C2*
*C2*
*C2*
*C2*
*C2*
*C2*
*C2*
*C2*
*C2*
*C2*
*C2*
*C2*
*C2*
*C2*
*C2*
*C2*
*C2*
*C2*
*C2*
*C2*
*C2*
*C2*
*C2*
*C2*
*C2*
*C2*
*C2*
*C2*
*C2*
*C2*
*C2*
*C2*
*C2*
*C2*
*C2*
*C2*
*C2*
*C2*
*C2*
*C2*
*C2*
*C2*
*C2*
*C2*
*C2*
*C2*
*C2*
*C2*
*C2*
*C2*
*C2*
*C2*
*C2*
*C2*
*C2*
*C2*
*C2*
*C2*
*C2*
*C2*
*C2*
*C2*
*C2*
*C2*
*C2*
*C2*
*C2*
*C2*
*C2*
*C2*
*C2*
*C2*
*C2*
*C2*
*C2*
*C2*
*C2*
*C2*
*C2*
*C2*
*C2*
*C2*
*C2*
*C2*
*C2*
*C2*
*C2*
*C2*
*C2*
*C2*
*C2*
*C2*
*C2*
*C2*
*C2*
*C2*
*C2*
*C2*
*C2*
*C2*
*C2*
*C2*
*C2*
*C2*
*C2*
*C2*
*C2*
*C2*
*C2*
*C2*
*C2*
*C2*
*C2*
*C2*
*C2*
*C2*
*C2*
*C2*
*C2*
*C2*
*C2*
*C2*
*C2*
*C2*
*C2*
*C2*
*C2*
*C2*
*C2*
*C2*
*C2*
*C2*
*C2*
*C2*
*C2*
*C2*
*C2*
*C2*
*C2*
*C2*
*C2*
*C2*
*C2*
*C2*
*C2*
*C2*
*C2*
*C2*
*C2*
*C2*
*C2*
*C2*
*C2*
*C2*
*C2*
*C2*
*C2*
*C2*
*C2*
*C2*
*C2*
*C2*
*C2*
*C2*
*C2*
*C2*
*C2*
*C2*
*C2*
*C2*
*C2*
*C2*
*C2*
*C2*
*C2*
*C2*
*C2*
*C2*
*C2*
*C2*
*C2*
*C2*
*C2*
*C2*
*C2*
*C2*
*C2*
*C2*
*C2*
*C2*
*C2*
*C2*
*C2*
*C2*
*C2*
*C2*
*C2*
*C2*
*C2*
*C2*
[MASTER] 10:48:54.371 [logback-2] ERROR TestCluster - Failed to check cache for java.util.Iterator<E> : Type points to itself
*C2*
*C2*
*C2*
*C2*
*C2*
*C2*
*C2*
*C2*
*C2*
*C2*
*C2*
*C2*
*C2*
*C2*
*C2*
*C2*
*C2*
*C2*
*C2*
*C2*
*C2*
*C2*
*C2*
*C2*
*C2*
*C2*
*C2*
*C2*
*C2*
*C2*
*C2*
*C2*
*C2*
*C2*
*C2*
*C2*
*C2*
*C2*
*C2*
*C2*
*C2*
*C2*
*C2*
*C2*
*C2*
*C2*
*C2*
*C2*
*C2*
*C2*
*C2*
*C2*
*C2*
*C2*
*C2*
*C2*
*C2*
*C2*
*C2*
*C2*
*C2*
*C2*
*C2*
*C2*
*C2*
*C2*
*C2*
*C2*
*C2*
*C2*
*C2*
*C2*
*C2*
*C2*
*C2*
*C2*
*C2*
*C2*
*C2*
*C2*
*C2*
*C2*
*C2*
*C2*
*C2*
*C2*
*C2*
*C2*
*C2*
*C2*
*C2*
*C2*
*C2*
*C2*
*C2*
*C2*
*C2*
*C2*
*C2*
*C2*
*C2*
*C2*
*C2*
*C2*
*C2*
*C2*
*C2*
*C2*
*C2*
*C2*
*C2*
*C2*
*C2*
*C2*
*C2*
*C2*
*C2*
*C2*
*C2*
*C2*
*C2*
*C2*
*C2*
*C2*
*C2*
*C2*
*C2*
*C2*
*C2*
*C2*
*C2*
*C2*
*C2*
*C2*
*C2*
*C2*
*C2*
*C2*
*C2*
*C2*
*C2*
*C2*
*C2*
*C2*
*C2*
*C2*
*C2*
*C2*
*C2*
*C2*
*C2*
*C2*
*C2*
*C2*
*C2*
*C2*
*C2*
*C2*
*C2*
*C2*
*C2*
*C2*
*C2*
*C2*
*C2*
*C2*
*C2*
*C2*
*C2*
*C2*
*C2*
*C2*
*C2*
*C2*
*C2*
*C2*
*C2*
*C2*
*C2*
*C2*
*C2*
*C2*
*C2*
*C2*
*C2*
*C2*
*C2*
*C2*
*C2*
*C2*
*C2*
*C2*
*C2*
*C2*
*C2*
*C2*
*C2*
*C2*
*C2*
*C2*
*C2*
*C2*
*C2*
*C2*
*C2*
*C2*
*C2*
*C2*
*C2*
*C2*
*C2*
*C2*
*C2*
*C2*
*C2*
*C2*
*C2*
*C2*
*C2*
*C2*
*C2*
*C2*
*C2*
*C2*
*C2*
*C2*
*C2*
*C2*
*C2*
*C2*
*C2*
*C2*
*C2*
*C2*
*C2*
*C2*
*C2*
*C2*
*C2*
*C2*
*C2*
*C2*
*C2*
*C2*
*C2*
*C2*
*C2*
*C2*
*C2*
*C2*
*C2*
*C2*
*C2*
*C2*
*C2*
*C2*
*C2*
*C2*
*C2*
*C2*
*C2*
*C2*
*C2*
*C2*
*C2*
*C2*
*C2*
*C2*
*C2*
*C2*
*C2*
*C2*
*C2*
*C2*
*C2*
*C2*
*C2*
*C2*
*C2*
*C2*
*C2*
*C2*
*C2*
*C2*
*C2*
*C2*
*C2*
*C2*
*C2*
*C2*
*C2*
*C2*
*C2*
*C2*
*C2*
*C2*
*C2*
*C2*
*C2*
*C2*
*C2*
*C2*
*C2*
*C2*
*C2*
*C2*
*C2*
*C2*
*C2*
*C2*
*C2*
*C2*
*C2*
*C2*
*C2*
*C2*
*C2*
*C2*
*C2*
*C2*
*C2*
*C2*
*C2*
*C2*
*C2*
*C2*
*C2*
*C2*
*C2*
*C2*
*C2*
*C2*
*C2*
*C2*
*C2*
*C2*
*C2*
*C2*
*C2*
*C2*
*C2*
*C2*
*C2*
*C2*
*C2*
*C2*
*C2*
*C2*
*C2*
*C2*
*C2*
*C2*
*C2*
*C2*
*C2*
*C2*
*C2*
*C2*
*C2*
*C2*
*C2*
*C2*
*C2*
*C2*
*C2*
*C2*
*C2*
*C2*
*C2*
*C2*
*C2*
*C2*
*C2*
*C2*
*C2*
*C2*
*C2*
*C2*
*C2*
*C2*
*C2*
*C2*
*C2*
*C2*
*C2*
*C2*
*C2*
*C2*
*C2*
*C2*
*C2*
*C2*
*C2*
*C2*
*C2*
*C2*
*C2*
*C2*
*C2*
*C2*
*C2*
*C2*
*C2*
*C2*
*C2*
*C2*
*C2*
*C2*
*C2*
*C2*
*C2*
*C2*
*C2*
*C2*
*C2*
*C2*
*C2*
*C2*
*C2*
*C2*
*C2*
*C2*
*C2*
*C2*
*C2*
*C2*
*C2*
*C2*
*C2*
*C2*
*C2*
*C2*
*C2*
*C2*
*C2*
*C2*
*C2*
*C2*
*C2*
*C2*
*C2*
*C2*
*C2*
*C2*
*C2*
*C2*
*C2*
*C2*
*C2*
*C2*
*C2*
*C2*
*C2*
*C2*
*C2*
*C2*
*C2*
*C2*
*C2*
*C2*
*C2*
*C2*
*C2*
*C2*
*C2*
*C2*
*C2*
*C2*
*C2*
*C2*
*C2*
*C2*
*C2*
*C2*
*C2*
*C2*
*C2*
*C2*
*C2*
*C2*
*C2*
*C2*
*C2*
*C2*
*C2*
*C2*
*C2*
*C2*
*C2*
*C2*
*C2*
*C2*
*C2*
*C2*
*C2*
*C2*
*C2*
*C2*
*C2*
*C2*
*C2*
*C2*
*C2*
*C2*
*C2*
*C2*
*C2*
*C2*
*C2*
*C2*
*C2*
*C2*
*C2*
*C2*
*C2*
*C2*
*C2*
*C2*
*C2*
*C2*
*C2*
*C2*
*C2*
*C2*
*C2*
*C2*
*C2*
*C2*
*C2*
*C2*
*C2*
*C2*
*C2*
*C2*
*C2*
*C2*
*C2*
*C2*
*C2*
*C2*
*C2*
*C2*
*C2*
*C2*
*C2*
*C2*
*C2*
*C2*
*C2*
*C2*
*C2*
*C2*
*C2*
*C2*
*C2*
*C2*
*C2*
*C2*
*C2*
*C2*
*C2*
*C2*
*C2*
*C2*
*C2*
*C2*
*C2*
*C2*
*C2*
*C2*
*C2*
*C2*
*C2*
*C2*
*C2*
*C2*
*C2*
*C2*
*C2*
*C2*
*C2*
*C2*
*C2*
*C2*
*C2*
*C2*
*C2*
*C2*
*C2*
*C2*
*C2*
*C2*
*C2*
*C2*
*C2*
*C2*
*C2*
*C2*
*C2*
*C2*
*C2*
*C2*
*C2*
*C2*
*C2*
*C2*
*C2*
*C2*
*C2*
*C2*
*C2*
*C2*
*C2*
*C2*
*C2*
*C2*
*C2*
*C2*
*C2*
*C2*
*C2*
*C2*
*C2*
*C2*
*C2*
*C2*
*C2*
*C2*
*C2*
*C2*
*C2*
*C2*
*C2*
*C2*
*C2*
*C2*
*C2*
*C2*
*C2*
*C2*
*C2*
*C2*
*C2*
*C2*
*C2*
*C2*
*C2*
*C2*
*C2*
*C2*
*C2*
*C2*
*C2*
*C2*
*C2*
*C2*
*C2*
*C2*
*C2*
*C2*
*C2*
*C2*
*C2*
*C2*
*C2*
*C2*
*C2*
*C2*
*C2*
*C2*
*C2*
*C2*
*C2*
*C2*
*C2*
*C2*
*C2*
*C2*
*C2*
*C2*
*C2*
*C2*
*C2*
*C2*
*C2*
*C2*
*C2*
*C2*
*C2*
*C2*
*C2*
*C2*
*C2*
*C2*
*C2*
*C2*
*C2*
*C2*
*C2*
*C2*
*C2*
*C2*
*C2*
*C2*
*C2*
*C2*
*C2*
*C2*
*C2*
*C2*
*C2*
*C2*
*C2*
*C2*
*C2*
*C2*
*C2*
*C2*
*C2*
*C2*
*C2*
*C2*
*C2*
*C2*
*C2*
*C2*
*C2*
*C2*
*C2*
*C2*
*C2*
*C2*
*C2*
*C2*
*C2*
*C2*
*C2*
*C2*
*C2*
*C2*
*C2*
*C2*
*C2*
*C2*
*C2*
*C2*
*C2*
*C2*
*C2*
*C2*
*C2*
*C2*
*C2*
*C2*
*C2*
*C2*
*C2*
*C2*
*C2*
*C2*
*C2*
*C2*
*C2*
*C2*
*C2*
*C2*
*C2*
*C2*
*C2*
*C2*
*C2*
*C2*
*C2*
*C2*
*C2*
*C2*
*C2*
*C2*
*C2*
*C2*
*C2*
*C2*
*C2*
*C2*
*C2*
*C2*
*C2*
*C2*
*C2*
*C2*
*C2*
*C2*
*C2*
*C2*
*C2*
*C2*
*C2*
*C2*
*C2*
*C2*
*C2*
*C2*
*C2*
*C2*
*C2*
*C2*
*C2*
*C2*
*C2*
*C2*
*C2*
*C2*
*C2*
*C2*
*C2*
*C2*
*C2*
*C2*
*C2*
*C2*
*C2*
*C2*
*C2*
*C2*
*C2*
*C2*
*C2*
*C2*
*C2*
*C2*
*C2*
*C2*
*C2*
*C2*
*C2*
*C2*
*C2*
*C2*
*C2*
*C2*
*C2*
*C2*
*C2*
*C2*
*C2*
*C2*
*C2*
*C2*
*C2*
*C2*
*C2*
*C2*
*C2*
*C2*
*C2*
*C2*
*C2*
*C2*
*C2*
*C2*
*C2*
*C2*
*C2*
*C2*
*C2*
*C2*
*C2*
*C2*
*C2*
*C2*
*C2*
*C2*
*C2*
*C2*
*C2*
*C2*
*C2*
*C2*
*C2*
*C2*
*C2*
*C2*
*C2*
*C2*
*C2*
*C2*
*C2*
*C2*
*C2*
*C2*
*C2*
*C2*
*C2*
*C2*
*C2*
*C2*
*C2*
*C2*
*C2*
*C2*
*C2*
*C2*
*C2*
*C2*
*C2*
*C2*
*C2*
*C2*
*C2*
*C2*
*C2*
*C2*
*C2*
*C2*
*C2*
*C2*
*C2*
*C2*
*C2*
* Search finished after 608s and 444 generations, 173228 statements, best individual has fitness: 1591.0
* Minimizing test suite
* Going to analyze the coverage criteria
* Coverage analysis for criterion LINE
* Coverage of criterion LINE: 36%
* Total number of goals: 685
* Number of covered goals: 244
* Coverage analysis for criterion BRANCH
* Coverage of criterion BRANCH: 30%
* Total number of goals: 561
* Number of covered goals: 167
* Coverage analysis for criterion EXCEPTION
* Coverage of criterion EXCEPTION: 100%
* Total number of goals: 3
* Number of covered goals: 3
* Coverage analysis for criterion WEAKMUTATION
* Coverage of criterion WEAKMUTATION: 36%
* Total number of goals: 506
* Number of covered goals: 181
* Coverage analysis for criterion OUTPUT
* Coverage of criterion OUTPUT: 33%
* Total number of goals: 3
* Number of covered goals: 1
* Coverage analysis for criterion METHOD
* Coverage of criterion METHOD: 22%
* Total number of goals: 18
* Number of covered goals: 4
* Coverage analysis for criterion METHODNOEXCEPTION
* Coverage of criterion METHODNOEXCEPTION: 22%
* Total number of goals: 18
* Number of covered goals: 4
* Coverage analysis for criterion CBRANCH
* Coverage of criterion CBRANCH: 30%
* Total number of goals: 561
* Number of covered goals: 167
* Generated 19 tests with total length 96
* Resulting test suite's coverage: 32% (average coverage for all fitness functions)
* Generating assertions
* Resulting test suite's mutation score: 13%
* Compiling and checking tests
[MASTER] 10:55:27.724 [logback-1] WARN  JUnitAnalyzer - EvoSuite problem: tests set up a security manager, but they do not remove it after execution
[MASTER] 10:55:27.728 [logback-1] WARN  JUnitAnalyzer - Found unstable test named test0 -> class java.lang.AssertionError: Expecting exception: IllegalArgumentException
[MASTER] 10:55:27.728 [logback-1] WARN  JUnitAnalyzer - Failing test:
 Compiler compiler0 = new Compiler();
Normalize.parseAndNormalizeTestCode(compiler0, "N c}e)PE;j");

[MASTER] 10:55:29.802 [logback-1] WARN  JUnitAnalyzer - Found unstable test named test0 -> class java.lang.AssertionError: Expecting exception: IllegalArgumentException
[MASTER] 10:55:29.802 [logback-1] WARN  JUnitAnalyzer - Failing test:
 Compiler compiler0 = new Compiler();
Normalize.parseAndNormalizeTestCode(compiler0, "EJly=kNieA39$");

[MASTER] 10:55:31.351 [logback-1] WARN  JUnitAnalyzer - Found unstable test named test0 -> class java.lang.AssertionError: Expecting exception: IllegalArgumentException
[MASTER] 10:55:31.351 [logback-1] WARN  JUnitAnalyzer - Failing test:
 Compiler compiler0 = new Compiler();
Normalize.parseAndNormalizeTestCode(compiler0, "qpzg=6");

[MASTER] 10:55:33.014 [logback-1] WARN  JUnitAnalyzer - Found unstable test named test0 -> class java.lang.AssertionError: Expecting exception: IllegalArgumentException
[MASTER] 10:55:33.014 [logback-1] WARN  JUnitAnalyzer - Failing test:
 Compiler compiler0 = new Compiler();
Normalize.parseAndNormalizeTestCode(compiler0, "window");

[MASTER] 10:55:34.419 [logback-1] WARN  JUnitAnalyzer - Found unstable test named test0 -> class java.lang.AssertionError: Expecting exception: IllegalArgumentException
[MASTER] 10:55:34.419 [logback-1] WARN  JUnitAnalyzer - Failing test:
 Compiler compiler0 = new Compiler();
Normalize.parseAndNormalizeTestCode(compiler0, "window");

[MASTER] 10:55:35.916 [logback-1] WARN  JUnitAnalyzer - Found unstable test named test0 -> class java.lang.AssertionError: Expecting exception: IllegalArgumentException
[MASTER] 10:55:35.916 [logback-1] WARN  JUnitAnalyzer - Failing test:
 Compiler compiler0 = new Compiler();
Normalize.parseAndNormalizeTestCode(compiler0, "P.kC");

[MASTER] 10:55:40.000 [logback-1] WARN  JUnitAnalyzer - Found unstable test named test0 -> class java.lang.AssertionError: Expecting exception: IllegalArgumentException
[MASTER] 10:55:40.000 [logback-1] WARN  JUnitAnalyzer - Failing test:
 Compiler compiler0 = new Compiler();
Normalize.parseAndNormalizeTestCode(compiler0, "N c}e)PE;j");

[MASTER] 10:55:41.535 [logback-1] WARN  JUnitAnalyzer - Found unstable test named test0 -> class java.lang.AssertionError: Expecting exception: IllegalArgumentException
[MASTER] 10:55:41.535 [logback-1] WARN  JUnitAnalyzer - Failing test:
 Compiler compiler0 = new Compiler();
compiler0.parseTestCode("winCow");

[MASTER] 10:55:42.947 [logback-1] WARN  JUnitAnalyzer - Found unstable test named test0 -> class java.lang.AssertionError: Expecting exception: IllegalArgumentException
[MASTER] 10:55:42.947 [logback-1] WARN  JUnitAnalyzer - Failing test:
 Compiler compiler0 = new Compiler();
Normalize.parseAndNormalizeTestCode(compiler0, "winCow");

[MASTER] 10:55:44.422 [logback-1] WARN  JUnitAnalyzer - Found unstable test named test0 -> class java.lang.AssertionError: Expecting exception: IllegalArgumentException
[MASTER] 10:55:44.423 [logback-1] WARN  JUnitAnalyzer - Failing test:
 Compiler compiler0 = new Compiler();
Normalize.parseAndNormalizeTestCode(compiler0, "windw");

[MASTER] 10:55:46.079 [logback-1] WARN  JUnitAnalyzer - Found unstable test named test0 -> class java.lang.AssertionError: Expecting exception: IllegalArgumentException
[MASTER] 10:55:46.079 [logback-1] WARN  JUnitAnalyzer - Failing test:
 Compiler compiler0 = new Compiler();
Normalize.parseAndNormalizeTestCode(compiler0, "winCow");

[MASTER] 10:55:53.542 [logback-1] WARN  JUnitAnalyzer - Found unstable test named test0 -> class java.lang.AssertionError: Expecting exception: IllegalArgumentException
[MASTER] 10:55:53.543 [logback-1] WARN  JUnitAnalyzer - Failing test:
 Compiler compiler0 = new Compiler();
Normalize.parseAndNormalizeTestCode(compiler0, "com.google.common.collect.Lists$TransformingSequentialList");

* Writing tests to file
* Writing JUnit test case 'NameAnalyzer_ESTest' to results/Closure-114/com.google.javascript.jscomp.NameAnalyzer/BBC-F0-opt-70/tests/8
* Done!

* Computation finished
