JUnit version 3.8.2
........................E..........................E.E...E............................E.E.E...E.E.E..E..E..E..E...E.E..E..E..E...E...E..E.E.E..E..E...E.E..E..E..E..E..E.E.E....E..E..E.E.E..E....E...E.E.E.E.E.E.E.E.E.E
Time: 17.61
There were 52 failures:
1) test108(org.apache.commons.jxpath.ri.model.dom.DOMNodePointer_ESTest)
java.lang.NullPointerException
	at org.apache.commons.jxpath.ri.model.dom.DOMNodePointer.getLocalName(DOMNodePointer.java:767)
	at org.apache.commons.jxpath.ri.model.dom.DOMNodePointer.asPath(DOMNodePointer.java:577)
	at org.apache.commons.jxpath.ri.model.dom.DOMNodePointer.getAbstractFactory(DOMNodePointer.java:865)
	at org.apache.commons.jxpath.ri.model.dom.DOMNodePointer.createChild(DOMNodePointer.java:478)
	at org.apache.commons.jxpath.ri.model.dom.DOMNodePointer_ESTest.test108(DOMNodePointer_ESTest.java:1635)
	at sun.reflect.NativeMethodAccessorImpl.invoke0(Native Method)
	at sun.reflect.NativeMethodAccessorImpl.invoke(NativeMethodAccessorImpl.java:62)
	at sun.reflect.DelegatingMethodAccessorImpl.invoke(DelegatingMethodAccessorImpl.java:43)
	at java.lang.reflect.Method.invoke(Method.java:498)
	at org.junit.runners.model.FrameworkMethod$1.runReflectiveCall(FrameworkMethod.java:50)
	at org.junit.internal.runners.model.ReflectiveCallable.run(ReflectiveCallable.java:12)
	at org.junit.runners.model.FrameworkMethod.invokeExplosively(FrameworkMethod.java:47)
	at org.junit.internal.runners.statements.InvokeMethod.evaluate(InvokeMethod.java:17)
	at org.junit.internal.runners.statements.FailOnTimeout$CallableStatement.call(FailOnTimeout.java:298)
	at org.junit.internal.runners.statements.FailOnTimeout$CallableStatement.call(FailOnTimeout.java:292)
	at java.util.concurrent.FutureTask.run(FutureTask.java:266)
	at java.lang.Thread.run(Thread.java:748)
2) test119(org.apache.commons.jxpath.ri.model.dom.DOMNodePointer_ESTest)
java.lang.NullPointerException
	at org.apache.commons.jxpath.ri.model.dom.DOMNodePointer.asPath(DOMNodePointer.java:567)
	at org.apache.commons.jxpath.ri.model.dom.DOMNodePointer.getAbstractFactory(DOMNodePointer.java:865)
	at org.apache.commons.jxpath.ri.model.dom.DOMNodePointer.createChild(DOMNodePointer.java:478)
	at org.apache.commons.jxpath.ri.model.dom.DOMNodePointer_ESTest.test119(DOMNodePointer_ESTest.java:1780)
	at sun.reflect.NativeMethodAccessorImpl.invoke0(Native Method)
	at sun.reflect.NativeMethodAccessorImpl.invoke(NativeMethodAccessorImpl.java:62)
	at sun.reflect.DelegatingMethodAccessorImpl.invoke(DelegatingMethodAccessorImpl.java:43)
	at java.lang.reflect.Method.invoke(Method.java:498)
	at org.junit.runners.model.FrameworkMethod$1.runReflectiveCall(FrameworkMethod.java:50)
	at org.junit.internal.runners.model.ReflectiveCallable.run(ReflectiveCallable.java:12)
	at org.junit.runners.model.FrameworkMethod.invokeExplosively(FrameworkMethod.java:47)
	at org.junit.internal.runners.statements.InvokeMethod.evaluate(InvokeMethod.java:17)
	at org.junit.internal.runners.statements.FailOnTimeout$CallableStatement.call(FailOnTimeout.java:298)
	at org.junit.internal.runners.statements.FailOnTimeout$CallableStatement.call(FailOnTimeout.java:292)
	at java.util.concurrent.FutureTask.run(FutureTask.java:266)
	at java.lang.Thread.run(Thread.java:748)
3) test118(org.apache.commons.jxpath.ri.model.dom.DOMNodePointer_ESTest)
org.apache.commons.jxpath.JXPathException: Unknown namespace prefix: http://www.w3.org/2000/xmlns/
	at org.apache.commons.jxpath.ri.model.dom.DOMNodePointer.createAttribute(DOMNodePointer.java:529)
	at org.apache.commons.jxpath.ri.model.dom.DOMNodePointer_ESTest.test118(DOMNodePointer_ESTest.java:1760)
	at sun.reflect.NativeMethodAccessorImpl.invoke0(Native Method)
	at sun.reflect.NativeMethodAccessorImpl.invoke(NativeMethodAccessorImpl.java:62)
	at sun.reflect.DelegatingMethodAccessorImpl.invoke(DelegatingMethodAccessorImpl.java:43)
	at java.lang.reflect.Method.invoke(Method.java:498)
	at org.junit.runners.model.FrameworkMethod$1.runReflectiveCall(FrameworkMethod.java:50)
	at org.junit.internal.runners.model.ReflectiveCallable.run(ReflectiveCallable.java:12)
	at org.junit.runners.model.FrameworkMethod.invokeExplosively(FrameworkMethod.java:47)
	at org.junit.internal.runners.statements.InvokeMethod.evaluate(InvokeMethod.java:17)
	at org.junit.internal.runners.statements.FailOnTimeout$CallableStatement.call(FailOnTimeout.java:298)
	at org.junit.internal.runners.statements.FailOnTimeout$CallableStatement.call(FailOnTimeout.java:292)
	at java.util.concurrent.FutureTask.run(FutureTask.java:266)
	at java.lang.Thread.run(Thread.java:748)
4) test115(org.apache.commons.jxpath.ri.model.dom.DOMNodePointer_ESTest)
org.apache.commons.jxpath.JXPathException: Cannot remove root DOM node
	at org.apache.commons.jxpath.ri.model.dom.DOMNodePointer.remove(DOMNodePointer.java:550)
	at org.apache.commons.jxpath.ri.model.dom.DOMNodePointer_ESTest.test115(DOMNodePointer_ESTest.java:1715)
	at sun.reflect.NativeMethodAccessorImpl.invoke0(Native Method)
	at sun.reflect.NativeMethodAccessorImpl.invoke(NativeMethodAccessorImpl.java:62)
	at sun.reflect.DelegatingMethodAccessorImpl.invoke(DelegatingMethodAccessorImpl.java:43)
	at java.lang.reflect.Method.invoke(Method.java:498)
	at org.junit.runners.model.FrameworkMethod$1.runReflectiveCall(FrameworkMethod.java:50)
	at org.junit.internal.runners.model.ReflectiveCallable.run(ReflectiveCallable.java:12)
	at org.junit.runners.model.FrameworkMethod.invokeExplosively(FrameworkMethod.java:47)
	at org.junit.internal.runners.statements.InvokeMethod.evaluate(InvokeMethod.java:17)
	at org.junit.internal.runners.statements.FailOnTimeout$CallableStatement.call(FailOnTimeout.java:298)
	at org.junit.internal.runners.statements.FailOnTimeout$CallableStatement.call(FailOnTimeout.java:292)
	at java.util.concurrent.FutureTask.run(FutureTask.java:266)
	at java.lang.Thread.run(Thread.java:748)
5) test127(org.apache.commons.jxpath.ri.model.dom.DOMNodePointer_ESTest)
java.lang.NullPointerException
	at org.apache.commons.jxpath.ri.model.dom.DOMNodePointer.setValue(DOMNodePointer.java:431)
	at org.apache.commons.jxpath.ri.model.dom.DOMNodePointer_ESTest.test127(DOMNodePointer_ESTest.java:1896)
	at sun.reflect.NativeMethodAccessorImpl.invoke0(Native Method)
	at sun.reflect.NativeMethodAccessorImpl.invoke(NativeMethodAccessorImpl.java:62)
	at sun.reflect.DelegatingMethodAccessorImpl.invoke(DelegatingMethodAccessorImpl.java:43)
	at java.lang.reflect.Method.invoke(Method.java:498)
	at org.junit.runners.model.FrameworkMethod$1.runReflectiveCall(FrameworkMethod.java:50)
	at org.junit.internal.runners.model.ReflectiveCallable.run(ReflectiveCallable.java:12)
	at org.junit.runners.model.FrameworkMethod.invokeExplosively(FrameworkMethod.java:47)
	at org.junit.internal.runners.statements.InvokeMethod.evaluate(InvokeMethod.java:17)
	at org.junit.internal.runners.statements.FailOnTimeout$CallableStatement.call(FailOnTimeout.java:298)
	at org.junit.internal.runners.statements.FailOnTimeout$CallableStatement.call(FailOnTimeout.java:292)
	at java.util.concurrent.FutureTask.run(FutureTask.java:266)
	at java.lang.Thread.run(Thread.java:748)
6) test005(org.apache.commons.jxpath.ri.model.dom.DOMNodePointer_ESTest)
org.w3c.dom.DOMException: WRONG_DOCUMENT_ERR: A node is used in a different document than the one that created it.
	at org.apache.xerces.dom.ParentNode.internalInsertBefore(Unknown Source)
	at org.apache.xerces.dom.ParentNode.insertBefore(Unknown Source)
	at org.apache.xerces.dom.CoreDocumentImpl.insertBefore(Unknown Source)
	at org.apache.xerces.dom.NodeImpl.appendChild(Unknown Source)
	at org.apache.commons.jxpath.ri.model.dom.DOMNodePointer.setValue(DOMNodePointer.java:449)
	at org.apache.commons.jxpath.ri.model.dom.DOMNodePointer_ESTest.test005(DOMNodePointer_ESTest.java:196)
	at sun.reflect.NativeMethodAccessorImpl.invoke0(Native Method)
	at sun.reflect.NativeMethodAccessorImpl.invoke(NativeMethodAccessorImpl.java:62)
	at sun.reflect.DelegatingMethodAccessorImpl.invoke(DelegatingMethodAccessorImpl.java:43)
	at java.lang.reflect.Method.invoke(Method.java:498)
	at org.junit.runners.model.FrameworkMethod$1.runReflectiveCall(FrameworkMethod.java:50)
	at org.junit.internal.runners.model.ReflectiveCallable.run(ReflectiveCallable.java:12)
	at org.junit.runners.model.FrameworkMethod.invokeExplosively(FrameworkMethod.java:47)
	at org.junit.internal.runners.statements.InvokeMethod.evaluate(InvokeMethod.java:17)
	at org.junit.internal.runners.statements.FailOnTimeout$CallableStatement.call(FailOnTimeout.java:298)
	at org.junit.internal.runners.statements.FailOnTimeout$CallableStatement.call(FailOnTimeout.java:292)
	at java.util.concurrent.FutureTask.run(FutureTask.java:266)
	at java.lang.Thread.run(Thread.java:748)
7) test126(org.apache.commons.jxpath.ri.model.dom.DOMNodePointer_ESTest)
java.lang.ArrayIndexOutOfBoundsException: 21
	at org.apache.xerces.dom.CoreDocumentImpl.isKidOK(Unknown Source)
	at org.apache.xerces.dom.ParentNode.internalInsertBefore(Unknown Source)
	at org.apache.xerces.dom.ParentNode.insertBefore(Unknown Source)
	at org.apache.xerces.dom.NodeImpl.appendChild(Unknown Source)
	at org.apache.commons.jxpath.ri.model.dom.DOMNodePointer.setValue(DOMNodePointer.java:453)
	at org.apache.commons.jxpath.ri.model.dom.DOMNodePointer_ESTest.test126(DOMNodePointer_ESTest.java:1878)
	at sun.reflect.NativeMethodAccessorImpl.invoke0(Native Method)
	at sun.reflect.NativeMethodAccessorImpl.invoke(NativeMethodAccessorImpl.java:62)
	at sun.reflect.DelegatingMethodAccessorImpl.invoke(DelegatingMethodAccessorImpl.java:43)
	at java.lang.reflect.Method.invoke(Method.java:498)
	at org.junit.runners.model.FrameworkMethod$1.runReflectiveCall(FrameworkMethod.java:50)
	at org.junit.internal.runners.model.ReflectiveCallable.run(ReflectiveCallable.java:12)
	at org.junit.runners.model.FrameworkMethod.invokeExplosively(FrameworkMethod.java:47)
	at org.junit.internal.runners.statements.InvokeMethod.evaluate(InvokeMethod.java:17)
	at org.junit.internal.runners.statements.FailOnTimeout$CallableStatement.call(FailOnTimeout.java:298)
	at org.junit.internal.runners.statements.FailOnTimeout$CallableStatement.call(FailOnTimeout.java:292)
	at java.util.concurrent.FutureTask.run(FutureTask.java:266)
	at java.lang.Thread.run(Thread.java:748)
8) test003(org.apache.commons.jxpath.ri.model.dom.DOMNodePointer_ESTest)
org.apache.commons.jxpath.JXPathException: Cannot create an attribute for path id('&quot;preceding::&quot;')/@null, operation is not allowed for this type of node
	at org.apache.commons.jxpath.ri.model.NodePointer.createAttribute(NodePointer.java:473)
	at org.apache.commons.jxpath.ri.model.dom.DOMNodePointer.createAttribute(DOMNodePointer.java:518)
	at org.apache.commons.jxpath.ri.model.dom.DOMNodePointer_ESTest.test003(DOMNodePointer_ESTest.java:163)
	at sun.reflect.NativeMethodAccessorImpl.invoke0(Native Method)
	at sun.reflect.NativeMethodAccessorImpl.invoke(NativeMethodAccessorImpl.java:62)
	at sun.reflect.DelegatingMethodAccessorImpl.invoke(DelegatingMethodAccessorImpl.java:43)
	at java.lang.reflect.Method.invoke(Method.java:498)
	at org.junit.runners.model.FrameworkMethod$1.runReflectiveCall(FrameworkMethod.java:50)
	at org.junit.internal.runners.model.ReflectiveCallable.run(ReflectiveCallable.java:12)
	at org.junit.runners.model.FrameworkMethod.invokeExplosively(FrameworkMethod.java:47)
	at org.junit.internal.runners.statements.InvokeMethod.evaluate(InvokeMethod.java:17)
	at org.junit.internal.runners.statements.FailOnTimeout$CallableStatement.call(FailOnTimeout.java:298)
	at org.junit.internal.runners.statements.FailOnTimeout$CallableStatement.call(FailOnTimeout.java:292)
	at java.util.concurrent.FutureTask.run(FutureTask.java:266)
	at java.lang.Thread.run(Thread.java:748)
9) test124(org.apache.commons.jxpath.ri.model.dom.DOMNodePointer_ESTest)
java.lang.NullPointerException
	at org.apache.commons.jxpath.ri.model.dom.DOMNodePointer.setValue(DOMNodePointer.java:431)
	at org.apache.commons.jxpath.ri.model.NodePointer.createPath(NodePointer.java:402)
	at org.apache.commons.jxpath.ri.model.dom.DOMNodePointer_ESTest.test124(DOMNodePointer_ESTest.java:1846)
	at sun.reflect.NativeMethodAccessorImpl.invoke0(Native Method)
	at sun.reflect.NativeMethodAccessorImpl.invoke(NativeMethodAccessorImpl.java:62)
	at sun.reflect.DelegatingMethodAccessorImpl.invoke(DelegatingMethodAccessorImpl.java:43)
	at java.lang.reflect.Method.invoke(Method.java:498)
	at org.junit.runners.model.FrameworkMethod$1.runReflectiveCall(FrameworkMethod.java:50)
	at org.junit.internal.runners.model.ReflectiveCallable.run(ReflectiveCallable.java:12)
	at org.junit.runners.model.FrameworkMethod.invokeExplosively(FrameworkMethod.java:47)
	at org.junit.internal.runners.statements.InvokeMethod.evaluate(InvokeMethod.java:17)
	at org.junit.internal.runners.statements.FailOnTimeout$CallableStatement.call(FailOnTimeout.java:298)
	at org.junit.internal.runners.statements.FailOnTimeout$CallableStatement.call(FailOnTimeout.java:292)
	at java.util.concurrent.FutureTask.run(FutureTask.java:266)
	at java.lang.Thread.run(Thread.java:748)
10) test002(org.apache.commons.jxpath.ri.model.dom.DOMNodePointer_ESTest)
org.apache.commons.jxpath.JXPathException: Cannot create an attribute for path id('Encountered &quot;')/@null, operation is not allowed for this type of node
	at org.apache.commons.jxpath.ri.model.NodePointer.createAttribute(NodePointer.java:473)
	at org.apache.commons.jxpath.ri.model.dom.DOMNodePointer.createAttribute(DOMNodePointer.java:518)
	at org.apache.commons.jxpath.ri.model.dom.DOMNodePointer_ESTest.test002(DOMNodePointer_ESTest.java:141)
	at sun.reflect.NativeMethodAccessorImpl.invoke0(Native Method)
	at sun.reflect.NativeMethodAccessorImpl.invoke(NativeMethodAccessorImpl.java:62)
	at sun.reflect.DelegatingMethodAccessorImpl.invoke(DelegatingMethodAccessorImpl.java:43)
	at java.lang.reflect.Method.invoke(Method.java:498)
	at org.junit.runners.model.FrameworkMethod$1.runReflectiveCall(FrameworkMethod.java:50)
	at org.junit.internal.runners.model.ReflectiveCallable.run(ReflectiveCallable.java:12)
	at org.junit.runners.model.FrameworkMethod.invokeExplosively(FrameworkMethod.java:47)
	at org.junit.internal.runners.statements.InvokeMethod.evaluate(InvokeMethod.java:17)
	at org.junit.internal.runners.statements.FailOnTimeout$CallableStatement.call(FailOnTimeout.java:298)
	at org.junit.internal.runners.statements.FailOnTimeout$CallableStatement.call(FailOnTimeout.java:292)
	at java.util.concurrent.FutureTask.run(FutureTask.java:266)
	at java.lang.Thread.run(Thread.java:748)
11) test023(org.apache.commons.jxpath.ri.model.dom.DOMNodePointer_ESTest)
java.lang.NullPointerException
	at org.apache.commons.jxpath.ri.model.NodePointer.isLanguage(NodePointer.java:501)
	at org.apache.commons.jxpath.ri.model.dom.DOMNodePointer.isLanguage(DOMNodePointer.java:383)
	at org.apache.commons.jxpath.ri.model.dom.DOMNodePointer_ESTest.test023(DOMNodePointer_ESTest.java:464)
	at sun.reflect.NativeMethodAccessorImpl.invoke0(Native Method)
	at sun.reflect.NativeMethodAccessorImpl.invoke(NativeMethodAccessorImpl.java:62)
	at sun.reflect.DelegatingMethodAccessorImpl.invoke(DelegatingMethodAccessorImpl.java:43)
	at java.lang.reflect.Method.invoke(Method.java:498)
	at org.junit.runners.model.FrameworkMethod$1.runReflectiveCall(FrameworkMethod.java:50)
	at org.junit.internal.runners.model.ReflectiveCallable.run(ReflectiveCallable.java:12)
	at org.junit.runners.model.FrameworkMethod.invokeExplosively(FrameworkMethod.java:47)
	at org.junit.internal.runners.statements.InvokeMethod.evaluate(InvokeMethod.java:17)
	at org.junit.internal.runners.statements.FailOnTimeout$CallableStatement.call(FailOnTimeout.java:298)
	at org.junit.internal.runners.statements.FailOnTimeout$CallableStatement.call(FailOnTimeout.java:292)
	at java.util.concurrent.FutureTask.run(FutureTask.java:266)
	at java.lang.Thread.run(Thread.java:748)
12) test022(org.apache.commons.jxpath.ri.model.dom.DOMNodePointer_ESTest)
java.lang.NullPointerException
	at org.apache.commons.jxpath.ri.model.dom.DOMNodePointer.isLeaf(DOMNodePointer.java:371)
	at org.apache.commons.jxpath.ri.model.dom.DOMNodePointer_ESTest.test022(DOMNodePointer_ESTest.java:442)
	at sun.reflect.NativeMethodAccessorImpl.invoke0(Native Method)
	at sun.reflect.NativeMethodAccessorImpl.invoke(NativeMethodAccessorImpl.java:62)
	at sun.reflect.DelegatingMethodAccessorImpl.invoke(DelegatingMethodAccessorImpl.java:43)
	at java.lang.reflect.Method.invoke(Method.java:498)
	at org.junit.runners.model.FrameworkMethod$1.runReflectiveCall(FrameworkMethod.java:50)
	at org.junit.internal.runners.model.ReflectiveCallable.run(ReflectiveCallable.java:12)
	at org.junit.runners.model.FrameworkMethod.invokeExplosively(FrameworkMethod.java:47)
	at org.junit.internal.runners.statements.InvokeMethod.evaluate(InvokeMethod.java:17)
	at org.junit.internal.runners.statements.FailOnTimeout$CallableStatement.call(FailOnTimeout.java:298)
	at org.junit.internal.runners.statements.FailOnTimeout$CallableStatement.call(FailOnTimeout.java:292)
	at java.util.concurrent.FutureTask.run(FutureTask.java:266)
	at java.lang.Thread.run(Thread.java:748)
13) test021(org.apache.commons.jxpath.ri.model.dom.DOMNodePointer_ESTest)
java.lang.NullPointerException
	at org.apache.commons.jxpath.ri.model.dom.DOMNamespaceIterator.collectNamespaces(DOMNamespaceIterator.java:63)
	at org.apache.commons.jxpath.ri.model.dom.DOMNamespaceIterator.collectNamespaces(DOMNamespaceIterator.java:58)
	at org.apache.commons.jxpath.ri.model.dom.DOMNamespaceIterator.<init>(DOMNamespaceIterator.java:47)
	at org.apache.commons.jxpath.ri.model.dom.DOMNodePointer.namespaceIterator(DOMNodePointer.java:237)
	at org.apache.commons.jxpath.ri.model.dom.DOMNodePointer_ESTest.test021(DOMNodePointer_ESTest.java:425)
	at sun.reflect.NativeMethodAccessorImpl.invoke0(Native Method)
	at sun.reflect.NativeMethodAccessorImpl.invoke(NativeMethodAccessorImpl.java:62)
	at sun.reflect.DelegatingMethodAccessorImpl.invoke(DelegatingMethodAccessorImpl.java:43)
	at java.lang.reflect.Method.invoke(Method.java:498)
	at org.junit.runners.model.FrameworkMethod$1.runReflectiveCall(FrameworkMethod.java:50)
	at org.junit.internal.runners.model.ReflectiveCallable.run(ReflectiveCallable.java:12)
	at org.junit.runners.model.FrameworkMethod.invokeExplosively(FrameworkMethod.java:47)
	at org.junit.internal.runners.statements.InvokeMethod.evaluate(InvokeMethod.java:17)
	at org.junit.internal.runners.statements.FailOnTimeout$CallableStatement.call(FailOnTimeout.java:298)
	at org.junit.internal.runners.statements.FailOnTimeout$CallableStatement.call(FailOnTimeout.java:292)
	at java.util.concurrent.FutureTask.run(FutureTask.java:266)
	at java.lang.Thread.run(Thread.java:748)
14) test020(org.apache.commons.jxpath.ri.model.dom.DOMNodePointer_ESTest)
java.lang.NullPointerException
	at org.apache.commons.jxpath.ri.model.dom.DOMNodePointer.remove(DOMNodePointer.java:548)
	at org.apache.commons.jxpath.ri.model.dom.DOMNodePointer_ESTest.test020(DOMNodePointer_ESTest.java:405)
	at sun.reflect.NativeMethodAccessorImpl.invoke0(Native Method)
	at sun.reflect.NativeMethodAccessorImpl.invoke(NativeMethodAccessorImpl.java:62)
	at sun.reflect.DelegatingMethodAccessorImpl.invoke(DelegatingMethodAccessorImpl.java:43)
	at java.lang.reflect.Method.invoke(Method.java:498)
	at org.junit.runners.model.FrameworkMethod$1.runReflectiveCall(FrameworkMethod.java:50)
	at org.junit.internal.runners.model.ReflectiveCallable.run(ReflectiveCallable.java:12)
	at org.junit.runners.model.FrameworkMethod.invokeExplosively(FrameworkMethod.java:47)
	at org.junit.internal.runners.statements.InvokeMethod.evaluate(InvokeMethod.java:17)
	at org.junit.internal.runners.statements.FailOnTimeout$CallableStatement.call(FailOnTimeout.java:298)
	at org.junit.internal.runners.statements.FailOnTimeout$CallableStatement.call(FailOnTimeout.java:292)
	at java.util.concurrent.FutureTask.run(FutureTask.java:266)
	at java.lang.Thread.run(Thread.java:748)
15) test019(org.apache.commons.jxpath.ri.model.dom.DOMNodePointer_ESTest)
java.lang.ClassCastException: org.apache.wml.dom.WMLPElementImpl cannot be cast to java.lang.String
	at org.apache.commons.jxpath.ri.model.dom.DOMNodePointer.setValue(DOMNodePointer.java:457)
	at org.apache.commons.jxpath.ri.model.dom.DOMNodePointer_ESTest.test019(DOMNodePointer_ESTest.java:387)
	at sun.reflect.NativeMethodAccessorImpl.invoke0(Native Method)
	at sun.reflect.NativeMethodAccessorImpl.invoke(NativeMethodAccessorImpl.java:62)
	at sun.reflect.DelegatingMethodAccessorImpl.invoke(DelegatingMethodAccessorImpl.java:43)
	at java.lang.reflect.Method.invoke(Method.java:498)
	at org.junit.runners.model.FrameworkMethod$1.runReflectiveCall(FrameworkMethod.java:50)
	at org.junit.internal.runners.model.ReflectiveCallable.run(ReflectiveCallable.java:12)
	at org.junit.runners.model.FrameworkMethod.invokeExplosively(FrameworkMethod.java:47)
	at org.junit.internal.runners.statements.InvokeMethod.evaluate(InvokeMethod.java:17)
	at org.junit.internal.runners.statements.FailOnTimeout$CallableStatement.call(FailOnTimeout.java:298)
	at org.junit.internal.runners.statements.FailOnTimeout$CallableStatement.call(FailOnTimeout.java:292)
	at java.util.concurrent.FutureTask.run(FutureTask.java:266)
	at java.lang.Thread.run(Thread.java:748)
16) test018(org.apache.commons.jxpath.ri.model.dom.DOMNodePointer_ESTest)
org.evosuite.runtime.mock.java.lang.MockIllegalArgumentException: No such variable: '+5hEMJeRLHE1KZ-'
	at org.apache.commons.jxpath.BasicVariables.getVariable(BasicVariables.java:61)
	at org.apache.commons.jxpath.ri.model.VariablePointer.getBaseValue(VariablePointer.java:86)
	at org.apache.commons.jxpath.ri.model.VariablePointer.getImmediateNode(VariablePointer.java:109)
	at org.apache.commons.jxpath.ri.model.VariablePointer.getImmediateValuePointer(VariablePointer.java:153)
	at org.apache.commons.jxpath.ri.model.NodePointer.getValuePointer(NodePointer.java:246)
	at org.apache.commons.jxpath.ri.model.NodePointer.getValue(NodePointer.java:220)
	at org.apache.commons.jxpath.util.BasicTypeConverter.convert(BasicTypeConverter.java:235)
	at org.apache.commons.jxpath.util.TypeUtils.convert(TypeUtils.java:77)
	at org.apache.commons.jxpath.ri.model.dom.DOMNodePointer.setValue(DOMNodePointer.java:457)
	at org.apache.commons.jxpath.ri.model.dom.DOMNodePointer_ESTest.test018(DOMNodePointer_ESTest.java:361)
	at sun.reflect.NativeMethodAccessorImpl.invoke0(Native Method)
	at sun.reflect.NativeMethodAccessorImpl.invoke(NativeMethodAccessorImpl.java:62)
	at sun.reflect.DelegatingMethodAccessorImpl.invoke(DelegatingMethodAccessorImpl.java:43)
	at java.lang.reflect.Method.invoke(Method.java:498)
	at org.junit.runners.model.FrameworkMethod$1.runReflectiveCall(FrameworkMethod.java:50)
	at org.junit.internal.runners.model.ReflectiveCallable.run(ReflectiveCallable.java:12)
	at org.junit.runners.model.FrameworkMethod.invokeExplosively(FrameworkMethod.java:47)
	at org.junit.internal.runners.statements.InvokeMethod.evaluate(InvokeMethod.java:17)
	at org.junit.internal.runners.statements.FailOnTimeout$CallableStatement.call(FailOnTimeout.java:298)
	at org.junit.internal.runners.statements.FailOnTimeout$CallableStatement.call(FailOnTimeout.java:292)
	at java.util.concurrent.FutureTask.run(FutureTask.java:266)
	at java.lang.Thread.run(Thread.java:748)
17) test017(org.apache.commons.jxpath.ri.model.dom.DOMNodePointer_ESTest)
org.apache.commons.jxpath.JXPathException: Undefined variable: ZG#QznXkJ:9e4
	at org.apache.commons.jxpath.ri.model.VariablePointer$1.getImmediateNode(VariablePointer.java:160)
	at org.apache.commons.jxpath.ri.model.NodePointer.getNode(NodePointer.java:308)
	at org.apache.commons.jxpath.ri.model.NodePointer.getValue(NodePointer.java:225)
	at org.apache.commons.jxpath.ri.model.NodePointer.getValue(NodePointer.java:222)
	at org.apache.commons.jxpath.util.BasicTypeConverter.convert(BasicTypeConverter.java:235)
	at org.apache.commons.jxpath.util.TypeUtils.convert(TypeUtils.java:77)
	at org.apache.commons.jxpath.ri.model.dom.DOMNodePointer.setValue(DOMNodePointer.java:457)
	at org.apache.commons.jxpath.ri.model.dom.DOMNodePointer_ESTest.test017(DOMNodePointer_ESTest.java:340)
	at sun.reflect.NativeMethodAccessorImpl.invoke0(Native Method)
	at sun.reflect.NativeMethodAccessorImpl.invoke(NativeMethodAccessorImpl.java:62)
	at sun.reflect.DelegatingMethodAccessorImpl.invoke(DelegatingMethodAccessorImpl.java:43)
	at java.lang.reflect.Method.invoke(Method.java:498)
	at org.junit.runners.model.FrameworkMethod$1.runReflectiveCall(FrameworkMethod.java:50)
	at org.junit.internal.runners.model.ReflectiveCallable.run(ReflectiveCallable.java:12)
	at org.junit.runners.model.FrameworkMethod.invokeExplosively(FrameworkMethod.java:47)
	at org.junit.internal.runners.statements.InvokeMethod.evaluate(InvokeMethod.java:17)
	at org.junit.internal.runners.statements.FailOnTimeout$CallableStatement.call(FailOnTimeout.java:298)
	at org.junit.internal.runners.statements.FailOnTimeout$CallableStatement.call(FailOnTimeout.java:292)
	at java.util.concurrent.FutureTask.run(FutureTask.java:266)
	at java.lang.Thread.run(Thread.java:748)
18) test016(org.apache.commons.jxpath.ri.model.dom.DOMNodePointer_ESTest)
java.lang.NullPointerException
	at org.apache.commons.jxpath.ri.model.dom.DOMNodePointer.testNode(DOMNodePointer.java:144)
	at org.apache.commons.jxpath.ri.model.dom.DOMNodePointer.testNode(DOMNodePointer.java:108)
	at org.apache.commons.jxpath.ri.model.dom.DOMNodePointer_ESTest.test016(DOMNodePointer_ESTest.java:320)
	at sun.reflect.NativeMethodAccessorImpl.invoke0(Native Method)
	at sun.reflect.NativeMethodAccessorImpl.invoke(NativeMethodAccessorImpl.java:62)
	at sun.reflect.DelegatingMethodAccessorImpl.invoke(DelegatingMethodAccessorImpl.java:43)
	at java.lang.reflect.Method.invoke(Method.java:498)
	at org.junit.runners.model.FrameworkMethod$1.runReflectiveCall(FrameworkMethod.java:50)
	at org.junit.internal.runners.model.ReflectiveCallable.run(ReflectiveCallable.java:12)
	at org.junit.runners.model.FrameworkMethod.invokeExplosively(FrameworkMethod.java:47)
	at org.junit.internal.runners.statements.InvokeMethod.evaluate(InvokeMethod.java:17)
	at org.junit.internal.runners.statements.FailOnTimeout$CallableStatement.call(FailOnTimeout.java:298)
	at org.junit.internal.runners.statements.FailOnTimeout$CallableStatement.call(FailOnTimeout.java:292)
	at java.util.concurrent.FutureTask.run(FutureTask.java:266)
	at java.lang.Thread.run(Thread.java:748)
19) test015(org.apache.commons.jxpath.ri.model.dom.DOMNodePointer_ESTest)
java.lang.NullPointerException
	at org.apache.commons.jxpath.ri.model.dom.DOMNodePointer.testNode(DOMNodePointer.java:122)
	at org.apache.commons.jxpath.ri.model.dom.DOMNodePointer_ESTest.test015(DOMNodePointer_ESTest.java:302)
	at sun.reflect.NativeMethodAccessorImpl.invoke0(Native Method)
	at sun.reflect.NativeMethodAccessorImpl.invoke(NativeMethodAccessorImpl.java:62)
	at sun.reflect.DelegatingMethodAccessorImpl.invoke(DelegatingMethodAccessorImpl.java:43)
	at java.lang.reflect.Method.invoke(Method.java:498)
	at org.junit.runners.model.FrameworkMethod$1.runReflectiveCall(FrameworkMethod.java:50)
	at org.junit.internal.runners.model.ReflectiveCallable.run(ReflectiveCallable.java:12)
	at org.junit.runners.model.FrameworkMethod.invokeExplosively(FrameworkMethod.java:47)
	at org.junit.internal.runners.statements.InvokeMethod.evaluate(InvokeMethod.java:17)
	at org.junit.internal.runners.statements.FailOnTimeout$CallableStatement.call(FailOnTimeout.java:298)
	at org.junit.internal.runners.statements.FailOnTimeout$CallableStatement.call(FailOnTimeout.java:292)
	at java.util.concurrent.FutureTask.run(FutureTask.java:266)
	at java.lang.Thread.run(Thread.java:748)
20) test135(org.apache.commons.jxpath.ri.model.dom.DOMNodePointer_ESTest)
org.w3c.dom.DOMException: INVALID_CHARACTER_ERR: An invalid or illegal XML character is specified. 
	at org.apache.xerces.dom.CoreDocumentImpl.checkQName(Unknown Source)
	at org.apache.xerces.dom.AttrNSImpl.setName(Unknown Source)
	at org.apache.xerces.dom.AttrNSImpl.<init>(Unknown Source)
	at org.apache.xerces.dom.CoreDocumentImpl.createAttributeNS(Unknown Source)
	at org.apache.xerces.dom.ElementImpl.setAttributeNS(Unknown Source)
	at org.apache.commons.jxpath.ri.model.dom.DOMNodePointer.createAttribute(DOMNodePointer.java:532)
	at org.apache.commons.jxpath.ri.model.dom.DOMNodePointer_ESTest.test135(DOMNodePointer_ESTest.java:1991)
	at sun.reflect.NativeMethodAccessorImpl.invoke0(Native Method)
	at sun.reflect.NativeMethodAccessorImpl.invoke(NativeMethodAccessorImpl.java:62)
	at sun.reflect.DelegatingMethodAccessorImpl.invoke(DelegatingMethodAccessorImpl.java:43)
	at java.lang.reflect.Method.invoke(Method.java:498)
	at org.junit.runners.model.FrameworkMethod$1.runReflectiveCall(FrameworkMethod.java:50)
	at org.junit.internal.runners.model.ReflectiveCallable.run(ReflectiveCallable.java:12)
	at org.junit.runners.model.FrameworkMethod.invokeExplosively(FrameworkMethod.java:47)
	at org.junit.internal.runners.statements.InvokeMethod.evaluate(InvokeMethod.java:17)
	at org.junit.internal.runners.statements.FailOnTimeout$CallableStatement.call(FailOnTimeout.java:298)
	at org.junit.internal.runners.statements.FailOnTimeout$CallableStatement.call(FailOnTimeout.java:292)
	at java.util.concurrent.FutureTask.run(FutureTask.java:266)
	at java.lang.Thread.run(Thread.java:748)
21) test034(org.apache.commons.jxpath.ri.model.dom.DOMNodePointer_ESTest)
java.lang.ClassCastException: org.apache.xerces.dom.DocumentTypeImpl cannot be cast to org.w3c.dom.Element
	at org.apache.commons.jxpath.ri.model.dom.DOMNodePointer.getNamespaceURI(DOMNodePointer.java:781)
	at org.apache.commons.jxpath.ri.model.dom.DOMNodePointer.getNamespaceURI(DOMNodePointer.java:205)
	at org.apache.commons.jxpath.ri.model.dom.DOMNodePointer_ESTest.test034(DOMNodePointer_ESTest.java:659)
	at sun.reflect.NativeMethodAccessorImpl.invoke0(Native Method)
	at sun.reflect.NativeMethodAccessorImpl.invoke(NativeMethodAccessorImpl.java:62)
	at sun.reflect.DelegatingMethodAccessorImpl.invoke(DelegatingMethodAccessorImpl.java:43)
	at java.lang.reflect.Method.invoke(Method.java:498)
	at org.junit.runners.model.FrameworkMethod$1.runReflectiveCall(FrameworkMethod.java:50)
	at org.junit.internal.runners.model.ReflectiveCallable.run(ReflectiveCallable.java:12)
	at org.junit.runners.model.FrameworkMethod.invokeExplosively(FrameworkMethod.java:47)
	at org.junit.internal.runners.statements.InvokeMethod.evaluate(InvokeMethod.java:17)
	at org.junit.internal.runners.statements.FailOnTimeout$CallableStatement.call(FailOnTimeout.java:298)
	at org.junit.internal.runners.statements.FailOnTimeout$CallableStatement.call(FailOnTimeout.java:292)
	at java.util.concurrent.FutureTask.run(FutureTask.java:266)
	at java.lang.Thread.run(Thread.java:748)
22) test033(org.apache.commons.jxpath.ri.model.dom.DOMNodePointer_ESTest)
java.lang.NullPointerException
	at org.apache.commons.jxpath.ri.model.dom.DOMNodePointer.getNamespaceURI(DOMNodePointer.java:783)
	at org.apache.commons.jxpath.ri.model.dom.DOMNodePointer.getNamespaceURI(DOMNodePointer.java:205)
	at org.apache.commons.jxpath.ri.model.dom.DOMNodePointer_ESTest.test033(DOMNodePointer_ESTest.java:641)
	at sun.reflect.NativeMethodAccessorImpl.invoke0(Native Method)
	at sun.reflect.NativeMethodAccessorImpl.invoke(NativeMethodAccessorImpl.java:62)
	at sun.reflect.DelegatingMethodAccessorImpl.invoke(DelegatingMethodAccessorImpl.java:43)
	at java.lang.reflect.Method.invoke(Method.java:498)
	at org.junit.runners.model.FrameworkMethod$1.runReflectiveCall(FrameworkMethod.java:50)
	at org.junit.internal.runners.model.ReflectiveCallable.run(ReflectiveCallable.java:12)
	at org.junit.runners.model.FrameworkMethod.invokeExplosively(FrameworkMethod.java:47)
	at org.junit.internal.runners.statements.InvokeMethod.evaluate(InvokeMethod.java:17)
	at org.junit.internal.runners.statements.FailOnTimeout$CallableStatement.call(FailOnTimeout.java:298)
	at org.junit.internal.runners.statements.FailOnTimeout$CallableStatement.call(FailOnTimeout.java:292)
	at java.util.concurrent.FutureTask.run(FutureTask.java:266)
	at java.lang.Thread.run(Thread.java:748)
23) test154(org.apache.commons.jxpath.ri.model.dom.DOMNodePointer_ESTest)
java.lang.NullPointerException
	at org.apache.commons.jxpath.ri.model.VariablePointer.getBaseValue(VariablePointer.java:86)
	at org.apache.commons.jxpath.ri.model.VariablePointer.getImmediateNode(VariablePointer.java:109)
	at org.apache.commons.jxpath.ri.model.VariablePointer.getImmediateValuePointer(VariablePointer.java:153)
	at org.apache.commons.jxpath.ri.model.NodePointer.getValuePointer(NodePointer.java:246)
	at org.apache.commons.jxpath.ri.model.NodePointer.getNode(NodePointer.java:308)
	at org.apache.commons.jxpath.ri.model.dom.DOMNodeIterator.<init>(DOMNodeIterator.java:47)
	at org.apache.commons.jxpath.ri.model.dom.DOMNodePointer.childIterator(DOMNodePointer.java:216)
	at org.apache.commons.jxpath.ri.model.dom.DOMNodePointer_ESTest.test154(DOMNodePointer_ESTest.java:2192)
	at sun.reflect.NativeMethodAccessorImpl.invoke0(Native Method)
	at sun.reflect.NativeMethodAccessorImpl.invoke(NativeMethodAccessorImpl.java:62)
	at sun.reflect.DelegatingMethodAccessorImpl.invoke(DelegatingMethodAccessorImpl.java:43)
	at java.lang.reflect.Method.invoke(Method.java:498)
	at org.junit.runners.model.FrameworkMethod$1.runReflectiveCall(FrameworkMethod.java:50)
	at org.junit.internal.runners.model.ReflectiveCallable.run(ReflectiveCallable.java:12)
	at org.junit.runners.model.FrameworkMethod.invokeExplosively(FrameworkMethod.java:47)
	at org.junit.internal.runners.statements.InvokeMethod.evaluate(InvokeMethod.java:17)
	at org.junit.internal.runners.statements.FailOnTimeout$CallableStatement.call(FailOnTimeout.java:298)
	at org.junit.internal.runners.statements.FailOnTimeout$CallableStatement.call(FailOnTimeout.java:292)
	at java.util.concurrent.FutureTask.run(FutureTask.java:266)
	at java.lang.Thread.run(Thread.java:748)
24) test032(org.apache.commons.jxpath.ri.model.dom.DOMNodePointer_ESTest)
org.w3c.dom.DOMException: NO_MODIFICATION_ALLOWED_ERR: An attempt is made to modify an object where modifications are not allowed.
	at org.apache.xerces.dom.ParentNode.internalInsertBefore(Unknown Source)
	at org.apache.xerces.dom.ParentNode.insertBefore(Unknown Source)
	at org.apache.xerces.dom.CoreDocumentImpl.insertBefore(Unknown Source)
	at org.apache.xerces.dom.NodeImpl.appendChild(Unknown Source)
	at org.apache.html.dom.HTMLDocumentImpl.getDocumentElement(Unknown Source)
	at org.apache.commons.jxpath.ri.model.dom.DOMNodePointer.getNamespaceURI(DOMNodePointer.java:778)
	at org.apache.commons.jxpath.ri.model.dom.DOMNodePointer.getNamespaceURI(DOMNodePointer.java:205)
	at org.apache.commons.jxpath.ri.model.dom.DOMNodePointer_ESTest.test032(DOMNodePointer_ESTest.java:623)
	at sun.reflect.NativeMethodAccessorImpl.invoke0(Native Method)
	at sun.reflect.NativeMethodAccessorImpl.invoke(NativeMethodAccessorImpl.java:62)
	at sun.reflect.DelegatingMethodAccessorImpl.invoke(DelegatingMethodAccessorImpl.java:43)
	at java.lang.reflect.Method.invoke(Method.java:498)
	at org.junit.runners.model.FrameworkMethod$1.runReflectiveCall(FrameworkMethod.java:50)
	at org.junit.internal.runners.model.ReflectiveCallable.run(ReflectiveCallable.java:12)
	at org.junit.runners.model.FrameworkMethod.invokeExplosively(FrameworkMethod.java:47)
	at org.junit.internal.runners.statements.InvokeMethod.evaluate(InvokeMethod.java:17)
	at org.junit.internal.runners.statements.FailOnTimeout$CallableStatement.call(FailOnTimeout.java:298)
	at org.junit.internal.runners.statements.FailOnTimeout$CallableStatement.call(FailOnTimeout.java:292)
	at java.util.concurrent.FutureTask.run(FutureTask.java:266)
	at java.lang.Thread.run(Thread.java:748)
25) test031(org.apache.commons.jxpath.ri.model.dom.DOMNodePointer_ESTest)
java.lang.NullPointerException
	at org.apache.xerces.dom.ElementImpl.synchronizeData(Unknown Source)
	at org.apache.xerces.dom.ElementImpl.getAttributeNode(Unknown Source)
	at org.apache.html.dom.HTMLElementImpl.getAttributeNode(Unknown Source)
	at org.apache.commons.jxpath.ri.model.dom.DOMNodePointer.getNamespaceURI(DOMNodePointer.java:283)
	at org.apache.commons.jxpath.ri.model.dom.DOMNodePointer_ESTest.test031(DOMNodePointer_ESTest.java:605)
	at sun.reflect.NativeMethodAccessorImpl.invoke0(Native Method)
	at sun.reflect.NativeMethodAccessorImpl.invoke(NativeMethodAccessorImpl.java:62)
	at sun.reflect.DelegatingMethodAccessorImpl.invoke(DelegatingMethodAccessorImpl.java:43)
	at java.lang.reflect.Method.invoke(Method.java:498)
	at org.junit.runners.model.FrameworkMethod$1.runReflectiveCall(FrameworkMethod.java:50)
	at org.junit.internal.runners.model.ReflectiveCallable.run(ReflectiveCallable.java:12)
	at org.junit.runners.model.FrameworkMethod.invokeExplosively(FrameworkMethod.java:47)
	at org.junit.internal.runners.statements.InvokeMethod.evaluate(InvokeMethod.java:17)
	at org.junit.internal.runners.statements.FailOnTimeout$CallableStatement.call(FailOnTimeout.java:298)
	at org.junit.internal.runners.statements.FailOnTimeout$CallableStatement.call(FailOnTimeout.java:292)
	at java.util.concurrent.FutureTask.run(FutureTask.java:266)
	at java.lang.Thread.run(Thread.java:748)
26) test030(org.apache.commons.jxpath.ri.model.dom.DOMNodePointer_ESTest)
org.w3c.dom.DOMException: NO_MODIFICATION_ALLOWED_ERR: An attempt is made to modify an object where modifications are not allowed.
	at org.apache.xerces.dom.ParentNode.internalInsertBefore(Unknown Source)
	at org.apache.xerces.dom.ParentNode.insertBefore(Unknown Source)
	at org.apache.xerces.dom.CoreDocumentImpl.insertBefore(Unknown Source)
	at org.apache.xerces.dom.NodeImpl.appendChild(Unknown Source)
	at org.apache.html.dom.HTMLDocumentImpl.getDocumentElement(Unknown Source)
	at org.apache.commons.jxpath.ri.model.dom.DOMNodePointer.getNamespaceURI(DOMNodePointer.java:279)
	at org.apache.commons.jxpath.ri.model.dom.DOMNodePointer_ESTest.test030(DOMNodePointer_ESTest.java:586)
	at sun.reflect.NativeMethodAccessorImpl.invoke0(Native Method)
	at sun.reflect.NativeMethodAccessorImpl.invoke(NativeMethodAccessorImpl.java:62)
	at sun.reflect.DelegatingMethodAccessorImpl.invoke(DelegatingMethodAccessorImpl.java:43)
	at java.lang.reflect.Method.invoke(Method.java:498)
	at org.junit.runners.model.FrameworkMethod$1.runReflectiveCall(FrameworkMethod.java:50)
	at org.junit.internal.runners.model.ReflectiveCallable.run(ReflectiveCallable.java:12)
	at org.junit.runners.model.FrameworkMethod.invokeExplosively(FrameworkMethod.java:47)
	at org.junit.internal.runners.statements.InvokeMethod.evaluate(InvokeMethod.java:17)
	at org.junit.internal.runners.statements.FailOnTimeout$CallableStatement.call(FailOnTimeout.java:298)
	at org.junit.internal.runners.statements.FailOnTimeout$CallableStatement.call(FailOnTimeout.java:292)
	at java.util.concurrent.FutureTask.run(FutureTask.java:266)
	at java.lang.Thread.run(Thread.java:748)
27) test029(org.apache.commons.jxpath.ri.model.dom.DOMNodePointer_ESTest)
java.lang.ClassCastException: org.apache.xerces.dom.DocumentTypeImpl cannot be cast to org.w3c.dom.Element
	at org.apache.commons.jxpath.ri.model.dom.DOMNodePointer.getNamespaceURI(DOMNodePointer.java:781)
	at org.apache.commons.jxpath.ri.model.dom.DOMNodePointer_ESTest.test029(DOMNodePointer_ESTest.java:567)
	at sun.reflect.NativeMethodAccessorImpl.invoke0(Native Method)
	at sun.reflect.NativeMethodAccessorImpl.invoke(NativeMethodAccessorImpl.java:62)
	at sun.reflect.DelegatingMethodAccessorImpl.invoke(DelegatingMethodAccessorImpl.java:43)
	at java.lang.reflect.Method.invoke(Method.java:498)
	at org.junit.runners.model.FrameworkMethod$1.runReflectiveCall(FrameworkMethod.java:50)
	at org.junit.internal.runners.model.ReflectiveCallable.run(ReflectiveCallable.java:12)
	at org.junit.runners.model.FrameworkMethod.invokeExplosively(FrameworkMethod.java:47)
	at org.junit.internal.runners.statements.InvokeMethod.evaluate(InvokeMethod.java:17)
	at org.junit.internal.runners.statements.FailOnTimeout$CallableStatement.call(FailOnTimeout.java:298)
	at org.junit.internal.runners.statements.FailOnTimeout$CallableStatement.call(FailOnTimeout.java:292)
	at java.util.concurrent.FutureTask.run(FutureTask.java:266)
	at java.lang.Thread.run(Thread.java:748)
28) test028(org.apache.commons.jxpath.ri.model.dom.DOMNodePointer_ESTest)
java.lang.NullPointerException
	at org.apache.commons.jxpath.ri.model.dom.DOMNodePointer.getNamespaceURI(DOMNodePointer.java:783)
	at org.apache.commons.jxpath.ri.model.dom.DOMNodePointer_ESTest.test028(DOMNodePointer_ESTest.java:550)
	at sun.reflect.NativeMethodAccessorImpl.invoke0(Native Method)
	at sun.reflect.NativeMethodAccessorImpl.invoke(NativeMethodAccessorImpl.java:62)
	at sun.reflect.DelegatingMethodAccessorImpl.invoke(DelegatingMethodAccessorImpl.java:43)
	at java.lang.reflect.Method.invoke(Method.java:498)
	at org.junit.runners.model.FrameworkMethod$1.runReflectiveCall(FrameworkMethod.java:50)
	at org.junit.internal.runners.model.ReflectiveCallable.run(ReflectiveCallable.java:12)
	at org.junit.runners.model.FrameworkMethod.invokeExplosively(FrameworkMethod.java:47)
	at org.junit.internal.runners.statements.InvokeMethod.evaluate(InvokeMethod.java:17)
	at org.junit.internal.runners.statements.FailOnTimeout$CallableStatement.call(FailOnTimeout.java:298)
	at org.junit.internal.runners.statements.FailOnTimeout$CallableStatement.call(FailOnTimeout.java:292)
	at java.util.concurrent.FutureTask.run(FutureTask.java:266)
	at java.lang.Thread.run(Thread.java:748)
29) test027(org.apache.commons.jxpath.ri.model.dom.DOMNodePointer_ESTest)
org.w3c.dom.DOMException: NO_MODIFICATION_ALLOWED_ERR: An attempt is made to modify an object where modifications are not allowed.
	at org.apache.xerces.dom.ParentNode.internalInsertBefore(Unknown Source)
	at org.apache.xerces.dom.ParentNode.insertBefore(Unknown Source)
	at org.apache.xerces.dom.CoreDocumentImpl.insertBefore(Unknown Source)
	at org.apache.xerces.dom.NodeImpl.appendChild(Unknown Source)
	at org.apache.html.dom.HTMLDocumentImpl.getDocumentElement(Unknown Source)
	at org.apache.commons.jxpath.ri.model.dom.DOMNodePointer.getNamespaceURI(DOMNodePointer.java:778)
	at org.apache.commons.jxpath.ri.model.dom.DOMNodePointer_ESTest.test027(DOMNodePointer_ESTest.java:534)
	at sun.reflect.NativeMethodAccessorImpl.invoke0(Native Method)
	at sun.reflect.NativeMethodAccessorImpl.invoke(NativeMethodAccessorImpl.java:62)
	at sun.reflect.DelegatingMethodAccessorImpl.invoke(DelegatingMethodAccessorImpl.java:43)
	at java.lang.reflect.Method.invoke(Method.java:498)
	at org.junit.runners.model.FrameworkMethod$1.runReflectiveCall(FrameworkMethod.java:50)
	at org.junit.internal.runners.model.ReflectiveCallable.run(ReflectiveCallable.java:12)
	at org.junit.runners.model.FrameworkMethod.invokeExplosively(FrameworkMethod.java:47)
	at org.junit.internal.runners.statements.InvokeMethod.evaluate(InvokeMethod.java:17)
	at org.junit.internal.runners.statements.FailOnTimeout$CallableStatement.call(FailOnTimeout.java:298)
	at org.junit.internal.runners.statements.FailOnTimeout$CallableStatement.call(FailOnTimeout.java:292)
	at java.util.concurrent.FutureTask.run(FutureTask.java:266)
	at java.lang.Thread.run(Thread.java:748)
30) test026(org.apache.commons.jxpath.ri.model.dom.DOMNodePointer_ESTest)
java.lang.NullPointerException
	at org.apache.html.dom.HTMLDocumentImpl.getElementById(Unknown Source)
	at org.apache.html.dom.HTMLDocumentImpl.getElementById(Unknown Source)
	at org.apache.commons.jxpath.ri.model.dom.DOMNodePointer.getPointerByID(DOMNodePointer.java:852)
	at org.apache.commons.jxpath.ri.model.dom.DOMNodePointer_ESTest.test026(DOMNodePointer_ESTest.java:517)
	at sun.reflect.NativeMethodAccessorImpl.invoke0(Native Method)
	at sun.reflect.NativeMethodAccessorImpl.invoke(NativeMethodAccessorImpl.java:62)
	at sun.reflect.DelegatingMethodAccessorImpl.invoke(DelegatingMethodAccessorImpl.java:43)
	at java.lang.reflect.Method.invoke(Method.java:498)
	at org.junit.runners.model.FrameworkMethod$1.runReflectiveCall(FrameworkMethod.java:50)
	at org.junit.internal.runners.model.ReflectiveCallable.run(ReflectiveCallable.java:12)
	at org.junit.runners.model.FrameworkMethod.invokeExplosively(FrameworkMethod.java:47)
	at org.junit.internal.runners.statements.InvokeMethod.evaluate(InvokeMethod.java:17)
	at org.junit.internal.runners.statements.FailOnTimeout$CallableStatement.call(FailOnTimeout.java:298)
	at org.junit.internal.runners.statements.FailOnTimeout$CallableStatement.call(FailOnTimeout.java:292)
	at java.util.concurrent.FutureTask.run(FutureTask.java:266)
	at java.lang.Thread.run(Thread.java:748)
31) test025(org.apache.commons.jxpath.ri.model.dom.DOMNodePointer_ESTest)
java.lang.NullPointerException
	at org.apache.commons.jxpath.ri.model.dom.DOMNodePointer.getPrefix(DOMNodePointer.java:745)
	at org.apache.commons.jxpath.ri.model.dom.DOMNodePointer_ESTest.test025(DOMNodePointer_ESTest.java:496)
	at sun.reflect.NativeMethodAccessorImpl.invoke0(Native Method)
	at sun.reflect.NativeMethodAccessorImpl.invoke(NativeMethodAccessorImpl.java:62)
	at sun.reflect.DelegatingMethodAccessorImpl.invoke(DelegatingMethodAccessorImpl.java:43)
	at java.lang.reflect.Method.invoke(Method.java:498)
	at org.junit.runners.model.FrameworkMethod$1.runReflectiveCall(FrameworkMethod.java:50)
	at org.junit.internal.runners.model.ReflectiveCallable.run(ReflectiveCallable.java:12)
	at org.junit.runners.model.FrameworkMethod.invokeExplosively(FrameworkMethod.java:47)
	at org.junit.internal.runners.statements.InvokeMethod.evaluate(InvokeMethod.java:17)
	at org.junit.internal.runners.statements.FailOnTimeout$CallableStatement.call(FailOnTimeout.java:298)
	at org.junit.internal.runners.statements.FailOnTimeout$CallableStatement.call(FailOnTimeout.java:292)
	at java.util.concurrent.FutureTask.run(FutureTask.java:266)
	at java.lang.Thread.run(Thread.java:748)
32) test024(org.apache.commons.jxpath.ri.model.dom.DOMNodePointer_ESTest)
java.lang.NullPointerException
	at org.apache.commons.jxpath.ri.model.dom.DOMNodePointer.getValue(DOMNodePointer.java:808)
	at org.apache.commons.jxpath.ri.model.dom.DOMNodePointer_ESTest.test024(DOMNodePointer_ESTest.java:481)
	at sun.reflect.NativeMethodAccessorImpl.invoke0(Native Method)
	at sun.reflect.NativeMethodAccessorImpl.invoke(NativeMethodAccessorImpl.java:62)
	at sun.reflect.DelegatingMethodAccessorImpl.invoke(DelegatingMethodAccessorImpl.java:43)
	at java.lang.reflect.Method.invoke(Method.java:498)
	at org.junit.runners.model.FrameworkMethod$1.runReflectiveCall(FrameworkMethod.java:50)
	at org.junit.internal.runners.model.ReflectiveCallable.run(ReflectiveCallable.java:12)
	at org.junit.runners.model.FrameworkMethod.invokeExplosively(FrameworkMethod.java:47)
	at org.junit.internal.runners.statements.InvokeMethod.evaluate(InvokeMethod.java:17)
	at org.junit.internal.runners.statements.FailOnTimeout$CallableStatement.call(FailOnTimeout.java:298)
	at org.junit.internal.runners.statements.FailOnTimeout$CallableStatement.call(FailOnTimeout.java:292)
	at java.util.concurrent.FutureTask.run(FutureTask.java:266)
	at java.lang.Thread.run(Thread.java:748)
33) test045(org.apache.commons.jxpath.ri.model.dom.DOMNodePointer_ESTest)
java.lang.NullPointerException
	at org.apache.commons.jxpath.ri.model.dom.DOMNodePointer.asPath(DOMNodePointer.java:567)
	at org.apache.commons.jxpath.ri.model.NodePointer.createAttribute(NodePointer.java:473)
	at org.apache.commons.jxpath.ri.model.dom.DOMNodePointer.createAttribute(DOMNodePointer.java:518)
	at org.apache.commons.jxpath.ri.model.dom.DOMNodePointer_ESTest.test045(DOMNodePointer_ESTest.java:859)
	at sun.reflect.NativeMethodAccessorImpl.invoke0(Native Method)
	at sun.reflect.NativeMethodAccessorImpl.invoke(NativeMethodAccessorImpl.java:62)
	at sun.reflect.DelegatingMethodAccessorImpl.invoke(DelegatingMethodAccessorImpl.java:43)
	at java.lang.reflect.Method.invoke(Method.java:498)
	at org.junit.runners.model.FrameworkMethod$1.runReflectiveCall(FrameworkMethod.java:50)
	at org.junit.internal.runners.model.ReflectiveCallable.run(ReflectiveCallable.java:12)
	at org.junit.runners.model.FrameworkMethod.invokeExplosively(FrameworkMethod.java:47)
	at org.junit.internal.runners.statements.InvokeMethod.evaluate(InvokeMethod.java:17)
	at org.junit.internal.runners.statements.FailOnTimeout$CallableStatement.call(FailOnTimeout.java:298)
	at org.junit.internal.runners.statements.FailOnTimeout$CallableStatement.call(FailOnTimeout.java:292)
	at java.util.concurrent.FutureTask.run(FutureTask.java:266)
	at java.lang.Thread.run(Thread.java:748)
34) test044(org.apache.commons.jxpath.ri.model.dom.DOMNodePointer_ESTest)
org.apache.commons.jxpath.JXPathException: Factory is not set on the JXPathContext - cannot create path: 
	at org.apache.commons.jxpath.ri.model.dom.DOMNodePointer.getAbstractFactory(DOMNodePointer.java:865)
	at org.apache.commons.jxpath.ri.model.dom.DOMNodePointer.createChild(DOMNodePointer.java:478)
	at org.apache.commons.jxpath.ri.model.dom.DOMNodePointer_ESTest.test044(DOMNodePointer_ESTest.java:840)
	at sun.reflect.NativeMethodAccessorImpl.invoke0(Native Method)
	at sun.reflect.NativeMethodAccessorImpl.invoke(NativeMethodAccessorImpl.java:62)
	at sun.reflect.DelegatingMethodAccessorImpl.invoke(DelegatingMethodAccessorImpl.java:43)
	at java.lang.reflect.Method.invoke(Method.java:498)
	at org.junit.runners.model.FrameworkMethod$1.runReflectiveCall(FrameworkMethod.java:50)
	at org.junit.internal.runners.model.ReflectiveCallable.run(ReflectiveCallable.java:12)
	at org.junit.runners.model.FrameworkMethod.invokeExplosively(FrameworkMethod.java:47)
	at org.junit.internal.runners.statements.InvokeMethod.evaluate(InvokeMethod.java:17)
	at org.junit.internal.runners.statements.FailOnTimeout$CallableStatement.call(FailOnTimeout.java:298)
	at org.junit.internal.runners.statements.FailOnTimeout$CallableStatement.call(FailOnTimeout.java:292)
	at java.util.concurrent.FutureTask.run(FutureTask.java:266)
	at java.lang.Thread.run(Thread.java:748)
35) test043(org.apache.commons.jxpath.ri.model.dom.DOMNodePointer_ESTest)
java.lang.NullPointerException
	at org.apache.commons.jxpath.ri.model.dom.DOMNodePointer.getAbstractFactory(DOMNodePointer.java:863)
	at org.apache.commons.jxpath.ri.model.dom.DOMNodePointer.createChild(DOMNodePointer.java:478)
	at org.apache.commons.jxpath.ri.model.dom.DOMNodePointer.createChild(DOMNodePointer.java:508)
	at org.apache.commons.jxpath.ri.model.dom.DOMNodePointer_ESTest.test043(DOMNodePointer_ESTest.java:819)
	at sun.reflect.NativeMethodAccessorImpl.invoke0(Native Method)
	at sun.reflect.NativeMethodAccessorImpl.invoke(NativeMethodAccessorImpl.java:62)
	at sun.reflect.DelegatingMethodAccessorImpl.invoke(DelegatingMethodAccessorImpl.java:43)
	at java.lang.reflect.Method.invoke(Method.java:498)
	at org.junit.runners.model.FrameworkMethod$1.runReflectiveCall(FrameworkMethod.java:50)
	at org.junit.internal.runners.model.ReflectiveCallable.run(ReflectiveCallable.java:12)
	at org.junit.runners.model.FrameworkMethod.invokeExplosively(FrameworkMethod.java:47)
	at org.junit.internal.runners.statements.InvokeMethod.evaluate(InvokeMethod.java:17)
	at org.junit.internal.runners.statements.FailOnTimeout$CallableStatement.call(FailOnTimeout.java:298)
	at org.junit.internal.runners.statements.FailOnTimeout$CallableStatement.call(FailOnTimeout.java:292)
	at java.util.concurrent.FutureTask.run(FutureTask.java:266)
	at java.lang.Thread.run(Thread.java:748)
36) test041(org.apache.commons.jxpath.ri.model.dom.DOMNodePointer_ESTest)
java.lang.NullPointerException
	at org.apache.html.dom.HTMLElementImpl.getAttribute(Unknown Source)
	at org.apache.commons.jxpath.ri.model.dom.DOMNodePointer.findEnclosingAttribute(DOMNodePointer.java:398)
	at org.apache.commons.jxpath.ri.model.dom.DOMNodePointer_ESTest.test041(DOMNodePointer_ESTest.java:781)
	at sun.reflect.NativeMethodAccessorImpl.invoke0(Native Method)
	at sun.reflect.NativeMethodAccessorImpl.invoke(NativeMethodAccessorImpl.java:62)
	at sun.reflect.DelegatingMethodAccessorImpl.invoke(DelegatingMethodAccessorImpl.java:43)
	at java.lang.reflect.Method.invoke(Method.java:498)
	at org.junit.runners.model.FrameworkMethod$1.runReflectiveCall(FrameworkMethod.java:50)
	at org.junit.internal.runners.model.ReflectiveCallable.run(ReflectiveCallable.java:12)
	at org.junit.runners.model.FrameworkMethod.invokeExplosively(FrameworkMethod.java:47)
	at org.junit.internal.runners.statements.InvokeMethod.evaluate(InvokeMethod.java:17)
	at org.junit.internal.runners.statements.FailOnTimeout$CallableStatement.call(FailOnTimeout.java:298)
	at org.junit.internal.runners.statements.FailOnTimeout$CallableStatement.call(FailOnTimeout.java:292)
	at java.util.concurrent.FutureTask.run(FutureTask.java:266)
	at java.lang.Thread.run(Thread.java:748)
37) test040(org.apache.commons.jxpath.ri.model.dom.DOMNodePointer_ESTest)
java.lang.NullPointerException
	at org.apache.xerces.dom.DeferredDocumentImpl.clearChunkIndex(Unknown Source)
	at org.apache.xerces.dom.DeferredDocumentImpl.getNodeType(Unknown Source)
	at org.apache.xerces.dom.DeferredDocumentImpl.getNodeType(Unknown Source)
	at org.apache.xerces.dom.DeferredDocumentImpl.synchronizeChildren(Unknown Source)
	at org.apache.xerces.dom.CoreDocumentImpl.getDocumentElement(Unknown Source)
	at org.apache.commons.jxpath.ri.model.dom.DOMNodePointer.getDefaultNamespaceURI(DOMNodePointer.java:312)
	at org.apache.commons.jxpath.ri.model.dom.DOMNodePointer_ESTest.test040(DOMNodePointer_ESTest.java:763)
	at sun.reflect.NativeMethodAccessorImpl.invoke0(Native Method)
	at sun.reflect.NativeMethodAccessorImpl.invoke(NativeMethodAccessorImpl.java:62)
	at sun.reflect.DelegatingMethodAccessorImpl.invoke(DelegatingMethodAccessorImpl.java:43)
	at java.lang.reflect.Method.invoke(Method.java:498)
	at org.junit.runners.model.FrameworkMethod$1.runReflectiveCall(FrameworkMethod.java:50)
	at org.junit.internal.runners.model.ReflectiveCallable.run(ReflectiveCallable.java:12)
	at org.junit.runners.model.FrameworkMethod.invokeExplosively(FrameworkMethod.java:47)
	at org.junit.internal.runners.statements.InvokeMethod.evaluate(InvokeMethod.java:17)
	at org.junit.internal.runners.statements.FailOnTimeout$CallableStatement.call(FailOnTimeout.java:298)
	at org.junit.internal.runners.statements.FailOnTimeout$CallableStatement.call(FailOnTimeout.java:292)
	at java.util.concurrent.FutureTask.run(FutureTask.java:266)
	at java.lang.Thread.run(Thread.java:748)
38) test160(org.apache.commons.jxpath.ri.model.dom.DOMNodePointer_ESTest)
org.apache.commons.jxpath.JXPathException: Factory is not set on the JXPathContext - cannot create path: id('pI,/8O=}}%z&quot;R$tz')
	at org.apache.commons.jxpath.ri.model.dom.DOMNodePointer.getAbstractFactory(DOMNodePointer.java:865)
	at org.apache.commons.jxpath.ri.model.dom.DOMNodePointer.createChild(DOMNodePointer.java:478)
	at org.apache.commons.jxpath.ri.model.dom.DOMNodePointer.createChild(DOMNodePointer.java:508)
	at org.apache.commons.jxpath.ri.model.dom.DOMNodePointer_ESTest.test160(DOMNodePointer_ESTest.java:2262)
	at sun.reflect.NativeMethodAccessorImpl.invoke0(Native Method)
	at sun.reflect.NativeMethodAccessorImpl.invoke(NativeMethodAccessorImpl.java:62)
	at sun.reflect.DelegatingMethodAccessorImpl.invoke(DelegatingMethodAccessorImpl.java:43)
	at java.lang.reflect.Method.invoke(Method.java:498)
	at org.junit.runners.model.FrameworkMethod$1.runReflectiveCall(FrameworkMethod.java:50)
	at org.junit.internal.runners.model.ReflectiveCallable.run(ReflectiveCallable.java:12)
	at org.junit.runners.model.FrameworkMethod.invokeExplosively(FrameworkMethod.java:47)
	at org.junit.internal.runners.statements.InvokeMethod.evaluate(InvokeMethod.java:17)
	at org.junit.internal.runners.statements.FailOnTimeout$CallableStatement.call(FailOnTimeout.java:298)
	at org.junit.internal.runners.statements.FailOnTimeout$CallableStatement.call(FailOnTimeout.java:292)
	at java.util.concurrent.FutureTask.run(FutureTask.java:266)
	at java.lang.Thread.run(Thread.java:748)
39) test039(org.apache.commons.jxpath.ri.model.dom.DOMNodePointer_ESTest)
org.w3c.dom.DOMException: NO_MODIFICATION_ALLOWED_ERR: An attempt is made to modify an object where modifications are not allowed.
	at org.apache.xerces.dom.ParentNode.internalInsertBefore(Unknown Source)
	at org.apache.xerces.dom.ParentNode.insertBefore(Unknown Source)
	at org.apache.xerces.dom.CoreDocumentImpl.insertBefore(Unknown Source)
	at org.apache.xerces.dom.NodeImpl.appendChild(Unknown Source)
	at org.apache.html.dom.HTMLDocumentImpl.getDocumentElement(Unknown Source)
	at org.apache.commons.jxpath.ri.model.dom.DOMNodePointer.getDefaultNamespaceURI(DOMNodePointer.java:312)
	at org.apache.commons.jxpath.ri.model.dom.DOMNodePointer_ESTest.test039(DOMNodePointer_ESTest.java:745)
	at sun.reflect.NativeMethodAccessorImpl.invoke0(Native Method)
	at sun.reflect.NativeMethodAccessorImpl.invoke(NativeMethodAccessorImpl.java:62)
	at sun.reflect.DelegatingMethodAccessorImpl.invoke(DelegatingMethodAccessorImpl.java:43)
	at java.lang.reflect.Method.invoke(Method.java:498)
	at org.junit.runners.model.FrameworkMethod$1.runReflectiveCall(FrameworkMethod.java:50)
	at org.junit.internal.runners.model.ReflectiveCallable.run(ReflectiveCallable.java:12)
	at org.junit.runners.model.FrameworkMethod.invokeExplosively(FrameworkMethod.java:47)
	at org.junit.internal.runners.statements.InvokeMethod.evaluate(InvokeMethod.java:17)
	at org.junit.internal.runners.statements.FailOnTimeout$CallableStatement.call(FailOnTimeout.java:298)
	at org.junit.internal.runners.statements.FailOnTimeout$CallableStatement.call(FailOnTimeout.java:292)
	at java.util.concurrent.FutureTask.run(FutureTask.java:266)
	at java.lang.Thread.run(Thread.java:748)
40) test038(org.apache.commons.jxpath.ri.model.dom.DOMNodePointer_ESTest)
java.lang.NullPointerException
	at org.apache.xerces.dom.ElementImpl.synchronizeData(Unknown Source)
	at org.apache.xerces.dom.ElementImpl.getAttribute(Unknown Source)
	at org.apache.html.dom.HTMLElementImpl.getAttribute(Unknown Source)
	at org.apache.commons.jxpath.ri.model.dom.DOMNodePointer.findEnclosingAttribute(DOMNodePointer.java:398)
	at org.apache.commons.jxpath.ri.model.dom.DOMNodePointer.getLanguage(DOMNodePointer.java:413)
	at org.apache.commons.jxpath.ri.model.dom.DOMNodePointer_ESTest.test038(DOMNodePointer_ESTest.java:727)
	at sun.reflect.NativeMethodAccessorImpl.invoke0(Native Method)
	at sun.reflect.NativeMethodAccessorImpl.invoke(NativeMethodAccessorImpl.java:62)
	at sun.reflect.DelegatingMethodAccessorImpl.invoke(DelegatingMethodAccessorImpl.java:43)
	at java.lang.reflect.Method.invoke(Method.java:498)
	at org.junit.runners.model.FrameworkMethod$1.runReflectiveCall(FrameworkMethod.java:50)
	at org.junit.internal.runners.model.ReflectiveCallable.run(ReflectiveCallable.java:12)
	at org.junit.runners.model.FrameworkMethod.invokeExplosively(FrameworkMethod.java:47)
	at org.junit.internal.runners.statements.InvokeMethod.evaluate(InvokeMethod.java:17)
	at org.junit.internal.runners.statements.FailOnTimeout$CallableStatement.call(FailOnTimeout.java:298)
	at org.junit.internal.runners.statements.FailOnTimeout$CallableStatement.call(FailOnTimeout.java:292)
	at java.util.concurrent.FutureTask.run(FutureTask.java:266)
	at java.lang.Thread.run(Thread.java:748)
41) test037(org.apache.commons.jxpath.ri.model.dom.DOMNodePointer_ESTest)
java.lang.NullPointerException
	at org.apache.commons.jxpath.ri.model.dom.DOMNodePointer.getLocalName(DOMNodePointer.java:767)
	at org.apache.commons.jxpath.ri.model.dom.DOMNodePointer_ESTest.test037(DOMNodePointer_ESTest.java:709)
	at sun.reflect.NativeMethodAccessorImpl.invoke0(Native Method)
	at sun.reflect.NativeMethodAccessorImpl.invoke(NativeMethodAccessorImpl.java:62)
	at sun.reflect.DelegatingMethodAccessorImpl.invoke(DelegatingMethodAccessorImpl.java:43)
	at java.lang.reflect.Method.invoke(Method.java:498)
	at org.junit.runners.model.FrameworkMethod$1.runReflectiveCall(FrameworkMethod.java:50)
	at org.junit.internal.runners.model.ReflectiveCallable.run(ReflectiveCallable.java:12)
	at org.junit.runners.model.FrameworkMethod.invokeExplosively(FrameworkMethod.java:47)
	at org.junit.internal.runners.statements.InvokeMethod.evaluate(InvokeMethod.java:17)
	at org.junit.internal.runners.statements.FailOnTimeout$CallableStatement.call(FailOnTimeout.java:298)
	at org.junit.internal.runners.statements.FailOnTimeout$CallableStatement.call(FailOnTimeout.java:292)
	at java.util.concurrent.FutureTask.run(FutureTask.java:266)
	at java.lang.Thread.run(Thread.java:748)
42) test035(org.apache.commons.jxpath.ri.model.dom.DOMNodePointer_ESTest)
java.lang.NullPointerException
	at org.apache.commons.jxpath.ri.model.dom.DOMNodePointer.getName(DOMNodePointer.java:190)
	at org.apache.commons.jxpath.ri.model.dom.DOMNodePointer_ESTest.test035(DOMNodePointer_ESTest.java:675)
	at sun.reflect.NativeMethodAccessorImpl.invoke0(Native Method)
	at sun.reflect.NativeMethodAccessorImpl.invoke(NativeMethodAccessorImpl.java:62)
	at sun.reflect.DelegatingMethodAccessorImpl.invoke(DelegatingMethodAccessorImpl.java:43)
	at java.lang.reflect.Method.invoke(Method.java:498)
	at org.junit.runners.model.FrameworkMethod$1.runReflectiveCall(FrameworkMethod.java:50)
	at org.junit.internal.runners.model.ReflectiveCallable.run(ReflectiveCallable.java:12)
	at org.junit.runners.model.FrameworkMethod.invokeExplosively(FrameworkMethod.java:47)
	at org.junit.internal.runners.statements.InvokeMethod.evaluate(InvokeMethod.java:17)
	at org.junit.internal.runners.statements.FailOnTimeout$CallableStatement.call(FailOnTimeout.java:298)
	at org.junit.internal.runners.statements.FailOnTimeout$CallableStatement.call(FailOnTimeout.java:292)
	at java.util.concurrent.FutureTask.run(FutureTask.java:266)
	at java.lang.Thread.run(Thread.java:748)
43) test055(org.apache.commons.jxpath.ri.model.dom.DOMNodePointer_ESTest)
java.lang.NullPointerException
	at org.apache.commons.jxpath.ri.model.dom.DOMNodePointer.getLocalName(DOMNodePointer.java:767)
	at org.apache.commons.jxpath.ri.model.dom.DOMNodePointer.asPath(DOMNodePointer.java:577)
	at org.apache.commons.jxpath.ri.model.dom.DOMNodePointer_ESTest.test055(DOMNodePointer_ESTest.java:1063)
	at sun.reflect.NativeMethodAccessorImpl.invoke0(Native Method)
	at sun.reflect.NativeMethodAccessorImpl.invoke(NativeMethodAccessorImpl.java:62)
	at sun.reflect.DelegatingMethodAccessorImpl.invoke(DelegatingMethodAccessorImpl.java:43)
	at java.lang.reflect.Method.invoke(Method.java:498)
	at org.junit.runners.model.FrameworkMethod$1.runReflectiveCall(FrameworkMethod.java:50)
	at org.junit.internal.runners.model.ReflectiveCallable.run(ReflectiveCallable.java:12)
	at org.junit.runners.model.FrameworkMethod.invokeExplosively(FrameworkMethod.java:47)
	at org.junit.internal.runners.statements.InvokeMethod.evaluate(InvokeMethod.java:17)
	at org.junit.internal.runners.statements.FailOnTimeout$CallableStatement.call(FailOnTimeout.java:298)
	at org.junit.internal.runners.statements.FailOnTimeout$CallableStatement.call(FailOnTimeout.java:292)
	at java.util.concurrent.FutureTask.run(FutureTask.java:266)
	at java.lang.Thread.run(Thread.java:748)
44) test054(org.apache.commons.jxpath.ri.model.dom.DOMNodePointer_ESTest)
java.lang.NullPointerException
	at org.apache.commons.jxpath.ri.model.dom.DOMAttributeIterator.<init>(DOMAttributeIterator.java:49)
	at org.apache.commons.jxpath.ri.model.dom.DOMNodePointer.attributeIterator(DOMNodePointer.java:223)
	at org.apache.commons.jxpath.ri.model.dom.DOMNodePointer_ESTest.test054(DOMNodePointer_ESTest.java:1042)
	at sun.reflect.NativeMethodAccessorImpl.invoke0(Native Method)
	at sun.reflect.NativeMethodAccessorImpl.invoke(NativeMethodAccessorImpl.java:62)
	at sun.reflect.DelegatingMethodAccessorImpl.invoke(DelegatingMethodAccessorImpl.java:43)
	at java.lang.reflect.Method.invoke(Method.java:498)
	at org.junit.runners.model.FrameworkMethod$1.runReflectiveCall(FrameworkMethod.java:50)
	at org.junit.internal.runners.model.ReflectiveCallable.run(ReflectiveCallable.java:12)
	at org.junit.runners.model.FrameworkMethod.invokeExplosively(FrameworkMethod.java:47)
	at org.junit.internal.runners.statements.InvokeMethod.evaluate(InvokeMethod.java:17)
	at org.junit.internal.runners.statements.FailOnTimeout$CallableStatement.call(FailOnTimeout.java:298)
	at org.junit.internal.runners.statements.FailOnTimeout$CallableStatement.call(FailOnTimeout.java:292)
	at java.util.concurrent.FutureTask.run(FutureTask.java:266)
	at java.lang.Thread.run(Thread.java:748)
45) test053(org.apache.commons.jxpath.ri.model.dom.DOMNodePointer_ESTest)
java.lang.ClassCastException: org.apache.commons.jxpath.ri.QName cannot be cast to org.w3c.dom.Node
	at org.apache.commons.jxpath.ri.model.dom.DOMNodeIterator.<init>(DOMNodeIterator.java:47)
	at org.apache.commons.jxpath.ri.model.dom.DOMNodePointer.childIterator(DOMNodePointer.java:216)
	at org.apache.commons.jxpath.ri.model.dom.DOMNodePointer_ESTest.test053(DOMNodePointer_ESTest.java:1022)
	at sun.reflect.NativeMethodAccessorImpl.invoke0(Native Method)
	at sun.reflect.NativeMethodAccessorImpl.invoke(NativeMethodAccessorImpl.java:62)
	at sun.reflect.DelegatingMethodAccessorImpl.invoke(DelegatingMethodAccessorImpl.java:43)
	at java.lang.reflect.Method.invoke(Method.java:498)
	at org.junit.runners.model.FrameworkMethod$1.runReflectiveCall(FrameworkMethod.java:50)
	at org.junit.internal.runners.model.ReflectiveCallable.run(ReflectiveCallable.java:12)
	at org.junit.runners.model.FrameworkMethod.invokeExplosively(FrameworkMethod.java:47)
	at org.junit.internal.runners.statements.InvokeMethod.evaluate(InvokeMethod.java:17)
	at org.junit.internal.runners.statements.FailOnTimeout$CallableStatement.call(FailOnTimeout.java:298)
	at org.junit.internal.runners.statements.FailOnTimeout$CallableStatement.call(FailOnTimeout.java:292)
	at java.util.concurrent.FutureTask.run(FutureTask.java:266)
	at java.lang.Thread.run(Thread.java:748)
46) test052(org.apache.commons.jxpath.ri.model.dom.DOMNodePointer_ESTest)
org.evosuite.runtime.mock.java.lang.MockIllegalArgumentException: No such variable: 'Y5,mzbR+0:HBg+k~5-v/MDJC>'
	at org.apache.commons.jxpath.BasicVariables.getVariable(BasicVariables.java:61)
	at org.apache.commons.jxpath.ri.model.VariablePointer.getBaseValue(VariablePointer.java:86)
	at org.apache.commons.jxpath.ri.model.VariablePointer.getImmediateNode(VariablePointer.java:109)
	at org.apache.commons.jxpath.ri.model.VariablePointer.getImmediateValuePointer(VariablePointer.java:153)
	at org.apache.commons.jxpath.ri.model.NodePointer.getValuePointer(NodePointer.java:246)
	at org.apache.commons.jxpath.ri.model.NodePointer.getNode(NodePointer.java:308)
	at org.apache.commons.jxpath.ri.model.dom.DOMNodeIterator.<init>(DOMNodeIterator.java:47)
	at org.apache.commons.jxpath.ri.model.dom.DOMNodePointer.childIterator(DOMNodePointer.java:216)
	at org.apache.commons.jxpath.ri.model.dom.DOMNodePointer_ESTest.test052(DOMNodePointer_ESTest.java:1000)
	at sun.reflect.NativeMethodAccessorImpl.invoke0(Native Method)
	at sun.reflect.NativeMethodAccessorImpl.invoke(NativeMethodAccessorImpl.java:62)
	at sun.reflect.DelegatingMethodAccessorImpl.invoke(DelegatingMethodAccessorImpl.java:43)
	at java.lang.reflect.Method.invoke(Method.java:498)
	at org.junit.runners.model.FrameworkMethod$1.runReflectiveCall(FrameworkMethod.java:50)
	at org.junit.internal.runners.model.ReflectiveCallable.run(ReflectiveCallable.java:12)
	at org.junit.runners.model.FrameworkMethod.invokeExplosively(FrameworkMethod.java:47)
	at org.junit.internal.runners.statements.InvokeMethod.evaluate(InvokeMethod.java:17)
	at org.junit.internal.runners.statements.FailOnTimeout$CallableStatement.call(FailOnTimeout.java:298)
	at org.junit.internal.runners.statements.FailOnTimeout$CallableStatement.call(FailOnTimeout.java:292)
	at java.util.concurrent.FutureTask.run(FutureTask.java:266)
	at java.lang.Thread.run(Thread.java:748)
47) test051(org.apache.commons.jxpath.ri.model.dom.DOMNodePointer_ESTest)
org.apache.commons.jxpath.JXPathException: Undefined variable: T;mUawcfpxNj!A_QYmW
	at org.apache.commons.jxpath.ri.model.VariablePointer$1.getImmediateNode(VariablePointer.java:160)
	at org.apache.commons.jxpath.ri.model.NodePointer.getNode(NodePointer.java:308)
	at org.apache.commons.jxpath.ri.model.dom.DOMNodeIterator.<init>(DOMNodeIterator.java:47)
	at org.apache.commons.jxpath.ri.model.dom.DOMNodePointer.childIterator(DOMNodePointer.java:216)
	at org.apache.commons.jxpath.ri.model.dom.DOMNodePointer_ESTest.test051(DOMNodePointer_ESTest.java:980)
	at sun.reflect.NativeMethodAccessorImpl.invoke0(Native Method)
	at sun.reflect.NativeMethodAccessorImpl.invoke(NativeMethodAccessorImpl.java:62)
	at sun.reflect.DelegatingMethodAccessorImpl.invoke(DelegatingMethodAccessorImpl.java:43)
	at java.lang.reflect.Method.invoke(Method.java:498)
	at org.junit.runners.model.FrameworkMethod$1.runReflectiveCall(FrameworkMethod.java:50)
	at org.junit.internal.runners.model.ReflectiveCallable.run(ReflectiveCallable.java:12)
	at org.junit.runners.model.FrameworkMethod.invokeExplosively(FrameworkMethod.java:47)
	at org.junit.internal.runners.statements.InvokeMethod.evaluate(InvokeMethod.java:17)
	at org.junit.internal.runners.statements.FailOnTimeout$CallableStatement.call(FailOnTimeout.java:298)
	at org.junit.internal.runners.statements.FailOnTimeout$CallableStatement.call(FailOnTimeout.java:292)
	at java.util.concurrent.FutureTask.run(FutureTask.java:266)
	at java.lang.Thread.run(Thread.java:748)
48) test050(org.apache.commons.jxpath.ri.model.dom.DOMNodePointer_ESTest)
java.lang.ClassCastException: java.util.Locale cannot be cast to org.w3c.dom.Node
	at org.apache.commons.jxpath.ri.model.dom.DOMNodePointer.compareChildNodePointers(DOMNodePointer.java:879)
	at org.apache.commons.jxpath.ri.model.dom.DOMNodePointer_ESTest.test050(DOMNodePointer_ESTest.java:960)
	at sun.reflect.NativeMethodAccessorImpl.invoke0(Native Method)
	at sun.reflect.NativeMethodAccessorImpl.invoke(NativeMethodAccessorImpl.java:62)
	at sun.reflect.DelegatingMethodAccessorImpl.invoke(DelegatingMethodAccessorImpl.java:43)
	at java.lang.reflect.Method.invoke(Method.java:498)
	at org.junit.runners.model.FrameworkMethod$1.runReflectiveCall(FrameworkMethod.java:50)
	at org.junit.internal.runners.model.ReflectiveCallable.run(ReflectiveCallable.java:12)
	at org.junit.runners.model.FrameworkMethod.invokeExplosively(FrameworkMethod.java:47)
	at org.junit.internal.runners.statements.InvokeMethod.evaluate(InvokeMethod.java:17)
	at org.junit.internal.runners.statements.FailOnTimeout$CallableStatement.call(FailOnTimeout.java:298)
	at org.junit.internal.runners.statements.FailOnTimeout$CallableStatement.call(FailOnTimeout.java:292)
	at java.util.concurrent.FutureTask.run(FutureTask.java:266)
	at java.lang.Thread.run(Thread.java:748)
49) test049(org.apache.commons.jxpath.ri.model.dom.DOMNodePointer_ESTest)
org.evosuite.runtime.mock.java.lang.MockIllegalArgumentException: No such variable: '<<unknown namespace>>:Mo5p'
	at org.apache.commons.jxpath.BasicVariables.getVariable(BasicVariables.java:61)
	at org.apache.commons.jxpath.ri.model.VariablePointer.getBaseValue(VariablePointer.java:86)
	at org.apache.commons.jxpath.ri.model.dom.DOMNodePointer.compareChildNodePointers(DOMNodePointer.java:880)
	at org.apache.commons.jxpath.ri.model.dom.DOMNodePointer_ESTest.test049(DOMNodePointer_ESTest.java:939)
	at sun.reflect.NativeMethodAccessorImpl.invoke0(Native Method)
	at sun.reflect.NativeMethodAccessorImpl.invoke(NativeMethodAccessorImpl.java:62)
	at sun.reflect.DelegatingMethodAccessorImpl.invoke(DelegatingMethodAccessorImpl.java:43)
	at java.lang.reflect.Method.invoke(Method.java:498)
	at org.junit.runners.model.FrameworkMethod$1.runReflectiveCall(FrameworkMethod.java:50)
	at org.junit.internal.runners.model.ReflectiveCallable.run(ReflectiveCallable.java:12)
	at org.junit.runners.model.FrameworkMethod.invokeExplosively(FrameworkMethod.java:47)
	at org.junit.internal.runners.statements.InvokeMethod.evaluate(InvokeMethod.java:17)
	at org.junit.internal.runners.statements.FailOnTimeout$CallableStatement.call(FailOnTimeout.java:298)
	at org.junit.internal.runners.statements.FailOnTimeout$CallableStatement.call(FailOnTimeout.java:292)
	at java.util.concurrent.FutureTask.run(FutureTask.java:266)
	at java.lang.Thread.run(Thread.java:748)
50) test048(org.apache.commons.jxpath.ri.model.dom.DOMNodePointer_ESTest)
java.lang.NullPointerException
	at org.apache.commons.jxpath.ri.model.dom.DOMNodePointer.compareChildNodePointers(DOMNodePointer.java:879)
	at org.apache.commons.jxpath.ri.model.dom.DOMNodePointer_ESTest.test048(DOMNodePointer_ESTest.java:918)
	at sun.reflect.NativeMethodAccessorImpl.invoke0(Native Method)
	at sun.reflect.NativeMethodAccessorImpl.invoke(NativeMethodAccessorImpl.java:62)
	at sun.reflect.DelegatingMethodAccessorImpl.invoke(DelegatingMethodAccessorImpl.java:43)
	at java.lang.reflect.Method.invoke(Method.java:498)
	at org.junit.runners.model.FrameworkMethod$1.runReflectiveCall(FrameworkMethod.java:50)
	at org.junit.internal.runners.model.ReflectiveCallable.run(ReflectiveCallable.java:12)
	at org.junit.runners.model.FrameworkMethod.invokeExplosively(FrameworkMethod.java:47)
	at org.junit.internal.runners.statements.InvokeMethod.evaluate(InvokeMethod.java:17)
	at org.junit.internal.runners.statements.FailOnTimeout$CallableStatement.call(FailOnTimeout.java:298)
	at org.junit.internal.runners.statements.FailOnTimeout$CallableStatement.call(FailOnTimeout.java:292)
	at java.util.concurrent.FutureTask.run(FutureTask.java:266)
	at java.lang.Thread.run(Thread.java:748)
51) test047(org.apache.commons.jxpath.ri.model.dom.DOMNodePointer_ESTest)
org.apache.commons.jxpath.JXPathException: Undefined variable: nodev()
	at org.apache.commons.jxpath.ri.model.VariablePointer.getBaseValue(VariablePointer.java:84)
	at org.apache.commons.jxpath.ri.model.dom.DOMNodePointer.compareChildNodePointers(DOMNodePointer.java:879)
	at org.apache.commons.jxpath.ri.model.dom.DOMNodePointer_ESTest.test047(DOMNodePointer_ESTest.java:899)
	at sun.reflect.NativeMethodAccessorImpl.invoke0(Native Method)
	at sun.reflect.NativeMethodAccessorImpl.invoke(NativeMethodAccessorImpl.java:62)
	at sun.reflect.DelegatingMethodAccessorImpl.invoke(DelegatingMethodAccessorImpl.java:43)
	at java.lang.reflect.Method.invoke(Method.java:498)
	at org.junit.runners.model.FrameworkMethod$1.runReflectiveCall(FrameworkMethod.java:50)
	at org.junit.internal.runners.model.ReflectiveCallable.run(ReflectiveCallable.java:12)
	at org.junit.runners.model.FrameworkMethod.invokeExplosively(FrameworkMethod.java:47)
	at org.junit.internal.runners.statements.InvokeMethod.evaluate(InvokeMethod.java:17)
	at org.junit.internal.runners.statements.FailOnTimeout$CallableStatement.call(FailOnTimeout.java:298)
	at org.junit.internal.runners.statements.FailOnTimeout$CallableStatement.call(FailOnTimeout.java:292)
	at java.util.concurrent.FutureTask.run(FutureTask.java:266)
	at java.lang.Thread.run(Thread.java:748)
52) test046(org.apache.commons.jxpath.ri.model.dom.DOMNodePointer_ESTest)
java.lang.IndexOutOfBoundsException: Index: 0, Size: 0
	at java.util.ArrayList.rangeCheck(ArrayList.java:659)
	at java.util.ArrayList.get(ArrayList.java:435)
	at org.apache.commons.jxpath.ri.model.dom.DOMAttributeIterator.getNodePointer(DOMAttributeIterator.java:146)
	at org.apache.commons.jxpath.ri.model.dom.DOMNodePointer.createAttribute(DOMNodePointer.java:541)
	at org.apache.commons.jxpath.ri.model.dom.DOMNodePointer_ESTest.test046(DOMNodePointer_ESTest.java:880)
	at sun.reflect.NativeMethodAccessorImpl.invoke0(Native Method)
	at sun.reflect.NativeMethodAccessorImpl.invoke(NativeMethodAccessorImpl.java:62)
	at sun.reflect.DelegatingMethodAccessorImpl.invoke(DelegatingMethodAccessorImpl.java:43)
	at java.lang.reflect.Method.invoke(Method.java:498)
	at org.junit.runners.model.FrameworkMethod$1.runReflectiveCall(FrameworkMethod.java:50)
	at org.junit.internal.runners.model.ReflectiveCallable.run(ReflectiveCallable.java:12)
	at org.junit.runners.model.FrameworkMethod.invokeExplosively(FrameworkMethod.java:47)
	at org.junit.internal.runners.statements.InvokeMethod.evaluate(InvokeMethod.java:17)
	at org.junit.internal.runners.statements.FailOnTimeout$CallableStatement.call(FailOnTimeout.java:298)
	at org.junit.internal.runners.statements.FailOnTimeout$CallableStatement.call(FailOnTimeout.java:292)
	at java.util.concurrent.FutureTask.run(FutureTask.java:266)
	at java.lang.Thread.run(Thread.java:748)

FAILURES!!!
Tests run: 165,  Failures: 52

