JUnit version 4.12
........................E..E...E..E..E..E..E..E.....E..E..E...E..E..E......E.E..E..E...............E..E...........................E.....................E................E..........E.................................................................
Time: 22.181
There were 24 failures:
1) test139(org.apache.commons.csv.CSVFormat_ESTest)
org.evosuite.runtime.mock.java.lang.MockIllegalArgumentException: Parameter 'reader' must not be null!
	at org.apache.commons.csv.Assertions.notNull(Assertions.java:35)
	at org.apache.commons.csv.CSVParser.<init>(CSVParser.java:279)
	at org.apache.commons.csv.CSVParser.<init>(CSVParser.java:252)
	at org.apache.commons.csv.CSVFormat.parse(CSVFormat.java:743)
	at org.apache.commons.csv.CSVFormat_ESTest.test139(CSVFormat_ESTest.java:2283)
	at sun.reflect.NativeMethodAccessorImpl.invoke0(Native Method)
	at sun.reflect.NativeMethodAccessorImpl.invoke(NativeMethodAccessorImpl.java:62)
	at sun.reflect.DelegatingMethodAccessorImpl.invoke(DelegatingMethodAccessorImpl.java:43)
	at java.lang.reflect.Method.invoke(Method.java:498)
	at org.junit.runners.model.FrameworkMethod$1.runReflectiveCall(FrameworkMethod.java:50)
	at org.junit.internal.runners.model.ReflectiveCallable.run(ReflectiveCallable.java:12)
	at org.junit.runners.model.FrameworkMethod.invokeExplosively(FrameworkMethod.java:47)
	at org.junit.internal.runners.statements.InvokeMethod.evaluate(InvokeMethod.java:17)
	at org.junit.internal.runners.statements.FailOnTimeout$CallableStatement.call(FailOnTimeout.java:298)
	at org.junit.internal.runners.statements.FailOnTimeout$CallableStatement.call(FailOnTimeout.java:292)
	at java.util.concurrent.FutureTask.run(FutureTask.java:266)
	at java.lang.Thread.run(Thread.java:748)
2) test138(org.apache.commons.csv.CSVFormat_ESTest)
java.io.IOException: Pipe not connected
	at java.io.PipedWriter.write(PipedWriter.java:146)
	at java.io.Writer.write(Writer.java:192)
	at java.io.Writer.write(Writer.java:157)
	at java.io.Writer.append(Writer.java:269)
	at java.io.Writer.append(Writer.java:50)
	at org.apache.commons.csv.CSVPrinter.printAndQuote(CSVPrinter.java:262)
	at org.apache.commons.csv.CSVPrinter.print(CSVPrinter.java:141)
	at org.apache.commons.csv.CSVPrinter.print(CSVPrinter.java:131)
	at org.apache.commons.csv.CSVPrinter.printRecord(CSVPrinter.java:394)
	at org.apache.commons.csv.CSVPrinter.<init>(CSVPrinter.java:77)
	at org.apache.commons.csv.CSVFormat.print(CSVFormat.java:760)
	at org.apache.commons.csv.CSVFormat_ESTest.test138(CSVFormat_ESTest.java:2267)
	at sun.reflect.NativeMethodAccessorImpl.invoke0(Native Method)
	at sun.reflect.NativeMethodAccessorImpl.invoke(NativeMethodAccessorImpl.java:62)
	at sun.reflect.DelegatingMethodAccessorImpl.invoke(DelegatingMethodAccessorImpl.java:43)
	at java.lang.reflect.Method.invoke(Method.java:498)
	at org.junit.runners.model.FrameworkMethod$1.runReflectiveCall(FrameworkMethod.java:50)
	at org.junit.internal.runners.model.ReflectiveCallable.run(ReflectiveCallable.java:12)
	at org.junit.runners.model.FrameworkMethod.invokeExplosively(FrameworkMethod.java:47)
	at org.junit.internal.runners.statements.InvokeMethod.evaluate(InvokeMethod.java:17)
	at org.junit.internal.runners.statements.FailOnTimeout$CallableStatement.call(FailOnTimeout.java:298)
	at org.junit.internal.runners.statements.FailOnTimeout$CallableStatement.call(FailOnTimeout.java:292)
	at java.util.concurrent.FutureTask.run(FutureTask.java:266)
	at java.lang.Thread.run(Thread.java:748)
3) test135(org.apache.commons.csv.CSVFormat_ESTest)
org.evosuite.runtime.mock.java.lang.MockIllegalArgumentException: The comment start and the escape character cannot be the same ('{')
	at org.apache.commons.csv.CSVFormat.validate(CSVFormat.java:839)
	at org.apache.commons.csv.CSVFormat.<init>(CSVFormat.java:434)
	at org.apache.commons.csv.CSVFormat.withEscape(CSVFormat.java:938)
	at org.apache.commons.csv.CSVFormat.withEscape(CSVFormat.java:922)
	at org.apache.commons.csv.CSVFormat_ESTest.test135(CSVFormat_ESTest.java:2204)
	at sun.reflect.NativeMethodAccessorImpl.invoke0(Native Method)
	at sun.reflect.NativeMethodAccessorImpl.invoke(NativeMethodAccessorImpl.java:62)
	at sun.reflect.DelegatingMethodAccessorImpl.invoke(DelegatingMethodAccessorImpl.java:43)
	at java.lang.reflect.Method.invoke(Method.java:498)
	at org.junit.runners.model.FrameworkMethod$1.runReflectiveCall(FrameworkMethod.java:50)
	at org.junit.internal.runners.model.ReflectiveCallable.run(ReflectiveCallable.java:12)
	at org.junit.runners.model.FrameworkMethod.invokeExplosively(FrameworkMethod.java:47)
	at org.junit.internal.runners.statements.InvokeMethod.evaluate(InvokeMethod.java:17)
	at org.junit.internal.runners.statements.FailOnTimeout$CallableStatement.call(FailOnTimeout.java:298)
	at org.junit.internal.runners.statements.FailOnTimeout$CallableStatement.call(FailOnTimeout.java:292)
	at java.util.concurrent.FutureTask.run(FutureTask.java:266)
	at java.lang.Thread.run(Thread.java:748)
4) test134(org.apache.commons.csv.CSVFormat_ESTest)
java.lang.NegativeArraySizeException
	at org.apache.commons.csv.CSVFormat.withHeader(CSVFormat.java:1029)
	at org.apache.commons.csv.CSVFormat.withHeader(CSVFormat.java:997)
	at org.apache.commons.csv.CSVFormat_ESTest.test134(CSVFormat_ESTest.java:2185)
	at sun.reflect.NativeMethodAccessorImpl.invoke0(Native Method)
	at sun.reflect.NativeMethodAccessorImpl.invoke(NativeMethodAccessorImpl.java:62)
	at sun.reflect.DelegatingMethodAccessorImpl.invoke(DelegatingMethodAccessorImpl.java:43)
	at java.lang.reflect.Method.invoke(Method.java:498)
	at org.junit.runners.model.FrameworkMethod$1.runReflectiveCall(FrameworkMethod.java:50)
	at org.junit.internal.runners.model.ReflectiveCallable.run(ReflectiveCallable.java:12)
	at org.junit.runners.model.FrameworkMethod.invokeExplosively(FrameworkMethod.java:47)
	at org.junit.internal.runners.statements.InvokeMethod.evaluate(InvokeMethod.java:17)
	at org.junit.internal.runners.statements.FailOnTimeout$CallableStatement.call(FailOnTimeout.java:298)
	at org.junit.internal.runners.statements.FailOnTimeout$CallableStatement.call(FailOnTimeout.java:292)
	at java.util.concurrent.FutureTask.run(FutureTask.java:266)
	at java.lang.Thread.run(Thread.java:748)
5) test137(org.apache.commons.csv.CSVFormat_ESTest)
org.evosuite.runtime.mock.java.lang.MockIllegalArgumentException: Parameter 'out' must not be null!
	at org.apache.commons.csv.Assertions.notNull(Assertions.java:35)
	at org.apache.commons.csv.CSVPrinter.<init>(CSVPrinter.java:62)
	at org.apache.commons.csv.CSVFormat.print(CSVFormat.java:760)
	at org.apache.commons.csv.CSVFormat_ESTest.test137(CSVFormat_ESTest.java:2245)
	at sun.reflect.NativeMethodAccessorImpl.invoke0(Native Method)
	at sun.reflect.NativeMethodAccessorImpl.invoke(NativeMethodAccessorImpl.java:62)
	at sun.reflect.DelegatingMethodAccessorImpl.invoke(DelegatingMethodAccessorImpl.java:43)
	at java.lang.reflect.Method.invoke(Method.java:498)
	at org.junit.runners.model.FrameworkMethod$1.runReflectiveCall(FrameworkMethod.java:50)
	at org.junit.internal.runners.model.ReflectiveCallable.run(ReflectiveCallable.java:12)
	at org.junit.runners.model.FrameworkMethod.invokeExplosively(FrameworkMethod.java:47)
	at org.junit.internal.runners.statements.InvokeMethod.evaluate(InvokeMethod.java:17)
	at org.junit.internal.runners.statements.FailOnTimeout$CallableStatement.call(FailOnTimeout.java:298)
	at org.junit.internal.runners.statements.FailOnTimeout$CallableStatement.call(FailOnTimeout.java:292)
	at java.util.concurrent.FutureTask.run(FutureTask.java:266)
	at java.lang.Thread.run(Thread.java:748)
6) test136(org.apache.commons.csv.CSVFormat_ESTest)
java.nio.BufferOverflowException
	at java.nio.CharBuffer.put(CharBuffer.java:922)
	at java.nio.CharBuffer.put(CharBuffer.java:950)
	at java.nio.CharBuffer.append(CharBuffer.java:1400)
	at java.nio.CharBuffer.append(CharBuffer.java:262)
	at org.apache.commons.csv.CSVPrinter.printAndEscape(CSVPrinter.java:185)
	at org.apache.commons.csv.CSVPrinter.print(CSVPrinter.java:143)
	at org.apache.commons.csv.CSVPrinter.print(CSVPrinter.java:131)
	at org.apache.commons.csv.CSVPrinter.printRecord(CSVPrinter.java:394)
	at org.apache.commons.csv.CSVPrinter.<init>(CSVPrinter.java:77)
	at org.apache.commons.csv.CSVFormat.print(CSVFormat.java:760)
	at org.apache.commons.csv.CSVFormat_ESTest.test136(CSVFormat_ESTest.java:2229)
	at sun.reflect.NativeMethodAccessorImpl.invoke0(Native Method)
	at sun.reflect.NativeMethodAccessorImpl.invoke(NativeMethodAccessorImpl.java:62)
	at sun.reflect.DelegatingMethodAccessorImpl.invoke(DelegatingMethodAccessorImpl.java:43)
	at java.lang.reflect.Method.invoke(Method.java:498)
	at org.junit.runners.model.FrameworkMethod$1.runReflectiveCall(FrameworkMethod.java:50)
	at org.junit.internal.runners.model.ReflectiveCallable.run(ReflectiveCallable.java:12)
	at org.junit.runners.model.FrameworkMethod.invokeExplosively(FrameworkMethod.java:47)
	at org.junit.internal.runners.statements.InvokeMethod.evaluate(InvokeMethod.java:17)
	at org.junit.internal.runners.statements.FailOnTimeout$CallableStatement.call(FailOnTimeout.java:298)
	at org.junit.internal.runners.statements.FailOnTimeout$CallableStatement.call(FailOnTimeout.java:292)
	at java.util.concurrent.FutureTask.run(FutureTask.java:266)
	at java.lang.Thread.run(Thread.java:748)
7) test142(org.apache.commons.csv.CSVFormat_ESTest)
org.evosuite.runtime.mock.java.lang.MockIllegalArgumentException: The header contains a duplicate entry: 'null' in [null, null, null, null, null, null, null, null]
	at org.apache.commons.csv.CSVFormat.validate(CSVFormat.java:852)
	at org.apache.commons.csv.CSVFormat.<init>(CSVFormat.java:434)
	at org.apache.commons.csv.CSVFormat.withHeader(CSVFormat.java:1034)
	at org.apache.commons.csv.CSVFormat_ESTest.test142(CSVFormat_ESTest.java:2335)
	at sun.reflect.NativeMethodAccessorImpl.invoke0(Native Method)
	at sun.reflect.NativeMethodAccessorImpl.invoke(NativeMethodAccessorImpl.java:62)
	at sun.reflect.DelegatingMethodAccessorImpl.invoke(DelegatingMethodAccessorImpl.java:43)
	at java.lang.reflect.Method.invoke(Method.java:498)
	at org.junit.runners.model.FrameworkMethod$1.runReflectiveCall(FrameworkMethod.java:50)
	at org.junit.internal.runners.model.ReflectiveCallable.run(ReflectiveCallable.java:12)
	at org.junit.runners.model.FrameworkMethod.invokeExplosively(FrameworkMethod.java:47)
	at org.junit.internal.runners.statements.InvokeMethod.evaluate(InvokeMethod.java:17)
	at org.junit.internal.runners.statements.FailOnTimeout$CallableStatement.call(FailOnTimeout.java:298)
	at org.junit.internal.runners.statements.FailOnTimeout$CallableStatement.call(FailOnTimeout.java:292)
	at java.util.concurrent.FutureTask.run(FutureTask.java:266)
	at java.lang.Thread.run(Thread.java:748)
8) test141(org.apache.commons.csv.CSVFormat_ESTest)
java.lang.NullPointerException
	at org.apache.commons.csv.CSVPrinter.printRecord(CSVPrinter.java:393)
	at org.apache.commons.csv.CSVFormat.format(CSVFormat.java:528)
	at org.apache.commons.csv.CSVFormat_ESTest.test141(CSVFormat_ESTest.java:2317)
	at sun.reflect.NativeMethodAccessorImpl.invoke0(Native Method)
	at sun.reflect.NativeMethodAccessorImpl.invoke(NativeMethodAccessorImpl.java:62)
	at sun.reflect.DelegatingMethodAccessorImpl.invoke(DelegatingMethodAccessorImpl.java:43)
	at java.lang.reflect.Method.invoke(Method.java:498)
	at org.junit.runners.model.FrameworkMethod$1.runReflectiveCall(FrameworkMethod.java:50)
	at org.junit.internal.runners.model.ReflectiveCallable.run(ReflectiveCallable.java:12)
	at org.junit.runners.model.FrameworkMethod.invokeExplosively(FrameworkMethod.java:47)
	at org.junit.internal.runners.statements.InvokeMethod.evaluate(InvokeMethod.java:17)
	at org.junit.internal.runners.statements.FailOnTimeout$CallableStatement.call(FailOnTimeout.java:298)
	at org.junit.internal.runners.statements.FailOnTimeout$CallableStatement.call(FailOnTimeout.java:292)
	at java.util.concurrent.FutureTask.run(FutureTask.java:266)
	at java.lang.Thread.run(Thread.java:748)
9) test140(org.apache.commons.csv.CSVFormat_ESTest)
java.io.IOException: Pipe not connected
	at java.io.PipedReader.read(PipedReader.java:292)
	at java.io.BufferedReader.fill(BufferedReader.java:161)
	at java.io.BufferedReader.read(BufferedReader.java:182)
	at org.apache.commons.csv.ExtendedBufferedReader.read(ExtendedBufferedReader.java:60)
	at org.apache.commons.csv.Lexer.nextToken(Lexer.java:89)
	at org.apache.commons.csv.CSVParser.nextRecord(CSVParser.java:497)
	at org.apache.commons.csv.CSVParser.initializeHeader(CSVParser.java:385)
	at org.apache.commons.csv.CSVParser.<init>(CSVParser.java:284)
	at org.apache.commons.csv.CSVParser.<init>(CSVParser.java:252)
	at org.apache.commons.csv.CSVFormat.parse(CSVFormat.java:743)
	at org.apache.commons.csv.CSVFormat_ESTest.test140(CSVFormat_ESTest.java:2301)
	at sun.reflect.NativeMethodAccessorImpl.invoke0(Native Method)
	at sun.reflect.NativeMethodAccessorImpl.invoke(NativeMethodAccessorImpl.java:62)
	at sun.reflect.DelegatingMethodAccessorImpl.invoke(DelegatingMethodAccessorImpl.java:43)
	at java.lang.reflect.Method.invoke(Method.java:498)
	at org.junit.runners.model.FrameworkMethod$1.runReflectiveCall(FrameworkMethod.java:50)
	at org.junit.internal.runners.model.ReflectiveCallable.run(ReflectiveCallable.java:12)
	at org.junit.runners.model.FrameworkMethod.invokeExplosively(FrameworkMethod.java:47)
	at org.junit.internal.runners.statements.InvokeMethod.evaluate(InvokeMethod.java:17)
	at org.junit.internal.runners.statements.FailOnTimeout$CallableStatement.call(FailOnTimeout.java:298)
	at org.junit.internal.runners.statements.FailOnTimeout$CallableStatement.call(FailOnTimeout.java:292)
	at java.util.concurrent.FutureTask.run(FutureTask.java:266)
	at java.lang.Thread.run(Thread.java:748)
10) test168(org.apache.commons.csv.CSVFormat_ESTest)
org.evosuite.runtime.mock.java.lang.MockIllegalArgumentException: The header contains a duplicate entry: 'null' in [null, null, null, null, null, null, null, null, null, null, null, null]
	at org.apache.commons.csv.CSVFormat.validate(CSVFormat.java:852)
	at org.apache.commons.csv.CSVFormat.<init>(CSVFormat.java:434)
	at org.apache.commons.csv.CSVFormat.withHeader(CSVFormat.java:1034)
	at org.apache.commons.csv.CSVFormat.withHeader(CSVFormat.java:997)
	at org.apache.commons.csv.CSVFormat_ESTest.test168(CSVFormat_ESTest.java:2625)
	at sun.reflect.NativeMethodAccessorImpl.invoke0(Native Method)
	at sun.reflect.NativeMethodAccessorImpl.invoke(NativeMethodAccessorImpl.java:62)
	at sun.reflect.DelegatingMethodAccessorImpl.invoke(DelegatingMethodAccessorImpl.java:43)
	at java.lang.reflect.Method.invoke(Method.java:498)
	at org.junit.runners.model.FrameworkMethod$1.runReflectiveCall(FrameworkMethod.java:50)
	at org.junit.internal.runners.model.ReflectiveCallable.run(ReflectiveCallable.java:12)
	at org.junit.runners.model.FrameworkMethod.invokeExplosively(FrameworkMethod.java:47)
	at org.junit.internal.runners.statements.InvokeMethod.evaluate(InvokeMethod.java:17)
	at org.junit.internal.runners.statements.FailOnTimeout$CallableStatement.call(FailOnTimeout.java:298)
	at org.junit.internal.runners.statements.FailOnTimeout$CallableStatement.call(FailOnTimeout.java:292)
	at java.util.concurrent.FutureTask.run(FutureTask.java:266)
	at java.lang.Thread.run(Thread.java:748)
11) test167(org.apache.commons.csv.CSVFormat_ESTest)
org.evosuite.runtime.mock.java.lang.MockIllegalArgumentException: The comment start marker character cannot be a line break
	at org.apache.commons.csv.CSVFormat.withCommentMarker(CSVFormat.java:887)
	at org.apache.commons.csv.CSVFormat_ESTest.test167(CSVFormat_ESTest.java:2604)
	at sun.reflect.NativeMethodAccessorImpl.invoke0(Native Method)
	at sun.reflect.NativeMethodAccessorImpl.invoke(NativeMethodAccessorImpl.java:62)
	at sun.reflect.DelegatingMethodAccessorImpl.invoke(DelegatingMethodAccessorImpl.java:43)
	at java.lang.reflect.Method.invoke(Method.java:498)
	at org.junit.runners.model.FrameworkMethod$1.runReflectiveCall(FrameworkMethod.java:50)
	at org.junit.internal.runners.model.ReflectiveCallable.run(ReflectiveCallable.java:12)
	at org.junit.runners.model.FrameworkMethod.invokeExplosively(FrameworkMethod.java:47)
	at org.junit.internal.runners.statements.InvokeMethod.evaluate(InvokeMethod.java:17)
	at org.junit.internal.runners.statements.FailOnTimeout$CallableStatement.call(FailOnTimeout.java:298)
	at org.junit.internal.runners.statements.FailOnTimeout$CallableStatement.call(FailOnTimeout.java:292)
	at java.util.concurrent.FutureTask.run(FutureTask.java:266)
	at java.lang.Thread.run(Thread.java:748)
12) test169(org.apache.commons.csv.CSVFormat_ESTest)
org.evosuite.runtime.mock.java.lang.MockIllegalArgumentException: No quotes mode set but no escape character is set
	at org.apache.commons.csv.CSVFormat.validate(CSVFormat.java:844)
	at org.apache.commons.csv.CSVFormat.<init>(CSVFormat.java:434)
	at org.apache.commons.csv.CSVFormat.withQuoteMode(CSVFormat.java:1221)
	at org.apache.commons.csv.CSVFormat_ESTest.test169(CSVFormat_ESTest.java:2642)
	at sun.reflect.NativeMethodAccessorImpl.invoke0(Native Method)
	at sun.reflect.NativeMethodAccessorImpl.invoke(NativeMethodAccessorImpl.java:62)
	at sun.reflect.DelegatingMethodAccessorImpl.invoke(DelegatingMethodAccessorImpl.java:43)
	at java.lang.reflect.Method.invoke(Method.java:498)
	at org.junit.runners.model.FrameworkMethod$1.runReflectiveCall(FrameworkMethod.java:50)
	at org.junit.internal.runners.model.ReflectiveCallable.run(ReflectiveCallable.java:12)
	at org.junit.runners.model.FrameworkMethod.invokeExplosively(FrameworkMethod.java:47)
	at org.junit.internal.runners.statements.InvokeMethod.evaluate(InvokeMethod.java:17)
	at org.junit.internal.runners.statements.FailOnTimeout$CallableStatement.call(FailOnTimeout.java:298)
	at org.junit.internal.runners.statements.FailOnTimeout$CallableStatement.call(FailOnTimeout.java:292)
	at java.util.concurrent.FutureTask.run(FutureTask.java:266)
	at java.lang.Thread.run(Thread.java:748)
13) test175(org.apache.commons.csv.CSVFormat_ESTest)
org.evosuite.runtime.mock.java.lang.MockIllegalArgumentException: The delimiter cannot be a line break
	at org.apache.commons.csv.CSVFormat.validate(CSVFormat.java:815)
	at org.apache.commons.csv.CSVFormat.<init>(CSVFormat.java:434)
	at org.apache.commons.csv.CSVFormat.newFormat(CSVFormat.java:366)
	at org.apache.commons.csv.CSVFormat_ESTest.test175(CSVFormat_ESTest.java:2745)
	at sun.reflect.NativeMethodAccessorImpl.invoke0(Native Method)
	at sun.reflect.NativeMethodAccessorImpl.invoke(NativeMethodAccessorImpl.java:62)
	at sun.reflect.DelegatingMethodAccessorImpl.invoke(DelegatingMethodAccessorImpl.java:43)
	at java.lang.reflect.Method.invoke(Method.java:498)
	at org.junit.runners.model.FrameworkMethod$1.runReflectiveCall(FrameworkMethod.java:50)
	at org.junit.internal.runners.model.ReflectiveCallable.run(ReflectiveCallable.java:12)
	at org.junit.runners.model.FrameworkMethod.invokeExplosively(FrameworkMethod.java:47)
	at org.junit.internal.runners.statements.InvokeMethod.evaluate(InvokeMethod.java:17)
	at org.junit.internal.runners.statements.FailOnTimeout$CallableStatement.call(FailOnTimeout.java:298)
	at org.junit.internal.runners.statements.FailOnTimeout$CallableStatement.call(FailOnTimeout.java:292)
	at java.util.concurrent.FutureTask.run(FutureTask.java:266)
	at java.lang.Thread.run(Thread.java:748)
14) test174(org.apache.commons.csv.CSVFormat_ESTest)
org.evosuite.runtime.mock.java.lang.MockIllegalArgumentException: The quoteChar character and the delimiter cannot be the same ('F')
	at org.apache.commons.csv.CSVFormat.validate(CSVFormat.java:819)
	at org.apache.commons.csv.CSVFormat.<init>(CSVFormat.java:434)
	at org.apache.commons.csv.CSVFormat.withQuote(CSVFormat.java:1207)
	at org.apache.commons.csv.CSVFormat.withQuote(CSVFormat.java:1191)
	at org.apache.commons.csv.CSVFormat_ESTest.test174(CSVFormat_ESTest.java:2730)
	at sun.reflect.NativeMethodAccessorImpl.invoke0(Native Method)
	at sun.reflect.NativeMethodAccessorImpl.invoke(NativeMethodAccessorImpl.java:62)
	at sun.reflect.DelegatingMethodAccessorImpl.invoke(DelegatingMethodAccessorImpl.java:43)
	at java.lang.reflect.Method.invoke(Method.java:498)
	at org.junit.runners.model.FrameworkMethod$1.runReflectiveCall(FrameworkMethod.java:50)
	at org.junit.internal.runners.model.ReflectiveCallable.run(ReflectiveCallable.java:12)
	at org.junit.runners.model.FrameworkMethod.invokeExplosively(FrameworkMethod.java:47)
	at org.junit.internal.runners.statements.InvokeMethod.evaluate(InvokeMethod.java:17)
	at org.junit.internal.runners.statements.FailOnTimeout$CallableStatement.call(FailOnTimeout.java:298)
	at org.junit.internal.runners.statements.FailOnTimeout$CallableStatement.call(FailOnTimeout.java:292)
	at java.util.concurrent.FutureTask.run(FutureTask.java:266)
	at java.lang.Thread.run(Thread.java:748)
15) test171(org.apache.commons.csv.CSVFormat_ESTest)
org.evosuite.runtime.mock.java.lang.MockIllegalArgumentException: The comment start character and the quoteChar cannot be the same ('"')
	at org.apache.commons.csv.CSVFormat.validate(CSVFormat.java:834)
	at org.apache.commons.csv.CSVFormat.<init>(CSVFormat.java:434)
	at org.apache.commons.csv.CSVFormat.withCommentMarker(CSVFormat.java:889)
	at org.apache.commons.csv.CSVFormat_ESTest.test171(CSVFormat_ESTest.java:2677)
	at sun.reflect.NativeMethodAccessorImpl.invoke0(Native Method)
	at sun.reflect.NativeMethodAccessorImpl.invoke(NativeMethodAccessorImpl.java:62)
	at sun.reflect.DelegatingMethodAccessorImpl.invoke(DelegatingMethodAccessorImpl.java:43)
	at java.lang.reflect.Method.invoke(Method.java:498)
	at org.junit.runners.model.FrameworkMethod$1.runReflectiveCall(FrameworkMethod.java:50)
	at org.junit.internal.runners.model.ReflectiveCallable.run(ReflectiveCallable.java:12)
	at org.junit.runners.model.FrameworkMethod.invokeExplosively(FrameworkMethod.java:47)
	at org.junit.internal.runners.statements.InvokeMethod.evaluate(InvokeMethod.java:17)
	at org.junit.internal.runners.statements.FailOnTimeout$CallableStatement.call(FailOnTimeout.java:298)
	at org.junit.internal.runners.statements.FailOnTimeout$CallableStatement.call(FailOnTimeout.java:292)
	at java.util.concurrent.FutureTask.run(FutureTask.java:266)
	at java.lang.Thread.run(Thread.java:748)
16) test170(org.apache.commons.csv.CSVFormat_ESTest)
org.evosuite.runtime.mock.java.lang.MockIllegalArgumentException: The comment start and the escape character cannot be the same ('$')
	at org.apache.commons.csv.CSVFormat.validate(CSVFormat.java:839)
	at org.apache.commons.csv.CSVFormat.<init>(CSVFormat.java:434)
	at org.apache.commons.csv.CSVFormat.withCommentMarker(CSVFormat.java:889)
	at org.apache.commons.csv.CSVFormat.withCommentMarker(CSVFormat.java:871)
	at org.apache.commons.csv.CSVFormat_ESTest.test170(CSVFormat_ESTest.java:2659)
	at sun.reflect.NativeMethodAccessorImpl.invoke0(Native Method)
	at sun.reflect.NativeMethodAccessorImpl.invoke(NativeMethodAccessorImpl.java:62)
	at sun.reflect.DelegatingMethodAccessorImpl.invoke(DelegatingMethodAccessorImpl.java:43)
	at java.lang.reflect.Method.invoke(Method.java:498)
	at org.junit.runners.model.FrameworkMethod$1.runReflectiveCall(FrameworkMethod.java:50)
	at org.junit.internal.runners.model.ReflectiveCallable.run(ReflectiveCallable.java:12)
	at org.junit.runners.model.FrameworkMethod.invokeExplosively(FrameworkMethod.java:47)
	at org.junit.internal.runners.statements.InvokeMethod.evaluate(InvokeMethod.java:17)
	at org.junit.internal.runners.statements.FailOnTimeout$CallableStatement.call(FailOnTimeout.java:298)
	at org.junit.internal.runners.statements.FailOnTimeout$CallableStatement.call(FailOnTimeout.java:292)
	at java.util.concurrent.FutureTask.run(FutureTask.java:266)
	at java.lang.Thread.run(Thread.java:748)
17) test173(org.apache.commons.csv.CSVFormat_ESTest)
org.evosuite.runtime.mock.java.lang.MockIllegalArgumentException: The escape character and the delimiter cannot be the same (',')
	at org.apache.commons.csv.CSVFormat.validate(CSVFormat.java:824)
	at org.apache.commons.csv.CSVFormat.<init>(CSVFormat.java:434)
	at org.apache.commons.csv.CSVFormat.withEscape(CSVFormat.java:938)
	at org.apache.commons.csv.CSVFormat_ESTest.test173(CSVFormat_ESTest.java:2714)
	at sun.reflect.NativeMethodAccessorImpl.invoke0(Native Method)
	at sun.reflect.NativeMethodAccessorImpl.invoke(NativeMethodAccessorImpl.java:62)
	at sun.reflect.DelegatingMethodAccessorImpl.invoke(DelegatingMethodAccessorImpl.java:43)
	at java.lang.reflect.Method.invoke(Method.java:498)
	at org.junit.runners.model.FrameworkMethod$1.runReflectiveCall(FrameworkMethod.java:50)
	at org.junit.internal.runners.model.ReflectiveCallable.run(ReflectiveCallable.java:12)
	at org.junit.runners.model.FrameworkMethod.invokeExplosively(FrameworkMethod.java:47)
	at org.junit.internal.runners.statements.InvokeMethod.evaluate(InvokeMethod.java:17)
	at org.junit.internal.runners.statements.FailOnTimeout$CallableStatement.call(FailOnTimeout.java:298)
	at org.junit.internal.runners.statements.FailOnTimeout$CallableStatement.call(FailOnTimeout.java:292)
	at java.util.concurrent.FutureTask.run(FutureTask.java:266)
	at java.lang.Thread.run(Thread.java:748)
18) test172(org.apache.commons.csv.CSVFormat_ESTest)
org.evosuite.runtime.mock.java.lang.MockIllegalArgumentException: The comment start character and the delimiter cannot be the same ('}')
	at org.apache.commons.csv.CSVFormat.validate(CSVFormat.java:829)
	at org.apache.commons.csv.CSVFormat.<init>(CSVFormat.java:434)
	at org.apache.commons.csv.CSVFormat.withDelimiter(CSVFormat.java:907)
	at org.apache.commons.csv.CSVFormat_ESTest.test172(CSVFormat_ESTest.java:2695)
	at sun.reflect.NativeMethodAccessorImpl.invoke0(Native Method)
	at sun.reflect.NativeMethodAccessorImpl.invoke(NativeMethodAccessorImpl.java:62)
	at sun.reflect.DelegatingMethodAccessorImpl.invoke(DelegatingMethodAccessorImpl.java:43)
	at java.lang.reflect.Method.invoke(Method.java:498)
	at org.junit.runners.model.FrameworkMethod$1.runReflectiveCall(FrameworkMethod.java:50)
	at org.junit.internal.runners.model.ReflectiveCallable.run(ReflectiveCallable.java:12)
	at org.junit.runners.model.FrameworkMethod.invokeExplosively(FrameworkMethod.java:47)
	at org.junit.internal.runners.statements.InvokeMethod.evaluate(InvokeMethod.java:17)
	at org.junit.internal.runners.statements.FailOnTimeout$CallableStatement.call(FailOnTimeout.java:298)
	at org.junit.internal.runners.statements.FailOnTimeout$CallableStatement.call(FailOnTimeout.java:292)
	at java.util.concurrent.FutureTask.run(FutureTask.java:266)
	at java.lang.Thread.run(Thread.java:748)
19) test166(org.apache.commons.csv.CSVFormat_ESTest)
org.evosuite.runtime.mock.java.lang.MockIllegalArgumentException: The delimiter cannot be a line break
	at org.apache.commons.csv.CSVFormat.withDelimiter(CSVFormat.java:905)
	at org.apache.commons.csv.CSVFormat_ESTest.test166(CSVFormat_ESTest.java:2587)
	at sun.reflect.NativeMethodAccessorImpl.invoke0(Native Method)
	at sun.reflect.NativeMethodAccessorImpl.invoke(NativeMethodAccessorImpl.java:62)
	at sun.reflect.DelegatingMethodAccessorImpl.invoke(DelegatingMethodAccessorImpl.java:43)
	at java.lang.reflect.Method.invoke(Method.java:498)
	at org.junit.runners.model.FrameworkMethod$1.runReflectiveCall(FrameworkMethod.java:50)
	at org.junit.internal.runners.model.ReflectiveCallable.run(ReflectiveCallable.java:12)
	at org.junit.runners.model.FrameworkMethod.invokeExplosively(FrameworkMethod.java:47)
	at org.junit.internal.runners.statements.InvokeMethod.evaluate(InvokeMethod.java:17)
	at org.junit.internal.runners.statements.FailOnTimeout$CallableStatement.call(FailOnTimeout.java:298)
	at org.junit.internal.runners.statements.FailOnTimeout$CallableStatement.call(FailOnTimeout.java:292)
	at java.util.concurrent.FutureTask.run(FutureTask.java:266)
	at java.lang.Thread.run(Thread.java:748)
20) test165(org.apache.commons.csv.CSVFormat_ESTest)
org.evosuite.runtime.mock.java.lang.MockIllegalArgumentException: The escape character cannot be a line break
	at org.apache.commons.csv.CSVFormat.withEscape(CSVFormat.java:936)
	at org.apache.commons.csv.CSVFormat_ESTest.test165(CSVFormat_ESTest.java:2571)
	at sun.reflect.NativeMethodAccessorImpl.invoke0(Native Method)
	at sun.reflect.NativeMethodAccessorImpl.invoke(NativeMethodAccessorImpl.java:62)
	at sun.reflect.DelegatingMethodAccessorImpl.invoke(DelegatingMethodAccessorImpl.java:43)
	at java.lang.reflect.Method.invoke(Method.java:498)
	at org.junit.runners.model.FrameworkMethod$1.runReflectiveCall(FrameworkMethod.java:50)
	at org.junit.internal.runners.model.ReflectiveCallable.run(ReflectiveCallable.java:12)
	at org.junit.runners.model.FrameworkMethod.invokeExplosively(FrameworkMethod.java:47)
	at org.junit.internal.runners.statements.InvokeMethod.evaluate(InvokeMethod.java:17)
	at org.junit.internal.runners.statements.FailOnTimeout$CallableStatement.call(FailOnTimeout.java:298)
	at org.junit.internal.runners.statements.FailOnTimeout$CallableStatement.call(FailOnTimeout.java:292)
	at java.util.concurrent.FutureTask.run(FutureTask.java:266)
	at java.lang.Thread.run(Thread.java:748)
21) test221(org.apache.commons.csv.CSVFormat_ESTest)
java.nio.ReadOnlyBufferException
	at java.nio.CharBuffer.put(CharBuffer.java:920)
	at java.nio.CharBuffer.put(CharBuffer.java:950)
	at java.nio.CharBuffer.append(CharBuffer.java:1400)
	at java.nio.CharBuffer.append(CharBuffer.java:262)
	at org.apache.commons.csv.CSVPrinter.printAndQuote(CSVPrinter.java:262)
	at org.apache.commons.csv.CSVPrinter.print(CSVPrinter.java:141)
	at org.apache.commons.csv.CSVPrinter.print(CSVPrinter.java:131)
	at org.apache.commons.csv.CSVPrinter.printRecord(CSVPrinter.java:394)
	at org.apache.commons.csv.CSVPrinter.<init>(CSVPrinter.java:77)
	at org.apache.commons.csv.CSVFormat.print(CSVFormat.java:760)
	at org.apache.commons.csv.CSVFormat_ESTest.test221(CSVFormat_ESTest.java:3358)
	at sun.reflect.NativeMethodAccessorImpl.invoke0(Native Method)
	at sun.reflect.NativeMethodAccessorImpl.invoke(NativeMethodAccessorImpl.java:62)
	at sun.reflect.DelegatingMethodAccessorImpl.invoke(DelegatingMethodAccessorImpl.java:43)
	at java.lang.reflect.Method.invoke(Method.java:498)
	at org.junit.runners.model.FrameworkMethod$1.runReflectiveCall(FrameworkMethod.java:50)
	at org.junit.internal.runners.model.ReflectiveCallable.run(ReflectiveCallable.java:12)
	at org.junit.runners.model.FrameworkMethod.invokeExplosively(FrameworkMethod.java:47)
	at org.junit.internal.runners.statements.InvokeMethod.evaluate(InvokeMethod.java:17)
	at org.junit.internal.runners.statements.FailOnTimeout$CallableStatement.call(FailOnTimeout.java:298)
	at org.junit.internal.runners.statements.FailOnTimeout$CallableStatement.call(FailOnTimeout.java:292)
	at java.util.concurrent.FutureTask.run(FutureTask.java:266)
	at java.lang.Thread.run(Thread.java:748)
22) test133(org.apache.commons.csv.CSVFormat_ESTest)
org.evosuite.runtime.mock.java.lang.MockIllegalArgumentException: The header contains a duplicate entry: 'null' in [null, null, null, null, null, null, null]
	at org.apache.commons.csv.CSVFormat.validate(CSVFormat.java:852)
	at org.apache.commons.csv.CSVFormat.<init>(CSVFormat.java:434)
	at org.apache.commons.csv.CSVFormat.withHeader(CSVFormat.java:966)
	at org.apache.commons.csv.CSVFormat_ESTest.test133(CSVFormat_ESTest.java:2165)
	at sun.reflect.NativeMethodAccessorImpl.invoke0(Native Method)
	at sun.reflect.NativeMethodAccessorImpl.invoke(NativeMethodAccessorImpl.java:62)
	at sun.reflect.DelegatingMethodAccessorImpl.invoke(DelegatingMethodAccessorImpl.java:43)
	at java.lang.reflect.Method.invoke(Method.java:498)
	at org.junit.runners.model.FrameworkMethod$1.runReflectiveCall(FrameworkMethod.java:50)
	at org.junit.internal.runners.model.ReflectiveCallable.run(ReflectiveCallable.java:12)
	at org.junit.runners.model.FrameworkMethod.invokeExplosively(FrameworkMethod.java:47)
	at org.junit.internal.runners.statements.InvokeMethod.evaluate(InvokeMethod.java:17)
	at org.junit.internal.runners.statements.FailOnTimeout$CallableStatement.call(FailOnTimeout.java:298)
	at org.junit.internal.runners.statements.FailOnTimeout$CallableStatement.call(FailOnTimeout.java:292)
	at java.util.concurrent.FutureTask.run(FutureTask.java:266)
	at java.lang.Thread.run(Thread.java:748)
23) test209(org.apache.commons.csv.CSVFormat_ESTest)
org.evosuite.runtime.mock.java.lang.MockIllegalArgumentException: The quoteChar cannot be a line break
	at org.apache.commons.csv.CSVFormat.withQuote(CSVFormat.java:1205)
	at org.apache.commons.csv.CSVFormat_ESTest.test209(CSVFormat_ESTest.java:3197)
	at sun.reflect.NativeMethodAccessorImpl.invoke0(Native Method)
	at sun.reflect.NativeMethodAccessorImpl.invoke(NativeMethodAccessorImpl.java:62)
	at sun.reflect.DelegatingMethodAccessorImpl.invoke(DelegatingMethodAccessorImpl.java:43)
	at java.lang.reflect.Method.invoke(Method.java:498)
	at org.junit.runners.model.FrameworkMethod$1.runReflectiveCall(FrameworkMethod.java:50)
	at org.junit.internal.runners.model.ReflectiveCallable.run(ReflectiveCallable.java:12)
	at org.junit.runners.model.FrameworkMethod.invokeExplosively(FrameworkMethod.java:47)
	at org.junit.internal.runners.statements.InvokeMethod.evaluate(InvokeMethod.java:17)
	at org.junit.internal.runners.statements.FailOnTimeout$CallableStatement.call(FailOnTimeout.java:298)
	at org.junit.internal.runners.statements.FailOnTimeout$CallableStatement.call(FailOnTimeout.java:292)
	at java.util.concurrent.FutureTask.run(FutureTask.java:266)
	at java.lang.Thread.run(Thread.java:748)
24) test210(org.apache.commons.csv.CSVFormat_ESTest)
org.evosuite.runtime.mock.java.lang.MockIllegalArgumentException: The quoteChar cannot be a line break
	at org.apache.commons.csv.CSVFormat.withQuote(CSVFormat.java:1205)
	at org.apache.commons.csv.CSVFormat.withQuote(CSVFormat.java:1191)
	at org.apache.commons.csv.CSVFormat_ESTest.test210(CSVFormat_ESTest.java:3213)
	at sun.reflect.NativeMethodAccessorImpl.invoke0(Native Method)
	at sun.reflect.NativeMethodAccessorImpl.invoke(NativeMethodAccessorImpl.java:62)
	at sun.reflect.DelegatingMethodAccessorImpl.invoke(DelegatingMethodAccessorImpl.java:43)
	at java.lang.reflect.Method.invoke(Method.java:498)
	at org.junit.runners.model.FrameworkMethod$1.runReflectiveCall(FrameworkMethod.java:50)
	at org.junit.internal.runners.model.ReflectiveCallable.run(ReflectiveCallable.java:12)
	at org.junit.runners.model.FrameworkMethod.invokeExplosively(FrameworkMethod.java:47)
	at org.junit.internal.runners.statements.InvokeMethod.evaluate(InvokeMethod.java:17)
	at org.junit.internal.runners.statements.FailOnTimeout$CallableStatement.call(FailOnTimeout.java:298)
	at org.junit.internal.runners.statements.FailOnTimeout$CallableStatement.call(FailOnTimeout.java:292)
	at java.util.concurrent.FutureTask.run(FutureTask.java:266)
	at java.lang.Thread.run(Thread.java:748)

FAILURES!!!
Tests run: 222,  Failures: 24

