* EvoSuite 1.1.1-SNAPSHOT
* Configuration: BBC-F0-opt-10
* Going to generate test cases for class: org.apache.commons.codec.binary.Base64
* Starting Client-0
* Connecting to master process on port 18694
* Analyzing classpath: 
  - subjects/buggy-versions/Codec-9/target/classes
* Finished analyzing classpath
* Generating tests for class org.apache.commons.codec.binary.Base64
* Test criteria:
  - Line Coverage
  - Branch Coverage
  - Exception
  - Mutation testing (weak)
  - Method-Output Coverage
  - Top-Level Method Coverage
  - No-Exception Top-Level Method Coverage
  - Context Branch Coverage
* Total number of test goals for DYNAMOSA: 1539
* Using seed 2500310021
* Starting evolution
bbc usage percentage is: 10%
* Initial Number of Goals in DynaMOSA = 419 / 1539
[MASTER] 20:41:26.583 [logback-1] WARN  ExecutionTrace - Popping method encode([B)[B because we were looking for encode([BII)V
[MASTER] 20:41:26.585 [logback-1] WARN  ExecutionTrace - Current stack: [org.apache.commons.codec.binary.Base64:encode([B)[B
Branches:  78 79 28
True Distances:  1.0 0.0 0.0
False Distances:  0.0 112.0 1.0
, org.apache.commons.codec.binary.Base64:encodeBase64([BZZI)[B
Branches:  62 63 64 65
True Distances:  1.0 0.0 0.0 0.0
False Distances:  0.0 112.0 2.147483647E9 1.0
, org.apache.commons.codec.binary.Base64:encodeBase64([BZZ)[B
Branches: 
True Distances: 
False Distances: 
, org.apache.commons.codec.binary.Base64:encodeBase64([BZ)[B
Branches: 
True Distances: 
False Distances: 
, org.apache.commons.codec.binary.Base64:encodeInteger(Ljava/math/BigInteger;)[B
Branches:  84
True Distances:  0.0
False Distances:  1.0
, :
Branches: 
True Distances: 
False Distances: 
]
[MASTER] 20:41:26.585 [logback-1] WARN  ExecutionTrace - Popping method encodeBase64([BZZI)[B because we were looking for encode([BII)V
[MASTER] 20:41:26.588 [logback-1] WARN  ExecutionTrace - Current stack: [org.apache.commons.codec.binary.Base64:encodeBase64([BZZI)[B
Branches:  62 63 64 65
True Distances:  1.0 0.0 0.0 0.0
False Distances:  0.0 112.0 2.147483647E9 1.0
]
* Search finished after 602s and 217 generations, 107723 statements, best individual has fitness: 99.0
* Minimizing test suite
[MASTER] 20:48:42.802 [logback-1] WARN  TestSuiteMinimizer - Minimization timeout. Roll back to original test suite
* Going to analyze the coverage criteria
* Coverage analysis for criterion LINE
* Coverage of criterion LINE: 100%
* Total number of goals: 216
* Number of covered goals: 215
* Coverage analysis for criterion BRANCH
* Coverage of criterion BRANCH: 95%
* Total number of goals: 193
* Number of covered goals: 184
* Coverage analysis for criterion EXCEPTION
* Coverage of criterion EXCEPTION: 100%
* Total number of goals: 37
* Number of covered goals: 37
* Coverage analysis for criterion WEAKMUTATION
* Coverage of criterion WEAKMUTATION: 96%
* Total number of goals: 787
* Number of covered goals: 759
* Coverage analysis for criterion OUTPUT
* Coverage of criterion OUTPUT: 90%
* Total number of goals: 80
* Number of covered goals: 72
* Coverage analysis for criterion METHOD
* Coverage of criterion METHOD: 100%
* Total number of goals: 35
* Number of covered goals: 35
* Coverage analysis for criterion METHODNOEXCEPTION
* Coverage of criterion METHODNOEXCEPTION: 100%
* Total number of goals: 35
* Number of covered goals: 35
* Coverage analysis for criterion CBRANCH
* Coverage of criterion CBRANCH: 89%
* Total number of goals: 193
* Number of covered goals: 172
* Generated 102 tests with total length 1596
* Resulting test suite's coverage: 91% (average coverage for all fitness functions)
* Generating assertions
* Resulting test suite's mutation score: 45%
[MASTER] 20:49:43.521 [logback-1] WARN  SimpleMutationAssertionGenerator - Reached maximum time to generate assertions, aborting assertion generation
* Compiling and checking tests
[MASTER] 20:49:52.334 [logback-1] WARN  JUnitAnalyzer - EvoSuite problem: tests set up a security manager, but they do not remove it after execution
[MASTER] 20:49:52.531 [logback-1] WARN  JUnitAnalyzer - EvoSuite problem: tests set up a security manager, but they do not remove it after execution
[MASTER] 20:49:52.535 [logback-1] WARN  JUnitAnalyzer - Found unstable test named test0 -> class java.lang.AssertionError: Expecting exception: IllegalArgumentException
[MASTER] 20:49:52.535 [logback-1] WARN  JUnitAnalyzer - Failing test:
 Base64 base64_0 = new Base64(1756);

[MASTER] 20:49:52.677 [logback-1] WARN  JUnitAnalyzer - EvoSuite problem: tests set up a security manager, but they do not remove it after execution
[MASTER] 20:49:52.684 [logback-1] WARN  JUnitAnalyzer - Found unstable test named test0 -> class java.lang.AssertionError: Expecting exception: IllegalArgumentException
[MASTER] 20:49:52.684 [logback-1] WARN  JUnitAnalyzer - Failing test:
 byte[] byteArray0 = new byte[4];
byte byte0 = (byte)120;
byteArray0[0] = (byte)120;
byte byte1 = (byte)0;
byteArray0[1] = (byte)0;
byte byte2 = (byte)27;
byteArray0[2] = (byte)27;
byte byte3 = (byte) (-62);
byteArray0[3] = (byte) (-62);
boolean boolean0 = false;
Base64.encodeBase64(byteArray0, false, true);

[MASTER] 20:49:52.850 [logback-1] WARN  JUnitAnalyzer - EvoSuite problem: tests set up a security manager, but they do not remove it after execution
[MASTER] 20:49:52.852 [logback-1] WARN  JUnitAnalyzer - Found unstable test named test0 -> class java.lang.AssertionError: Expecting exception: IllegalArgumentException
[MASTER] 20:49:52.852 [logback-1] WARN  JUnitAnalyzer - Failing test:
 byte[] byteArray0 = new byte[4];
byteArray0[0] = (byte)0;
byteArray0[1] = (byte)0;
byteArray0[2] = (byte)92;
byte byte0 = (byte) (-119);
byteArray0[3] = (byte) (-119);
Base64.decodeBase64(byteArray0);

[MASTER] 20:49:53.001 [logback-1] WARN  JUnitAnalyzer - EvoSuite problem: tests set up a security manager, but they do not remove it after execution
[MASTER] 20:49:53.107 [logback-1] WARN  JUnitAnalyzer - EvoSuite problem: tests set up a security manager, but they do not remove it after execution
[MASTER] 20:49:53.108 [logback-1] WARN  JUnitAnalyzer - Found unstable test named test0 -> class java.lang.AssertionError: Expecting exception: IllegalArgumentException
[MASTER] 20:49:53.108 [logback-1] WARN  JUnitAnalyzer - Failing test:
 byte[] byteArray0 = new byte[2];
byteArray0[0] = (byte)93;
byteArray0[1] = (byte)0;
Base64.encodeBase64URLSafe(byteArray0);

[MASTER] 20:49:53.212 [logback-1] WARN  JUnitAnalyzer - EvoSuite problem: tests set up a security manager, but they do not remove it after execution
[MASTER] 20:49:53.296 [logback-1] WARN  JUnitAnalyzer - EvoSuite problem: tests set up a security manager, but they do not remove it after execution
[MASTER] 20:49:53.448 [logback-1] WARN  JUnitAnalyzer - EvoSuite problem: tests set up a security manager, but they do not remove it after execution
[MASTER] 20:49:53.448 [logback-1] WARN  JUnitAnalyzer - Found unstable test named test0 -> class java.lang.AssertionError: Expecting exception: IllegalArgumentException
[MASTER] 20:49:53.449 [logback-1] WARN  JUnitAnalyzer - Failing test:
 byte[] byteArray0 = new byte[5];
byteArray0[0] = (byte)114;
byteArray0[1] = (byte)99;
byteArray0[2] = (byte)116;
byteArray0[3] = (byte)0;
byteArray0[4] = (byte) (-12);
Base64.encodeBase64Chunked(byteArray0);

[MASTER] 20:49:53.556 [logback-1] WARN  JUnitAnalyzer - EvoSuite problem: tests set up a security manager, but they do not remove it after execution
[MASTER] 20:49:53.557 [logback-1] WARN  JUnitAnalyzer - Found unstable test named test0 -> class java.lang.AssertionError: Expecting exception: IllegalArgumentException
[MASTER] 20:49:53.557 [logback-1] WARN  JUnitAnalyzer - Failing test:
 byte[] byteArray0 = new byte[0];
Base64.decodeBase64(byteArray0);

[MASTER] 20:49:53.650 [logback-1] WARN  JUnitAnalyzer - EvoSuite problem: tests set up a security manager, but they do not remove it after execution
[MASTER] 20:49:53.650 [logback-1] WARN  JUnitAnalyzer - Found unstable test named test0 -> class java.lang.AssertionError: Expecting exception: IllegalArgumentException
[MASTER] 20:49:53.650 [logback-1] WARN  JUnitAnalyzer - Failing test:
 byte[] byteArray0 = new byte[3];
byteArray0[0] = (byte)66;
byteArray0[1] = (byte)8;
byteArray0[2] = (byte)0;
Base64.encodeBase64String(byteArray0);

[MASTER] 20:49:53.740 [logback-1] WARN  JUnitAnalyzer - EvoSuite problem: tests set up a security manager, but they do not remove it after execution
[MASTER] 20:49:53.874 [logback-1] WARN  JUnitAnalyzer - EvoSuite problem: tests set up a security manager, but they do not remove it after execution
[MASTER] 20:49:53.976 [logback-1] WARN  JUnitAnalyzer - EvoSuite problem: tests set up a security manager, but they do not remove it after execution
[MASTER] 20:49:53.977 [logback-1] WARN  JUnitAnalyzer - Found unstable test named test0 -> class java.lang.AssertionError: Expecting exception: IllegalArgumentException
[MASTER] 20:49:53.977 [logback-1] WARN  JUnitAnalyzer - Failing test:
 byte[] byteArray0 = new byte[0];
Base64.encodeBase64String(byteArray0);
Base64.encodeBase64(byteArray0, true, true, 0);
Base64.decodeBase64(byteArray0);

[MASTER] 20:49:54.080 [logback-1] WARN  JUnitAnalyzer - EvoSuite problem: tests set up a security manager, but they do not remove it after execution
[MASTER] 20:49:54.081 [logback-1] WARN  JUnitAnalyzer - Found unstable test named test0 -> class java.lang.AssertionError: Expecting exception: IllegalArgumentException
[MASTER] 20:49:54.081 [logback-1] WARN  JUnitAnalyzer - Failing test:
 Base64 base64_0 = new Base64();

[MASTER] 20:49:54.189 [logback-1] WARN  JUnitAnalyzer - EvoSuite problem: tests set up a security manager, but they do not remove it after execution
[MASTER] 20:49:54.193 [logback-1] WARN  JUnitAnalyzer - Found unstable test named test0 -> class java.lang.AssertionError: Expecting exception: IllegalArgumentException
[MASTER] 20:49:54.193 [logback-1] WARN  JUnitAnalyzer - Failing test:
 Base64 base64_0 = new Base64();

[MASTER] 20:49:54.313 [logback-1] WARN  JUnitAnalyzer - EvoSuite problem: tests set up a security manager, but they do not remove it after execution
[MASTER] 20:49:54.313 [logback-1] WARN  JUnitAnalyzer - Found unstable test named test0 -> class java.lang.AssertionError: Expecting exception: IllegalArgumentException
[MASTER] 20:49:54.314 [logback-1] WARN  JUnitAnalyzer - Failing test:
 byte[] byteArray0 = new byte[2];
byteArray0[0] = (byte) (-126);
byteArray0[1] = (byte)0;
Base64.encodeBase64URLSafeString(byteArray0);

[MASTER] 20:49:54.448 [logback-1] WARN  JUnitAnalyzer - EvoSuite problem: tests set up a security manager, but they do not remove it after execution
[MASTER] 20:49:54.452 [logback-1] WARN  JUnitAnalyzer - Found unstable test named test0 -> class java.lang.AssertionError: Expecting exception: IllegalArgumentException
[MASTER] 20:49:54.452 [logback-1] WARN  JUnitAnalyzer - Failing test:
 Base64 base64_0 = new Base64();

[MASTER] 20:49:54.661 [logback-1] WARN  JUnitAnalyzer - EvoSuite problem: tests set up a security manager, but they do not remove it after execution
[MASTER] 20:49:54.662 [logback-1] WARN  JUnitAnalyzer - Found unstable test named test0 -> class java.lang.AssertionError: Expecting exception: IllegalArgumentException
[MASTER] 20:49:54.662 [logback-1] WARN  JUnitAnalyzer - Failing test:
 Base64 base64_0 = new Base64(true);

[MASTER] 20:49:54.827 [logback-1] WARN  JUnitAnalyzer - EvoSuite problem: tests set up a security manager, but they do not remove it after execution
[MASTER] 20:49:54.838 [logback-1] WARN  JUnitAnalyzer - Found unstable test named test0 -> class java.lang.AssertionError: Expecting exception: IllegalArgumentException
[MASTER] 20:49:54.838 [logback-1] WARN  JUnitAnalyzer - Failing test:
 byte[] byteArray0 = new byte[4];
byteArray0[0] = (byte)40;
byteArray0[1] = (byte) (-74);
byteArray0[2] = (byte)24;
byteArray0[3] = (byte)0;
Base64.encodeBase64String(byteArray0);

[MASTER] 20:49:54.947 [logback-1] WARN  JUnitAnalyzer - EvoSuite problem: tests set up a security manager, but they do not remove it after execution
[MASTER] 20:49:55.010 [logback-1] WARN  JUnitAnalyzer - EvoSuite problem: tests set up a security manager, but they do not remove it after execution
[MASTER] 20:49:55.013 [logback-1] WARN  JUnitAnalyzer - Found unstable test named test0 -> class java.lang.AssertionError: Expecting exception: IllegalArgumentException
[MASTER] 20:49:55.014 [logback-1] WARN  JUnitAnalyzer - Failing test:
 byte[] byteArray0 = new byte[5];
byteArray0[0] = (byte)0;
byteArray0[1] = (byte) (-35);
byte byte0 = (byte)0;
byteArray0[2] = (byte)0;
byteArray0[3] = (byte)1;
byte byte1 = (byte) (-32);
byteArray0[4] = (byte) (-32);
Base64.encodeBase64(byteArray0);

[MASTER] 20:49:55.108 [logback-1] WARN  JUnitAnalyzer - EvoSuite problem: tests set up a security manager, but they do not remove it after execution
[MASTER] 20:49:55.109 [logback-1] WARN  JUnitAnalyzer - Found unstable test named test0 -> class java.lang.AssertionError: Expecting exception: IllegalArgumentException
[MASTER] 20:49:55.109 [logback-1] WARN  JUnitAnalyzer - Failing test:
 Base64.isBase64((byte)59);
Base64 base64_0 = new Base64(false);

[MASTER] 20:49:55.231 [logback-1] WARN  JUnitAnalyzer - EvoSuite problem: tests set up a security manager, but they do not remove it after execution
[MASTER] 20:49:55.340 [logback-1] WARN  JUnitAnalyzer - EvoSuite problem: tests set up a security manager, but they do not remove it after execution
[MASTER] 20:49:55.463 [logback-1] WARN  JUnitAnalyzer - EvoSuite problem: tests set up a security manager, but they do not remove it after execution
[MASTER] 20:49:55.464 [logback-1] WARN  JUnitAnalyzer - Found unstable test named test0 -> class java.lang.AssertionError: Expecting exception: IllegalArgumentException
[MASTER] 20:49:55.464 [logback-1] WARN  JUnitAnalyzer - Failing test:
 Base64 base64_0 = new Base64(false);

[MASTER] 20:49:55.541 [logback-1] WARN  JUnitAnalyzer - EvoSuite problem: tests set up a security manager, but they do not remove it after execution
[MASTER] 20:49:55.543 [logback-1] WARN  JUnitAnalyzer - Found unstable test named test0 -> class java.lang.AssertionError: Expecting exception: IllegalArgumentException
[MASTER] 20:49:55.543 [logback-1] WARN  JUnitAnalyzer - Failing test:
 Base64 base64_0 = new Base64();

[MASTER] 20:49:55.655 [logback-1] WARN  JUnitAnalyzer - EvoSuite problem: tests set up a security manager, but they do not remove it after execution
[MASTER] 20:49:55.740 [logback-1] WARN  JUnitAnalyzer - EvoSuite problem: tests set up a security manager, but they do not remove it after execution
[MASTER] 20:49:55.741 [logback-1] WARN  JUnitAnalyzer - Found unstable test named test0 -> class java.lang.AssertionError: Expecting exception: IllegalArgumentException
[MASTER] 20:49:55.741 [logback-1] WARN  JUnitAnalyzer - Failing test:
 byte[] byteArray0 = new byte[2];
byteArray0[0] = (byte)0;
byteArray0[1] = (byte)12;
Base64.encodeBase64URLSafeString(byteArray0);

[MASTER] 20:49:55.884 [logback-1] WARN  JUnitAnalyzer - EvoSuite problem: tests set up a security manager, but they do not remove it after execution
[MASTER] 20:49:55.885 [logback-1] WARN  JUnitAnalyzer - Found unstable test named test0 -> class java.lang.AssertionError: Expecting exception: IllegalArgumentException
[MASTER] 20:49:55.885 [logback-1] WARN  JUnitAnalyzer - Failing test:
 Base64 base64_0 = new Base64();

[MASTER] 20:49:55.946 [logback-1] WARN  JUnitAnalyzer - EvoSuite problem: tests set up a security manager, but they do not remove it after execution
[MASTER] 20:49:55.947 [logback-1] WARN  JUnitAnalyzer - Found unstable test named test0 -> class java.lang.AssertionError: Expecting exception: IllegalArgumentException
[MASTER] 20:49:55.947 [logback-1] WARN  JUnitAnalyzer - Failing test:
 Base64 base64_0 = new Base64();

[MASTER] 20:49:56.043 [logback-1] WARN  JUnitAnalyzer - EvoSuite problem: tests set up a security manager, but they do not remove it after execution
[MASTER] 20:49:56.043 [logback-1] WARN  JUnitAnalyzer - Found unstable test named test0 -> class java.lang.AssertionError: Expecting exception: IllegalArgumentException
[MASTER] 20:49:56.043 [logback-1] WARN  JUnitAnalyzer - Failing test:
 Base64 base64_0 = new Base64(false);

[MASTER] 20:49:56.115 [logback-1] WARN  JUnitAnalyzer - EvoSuite problem: tests set up a security manager, but they do not remove it after execution
[MASTER] 20:49:56.116 [logback-1] WARN  JUnitAnalyzer - Found unstable test named test0 -> class java.lang.AssertionError: Expecting exception: IllegalArgumentException
[MASTER] 20:49:56.117 [logback-1] WARN  JUnitAnalyzer - Failing test:
 Base64 base64_0 = new Base64(0);

[MASTER] 20:49:56.183 [logback-1] WARN  JUnitAnalyzer - EvoSuite problem: tests set up a security manager, but they do not remove it after execution
[MASTER] 20:49:56.184 [logback-1] WARN  JUnitAnalyzer - Found unstable test named test0 -> class java.lang.AssertionError: Expecting exception: IllegalArgumentException
[MASTER] 20:49:56.184 [logback-1] WARN  JUnitAnalyzer - Failing test:
 byte[] byteArray0 = null;
Base64.encodeBase64String((byte[]) null);
boolean boolean0 = false;
Base64 base64_0 = new Base64(0, (byte[]) null, false);

[MASTER] 20:49:56.302 [logback-1] WARN  JUnitAnalyzer - EvoSuite problem: tests set up a security manager, but they do not remove it after execution
[MASTER] 20:49:56.303 [logback-1] WARN  JUnitAnalyzer - Found unstable test named test0 -> class java.lang.AssertionError: Expecting exception: IllegalArgumentException
[MASTER] 20:49:56.303 [logback-1] WARN  JUnitAnalyzer - Failing test:
 Base64 base64_0 = new Base64();

[MASTER] 20:49:56.389 [logback-1] WARN  JUnitAnalyzer - EvoSuite problem: tests set up a security manager, but they do not remove it after execution
[MASTER] 20:49:56.389 [logback-1] WARN  JUnitAnalyzer - Found unstable test named test0 -> class java.lang.AssertionError: Expecting exception: IllegalArgumentException
[MASTER] 20:49:56.390 [logback-1] WARN  JUnitAnalyzer - Failing test:
 Base64 base64_0 = new Base64();

[MASTER] 20:49:56.455 [logback-1] WARN  JUnitAnalyzer - EvoSuite problem: tests set up a security manager, but they do not remove it after execution
[MASTER] 20:49:56.456 [logback-1] WARN  JUnitAnalyzer - Found unstable test named test0 -> class java.lang.AssertionError: Expecting exception: IllegalArgumentException
[MASTER] 20:49:56.457 [logback-1] WARN  JUnitAnalyzer - Failing test:
 byte[] byteArray0 = new byte[0];
Base64.decodeBase64(byteArray0);

[MASTER] 20:49:56.559 [logback-1] WARN  JUnitAnalyzer - EvoSuite problem: tests set up a security manager, but they do not remove it after execution
[MASTER] 20:49:56.566 [logback-1] WARN  JUnitAnalyzer - Found unstable test named test0 -> class java.lang.AssertionError: Expecting exception: IllegalArgumentException
[MASTER] 20:49:56.567 [logback-1] WARN  JUnitAnalyzer - Failing test:
 byte[] byteArray0 = new byte[0];
Base64 base64_0 = new Base64(true);

[MASTER] 20:49:56.650 [logback-1] WARN  JUnitAnalyzer - EvoSuite problem: tests set up a security manager, but they do not remove it after execution
[MASTER] 20:49:56.650 [logback-1] WARN  JUnitAnalyzer - Found unstable test named test0 -> class java.lang.AssertionError: Expecting exception: IllegalArgumentException
[MASTER] 20:49:56.650 [logback-1] WARN  JUnitAnalyzer - Failing test:
 Base64 base64_0 = new Base64(false);

[MASTER] 20:49:56.726 [logback-1] WARN  JUnitAnalyzer - EvoSuite problem: tests set up a security manager, but they do not remove it after execution
[MASTER] 20:49:56.726 [logback-1] WARN  JUnitAnalyzer - Found unstable test named test0 -> class java.lang.AssertionError: Expecting exception: IllegalArgumentException
[MASTER] 20:49:56.726 [logback-1] WARN  JUnitAnalyzer - Failing test:
 byte[] byteArray0 = new byte[4];
byteArray0[0] = (byte)0;
byteArray0[1] = (byte)0;
byteArray0[2] = (byte)92;
byte byte0 = (byte) (-119);
byteArray0[3] = (byte) (-119);
Base64.decodeBase64(byteArray0);

[MASTER] 20:49:56.803 [logback-1] WARN  JUnitAnalyzer - EvoSuite problem: tests set up a security manager, but they do not remove it after execution
[MASTER] 20:49:56.804 [logback-1] WARN  JUnitAnalyzer - Found unstable test named test0 -> class java.lang.AssertionError: Expecting exception: IllegalArgumentException
[MASTER] 20:49:56.804 [logback-1] WARN  JUnitAnalyzer - Failing test:
 byte byte0 = (byte)58;
byte[] byteArray0 = new byte[1];
byteArray0[0] = (byte) (-1);
Base64.encodeBase64(byteArray0);

[MASTER] 20:49:56.911 [logback-1] WARN  JUnitAnalyzer - EvoSuite problem: tests set up a security manager, but they do not remove it after execution
[MASTER] 20:49:56.911 [logback-1] WARN  JUnitAnalyzer - Found unstable test named test0 -> class java.lang.AssertionError: Expecting exception: IllegalArgumentException
[MASTER] 20:49:56.911 [logback-1] WARN  JUnitAnalyzer - Failing test:
 Base64 base64_0 = new Base64(false);

[MASTER] 20:49:56.971 [logback-1] WARN  JUnitAnalyzer - EvoSuite problem: tests set up a security manager, but they do not remove it after execution
[MASTER] 20:49:56.973 [logback-1] WARN  JUnitAnalyzer - Found unstable test named test0 -> class java.lang.AssertionError: Expecting exception: IllegalArgumentException
[MASTER] 20:49:56.973 [logback-1] WARN  JUnitAnalyzer - Failing test:
 byte[] byteArray0 = new byte[3];
byte byte0 = (byte)0;
byte byte1 = (byte)92;
byte byte2 = (byte) (-119);
Base64.decodeBase64(byteArray0);

[MASTER] 20:49:57.066 [logback-1] WARN  JUnitAnalyzer - EvoSuite problem: tests set up a security manager, but they do not remove it after execution
[MASTER] 20:49:57.066 [logback-1] WARN  JUnitAnalyzer - Found unstable test named test0 -> class java.lang.AssertionError: Expecting exception: IllegalArgumentException
[MASTER] 20:49:57.066 [logback-1] WARN  JUnitAnalyzer - Failing test:
 Base64 base64_0 = new Base64();

[MASTER] 20:49:57.128 [logback-1] WARN  JUnitAnalyzer - EvoSuite problem: tests set up a security manager, but they do not remove it after execution
[MASTER] 20:49:57.141 [logback-1] WARN  JUnitAnalyzer - Found unstable test named test0 -> class java.lang.AssertionError: Expecting exception: IllegalArgumentException
[MASTER] 20:49:57.141 [logback-1] WARN  JUnitAnalyzer - Failing test:
 Base64.isBase64((byte) (-12));
Base64.decodeBase64("encodeInteger called with null parameter");

[MASTER] 20:49:57.266 [logback-1] WARN  JUnitAnalyzer - EvoSuite problem: tests set up a security manager, but they do not remove it after execution
[MASTER] 20:49:57.335 [logback-1] WARN  JUnitAnalyzer - EvoSuite problem: tests set up a security manager, but they do not remove it after execution
[MASTER] 20:49:57.336 [logback-1] WARN  JUnitAnalyzer - Found unstable test named test0 -> class java.lang.AssertionError: Expecting exception: IllegalArgumentException
[MASTER] 20:49:57.336 [logback-1] WARN  JUnitAnalyzer - Failing test:
 byte[] byteArray0 = new byte[3];
byteArray0[0] = (byte)0;
Base64 base64_0 = new Base64(3, byteArray0, false);
Base64.encodeBase64(byteArray0);

[MASTER] 20:49:57.486 [logback-1] WARN  JUnitAnalyzer - EvoSuite problem: tests set up a security manager, but they do not remove it after execution
[MASTER] 20:49:57.583 [logback-1] WARN  JUnitAnalyzer - EvoSuite problem: tests set up a security manager, but they do not remove it after execution
[MASTER] 20:49:57.585 [logback-1] WARN  JUnitAnalyzer - Found unstable test named test0 -> class java.lang.AssertionError: Expecting exception: IllegalArgumentException
[MASTER] 20:49:57.587 [logback-1] WARN  JUnitAnalyzer - Failing test:
 byte[] byteArray0 = new byte[18];
byte[] byteArray1 = new byte[1];
byte byte0 = (byte)0;
byteArray1[0] = (byte)0;
Base64 base64_0 = new Base64(48, byteArray1, false);
Base64.encodeBase64(byteArray0);

[MASTER] 20:49:57.674 [logback-1] WARN  JUnitAnalyzer - EvoSuite problem: tests set up a security manager, but they do not remove it after execution
[MASTER] 20:49:57.675 [logback-1] WARN  JUnitAnalyzer - Found unstable test named test0 -> class java.lang.AssertionError: Expecting exception: IllegalArgumentException
[MASTER] 20:49:57.675 [logback-1] WARN  JUnitAnalyzer - Failing test:
 byte[] byteArray0 = new byte[0];
Base64 base64_0 = new Base64(true);

[MASTER] 20:49:57.827 [logback-1] WARN  JUnitAnalyzer - EvoSuite problem: tests set up a security manager, but they do not remove it after execution
[MASTER] 20:49:57.827 [logback-1] WARN  JUnitAnalyzer - Found unstable test named test0 -> class java.lang.AssertionError: Expecting exception: IllegalArgumentException
[MASTER] 20:49:57.827 [logback-1] WARN  JUnitAnalyzer - Failing test:
 Base64 base64_0 = new Base64(false);

[MASTER] 20:49:57.874 [logback-1] WARN  JUnitAnalyzer - EvoSuite problem: tests set up a security manager, but they do not remove it after execution
[MASTER] 20:49:57.875 [logback-1] WARN  JUnitAnalyzer - Found unstable test named test0 -> class java.lang.AssertionError: Expecting exception: IllegalArgumentException
[MASTER] 20:49:57.875 [logback-1] WARN  JUnitAnalyzer - Failing test:
 byte[] byteArray0 = new byte[2];
byteArray0[0] = (byte)0;
byteArray0[1] = (byte)12;
Base64.encodeBase64URLSafeString(byteArray0);

[MASTER] 20:49:58.119 [logback-1] WARN  JUnitAnalyzer - EvoSuite problem: tests set up a security manager, but they do not remove it after execution
[MASTER] 20:49:58.119 [logback-1] WARN  JUnitAnalyzer - Found unstable test named test0 -> class java.lang.AssertionError: Expecting exception: IllegalArgumentException
[MASTER] 20:49:58.119 [logback-1] WARN  JUnitAnalyzer - Failing test:
 byte[] byteArray0 = new byte[0];
Base64 base64_0 = new Base64(true);

[MASTER] 20:49:58.220 [logback-1] WARN  JUnitAnalyzer - EvoSuite problem: tests set up a security manager, but they do not remove it after execution
[MASTER] 20:49:58.220 [logback-1] WARN  JUnitAnalyzer - Found unstable test named test0 -> class java.lang.AssertionError: Expecting exception: IllegalArgumentException
[MASTER] 20:49:58.220 [logback-1] WARN  JUnitAnalyzer - Failing test:
 Base64 base64_0 = new Base64(false);

[MASTER] 20:49:58.339 [logback-1] WARN  JUnitAnalyzer - EvoSuite problem: tests set up a security manager, but they do not remove it after execution
[MASTER] 20:49:58.421 [logback-1] WARN  JUnitAnalyzer - EvoSuite problem: tests set up a security manager, but they do not remove it after execution
[MASTER] 20:49:58.422 [logback-1] WARN  JUnitAnalyzer - Found unstable test named test0 -> class java.lang.AssertionError: Expecting exception: IllegalArgumentException
[MASTER] 20:49:58.423 [logback-1] WARN  JUnitAnalyzer - Failing test:
 byte[] byteArray0 = new byte[0];
Base64 base64_0 = new Base64();

[MASTER] 20:49:58.462 [logback-1] WARN  JUnitAnalyzer - EvoSuite problem: tests set up a security manager, but they do not remove it after execution
[MASTER] 20:49:58.462 [logback-1] WARN  JUnitAnalyzer - Found unstable test named test0 -> class java.lang.AssertionError: Expecting exception: IllegalArgumentException
[MASTER] 20:49:58.462 [logback-1] WARN  JUnitAnalyzer - Failing test:
 byte[] byteArray0 = new byte[3];
byte byte0 = (byte) (-50);
byteArray0[0] = (byte) (-50);
byte byte1 = (byte) (-86);
byteArray0[1] = (byte) (-86);
byte byte2 = (byte) (-109);
byteArray0[2] = (byte) (-109);
Base64.encodeBase64URLSafeString(byteArray0);

[MASTER] 20:49:58.566 [logback-1] WARN  JUnitAnalyzer - EvoSuite problem: tests set up a security manager, but they do not remove it after execution
[MASTER] 20:49:58.566 [logback-1] WARN  JUnitAnalyzer - Found unstable test named test0 -> class java.lang.AssertionError: Expecting exception: IllegalArgumentException
[MASTER] 20:49:58.566 [logback-1] WARN  JUnitAnalyzer - Failing test:
 byte[] byteArray0 = new byte[0];
Base64 base64_0 = new Base64();

[MASTER] 20:49:59.257 [logback-1] WARN  JUnitAnalyzer - EvoSuite problem: tests set up a security manager, but they do not remove it after execution
[MASTER] 20:49:59.257 [logback-1] WARN  JUnitAnalyzer - Found unstable test named test0 -> class java.lang.AssertionError: Expecting exception: IllegalArgumentException
[MASTER] 20:49:59.257 [logback-1] WARN  JUnitAnalyzer - Failing test:
 byte[] byteArray0 = new byte[0];
Base64 base64_0 = new Base64(true);

[MASTER] 20:49:59.342 [logback-1] WARN  JUnitAnalyzer - EvoSuite problem: tests set up a security manager, but they do not remove it after execution
[MASTER] 20:49:59.342 [logback-1] WARN  JUnitAnalyzer - Found unstable test named test0 -> class java.lang.AssertionError: Expecting exception: IllegalArgumentException
[MASTER] 20:49:59.354 [logback-1] WARN  JUnitAnalyzer - Failing test:
 Base64.isBase64((byte)59);
Base64 base64_0 = new Base64(false);

[MASTER] 20:49:59.472 [logback-1] WARN  JUnitAnalyzer - EvoSuite problem: tests set up a security manager, but they do not remove it after execution
[MASTER] 20:49:59.473 [logback-1] WARN  JUnitAnalyzer - Found unstable test named test0 -> class java.lang.AssertionError: Expecting exception: IllegalArgumentException
[MASTER] 20:49:59.473 [logback-1] WARN  JUnitAnalyzer - Failing test:
 byte[] byteArray0 = new byte[8];
byteArray0[0] = (byte)93;
byteArray0[1] = (byte)0;
Base64.encodeBase64URLSafe(byteArray0);

[MASTER] 20:49:59.520 [logback-1] WARN  JUnitAnalyzer - EvoSuite problem: tests set up a security manager, but they do not remove it after execution
[MASTER] 20:49:59.520 [logback-1] WARN  JUnitAnalyzer - Found unstable test named test0 -> class java.lang.AssertionError: Expecting exception: IllegalArgumentException
[MASTER] 20:49:59.521 [logback-1] WARN  JUnitAnalyzer - Failing test:
 byte[] byteArray0 = new byte[1];
byteArray0[0] = (byte)73;
Base64.decodeInteger(byteArray0);

[MASTER] 20:49:59.600 [logback-1] WARN  JUnitAnalyzer - EvoSuite problem: tests set up a security manager, but they do not remove it after execution
[MASTER] 20:49:59.651 [logback-1] WARN  JUnitAnalyzer - EvoSuite problem: tests set up a security manager, but they do not remove it after execution
[MASTER] 20:49:59.651 [logback-1] WARN  JUnitAnalyzer - Found unstable test named test0 -> class java.lang.AssertionError: Expecting exception: IllegalArgumentException
[MASTER] 20:49:59.651 [logback-1] WARN  JUnitAnalyzer - Failing test:
 boolean boolean0 = false;
Base64 base64_0 = new Base64(false);

[MASTER] 20:49:59.740 [logback-1] WARN  JUnitAnalyzer - EvoSuite problem: tests set up a security manager, but they do not remove it after execution
[MASTER] 20:49:59.741 [logback-1] WARN  JUnitAnalyzer - Found unstable test named test0 -> class java.lang.AssertionError: Expecting exception: IllegalArgumentException
[MASTER] 20:49:59.741 [logback-1] WARN  JUnitAnalyzer - Failing test:
 Base64 base64_0 = new Base64();

[MASTER] 20:49:59.807 [logback-1] WARN  JUnitAnalyzer - EvoSuite problem: tests set up a security manager, but they do not remove it after execution
[MASTER] 20:49:59.807 [logback-1] WARN  JUnitAnalyzer - Found unstable test named test0 -> class java.lang.AssertionError: Expecting exception: IllegalArgumentException
[MASTER] 20:49:59.807 [logback-1] WARN  JUnitAnalyzer - Failing test:
 byte byte0 = (byte) (-12);
Base64.isBase64((byte) (-12));
Base64.decodeBase64("encodeInteger called with null parameter");

[MASTER] 20:49:59.904 [logback-1] WARN  JUnitAnalyzer - EvoSuite problem: tests set up a security manager, but they do not remove it after execution
[MASTER] 20:49:59.904 [logback-1] WARN  JUnitAnalyzer - Found unstable test named test0 -> class java.lang.AssertionError: Expecting exception: IllegalArgumentException
[MASTER] 20:49:59.904 [logback-1] WARN  JUnitAnalyzer - Failing test:
 BigInteger bigInteger0 = BigInteger.ZERO;
byte[] byteArray0 = Base64.toIntegerBytes(bigInteger0);
Base64.isBase64("FP7R|>");
Base64.decodeInteger(byteArray0);

[MASTER] 20:50:00.082 [logback-1] WARN  JUnitAnalyzer - EvoSuite problem: tests set up a security manager, but they do not remove it after execution
[MASTER] 20:50:00.082 [logback-1] WARN  JUnitAnalyzer - Found unstable test named test0 -> class java.lang.AssertionError: Expecting exception: IllegalArgumentException
[MASTER] 20:50:00.082 [logback-1] WARN  JUnitAnalyzer - Failing test:
 byte[] byteArray0 = new byte[8];
byteArray0[0] = (byte)93;
byteArray0[1] = (byte)0;
Base64.encodeBase64URLSafe(byteArray0);

[MASTER] 20:50:00.167 [logback-1] WARN  JUnitAnalyzer - EvoSuite problem: tests set up a security manager, but they do not remove it after execution
[MASTER] 20:50:00.167 [logback-1] WARN  JUnitAnalyzer - Found unstable test named test0 -> class java.lang.AssertionError: Expecting exception: IllegalArgumentException
[MASTER] 20:50:00.167 [logback-1] WARN  JUnitAnalyzer - Failing test:
 byte[] byteArray0 = new byte[5];
Base64.encodeBase64(byteArray0);

[MASTER] 20:50:00.215 [logback-1] WARN  JUnitAnalyzer - EvoSuite problem: tests set up a security manager, but they do not remove it after execution
[MASTER] 20:50:00.215 [logback-1] WARN  JUnitAnalyzer - Found unstable test named test0 -> class java.lang.AssertionError: Expecting exception: IllegalArgumentException
[MASTER] 20:50:00.216 [logback-1] WARN  JUnitAnalyzer - Failing test:
 byte[] byteArray0 = new byte[0];
Base64 base64_0 = new Base64();

[MASTER] 20:50:00.295 [logback-1] WARN  JUnitAnalyzer - EvoSuite problem: tests set up a security manager, but they do not remove it after execution
[MASTER] 20:50:00.295 [logback-1] WARN  JUnitAnalyzer - Found unstable test named test0 -> class java.lang.AssertionError: Expecting exception: IllegalArgumentException
[MASTER] 20:50:00.295 [logback-1] WARN  JUnitAnalyzer - Failing test:
 BigInteger bigInteger0 = BigInteger.ONE;
Base64.decodeBase64("eR-");

[MASTER] 20:50:00.371 [logback-1] WARN  JUnitAnalyzer - EvoSuite problem: tests set up a security manager, but they do not remove it after execution
[MASTER] 20:50:00.448 [logback-1] WARN  JUnitAnalyzer - EvoSuite problem: tests set up a security manager, but they do not remove it after execution
[MASTER] 20:50:00.449 [logback-1] WARN  JUnitAnalyzer - Found unstable test named test0 -> class java.lang.AssertionError: Expecting exception: IllegalArgumentException
[MASTER] 20:50:00.450 [logback-1] WARN  JUnitAnalyzer - Failing test:
 byte[] byteArray0 = new byte[18];
byte[] byteArray1 = new byte[1];
byteArray1[0] = (byte)0;
Base64 base64_0 = new Base64(16, byteArray1, false);
Base64.encodeBase64Chunked(byteArray0);

[MASTER] 20:50:00.502 [logback-1] WARN  JUnitAnalyzer - EvoSuite problem: tests set up a security manager, but they do not remove it after execution
[MASTER] 20:50:00.623 [logback-1] WARN  JUnitAnalyzer - EvoSuite problem: tests set up a security manager, but they do not remove it after execution
[MASTER] 20:50:00.624 [logback-1] WARN  JUnitAnalyzer - Found unstable test named test0 -> class java.lang.AssertionError: Expecting exception: IllegalArgumentException
[MASTER] 20:50:00.626 [logback-1] WARN  JUnitAnalyzer - Failing test:
 byte[] byteArray0 = new byte[5];
BigInteger bigInteger0 = BigInteger.ONE;
BigInteger bigInteger1 = BigInteger.ONE;
BigInteger bigInteger2 = bigInteger0.multiply(bigInteger1);
BigInteger bigInteger3 = BigInteger.TEN;
BigInteger bigInteger4 = bigInteger0.multiply(bigInteger3);
bigInteger2.mod(bigInteger4);
Base64.encodeInteger(bigInteger0);

[MASTER] 20:50:00.719 [logback-1] WARN  JUnitAnalyzer - EvoSuite problem: tests set up a security manager, but they do not remove it after execution
[MASTER] 20:50:00.720 [logback-1] WARN  JUnitAnalyzer - Found unstable test named test0 -> class java.lang.AssertionError: Expecting exception: IllegalArgumentException
[MASTER] 20:50:00.720 [logback-1] WARN  JUnitAnalyzer - Failing test:
 Base64.isBase64((byte)40);
Base64.decodeBase64("Parameter supplied to Base64 decode is not a byte[] or a String");

[MASTER] 20:50:00.789 [logback-1] WARN  JUnitAnalyzer - EvoSuite problem: tests set up a security manager, but they do not remove it after execution
[MASTER] 20:50:00.789 [logback-1] WARN  JUnitAnalyzer - Found unstable test named test0 -> class java.lang.AssertionError: Expecting exception: IllegalArgumentException
[MASTER] 20:50:00.789 [logback-1] WARN  JUnitAnalyzer - Failing test:
 byte[] byteArray0 = new byte[5];
BigInteger bigInteger0 = BigInteger.ONE;
BigInteger bigInteger1 = BigInteger.ONE;
BigInteger bigInteger2 = BigInteger.TEN;
BigInteger bigInteger3 = bigInteger0.multiply(bigInteger2);
bigInteger1.mod(bigInteger3);
Base64.encodeInteger(bigInteger0);

[MASTER] 20:50:01.093 [logback-1] WARN  JUnitAnalyzer - EvoSuite problem: tests set up a security manager, but they do not remove it after execution
[MASTER] 20:50:01.093 [logback-1] WARN  JUnitAnalyzer - Found unstable test named test0 -> class java.lang.AssertionError: Expecting exception: IllegalArgumentException
[MASTER] 20:50:01.094 [logback-1] WARN  JUnitAnalyzer - Failing test:
 MockRandom mockRandom0 = new MockRandom(861);
BigInteger bigInteger0 = new BigInteger(861, mockRandom0);
bigInteger0.pow(861);
BigInteger bigInteger1 = BigInteger.TEN;
bigInteger1.pow(861);
Base64.encodeInteger(bigInteger1);

[MASTER] 20:50:01.430 [logback-1] WARN  JUnitAnalyzer - EvoSuite problem: tests set up a security manager, but they do not remove it after execution
[MASTER] 20:50:01.652 [logback-1] WARN  JUnitAnalyzer - EvoSuite problem: tests set up a security manager, but they do not remove it after execution
[MASTER] 20:50:01.653 [logback-1] WARN  JUnitAnalyzer - Found unstable test named test0 -> class java.lang.AssertionError: Expecting exception: IllegalArgumentException
[MASTER] 20:50:01.653 [logback-1] WARN  JUnitAnalyzer - Failing test:
 MockRandom mockRandom0 = new MockRandom(861);
BigInteger bigInteger0 = new BigInteger(861, mockRandom0);
bigInteger0.pow(861);
BigInteger bigInteger1 = bigInteger0.pow(73);
Base64.encodeInteger(bigInteger1);

[MASTER] 20:50:01.900 [logback-1] WARN  JUnitAnalyzer - EvoSuite problem: tests set up a security manager, but they do not remove it after execution
[MASTER] 20:50:01.901 [logback-1] WARN  JUnitAnalyzer - Found unstable test named test0 -> class java.lang.AssertionError: Expecting exception: IllegalArgumentException
[MASTER] 20:50:01.901 [logback-1] WARN  JUnitAnalyzer - Failing test:
 MockRandom mockRandom0 = new MockRandom(861);
BigInteger bigInteger0 = new BigInteger(861, mockRandom0);
bigInteger0.pow(861);
int int0 = 47;
BigInteger bigInteger1 = bigInteger0.pow(47);
Base64.encodeInteger(bigInteger1);

[MASTER] 20:50:02.057 [logback-1] WARN  JUnitAnalyzer - EvoSuite problem: tests set up a security manager, but they do not remove it after execution
[MASTER] 20:50:02.057 [logback-1] WARN  JUnitAnalyzer - Found unstable test named test0 -> class java.lang.AssertionError: Expecting exception: IllegalArgumentException
[MASTER] 20:50:02.057 [logback-1] WARN  JUnitAnalyzer - Failing test:
 MockRandom mockRandom0 = new MockRandom(861);
BigInteger bigInteger0 = new BigInteger(861, mockRandom0);
bigInteger0.pow(861);
int int0 = 47;
BigInteger bigInteger1 = bigInteger0.pow(47);
Base64.encodeInteger(bigInteger1);

[MASTER] 20:50:02.121 [logback-1] WARN  JUnitAnalyzer - EvoSuite problem: tests set up a security manager, but they do not remove it after execution
[MASTER] 20:50:02.121 [logback-1] WARN  JUnitAnalyzer - Found unstable test named test0 -> class java.lang.AssertionError: Expecting exception: IllegalArgumentException
[MASTER] 20:50:02.121 [logback-1] WARN  JUnitAnalyzer - Failing test:
 MockRandom mockRandom0 = new MockRandom(861);
BigInteger bigInteger0 = new BigInteger(861, mockRandom0);
BigInteger bigInteger1 = bigInteger0.pow(76);
Base64.encodeInteger(bigInteger1);

[MASTER] 20:50:02.263 [logback-1] WARN  JUnitAnalyzer - EvoSuite problem: tests set up a security manager, but they do not remove it after execution
[MASTER] 20:50:02.263 [logback-1] WARN  JUnitAnalyzer - Found unstable test named test0 -> class java.lang.AssertionError: Expecting exception: IllegalArgumentException
[MASTER] 20:50:02.263 [logback-1] WARN  JUnitAnalyzer - Failing test:
 MockRandom mockRandom0 = new MockRandom();
BigInteger bigInteger0 = new BigInteger(861, mockRandom0);
BigInteger bigInteger1 = BigInteger.ZERO;
BigInteger bigInteger2 = bigInteger0.pow(47);
Base64.toIntegerBytes(bigInteger2);
Base64 base64_0 = new Base64(true);

[MASTER] 20:50:02.499 [logback-1] WARN  JUnitAnalyzer - EvoSuite problem: tests set up a security manager, but they do not remove it after execution
[MASTER] 20:50:02.500 [logback-1] WARN  JUnitAnalyzer - Found unstable test named test0 -> class java.lang.AssertionError: Expecting exception: IllegalArgumentException
[MASTER] 20:50:02.500 [logback-1] WARN  JUnitAnalyzer - Failing test:
 MockRandom mockRandom0 = new MockRandom(861);
BigInteger bigInteger0 = new BigInteger(861, mockRandom0);
bigInteger0.pow(861);
BigInteger bigInteger1 = bigInteger0.pow(47);
Base64.encodeInteger(bigInteger1);

[MASTER] 20:50:02.677 [logback-1] WARN  JUnitAnalyzer - EvoSuite problem: tests set up a security manager, but they do not remove it after execution
[MASTER] 20:50:02.677 [logback-1] WARN  JUnitAnalyzer - Found unstable test named test0 -> class java.lang.AssertionError: Expecting exception: IllegalArgumentException
[MASTER] 20:50:02.677 [logback-1] WARN  JUnitAnalyzer - Failing test:
 MockRandom mockRandom0 = new MockRandom(861);
BigInteger bigInteger0 = new BigInteger(861, mockRandom0);
bigInteger0.pow(861);
BigInteger bigInteger1 = bigInteger0.pow(47);
Base64.encodeInteger(bigInteger1);

[MASTER] 20:50:02.746 [logback-1] WARN  JUnitAnalyzer - EvoSuite problem: tests set up a security manager, but they do not remove it after execution
[MASTER] 20:50:02.834 [logback-1] WARN  JUnitAnalyzer - EvoSuite problem: tests set up a security manager, but they do not remove it after execution
[MASTER] 20:50:02.834 [logback-1] WARN  JUnitAnalyzer - Found unstable test named test0 -> class java.lang.AssertionError: Expecting exception: IllegalArgumentException
[MASTER] 20:50:02.835 [logback-1] WARN  JUnitAnalyzer - Failing test:
 MockRandom mockRandom0 = new MockRandom(878);
BigInteger bigInteger0 = new BigInteger(878, mockRandom0);
BigInteger bigInteger1 = BigInteger.ZERO;
BigInteger bigInteger2 = bigInteger0.pow(47);
Base64.encodeInteger(bigInteger2);

[MASTER] 20:50:02.888 [logback-1] WARN  JUnitAnalyzer - EvoSuite problem: tests set up a security manager, but they do not remove it after execution
[MASTER] 20:50:02.888 [logback-1] WARN  JUnitAnalyzer - Found unstable test named test0 -> class java.lang.AssertionError: Expecting exception: IllegalArgumentException
[MASTER] 20:50:02.889 [logback-1] WARN  JUnitAnalyzer - Failing test:
 MockRandom mockRandom0 = new MockRandom(878);
BigInteger bigInteger0 = new BigInteger(878, mockRandom0);
BigInteger bigInteger1 = BigInteger.ZERO;
int int0 = 47;
BigInteger bigInteger2 = bigInteger0.pow(47);
Base64.encodeInteger(bigInteger2);

[MASTER] 20:50:03.156 [logback-1] WARN  JUnitAnalyzer - EvoSuite problem: tests set up a security manager, but they do not remove it after execution
[MASTER] 20:50:03.157 [logback-1] WARN  JUnitAnalyzer - Found unstable test named test0 -> class java.lang.AssertionError: Expecting exception: IllegalArgumentException
[MASTER] 20:50:03.157 [logback-1] WARN  JUnitAnalyzer - Failing test:
 MockRandom mockRandom0 = new MockRandom();
BigInteger bigInteger0 = new BigInteger(861, mockRandom0);
bigInteger0.pow(861);
BigInteger bigInteger1 = bigInteger0.pow(46);
Base64.encodeInteger(bigInteger1);

[MASTER] 20:50:03.299 [logback-1] WARN  JUnitAnalyzer - EvoSuite problem: tests set up a security manager, but they do not remove it after execution
[MASTER] 20:50:03.465 [logback-1] WARN  JUnitAnalyzer - EvoSuite problem: tests set up a security manager, but they do not remove it after execution
[MASTER] 20:50:03.466 [logback-1] WARN  JUnitAnalyzer - Found unstable test named test0 -> class java.lang.AssertionError: Expecting exception: IllegalArgumentException
[MASTER] 20:50:03.466 [logback-1] WARN  JUnitAnalyzer - Failing test:
 MockRandom mockRandom0 = new MockRandom(861);
BigInteger bigInteger0 = new BigInteger(861, mockRandom0);
bigInteger0.pow(861);
BigInteger bigInteger1 = bigInteger0.pow(80);
bigInteger1.shiftLeft(861);
Base64.encodeInteger(bigInteger1);

[MASTER] 20:50:03.533 [logback-1] WARN  JUnitAnalyzer - EvoSuite problem: tests set up a security manager, but they do not remove it after execution
[MASTER] 20:50:03.533 [logback-1] WARN  JUnitAnalyzer - Found unstable test named test0 -> class java.lang.AssertionError: Expecting exception: IllegalArgumentException
[MASTER] 20:50:03.534 [logback-1] WARN  JUnitAnalyzer - Failing test:
 int int0 = 890;
MockRandom mockRandom0 = new MockRandom();
mockRandom0.nextGaussian();
BigInteger bigInteger0 = new BigInteger(890, mockRandom0);
Base64.encodeInteger(bigInteger0);

[MASTER] 20:50:03.605 [logback-1] WARN  JUnitAnalyzer - EvoSuite problem: tests set up a security manager, but they do not remove it after execution
[MASTER] 20:50:03.606 [logback-1] WARN  JUnitAnalyzer - Found unstable test named test0 -> class java.lang.AssertionError: Expecting exception: IllegalArgumentException
[MASTER] 20:50:03.606 [logback-1] WARN  JUnitAnalyzer - Failing test:
 MockRandom mockRandom0 = new MockRandom();
mockRandom0.nextGaussian();
BigInteger bigInteger0 = new BigInteger(890, mockRandom0);
int int0 = 47;
BigInteger bigInteger1 = bigInteger0.pow(47);
Base64.encodeInteger(bigInteger1);

[MASTER] 20:50:03.860 [logback-1] WARN  JUnitAnalyzer - EvoSuite problem: tests set up a security manager, but they do not remove it after execution
[MASTER] 20:50:03.860 [logback-1] WARN  JUnitAnalyzer - Found unstable test named test0 -> class java.lang.AssertionError: Expecting exception: IllegalArgumentException
[MASTER] 20:50:03.861 [logback-1] WARN  JUnitAnalyzer - Failing test:
 MockRandom mockRandom0 = new MockRandom(861);
BigInteger bigInteger0 = new BigInteger(861, mockRandom0);
bigInteger0.pow(861);
BigInteger bigInteger1 = bigInteger0.pow(80);
bigInteger1.shiftLeft(861);
Base64.encodeInteger(bigInteger1);

[MASTER] 20:50:03.909 [logback-1] WARN  JUnitAnalyzer - EvoSuite problem: tests set up a security manager, but they do not remove it after execution
[MASTER] 20:50:03.909 [logback-1] WARN  JUnitAnalyzer - Found unstable test named test0 -> class java.lang.AssertionError: Expecting exception: IllegalArgumentException
[MASTER] 20:50:03.909 [logback-1] WARN  JUnitAnalyzer - Failing test:
 MockRandom mockRandom0 = new MockRandom();
mockRandom0.nextGaussian();
BigInteger bigInteger0 = new BigInteger(890, mockRandom0);
Base64.encodeInteger(bigInteger0);

[MASTER] 20:50:04.011 [logback-1] WARN  JUnitAnalyzer - EvoSuite problem: tests set up a security manager, but they do not remove it after execution
[MASTER] 20:50:04.012 [logback-1] WARN  JUnitAnalyzer - Found unstable test named test0 -> class java.lang.AssertionError: Expecting exception: IllegalArgumentException
[MASTER] 20:50:04.012 [logback-1] WARN  JUnitAnalyzer - Failing test:
 MockRandom mockRandom0 = new MockRandom();
BigInteger bigInteger0 = new BigInteger(890, mockRandom0);
int int0 = 47;
BigInteger bigInteger1 = bigInteger0.pow(47);
Base64.encodeInteger(bigInteger1);

[MASTER] 20:50:04.212 [logback-1] WARN  JUnitAnalyzer - EvoSuite problem: tests set up a security manager, but they do not remove it after execution
[MASTER] 20:50:04.212 [logback-1] WARN  JUnitAnalyzer - Found unstable test named test0 -> class java.lang.AssertionError: Expecting exception: IllegalArgumentException
[MASTER] 20:50:04.212 [logback-1] WARN  JUnitAnalyzer - Failing test:
 MockRandom mockRandom0 = new MockRandom();
BigInteger bigInteger0 = new BigInteger(890, mockRandom0);
BigInteger bigInteger1 = bigInteger0.pow(890);
Base64.toIntegerBytes(bigInteger1);
mockRandom0.longs();
Base64 base64_0 = new Base64(47);

[MASTER] 20:50:04.460 [logback-1] WARN  JUnitAnalyzer - EvoSuite problem: tests set up a security manager, but they do not remove it after execution
[MASTER] 20:50:04.460 [logback-1] WARN  JUnitAnalyzer - Found unstable test named test0 -> class java.lang.AssertionError: Expecting exception: IllegalArgumentException
[MASTER] 20:50:04.461 [logback-1] WARN  JUnitAnalyzer - Failing test:
 MockRandom mockRandom0 = new MockRandom(861);
BigInteger bigInteger0 = new BigInteger(861, mockRandom0);
bigInteger0.pow(861);
BigInteger bigInteger1 = bigInteger0.pow(80);
bigInteger1.shiftLeft(861);
mockRandom0.nextInt();
Base64.encodeInteger(bigInteger1);

[MASTER] 20:50:04.649 [logback-1] WARN  JUnitAnalyzer - EvoSuite problem: tests set up a security manager, but they do not remove it after execution
[MASTER] 20:50:04.649 [logback-1] WARN  JUnitAnalyzer - Found unstable test named test0 -> class java.lang.AssertionError: Expecting exception: IllegalArgumentException
[MASTER] 20:50:04.649 [logback-1] WARN  JUnitAnalyzer - Failing test:
 MockRandom mockRandom0 = new MockRandom(861);
BigInteger bigInteger0 = new BigInteger(861, mockRandom0);
bigInteger0.pow(861);
BigInteger bigInteger1 = bigInteger0.pow(80);
bigInteger1.shiftLeft(861);
Base64.encodeInteger(bigInteger1);

[MASTER] 20:50:04.868 [logback-1] WARN  JUnitAnalyzer - EvoSuite problem: tests set up a security manager, but they do not remove it after execution
[MASTER] 20:50:04.868 [logback-1] WARN  JUnitAnalyzer - Found unstable test named test0 -> class java.lang.AssertionError: Expecting exception: IllegalArgumentException
[MASTER] 20:50:04.868 [logback-1] WARN  JUnitAnalyzer - Failing test:
 MockRandom mockRandom0 = new MockRandom();
BigInteger bigInteger0 = new BigInteger(861, mockRandom0);
bigInteger0.pow(861);
BigInteger bigInteger1 = bigInteger0.pow(80);
bigInteger1.shiftLeft(861);
Base64.encodeInteger(bigInteger1);

[MASTER] 20:50:04.947 [logback-1] WARN  JUnitAnalyzer - EvoSuite problem: tests set up a security manager, but they do not remove it after execution
[MASTER] 20:50:08.696 [logback-1] WARN  JUnitAnalyzer - EvoSuite problem: tests set up a security manager, but they do not remove it after execution
[MASTER] 20:50:12.387 [logback-1] WARN  JUnitAnalyzer - EvoSuite problem: tests set up a security manager, but they do not remove it after execution
* Writing tests to file
* Writing JUnit test case 'Base64_ESTest' to results/Codec-9/org.apache.commons.codec.binary.Base64/BBC-F0-opt-10/tests/6
* Done!

* Computation finished
