JUnit version 4.12
...................E.E.E.E.E.E.E.E.E.E.E.E.E.E.E.E.E.E.E.E........E..E................E.E.........................E...E.....E.....................E..
Time: 0.902
There were 28 failures:
1) test031(org.apache.commons.compress.archivers.zip.ZipArchiveEntry_ESTest)
org.evosuite.runtime.mock.java.lang.MockIllegalArgumentException: Zip64 extended information must contain both size values in the local file header.
	at org.apache.commons.compress.archivers.zip.Zip64ExtendedInformationExtraField.getLocalFileDataData(Zip64ExtendedInformationExtraField.java:128)
	at org.apache.commons.compress.archivers.zip.ExtraFieldUtils.mergeLocalFileDataData(ExtraFieldUtils.java:218)
	at org.apache.commons.compress.archivers.zip.ZipArchiveEntry.setExtra(ZipArchiveEntry.java:555)
	at org.apache.commons.compress.archivers.zip.ZipArchiveEntry.setExtraFields(ZipArchiveEntry.java:333)
	at org.apache.commons.compress.archivers.zip.ZipArchiveEntry_ESTest.test031(ZipArchiveEntry_ESTest.java:399)
	at sun.reflect.NativeMethodAccessorImpl.invoke0(Native Method)
	at sun.reflect.NativeMethodAccessorImpl.invoke(NativeMethodAccessorImpl.java:62)
	at sun.reflect.DelegatingMethodAccessorImpl.invoke(DelegatingMethodAccessorImpl.java:43)
	at java.lang.reflect.Method.invoke(Method.java:498)
	at org.junit.runners.model.FrameworkMethod$1.runReflectiveCall(FrameworkMethod.java:50)
	at org.junit.internal.runners.model.ReflectiveCallable.run(ReflectiveCallable.java:12)
	at org.junit.runners.model.FrameworkMethod.invokeExplosively(FrameworkMethod.java:47)
	at org.junit.internal.runners.statements.InvokeMethod.evaluate(InvokeMethod.java:17)
	at org.junit.internal.runners.statements.FailOnTimeout$CallableStatement.call(FailOnTimeout.java:298)
	at org.junit.internal.runners.statements.FailOnTimeout$CallableStatement.call(FailOnTimeout.java:292)
	at java.util.concurrent.FutureTask.run(FutureTask.java:266)
	at java.lang.Thread.run(Thread.java:748)
2) test032(org.apache.commons.compress.archivers.zip.ZipArchiveEntry_ESTest)
org.evosuite.runtime.mock.java.lang.MockRuntimeException: Error parsing extra fields for entry: (=Y-x._8%tM`/ - UniCode path extra data must have at least 5 bytes.
	at org.apache.commons.compress.archivers.zip.ZipArchiveEntry.setExtra(ZipArchiveEntry.java:543)
	at org.apache.commons.compress.archivers.zip.ZipArchiveEntry_ESTest.test032(ZipArchiveEntry_ESTest.java:417)
	at sun.reflect.NativeMethodAccessorImpl.invoke0(Native Method)
	at sun.reflect.NativeMethodAccessorImpl.invoke(NativeMethodAccessorImpl.java:62)
	at sun.reflect.DelegatingMethodAccessorImpl.invoke(DelegatingMethodAccessorImpl.java:43)
	at java.lang.reflect.Method.invoke(Method.java:498)
	at org.junit.runners.model.FrameworkMethod$1.runReflectiveCall(FrameworkMethod.java:50)
	at org.junit.internal.runners.model.ReflectiveCallable.run(ReflectiveCallable.java:12)
	at org.junit.runners.model.FrameworkMethod.invokeExplosively(FrameworkMethod.java:47)
	at org.junit.internal.runners.statements.InvokeMethod.evaluate(InvokeMethod.java:17)
	at org.junit.internal.runners.statements.FailOnTimeout$CallableStatement.call(FailOnTimeout.java:298)
	at org.junit.internal.runners.statements.FailOnTimeout$CallableStatement.call(FailOnTimeout.java:292)
	at java.util.concurrent.FutureTask.run(FutureTask.java:266)
	at java.lang.Thread.run(Thread.java:748)
Caused by: java.util.zip.ZipException: UniCode path extra data must have at least 5 bytes.
	at org.apache.commons.compress.archivers.zip.AbstractUnicodeExtraField.parseFromLocalFileData(AbstractUnicodeExtraField.java:166)
	at org.apache.commons.compress.archivers.zip.ExtraFieldUtils.parse(ExtraFieldUtils.java:178)
	at org.apache.commons.compress.archivers.zip.ZipArchiveEntry.setExtra(ZipArchiveEntry.java:537)
	... 13 more
3) test033(org.apache.commons.compress.archivers.zip.ZipArchiveEntry_ESTest)
java.lang.NullPointerException
	at org.apache.commons.compress.archivers.zip.ExtraFieldUtils.parse(ExtraFieldUtils.java:141)
	at org.apache.commons.compress.archivers.zip.ZipArchiveEntry.setExtra(ZipArchiveEntry.java:537)
	at org.apache.commons.compress.archivers.zip.ZipArchiveEntry_ESTest.test033(ZipArchiveEntry_ESTest.java:432)
	at sun.reflect.NativeMethodAccessorImpl.invoke0(Native Method)
	at sun.reflect.NativeMethodAccessorImpl.invoke(NativeMethodAccessorImpl.java:62)
	at sun.reflect.DelegatingMethodAccessorImpl.invoke(DelegatingMethodAccessorImpl.java:43)
	at java.lang.reflect.Method.invoke(Method.java:498)
	at org.junit.runners.model.FrameworkMethod$1.runReflectiveCall(FrameworkMethod.java:50)
	at org.junit.internal.runners.model.ReflectiveCallable.run(ReflectiveCallable.java:12)
	at org.junit.runners.model.FrameworkMethod.invokeExplosively(FrameworkMethod.java:47)
	at org.junit.internal.runners.statements.InvokeMethod.evaluate(InvokeMethod.java:17)
	at org.junit.internal.runners.statements.FailOnTimeout$CallableStatement.call(FailOnTimeout.java:298)
	at org.junit.internal.runners.statements.FailOnTimeout$CallableStatement.call(FailOnTimeout.java:292)
	at java.util.concurrent.FutureTask.run(FutureTask.java:266)
	at java.lang.Thread.run(Thread.java:748)
4) test034(org.apache.commons.compress.archivers.zip.ZipArchiveEntry_ESTest)
java.lang.NullPointerException
	at org.apache.commons.compress.archivers.zip.ExtraFieldUtils.parse(ExtraFieldUtils.java:141)
	at org.apache.commons.compress.archivers.zip.ZipArchiveEntry.setCentralDirectoryExtra(ZipArchiveEntry.java:564)
	at org.apache.commons.compress.archivers.zip.ZipArchiveEntry_ESTest.test034(ZipArchiveEntry_ESTest.java:448)
	at sun.reflect.NativeMethodAccessorImpl.invoke0(Native Method)
	at sun.reflect.NativeMethodAccessorImpl.invoke(NativeMethodAccessorImpl.java:62)
	at sun.reflect.DelegatingMethodAccessorImpl.invoke(DelegatingMethodAccessorImpl.java:43)
	at java.lang.reflect.Method.invoke(Method.java:498)
	at org.junit.runners.model.FrameworkMethod$1.runReflectiveCall(FrameworkMethod.java:50)
	at org.junit.internal.runners.model.ReflectiveCallable.run(ReflectiveCallable.java:12)
	at org.junit.runners.model.FrameworkMethod.invokeExplosively(FrameworkMethod.java:47)
	at org.junit.internal.runners.statements.InvokeMethod.evaluate(InvokeMethod.java:17)
	at org.junit.internal.runners.statements.FailOnTimeout$CallableStatement.call(FailOnTimeout.java:298)
	at org.junit.internal.runners.statements.FailOnTimeout$CallableStatement.call(FailOnTimeout.java:292)
	at java.util.concurrent.FutureTask.run(FutureTask.java:266)
	at java.lang.Thread.run(Thread.java:748)
5) test035(org.apache.commons.compress.archivers.zip.ZipArchiveEntry_ESTest)
java.lang.ArrayIndexOutOfBoundsException: 15
	at org.apache.commons.compress.archivers.zip.ZipLong.getValue(ZipLong.java:168)
	at org.apache.commons.compress.archivers.zip.X0017_StrongEncryptionHeader.parseCentralDirectoryFormat(X0017_StrongEncryptionHeader.java:307)
	at org.apache.commons.compress.archivers.zip.X0017_StrongEncryptionHeader.parseFromCentralDirectoryData(X0017_StrongEncryptionHeader.java:380)
	at org.apache.commons.compress.archivers.zip.ExtraFieldUtils.parse(ExtraFieldUtils.java:180)
	at org.apache.commons.compress.archivers.zip.ZipArchiveEntry.setCentralDirectoryExtra(ZipArchiveEntry.java:564)
	at org.apache.commons.compress.archivers.zip.ZipArchiveEntry_ESTest.test035(ZipArchiveEntry_ESTest.java:466)
	at sun.reflect.NativeMethodAccessorImpl.invoke0(Native Method)
	at sun.reflect.NativeMethodAccessorImpl.invoke(NativeMethodAccessorImpl.java:62)
	at sun.reflect.DelegatingMethodAccessorImpl.invoke(DelegatingMethodAccessorImpl.java:43)
	at java.lang.reflect.Method.invoke(Method.java:498)
	at org.junit.runners.model.FrameworkMethod$1.runReflectiveCall(FrameworkMethod.java:50)
	at org.junit.internal.runners.model.ReflectiveCallable.run(ReflectiveCallable.java:12)
	at org.junit.runners.model.FrameworkMethod.invokeExplosively(FrameworkMethod.java:47)
	at org.junit.internal.runners.statements.InvokeMethod.evaluate(InvokeMethod.java:17)
	at org.junit.internal.runners.statements.FailOnTimeout$CallableStatement.call(FailOnTimeout.java:298)
	at org.junit.internal.runners.statements.FailOnTimeout$CallableStatement.call(FailOnTimeout.java:292)
	at java.util.concurrent.FutureTask.run(FutureTask.java:266)
	at java.lang.Thread.run(Thread.java:748)
6) test036(org.apache.commons.compress.archivers.zip.ZipArchiveEntry_ESTest)
java.lang.NullPointerException
	at org.apache.commons.compress.archivers.zip.ZipArchiveEntry.removeExtraField(ZipArchiveEntry.java:474)
	at org.apache.commons.compress.archivers.zip.ZipArchiveEntry_ESTest.test036(ZipArchiveEntry_ESTest.java:484)
	at sun.reflect.NativeMethodAccessorImpl.invoke0(Native Method)
	at sun.reflect.NativeMethodAccessorImpl.invoke(NativeMethodAccessorImpl.java:62)
	at sun.reflect.DelegatingMethodAccessorImpl.invoke(DelegatingMethodAccessorImpl.java:43)
	at java.lang.reflect.Method.invoke(Method.java:498)
	at org.junit.runners.model.FrameworkMethod$1.runReflectiveCall(FrameworkMethod.java:50)
	at org.junit.internal.runners.model.ReflectiveCallable.run(ReflectiveCallable.java:12)
	at org.junit.runners.model.FrameworkMethod.invokeExplosively(FrameworkMethod.java:47)
	at org.junit.internal.runners.statements.InvokeMethod.evaluate(InvokeMethod.java:17)
	at org.junit.internal.runners.statements.FailOnTimeout$CallableStatement.call(FailOnTimeout.java:298)
	at org.junit.internal.runners.statements.FailOnTimeout$CallableStatement.call(FailOnTimeout.java:292)
	at java.util.concurrent.FutureTask.run(FutureTask.java:266)
	at java.lang.Thread.run(Thread.java:748)
7) test037(org.apache.commons.compress.archivers.zip.ZipArchiveEntry_ESTest)
java.lang.NullPointerException
	at org.apache.commons.compress.archivers.zip.ZipArchiveEntry.getExtraField(ZipArchiveEntry.java:507)
	at org.apache.commons.compress.archivers.zip.ZipArchiveEntry_ESTest.test037(ZipArchiveEntry_ESTest.java:503)
	at sun.reflect.NativeMethodAccessorImpl.invoke0(Native Method)
	at sun.reflect.NativeMethodAccessorImpl.invoke(NativeMethodAccessorImpl.java:62)
	at sun.reflect.DelegatingMethodAccessorImpl.invoke(DelegatingMethodAccessorImpl.java:43)
	at java.lang.reflect.Method.invoke(Method.java:498)
	at org.junit.runners.model.FrameworkMethod$1.runReflectiveCall(FrameworkMethod.java:50)
	at org.junit.internal.runners.model.ReflectiveCallable.run(ReflectiveCallable.java:12)
	at org.junit.runners.model.FrameworkMethod.invokeExplosively(FrameworkMethod.java:47)
	at org.junit.internal.runners.statements.InvokeMethod.evaluate(InvokeMethod.java:17)
	at org.junit.internal.runners.statements.FailOnTimeout$CallableStatement.call(FailOnTimeout.java:298)
	at org.junit.internal.runners.statements.FailOnTimeout$CallableStatement.call(FailOnTimeout.java:292)
	at java.util.concurrent.FutureTask.run(FutureTask.java:266)
	at java.lang.Thread.run(Thread.java:748)
8) test038(org.apache.commons.compress.archivers.zip.ZipArchiveEntry_ESTest)
java.lang.NullPointerException
	at org.apache.commons.compress.archivers.zip.ZipArchiveEntry.equals(ZipArchiveEntry.java:791)
	at org.apache.commons.compress.archivers.zip.ZipArchiveEntry_ESTest.test038(ZipArchiveEntry_ESTest.java:521)
	at sun.reflect.NativeMethodAccessorImpl.invoke0(Native Method)
	at sun.reflect.NativeMethodAccessorImpl.invoke(NativeMethodAccessorImpl.java:62)
	at sun.reflect.DelegatingMethodAccessorImpl.invoke(DelegatingMethodAccessorImpl.java:43)
	at java.lang.reflect.Method.invoke(Method.java:498)
	at org.junit.runners.model.FrameworkMethod$1.runReflectiveCall(FrameworkMethod.java:50)
	at org.junit.internal.runners.model.ReflectiveCallable.run(ReflectiveCallable.java:12)
	at org.junit.runners.model.FrameworkMethod.invokeExplosively(FrameworkMethod.java:47)
	at org.junit.internal.runners.statements.InvokeMethod.evaluate(InvokeMethod.java:17)
	at org.junit.internal.runners.statements.FailOnTimeout$CallableStatement.call(FailOnTimeout.java:298)
	at org.junit.internal.runners.statements.FailOnTimeout$CallableStatement.call(FailOnTimeout.java:292)
	at java.util.concurrent.FutureTask.run(FutureTask.java:266)
	at java.lang.Thread.run(Thread.java:748)
9) test039(org.apache.commons.compress.archivers.zip.ZipArchiveEntry_ESTest)
java.lang.NullPointerException
	at org.apache.commons.compress.archivers.zip.ExtraFieldUtils.mergeLocalFileDataData(ExtraFieldUtils.java:207)
	at org.apache.commons.compress.archivers.zip.ZipArchiveEntry.setExtra(ZipArchiveEntry.java:555)
	at org.apache.commons.compress.archivers.zip.ZipArchiveEntry.addExtraField(ZipArchiveEntry.java:435)
	at org.apache.commons.compress.archivers.zip.ZipArchiveEntry_ESTest.test039(ZipArchiveEntry_ESTest.java:537)
	at sun.reflect.NativeMethodAccessorImpl.invoke0(Native Method)
	at sun.reflect.NativeMethodAccessorImpl.invoke(NativeMethodAccessorImpl.java:62)
	at sun.reflect.DelegatingMethodAccessorImpl.invoke(DelegatingMethodAccessorImpl.java:43)
	at java.lang.reflect.Method.invoke(Method.java:498)
	at org.junit.runners.model.FrameworkMethod$1.runReflectiveCall(FrameworkMethod.java:50)
	at org.junit.internal.runners.model.ReflectiveCallable.run(ReflectiveCallable.java:12)
	at org.junit.runners.model.FrameworkMethod.invokeExplosively(FrameworkMethod.java:47)
	at org.junit.internal.runners.statements.InvokeMethod.evaluate(InvokeMethod.java:17)
	at org.junit.internal.runners.statements.FailOnTimeout$CallableStatement.call(FailOnTimeout.java:298)
	at org.junit.internal.runners.statements.FailOnTimeout$CallableStatement.call(FailOnTimeout.java:292)
	at java.util.concurrent.FutureTask.run(FutureTask.java:266)
	at java.lang.Thread.run(Thread.java:748)
10) test040(org.apache.commons.compress.archivers.zip.ZipArchiveEntry_ESTest)
org.evosuite.runtime.mock.java.lang.MockIllegalArgumentException: Zip64 extended information must contain both size values in the local file header.
	at org.apache.commons.compress.archivers.zip.Zip64ExtendedInformationExtraField.getLocalFileDataData(Zip64ExtendedInformationExtraField.java:128)
	at org.apache.commons.compress.archivers.zip.ExtraFieldUtils.mergeLocalFileDataData(ExtraFieldUtils.java:218)
	at org.apache.commons.compress.archivers.zip.ZipArchiveEntry.setExtra(ZipArchiveEntry.java:555)
	at org.apache.commons.compress.archivers.zip.ZipArchiveEntry.addExtraField(ZipArchiveEntry.java:435)
	at org.apache.commons.compress.archivers.zip.ZipArchiveEntry_ESTest.test040(ZipArchiveEntry_ESTest.java:556)
	at sun.reflect.NativeMethodAccessorImpl.invoke0(Native Method)
	at sun.reflect.NativeMethodAccessorImpl.invoke(NativeMethodAccessorImpl.java:62)
	at sun.reflect.DelegatingMethodAccessorImpl.invoke(DelegatingMethodAccessorImpl.java:43)
	at java.lang.reflect.Method.invoke(Method.java:498)
	at org.junit.runners.model.FrameworkMethod$1.runReflectiveCall(FrameworkMethod.java:50)
	at org.junit.internal.runners.model.ReflectiveCallable.run(ReflectiveCallable.java:12)
	at org.junit.runners.model.FrameworkMethod.invokeExplosively(FrameworkMethod.java:47)
	at org.junit.internal.runners.statements.InvokeMethod.evaluate(InvokeMethod.java:17)
	at org.junit.internal.runners.statements.FailOnTimeout$CallableStatement.call(FailOnTimeout.java:298)
	at org.junit.internal.runners.statements.FailOnTimeout$CallableStatement.call(FailOnTimeout.java:292)
	at java.util.concurrent.FutureTask.run(FutureTask.java:266)
	at java.lang.Thread.run(Thread.java:748)
11) test041(org.apache.commons.compress.archivers.zip.ZipArchiveEntry_ESTest)
java.lang.NullPointerException
	at org.apache.commons.compress.archivers.zip.ZipArchiveEntry.addAsFirstExtraField(ZipArchiveEntry.java:449)
	at org.apache.commons.compress.archivers.zip.ZipArchiveEntry_ESTest.test041(ZipArchiveEntry_ESTest.java:573)
	at sun.reflect.NativeMethodAccessorImpl.invoke0(Native Method)
	at sun.reflect.NativeMethodAccessorImpl.invoke(NativeMethodAccessorImpl.java:62)
	at sun.reflect.DelegatingMethodAccessorImpl.invoke(DelegatingMethodAccessorImpl.java:43)
	at java.lang.reflect.Method.invoke(Method.java:498)
	at org.junit.runners.model.FrameworkMethod$1.runReflectiveCall(FrameworkMethod.java:50)
	at org.junit.internal.runners.model.ReflectiveCallable.run(ReflectiveCallable.java:12)
	at org.junit.runners.model.FrameworkMethod.invokeExplosively(FrameworkMethod.java:47)
	at org.junit.internal.runners.statements.InvokeMethod.evaluate(InvokeMethod.java:17)
	at org.junit.internal.runners.statements.FailOnTimeout$CallableStatement.call(FailOnTimeout.java:298)
	at org.junit.internal.runners.statements.FailOnTimeout$CallableStatement.call(FailOnTimeout.java:292)
	at java.util.concurrent.FutureTask.run(FutureTask.java:266)
	at java.lang.Thread.run(Thread.java:748)
12) test042(org.apache.commons.compress.archivers.zip.ZipArchiveEntry_ESTest)
org.evosuite.runtime.mock.java.lang.MockIllegalArgumentException: Zip64 extended information must contain both size values in the local file header.
	at org.apache.commons.compress.archivers.zip.Zip64ExtendedInformationExtraField.getLocalFileDataData(Zip64ExtendedInformationExtraField.java:128)
	at org.apache.commons.compress.archivers.zip.ExtraFieldUtils.mergeLocalFileDataData(ExtraFieldUtils.java:218)
	at org.apache.commons.compress.archivers.zip.ZipArchiveEntry.setExtra(ZipArchiveEntry.java:555)
	at org.apache.commons.compress.archivers.zip.ZipArchiveEntry.addAsFirstExtraField(ZipArchiveEntry.java:460)
	at org.apache.commons.compress.archivers.zip.ZipArchiveEntry_ESTest.test042(ZipArchiveEntry_ESTest.java:591)
	at sun.reflect.NativeMethodAccessorImpl.invoke0(Native Method)
	at sun.reflect.NativeMethodAccessorImpl.invoke(NativeMethodAccessorImpl.java:62)
	at sun.reflect.DelegatingMethodAccessorImpl.invoke(DelegatingMethodAccessorImpl.java:43)
	at java.lang.reflect.Method.invoke(Method.java:498)
	at org.junit.runners.model.FrameworkMethod$1.runReflectiveCall(FrameworkMethod.java:50)
	at org.junit.internal.runners.model.ReflectiveCallable.run(ReflectiveCallable.java:12)
	at org.junit.runners.model.FrameworkMethod.invokeExplosively(FrameworkMethod.java:47)
	at org.junit.internal.runners.statements.InvokeMethod.evaluate(InvokeMethod.java:17)
	at org.junit.internal.runners.statements.FailOnTimeout$CallableStatement.call(FailOnTimeout.java:298)
	at org.junit.internal.runners.statements.FailOnTimeout$CallableStatement.call(FailOnTimeout.java:292)
	at java.util.concurrent.FutureTask.run(FutureTask.java:266)
	at java.lang.Thread.run(Thread.java:748)
13) test043(org.apache.commons.compress.archivers.zip.ZipArchiveEntry_ESTest)
java.lang.NullPointerException: entry
	at java.util.Objects.requireNonNull(Objects.java:228)
	at java.util.zip.ZipEntry.<init>(ZipEntry.java:118)
	at org.apache.commons.compress.archivers.zip.ZipArchiveEntry.<init>(ZipArchiveEntry.java:116)
	at org.apache.commons.compress.archivers.zip.ZipArchiveEntry.<init>(ZipArchiveEntry.java:141)
	at org.apache.commons.compress.archivers.zip.ZipArchiveEntry_ESTest.test043(ZipArchiveEntry_ESTest.java:606)
	at sun.reflect.NativeMethodAccessorImpl.invoke0(Native Method)
	at sun.reflect.NativeMethodAccessorImpl.invoke(NativeMethodAccessorImpl.java:62)
	at sun.reflect.DelegatingMethodAccessorImpl.invoke(DelegatingMethodAccessorImpl.java:43)
	at java.lang.reflect.Method.invoke(Method.java:498)
	at org.junit.runners.model.FrameworkMethod$1.runReflectiveCall(FrameworkMethod.java:50)
	at org.junit.internal.runners.model.ReflectiveCallable.run(ReflectiveCallable.java:12)
	at org.junit.runners.model.FrameworkMethod.invokeExplosively(FrameworkMethod.java:47)
	at org.junit.internal.runners.statements.InvokeMethod.evaluate(InvokeMethod.java:17)
	at org.junit.internal.runners.statements.FailOnTimeout$CallableStatement.call(FailOnTimeout.java:298)
	at org.junit.internal.runners.statements.FailOnTimeout$CallableStatement.call(FailOnTimeout.java:292)
	at java.util.concurrent.FutureTask.run(FutureTask.java:266)
	at java.lang.Thread.run(Thread.java:748)
14) test044(org.apache.commons.compress.archivers.zip.ZipArchiveEntry_ESTest)
java.lang.ArrayIndexOutOfBoundsException: 5
	at org.apache.commons.compress.archivers.zip.ZipShort.getValue(ZipShort.java:112)
	at org.apache.commons.compress.archivers.zip.X0017_StrongEncryptionHeader.parseFileFormat(X0017_StrongEncryptionHeader.java:331)
	at org.apache.commons.compress.archivers.zip.X0017_StrongEncryptionHeader.parseFromLocalFileData(X0017_StrongEncryptionHeader.java:374)
	at org.apache.commons.compress.archivers.zip.ExtraFieldUtils.parse(ExtraFieldUtils.java:178)
	at org.apache.commons.compress.archivers.zip.ZipArchiveEntry.<init>(ZipArchiveEntry.java:120)
	at org.apache.commons.compress.archivers.zip.ZipArchiveEntry.<init>(ZipArchiveEntry.java:141)
	at org.apache.commons.compress.archivers.zip.ZipArchiveEntry_ESTest.test044(ZipArchiveEntry_ESTest.java:625)
	at sun.reflect.NativeMethodAccessorImpl.invoke0(Native Method)
	at sun.reflect.NativeMethodAccessorImpl.invoke(NativeMethodAccessorImpl.java:62)
	at sun.reflect.DelegatingMethodAccessorImpl.invoke(DelegatingMethodAccessorImpl.java:43)
	at java.lang.reflect.Method.invoke(Method.java:498)
	at org.junit.runners.model.FrameworkMethod$1.runReflectiveCall(FrameworkMethod.java:50)
	at org.junit.internal.runners.model.ReflectiveCallable.run(ReflectiveCallable.java:12)
	at org.junit.runners.model.FrameworkMethod.invokeExplosively(FrameworkMethod.java:47)
	at org.junit.internal.runners.statements.InvokeMethod.evaluate(InvokeMethod.java:17)
	at org.junit.internal.runners.statements.FailOnTimeout$CallableStatement.call(FailOnTimeout.java:298)
	at org.junit.internal.runners.statements.FailOnTimeout$CallableStatement.call(FailOnTimeout.java:292)
	at java.util.concurrent.FutureTask.run(FutureTask.java:266)
	at java.lang.Thread.run(Thread.java:748)
15) test045(org.apache.commons.compress.archivers.zip.ZipArchiveEntry_ESTest)
java.util.zip.ZipException: UniCode path extra data must have at least 5 bytes.
	at org.apache.commons.compress.archivers.zip.AbstractUnicodeExtraField.parseFromLocalFileData(AbstractUnicodeExtraField.java:166)
	at org.apache.commons.compress.archivers.zip.ExtraFieldUtils.parse(ExtraFieldUtils.java:178)
	at org.apache.commons.compress.archivers.zip.ZipArchiveEntry.<init>(ZipArchiveEntry.java:120)
	at org.apache.commons.compress.archivers.zip.ZipArchiveEntry_ESTest.test045(ZipArchiveEntry_ESTest.java:647)
	at sun.reflect.NativeMethodAccessorImpl.invoke0(Native Method)
	at sun.reflect.NativeMethodAccessorImpl.invoke(NativeMethodAccessorImpl.java:62)
	at sun.reflect.DelegatingMethodAccessorImpl.invoke(DelegatingMethodAccessorImpl.java:43)
	at java.lang.reflect.Method.invoke(Method.java:498)
	at org.junit.runners.model.FrameworkMethod$1.runReflectiveCall(FrameworkMethod.java:50)
	at org.junit.internal.runners.model.ReflectiveCallable.run(ReflectiveCallable.java:12)
	at org.junit.runners.model.FrameworkMethod.invokeExplosively(FrameworkMethod.java:47)
	at org.junit.internal.runners.statements.InvokeMethod.evaluate(InvokeMethod.java:17)
	at org.junit.internal.runners.statements.FailOnTimeout$CallableStatement.call(FailOnTimeout.java:298)
	at org.junit.internal.runners.statements.FailOnTimeout$CallableStatement.call(FailOnTimeout.java:292)
	at java.util.concurrent.FutureTask.run(FutureTask.java:266)
	at java.lang.Thread.run(Thread.java:748)
16) test046(org.apache.commons.compress.archivers.zip.ZipArchiveEntry_ESTest)
java.lang.NullPointerException: entry
	at java.util.Objects.requireNonNull(Objects.java:228)
	at java.util.zip.ZipEntry.<init>(ZipEntry.java:118)
	at org.apache.commons.compress.archivers.zip.ZipArchiveEntry.<init>(ZipArchiveEntry.java:116)
	at org.apache.commons.compress.archivers.zip.ZipArchiveEntry_ESTest.test046(ZipArchiveEntry_ESTest.java:662)
	at sun.reflect.NativeMethodAccessorImpl.invoke0(Native Method)
	at sun.reflect.NativeMethodAccessorImpl.invoke(NativeMethodAccessorImpl.java:62)
	at sun.reflect.DelegatingMethodAccessorImpl.invoke(DelegatingMethodAccessorImpl.java:43)
	at java.lang.reflect.Method.invoke(Method.java:498)
	at org.junit.runners.model.FrameworkMethod$1.runReflectiveCall(FrameworkMethod.java:50)
	at org.junit.internal.runners.model.ReflectiveCallable.run(ReflectiveCallable.java:12)
	at org.junit.runners.model.FrameworkMethod.invokeExplosively(FrameworkMethod.java:47)
	at org.junit.internal.runners.statements.InvokeMethod.evaluate(InvokeMethod.java:17)
	at org.junit.internal.runners.statements.FailOnTimeout$CallableStatement.call(FailOnTimeout.java:298)
	at org.junit.internal.runners.statements.FailOnTimeout$CallableStatement.call(FailOnTimeout.java:292)
	at java.util.concurrent.FutureTask.run(FutureTask.java:266)
	at java.lang.Thread.run(Thread.java:748)
17) test047(org.apache.commons.compress.archivers.zip.ZipArchiveEntry_ESTest)
org.evosuite.runtime.mock.java.lang.MockIllegalArgumentException: ZIP compression method can not be negative: -1
	at org.apache.commons.compress.archivers.zip.ZipArchiveEntry.setMethod(ZipArchiveEntry.java:215)
	at org.apache.commons.compress.archivers.zip.ZipArchiveEntry.<init>(ZipArchiveEntry.java:127)
	at org.apache.commons.compress.archivers.zip.ZipArchiveEntry_ESTest.test047(ZipArchiveEntry_ESTest.java:678)
	at sun.reflect.NativeMethodAccessorImpl.invoke0(Native Method)
	at sun.reflect.NativeMethodAccessorImpl.invoke(NativeMethodAccessorImpl.java:62)
	at sun.reflect.DelegatingMethodAccessorImpl.invoke(DelegatingMethodAccessorImpl.java:43)
	at java.lang.reflect.Method.invoke(Method.java:498)
	at org.junit.runners.model.FrameworkMethod$1.runReflectiveCall(FrameworkMethod.java:50)
	at org.junit.internal.runners.model.ReflectiveCallable.run(ReflectiveCallable.java:12)
	at org.junit.runners.model.FrameworkMethod.invokeExplosively(FrameworkMethod.java:47)
	at org.junit.internal.runners.statements.InvokeMethod.evaluate(InvokeMethod.java:17)
	at org.junit.internal.runners.statements.FailOnTimeout$CallableStatement.call(FailOnTimeout.java:298)
	at org.junit.internal.runners.statements.FailOnTimeout$CallableStatement.call(FailOnTimeout.java:292)
	at java.util.concurrent.FutureTask.run(FutureTask.java:266)
	at java.lang.Thread.run(Thread.java:748)
18) test048(org.apache.commons.compress.archivers.zip.ZipArchiveEntry_ESTest)
java.lang.ArrayIndexOutOfBoundsException
	at java.lang.System.arraycopy(Native Method)
	at org.apache.commons.compress.archivers.zip.X0017_StrongEncryptionHeader.parseFileFormat(X0017_StrongEncryptionHeader.java:333)
	at org.apache.commons.compress.archivers.zip.X0017_StrongEncryptionHeader.parseFromLocalFileData(X0017_StrongEncryptionHeader.java:374)
	at org.apache.commons.compress.archivers.zip.ExtraFieldUtils.parse(ExtraFieldUtils.java:178)
	at org.apache.commons.compress.archivers.zip.ZipArchiveEntry.<init>(ZipArchiveEntry.java:120)
	at org.apache.commons.compress.archivers.zip.ZipArchiveEntry_ESTest.test048(ZipArchiveEntry_ESTest.java:716)
	at sun.reflect.NativeMethodAccessorImpl.invoke0(Native Method)
	at sun.reflect.NativeMethodAccessorImpl.invoke(NativeMethodAccessorImpl.java:62)
	at sun.reflect.DelegatingMethodAccessorImpl.invoke(DelegatingMethodAccessorImpl.java:43)
	at java.lang.reflect.Method.invoke(Method.java:498)
	at org.junit.runners.model.FrameworkMethod$1.runReflectiveCall(FrameworkMethod.java:50)
	at org.junit.internal.runners.model.ReflectiveCallable.run(ReflectiveCallable.java:12)
	at org.junit.runners.model.FrameworkMethod.invokeExplosively(FrameworkMethod.java:47)
	at org.junit.internal.runners.statements.InvokeMethod.evaluate(InvokeMethod.java:17)
	at org.junit.internal.runners.statements.FailOnTimeout$CallableStatement.call(FailOnTimeout.java:298)
	at org.junit.internal.runners.statements.FailOnTimeout$CallableStatement.call(FailOnTimeout.java:292)
	at java.util.concurrent.FutureTask.run(FutureTask.java:266)
	at java.lang.Thread.run(Thread.java:748)
19) test049(org.apache.commons.compress.archivers.zip.ZipArchiveEntry_ESTest)
java.lang.NullPointerException: name
	at java.util.Objects.requireNonNull(Objects.java:228)
	at java.util.zip.ZipEntry.<init>(ZipEntry.java:101)
	at org.apache.commons.compress.archivers.zip.ZipArchiveEntry.<init>(ZipArchiveEntry.java:102)
	at org.apache.commons.compress.archivers.zip.ZipArchiveEntry_ESTest.test049(ZipArchiveEntry_ESTest.java:727)
	at sun.reflect.NativeMethodAccessorImpl.invoke0(Native Method)
	at sun.reflect.NativeMethodAccessorImpl.invoke(NativeMethodAccessorImpl.java:62)
	at sun.reflect.DelegatingMethodAccessorImpl.invoke(DelegatingMethodAccessorImpl.java:43)
	at java.lang.reflect.Method.invoke(Method.java:498)
	at org.junit.runners.model.FrameworkMethod$1.runReflectiveCall(FrameworkMethod.java:50)
	at org.junit.internal.runners.model.ReflectiveCallable.run(ReflectiveCallable.java:12)
	at org.junit.runners.model.FrameworkMethod.invokeExplosively(FrameworkMethod.java:47)
	at org.junit.internal.runners.statements.InvokeMethod.evaluate(InvokeMethod.java:17)
	at org.junit.internal.runners.statements.FailOnTimeout$CallableStatement.call(FailOnTimeout.java:298)
	at org.junit.internal.runners.statements.FailOnTimeout$CallableStatement.call(FailOnTimeout.java:292)
	at java.util.concurrent.FutureTask.run(FutureTask.java:266)
	at java.lang.Thread.run(Thread.java:748)
20) test050(org.apache.commons.compress.archivers.zip.ZipArchiveEntry_ESTest)
java.lang.NullPointerException: name
	at java.util.Objects.requireNonNull(Objects.java:228)
	at java.util.zip.ZipEntry.<init>(ZipEntry.java:101)
	at org.apache.commons.compress.archivers.zip.ZipArchiveEntry.<init>(ZipArchiveEntry.java:102)
	at org.apache.commons.compress.archivers.zip.ZipArchiveEntry.<init>(ZipArchiveEntry.java:169)
	at org.apache.commons.compress.archivers.zip.ZipArchiveEntry_ESTest.test050(ZipArchiveEntry_ESTest.java:743)
	at sun.reflect.NativeMethodAccessorImpl.invoke0(Native Method)
	at sun.reflect.NativeMethodAccessorImpl.invoke(NativeMethodAccessorImpl.java:62)
	at sun.reflect.DelegatingMethodAccessorImpl.invoke(DelegatingMethodAccessorImpl.java:43)
	at java.lang.reflect.Method.invoke(Method.java:498)
	at org.junit.runners.model.FrameworkMethod$1.runReflectiveCall(FrameworkMethod.java:50)
	at org.junit.internal.runners.model.ReflectiveCallable.run(ReflectiveCallable.java:12)
	at org.junit.runners.model.FrameworkMethod.invokeExplosively(FrameworkMethod.java:47)
	at org.junit.internal.runners.statements.InvokeMethod.evaluate(InvokeMethod.java:17)
	at org.junit.internal.runners.statements.FailOnTimeout$CallableStatement.call(FailOnTimeout.java:298)
	at org.junit.internal.runners.statements.FailOnTimeout$CallableStatement.call(FailOnTimeout.java:292)
	at java.util.concurrent.FutureTask.run(FutureTask.java:266)
	at java.lang.Thread.run(Thread.java:748)
21) test058(org.apache.commons.compress.archivers.zip.ZipArchiveEntry_ESTest)
java.lang.NullPointerException
	at org.apache.commons.compress.archivers.zip.ExtraFieldUtils.mergeLocalFileDataData(ExtraFieldUtils.java:207)
	at org.apache.commons.compress.archivers.zip.ZipArchiveEntry.setExtra(ZipArchiveEntry.java:555)
	at org.apache.commons.compress.archivers.zip.ZipArchiveEntry.setExtraFields(ZipArchiveEntry.java:333)
	at org.apache.commons.compress.archivers.zip.ZipArchiveEntry_ESTest.test058(ZipArchiveEntry_ESTest.java:851)
	at sun.reflect.NativeMethodAccessorImpl.invoke0(Native Method)
	at sun.reflect.NativeMethodAccessorImpl.invoke(NativeMethodAccessorImpl.java:62)
	at sun.reflect.DelegatingMethodAccessorImpl.invoke(DelegatingMethodAccessorImpl.java:43)
	at java.lang.reflect.Method.invoke(Method.java:498)
	at org.junit.runners.model.FrameworkMethod$1.runReflectiveCall(FrameworkMethod.java:50)
	at org.junit.internal.runners.model.ReflectiveCallable.run(ReflectiveCallable.java:12)
	at org.junit.runners.model.FrameworkMethod.invokeExplosively(FrameworkMethod.java:47)
	at org.junit.internal.runners.statements.InvokeMethod.evaluate(InvokeMethod.java:17)
	at org.junit.internal.runners.statements.FailOnTimeout$CallableStatement.call(FailOnTimeout.java:298)
	at org.junit.internal.runners.statements.FailOnTimeout$CallableStatement.call(FailOnTimeout.java:292)
	at java.util.concurrent.FutureTask.run(FutureTask.java:266)
	at java.lang.Thread.run(Thread.java:748)
22) test060(org.apache.commons.compress.archivers.zip.ZipArchiveEntry_ESTest)
org.evosuite.runtime.mock.java.lang.MockIllegalArgumentException: ZIP compression method can not be negative: -1073741822
	at org.apache.commons.compress.archivers.zip.ZipArchiveEntry.setMethod(ZipArchiveEntry.java:215)
	at org.apache.commons.compress.archivers.zip.ZipArchiveEntry_ESTest.test060(ZipArchiveEntry_ESTest.java:876)
	at sun.reflect.NativeMethodAccessorImpl.invoke0(Native Method)
	at sun.reflect.NativeMethodAccessorImpl.invoke(NativeMethodAccessorImpl.java:62)
	at sun.reflect.DelegatingMethodAccessorImpl.invoke(DelegatingMethodAccessorImpl.java:43)
	at java.lang.reflect.Method.invoke(Method.java:498)
	at org.junit.runners.model.FrameworkMethod$1.runReflectiveCall(FrameworkMethod.java:50)
	at org.junit.internal.runners.model.ReflectiveCallable.run(ReflectiveCallable.java:12)
	at org.junit.runners.model.FrameworkMethod.invokeExplosively(FrameworkMethod.java:47)
	at org.junit.internal.runners.statements.InvokeMethod.evaluate(InvokeMethod.java:17)
	at org.junit.internal.runners.statements.FailOnTimeout$CallableStatement.call(FailOnTimeout.java:298)
	at org.junit.internal.runners.statements.FailOnTimeout$CallableStatement.call(FailOnTimeout.java:292)
	at java.util.concurrent.FutureTask.run(FutureTask.java:266)
	at java.lang.Thread.run(Thread.java:748)
23) test105(org.apache.commons.compress.archivers.zip.ZipArchiveEntry_ESTest)
java.util.zip.ZipException: UniCode path extra data must have at least 5 bytes.
	at org.apache.commons.compress.archivers.zip.AbstractUnicodeExtraField.parseFromLocalFileData(AbstractUnicodeExtraField.java:166)
	at org.apache.commons.compress.archivers.zip.ExtraFieldUtils.parse(ExtraFieldUtils.java:178)
	at org.apache.commons.compress.archivers.zip.ZipArchiveEntry.<init>(ZipArchiveEntry.java:120)
	at org.apache.commons.compress.archivers.zip.ZipArchiveEntry.<init>(ZipArchiveEntry.java:141)
	at org.apache.commons.compress.archivers.zip.ZipArchiveEntry_ESTest.test105(ZipArchiveEntry_ESTest.java:1418)
	at sun.reflect.NativeMethodAccessorImpl.invoke0(Native Method)
	at sun.reflect.NativeMethodAccessorImpl.invoke(NativeMethodAccessorImpl.java:62)
	at sun.reflect.DelegatingMethodAccessorImpl.invoke(DelegatingMethodAccessorImpl.java:43)
	at java.lang.reflect.Method.invoke(Method.java:498)
	at org.junit.runners.model.FrameworkMethod$1.runReflectiveCall(FrameworkMethod.java:50)
	at org.junit.internal.runners.model.ReflectiveCallable.run(ReflectiveCallable.java:12)
	at org.junit.runners.model.FrameworkMethod.invokeExplosively(FrameworkMethod.java:47)
	at org.junit.internal.runners.statements.InvokeMethod.evaluate(InvokeMethod.java:17)
	at org.junit.internal.runners.statements.FailOnTimeout$CallableStatement.call(FailOnTimeout.java:298)
	at org.junit.internal.runners.statements.FailOnTimeout$CallableStatement.call(FailOnTimeout.java:292)
	at java.util.concurrent.FutureTask.run(FutureTask.java:266)
	at java.lang.Thread.run(Thread.java:748)
24) test106(org.apache.commons.compress.archivers.zip.ZipArchiveEntry_ESTest)
org.evosuite.runtime.mock.java.lang.MockIllegalArgumentException: ZIP compression method can not be negative: -1
	at org.apache.commons.compress.archivers.zip.ZipArchiveEntry.setMethod(ZipArchiveEntry.java:215)
	at org.apache.commons.compress.archivers.zip.ZipArchiveEntry.<init>(ZipArchiveEntry.java:127)
	at org.apache.commons.compress.archivers.zip.ZipArchiveEntry.<init>(ZipArchiveEntry.java:141)
	at org.apache.commons.compress.archivers.zip.ZipArchiveEntry_ESTest.test106(ZipArchiveEntry_ESTest.java:1434)
	at sun.reflect.NativeMethodAccessorImpl.invoke0(Native Method)
	at sun.reflect.NativeMethodAccessorImpl.invoke(NativeMethodAccessorImpl.java:62)
	at sun.reflect.DelegatingMethodAccessorImpl.invoke(DelegatingMethodAccessorImpl.java:43)
	at java.lang.reflect.Method.invoke(Method.java:498)
	at org.junit.runners.model.FrameworkMethod$1.runReflectiveCall(FrameworkMethod.java:50)
	at org.junit.internal.runners.model.ReflectiveCallable.run(ReflectiveCallable.java:12)
	at org.junit.runners.model.FrameworkMethod.invokeExplosively(FrameworkMethod.java:47)
	at org.junit.internal.runners.statements.InvokeMethod.evaluate(InvokeMethod.java:17)
	at org.junit.internal.runners.statements.FailOnTimeout$CallableStatement.call(FailOnTimeout.java:298)
	at org.junit.internal.runners.statements.FailOnTimeout$CallableStatement.call(FailOnTimeout.java:292)
	at java.util.concurrent.FutureTask.run(FutureTask.java:266)
	at java.lang.Thread.run(Thread.java:748)
25) test084(org.apache.commons.compress.archivers.zip.ZipArchiveEntry_ESTest)
org.evosuite.runtime.mock.java.lang.MockIllegalArgumentException: invalid entry size
	at org.apache.commons.compress.archivers.zip.ZipArchiveEntry.setSize(ZipArchiveEntry.java:643)
	at org.apache.commons.compress.archivers.zip.ZipArchiveEntry_ESTest.test084(ZipArchiveEntry_ESTest.java:1157)
	at sun.reflect.NativeMethodAccessorImpl.invoke0(Native Method)
	at sun.reflect.NativeMethodAccessorImpl.invoke(NativeMethodAccessorImpl.java:62)
	at sun.reflect.DelegatingMethodAccessorImpl.invoke(DelegatingMethodAccessorImpl.java:43)
	at java.lang.reflect.Method.invoke(Method.java:498)
	at org.junit.runners.model.FrameworkMethod$1.runReflectiveCall(FrameworkMethod.java:50)
	at org.junit.internal.runners.model.ReflectiveCallable.run(ReflectiveCallable.java:12)
	at org.junit.runners.model.FrameworkMethod.invokeExplosively(FrameworkMethod.java:47)
	at org.junit.internal.runners.statements.InvokeMethod.evaluate(InvokeMethod.java:17)
	at org.junit.internal.runners.statements.FailOnTimeout$CallableStatement.call(FailOnTimeout.java:298)
	at org.junit.internal.runners.statements.FailOnTimeout$CallableStatement.call(FailOnTimeout.java:292)
	at java.util.concurrent.FutureTask.run(FutureTask.java:266)
	at java.lang.Thread.run(Thread.java:748)
26) test087(org.apache.commons.compress.archivers.zip.ZipArchiveEntry_ESTest)
java.util.NoSuchElementException
	at org.apache.commons.compress.archivers.zip.ZipArchiveEntry.removeUnparseableExtraFieldData(ZipArchiveEntry.java:492)
	at org.apache.commons.compress.archivers.zip.ZipArchiveEntry_ESTest.test087(ZipArchiveEntry_ESTest.java:1195)
	at sun.reflect.NativeMethodAccessorImpl.invoke0(Native Method)
	at sun.reflect.NativeMethodAccessorImpl.invoke(NativeMethodAccessorImpl.java:62)
	at sun.reflect.DelegatingMethodAccessorImpl.invoke(DelegatingMethodAccessorImpl.java:43)
	at java.lang.reflect.Method.invoke(Method.java:498)
	at org.junit.runners.model.FrameworkMethod$1.runReflectiveCall(FrameworkMethod.java:50)
	at org.junit.internal.runners.model.ReflectiveCallable.run(ReflectiveCallable.java:12)
	at org.junit.runners.model.FrameworkMethod.invokeExplosively(FrameworkMethod.java:47)
	at org.junit.internal.runners.statements.InvokeMethod.evaluate(InvokeMethod.java:17)
	at org.junit.internal.runners.statements.FailOnTimeout$CallableStatement.call(FailOnTimeout.java:298)
	at org.junit.internal.runners.statements.FailOnTimeout$CallableStatement.call(FailOnTimeout.java:292)
	at java.util.concurrent.FutureTask.run(FutureTask.java:266)
	at java.lang.Thread.run(Thread.java:748)
27) test089(org.apache.commons.compress.archivers.zip.ZipArchiveEntry_ESTest)
java.util.NoSuchElementException
	at org.apache.commons.compress.archivers.zip.ZipArchiveEntry.removeExtraField(ZipArchiveEntry.java:479)
	at org.apache.commons.compress.archivers.zip.ZipArchiveEntry_ESTest.test089(ZipArchiveEntry_ESTest.java:1226)
	at sun.reflect.NativeMethodAccessorImpl.invoke0(Native Method)
	at sun.reflect.NativeMethodAccessorImpl.invoke(NativeMethodAccessorImpl.java:62)
	at sun.reflect.DelegatingMethodAccessorImpl.invoke(DelegatingMethodAccessorImpl.java:43)
	at java.lang.reflect.Method.invoke(Method.java:498)
	at org.junit.runners.model.FrameworkMethod$1.runReflectiveCall(FrameworkMethod.java:50)
	at org.junit.internal.runners.model.ReflectiveCallable.run(ReflectiveCallable.java:12)
	at org.junit.runners.model.FrameworkMethod.invokeExplosively(FrameworkMethod.java:47)
	at org.junit.internal.runners.statements.InvokeMethod.evaluate(InvokeMethod.java:17)
	at org.junit.internal.runners.statements.FailOnTimeout$CallableStatement.call(FailOnTimeout.java:298)
	at org.junit.internal.runners.statements.FailOnTimeout$CallableStatement.call(FailOnTimeout.java:292)
	at java.util.concurrent.FutureTask.run(FutureTask.java:266)
	at java.lang.Thread.run(Thread.java:748)
28) test090(org.apache.commons.compress.archivers.zip.ZipArchiveEntry_ESTest)
java.util.NoSuchElementException
	at org.apache.commons.compress.archivers.zip.ZipArchiveEntry.removeExtraField(ZipArchiveEntry.java:469)
	at org.apache.commons.compress.archivers.zip.ZipArchiveEntry_ESTest.test090(ZipArchiveEntry_ESTest.java:1244)
	at sun.reflect.NativeMethodAccessorImpl.invoke0(Native Method)
	at sun.reflect.NativeMethodAccessorImpl.invoke(NativeMethodAccessorImpl.java:62)
	at sun.reflect.DelegatingMethodAccessorImpl.invoke(DelegatingMethodAccessorImpl.java:43)
	at java.lang.reflect.Method.invoke(Method.java:498)
	at org.junit.runners.model.FrameworkMethod$1.runReflectiveCall(FrameworkMethod.java:50)
	at org.junit.internal.runners.model.ReflectiveCallable.run(ReflectiveCallable.java:12)
	at org.junit.runners.model.FrameworkMethod.invokeExplosively(FrameworkMethod.java:47)
	at org.junit.internal.runners.statements.InvokeMethod.evaluate(InvokeMethod.java:17)
	at org.junit.internal.runners.statements.FailOnTimeout$CallableStatement.call(FailOnTimeout.java:298)
	at org.junit.internal.runners.statements.FailOnTimeout$CallableStatement.call(FailOnTimeout.java:292)
	at java.util.concurrent.FutureTask.run(FutureTask.java:266)
	at java.lang.Thread.run(Thread.java:748)

FAILURES!!!
Tests run: 121,  Failures: 28

