* EvoSuite 1.1.1-SNAPSHOT
* Configuration: BBC-F0-50
* Going to generate test cases for class: org.apache.commons.jxpath.ri.compiler.CoreFunction
* Starting Client-0
* Connecting to master process on port 7015
* Analyzing classpath: 
  - subjects/buggy-versions/JxPath-14/target/classes
  - subjects/buggy-versions/JxPath-14/src/java
  - subjects/buggy-versions/JxPath-14/target/lib/commons-beanutils-1.7.0.jar
  - subjects/buggy-versions/JxPath-14/target/lib/commons-logging-1.1.jar
  - subjects/buggy-versions/JxPath-14/target/lib/jdom-1.0.jar
  - subjects/buggy-versions/JxPath-14/target/lib/jsp-api-2.0.jar
  - subjects/buggy-versions/JxPath-14/target/lib/junit-3.8.2.jar
  - subjects/buggy-versions/JxPath-14/target/lib/mockrunner-0.4.1.jar
  - subjects/buggy-versions/JxPath-14/target/lib/servletapi-2.4.jar
  - subjects/buggy-versions/JxPath-14/target/lib/xerces-2.4.0.jar
  - subjects/buggy-versions/JxPath-14/target/lib/xml-apis-2.0.2.jar
* Finished analyzing classpath
* Generating tests for class org.apache.commons.jxpath.ri.compiler.CoreFunction
* Test criteria:
  - Line Coverage
  - Branch Coverage
  - Exception
  - Mutation testing (weak)
  - Method-Output Coverage
  - Top-Level Method Coverage
  - No-Exception Top-Level Method Coverage
  - Context Branch Coverage
* Total number of test goals for DYNAMOSA: 1832
* Using seed 1537086141
* Starting evolution
bbc usage percentage is: 50%
* Initial Number of Goals in DynaMOSA = 654 / 1832
[MASTER] 04:23:37.763 [logback-2] ERROR TestCluster - Failed to check cache for java.util.LinkedList<E> : Type points to itself
[MASTER] 04:25:39.969 [logback-1] WARN  TestChromosome - Functional mock problem: org.evosuite.ga.ConstructionFailedException: Failed to add constructor for org.apache.commons.jxpath.ri.JXPathContextReferenceImpl due to org.evosuite.ga.ConstructionFailedException: Failed to add constructor for org.apache.commons.jxpath.ri.axes.AncestorContext due to org.evosuite.ga.ConstructionFailedException: Failed to add constructor for org.apache.commons.jxpath.ri.axes.ParentContext due to org.evosuite.ga.ConstructionFailedException: Failed to add constructor for org.apache.commons.jxpath.ri.compiler.NodeNameTest due to org.evosuite.ga.ConstructionFailedException: Max recursion depth reached
[MASTER] 04:26:07.028 [logback-1] WARN  TestChromosome - Functional mock problem: org.evosuite.ga.ConstructionFailedException: Failed to add constructor for org.apache.commons.jxpath.ri.NamespaceResolver due to org.evosuite.ga.ConstructionFailedException: Failed to add constructor for org.apache.commons.jxpath.ri.JXPathContextReferenceImpl due to org.evosuite.ga.ConstructionFailedException: Max recursion depth reached
[MASTER] 04:26:07.249 [logback-1] WARN  TestChromosome - Functional mock problem: org.evosuite.ga.ConstructionFailedException: Failed to add constructor for org.apache.commons.jxpath.ri.axes.InitialContext due to org.evosuite.ga.ConstructionFailedException: Failed to add constructor for org.apache.commons.jxpath.ri.axes.RootContext due to org.evosuite.ga.ConstructionFailedException: Failed to add constructor for org.apache.commons.jxpath.ri.JXPathContextReferenceImpl due to org.evosuite.ga.ConstructionFailedException: Max recursion depth reached
[MASTER] 04:26:37.067 [logback-1] WARN  TestChromosome - Functional mock problem: org.evosuite.ga.ConstructionFailedException: Failed to add constructor for org.apache.commons.jxpath.ri.NamespaceResolver due to org.evosuite.ga.ConstructionFailedException: Failed to add constructor for org.apache.commons.jxpath.ri.axes.PredicateContext due to org.evosuite.ga.ConstructionFailedException: Failed to add constructor for org.apache.commons.jxpath.ri.axes.AttributeContext due to org.evosuite.ga.ConstructionFailedException: Failed to add constructor for org.apache.commons.jxpath.ri.axes.RootContext due to org.evosuite.ga.ConstructionFailedException: Max recursion depth reached
[MASTER] 04:27:13.825 [logback-1] WARN  TestChromosome - Functional mock problem: org.evosuite.ga.ConstructionFailedException: Failed to add constructor for org.apache.commons.jxpath.ri.JXPathContextReferenceImpl due to org.evosuite.ga.ConstructionFailedException: Failed to add constructor for org.apache.commons.jxpath.ri.axes.UnionContext due to org.evosuite.ga.ConstructionFailedException: Failed to add constructor for org.apache.commons.jxpath.ri.axes.NamespaceContext due to org.evosuite.ga.ConstructionFailedException: Failed to add constructor for org.apache.commons.jxpath.ri.axes.AttributeContext due to org.evosuite.ga.ConstructionFailedException: Failed to add constructor for org.apache.commons.jxpath.ri.axes.DescendantContext due to org.evosuite.ga.ConstructionFailedException: Max recursion depth reached
[MASTER] 04:29:02.496 [logback-1] WARN  TestChromosome - Functional mock problem: org.evosuite.ga.ConstructionFailedException: Failed to add constructor for org.apache.commons.jxpath.ri.model.VariablePointer due to org.evosuite.ga.ConstructionFailedException: Failed to add constructor for org.apache.commons.jxpath.ri.axes.SelfContext due to org.evosuite.ga.ConstructionFailedException: Max recursion depth reached
[MASTER] 04:31:10.671 [logback-1] WARN  TestChromosome - Functional mock problem: org.evosuite.ga.ConstructionFailedException: Failed to add constructor for org.apache.commons.jxpath.ri.axes.NamespaceContext due to org.evosuite.ga.ConstructionFailedException: Failed to add constructor for org.apache.commons.jxpath.ri.axes.UnionContext due to org.evosuite.ga.ConstructionFailedException: Failed to add constructor for org.apache.commons.jxpath.ri.axes.ChildContext due to org.evosuite.ga.ConstructionFailedException: Failed to add constructor for org.apache.commons.jxpath.ri.axes.AncestorContext due to org.evosuite.ga.ConstructionFailedException: Max recursion depth reached
[MASTER] 04:31:50.664 [logback-1] WARN  TestChromosome - Functional mock problem: org.evosuite.ga.ConstructionFailedException: Failed to add constructor for org.apache.commons.jxpath.ri.model.VariablePointer due to org.evosuite.ga.ConstructionFailedException: Failed to add constructor for org.apache.commons.jxpath.ri.JXPathContextReferenceImpl due to org.evosuite.ga.ConstructionFailedException: Max recursion depth reached
* Search finished after 603s and 1294 generations, 525582 statements, best individual has fitness: 419.0
* Minimizing test suite
* Going to analyze the coverage criteria
* Coverage analysis for criterion LINE
* Coverage of criterion LINE: 88%
* Total number of goals: 344
* Number of covered goals: 302
* Coverage analysis for criterion BRANCH
* Coverage of criterion BRANCH: 90%
* Total number of goals: 355
* Number of covered goals: 318
* Coverage analysis for criterion EXCEPTION
* Coverage of criterion EXCEPTION: 96%
* Total number of goals: 164
* Number of covered goals: 158
* Coverage analysis for criterion WEAKMUTATION
* Coverage of criterion WEAKMUTATION: 84%
* Total number of goals: 616
* Number of covered goals: 519
* Coverage analysis for criterion OUTPUT
* Coverage of criterion OUTPUT: 37%
* Total number of goals: 82
* Number of covered goals: 30
* Coverage analysis for criterion METHOD
* Coverage of criterion METHOD: 100%
* Total number of goals: 40
* Number of covered goals: 40
* Coverage analysis for criterion METHODNOEXCEPTION
* Coverage of criterion METHODNOEXCEPTION: 95%
* Total number of goals: 40
* Number of covered goals: 38
* Coverage analysis for criterion CBRANCH
* Coverage of criterion CBRANCH: 90%
* Total number of goals: 355
* Number of covered goals: 318
* Generated 291 tests with total length 1730
* Resulting test suite's coverage: 79% (average coverage for all fitness functions)
* Generating assertions
* Resulting test suite's mutation score: 59%
* Compiling and checking tests
[MASTER] 04:35:44.349 [logback-1] WARN  JUnitAnalyzer - EvoSuite problem: tests set up a security manager, but they do not remove it after execution
[MASTER] 04:36:14.001 [logback-1] WARN  JUnitAnalyzer - Found unstable test named test0 -> class java.lang.StackOverflowError: null
[MASTER] 04:36:14.003 [logback-1] WARN  JUnitAnalyzer - Failing test:
 Expression[] expressionArray0 = new Expression[3];
Constant constant0 = new Constant("");
expressionArray0[0] = (Expression) constant0;
CoreOperationGreaterThan coreOperationGreaterThan0 = new CoreOperationGreaterThan(constant0, constant0);
expressionArray0[1] = (Expression) coreOperationGreaterThan0;
CoreOperationUnion coreOperationUnion0 = new CoreOperationUnion(expressionArray0);
expressionArray0[2] = (Expression) coreOperationUnion0;
CoreFunction coreFunction0 = new CoreFunction(30, expressionArray0);
coreFunction0.computeContextDependent();

[MASTER] 04:36:20.150 [logback-1] WARN  JUnitAnalyzer - Found unstable test named test0 -> class java.lang.StackOverflowError: null
[MASTER] 04:36:20.151 [logback-1] WARN  JUnitAnalyzer - Failing test:
 Expression[] expressionArray0 = new Expression[1];
Step[] stepArray0 = new Step[0];
LocationPath locationPath0 = new LocationPath(false, stepArray0);
CoreOperationGreaterThanOrEqual coreOperationGreaterThanOrEqual0 = new CoreOperationGreaterThanOrEqual(locationPath0, locationPath0);
NameAttributeTest nameAttributeTest0 = new NameAttributeTest(coreOperationGreaterThanOrEqual0, coreOperationGreaterThanOrEqual0);
CoreOperationMod coreOperationMod0 = new CoreOperationMod(nameAttributeTest0, nameAttributeTest0);
ExpressionPath expressionPath0 = new ExpressionPath(coreOperationMod0, expressionArray0, stepArray0);
expressionArray0[0] = (Expression) expressionPath0;
CoreFunction coreFunction0 = new CoreFunction(816, expressionArray0);
coreFunction0.functionFalse((EvalContext) null);

[MASTER] 04:36:20.891 [logback-1] WARN  JUnitAnalyzer - Found unstable test named test0 -> class java.lang.StackOverflowError: null
[MASTER] 04:36:20.892 [logback-1] WARN  JUnitAnalyzer - Failing test:
 Expression[] expressionArray0 = new Expression[8];
QName qName0 = new QName("substring-before", "substring-before");
ExtensionFunction extensionFunction0 = new ExtensionFunction(qName0, expressionArray0);
expressionArray0[3] = (Expression) extensionFunction0;
CoreFunction coreFunction0 = new CoreFunction((-132774720), expressionArray0);
NodeNameTest nodeNameTest0 = new NodeNameTest((QName) null, "\"floor\"");
SelfContext selfContext0 = new SelfContext((EvalContext) null, nodeNameTest0);
ChildContext childContext0 = new ChildContext(selfContext0, nodeNameTest0, false, false);
BasicNodeSet basicNodeSet0 = new BasicNodeSet();
NodeSetContext nodeSetContext0 = new NodeSetContext(childContext0, basicNodeSet0);
NamespaceContext namespaceContext0 = new NamespaceContext(nodeSetContext0, nodeNameTest0);
coreFunction0.functionFloor(namespaceContext0);

[MASTER] 04:36:25.255 [logback-1] WARN  JUnitAnalyzer - Found unstable test named test0 -> class java.lang.StackOverflowError: null
[MASTER] 04:36:25.257 [logback-1] WARN  JUnitAnalyzer - Failing test:
 Expression[] expressionArray0 = new Expression[6];
CoreOperationAdd coreOperationAdd0 = new CoreOperationAdd(expressionArray0);
CoreOperationLessThanOrEqual coreOperationLessThanOrEqual0 = new CoreOperationLessThanOrEqual(coreOperationAdd0, coreOperationAdd0);
Step[] stepArray0 = new Step[5];
ExpressionPath expressionPath0 = new ExpressionPath(coreOperationLessThanOrEqual0, expressionArray0, stepArray0);
expressionArray0[1] = (Expression) expressionPath0;
CoreFunction coreFunction0 = new CoreFunction((-547), expressionArray0);
coreFunction0.functionLang((EvalContext) null);

[MASTER] 04:36:28.297 [logback-1] WARN  JUnitAnalyzer - Found unstable test named test0 -> class java.lang.StackOverflowError: null
[MASTER] 04:36:28.301 [logback-1] WARN  JUnitAnalyzer - Failing test:
 Expression[] expressionArray0 = new Expression[1];
CoreOperationAdd coreOperationAdd0 = new CoreOperationAdd(expressionArray0);
expressionArray0[0] = (Expression) coreOperationAdd0;
CoreFunction coreFunction0 = new CoreFunction(1, expressionArray0);
coreFunction0.functionLocalName((EvalContext) null);

[MASTER] 04:36:29.733 [logback-1] WARN  JUnitAnalyzer - Found unstable test named test0 -> class java.lang.StackOverflowError: null
[MASTER] 04:36:29.735 [logback-1] WARN  JUnitAnalyzer - Failing test:
 Expression[] expressionArray0 = new Expression[5];
CoreOperationAdd coreOperationAdd0 = new CoreOperationAdd(expressionArray0);
CoreOperationSubtract coreOperationSubtract0 = new CoreOperationSubtract(coreOperationAdd0, coreOperationAdd0);
expressionArray0[0] = (Expression) coreOperationSubtract0;
CoreOperationDivide coreOperationDivide0 = new CoreOperationDivide(coreOperationAdd0, coreOperationSubtract0);
CoreOperationEqual coreOperationEqual0 = new CoreOperationEqual(coreOperationSubtract0, coreOperationDivide0);
expressionArray0[1] = (Expression) coreOperationEqual0;
Step[] stepArray0 = new Step[2];
Step step0 = new Step(1170, (NodeTest) null, expressionArray0);
stepArray0[0] = step0;
LocationPath locationPath0 = new LocationPath(true, stepArray0);
expressionArray0[2] = (Expression) locationPath0;
CoreFunction coreFunction0 = new CoreFunction(1170, expressionArray0);
PrecedingOrFollowingContext precedingOrFollowingContext0 = new PrecedingOrFollowingContext((EvalContext) null, (NodeTest) null, true);
UnionContext unionContext0 = new UnionContext(precedingOrFollowingContext0, (EvalContext[]) null);
NamespaceContext namespaceContext0 = new NamespaceContext(unionContext0, (NodeTest) null);
AttributeContext attributeContext0 = new AttributeContext(namespaceContext0, (NodeTest) null);
AncestorContext ancestorContext0 = new AncestorContext(attributeContext0, true, (NodeTest) null);
coreFunction0.functionName(ancestorContext0);

[MASTER] 04:36:29.788 [logback-2] ERROR JUnitAnalyzer - Ran out of time while checking tests
* Writing tests to file
* Writing JUnit test case 'CoreFunction_ESTest' to results/JxPath-14/org.apache.commons.jxpath.ri.compiler.CoreFunction/BBC-F0-50/tests/26
* Done!

* Computation finished
