JUnit version 4.12
.E.E.E.E.E.E.E.E.E.E.E.E.E.E.E.E.E.E.E.E.E.E..E....E..E..E.E..E...E.E.E.E.E.E.E.E.E.E.E.E.E.E.E.E.E..E.E..E.E.E.E.E.E.E...E..E.E.E.E.E.E.E.E.E.E.E.E.E.E.E.E.E...E.E..E.E.E.E.E.E.E..E.E.E.E.E.E.E.E.E..E.E.E.E.E.E.E.E.E.E...E.E.E.E.E.E.E.E.E.E.E.E.E.E.E.E.E.E.E.E.E.E.E.E
Time: 5.307
There were 124 failures:
1) test061(com.google.javascript.jscomp.TypeInference_ESTest)
org.evosuite.runtime.mock.java.lang.MockIllegalStateException: 107
	at com.google.javascript.rhino.Token.name(Token.java:287)
	at com.google.javascript.rhino.Node.toString(Node.java:955)
	at com.google.javascript.rhino.Node.toString(Node.java:946)
	at com.google.javascript.rhino.Node.toString(Node.java:938)
	at java.lang.String.valueOf(String.java:2994)
	at java.lang.StringBuilder.append(StringBuilder.java:131)
	at com.google.javascript.jscomp.graph.Graph.getNodeOrFail(Graph.java:222)
	at com.google.javascript.jscomp.graph.LinkedDirectedGraph.getOutEdges(LinkedDirectedGraph.java:129)
	at com.google.javascript.jscomp.TypeInference.branchedFlowThrough(TypeInference.java:207)
	at com.google.javascript.jscomp.TypeInference_ESTest.test061(TypeInference_ESTest.java:1370)
	at sun.reflect.NativeMethodAccessorImpl.invoke0(Native Method)
	at sun.reflect.NativeMethodAccessorImpl.invoke(NativeMethodAccessorImpl.java:62)
	at sun.reflect.DelegatingMethodAccessorImpl.invoke(DelegatingMethodAccessorImpl.java:43)
	at java.lang.reflect.Method.invoke(Method.java:498)
	at org.junit.runners.model.FrameworkMethod$1.runReflectiveCall(FrameworkMethod.java:50)
	at org.junit.internal.runners.model.ReflectiveCallable.run(ReflectiveCallable.java:12)
	at org.junit.runners.model.FrameworkMethod.invokeExplosively(FrameworkMethod.java:47)
	at org.junit.internal.runners.statements.InvokeMethod.evaluate(InvokeMethod.java:17)
	at org.junit.internal.runners.statements.FailOnTimeout$CallableStatement.call(FailOnTimeout.java:298)
	at org.junit.internal.runners.statements.FailOnTimeout$CallableStatement.call(FailOnTimeout.java:292)
	at java.util.concurrent.FutureTask.run(FutureTask.java:266)
	at java.lang.Thread.run(Thread.java:748)
2) test060(com.google.javascript.jscomp.TypeInference_ESTest)
org.evosuite.runtime.mock.java.lang.MockIllegalArgumentException: IF does not exist in graph
	at com.google.javascript.jscomp.graph.Graph.getNodeOrFail(Graph.java:222)
	at com.google.javascript.jscomp.graph.LinkedDirectedGraph.getOutEdges(LinkedDirectedGraph.java:129)
	at com.google.javascript.jscomp.TypeInference.branchedFlowThrough(TypeInference.java:207)
	at com.google.javascript.jscomp.TypeInference_ESTest.test060(TypeInference_ESTest.java:1348)
	at sun.reflect.NativeMethodAccessorImpl.invoke0(Native Method)
	at sun.reflect.NativeMethodAccessorImpl.invoke(NativeMethodAccessorImpl.java:62)
	at sun.reflect.DelegatingMethodAccessorImpl.invoke(DelegatingMethodAccessorImpl.java:43)
	at java.lang.reflect.Method.invoke(Method.java:498)
	at org.junit.runners.model.FrameworkMethod$1.runReflectiveCall(FrameworkMethod.java:50)
	at org.junit.internal.runners.model.ReflectiveCallable.run(ReflectiveCallable.java:12)
	at org.junit.runners.model.FrameworkMethod.invokeExplosively(FrameworkMethod.java:47)
	at org.junit.internal.runners.statements.InvokeMethod.evaluate(InvokeMethod.java:17)
	at org.junit.internal.runners.statements.FailOnTimeout$CallableStatement.call(FailOnTimeout.java:298)
	at org.junit.internal.runners.statements.FailOnTimeout$CallableStatement.call(FailOnTimeout.java:292)
	at java.util.concurrent.FutureTask.run(FutureTask.java:266)
	at java.lang.Thread.run(Thread.java:748)
3) test063(com.google.javascript.jscomp.TypeInference_ESTest)
org.evosuite.runtime.mock.java.lang.MockIllegalStateException: 104
	at com.google.javascript.rhino.Token.name(Token.java:287)
	at com.google.javascript.rhino.Node.toString(Node.java:955)
	at com.google.javascript.rhino.Node.toString(Node.java:946)
	at com.google.javascript.rhino.Node.toString(Node.java:938)
	at java.lang.String.valueOf(String.java:2994)
	at java.lang.StringBuilder.append(StringBuilder.java:131)
	at com.google.javascript.jscomp.graph.Graph.getNodeOrFail(Graph.java:222)
	at com.google.javascript.jscomp.graph.LinkedDirectedGraph.getOutEdges(LinkedDirectedGraph.java:129)
	at com.google.javascript.jscomp.TypeInference.branchedFlowThrough(TypeInference.java:207)
	at com.google.javascript.jscomp.TypeInference_ESTest.test063(TypeInference_ESTest.java:1414)
	at sun.reflect.NativeMethodAccessorImpl.invoke0(Native Method)
	at sun.reflect.NativeMethodAccessorImpl.invoke(NativeMethodAccessorImpl.java:62)
	at sun.reflect.DelegatingMethodAccessorImpl.invoke(DelegatingMethodAccessorImpl.java:43)
	at java.lang.reflect.Method.invoke(Method.java:498)
	at org.junit.runners.model.FrameworkMethod$1.runReflectiveCall(FrameworkMethod.java:50)
	at org.junit.internal.runners.model.ReflectiveCallable.run(ReflectiveCallable.java:12)
	at org.junit.runners.model.FrameworkMethod.invokeExplosively(FrameworkMethod.java:47)
	at org.junit.internal.runners.statements.InvokeMethod.evaluate(InvokeMethod.java:17)
	at org.junit.internal.runners.statements.FailOnTimeout$CallableStatement.call(FailOnTimeout.java:298)
	at org.junit.internal.runners.statements.FailOnTimeout$CallableStatement.call(FailOnTimeout.java:292)
	at java.util.concurrent.FutureTask.run(FutureTask.java:266)
	at java.lang.Thread.run(Thread.java:748)
4) test062(com.google.javascript.jscomp.TypeInference_ESTest)
org.evosuite.runtime.mock.java.lang.MockIllegalStateException: 106
	at com.google.javascript.rhino.Token.name(Token.java:287)
	at com.google.javascript.rhino.Node.toString(Node.java:955)
	at com.google.javascript.rhino.Node.toString(Node.java:946)
	at com.google.javascript.rhino.Node.toString(Node.java:938)
	at java.lang.String.valueOf(String.java:2994)
	at java.lang.StringBuilder.append(StringBuilder.java:131)
	at com.google.javascript.jscomp.graph.Graph.getNodeOrFail(Graph.java:222)
	at com.google.javascript.jscomp.graph.LinkedDirectedGraph.getOutEdges(LinkedDirectedGraph.java:129)
	at com.google.javascript.jscomp.TypeInference.branchedFlowThrough(TypeInference.java:207)
	at com.google.javascript.jscomp.TypeInference_ESTest.test062(TypeInference_ESTest.java:1392)
	at sun.reflect.NativeMethodAccessorImpl.invoke0(Native Method)
	at sun.reflect.NativeMethodAccessorImpl.invoke(NativeMethodAccessorImpl.java:62)
	at sun.reflect.DelegatingMethodAccessorImpl.invoke(DelegatingMethodAccessorImpl.java:43)
	at java.lang.reflect.Method.invoke(Method.java:498)
	at org.junit.runners.model.FrameworkMethod$1.runReflectiveCall(FrameworkMethod.java:50)
	at org.junit.internal.runners.model.ReflectiveCallable.run(ReflectiveCallable.java:12)
	at org.junit.runners.model.FrameworkMethod.invokeExplosively(FrameworkMethod.java:47)
	at org.junit.internal.runners.statements.InvokeMethod.evaluate(InvokeMethod.java:17)
	at org.junit.internal.runners.statements.FailOnTimeout$CallableStatement.call(FailOnTimeout.java:298)
	at org.junit.internal.runners.statements.FailOnTimeout$CallableStatement.call(FailOnTimeout.java:292)
	at java.util.concurrent.FutureTask.run(FutureTask.java:266)
	at java.lang.Thread.run(Thread.java:748)
5) test065(com.google.javascript.jscomp.TypeInference_ESTest)
org.evosuite.runtime.mock.java.lang.MockIllegalArgumentException: INC : number does not exist in graph
	at com.google.javascript.jscomp.graph.Graph.getNodeOrFail(Graph.java:222)
	at com.google.javascript.jscomp.graph.LinkedDirectedGraph.getOutEdges(LinkedDirectedGraph.java:129)
	at com.google.javascript.jscomp.TypeInference.branchedFlowThrough(TypeInference.java:207)
	at com.google.javascript.jscomp.TypeInference_ESTest.test065(TypeInference_ESTest.java:1458)
	at sun.reflect.NativeMethodAccessorImpl.invoke0(Native Method)
	at sun.reflect.NativeMethodAccessorImpl.invoke(NativeMethodAccessorImpl.java:62)
	at sun.reflect.DelegatingMethodAccessorImpl.invoke(DelegatingMethodAccessorImpl.java:43)
	at java.lang.reflect.Method.invoke(Method.java:498)
	at org.junit.runners.model.FrameworkMethod$1.runReflectiveCall(FrameworkMethod.java:50)
	at org.junit.internal.runners.model.ReflectiveCallable.run(ReflectiveCallable.java:12)
	at org.junit.runners.model.FrameworkMethod.invokeExplosively(FrameworkMethod.java:47)
	at org.junit.internal.runners.statements.InvokeMethod.evaluate(InvokeMethod.java:17)
	at org.junit.internal.runners.statements.FailOnTimeout$CallableStatement.call(FailOnTimeout.java:298)
	at org.junit.internal.runners.statements.FailOnTimeout$CallableStatement.call(FailOnTimeout.java:292)
	at java.util.concurrent.FutureTask.run(FutureTask.java:266)
	at java.lang.Thread.run(Thread.java:748)
6) test064(com.google.javascript.jscomp.TypeInference_ESTest)
org.evosuite.runtime.mock.java.lang.MockIllegalArgumentException: DEC : number does not exist in graph
	at com.google.javascript.jscomp.graph.Graph.getNodeOrFail(Graph.java:222)
	at com.google.javascript.jscomp.graph.LinkedDirectedGraph.getOutEdges(LinkedDirectedGraph.java:129)
	at com.google.javascript.jscomp.TypeInference.branchedFlowThrough(TypeInference.java:207)
	at com.google.javascript.jscomp.TypeInference_ESTest.test064(TypeInference_ESTest.java:1436)
	at sun.reflect.NativeMethodAccessorImpl.invoke0(Native Method)
	at sun.reflect.NativeMethodAccessorImpl.invoke(NativeMethodAccessorImpl.java:62)
	at sun.reflect.DelegatingMethodAccessorImpl.invoke(DelegatingMethodAccessorImpl.java:43)
	at java.lang.reflect.Method.invoke(Method.java:498)
	at org.junit.runners.model.FrameworkMethod$1.runReflectiveCall(FrameworkMethod.java:50)
	at org.junit.internal.runners.model.ReflectiveCallable.run(ReflectiveCallable.java:12)
	at org.junit.runners.model.FrameworkMethod.invokeExplosively(FrameworkMethod.java:47)
	at org.junit.internal.runners.statements.InvokeMethod.evaluate(InvokeMethod.java:17)
	at org.junit.internal.runners.statements.FailOnTimeout$CallableStatement.call(FailOnTimeout.java:298)
	at org.junit.internal.runners.statements.FailOnTimeout$CallableStatement.call(FailOnTimeout.java:292)
	at java.util.concurrent.FutureTask.run(FutureTask.java:266)
	at java.lang.Thread.run(Thread.java:748)
7) test067(com.google.javascript.jscomp.TypeInference_ESTest)
java.lang.NullPointerException
	at com.google.javascript.jscomp.TypeInference.traverseHook(TypeInference.java:856)
	at com.google.javascript.jscomp.TypeInference.traverse(TypeInference.java:334)
	at com.google.javascript.jscomp.TypeInference.flowThrough(TypeInference.java:190)
	at com.google.javascript.jscomp.TypeInference.branchedFlowThrough(TypeInference.java:202)
	at com.google.javascript.jscomp.TypeInference_ESTest.test067(TypeInference_ESTest.java:1505)
	at sun.reflect.NativeMethodAccessorImpl.invoke0(Native Method)
	at sun.reflect.NativeMethodAccessorImpl.invoke(NativeMethodAccessorImpl.java:62)
	at sun.reflect.DelegatingMethodAccessorImpl.invoke(DelegatingMethodAccessorImpl.java:43)
	at java.lang.reflect.Method.invoke(Method.java:498)
	at org.junit.runners.model.FrameworkMethod$1.runReflectiveCall(FrameworkMethod.java:50)
	at org.junit.internal.runners.model.ReflectiveCallable.run(ReflectiveCallable.java:12)
	at org.junit.runners.model.FrameworkMethod.invokeExplosively(FrameworkMethod.java:47)
	at org.junit.internal.runners.statements.InvokeMethod.evaluate(InvokeMethod.java:17)
	at org.junit.internal.runners.statements.FailOnTimeout$CallableStatement.call(FailOnTimeout.java:298)
	at org.junit.internal.runners.statements.FailOnTimeout$CallableStatement.call(FailOnTimeout.java:292)
	at java.util.concurrent.FutureTask.run(FutureTask.java:266)
	at java.lang.Thread.run(Thread.java:748)
8) test100(com.google.javascript.jscomp.TypeInference_ESTest)
org.evosuite.runtime.mock.java.lang.MockIllegalArgumentException: IN : boolean does not exist in graph
	at com.google.javascript.jscomp.graph.Graph.getNodeOrFail(Graph.java:222)
	at com.google.javascript.jscomp.graph.LinkedDirectedGraph.getOutEdges(LinkedDirectedGraph.java:129)
	at com.google.javascript.jscomp.TypeInference.branchedFlowThrough(TypeInference.java:207)
	at com.google.javascript.jscomp.TypeInference_ESTest.test100(TypeInference_ESTest.java:2199)
	at sun.reflect.NativeMethodAccessorImpl.invoke0(Native Method)
	at sun.reflect.NativeMethodAccessorImpl.invoke(NativeMethodAccessorImpl.java:62)
	at sun.reflect.DelegatingMethodAccessorImpl.invoke(DelegatingMethodAccessorImpl.java:43)
	at java.lang.reflect.Method.invoke(Method.java:498)
	at org.junit.runners.model.FrameworkMethod$1.runReflectiveCall(FrameworkMethod.java:50)
	at org.junit.internal.runners.model.ReflectiveCallable.run(ReflectiveCallable.java:12)
	at org.junit.runners.model.FrameworkMethod.invokeExplosively(FrameworkMethod.java:47)
	at org.junit.internal.runners.statements.InvokeMethod.evaluate(InvokeMethod.java:17)
	at org.junit.internal.runners.statements.FailOnTimeout$CallableStatement.call(FailOnTimeout.java:298)
	at org.junit.internal.runners.statements.FailOnTimeout$CallableStatement.call(FailOnTimeout.java:292)
	at java.util.concurrent.FutureTask.run(FutureTask.java:266)
	at java.lang.Thread.run(Thread.java:748)
9) test066(com.google.javascript.jscomp.TypeInference_ESTest)
org.evosuite.runtime.mock.java.lang.MockIllegalStateException: 99
	at com.google.javascript.rhino.Token.name(Token.java:287)
	at com.google.javascript.rhino.Node.toString(Node.java:955)
	at com.google.javascript.rhino.Node.toString(Node.java:946)
	at com.google.javascript.rhino.Node.toString(Node.java:938)
	at java.lang.String.valueOf(String.java:2994)
	at java.lang.StringBuilder.append(StringBuilder.java:131)
	at com.google.javascript.jscomp.graph.Graph.getNodeOrFail(Graph.java:222)
	at com.google.javascript.jscomp.graph.LinkedDirectedGraph.getOutEdges(LinkedDirectedGraph.java:129)
	at com.google.javascript.jscomp.TypeInference.branchedFlowThrough(TypeInference.java:207)
	at com.google.javascript.jscomp.TypeInference_ESTest.test066(TypeInference_ESTest.java:1480)
	at sun.reflect.NativeMethodAccessorImpl.invoke0(Native Method)
	at sun.reflect.NativeMethodAccessorImpl.invoke(NativeMethodAccessorImpl.java:62)
	at sun.reflect.DelegatingMethodAccessorImpl.invoke(DelegatingMethodAccessorImpl.java:43)
	at java.lang.reflect.Method.invoke(Method.java:498)
	at org.junit.runners.model.FrameworkMethod$1.runReflectiveCall(FrameworkMethod.java:50)
	at org.junit.internal.runners.model.ReflectiveCallable.run(ReflectiveCallable.java:12)
	at org.junit.runners.model.FrameworkMethod.invokeExplosively(FrameworkMethod.java:47)
	at org.junit.internal.runners.statements.InvokeMethod.evaluate(InvokeMethod.java:17)
	at org.junit.internal.runners.statements.FailOnTimeout$CallableStatement.call(FailOnTimeout.java:298)
	at org.junit.internal.runners.statements.FailOnTimeout$CallableStatement.call(FailOnTimeout.java:292)
	at java.util.concurrent.FutureTask.run(FutureTask.java:266)
	at java.lang.Thread.run(Thread.java:748)
10) test058(com.google.javascript.jscomp.TypeInference_ESTest)
org.evosuite.runtime.mock.java.lang.MockIllegalArgumentException: CASE does not exist in graph
	at com.google.javascript.jscomp.graph.Graph.getNodeOrFail(Graph.java:222)
	at com.google.javascript.jscomp.graph.LinkedDirectedGraph.getOutEdges(LinkedDirectedGraph.java:129)
	at com.google.javascript.jscomp.TypeInference.branchedFlowThrough(TypeInference.java:207)
	at com.google.javascript.jscomp.TypeInference_ESTest.test058(TypeInference_ESTest.java:1302)
	at sun.reflect.NativeMethodAccessorImpl.invoke0(Native Method)
	at sun.reflect.NativeMethodAccessorImpl.invoke(NativeMethodAccessorImpl.java:62)
	at sun.reflect.DelegatingMethodAccessorImpl.invoke(DelegatingMethodAccessorImpl.java:43)
	at java.lang.reflect.Method.invoke(Method.java:498)
	at org.junit.runners.model.FrameworkMethod$1.runReflectiveCall(FrameworkMethod.java:50)
	at org.junit.internal.runners.model.ReflectiveCallable.run(ReflectiveCallable.java:12)
	at org.junit.runners.model.FrameworkMethod.invokeExplosively(FrameworkMethod.java:47)
	at org.junit.internal.runners.statements.InvokeMethod.evaluate(InvokeMethod.java:17)
	at org.junit.internal.runners.statements.FailOnTimeout$CallableStatement.call(FailOnTimeout.java:298)
	at org.junit.internal.runners.statements.FailOnTimeout$CallableStatement.call(FailOnTimeout.java:292)
	at java.util.concurrent.FutureTask.run(FutureTask.java:266)
	at java.lang.Thread.run(Thread.java:748)
11) test057(com.google.javascript.jscomp.TypeInference_ESTest)
org.evosuite.runtime.mock.java.lang.MockIllegalArgumentException: DEFAULT_CASE does not exist in graph
	at com.google.javascript.jscomp.graph.Graph.getNodeOrFail(Graph.java:222)
	at com.google.javascript.jscomp.graph.LinkedDirectedGraph.getOutEdges(LinkedDirectedGraph.java:129)
	at com.google.javascript.jscomp.TypeInference.branchedFlowThrough(TypeInference.java:207)
	at com.google.javascript.jscomp.TypeInference_ESTest.test057(TypeInference_ESTest.java:1280)
	at sun.reflect.NativeMethodAccessorImpl.invoke0(Native Method)
	at sun.reflect.NativeMethodAccessorImpl.invoke(NativeMethodAccessorImpl.java:62)
	at sun.reflect.DelegatingMethodAccessorImpl.invoke(DelegatingMethodAccessorImpl.java:43)
	at java.lang.reflect.Method.invoke(Method.java:498)
	at org.junit.runners.model.FrameworkMethod$1.runReflectiveCall(FrameworkMethod.java:50)
	at org.junit.internal.runners.model.ReflectiveCallable.run(ReflectiveCallable.java:12)
	at org.junit.runners.model.FrameworkMethod.invokeExplosively(FrameworkMethod.java:47)
	at org.junit.internal.runners.statements.InvokeMethod.evaluate(InvokeMethod.java:17)
	at org.junit.internal.runners.statements.FailOnTimeout$CallableStatement.call(FailOnTimeout.java:298)
	at org.junit.internal.runners.statements.FailOnTimeout$CallableStatement.call(FailOnTimeout.java:292)
	at java.util.concurrent.FutureTask.run(FutureTask.java:266)
	at java.lang.Thread.run(Thread.java:748)
12) test059(com.google.javascript.jscomp.TypeInference_ESTest)
org.evosuite.runtime.mock.java.lang.MockIllegalStateException: 109
	at com.google.javascript.rhino.Token.name(Token.java:287)
	at com.google.javascript.rhino.Node.toString(Node.java:955)
	at com.google.javascript.rhino.Node.toString(Node.java:946)
	at com.google.javascript.rhino.Node.toString(Node.java:938)
	at java.lang.String.valueOf(String.java:2994)
	at java.lang.StringBuilder.append(StringBuilder.java:131)
	at com.google.javascript.jscomp.graph.Graph.getNodeOrFail(Graph.java:222)
	at com.google.javascript.jscomp.graph.LinkedDirectedGraph.getOutEdges(LinkedDirectedGraph.java:129)
	at com.google.javascript.jscomp.TypeInference.branchedFlowThrough(TypeInference.java:207)
	at com.google.javascript.jscomp.TypeInference_ESTest.test059(TypeInference_ESTest.java:1324)
	at sun.reflect.NativeMethodAccessorImpl.invoke0(Native Method)
	at sun.reflect.NativeMethodAccessorImpl.invoke(NativeMethodAccessorImpl.java:62)
	at sun.reflect.DelegatingMethodAccessorImpl.invoke(DelegatingMethodAccessorImpl.java:43)
	at java.lang.reflect.Method.invoke(Method.java:498)
	at org.junit.runners.model.FrameworkMethod$1.runReflectiveCall(FrameworkMethod.java:50)
	at org.junit.internal.runners.model.ReflectiveCallable.run(ReflectiveCallable.java:12)
	at org.junit.runners.model.FrameworkMethod.invokeExplosively(FrameworkMethod.java:47)
	at org.junit.internal.runners.statements.InvokeMethod.evaluate(InvokeMethod.java:17)
	at org.junit.internal.runners.statements.FailOnTimeout$CallableStatement.call(FailOnTimeout.java:298)
	at org.junit.internal.runners.statements.FailOnTimeout$CallableStatement.call(FailOnTimeout.java:292)
	at java.util.concurrent.FutureTask.run(FutureTask.java:266)
	at java.lang.Thread.run(Thread.java:748)
13) test070(com.google.javascript.jscomp.TypeInference_ESTest)
org.evosuite.runtime.mock.java.lang.MockIllegalArgumentException: ASSIGN_SUB : number does not exist in graph
	at com.google.javascript.jscomp.graph.Graph.getNodeOrFail(Graph.java:222)
	at com.google.javascript.jscomp.graph.LinkedDirectedGraph.getOutEdges(LinkedDirectedGraph.java:129)
	at com.google.javascript.jscomp.TypeInference.branchedFlowThrough(TypeInference.java:207)
	at com.google.javascript.jscomp.TypeInference_ESTest.test070(TypeInference_ESTest.java:1562)
	at sun.reflect.NativeMethodAccessorImpl.invoke0(Native Method)
	at sun.reflect.NativeMethodAccessorImpl.invoke(NativeMethodAccessorImpl.java:62)
	at sun.reflect.DelegatingMethodAccessorImpl.invoke(DelegatingMethodAccessorImpl.java:43)
	at java.lang.reflect.Method.invoke(Method.java:498)
	at org.junit.runners.model.FrameworkMethod$1.runReflectiveCall(FrameworkMethod.java:50)
	at org.junit.internal.runners.model.ReflectiveCallable.run(ReflectiveCallable.java:12)
	at org.junit.runners.model.FrameworkMethod.invokeExplosively(FrameworkMethod.java:47)
	at org.junit.internal.runners.statements.InvokeMethod.evaluate(InvokeMethod.java:17)
	at org.junit.internal.runners.statements.FailOnTimeout$CallableStatement.call(FailOnTimeout.java:298)
	at org.junit.internal.runners.statements.FailOnTimeout$CallableStatement.call(FailOnTimeout.java:292)
	at java.util.concurrent.FutureTask.run(FutureTask.java:266)
	at java.lang.Thread.run(Thread.java:748)
14) test072(com.google.javascript.jscomp.TypeInference_ESTest)
org.evosuite.runtime.mock.java.lang.MockIllegalArgumentException: ASSIGN_URSH : number does not exist in graph
	at com.google.javascript.jscomp.graph.Graph.getNodeOrFail(Graph.java:222)
	at com.google.javascript.jscomp.graph.LinkedDirectedGraph.getOutEdges(LinkedDirectedGraph.java:129)
	at com.google.javascript.jscomp.TypeInference.branchedFlowThrough(TypeInference.java:207)
	at com.google.javascript.jscomp.TypeInference_ESTest.test072(TypeInference_ESTest.java:1606)
	at sun.reflect.NativeMethodAccessorImpl.invoke0(Native Method)
	at sun.reflect.NativeMethodAccessorImpl.invoke(NativeMethodAccessorImpl.java:62)
	at sun.reflect.DelegatingMethodAccessorImpl.invoke(DelegatingMethodAccessorImpl.java:43)
	at java.lang.reflect.Method.invoke(Method.java:498)
	at org.junit.runners.model.FrameworkMethod$1.runReflectiveCall(FrameworkMethod.java:50)
	at org.junit.internal.runners.model.ReflectiveCallable.run(ReflectiveCallable.java:12)
	at org.junit.runners.model.FrameworkMethod.invokeExplosively(FrameworkMethod.java:47)
	at org.junit.internal.runners.statements.InvokeMethod.evaluate(InvokeMethod.java:17)
	at org.junit.internal.runners.statements.FailOnTimeout$CallableStatement.call(FailOnTimeout.java:298)
	at org.junit.internal.runners.statements.FailOnTimeout$CallableStatement.call(FailOnTimeout.java:292)
	at java.util.concurrent.FutureTask.run(FutureTask.java:266)
	at java.lang.Thread.run(Thread.java:748)
15) test071(com.google.javascript.jscomp.TypeInference_ESTest)
java.lang.NullPointerException
	at com.google.javascript.jscomp.TypeInference.traverseAdd(TypeInference.java:817)
	at com.google.javascript.jscomp.TypeInference.traverse(TypeInference.java:351)
	at com.google.javascript.jscomp.TypeInference.flowThrough(TypeInference.java:190)
	at com.google.javascript.jscomp.TypeInference.branchedFlowThrough(TypeInference.java:202)
	at com.google.javascript.jscomp.TypeInference_ESTest.test071(TypeInference_ESTest.java:1584)
	at sun.reflect.NativeMethodAccessorImpl.invoke0(Native Method)
	at sun.reflect.NativeMethodAccessorImpl.invoke(NativeMethodAccessorImpl.java:62)
	at sun.reflect.DelegatingMethodAccessorImpl.invoke(DelegatingMethodAccessorImpl.java:43)
	at java.lang.reflect.Method.invoke(Method.java:498)
	at org.junit.runners.model.FrameworkMethod$1.runReflectiveCall(FrameworkMethod.java:50)
	at org.junit.internal.runners.model.ReflectiveCallable.run(ReflectiveCallable.java:12)
	at org.junit.runners.model.FrameworkMethod.invokeExplosively(FrameworkMethod.java:47)
	at org.junit.internal.runners.statements.InvokeMethod.evaluate(InvokeMethod.java:17)
	at org.junit.internal.runners.statements.FailOnTimeout$CallableStatement.call(FailOnTimeout.java:298)
	at org.junit.internal.runners.statements.FailOnTimeout$CallableStatement.call(FailOnTimeout.java:292)
	at java.util.concurrent.FutureTask.run(FutureTask.java:266)
	at java.lang.Thread.run(Thread.java:748)
16) test074(com.google.javascript.jscomp.TypeInference_ESTest)
org.evosuite.runtime.mock.java.lang.MockIllegalArgumentException: COMMA : boolean does not exist in graph
	at com.google.javascript.jscomp.graph.Graph.getNodeOrFail(Graph.java:222)
	at com.google.javascript.jscomp.graph.LinkedDirectedGraph.getOutEdges(LinkedDirectedGraph.java:129)
	at com.google.javascript.jscomp.TypeInference.branchedFlowThrough(TypeInference.java:207)
	at com.google.javascript.jscomp.TypeInference_ESTest.test074(TypeInference_ESTest.java:1651)
	at sun.reflect.NativeMethodAccessorImpl.invoke0(Native Method)
	at sun.reflect.NativeMethodAccessorImpl.invoke(NativeMethodAccessorImpl.java:62)
	at sun.reflect.DelegatingMethodAccessorImpl.invoke(DelegatingMethodAccessorImpl.java:43)
	at java.lang.reflect.Method.invoke(Method.java:498)
	at org.junit.runners.model.FrameworkMethod$1.runReflectiveCall(FrameworkMethod.java:50)
	at org.junit.internal.runners.model.ReflectiveCallable.run(ReflectiveCallable.java:12)
	at org.junit.runners.model.FrameworkMethod.invokeExplosively(FrameworkMethod.java:47)
	at org.junit.internal.runners.statements.InvokeMethod.evaluate(InvokeMethod.java:17)
	at org.junit.internal.runners.statements.FailOnTimeout$CallableStatement.call(FailOnTimeout.java:298)
	at org.junit.internal.runners.statements.FailOnTimeout$CallableStatement.call(FailOnTimeout.java:292)
	at java.util.concurrent.FutureTask.run(FutureTask.java:266)
	at java.lang.Thread.run(Thread.java:748)
17) test073(com.google.javascript.jscomp.TypeInference_ESTest)
org.evosuite.runtime.mock.java.lang.MockIllegalArgumentException: ASSIGN_BITOR : number does not exist in graph
	at com.google.javascript.jscomp.graph.Graph.getNodeOrFail(Graph.java:222)
	at com.google.javascript.jscomp.graph.LinkedDirectedGraph.getOutEdges(LinkedDirectedGraph.java:129)
	at com.google.javascript.jscomp.TypeInference.branchedFlowThrough(TypeInference.java:207)
	at com.google.javascript.jscomp.TypeInference_ESTest.test073(TypeInference_ESTest.java:1628)
	at sun.reflect.NativeMethodAccessorImpl.invoke0(Native Method)
	at sun.reflect.NativeMethodAccessorImpl.invoke(NativeMethodAccessorImpl.java:62)
	at sun.reflect.DelegatingMethodAccessorImpl.invoke(DelegatingMethodAccessorImpl.java:43)
	at java.lang.reflect.Method.invoke(Method.java:498)
	at org.junit.runners.model.FrameworkMethod$1.runReflectiveCall(FrameworkMethod.java:50)
	at org.junit.internal.runners.model.ReflectiveCallable.run(ReflectiveCallable.java:12)
	at org.junit.runners.model.FrameworkMethod.invokeExplosively(FrameworkMethod.java:47)
	at org.junit.internal.runners.statements.InvokeMethod.evaluate(InvokeMethod.java:17)
	at org.junit.internal.runners.statements.FailOnTimeout$CallableStatement.call(FailOnTimeout.java:298)
	at org.junit.internal.runners.statements.FailOnTimeout$CallableStatement.call(FailOnTimeout.java:292)
	at java.util.concurrent.FutureTask.run(FutureTask.java:266)
	at java.lang.Thread.run(Thread.java:748)
18) test076(com.google.javascript.jscomp.TypeInference_ESTest)
org.evosuite.runtime.mock.java.lang.MockIllegalStateException: 82
	at com.google.javascript.rhino.Token.name(Token.java:287)
	at com.google.javascript.rhino.Node.toString(Node.java:955)
	at com.google.javascript.rhino.Node.toString(Node.java:946)
	at com.google.javascript.rhino.Node.toString(Node.java:938)
	at java.lang.String.valueOf(String.java:2994)
	at java.lang.StringBuilder.append(StringBuilder.java:131)
	at com.google.javascript.jscomp.graph.Graph.getNodeOrFail(Graph.java:222)
	at com.google.javascript.jscomp.graph.LinkedDirectedGraph.getOutEdges(LinkedDirectedGraph.java:129)
	at com.google.javascript.jscomp.TypeInference.branchedFlowThrough(TypeInference.java:207)
	at com.google.javascript.jscomp.TypeInference_ESTest.test076(TypeInference_ESTest.java:1695)
	at sun.reflect.NativeMethodAccessorImpl.invoke0(Native Method)
	at sun.reflect.NativeMethodAccessorImpl.invoke(NativeMethodAccessorImpl.java:62)
	at sun.reflect.DelegatingMethodAccessorImpl.invoke(DelegatingMethodAccessorImpl.java:43)
	at java.lang.reflect.Method.invoke(Method.java:498)
	at org.junit.runners.model.FrameworkMethod$1.runReflectiveCall(FrameworkMethod.java:50)
	at org.junit.internal.runners.model.ReflectiveCallable.run(ReflectiveCallable.java:12)
	at org.junit.runners.model.FrameworkMethod.invokeExplosively(FrameworkMethod.java:47)
	at org.junit.internal.runners.statements.InvokeMethod.evaluate(InvokeMethod.java:17)
	at org.junit.internal.runners.statements.FailOnTimeout$CallableStatement.call(FailOnTimeout.java:298)
	at org.junit.internal.runners.statements.FailOnTimeout$CallableStatement.call(FailOnTimeout.java:292)
	at java.util.concurrent.FutureTask.run(FutureTask.java:266)
	at java.lang.Thread.run(Thread.java:748)
19) test075(com.google.javascript.jscomp.TypeInference_ESTest)
org.evosuite.runtime.mock.java.lang.MockIllegalStateException: 84
	at com.google.javascript.rhino.Token.name(Token.java:287)
	at com.google.javascript.rhino.Node.toString(Node.java:955)
	at com.google.javascript.rhino.Node.toString(Node.java:946)
	at com.google.javascript.rhino.Node.toString(Node.java:938)
	at java.lang.String.valueOf(String.java:2994)
	at java.lang.StringBuilder.append(StringBuilder.java:131)
	at com.google.javascript.jscomp.graph.Graph.getNodeOrFail(Graph.java:222)
	at com.google.javascript.jscomp.graph.LinkedDirectedGraph.getOutEdges(LinkedDirectedGraph.java:129)
	at com.google.javascript.jscomp.TypeInference.branchedFlowThrough(TypeInference.java:207)
	at com.google.javascript.jscomp.TypeInference_ESTest.test075(TypeInference_ESTest.java:1673)
	at sun.reflect.NativeMethodAccessorImpl.invoke0(Native Method)
	at sun.reflect.NativeMethodAccessorImpl.invoke(NativeMethodAccessorImpl.java:62)
	at sun.reflect.DelegatingMethodAccessorImpl.invoke(DelegatingMethodAccessorImpl.java:43)
	at java.lang.reflect.Method.invoke(Method.java:498)
	at org.junit.runners.model.FrameworkMethod$1.runReflectiveCall(FrameworkMethod.java:50)
	at org.junit.internal.runners.model.ReflectiveCallable.run(ReflectiveCallable.java:12)
	at org.junit.runners.model.FrameworkMethod.invokeExplosively(FrameworkMethod.java:47)
	at org.junit.internal.runners.statements.InvokeMethod.evaluate(InvokeMethod.java:17)
	at org.junit.internal.runners.statements.FailOnTimeout$CallableStatement.call(FailOnTimeout.java:298)
	at org.junit.internal.runners.statements.FailOnTimeout$CallableStatement.call(FailOnTimeout.java:292)
	at java.util.concurrent.FutureTask.run(FutureTask.java:266)
	at java.lang.Thread.run(Thread.java:748)
20) test078(com.google.javascript.jscomp.TypeInference_ESTest)
org.evosuite.runtime.mock.java.lang.MockIllegalStateException: 79
	at com.google.javascript.rhino.Token.name(Token.java:287)
	at com.google.javascript.rhino.Node.toString(Node.java:955)
	at com.google.javascript.rhino.Node.toString(Node.java:946)
	at com.google.javascript.rhino.Node.toString(Node.java:938)
	at java.lang.String.valueOf(String.java:2994)
	at java.lang.StringBuilder.append(StringBuilder.java:131)
	at com.google.javascript.jscomp.graph.Graph.getNodeOrFail(Graph.java:222)
	at com.google.javascript.jscomp.graph.LinkedDirectedGraph.getOutEdges(LinkedDirectedGraph.java:129)
	at com.google.javascript.jscomp.TypeInference.branchedFlowThrough(TypeInference.java:207)
	at com.google.javascript.jscomp.TypeInference_ESTest.test078(TypeInference_ESTest.java:1739)
	at sun.reflect.NativeMethodAccessorImpl.invoke0(Native Method)
	at sun.reflect.NativeMethodAccessorImpl.invoke(NativeMethodAccessorImpl.java:62)
	at sun.reflect.DelegatingMethodAccessorImpl.invoke(DelegatingMethodAccessorImpl.java:43)
	at java.lang.reflect.Method.invoke(Method.java:498)
	at org.junit.runners.model.FrameworkMethod$1.runReflectiveCall(FrameworkMethod.java:50)
	at org.junit.internal.runners.model.ReflectiveCallable.run(ReflectiveCallable.java:12)
	at org.junit.runners.model.FrameworkMethod.invokeExplosively(FrameworkMethod.java:47)
	at org.junit.internal.runners.statements.InvokeMethod.evaluate(InvokeMethod.java:17)
	at org.junit.internal.runners.statements.FailOnTimeout$CallableStatement.call(FailOnTimeout.java:298)
	at org.junit.internal.runners.statements.FailOnTimeout$CallableStatement.call(FailOnTimeout.java:292)
	at java.util.concurrent.FutureTask.run(FutureTask.java:266)
	at java.lang.Thread.run(Thread.java:748)
21) test111(com.google.javascript.jscomp.TypeInference_ESTest)
org.evosuite.runtime.mock.java.lang.MockIllegalArgumentException: PARAM_LIST : Object#Element does not exist in graph
	at com.google.javascript.jscomp.graph.Graph.getNodeOrFail(Graph.java:222)
	at com.google.javascript.jscomp.graph.LinkedDirectedGraph.getOutEdges(LinkedDirectedGraph.java:129)
	at com.google.javascript.jscomp.TypeInference.branchedFlowThrough(TypeInference.java:207)
	at com.google.javascript.jscomp.TypeInference_ESTest.test111(TypeInference_ESTest.java:2400)
	at sun.reflect.NativeMethodAccessorImpl.invoke0(Native Method)
	at sun.reflect.NativeMethodAccessorImpl.invoke(NativeMethodAccessorImpl.java:62)
	at sun.reflect.DelegatingMethodAccessorImpl.invoke(DelegatingMethodAccessorImpl.java:43)
	at java.lang.reflect.Method.invoke(Method.java:498)
	at org.junit.runners.model.FrameworkMethod$1.runReflectiveCall(FrameworkMethod.java:50)
	at org.junit.internal.runners.model.ReflectiveCallable.run(ReflectiveCallable.java:12)
	at org.junit.runners.model.FrameworkMethod.invokeExplosively(FrameworkMethod.java:47)
	at org.junit.internal.runners.statements.InvokeMethod.evaluate(InvokeMethod.java:17)
	at org.junit.internal.runners.statements.FailOnTimeout$CallableStatement.call(FailOnTimeout.java:298)
	at org.junit.internal.runners.statements.FailOnTimeout$CallableStatement.call(FailOnTimeout.java:292)
	at java.util.concurrent.FutureTask.run(FutureTask.java:266)
	at java.lang.Thread.run(Thread.java:748)
22) test077(com.google.javascript.jscomp.TypeInference_ESTest)
org.evosuite.runtime.mock.java.lang.MockIllegalStateException: 81
	at com.google.javascript.rhino.Token.name(Token.java:287)
	at com.google.javascript.rhino.Node.toString(Node.java:955)
	at com.google.javascript.rhino.Node.toString(Node.java:946)
	at com.google.javascript.rhino.Node.toString(Node.java:938)
	at java.lang.String.valueOf(String.java:2994)
	at java.lang.StringBuilder.append(StringBuilder.java:131)
	at com.google.javascript.jscomp.graph.Graph.getNodeOrFail(Graph.java:222)
	at com.google.javascript.jscomp.graph.LinkedDirectedGraph.getOutEdges(LinkedDirectedGraph.java:129)
	at com.google.javascript.jscomp.TypeInference.branchedFlowThrough(TypeInference.java:207)
	at com.google.javascript.jscomp.TypeInference_ESTest.test077(TypeInference_ESTest.java:1717)
	at sun.reflect.NativeMethodAccessorImpl.invoke0(Native Method)
	at sun.reflect.NativeMethodAccessorImpl.invoke(NativeMethodAccessorImpl.java:62)
	at sun.reflect.DelegatingMethodAccessorImpl.invoke(DelegatingMethodAccessorImpl.java:43)
	at java.lang.reflect.Method.invoke(Method.java:498)
	at org.junit.runners.model.FrameworkMethod$1.runReflectiveCall(FrameworkMethod.java:50)
	at org.junit.internal.runners.model.ReflectiveCallable.run(ReflectiveCallable.java:12)
	at org.junit.runners.model.FrameworkMethod.invokeExplosively(FrameworkMethod.java:47)
	at org.junit.internal.runners.statements.InvokeMethod.evaluate(InvokeMethod.java:17)
	at org.junit.internal.runners.statements.FailOnTimeout$CallableStatement.call(FailOnTimeout.java:298)
	at org.junit.internal.runners.statements.FailOnTimeout$CallableStatement.call(FailOnTimeout.java:292)
	at java.util.concurrent.FutureTask.run(FutureTask.java:266)
	at java.lang.Thread.run(Thread.java:748)
23) test069(com.google.javascript.jscomp.TypeInference_ESTest)
org.evosuite.runtime.mock.java.lang.MockIllegalArgumentException: ASSIGN_MUL 150 : number does not exist in graph
	at com.google.javascript.jscomp.graph.Graph.getNodeOrFail(Graph.java:222)
	at com.google.javascript.jscomp.graph.LinkedDirectedGraph.getOutEdges(LinkedDirectedGraph.java:129)
	at com.google.javascript.jscomp.TypeInference.branchedFlowThrough(TypeInference.java:207)
	at com.google.javascript.jscomp.TypeInference_ESTest.test069(TypeInference_ESTest.java:1540)
	at sun.reflect.NativeMethodAccessorImpl.invoke0(Native Method)
	at sun.reflect.NativeMethodAccessorImpl.invoke(NativeMethodAccessorImpl.java:62)
	at sun.reflect.DelegatingMethodAccessorImpl.invoke(DelegatingMethodAccessorImpl.java:43)
	at java.lang.reflect.Method.invoke(Method.java:498)
	at org.junit.runners.model.FrameworkMethod$1.runReflectiveCall(FrameworkMethod.java:50)
	at org.junit.internal.runners.model.ReflectiveCallable.run(ReflectiveCallable.java:12)
	at org.junit.runners.model.FrameworkMethod.invokeExplosively(FrameworkMethod.java:47)
	at org.junit.internal.runners.statements.InvokeMethod.evaluate(InvokeMethod.java:17)
	at org.junit.internal.runners.statements.FailOnTimeout$CallableStatement.call(FailOnTimeout.java:298)
	at org.junit.internal.runners.statements.FailOnTimeout$CallableStatement.call(FailOnTimeout.java:292)
	at java.util.concurrent.FutureTask.run(FutureTask.java:266)
	at java.lang.Thread.run(Thread.java:748)
24) test104(com.google.javascript.jscomp.TypeInference_ESTest)
org.evosuite.runtime.mock.java.lang.MockIllegalArgumentException: REGEXP 1 [source_file: com.google.javascript.rhino.Node$ObjectPropListItem@0000000977] does not exist in graph
	at com.google.javascript.jscomp.graph.Graph.getNodeOrFail(Graph.java:222)
	at com.google.javascript.jscomp.graph.LinkedDirectedGraph.getOutEdges(LinkedDirectedGraph.java:129)
	at com.google.javascript.jscomp.TypeInference.branchedFlowThrough(TypeInference.java:207)
	at com.google.javascript.jscomp.TypeInference_ESTest.test104(TypeInference_ESTest.java:2267)
	at sun.reflect.NativeMethodAccessorImpl.invoke0(Native Method)
	at sun.reflect.NativeMethodAccessorImpl.invoke(NativeMethodAccessorImpl.java:62)
	at sun.reflect.DelegatingMethodAccessorImpl.invoke(DelegatingMethodAccessorImpl.java:43)
	at java.lang.reflect.Method.invoke(Method.java:498)
	at org.junit.runners.model.FrameworkMethod$1.runReflectiveCall(FrameworkMethod.java:50)
	at org.junit.internal.runners.model.ReflectiveCallable.run(ReflectiveCallable.java:12)
	at org.junit.runners.model.FrameworkMethod.invokeExplosively(FrameworkMethod.java:47)
	at org.junit.internal.runners.statements.InvokeMethod.evaluate(InvokeMethod.java:17)
	at org.junit.internal.runners.statements.FailOnTimeout$CallableStatement.call(FailOnTimeout.java:298)
	at org.junit.internal.runners.statements.FailOnTimeout$CallableStatement.call(FailOnTimeout.java:292)
	at java.util.concurrent.FutureTask.run(FutureTask.java:266)
	at java.lang.Thread.run(Thread.java:748)
25) test106(com.google.javascript.jscomp.TypeInference_ESTest)
org.evosuite.runtime.mock.java.lang.MockIllegalArgumentException: TRUE does not exist in graph
	at com.google.javascript.jscomp.graph.Graph.getNodeOrFail(Graph.java:222)
	at com.google.javascript.jscomp.graph.LinkedDirectedGraph.getOutEdges(LinkedDirectedGraph.java:129)
	at com.google.javascript.jscomp.TypeInference.branchedFlowThrough(TypeInference.java:207)
	at com.google.javascript.jscomp.TypeInference_ESTest.test106(TypeInference_ESTest.java:2302)
	at sun.reflect.NativeMethodAccessorImpl.invoke0(Native Method)
	at sun.reflect.NativeMethodAccessorImpl.invoke(NativeMethodAccessorImpl.java:62)
	at sun.reflect.DelegatingMethodAccessorImpl.invoke(DelegatingMethodAccessorImpl.java:43)
	at java.lang.reflect.Method.invoke(Method.java:498)
	at org.junit.runners.model.FrameworkMethod$1.runReflectiveCall(FrameworkMethod.java:50)
	at org.junit.internal.runners.model.ReflectiveCallable.run(ReflectiveCallable.java:12)
	at org.junit.runners.model.FrameworkMethod.invokeExplosively(FrameworkMethod.java:47)
	at org.junit.internal.runners.statements.InvokeMethod.evaluate(InvokeMethod.java:17)
	at org.junit.internal.runners.statements.FailOnTimeout$CallableStatement.call(FailOnTimeout.java:298)
	at org.junit.internal.runners.statements.FailOnTimeout$CallableStatement.call(FailOnTimeout.java:292)
	at java.util.concurrent.FutureTask.run(FutureTask.java:266)
	at java.lang.Thread.run(Thread.java:748)
26) test108(com.google.javascript.jscomp.TypeInference_ESTest)
org.evosuite.runtime.mock.java.lang.MockIllegalArgumentException: THIS 117 does not exist in graph
	at com.google.javascript.jscomp.graph.Graph.getNodeOrFail(Graph.java:222)
	at com.google.javascript.jscomp.graph.LinkedDirectedGraph.getOutEdges(LinkedDirectedGraph.java:129)
	at com.google.javascript.jscomp.TypeInference.branchedFlowThrough(TypeInference.java:207)
	at com.google.javascript.jscomp.TypeInference_ESTest.test108(TypeInference_ESTest.java:2346)
	at sun.reflect.NativeMethodAccessorImpl.invoke0(Native Method)
	at sun.reflect.NativeMethodAccessorImpl.invoke(NativeMethodAccessorImpl.java:62)
	at sun.reflect.DelegatingMethodAccessorImpl.invoke(DelegatingMethodAccessorImpl.java:43)
	at java.lang.reflect.Method.invoke(Method.java:498)
	at org.junit.runners.model.FrameworkMethod$1.runReflectiveCall(FrameworkMethod.java:50)
	at org.junit.internal.runners.model.ReflectiveCallable.run(ReflectiveCallable.java:12)
	at org.junit.runners.model.FrameworkMethod.invokeExplosively(FrameworkMethod.java:47)
	at org.junit.internal.runners.statements.InvokeMethod.evaluate(InvokeMethod.java:17)
	at org.junit.internal.runners.statements.FailOnTimeout$CallableStatement.call(FailOnTimeout.java:298)
	at org.junit.internal.runners.statements.FailOnTimeout$CallableStatement.call(FailOnTimeout.java:292)
	at java.util.concurrent.FutureTask.run(FutureTask.java:266)
	at java.lang.Thread.run(Thread.java:748)
27) test107(com.google.javascript.jscomp.TypeInference_ESTest)
org.evosuite.runtime.mock.java.lang.MockIllegalArgumentException: FALSE 57 does not exist in graph
	at com.google.javascript.jscomp.graph.Graph.getNodeOrFail(Graph.java:222)
	at com.google.javascript.jscomp.graph.LinkedDirectedGraph.getOutEdges(LinkedDirectedGraph.java:129)
	at com.google.javascript.jscomp.TypeInference.branchedFlowThrough(TypeInference.java:207)
	at com.google.javascript.jscomp.TypeInference_ESTest.test107(TypeInference_ESTest.java:2324)
	at sun.reflect.NativeMethodAccessorImpl.invoke0(Native Method)
	at sun.reflect.NativeMethodAccessorImpl.invoke(NativeMethodAccessorImpl.java:62)
	at sun.reflect.DelegatingMethodAccessorImpl.invoke(DelegatingMethodAccessorImpl.java:43)
	at java.lang.reflect.Method.invoke(Method.java:498)
	at org.junit.runners.model.FrameworkMethod$1.runReflectiveCall(FrameworkMethod.java:50)
	at org.junit.internal.runners.model.ReflectiveCallable.run(ReflectiveCallable.java:12)
	at org.junit.runners.model.FrameworkMethod.invokeExplosively(FrameworkMethod.java:47)
	at org.junit.internal.runners.statements.InvokeMethod.evaluate(InvokeMethod.java:17)
	at org.junit.internal.runners.statements.FailOnTimeout$CallableStatement.call(FailOnTimeout.java:298)
	at org.junit.internal.runners.statements.FailOnTimeout$CallableStatement.call(FailOnTimeout.java:292)
	at java.util.concurrent.FutureTask.run(FutureTask.java:266)
	at java.lang.Thread.run(Thread.java:748)
28) test081(com.google.javascript.jscomp.TypeInference_ESTest)
org.evosuite.runtime.mock.java.lang.MockIllegalStateException: 74
	at com.google.javascript.rhino.Token.name(Token.java:287)
	at com.google.javascript.rhino.Node.toString(Node.java:955)
	at com.google.javascript.rhino.Node.toString(Node.java:946)
	at com.google.javascript.rhino.Node.toString(Node.java:938)
	at java.lang.String.valueOf(String.java:2994)
	at java.lang.StringBuilder.append(StringBuilder.java:131)
	at com.google.javascript.jscomp.graph.Graph.getNodeOrFail(Graph.java:222)
	at com.google.javascript.jscomp.graph.LinkedDirectedGraph.getOutEdges(LinkedDirectedGraph.java:129)
	at com.google.javascript.jscomp.TypeInference.branchedFlowThrough(TypeInference.java:207)
	at com.google.javascript.jscomp.TypeInference_ESTest.test081(TypeInference_ESTest.java:1796)
	at sun.reflect.NativeMethodAccessorImpl.invoke0(Native Method)
	at sun.reflect.NativeMethodAccessorImpl.invoke(NativeMethodAccessorImpl.java:62)
	at sun.reflect.DelegatingMethodAccessorImpl.invoke(DelegatingMethodAccessorImpl.java:43)
	at java.lang.reflect.Method.invoke(Method.java:498)
	at org.junit.runners.model.FrameworkMethod$1.runReflectiveCall(FrameworkMethod.java:50)
	at org.junit.internal.runners.model.ReflectiveCallable.run(ReflectiveCallable.java:12)
	at org.junit.runners.model.FrameworkMethod.invokeExplosively(FrameworkMethod.java:47)
	at org.junit.internal.runners.statements.InvokeMethod.evaluate(InvokeMethod.java:17)
	at org.junit.internal.runners.statements.FailOnTimeout$CallableStatement.call(FailOnTimeout.java:298)
	at org.junit.internal.runners.statements.FailOnTimeout$CallableStatement.call(FailOnTimeout.java:292)
	at java.util.concurrent.FutureTask.run(FutureTask.java:266)
	at java.lang.Thread.run(Thread.java:748)
29) test082(com.google.javascript.jscomp.TypeInference_ESTest)
org.evosuite.runtime.mock.java.lang.MockIllegalStateException: 73
	at com.google.javascript.rhino.Token.name(Token.java:287)
	at com.google.javascript.rhino.Node.toString(Node.java:955)
	at com.google.javascript.rhino.Node.toString(Node.java:946)
	at com.google.javascript.rhino.Node.toString(Node.java:938)
	at java.lang.String.valueOf(String.java:2994)
	at java.lang.StringBuilder.append(StringBuilder.java:131)
	at com.google.javascript.jscomp.graph.Graph.getNodeOrFail(Graph.java:222)
	at com.google.javascript.jscomp.graph.LinkedDirectedGraph.getOutEdges(LinkedDirectedGraph.java:129)
	at com.google.javascript.jscomp.TypeInference.branchedFlowThrough(TypeInference.java:207)
	at com.google.javascript.jscomp.TypeInference_ESTest.test082(TypeInference_ESTest.java:1822)
	at sun.reflect.NativeMethodAccessorImpl.invoke0(Native Method)
	at sun.reflect.NativeMethodAccessorImpl.invoke(NativeMethodAccessorImpl.java:62)
	at sun.reflect.DelegatingMethodAccessorImpl.invoke(DelegatingMethodAccessorImpl.java:43)
	at java.lang.reflect.Method.invoke(Method.java:498)
	at org.junit.runners.model.FrameworkMethod$1.runReflectiveCall(FrameworkMethod.java:50)
	at org.junit.internal.runners.model.ReflectiveCallable.run(ReflectiveCallable.java:12)
	at org.junit.runners.model.FrameworkMethod.invokeExplosively(FrameworkMethod.java:47)
	at org.junit.internal.runners.statements.InvokeMethod.evaluate(InvokeMethod.java:17)
	at org.junit.internal.runners.statements.FailOnTimeout$CallableStatement.call(FailOnTimeout.java:298)
	at org.junit.internal.runners.statements.FailOnTimeout$CallableStatement.call(FailOnTimeout.java:292)
	at java.util.concurrent.FutureTask.run(FutureTask.java:266)
	at java.lang.Thread.run(Thread.java:748)
30) test085(com.google.javascript.jscomp.TypeInference_ESTest)
org.evosuite.runtime.mock.java.lang.MockIllegalStateException: 69
	at com.google.javascript.rhino.Token.name(Token.java:287)
	at com.google.javascript.rhino.Node.toString(Node.java:955)
	at com.google.javascript.rhino.Node.toString(Node.java:946)
	at com.google.javascript.rhino.Node.toString(Node.java:938)
	at java.lang.String.valueOf(String.java:2994)
	at java.lang.StringBuilder.append(StringBuilder.java:131)
	at com.google.javascript.jscomp.graph.Graph.getNodeOrFail(Graph.java:222)
	at com.google.javascript.jscomp.graph.LinkedDirectedGraph.getOutEdges(LinkedDirectedGraph.java:129)
	at com.google.javascript.jscomp.TypeInference.branchedFlowThrough(TypeInference.java:207)
	at com.google.javascript.jscomp.TypeInference_ESTest.test085(TypeInference_ESTest.java:1881)
	at sun.reflect.NativeMethodAccessorImpl.invoke0(Native Method)
	at sun.reflect.NativeMethodAccessorImpl.invoke(NativeMethodAccessorImpl.java:62)
	at sun.reflect.DelegatingMethodAccessorImpl.invoke(DelegatingMethodAccessorImpl.java:43)
	at java.lang.reflect.Method.invoke(Method.java:498)
	at org.junit.runners.model.FrameworkMethod$1.runReflectiveCall(FrameworkMethod.java:50)
	at org.junit.internal.runners.model.ReflectiveCallable.run(ReflectiveCallable.java:12)
	at org.junit.runners.model.FrameworkMethod.invokeExplosively(FrameworkMethod.java:47)
	at org.junit.internal.runners.statements.InvokeMethod.evaluate(InvokeMethod.java:17)
	at org.junit.internal.runners.statements.FailOnTimeout$CallableStatement.call(FailOnTimeout.java:298)
	at org.junit.internal.runners.statements.FailOnTimeout$CallableStatement.call(FailOnTimeout.java:292)
	at java.util.concurrent.FutureTask.run(FutureTask.java:266)
	at java.lang.Thread.run(Thread.java:748)
31) test084(com.google.javascript.jscomp.TypeInference_ESTest)
org.evosuite.runtime.mock.java.lang.MockIllegalStateException: 70
	at com.google.javascript.rhino.Token.name(Token.java:287)
	at com.google.javascript.rhino.Node.toString(Node.java:955)
	at com.google.javascript.rhino.Node.toString(Node.java:946)
	at com.google.javascript.rhino.Node.toString(Node.java:938)
	at java.lang.String.valueOf(String.java:2994)
	at java.lang.StringBuilder.append(StringBuilder.java:131)
	at com.google.javascript.jscomp.graph.Graph.getNodeOrFail(Graph.java:222)
	at com.google.javascript.jscomp.graph.LinkedDirectedGraph.getOutEdges(LinkedDirectedGraph.java:129)
	at com.google.javascript.jscomp.TypeInference.branchedFlowThrough(TypeInference.java:207)
	at com.google.javascript.jscomp.TypeInference_ESTest.test084(TypeInference_ESTest.java:1859)
	at sun.reflect.NativeMethodAccessorImpl.invoke0(Native Method)
	at sun.reflect.NativeMethodAccessorImpl.invoke(NativeMethodAccessorImpl.java:62)
	at sun.reflect.DelegatingMethodAccessorImpl.invoke(DelegatingMethodAccessorImpl.java:43)
	at java.lang.reflect.Method.invoke(Method.java:498)
	at org.junit.runners.model.FrameworkMethod$1.runReflectiveCall(FrameworkMethod.java:50)
	at org.junit.internal.runners.model.ReflectiveCallable.run(ReflectiveCallable.java:12)
	at org.junit.runners.model.FrameworkMethod.invokeExplosively(FrameworkMethod.java:47)
	at org.junit.internal.runners.statements.InvokeMethod.evaluate(InvokeMethod.java:17)
	at org.junit.internal.runners.statements.FailOnTimeout$CallableStatement.call(FailOnTimeout.java:298)
	at org.junit.internal.runners.statements.FailOnTimeout$CallableStatement.call(FailOnTimeout.java:292)
	at java.util.concurrent.FutureTask.run(FutureTask.java:266)
	at java.lang.Thread.run(Thread.java:748)
32) test087(com.google.javascript.jscomp.TypeInference_ESTest)
org.evosuite.runtime.mock.java.lang.MockIllegalStateException: 67
	at com.google.javascript.rhino.Token.name(Token.java:287)
	at com.google.javascript.rhino.Node.toString(Node.java:955)
	at com.google.javascript.rhino.Node.toString(Node.java:946)
	at com.google.javascript.rhino.Node.toString(Node.java:938)
	at java.lang.String.valueOf(String.java:2994)
	at java.lang.StringBuilder.append(StringBuilder.java:131)
	at com.google.javascript.jscomp.graph.Graph.getNodeOrFail(Graph.java:222)
	at com.google.javascript.jscomp.graph.LinkedDirectedGraph.getOutEdges(LinkedDirectedGraph.java:129)
	at com.google.javascript.jscomp.TypeInference.branchedFlowThrough(TypeInference.java:207)
	at com.google.javascript.jscomp.TypeInference_ESTest.test087(TypeInference_ESTest.java:1925)
	at sun.reflect.NativeMethodAccessorImpl.invoke0(Native Method)
	at sun.reflect.NativeMethodAccessorImpl.invoke(NativeMethodAccessorImpl.java:62)
	at sun.reflect.DelegatingMethodAccessorImpl.invoke(DelegatingMethodAccessorImpl.java:43)
	at java.lang.reflect.Method.invoke(Method.java:498)
	at org.junit.runners.model.FrameworkMethod$1.runReflectiveCall(FrameworkMethod.java:50)
	at org.junit.internal.runners.model.ReflectiveCallable.run(ReflectiveCallable.java:12)
	at org.junit.runners.model.FrameworkMethod.invokeExplosively(FrameworkMethod.java:47)
	at org.junit.internal.runners.statements.InvokeMethod.evaluate(InvokeMethod.java:17)
	at org.junit.internal.runners.statements.FailOnTimeout$CallableStatement.call(FailOnTimeout.java:298)
	at org.junit.internal.runners.statements.FailOnTimeout$CallableStatement.call(FailOnTimeout.java:292)
	at java.util.concurrent.FutureTask.run(FutureTask.java:266)
	at java.lang.Thread.run(Thread.java:748)
33) test120(com.google.javascript.jscomp.TypeInference_ESTest)
org.evosuite.runtime.mock.java.lang.MockIllegalArgumentException: MOD 4095 : number does not exist in graph
	at com.google.javascript.jscomp.graph.Graph.getNodeOrFail(Graph.java:222)
	at com.google.javascript.jscomp.graph.LinkedDirectedGraph.getOutEdges(LinkedDirectedGraph.java:129)
	at com.google.javascript.jscomp.TypeInference.branchedFlowThrough(TypeInference.java:207)
	at com.google.javascript.jscomp.TypeInference_ESTest.test120(TypeInference_ESTest.java:2584)
	at sun.reflect.NativeMethodAccessorImpl.invoke0(Native Method)
	at sun.reflect.NativeMethodAccessorImpl.invoke(NativeMethodAccessorImpl.java:62)
	at sun.reflect.DelegatingMethodAccessorImpl.invoke(DelegatingMethodAccessorImpl.java:43)
	at java.lang.reflect.Method.invoke(Method.java:498)
	at org.junit.runners.model.FrameworkMethod$1.runReflectiveCall(FrameworkMethod.java:50)
	at org.junit.internal.runners.model.ReflectiveCallable.run(ReflectiveCallable.java:12)
	at org.junit.runners.model.FrameworkMethod.invokeExplosively(FrameworkMethod.java:47)
	at org.junit.internal.runners.statements.InvokeMethod.evaluate(InvokeMethod.java:17)
	at org.junit.internal.runners.statements.FailOnTimeout$CallableStatement.call(FailOnTimeout.java:298)
	at org.junit.internal.runners.statements.FailOnTimeout$CallableStatement.call(FailOnTimeout.java:292)
	at java.util.concurrent.FutureTask.run(FutureTask.java:266)
	at java.lang.Thread.run(Thread.java:748)
34) test086(com.google.javascript.jscomp.TypeInference_ESTest)
org.evosuite.runtime.mock.java.lang.MockIllegalStateException: 68
	at com.google.javascript.rhino.Token.name(Token.java:287)
	at com.google.javascript.rhino.Node.toString(Node.java:955)
	at com.google.javascript.rhino.Node.toString(Node.java:946)
	at com.google.javascript.rhino.Node.toString(Node.java:938)
	at java.lang.String.valueOf(String.java:2994)
	at java.lang.StringBuilder.append(StringBuilder.java:131)
	at com.google.javascript.jscomp.graph.Graph.getNodeOrFail(Graph.java:222)
	at com.google.javascript.jscomp.graph.LinkedDirectedGraph.getOutEdges(LinkedDirectedGraph.java:129)
	at com.google.javascript.jscomp.TypeInference.branchedFlowThrough(TypeInference.java:207)
	at com.google.javascript.jscomp.TypeInference_ESTest.test086(TypeInference_ESTest.java:1903)
	at sun.reflect.NativeMethodAccessorImpl.invoke0(Native Method)
	at sun.reflect.NativeMethodAccessorImpl.invoke(NativeMethodAccessorImpl.java:62)
	at sun.reflect.DelegatingMethodAccessorImpl.invoke(DelegatingMethodAccessorImpl.java:43)
	at java.lang.reflect.Method.invoke(Method.java:498)
	at org.junit.runners.model.FrameworkMethod$1.runReflectiveCall(FrameworkMethod.java:50)
	at org.junit.internal.runners.model.ReflectiveCallable.run(ReflectiveCallable.java:12)
	at org.junit.runners.model.FrameworkMethod.invokeExplosively(FrameworkMethod.java:47)
	at org.junit.internal.runners.statements.InvokeMethod.evaluate(InvokeMethod.java:17)
	at org.junit.internal.runners.statements.FailOnTimeout$CallableStatement.call(FailOnTimeout.java:298)
	at org.junit.internal.runners.statements.FailOnTimeout$CallableStatement.call(FailOnTimeout.java:292)
	at java.util.concurrent.FutureTask.run(FutureTask.java:266)
	at java.lang.Thread.run(Thread.java:748)
35) test001(com.google.javascript.jscomp.TypeInference_ESTest)
java.lang.UnsupportedOperationException: SCRIPT 1 [synthetic: com.google.javascript.rhino.Node$IntPropListItem@0000000626] [source_file: com.google.javascript.rhino.Node$ObjectPropListItem@0000000627] [input_id: com.google.javascript.rhino.Node$ObjectPropListItem@0000000628] is not a string node
	at com.google.javascript.rhino.Node.getString(Node.java:919)
	at com.google.javascript.jscomp.TypeInference.traverseGetProp(TypeInference.java:1331)
	at com.google.javascript.jscomp.TypeInference.traverse(TypeInference.java:320)
	at com.google.javascript.jscomp.TypeInference.flowThrough(TypeInference.java:190)
	at com.google.javascript.jscomp.TypeInference_ESTest.test001(TypeInference_ESTest.java:83)
	at sun.reflect.NativeMethodAccessorImpl.invoke0(Native Method)
	at sun.reflect.NativeMethodAccessorImpl.invoke(NativeMethodAccessorImpl.java:62)
	at sun.reflect.DelegatingMethodAccessorImpl.invoke(DelegatingMethodAccessorImpl.java:43)
	at java.lang.reflect.Method.invoke(Method.java:498)
	at org.junit.runners.model.FrameworkMethod$1.runReflectiveCall(FrameworkMethod.java:50)
	at org.junit.internal.runners.model.ReflectiveCallable.run(ReflectiveCallable.java:12)
	at org.junit.runners.model.FrameworkMethod.invokeExplosively(FrameworkMethod.java:47)
	at org.junit.internal.runners.statements.InvokeMethod.evaluate(InvokeMethod.java:17)
	at org.junit.internal.runners.statements.FailOnTimeout$CallableStatement.call(FailOnTimeout.java:298)
	at org.junit.internal.runners.statements.FailOnTimeout$CallableStatement.call(FailOnTimeout.java:292)
	at java.util.concurrent.FutureTask.run(FutureTask.java:266)
	at java.lang.Thread.run(Thread.java:748)
36) test089(com.google.javascript.jscomp.TypeInference_ESTest)
org.evosuite.runtime.mock.java.lang.MockIllegalStateException: 65
	at com.google.javascript.rhino.Token.name(Token.java:287)
	at com.google.javascript.rhino.Node.toString(Node.java:955)
	at com.google.javascript.rhino.Node.toString(Node.java:946)
	at com.google.javascript.rhino.Node.toString(Node.java:938)
	at java.lang.String.valueOf(String.java:2994)
	at java.lang.StringBuilder.append(StringBuilder.java:131)
	at com.google.javascript.jscomp.graph.Graph.getNodeOrFail(Graph.java:222)
	at com.google.javascript.jscomp.graph.LinkedDirectedGraph.getOutEdges(LinkedDirectedGraph.java:129)
	at com.google.javascript.jscomp.TypeInference.branchedFlowThrough(TypeInference.java:207)
	at com.google.javascript.jscomp.TypeInference_ESTest.test089(TypeInference_ESTest.java:1969)
	at sun.reflect.NativeMethodAccessorImpl.invoke0(Native Method)
	at sun.reflect.NativeMethodAccessorImpl.invoke(NativeMethodAccessorImpl.java:62)
	at sun.reflect.DelegatingMethodAccessorImpl.invoke(DelegatingMethodAccessorImpl.java:43)
	at java.lang.reflect.Method.invoke(Method.java:498)
	at org.junit.runners.model.FrameworkMethod$1.runReflectiveCall(FrameworkMethod.java:50)
	at org.junit.internal.runners.model.ReflectiveCallable.run(ReflectiveCallable.java:12)
	at org.junit.runners.model.FrameworkMethod.invokeExplosively(FrameworkMethod.java:47)
	at org.junit.internal.runners.statements.InvokeMethod.evaluate(InvokeMethod.java:17)
	at org.junit.internal.runners.statements.FailOnTimeout$CallableStatement.call(FailOnTimeout.java:298)
	at org.junit.internal.runners.statements.FailOnTimeout$CallableStatement.call(FailOnTimeout.java:292)
	at java.util.concurrent.FutureTask.run(FutureTask.java:266)
	at java.lang.Thread.run(Thread.java:748)
37) test122(com.google.javascript.jscomp.TypeInference_ESTest)
org.evosuite.runtime.mock.java.lang.MockIllegalArgumentException: MUL : number does not exist in graph
	at com.google.javascript.jscomp.graph.Graph.getNodeOrFail(Graph.java:222)
	at com.google.javascript.jscomp.graph.LinkedDirectedGraph.getOutEdges(LinkedDirectedGraph.java:129)
	at com.google.javascript.jscomp.TypeInference.branchedFlowThrough(TypeInference.java:207)
	at com.google.javascript.jscomp.TypeInference_ESTest.test122(TypeInference_ESTest.java:2630)
	at sun.reflect.NativeMethodAccessorImpl.invoke0(Native Method)
	at sun.reflect.NativeMethodAccessorImpl.invoke(NativeMethodAccessorImpl.java:62)
	at sun.reflect.DelegatingMethodAccessorImpl.invoke(DelegatingMethodAccessorImpl.java:43)
	at java.lang.reflect.Method.invoke(Method.java:498)
	at org.junit.runners.model.FrameworkMethod$1.runReflectiveCall(FrameworkMethod.java:50)
	at org.junit.internal.runners.model.ReflectiveCallable.run(ReflectiveCallable.java:12)
	at org.junit.runners.model.FrameworkMethod.invokeExplosively(FrameworkMethod.java:47)
	at org.junit.internal.runners.statements.InvokeMethod.evaluate(InvokeMethod.java:17)
	at org.junit.internal.runners.statements.FailOnTimeout$CallableStatement.call(FailOnTimeout.java:298)
	at org.junit.internal.runners.statements.FailOnTimeout$CallableStatement.call(FailOnTimeout.java:292)
	at java.util.concurrent.FutureTask.run(FutureTask.java:266)
	at java.lang.Thread.run(Thread.java:748)
38) test000(com.google.javascript.jscomp.TypeInference_ESTest)
org.evosuite.runtime.mock.java.lang.MockIllegalArgumentException: SWITCH does not exist in graph
	at com.google.javascript.jscomp.graph.Graph.getNodeOrFail(Graph.java:222)
	at com.google.javascript.jscomp.graph.LinkedDirectedGraph.getOutEdges(LinkedDirectedGraph.java:129)
	at com.google.javascript.jscomp.TypeInference.branchedFlowThrough(TypeInference.java:207)
	at com.google.javascript.jscomp.TypeInference_ESTest.test000(TypeInference_ESTest.java:61)
	at sun.reflect.NativeMethodAccessorImpl.invoke0(Native Method)
	at sun.reflect.NativeMethodAccessorImpl.invoke(NativeMethodAccessorImpl.java:62)
	at sun.reflect.DelegatingMethodAccessorImpl.invoke(DelegatingMethodAccessorImpl.java:43)
	at java.lang.reflect.Method.invoke(Method.java:498)
	at org.junit.runners.model.FrameworkMethod$1.runReflectiveCall(FrameworkMethod.java:50)
	at org.junit.internal.runners.model.ReflectiveCallable.run(ReflectiveCallable.java:12)
	at org.junit.runners.model.FrameworkMethod.invokeExplosively(FrameworkMethod.java:47)
	at org.junit.internal.runners.statements.InvokeMethod.evaluate(InvokeMethod.java:17)
	at org.junit.internal.runners.statements.FailOnTimeout$CallableStatement.call(FailOnTimeout.java:298)
	at org.junit.internal.runners.statements.FailOnTimeout$CallableStatement.call(FailOnTimeout.java:292)
	at java.util.concurrent.FutureTask.run(FutureTask.java:266)
	at java.lang.Thread.run(Thread.java:748)
39) test088(com.google.javascript.jscomp.TypeInference_ESTest)
org.evosuite.runtime.mock.java.lang.MockIllegalStateException: 66
	at com.google.javascript.rhino.Token.name(Token.java:287)
	at com.google.javascript.rhino.Node.toString(Node.java:955)
	at com.google.javascript.rhino.Node.toString(Node.java:946)
	at com.google.javascript.rhino.Node.toString(Node.java:938)
	at java.lang.String.valueOf(String.java:2994)
	at java.lang.StringBuilder.append(StringBuilder.java:131)
	at com.google.javascript.jscomp.graph.Graph.getNodeOrFail(Graph.java:222)
	at com.google.javascript.jscomp.graph.LinkedDirectedGraph.getOutEdges(LinkedDirectedGraph.java:129)
	at com.google.javascript.jscomp.TypeInference.branchedFlowThrough(TypeInference.java:207)
	at com.google.javascript.jscomp.TypeInference_ESTest.test088(TypeInference_ESTest.java:1947)
	at sun.reflect.NativeMethodAccessorImpl.invoke0(Native Method)
	at sun.reflect.NativeMethodAccessorImpl.invoke(NativeMethodAccessorImpl.java:62)
	at sun.reflect.DelegatingMethodAccessorImpl.invoke(DelegatingMethodAccessorImpl.java:43)
	at java.lang.reflect.Method.invoke(Method.java:498)
	at org.junit.runners.model.FrameworkMethod$1.runReflectiveCall(FrameworkMethod.java:50)
	at org.junit.internal.runners.model.ReflectiveCallable.run(ReflectiveCallable.java:12)
	at org.junit.runners.model.FrameworkMethod.invokeExplosively(FrameworkMethod.java:47)
	at org.junit.internal.runners.statements.InvokeMethod.evaluate(InvokeMethod.java:17)
	at org.junit.internal.runners.statements.FailOnTimeout$CallableStatement.call(FailOnTimeout.java:298)
	at org.junit.internal.runners.statements.FailOnTimeout$CallableStatement.call(FailOnTimeout.java:292)
	at java.util.concurrent.FutureTask.run(FutureTask.java:266)
	at java.lang.Thread.run(Thread.java:748)
40) test121(com.google.javascript.jscomp.TypeInference_ESTest)
org.evosuite.runtime.mock.java.lang.MockIllegalArgumentException: DIV : number does not exist in graph
	at com.google.javascript.jscomp.graph.Graph.getNodeOrFail(Graph.java:222)
	at com.google.javascript.jscomp.graph.LinkedDirectedGraph.getOutEdges(LinkedDirectedGraph.java:129)
	at com.google.javascript.jscomp.TypeInference.branchedFlowThrough(TypeInference.java:207)
	at com.google.javascript.jscomp.TypeInference_ESTest.test121(TypeInference_ESTest.java:2608)
	at sun.reflect.NativeMethodAccessorImpl.invoke0(Native Method)
	at sun.reflect.NativeMethodAccessorImpl.invoke(NativeMethodAccessorImpl.java:62)
	at sun.reflect.DelegatingMethodAccessorImpl.invoke(DelegatingMethodAccessorImpl.java:43)
	at java.lang.reflect.Method.invoke(Method.java:498)
	at org.junit.runners.model.FrameworkMethod$1.runReflectiveCall(FrameworkMethod.java:50)
	at org.junit.internal.runners.model.ReflectiveCallable.run(ReflectiveCallable.java:12)
	at org.junit.runners.model.FrameworkMethod.invokeExplosively(FrameworkMethod.java:47)
	at org.junit.internal.runners.statements.InvokeMethod.evaluate(InvokeMethod.java:17)
	at org.junit.internal.runners.statements.FailOnTimeout$CallableStatement.call(FailOnTimeout.java:298)
	at org.junit.internal.runners.statements.FailOnTimeout$CallableStatement.call(FailOnTimeout.java:292)
	at java.util.concurrent.FutureTask.run(FutureTask.java:266)
	at java.lang.Thread.run(Thread.java:748)
41) test113(com.google.javascript.jscomp.TypeInference_ESTest)
org.evosuite.runtime.mock.java.lang.MockIllegalStateException: 36
	at com.google.javascript.rhino.Token.name(Token.java:287)
	at com.google.javascript.rhino.Node.toString(Node.java:955)
	at com.google.javascript.rhino.Node.toString(Node.java:946)
	at com.google.javascript.rhino.Node.toString(Node.java:938)
	at java.lang.String.valueOf(String.java:2994)
	at java.lang.StringBuilder.append(StringBuilder.java:131)
	at com.google.javascript.jscomp.graph.Graph.getNodeOrFail(Graph.java:222)
	at com.google.javascript.jscomp.graph.LinkedDirectedGraph.getOutEdges(LinkedDirectedGraph.java:129)
	at com.google.javascript.jscomp.TypeInference.branchedFlowThrough(TypeInference.java:207)
	at com.google.javascript.jscomp.TypeInference_ESTest.test113(TypeInference_ESTest.java:2444)
	at sun.reflect.NativeMethodAccessorImpl.invoke0(Native Method)
	at sun.reflect.NativeMethodAccessorImpl.invoke(NativeMethodAccessorImpl.java:62)
	at sun.reflect.DelegatingMethodAccessorImpl.invoke(DelegatingMethodAccessorImpl.java:43)
	at java.lang.reflect.Method.invoke(Method.java:498)
	at org.junit.runners.model.FrameworkMethod$1.runReflectiveCall(FrameworkMethod.java:50)
	at org.junit.internal.runners.model.ReflectiveCallable.run(ReflectiveCallable.java:12)
	at org.junit.runners.model.FrameworkMethod.invokeExplosively(FrameworkMethod.java:47)
	at org.junit.internal.runners.statements.InvokeMethod.evaluate(InvokeMethod.java:17)
	at org.junit.internal.runners.statements.FailOnTimeout$CallableStatement.call(FailOnTimeout.java:298)
	at org.junit.internal.runners.statements.FailOnTimeout$CallableStatement.call(FailOnTimeout.java:292)
	at java.util.concurrent.FutureTask.run(FutureTask.java:266)
	at java.lang.Thread.run(Thread.java:748)
42) test079(com.google.javascript.jscomp.TypeInference_ESTest)
org.evosuite.runtime.mock.java.lang.MockIllegalArgumentException: TRY 50 does not exist in graph
	at com.google.javascript.jscomp.graph.Graph.getNodeOrFail(Graph.java:222)
	at com.google.javascript.jscomp.graph.LinkedDirectedGraph.getOutEdges(LinkedDirectedGraph.java:129)
	at com.google.javascript.jscomp.TypeInference.branchedFlowThrough(TypeInference.java:207)
	at com.google.javascript.jscomp.TypeInference_ESTest.test079(TypeInference_ESTest.java:1761)
	at sun.reflect.NativeMethodAccessorImpl.invoke0(Native Method)
	at sun.reflect.NativeMethodAccessorImpl.invoke(NativeMethodAccessorImpl.java:62)
	at sun.reflect.DelegatingMethodAccessorImpl.invoke(DelegatingMethodAccessorImpl.java:43)
	at java.lang.reflect.Method.invoke(Method.java:498)
	at org.junit.runners.model.FrameworkMethod$1.runReflectiveCall(FrameworkMethod.java:50)
	at org.junit.internal.runners.model.ReflectiveCallable.run(ReflectiveCallable.java:12)
	at org.junit.runners.model.FrameworkMethod.invokeExplosively(FrameworkMethod.java:47)
	at org.junit.internal.runners.statements.InvokeMethod.evaluate(InvokeMethod.java:17)
	at org.junit.internal.runners.statements.FailOnTimeout$CallableStatement.call(FailOnTimeout.java:298)
	at org.junit.internal.runners.statements.FailOnTimeout$CallableStatement.call(FailOnTimeout.java:292)
	at java.util.concurrent.FutureTask.run(FutureTask.java:266)
	at java.lang.Thread.run(Thread.java:748)
43) test112(com.google.javascript.jscomp.TypeInference_ESTest)
java.lang.NullPointerException
	at com.google.javascript.jscomp.TypeInference.getJSType(TypeInference.java:1646)
	at com.google.javascript.jscomp.TypeInference.traverseCall(TypeInference.java:892)
	at com.google.javascript.jscomp.TypeInference.traverse(TypeInference.java:342)
	at com.google.javascript.jscomp.TypeInference.flowThrough(TypeInference.java:190)
	at com.google.javascript.jscomp.TypeInference_ESTest.test112(TypeInference_ESTest.java:2422)
	at sun.reflect.NativeMethodAccessorImpl.invoke0(Native Method)
	at sun.reflect.NativeMethodAccessorImpl.invoke(NativeMethodAccessorImpl.java:62)
	at sun.reflect.DelegatingMethodAccessorImpl.invoke(DelegatingMethodAccessorImpl.java:43)
	at java.lang.reflect.Method.invoke(Method.java:498)
	at org.junit.runners.model.FrameworkMethod$1.runReflectiveCall(FrameworkMethod.java:50)
	at org.junit.internal.runners.model.ReflectiveCallable.run(ReflectiveCallable.java:12)
	at org.junit.runners.model.FrameworkMethod.invokeExplosively(FrameworkMethod.java:47)
	at org.junit.internal.runners.statements.InvokeMethod.evaluate(InvokeMethod.java:17)
	at org.junit.internal.runners.statements.FailOnTimeout$CallableStatement.call(FailOnTimeout.java:298)
	at org.junit.internal.runners.statements.FailOnTimeout$CallableStatement.call(FailOnTimeout.java:292)
	at java.util.concurrent.FutureTask.run(FutureTask.java:266)
	at java.lang.Thread.run(Thread.java:748)
44) test115(com.google.javascript.jscomp.TypeInference_ESTest)
org.evosuite.runtime.mock.java.lang.MockIllegalArgumentException: TYPEOF : string does not exist in graph
	at com.google.javascript.jscomp.graph.Graph.getNodeOrFail(Graph.java:222)
	at com.google.javascript.jscomp.graph.LinkedDirectedGraph.getOutEdges(LinkedDirectedGraph.java:129)
	at com.google.javascript.jscomp.TypeInference.branchedFlowThrough(TypeInference.java:207)
	at com.google.javascript.jscomp.TypeInference_ESTest.test115(TypeInference_ESTest.java:2492)
	at sun.reflect.NativeMethodAccessorImpl.invoke0(Native Method)
	at sun.reflect.NativeMethodAccessorImpl.invoke(NativeMethodAccessorImpl.java:62)
	at sun.reflect.DelegatingMethodAccessorImpl.invoke(DelegatingMethodAccessorImpl.java:43)
	at java.lang.reflect.Method.invoke(Method.java:498)
	at org.junit.runners.model.FrameworkMethod$1.runReflectiveCall(FrameworkMethod.java:50)
	at org.junit.internal.runners.model.ReflectiveCallable.run(ReflectiveCallable.java:12)
	at org.junit.runners.model.FrameworkMethod.invokeExplosively(FrameworkMethod.java:47)
	at org.junit.internal.runners.statements.InvokeMethod.evaluate(InvokeMethod.java:17)
	at org.junit.internal.runners.statements.FailOnTimeout$CallableStatement.call(FailOnTimeout.java:298)
	at org.junit.internal.runners.statements.FailOnTimeout$CallableStatement.call(FailOnTimeout.java:292)
	at java.util.concurrent.FutureTask.run(FutureTask.java:266)
	at java.lang.Thread.run(Thread.java:748)
45) test114(com.google.javascript.jscomp.TypeInference_ESTest)
org.evosuite.runtime.mock.java.lang.MockIllegalStateException: 34
	at com.google.javascript.rhino.Token.name(Token.java:287)
	at com.google.javascript.rhino.Node.toString(Node.java:955)
	at com.google.javascript.rhino.Node.toString(Node.java:946)
	at com.google.javascript.rhino.Node.toString(Node.java:938)
	at java.lang.String.valueOf(String.java:2994)
	at java.lang.StringBuilder.append(StringBuilder.java:131)
	at com.google.javascript.jscomp.graph.Graph.getNodeOrFail(Graph.java:222)
	at com.google.javascript.jscomp.graph.LinkedDirectedGraph.getOutEdges(LinkedDirectedGraph.java:129)
	at com.google.javascript.jscomp.TypeInference.branchedFlowThrough(TypeInference.java:207)
	at com.google.javascript.jscomp.TypeInference_ESTest.test114(TypeInference_ESTest.java:2470)
	at sun.reflect.NativeMethodAccessorImpl.invoke0(Native Method)
	at sun.reflect.NativeMethodAccessorImpl.invoke(NativeMethodAccessorImpl.java:62)
	at sun.reflect.DelegatingMethodAccessorImpl.invoke(DelegatingMethodAccessorImpl.java:43)
	at java.lang.reflect.Method.invoke(Method.java:498)
	at org.junit.runners.model.FrameworkMethod$1.runReflectiveCall(FrameworkMethod.java:50)
	at org.junit.internal.runners.model.ReflectiveCallable.run(ReflectiveCallable.java:12)
	at org.junit.runners.model.FrameworkMethod.invokeExplosively(FrameworkMethod.java:47)
	at org.junit.internal.runners.statements.InvokeMethod.evaluate(InvokeMethod.java:17)
	at org.junit.internal.runners.statements.FailOnTimeout$CallableStatement.call(FailOnTimeout.java:298)
	at org.junit.internal.runners.statements.FailOnTimeout$CallableStatement.call(FailOnTimeout.java:292)
	at java.util.concurrent.FutureTask.run(FutureTask.java:266)
	at java.lang.Thread.run(Thread.java:748)
46) test116(com.google.javascript.jscomp.TypeInference_ESTest)
org.evosuite.runtime.mock.java.lang.MockIllegalArgumentException: DELPROP : boolean does not exist in graph
	at com.google.javascript.jscomp.graph.Graph.getNodeOrFail(Graph.java:222)
	at com.google.javascript.jscomp.graph.LinkedDirectedGraph.getOutEdges(LinkedDirectedGraph.java:129)
	at com.google.javascript.jscomp.TypeInference.branchedFlowThrough(TypeInference.java:207)
	at com.google.javascript.jscomp.TypeInference_ESTest.test116(TypeInference_ESTest.java:2514)
	at sun.reflect.NativeMethodAccessorImpl.invoke0(Native Method)
	at sun.reflect.NativeMethodAccessorImpl.invoke(NativeMethodAccessorImpl.java:62)
	at sun.reflect.DelegatingMethodAccessorImpl.invoke(DelegatingMethodAccessorImpl.java:43)
	at java.lang.reflect.Method.invoke(Method.java:498)
	at org.junit.runners.model.FrameworkMethod$1.runReflectiveCall(FrameworkMethod.java:50)
	at org.junit.internal.runners.model.ReflectiveCallable.run(ReflectiveCallable.java:12)
	at org.junit.runners.model.FrameworkMethod.invokeExplosively(FrameworkMethod.java:47)
	at org.junit.internal.runners.statements.InvokeMethod.evaluate(InvokeMethod.java:17)
	at org.junit.internal.runners.statements.FailOnTimeout$CallableStatement.call(FailOnTimeout.java:298)
	at org.junit.internal.runners.statements.FailOnTimeout$CallableStatement.call(FailOnTimeout.java:292)
	at java.util.concurrent.FutureTask.run(FutureTask.java:266)
	at java.lang.Thread.run(Thread.java:748)
47) test119(com.google.javascript.jscomp.TypeInference_ESTest)
org.evosuite.runtime.mock.java.lang.MockIllegalArgumentException: NOT : boolean does not exist in graph
	at com.google.javascript.jscomp.graph.Graph.getNodeOrFail(Graph.java:222)
	at com.google.javascript.jscomp.graph.LinkedDirectedGraph.getOutEdges(LinkedDirectedGraph.java:129)
	at com.google.javascript.jscomp.TypeInference.branchedFlowThrough(TypeInference.java:207)
	at com.google.javascript.jscomp.TypeInference_ESTest.test119(TypeInference_ESTest.java:2562)
	at sun.reflect.NativeMethodAccessorImpl.invoke0(Native Method)
	at sun.reflect.NativeMethodAccessorImpl.invoke(NativeMethodAccessorImpl.java:62)
	at sun.reflect.DelegatingMethodAccessorImpl.invoke(DelegatingMethodAccessorImpl.java:43)
	at java.lang.reflect.Method.invoke(Method.java:498)
	at org.junit.runners.model.FrameworkMethod$1.runReflectiveCall(FrameworkMethod.java:50)
	at org.junit.internal.runners.model.ReflectiveCallable.run(ReflectiveCallable.java:12)
	at org.junit.runners.model.FrameworkMethod.invokeExplosively(FrameworkMethod.java:47)
	at org.junit.internal.runners.statements.InvokeMethod.evaluate(InvokeMethod.java:17)
	at org.junit.internal.runners.statements.FailOnTimeout$CallableStatement.call(FailOnTimeout.java:298)
	at org.junit.internal.runners.statements.FailOnTimeout$CallableStatement.call(FailOnTimeout.java:292)
	at java.util.concurrent.FutureTask.run(FutureTask.java:266)
	at java.lang.Thread.run(Thread.java:748)
48) test090(com.google.javascript.jscomp.TypeInference_ESTest)
org.evosuite.runtime.mock.java.lang.MockNullPointerException
	at com.google.common.base.Preconditions.checkNotNull(Preconditions.java:192)
	at com.google.javascript.jscomp.TypeInference.traverseObjectLiteral(TypeInference.java:764)
	at com.google.javascript.jscomp.TypeInference.traverse(TypeInference.java:338)
	at com.google.javascript.jscomp.TypeInference.flowThrough(TypeInference.java:190)
	at com.google.javascript.jscomp.TypeInference.branchedFlowThrough(TypeInference.java:202)
	at com.google.javascript.jscomp.TypeInference_ESTest.test090(TypeInference_ESTest.java:1992)
	at sun.reflect.NativeMethodAccessorImpl.invoke0(Native Method)
	at sun.reflect.NativeMethodAccessorImpl.invoke(NativeMethodAccessorImpl.java:62)
	at sun.reflect.DelegatingMethodAccessorImpl.invoke(DelegatingMethodAccessorImpl.java:43)
	at java.lang.reflect.Method.invoke(Method.java:498)
	at org.junit.runners.model.FrameworkMethod$1.runReflectiveCall(FrameworkMethod.java:50)
	at org.junit.internal.runners.model.ReflectiveCallable.run(ReflectiveCallable.java:12)
	at org.junit.runners.model.FrameworkMethod.invokeExplosively(FrameworkMethod.java:47)
	at org.junit.internal.runners.statements.InvokeMethod.evaluate(InvokeMethod.java:17)
	at org.junit.internal.runners.statements.FailOnTimeout$CallableStatement.call(FailOnTimeout.java:298)
	at org.junit.internal.runners.statements.FailOnTimeout$CallableStatement.call(FailOnTimeout.java:292)
	at java.util.concurrent.FutureTask.run(FutureTask.java:266)
	at java.lang.Thread.run(Thread.java:748)
49) test092(com.google.javascript.jscomp.TypeInference_ESTest)
org.evosuite.runtime.mock.java.lang.MockIllegalStateException: 59
	at com.google.javascript.rhino.Token.name(Token.java:287)
	at com.google.javascript.rhino.Node.toString(Node.java:955)
	at com.google.javascript.rhino.Node.toString(Node.java:946)
	at com.google.javascript.rhino.Node.toString(Node.java:938)
	at java.lang.String.valueOf(String.java:2994)
	at java.lang.StringBuilder.append(StringBuilder.java:131)
	at com.google.javascript.jscomp.graph.Graph.getNodeOrFail(Graph.java:222)
	at com.google.javascript.jscomp.graph.LinkedDirectedGraph.getOutEdges(LinkedDirectedGraph.java:129)
	at com.google.javascript.jscomp.TypeInference.branchedFlowThrough(TypeInference.java:207)
	at com.google.javascript.jscomp.TypeInference_ESTest.test092(TypeInference_ESTest.java:2036)
	at sun.reflect.NativeMethodAccessorImpl.invoke0(Native Method)
	at sun.reflect.NativeMethodAccessorImpl.invoke(NativeMethodAccessorImpl.java:62)
	at sun.reflect.DelegatingMethodAccessorImpl.invoke(DelegatingMethodAccessorImpl.java:43)
	at java.lang.reflect.Method.invoke(Method.java:498)
	at org.junit.runners.model.FrameworkMethod$1.runReflectiveCall(FrameworkMethod.java:50)
	at org.junit.internal.runners.model.ReflectiveCallable.run(ReflectiveCallable.java:12)
	at org.junit.runners.model.FrameworkMethod.invokeExplosively(FrameworkMethod.java:47)
	at org.junit.internal.runners.statements.InvokeMethod.evaluate(InvokeMethod.java:17)
	at org.junit.internal.runners.statements.FailOnTimeout$CallableStatement.call(FailOnTimeout.java:298)
	at org.junit.internal.runners.statements.FailOnTimeout$CallableStatement.call(FailOnTimeout.java:292)
	at java.util.concurrent.FutureTask.run(FutureTask.java:266)
	at java.lang.Thread.run(Thread.java:748)
50) test091(com.google.javascript.jscomp.TypeInference_ESTest)
org.evosuite.runtime.mock.java.lang.MockIllegalStateException: 61
	at com.google.javascript.rhino.Token.name(Token.java:287)
	at com.google.javascript.rhino.Node.toString(Node.java:955)
	at com.google.javascript.rhino.Node.toString(Node.java:946)
	at com.google.javascript.rhino.Node.toString(Node.java:938)
	at java.lang.String.valueOf(String.java:2994)
	at java.lang.StringBuilder.append(StringBuilder.java:131)
	at com.google.javascript.jscomp.graph.Graph.getNodeOrFail(Graph.java:222)
	at com.google.javascript.jscomp.graph.LinkedDirectedGraph.getOutEdges(LinkedDirectedGraph.java:129)
	at com.google.javascript.jscomp.TypeInference.branchedFlowThrough(TypeInference.java:207)
	at com.google.javascript.jscomp.TypeInference_ESTest.test091(TypeInference_ESTest.java:2014)
	at sun.reflect.NativeMethodAccessorImpl.invoke0(Native Method)
	at sun.reflect.NativeMethodAccessorImpl.invoke(NativeMethodAccessorImpl.java:62)
	at sun.reflect.DelegatingMethodAccessorImpl.invoke(DelegatingMethodAccessorImpl.java:43)
	at java.lang.reflect.Method.invoke(Method.java:498)
	at org.junit.runners.model.FrameworkMethod$1.runReflectiveCall(FrameworkMethod.java:50)
	at org.junit.internal.runners.model.ReflectiveCallable.run(ReflectiveCallable.java:12)
	at org.junit.runners.model.FrameworkMethod.invokeExplosively(FrameworkMethod.java:47)
	at org.junit.internal.runners.statements.InvokeMethod.evaluate(InvokeMethod.java:17)
	at org.junit.internal.runners.statements.FailOnTimeout$CallableStatement.call(FailOnTimeout.java:298)
	at org.junit.internal.runners.statements.FailOnTimeout$CallableStatement.call(FailOnTimeout.java:292)
	at java.util.concurrent.FutureTask.run(FutureTask.java:266)
	at java.lang.Thread.run(Thread.java:748)
51) test094(com.google.javascript.jscomp.TypeInference_ESTest)
org.evosuite.runtime.mock.java.lang.MockIllegalStateException: 57
	at com.google.javascript.rhino.Token.name(Token.java:287)
	at com.google.javascript.rhino.Node.toString(Node.java:955)
	at com.google.javascript.rhino.Node.toString(Node.java:946)
	at com.google.javascript.rhino.Node.toString(Node.java:938)
	at java.lang.String.valueOf(String.java:2994)
	at java.lang.StringBuilder.append(StringBuilder.java:131)
	at com.google.javascript.jscomp.graph.Graph.getNodeOrFail(Graph.java:222)
	at com.google.javascript.jscomp.graph.LinkedDirectedGraph.getOutEdges(LinkedDirectedGraph.java:129)
	at com.google.javascript.jscomp.TypeInference.branchedFlowThrough(TypeInference.java:207)
	at com.google.javascript.jscomp.TypeInference_ESTest.test094(TypeInference_ESTest.java:2080)
	at sun.reflect.NativeMethodAccessorImpl.invoke0(Native Method)
	at sun.reflect.NativeMethodAccessorImpl.invoke(NativeMethodAccessorImpl.java:62)
	at sun.reflect.DelegatingMethodAccessorImpl.invoke(DelegatingMethodAccessorImpl.java:43)
	at java.lang.reflect.Method.invoke(Method.java:498)
	at org.junit.runners.model.FrameworkMethod$1.runReflectiveCall(FrameworkMethod.java:50)
	at org.junit.internal.runners.model.ReflectiveCallable.run(ReflectiveCallable.java:12)
	at org.junit.runners.model.FrameworkMethod.invokeExplosively(FrameworkMethod.java:47)
	at org.junit.internal.runners.statements.InvokeMethod.evaluate(InvokeMethod.java:17)
	at org.junit.internal.runners.statements.FailOnTimeout$CallableStatement.call(FailOnTimeout.java:298)
	at org.junit.internal.runners.statements.FailOnTimeout$CallableStatement.call(FailOnTimeout.java:292)
	at java.util.concurrent.FutureTask.run(FutureTask.java:266)
	at java.lang.Thread.run(Thread.java:748)
52) test093(com.google.javascript.jscomp.TypeInference_ESTest)
org.evosuite.runtime.mock.java.lang.MockIllegalStateException: 58
	at com.google.javascript.rhino.Token.name(Token.java:287)
	at com.google.javascript.rhino.Node.toString(Node.java:955)
	at com.google.javascript.rhino.Node.toString(Node.java:946)
	at com.google.javascript.rhino.Node.toString(Node.java:938)
	at java.lang.String.valueOf(String.java:2994)
	at java.lang.StringBuilder.append(StringBuilder.java:131)
	at com.google.javascript.jscomp.graph.Graph.getNodeOrFail(Graph.java:222)
	at com.google.javascript.jscomp.graph.LinkedDirectedGraph.getOutEdges(LinkedDirectedGraph.java:129)
	at com.google.javascript.jscomp.TypeInference.branchedFlowThrough(TypeInference.java:207)
	at com.google.javascript.jscomp.TypeInference_ESTest.test093(TypeInference_ESTest.java:2058)
	at sun.reflect.NativeMethodAccessorImpl.invoke0(Native Method)
	at sun.reflect.NativeMethodAccessorImpl.invoke(NativeMethodAccessorImpl.java:62)
	at sun.reflect.DelegatingMethodAccessorImpl.invoke(DelegatingMethodAccessorImpl.java:43)
	at java.lang.reflect.Method.invoke(Method.java:498)
	at org.junit.runners.model.FrameworkMethod$1.runReflectiveCall(FrameworkMethod.java:50)
	at org.junit.internal.runners.model.ReflectiveCallable.run(ReflectiveCallable.java:12)
	at org.junit.runners.model.FrameworkMethod.invokeExplosively(FrameworkMethod.java:47)
	at org.junit.internal.runners.statements.InvokeMethod.evaluate(InvokeMethod.java:17)
	at org.junit.internal.runners.statements.FailOnTimeout$CallableStatement.call(FailOnTimeout.java:298)
	at org.junit.internal.runners.statements.FailOnTimeout$CallableStatement.call(FailOnTimeout.java:292)
	at java.util.concurrent.FutureTask.run(FutureTask.java:266)
	at java.lang.Thread.run(Thread.java:748)
53) test096(com.google.javascript.jscomp.TypeInference_ESTest)
org.evosuite.runtime.mock.java.lang.MockIllegalStateException: 55
	at com.google.javascript.rhino.Token.name(Token.java:287)
	at com.google.javascript.rhino.Node.toString(Node.java:955)
	at com.google.javascript.rhino.Node.toString(Node.java:946)
	at com.google.javascript.rhino.Node.toString(Node.java:938)
	at java.lang.String.valueOf(String.java:2994)
	at java.lang.StringBuilder.append(StringBuilder.java:131)
	at com.google.javascript.jscomp.graph.Graph.getNodeOrFail(Graph.java:222)
	at com.google.javascript.jscomp.graph.LinkedDirectedGraph.getOutEdges(LinkedDirectedGraph.java:129)
	at com.google.javascript.jscomp.TypeInference.branchedFlowThrough(TypeInference.java:207)
	at com.google.javascript.jscomp.TypeInference_ESTest.test096(TypeInference_ESTest.java:2124)
	at sun.reflect.NativeMethodAccessorImpl.invoke0(Native Method)
	at sun.reflect.NativeMethodAccessorImpl.invoke(NativeMethodAccessorImpl.java:62)
	at sun.reflect.DelegatingMethodAccessorImpl.invoke(DelegatingMethodAccessorImpl.java:43)
	at java.lang.reflect.Method.invoke(Method.java:498)
	at org.junit.runners.model.FrameworkMethod$1.runReflectiveCall(FrameworkMethod.java:50)
	at org.junit.internal.runners.model.ReflectiveCallable.run(ReflectiveCallable.java:12)
	at org.junit.runners.model.FrameworkMethod.invokeExplosively(FrameworkMethod.java:47)
	at org.junit.internal.runners.statements.InvokeMethod.evaluate(InvokeMethod.java:17)
	at org.junit.internal.runners.statements.FailOnTimeout$CallableStatement.call(FailOnTimeout.java:298)
	at org.junit.internal.runners.statements.FailOnTimeout$CallableStatement.call(FailOnTimeout.java:292)
	at java.util.concurrent.FutureTask.run(FutureTask.java:266)
	at java.lang.Thread.run(Thread.java:748)
54) test095(com.google.javascript.jscomp.TypeInference_ESTest)
org.evosuite.runtime.mock.java.lang.MockIllegalStateException: 56
	at com.google.javascript.rhino.Token.name(Token.java:287)
	at com.google.javascript.rhino.Node.toString(Node.java:955)
	at com.google.javascript.rhino.Node.toString(Node.java:946)
	at com.google.javascript.rhino.Node.toString(Node.java:938)
	at java.lang.String.valueOf(String.java:2994)
	at java.lang.StringBuilder.append(StringBuilder.java:131)
	at com.google.javascript.jscomp.graph.Graph.getNodeOrFail(Graph.java:222)
	at com.google.javascript.jscomp.graph.LinkedDirectedGraph.getOutEdges(LinkedDirectedGraph.java:129)
	at com.google.javascript.jscomp.TypeInference.branchedFlowThrough(TypeInference.java:207)
	at com.google.javascript.jscomp.TypeInference_ESTest.test095(TypeInference_ESTest.java:2102)
	at sun.reflect.NativeMethodAccessorImpl.invoke0(Native Method)
	at sun.reflect.NativeMethodAccessorImpl.invoke(NativeMethodAccessorImpl.java:62)
	at sun.reflect.DelegatingMethodAccessorImpl.invoke(DelegatingMethodAccessorImpl.java:43)
	at java.lang.reflect.Method.invoke(Method.java:498)
	at org.junit.runners.model.FrameworkMethod$1.runReflectiveCall(FrameworkMethod.java:50)
	at org.junit.internal.runners.model.ReflectiveCallable.run(ReflectiveCallable.java:12)
	at org.junit.runners.model.FrameworkMethod.invokeExplosively(FrameworkMethod.java:47)
	at org.junit.internal.runners.statements.InvokeMethod.evaluate(InvokeMethod.java:17)
	at org.junit.internal.runners.statements.FailOnTimeout$CallableStatement.call(FailOnTimeout.java:298)
	at org.junit.internal.runners.statements.FailOnTimeout$CallableStatement.call(FailOnTimeout.java:292)
	at java.util.concurrent.FutureTask.run(FutureTask.java:266)
	at java.lang.Thread.run(Thread.java:748)
55) test131(com.google.javascript.jscomp.TypeInference_ESTest)
org.evosuite.runtime.mock.java.lang.MockIllegalArgumentException: BITAND 32 : number does not exist in graph
	at com.google.javascript.jscomp.graph.Graph.getNodeOrFail(Graph.java:222)
	at com.google.javascript.jscomp.graph.LinkedDirectedGraph.getOutEdges(LinkedDirectedGraph.java:129)
	at com.google.javascript.jscomp.TypeInference.branchedFlowThrough(TypeInference.java:207)
	at com.google.javascript.jscomp.TypeInference_ESTest.test131(TypeInference_ESTest.java:2829)
	at sun.reflect.NativeMethodAccessorImpl.invoke0(Native Method)
	at sun.reflect.NativeMethodAccessorImpl.invoke(NativeMethodAccessorImpl.java:62)
	at sun.reflect.DelegatingMethodAccessorImpl.invoke(DelegatingMethodAccessorImpl.java:43)
	at java.lang.reflect.Method.invoke(Method.java:498)
	at org.junit.runners.model.FrameworkMethod$1.runReflectiveCall(FrameworkMethod.java:50)
	at org.junit.internal.runners.model.ReflectiveCallable.run(ReflectiveCallable.java:12)
	at org.junit.runners.model.FrameworkMethod.invokeExplosively(FrameworkMethod.java:47)
	at org.junit.internal.runners.statements.InvokeMethod.evaluate(InvokeMethod.java:17)
	at org.junit.internal.runners.statements.FailOnTimeout$CallableStatement.call(FailOnTimeout.java:298)
	at org.junit.internal.runners.statements.FailOnTimeout$CallableStatement.call(FailOnTimeout.java:292)
	at java.util.concurrent.FutureTask.run(FutureTask.java:266)
	at java.lang.Thread.run(Thread.java:748)
56) test130(com.google.javascript.jscomp.TypeInference_ESTest)
org.evosuite.runtime.mock.java.lang.MockIllegalArgumentException: EQ : boolean does not exist in graph
	at com.google.javascript.jscomp.graph.Graph.getNodeOrFail(Graph.java:222)
	at com.google.javascript.jscomp.graph.LinkedDirectedGraph.getOutEdges(LinkedDirectedGraph.java:129)
	at com.google.javascript.jscomp.TypeInference.branchedFlowThrough(TypeInference.java:207)
	at com.google.javascript.jscomp.TypeInference_ESTest.test130(TypeInference_ESTest.java:2805)
	at sun.reflect.NativeMethodAccessorImpl.invoke0(Native Method)
	at sun.reflect.NativeMethodAccessorImpl.invoke(NativeMethodAccessorImpl.java:62)
	at sun.reflect.DelegatingMethodAccessorImpl.invoke(DelegatingMethodAccessorImpl.java:43)
	at java.lang.reflect.Method.invoke(Method.java:498)
	at org.junit.runners.model.FrameworkMethod$1.runReflectiveCall(FrameworkMethod.java:50)
	at org.junit.internal.runners.model.ReflectiveCallable.run(ReflectiveCallable.java:12)
	at org.junit.runners.model.FrameworkMethod.invokeExplosively(FrameworkMethod.java:47)
	at org.junit.internal.runners.statements.InvokeMethod.evaluate(InvokeMethod.java:17)
	at org.junit.internal.runners.statements.FailOnTimeout$CallableStatement.call(FailOnTimeout.java:298)
	at org.junit.internal.runners.statements.FailOnTimeout$CallableStatement.call(FailOnTimeout.java:292)
	at java.util.concurrent.FutureTask.run(FutureTask.java:266)
	at java.lang.Thread.run(Thread.java:748)
57) test012(com.google.javascript.jscomp.TypeInference_ESTest)
org.evosuite.runtime.mock.java.lang.MockIllegalStateException
	at com.google.common.base.Preconditions.checkState(Preconditions.java:134)
	at com.google.javascript.jscomp.TypeInference.redeclareSimpleVar(TypeInference.java:1624)
	at com.google.javascript.jscomp.TypeInference.traverseCatch(TypeInference.java:501)
	at com.google.javascript.jscomp.TypeInference.traverse(TypeInference.java:451)
	at com.google.javascript.jscomp.TypeInference.flowThrough(TypeInference.java:190)
	at com.google.javascript.jscomp.TypeInference.branchedFlowThrough(TypeInference.java:202)
	at com.google.javascript.jscomp.TypeInference_ESTest.test012(TypeInference_ESTest.java:301)
	at sun.reflect.NativeMethodAccessorImpl.invoke0(Native Method)
	at sun.reflect.NativeMethodAccessorImpl.invoke(NativeMethodAccessorImpl.java:62)
	at sun.reflect.DelegatingMethodAccessorImpl.invoke(DelegatingMethodAccessorImpl.java:43)
	at java.lang.reflect.Method.invoke(Method.java:498)
	at org.junit.runners.model.FrameworkMethod$1.runReflectiveCall(FrameworkMethod.java:50)
	at org.junit.internal.runners.model.ReflectiveCallable.run(ReflectiveCallable.java:12)
	at org.junit.runners.model.FrameworkMethod.invokeExplosively(FrameworkMethod.java:47)
	at org.junit.internal.runners.statements.InvokeMethod.evaluate(InvokeMethod.java:17)
	at org.junit.internal.runners.statements.FailOnTimeout$CallableStatement.call(FailOnTimeout.java:298)
	at org.junit.internal.runners.statements.FailOnTimeout$CallableStatement.call(FailOnTimeout.java:292)
	at java.util.concurrent.FutureTask.run(FutureTask.java:266)
	at java.lang.Thread.run(Thread.java:748)
58) test133(com.google.javascript.jscomp.TypeInference_ESTest)
org.evosuite.runtime.mock.java.lang.MockIllegalStateException: 8
	at com.google.javascript.rhino.Token.name(Token.java:287)
	at com.google.javascript.rhino.Node.toString(Node.java:955)
	at com.google.javascript.rhino.Node.toString(Node.java:946)
	at com.google.javascript.rhino.Node.toString(Node.java:938)
	at java.lang.String.valueOf(String.java:2994)
	at java.lang.StringBuilder.append(StringBuilder.java:131)
	at com.google.javascript.jscomp.graph.Graph.getNodeOrFail(Graph.java:222)
	at com.google.javascript.jscomp.graph.LinkedDirectedGraph.getOutEdges(LinkedDirectedGraph.java:129)
	at com.google.javascript.jscomp.TypeInference.branchedFlowThrough(TypeInference.java:207)
	at com.google.javascript.jscomp.TypeInference_ESTest.test133(TypeInference_ESTest.java:2873)
	at sun.reflect.NativeMethodAccessorImpl.invoke0(Native Method)
	at sun.reflect.NativeMethodAccessorImpl.invoke(NativeMethodAccessorImpl.java:62)
	at sun.reflect.DelegatingMethodAccessorImpl.invoke(DelegatingMethodAccessorImpl.java:43)
	at java.lang.reflect.Method.invoke(Method.java:498)
	at org.junit.runners.model.FrameworkMethod$1.runReflectiveCall(FrameworkMethod.java:50)
	at org.junit.internal.runners.model.ReflectiveCallable.run(ReflectiveCallable.java:12)
	at org.junit.runners.model.FrameworkMethod.invokeExplosively(FrameworkMethod.java:47)
	at org.junit.internal.runners.statements.InvokeMethod.evaluate(InvokeMethod.java:17)
	at org.junit.internal.runners.statements.FailOnTimeout$CallableStatement.call(FailOnTimeout.java:298)
	at org.junit.internal.runners.statements.FailOnTimeout$CallableStatement.call(FailOnTimeout.java:292)
	at java.util.concurrent.FutureTask.run(FutureTask.java:266)
	at java.lang.Thread.run(Thread.java:748)
59) test011(com.google.javascript.jscomp.TypeInference_ESTest)
org.evosuite.runtime.mock.java.lang.MockIllegalArgumentException: CALL does not exist in graph
	at com.google.javascript.jscomp.graph.Graph.getNodeOrFail(Graph.java:222)
	at com.google.javascript.jscomp.graph.LinkedDirectedGraph.getOutEdges(LinkedDirectedGraph.java:129)
	at com.google.javascript.jscomp.TypeInference.branchedFlowThrough(TypeInference.java:207)
	at com.google.javascript.jscomp.TypeInference_ESTest.test011(TypeInference_ESTest.java:279)
	at sun.reflect.NativeMethodAccessorImpl.invoke0(Native Method)
	at sun.reflect.NativeMethodAccessorImpl.invoke(NativeMethodAccessorImpl.java:62)
	at sun.reflect.DelegatingMethodAccessorImpl.invoke(DelegatingMethodAccessorImpl.java:43)
	at java.lang.reflect.Method.invoke(Method.java:498)
	at org.junit.runners.model.FrameworkMethod$1.runReflectiveCall(FrameworkMethod.java:50)
	at org.junit.internal.runners.model.ReflectiveCallable.run(ReflectiveCallable.java:12)
	at org.junit.runners.model.FrameworkMethod.invokeExplosively(FrameworkMethod.java:47)
	at org.junit.internal.runners.statements.InvokeMethod.evaluate(InvokeMethod.java:17)
	at org.junit.internal.runners.statements.FailOnTimeout$CallableStatement.call(FailOnTimeout.java:298)
	at org.junit.internal.runners.statements.FailOnTimeout$CallableStatement.call(FailOnTimeout.java:292)
	at java.util.concurrent.FutureTask.run(FutureTask.java:266)
	at java.lang.Thread.run(Thread.java:748)
60) test099(com.google.javascript.jscomp.TypeInference_ESTest)
org.evosuite.runtime.mock.java.lang.MockIllegalArgumentException: INSTANCEOF 15 : boolean does not exist in graph
	at com.google.javascript.jscomp.graph.Graph.getNodeOrFail(Graph.java:222)
	at com.google.javascript.jscomp.graph.LinkedDirectedGraph.getOutEdges(LinkedDirectedGraph.java:129)
	at com.google.javascript.jscomp.TypeInference.branchedFlowThrough(TypeInference.java:207)
	at com.google.javascript.jscomp.TypeInference_ESTest.test099(TypeInference_ESTest.java:2177)
	at sun.reflect.NativeMethodAccessorImpl.invoke0(Native Method)
	at sun.reflect.NativeMethodAccessorImpl.invoke(NativeMethodAccessorImpl.java:62)
	at sun.reflect.DelegatingMethodAccessorImpl.invoke(DelegatingMethodAccessorImpl.java:43)
	at java.lang.reflect.Method.invoke(Method.java:498)
	at org.junit.runners.model.FrameworkMethod$1.runReflectiveCall(FrameworkMethod.java:50)
	at org.junit.internal.runners.model.ReflectiveCallable.run(ReflectiveCallable.java:12)
	at org.junit.runners.model.FrameworkMethod.invokeExplosively(FrameworkMethod.java:47)
	at org.junit.internal.runners.statements.InvokeMethod.evaluate(InvokeMethod.java:17)
	at org.junit.internal.runners.statements.FailOnTimeout$CallableStatement.call(FailOnTimeout.java:298)
	at org.junit.internal.runners.statements.FailOnTimeout$CallableStatement.call(FailOnTimeout.java:292)
	at java.util.concurrent.FutureTask.run(FutureTask.java:266)
	at java.lang.Thread.run(Thread.java:748)
61) test132(com.google.javascript.jscomp.TypeInference_ESTest)
org.evosuite.runtime.mock.java.lang.MockIllegalArgumentException: BITXOR : number does not exist in graph
	at com.google.javascript.jscomp.graph.Graph.getNodeOrFail(Graph.java:222)
	at com.google.javascript.jscomp.graph.LinkedDirectedGraph.getOutEdges(LinkedDirectedGraph.java:129)
	at com.google.javascript.jscomp.TypeInference.branchedFlowThrough(TypeInference.java:207)
	at com.google.javascript.jscomp.TypeInference_ESTest.test132(TypeInference_ESTest.java:2851)
	at sun.reflect.NativeMethodAccessorImpl.invoke0(Native Method)
	at sun.reflect.NativeMethodAccessorImpl.invoke(NativeMethodAccessorImpl.java:62)
	at sun.reflect.DelegatingMethodAccessorImpl.invoke(DelegatingMethodAccessorImpl.java:43)
	at java.lang.reflect.Method.invoke(Method.java:498)
	at org.junit.runners.model.FrameworkMethod$1.runReflectiveCall(FrameworkMethod.java:50)
	at org.junit.internal.runners.model.ReflectiveCallable.run(ReflectiveCallable.java:12)
	at org.junit.runners.model.FrameworkMethod.invokeExplosively(FrameworkMethod.java:47)
	at org.junit.internal.runners.statements.InvokeMethod.evaluate(InvokeMethod.java:17)
	at org.junit.internal.runners.statements.FailOnTimeout$CallableStatement.call(FailOnTimeout.java:298)
	at org.junit.internal.runners.statements.FailOnTimeout$CallableStatement.call(FailOnTimeout.java:292)
	at java.util.concurrent.FutureTask.run(FutureTask.java:266)
	at java.lang.Thread.run(Thread.java:748)
62) test003(com.google.javascript.jscomp.TypeInference_ESTest)
java.lang.NullPointerException
	at com.google.javascript.jscomp.TypeInference.inferArguments(TypeInference.java:128)
	at com.google.javascript.jscomp.TypeInference.<init>(TypeInference.java:100)
	at com.google.javascript.jscomp.TypeInference_ESTest.test003(TypeInference_ESTest.java:127)
	at sun.reflect.NativeMethodAccessorImpl.invoke0(Native Method)
	at sun.reflect.NativeMethodAccessorImpl.invoke(NativeMethodAccessorImpl.java:62)
	at sun.reflect.DelegatingMethodAccessorImpl.invoke(DelegatingMethodAccessorImpl.java:43)
	at java.lang.reflect.Method.invoke(Method.java:498)
	at org.junit.runners.model.FrameworkMethod$1.runReflectiveCall(FrameworkMethod.java:50)
	at org.junit.internal.runners.model.ReflectiveCallable.run(ReflectiveCallable.java:12)
	at org.junit.runners.model.FrameworkMethod.invokeExplosively(FrameworkMethod.java:47)
	at org.junit.internal.runners.statements.InvokeMethod.evaluate(InvokeMethod.java:17)
	at org.junit.internal.runners.statements.FailOnTimeout$CallableStatement.call(FailOnTimeout.java:298)
	at org.junit.internal.runners.statements.FailOnTimeout$CallableStatement.call(FailOnTimeout.java:292)
	at java.util.concurrent.FutureTask.run(FutureTask.java:266)
	at java.lang.Thread.run(Thread.java:748)
63) test124(com.google.javascript.jscomp.TypeInference_ESTest)
java.lang.NullPointerException
	at com.google.javascript.jscomp.TypeInference.traverseAdd(TypeInference.java:817)
	at com.google.javascript.jscomp.TypeInference.traverse(TypeInference.java:351)
	at com.google.javascript.jscomp.TypeInference.flowThrough(TypeInference.java:190)
	at com.google.javascript.jscomp.TypeInference.branchedFlowThrough(TypeInference.java:202)
	at com.google.javascript.jscomp.TypeInference_ESTest.test124(TypeInference_ESTest.java:2680)
	at sun.reflect.NativeMethodAccessorImpl.invoke0(Native Method)
	at sun.reflect.NativeMethodAccessorImpl.invoke(NativeMethodAccessorImpl.java:62)
	at sun.reflect.DelegatingMethodAccessorImpl.invoke(DelegatingMethodAccessorImpl.java:43)
	at java.lang.reflect.Method.invoke(Method.java:498)
	at org.junit.runners.model.FrameworkMethod$1.runReflectiveCall(FrameworkMethod.java:50)
	at org.junit.internal.runners.model.ReflectiveCallable.run(ReflectiveCallable.java:12)
	at org.junit.runners.model.FrameworkMethod.invokeExplosively(FrameworkMethod.java:47)
	at org.junit.internal.runners.statements.InvokeMethod.evaluate(InvokeMethod.java:17)
	at org.junit.internal.runners.statements.FailOnTimeout$CallableStatement.call(FailOnTimeout.java:298)
	at org.junit.internal.runners.statements.FailOnTimeout$CallableStatement.call(FailOnTimeout.java:292)
	at java.util.concurrent.FutureTask.run(FutureTask.java:266)
	at java.lang.Thread.run(Thread.java:748)
64) test002(com.google.javascript.jscomp.TypeInference_ESTest)
org.evosuite.runtime.mock.java.lang.MockIllegalStateException: unexpected prop id 33
	at com.google.javascript.rhino.Node.propToString(Node.java:142)
	at com.google.javascript.rhino.Node.toString(Node.java:987)
	at com.google.javascript.rhino.Node.toString(Node.java:946)
	at com.google.javascript.rhino.Node.toString(Node.java:938)
	at java.lang.String.valueOf(String.java:2994)
	at java.lang.StringBuilder.append(StringBuilder.java:131)
	at com.google.javascript.rhino.Node.getString(Node.java:919)
	at com.google.javascript.jscomp.TypeInference.traverseGetProp(TypeInference.java:1331)
	at com.google.javascript.jscomp.TypeInference.traverse(TypeInference.java:320)
	at com.google.javascript.jscomp.TypeInference.flowThrough(TypeInference.java:190)
	at com.google.javascript.jscomp.TypeInference_ESTest.test002(TypeInference_ESTest.java:106)
	at sun.reflect.NativeMethodAccessorImpl.invoke0(Native Method)
	at sun.reflect.NativeMethodAccessorImpl.invoke(NativeMethodAccessorImpl.java:62)
	at sun.reflect.DelegatingMethodAccessorImpl.invoke(DelegatingMethodAccessorImpl.java:43)
	at java.lang.reflect.Method.invoke(Method.java:498)
	at org.junit.runners.model.FrameworkMethod$1.runReflectiveCall(FrameworkMethod.java:50)
	at org.junit.internal.runners.model.ReflectiveCallable.run(ReflectiveCallable.java:12)
	at org.junit.runners.model.FrameworkMethod.invokeExplosively(FrameworkMethod.java:47)
	at org.junit.internal.runners.statements.InvokeMethod.evaluate(InvokeMethod.java:17)
	at org.junit.internal.runners.statements.FailOnTimeout$CallableStatement.call(FailOnTimeout.java:298)
	at org.junit.internal.runners.statements.FailOnTimeout$CallableStatement.call(FailOnTimeout.java:292)
	at java.util.concurrent.FutureTask.run(FutureTask.java:266)
	at java.lang.Thread.run(Thread.java:748)
65) test123(com.google.javascript.jscomp.TypeInference_ESTest)
org.evosuite.runtime.mock.java.lang.MockIllegalArgumentException: SUB 176 : number does not exist in graph
	at com.google.javascript.jscomp.graph.Graph.getNodeOrFail(Graph.java:222)
	at com.google.javascript.jscomp.graph.LinkedDirectedGraph.getOutEdges(LinkedDirectedGraph.java:129)
	at com.google.javascript.jscomp.TypeInference.branchedFlowThrough(TypeInference.java:207)
	at com.google.javascript.jscomp.TypeInference_ESTest.test123(TypeInference_ESTest.java:2654)
	at sun.reflect.NativeMethodAccessorImpl.invoke0(Native Method)
	at sun.reflect.NativeMethodAccessorImpl.invoke(NativeMethodAccessorImpl.java:62)
	at sun.reflect.DelegatingMethodAccessorImpl.invoke(DelegatingMethodAccessorImpl.java:43)
	at java.lang.reflect.Method.invoke(Method.java:498)
	at org.junit.runners.model.FrameworkMethod$1.runReflectiveCall(FrameworkMethod.java:50)
	at org.junit.internal.runners.model.ReflectiveCallable.run(ReflectiveCallable.java:12)
	at org.junit.runners.model.FrameworkMethod.invokeExplosively(FrameworkMethod.java:47)
	at org.junit.internal.runners.statements.InvokeMethod.evaluate(InvokeMethod.java:17)
	at org.junit.internal.runners.statements.FailOnTimeout$CallableStatement.call(FailOnTimeout.java:298)
	at org.junit.internal.runners.statements.FailOnTimeout$CallableStatement.call(FailOnTimeout.java:292)
	at java.util.concurrent.FutureTask.run(FutureTask.java:266)
	at java.lang.Thread.run(Thread.java:748)
66) test005(com.google.javascript.jscomp.TypeInference_ESTest)
java.lang.NullPointerException
	at com.google.javascript.jscomp.TypeInference.traverseNew(TypeInference.java:1271)
	at com.google.javascript.jscomp.TypeInference.traverse(TypeInference.java:346)
	at com.google.javascript.jscomp.TypeInference.flowThrough(TypeInference.java:190)
	at com.google.javascript.jscomp.TypeInference.branchedFlowThrough(TypeInference.java:202)
	at com.google.javascript.jscomp.TypeInference_ESTest.test005(TypeInference_ESTest.java:171)
	at sun.reflect.NativeMethodAccessorImpl.invoke0(Native Method)
	at sun.reflect.NativeMethodAccessorImpl.invoke(NativeMethodAccessorImpl.java:62)
	at sun.reflect.DelegatingMethodAccessorImpl.invoke(DelegatingMethodAccessorImpl.java:43)
	at java.lang.reflect.Method.invoke(Method.java:498)
	at org.junit.runners.model.FrameworkMethod$1.runReflectiveCall(FrameworkMethod.java:50)
	at org.junit.internal.runners.model.ReflectiveCallable.run(ReflectiveCallable.java:12)
	at org.junit.runners.model.FrameworkMethod.invokeExplosively(FrameworkMethod.java:47)
	at org.junit.internal.runners.statements.InvokeMethod.evaluate(InvokeMethod.java:17)
	at org.junit.internal.runners.statements.FailOnTimeout$CallableStatement.call(FailOnTimeout.java:298)
	at org.junit.internal.runners.statements.FailOnTimeout$CallableStatement.call(FailOnTimeout.java:292)
	at java.util.concurrent.FutureTask.run(FutureTask.java:266)
	at java.lang.Thread.run(Thread.java:748)
67) test126(com.google.javascript.jscomp.TypeInference_ESTest)
org.evosuite.runtime.mock.java.lang.MockIllegalArgumentException: LSH 4095 : number does not exist in graph
	at com.google.javascript.jscomp.graph.Graph.getNodeOrFail(Graph.java:222)
	at com.google.javascript.jscomp.graph.LinkedDirectedGraph.getOutEdges(LinkedDirectedGraph.java:129)
	at com.google.javascript.jscomp.TypeInference.branchedFlowThrough(TypeInference.java:207)
	at com.google.javascript.jscomp.TypeInference_ESTest.test126(TypeInference_ESTest.java:2726)
	at sun.reflect.NativeMethodAccessorImpl.invoke0(Native Method)
	at sun.reflect.NativeMethodAccessorImpl.invoke(NativeMethodAccessorImpl.java:62)
	at sun.reflect.DelegatingMethodAccessorImpl.invoke(DelegatingMethodAccessorImpl.java:43)
	at java.lang.reflect.Method.invoke(Method.java:498)
	at org.junit.runners.model.FrameworkMethod$1.runReflectiveCall(FrameworkMethod.java:50)
	at org.junit.internal.runners.model.ReflectiveCallable.run(ReflectiveCallable.java:12)
	at org.junit.runners.model.FrameworkMethod.invokeExplosively(FrameworkMethod.java:47)
	at org.junit.internal.runners.statements.InvokeMethod.evaluate(InvokeMethod.java:17)
	at org.junit.internal.runners.statements.FailOnTimeout$CallableStatement.call(FailOnTimeout.java:298)
	at org.junit.internal.runners.statements.FailOnTimeout$CallableStatement.call(FailOnTimeout.java:292)
	at java.util.concurrent.FutureTask.run(FutureTask.java:266)
	at java.lang.Thread.run(Thread.java:748)
68) test004(com.google.javascript.jscomp.TypeInference_ESTest)
java.lang.UnsupportedOperationException: NAME is not a string node
	at com.google.javascript.rhino.Node.getString(Node.java:919)
	at com.google.javascript.jscomp.TypeInference.traverseName(TypeInference.java:701)
	at com.google.javascript.jscomp.TypeInference.traverse(TypeInference.java:316)
	at com.google.javascript.jscomp.TypeInference.flowThrough(TypeInference.java:190)
	at com.google.javascript.jscomp.TypeInference.branchedFlowThrough(TypeInference.java:202)
	at com.google.javascript.jscomp.TypeInference_ESTest.test004(TypeInference_ESTest.java:149)
	at sun.reflect.NativeMethodAccessorImpl.invoke0(Native Method)
	at sun.reflect.NativeMethodAccessorImpl.invoke(NativeMethodAccessorImpl.java:62)
	at sun.reflect.DelegatingMethodAccessorImpl.invoke(DelegatingMethodAccessorImpl.java:43)
	at java.lang.reflect.Method.invoke(Method.java:498)
	at org.junit.runners.model.FrameworkMethod$1.runReflectiveCall(FrameworkMethod.java:50)
	at org.junit.internal.runners.model.ReflectiveCallable.run(ReflectiveCallable.java:12)
	at org.junit.runners.model.FrameworkMethod.invokeExplosively(FrameworkMethod.java:47)
	at org.junit.internal.runners.statements.InvokeMethod.evaluate(InvokeMethod.java:17)
	at org.junit.internal.runners.statements.FailOnTimeout$CallableStatement.call(FailOnTimeout.java:298)
	at org.junit.internal.runners.statements.FailOnTimeout$CallableStatement.call(FailOnTimeout.java:292)
	at java.util.concurrent.FutureTask.run(FutureTask.java:266)
	at java.lang.Thread.run(Thread.java:748)
69) test125(com.google.javascript.jscomp.TypeInference_ESTest)
org.evosuite.runtime.mock.java.lang.MockIllegalArgumentException: URSH 151 : number does not exist in graph
	at com.google.javascript.jscomp.graph.Graph.getNodeOrFail(Graph.java:222)
	at com.google.javascript.jscomp.graph.LinkedDirectedGraph.getOutEdges(LinkedDirectedGraph.java:129)
	at com.google.javascript.jscomp.TypeInference.branchedFlowThrough(TypeInference.java:207)
	at com.google.javascript.jscomp.TypeInference_ESTest.test125(TypeInference_ESTest.java:2704)
	at sun.reflect.NativeMethodAccessorImpl.invoke0(Native Method)
	at sun.reflect.NativeMethodAccessorImpl.invoke(NativeMethodAccessorImpl.java:62)
	at sun.reflect.DelegatingMethodAccessorImpl.invoke(DelegatingMethodAccessorImpl.java:43)
	at java.lang.reflect.Method.invoke(Method.java:498)
	at org.junit.runners.model.FrameworkMethod$1.runReflectiveCall(FrameworkMethod.java:50)
	at org.junit.internal.runners.model.ReflectiveCallable.run(ReflectiveCallable.java:12)
	at org.junit.runners.model.FrameworkMethod.invokeExplosively(FrameworkMethod.java:47)
	at org.junit.internal.runners.statements.InvokeMethod.evaluate(InvokeMethod.java:17)
	at org.junit.internal.runners.statements.FailOnTimeout$CallableStatement.call(FailOnTimeout.java:298)
	at org.junit.internal.runners.statements.FailOnTimeout$CallableStatement.call(FailOnTimeout.java:292)
	at java.util.concurrent.FutureTask.run(FutureTask.java:266)
	at java.lang.Thread.run(Thread.java:748)
70) test007(com.google.javascript.jscomp.TypeInference_ESTest)
java.lang.NullPointerException
	at com.google.javascript.jscomp.TypeInference.getJSType(TypeInference.java:1646)
	at com.google.javascript.jscomp.TypeInference.traverse(TypeInference.java:402)
	at com.google.javascript.jscomp.TypeInference.flowThrough(TypeInference.java:190)
	at com.google.javascript.jscomp.TypeInference.branchedFlowThrough(TypeInference.java:202)
	at com.google.javascript.jscomp.TypeInference_ESTest.test007(TypeInference_ESTest.java:217)
	at sun.reflect.NativeMethodAccessorImpl.invoke0(Native Method)
	at sun.reflect.NativeMethodAccessorImpl.invoke(NativeMethodAccessorImpl.java:62)
	at sun.reflect.DelegatingMethodAccessorImpl.invoke(DelegatingMethodAccessorImpl.java:43)
	at java.lang.reflect.Method.invoke(Method.java:498)
	at org.junit.runners.model.FrameworkMethod$1.runReflectiveCall(FrameworkMethod.java:50)
	at org.junit.internal.runners.model.ReflectiveCallable.run(ReflectiveCallable.java:12)
	at org.junit.runners.model.FrameworkMethod.invokeExplosively(FrameworkMethod.java:47)
	at org.junit.internal.runners.statements.InvokeMethod.evaluate(InvokeMethod.java:17)
	at org.junit.internal.runners.statements.FailOnTimeout$CallableStatement.call(FailOnTimeout.java:298)
	at org.junit.internal.runners.statements.FailOnTimeout$CallableStatement.call(FailOnTimeout.java:292)
	at java.util.concurrent.FutureTask.run(FutureTask.java:266)
	at java.lang.Thread.run(Thread.java:748)
71) test128(com.google.javascript.jscomp.TypeInference_ESTest)
org.evosuite.runtime.mock.java.lang.MockIllegalArgumentException: LE 101 : boolean does not exist in graph
	at com.google.javascript.jscomp.graph.Graph.getNodeOrFail(Graph.java:222)
	at com.google.javascript.jscomp.graph.LinkedDirectedGraph.getOutEdges(LinkedDirectedGraph.java:129)
	at com.google.javascript.jscomp.TypeInference.branchedFlowThrough(TypeInference.java:207)
	at com.google.javascript.jscomp.TypeInference_ESTest.test128(TypeInference_ESTest.java:2761)
	at sun.reflect.NativeMethodAccessorImpl.invoke0(Native Method)
	at sun.reflect.NativeMethodAccessorImpl.invoke(NativeMethodAccessorImpl.java:62)
	at sun.reflect.DelegatingMethodAccessorImpl.invoke(DelegatingMethodAccessorImpl.java:43)
	at java.lang.reflect.Method.invoke(Method.java:498)
	at org.junit.runners.model.FrameworkMethod$1.runReflectiveCall(FrameworkMethod.java:50)
	at org.junit.internal.runners.model.ReflectiveCallable.run(ReflectiveCallable.java:12)
	at org.junit.runners.model.FrameworkMethod.invokeExplosively(FrameworkMethod.java:47)
	at org.junit.internal.runners.statements.InvokeMethod.evaluate(InvokeMethod.java:17)
	at org.junit.internal.runners.statements.FailOnTimeout$CallableStatement.call(FailOnTimeout.java:298)
	at org.junit.internal.runners.statements.FailOnTimeout$CallableStatement.call(FailOnTimeout.java:292)
	at java.util.concurrent.FutureTask.run(FutureTask.java:266)
	at java.lang.Thread.run(Thread.java:748)
72) test006(com.google.javascript.jscomp.TypeInference_ESTest)
org.evosuite.runtime.mock.java.lang.MockIllegalArgumentException: ASSIGN_RSH 40 : number does not exist in graph
	at com.google.javascript.jscomp.graph.Graph.getNodeOrFail(Graph.java:222)
	at com.google.javascript.jscomp.graph.LinkedDirectedGraph.getOutEdges(LinkedDirectedGraph.java:129)
	at com.google.javascript.jscomp.TypeInference.branchedFlowThrough(TypeInference.java:207)
	at com.google.javascript.jscomp.TypeInference_ESTest.test006(TypeInference_ESTest.java:193)
	at sun.reflect.NativeMethodAccessorImpl.invoke0(Native Method)
	at sun.reflect.NativeMethodAccessorImpl.invoke(NativeMethodAccessorImpl.java:62)
	at sun.reflect.DelegatingMethodAccessorImpl.invoke(DelegatingMethodAccessorImpl.java:43)
	at java.lang.reflect.Method.invoke(Method.java:498)
	at org.junit.runners.model.FrameworkMethod$1.runReflectiveCall(FrameworkMethod.java:50)
	at org.junit.internal.runners.model.ReflectiveCallable.run(ReflectiveCallable.java:12)
	at org.junit.runners.model.FrameworkMethod.invokeExplosively(FrameworkMethod.java:47)
	at org.junit.internal.runners.statements.InvokeMethod.evaluate(InvokeMethod.java:17)
	at org.junit.internal.runners.statements.FailOnTimeout$CallableStatement.call(FailOnTimeout.java:298)
	at org.junit.internal.runners.statements.FailOnTimeout$CallableStatement.call(FailOnTimeout.java:292)
	at java.util.concurrent.FutureTask.run(FutureTask.java:266)
	at java.lang.Thread.run(Thread.java:748)
73) test008(com.google.javascript.jscomp.TypeInference_ESTest)
java.lang.NullPointerException
	at com.google.javascript.jscomp.TypeInference.getBooleanOutcomes(TypeInference.java:1549)
	at com.google.javascript.jscomp.TypeInference_ESTest.test008(TypeInference_ESTest.java:233)
	at sun.reflect.NativeMethodAccessorImpl.invoke0(Native Method)
	at sun.reflect.NativeMethodAccessorImpl.invoke(NativeMethodAccessorImpl.java:62)
	at sun.reflect.DelegatingMethodAccessorImpl.invoke(DelegatingMethodAccessorImpl.java:43)
	at java.lang.reflect.Method.invoke(Method.java:498)
	at org.junit.runners.model.FrameworkMethod$1.runReflectiveCall(FrameworkMethod.java:50)
	at org.junit.internal.runners.model.ReflectiveCallable.run(ReflectiveCallable.java:12)
	at org.junit.runners.model.FrameworkMethod.invokeExplosively(FrameworkMethod.java:47)
	at org.junit.internal.runners.statements.InvokeMethod.evaluate(InvokeMethod.java:17)
	at org.junit.internal.runners.statements.FailOnTimeout$CallableStatement.call(FailOnTimeout.java:298)
	at org.junit.internal.runners.statements.FailOnTimeout$CallableStatement.call(FailOnTimeout.java:292)
	at java.util.concurrent.FutureTask.run(FutureTask.java:266)
	at java.lang.Thread.run(Thread.java:748)
74) test129(com.google.javascript.jscomp.TypeInference_ESTest)
org.evosuite.runtime.mock.java.lang.MockIllegalArgumentException: LT : boolean does not exist in graph
	at com.google.javascript.jscomp.graph.Graph.getNodeOrFail(Graph.java:222)
	at com.google.javascript.jscomp.graph.LinkedDirectedGraph.getOutEdges(LinkedDirectedGraph.java:129)
	at com.google.javascript.jscomp.TypeInference.branchedFlowThrough(TypeInference.java:207)
	at com.google.javascript.jscomp.TypeInference_ESTest.test129(TypeInference_ESTest.java:2783)
	at sun.reflect.NativeMethodAccessorImpl.invoke0(Native Method)
	at sun.reflect.NativeMethodAccessorImpl.invoke(NativeMethodAccessorImpl.java:62)
	at sun.reflect.DelegatingMethodAccessorImpl.invoke(DelegatingMethodAccessorImpl.java:43)
	at java.lang.reflect.Method.invoke(Method.java:498)
	at org.junit.runners.model.FrameworkMethod$1.runReflectiveCall(FrameworkMethod.java:50)
	at org.junit.internal.runners.model.ReflectiveCallable.run(ReflectiveCallable.java:12)
	at org.junit.runners.model.FrameworkMethod.invokeExplosively(FrameworkMethod.java:47)
	at org.junit.internal.runners.statements.InvokeMethod.evaluate(InvokeMethod.java:17)
	at org.junit.internal.runners.statements.FailOnTimeout$CallableStatement.call(FailOnTimeout.java:298)
	at org.junit.internal.runners.statements.FailOnTimeout$CallableStatement.call(FailOnTimeout.java:292)
	at java.util.concurrent.FutureTask.run(FutureTask.java:266)
	at java.lang.Thread.run(Thread.java:748)
75) test021(com.google.javascript.jscomp.TypeInference_ESTest)
org.evosuite.runtime.mock.java.lang.MockIllegalStateException: 150
	at com.google.javascript.rhino.Token.name(Token.java:287)
	at com.google.javascript.rhino.Node.toString(Node.java:955)
	at com.google.javascript.rhino.Node.toString(Node.java:946)
	at com.google.javascript.rhino.Node.toString(Node.java:938)
	at java.lang.String.valueOf(String.java:2994)
	at java.lang.StringBuilder.append(StringBuilder.java:131)
	at com.google.javascript.jscomp.graph.Graph.getNodeOrFail(Graph.java:222)
	at com.google.javascript.jscomp.graph.LinkedDirectedGraph.getOutEdges(LinkedDirectedGraph.java:129)
	at com.google.javascript.jscomp.TypeInference.branchedFlowThrough(TypeInference.java:207)
	at com.google.javascript.jscomp.TypeInference_ESTest.test021(TypeInference_ESTest.java:501)
	at sun.reflect.NativeMethodAccessorImpl.invoke0(Native Method)
	at sun.reflect.NativeMethodAccessorImpl.invoke(NativeMethodAccessorImpl.java:62)
	at sun.reflect.DelegatingMethodAccessorImpl.invoke(DelegatingMethodAccessorImpl.java:43)
	at java.lang.reflect.Method.invoke(Method.java:498)
	at org.junit.runners.model.FrameworkMethod$1.runReflectiveCall(FrameworkMethod.java:50)
	at org.junit.internal.runners.model.ReflectiveCallable.run(ReflectiveCallable.java:12)
	at org.junit.runners.model.FrameworkMethod.invokeExplosively(FrameworkMethod.java:47)
	at org.junit.internal.runners.statements.InvokeMethod.evaluate(InvokeMethod.java:17)
	at org.junit.internal.runners.statements.FailOnTimeout$CallableStatement.call(FailOnTimeout.java:298)
	at org.junit.internal.runners.statements.FailOnTimeout$CallableStatement.call(FailOnTimeout.java:292)
	at java.util.concurrent.FutureTask.run(FutureTask.java:266)
	at java.lang.Thread.run(Thread.java:748)
76) test142(com.google.javascript.jscomp.TypeInference_ESTest)
org.evosuite.runtime.mock.java.lang.MockIllegalArgumentException: ARRAYLIT IQ6X : Array does not exist in graph
	at com.google.javascript.jscomp.graph.Graph.getNodeOrFail(Graph.java:222)
	at com.google.javascript.jscomp.graph.LinkedDirectedGraph.getOutEdges(LinkedDirectedGraph.java:129)
	at com.google.javascript.jscomp.TypeInference.branchedFlowThrough(TypeInference.java:207)
	at com.google.javascript.jscomp.TypeInference_ESTest.test142(TypeInference_ESTest.java:3059)
	at sun.reflect.NativeMethodAccessorImpl.invoke0(Native Method)
	at sun.reflect.NativeMethodAccessorImpl.invoke(NativeMethodAccessorImpl.java:62)
	at sun.reflect.DelegatingMethodAccessorImpl.invoke(DelegatingMethodAccessorImpl.java:43)
	at java.lang.reflect.Method.invoke(Method.java:498)
	at org.junit.runners.model.FrameworkMethod$1.runReflectiveCall(FrameworkMethod.java:50)
	at org.junit.internal.runners.model.ReflectiveCallable.run(ReflectiveCallable.java:12)
	at org.junit.runners.model.FrameworkMethod.invokeExplosively(FrameworkMethod.java:47)
	at org.junit.internal.runners.statements.InvokeMethod.evaluate(InvokeMethod.java:17)
	at org.junit.internal.runners.statements.FailOnTimeout$CallableStatement.call(FailOnTimeout.java:298)
	at org.junit.internal.runners.statements.FailOnTimeout$CallableStatement.call(FailOnTimeout.java:292)
	at java.util.concurrent.FutureTask.run(FutureTask.java:266)
	at java.lang.Thread.run(Thread.java:748)
77) test020(com.google.javascript.jscomp.TypeInference_ESTest)
org.evosuite.runtime.mock.java.lang.MockIllegalStateException: 151
	at com.google.javascript.rhino.Token.name(Token.java:287)
	at com.google.javascript.rhino.Node.toString(Node.java:955)
	at com.google.javascript.rhino.Node.toString(Node.java:946)
	at com.google.javascript.rhino.Node.toString(Node.java:938)
	at java.lang.String.valueOf(String.java:2994)
	at java.lang.StringBuilder.append(StringBuilder.java:131)
	at com.google.javascript.jscomp.graph.Graph.getNodeOrFail(Graph.java:222)
	at com.google.javascript.jscomp.graph.LinkedDirectedGraph.getOutEdges(LinkedDirectedGraph.java:129)
	at com.google.javascript.jscomp.TypeInference.branchedFlowThrough(TypeInference.java:207)
	at com.google.javascript.jscomp.TypeInference_ESTest.test020(TypeInference_ESTest.java:479)
	at sun.reflect.NativeMethodAccessorImpl.invoke0(Native Method)
	at sun.reflect.NativeMethodAccessorImpl.invoke(NativeMethodAccessorImpl.java:62)
	at sun.reflect.DelegatingMethodAccessorImpl.invoke(DelegatingMethodAccessorImpl.java:43)
	at java.lang.reflect.Method.invoke(Method.java:498)
	at org.junit.runners.model.FrameworkMethod$1.runReflectiveCall(FrameworkMethod.java:50)
	at org.junit.internal.runners.model.ReflectiveCallable.run(ReflectiveCallable.java:12)
	at org.junit.runners.model.FrameworkMethod.invokeExplosively(FrameworkMethod.java:47)
	at org.junit.internal.runners.statements.InvokeMethod.evaluate(InvokeMethod.java:17)
	at org.junit.internal.runners.statements.FailOnTimeout$CallableStatement.call(FailOnTimeout.java:298)
	at org.junit.internal.runners.statements.FailOnTimeout$CallableStatement.call(FailOnTimeout.java:292)
	at java.util.concurrent.FutureTask.run(FutureTask.java:266)
	at java.lang.Thread.run(Thread.java:748)
78) test141(com.google.javascript.jscomp.TypeInference_ESTest)
java.lang.NullPointerException
	at com.google.javascript.jscomp.TypeInference.traverseWithinShortCircuitingBinOp(TypeInference.java:1508)
	at com.google.javascript.jscomp.TypeInference.traverseShortCircuitingBinOp(TypeInference.java:1448)
	at com.google.javascript.jscomp.TypeInference.traverseOr(TypeInference.java:1439)
	at com.google.javascript.jscomp.TypeInference.traverse(TypeInference.java:329)
	at com.google.javascript.jscomp.TypeInference.flowThrough(TypeInference.java:190)
	at com.google.javascript.jscomp.TypeInference.branchedFlowThrough(TypeInference.java:202)
	at com.google.javascript.jscomp.TypeInference_ESTest.test141(TypeInference_ESTest.java:3033)
	at sun.reflect.NativeMethodAccessorImpl.invoke0(Native Method)
	at sun.reflect.NativeMethodAccessorImpl.invoke(NativeMethodAccessorImpl.java:62)
	at sun.reflect.DelegatingMethodAccessorImpl.invoke(DelegatingMethodAccessorImpl.java:43)
	at java.lang.reflect.Method.invoke(Method.java:498)
	at org.junit.runners.model.FrameworkMethod$1.runReflectiveCall(FrameworkMethod.java:50)
	at org.junit.internal.runners.model.ReflectiveCallable.run(ReflectiveCallable.java:12)
	at org.junit.runners.model.FrameworkMethod.invokeExplosively(FrameworkMethod.java:47)
	at org.junit.internal.runners.statements.InvokeMethod.evaluate(InvokeMethod.java:17)
	at org.junit.internal.runners.statements.FailOnTimeout$CallableStatement.call(FailOnTimeout.java:298)
	at org.junit.internal.runners.statements.FailOnTimeout$CallableStatement.call(FailOnTimeout.java:292)
	at java.util.concurrent.FutureTask.run(FutureTask.java:266)
	at java.lang.Thread.run(Thread.java:748)
79) test023(com.google.javascript.jscomp.TypeInference_ESTest)
org.evosuite.runtime.mock.java.lang.MockIllegalArgumentException: SETTER_DEF does not exist in graph
	at com.google.javascript.jscomp.graph.Graph.getNodeOrFail(Graph.java:222)
	at com.google.javascript.jscomp.graph.LinkedDirectedGraph.getOutEdges(LinkedDirectedGraph.java:129)
	at com.google.javascript.jscomp.TypeInference.branchedFlowThrough(TypeInference.java:207)
	at com.google.javascript.jscomp.TypeInference_ESTest.test023(TypeInference_ESTest.java:545)
	at sun.reflect.NativeMethodAccessorImpl.invoke0(Native Method)
	at sun.reflect.NativeMethodAccessorImpl.invoke(NativeMethodAccessorImpl.java:62)
	at sun.reflect.DelegatingMethodAccessorImpl.invoke(DelegatingMethodAccessorImpl.java:43)
	at java.lang.reflect.Method.invoke(Method.java:498)
	at org.junit.runners.model.FrameworkMethod$1.runReflectiveCall(FrameworkMethod.java:50)
	at org.junit.internal.runners.model.ReflectiveCallable.run(ReflectiveCallable.java:12)
	at org.junit.runners.model.FrameworkMethod.invokeExplosively(FrameworkMethod.java:47)
	at org.junit.internal.runners.statements.InvokeMethod.evaluate(InvokeMethod.java:17)
	at org.junit.internal.runners.statements.FailOnTimeout$CallableStatement.call(FailOnTimeout.java:298)
	at org.junit.internal.runners.statements.FailOnTimeout$CallableStatement.call(FailOnTimeout.java:292)
	at java.util.concurrent.FutureTask.run(FutureTask.java:266)
	at java.lang.Thread.run(Thread.java:748)
80) test144(com.google.javascript.jscomp.TypeInference_ESTest)
java.lang.NullPointerException
	at com.google.javascript.jscomp.TypeInference.traverseGetProp(TypeInference.java:1331)
	at com.google.javascript.jscomp.TypeInference.traverse(TypeInference.java:320)
	at com.google.javascript.jscomp.TypeInference.flowThrough(TypeInference.java:190)
	at com.google.javascript.jscomp.TypeInference.branchedFlowThrough(TypeInference.java:202)
	at com.google.javascript.jscomp.TypeInference_ESTest.test144(TypeInference_ESTest.java:3094)
	at sun.reflect.NativeMethodAccessorImpl.invoke0(Native Method)
	at sun.reflect.NativeMethodAccessorImpl.invoke(NativeMethodAccessorImpl.java:62)
	at sun.reflect.DelegatingMethodAccessorImpl.invoke(DelegatingMethodAccessorImpl.java:43)
	at java.lang.reflect.Method.invoke(Method.java:498)
	at org.junit.runners.model.FrameworkMethod$1.runReflectiveCall(FrameworkMethod.java:50)
	at org.junit.internal.runners.model.ReflectiveCallable.run(ReflectiveCallable.java:12)
	at org.junit.runners.model.FrameworkMethod.invokeExplosively(FrameworkMethod.java:47)
	at org.junit.internal.runners.statements.InvokeMethod.evaluate(InvokeMethod.java:17)
	at org.junit.internal.runners.statements.FailOnTimeout$CallableStatement.call(FailOnTimeout.java:298)
	at org.junit.internal.runners.statements.FailOnTimeout$CallableStatement.call(FailOnTimeout.java:292)
	at java.util.concurrent.FutureTask.run(FutureTask.java:266)
	at java.lang.Thread.run(Thread.java:748)
81) test022(com.google.javascript.jscomp.TypeInference_ESTest)
org.evosuite.runtime.mock.java.lang.MockIllegalArgumentException: CONST does not exist in graph
	at com.google.javascript.jscomp.graph.Graph.getNodeOrFail(Graph.java:222)
	at com.google.javascript.jscomp.graph.LinkedDirectedGraph.getOutEdges(LinkedDirectedGraph.java:129)
	at com.google.javascript.jscomp.TypeInference.branchedFlowThrough(TypeInference.java:207)
	at com.google.javascript.jscomp.TypeInference_ESTest.test022(TypeInference_ESTest.java:523)
	at sun.reflect.NativeMethodAccessorImpl.invoke0(Native Method)
	at sun.reflect.NativeMethodAccessorImpl.invoke(NativeMethodAccessorImpl.java:62)
	at sun.reflect.DelegatingMethodAccessorImpl.invoke(DelegatingMethodAccessorImpl.java:43)
	at java.lang.reflect.Method.invoke(Method.java:498)
	at org.junit.runners.model.FrameworkMethod$1.runReflectiveCall(FrameworkMethod.java:50)
	at org.junit.internal.runners.model.ReflectiveCallable.run(ReflectiveCallable.java:12)
	at org.junit.runners.model.FrameworkMethod.invokeExplosively(FrameworkMethod.java:47)
	at org.junit.internal.runners.statements.InvokeMethod.evaluate(InvokeMethod.java:17)
	at org.junit.internal.runners.statements.FailOnTimeout$CallableStatement.call(FailOnTimeout.java:298)
	at org.junit.internal.runners.statements.FailOnTimeout$CallableStatement.call(FailOnTimeout.java:292)
	at java.util.concurrent.FutureTask.run(FutureTask.java:266)
	at java.lang.Thread.run(Thread.java:748)
82) test014(com.google.javascript.jscomp.TypeInference_ESTest)
org.evosuite.runtime.mock.java.lang.MockIllegalArgumentException: EXPR_RESULT does not exist in graph
	at com.google.javascript.jscomp.graph.Graph.getNodeOrFail(Graph.java:222)
	at com.google.javascript.jscomp.graph.LinkedDirectedGraph.getOutEdges(LinkedDirectedGraph.java:129)
	at com.google.javascript.jscomp.TypeInference.branchedFlowThrough(TypeInference.java:207)
	at com.google.javascript.jscomp.TypeInference_ESTest.test014(TypeInference_ESTest.java:346)
	at sun.reflect.NativeMethodAccessorImpl.invoke0(Native Method)
	at sun.reflect.NativeMethodAccessorImpl.invoke(NativeMethodAccessorImpl.java:62)
	at sun.reflect.DelegatingMethodAccessorImpl.invoke(DelegatingMethodAccessorImpl.java:43)
	at java.lang.reflect.Method.invoke(Method.java:498)
	at org.junit.runners.model.FrameworkMethod$1.runReflectiveCall(FrameworkMethod.java:50)
	at org.junit.internal.runners.model.ReflectiveCallable.run(ReflectiveCallable.java:12)
	at org.junit.runners.model.FrameworkMethod.invokeExplosively(FrameworkMethod.java:47)
	at org.junit.internal.runners.statements.InvokeMethod.evaluate(InvokeMethod.java:17)
	at org.junit.internal.runners.statements.FailOnTimeout$CallableStatement.call(FailOnTimeout.java:298)
	at org.junit.internal.runners.statements.FailOnTimeout$CallableStatement.call(FailOnTimeout.java:292)
	at java.util.concurrent.FutureTask.run(FutureTask.java:266)
	at java.lang.Thread.run(Thread.java:748)
83) test135(com.google.javascript.jscomp.TypeInference_ESTest)
org.evosuite.runtime.mock.java.lang.MockIllegalStateException: 5
	at com.google.javascript.rhino.Token.name(Token.java:287)
	at com.google.javascript.rhino.Node.toString(Node.java:955)
	at com.google.javascript.rhino.Node.toString(Node.java:946)
	at com.google.javascript.rhino.Node.toString(Node.java:938)
	at java.lang.String.valueOf(String.java:2994)
	at java.lang.StringBuilder.append(StringBuilder.java:131)
	at com.google.javascript.jscomp.graph.Graph.getNodeOrFail(Graph.java:222)
	at com.google.javascript.jscomp.graph.LinkedDirectedGraph.getOutEdges(LinkedDirectedGraph.java:129)
	at com.google.javascript.jscomp.TypeInference.branchedFlowThrough(TypeInference.java:207)
	at com.google.javascript.jscomp.TypeInference_ESTest.test135(TypeInference_ESTest.java:2917)
	at sun.reflect.NativeMethodAccessorImpl.invoke0(Native Method)
	at sun.reflect.NativeMethodAccessorImpl.invoke(NativeMethodAccessorImpl.java:62)
	at sun.reflect.DelegatingMethodAccessorImpl.invoke(DelegatingMethodAccessorImpl.java:43)
	at java.lang.reflect.Method.invoke(Method.java:498)
	at org.junit.runners.model.FrameworkMethod$1.runReflectiveCall(FrameworkMethod.java:50)
	at org.junit.internal.runners.model.ReflectiveCallable.run(ReflectiveCallable.java:12)
	at org.junit.runners.model.FrameworkMethod.invokeExplosively(FrameworkMethod.java:47)
	at org.junit.internal.runners.statements.InvokeMethod.evaluate(InvokeMethod.java:17)
	at org.junit.internal.runners.statements.FailOnTimeout$CallableStatement.call(FailOnTimeout.java:298)
	at org.junit.internal.runners.statements.FailOnTimeout$CallableStatement.call(FailOnTimeout.java:292)
	at java.util.concurrent.FutureTask.run(FutureTask.java:266)
	at java.lang.Thread.run(Thread.java:748)
84) test013(com.google.javascript.jscomp.TypeInference_ESTest)
org.evosuite.runtime.mock.java.lang.MockIllegalArgumentException: RETURN does not exist in graph
	at com.google.javascript.jscomp.graph.Graph.getNodeOrFail(Graph.java:222)
	at com.google.javascript.jscomp.graph.LinkedDirectedGraph.getOutEdges(LinkedDirectedGraph.java:129)
	at com.google.javascript.jscomp.TypeInference.branchedFlowThrough(TypeInference.java:207)
	at com.google.javascript.jscomp.TypeInference_ESTest.test013(TypeInference_ESTest.java:323)
	at sun.reflect.NativeMethodAccessorImpl.invoke0(Native Method)
	at sun.reflect.NativeMethodAccessorImpl.invoke(NativeMethodAccessorImpl.java:62)
	at sun.reflect.DelegatingMethodAccessorImpl.invoke(DelegatingMethodAccessorImpl.java:43)
	at java.lang.reflect.Method.invoke(Method.java:498)
	at org.junit.runners.model.FrameworkMethod$1.runReflectiveCall(FrameworkMethod.java:50)
	at org.junit.internal.runners.model.ReflectiveCallable.run(ReflectiveCallable.java:12)
	at org.junit.runners.model.FrameworkMethod.invokeExplosively(FrameworkMethod.java:47)
	at org.junit.internal.runners.statements.InvokeMethod.evaluate(InvokeMethod.java:17)
	at org.junit.internal.runners.statements.FailOnTimeout$CallableStatement.call(FailOnTimeout.java:298)
	at org.junit.internal.runners.statements.FailOnTimeout$CallableStatement.call(FailOnTimeout.java:292)
	at java.util.concurrent.FutureTask.run(FutureTask.java:266)
	at java.lang.Thread.run(Thread.java:748)
85) test134(com.google.javascript.jscomp.TypeInference_ESTest)
org.evosuite.runtime.mock.java.lang.MockIllegalStateException: 6
	at com.google.javascript.rhino.Token.name(Token.java:287)
	at com.google.javascript.rhino.Node.toString(Node.java:955)
	at com.google.javascript.rhino.Node.toString(Node.java:946)
	at com.google.javascript.rhino.Node.toString(Node.java:938)
	at java.lang.String.valueOf(String.java:2994)
	at java.lang.StringBuilder.append(StringBuilder.java:131)
	at com.google.javascript.jscomp.graph.Graph.getNodeOrFail(Graph.java:222)
	at com.google.javascript.jscomp.graph.LinkedDirectedGraph.getOutEdges(LinkedDirectedGraph.java:129)
	at com.google.javascript.jscomp.TypeInference.branchedFlowThrough(TypeInference.java:207)
	at com.google.javascript.jscomp.TypeInference_ESTest.test134(TypeInference_ESTest.java:2895)
	at sun.reflect.NativeMethodAccessorImpl.invoke0(Native Method)
	at sun.reflect.NativeMethodAccessorImpl.invoke(NativeMethodAccessorImpl.java:62)
	at sun.reflect.DelegatingMethodAccessorImpl.invoke(DelegatingMethodAccessorImpl.java:43)
	at java.lang.reflect.Method.invoke(Method.java:498)
	at org.junit.runners.model.FrameworkMethod$1.runReflectiveCall(FrameworkMethod.java:50)
	at org.junit.internal.runners.model.ReflectiveCallable.run(ReflectiveCallable.java:12)
	at org.junit.runners.model.FrameworkMethod.invokeExplosively(FrameworkMethod.java:47)
	at org.junit.internal.runners.statements.InvokeMethod.evaluate(InvokeMethod.java:17)
	at org.junit.internal.runners.statements.FailOnTimeout$CallableStatement.call(FailOnTimeout.java:298)
	at org.junit.internal.runners.statements.FailOnTimeout$CallableStatement.call(FailOnTimeout.java:292)
	at java.util.concurrent.FutureTask.run(FutureTask.java:266)
	at java.lang.Thread.run(Thread.java:748)
86) test016(com.google.javascript.jscomp.TypeInference_ESTest)
org.evosuite.runtime.mock.java.lang.MockIllegalArgumentException: CAST 153 does not exist in graph
	at com.google.javascript.jscomp.graph.Graph.getNodeOrFail(Graph.java:222)
	at com.google.javascript.jscomp.graph.LinkedDirectedGraph.getOutEdges(LinkedDirectedGraph.java:129)
	at com.google.javascript.jscomp.TypeInference.branchedFlowThrough(TypeInference.java:207)
	at com.google.javascript.jscomp.TypeInference_ESTest.test016(TypeInference_ESTest.java:391)
	at sun.reflect.NativeMethodAccessorImpl.invoke0(Native Method)
	at sun.reflect.NativeMethodAccessorImpl.invoke(NativeMethodAccessorImpl.java:62)
	at sun.reflect.DelegatingMethodAccessorImpl.invoke(DelegatingMethodAccessorImpl.java:43)
	at java.lang.reflect.Method.invoke(Method.java:498)
	at org.junit.runners.model.FrameworkMethod$1.runReflectiveCall(FrameworkMethod.java:50)
	at org.junit.internal.runners.model.ReflectiveCallable.run(ReflectiveCallable.java:12)
	at org.junit.runners.model.FrameworkMethod.invokeExplosively(FrameworkMethod.java:47)
	at org.junit.internal.runners.statements.InvokeMethod.evaluate(InvokeMethod.java:17)
	at org.junit.internal.runners.statements.FailOnTimeout$CallableStatement.call(FailOnTimeout.java:298)
	at org.junit.internal.runners.statements.FailOnTimeout$CallableStatement.call(FailOnTimeout.java:292)
	at java.util.concurrent.FutureTask.run(FutureTask.java:266)
	at java.lang.Thread.run(Thread.java:748)
87) test137(com.google.javascript.jscomp.TypeInference_ESTest)
org.evosuite.runtime.mock.java.lang.MockIllegalArgumentException: SCRIPT 1 [synthetic: com.google.javascript.rhino.Node$IntPropListItem@0000000626] [source_file: com.google.javascript.rhino.Node$ObjectPropListItem@0000000627] [input_id: com.google.javascript.rhino.Node$ObjectPropListItem@0000000628] does not have a condition.
	at com.google.javascript.jscomp.NodeUtil.getConditionExpression(NodeUtil.java:1759)
	at com.google.javascript.jscomp.TypeInference.branchedFlowThrough(TypeInference.java:248)
	at com.google.javascript.jscomp.TypeInference_ESTest.test137(TypeInference_ESTest.java:2962)
	at sun.reflect.NativeMethodAccessorImpl.invoke0(Native Method)
	at sun.reflect.NativeMethodAccessorImpl.invoke(NativeMethodAccessorImpl.java:62)
	at sun.reflect.DelegatingMethodAccessorImpl.invoke(DelegatingMethodAccessorImpl.java:43)
	at java.lang.reflect.Method.invoke(Method.java:498)
	at org.junit.runners.model.FrameworkMethod$1.runReflectiveCall(FrameworkMethod.java:50)
	at org.junit.internal.runners.model.ReflectiveCallable.run(ReflectiveCallable.java:12)
	at org.junit.runners.model.FrameworkMethod.invokeExplosively(FrameworkMethod.java:47)
	at org.junit.internal.runners.statements.InvokeMethod.evaluate(InvokeMethod.java:17)
	at org.junit.internal.runners.statements.FailOnTimeout$CallableStatement.call(FailOnTimeout.java:298)
	at org.junit.internal.runners.statements.FailOnTimeout$CallableStatement.call(FailOnTimeout.java:292)
	at java.util.concurrent.FutureTask.run(FutureTask.java:266)
	at java.lang.Thread.run(Thread.java:748)
88) test015(com.google.javascript.jscomp.TypeInference_ESTest)
org.evosuite.runtime.mock.java.lang.MockIllegalStateException: 3274
	at com.google.javascript.rhino.Token.name(Token.java:287)
	at com.google.javascript.rhino.Node.toString(Node.java:955)
	at com.google.javascript.rhino.Node.toString(Node.java:946)
	at com.google.javascript.rhino.Node.toString(Node.java:938)
	at java.lang.String.valueOf(String.java:2994)
	at java.lang.StringBuilder.append(StringBuilder.java:131)
	at com.google.javascript.jscomp.graph.Graph.getNodeOrFail(Graph.java:222)
	at com.google.javascript.jscomp.graph.LinkedDirectedGraph.getOutEdges(LinkedDirectedGraph.java:129)
	at com.google.javascript.jscomp.TypeInference.branchedFlowThrough(TypeInference.java:207)
	at com.google.javascript.jscomp.TypeInference_ESTest.test015(TypeInference_ESTest.java:369)
	at sun.reflect.NativeMethodAccessorImpl.invoke0(Native Method)
	at sun.reflect.NativeMethodAccessorImpl.invoke(NativeMethodAccessorImpl.java:62)
	at sun.reflect.DelegatingMethodAccessorImpl.invoke(DelegatingMethodAccessorImpl.java:43)
	at java.lang.reflect.Method.invoke(Method.java:498)
	at org.junit.runners.model.FrameworkMethod$1.runReflectiveCall(FrameworkMethod.java:50)
	at org.junit.internal.runners.model.ReflectiveCallable.run(ReflectiveCallable.java:12)
	at org.junit.runners.model.FrameworkMethod.invokeExplosively(FrameworkMethod.java:47)
	at org.junit.internal.runners.statements.InvokeMethod.evaluate(InvokeMethod.java:17)
	at org.junit.internal.runners.statements.FailOnTimeout$CallableStatement.call(FailOnTimeout.java:298)
	at org.junit.internal.runners.statements.FailOnTimeout$CallableStatement.call(FailOnTimeout.java:292)
	at java.util.concurrent.FutureTask.run(FutureTask.java:266)
	at java.lang.Thread.run(Thread.java:748)
89) test136(com.google.javascript.jscomp.TypeInference_ESTest)
org.evosuite.runtime.mock.java.lang.MockIllegalArgumentException: RETURN does not exist in graph
	at com.google.javascript.jscomp.graph.Graph.getNodeOrFail(Graph.java:222)
	at com.google.javascript.jscomp.graph.LinkedDirectedGraph.getOutEdges(LinkedDirectedGraph.java:129)
	at com.google.javascript.jscomp.TypeInference.branchedFlowThrough(TypeInference.java:207)
	at com.google.javascript.jscomp.TypeInference_ESTest.test136(TypeInference_ESTest.java:2939)
	at sun.reflect.NativeMethodAccessorImpl.invoke0(Native Method)
	at sun.reflect.NativeMethodAccessorImpl.invoke(NativeMethodAccessorImpl.java:62)
	at sun.reflect.DelegatingMethodAccessorImpl.invoke(DelegatingMethodAccessorImpl.java:43)
	at java.lang.reflect.Method.invoke(Method.java:498)
	at org.junit.runners.model.FrameworkMethod$1.runReflectiveCall(FrameworkMethod.java:50)
	at org.junit.internal.runners.model.ReflectiveCallable.run(ReflectiveCallable.java:12)
	at org.junit.runners.model.FrameworkMethod.invokeExplosively(FrameworkMethod.java:47)
	at org.junit.internal.runners.statements.InvokeMethod.evaluate(InvokeMethod.java:17)
	at org.junit.internal.runners.statements.FailOnTimeout$CallableStatement.call(FailOnTimeout.java:298)
	at org.junit.internal.runners.statements.FailOnTimeout$CallableStatement.call(FailOnTimeout.java:292)
	at java.util.concurrent.FutureTask.run(FutureTask.java:266)
	at java.lang.Thread.run(Thread.java:748)
90) test018(com.google.javascript.jscomp.TypeInference_ESTest)
org.evosuite.runtime.mock.java.lang.MockIllegalArgumentException: LABEL_NAME does not exist in graph
	at com.google.javascript.jscomp.graph.Graph.getNodeOrFail(Graph.java:222)
	at com.google.javascript.jscomp.graph.LinkedDirectedGraph.getOutEdges(LinkedDirectedGraph.java:129)
	at com.google.javascript.jscomp.TypeInference.branchedFlowThrough(TypeInference.java:207)
	at com.google.javascript.jscomp.TypeInference_ESTest.test018(TypeInference_ESTest.java:435)
	at sun.reflect.NativeMethodAccessorImpl.invoke0(Native Method)
	at sun.reflect.NativeMethodAccessorImpl.invoke(NativeMethodAccessorImpl.java:62)
	at sun.reflect.DelegatingMethodAccessorImpl.invoke(DelegatingMethodAccessorImpl.java:43)
	at java.lang.reflect.Method.invoke(Method.java:498)
	at org.junit.runners.model.FrameworkMethod$1.runReflectiveCall(FrameworkMethod.java:50)
	at org.junit.internal.runners.model.ReflectiveCallable.run(ReflectiveCallable.java:12)
	at org.junit.runners.model.FrameworkMethod.invokeExplosively(FrameworkMethod.java:47)
	at org.junit.internal.runners.statements.InvokeMethod.evaluate(InvokeMethod.java:17)
	at org.junit.internal.runners.statements.FailOnTimeout$CallableStatement.call(FailOnTimeout.java:298)
	at org.junit.internal.runners.statements.FailOnTimeout$CallableStatement.call(FailOnTimeout.java:292)
	at java.util.concurrent.FutureTask.run(FutureTask.java:266)
	at java.lang.Thread.run(Thread.java:748)
91) test017(com.google.javascript.jscomp.TypeInference_ESTest)
org.evosuite.runtime.mock.java.lang.MockIllegalArgumentException: STRING_KEY 29 does not exist in graph
	at com.google.javascript.jscomp.graph.Graph.getNodeOrFail(Graph.java:222)
	at com.google.javascript.jscomp.graph.LinkedDirectedGraph.getOutEdges(LinkedDirectedGraph.java:129)
	at com.google.javascript.jscomp.TypeInference.branchedFlowThrough(TypeInference.java:207)
	at com.google.javascript.jscomp.TypeInference_ESTest.test017(TypeInference_ESTest.java:413)
	at sun.reflect.NativeMethodAccessorImpl.invoke0(Native Method)
	at sun.reflect.NativeMethodAccessorImpl.invoke(NativeMethodAccessorImpl.java:62)
	at sun.reflect.DelegatingMethodAccessorImpl.invoke(DelegatingMethodAccessorImpl.java:43)
	at java.lang.reflect.Method.invoke(Method.java:498)
	at org.junit.runners.model.FrameworkMethod$1.runReflectiveCall(FrameworkMethod.java:50)
	at org.junit.internal.runners.model.ReflectiveCallable.run(ReflectiveCallable.java:12)
	at org.junit.runners.model.FrameworkMethod.invokeExplosively(FrameworkMethod.java:47)
	at org.junit.internal.runners.statements.InvokeMethod.evaluate(InvokeMethod.java:17)
	at org.junit.internal.runners.statements.FailOnTimeout$CallableStatement.call(FailOnTimeout.java:298)
	at org.junit.internal.runners.statements.FailOnTimeout$CallableStatement.call(FailOnTimeout.java:292)
	at java.util.concurrent.FutureTask.run(FutureTask.java:266)
	at java.lang.Thread.run(Thread.java:748)
92) test138(com.google.javascript.jscomp.TypeInference_ESTest)
org.evosuite.runtime.mock.java.lang.MockIllegalArgumentException: SCRIPT 1 [synthetic: com.google.javascript.rhino.Node$IntPropListItem@0000000626] [source_file: com.google.javascript.rhino.Node$ObjectPropListItem@0000000627] [input_id: com.google.javascript.rhino.Node$ObjectPropListItem@0000000628] does not have a condition.
	at com.google.javascript.jscomp.NodeUtil.getConditionExpression(NodeUtil.java:1759)
	at com.google.javascript.jscomp.TypeInference.branchedFlowThrough(TypeInference.java:248)
	at com.google.javascript.jscomp.TypeInference_ESTest.test138(TypeInference_ESTest.java:2985)
	at sun.reflect.NativeMethodAccessorImpl.invoke0(Native Method)
	at sun.reflect.NativeMethodAccessorImpl.invoke(NativeMethodAccessorImpl.java:62)
	at sun.reflect.DelegatingMethodAccessorImpl.invoke(DelegatingMethodAccessorImpl.java:43)
	at java.lang.reflect.Method.invoke(Method.java:498)
	at org.junit.runners.model.FrameworkMethod$1.runReflectiveCall(FrameworkMethod.java:50)
	at org.junit.internal.runners.model.ReflectiveCallable.run(ReflectiveCallable.java:12)
	at org.junit.runners.model.FrameworkMethod.invokeExplosively(FrameworkMethod.java:47)
	at org.junit.internal.runners.statements.InvokeMethod.evaluate(InvokeMethod.java:17)
	at org.junit.internal.runners.statements.FailOnTimeout$CallableStatement.call(FailOnTimeout.java:298)
	at org.junit.internal.runners.statements.FailOnTimeout$CallableStatement.call(FailOnTimeout.java:292)
	at java.util.concurrent.FutureTask.run(FutureTask.java:266)
	at java.lang.Thread.run(Thread.java:748)
93) test019(com.google.javascript.jscomp.TypeInference_ESTest)
org.evosuite.runtime.mock.java.lang.MockIllegalArgumentException: DEBUGGER 46 does not exist in graph
	at com.google.javascript.jscomp.graph.Graph.getNodeOrFail(Graph.java:222)
	at com.google.javascript.jscomp.graph.LinkedDirectedGraph.getOutEdges(LinkedDirectedGraph.java:129)
	at com.google.javascript.jscomp.TypeInference.branchedFlowThrough(TypeInference.java:207)
	at com.google.javascript.jscomp.TypeInference_ESTest.test019(TypeInference_ESTest.java:457)
	at sun.reflect.NativeMethodAccessorImpl.invoke0(Native Method)
	at sun.reflect.NativeMethodAccessorImpl.invoke(NativeMethodAccessorImpl.java:62)
	at sun.reflect.DelegatingMethodAccessorImpl.invoke(DelegatingMethodAccessorImpl.java:43)
	at java.lang.reflect.Method.invoke(Method.java:498)
	at org.junit.runners.model.FrameworkMethod$1.runReflectiveCall(FrameworkMethod.java:50)
	at org.junit.internal.runners.model.ReflectiveCallable.run(ReflectiveCallable.java:12)
	at org.junit.runners.model.FrameworkMethod.invokeExplosively(FrameworkMethod.java:47)
	at org.junit.internal.runners.statements.InvokeMethod.evaluate(InvokeMethod.java:17)
	at org.junit.internal.runners.statements.FailOnTimeout$CallableStatement.call(FailOnTimeout.java:298)
	at org.junit.internal.runners.statements.FailOnTimeout$CallableStatement.call(FailOnTimeout.java:292)
	at java.util.concurrent.FutureTask.run(FutureTask.java:266)
	at java.lang.Thread.run(Thread.java:748)
94) test030(com.google.javascript.jscomp.TypeInference_ESTest)
org.evosuite.runtime.mock.java.lang.MockIllegalStateException: 141
	at com.google.javascript.rhino.Token.name(Token.java:287)
	at com.google.javascript.rhino.Node.toString(Node.java:955)
	at com.google.javascript.rhino.Node.toString(Node.java:946)
	at com.google.javascript.rhino.Node.toString(Node.java:938)
	at java.lang.String.valueOf(String.java:2994)
	at java.lang.StringBuilder.append(StringBuilder.java:131)
	at com.google.javascript.jscomp.graph.Graph.getNodeOrFail(Graph.java:222)
	at com.google.javascript.jscomp.graph.LinkedDirectedGraph.getOutEdges(LinkedDirectedGraph.java:129)
	at com.google.javascript.jscomp.TypeInference.branchedFlowThrough(TypeInference.java:207)
	at com.google.javascript.jscomp.TypeInference_ESTest.test030(TypeInference_ESTest.java:682)
	at sun.reflect.NativeMethodAccessorImpl.invoke0(Native Method)
	at sun.reflect.NativeMethodAccessorImpl.invoke(NativeMethodAccessorImpl.java:62)
	at sun.reflect.DelegatingMethodAccessorImpl.invoke(DelegatingMethodAccessorImpl.java:43)
	at java.lang.reflect.Method.invoke(Method.java:498)
	at org.junit.runners.model.FrameworkMethod$1.runReflectiveCall(FrameworkMethod.java:50)
	at org.junit.internal.runners.model.ReflectiveCallable.run(ReflectiveCallable.java:12)
	at org.junit.runners.model.FrameworkMethod.invokeExplosively(FrameworkMethod.java:47)
	at org.junit.internal.runners.statements.InvokeMethod.evaluate(InvokeMethod.java:17)
	at org.junit.internal.runners.statements.FailOnTimeout$CallableStatement.call(FailOnTimeout.java:298)
	at org.junit.internal.runners.statements.FailOnTimeout$CallableStatement.call(FailOnTimeout.java:292)
	at java.util.concurrent.FutureTask.run(FutureTask.java:266)
	at java.lang.Thread.run(Thread.java:748)
95) test032(com.google.javascript.jscomp.TypeInference_ESTest)
org.evosuite.runtime.mock.java.lang.MockIllegalStateException: 139
	at com.google.javascript.rhino.Token.name(Token.java:287)
	at com.google.javascript.rhino.Node.toString(Node.java:955)
	at com.google.javascript.rhino.Node.toString(Node.java:946)
	at com.google.javascript.rhino.Node.toString(Node.java:938)
	at java.lang.String.valueOf(String.java:2994)
	at java.lang.StringBuilder.append(StringBuilder.java:131)
	at com.google.javascript.jscomp.graph.Graph.getNodeOrFail(Graph.java:222)
	at com.google.javascript.jscomp.graph.LinkedDirectedGraph.getOutEdges(LinkedDirectedGraph.java:129)
	at com.google.javascript.jscomp.TypeInference.branchedFlowThrough(TypeInference.java:207)
	at com.google.javascript.jscomp.TypeInference_ESTest.test032(TypeInference_ESTest.java:726)
	at sun.reflect.NativeMethodAccessorImpl.invoke0(Native Method)
	at sun.reflect.NativeMethodAccessorImpl.invoke(NativeMethodAccessorImpl.java:62)
	at sun.reflect.DelegatingMethodAccessorImpl.invoke(DelegatingMethodAccessorImpl.java:43)
	at java.lang.reflect.Method.invoke(Method.java:498)
	at org.junit.runners.model.FrameworkMethod$1.runReflectiveCall(FrameworkMethod.java:50)
	at org.junit.internal.runners.model.ReflectiveCallable.run(ReflectiveCallable.java:12)
	at org.junit.runners.model.FrameworkMethod.invokeExplosively(FrameworkMethod.java:47)
	at org.junit.internal.runners.statements.InvokeMethod.evaluate(InvokeMethod.java:17)
	at org.junit.internal.runners.statements.FailOnTimeout$CallableStatement.call(FailOnTimeout.java:298)
	at org.junit.internal.runners.statements.FailOnTimeout$CallableStatement.call(FailOnTimeout.java:292)
	at java.util.concurrent.FutureTask.run(FutureTask.java:266)
	at java.lang.Thread.run(Thread.java:748)
96) test031(com.google.javascript.jscomp.TypeInference_ESTest)
org.evosuite.runtime.mock.java.lang.MockIllegalStateException: 140
	at com.google.javascript.rhino.Token.name(Token.java:287)
	at com.google.javascript.rhino.Node.toString(Node.java:955)
	at com.google.javascript.rhino.Node.toString(Node.java:946)
	at com.google.javascript.rhino.Node.toString(Node.java:938)
	at java.lang.String.valueOf(String.java:2994)
	at java.lang.StringBuilder.append(StringBuilder.java:131)
	at com.google.javascript.jscomp.graph.Graph.getNodeOrFail(Graph.java:222)
	at com.google.javascript.jscomp.graph.LinkedDirectedGraph.getOutEdges(LinkedDirectedGraph.java:129)
	at com.google.javascript.jscomp.TypeInference.branchedFlowThrough(TypeInference.java:207)
	at com.google.javascript.jscomp.TypeInference_ESTest.test031(TypeInference_ESTest.java:704)
	at sun.reflect.NativeMethodAccessorImpl.invoke0(Native Method)
	at sun.reflect.NativeMethodAccessorImpl.invoke(NativeMethodAccessorImpl.java:62)
	at sun.reflect.DelegatingMethodAccessorImpl.invoke(DelegatingMethodAccessorImpl.java:43)
	at java.lang.reflect.Method.invoke(Method.java:498)
	at org.junit.runners.model.FrameworkMethod$1.runReflectiveCall(FrameworkMethod.java:50)
	at org.junit.internal.runners.model.ReflectiveCallable.run(ReflectiveCallable.java:12)
	at org.junit.runners.model.FrameworkMethod.invokeExplosively(FrameworkMethod.java:47)
	at org.junit.internal.runners.statements.InvokeMethod.evaluate(InvokeMethod.java:17)
	at org.junit.internal.runners.statements.FailOnTimeout$CallableStatement.call(FailOnTimeout.java:298)
	at org.junit.internal.runners.statements.FailOnTimeout$CallableStatement.call(FailOnTimeout.java:292)
	at java.util.concurrent.FutureTask.run(FutureTask.java:266)
	at java.lang.Thread.run(Thread.java:748)
97) test034(com.google.javascript.jscomp.TypeInference_ESTest)
org.evosuite.runtime.mock.java.lang.MockIllegalStateException: 137
	at com.google.javascript.rhino.Token.name(Token.java:287)
	at com.google.javascript.rhino.Node.toString(Node.java:955)
	at com.google.javascript.rhino.Node.toString(Node.java:946)
	at com.google.javascript.rhino.Node.toString(Node.java:938)
	at java.lang.String.valueOf(String.java:2994)
	at java.lang.StringBuilder.append(StringBuilder.java:131)
	at com.google.javascript.jscomp.graph.Graph.getNodeOrFail(Graph.java:222)
	at com.google.javascript.jscomp.graph.LinkedDirectedGraph.getOutEdges(LinkedDirectedGraph.java:129)
	at com.google.javascript.jscomp.TypeInference.branchedFlowThrough(TypeInference.java:207)
	at com.google.javascript.jscomp.TypeInference_ESTest.test034(TypeInference_ESTest.java:770)
	at sun.reflect.NativeMethodAccessorImpl.invoke0(Native Method)
	at sun.reflect.NativeMethodAccessorImpl.invoke(NativeMethodAccessorImpl.java:62)
	at sun.reflect.DelegatingMethodAccessorImpl.invoke(DelegatingMethodAccessorImpl.java:43)
	at java.lang.reflect.Method.invoke(Method.java:498)
	at org.junit.runners.model.FrameworkMethod$1.runReflectiveCall(FrameworkMethod.java:50)
	at org.junit.internal.runners.model.ReflectiveCallable.run(ReflectiveCallable.java:12)
	at org.junit.runners.model.FrameworkMethod.invokeExplosively(FrameworkMethod.java:47)
	at org.junit.internal.runners.statements.InvokeMethod.evaluate(InvokeMethod.java:17)
	at org.junit.internal.runners.statements.FailOnTimeout$CallableStatement.call(FailOnTimeout.java:298)
	at org.junit.internal.runners.statements.FailOnTimeout$CallableStatement.call(FailOnTimeout.java:292)
	at java.util.concurrent.FutureTask.run(FutureTask.java:266)
	at java.lang.Thread.run(Thread.java:748)
98) test033(com.google.javascript.jscomp.TypeInference_ESTest)
org.evosuite.runtime.mock.java.lang.MockIllegalStateException: 138
	at com.google.javascript.rhino.Token.name(Token.java:287)
	at com.google.javascript.rhino.Node.toString(Node.java:955)
	at com.google.javascript.rhino.Node.toString(Node.java:946)
	at com.google.javascript.rhino.Node.toString(Node.java:938)
	at java.lang.String.valueOf(String.java:2994)
	at java.lang.StringBuilder.append(StringBuilder.java:131)
	at com.google.javascript.jscomp.graph.Graph.getNodeOrFail(Graph.java:222)
	at com.google.javascript.jscomp.graph.LinkedDirectedGraph.getOutEdges(LinkedDirectedGraph.java:129)
	at com.google.javascript.jscomp.TypeInference.branchedFlowThrough(TypeInference.java:207)
	at com.google.javascript.jscomp.TypeInference_ESTest.test033(TypeInference_ESTest.java:748)
	at sun.reflect.NativeMethodAccessorImpl.invoke0(Native Method)
	at sun.reflect.NativeMethodAccessorImpl.invoke(NativeMethodAccessorImpl.java:62)
	at sun.reflect.DelegatingMethodAccessorImpl.invoke(DelegatingMethodAccessorImpl.java:43)
	at java.lang.reflect.Method.invoke(Method.java:498)
	at org.junit.runners.model.FrameworkMethod$1.runReflectiveCall(FrameworkMethod.java:50)
	at org.junit.internal.runners.model.ReflectiveCallable.run(ReflectiveCallable.java:12)
	at org.junit.runners.model.FrameworkMethod.invokeExplosively(FrameworkMethod.java:47)
	at org.junit.internal.runners.statements.InvokeMethod.evaluate(InvokeMethod.java:17)
	at org.junit.internal.runners.statements.FailOnTimeout$CallableStatement.call(FailOnTimeout.java:298)
	at org.junit.internal.runners.statements.FailOnTimeout$CallableStatement.call(FailOnTimeout.java:292)
	at java.util.concurrent.FutureTask.run(FutureTask.java:266)
	at java.lang.Thread.run(Thread.java:748)
99) test025(com.google.javascript.jscomp.TypeInference_ESTest)
org.evosuite.runtime.mock.java.lang.MockIllegalStateException: 146
	at com.google.javascript.rhino.Token.name(Token.java:287)
	at com.google.javascript.rhino.Node.toString(Node.java:955)
	at com.google.javascript.rhino.Node.toString(Node.java:946)
	at com.google.javascript.rhino.Node.toString(Node.java:938)
	at java.lang.String.valueOf(String.java:2994)
	at java.lang.StringBuilder.append(StringBuilder.java:131)
	at com.google.javascript.jscomp.graph.Graph.getNodeOrFail(Graph.java:222)
	at com.google.javascript.jscomp.graph.LinkedDirectedGraph.getOutEdges(LinkedDirectedGraph.java:129)
	at com.google.javascript.jscomp.TypeInference.branchedFlowThrough(TypeInference.java:207)
	at com.google.javascript.jscomp.TypeInference_ESTest.test025(TypeInference_ESTest.java:589)
	at sun.reflect.NativeMethodAccessorImpl.invoke0(Native Method)
	at sun.reflect.NativeMethodAccessorImpl.invoke(NativeMethodAccessorImpl.java:62)
	at sun.reflect.DelegatingMethodAccessorImpl.invoke(DelegatingMethodAccessorImpl.java:43)
	at java.lang.reflect.Method.invoke(Method.java:498)
	at org.junit.runners.model.FrameworkMethod$1.runReflectiveCall(FrameworkMethod.java:50)
	at org.junit.internal.runners.model.ReflectiveCallable.run(ReflectiveCallable.java:12)
	at org.junit.runners.model.FrameworkMethod.invokeExplosively(FrameworkMethod.java:47)
	at org.junit.internal.runners.statements.InvokeMethod.evaluate(InvokeMethod.java:17)
	at org.junit.internal.runners.statements.FailOnTimeout$CallableStatement.call(FailOnTimeout.java:298)
	at org.junit.internal.runners.statements.FailOnTimeout$CallableStatement.call(FailOnTimeout.java:292)
	at java.util.concurrent.FutureTask.run(FutureTask.java:266)
	at java.lang.Thread.run(Thread.java:748)
100) test024(com.google.javascript.jscomp.TypeInference_ESTest)
org.evosuite.runtime.mock.java.lang.MockIllegalArgumentException: GETTER_DEF 56 does not exist in graph
	at com.google.javascript.jscomp.graph.Graph.getNodeOrFail(Graph.java:222)
	at com.google.javascript.jscomp.graph.LinkedDirectedGraph.getOutEdges(LinkedDirectedGraph.java:129)
	at com.google.javascript.jscomp.TypeInference.branchedFlowThrough(TypeInference.java:207)
	at com.google.javascript.jscomp.TypeInference_ESTest.test024(TypeInference_ESTest.java:567)
	at sun.reflect.NativeMethodAccessorImpl.invoke0(Native Method)
	at sun.reflect.NativeMethodAccessorImpl.invoke(NativeMethodAccessorImpl.java:62)
	at sun.reflect.DelegatingMethodAccessorImpl.invoke(DelegatingMethodAccessorImpl.java:43)
	at java.lang.reflect.Method.invoke(Method.java:498)
	at org.junit.runners.model.FrameworkMethod$1.runReflectiveCall(FrameworkMethod.java:50)
	at org.junit.internal.runners.model.ReflectiveCallable.run(ReflectiveCallable.java:12)
	at org.junit.runners.model.FrameworkMethod.invokeExplosively(FrameworkMethod.java:47)
	at org.junit.internal.runners.statements.InvokeMethod.evaluate(InvokeMethod.java:17)
	at org.junit.internal.runners.statements.FailOnTimeout$CallableStatement.call(FailOnTimeout.java:298)
	at org.junit.internal.runners.statements.FailOnTimeout$CallableStatement.call(FailOnTimeout.java:292)
	at java.util.concurrent.FutureTask.run(FutureTask.java:266)
	at java.lang.Thread.run(Thread.java:748)
101) test029(com.google.javascript.jscomp.TypeInference_ESTest)
org.evosuite.runtime.mock.java.lang.MockIllegalStateException: 142
	at com.google.javascript.rhino.Token.name(Token.java:287)
	at com.google.javascript.rhino.Node.toString(Node.java:955)
	at com.google.javascript.rhino.Node.toString(Node.java:946)
	at com.google.javascript.rhino.Node.toString(Node.java:938)
	at java.lang.String.valueOf(String.java:2994)
	at java.lang.StringBuilder.append(StringBuilder.java:131)
	at com.google.javascript.jscomp.graph.Graph.getNodeOrFail(Graph.java:222)
	at com.google.javascript.jscomp.graph.LinkedDirectedGraph.getOutEdges(LinkedDirectedGraph.java:129)
	at com.google.javascript.jscomp.TypeInference.branchedFlowThrough(TypeInference.java:207)
	at com.google.javascript.jscomp.TypeInference_ESTest.test029(TypeInference_ESTest.java:660)
	at sun.reflect.NativeMethodAccessorImpl.invoke0(Native Method)
	at sun.reflect.NativeMethodAccessorImpl.invoke(NativeMethodAccessorImpl.java:62)
	at sun.reflect.DelegatingMethodAccessorImpl.invoke(DelegatingMethodAccessorImpl.java:43)
	at java.lang.reflect.Method.invoke(Method.java:498)
	at org.junit.runners.model.FrameworkMethod$1.runReflectiveCall(FrameworkMethod.java:50)
	at org.junit.internal.runners.model.ReflectiveCallable.run(ReflectiveCallable.java:12)
	at org.junit.runners.model.FrameworkMethod.invokeExplosively(FrameworkMethod.java:47)
	at org.junit.internal.runners.statements.InvokeMethod.evaluate(InvokeMethod.java:17)
	at org.junit.internal.runners.statements.FailOnTimeout$CallableStatement.call(FailOnTimeout.java:298)
	at org.junit.internal.runners.statements.FailOnTimeout$CallableStatement.call(FailOnTimeout.java:292)
	at java.util.concurrent.FutureTask.run(FutureTask.java:266)
	at java.lang.Thread.run(Thread.java:748)
102) test028(com.google.javascript.jscomp.TypeInference_ESTest)
org.evosuite.runtime.mock.java.lang.MockIllegalStateException: 143
	at com.google.javascript.rhino.Token.name(Token.java:287)
	at com.google.javascript.rhino.Node.toString(Node.java:955)
	at com.google.javascript.rhino.Node.toString(Node.java:946)
	at com.google.javascript.rhino.Node.toString(Node.java:938)
	at java.lang.String.valueOf(String.java:2994)
	at java.lang.StringBuilder.append(StringBuilder.java:131)
	at com.google.javascript.jscomp.graph.Graph.getNodeOrFail(Graph.java:222)
	at com.google.javascript.jscomp.graph.LinkedDirectedGraph.getOutEdges(LinkedDirectedGraph.java:129)
	at com.google.javascript.jscomp.TypeInference.branchedFlowThrough(TypeInference.java:207)
	at com.google.javascript.jscomp.TypeInference_ESTest.test028(TypeInference_ESTest.java:638)
	at sun.reflect.NativeMethodAccessorImpl.invoke0(Native Method)
	at sun.reflect.NativeMethodAccessorImpl.invoke(NativeMethodAccessorImpl.java:62)
	at sun.reflect.DelegatingMethodAccessorImpl.invoke(DelegatingMethodAccessorImpl.java:43)
	at java.lang.reflect.Method.invoke(Method.java:498)
	at org.junit.runners.model.FrameworkMethod$1.runReflectiveCall(FrameworkMethod.java:50)
	at org.junit.internal.runners.model.ReflectiveCallable.run(ReflectiveCallable.java:12)
	at org.junit.runners.model.FrameworkMethod.invokeExplosively(FrameworkMethod.java:47)
	at org.junit.internal.runners.statements.InvokeMethod.evaluate(InvokeMethod.java:17)
	at org.junit.internal.runners.statements.FailOnTimeout$CallableStatement.call(FailOnTimeout.java:298)
	at org.junit.internal.runners.statements.FailOnTimeout$CallableStatement.call(FailOnTimeout.java:292)
	at java.util.concurrent.FutureTask.run(FutureTask.java:266)
	at java.lang.Thread.run(Thread.java:748)
103) test041(com.google.javascript.jscomp.TypeInference_ESTest)
org.evosuite.runtime.mock.java.lang.MockIllegalStateException: 129
	at com.google.javascript.rhino.Token.name(Token.java:287)
	at com.google.javascript.rhino.Node.toString(Node.java:955)
	at com.google.javascript.rhino.Node.toString(Node.java:946)
	at com.google.javascript.rhino.Node.toString(Node.java:938)
	at java.lang.String.valueOf(String.java:2994)
	at java.lang.StringBuilder.append(StringBuilder.java:131)
	at com.google.javascript.jscomp.graph.Graph.getNodeOrFail(Graph.java:222)
	at com.google.javascript.jscomp.graph.LinkedDirectedGraph.getOutEdges(LinkedDirectedGraph.java:129)
	at com.google.javascript.jscomp.TypeInference.branchedFlowThrough(TypeInference.java:207)
	at com.google.javascript.jscomp.TypeInference_ESTest.test041(TypeInference_ESTest.java:924)
	at sun.reflect.NativeMethodAccessorImpl.invoke0(Native Method)
	at sun.reflect.NativeMethodAccessorImpl.invoke(NativeMethodAccessorImpl.java:62)
	at sun.reflect.DelegatingMethodAccessorImpl.invoke(DelegatingMethodAccessorImpl.java:43)
	at java.lang.reflect.Method.invoke(Method.java:498)
	at org.junit.runners.model.FrameworkMethod$1.runReflectiveCall(FrameworkMethod.java:50)
	at org.junit.internal.runners.model.ReflectiveCallable.run(ReflectiveCallable.java:12)
	at org.junit.runners.model.FrameworkMethod.invokeExplosively(FrameworkMethod.java:47)
	at org.junit.internal.runners.statements.InvokeMethod.evaluate(InvokeMethod.java:17)
	at org.junit.internal.runners.statements.FailOnTimeout$CallableStatement.call(FailOnTimeout.java:298)
	at org.junit.internal.runners.statements.FailOnTimeout$CallableStatement.call(FailOnTimeout.java:292)
	at java.util.concurrent.FutureTask.run(FutureTask.java:266)
	at java.lang.Thread.run(Thread.java:748)
104) test040(com.google.javascript.jscomp.TypeInference_ESTest)
java.lang.NullPointerException
	at com.google.javascript.jscomp.TypeInference.traverse(TypeInference.java:432)
	at com.google.javascript.jscomp.TypeInference.flowThrough(TypeInference.java:190)
	at com.google.javascript.jscomp.TypeInference.branchedFlowThrough(TypeInference.java:202)
	at com.google.javascript.jscomp.TypeInference_ESTest.test040(TypeInference_ESTest.java:902)
	at sun.reflect.NativeMethodAccessorImpl.invoke0(Native Method)
	at sun.reflect.NativeMethodAccessorImpl.invoke(NativeMethodAccessorImpl.java:62)
	at sun.reflect.DelegatingMethodAccessorImpl.invoke(DelegatingMethodAccessorImpl.java:43)
	at java.lang.reflect.Method.invoke(Method.java:498)
	at org.junit.runners.model.FrameworkMethod$1.runReflectiveCall(FrameworkMethod.java:50)
	at org.junit.internal.runners.model.ReflectiveCallable.run(ReflectiveCallable.java:12)
	at org.junit.runners.model.FrameworkMethod.invokeExplosively(FrameworkMethod.java:47)
	at org.junit.internal.runners.statements.InvokeMethod.evaluate(InvokeMethod.java:17)
	at org.junit.internal.runners.statements.FailOnTimeout$CallableStatement.call(FailOnTimeout.java:298)
	at org.junit.internal.runners.statements.FailOnTimeout$CallableStatement.call(FailOnTimeout.java:292)
	at java.util.concurrent.FutureTask.run(FutureTask.java:266)
	at java.lang.Thread.run(Thread.java:748)
105) test043(com.google.javascript.jscomp.TypeInference_ESTest)
org.evosuite.runtime.mock.java.lang.MockIllegalStateException: 127
	at com.google.javascript.rhino.Token.name(Token.java:287)
	at com.google.javascript.rhino.Node.toString(Node.java:955)
	at com.google.javascript.rhino.Node.toString(Node.java:946)
	at com.google.javascript.rhino.Node.toString(Node.java:938)
	at java.lang.String.valueOf(String.java:2994)
	at java.lang.StringBuilder.append(StringBuilder.java:131)
	at com.google.javascript.jscomp.graph.Graph.getNodeOrFail(Graph.java:222)
	at com.google.javascript.jscomp.graph.LinkedDirectedGraph.getOutEdges(LinkedDirectedGraph.java:129)
	at com.google.javascript.jscomp.TypeInference.branchedFlowThrough(TypeInference.java:207)
	at com.google.javascript.jscomp.TypeInference_ESTest.test043(TypeInference_ESTest.java:968)
	at sun.reflect.NativeMethodAccessorImpl.invoke0(Native Method)
	at sun.reflect.NativeMethodAccessorImpl.invoke(NativeMethodAccessorImpl.java:62)
	at sun.reflect.DelegatingMethodAccessorImpl.invoke(DelegatingMethodAccessorImpl.java:43)
	at java.lang.reflect.Method.invoke(Method.java:498)
	at org.junit.runners.model.FrameworkMethod$1.runReflectiveCall(FrameworkMethod.java:50)
	at org.junit.internal.runners.model.ReflectiveCallable.run(ReflectiveCallable.java:12)
	at org.junit.runners.model.FrameworkMethod.invokeExplosively(FrameworkMethod.java:47)
	at org.junit.internal.runners.statements.InvokeMethod.evaluate(InvokeMethod.java:17)
	at org.junit.internal.runners.statements.FailOnTimeout$CallableStatement.call(FailOnTimeout.java:298)
	at org.junit.internal.runners.statements.FailOnTimeout$CallableStatement.call(FailOnTimeout.java:292)
	at java.util.concurrent.FutureTask.run(FutureTask.java:266)
	at java.lang.Thread.run(Thread.java:748)
106) test042(com.google.javascript.jscomp.TypeInference_ESTest)
org.evosuite.runtime.mock.java.lang.MockIllegalStateException: 128
	at com.google.javascript.rhino.Token.name(Token.java:287)
	at com.google.javascript.rhino.Node.toString(Node.java:955)
	at com.google.javascript.rhino.Node.toString(Node.java:946)
	at com.google.javascript.rhino.Node.toString(Node.java:938)
	at java.lang.String.valueOf(String.java:2994)
	at java.lang.StringBuilder.append(StringBuilder.java:131)
	at com.google.javascript.jscomp.graph.Graph.getNodeOrFail(Graph.java:222)
	at com.google.javascript.jscomp.graph.LinkedDirectedGraph.getOutEdges(LinkedDirectedGraph.java:129)
	at com.google.javascript.jscomp.TypeInference.branchedFlowThrough(TypeInference.java:207)
	at com.google.javascript.jscomp.TypeInference_ESTest.test042(TypeInference_ESTest.java:946)
	at sun.reflect.NativeMethodAccessorImpl.invoke0(Native Method)
	at sun.reflect.NativeMethodAccessorImpl.invoke(NativeMethodAccessorImpl.java:62)
	at sun.reflect.DelegatingMethodAccessorImpl.invoke(DelegatingMethodAccessorImpl.java:43)
	at java.lang.reflect.Method.invoke(Method.java:498)
	at org.junit.runners.model.FrameworkMethod$1.runReflectiveCall(FrameworkMethod.java:50)
	at org.junit.internal.runners.model.ReflectiveCallable.run(ReflectiveCallable.java:12)
	at org.junit.runners.model.FrameworkMethod.invokeExplosively(FrameworkMethod.java:47)
	at org.junit.internal.runners.statements.InvokeMethod.evaluate(InvokeMethod.java:17)
	at org.junit.internal.runners.statements.FailOnTimeout$CallableStatement.call(FailOnTimeout.java:298)
	at org.junit.internal.runners.statements.FailOnTimeout$CallableStatement.call(FailOnTimeout.java:292)
	at java.util.concurrent.FutureTask.run(FutureTask.java:266)
	at java.lang.Thread.run(Thread.java:748)
107) test045(com.google.javascript.jscomp.TypeInference_ESTest)
org.evosuite.runtime.mock.java.lang.MockIllegalArgumentException: BLOCK does not exist in graph
	at com.google.javascript.jscomp.graph.Graph.getNodeOrFail(Graph.java:222)
	at com.google.javascript.jscomp.graph.LinkedDirectedGraph.getOutEdges(LinkedDirectedGraph.java:129)
	at com.google.javascript.jscomp.TypeInference.branchedFlowThrough(TypeInference.java:207)
	at com.google.javascript.jscomp.TypeInference_ESTest.test045(TypeInference_ESTest.java:1012)
	at sun.reflect.NativeMethodAccessorImpl.invoke0(Native Method)
	at sun.reflect.NativeMethodAccessorImpl.invoke(NativeMethodAccessorImpl.java:62)
	at sun.reflect.DelegatingMethodAccessorImpl.invoke(DelegatingMethodAccessorImpl.java:43)
	at java.lang.reflect.Method.invoke(Method.java:498)
	at org.junit.runners.model.FrameworkMethod$1.runReflectiveCall(FrameworkMethod.java:50)
	at org.junit.internal.runners.model.ReflectiveCallable.run(ReflectiveCallable.java:12)
	at org.junit.runners.model.FrameworkMethod.invokeExplosively(FrameworkMethod.java:47)
	at org.junit.internal.runners.statements.InvokeMethod.evaluate(InvokeMethod.java:17)
	at org.junit.internal.runners.statements.FailOnTimeout$CallableStatement.call(FailOnTimeout.java:298)
	at org.junit.internal.runners.statements.FailOnTimeout$CallableStatement.call(FailOnTimeout.java:292)
	at java.util.concurrent.FutureTask.run(FutureTask.java:266)
	at java.lang.Thread.run(Thread.java:748)
108) test044(com.google.javascript.jscomp.TypeInference_ESTest)
org.evosuite.runtime.mock.java.lang.MockIllegalArgumentException: LABEL does not exist in graph
	at com.google.javascript.jscomp.graph.Graph.getNodeOrFail(Graph.java:222)
	at com.google.javascript.jscomp.graph.LinkedDirectedGraph.getOutEdges(LinkedDirectedGraph.java:129)
	at com.google.javascript.jscomp.TypeInference.branchedFlowThrough(TypeInference.java:207)
	at com.google.javascript.jscomp.TypeInference_ESTest.test044(TypeInference_ESTest.java:990)
	at sun.reflect.NativeMethodAccessorImpl.invoke0(Native Method)
	at sun.reflect.NativeMethodAccessorImpl.invoke(NativeMethodAccessorImpl.java:62)
	at sun.reflect.DelegatingMethodAccessorImpl.invoke(DelegatingMethodAccessorImpl.java:43)
	at java.lang.reflect.Method.invoke(Method.java:498)
	at org.junit.runners.model.FrameworkMethod$1.runReflectiveCall(FrameworkMethod.java:50)
	at org.junit.internal.runners.model.ReflectiveCallable.run(ReflectiveCallable.java:12)
	at org.junit.runners.model.FrameworkMethod.invokeExplosively(FrameworkMethod.java:47)
	at org.junit.internal.runners.statements.InvokeMethod.evaluate(InvokeMethod.java:17)
	at org.junit.internal.runners.statements.FailOnTimeout$CallableStatement.call(FailOnTimeout.java:298)
	at org.junit.internal.runners.statements.FailOnTimeout$CallableStatement.call(FailOnTimeout.java:292)
	at java.util.concurrent.FutureTask.run(FutureTask.java:266)
	at java.lang.Thread.run(Thread.java:748)
109) test036(com.google.javascript.jscomp.TypeInference_ESTest)
org.evosuite.runtime.mock.java.lang.MockIllegalStateException: 135
	at com.google.javascript.rhino.Token.name(Token.java:287)
	at com.google.javascript.rhino.Node.toString(Node.java:955)
	at com.google.javascript.rhino.Node.toString(Node.java:946)
	at com.google.javascript.rhino.Node.toString(Node.java:938)
	at java.lang.String.valueOf(String.java:2994)
	at java.lang.StringBuilder.append(StringBuilder.java:131)
	at com.google.javascript.jscomp.graph.Graph.getNodeOrFail(Graph.java:222)
	at com.google.javascript.jscomp.graph.LinkedDirectedGraph.getOutEdges(LinkedDirectedGraph.java:129)
	at com.google.javascript.jscomp.TypeInference.branchedFlowThrough(TypeInference.java:207)
	at com.google.javascript.jscomp.TypeInference_ESTest.test036(TypeInference_ESTest.java:814)
	at sun.reflect.NativeMethodAccessorImpl.invoke0(Native Method)
	at sun.reflect.NativeMethodAccessorImpl.invoke(NativeMethodAccessorImpl.java:62)
	at sun.reflect.DelegatingMethodAccessorImpl.invoke(DelegatingMethodAccessorImpl.java:43)
	at java.lang.reflect.Method.invoke(Method.java:498)
	at org.junit.runners.model.FrameworkMethod$1.runReflectiveCall(FrameworkMethod.java:50)
	at org.junit.internal.runners.model.ReflectiveCallable.run(ReflectiveCallable.java:12)
	at org.junit.runners.model.FrameworkMethod.invokeExplosively(FrameworkMethod.java:47)
	at org.junit.internal.runners.statements.InvokeMethod.evaluate(InvokeMethod.java:17)
	at org.junit.internal.runners.statements.FailOnTimeout$CallableStatement.call(FailOnTimeout.java:298)
	at org.junit.internal.runners.statements.FailOnTimeout$CallableStatement.call(FailOnTimeout.java:292)
	at java.util.concurrent.FutureTask.run(FutureTask.java:266)
	at java.lang.Thread.run(Thread.java:748)
110) test035(com.google.javascript.jscomp.TypeInference_ESTest)
org.evosuite.runtime.mock.java.lang.MockIllegalStateException: 136
	at com.google.javascript.rhino.Token.name(Token.java:287)
	at com.google.javascript.rhino.Node.toString(Node.java:955)
	at com.google.javascript.rhino.Node.toString(Node.java:946)
	at com.google.javascript.rhino.Node.toString(Node.java:938)
	at java.lang.String.valueOf(String.java:2994)
	at java.lang.StringBuilder.append(StringBuilder.java:131)
	at com.google.javascript.jscomp.graph.Graph.getNodeOrFail(Graph.java:222)
	at com.google.javascript.jscomp.graph.LinkedDirectedGraph.getOutEdges(LinkedDirectedGraph.java:129)
	at com.google.javascript.jscomp.TypeInference.branchedFlowThrough(TypeInference.java:207)
	at com.google.javascript.jscomp.TypeInference_ESTest.test035(TypeInference_ESTest.java:792)
	at sun.reflect.NativeMethodAccessorImpl.invoke0(Native Method)
	at sun.reflect.NativeMethodAccessorImpl.invoke(NativeMethodAccessorImpl.java:62)
	at sun.reflect.DelegatingMethodAccessorImpl.invoke(DelegatingMethodAccessorImpl.java:43)
	at java.lang.reflect.Method.invoke(Method.java:498)
	at org.junit.runners.model.FrameworkMethod$1.runReflectiveCall(FrameworkMethod.java:50)
	at org.junit.internal.runners.model.ReflectiveCallable.run(ReflectiveCallable.java:12)
	at org.junit.runners.model.FrameworkMethod.invokeExplosively(FrameworkMethod.java:47)
	at org.junit.internal.runners.statements.InvokeMethod.evaluate(InvokeMethod.java:17)
	at org.junit.internal.runners.statements.FailOnTimeout$CallableStatement.call(FailOnTimeout.java:298)
	at org.junit.internal.runners.statements.FailOnTimeout$CallableStatement.call(FailOnTimeout.java:292)
	at java.util.concurrent.FutureTask.run(FutureTask.java:266)
	at java.lang.Thread.run(Thread.java:748)
111) test038(com.google.javascript.jscomp.TypeInference_ESTest)
org.evosuite.runtime.mock.java.lang.MockIllegalStateException: 133
	at com.google.javascript.rhino.Token.name(Token.java:287)
	at com.google.javascript.rhino.Node.toString(Node.java:955)
	at com.google.javascript.rhino.Node.toString(Node.java:946)
	at com.google.javascript.rhino.Node.toString(Node.java:938)
	at java.lang.String.valueOf(String.java:2994)
	at java.lang.StringBuilder.append(StringBuilder.java:131)
	at com.google.javascript.jscomp.graph.Graph.getNodeOrFail(Graph.java:222)
	at com.google.javascript.jscomp.graph.LinkedDirectedGraph.getOutEdges(LinkedDirectedGraph.java:129)
	at com.google.javascript.jscomp.TypeInference.branchedFlowThrough(TypeInference.java:207)
	at com.google.javascript.jscomp.TypeInference_ESTest.test038(TypeInference_ESTest.java:858)
	at sun.reflect.NativeMethodAccessorImpl.invoke0(Native Method)
	at sun.reflect.NativeMethodAccessorImpl.invoke(NativeMethodAccessorImpl.java:62)
	at sun.reflect.DelegatingMethodAccessorImpl.invoke(DelegatingMethodAccessorImpl.java:43)
	at java.lang.reflect.Method.invoke(Method.java:498)
	at org.junit.runners.model.FrameworkMethod$1.runReflectiveCall(FrameworkMethod.java:50)
	at org.junit.internal.runners.model.ReflectiveCallable.run(ReflectiveCallable.java:12)
	at org.junit.runners.model.FrameworkMethod.invokeExplosively(FrameworkMethod.java:47)
	at org.junit.internal.runners.statements.InvokeMethod.evaluate(InvokeMethod.java:17)
	at org.junit.internal.runners.statements.FailOnTimeout$CallableStatement.call(FailOnTimeout.java:298)
	at org.junit.internal.runners.statements.FailOnTimeout$CallableStatement.call(FailOnTimeout.java:292)
	at java.util.concurrent.FutureTask.run(FutureTask.java:266)
	at java.lang.Thread.run(Thread.java:748)
112) test037(com.google.javascript.jscomp.TypeInference_ESTest)
org.evosuite.runtime.mock.java.lang.MockIllegalStateException: 134
	at com.google.javascript.rhino.Token.name(Token.java:287)
	at com.google.javascript.rhino.Node.toString(Node.java:955)
	at com.google.javascript.rhino.Node.toString(Node.java:946)
	at com.google.javascript.rhino.Node.toString(Node.java:938)
	at java.lang.String.valueOf(String.java:2994)
	at java.lang.StringBuilder.append(StringBuilder.java:131)
	at com.google.javascript.jscomp.graph.Graph.getNodeOrFail(Graph.java:222)
	at com.google.javascript.jscomp.graph.LinkedDirectedGraph.getOutEdges(LinkedDirectedGraph.java:129)
	at com.google.javascript.jscomp.TypeInference.branchedFlowThrough(TypeInference.java:207)
	at com.google.javascript.jscomp.TypeInference_ESTest.test037(TypeInference_ESTest.java:836)
	at sun.reflect.NativeMethodAccessorImpl.invoke0(Native Method)
	at sun.reflect.NativeMethodAccessorImpl.invoke(NativeMethodAccessorImpl.java:62)
	at sun.reflect.DelegatingMethodAccessorImpl.invoke(DelegatingMethodAccessorImpl.java:43)
	at java.lang.reflect.Method.invoke(Method.java:498)
	at org.junit.runners.model.FrameworkMethod$1.runReflectiveCall(FrameworkMethod.java:50)
	at org.junit.internal.runners.model.ReflectiveCallable.run(ReflectiveCallable.java:12)
	at org.junit.runners.model.FrameworkMethod.invokeExplosively(FrameworkMethod.java:47)
	at org.junit.internal.runners.statements.InvokeMethod.evaluate(InvokeMethod.java:17)
	at org.junit.internal.runners.statements.FailOnTimeout$CallableStatement.call(FailOnTimeout.java:298)
	at org.junit.internal.runners.statements.FailOnTimeout$CallableStatement.call(FailOnTimeout.java:292)
	at java.util.concurrent.FutureTask.run(FutureTask.java:266)
	at java.lang.Thread.run(Thread.java:748)
113) test039(com.google.javascript.jscomp.TypeInference_ESTest)
org.evosuite.runtime.mock.java.lang.MockIllegalStateException: 131
	at com.google.javascript.rhino.Token.name(Token.java:287)
	at com.google.javascript.rhino.Node.toString(Node.java:955)
	at com.google.javascript.rhino.Node.toString(Node.java:946)
	at com.google.javascript.rhino.Node.toString(Node.java:938)
	at java.lang.String.valueOf(String.java:2994)
	at java.lang.StringBuilder.append(StringBuilder.java:131)
	at com.google.javascript.jscomp.graph.Graph.getNodeOrFail(Graph.java:222)
	at com.google.javascript.jscomp.graph.LinkedDirectedGraph.getOutEdges(LinkedDirectedGraph.java:129)
	at com.google.javascript.jscomp.TypeInference.branchedFlowThrough(TypeInference.java:207)
	at com.google.javascript.jscomp.TypeInference_ESTest.test039(TypeInference_ESTest.java:880)
	at sun.reflect.NativeMethodAccessorImpl.invoke0(Native Method)
	at sun.reflect.NativeMethodAccessorImpl.invoke(NativeMethodAccessorImpl.java:62)
	at sun.reflect.DelegatingMethodAccessorImpl.invoke(DelegatingMethodAccessorImpl.java:43)
	at java.lang.reflect.Method.invoke(Method.java:498)
	at org.junit.runners.model.FrameworkMethod$1.runReflectiveCall(FrameworkMethod.java:50)
	at org.junit.internal.runners.model.ReflectiveCallable.run(ReflectiveCallable.java:12)
	at org.junit.runners.model.FrameworkMethod.invokeExplosively(FrameworkMethod.java:47)
	at org.junit.internal.runners.statements.InvokeMethod.evaluate(InvokeMethod.java:17)
	at org.junit.internal.runners.statements.FailOnTimeout$CallableStatement.call(FailOnTimeout.java:298)
	at org.junit.internal.runners.statements.FailOnTimeout$CallableStatement.call(FailOnTimeout.java:292)
	at java.util.concurrent.FutureTask.run(FutureTask.java:266)
	at java.lang.Thread.run(Thread.java:748)
114) test050(com.google.javascript.jscomp.TypeInference_ESTest)
org.evosuite.runtime.mock.java.lang.MockIllegalArgumentException: WITH 56 does not exist in graph
	at com.google.javascript.jscomp.graph.Graph.getNodeOrFail(Graph.java:222)
	at com.google.javascript.jscomp.graph.LinkedDirectedGraph.getOutEdges(LinkedDirectedGraph.java:129)
	at com.google.javascript.jscomp.TypeInference.branchedFlowThrough(TypeInference.java:207)
	at com.google.javascript.jscomp.TypeInference_ESTest.test050(TypeInference_ESTest.java:1122)
	at sun.reflect.NativeMethodAccessorImpl.invoke0(Native Method)
	at sun.reflect.NativeMethodAccessorImpl.invoke(NativeMethodAccessorImpl.java:62)
	at sun.reflect.DelegatingMethodAccessorImpl.invoke(DelegatingMethodAccessorImpl.java:43)
	at java.lang.reflect.Method.invoke(Method.java:498)
	at org.junit.runners.model.FrameworkMethod$1.runReflectiveCall(FrameworkMethod.java:50)
	at org.junit.internal.runners.model.ReflectiveCallable.run(ReflectiveCallable.java:12)
	at org.junit.runners.model.FrameworkMethod.invokeExplosively(FrameworkMethod.java:47)
	at org.junit.internal.runners.statements.InvokeMethod.evaluate(InvokeMethod.java:17)
	at org.junit.internal.runners.statements.FailOnTimeout$CallableStatement.call(FailOnTimeout.java:298)
	at org.junit.internal.runners.statements.FailOnTimeout$CallableStatement.call(FailOnTimeout.java:292)
	at java.util.concurrent.FutureTask.run(FutureTask.java:266)
	at java.lang.Thread.run(Thread.java:748)
115) test052(com.google.javascript.jscomp.TypeInference_ESTest)
org.evosuite.runtime.mock.java.lang.MockIllegalArgumentException: CONTINUE does not exist in graph
	at com.google.javascript.jscomp.graph.Graph.getNodeOrFail(Graph.java:222)
	at com.google.javascript.jscomp.graph.LinkedDirectedGraph.getOutEdges(LinkedDirectedGraph.java:129)
	at com.google.javascript.jscomp.TypeInference.branchedFlowThrough(TypeInference.java:207)
	at com.google.javascript.jscomp.TypeInference_ESTest.test052(TypeInference_ESTest.java:1166)
	at sun.reflect.NativeMethodAccessorImpl.invoke0(Native Method)
	at sun.reflect.NativeMethodAccessorImpl.invoke(NativeMethodAccessorImpl.java:62)
	at sun.reflect.DelegatingMethodAccessorImpl.invoke(DelegatingMethodAccessorImpl.java:43)
	at java.lang.reflect.Method.invoke(Method.java:498)
	at org.junit.runners.model.FrameworkMethod$1.runReflectiveCall(FrameworkMethod.java:50)
	at org.junit.internal.runners.model.ReflectiveCallable.run(ReflectiveCallable.java:12)
	at org.junit.runners.model.FrameworkMethod.invokeExplosively(FrameworkMethod.java:47)
	at org.junit.internal.runners.statements.InvokeMethod.evaluate(InvokeMethod.java:17)
	at org.junit.internal.runners.statements.FailOnTimeout$CallableStatement.call(FailOnTimeout.java:298)
	at org.junit.internal.runners.statements.FailOnTimeout$CallableStatement.call(FailOnTimeout.java:292)
	at java.util.concurrent.FutureTask.run(FutureTask.java:266)
	at java.lang.Thread.run(Thread.java:748)
116) test051(com.google.javascript.jscomp.TypeInference_ESTest)
org.evosuite.runtime.mock.java.lang.MockIllegalArgumentException: VAR does not exist in graph
	at com.google.javascript.jscomp.graph.Graph.getNodeOrFail(Graph.java:222)
	at com.google.javascript.jscomp.graph.LinkedDirectedGraph.getOutEdges(LinkedDirectedGraph.java:129)
	at com.google.javascript.jscomp.TypeInference.branchedFlowThrough(TypeInference.java:207)
	at com.google.javascript.jscomp.TypeInference_ESTest.test051(TypeInference_ESTest.java:1144)
	at sun.reflect.NativeMethodAccessorImpl.invoke0(Native Method)
	at sun.reflect.NativeMethodAccessorImpl.invoke(NativeMethodAccessorImpl.java:62)
	at sun.reflect.DelegatingMethodAccessorImpl.invoke(DelegatingMethodAccessorImpl.java:43)
	at java.lang.reflect.Method.invoke(Method.java:498)
	at org.junit.runners.model.FrameworkMethod$1.runReflectiveCall(FrameworkMethod.java:50)
	at org.junit.internal.runners.model.ReflectiveCallable.run(ReflectiveCallable.java:12)
	at org.junit.runners.model.FrameworkMethod.invokeExplosively(FrameworkMethod.java:47)
	at org.junit.internal.runners.statements.InvokeMethod.evaluate(InvokeMethod.java:17)
	at org.junit.internal.runners.statements.FailOnTimeout$CallableStatement.call(FailOnTimeout.java:298)
	at org.junit.internal.runners.statements.FailOnTimeout$CallableStatement.call(FailOnTimeout.java:292)
	at java.util.concurrent.FutureTask.run(FutureTask.java:266)
	at java.lang.Thread.run(Thread.java:748)
117) test054(com.google.javascript.jscomp.TypeInference_ESTest)
org.evosuite.runtime.mock.java.lang.MockIllegalArgumentException: FOR 1139 does not exist in graph
	at com.google.javascript.jscomp.graph.Graph.getNodeOrFail(Graph.java:222)
	at com.google.javascript.jscomp.graph.LinkedDirectedGraph.getOutEdges(LinkedDirectedGraph.java:129)
	at com.google.javascript.jscomp.TypeInference.branchedFlowThrough(TypeInference.java:207)
	at com.google.javascript.jscomp.TypeInference_ESTest.test054(TypeInference_ESTest.java:1210)
	at sun.reflect.NativeMethodAccessorImpl.invoke0(Native Method)
	at sun.reflect.NativeMethodAccessorImpl.invoke(NativeMethodAccessorImpl.java:62)
	at sun.reflect.DelegatingMethodAccessorImpl.invoke(DelegatingMethodAccessorImpl.java:43)
	at java.lang.reflect.Method.invoke(Method.java:498)
	at org.junit.runners.model.FrameworkMethod$1.runReflectiveCall(FrameworkMethod.java:50)
	at org.junit.internal.runners.model.ReflectiveCallable.run(ReflectiveCallable.java:12)
	at org.junit.runners.model.FrameworkMethod.invokeExplosively(FrameworkMethod.java:47)
	at org.junit.internal.runners.statements.InvokeMethod.evaluate(InvokeMethod.java:17)
	at org.junit.internal.runners.statements.FailOnTimeout$CallableStatement.call(FailOnTimeout.java:298)
	at org.junit.internal.runners.statements.FailOnTimeout$CallableStatement.call(FailOnTimeout.java:292)
	at java.util.concurrent.FutureTask.run(FutureTask.java:266)
	at java.lang.Thread.run(Thread.java:748)
118) test053(com.google.javascript.jscomp.TypeInference_ESTest)
org.evosuite.runtime.mock.java.lang.MockIllegalArgumentException: BREAK does not exist in graph
	at com.google.javascript.jscomp.graph.Graph.getNodeOrFail(Graph.java:222)
	at com.google.javascript.jscomp.graph.LinkedDirectedGraph.getOutEdges(LinkedDirectedGraph.java:129)
	at com.google.javascript.jscomp.TypeInference.branchedFlowThrough(TypeInference.java:207)
	at com.google.javascript.jscomp.TypeInference_ESTest.test053(TypeInference_ESTest.java:1188)
	at sun.reflect.NativeMethodAccessorImpl.invoke0(Native Method)
	at sun.reflect.NativeMethodAccessorImpl.invoke(NativeMethodAccessorImpl.java:62)
	at sun.reflect.DelegatingMethodAccessorImpl.invoke(DelegatingMethodAccessorImpl.java:43)
	at java.lang.reflect.Method.invoke(Method.java:498)
	at org.junit.runners.model.FrameworkMethod$1.runReflectiveCall(FrameworkMethod.java:50)
	at org.junit.internal.runners.model.ReflectiveCallable.run(ReflectiveCallable.java:12)
	at org.junit.runners.model.FrameworkMethod.invokeExplosively(FrameworkMethod.java:47)
	at org.junit.internal.runners.statements.InvokeMethod.evaluate(InvokeMethod.java:17)
	at org.junit.internal.runners.statements.FailOnTimeout$CallableStatement.call(FailOnTimeout.java:298)
	at org.junit.internal.runners.statements.FailOnTimeout$CallableStatement.call(FailOnTimeout.java:292)
	at java.util.concurrent.FutureTask.run(FutureTask.java:266)
	at java.lang.Thread.run(Thread.java:748)
119) test056(com.google.javascript.jscomp.TypeInference_ESTest)
org.evosuite.runtime.mock.java.lang.MockIllegalArgumentException: WHILE 3 does not exist in graph
	at com.google.javascript.jscomp.graph.Graph.getNodeOrFail(Graph.java:222)
	at com.google.javascript.jscomp.graph.LinkedDirectedGraph.getOutEdges(LinkedDirectedGraph.java:129)
	at com.google.javascript.jscomp.TypeInference.branchedFlowThrough(TypeInference.java:207)
	at com.google.javascript.jscomp.TypeInference_ESTest.test056(TypeInference_ESTest.java:1258)
	at sun.reflect.NativeMethodAccessorImpl.invoke0(Native Method)
	at sun.reflect.NativeMethodAccessorImpl.invoke(NativeMethodAccessorImpl.java:62)
	at sun.reflect.DelegatingMethodAccessorImpl.invoke(DelegatingMethodAccessorImpl.java:43)
	at java.lang.reflect.Method.invoke(Method.java:498)
	at org.junit.runners.model.FrameworkMethod$1.runReflectiveCall(FrameworkMethod.java:50)
	at org.junit.internal.runners.model.ReflectiveCallable.run(ReflectiveCallable.java:12)
	at org.junit.runners.model.FrameworkMethod.invokeExplosively(FrameworkMethod.java:47)
	at org.junit.internal.runners.statements.InvokeMethod.evaluate(InvokeMethod.java:17)
	at org.junit.internal.runners.statements.FailOnTimeout$CallableStatement.call(FailOnTimeout.java:298)
	at org.junit.internal.runners.statements.FailOnTimeout$CallableStatement.call(FailOnTimeout.java:292)
	at java.util.concurrent.FutureTask.run(FutureTask.java:266)
	at java.lang.Thread.run(Thread.java:748)
120) test055(com.google.javascript.jscomp.TypeInference_ESTest)
org.evosuite.runtime.mock.java.lang.MockIllegalArgumentException: DO does not exist in graph
	at com.google.javascript.jscomp.graph.Graph.getNodeOrFail(Graph.java:222)
	at com.google.javascript.jscomp.graph.LinkedDirectedGraph.getOutEdges(LinkedDirectedGraph.java:129)
	at com.google.javascript.jscomp.TypeInference.branchedFlowThrough(TypeInference.java:207)
	at com.google.javascript.jscomp.TypeInference_ESTest.test055(TypeInference_ESTest.java:1236)
	at sun.reflect.NativeMethodAccessorImpl.invoke0(Native Method)
	at sun.reflect.NativeMethodAccessorImpl.invoke(NativeMethodAccessorImpl.java:62)
	at sun.reflect.DelegatingMethodAccessorImpl.invoke(DelegatingMethodAccessorImpl.java:43)
	at java.lang.reflect.Method.invoke(Method.java:498)
	at org.junit.runners.model.FrameworkMethod$1.runReflectiveCall(FrameworkMethod.java:50)
	at org.junit.internal.runners.model.ReflectiveCallable.run(ReflectiveCallable.java:12)
	at org.junit.runners.model.FrameworkMethod.invokeExplosively(FrameworkMethod.java:47)
	at org.junit.internal.runners.statements.InvokeMethod.evaluate(InvokeMethod.java:17)
	at org.junit.internal.runners.statements.FailOnTimeout$CallableStatement.call(FailOnTimeout.java:298)
	at org.junit.internal.runners.statements.FailOnTimeout$CallableStatement.call(FailOnTimeout.java:292)
	at java.util.concurrent.FutureTask.run(FutureTask.java:266)
	at java.lang.Thread.run(Thread.java:748)
121) test047(com.google.javascript.jscomp.TypeInference_ESTest)
org.evosuite.runtime.mock.java.lang.MockIllegalStateException: 123
	at com.google.javascript.rhino.Token.name(Token.java:287)
	at com.google.javascript.rhino.Node.toString(Node.java:955)
	at com.google.javascript.rhino.Node.toString(Node.java:946)
	at com.google.javascript.rhino.Node.toString(Node.java:938)
	at java.lang.String.valueOf(String.java:2994)
	at java.lang.StringBuilder.append(StringBuilder.java:131)
	at com.google.javascript.jscomp.graph.Graph.getNodeOrFail(Graph.java:222)
	at com.google.javascript.jscomp.graph.LinkedDirectedGraph.getOutEdges(LinkedDirectedGraph.java:129)
	at com.google.javascript.jscomp.TypeInference.branchedFlowThrough(TypeInference.java:207)
	at com.google.javascript.jscomp.TypeInference_ESTest.test047(TypeInference_ESTest.java:1056)
	at sun.reflect.NativeMethodAccessorImpl.invoke0(Native Method)
	at sun.reflect.NativeMethodAccessorImpl.invoke(NativeMethodAccessorImpl.java:62)
	at sun.reflect.DelegatingMethodAccessorImpl.invoke(DelegatingMethodAccessorImpl.java:43)
	at java.lang.reflect.Method.invoke(Method.java:498)
	at org.junit.runners.model.FrameworkMethod$1.runReflectiveCall(FrameworkMethod.java:50)
	at org.junit.internal.runners.model.ReflectiveCallable.run(ReflectiveCallable.java:12)
	at org.junit.runners.model.FrameworkMethod.invokeExplosively(FrameworkMethod.java:47)
	at org.junit.internal.runners.statements.InvokeMethod.evaluate(InvokeMethod.java:17)
	at org.junit.internal.runners.statements.FailOnTimeout$CallableStatement.call(FailOnTimeout.java:298)
	at org.junit.internal.runners.statements.FailOnTimeout$CallableStatement.call(FailOnTimeout.java:292)
	at java.util.concurrent.FutureTask.run(FutureTask.java:266)
	at java.lang.Thread.run(Thread.java:748)
122) test046(com.google.javascript.jscomp.TypeInference_ESTest)
org.evosuite.runtime.mock.java.lang.MockIllegalArgumentException: EMPTY does not exist in graph
	at com.google.javascript.jscomp.graph.Graph.getNodeOrFail(Graph.java:222)
	at com.google.javascript.jscomp.graph.LinkedDirectedGraph.getOutEdges(LinkedDirectedGraph.java:129)
	at com.google.javascript.jscomp.TypeInference.branchedFlowThrough(TypeInference.java:207)
	at com.google.javascript.jscomp.TypeInference_ESTest.test046(TypeInference_ESTest.java:1034)
	at sun.reflect.NativeMethodAccessorImpl.invoke0(Native Method)
	at sun.reflect.NativeMethodAccessorImpl.invoke(NativeMethodAccessorImpl.java:62)
	at sun.reflect.DelegatingMethodAccessorImpl.invoke(DelegatingMethodAccessorImpl.java:43)
	at java.lang.reflect.Method.invoke(Method.java:498)
	at org.junit.runners.model.FrameworkMethod$1.runReflectiveCall(FrameworkMethod.java:50)
	at org.junit.internal.runners.model.ReflectiveCallable.run(ReflectiveCallable.java:12)
	at org.junit.runners.model.FrameworkMethod.invokeExplosively(FrameworkMethod.java:47)
	at org.junit.internal.runners.statements.InvokeMethod.evaluate(InvokeMethod.java:17)
	at org.junit.internal.runners.statements.FailOnTimeout$CallableStatement.call(FailOnTimeout.java:298)
	at org.junit.internal.runners.statements.FailOnTimeout$CallableStatement.call(FailOnTimeout.java:292)
	at java.util.concurrent.FutureTask.run(FutureTask.java:266)
	at java.lang.Thread.run(Thread.java:748)
123) test049(com.google.javascript.jscomp.TypeInference_ESTest)
org.evosuite.runtime.mock.java.lang.MockIllegalStateException: 121
	at com.google.javascript.rhino.Token.name(Token.java:287)
	at com.google.javascript.rhino.Node.toString(Node.java:955)
	at com.google.javascript.rhino.Node.toString(Node.java:946)
	at com.google.javascript.rhino.Node.toString(Node.java:938)
	at java.lang.String.valueOf(String.java:2994)
	at java.lang.StringBuilder.append(StringBuilder.java:131)
	at com.google.javascript.jscomp.graph.Graph.getNodeOrFail(Graph.java:222)
	at com.google.javascript.jscomp.graph.LinkedDirectedGraph.getOutEdges(LinkedDirectedGraph.java:129)
	at com.google.javascript.jscomp.TypeInference.branchedFlowThrough(TypeInference.java:207)
	at com.google.javascript.jscomp.TypeInference_ESTest.test049(TypeInference_ESTest.java:1100)
	at sun.reflect.NativeMethodAccessorImpl.invoke0(Native Method)
	at sun.reflect.NativeMethodAccessorImpl.invoke(NativeMethodAccessorImpl.java:62)
	at sun.reflect.DelegatingMethodAccessorImpl.invoke(DelegatingMethodAccessorImpl.java:43)
	at java.lang.reflect.Method.invoke(Method.java:498)
	at org.junit.runners.model.FrameworkMethod$1.runReflectiveCall(FrameworkMethod.java:50)
	at org.junit.internal.runners.model.ReflectiveCallable.run(ReflectiveCallable.java:12)
	at org.junit.runners.model.FrameworkMethod.invokeExplosively(FrameworkMethod.java:47)
	at org.junit.internal.runners.statements.InvokeMethod.evaluate(InvokeMethod.java:17)
	at org.junit.internal.runners.statements.FailOnTimeout$CallableStatement.call(FailOnTimeout.java:298)
	at org.junit.internal.runners.statements.FailOnTimeout$CallableStatement.call(FailOnTimeout.java:292)
	at java.util.concurrent.FutureTask.run(FutureTask.java:266)
	at java.lang.Thread.run(Thread.java:748)
124) test048(com.google.javascript.jscomp.TypeInference_ESTest)
org.evosuite.runtime.mock.java.lang.MockIllegalArgumentException: VOID does not exist in graph
	at com.google.javascript.jscomp.graph.Graph.getNodeOrFail(Graph.java:222)
	at com.google.javascript.jscomp.graph.LinkedDirectedGraph.getOutEdges(LinkedDirectedGraph.java:129)
	at com.google.javascript.jscomp.TypeInference.branchedFlowThrough(TypeInference.java:207)
	at com.google.javascript.jscomp.TypeInference_ESTest.test048(TypeInference_ESTest.java:1078)
	at sun.reflect.NativeMethodAccessorImpl.invoke0(Native Method)
	at sun.reflect.NativeMethodAccessorImpl.invoke(NativeMethodAccessorImpl.java:62)
	at sun.reflect.DelegatingMethodAccessorImpl.invoke(DelegatingMethodAccessorImpl.java:43)
	at java.lang.reflect.Method.invoke(Method.java:498)
	at org.junit.runners.model.FrameworkMethod$1.runReflectiveCall(FrameworkMethod.java:50)
	at org.junit.internal.runners.model.ReflectiveCallable.run(ReflectiveCallable.java:12)
	at org.junit.runners.model.FrameworkMethod.invokeExplosively(FrameworkMethod.java:47)
	at org.junit.internal.runners.statements.InvokeMethod.evaluate(InvokeMethod.java:17)
	at org.junit.internal.runners.statements.FailOnTimeout$CallableStatement.call(FailOnTimeout.java:298)
	at org.junit.internal.runners.statements.FailOnTimeout$CallableStatement.call(FailOnTimeout.java:292)
	at java.util.concurrent.FutureTask.run(FutureTask.java:266)
	at java.lang.Thread.run(Thread.java:748)

FAILURES!!!
Tests run: 145,  Failures: 124

