JUnit version 4.12
.E.E.E.E.E.E.E.E.E.E.E.E.E.E.E.E.E.E.E.E.E.E.E.E.E...E.E.E.E..E.E.E.E.E.E.E.E.E.E.E.E.E..E.E..E.E.E.E.E.E.E.E.E.E..E.E.E.E.E.E.E.E.E..E.E.E.E..E.E..E.E.E.E.E.E.E.E.E.E.E.E.E.E..E.E.E..E.E.E.E..E.E...E.E.E..E.E.E.E.E.E.E..E..E.E.E...E.E.E.E.E..E.E.E.E.E.E.E.E.E.E.E.E.E..E.E.E.E.E.E.E.E.E.E.E.E.E.E.E.E..E.E..E..E.E.E.E.E.E.E..E.E.E...E.E.E.E.E.E.E..E.E.E.E.E.E.E.E.E.E.E.E.E.E.E.E.E.E.E.E.E.E..E.E.E..E.E.E.E.E.E.E.E.E.E.E.E.E.E.E.E.E.E..E.E.E.E.E.E..E.E.E.E.E.E.E.E..E.E.E.E.E.E.E.E.E.E.E.E.E.E.E.E.E.E.E.E.E.E..E.E.E.E.E.E.E.E.E.E..E..E.E.E.E..E.E.E.E.E.E.E.E.E.E..E.E.E.E.E..E.E..E.E.E.E.E.E..E.E.E.E.E.E.E.E.E.E.E.E.E.E.E.E.E.E.E.E.E.E.E.E.E.E.E.E.E.E.E.E.E.E.E..E.E.E.E.E.E..E.E.E.E.E.E..E.E.E.E.E.E.E..E.E.E.E.E.E.E.E.E.E.E.E.E.E.E.E.E.E.E.E.E.E.E.E.E.E.E.E.E.E.E..E.E.E.E.E.E.E.E.E.E.E.E.E.E.E..E.E.E.E.E.E..E..E.E.E.E.E..E.E..E.E.E.E..E.E.E.E.E.E.E.E.E.E.E.E.E.E.E.E.E.E.E.E.E.E.E.E.E.E.E.E.E.E.E.E..E..E.E.E.E.E.E.E.E.E.E.E.E.E.E.E..E.E.E.E.E.E.E..E.E.E.E.E.E.E.E.E.E..E..E.E.E.E.E.E..E.E.E.E.E..E.E.E
Time: 22.141
There were 475 failures:
1) test006(com.fasterxml.jackson.core.json.ReaderBasedJsonParser_ESTest)
com.fasterxml.jackson.core.JsonParseException: Unexpected character ('(' (code 40)) in numeric value: Exponent indicator not followed by a digit
 at [Source: Uu{8#; line: 1, column: 3]
	at com.fasterxml.jackson.core.JsonParser._constructError(JsonParser.java:1586)
	at com.fasterxml.jackson.core.base.ParserMinimalBase._reportError(ParserMinimalBase.java:521)
	at com.fasterxml.jackson.core.base.ParserBase.reportUnexpectedNumberChar(ParserBase.java:1069)
	at com.fasterxml.jackson.core.json.ReaderBasedJsonParser._parseFloat(ReaderBasedJsonParser.java:1304)
	at com.fasterxml.jackson.core.json.ReaderBasedJsonParser._parsePosNumber(ReaderBasedJsonParser.java:1241)
	at com.fasterxml.jackson.core.json.ReaderBasedJsonParser.nextToken(ReaderBasedJsonParser.java:705)
	at com.fasterxml.jackson.core.json.ReaderBasedJsonParser.nextIntValue(ReaderBasedJsonParser.java:1124)
	at com.fasterxml.jackson.core.json.ReaderBasedJsonParser_ESTest.test006(ReaderBasedJsonParser_ESTest.java:985)
	at sun.reflect.NativeMethodAccessorImpl.invoke0(Native Method)
	at sun.reflect.NativeMethodAccessorImpl.invoke(NativeMethodAccessorImpl.java:62)
	at sun.reflect.DelegatingMethodAccessorImpl.invoke(DelegatingMethodAccessorImpl.java:43)
	at java.lang.reflect.Method.invoke(Method.java:498)
	at org.junit.runners.model.FrameworkMethod$1.runReflectiveCall(FrameworkMethod.java:50)
	at org.junit.internal.runners.model.ReflectiveCallable.run(ReflectiveCallable.java:12)
	at org.junit.runners.model.FrameworkMethod.invokeExplosively(FrameworkMethod.java:47)
	at org.junit.internal.runners.statements.InvokeMethod.evaluate(InvokeMethod.java:17)
	at org.junit.internal.runners.statements.FailOnTimeout$CallableStatement.call(FailOnTimeout.java:298)
	at org.junit.internal.runners.statements.FailOnTimeout$CallableStatement.call(FailOnTimeout.java:292)
	at java.util.concurrent.FutureTask.run(FutureTask.java:266)
	at java.lang.Thread.run(Thread.java:748)
2) test127(com.fasterxml.jackson.core.json.ReaderBasedJsonParser_ESTest)
com.fasterxml.jackson.core.JsonParseException: Unexpected character (':' (code 58)): was expecting double-quote to start field name
 at [Source: com.fasterxml.jackson.core.util.BufferRecycler@1; line: 1, column: 3]
	at com.fasterxml.jackson.core.JsonParser._constructError(JsonParser.java:1586)
	at com.fasterxml.jackson.core.base.ParserMinimalBase._reportError(ParserMinimalBase.java:521)
	at com.fasterxml.jackson.core.base.ParserMinimalBase._reportUnexpectedChar(ParserMinimalBase.java:450)
	at com.fasterxml.jackson.core.json.ReaderBasedJsonParser._handleOddName(ReaderBasedJsonParser.java:1701)
	at com.fasterxml.jackson.core.json.ReaderBasedJsonParser.nextToken(ReaderBasedJsonParser.java:642)
	at com.fasterxml.jackson.core.json.ReaderBasedJsonParser.nextLongValue(ReaderBasedJsonParser.java:1147)
	at com.fasterxml.jackson.core.json.ReaderBasedJsonParser_ESTest.test127(ReaderBasedJsonParser_ESTest.java:22716)
	at sun.reflect.NativeMethodAccessorImpl.invoke0(Native Method)
	at sun.reflect.NativeMethodAccessorImpl.invoke(NativeMethodAccessorImpl.java:62)
	at sun.reflect.DelegatingMethodAccessorImpl.invoke(DelegatingMethodAccessorImpl.java:43)
	at java.lang.reflect.Method.invoke(Method.java:498)
	at org.junit.runners.model.FrameworkMethod$1.runReflectiveCall(FrameworkMethod.java:50)
	at org.junit.internal.runners.model.ReflectiveCallable.run(ReflectiveCallable.java:12)
	at org.junit.runners.model.FrameworkMethod.invokeExplosively(FrameworkMethod.java:47)
	at org.junit.internal.runners.statements.InvokeMethod.evaluate(InvokeMethod.java:17)
	at org.junit.internal.runners.statements.FailOnTimeout$CallableStatement.call(FailOnTimeout.java:298)
	at org.junit.internal.runners.statements.FailOnTimeout$CallableStatement.call(FailOnTimeout.java:292)
	at java.util.concurrent.FutureTask.run(FutureTask.java:266)
	at java.lang.Thread.run(Thread.java:748)
3) test248(com.fasterxml.jackson.core.json.ReaderBasedJsonParser_ESTest)
com.fasterxml.jackson.core.JsonParseException: Unexpected end-of-input: was expecting closing quote for a string value
 at [Source: com.fasterxml.jackson.core.util.BufferRecycler@2; line: 2, column: 17]
	at com.fasterxml.jackson.core.JsonParser._constructError(JsonParser.java:1586)
	at com.fasterxml.jackson.core.base.ParserMinimalBase._reportError(ParserMinimalBase.java:521)
	at com.fasterxml.jackson.core.base.ParserMinimalBase._reportInvalidEOF(ParserMinimalBase.java:458)
	at com.fasterxml.jackson.core.json.ReaderBasedJsonParser._handleApos(ReaderBasedJsonParser.java:1835)
	at com.fasterxml.jackson.core.json.ReaderBasedJsonParser_ESTest.test248(ReaderBasedJsonParser_ESTest.java:46448)
	at sun.reflect.NativeMethodAccessorImpl.invoke0(Native Method)
	at sun.reflect.NativeMethodAccessorImpl.invoke(NativeMethodAccessorImpl.java:62)
	at sun.reflect.DelegatingMethodAccessorImpl.invoke(DelegatingMethodAccessorImpl.java:43)
	at java.lang.reflect.Method.invoke(Method.java:498)
	at org.junit.runners.model.FrameworkMethod$1.runReflectiveCall(FrameworkMethod.java:50)
	at org.junit.internal.runners.model.ReflectiveCallable.run(ReflectiveCallable.java:12)
	at org.junit.runners.model.FrameworkMethod.invokeExplosively(FrameworkMethod.java:47)
	at org.junit.internal.runners.statements.InvokeMethod.evaluate(InvokeMethod.java:17)
	at org.junit.internal.runners.statements.FailOnTimeout$CallableStatement.call(FailOnTimeout.java:298)
	at org.junit.internal.runners.statements.FailOnTimeout$CallableStatement.call(FailOnTimeout.java:292)
	at java.util.concurrent.FutureTask.run(FutureTask.java:266)
	at java.lang.Thread.run(Thread.java:748)
4) test369(com.fasterxml.jackson.core.json.ReaderBasedJsonParser_ESTest)
com.fasterxml.jackson.core.JsonParseException: Invalid numeric value: Leading zeroes not allowed
 at [Source: com.fasterxml.jackson.core.util.BufferRecycler@3; line: 1, column: 2]
	at com.fasterxml.jackson.core.JsonParser._constructError(JsonParser.java:1586)
	at com.fasterxml.jackson.core.base.ParserMinimalBase._reportError(ParserMinimalBase.java:521)
	at com.fasterxml.jackson.core.base.ParserBase.reportInvalidNumber(ParserBase.java:1073)
	at com.fasterxml.jackson.core.json.ReaderBasedJsonParser._verifyNLZ2(ReaderBasedJsonParser.java:1525)
	at com.fasterxml.jackson.core.json.ReaderBasedJsonParser._verifyNoLeadingZeroes(ReaderBasedJsonParser.java:1512)
	at com.fasterxml.jackson.core.json.ReaderBasedJsonParser._parseNumber2(ReaderBasedJsonParser.java:1389)
	at com.fasterxml.jackson.core.json.ReaderBasedJsonParser._parsePosNumber(ReaderBasedJsonParser.java:1215)
	at com.fasterxml.jackson.core.json.ReaderBasedJsonParser.nextToken(ReaderBasedJsonParser.java:705)
	at com.fasterxml.jackson.core.json.ReaderBasedJsonParser.nextTextValue(ReaderBasedJsonParser.java:1101)
	at com.fasterxml.jackson.core.json.ReaderBasedJsonParser_ESTest.test369(ReaderBasedJsonParser_ESTest.java)
	at sun.reflect.NativeMethodAccessorImpl.invoke0(Native Method)
	at sun.reflect.NativeMethodAccessorImpl.invoke(NativeMethodAccessorImpl.java:62)
	at sun.reflect.DelegatingMethodAccessorImpl.invoke(DelegatingMethodAccessorImpl.java:43)
	at java.lang.reflect.Method.invoke(Method.java:498)
	at org.junit.runners.model.FrameworkMethod$1.runReflectiveCall(FrameworkMethod.java:50)
	at org.junit.internal.runners.model.ReflectiveCallable.run(ReflectiveCallable.java:12)
	at org.junit.runners.model.FrameworkMethod.invokeExplosively(FrameworkMethod.java:47)
	at org.junit.internal.runners.statements.InvokeMethod.evaluate(InvokeMethod.java:17)
	at org.junit.internal.runners.statements.FailOnTimeout$CallableStatement.call(FailOnTimeout.java:298)
	at org.junit.internal.runners.statements.FailOnTimeout$CallableStatement.call(FailOnTimeout.java:292)
	at java.util.concurrent.FutureTask.run(FutureTask.java:266)
	at java.lang.Thread.run(Thread.java:748)
5) test007(com.fasterxml.jackson.core.json.ReaderBasedJsonParser_ESTest)
com.fasterxml.jackson.core.JsonParseException: Unrecognized token 'nu': was expecting 'null', 'true', 'false' or NaN
 at [Source: com.fasterxml.jackson.core.util.BufferRecycler@4; line: 1, column: 3]
	at com.fasterxml.jackson.core.JsonParser._constructError(JsonParser.java:1586)
	at com.fasterxml.jackson.core.base.ParserMinimalBase._reportError(ParserMinimalBase.java:521)
	at com.fasterxml.jackson.core.json.ReaderBasedJsonParser._reportInvalidToken(ReaderBasedJsonParser.java:2749)
	at com.fasterxml.jackson.core.json.ReaderBasedJsonParser._reportInvalidToken(ReaderBasedJsonParser.java:2726)
	at com.fasterxml.jackson.core.json.ReaderBasedJsonParser._matchToken(ReaderBasedJsonParser.java:2533)
	at com.fasterxml.jackson.core.json.ReaderBasedJsonParser._matchNull(ReaderBasedJsonParser.java:2516)
	at com.fasterxml.jackson.core.json.ReaderBasedJsonParser.nextToken(ReaderBasedJsonParser.java:684)
	at com.fasterxml.jackson.core.json.ReaderBasedJsonParser.nextTextValue(ReaderBasedJsonParser.java:1101)
	at com.fasterxml.jackson.core.json.ReaderBasedJsonParser_ESTest.test007(ReaderBasedJsonParser_ESTest.java:1088)
	at sun.reflect.NativeMethodAccessorImpl.invoke0(Native Method)
	at sun.reflect.NativeMethodAccessorImpl.invoke(NativeMethodAccessorImpl.java:62)
	at sun.reflect.DelegatingMethodAccessorImpl.invoke(DelegatingMethodAccessorImpl.java:43)
	at java.lang.reflect.Method.invoke(Method.java:498)
	at org.junit.runners.model.FrameworkMethod$1.runReflectiveCall(FrameworkMethod.java:50)
	at org.junit.internal.runners.model.ReflectiveCallable.run(ReflectiveCallable.java:12)
	at org.junit.runners.model.FrameworkMethod.invokeExplosively(FrameworkMethod.java:47)
	at org.junit.internal.runners.statements.InvokeMethod.evaluate(InvokeMethod.java:17)
	at org.junit.internal.runners.statements.FailOnTimeout$CallableStatement.call(FailOnTimeout.java:298)
	at org.junit.internal.runners.statements.FailOnTimeout$CallableStatement.call(FailOnTimeout.java:292)
	at java.util.concurrent.FutureTask.run(FutureTask.java:266)
	at java.lang.Thread.run(Thread.java:748)
6) test128(com.fasterxml.jackson.core.json.ReaderBasedJsonParser_ESTest)
com.fasterxml.jackson.core.JsonParseException: Unexpected character ('[' (code 91)): Expected space separating root-level values
 at [Source: 48; line: 1, column: 51]
	at com.fasterxml.jackson.core.JsonParser._constructError(JsonParser.java:1586)
	at com.fasterxml.jackson.core.base.ParserMinimalBase._reportError(ParserMinimalBase.java:521)
	at com.fasterxml.jackson.core.base.ParserMinimalBase._reportUnexpectedChar(ParserMinimalBase.java:450)
	at com.fasterxml.jackson.core.base.ParserMinimalBase._reportMissingRootWS(ParserMinimalBase.java:466)
	at com.fasterxml.jackson.core.json.ReaderBasedJsonParser._verifyRootSpace(ReaderBasedJsonParser.java:1598)
	at com.fasterxml.jackson.core.json.ReaderBasedJsonParser._parsePosNumber(ReaderBasedJsonParser.java:1248)
	at com.fasterxml.jackson.core.json.ReaderBasedJsonParser.nextToken(ReaderBasedJsonParser.java:705)
	at com.fasterxml.jackson.core.json.ReaderBasedJsonParser_ESTest.test128(ReaderBasedJsonParser_ESTest.java:22800)
	at sun.reflect.NativeMethodAccessorImpl.invoke0(Native Method)
	at sun.reflect.NativeMethodAccessorImpl.invoke(NativeMethodAccessorImpl.java:62)
	at sun.reflect.DelegatingMethodAccessorImpl.invoke(DelegatingMethodAccessorImpl.java:43)
	at java.lang.reflect.Method.invoke(Method.java:498)
	at org.junit.runners.model.FrameworkMethod$1.runReflectiveCall(FrameworkMethod.java:50)
	at org.junit.internal.runners.model.ReflectiveCallable.run(ReflectiveCallable.java:12)
	at org.junit.runners.model.FrameworkMethod.invokeExplosively(FrameworkMethod.java:47)
	at org.junit.internal.runners.statements.InvokeMethod.evaluate(InvokeMethod.java:17)
	at org.junit.internal.runners.statements.FailOnTimeout$CallableStatement.call(FailOnTimeout.java:298)
	at org.junit.internal.runners.statements.FailOnTimeout$CallableStatement.call(FailOnTimeout.java:292)
	at java.util.concurrent.FutureTask.run(FutureTask.java:266)
	at java.lang.Thread.run(Thread.java:748)
7) test249(com.fasterxml.jackson.core.json.ReaderBasedJsonParser_ESTest)
java.lang.ArrayIndexOutOfBoundsException: 33
	at com.fasterxml.jackson.core.json.ReaderBasedJsonParser._skipWSOrEnd(ReaderBasedJsonParser.java:2263)
	at com.fasterxml.jackson.core.json.ReaderBasedJsonParser.nextFieldName(ReaderBasedJsonParser.java:837)
	at com.fasterxml.jackson.core.json.ReaderBasedJsonParser_ESTest.test249(ReaderBasedJsonParser_ESTest.java:46632)
	at sun.reflect.NativeMethodAccessorImpl.invoke0(Native Method)
	at sun.reflect.NativeMethodAccessorImpl.invoke(NativeMethodAccessorImpl.java:62)
	at sun.reflect.DelegatingMethodAccessorImpl.invoke(DelegatingMethodAccessorImpl.java:43)
	at java.lang.reflect.Method.invoke(Method.java:498)
	at org.junit.runners.model.FrameworkMethod$1.runReflectiveCall(FrameworkMethod.java:50)
	at org.junit.internal.runners.model.ReflectiveCallable.run(ReflectiveCallable.java:12)
	at org.junit.runners.model.FrameworkMethod.invokeExplosively(FrameworkMethod.java:47)
	at org.junit.internal.runners.statements.InvokeMethod.evaluate(InvokeMethod.java:17)
	at org.junit.internal.runners.statements.FailOnTimeout$CallableStatement.call(FailOnTimeout.java:298)
	at org.junit.internal.runners.statements.FailOnTimeout$CallableStatement.call(FailOnTimeout.java:292)
	at java.util.concurrent.FutureTask.run(FutureTask.java:266)
	at java.lang.Thread.run(Thread.java:748)
8) test008(com.fasterxml.jackson.core.json.ReaderBasedJsonParser_ESTest)
com.fasterxml.jackson.core.JsonParseException: Unexpected end-of-input: was expecting closing quote for a string value
 at [Source: com.fasterxml.jackson.core.util.BufferRecycler@5; line: 1, column: 13]
	at com.fasterxml.jackson.core.JsonParser._constructError(JsonParser.java:1586)
	at com.fasterxml.jackson.core.base.ParserMinimalBase._reportError(ParserMinimalBase.java:521)
	at com.fasterxml.jackson.core.base.ParserMinimalBase._reportInvalidEOF(ParserMinimalBase.java:458)
	at com.fasterxml.jackson.core.json.ReaderBasedJsonParser._finishString2(ReaderBasedJsonParser.java:1959)
	at com.fasterxml.jackson.core.json.ReaderBasedJsonParser._finishString(ReaderBasedJsonParser.java:1946)
	at com.fasterxml.jackson.core.json.ReaderBasedJsonParser.getTextOffset(ReaderBasedJsonParser.java:388)
	at com.fasterxml.jackson.core.json.ReaderBasedJsonParser_ESTest.test008(ReaderBasedJsonParser_ESTest.java:1276)
	at sun.reflect.NativeMethodAccessorImpl.invoke0(Native Method)
	at sun.reflect.NativeMethodAccessorImpl.invoke(NativeMethodAccessorImpl.java:62)
	at sun.reflect.DelegatingMethodAccessorImpl.invoke(DelegatingMethodAccessorImpl.java:43)
	at java.lang.reflect.Method.invoke(Method.java:498)
	at org.junit.runners.model.FrameworkMethod$1.runReflectiveCall(FrameworkMethod.java:50)
	at org.junit.internal.runners.model.ReflectiveCallable.run(ReflectiveCallable.java:12)
	at org.junit.runners.model.FrameworkMethod.invokeExplosively(FrameworkMethod.java:47)
	at org.junit.internal.runners.statements.InvokeMethod.evaluate(InvokeMethod.java:17)
	at org.junit.internal.runners.statements.FailOnTimeout$CallableStatement.call(FailOnTimeout.java:298)
	at org.junit.internal.runners.statements.FailOnTimeout$CallableStatement.call(FailOnTimeout.java:292)
	at java.util.concurrent.FutureTask.run(FutureTask.java:266)
	at java.lang.Thread.run(Thread.java:748)
9) test129(com.fasterxml.jackson.core.json.ReaderBasedJsonParser_ESTest)
com.fasterxml.jackson.core.JsonParseException: Unexpected character ('`' (code 96)): Expected space separating root-level values
 at [Source: com.fasterxml.jackson.core.util.BufferRecycler@6; line: 1, column: 3]
	at com.fasterxml.jackson.core.JsonParser._constructError(JsonParser.java:1586)
	at com.fasterxml.jackson.core.base.ParserMinimalBase._reportError(ParserMinimalBase.java:521)
	at com.fasterxml.jackson.core.base.ParserMinimalBase._reportUnexpectedChar(ParserMinimalBase.java:450)
	at com.fasterxml.jackson.core.base.ParserMinimalBase._reportMissingRootWS(ParserMinimalBase.java:466)
	at com.fasterxml.jackson.core.json.ReaderBasedJsonParser._verifyRootSpace(ReaderBasedJsonParser.java:1598)
	at com.fasterxml.jackson.core.json.ReaderBasedJsonParser._parsePosNumber(ReaderBasedJsonParser.java:1248)
	at com.fasterxml.jackson.core.json.ReaderBasedJsonParser.nextToken(ReaderBasedJsonParser.java:705)
	at com.fasterxml.jackson.core.json.ReaderBasedJsonParser.nextLongValue(ReaderBasedJsonParser.java:1147)
	at com.fasterxml.jackson.core.json.ReaderBasedJsonParser_ESTest.test129(ReaderBasedJsonParser_ESTest.java:23048)
	at sun.reflect.NativeMethodAccessorImpl.invoke0(Native Method)
	at sun.reflect.NativeMethodAccessorImpl.invoke(NativeMethodAccessorImpl.java:62)
	at sun.reflect.DelegatingMethodAccessorImpl.invoke(DelegatingMethodAccessorImpl.java:43)
	at java.lang.reflect.Method.invoke(Method.java:498)
	at org.junit.runners.model.FrameworkMethod$1.runReflectiveCall(FrameworkMethod.java:50)
	at org.junit.internal.runners.model.ReflectiveCallable.run(ReflectiveCallable.java:12)
	at org.junit.runners.model.FrameworkMethod.invokeExplosively(FrameworkMethod.java:47)
	at org.junit.internal.runners.statements.InvokeMethod.evaluate(InvokeMethod.java:17)
	at org.junit.internal.runners.statements.FailOnTimeout$CallableStatement.call(FailOnTimeout.java:298)
	at org.junit.internal.runners.statements.FailOnTimeout$CallableStatement.call(FailOnTimeout.java:292)
	at java.util.concurrent.FutureTask.run(FutureTask.java:266)
	at java.lang.Thread.run(Thread.java:748)
10) test009(com.fasterxml.jackson.core.json.ReaderBasedJsonParser_ESTest)
com.fasterxml.jackson.core.JsonParseException: Unexpected character ('!' (code 33)): was expecting either valid name character (for unquoted name) or double-quote (for quoted) to start field name
 at [Source: com.fasterxml.jackson.core.util.BufferRecycler@7; line: 1, column: 11]
	at com.fasterxml.jackson.core.JsonParser._constructError(JsonParser.java:1586)
	at com.fasterxml.jackson.core.base.ParserMinimalBase._reportError(ParserMinimalBase.java:521)
	at com.fasterxml.jackson.core.base.ParserMinimalBase._reportUnexpectedChar(ParserMinimalBase.java:450)
	at com.fasterxml.jackson.core.json.ReaderBasedJsonParser._handleOddName(ReaderBasedJsonParser.java:1715)
	at com.fasterxml.jackson.core.json.ReaderBasedJsonParser._isNextTokenNameMaybe(ReaderBasedJsonParser.java:980)
	at com.fasterxml.jackson.core.json.ReaderBasedJsonParser_ESTest.test009(ReaderBasedJsonParser_ESTest.java:1411)
	at sun.reflect.NativeMethodAccessorImpl.invoke0(Native Method)
	at sun.reflect.NativeMethodAccessorImpl.invoke(NativeMethodAccessorImpl.java:62)
	at sun.reflect.DelegatingMethodAccessorImpl.invoke(DelegatingMethodAccessorImpl.java:43)
	at java.lang.reflect.Method.invoke(Method.java:498)
	at org.junit.runners.model.FrameworkMethod$1.runReflectiveCall(FrameworkMethod.java:50)
	at org.junit.internal.runners.model.ReflectiveCallable.run(ReflectiveCallable.java:12)
	at org.junit.runners.model.FrameworkMethod.invokeExplosively(FrameworkMethod.java:47)
	at org.junit.internal.runners.statements.InvokeMethod.evaluate(InvokeMethod.java:17)
	at org.junit.internal.runners.statements.FailOnTimeout$CallableStatement.call(FailOnTimeout.java:298)
	at org.junit.internal.runners.statements.FailOnTimeout$CallableStatement.call(FailOnTimeout.java:292)
	at java.util.concurrent.FutureTask.run(FutureTask.java:266)
	at java.lang.Thread.run(Thread.java:748)
11) test002(com.fasterxml.jackson.core.json.ReaderBasedJsonParser_ESTest)
com.fasterxml.jackson.core.JsonParseException: Unexpected character (',' (code 44)): expected a hex-digit for character escape sequence
 at [Source: com.fasterxml.jackson.core.util.BufferRecycler@8; line: 1, column: 15]
	at com.fasterxml.jackson.core.JsonParser._constructError(JsonParser.java:1586)
	at com.fasterxml.jackson.core.base.ParserMinimalBase._reportError(ParserMinimalBase.java:521)
	at com.fasterxml.jackson.core.base.ParserMinimalBase._reportUnexpectedChar(ParserMinimalBase.java:450)
	at com.fasterxml.jackson.core.json.ReaderBasedJsonParser._decodeEscaped(ReaderBasedJsonParser.java:2464)
	at com.fasterxml.jackson.core.json.ReaderBasedJsonParser._finishString2(ReaderBasedJsonParser.java:1972)
	at com.fasterxml.jackson.core.json.ReaderBasedJsonParser._finishString(ReaderBasedJsonParser.java:1946)
	at com.fasterxml.jackson.core.json.ReaderBasedJsonParser_ESTest.test002(ReaderBasedJsonParser_ESTest.java:411)
	at sun.reflect.NativeMethodAccessorImpl.invoke0(Native Method)
	at sun.reflect.NativeMethodAccessorImpl.invoke(NativeMethodAccessorImpl.java:62)
	at sun.reflect.DelegatingMethodAccessorImpl.invoke(DelegatingMethodAccessorImpl.java:43)
	at java.lang.reflect.Method.invoke(Method.java:498)
	at org.junit.runners.model.FrameworkMethod$1.runReflectiveCall(FrameworkMethod.java:50)
	at org.junit.internal.runners.model.ReflectiveCallable.run(ReflectiveCallable.java:12)
	at org.junit.runners.model.FrameworkMethod.invokeExplosively(FrameworkMethod.java:47)
	at org.junit.internal.runners.statements.InvokeMethod.evaluate(InvokeMethod.java:17)
	at org.junit.internal.runners.statements.FailOnTimeout$CallableStatement.call(FailOnTimeout.java:298)
	at org.junit.internal.runners.statements.FailOnTimeout$CallableStatement.call(FailOnTimeout.java:292)
	at java.util.concurrent.FutureTask.run(FutureTask.java:266)
	at java.lang.Thread.run(Thread.java:748)
12) test123(com.fasterxml.jackson.core.json.ReaderBasedJsonParser_ESTest)
com.fasterxml.jackson.core.JsonParseException: Unrecognized token 't5': was expecting 'null', 'true', 'false' or NaN
 at [Source: com.fasterxml.jackson.core.util.BufferRecycler@9; line: 1, column: 5]
	at com.fasterxml.jackson.core.JsonParser._constructError(JsonParser.java:1586)
	at com.fasterxml.jackson.core.base.ParserMinimalBase._reportError(ParserMinimalBase.java:521)
	at com.fasterxml.jackson.core.json.ReaderBasedJsonParser._reportInvalidToken(ReaderBasedJsonParser.java:2749)
	at com.fasterxml.jackson.core.json.ReaderBasedJsonParser._reportInvalidToken(ReaderBasedJsonParser.java:2726)
	at com.fasterxml.jackson.core.json.ReaderBasedJsonParser._matchToken(ReaderBasedJsonParser.java:2533)
	at com.fasterxml.jackson.core.json.ReaderBasedJsonParser._matchTrue(ReaderBasedJsonParser.java:2484)
	at com.fasterxml.jackson.core.json.ReaderBasedJsonParser.nextToken(ReaderBasedJsonParser.java:676)
	at com.fasterxml.jackson.core.json.ReaderBasedJsonParser.nextTextValue(ReaderBasedJsonParser.java:1101)
	at com.fasterxml.jackson.core.json.ReaderBasedJsonParser_ESTest.test123(ReaderBasedJsonParser_ESTest.java:22073)
	at sun.reflect.NativeMethodAccessorImpl.invoke0(Native Method)
	at sun.reflect.NativeMethodAccessorImpl.invoke(NativeMethodAccessorImpl.java:62)
	at sun.reflect.DelegatingMethodAccessorImpl.invoke(DelegatingMethodAccessorImpl.java:43)
	at java.lang.reflect.Method.invoke(Method.java:498)
	at org.junit.runners.model.FrameworkMethod$1.runReflectiveCall(FrameworkMethod.java:50)
	at org.junit.internal.runners.model.ReflectiveCallable.run(ReflectiveCallable.java:12)
	at org.junit.runners.model.FrameworkMethod.invokeExplosively(FrameworkMethod.java:47)
	at org.junit.internal.runners.statements.InvokeMethod.evaluate(InvokeMethod.java:17)
	at org.junit.internal.runners.statements.FailOnTimeout$CallableStatement.call(FailOnTimeout.java:298)
	at org.junit.internal.runners.statements.FailOnTimeout$CallableStatement.call(FailOnTimeout.java:292)
	at java.util.concurrent.FutureTask.run(FutureTask.java:266)
	at java.lang.Thread.run(Thread.java:748)
13) test244(com.fasterxml.jackson.core.json.ReaderBasedJsonParser_ESTest)
com.fasterxml.jackson.core.JsonParseException: Unexpected character (':' (code 58)): expected a valid value (number, String, array, object, 'true', 'false' or 'null')
 at [Source: java.lang.Object@4e858e0a; line: 1, column: 17]
	at com.fasterxml.jackson.core.JsonParser._constructError(JsonParser.java:1586)
	at com.fasterxml.jackson.core.base.ParserMinimalBase._reportError(ParserMinimalBase.java:521)
	at com.fasterxml.jackson.core.base.ParserMinimalBase._reportUnexpectedChar(ParserMinimalBase.java:450)
	at com.fasterxml.jackson.core.json.ReaderBasedJsonParser._handleOddValue(ReaderBasedJsonParser.java:1823)
	at com.fasterxml.jackson.core.json.ReaderBasedJsonParser.nextToken(ReaderBasedJsonParser.java:708)
	at com.fasterxml.jackson.core.json.ReaderBasedJsonParser_ESTest.test244(ReaderBasedJsonParser_ESTest.java:45554)
	at sun.reflect.NativeMethodAccessorImpl.invoke0(Native Method)
	at sun.reflect.NativeMethodAccessorImpl.invoke(NativeMethodAccessorImpl.java:62)
	at sun.reflect.DelegatingMethodAccessorImpl.invoke(DelegatingMethodAccessorImpl.java:43)
	at java.lang.reflect.Method.invoke(Method.java:498)
	at org.junit.runners.model.FrameworkMethod$1.runReflectiveCall(FrameworkMethod.java:50)
	at org.junit.internal.runners.model.ReflectiveCallable.run(ReflectiveCallable.java:12)
	at org.junit.runners.model.FrameworkMethod.invokeExplosively(FrameworkMethod.java:47)
	at org.junit.internal.runners.statements.InvokeMethod.evaluate(InvokeMethod.java:17)
	at org.junit.internal.runners.statements.FailOnTimeout$CallableStatement.call(FailOnTimeout.java:298)
	at org.junit.internal.runners.statements.FailOnTimeout$CallableStatement.call(FailOnTimeout.java:292)
	at java.util.concurrent.FutureTask.run(FutureTask.java:266)
	at java.lang.Thread.run(Thread.java:748)
14) test365(com.fasterxml.jackson.core.json.ReaderBasedJsonParser_ESTest)
java.lang.NullPointerException
	at java.io.Reader.read(Reader.java:98)
	at com.fasterxml.jackson.core.json.ReaderBasedJsonParser_ESTest.test365(ReaderBasedJsonParser_ESTest.java)
	at sun.reflect.NativeMethodAccessorImpl.invoke0(Native Method)
	at sun.reflect.NativeMethodAccessorImpl.invoke(NativeMethodAccessorImpl.java:62)
	at sun.reflect.DelegatingMethodAccessorImpl.invoke(DelegatingMethodAccessorImpl.java:43)
	at java.lang.reflect.Method.invoke(Method.java:498)
	at org.junit.runners.model.FrameworkMethod$1.runReflectiveCall(FrameworkMethod.java:50)
	at org.junit.internal.runners.model.ReflectiveCallable.run(ReflectiveCallable.java:12)
	at org.junit.runners.model.FrameworkMethod.invokeExplosively(FrameworkMethod.java:47)
	at org.junit.internal.runners.statements.InvokeMethod.evaluate(InvokeMethod.java:17)
	at org.junit.internal.runners.statements.FailOnTimeout$CallableStatement.call(FailOnTimeout.java:298)
	at org.junit.internal.runners.statements.FailOnTimeout$CallableStatement.call(FailOnTimeout.java:292)
	at java.util.concurrent.FutureTask.run(FutureTask.java:266)
	at java.lang.Thread.run(Thread.java:748)
15) test486(com.fasterxml.jackson.core.json.ReaderBasedJsonParser_ESTest)
com.fasterxml.jackson.core.JsonParseException: Unexpected character ('@' (code 64)): expected a valid value (number, String, array, object, 'true', 'false' or 'null')
 at [Source: was expecting either '*' or '/' for a comment; line: 1, column: 1]
	at com.fasterxml.jackson.core.JsonParser._constructError(JsonParser.java:1586)
	at com.fasterxml.jackson.core.base.ParserMinimalBase._reportError(ParserMinimalBase.java:521)
	at com.fasterxml.jackson.core.base.ParserMinimalBase._reportUnexpectedChar(ParserMinimalBase.java:450)
	at com.fasterxml.jackson.core.json.ReaderBasedJsonParser._handleOddValue(ReaderBasedJsonParser.java:1823)
	at com.fasterxml.jackson.core.json.ReaderBasedJsonParser_ESTest.test486(ReaderBasedJsonParser_ESTest.java)
	at sun.reflect.NativeMethodAccessorImpl.invoke0(Native Method)
	at sun.reflect.NativeMethodAccessorImpl.invoke(NativeMethodAccessorImpl.java:62)
	at sun.reflect.DelegatingMethodAccessorImpl.invoke(DelegatingMethodAccessorImpl.java:43)
	at java.lang.reflect.Method.invoke(Method.java:498)
	at org.junit.runners.model.FrameworkMethod$1.runReflectiveCall(FrameworkMethod.java:50)
	at org.junit.internal.runners.model.ReflectiveCallable.run(ReflectiveCallable.java:12)
	at org.junit.runners.model.FrameworkMethod.invokeExplosively(FrameworkMethod.java:47)
	at org.junit.internal.runners.statements.InvokeMethod.evaluate(InvokeMethod.java:17)
	at org.junit.internal.runners.statements.FailOnTimeout$CallableStatement.call(FailOnTimeout.java:298)
	at org.junit.internal.runners.statements.FailOnTimeout$CallableStatement.call(FailOnTimeout.java:292)
	at java.util.concurrent.FutureTask.run(FutureTask.java:266)
	at java.lang.Thread.run(Thread.java:748)
16) test003(com.fasterxml.jackson.core.json.ReaderBasedJsonParser_ESTest)
com.fasterxml.jackson.core.JsonParseException: Unexpected end-of-input: was expecting closing quote for a string value
 at [Source: com.fasterxml.jackson.core.util.BufferRecycler@a; line: 1, column: 13]
	at com.fasterxml.jackson.core.JsonParser._constructError(JsonParser.java:1586)
	at com.fasterxml.jackson.core.base.ParserMinimalBase._reportError(ParserMinimalBase.java:521)
	at com.fasterxml.jackson.core.base.ParserMinimalBase._reportInvalidEOF(ParserMinimalBase.java:458)
	at com.fasterxml.jackson.core.json.ReaderBasedJsonParser._finishString2(ReaderBasedJsonParser.java:1959)
	at com.fasterxml.jackson.core.json.ReaderBasedJsonParser._finishString(ReaderBasedJsonParser.java:1946)
	at com.fasterxml.jackson.core.json.ReaderBasedJsonParser.getText(ReaderBasedJsonParser.java:260)
	at com.fasterxml.jackson.core.json.ReaderBasedJsonParser_ESTest.test003(ReaderBasedJsonParser_ESTest.java:598)
	at sun.reflect.NativeMethodAccessorImpl.invoke0(Native Method)
	at sun.reflect.NativeMethodAccessorImpl.invoke(NativeMethodAccessorImpl.java:62)
	at sun.reflect.DelegatingMethodAccessorImpl.invoke(DelegatingMethodAccessorImpl.java:43)
	at java.lang.reflect.Method.invoke(Method.java:498)
	at org.junit.runners.model.FrameworkMethod$1.runReflectiveCall(FrameworkMethod.java:50)
	at org.junit.internal.runners.model.ReflectiveCallable.run(ReflectiveCallable.java:12)
	at org.junit.runners.model.FrameworkMethod.invokeExplosively(FrameworkMethod.java:47)
	at org.junit.internal.runners.statements.InvokeMethod.evaluate(InvokeMethod.java:17)
	at org.junit.internal.runners.statements.FailOnTimeout$CallableStatement.call(FailOnTimeout.java:298)
	at org.junit.internal.runners.statements.FailOnTimeout$CallableStatement.call(FailOnTimeout.java:292)
	at java.util.concurrent.FutureTask.run(FutureTask.java:266)
	at java.lang.Thread.run(Thread.java:748)
17) test124(com.fasterxml.jackson.core.json.ReaderBasedJsonParser_ESTest)
java.io.IOException: Stream closed
	at java.io.StringReader.ensureOpen(StringReader.java:56)
	at java.io.StringReader.read(StringReader.java:90)
	at com.fasterxml.jackson.core.json.ReaderBasedJsonParser.loadMore(ReaderBasedJsonParser.java:180)
	at com.fasterxml.jackson.core.json.ReaderBasedJsonParser._handleApos(ReaderBasedJsonParser.java:1834)
	at com.fasterxml.jackson.core.json.ReaderBasedJsonParser_ESTest.test124(ReaderBasedJsonParser_ESTest.java:22191)
	at sun.reflect.NativeMethodAccessorImpl.invoke0(Native Method)
	at sun.reflect.NativeMethodAccessorImpl.invoke(NativeMethodAccessorImpl.java:62)
	at sun.reflect.DelegatingMethodAccessorImpl.invoke(DelegatingMethodAccessorImpl.java:43)
	at java.lang.reflect.Method.invoke(Method.java:498)
	at org.junit.runners.model.FrameworkMethod$1.runReflectiveCall(FrameworkMethod.java:50)
	at org.junit.internal.runners.model.ReflectiveCallable.run(ReflectiveCallable.java:12)
	at org.junit.runners.model.FrameworkMethod.invokeExplosively(FrameworkMethod.java:47)
	at org.junit.internal.runners.statements.InvokeMethod.evaluate(InvokeMethod.java:17)
	at org.junit.internal.runners.statements.FailOnTimeout$CallableStatement.call(FailOnTimeout.java:298)
	at org.junit.internal.runners.statements.FailOnTimeout$CallableStatement.call(FailOnTimeout.java:292)
	at java.util.concurrent.FutureTask.run(FutureTask.java:266)
	at java.lang.Thread.run(Thread.java:748)
18) test245(com.fasterxml.jackson.core.json.ReaderBasedJsonParser_ESTest)
com.fasterxml.jackson.core.JsonParseException: Unrecognized token 'Ei': was expecting ('true', 'false' or 'null')
 at [Source: com.fasterxml.jackson.core.util.BufferRecycler@b; line: 1, column: 15]
	at com.fasterxml.jackson.core.JsonParser._constructError(JsonParser.java:1586)
	at com.fasterxml.jackson.core.base.ParserMinimalBase._reportError(ParserMinimalBase.java:521)
	at com.fasterxml.jackson.core.json.ReaderBasedJsonParser._reportInvalidToken(ReaderBasedJsonParser.java:2749)
	at com.fasterxml.jackson.core.json.ReaderBasedJsonParser._handleOddValue(ReaderBasedJsonParser.java:1820)
	at com.fasterxml.jackson.core.json.ReaderBasedJsonParser.nextToken(ReaderBasedJsonParser.java:708)
	at com.fasterxml.jackson.core.json.ReaderBasedJsonParser.nextLongValue(ReaderBasedJsonParser.java:1147)
	at com.fasterxml.jackson.core.json.ReaderBasedJsonParser_ESTest.test245(ReaderBasedJsonParser_ESTest.java:45720)
	at sun.reflect.NativeMethodAccessorImpl.invoke0(Native Method)
	at sun.reflect.NativeMethodAccessorImpl.invoke(NativeMethodAccessorImpl.java:62)
	at sun.reflect.DelegatingMethodAccessorImpl.invoke(DelegatingMethodAccessorImpl.java:43)
	at java.lang.reflect.Method.invoke(Method.java:498)
	at org.junit.runners.model.FrameworkMethod$1.runReflectiveCall(FrameworkMethod.java:50)
	at org.junit.internal.runners.model.ReflectiveCallable.run(ReflectiveCallable.java:12)
	at org.junit.runners.model.FrameworkMethod.invokeExplosively(FrameworkMethod.java:47)
	at org.junit.internal.runners.statements.InvokeMethod.evaluate(InvokeMethod.java:17)
	at org.junit.internal.runners.statements.FailOnTimeout$CallableStatement.call(FailOnTimeout.java:298)
	at org.junit.internal.runners.statements.FailOnTimeout$CallableStatement.call(FailOnTimeout.java:292)
	at java.util.concurrent.FutureTask.run(FutureTask.java:266)
	at java.lang.Thread.run(Thread.java:748)
19) test366(com.fasterxml.jackson.core.json.ReaderBasedJsonParser_ESTest)
com.fasterxml.jackson.core.JsonParseException: Unrecognized token 'eJ6$4v$O': was expecting ('true', 'false' or 'null')
 at [Source: com.fasterxml.jackson.core.util.BufferRecycler@c; line: 1, column: 10]
	at com.fasterxml.jackson.core.JsonParser._constructError(JsonParser.java:1586)
	at com.fasterxml.jackson.core.base.ParserMinimalBase._reportError(ParserMinimalBase.java:521)
	at com.fasterxml.jackson.core.json.ReaderBasedJsonParser._reportInvalidToken(ReaderBasedJsonParser.java:2749)
	at com.fasterxml.jackson.core.json.ReaderBasedJsonParser._handleOddValue(ReaderBasedJsonParser.java:1820)
	at com.fasterxml.jackson.core.json.ReaderBasedJsonParser.nextToken(ReaderBasedJsonParser.java:708)
	at com.fasterxml.jackson.core.json.ReaderBasedJsonParser.nextIntValue(ReaderBasedJsonParser.java:1124)
	at com.fasterxml.jackson.core.json.ReaderBasedJsonParser_ESTest.test366(ReaderBasedJsonParser_ESTest.java)
	at sun.reflect.NativeMethodAccessorImpl.invoke0(Native Method)
	at sun.reflect.NativeMethodAccessorImpl.invoke(NativeMethodAccessorImpl.java:62)
	at sun.reflect.DelegatingMethodAccessorImpl.invoke(DelegatingMethodAccessorImpl.java:43)
	at java.lang.reflect.Method.invoke(Method.java:498)
	at org.junit.runners.model.FrameworkMethod$1.runReflectiveCall(FrameworkMethod.java:50)
	at org.junit.internal.runners.model.ReflectiveCallable.run(ReflectiveCallable.java:12)
	at org.junit.runners.model.FrameworkMethod.invokeExplosively(FrameworkMethod.java:47)
	at org.junit.internal.runners.statements.InvokeMethod.evaluate(InvokeMethod.java:17)
	at org.junit.internal.runners.statements.FailOnTimeout$CallableStatement.call(FailOnTimeout.java:298)
	at org.junit.internal.runners.statements.FailOnTimeout$CallableStatement.call(FailOnTimeout.java:292)
	at java.util.concurrent.FutureTask.run(FutureTask.java:266)
	at java.lang.Thread.run(Thread.java:748)
20) test487(com.fasterxml.jackson.core.json.ReaderBasedJsonParser_ESTest)
com.fasterxml.jackson.core.JsonParseException: Unexpected character (''' (code 39)): expected a valid value (number, String, array, object, 'true', 'false' or 'null')
 at [Source: com.fasterxml.jackson.core.util.BufferRecycler@d; line: 1, column: 2]
	at com.fasterxml.jackson.core.JsonParser._constructError(JsonParser.java:1586)
	at com.fasterxml.jackson.core.base.ParserMinimalBase._reportError(ParserMinimalBase.java:521)
	at com.fasterxml.jackson.core.base.ParserMinimalBase._reportUnexpectedChar(ParserMinimalBase.java:450)
	at com.fasterxml.jackson.core.json.ReaderBasedJsonParser._handleOddValue(ReaderBasedJsonParser.java:1823)
	at com.fasterxml.jackson.core.json.ReaderBasedJsonParser.nextToken(ReaderBasedJsonParser.java:708)
	at com.fasterxml.jackson.core.json.ReaderBasedJsonParser.nextLongValue(ReaderBasedJsonParser.java:1147)
	at com.fasterxml.jackson.core.json.ReaderBasedJsonParser_ESTest.test487(ReaderBasedJsonParser_ESTest.java)
	at sun.reflect.NativeMethodAccessorImpl.invoke0(Native Method)
	at sun.reflect.NativeMethodAccessorImpl.invoke(NativeMethodAccessorImpl.java:62)
	at sun.reflect.DelegatingMethodAccessorImpl.invoke(DelegatingMethodAccessorImpl.java:43)
	at java.lang.reflect.Method.invoke(Method.java:498)
	at org.junit.runners.model.FrameworkMethod$1.runReflectiveCall(FrameworkMethod.java:50)
	at org.junit.internal.runners.model.ReflectiveCallable.run(ReflectiveCallable.java:12)
	at org.junit.runners.model.FrameworkMethod.invokeExplosively(FrameworkMethod.java:47)
	at org.junit.internal.runners.statements.InvokeMethod.evaluate(InvokeMethod.java:17)
	at org.junit.internal.runners.statements.FailOnTimeout$CallableStatement.call(FailOnTimeout.java:298)
	at org.junit.internal.runners.statements.FailOnTimeout$CallableStatement.call(FailOnTimeout.java:292)
	at java.util.concurrent.FutureTask.run(FutureTask.java:266)
	at java.lang.Thread.run(Thread.java:748)
21) test004(com.fasterxml.jackson.core.json.ReaderBasedJsonParser_ESTest)
java.lang.NullPointerException
	at java.lang.System.arraycopy(Native Method)
	at com.fasterxml.jackson.core.util.TextBuffer.unshare(TextBuffer.java:670)
	at com.fasterxml.jackson.core.util.TextBuffer.getCurrentSegment(TextBuffer.java:522)
	at com.fasterxml.jackson.core.json.ReaderBasedJsonParser._handleOddName2(ReaderBasedJsonParser.java:1871)
	at com.fasterxml.jackson.core.json.ReaderBasedJsonParser._handleOddName(ReaderBasedJsonParser.java:1741)
	at com.fasterxml.jackson.core.json.ReaderBasedJsonParser_ESTest.test004(ReaderBasedJsonParser_ESTest.java:701)
	at sun.reflect.NativeMethodAccessorImpl.invoke0(Native Method)
	at sun.reflect.NativeMethodAccessorImpl.invoke(NativeMethodAccessorImpl.java:62)
	at sun.reflect.DelegatingMethodAccessorImpl.invoke(DelegatingMethodAccessorImpl.java:43)
	at java.lang.reflect.Method.invoke(Method.java:498)
	at org.junit.runners.model.FrameworkMethod$1.runReflectiveCall(FrameworkMethod.java:50)
	at org.junit.internal.runners.model.ReflectiveCallable.run(ReflectiveCallable.java:12)
	at org.junit.runners.model.FrameworkMethod.invokeExplosively(FrameworkMethod.java:47)
	at org.junit.internal.runners.statements.InvokeMethod.evaluate(InvokeMethod.java:17)
	at org.junit.internal.runners.statements.FailOnTimeout$CallableStatement.call(FailOnTimeout.java:298)
	at org.junit.internal.runners.statements.FailOnTimeout$CallableStatement.call(FailOnTimeout.java:292)
	at java.util.concurrent.FutureTask.run(FutureTask.java:266)
	at java.lang.Thread.run(Thread.java:748)
22) test125(com.fasterxml.jackson.core.json.ReaderBasedJsonParser_ESTest)
com.fasterxml.jackson.core.JsonParseException: Unexpected character (':' (code 58)): was expecting either valid name character (for unquoted name) or double-quote (for quoted) to start field name
 at [Source: com.fasterxml.jackson.core.util.BufferRecycler@e; line: 1, column: 3]
	at com.fasterxml.jackson.core.JsonParser._constructError(JsonParser.java:1586)
	at com.fasterxml.jackson.core.base.ParserMinimalBase._reportError(ParserMinimalBase.java:521)
	at com.fasterxml.jackson.core.base.ParserMinimalBase._reportUnexpectedChar(ParserMinimalBase.java:450)
	at com.fasterxml.jackson.core.json.ReaderBasedJsonParser._handleOddName(ReaderBasedJsonParser.java:1715)
	at com.fasterxml.jackson.core.json.ReaderBasedJsonParser.nextToken(ReaderBasedJsonParser.java:642)
	at com.fasterxml.jackson.core.json.ReaderBasedJsonParser.nextTextValue(ReaderBasedJsonParser.java:1101)
	at com.fasterxml.jackson.core.json.ReaderBasedJsonParser_ESTest.test125(ReaderBasedJsonParser_ESTest.java:22359)
	at sun.reflect.NativeMethodAccessorImpl.invoke0(Native Method)
	at sun.reflect.NativeMethodAccessorImpl.invoke(NativeMethodAccessorImpl.java:62)
	at sun.reflect.DelegatingMethodAccessorImpl.invoke(DelegatingMethodAccessorImpl.java:43)
	at java.lang.reflect.Method.invoke(Method.java:498)
	at org.junit.runners.model.FrameworkMethod$1.runReflectiveCall(FrameworkMethod.java:50)
	at org.junit.internal.runners.model.ReflectiveCallable.run(ReflectiveCallable.java:12)
	at org.junit.runners.model.FrameworkMethod.invokeExplosively(FrameworkMethod.java:47)
	at org.junit.internal.runners.statements.InvokeMethod.evaluate(InvokeMethod.java:17)
	at org.junit.internal.runners.statements.FailOnTimeout$CallableStatement.call(FailOnTimeout.java:298)
	at org.junit.internal.runners.statements.FailOnTimeout$CallableStatement.call(FailOnTimeout.java:292)
	at java.util.concurrent.FutureTask.run(FutureTask.java:266)
	at java.lang.Thread.run(Thread.java:748)
23) test246(com.fasterxml.jackson.core.json.ReaderBasedJsonParser_ESTest)
com.fasterxml.jackson.core.JsonParseException: Unexpected character ('~' (code 126)): expected a valid value (number, String, array, object, 'true', 'false' or 'null')
 at [Source: 0k{5,c3JlvxX8; line: 1, column: 2]
	at com.fasterxml.jackson.core.JsonParser._constructError(JsonParser.java:1586)
	at com.fasterxml.jackson.core.base.ParserMinimalBase._reportError(ParserMinimalBase.java:521)
	at com.fasterxml.jackson.core.base.ParserMinimalBase._reportUnexpectedChar(ParserMinimalBase.java:450)
	at com.fasterxml.jackson.core.json.ReaderBasedJsonParser._handleOddValue(ReaderBasedJsonParser.java:1823)
	at com.fasterxml.jackson.core.json.ReaderBasedJsonParser._nextTokenNotInObject(ReaderBasedJsonParser.java:1074)
	at com.fasterxml.jackson.core.json.ReaderBasedJsonParser.nextFieldName(ReaderBasedJsonParser.java:789)
	at com.fasterxml.jackson.core.json.ReaderBasedJsonParser_ESTest.test246(ReaderBasedJsonParser_ESTest.java:46125)
	at sun.reflect.NativeMethodAccessorImpl.invoke0(Native Method)
	at sun.reflect.NativeMethodAccessorImpl.invoke(NativeMethodAccessorImpl.java:62)
	at sun.reflect.DelegatingMethodAccessorImpl.invoke(DelegatingMethodAccessorImpl.java:43)
	at java.lang.reflect.Method.invoke(Method.java:498)
	at org.junit.runners.model.FrameworkMethod$1.runReflectiveCall(FrameworkMethod.java:50)
	at org.junit.internal.runners.model.ReflectiveCallable.run(ReflectiveCallable.java:12)
	at org.junit.runners.model.FrameworkMethod.invokeExplosively(FrameworkMethod.java:47)
	at org.junit.internal.runners.statements.InvokeMethod.evaluate(InvokeMethod.java:17)
	at org.junit.internal.runners.statements.FailOnTimeout$CallableStatement.call(FailOnTimeout.java:298)
	at org.junit.internal.runners.statements.FailOnTimeout$CallableStatement.call(FailOnTimeout.java:292)
	at java.util.concurrent.FutureTask.run(FutureTask.java:266)
	at java.lang.Thread.run(Thread.java:748)
24) test367(com.fasterxml.jackson.core.json.ReaderBasedJsonParser_ESTest)
com.fasterxml.jackson.core.JsonParseException: Invalid numeric value: Leading zeroes not allowed
 at [Source: com.fasterxml.jackson.core.util.BufferRecycler@f; line: 1, column: 5]
	at com.fasterxml.jackson.core.JsonParser._constructError(JsonParser.java:1586)
	at com.fasterxml.jackson.core.base.ParserMinimalBase._reportError(ParserMinimalBase.java:521)
	at com.fasterxml.jackson.core.base.ParserBase.reportInvalidNumber(ParserBase.java:1073)
	at com.fasterxml.jackson.core.json.ReaderBasedJsonParser._verifyNLZ2(ReaderBasedJsonParser.java:1525)
	at com.fasterxml.jackson.core.json.ReaderBasedJsonParser._verifyNoLeadingZeroes(ReaderBasedJsonParser.java:1512)
	at com.fasterxml.jackson.core.json.ReaderBasedJsonParser._parseNumber2(ReaderBasedJsonParser.java:1389)
	at com.fasterxml.jackson.core.json.ReaderBasedJsonParser._parsePosNumber(ReaderBasedJsonParser.java:1215)
	at com.fasterxml.jackson.core.json.ReaderBasedJsonParser._nextTokenNotInObject(ReaderBasedJsonParser.java:1072)
	at com.fasterxml.jackson.core.json.ReaderBasedJsonParser.nextFieldName(ReaderBasedJsonParser.java:789)
	at com.fasterxml.jackson.core.json.ReaderBasedJsonParser_ESTest.test367(ReaderBasedJsonParser_ESTest.java)
	at sun.reflect.NativeMethodAccessorImpl.invoke0(Native Method)
	at sun.reflect.NativeMethodAccessorImpl.invoke(NativeMethodAccessorImpl.java:62)
	at sun.reflect.DelegatingMethodAccessorImpl.invoke(DelegatingMethodAccessorImpl.java:43)
	at java.lang.reflect.Method.invoke(Method.java:498)
	at org.junit.runners.model.FrameworkMethod$1.runReflectiveCall(FrameworkMethod.java:50)
	at org.junit.internal.runners.model.ReflectiveCallable.run(ReflectiveCallable.java:12)
	at org.junit.runners.model.FrameworkMethod.invokeExplosively(FrameworkMethod.java:47)
	at org.junit.internal.runners.statements.InvokeMethod.evaluate(InvokeMethod.java:17)
	at org.junit.internal.runners.statements.FailOnTimeout$CallableStatement.call(FailOnTimeout.java:298)
	at org.junit.internal.runners.statements.FailOnTimeout$CallableStatement.call(FailOnTimeout.java:292)
	at java.util.concurrent.FutureTask.run(FutureTask.java:266)
	at java.lang.Thread.run(Thread.java:748)
25) test488(com.fasterxml.jackson.core.json.ReaderBasedJsonParser_ESTest)
com.fasterxml.jackson.core.JsonParseException: Unexpected character ((CTRL-CHAR, code 0)): expected a valid value (number, String, array, object, 'true', 'false' or 'null')
 at [Source: UNKNOWN; line: 1, column: 4]
	at com.fasterxml.jackson.core.JsonParser._constructError(JsonParser.java:1586)
	at com.fasterxml.jackson.core.base.ParserMinimalBase._reportError(ParserMinimalBase.java:521)
	at com.fasterxml.jackson.core.base.ParserMinimalBase._reportUnexpectedChar(ParserMinimalBase.java:450)
	at com.fasterxml.jackson.core.json.ReaderBasedJsonParser._handleOddValue(ReaderBasedJsonParser.java:1823)
	at com.fasterxml.jackson.core.json.ReaderBasedJsonParser_ESTest.test488(ReaderBasedJsonParser_ESTest.java)
	at sun.reflect.NativeMethodAccessorImpl.invoke0(Native Method)
	at sun.reflect.NativeMethodAccessorImpl.invoke(NativeMethodAccessorImpl.java:62)
	at sun.reflect.DelegatingMethodAccessorImpl.invoke(DelegatingMethodAccessorImpl.java:43)
	at java.lang.reflect.Method.invoke(Method.java:498)
	at org.junit.runners.model.FrameworkMethod$1.runReflectiveCall(FrameworkMethod.java:50)
	at org.junit.internal.runners.model.ReflectiveCallable.run(ReflectiveCallable.java:12)
	at org.junit.runners.model.FrameworkMethod.invokeExplosively(FrameworkMethod.java:47)
	at org.junit.internal.runners.statements.InvokeMethod.evaluate(InvokeMethod.java:17)
	at org.junit.internal.runners.statements.FailOnTimeout$CallableStatement.call(FailOnTimeout.java:298)
	at org.junit.internal.runners.statements.FailOnTimeout$CallableStatement.call(FailOnTimeout.java:292)
	at java.util.concurrent.FutureTask.run(FutureTask.java:266)
	at java.lang.Thread.run(Thread.java:748)
26) test247(com.fasterxml.jackson.core.json.ReaderBasedJsonParser_ESTest)
java.lang.NullPointerException
	at com.fasterxml.jackson.core.json.ReaderBasedJsonParser.loadMore(ReaderBasedJsonParser.java:180)
	at com.fasterxml.jackson.core.json.ReaderBasedJsonParser_ESTest.test247(ReaderBasedJsonParser_ESTest.java:46287)
	at sun.reflect.NativeMethodAccessorImpl.invoke0(Native Method)
	at sun.reflect.NativeMethodAccessorImpl.invoke(NativeMethodAccessorImpl.java:62)
	at sun.reflect.DelegatingMethodAccessorImpl.invoke(DelegatingMethodAccessorImpl.java:43)
	at java.lang.reflect.Method.invoke(Method.java:498)
	at org.junit.runners.model.FrameworkMethod$1.runReflectiveCall(FrameworkMethod.java:50)
	at org.junit.internal.runners.model.ReflectiveCallable.run(ReflectiveCallable.java:12)
	at org.junit.runners.model.FrameworkMethod.invokeExplosively(FrameworkMethod.java:47)
	at org.junit.internal.runners.statements.InvokeMethod.evaluate(InvokeMethod.java:17)
	at org.junit.internal.runners.statements.FailOnTimeout$CallableStatement.call(FailOnTimeout.java:298)
	at org.junit.internal.runners.statements.FailOnTimeout$CallableStatement.call(FailOnTimeout.java:292)
	at java.util.concurrent.FutureTask.run(FutureTask.java:266)
	at java.lang.Thread.run(Thread.java:748)
27) test368(com.fasterxml.jackson.core.json.ReaderBasedJsonParser_ESTest)
com.fasterxml.jackson.core.JsonParseException: Invalid numeric value: Leading zeroes not allowed
 at [Source: com.fasterxml.jackson.core.util.BufferRecycler@10; line: 1, column: 2]
	at com.fasterxml.jackson.core.JsonParser._constructError(JsonParser.java:1586)
	at com.fasterxml.jackson.core.base.ParserMinimalBase._reportError(ParserMinimalBase.java:521)
	at com.fasterxml.jackson.core.base.ParserBase.reportInvalidNumber(ParserBase.java:1073)
	at com.fasterxml.jackson.core.json.ReaderBasedJsonParser._verifyNLZ2(ReaderBasedJsonParser.java:1525)
	at com.fasterxml.jackson.core.json.ReaderBasedJsonParser._verifyNoLeadingZeroes(ReaderBasedJsonParser.java:1512)
	at com.fasterxml.jackson.core.json.ReaderBasedJsonParser._parseNumber2(ReaderBasedJsonParser.java:1389)
	at com.fasterxml.jackson.core.json.ReaderBasedJsonParser._parsePosNumber(ReaderBasedJsonParser.java:1215)
	at com.fasterxml.jackson.core.json.ReaderBasedJsonParser.nextToken(ReaderBasedJsonParser.java:705)
	at com.fasterxml.jackson.core.json.ReaderBasedJsonParser.nextLongValue(ReaderBasedJsonParser.java:1147)
	at com.fasterxml.jackson.core.json.ReaderBasedJsonParser_ESTest.test368(ReaderBasedJsonParser_ESTest.java)
	at sun.reflect.NativeMethodAccessorImpl.invoke0(Native Method)
	at sun.reflect.NativeMethodAccessorImpl.invoke(NativeMethodAccessorImpl.java:62)
	at sun.reflect.DelegatingMethodAccessorImpl.invoke(DelegatingMethodAccessorImpl.java:43)
	at java.lang.reflect.Method.invoke(Method.java:498)
	at org.junit.runners.model.FrameworkMethod$1.runReflectiveCall(FrameworkMethod.java:50)
	at org.junit.internal.runners.model.ReflectiveCallable.run(ReflectiveCallable.java:12)
	at org.junit.runners.model.FrameworkMethod.invokeExplosively(FrameworkMethod.java:47)
	at org.junit.internal.runners.statements.InvokeMethod.evaluate(InvokeMethod.java:17)
	at org.junit.internal.runners.statements.FailOnTimeout$CallableStatement.call(FailOnTimeout.java:298)
	at org.junit.internal.runners.statements.FailOnTimeout$CallableStatement.call(FailOnTimeout.java:292)
	at java.util.concurrent.FutureTask.run(FutureTask.java:266)
	at java.lang.Thread.run(Thread.java:748)
28) test489(com.fasterxml.jackson.core.json.ReaderBasedJsonParser_ESTest)
com.fasterxml.jackson.core.JsonParseException: Unexpected character ('.' (code 46)): expected a valid value (number, String, array, object, 'true', 'false' or 'null')
 at [Source: com.fasterxml.jackson.core.util.BufferRecycler@11; line: 1, column: 2]
	at com.fasterxml.jackson.core.JsonParser._constructError(JsonParser.java:1586)
	at com.fasterxml.jackson.core.base.ParserMinimalBase._reportError(ParserMinimalBase.java:521)
	at com.fasterxml.jackson.core.base.ParserMinimalBase._reportUnexpectedChar(ParserMinimalBase.java:450)
	at com.fasterxml.jackson.core.json.ReaderBasedJsonParser._handleOddValue(ReaderBasedJsonParser.java:1823)
	at com.fasterxml.jackson.core.json.ReaderBasedJsonParser.nextToken(ReaderBasedJsonParser.java:708)
	at com.fasterxml.jackson.core.json.ReaderBasedJsonParser_ESTest.test489(ReaderBasedJsonParser_ESTest.java)
	at sun.reflect.NativeMethodAccessorImpl.invoke0(Native Method)
	at sun.reflect.NativeMethodAccessorImpl.invoke(NativeMethodAccessorImpl.java:62)
	at sun.reflect.DelegatingMethodAccessorImpl.invoke(DelegatingMethodAccessorImpl.java:43)
	at java.lang.reflect.Method.invoke(Method.java:498)
	at org.junit.runners.model.FrameworkMethod$1.runReflectiveCall(FrameworkMethod.java:50)
	at org.junit.internal.runners.model.ReflectiveCallable.run(ReflectiveCallable.java:12)
	at org.junit.runners.model.FrameworkMethod.invokeExplosively(FrameworkMethod.java:47)
	at org.junit.internal.runners.statements.InvokeMethod.evaluate(InvokeMethod.java:17)
	at org.junit.internal.runners.statements.FailOnTimeout$CallableStatement.call(FailOnTimeout.java:298)
	at org.junit.internal.runners.statements.FailOnTimeout$CallableStatement.call(FailOnTimeout.java:292)
	at java.util.concurrent.FutureTask.run(FutureTask.java:266)
	at java.lang.Thread.run(Thread.java:748)
29) test130(com.fasterxml.jackson.core.json.ReaderBasedJsonParser_ESTest)
com.fasterxml.jackson.core.JsonParseException: Unexpected character ('b' (code 98)): Expected space separating root-level values
 at [Source: com.fasterxml.jackson.core.util.BufferRecycler@12; line: 1, column: 5]
	at com.fasterxml.jackson.core.JsonParser._constructError(JsonParser.java:1586)
	at com.fasterxml.jackson.core.base.ParserMinimalBase._reportError(ParserMinimalBase.java:521)
	at com.fasterxml.jackson.core.base.ParserMinimalBase._reportUnexpectedChar(ParserMinimalBase.java:450)
	at com.fasterxml.jackson.core.base.ParserMinimalBase._reportMissingRootWS(ParserMinimalBase.java:466)
	at com.fasterxml.jackson.core.json.ReaderBasedJsonParser._verifyRootSpace(ReaderBasedJsonParser.java:1598)
	at com.fasterxml.jackson.core.json.ReaderBasedJsonParser._parseNegNumber(ReaderBasedJsonParser.java:1360)
	at com.fasterxml.jackson.core.json.ReaderBasedJsonParser_ESTest.test130(ReaderBasedJsonParser_ESTest.java:23167)
	at sun.reflect.NativeMethodAccessorImpl.invoke0(Native Method)
	at sun.reflect.NativeMethodAccessorImpl.invoke(NativeMethodAccessorImpl.java:62)
	at sun.reflect.DelegatingMethodAccessorImpl.invoke(DelegatingMethodAccessorImpl.java:43)
	at java.lang.reflect.Method.invoke(Method.java:498)
	at org.junit.runners.model.FrameworkMethod$1.runReflectiveCall(FrameworkMethod.java:50)
	at org.junit.internal.runners.model.ReflectiveCallable.run(ReflectiveCallable.java:12)
	at org.junit.runners.model.FrameworkMethod.invokeExplosively(FrameworkMethod.java:47)
	at org.junit.internal.runners.statements.InvokeMethod.evaluate(InvokeMethod.java:17)
	at org.junit.internal.runners.statements.FailOnTimeout$CallableStatement.call(FailOnTimeout.java:298)
	at org.junit.internal.runners.statements.FailOnTimeout$CallableStatement.call(FailOnTimeout.java:292)
	at java.util.concurrent.FutureTask.run(FutureTask.java:266)
	at java.lang.Thread.run(Thread.java:748)
30) test372(com.fasterxml.jackson.core.json.ReaderBasedJsonParser_ESTest)
java.lang.NullPointerException
	at com.fasterxml.jackson.core.io.IOContext._verifyRelease(IOContext.java:277)
	at com.fasterxml.jackson.core.io.IOContext.releaseTokenBuffer(IOContext.java:238)
	at com.fasterxml.jackson.core.json.ReaderBasedJsonParser._releaseBuffers(ReaderBasedJsonParser.java:236)
	at com.fasterxml.jackson.core.base.ParserBase.close(ParserBase.java:422)
	at com.fasterxml.jackson.core.json.ReaderBasedJsonParser.nextToken(ReaderBasedJsonParser.java:606)
	at com.fasterxml.jackson.core.json.ReaderBasedJsonParser.nextTextValue(ReaderBasedJsonParser.java:1101)
	at com.fasterxml.jackson.core.json.ReaderBasedJsonParser_ESTest.test372(ReaderBasedJsonParser_ESTest.java)
	at sun.reflect.NativeMethodAccessorImpl.invoke0(Native Method)
	at sun.reflect.NativeMethodAccessorImpl.invoke(NativeMethodAccessorImpl.java:62)
	at sun.reflect.DelegatingMethodAccessorImpl.invoke(DelegatingMethodAccessorImpl.java:43)
	at java.lang.reflect.Method.invoke(Method.java:498)
	at org.junit.runners.model.FrameworkMethod$1.runReflectiveCall(FrameworkMethod.java:50)
	at org.junit.internal.runners.model.ReflectiveCallable.run(ReflectiveCallable.java:12)
	at org.junit.runners.model.FrameworkMethod.invokeExplosively(FrameworkMethod.java:47)
	at org.junit.internal.runners.statements.InvokeMethod.evaluate(InvokeMethod.java:17)
	at org.junit.internal.runners.statements.FailOnTimeout$CallableStatement.call(FailOnTimeout.java:298)
	at org.junit.internal.runners.statements.FailOnTimeout$CallableStatement.call(FailOnTimeout.java:292)
	at java.util.concurrent.FutureTask.run(FutureTask.java:266)
	at java.lang.Thread.run(Thread.java:748)
31) test493(com.fasterxml.jackson.core.json.ReaderBasedJsonParser_ESTest)
com.fasterxml.jackson.core.JsonParseException: Unexpected character ('*' (code 42)): expected a valid value (number, String, array, object, 'true', 'false' or 'null')
 at [Source: com.fasterxml.jackson.core.util.BufferRecycler@13; line: 1, column: 24]
	at com.fasterxml.jackson.core.JsonParser._constructError(JsonParser.java:1586)
	at com.fasterxml.jackson.core.base.ParserMinimalBase._reportError(ParserMinimalBase.java:521)
	at com.fasterxml.jackson.core.base.ParserMinimalBase._reportUnexpectedChar(ParserMinimalBase.java:450)
	at com.fasterxml.jackson.core.json.ReaderBasedJsonParser._handleOddValue(ReaderBasedJsonParser.java:1823)
	at com.fasterxml.jackson.core.json.ReaderBasedJsonParser.nextToken(ReaderBasedJsonParser.java:708)
	at com.fasterxml.jackson.core.json.ReaderBasedJsonParser.nextLongValue(ReaderBasedJsonParser.java:1147)
	at com.fasterxml.jackson.core.json.ReaderBasedJsonParser_ESTest.test493(ReaderBasedJsonParser_ESTest.java)
	at sun.reflect.NativeMethodAccessorImpl.invoke0(Native Method)
	at sun.reflect.NativeMethodAccessorImpl.invoke(NativeMethodAccessorImpl.java:62)
	at sun.reflect.DelegatingMethodAccessorImpl.invoke(DelegatingMethodAccessorImpl.java:43)
	at java.lang.reflect.Method.invoke(Method.java:498)
	at org.junit.runners.model.FrameworkMethod$1.runReflectiveCall(FrameworkMethod.java:50)
	at org.junit.internal.runners.model.ReflectiveCallable.run(ReflectiveCallable.java:12)
	at org.junit.runners.model.FrameworkMethod.invokeExplosively(FrameworkMethod.java:47)
	at org.junit.internal.runners.statements.InvokeMethod.evaluate(InvokeMethod.java:17)
	at org.junit.internal.runners.statements.FailOnTimeout$CallableStatement.call(FailOnTimeout.java:298)
	at org.junit.internal.runners.statements.FailOnTimeout$CallableStatement.call(FailOnTimeout.java:292)
	at java.util.concurrent.FutureTask.run(FutureTask.java:266)
	at java.lang.Thread.run(Thread.java:748)
32) test010(com.fasterxml.jackson.core.json.ReaderBasedJsonParser_ESTest)
com.fasterxml.jackson.core.JsonParseException: Unexpected character ('/' (code 47)): maybe a (non-standard) comment? (not recognized as one since Feature 'ALLOW_COMMENTS' not enabled for parser)
 at [Source: com.fasterxml.jackson.core.util.BufferRecycler@14; line: 1, column: 4]
	at com.fasterxml.jackson.core.JsonParser._constructError(JsonParser.java:1586)
	at com.fasterxml.jackson.core.base.ParserMinimalBase._reportError(ParserMinimalBase.java:521)
	at com.fasterxml.jackson.core.base.ParserMinimalBase._reportUnexpectedChar(ParserMinimalBase.java:450)
	at com.fasterxml.jackson.core.json.ReaderBasedJsonParser._skipComment(ReaderBasedJsonParser.java:2341)
	at com.fasterxml.jackson.core.json.ReaderBasedJsonParser._skipColon2(ReaderBasedJsonParser.java:2117)
	at com.fasterxml.jackson.core.json.ReaderBasedJsonParser._skipColon(ReaderBasedJsonParser.java:2105)
	at com.fasterxml.jackson.core.json.ReaderBasedJsonParser._isNextTokenNameMaybe(ReaderBasedJsonParser.java:983)
	at com.fasterxml.jackson.core.json.ReaderBasedJsonParser_ESTest.test010(ReaderBasedJsonParser_ESTest.java:1510)
	at sun.reflect.NativeMethodAccessorImpl.invoke0(Native Method)
	at sun.reflect.NativeMethodAccessorImpl.invoke(NativeMethodAccessorImpl.java:62)
	at sun.reflect.DelegatingMethodAccessorImpl.invoke(DelegatingMethodAccessorImpl.java:43)
	at java.lang.reflect.Method.invoke(Method.java:498)
	at org.junit.runners.model.FrameworkMethod$1.runReflectiveCall(FrameworkMethod.java:50)
	at org.junit.internal.runners.model.ReflectiveCallable.run(ReflectiveCallable.java:12)
	at org.junit.runners.model.FrameworkMethod.invokeExplosively(FrameworkMethod.java:47)
	at org.junit.internal.runners.statements.InvokeMethod.evaluate(InvokeMethod.java:17)
	at org.junit.internal.runners.statements.FailOnTimeout$CallableStatement.call(FailOnTimeout.java:298)
	at org.junit.internal.runners.statements.FailOnTimeout$CallableStatement.call(FailOnTimeout.java:292)
	at java.util.concurrent.FutureTask.run(FutureTask.java:266)
	at java.lang.Thread.run(Thread.java:748)
33) test131(com.fasterxml.jackson.core.json.ReaderBasedJsonParser_ESTest)
com.fasterxml.jackson.core.JsonParseException: Unexpected character ('%' (code 37)): Expected space separating root-level values
 at [Source: com.fasterxml.jackson.core.util.BufferRecycler@15; line: 2, column: 4]
	at com.fasterxml.jackson.core.JsonParser._constructError(JsonParser.java:1586)
	at com.fasterxml.jackson.core.base.ParserMinimalBase._reportError(ParserMinimalBase.java:521)
	at com.fasterxml.jackson.core.base.ParserMinimalBase._reportUnexpectedChar(ParserMinimalBase.java:450)
	at com.fasterxml.jackson.core.base.ParserMinimalBase._reportMissingRootWS(ParserMinimalBase.java:466)
	at com.fasterxml.jackson.core.json.ReaderBasedJsonParser._verifyRootSpace(ReaderBasedJsonParser.java:1598)
	at com.fasterxml.jackson.core.json.ReaderBasedJsonParser._parseNegNumber(ReaderBasedJsonParser.java:1360)
	at com.fasterxml.jackson.core.json.ReaderBasedJsonParser_ESTest.test131(ReaderBasedJsonParser_ESTest.java:23293)
	at sun.reflect.NativeMethodAccessorImpl.invoke0(Native Method)
	at sun.reflect.NativeMethodAccessorImpl.invoke(NativeMethodAccessorImpl.java:62)
	at sun.reflect.DelegatingMethodAccessorImpl.invoke(DelegatingMethodAccessorImpl.java:43)
	at java.lang.reflect.Method.invoke(Method.java:498)
	at org.junit.runners.model.FrameworkMethod$1.runReflectiveCall(FrameworkMethod.java:50)
	at org.junit.internal.runners.model.ReflectiveCallable.run(ReflectiveCallable.java:12)
	at org.junit.runners.model.FrameworkMethod.invokeExplosively(FrameworkMethod.java:47)
	at org.junit.internal.runners.statements.InvokeMethod.evaluate(InvokeMethod.java:17)
	at org.junit.internal.runners.statements.FailOnTimeout$CallableStatement.call(FailOnTimeout.java:298)
	at org.junit.internal.runners.statements.FailOnTimeout$CallableStatement.call(FailOnTimeout.java:292)
	at java.util.concurrent.FutureTask.run(FutureTask.java:266)
	at java.lang.Thread.run(Thread.java:748)
34) test252(com.fasterxml.jackson.core.json.ReaderBasedJsonParser_ESTest)
com.fasterxml.jackson.core.JsonParseException: Unrecognized token 'tl': was expecting 'null', 'true', 'false' or NaN
 at [Source: com.fasterxml.jackson.core.sym.CharsToNameCanonicalizer@16; line: 1, column: 3]
	at com.fasterxml.jackson.core.JsonParser._constructError(JsonParser.java:1586)
	at com.fasterxml.jackson.core.base.ParserMinimalBase._reportError(ParserMinimalBase.java:521)
	at com.fasterxml.jackson.core.json.ReaderBasedJsonParser._reportInvalidToken(ReaderBasedJsonParser.java:2749)
	at com.fasterxml.jackson.core.json.ReaderBasedJsonParser._reportInvalidToken(ReaderBasedJsonParser.java:2726)
	at com.fasterxml.jackson.core.json.ReaderBasedJsonParser._matchToken(ReaderBasedJsonParser.java:2533)
	at com.fasterxml.jackson.core.json.ReaderBasedJsonParser._matchTrue(ReaderBasedJsonParser.java:2484)
	at com.fasterxml.jackson.core.json.ReaderBasedJsonParser.nextToken(ReaderBasedJsonParser.java:676)
	at com.fasterxml.jackson.core.json.ReaderBasedJsonParser.nextTextValue(ReaderBasedJsonParser.java:1101)
	at com.fasterxml.jackson.core.json.ReaderBasedJsonParser_ESTest.test252(ReaderBasedJsonParser_ESTest.java:47391)
	at sun.reflect.NativeMethodAccessorImpl.invoke0(Native Method)
	at sun.reflect.NativeMethodAccessorImpl.invoke(NativeMethodAccessorImpl.java:62)
	at sun.reflect.DelegatingMethodAccessorImpl.invoke(DelegatingMethodAccessorImpl.java:43)
	at java.lang.reflect.Method.invoke(Method.java:498)
	at org.junit.runners.model.FrameworkMethod$1.runReflectiveCall(FrameworkMethod.java:50)
	at org.junit.internal.runners.model.ReflectiveCallable.run(ReflectiveCallable.java:12)
	at org.junit.runners.model.FrameworkMethod.invokeExplosively(FrameworkMethod.java:47)
	at org.junit.internal.runners.statements.InvokeMethod.evaluate(InvokeMethod.java:17)
	at org.junit.internal.runners.statements.FailOnTimeout$CallableStatement.call(FailOnTimeout.java:298)
	at org.junit.internal.runners.statements.FailOnTimeout$CallableStatement.call(FailOnTimeout.java:292)
	at java.util.concurrent.FutureTask.run(FutureTask.java:266)
	at java.lang.Thread.run(Thread.java:748)
35) test373(com.fasterxml.jackson.core.json.ReaderBasedJsonParser_ESTest)
java.lang.NullPointerException
	at com.fasterxml.jackson.core.json.ReaderBasedJsonParser.loadMore(ReaderBasedJsonParser.java:180)
	at com.fasterxml.jackson.core.json.ReaderBasedJsonParser._skipWSOrEnd(ReaderBasedJsonParser.java:2259)
	at com.fasterxml.jackson.core.json.ReaderBasedJsonParser.nextToken(ReaderBasedJsonParser.java:601)
	at com.fasterxml.jackson.core.json.ReaderBasedJsonParser.nextTextValue(ReaderBasedJsonParser.java:1101)
	at com.fasterxml.jackson.core.json.ReaderBasedJsonParser_ESTest.test373(ReaderBasedJsonParser_ESTest.java)
	at sun.reflect.NativeMethodAccessorImpl.invoke0(Native Method)
	at sun.reflect.NativeMethodAccessorImpl.invoke(NativeMethodAccessorImpl.java:62)
	at sun.reflect.DelegatingMethodAccessorImpl.invoke(DelegatingMethodAccessorImpl.java:43)
	at java.lang.reflect.Method.invoke(Method.java:498)
	at org.junit.runners.model.FrameworkMethod$1.runReflectiveCall(FrameworkMethod.java:50)
	at org.junit.internal.runners.model.ReflectiveCallable.run(ReflectiveCallable.java:12)
	at org.junit.runners.model.FrameworkMethod.invokeExplosively(FrameworkMethod.java:47)
	at org.junit.internal.runners.statements.InvokeMethod.evaluate(InvokeMethod.java:17)
	at org.junit.internal.runners.statements.FailOnTimeout$CallableStatement.call(FailOnTimeout.java:298)
	at org.junit.internal.runners.statements.FailOnTimeout$CallableStatement.call(FailOnTimeout.java:292)
	at java.util.concurrent.FutureTask.run(FutureTask.java:266)
	at java.lang.Thread.run(Thread.java:748)
36) test494(com.fasterxml.jackson.core.json.ReaderBasedJsonParser_ESTest)
com.fasterxml.jackson.core.JsonParseException: Unexpected end-of-input: was expecting closing quote for a string value
 at [Source: com.fasterxml.jackson.core.util.BufferRecycler@17; line: 1, column: 1]
	at com.fasterxml.jackson.core.JsonParser._constructError(JsonParser.java:1586)
	at com.fasterxml.jackson.core.base.ParserMinimalBase._reportError(ParserMinimalBase.java:521)
	at com.fasterxml.jackson.core.base.ParserMinimalBase._reportInvalidEOF(ParserMinimalBase.java:458)
	at com.fasterxml.jackson.core.json.ReaderBasedJsonParser._handleApos(ReaderBasedJsonParser.java:1835)
	at com.fasterxml.jackson.core.json.ReaderBasedJsonParser_ESTest.test494(ReaderBasedJsonParser_ESTest.java)
	at sun.reflect.NativeMethodAccessorImpl.invoke0(Native Method)
	at sun.reflect.NativeMethodAccessorImpl.invoke(NativeMethodAccessorImpl.java:62)
	at sun.reflect.DelegatingMethodAccessorImpl.invoke(DelegatingMethodAccessorImpl.java:43)
	at java.lang.reflect.Method.invoke(Method.java:498)
	at org.junit.runners.model.FrameworkMethod$1.runReflectiveCall(FrameworkMethod.java:50)
	at org.junit.internal.runners.model.ReflectiveCallable.run(ReflectiveCallable.java:12)
	at org.junit.runners.model.FrameworkMethod.invokeExplosively(FrameworkMethod.java:47)
	at org.junit.internal.runners.statements.InvokeMethod.evaluate(InvokeMethod.java:17)
	at org.junit.internal.runners.statements.FailOnTimeout$CallableStatement.call(FailOnTimeout.java:298)
	at org.junit.internal.runners.statements.FailOnTimeout$CallableStatement.call(FailOnTimeout.java:292)
	at java.util.concurrent.FutureTask.run(FutureTask.java:266)
	at java.lang.Thread.run(Thread.java:748)
37) test011(com.fasterxml.jackson.core.json.ReaderBasedJsonParser_ESTest)
com.fasterxml.jackson.core.JsonParseException: Unexpected character ('r' (code 114)) in numeric value: expected digit (0-9) to follow minus sign, for valid numeric value
 at [Source: com.fasterxml.jackson.core.util.BufferRecycler@18; line: 1, column: 3]
	at com.fasterxml.jackson.core.JsonParser._constructError(JsonParser.java:1586)
	at com.fasterxml.jackson.core.base.ParserMinimalBase._reportError(ParserMinimalBase.java:521)
	at com.fasterxml.jackson.core.base.ParserBase.reportUnexpectedNumberChar(ParserBase.java:1069)
	at com.fasterxml.jackson.core.json.ReaderBasedJsonParser._handleInvalidNumberStart(ReaderBasedJsonParser.java:1571)
	at com.fasterxml.jackson.core.json.ReaderBasedJsonParser_ESTest.test011(ReaderBasedJsonParser_ESTest.java:1637)
	at sun.reflect.NativeMethodAccessorImpl.invoke0(Native Method)
	at sun.reflect.NativeMethodAccessorImpl.invoke(NativeMethodAccessorImpl.java:62)
	at sun.reflect.DelegatingMethodAccessorImpl.invoke(DelegatingMethodAccessorImpl.java:43)
	at java.lang.reflect.Method.invoke(Method.java:498)
	at org.junit.runners.model.FrameworkMethod$1.runReflectiveCall(FrameworkMethod.java:50)
	at org.junit.internal.runners.model.ReflectiveCallable.run(ReflectiveCallable.java:12)
	at org.junit.runners.model.FrameworkMethod.invokeExplosively(FrameworkMethod.java:47)
	at org.junit.internal.runners.statements.InvokeMethod.evaluate(InvokeMethod.java:17)
	at org.junit.internal.runners.statements.FailOnTimeout$CallableStatement.call(FailOnTimeout.java:298)
	at org.junit.internal.runners.statements.FailOnTimeout$CallableStatement.call(FailOnTimeout.java:292)
	at java.util.concurrent.FutureTask.run(FutureTask.java:266)
	at java.lang.Thread.run(Thread.java:748)
38) test132(com.fasterxml.jackson.core.json.ReaderBasedJsonParser_ESTest)
com.fasterxml.jackson.core.JsonParseException: Unexpected character ('H' (code 72)): Expected space separating root-level values
 at [Source: UTF32_BE; line: 2, column: 3]
	at com.fasterxml.jackson.core.JsonParser._constructError(JsonParser.java:1586)
	at com.fasterxml.jackson.core.base.ParserMinimalBase._reportError(ParserMinimalBase.java:521)
	at com.fasterxml.jackson.core.base.ParserMinimalBase._reportUnexpectedChar(ParserMinimalBase.java:450)
	at com.fasterxml.jackson.core.base.ParserMinimalBase._reportMissingRootWS(ParserMinimalBase.java:466)
	at com.fasterxml.jackson.core.json.ReaderBasedJsonParser._verifyRootSpace(ReaderBasedJsonParser.java:1598)
	at com.fasterxml.jackson.core.json.ReaderBasedJsonParser._parseNegNumber(ReaderBasedJsonParser.java:1360)
	at com.fasterxml.jackson.core.json.ReaderBasedJsonParser_ESTest.test132(ReaderBasedJsonParser_ESTest.java:23422)
	at sun.reflect.NativeMethodAccessorImpl.invoke0(Native Method)
	at sun.reflect.NativeMethodAccessorImpl.invoke(NativeMethodAccessorImpl.java:62)
	at sun.reflect.DelegatingMethodAccessorImpl.invoke(DelegatingMethodAccessorImpl.java:43)
	at java.lang.reflect.Method.invoke(Method.java:498)
	at org.junit.runners.model.FrameworkMethod$1.runReflectiveCall(FrameworkMethod.java:50)
	at org.junit.internal.runners.model.ReflectiveCallable.run(ReflectiveCallable.java:12)
	at org.junit.runners.model.FrameworkMethod.invokeExplosively(FrameworkMethod.java:47)
	at org.junit.internal.runners.statements.InvokeMethod.evaluate(InvokeMethod.java:17)
	at org.junit.internal.runners.statements.FailOnTimeout$CallableStatement.call(FailOnTimeout.java:298)
	at org.junit.internal.runners.statements.FailOnTimeout$CallableStatement.call(FailOnTimeout.java:292)
	at java.util.concurrent.FutureTask.run(FutureTask.java:266)
	at java.lang.Thread.run(Thread.java:748)
39) test253(com.fasterxml.jackson.core.json.ReaderBasedJsonParser_ESTest)
com.fasterxml.jackson.core.JsonParseException: Unexpected end-of-input: was expecting closing quote for a string value
 at [Source: com.fasterxml.jackson.core.util.BufferRecycler@19; line: 1, column: -433]
	at com.fasterxml.jackson.core.JsonParser._constructError(JsonParser.java:1586)
	at com.fasterxml.jackson.core.base.ParserMinimalBase._reportError(ParserMinimalBase.java:521)
	at com.fasterxml.jackson.core.base.ParserMinimalBase._reportInvalidEOF(ParserMinimalBase.java:458)
	at com.fasterxml.jackson.core.json.ReaderBasedJsonParser._finishString2(ReaderBasedJsonParser.java:1959)
	at com.fasterxml.jackson.core.json.ReaderBasedJsonParser_ESTest.test253(ReaderBasedJsonParser_ESTest.java:47683)
	at sun.reflect.NativeMethodAccessorImpl.invoke0(Native Method)
	at sun.reflect.NativeMethodAccessorImpl.invoke(NativeMethodAccessorImpl.java:62)
	at sun.reflect.DelegatingMethodAccessorImpl.invoke(DelegatingMethodAccessorImpl.java:43)
	at java.lang.reflect.Method.invoke(Method.java:498)
	at org.junit.runners.model.FrameworkMethod$1.runReflectiveCall(FrameworkMethod.java:50)
	at org.junit.internal.runners.model.ReflectiveCallable.run(ReflectiveCallable.java:12)
	at org.junit.runners.model.FrameworkMethod.invokeExplosively(FrameworkMethod.java:47)
	at org.junit.internal.runners.statements.InvokeMethod.evaluate(InvokeMethod.java:17)
	at org.junit.internal.runners.statements.FailOnTimeout$CallableStatement.call(FailOnTimeout.java:298)
	at org.junit.internal.runners.statements.FailOnTimeout$CallableStatement.call(FailOnTimeout.java:292)
	at java.util.concurrent.FutureTask.run(FutureTask.java:266)
	at java.lang.Thread.run(Thread.java:748)
40) test374(com.fasterxml.jackson.core.json.ReaderBasedJsonParser_ESTest)
com.fasterxml.jackson.core.JsonParseException: Unexpected character ('p' (code 112)) in numeric value: expected digit (0-9) to follow minus sign, for valid numeric value
 at [Source: com.fasterxml.jackson.core.util.BufferRecycler@1a; line: 1, column: 7]
	at com.fasterxml.jackson.core.JsonParser._constructError(JsonParser.java:1586)
	at com.fasterxml.jackson.core.base.ParserMinimalBase._reportError(ParserMinimalBase.java:521)
	at com.fasterxml.jackson.core.base.ParserBase.reportUnexpectedNumberChar(ParserBase.java:1069)
	at com.fasterxml.jackson.core.json.ReaderBasedJsonParser._handleInvalidNumberStart(ReaderBasedJsonParser.java:1571)
	at com.fasterxml.jackson.core.json.ReaderBasedJsonParser._parseNumber2(ReaderBasedJsonParser.java:1412)
	at com.fasterxml.jackson.core.json.ReaderBasedJsonParser._parsePosNumber(ReaderBasedJsonParser.java:1231)
	at com.fasterxml.jackson.core.json.ReaderBasedJsonParser_ESTest.test374(ReaderBasedJsonParser_ESTest.java)
	at sun.reflect.NativeMethodAccessorImpl.invoke0(Native Method)
	at sun.reflect.NativeMethodAccessorImpl.invoke(NativeMethodAccessorImpl.java:62)
	at sun.reflect.DelegatingMethodAccessorImpl.invoke(DelegatingMethodAccessorImpl.java:43)
	at java.lang.reflect.Method.invoke(Method.java:498)
	at org.junit.runners.model.FrameworkMethod$1.runReflectiveCall(FrameworkMethod.java:50)
	at org.junit.internal.runners.model.ReflectiveCallable.run(ReflectiveCallable.java:12)
	at org.junit.runners.model.FrameworkMethod.invokeExplosively(FrameworkMethod.java:47)
	at org.junit.internal.runners.statements.InvokeMethod.evaluate(InvokeMethod.java:17)
	at org.junit.internal.runners.statements.FailOnTimeout$CallableStatement.call(FailOnTimeout.java:298)
	at org.junit.internal.runners.statements.FailOnTimeout$CallableStatement.call(FailOnTimeout.java:292)
	at java.util.concurrent.FutureTask.run(FutureTask.java:266)
	at java.lang.Thread.run(Thread.java:748)
41) test495(com.fasterxml.jackson.core.json.ReaderBasedJsonParser_ESTest)
com.fasterxml.jackson.core.JsonParseException: Unexpected end-of-input: was expecting closing quote for a string value
 at [Source: com.fasterxml.jackson.core.util.BufferRecycler@1b; line: 1, column: 37]
	at com.fasterxml.jackson.core.JsonParser._constructError(JsonParser.java:1586)
	at com.fasterxml.jackson.core.base.ParserMinimalBase._reportError(ParserMinimalBase.java:521)
	at com.fasterxml.jackson.core.base.ParserMinimalBase._reportInvalidEOF(ParserMinimalBase.java:458)
	at com.fasterxml.jackson.core.json.ReaderBasedJsonParser._handleApos(ReaderBasedJsonParser.java:1835)
	at com.fasterxml.jackson.core.json.ReaderBasedJsonParser_ESTest.test495(ReaderBasedJsonParser_ESTest.java)
	at sun.reflect.NativeMethodAccessorImpl.invoke0(Native Method)
	at sun.reflect.NativeMethodAccessorImpl.invoke(NativeMethodAccessorImpl.java:62)
	at sun.reflect.DelegatingMethodAccessorImpl.invoke(DelegatingMethodAccessorImpl.java:43)
	at java.lang.reflect.Method.invoke(Method.java:498)
	at org.junit.runners.model.FrameworkMethod$1.runReflectiveCall(FrameworkMethod.java:50)
	at org.junit.internal.runners.model.ReflectiveCallable.run(ReflectiveCallable.java:12)
	at org.junit.runners.model.FrameworkMethod.invokeExplosively(FrameworkMethod.java:47)
	at org.junit.internal.runners.statements.InvokeMethod.evaluate(InvokeMethod.java:17)
	at org.junit.internal.runners.statements.FailOnTimeout$CallableStatement.call(FailOnTimeout.java:298)
	at org.junit.internal.runners.statements.FailOnTimeout$CallableStatement.call(FailOnTimeout.java:292)
	at java.util.concurrent.FutureTask.run(FutureTask.java:266)
	at java.lang.Thread.run(Thread.java:748)
42) test012(com.fasterxml.jackson.core.json.ReaderBasedJsonParser_ESTest)
com.fasterxml.jackson.core.JsonParseException: Unexpected end-of-input: was expecting closing ''' for name
 at [Source: 2; line: 1, column: 22]
	at com.fasterxml.jackson.core.JsonParser._constructError(JsonParser.java:1586)
	at com.fasterxml.jackson.core.base.ParserMinimalBase._reportError(ParserMinimalBase.java:521)
	at com.fasterxml.jackson.core.base.ParserMinimalBase._reportInvalidEOF(ParserMinimalBase.java:458)
	at com.fasterxml.jackson.core.json.ReaderBasedJsonParser._parseName2(ReaderBasedJsonParser.java:1646)
	at com.fasterxml.jackson.core.json.ReaderBasedJsonParser._parseAposName(ReaderBasedJsonParser.java:1773)
	at com.fasterxml.jackson.core.json.ReaderBasedJsonParser_ESTest.test012(ReaderBasedJsonParser_ESTest.java:1781)
	at sun.reflect.NativeMethodAccessorImpl.invoke0(Native Method)
	at sun.reflect.NativeMethodAccessorImpl.invoke(NativeMethodAccessorImpl.java:62)
	at sun.reflect.DelegatingMethodAccessorImpl.invoke(DelegatingMethodAccessorImpl.java:43)
	at java.lang.reflect.Method.invoke(Method.java:498)
	at org.junit.runners.model.FrameworkMethod$1.runReflectiveCall(FrameworkMethod.java:50)
	at org.junit.internal.runners.model.ReflectiveCallable.run(ReflectiveCallable.java:12)
	at org.junit.runners.model.FrameworkMethod.invokeExplosively(FrameworkMethod.java:47)
	at org.junit.internal.runners.statements.InvokeMethod.evaluate(InvokeMethod.java:17)
	at org.junit.internal.runners.statements.FailOnTimeout$CallableStatement.call(FailOnTimeout.java:298)
	at org.junit.internal.runners.statements.FailOnTimeout$CallableStatement.call(FailOnTimeout.java:292)
	at java.util.concurrent.FutureTask.run(FutureTask.java:266)
	at java.lang.Thread.run(Thread.java:748)
43) test254(com.fasterxml.jackson.core.json.ReaderBasedJsonParser_ESTest)
