JUnit version 4.12
..............E..............E.E.E.E..E..................................
Time: 4.408
There were 6 failures:
1) test60(com.google.javascript.jscomp.parsing.JsDocInfoParser_ESTest)
java.lang.NullPointerException
	at com.google.javascript.jscomp.parsing.JsDocInfoParser$ErrorReporterParser.addTypeWarning(JsDocInfoParser.java:83)
	at com.google.javascript.jscomp.parsing.JsDocInfoParser.reportTypeSyntaxWarning(JsDocInfoParser.java:2399)
	at com.google.javascript.jscomp.parsing.JsDocInfoParser.parseUnionTypeWithAlternate(JsDocInfoParser.java:2216)
	at com.google.javascript.jscomp.parsing.JsDocInfoParser.parseUnionType(JsDocInfoParser.java:2175)
	at com.google.javascript.jscomp.parsing.JsDocInfoParser.parseBasicTypeExpression(JsDocInfoParser.java:1926)
	at com.google.javascript.jscomp.parsing.JsDocInfoParser.parseTypeExpression(JsDocInfoParser.java:1888)
	at com.google.javascript.jscomp.parsing.JsDocInfoParser.parseInlineTypeDoc(JsDocInfoParser.java:166)
	at com.google.javascript.jscomp.parsing.JsDocInfoParser_ESTest.test60(JsDocInfoParser_ESTest.java:932)
	at sun.reflect.NativeMethodAccessorImpl.invoke0(Native Method)
	at sun.reflect.NativeMethodAccessorImpl.invoke(NativeMethodAccessorImpl.java:62)
	at sun.reflect.DelegatingMethodAccessorImpl.invoke(DelegatingMethodAccessorImpl.java:43)
	at java.lang.reflect.Method.invoke(Method.java:498)
	at org.junit.runners.model.FrameworkMethod$1.runReflectiveCall(FrameworkMethod.java:50)
	at org.junit.internal.runners.model.ReflectiveCallable.run(ReflectiveCallable.java:12)
	at org.junit.runners.model.FrameworkMethod.invokeExplosively(FrameworkMethod.java:47)
	at org.junit.internal.runners.statements.InvokeMethod.evaluate(InvokeMethod.java:17)
	at org.junit.internal.runners.statements.FailOnTimeout$CallableStatement.call(FailOnTimeout.java:298)
	at org.junit.internal.runners.statements.FailOnTimeout$CallableStatement.call(FailOnTimeout.java:292)
	at java.util.concurrent.FutureTask.run(FutureTask.java:266)
	at java.lang.Thread.run(Thread.java:748)
2) test06(com.google.javascript.jscomp.parsing.JsDocInfoParser_ESTest)
org.evosuite.runtime.mock.java.lang.MockNullPointerException
	at com.google.common.base.Preconditions.checkNotNull(Preconditions.java:192)
	at com.google.javascript.jscomp.parsing.JsDocTokenStream.<init>(JsDocTokenStream.java:45)
	at com.google.javascript.jscomp.parsing.JsDocTokenStream.<init>(JsDocTokenStream.java:41)
	at com.google.javascript.jscomp.parsing.JsDocTokenStream.<init>(JsDocTokenStream.java:37)
	at com.google.javascript.jscomp.parsing.JsDocInfoParser.parseTypeString(JsDocInfoParser.java:198)
	at com.google.javascript.jscomp.parsing.JsDocInfoParser_ESTest.test06(JsDocInfoParser_ESTest.java:136)
	at sun.reflect.NativeMethodAccessorImpl.invoke0(Native Method)
	at sun.reflect.NativeMethodAccessorImpl.invoke(NativeMethodAccessorImpl.java:62)
	at sun.reflect.DelegatingMethodAccessorImpl.invoke(DelegatingMethodAccessorImpl.java:43)
	at java.lang.reflect.Method.invoke(Method.java:498)
	at org.junit.runners.model.FrameworkMethod$1.runReflectiveCall(FrameworkMethod.java:50)
	at org.junit.internal.runners.model.ReflectiveCallable.run(ReflectiveCallable.java:12)
	at org.junit.runners.model.FrameworkMethod.invokeExplosively(FrameworkMethod.java:47)
	at org.junit.internal.runners.statements.InvokeMethod.evaluate(InvokeMethod.java:17)
	at org.junit.internal.runners.statements.FailOnTimeout$CallableStatement.call(FailOnTimeout.java:298)
	at org.junit.internal.runners.statements.FailOnTimeout$CallableStatement.call(FailOnTimeout.java:292)
	at java.util.concurrent.FutureTask.run(FutureTask.java:266)
	at java.lang.Thread.run(Thread.java:748)
3) test07(com.google.javascript.jscomp.parsing.JsDocInfoParser_ESTest)
java.lang.StringIndexOutOfBoundsException: String index out of range: 4772
	at java.lang.String.charAt(String.java:658)
	at com.google.javascript.jscomp.parsing.JsDocTokenStream.getChar(JsDocTokenStream.java:355)
	at com.google.javascript.jscomp.parsing.JsDocTokenStream.getJsDocToken(JsDocTokenStream.java:65)
	at com.google.javascript.jscomp.parsing.JsDocInfoParser.next(JsDocInfoParser.java:2481)
	at com.google.javascript.jscomp.parsing.JsDocInfoParser.match(JsDocInfoParser.java:2462)
	at com.google.javascript.jscomp.parsing.JsDocInfoParser.skipEOLs(JsDocInfoParser.java:2501)
	at com.google.javascript.jscomp.parsing.JsDocInfoParser.parseInlineTypeDoc(JsDocInfoParser.java:161)
	at com.google.javascript.jscomp.parsing.JsDocInfoParser_ESTest.test07(JsDocInfoParser_ESTest.java:160)
	at sun.reflect.NativeMethodAccessorImpl.invoke0(Native Method)
	at sun.reflect.NativeMethodAccessorImpl.invoke(NativeMethodAccessorImpl.java:62)
	at sun.reflect.DelegatingMethodAccessorImpl.invoke(DelegatingMethodAccessorImpl.java:43)
	at java.lang.reflect.Method.invoke(Method.java:498)
	at org.junit.runners.model.FrameworkMethod$1.runReflectiveCall(FrameworkMethod.java:50)
	at org.junit.internal.runners.model.ReflectiveCallable.run(ReflectiveCallable.java:12)
	at org.junit.runners.model.FrameworkMethod.invokeExplosively(FrameworkMethod.java:47)
	at org.junit.internal.runners.statements.InvokeMethod.evaluate(InvokeMethod.java:17)
	at org.junit.internal.runners.statements.FailOnTimeout$CallableStatement.call(FailOnTimeout.java:298)
	at org.junit.internal.runners.statements.FailOnTimeout$CallableStatement.call(FailOnTimeout.java:292)
	at java.util.concurrent.FutureTask.run(FutureTask.java:266)
	at java.lang.Thread.run(Thread.java:748)
4) test08(com.google.javascript.jscomp.parsing.JsDocInfoParser_ESTest)
java.lang.StringIndexOutOfBoundsException: String index out of range: 3
	at java.lang.String.charAt(String.java:658)
	at com.google.javascript.jscomp.parsing.JsDocTokenStream.getChar(JsDocTokenStream.java:355)
	at com.google.javascript.jscomp.parsing.JsDocTokenStream.getJsDocToken(JsDocTokenStream.java:65)
	at com.google.javascript.jscomp.parsing.JsDocInfoParser.next(JsDocInfoParser.java:2481)
	at com.google.javascript.jscomp.parsing.JsDocInfoParser.match(JsDocInfoParser.java:2462)
	at com.google.javascript.jscomp.parsing.JsDocInfoParser.skipEOLs(JsDocInfoParser.java:2501)
	at com.google.javascript.jscomp.parsing.JsDocInfoParser.parseBasicTypeExpression(JsDocInfoParser.java:1925)
	at com.google.javascript.jscomp.parsing.JsDocInfoParser.parseTypeExpression(JsDocInfoParser.java:1888)
	at com.google.javascript.jscomp.parsing.JsDocInfoParser.parseTypeExpressionAnnotation(JsDocInfoParser.java:1729)
	at com.google.javascript.jscomp.parsing.JsDocInfoParser.parseAndRecordTypeNode(JsDocInfoParser.java:1334)
	at com.google.javascript.jscomp.parsing.JsDocInfoParser.parseAndRecordTypeNode(JsDocInfoParser.java:1270)
	at com.google.javascript.jscomp.parsing.JsDocInfoParser_ESTest.test08(JsDocInfoParser_ESTest.java:184)
	at sun.reflect.NativeMethodAccessorImpl.invoke0(Native Method)
	at sun.reflect.NativeMethodAccessorImpl.invoke(NativeMethodAccessorImpl.java:62)
	at sun.reflect.DelegatingMethodAccessorImpl.invoke(DelegatingMethodAccessorImpl.java:43)
	at java.lang.reflect.Method.invoke(Method.java:498)
	at org.junit.runners.model.FrameworkMethod$1.runReflectiveCall(FrameworkMethod.java:50)
	at org.junit.internal.runners.model.ReflectiveCallable.run(ReflectiveCallable.java:12)
	at org.junit.runners.model.FrameworkMethod.invokeExplosively(FrameworkMethod.java:47)
	at org.junit.internal.runners.statements.InvokeMethod.evaluate(InvokeMethod.java:17)
	at org.junit.internal.runners.statements.FailOnTimeout$CallableStatement.call(FailOnTimeout.java:298)
	at org.junit.internal.runners.statements.FailOnTimeout$CallableStatement.call(FailOnTimeout.java:292)
	at java.util.concurrent.FutureTask.run(FutureTask.java:266)
	at java.lang.Thread.run(Thread.java:748)
5) test09(com.google.javascript.jscomp.parsing.JsDocInfoParser_ESTest)
java.lang.StringIndexOutOfBoundsException: String index out of range: -1626893981
	at java.lang.String.charAt(String.java:658)
	at com.google.javascript.jscomp.parsing.JsDocTokenStream.getChar(JsDocTokenStream.java:355)
	at com.google.javascript.jscomp.parsing.JsDocTokenStream.getJsDocToken(JsDocTokenStream.java:65)
	at com.google.javascript.jscomp.parsing.JsDocInfoParser.next(JsDocInfoParser.java:2481)
	at com.google.javascript.jscomp.parsing.JsDocInfoParser.match(JsDocInfoParser.java:2462)
	at com.google.javascript.jscomp.parsing.JsDocInfoParser.skipEOLs(JsDocInfoParser.java:2501)
	at com.google.javascript.jscomp.parsing.JsDocInfoParser.parse(JsDocInfoParser.java:218)
	at com.google.javascript.jscomp.parsing.JsDocInfoParser_ESTest.test09(JsDocInfoParser_ESTest.java:204)
	at sun.reflect.NativeMethodAccessorImpl.invoke0(Native Method)
	at sun.reflect.NativeMethodAccessorImpl.invoke(NativeMethodAccessorImpl.java:62)
	at sun.reflect.DelegatingMethodAccessorImpl.invoke(DelegatingMethodAccessorImpl.java:43)
	at java.lang.reflect.Method.invoke(Method.java:498)
	at org.junit.runners.model.FrameworkMethod$1.runReflectiveCall(FrameworkMethod.java:50)
	at org.junit.internal.runners.model.ReflectiveCallable.run(ReflectiveCallable.java:12)
	at org.junit.runners.model.FrameworkMethod.invokeExplosively(FrameworkMethod.java:47)
	at org.junit.internal.runners.statements.InvokeMethod.evaluate(InvokeMethod.java:17)
	at org.junit.internal.runners.statements.FailOnTimeout$CallableStatement.call(FailOnTimeout.java:298)
	at org.junit.internal.runners.statements.FailOnTimeout$CallableStatement.call(FailOnTimeout.java:292)
	at java.util.concurrent.FutureTask.run(FutureTask.java:266)
	at java.lang.Thread.run(Thread.java:748)
6) test43(com.google.javascript.jscomp.parsing.JsDocInfoParser_ESTest)
java.lang.NullPointerException
	at com.google.javascript.jscomp.parsing.JsDocInfoParser$ErrorReporterParser.addParserWarning(JsDocInfoParser.java:70)
	at com.google.javascript.jscomp.parsing.JsDocInfoParser.parseHelperLoop(JsDocInfoParser.java:264)
	at com.google.javascript.jscomp.parsing.JsDocInfoParser.parse(JsDocInfoParser.java:238)
	at com.google.javascript.jscomp.parsing.JsDocInfoParser_ESTest.test43(JsDocInfoParser_ESTest.java:641)
	at sun.reflect.NativeMethodAccessorImpl.invoke0(Native Method)
	at sun.reflect.NativeMethodAccessorImpl.invoke(NativeMethodAccessorImpl.java:62)
	at sun.reflect.DelegatingMethodAccessorImpl.invoke(DelegatingMethodAccessorImpl.java:43)
	at java.lang.reflect.Method.invoke(Method.java:498)
	at org.junit.runners.model.FrameworkMethod$1.runReflectiveCall(FrameworkMethod.java:50)
	at org.junit.internal.runners.model.ReflectiveCallable.run(ReflectiveCallable.java:12)
	at org.junit.runners.model.FrameworkMethod.invokeExplosively(FrameworkMethod.java:47)
	at org.junit.internal.runners.statements.InvokeMethod.evaluate(InvokeMethod.java:17)
	at org.junit.internal.runners.statements.FailOnTimeout$CallableStatement.call(FailOnTimeout.java:298)
	at org.junit.internal.runners.statements.FailOnTimeout$CallableStatement.call(FailOnTimeout.java:292)
	at java.util.concurrent.FutureTask.run(FutureTask.java:266)
	at java.lang.Thread.run(Thread.java:748)

FAILURES!!!
Tests run: 67,  Failures: 6

