JUnit version 4.12
...E..E.E.E.....E.E...E.E..E.E.E...E.E.....E....E..E.E.E......E...E...E..........E..E....E..
Time: 20.625
There were 24 failures:
1) test54(com.google.gson.internal.bind.TypeAdapters_ESTest)
com.google.gson.JsonSyntaxException: org.evosuite.runtime.mock.java.lang.MockThrowable: Expected BEGIN_ARRAY but was NUMBER
	at com.google.gson.Gson.fromJson(Gson.java:876)
	at com.google.gson.Gson.fromJson(Gson.java:929)
	at com.google.gson.Gson.fromJson(Gson.java:902)
	at com.google.gson.internal.bind.TypeAdapters_ESTest.test54(TypeAdapters_ESTest.java:722)
	at sun.reflect.NativeMethodAccessorImpl.invoke0(Native Method)
	at sun.reflect.NativeMethodAccessorImpl.invoke(NativeMethodAccessorImpl.java:62)
	at sun.reflect.DelegatingMethodAccessorImpl.invoke(DelegatingMethodAccessorImpl.java:43)
	at java.lang.reflect.Method.invoke(Method.java:498)
	at org.junit.runners.model.FrameworkMethod$1.runReflectiveCall(FrameworkMethod.java:50)
	at org.junit.internal.runners.model.ReflectiveCallable.run(ReflectiveCallable.java:12)
	at org.junit.runners.model.FrameworkMethod.invokeExplosively(FrameworkMethod.java:47)
	at org.junit.internal.runners.statements.InvokeMethod.evaluate(InvokeMethod.java:17)
	at org.junit.internal.runners.statements.FailOnTimeout$CallableStatement.call(FailOnTimeout.java:298)
	at org.junit.internal.runners.statements.FailOnTimeout$CallableStatement.call(FailOnTimeout.java:292)
	at java.util.concurrent.FutureTask.run(FutureTask.java:266)
	at java.lang.Thread.run(Thread.java:748)
Caused by: org.evosuite.runtime.mock.java.lang.MockIllegalStateException: Expected BEGIN_ARRAY but was NUMBER
	at com.google.gson.internal.bind.JsonTreeReader.expect(JsonTreeReader.java:139)
	at com.google.gson.internal.bind.JsonTreeReader.beginArray(JsonTreeReader.java:58)
	at com.google.gson.internal.bind.TypeAdapters$6.read(TypeAdapters.java:100)
	at com.google.gson.internal.bind.TypeAdapters$6.read(TypeAdapters.java:92)
	at com.google.gson.Gson.fromJson(Gson.java:864)
	... 15 more
2) test55(com.google.gson.internal.bind.TypeAdapters_ESTest)
java.lang.UnsupportedOperationException: Attempted to serialize java.lang.Class: com.google.gson.JsonSerializer. Forgot to register a type adapter?
	at com.google.gson.internal.bind.TypeAdapters$5.write(TypeAdapters.java:75)
	at com.google.gson.internal.bind.TypeAdapters$5.write(TypeAdapters.java:69)
	at com.google.gson.internal.bind.TypeAdapterRuntimeTypeWrapper.write(TypeAdapterRuntimeTypeWrapper.java:68)
	at com.google.gson.internal.bind.ReflectiveTypeAdapterFactory$1.write(ReflectiveTypeAdapterFactory.java:112)
	at com.google.gson.internal.bind.ReflectiveTypeAdapterFactory$Adapter.write(ReflectiveTypeAdapterFactory.java:239)
	at com.google.gson.internal.bind.TypeAdapterRuntimeTypeWrapper.write(TypeAdapterRuntimeTypeWrapper.java:68)
	at com.google.gson.internal.bind.ReflectiveTypeAdapterFactory$1.write(ReflectiveTypeAdapterFactory.java:112)
	at com.google.gson.internal.bind.ReflectiveTypeAdapterFactory$Adapter.write(ReflectiveTypeAdapterFactory.java:239)
	at com.google.gson.internal.bind.TypeAdapterRuntimeTypeWrapper.write(TypeAdapterRuntimeTypeWrapper.java:68)
	at com.google.gson.internal.bind.ReflectiveTypeAdapterFactory$1.write(ReflectiveTypeAdapterFactory.java:112)
	at com.google.gson.internal.bind.ReflectiveTypeAdapterFactory$Adapter.write(ReflectiveTypeAdapterFactory.java:239)
	at com.google.gson.Gson.toJson(Gson.java:646)
	at com.google.gson.Gson.toJson(Gson.java:625)
	at com.google.gson.Gson.toJson(Gson.java:580)
	at com.google.gson.Gson.toJson(Gson.java:560)
	at com.google.gson.internal.bind.TypeAdapters_ESTest.test55(TypeAdapters_ESTest.java:739)
	at sun.reflect.NativeMethodAccessorImpl.invoke0(Native Method)
	at sun.reflect.NativeMethodAccessorImpl.invoke(NativeMethodAccessorImpl.java:62)
	at sun.reflect.DelegatingMethodAccessorImpl.invoke(DelegatingMethodAccessorImpl.java:43)
	at java.lang.reflect.Method.invoke(Method.java:498)
	at org.junit.runners.model.FrameworkMethod$1.runReflectiveCall(FrameworkMethod.java:50)
	at org.junit.internal.runners.model.ReflectiveCallable.run(ReflectiveCallable.java:12)
	at org.junit.runners.model.FrameworkMethod.invokeExplosively(FrameworkMethod.java:47)
	at org.junit.internal.runners.statements.InvokeMethod.evaluate(InvokeMethod.java:17)
	at org.junit.internal.runners.statements.FailOnTimeout$CallableStatement.call(FailOnTimeout.java:298)
	at org.junit.internal.runners.statements.FailOnTimeout$CallableStatement.call(FailOnTimeout.java:292)
	at java.util.concurrent.FutureTask.run(FutureTask.java:266)
	at java.lang.Thread.run(Thread.java:748)
3) test12(com.google.gson.internal.bind.TypeAdapters_ESTest)
com.google.gson.JsonSyntaxException: org.evosuite.runtime.mock.java.lang.MockThrowable: Use JsonReader.setLenient(true) to accept malformed JSON at line 1 column 3 path $
	at com.google.gson.Gson.assertFullConsumption(Gson.java:840)
	at com.google.gson.Gson.fromJson(Gson.java:830)
	at com.google.gson.internal.bind.TypeAdapters_ESTest.test12(TypeAdapters_ESTest.java:209)
	at sun.reflect.NativeMethodAccessorImpl.invoke0(Native Method)
	at sun.reflect.NativeMethodAccessorImpl.invoke(NativeMethodAccessorImpl.java:62)
	at sun.reflect.DelegatingMethodAccessorImpl.invoke(DelegatingMethodAccessorImpl.java:43)
	at java.lang.reflect.Method.invoke(Method.java:498)
	at org.junit.runners.model.FrameworkMethod$1.runReflectiveCall(FrameworkMethod.java:50)
	at org.junit.internal.runners.model.ReflectiveCallable.run(ReflectiveCallable.java:12)
	at org.junit.runners.model.FrameworkMethod.invokeExplosively(FrameworkMethod.java:47)
	at org.junit.internal.runners.statements.InvokeMethod.evaluate(InvokeMethod.java:17)
	at org.junit.internal.runners.statements.FailOnTimeout$CallableStatement.call(FailOnTimeout.java:298)
	at org.junit.internal.runners.statements.FailOnTimeout$CallableStatement.call(FailOnTimeout.java:292)
	at java.util.concurrent.FutureTask.run(FutureTask.java:266)
	at java.lang.Thread.run(Thread.java:748)
Caused by: com.google.gson.stream.MalformedJsonException: Use JsonReader.setLenient(true) to accept malformed JSON at line 1 column 3 path $
	at com.google.gson.stream.JsonReader.syntaxError(JsonReader.java:1574)
	at com.google.gson.stream.JsonReader.checkLenient(JsonReader.java:1424)
	at com.google.gson.stream.JsonReader.doPeek(JsonReader.java:546)
	at com.google.gson.stream.JsonReader.peek(JsonReader.java:429)
	at com.google.gson.Gson.assertFullConsumption(Gson.java:836)
	... 14 more
4) test56(com.google.gson.internal.bind.TypeAdapters_ESTest)
com.google.gson.JsonSyntaxException: org.evosuite.runtime.mock.java.lang.MockThrowable: Expected STRING but was BEGIN_ARRAY
	at com.google.gson.Gson.fromJson(Gson.java:876)
	at com.google.gson.Gson.fromJson(Gson.java:929)
	at com.google.gson.Gson.fromJson(Gson.java:902)
	at com.google.gson.internal.bind.TypeAdapters_ESTest.test56(TypeAdapters_ESTest.java:756)
	at sun.reflect.NativeMethodAccessorImpl.invoke0(Native Method)
	at sun.reflect.NativeMethodAccessorImpl.invoke(NativeMethodAccessorImpl.java:62)
	at sun.reflect.DelegatingMethodAccessorImpl.invoke(DelegatingMethodAccessorImpl.java:43)
	at java.lang.reflect.Method.invoke(Method.java:498)
	at org.junit.runners.model.FrameworkMethod$1.runReflectiveCall(FrameworkMethod.java:50)
	at org.junit.internal.runners.model.ReflectiveCallable.run(ReflectiveCallable.java:12)
	at org.junit.runners.model.FrameworkMethod.invokeExplosively(FrameworkMethod.java:47)
	at org.junit.internal.runners.statements.InvokeMethod.evaluate(InvokeMethod.java:17)
	at org.junit.internal.runners.statements.FailOnTimeout$CallableStatement.call(FailOnTimeout.java:298)
	at org.junit.internal.runners.statements.FailOnTimeout$CallableStatement.call(FailOnTimeout.java:292)
	at java.util.concurrent.FutureTask.run(FutureTask.java:266)
	at java.lang.Thread.run(Thread.java:748)
Caused by: org.evosuite.runtime.mock.java.lang.MockIllegalStateException: Expected STRING but was BEGIN_ARRAY
	at com.google.gson.internal.bind.JsonTreeReader.nextString(JsonTreeReader.java:154)
	at com.google.gson.internal.bind.TypeAdapters$4.read(TypeAdapters.java:583)
	at com.google.gson.internal.bind.TypeAdapters$4.read(TypeAdapters.java:580)
	at com.google.gson.TypeAdapter$1.read(TypeAdapter.java:199)
	at com.google.gson.Gson.fromJson(Gson.java:864)
	... 15 more
5) test15(com.google.gson.internal.bind.TypeAdapters_ESTest)
com.google.gson.JsonSyntaxException: Expected a com.google.gson.JsonArray but was com.google.gson.JsonObject
	at com.google.gson.internal.bind.TypeAdapters$35$1.read(TypeAdapters.java:916)
	at com.google.gson.Gson.fromJson(Gson.java:864)
	at com.google.gson.Gson.fromJson(Gson.java:929)
	at com.google.gson.Gson.fromJson(Gson.java:902)
	at com.google.gson.internal.bind.TypeAdapters_ESTest.test15(TypeAdapters_ESTest.java:243)
	at sun.reflect.NativeMethodAccessorImpl.invoke0(Native Method)
	at sun.reflect.NativeMethodAccessorImpl.invoke(NativeMethodAccessorImpl.java:62)
	at sun.reflect.DelegatingMethodAccessorImpl.invoke(DelegatingMethodAccessorImpl.java:43)
	at java.lang.reflect.Method.invoke(Method.java:498)
	at org.junit.runners.model.FrameworkMethod$1.runReflectiveCall(FrameworkMethod.java:50)
	at org.junit.internal.runners.model.ReflectiveCallable.run(ReflectiveCallable.java:12)
	at org.junit.runners.model.FrameworkMethod.invokeExplosively(FrameworkMethod.java:47)
	at org.junit.internal.runners.statements.InvokeMethod.evaluate(InvokeMethod.java:17)
	at org.junit.internal.runners.statements.FailOnTimeout$CallableStatement.call(FailOnTimeout.java:298)
	at org.junit.internal.runners.statements.FailOnTimeout$CallableStatement.call(FailOnTimeout.java:292)
	at java.util.concurrent.FutureTask.run(FutureTask.java:266)
	at java.lang.Thread.run(Thread.java:748)
6) test59(com.google.gson.internal.bind.TypeAdapters_ESTest)
com.google.gson.JsonSyntaxException: java.lang.NumberFormatException: For input string: "_*RTf-D?`|J"
	at com.google.gson.internal.bind.TypeAdapters$1.read(TypeAdapters.java:265)
	at com.google.gson.internal.bind.TypeAdapters$1.read(TypeAdapters.java:260)
	at com.google.gson.TypeAdapter$1.read(TypeAdapter.java:199)
	at com.google.gson.Gson.fromJson(Gson.java:864)
	at com.google.gson.Gson.fromJson(Gson.java:829)
	at com.google.gson.internal.bind.TypeAdapters_ESTest.test59(TypeAdapters_ESTest.java:798)
	at sun.reflect.NativeMethodAccessorImpl.invoke0(Native Method)
	at sun.reflect.NativeMethodAccessorImpl.invoke(NativeMethodAccessorImpl.java:62)
	at sun.reflect.DelegatingMethodAccessorImpl.invoke(DelegatingMethodAccessorImpl.java:43)
	at java.lang.reflect.Method.invoke(Method.java:498)
	at org.junit.runners.model.FrameworkMethod$1.runReflectiveCall(FrameworkMethod.java:50)
	at org.junit.internal.runners.model.ReflectiveCallable.run(ReflectiveCallable.java:12)
	at org.junit.runners.model.FrameworkMethod.invokeExplosively(FrameworkMethod.java:47)
	at org.junit.internal.runners.statements.InvokeMethod.evaluate(InvokeMethod.java:17)
	at org.junit.internal.runners.statements.FailOnTimeout$CallableStatement.call(FailOnTimeout.java:298)
	at org.junit.internal.runners.statements.FailOnTimeout$CallableStatement.call(FailOnTimeout.java:292)
	at java.util.concurrent.FutureTask.run(FutureTask.java:266)
	at java.lang.Thread.run(Thread.java:748)
Caused by: java.lang.NumberFormatException: For input string: "_*RTf-D?`|J"
	at sun.misc.FloatingDecimal.readJavaFormatString(FloatingDecimal.java:2043)
	at sun.misc.FloatingDecimal.parseDouble(FloatingDecimal.java:110)
	at java.lang.Double.parseDouble(Double.java:538)
	at com.google.gson.stream.JsonReader.nextInt(JsonReader.java:1206)
	at com.google.gson.internal.bind.TypeAdapters$1.read(TypeAdapters.java:263)
	... 17 more
7) test18(com.google.gson.internal.bind.TypeAdapters_ESTest)
com.google.gson.JsonSyntaxException: org.evosuite.runtime.mock.java.lang.MockThrowable: Expected BEGIN_OBJECT but was STRING at line 1 column 1 path $
	at com.google.gson.Gson.fromJson(Gson.java:876)
	at com.google.gson.Gson.fromJson(Gson.java:829)
	at com.google.gson.internal.bind.TypeAdapters_ESTest.test18(TypeAdapters_ESTest.java:276)
	at sun.reflect.NativeMethodAccessorImpl.invoke0(Native Method)
	at sun.reflect.NativeMethodAccessorImpl.invoke(NativeMethodAccessorImpl.java:62)
	at sun.reflect.DelegatingMethodAccessorImpl.invoke(DelegatingMethodAccessorImpl.java:43)
	at java.lang.reflect.Method.invoke(Method.java:498)
	at org.junit.runners.model.FrameworkMethod$1.runReflectiveCall(FrameworkMethod.java:50)
	at org.junit.internal.runners.model.ReflectiveCallable.run(ReflectiveCallable.java:12)
	at org.junit.runners.model.FrameworkMethod.invokeExplosively(FrameworkMethod.java:47)
	at org.junit.internal.runners.statements.InvokeMethod.evaluate(InvokeMethod.java:17)
	at org.junit.internal.runners.statements.FailOnTimeout$CallableStatement.call(FailOnTimeout.java:298)
	at org.junit.internal.runners.statements.FailOnTimeout$CallableStatement.call(FailOnTimeout.java:292)
	at java.util.concurrent.FutureTask.run(FutureTask.java:266)
	at java.lang.Thread.run(Thread.java:748)
Caused by: org.evosuite.runtime.mock.java.lang.MockIllegalStateException: Expected BEGIN_OBJECT but was STRING at line 1 column 1 path $
	at com.google.gson.stream.JsonReader.beginObject(JsonReader.java:387)
	at com.google.gson.internal.bind.TypeAdapters$27.read(TypeAdapters.java:627)
	at com.google.gson.internal.bind.TypeAdapters$27.read(TypeAdapters.java:613)
	at com.google.gson.Gson.fromJson(Gson.java:864)
	... 14 more
8) test19(com.google.gson.internal.bind.TypeAdapters_ESTest)
com.google.gson.JsonSyntaxException: org.evosuite.runtime.mock.java.lang.MockThrowable: Expected STRING but was BEGIN_OBJECT
	at com.google.gson.Gson.fromJson(Gson.java:876)
	at com.google.gson.Gson.fromJson(Gson.java:929)
	at com.google.gson.Gson.fromJson(Gson.java:902)
	at com.google.gson.internal.bind.TypeAdapters_ESTest.test19(TypeAdapters_ESTest.java:293)
	at sun.reflect.NativeMethodAccessorImpl.invoke0(Native Method)
	at sun.reflect.NativeMethodAccessorImpl.invoke(NativeMethodAccessorImpl.java:62)
	at sun.reflect.DelegatingMethodAccessorImpl.invoke(DelegatingMethodAccessorImpl.java:43)
	at java.lang.reflect.Method.invoke(Method.java:498)
	at org.junit.runners.model.FrameworkMethod$1.runReflectiveCall(FrameworkMethod.java:50)
	at org.junit.internal.runners.model.ReflectiveCallable.run(ReflectiveCallable.java:12)
	at org.junit.runners.model.FrameworkMethod.invokeExplosively(FrameworkMethod.java:47)
	at org.junit.internal.runners.statements.InvokeMethod.evaluate(InvokeMethod.java:17)
	at org.junit.internal.runners.statements.FailOnTimeout$CallableStatement.call(FailOnTimeout.java:298)
	at org.junit.internal.runners.statements.FailOnTimeout$CallableStatement.call(FailOnTimeout.java:292)
	at java.util.concurrent.FutureTask.run(FutureTask.java:266)
	at java.lang.Thread.run(Thread.java:748)
Caused by: org.evosuite.runtime.mock.java.lang.MockIllegalStateException: Expected STRING but was BEGIN_OBJECT
	at com.google.gson.internal.bind.JsonTreeReader.nextString(JsonTreeReader.java:154)
	at com.google.gson.internal.bind.TypeAdapters$25.read(TypeAdapters.java:570)
	at com.google.gson.internal.bind.TypeAdapters$25.read(TypeAdapters.java:563)
	at com.google.gson.Gson.fromJson(Gson.java:864)
	... 15 more
9) test51(com.google.gson.internal.bind.TypeAdapters_ESTest)
com.google.gson.JsonSyntaxException: org.evosuite.runtime.mock.java.lang.MockThrowable: Unterminated string at line 1 column 4 path $
	at com.google.gson.Gson.fromJson(Gson.java:879)
	at com.google.gson.internal.bind.TypeAdapters_ESTest.test51(TypeAdapters_ESTest.java:675)
	at sun.reflect.NativeMethodAccessorImpl.invoke0(Native Method)
	at sun.reflect.NativeMethodAccessorImpl.invoke(NativeMethodAccessorImpl.java:62)
	at sun.reflect.DelegatingMethodAccessorImpl.invoke(DelegatingMethodAccessorImpl.java:43)
	at java.lang.reflect.Method.invoke(Method.java:498)
	at org.junit.runners.model.FrameworkMethod$1.runReflectiveCall(FrameworkMethod.java:50)
	at org.junit.internal.runners.model.ReflectiveCallable.run(ReflectiveCallable.java:12)
	at org.junit.runners.model.FrameworkMethod.invokeExplosively(FrameworkMethod.java:47)
	at org.junit.internal.runners.statements.InvokeMethod.evaluate(InvokeMethod.java:17)
	at org.junit.internal.runners.statements.FailOnTimeout$CallableStatement.call(FailOnTimeout.java:298)
	at org.junit.internal.runners.statements.FailOnTimeout$CallableStatement.call(FailOnTimeout.java:292)
	at java.util.concurrent.FutureTask.run(FutureTask.java:266)
	at java.lang.Thread.run(Thread.java:748)
Caused by: com.google.gson.stream.MalformedJsonException: Unterminated string at line 1 column 4 path $
	at com.google.gson.stream.JsonReader.syntaxError(JsonReader.java:1574)
	at com.google.gson.stream.JsonReader.nextQuotedValue(JsonReader.java:1028)
	at com.google.gson.stream.JsonReader.nextString(JsonReader.java:818)
	at com.google.gson.internal.bind.TypeAdapters$7.read(TypeAdapters.java:159)
	at com.google.gson.internal.bind.TypeAdapters$7.read(TypeAdapters.java:151)
	at com.google.gson.Gson.fromJson(Gson.java:864)
	... 13 more
10) test52(com.google.gson.internal.bind.TypeAdapters_ESTest)
com.google.gson.JsonSyntaxException: org.evosuite.runtime.mock.java.lang.MockThrowable: Expected a boolean but was BEGIN_OBJECT at line 1 column 2 path $
	at com.google.gson.Gson.fromJson(Gson.java:876)
	at com.google.gson.Gson.fromJson(Gson.java:829)
	at com.google.gson.Gson.fromJson(Gson.java:778)
	at com.google.gson.internal.bind.TypeAdapters_ESTest.test52(TypeAdapters_ESTest.java:694)
	at sun.reflect.NativeMethodAccessorImpl.invoke0(Native Method)
	at sun.reflect.NativeMethodAccessorImpl.invoke(NativeMethodAccessorImpl.java:62)
	at sun.reflect.DelegatingMethodAccessorImpl.invoke(DelegatingMethodAccessorImpl.java:43)
	at java.lang.reflect.Method.invoke(Method.java:498)
	at org.junit.runners.model.FrameworkMethod$1.runReflectiveCall(FrameworkMethod.java:50)
	at org.junit.internal.runners.model.ReflectiveCallable.run(ReflectiveCallable.java:12)
	at org.junit.runners.model.FrameworkMethod.invokeExplosively(FrameworkMethod.java:47)
	at org.junit.internal.runners.statements.InvokeMethod.evaluate(InvokeMethod.java:17)
	at org.junit.internal.runners.statements.FailOnTimeout$CallableStatement.call(FailOnTimeout.java:298)
	at org.junit.internal.runners.statements.FailOnTimeout$CallableStatement.call(FailOnTimeout.java:292)
	at java.util.concurrent.FutureTask.run(FutureTask.java:266)
	at java.lang.Thread.run(Thread.java:748)
Caused by: org.evosuite.runtime.mock.java.lang.MockIllegalStateException: Expected a boolean but was BEGIN_OBJECT at line 1 column 2 path $
	at com.google.gson.stream.JsonReader.nextBoolean(JsonReader.java:859)
	at com.google.gson.internal.bind.TypeAdapters$7.read(TypeAdapters.java:161)
	at com.google.gson.internal.bind.TypeAdapters$7.read(TypeAdapters.java:151)
	at com.google.gson.Gson.fromJson(Gson.java:864)
	... 15 more
11) test42(com.google.gson.internal.bind.TypeAdapters_ESTest)
com.google.gson.JsonSyntaxException: Expecting character, got: Missing
	at com.google.gson.internal.bind.TypeAdapters$16.read(TypeAdapters.java:397)
	at com.google.gson.internal.bind.TypeAdapters$16.read(TypeAdapters.java:388)
	at com.google.gson.Gson.fromJson(Gson.java:864)
	at com.google.gson.internal.bind.TypeAdapters_ESTest.test42(TypeAdapters_ESTest.java:555)
	at sun.reflect.NativeMethodAccessorImpl.invoke0(Native Method)
	at sun.reflect.NativeMethodAccessorImpl.invoke(NativeMethodAccessorImpl.java:62)
	at sun.reflect.DelegatingMethodAccessorImpl.invoke(DelegatingMethodAccessorImpl.java:43)
	at java.lang.reflect.Method.invoke(Method.java:498)
	at org.junit.runners.model.FrameworkMethod$1.runReflectiveCall(FrameworkMethod.java:50)
	at org.junit.internal.runners.model.ReflectiveCallable.run(ReflectiveCallable.java:12)
	at org.junit.runners.model.FrameworkMethod.invokeExplosively(FrameworkMethod.java:47)
	at org.junit.internal.runners.statements.InvokeMethod.evaluate(InvokeMethod.java:17)
	at org.junit.internal.runners.statements.FailOnTimeout$CallableStatement.call(FailOnTimeout.java:298)
	at org.junit.internal.runners.statements.FailOnTimeout$CallableStatement.call(FailOnTimeout.java:292)
	at java.util.concurrent.FutureTask.run(FutureTask.java:266)
	at java.lang.Thread.run(Thread.java:748)
12) test44(com.google.gson.internal.bind.TypeAdapters_ESTest)
com.google.gson.JsonSyntaxException: java.lang.NumberFormatException: For input string: "Missing"
	at com.google.gson.internal.bind.TypeAdapters$12.read(TypeAdapters.java:327)
	at com.google.gson.internal.bind.TypeAdapters$12.read(TypeAdapters.java:317)
	at com.google.gson.Gson.fromJson(Gson.java:864)
	at com.google.gson.internal.bind.TypeAdapters_ESTest.test44(TypeAdapters_ESTest.java:583)
	at sun.reflect.NativeMethodAccessorImpl.invoke0(Native Method)
	at sun.reflect.NativeMethodAccessorImpl.invoke(NativeMethodAccessorImpl.java:62)
	at sun.reflect.DelegatingMethodAccessorImpl.invoke(DelegatingMethodAccessorImpl.java:43)
	at java.lang.reflect.Method.invoke(Method.java:498)
	at org.junit.runners.model.FrameworkMethod$1.runReflectiveCall(FrameworkMethod.java:50)
	at org.junit.internal.runners.model.ReflectiveCallable.run(ReflectiveCallable.java:12)
	at org.junit.runners.model.FrameworkMethod.invokeExplosively(FrameworkMethod.java:47)
	at org.junit.internal.runners.statements.InvokeMethod.evaluate(InvokeMethod.java:17)
	at org.junit.internal.runners.statements.FailOnTimeout$CallableStatement.call(FailOnTimeout.java:298)
	at org.junit.internal.runners.statements.FailOnTimeout$CallableStatement.call(FailOnTimeout.java:292)
	at java.util.concurrent.FutureTask.run(FutureTask.java:266)
	at java.lang.Thread.run(Thread.java:748)
Caused by: java.lang.NumberFormatException: For input string: "Missing"
	at sun.misc.FloatingDecimal.readJavaFormatString(FloatingDecimal.java:2043)
	at sun.misc.FloatingDecimal.parseDouble(FloatingDecimal.java:110)
	at java.lang.Double.parseDouble(Double.java:538)
	at com.google.gson.stream.JsonReader.nextLong(JsonReader.java:974)
	at com.google.gson.internal.bind.TypeAdapters$12.read(TypeAdapters.java:325)
	... 15 more
13) test01(com.google.gson.internal.bind.TypeAdapters_ESTest)
com.google.gson.JsonSyntaxException: java.lang.NumberFormatException: For input string: "00000000-0100-4000-8200-000003000000"
	at com.google.gson.internal.bind.TypeAdapters$9.read(TypeAdapters.java:205)
	at com.google.gson.internal.bind.TypeAdapters$9.read(TypeAdapters.java:194)
	at com.google.gson.Gson.fromJson(Gson.java:864)
	at com.google.gson.internal.bind.TypeAdapters_ESTest.test01(TypeAdapters_ESTest.java:76)
	at sun.reflect.NativeMethodAccessorImpl.invoke0(Native Method)
	at sun.reflect.NativeMethodAccessorImpl.invoke(NativeMethodAccessorImpl.java:62)
	at sun.reflect.DelegatingMethodAccessorImpl.invoke(DelegatingMethodAccessorImpl.java:43)
	at java.lang.reflect.Method.invoke(Method.java:498)
	at org.junit.runners.model.FrameworkMethod$1.runReflectiveCall(FrameworkMethod.java:50)
	at org.junit.internal.runners.model.ReflectiveCallable.run(ReflectiveCallable.java:12)
	at org.junit.runners.model.FrameworkMethod.invokeExplosively(FrameworkMethod.java:47)
	at org.junit.internal.runners.statements.InvokeMethod.evaluate(InvokeMethod.java:17)
	at org.junit.internal.runners.statements.FailOnTimeout$CallableStatement.call(FailOnTimeout.java:298)
	at org.junit.internal.runners.statements.FailOnTimeout$CallableStatement.call(FailOnTimeout.java:292)
	at java.util.concurrent.FutureTask.run(FutureTask.java:266)
	at java.lang.Thread.run(Thread.java:748)
Caused by: java.lang.NumberFormatException: For input string: "00000000-0100-4000-8200-000003000000"
	at sun.misc.FloatingDecimal.readJavaFormatString(FloatingDecimal.java:2043)
	at sun.misc.FloatingDecimal.parseDouble(FloatingDecimal.java:110)
	at java.lang.Double.parseDouble(Double.java:538)
	at com.google.gson.stream.JsonReader.nextInt(JsonReader.java:1206)
	at com.google.gson.internal.bind.TypeAdapters$9.read(TypeAdapters.java:202)
	... 15 more
14) test47(com.google.gson.internal.bind.TypeAdapters_ESTest)
com.google.gson.JsonSyntaxException: java.lang.NumberFormatException: For input string: "s4V$)_^k8"
	at com.google.gson.internal.bind.TypeAdapters$11.read(TypeAdapters.java:249)
	at com.google.gson.internal.bind.TypeAdapters$11.read(TypeAdapters.java:239)
	at com.google.gson.Gson.fromJson(Gson.java:864)
	at com.google.gson.internal.bind.TypeAdapters_ESTest.test47(TypeAdapters_ESTest.java:619)
	at sun.reflect.NativeMethodAccessorImpl.invoke0(Native Method)
	at sun.reflect.NativeMethodAccessorImpl.invoke(NativeMethodAccessorImpl.java:62)
	at sun.reflect.DelegatingMethodAccessorImpl.invoke(DelegatingMethodAccessorImpl.java:43)
	at java.lang.reflect.Method.invoke(Method.java:498)
	at org.junit.runners.model.FrameworkMethod$1.runReflectiveCall(FrameworkMethod.java:50)
	at org.junit.internal.runners.model.ReflectiveCallable.run(ReflectiveCallable.java:12)
	at org.junit.runners.model.FrameworkMethod.invokeExplosively(FrameworkMethod.java:47)
	at org.junit.internal.runners.statements.InvokeMethod.evaluate(InvokeMethod.java:17)
	at org.junit.internal.runners.statements.FailOnTimeout$CallableStatement.call(FailOnTimeout.java:298)
	at org.junit.internal.runners.statements.FailOnTimeout$CallableStatement.call(FailOnTimeout.java:292)
	at java.util.concurrent.FutureTask.run(FutureTask.java:266)
	at java.lang.Thread.run(Thread.java:748)
Caused by: java.lang.NumberFormatException: For input string: "s4V$)_^k8"
	at sun.misc.FloatingDecimal.readJavaFormatString(FloatingDecimal.java:2043)
	at sun.misc.FloatingDecimal.parseDouble(FloatingDecimal.java:110)
	at java.lang.Double.parseDouble(Double.java:538)
	at com.google.gson.stream.JsonReader.nextInt(JsonReader.java:1206)
	at com.google.gson.internal.bind.TypeAdapters$11.read(TypeAdapters.java:247)
	... 15 more
15) test49(com.google.gson.internal.bind.TypeAdapters_ESTest)
com.google.gson.JsonSyntaxException: java.lang.NumberFormatException: For input string: "_"
	at com.google.gson.internal.bind.TypeAdapters$10.read(TypeAdapters.java:227)
	at com.google.gson.internal.bind.TypeAdapters$10.read(TypeAdapters.java:217)
	at com.google.gson.Gson.fromJson(Gson.java:864)
	at com.google.gson.internal.bind.TypeAdapters_ESTest.test49(TypeAdapters_ESTest.java:647)
	at sun.reflect.NativeMethodAccessorImpl.invoke0(Native Method)
	at sun.reflect.NativeMethodAccessorImpl.invoke(NativeMethodAccessorImpl.java:62)
	at sun.reflect.DelegatingMethodAccessorImpl.invoke(DelegatingMethodAccessorImpl.java:43)
	at java.lang.reflect.Method.invoke(Method.java:498)
	at org.junit.runners.model.FrameworkMethod$1.runReflectiveCall(FrameworkMethod.java:50)
	at org.junit.internal.runners.model.ReflectiveCallable.run(ReflectiveCallable.java:12)
	at org.junit.runners.model.FrameworkMethod.invokeExplosively(FrameworkMethod.java:47)
	at org.junit.internal.runners.statements.InvokeMethod.evaluate(InvokeMethod.java:17)
	at org.junit.internal.runners.statements.FailOnTimeout$CallableStatement.call(FailOnTimeout.java:298)
	at org.junit.internal.runners.statements.FailOnTimeout$CallableStatement.call(FailOnTimeout.java:292)
	at java.util.concurrent.FutureTask.run(FutureTask.java:266)
	at java.lang.Thread.run(Thread.java:748)
Caused by: java.lang.NumberFormatException: For input string: "_"
	at sun.misc.FloatingDecimal.readJavaFormatString(FloatingDecimal.java:2043)
	at sun.misc.FloatingDecimal.parseDouble(FloatingDecimal.java:110)
	at java.lang.Double.parseDouble(Double.java:538)
	at com.google.gson.stream.JsonReader.nextInt(JsonReader.java:1206)
	at com.google.gson.internal.bind.TypeAdapters$10.read(TypeAdapters.java:225)
	... 15 more
16) test07(com.google.gson.internal.bind.TypeAdapters_ESTest)
com.google.gson.JsonSyntaxException: Expected a com.google.gson.JsonArray but was com.google.gson.JsonNull
	at com.google.gson.internal.bind.TypeAdapters$35$1.read(TypeAdapters.java:916)
	at com.google.gson.Gson.fromJson(Gson.java:864)
	at com.google.gson.Gson.fromJson(Gson.java:929)
	at com.google.gson.Gson.fromJson(Gson.java:902)
	at com.google.gson.internal.bind.TypeAdapters_ESTest.test07(TypeAdapters_ESTest.java:137)
	at sun.reflect.NativeMethodAccessorImpl.invoke0(Native Method)
	at sun.reflect.NativeMethodAccessorImpl.invoke(NativeMethodAccessorImpl.java:62)
	at sun.reflect.DelegatingMethodAccessorImpl.invoke(DelegatingMethodAccessorImpl.java:43)
	at java.lang.reflect.Method.invoke(Method.java:498)
	at org.junit.runners.model.FrameworkMethod$1.runReflectiveCall(FrameworkMethod.java:50)
	at org.junit.internal.runners.model.ReflectiveCallable.run(ReflectiveCallable.java:12)
	at org.junit.runners.model.FrameworkMethod.invokeExplosively(FrameworkMethod.java:47)
	at org.junit.internal.runners.statements.InvokeMethod.evaluate(InvokeMethod.java:17)
	at org.junit.internal.runners.statements.FailOnTimeout$CallableStatement.call(FailOnTimeout.java:298)
	at org.junit.internal.runners.statements.FailOnTimeout$CallableStatement.call(FailOnTimeout.java:292)
	at java.util.concurrent.FutureTask.run(FutureTask.java:266)
	at java.lang.Thread.run(Thread.java:748)
17) test08(com.google.gson.internal.bind.TypeAdapters_ESTest)
com.google.gson.JsonSyntaxException: Expected a com.google.gson.JsonArray but was com.google.gson.JsonPrimitive
	at com.google.gson.internal.bind.TypeAdapters$35$1.read(TypeAdapters.java:916)
	at com.google.gson.Gson.fromJson(Gson.java:864)
	at com.google.gson.Gson.fromJson(Gson.java:929)
	at com.google.gson.Gson.fromJson(Gson.java:902)
	at com.google.gson.internal.bind.TypeAdapters_ESTest.test08(TypeAdapters_ESTest.java:156)
	at sun.reflect.NativeMethodAccessorImpl.invoke0(Native Method)
	at sun.reflect.NativeMethodAccessorImpl.invoke(NativeMethodAccessorImpl.java:62)
	at sun.reflect.DelegatingMethodAccessorImpl.invoke(DelegatingMethodAccessorImpl.java:43)
	at java.lang.reflect.Method.invoke(Method.java:498)
	at org.junit.runners.model.FrameworkMethod$1.runReflectiveCall(FrameworkMethod.java:50)
	at org.junit.internal.runners.model.ReflectiveCallable.run(ReflectiveCallable.java:12)
	at org.junit.runners.model.FrameworkMethod.invokeExplosively(FrameworkMethod.java:47)
	at org.junit.internal.runners.statements.InvokeMethod.evaluate(InvokeMethod.java:17)
	at org.junit.internal.runners.statements.FailOnTimeout$CallableStatement.call(FailOnTimeout.java:298)
	at org.junit.internal.runners.statements.FailOnTimeout$CallableStatement.call(FailOnTimeout.java:292)
	at java.util.concurrent.FutureTask.run(FutureTask.java:266)
	at java.lang.Thread.run(Thread.java:748)
18) test09(com.google.gson.internal.bind.TypeAdapters_ESTest)
com.google.gson.JsonSyntaxException: Expected a com.google.gson.JsonNull but was com.google.gson.JsonPrimitive
	at com.google.gson.internal.bind.TypeAdapters$35$1.read(TypeAdapters.java:916)
	at com.google.gson.Gson.fromJson(Gson.java:864)
	at com.google.gson.internal.bind.TypeAdapters_ESTest.test09(TypeAdapters_ESTest.java:174)
	at sun.reflect.NativeMethodAccessorImpl.invoke0(Native Method)
	at sun.reflect.NativeMethodAccessorImpl.invoke(NativeMethodAccessorImpl.java:62)
	at sun.reflect.DelegatingMethodAccessorImpl.invoke(DelegatingMethodAccessorImpl.java:43)
	at java.lang.reflect.Method.invoke(Method.java:498)
	at org.junit.runners.model.FrameworkMethod$1.runReflectiveCall(FrameworkMethod.java:50)
	at org.junit.internal.runners.model.ReflectiveCallable.run(ReflectiveCallable.java:12)
	at org.junit.runners.model.FrameworkMethod.invokeExplosively(FrameworkMethod.java:47)
	at org.junit.internal.runners.statements.InvokeMethod.evaluate(InvokeMethod.java:17)
	at org.junit.internal.runners.statements.FailOnTimeout$CallableStatement.call(FailOnTimeout.java:298)
	at org.junit.internal.runners.statements.FailOnTimeout$CallableStatement.call(FailOnTimeout.java:292)
	at java.util.concurrent.FutureTask.run(FutureTask.java:266)
	at java.lang.Thread.run(Thread.java:748)
19) test34(com.google.gson.internal.bind.TypeAdapters_ESTest)
com.google.gson.JsonSyntaxException: org.evosuite.runtime.mock.java.lang.MockThrowable: Unterminated string at line 1 column 4 path $
	at com.google.gson.Gson.fromJson(Gson.java:879)
	at com.google.gson.internal.bind.TypeAdapters_ESTest.test34(TypeAdapters_ESTest.java:464)
	at sun.reflect.NativeMethodAccessorImpl.invoke0(Native Method)
	at sun.reflect.NativeMethodAccessorImpl.invoke(NativeMethodAccessorImpl.java:62)
	at sun.reflect.DelegatingMethodAccessorImpl.invoke(DelegatingMethodAccessorImpl.java:43)
	at java.lang.reflect.Method.invoke(Method.java:498)
	at org.junit.runners.model.FrameworkMethod$1.runReflectiveCall(FrameworkMethod.java:50)
	at org.junit.internal.runners.model.ReflectiveCallable.run(ReflectiveCallable.java:12)
	at org.junit.runners.model.FrameworkMethod.invokeExplosively(FrameworkMethod.java:47)
	at org.junit.internal.runners.statements.InvokeMethod.evaluate(InvokeMethod.java:17)
	at org.junit.internal.runners.statements.FailOnTimeout$CallableStatement.call(FailOnTimeout.java:298)
	at org.junit.internal.runners.statements.FailOnTimeout$CallableStatement.call(FailOnTimeout.java:292)
	at java.util.concurrent.FutureTask.run(FutureTask.java:266)
	at java.lang.Thread.run(Thread.java:748)
Caused by: com.google.gson.stream.MalformedJsonException: Unterminated string at line 1 column 4 path $
	at com.google.gson.stream.JsonReader.syntaxError(JsonReader.java:1574)
	at com.google.gson.stream.JsonReader.nextQuotedValue(JsonReader.java:1028)
	at com.google.gson.stream.JsonReader.nextString(JsonReader.java:818)
	at com.google.gson.internal.bind.TypeAdapters$20.read(TypeAdapters.java:475)
	at com.google.gson.internal.bind.TypeAdapters$20.read(TypeAdapters.java:468)
	at com.google.gson.Gson.fromJson(Gson.java:864)
	... 13 more
20) test37(com.google.gson.internal.bind.TypeAdapters_ESTest)
com.google.gson.JsonSyntaxException: org.evosuite.runtime.mock.java.lang.MockThrowable: Expected a string but was BEGIN_OBJECT at line 1 column 2 path $
	at com.google.gson.Gson.fromJson(Gson.java:876)
	at com.google.gson.Gson.fromJson(Gson.java:829)
	at com.google.gson.Gson.fromJson(Gson.java:778)
	at com.google.gson.Gson.fromJson(Gson.java:750)
	at com.google.gson.internal.bind.TypeAdapters_ESTest.test37(TypeAdapters_ESTest.java:501)
	at sun.reflect.NativeMethodAccessorImpl.invoke0(Native Method)
	at sun.reflect.NativeMethodAccessorImpl.invoke(NativeMethodAccessorImpl.java:62)
	at sun.reflect.DelegatingMethodAccessorImpl.invoke(DelegatingMethodAccessorImpl.java:43)
	at java.lang.reflect.Method.invoke(Method.java:498)
	at org.junit.runners.model.FrameworkMethod$1.runReflectiveCall(FrameworkMethod.java:50)
	at org.junit.internal.runners.model.ReflectiveCallable.run(ReflectiveCallable.java:12)
	at org.junit.runners.model.FrameworkMethod.invokeExplosively(FrameworkMethod.java:47)
	at org.junit.internal.runners.statements.InvokeMethod.evaluate(InvokeMethod.java:17)
	at org.junit.internal.runners.statements.FailOnTimeout$CallableStatement.call(FailOnTimeout.java:298)
	at org.junit.internal.runners.statements.FailOnTimeout$CallableStatement.call(FailOnTimeout.java:292)
	at java.util.concurrent.FutureTask.run(FutureTask.java:266)
	at java.lang.Thread.run(Thread.java:748)
Caused by: org.evosuite.runtime.mock.java.lang.MockIllegalStateException: Expected a string but was BEGIN_OBJECT at line 1 column 2 path $
	at com.google.gson.stream.JsonReader.nextString(JsonReader.java:830)
	at com.google.gson.internal.bind.TypeAdapters$17.read(TypeAdapters.java:422)
	at com.google.gson.internal.bind.TypeAdapters$17.read(TypeAdapters.java:410)
	at com.google.gson.Gson.fromJson(Gson.java:864)
	... 16 more
21) test30(com.google.gson.internal.bind.TypeAdapters_ESTest)
com.google.gson.JsonSyntaxException: org.evosuite.runtime.mock.java.lang.MockThrowable: Expected STRING but was BEGIN_ARRAY
	at com.google.gson.Gson.fromJson(Gson.java:876)
	at com.google.gson.Gson.fromJson(Gson.java:929)
	at com.google.gson.Gson.fromJson(Gson.java:902)
	at com.google.gson.internal.bind.TypeAdapters_ESTest.test30(TypeAdapters_ESTest.java:420)
	at sun.reflect.NativeMethodAccessorImpl.invoke0(Native Method)
	at sun.reflect.NativeMethodAccessorImpl.invoke(NativeMethodAccessorImpl.java:62)
	at sun.reflect.DelegatingMethodAccessorImpl.invoke(DelegatingMethodAccessorImpl.java:43)
	at java.lang.reflect.Method.invoke(Method.java:498)
	at org.junit.runners.model.FrameworkMethod$1.runReflectiveCall(FrameworkMethod.java:50)
	at org.junit.internal.runners.model.ReflectiveCallable.run(ReflectiveCallable.java:12)
	at org.junit.runners.model.FrameworkMethod.invokeExplosively(FrameworkMethod.java:47)
	at org.junit.internal.runners.statements.InvokeMethod.evaluate(InvokeMethod.java:17)
	at org.junit.internal.runners.statements.FailOnTimeout$CallableStatement.call(FailOnTimeout.java:298)
	at org.junit.internal.runners.statements.FailOnTimeout$CallableStatement.call(FailOnTimeout.java:292)
	at java.util.concurrent.FutureTask.run(FutureTask.java:266)
	at java.lang.Thread.run(Thread.java:748)
Caused by: org.evosuite.runtime.mock.java.lang.MockIllegalStateException: Expected STRING but was BEGIN_ARRAY
	at com.google.gson.internal.bind.JsonTreeReader.nextString(JsonTreeReader.java:154)
	at com.google.gson.internal.bind.TypeAdapters$21.read(TypeAdapters.java:493)
	at com.google.gson.internal.bind.TypeAdapters$21.read(TypeAdapters.java:486)
	at com.google.gson.Gson.fromJson(Gson.java:864)
	... 15 more
22) test25(com.google.gson.internal.bind.TypeAdapters_ESTest)
com.google.gson.JsonIOException: java.net.URISyntaxException: Illegal character in path at index 0: "en_CA"
	at com.google.gson.internal.bind.TypeAdapters$23.read(TypeAdapters.java:533)
	at com.google.gson.internal.bind.TypeAdapters$23.read(TypeAdapters.java:522)
	at com.google.gson.Gson.fromJson(Gson.java:864)
	at com.google.gson.Gson.fromJson(Gson.java:929)
	at com.google.gson.Gson.fromJson(Gson.java:902)
	at com.google.gson.internal.bind.TypeAdapters_ESTest.test25(TypeAdapters_ESTest.java:354)
	at sun.reflect.NativeMethodAccessorImpl.invoke0(Native Method)
	at sun.reflect.NativeMethodAccessorImpl.invoke(NativeMethodAccessorImpl.java:62)
	at sun.reflect.DelegatingMethodAccessorImpl.invoke(DelegatingMethodAccessorImpl.java:43)
	at java.lang.reflect.Method.invoke(Method.java:498)
	at org.junit.runners.model.FrameworkMethod$1.runReflectiveCall(FrameworkMethod.java:50)
	at org.junit.internal.runners.model.ReflectiveCallable.run(ReflectiveCallable.java:12)
	at org.junit.runners.model.FrameworkMethod.invokeExplosively(FrameworkMethod.java:47)
	at org.junit.internal.runners.statements.InvokeMethod.evaluate(InvokeMethod.java:17)
	at org.junit.internal.runners.statements.FailOnTimeout$CallableStatement.call(FailOnTimeout.java:298)
	at org.junit.internal.runners.statements.FailOnTimeout$CallableStatement.call(FailOnTimeout.java:292)
	at java.util.concurrent.FutureTask.run(FutureTask.java:266)
	at java.lang.Thread.run(Thread.java:748)
Caused by: java.net.URISyntaxException: Illegal character in path at index 0: "en_CA"
	at java.net.URI$Parser.fail(URI.java:2848)
	at java.net.URI$Parser.checkChars(URI.java:3021)
	at java.net.URI$Parser.parseHierarchical(URI.java:3105)
	at java.net.URI$Parser.parse(URI.java:3063)
	at java.net.URI.<init>(URI.java:588)
	at org.evosuite.runtime.mock.java.net.MockURI.URI(MockURI.java:59)
	at com.google.gson.internal.bind.TypeAdapters$23.read(TypeAdapters.java:531)
	... 17 more
23) test27(com.google.gson.internal.bind.TypeAdapters_ESTest)
com.google.gson.JsonSyntaxException: java.net.MalformedURLException: no protocol: com.google.gson.internal.bind.TreeTypeAdapter$GsonContextImpl
	at com.google.gson.Gson.fromJson(Gson.java:879)
	at com.google.gson.internal.bind.TypeAdapters_ESTest.test27(TypeAdapters_ESTest.java:386)
	at sun.reflect.NativeMethodAccessorImpl.invoke0(Native Method)
	at sun.reflect.NativeMethodAccessorImpl.invoke(NativeMethodAccessorImpl.java:62)
	at sun.reflect.DelegatingMethodAccessorImpl.invoke(DelegatingMethodAccessorImpl.java:43)
	at java.lang.reflect.Method.invoke(Method.java:498)
	at org.junit.runners.model.FrameworkMethod$1.runReflectiveCall(FrameworkMethod.java:50)
	at org.junit.internal.runners.model.ReflectiveCallable.run(ReflectiveCallable.java:12)
	at org.junit.runners.model.FrameworkMethod.invokeExplosively(FrameworkMethod.java:47)
	at org.junit.internal.runners.statements.InvokeMethod.evaluate(InvokeMethod.java:17)
	at org.junit.internal.runners.statements.FailOnTimeout$CallableStatement.call(FailOnTimeout.java:298)
	at org.junit.internal.runners.statements.FailOnTimeout$CallableStatement.call(FailOnTimeout.java:292)
	at java.util.concurrent.FutureTask.run(FutureTask.java:266)
	at java.lang.Thread.run(Thread.java:748)
Caused by: java.net.MalformedURLException: no protocol: com.google.gson.internal.bind.TreeTypeAdapter$GsonContextImpl
	at java.net.URL.<init>(URL.java:611)
	at org.evosuite.runtime.mock.java.net.MockURL.URL(MockURL.java:130)
	at org.evosuite.runtime.mock.java.net.MockURL.URL(MockURL.java:92)
	at org.evosuite.runtime.mock.java.net.MockURL.URL(MockURL.java:88)
	at com.google.gson.internal.bind.TypeAdapters$22.read(TypeAdapters.java:512)
	at com.google.gson.internal.bind.TypeAdapters$22.read(TypeAdapters.java:504)
	at com.google.gson.Gson.fromJson(Gson.java:864)
	... 13 more
24) test61(com.google.gson.internal.bind.TypeAdapters_ESTest)
com.google.gson.JsonSyntaxException: org.evosuite.runtime.mock.java.lang.MockThrowable: Expected a boolean but was STRING at line 1 column 1 path $
	at com.google.gson.Gson.fromJson(Gson.java:876)
	at com.google.gson.Gson.fromJson(Gson.java:829)
	at com.google.gson.Gson.fromJson(Gson.java:778)
	at com.google.gson.Gson.fromJson(Gson.java:750)
	at com.google.gson.internal.bind.TypeAdapters_ESTest.test61(TypeAdapters_ESTest.java:823)
	at sun.reflect.NativeMethodAccessorImpl.invoke0(Native Method)
	at sun.reflect.NativeMethodAccessorImpl.invoke(NativeMethodAccessorImpl.java:62)
	at sun.reflect.DelegatingMethodAccessorImpl.invoke(DelegatingMethodAccessorImpl.java:43)
	at java.lang.reflect.Method.invoke(Method.java:498)
	at org.junit.runners.model.FrameworkMethod$1.runReflectiveCall(FrameworkMethod.java:50)
	at org.junit.internal.runners.model.ReflectiveCallable.run(ReflectiveCallable.java:12)
	at org.junit.runners.model.FrameworkMethod.invokeExplosively(FrameworkMethod.java:47)
	at org.junit.internal.runners.statements.InvokeMethod.evaluate(InvokeMethod.java:17)
	at org.junit.internal.runners.statements.FailOnTimeout$CallableStatement.call(FailOnTimeout.java:298)
	at org.junit.internal.runners.statements.FailOnTimeout$CallableStatement.call(FailOnTimeout.java:292)
	at java.util.concurrent.FutureTask.run(FutureTask.java:266)
	at java.lang.Thread.run(Thread.java:748)
Caused by: org.evosuite.runtime.mock.java.lang.MockIllegalStateException: Expected a boolean but was STRING at line 1 column 1 path $
	at com.google.gson.stream.JsonReader.nextBoolean(JsonReader.java:859)
	at com.google.gson.internal.bind.TypeAdapters$2.read(TypeAdapters.java:277)
	at com.google.gson.internal.bind.TypeAdapters$2.read(TypeAdapters.java:275)
	at com.google.gson.TypeAdapter$1.read(TypeAdapter.java:199)
	at com.google.gson.Gson.fromJson(Gson.java:864)
	... 16 more

FAILURES!!!
Tests run: 68,  Failures: 24

