* EvoSuite 1.1.1-SNAPSHOT
* Configuration: BBC-F0
* Going to generate test cases for class: com.fasterxml.jackson.core.json.ReaderBasedJsonParser
* Starting Client-0
* Connecting to master process on port 7521
* Analyzing classpath: 
  - subjects/buggy-versions/JacksonCore-19/target/classes
* Finished analyzing classpath
* Generating tests for class com.fasterxml.jackson.core.json.ReaderBasedJsonParser
* Test criteria:
  - Line Coverage
  - Branch Coverage
  - Exception
  - Mutation testing (weak)
  - Method-Output Coverage
  - Top-Level Method Coverage
  - No-Exception Top-Level Method Coverage
  - Context Branch Coverage
* Total number of test goals for DYNAMOSA: 4946
* Using seed 1521993482
* Starting evolution
* Initial Number of Goals in DynaMOSA = 729 / 4946
[MASTER] 11:15:17.237 [logback-1] WARN  TestChromosome - Functional mock problem: org.evosuite.ga.ConstructionFailedException: Failed to add constructor for com.fasterxml.jackson.core.io.IOContext due to org.evosuite.ga.ConstructionFailedException: Failed to add constructor for com.fasterxml.jackson.core.json.ReaderBasedJsonParser due to org.evosuite.ga.ConstructionFailedException: Have no generator for class com.fasterxml.jackson.core.io.IOContext canUseFunctionalMocks=false, canBeMocked: true
[MASTER] 11:16:24.776 [logback-1] WARN  TestChromosome - Functional mock problem: org.evosuite.ga.ConstructionFailedException: Failed to add constructor for com.fasterxml.jackson.core.json.ReaderBasedJsonParser due to org.evosuite.ga.ConstructionFailedException: Have no generator for class com.fasterxml.jackson.core.io.IOContext canUseFunctionalMocks=false, canBeMocked: true
* Search finished after 306s and 101 generations, 99420 statements, best individual has fitness: 2815.0
* Minimizing test suite
[MASTER] 11:20:20.602 [logback-1] WARN  TestSuiteMinimizer - Minimization timeout. Roll back to original test suite
* Going to analyze the coverage criteria
* Coverage analysis for criterion LINE
* Coverage of criterion LINE: 49%
* Total number of goals: 1375
* Number of covered goals: 669
* Coverage analysis for criterion BRANCH
* Coverage of criterion BRANCH: 43%
* Total number of goals: 1217
* Number of covered goals: 523
* Coverage analysis for criterion EXCEPTION
* Coverage of criterion EXCEPTION: 100%
* Total number of goals: 102
* Number of covered goals: 102
* Coverage analysis for criterion WEAKMUTATION
* Coverage of criterion WEAKMUTATION: 42%
* Total number of goals: 857
* Number of covered goals: 357
* Coverage analysis for criterion OUTPUT
* Coverage of criterion OUTPUT: 46%
* Total number of goals: 186
* Number of covered goals: 86
* Coverage analysis for criterion METHOD
* Coverage of criterion METHOD: 98%
* Total number of goals: 47
* Number of covered goals: 46
* Coverage analysis for criterion METHODNOEXCEPTION
* Coverage of criterion METHODNOEXCEPTION: 79%
* Total number of goals: 47
* Number of covered goals: 37
* Coverage analysis for criterion CBRANCH
* Coverage of criterion CBRANCH: 42%
* Total number of goals: 1217
* Number of covered goals: 512
* Generated 338 tests with total length 6049
* Resulting test suite's coverage: 56% (average coverage for all fitness functions)
* Generating assertions
[MASTER] 11:21:39.233 [logback-1] WARN  SimpleMutationAssertionGenerator - Assertion minimization is taking too long (0.6884166666666667% of time used, but only 17/338 tests minimized), falling back to using all assertions
* Resulting test suite's mutation score: 1%
* Compiling and checking tests
* Permissions denied during test execution: 
  - java.lang.RuntimePermission: 
         writeFileDescriptor: 1
* Writing tests to file
* Writing JUnit test case 'ReaderBasedJsonParser_ESTest' to results/JacksonCore-19/com.fasterxml.jackson.core.json.ReaderBasedJsonParser/BBC-F0/tests/15
* Done!

* Computation finished
