* EvoSuite 1.1.1-SNAPSHOT
* Configuration: BBC-F0
* Going to generate test cases for class: org.apache.commons.jxpath.ri.compiler.CoreFunction
* Starting Client-0
* Connecting to master process on port 2673
* Analyzing classpath: 
  - subjects/buggy-versions/JxPath-14/target/classes
  - subjects/buggy-versions/JxPath-14/src/java
  - subjects/buggy-versions/JxPath-14/target/lib/commons-beanutils-1.7.0.jar
  - subjects/buggy-versions/JxPath-14/target/lib/commons-logging-1.1.jar
  - subjects/buggy-versions/JxPath-14/target/lib/jdom-1.0.jar
  - subjects/buggy-versions/JxPath-14/target/lib/jsp-api-2.0.jar
  - subjects/buggy-versions/JxPath-14/target/lib/junit-3.8.2.jar
  - subjects/buggy-versions/JxPath-14/target/lib/mockrunner-0.4.1.jar
  - subjects/buggy-versions/JxPath-14/target/lib/servletapi-2.4.jar
  - subjects/buggy-versions/JxPath-14/target/lib/xerces-2.4.0.jar
  - subjects/buggy-versions/JxPath-14/target/lib/xml-apis-2.0.2.jar
* Finished analyzing classpath
* Generating tests for class org.apache.commons.jxpath.ri.compiler.CoreFunction
* Test criteria:
  - Line Coverage
  - Branch Coverage
  - Exception
  - Mutation testing (weak)
  - Method-Output Coverage
  - Top-Level Method Coverage
  - No-Exception Top-Level Method Coverage
  - Context Branch Coverage
* Total number of test goals for DYNAMOSA: 1832
* Using seed 3885026476
* Starting evolution
* Initial Number of Goals in DynaMOSA = 654 / 1832
[MASTER] 05:25:24.213 [logback-2] ERROR TestCluster - Failed to check cache for java.util.LinkedList<E> : Type points to itself
[MASTER] 05:26:01.222 [logback-1] WARN  TestChromosome - Functional mock problem: org.evosuite.ga.ConstructionFailedException: Failed to add constructor for org.apache.commons.jxpath.ri.axes.NamespaceContext due to org.evosuite.ga.ConstructionFailedException: Failed to add constructor for org.apache.commons.jxpath.ri.axes.RootContext due to org.evosuite.ga.ConstructionFailedException: Failed to add constructor for org.apache.commons.jxpath.ri.JXPathContextReferenceImpl due to org.evosuite.ga.ConstructionFailedException: Max recursion depth reached
[MASTER] 05:26:05.410 [logback-1] WARN  TestChromosome - Functional mock problem: org.evosuite.ga.ConstructionFailedException: Failed to add constructor for org.apache.commons.jxpath.ri.NamespaceResolver due to org.evosuite.ga.ConstructionFailedException: Failed to add constructor for org.apache.commons.jxpath.ri.axes.NodeSetContext due to org.evosuite.ga.ConstructionFailedException: Failed to add constructor for org.apache.commons.jxpath.ri.axes.SelfContext due to org.evosuite.ga.ConstructionFailedException: Failed to add constructor for org.apache.commons.jxpath.ri.axes.ChildContext due to org.evosuite.ga.ConstructionFailedException: Max recursion depth reached
[MASTER] 05:26:06.431 [logback-1] WARN  TestChromosome - Functional mock problem: org.evosuite.ga.ConstructionFailedException: Failed to add constructor for org.apache.commons.jxpath.ri.JXPathContextReferenceImpl due to org.evosuite.ga.ConstructionFailedException: Failed to add constructor for org.apache.commons.jxpath.ri.axes.AncestorContext due to org.evosuite.ga.ConstructionFailedException: Failed to add constructor for org.apache.commons.jxpath.ri.axes.AttributeContext due to org.evosuite.ga.ConstructionFailedException: Failed to add constructor for org.apache.commons.jxpath.ri.axes.NamespaceContext due to org.evosuite.ga.ConstructionFailedException: Max recursion depth reached
[MASTER] 05:26:07.543 [logback-1] WARN  TestChromosome - Functional mock problem: org.evosuite.ga.ConstructionFailedException: Failed to add constructor for org.apache.commons.jxpath.ri.axes.DescendantContext due to org.evosuite.ga.ConstructionFailedException: Failed to add constructor for org.apache.commons.jxpath.ri.axes.RootContext due to org.evosuite.ga.ConstructionFailedException: Failed to add constructor for org.apache.commons.jxpath.ri.JXPathContextReferenceImpl due to org.evosuite.ga.ConstructionFailedException: Max recursion depth reached
[MASTER] 05:26:08.210 [logback-1] WARN  TestChromosome - Functional mock problem: org.evosuite.ga.ConstructionFailedException: Failed to add constructor for org.apache.commons.jxpath.ri.axes.PredicateContext due to org.evosuite.ga.ConstructionFailedException: Failed to add constructor for org.apache.commons.jxpath.ri.axes.UnionContext due to org.evosuite.ga.ConstructionFailedException: Failed to add constructor for org.apache.commons.jxpath.ri.axes.InitialContext due to org.evosuite.ga.ConstructionFailedException: Failed to add constructor for org.apache.commons.jxpath.ri.axes.PrecedingOrFollowingContext due to org.evosuite.ga.ConstructionFailedException: Max recursion depth reached
* Search finished after 305s and 213 generations, 101304 statements, best individual has fitness: 623.0
* Minimizing test suite
[MASTER] 05:31:32.219 [logback-1] WARN  TestSuiteMinimizer - Minimization timeout. Roll back to original test suite
* Going to analyze the coverage criteria
* Coverage analysis for criterion LINE
* Coverage of criterion LINE: 74%
* Total number of goals: 344
* Number of covered goals: 254
* Coverage analysis for criterion BRANCH
* Coverage of criterion BRANCH: 78%
* Total number of goals: 355
* Number of covered goals: 278
* Coverage analysis for criterion EXCEPTION
* Coverage of criterion EXCEPTION: 100%
* Total number of goals: 117
* Number of covered goals: 117
* Coverage analysis for criterion WEAKMUTATION
* Coverage of criterion WEAKMUTATION: 64%
* Total number of goals: 616
* Number of covered goals: 395
* Coverage analysis for criterion OUTPUT
* Coverage of criterion OUTPUT: 35%
* Total number of goals: 82
* Number of covered goals: 29
* Coverage analysis for criterion METHOD
* Coverage of criterion METHOD: 100%
* Total number of goals: 40
* Number of covered goals: 40
* Coverage analysis for criterion METHODNOEXCEPTION
* Coverage of criterion METHODNOEXCEPTION: 92%
* Total number of goals: 40
* Number of covered goals: 37
* Coverage analysis for criterion CBRANCH
* Coverage of criterion CBRANCH: 78%
* Total number of goals: 355
* Number of covered goals: 277
* Generated 277 tests with total length 4811
* Resulting test suite's coverage: 72% (average coverage for all fitness functions)
* Generating assertions
[MASTER] 05:32:19.900 [logback-1] WARN  SimpleMutationAssertionGenerator - Assertion minimization is taking too long (0.7295666666666667% of time used, but only 116/277 tests minimized), falling back to using all assertions
* Resulting test suite's mutation score: 13%
* Compiling and checking tests
[MASTER] 05:33:22.686 [logback-2] ERROR JUnitAnalyzer - Ran out of time while checking tests
* Permissions denied during test execution: 
  - java.lang.RuntimePermission: 
         writeFileDescriptor: 6
* Writing tests to file
* Writing JUnit test case 'CoreFunction_ESTest' to results/JxPath-14/org.apache.commons.jxpath.ri.compiler.CoreFunction/BBC-F0/tests/25
* Done!

* Computation finished
