* EvoSuite 1.1.1-SNAPSHOT
* Configuration: BBC-F0-opt-90
* Going to generate test cases for class: org.joda.time.field.UnsupportedDurationField
* Starting Client-0
* Connecting to master process on port 10690
* Analyzing classpath: 
  - subjects/buggy-versions/Time-2/target/classes
  - defects4j/framework/projects/Time/lib/org/joda/joda-convert/1.2/joda-convert-1.2.jar
* Finished analyzing classpath
* Generating tests for class org.joda.time.field.UnsupportedDurationField
* Test criteria:
  - Line Coverage
  - Branch Coverage
  - Exception
  - Mutation testing (weak)
  - Method-Output Coverage
  - Top-Level Method Coverage
  - No-Exception Top-Level Method Coverage
  - Context Branch Coverage
* Total number of test goals for DYNAMOSA: 246
* Using seed 1942222910
* Starting evolution
bbc usage percentage is: 90%
* Initial Number of Goals in DynaMOSA = 136 / 246
[MASTER] 09:04:22.367 [logback-2] ERROR TestCluster - Failed to check cache for java.time.temporal.TemporalQuery<R> : Type points to itself
* Search finished after 601s and 6050 generations, 1595749 statements, best individual has fitness: 108.0
* Minimizing test suite
* Going to analyze the coverage criteria
* Coverage analysis for criterion LINE
* Coverage of criterion LINE: 95%
* Total number of goals: 41
* Number of covered goals: 39
* Coverage analysis for criterion BRANCH
* Coverage of criterion BRANCH: 88%
* Total number of goals: 34
* Number of covered goals: 30
* Coverage analysis for criterion EXCEPTION
* Coverage of criterion EXCEPTION: 100%
* Total number of goals: 35
* Number of covered goals: 35
* Coverage analysis for criterion WEAKMUTATION
* Coverage of criterion WEAKMUTATION: 90%
* Total number of goals: 29
* Number of covered goals: 26
* Coverage analysis for criterion OUTPUT
* Coverage of criterion OUTPUT: 20%
* Total number of goals: 64
* Number of covered goals: 13
* Coverage analysis for criterion METHOD
* Coverage of criterion METHOD: 100%
* Total number of goals: 22
* Number of covered goals: 22
* Coverage analysis for criterion METHODNOEXCEPTION
* Coverage of criterion METHODNOEXCEPTION: 45%
* Total number of goals: 22
* Number of covered goals: 10
* Coverage analysis for criterion CBRANCH
* Coverage of criterion CBRANCH: 88%
* Total number of goals: 34
* Number of covered goals: 30
* Generated 48 tests with total length 147
* Resulting test suite's coverage: 72% (average coverage for all fitness functions)
* Generating assertions
* Resulting test suite's mutation score: 66%
* Compiling and checking tests
[MASTER] 09:14:00.471 [logback-1] WARN  JUnitAnalyzer - EvoSuite problem: tests set up a security manager, but they do not remove it after execution
[MASTER] 09:14:09.609 [logback-1] WARN  JUnitAnalyzer - Found unstable test named test0 -> class java.lang.AssertionError: Expecting exception: IllegalArgumentException
[MASTER] 09:14:09.609 [logback-1] WARN  JUnitAnalyzer - Failing test:
 DurationFieldType durationFieldType0 = DurationFieldType.hours();
DurationField durationField0 = durationFieldType0.getField((Chronology) null);
durationField0.add(5963L, 7);

[MASTER] 09:14:09.966 [logback-1] WARN  JUnitAnalyzer - Found unstable test named test0 -> class java.lang.AssertionError: Expecting exception: IllegalArgumentException
[MASTER] 09:14:09.966 [logback-1] WARN  JUnitAnalyzer - Failing test:
 DurationFieldType durationFieldType0 = DurationFieldType.hours();
DurationField durationField0 = durationFieldType0.getField((Chronology) null);
durationField0.add((-921L), (-36L));

[MASTER] 09:14:10.339 [logback-1] WARN  JUnitAnalyzer - Found unstable test named test0 -> class java.lang.ClassCastException: org.joda.time.chrono.ZonedChronology$ZonedDurationField cannot be cast to org.joda.time.field.UnsupportedDurationField
[MASTER] 09:14:10.339 [logback-1] WARN  JUnitAnalyzer - Failing test:
 DurationFieldType durationFieldType0 = DurationFieldType.hours();
UnsupportedDurationField unsupportedDurationField0 = UnsupportedDurationField.getInstance(durationFieldType0);
DurationField durationField0 = durationFieldType0.getField((Chronology) null);
((UnsupportedDurationField) durationField0).equals(unsupportedDurationField0);

[MASTER] 09:14:11.092 [logback-1] WARN  JUnitAnalyzer - Found unstable test named test0 -> class java.lang.AssertionError: Expecting exception: IllegalArgumentException
[MASTER] 09:14:11.092 [logback-1] WARN  JUnitAnalyzer - Failing test:
 DurationFieldType durationFieldType0 = DurationFieldType.hours();
DurationField durationField0 = durationFieldType0.getField((Chronology) null);
durationField0.getDifference((-584L), (-584L));

[MASTER] 09:14:11.447 [logback-1] WARN  JUnitAnalyzer - Found unstable test named test0 -> class java.lang.AssertionError: Expecting exception: IllegalArgumentException
[MASTER] 09:14:11.447 [logback-1] WARN  JUnitAnalyzer - Failing test:
 DurationFieldType durationFieldType0 = DurationFieldType.hours();
DurationField durationField0 = durationFieldType0.getField((Chronology) null);
durationField0.getDifferenceAsLong((-921L), (-1905L));

[MASTER] 09:14:11.834 [logback-1] WARN  JUnitAnalyzer - Found unstable test named test0 -> class java.lang.AssertionError: Expecting exception: IllegalArgumentException
[MASTER] 09:14:11.834 [logback-1] WARN  JUnitAnalyzer - Failing test:
 DurationFieldType durationFieldType0 = DurationFieldType.hours();
DurationField durationField0 = durationFieldType0.getField((Chronology) null);
durationField0.getMillis((-221));

[MASTER] 09:14:12.187 [logback-1] WARN  JUnitAnalyzer - Found unstable test named test0 -> class java.lang.AssertionError: Expecting exception: IllegalArgumentException
[MASTER] 09:14:12.188 [logback-1] WARN  JUnitAnalyzer - Failing test:
 DurationFieldType durationFieldType0 = DurationFieldType.hours();
DurationField durationField0 = durationFieldType0.getField((Chronology) null);
durationField0.getMillis((-221), (-2476L));

[MASTER] 09:14:12.543 [logback-1] WARN  JUnitAnalyzer - Found unstable test named test0 -> class java.lang.AssertionError: Expecting exception: IllegalArgumentException
[MASTER] 09:14:12.543 [logback-1] WARN  JUnitAnalyzer - Failing test:
 DurationFieldType durationFieldType0 = DurationFieldType.hours();
DurationField durationField0 = durationFieldType0.getField((Chronology) null);
durationField0.getMillis(276L);

[MASTER] 09:14:12.891 [logback-1] WARN  JUnitAnalyzer - Found unstable test named test0 -> class java.lang.AssertionError: Expecting exception: IllegalArgumentException
[MASTER] 09:14:12.891 [logback-1] WARN  JUnitAnalyzer - Failing test:
 DurationFieldType durationFieldType0 = DurationFieldType.hours();
DurationField durationField0 = durationFieldType0.getField((Chronology) null);
durationField0.getMillis(5963L, 0L);

[MASTER] 09:14:13.236 [logback-1] WARN  JUnitAnalyzer - Found unstable test named test0 -> class java.lang.AssertionError: Expecting exception: IllegalArgumentException
[MASTER] 09:14:13.236 [logback-1] WARN  JUnitAnalyzer - Failing test:
 DurationFieldType durationFieldType0 = DurationFieldType.months();
DurationField durationField0 = durationFieldType0.getField((Chronology) null);
durationField0.getName();

[MASTER] 09:14:13.928 [logback-1] WARN  JUnitAnalyzer - Found unstable test named test0 -> class java.lang.AssertionError: Expecting exception: IllegalArgumentException
[MASTER] 09:14:13.928 [logback-1] WARN  JUnitAnalyzer - Failing test:
 DurationFieldType durationFieldType0 = DurationFieldType.hours();
DurationField durationField0 = durationFieldType0.getField((Chronology) null);
durationField0.getUnitMillis();

[MASTER] 09:14:14.287 [logback-1] WARN  JUnitAnalyzer - Found unstable test named test0 -> class java.lang.AssertionError: Expecting exception: IllegalArgumentException
[MASTER] 09:14:14.287 [logback-1] WARN  JUnitAnalyzer - Failing test:
 DurationFieldType durationFieldType0 = DurationFieldType.hours();
DurationField durationField0 = durationFieldType0.getField((Chronology) null);
durationField0.getValue((-1L));

[MASTER] 09:14:14.645 [logback-1] WARN  JUnitAnalyzer - Found unstable test named test0 -> class java.lang.AssertionError: Expecting exception: IllegalArgumentException
[MASTER] 09:14:14.645 [logback-1] WARN  JUnitAnalyzer - Failing test:
 DurationFieldType durationFieldType0 = DurationFieldType.hours();
DurationField durationField0 = durationFieldType0.getField((Chronology) null);
durationField0.getValue(2774L, 2774L);

[MASTER] 09:14:14.984 [logback-1] WARN  JUnitAnalyzer - Found unstable test named test0 -> class java.lang.AssertionError: Expecting exception: IllegalArgumentException
[MASTER] 09:14:14.984 [logback-1] WARN  JUnitAnalyzer - Failing test:
 DurationFieldType durationFieldType0 = DurationFieldType.hours();
DurationField durationField0 = durationFieldType0.getField((Chronology) null);
durationField0.getValueAsLong((-1232L));

[MASTER] 09:14:15.342 [logback-1] WARN  JUnitAnalyzer - Found unstable test named test0 -> class java.lang.AssertionError: Expecting exception: IllegalArgumentException
[MASTER] 09:14:15.343 [logback-1] WARN  JUnitAnalyzer - Failing test:
 DurationFieldType durationFieldType0 = DurationFieldType.hours();
DurationField durationField0 = durationFieldType0.getField((Chronology) null);
durationField0.getValueAsLong((-36L), (-36L));

[MASTER] 09:14:15.691 [logback-1] WARN  JUnitAnalyzer - Found unstable test named test0 -> class java.lang.AssertionError: Expecting exception: IllegalArgumentException
[MASTER] 09:14:15.691 [logback-1] WARN  JUnitAnalyzer - Failing test:
 DurationFieldType durationFieldType0 = DurationFieldType.hours();
DurationField durationField0 = durationFieldType0.getField((Chronology) null);
durationField0.hashCode();

[MASTER] 09:14:16.361 [logback-1] WARN  JUnitAnalyzer - Found unstable test named test0 -> class java.lang.AssertionError: Expecting exception: IllegalArgumentException
[MASTER] 09:14:16.361 [logback-1] WARN  JUnitAnalyzer - Failing test:
 DurationFieldType durationFieldType0 = DurationFieldType.hours();
DurationField durationField0 = durationFieldType0.getField((Chronology) null);
durationField0.isPrecise();

[MASTER] 09:14:16.683 [logback-1] WARN  JUnitAnalyzer - Found unstable test named test0 -> class java.lang.AssertionError: Expecting exception: IllegalArgumentException
[MASTER] 09:14:16.683 [logback-1] WARN  JUnitAnalyzer - Failing test:
 DurationFieldType durationFieldType0 = DurationFieldType.hours();
DurationField durationField0 = durationFieldType0.getField((Chronology) null);
durationField0.isSupported();

[MASTER] 09:14:17.023 [logback-1] WARN  JUnitAnalyzer - Found unstable test named test0 -> class java.lang.AssertionError: Expecting exception: IllegalArgumentException
[MASTER] 09:14:17.023 [logback-1] WARN  JUnitAnalyzer - Failing test:
 DurationFieldType durationFieldType0 = DurationFieldType.hours();
DurationField durationField0 = durationFieldType0.getField((Chronology) null);
durationField0.toString();

* Writing tests to file
* Writing JUnit test case 'UnsupportedDurationField_ESTest' to results/Time-2/org.joda.time.field.UnsupportedDurationField/BBC-F0-opt-90/tests/3
* Done!

* Computation finished
