* EvoSuite 1.1.1-SNAPSHOT
* Configuration: default
* Going to generate test cases for class: com.fasterxml.jackson.core.json.ReaderBasedJsonParser
* Starting Client-0
* Connecting to master process on port 16784
* Analyzing classpath: 
  - subjects/buggy-versions/JacksonCore-25/target/classes
* Finished analyzing classpath
* Generating tests for class com.fasterxml.jackson.core.json.ReaderBasedJsonParser
* Test criteria:
  - Line Coverage
  - Branch Coverage
  - Exception
  - Mutation testing (weak)
  - Method-Output Coverage
  - Top-Level Method Coverage
  - No-Exception Top-Level Method Coverage
  - Context Branch Coverage
* Total number of test goals for DYNAMOSA: 5457
* Using seed 3293981932
* Starting evolution
* Initial Number of Goals in DynaMOSA = 780 / 5457
[MASTER] 01:20:15.920 [logback-1] WARN  TestChromosome - Functional mock problem: org.evosuite.ga.ConstructionFailedException: Failed to add constructor for com.fasterxml.jackson.core.io.IOContext due to org.evosuite.ga.ConstructionFailedException: Failed to add constructor for com.fasterxml.jackson.core.json.ReaderBasedJsonParser due to org.evosuite.ga.ConstructionFailedException: Have no generator for class com.fasterxml.jackson.core.io.IOContext canUseFunctionalMocks=false, canBeMocked: true
[MASTER] 01:25:49.015 [logback-1] WARN  TestChromosome - Functional mock problem: org.evosuite.ga.ConstructionFailedException: Have no generator for class com.fasterxml.jackson.core.io.IOContext canUseFunctionalMocks=false, canBeMocked: true
Number of times BBC is called in total: 0
* Search finished after 604s and 1023 generations, 840289 statements, best individual has fitness: 2367.0
* Minimizing test suite
[MASTER] 01:31:21.193 [logback-1] WARN  TestSuiteMinimizer - Minimization timeout. Roll back to original test suite
* Going to analyze the coverage criteria
* Coverage analysis for criterion LINE
* Coverage of criterion LINE: 60%
* Total number of goals: 1431
* Number of covered goals: 855
* Coverage analysis for criterion BRANCH
* Coverage of criterion BRANCH: 60%
* Total number of goals: 1404
* Number of covered goals: 843
* Coverage analysis for criterion EXCEPTION
* Coverage of criterion EXCEPTION: 100%
* Total number of goals: 157
* Number of covered goals: 157
* Coverage analysis for criterion WEAKMUTATION
* Coverage of criterion WEAKMUTATION: 55%
* Total number of goals: 924
* Number of covered goals: 507
* Coverage analysis for criterion OUTPUT
* Coverage of criterion OUTPUT: 55%
* Total number of goals: 192
* Number of covered goals: 106
* Coverage analysis for criterion METHOD
* Coverage of criterion METHOD: 100%
* Total number of goals: 51
* Number of covered goals: 51
* Coverage analysis for criterion METHODNOEXCEPTION
* Coverage of criterion METHODNOEXCEPTION: 84%
* Total number of goals: 51
* Number of covered goals: 43
* Coverage analysis for criterion CBRANCH
* Coverage of criterion CBRANCH: 60%
* Total number of goals: 1404
* Number of covered goals: 838
* Generated 854 tests with total length 11557
* Resulting test suite's coverage: 66% (average coverage for all fitness functions)
* Generating assertions
[MASTER] 01:32:59.101 [logback-1] WARN  SimpleMutationAssertionGenerator - Assertion minimization is taking too long (0.7191333333333333% of time used, but only 42/854 tests minimized), falling back to using all assertions
* Resulting test suite's mutation score: 2%
* Compiling and checking tests
[MASTER] 01:33:30.519 [logback-1] WARN  TimeController - Phase ASSERTION_GENERATION lasted too long, 14 seconds more than allowed.
* Permissions denied during test execution: 
  - java.lang.RuntimePermission: 
         writeFileDescriptor: 7
* Writing tests to file
* Writing JUnit test case 'ReaderBasedJsonParser_ESTest' to results/JacksonCore-25/com.fasterxml.jackson.core.json.ReaderBasedJsonParser/default/tests/13
* Done!

* Computation finished
