JUnit version 4.12
.E...E...E.E.E.E.E...E.E..E........E.....E.E.E..E..E...E...E.E..E..E..E.......E.....E..E...E.E.E......E.E..E..E..E.E.E...E...E.E....E...E.E..
Time: 7.571
There were 41 failures:
1) test42(com.google.javascript.jscomp.TypeInference_ESTest)
org.evosuite.runtime.mock.java.lang.MockIllegalArgumentException: Multiple entries with same key: returns=NOT_IMPLEMENTED and returns=RETURN
	at com.google.common.collect.ImmutableMap.checkNoConflict(ImmutableMap.java:150)
	at com.google.common.collect.RegularImmutableMap.checkNoConflictInBucket(RegularImmutableMap.java:104)
	at com.google.common.collect.RegularImmutableMap.<init>(RegularImmutableMap.java:70)
	at com.google.common.collect.ImmutableMap$Builder.build(ImmutableMap.java:254)
	at com.google.javascript.jscomp.parsing.Config.buildAnnotationNames(Config.java:101)
	at com.google.javascript.jscomp.parsing.Config.<init>(Config.java:77)
	at com.google.javascript.jscomp.parsing.ParserRunner.createConfig(ParserRunner.java:69)
	at com.google.javascript.jscomp.Compiler.getParserConfig(Compiler.java:2106)
	at com.google.javascript.jscomp.JsAst.parse(JsAst.java:84)
	at com.google.javascript.jscomp.JsAst.getAstRoot(JsAst.java:50)
	at com.google.javascript.jscomp.CompilerInput.getAstRoot(CompilerInput.java:117)
	at com.google.javascript.jscomp.Compiler.parseTestCode(Compiler.java:1616)
	at com.google.javascript.jscomp.TypeInference_ESTest.test42(TypeInference_ESTest.java:984)
	at sun.reflect.NativeMethodAccessorImpl.invoke0(Native Method)
	at sun.reflect.NativeMethodAccessorImpl.invoke(NativeMethodAccessorImpl.java:62)
	at sun.reflect.DelegatingMethodAccessorImpl.invoke(DelegatingMethodAccessorImpl.java:43)
	at java.lang.reflect.Method.invoke(Method.java:498)
	at org.junit.runners.model.FrameworkMethod$1.runReflectiveCall(FrameworkMethod.java:50)
	at org.junit.internal.runners.model.ReflectiveCallable.run(ReflectiveCallable.java:12)
	at org.junit.runners.model.FrameworkMethod.invokeExplosively(FrameworkMethod.java:47)
	at org.junit.internal.runners.statements.InvokeMethod.evaluate(InvokeMethod.java:17)
	at org.junit.internal.runners.statements.FailOnTimeout$CallableStatement.call(FailOnTimeout.java:298)
	at org.junit.internal.runners.statements.FailOnTimeout$CallableStatement.call(FailOnTimeout.java:292)
	at java.util.concurrent.FutureTask.run(FutureTask.java:266)
	at java.lang.Thread.run(Thread.java:748)
2) test45(com.google.javascript.jscomp.TypeInference_ESTest)
java.lang.NullPointerException
	at com.google.javascript.jscomp.TypeInference.traverse(TypeInference.java:308)
	at com.google.javascript.jscomp.TypeInference.traverse(TypeInference.java:436)
	at com.google.javascript.jscomp.TypeInference.flowThrough(TypeInference.java:188)
	at com.google.javascript.jscomp.TypeInference_ESTest.test45(TypeInference_ESTest.java:1050)
	at sun.reflect.NativeMethodAccessorImpl.invoke0(Native Method)
	at sun.reflect.NativeMethodAccessorImpl.invoke(NativeMethodAccessorImpl.java:62)
	at sun.reflect.DelegatingMethodAccessorImpl.invoke(DelegatingMethodAccessorImpl.java:43)
	at java.lang.reflect.Method.invoke(Method.java:498)
	at org.junit.runners.model.FrameworkMethod$1.runReflectiveCall(FrameworkMethod.java:50)
	at org.junit.internal.runners.model.ReflectiveCallable.run(ReflectiveCallable.java:12)
	at org.junit.runners.model.FrameworkMethod.invokeExplosively(FrameworkMethod.java:47)
	at org.junit.internal.runners.statements.InvokeMethod.evaluate(InvokeMethod.java:17)
	at org.junit.internal.runners.statements.FailOnTimeout$CallableStatement.call(FailOnTimeout.java:298)
	at org.junit.internal.runners.statements.FailOnTimeout$CallableStatement.call(FailOnTimeout.java:292)
	at java.util.concurrent.FutureTask.run(FutureTask.java:266)
	at java.lang.Thread.run(Thread.java:748)
3) test48(com.google.javascript.jscomp.TypeInference_ESTest)
org.evosuite.runtime.mock.java.lang.MockIllegalStateException: 104
	at com.google.javascript.rhino.Token.name(Token.java:287)
	at com.google.javascript.rhino.Node.toString(Node.java:951)
	at com.google.javascript.rhino.Node.toString(Node.java:942)
	at com.google.javascript.rhino.Node.toString(Node.java:934)
	at java.lang.String.valueOf(String.java:2994)
	at java.lang.StringBuilder.append(StringBuilder.java:131)
	at com.google.javascript.jscomp.graph.Graph.getNodeOrFail(Graph.java:222)
	at com.google.javascript.jscomp.graph.LinkedDirectedGraph.getOutEdges(LinkedDirectedGraph.java:129)
	at com.google.javascript.jscomp.TypeInference.branchedFlowThrough(TypeInference.java:205)
	at com.google.javascript.jscomp.TypeInference_ESTest.test48(TypeInference_ESTest.java:1116)
	at sun.reflect.NativeMethodAccessorImpl.invoke0(Native Method)
	at sun.reflect.NativeMethodAccessorImpl.invoke(NativeMethodAccessorImpl.java:62)
	at sun.reflect.DelegatingMethodAccessorImpl.invoke(DelegatingMethodAccessorImpl.java:43)
	at java.lang.reflect.Method.invoke(Method.java:498)
	at org.junit.runners.model.FrameworkMethod$1.runReflectiveCall(FrameworkMethod.java:50)
	at org.junit.internal.runners.model.ReflectiveCallable.run(ReflectiveCallable.java:12)
	at org.junit.runners.model.FrameworkMethod.invokeExplosively(FrameworkMethod.java:47)
	at org.junit.internal.runners.statements.InvokeMethod.evaluate(InvokeMethod.java:17)
	at org.junit.internal.runners.statements.FailOnTimeout$CallableStatement.call(FailOnTimeout.java:298)
	at org.junit.internal.runners.statements.FailOnTimeout$CallableStatement.call(FailOnTimeout.java:292)
	at java.util.concurrent.FutureTask.run(FutureTask.java:266)
	at java.lang.Thread.run(Thread.java:748)
4) test49(com.google.javascript.jscomp.TypeInference_ESTest)
java.lang.NullPointerException
	at com.google.javascript.jscomp.TypeInference.traverseHook(TypeInference.java:835)
	at com.google.javascript.jscomp.TypeInference.traverse(TypeInference.java:332)
	at com.google.javascript.jscomp.TypeInference.flowThrough(TypeInference.java:188)
	at com.google.javascript.jscomp.TypeInference.branchedFlowThrough(TypeInference.java:200)
	at com.google.javascript.jscomp.TypeInference_ESTest.test49(TypeInference_ESTest.java:1144)
	at sun.reflect.NativeMethodAccessorImpl.invoke0(Native Method)
	at sun.reflect.NativeMethodAccessorImpl.invoke(NativeMethodAccessorImpl.java:62)
	at sun.reflect.DelegatingMethodAccessorImpl.invoke(DelegatingMethodAccessorImpl.java:43)
	at java.lang.reflect.Method.invoke(Method.java:498)
	at org.junit.runners.model.FrameworkMethod$1.runReflectiveCall(FrameworkMethod.java:50)
	at org.junit.internal.runners.model.ReflectiveCallable.run(ReflectiveCallable.java:12)
	at org.junit.runners.model.FrameworkMethod.invokeExplosively(FrameworkMethod.java:47)
	at org.junit.internal.runners.statements.InvokeMethod.evaluate(InvokeMethod.java:17)
	at org.junit.internal.runners.statements.FailOnTimeout$CallableStatement.call(FailOnTimeout.java:298)
	at org.junit.internal.runners.statements.FailOnTimeout$CallableStatement.call(FailOnTimeout.java:292)
	at java.util.concurrent.FutureTask.run(FutureTask.java:266)
	at java.lang.Thread.run(Thread.java:748)
5) test40(com.google.javascript.jscomp.TypeInference_ESTest)
org.evosuite.runtime.mock.java.lang.MockIllegalArgumentException: FOR 37 does not exist in graph
	at com.google.javascript.jscomp.graph.Graph.getNodeOrFail(Graph.java:222)
	at com.google.javascript.jscomp.graph.LinkedDirectedGraph.getOutEdges(LinkedDirectedGraph.java:129)
	at com.google.javascript.jscomp.TypeInference.branchedFlowThrough(TypeInference.java:205)
	at com.google.javascript.jscomp.TypeInference_ESTest.test40(TypeInference_ESTest.java:937)
	at sun.reflect.NativeMethodAccessorImpl.invoke0(Native Method)
	at sun.reflect.NativeMethodAccessorImpl.invoke(NativeMethodAccessorImpl.java:62)
	at sun.reflect.DelegatingMethodAccessorImpl.invoke(DelegatingMethodAccessorImpl.java:43)
	at java.lang.reflect.Method.invoke(Method.java:498)
	at org.junit.runners.model.FrameworkMethod$1.runReflectiveCall(FrameworkMethod.java:50)
	at org.junit.internal.runners.model.ReflectiveCallable.run(ReflectiveCallable.java:12)
	at org.junit.runners.model.FrameworkMethod.invokeExplosively(FrameworkMethod.java:47)
	at org.junit.internal.runners.statements.InvokeMethod.evaluate(InvokeMethod.java:17)
	at org.junit.internal.runners.statements.FailOnTimeout$CallableStatement.call(FailOnTimeout.java:298)
	at org.junit.internal.runners.statements.FailOnTimeout$CallableStatement.call(FailOnTimeout.java:292)
	at java.util.concurrent.FutureTask.run(FutureTask.java:266)
	at java.lang.Thread.run(Thread.java:748)
6) test41(com.google.javascript.jscomp.TypeInference_ESTest)
org.evosuite.runtime.mock.java.lang.MockIllegalArgumentException: DO 155 does not exist in graph
	at com.google.javascript.jscomp.graph.Graph.getNodeOrFail(Graph.java:222)
	at com.google.javascript.jscomp.graph.LinkedDirectedGraph.getOutEdges(LinkedDirectedGraph.java:129)
	at com.google.javascript.jscomp.TypeInference.branchedFlowThrough(TypeInference.java:205)
	at com.google.javascript.jscomp.TypeInference_ESTest.test41(TypeInference_ESTest.java:965)
	at sun.reflect.NativeMethodAccessorImpl.invoke0(Native Method)
	at sun.reflect.NativeMethodAccessorImpl.invoke(NativeMethodAccessorImpl.java:62)
	at sun.reflect.DelegatingMethodAccessorImpl.invoke(DelegatingMethodAccessorImpl.java:43)
	at java.lang.reflect.Method.invoke(Method.java:498)
	at org.junit.runners.model.FrameworkMethod$1.runReflectiveCall(FrameworkMethod.java:50)
	at org.junit.internal.runners.model.ReflectiveCallable.run(ReflectiveCallable.java:12)
	at org.junit.runners.model.FrameworkMethod.invokeExplosively(FrameworkMethod.java:47)
	at org.junit.internal.runners.statements.InvokeMethod.evaluate(InvokeMethod.java:17)
	at org.junit.internal.runners.statements.FailOnTimeout$CallableStatement.call(FailOnTimeout.java:298)
	at org.junit.internal.runners.statements.FailOnTimeout$CallableStatement.call(FailOnTimeout.java:292)
	at java.util.concurrent.FutureTask.run(FutureTask.java:266)
	at java.lang.Thread.run(Thread.java:748)
7) test53(com.google.javascript.jscomp.TypeInference_ESTest)
org.evosuite.runtime.mock.java.lang.MockIllegalArgumentException: ASSIGN_URSH : number does not exist in graph
	at com.google.javascript.jscomp.graph.Graph.getNodeOrFail(Graph.java:222)
	at com.google.javascript.jscomp.graph.LinkedDirectedGraph.getOutEdges(LinkedDirectedGraph.java:129)
	at com.google.javascript.jscomp.TypeInference.branchedFlowThrough(TypeInference.java:205)
	at com.google.javascript.jscomp.TypeInference_ESTest.test53(TypeInference_ESTest.java:1229)
	at sun.reflect.NativeMethodAccessorImpl.invoke0(Native Method)
	at sun.reflect.NativeMethodAccessorImpl.invoke(NativeMethodAccessorImpl.java:62)
	at sun.reflect.DelegatingMethodAccessorImpl.invoke(DelegatingMethodAccessorImpl.java:43)
	at java.lang.reflect.Method.invoke(Method.java:498)
	at org.junit.runners.model.FrameworkMethod$1.runReflectiveCall(FrameworkMethod.java:50)
	at org.junit.internal.runners.model.ReflectiveCallable.run(ReflectiveCallable.java:12)
	at org.junit.runners.model.FrameworkMethod.invokeExplosively(FrameworkMethod.java:47)
	at org.junit.internal.runners.statements.InvokeMethod.evaluate(InvokeMethod.java:17)
	at org.junit.internal.runners.statements.FailOnTimeout$CallableStatement.call(FailOnTimeout.java:298)
	at org.junit.internal.runners.statements.FailOnTimeout$CallableStatement.call(FailOnTimeout.java:292)
	at java.util.concurrent.FutureTask.run(FutureTask.java:266)
	at java.lang.Thread.run(Thread.java:748)
8) test56(com.google.javascript.jscomp.TypeInference_ESTest)
java.lang.NullPointerException
	at com.google.javascript.jscomp.TypeInference.traverse(TypeInference.java:308)
	at com.google.javascript.jscomp.TypeInference.traverse(TypeInference.java:394)
	at com.google.javascript.jscomp.TypeInference.flowThrough(TypeInference.java:188)
	at com.google.javascript.jscomp.TypeInference_ESTest.test56(TypeInference_ESTest.java:1297)
	at sun.reflect.NativeMethodAccessorImpl.invoke0(Native Method)
	at sun.reflect.NativeMethodAccessorImpl.invoke(NativeMethodAccessorImpl.java:62)
	at sun.reflect.DelegatingMethodAccessorImpl.invoke(DelegatingMethodAccessorImpl.java:43)
	at java.lang.reflect.Method.invoke(Method.java:498)
	at org.junit.runners.model.FrameworkMethod$1.runReflectiveCall(FrameworkMethod.java:50)
	at org.junit.internal.runners.model.ReflectiveCallable.run(ReflectiveCallable.java:12)
	at org.junit.runners.model.FrameworkMethod.invokeExplosively(FrameworkMethod.java:47)
	at org.junit.internal.runners.statements.InvokeMethod.evaluate(InvokeMethod.java:17)
	at org.junit.internal.runners.statements.FailOnTimeout$CallableStatement.call(FailOnTimeout.java:298)
	at org.junit.internal.runners.statements.FailOnTimeout$CallableStatement.call(FailOnTimeout.java:292)
	at java.util.concurrent.FutureTask.run(FutureTask.java:266)
	at java.lang.Thread.run(Thread.java:748)
9) test57(com.google.javascript.jscomp.TypeInference_ESTest)
org.evosuite.runtime.mock.java.lang.MockIllegalStateException: 80
	at com.google.javascript.rhino.Token.name(Token.java:287)
	at com.google.javascript.rhino.Node.toString(Node.java:951)
	at com.google.javascript.rhino.Node.toString(Node.java:942)
	at com.google.javascript.rhino.Node.toString(Node.java:934)
	at java.lang.String.valueOf(String.java:2994)
	at java.lang.StringBuilder.append(StringBuilder.java:131)
	at com.google.javascript.jscomp.graph.Graph.getNodeOrFail(Graph.java:222)
	at com.google.javascript.jscomp.graph.LinkedDirectedGraph.getOutEdges(LinkedDirectedGraph.java:129)
	at com.google.javascript.jscomp.TypeInference.branchedFlowThrough(TypeInference.java:205)
	at com.google.javascript.jscomp.TypeInference_ESTest.test57(TypeInference_ESTest.java:1325)
	at sun.reflect.NativeMethodAccessorImpl.invoke0(Native Method)
	at sun.reflect.NativeMethodAccessorImpl.invoke(NativeMethodAccessorImpl.java:62)
	at sun.reflect.DelegatingMethodAccessorImpl.invoke(DelegatingMethodAccessorImpl.java:43)
	at java.lang.reflect.Method.invoke(Method.java:498)
	at org.junit.runners.model.FrameworkMethod$1.runReflectiveCall(FrameworkMethod.java:50)
	at org.junit.internal.runners.model.ReflectiveCallable.run(ReflectiveCallable.java:12)
	at org.junit.runners.model.FrameworkMethod.invokeExplosively(FrameworkMethod.java:47)
	at org.junit.internal.runners.statements.InvokeMethod.evaluate(InvokeMethod.java:17)
	at org.junit.internal.runners.statements.FailOnTimeout$CallableStatement.call(FailOnTimeout.java:298)
	at org.junit.internal.runners.statements.FailOnTimeout$CallableStatement.call(FailOnTimeout.java:292)
	at java.util.concurrent.FutureTask.run(FutureTask.java:266)
	at java.lang.Thread.run(Thread.java:748)
10) test59(com.google.javascript.jscomp.TypeInference_ESTest)
org.evosuite.runtime.mock.java.lang.MockIllegalArgumentException: TRY does not exist in graph
	at com.google.javascript.jscomp.graph.Graph.getNodeOrFail(Graph.java:222)
	at com.google.javascript.jscomp.graph.LinkedDirectedGraph.getOutEdges(LinkedDirectedGraph.java:129)
	at com.google.javascript.jscomp.TypeInference.branchedFlowThrough(TypeInference.java:205)
	at com.google.javascript.jscomp.TypeInference_ESTest.test59(TypeInference_ESTest.java:1372)
	at sun.reflect.NativeMethodAccessorImpl.invoke0(Native Method)
	at sun.reflect.NativeMethodAccessorImpl.invoke(NativeMethodAccessorImpl.java:62)
	at sun.reflect.DelegatingMethodAccessorImpl.invoke(DelegatingMethodAccessorImpl.java:43)
	at java.lang.reflect.Method.invoke(Method.java:498)
	at org.junit.runners.model.FrameworkMethod$1.runReflectiveCall(FrameworkMethod.java:50)
	at org.junit.internal.runners.model.ReflectiveCallable.run(ReflectiveCallable.java:12)
	at org.junit.runners.model.FrameworkMethod.invokeExplosively(FrameworkMethod.java:47)
	at org.junit.internal.runners.statements.InvokeMethod.evaluate(InvokeMethod.java:17)
	at org.junit.internal.runners.statements.FailOnTimeout$CallableStatement.call(FailOnTimeout.java:298)
	at org.junit.internal.runners.statements.FailOnTimeout$CallableStatement.call(FailOnTimeout.java:292)
	at java.util.concurrent.FutureTask.run(FutureTask.java:266)
	at java.lang.Thread.run(Thread.java:748)
11) test68(com.google.javascript.jscomp.TypeInference_ESTest)
org.evosuite.runtime.mock.java.lang.MockIllegalStateException: 54
	at com.google.javascript.rhino.Token.name(Token.java:287)
	at com.google.javascript.rhino.Node.toString(Node.java:951)
	at com.google.javascript.rhino.Node.toString(Node.java:942)
	at com.google.javascript.rhino.Node.toString(Node.java:934)
	at java.lang.String.valueOf(String.java:2994)
	at java.lang.StringBuilder.append(StringBuilder.java:131)
	at com.google.javascript.jscomp.graph.Graph.getNodeOrFail(Graph.java:222)
	at com.google.javascript.jscomp.graph.LinkedDirectedGraph.getOutEdges(LinkedDirectedGraph.java:129)
	at com.google.javascript.jscomp.TypeInference.branchedFlowThrough(TypeInference.java:205)
	at com.google.javascript.jscomp.TypeInference_ESTest.test68(TypeInference_ESTest.java:1556)
	at sun.reflect.NativeMethodAccessorImpl.invoke0(Native Method)
	at sun.reflect.NativeMethodAccessorImpl.invoke(NativeMethodAccessorImpl.java:62)
	at sun.reflect.DelegatingMethodAccessorImpl.invoke(DelegatingMethodAccessorImpl.java:43)
	at java.lang.reflect.Method.invoke(Method.java:498)
	at org.junit.runners.model.FrameworkMethod$1.runReflectiveCall(FrameworkMethod.java:50)
	at org.junit.internal.runners.model.ReflectiveCallable.run(ReflectiveCallable.java:12)
	at org.junit.runners.model.FrameworkMethod.invokeExplosively(FrameworkMethod.java:47)
	at org.junit.internal.runners.statements.InvokeMethod.evaluate(InvokeMethod.java:17)
	at org.junit.internal.runners.statements.FailOnTimeout$CallableStatement.call(FailOnTimeout.java:298)
	at org.junit.internal.runners.statements.FailOnTimeout$CallableStatement.call(FailOnTimeout.java:292)
	at java.util.concurrent.FutureTask.run(FutureTask.java:266)
	at java.lang.Thread.run(Thread.java:748)
12) test63(com.google.javascript.jscomp.TypeInference_ESTest)
org.evosuite.runtime.mock.java.lang.MockNullPointerException
	at com.google.common.base.Preconditions.checkNotNull(Preconditions.java:192)
	at com.google.javascript.jscomp.TypeInference.traverseObjectLiteral(TypeInference.java:743)
	at com.google.javascript.jscomp.TypeInference.traverse(TypeInference.java:336)
	at com.google.javascript.jscomp.TypeInference.flowThrough(TypeInference.java:188)
	at com.google.javascript.jscomp.TypeInference.branchedFlowThrough(TypeInference.java:200)
	at com.google.javascript.jscomp.TypeInference_ESTest.test63(TypeInference_ESTest.java:1455)
	at sun.reflect.NativeMethodAccessorImpl.invoke0(Native Method)
	at sun.reflect.NativeMethodAccessorImpl.invoke(NativeMethodAccessorImpl.java:62)
	at sun.reflect.DelegatingMethodAccessorImpl.invoke(DelegatingMethodAccessorImpl.java:43)
	at java.lang.reflect.Method.invoke(Method.java:498)
	at org.junit.runners.model.FrameworkMethod$1.runReflectiveCall(FrameworkMethod.java:50)
	at org.junit.internal.runners.model.ReflectiveCallable.run(ReflectiveCallable.java:12)
	at org.junit.runners.model.FrameworkMethod.invokeExplosively(FrameworkMethod.java:47)
	at org.junit.internal.runners.statements.InvokeMethod.evaluate(InvokeMethod.java:17)
	at org.junit.internal.runners.statements.FailOnTimeout$CallableStatement.call(FailOnTimeout.java:298)
	at org.junit.internal.runners.statements.FailOnTimeout$CallableStatement.call(FailOnTimeout.java:292)
	at java.util.concurrent.FutureTask.run(FutureTask.java:266)
	at java.lang.Thread.run(Thread.java:748)
13) test75(com.google.javascript.jscomp.TypeInference_ESTest)
org.evosuite.runtime.mock.java.lang.MockIllegalArgumentException: SHEQ : boolean does not exist in graph
	at com.google.javascript.jscomp.graph.Graph.getNodeOrFail(Graph.java:222)
	at com.google.javascript.jscomp.graph.LinkedDirectedGraph.getOutEdges(LinkedDirectedGraph.java:129)
	at com.google.javascript.jscomp.TypeInference.branchedFlowThrough(TypeInference.java:205)
	at com.google.javascript.jscomp.TypeInference_ESTest.test75(TypeInference_ESTest.java:1717)
	at sun.reflect.NativeMethodAccessorImpl.invoke0(Native Method)
	at sun.reflect.NativeMethodAccessorImpl.invoke(NativeMethodAccessorImpl.java:62)
	at sun.reflect.DelegatingMethodAccessorImpl.invoke(DelegatingMethodAccessorImpl.java:43)
	at java.lang.reflect.Method.invoke(Method.java:498)
	at org.junit.runners.model.FrameworkMethod$1.runReflectiveCall(FrameworkMethod.java:50)
	at org.junit.internal.runners.model.ReflectiveCallable.run(ReflectiveCallable.java:12)
	at org.junit.runners.model.FrameworkMethod.invokeExplosively(FrameworkMethod.java:47)
	at org.junit.internal.runners.statements.InvokeMethod.evaluate(InvokeMethod.java:17)
	at org.junit.internal.runners.statements.FailOnTimeout$CallableStatement.call(FailOnTimeout.java:298)
	at org.junit.internal.runners.statements.FailOnTimeout$CallableStatement.call(FailOnTimeout.java:292)
	at java.util.concurrent.FutureTask.run(FutureTask.java:266)
	at java.lang.Thread.run(Thread.java:748)
14) test76(com.google.javascript.jscomp.TypeInference_ESTest)
org.evosuite.runtime.mock.java.lang.MockIllegalArgumentException: FALSE does not exist in graph
	at com.google.javascript.jscomp.graph.Graph.getNodeOrFail(Graph.java:222)
	at com.google.javascript.jscomp.graph.LinkedDirectedGraph.getOutEdges(LinkedDirectedGraph.java:129)
	at com.google.javascript.jscomp.TypeInference.branchedFlowThrough(TypeInference.java:205)
	at com.google.javascript.jscomp.TypeInference_ESTest.test76(TypeInference_ESTest.java:1745)
	at sun.reflect.NativeMethodAccessorImpl.invoke0(Native Method)
	at sun.reflect.NativeMethodAccessorImpl.invoke(NativeMethodAccessorImpl.java:62)
	at sun.reflect.DelegatingMethodAccessorImpl.invoke(DelegatingMethodAccessorImpl.java:43)
	at java.lang.reflect.Method.invoke(Method.java:498)
	at org.junit.runners.model.FrameworkMethod$1.runReflectiveCall(FrameworkMethod.java:50)
	at org.junit.internal.runners.model.ReflectiveCallable.run(ReflectiveCallable.java:12)
	at org.junit.runners.model.FrameworkMethod.invokeExplosively(FrameworkMethod.java:47)
	at org.junit.internal.runners.statements.InvokeMethod.evaluate(InvokeMethod.java:17)
	at org.junit.internal.runners.statements.FailOnTimeout$CallableStatement.call(FailOnTimeout.java:298)
	at org.junit.internal.runners.statements.FailOnTimeout$CallableStatement.call(FailOnTimeout.java:292)
	at java.util.concurrent.FutureTask.run(FutureTask.java:266)
	at java.lang.Thread.run(Thread.java:748)
15) test78(com.google.javascript.jscomp.TypeInference_ESTest)
org.evosuite.runtime.mock.java.lang.MockIllegalArgumentException: NULL  2 does not exist in graph
	at com.google.javascript.jscomp.graph.Graph.getNodeOrFail(Graph.java:222)
	at com.google.javascript.jscomp.graph.LinkedDirectedGraph.getOutEdges(LinkedDirectedGraph.java:129)
	at com.google.javascript.jscomp.TypeInference.branchedFlowThrough(TypeInference.java:205)
	at com.google.javascript.jscomp.TypeInference_ESTest.test78(TypeInference_ESTest.java:1793)
	at sun.reflect.NativeMethodAccessorImpl.invoke0(Native Method)
	at sun.reflect.NativeMethodAccessorImpl.invoke(NativeMethodAccessorImpl.java:62)
	at sun.reflect.DelegatingMethodAccessorImpl.invoke(DelegatingMethodAccessorImpl.java:43)
	at java.lang.reflect.Method.invoke(Method.java:498)
	at org.junit.runners.model.FrameworkMethod$1.runReflectiveCall(FrameworkMethod.java:50)
	at org.junit.internal.runners.model.ReflectiveCallable.run(ReflectiveCallable.java:12)
	at org.junit.runners.model.FrameworkMethod.invokeExplosively(FrameworkMethod.java:47)
	at org.junit.internal.runners.statements.InvokeMethod.evaluate(InvokeMethod.java:17)
	at org.junit.internal.runners.statements.FailOnTimeout$CallableStatement.call(FailOnTimeout.java:298)
	at org.junit.internal.runners.statements.FailOnTimeout$CallableStatement.call(FailOnTimeout.java:292)
	at java.util.concurrent.FutureTask.run(FutureTask.java:266)
	at java.lang.Thread.run(Thread.java:748)
16) test70(com.google.javascript.jscomp.TypeInference_ESTest)
org.evosuite.runtime.mock.java.lang.MockIllegalArgumentException: IN 0 : boolean does not exist in graph
	at com.google.javascript.jscomp.graph.Graph.getNodeOrFail(Graph.java:222)
	at com.google.javascript.jscomp.graph.LinkedDirectedGraph.getOutEdges(LinkedDirectedGraph.java:129)
	at com.google.javascript.jscomp.TypeInference.branchedFlowThrough(TypeInference.java:205)
	at com.google.javascript.jscomp.TypeInference_ESTest.test70(TypeInference_ESTest.java:1604)
	at sun.reflect.NativeMethodAccessorImpl.invoke0(Native Method)
	at sun.reflect.NativeMethodAccessorImpl.invoke(NativeMethodAccessorImpl.java:62)
	at sun.reflect.DelegatingMethodAccessorImpl.invoke(DelegatingMethodAccessorImpl.java:43)
	at java.lang.reflect.Method.invoke(Method.java:498)
	at org.junit.runners.model.FrameworkMethod$1.runReflectiveCall(FrameworkMethod.java:50)
	at org.junit.internal.runners.model.ReflectiveCallable.run(ReflectiveCallable.java:12)
	at org.junit.runners.model.FrameworkMethod.invokeExplosively(FrameworkMethod.java:47)
	at org.junit.internal.runners.statements.InvokeMethod.evaluate(InvokeMethod.java:17)
	at org.junit.internal.runners.statements.FailOnTimeout$CallableStatement.call(FailOnTimeout.java:298)
	at org.junit.internal.runners.statements.FailOnTimeout$CallableStatement.call(FailOnTimeout.java:292)
	at java.util.concurrent.FutureTask.run(FutureTask.java:266)
	at java.lang.Thread.run(Thread.java:748)
17) test73(com.google.javascript.jscomp.TypeInference_ESTest)
org.evosuite.runtime.mock.java.lang.MockIllegalStateException: 48
	at com.google.javascript.rhino.Token.name(Token.java:287)
	at com.google.javascript.rhino.Node.toString(Node.java:951)
	at com.google.javascript.rhino.Node.toString(Node.java:942)
	at com.google.javascript.rhino.Node.toString(Node.java:934)
	at java.lang.String.valueOf(String.java:2994)
	at java.lang.StringBuilder.append(StringBuilder.java:131)
	at com.google.javascript.jscomp.graph.Graph.getNodeOrFail(Graph.java:222)
	at com.google.javascript.jscomp.graph.LinkedDirectedGraph.getOutEdges(LinkedDirectedGraph.java:129)
	at com.google.javascript.jscomp.TypeInference.branchedFlowThrough(TypeInference.java:205)
	at com.google.javascript.jscomp.TypeInference_ESTest.test73(TypeInference_ESTest.java:1670)
	at sun.reflect.NativeMethodAccessorImpl.invoke0(Native Method)
	at sun.reflect.NativeMethodAccessorImpl.invoke(NativeMethodAccessorImpl.java:62)
	at sun.reflect.DelegatingMethodAccessorImpl.invoke(DelegatingMethodAccessorImpl.java:43)
	at java.lang.reflect.Method.invoke(Method.java:498)
	at org.junit.runners.model.FrameworkMethod$1.runReflectiveCall(FrameworkMethod.java:50)
	at org.junit.internal.runners.model.ReflectiveCallable.run(ReflectiveCallable.java:12)
	at org.junit.runners.model.FrameworkMethod.invokeExplosively(FrameworkMethod.java:47)
	at org.junit.internal.runners.statements.InvokeMethod.evaluate(InvokeMethod.java:17)
	at org.junit.internal.runners.statements.FailOnTimeout$CallableStatement.call(FailOnTimeout.java:298)
	at org.junit.internal.runners.statements.FailOnTimeout$CallableStatement.call(FailOnTimeout.java:292)
	at java.util.concurrent.FutureTask.run(FutureTask.java:266)
	at java.lang.Thread.run(Thread.java:748)
18) test87(com.google.javascript.jscomp.TypeInference_ESTest)
java.lang.NullPointerException
	at com.google.javascript.jscomp.TypeInference.traverse(TypeInference.java:308)
	at com.google.javascript.jscomp.TypeInference.traverse(TypeInference.java:354)
	at com.google.javascript.jscomp.TypeInference.flowThrough(TypeInference.java:188)
	at com.google.javascript.jscomp.TypeInference.branchedFlowThrough(TypeInference.java:200)
	at com.google.javascript.jscomp.TypeInference_ESTest.test87(TypeInference_ESTest.java:1979)
	at sun.reflect.NativeMethodAccessorImpl.invoke0(Native Method)
	at sun.reflect.NativeMethodAccessorImpl.invoke(NativeMethodAccessorImpl.java:62)
	at sun.reflect.DelegatingMethodAccessorImpl.invoke(DelegatingMethodAccessorImpl.java:43)
	at java.lang.reflect.Method.invoke(Method.java:498)
	at org.junit.runners.model.FrameworkMethod$1.runReflectiveCall(FrameworkMethod.java:50)
	at org.junit.internal.runners.model.ReflectiveCallable.run(ReflectiveCallable.java:12)
	at org.junit.runners.model.FrameworkMethod.invokeExplosively(FrameworkMethod.java:47)
	at org.junit.internal.runners.statements.InvokeMethod.evaluate(InvokeMethod.java:17)
	at org.junit.internal.runners.statements.FailOnTimeout$CallableStatement.call(FailOnTimeout.java:298)
	at org.junit.internal.runners.statements.FailOnTimeout$CallableStatement.call(FailOnTimeout.java:292)
	at java.util.concurrent.FutureTask.run(FutureTask.java:266)
	at java.lang.Thread.run(Thread.java:748)
19) test00(com.google.javascript.jscomp.TypeInference_ESTest)
java.lang.NullPointerException
	at com.google.javascript.jscomp.TypeInference.getBooleanOutcomes(TypeInference.java:1494)
	at com.google.javascript.jscomp.TypeInference_ESTest.test00(TypeInference_ESTest.java:47)
	at sun.reflect.NativeMethodAccessorImpl.invoke0(Native Method)
	at sun.reflect.NativeMethodAccessorImpl.invoke(NativeMethodAccessorImpl.java:62)
	at sun.reflect.DelegatingMethodAccessorImpl.invoke(DelegatingMethodAccessorImpl.java:43)
	at java.lang.reflect.Method.invoke(Method.java:498)
	at org.junit.runners.model.FrameworkMethod$1.runReflectiveCall(FrameworkMethod.java:50)
	at org.junit.internal.runners.model.ReflectiveCallable.run(ReflectiveCallable.java:12)
	at org.junit.runners.model.FrameworkMethod.invokeExplosively(FrameworkMethod.java:47)
	at org.junit.internal.runners.statements.InvokeMethod.evaluate(InvokeMethod.java:17)
	at org.junit.internal.runners.statements.FailOnTimeout$CallableStatement.call(FailOnTimeout.java:298)
	at org.junit.internal.runners.statements.FailOnTimeout$CallableStatement.call(FailOnTimeout.java:292)
	at java.util.concurrent.FutureTask.run(FutureTask.java:266)
	at java.lang.Thread.run(Thread.java:748)
20) test01(com.google.javascript.jscomp.TypeInference_ESTest)
java.lang.UnsupportedOperationException: NAME 2 is not a string node
	at com.google.javascript.rhino.Node.getString(Node.java:915)
	at com.google.javascript.jscomp.TypeInference.traverseName(TypeInference.java:680)
	at com.google.javascript.jscomp.TypeInference.traverse(TypeInference.java:314)
	at com.google.javascript.jscomp.TypeInference.flowThrough(TypeInference.java:188)
	at com.google.javascript.jscomp.TypeInference_ESTest.test01(TypeInference_ESTest.java:74)
	at sun.reflect.NativeMethodAccessorImpl.invoke0(Native Method)
	at sun.reflect.NativeMethodAccessorImpl.invoke(NativeMethodAccessorImpl.java:62)
	at sun.reflect.DelegatingMethodAccessorImpl.invoke(DelegatingMethodAccessorImpl.java:43)
	at java.lang.reflect.Method.invoke(Method.java:498)
	at org.junit.runners.model.FrameworkMethod$1.runReflectiveCall(FrameworkMethod.java:50)
	at org.junit.internal.runners.model.ReflectiveCallable.run(ReflectiveCallable.java:12)
	at org.junit.runners.model.FrameworkMethod.invokeExplosively(FrameworkMethod.java:47)
	at org.junit.internal.runners.statements.InvokeMethod.evaluate(InvokeMethod.java:17)
	at org.junit.internal.runners.statements.FailOnTimeout$CallableStatement.call(FailOnTimeout.java:298)
	at org.junit.internal.runners.statements.FailOnTimeout$CallableStatement.call(FailOnTimeout.java:292)
	at java.util.concurrent.FutureTask.run(FutureTask.java:266)
	at java.lang.Thread.run(Thread.java:748)
21) test02(com.google.javascript.jscomp.TypeInference_ESTest)
java.lang.NullPointerException
	at com.google.javascript.jscomp.TypeInference.inferArguments(TypeInference.java:126)
	at com.google.javascript.jscomp.TypeInference.<init>(TypeInference.java:98)
	at com.google.javascript.jscomp.TypeInference_ESTest.test02(TypeInference_ESTest.java:99)
	at sun.reflect.NativeMethodAccessorImpl.invoke0(Native Method)
	at sun.reflect.NativeMethodAccessorImpl.invoke(NativeMethodAccessorImpl.java:62)
	at sun.reflect.DelegatingMethodAccessorImpl.invoke(DelegatingMethodAccessorImpl.java:43)
	at java.lang.reflect.Method.invoke(Method.java:498)
	at org.junit.runners.model.FrameworkMethod$1.runReflectiveCall(FrameworkMethod.java:50)
	at org.junit.internal.runners.model.ReflectiveCallable.run(ReflectiveCallable.java:12)
	at org.junit.runners.model.FrameworkMethod.invokeExplosively(FrameworkMethod.java:47)
	at org.junit.internal.runners.statements.InvokeMethod.evaluate(InvokeMethod.java:17)
	at org.junit.internal.runners.statements.FailOnTimeout$CallableStatement.call(FailOnTimeout.java:298)
	at org.junit.internal.runners.statements.FailOnTimeout$CallableStatement.call(FailOnTimeout.java:292)
	at java.util.concurrent.FutureTask.run(FutureTask.java:266)
	at java.lang.Thread.run(Thread.java:748)
22) test04(com.google.javascript.jscomp.TypeInference_ESTest)
java.lang.NullPointerException
	at com.google.javascript.jscomp.TypeInference.getJSType(TypeInference.java:1591)
	at com.google.javascript.jscomp.TypeInference.traverseCall(TypeInference.java:871)
	at com.google.javascript.jscomp.TypeInference.traverse(TypeInference.java:340)
	at com.google.javascript.jscomp.TypeInference.flowThrough(TypeInference.java:188)
	at com.google.javascript.jscomp.TypeInference.branchedFlowThrough(TypeInference.java:200)
	at com.google.javascript.jscomp.TypeInference_ESTest.test04(TypeInference_ESTest.java:145)
	at sun.reflect.NativeMethodAccessorImpl.invoke0(Native Method)
	at sun.reflect.NativeMethodAccessorImpl.invoke(NativeMethodAccessorImpl.java:62)
	at sun.reflect.DelegatingMethodAccessorImpl.invoke(DelegatingMethodAccessorImpl.java:43)
	at java.lang.reflect.Method.invoke(Method.java:498)
	at org.junit.runners.model.FrameworkMethod$1.runReflectiveCall(FrameworkMethod.java:50)
	at org.junit.internal.runners.model.ReflectiveCallable.run(ReflectiveCallable.java:12)
	at org.junit.runners.model.FrameworkMethod.invokeExplosively(FrameworkMethod.java:47)
	at org.junit.internal.runners.statements.InvokeMethod.evaluate(InvokeMethod.java:17)
	at org.junit.internal.runners.statements.FailOnTimeout$CallableStatement.call(FailOnTimeout.java:298)
	at org.junit.internal.runners.statements.FailOnTimeout$CallableStatement.call(FailOnTimeout.java:292)
	at java.util.concurrent.FutureTask.run(FutureTask.java:266)
	at java.lang.Thread.run(Thread.java:748)
23) test81(com.google.javascript.jscomp.TypeInference_ESTest)
java.lang.UnsupportedOperationException: NAME is not a string node
	at com.google.javascript.rhino.Node.getString(Node.java:915)
	at com.google.javascript.jscomp.TypeInference.traverseName(TypeInference.java:680)
	at com.google.javascript.jscomp.TypeInference.traverse(TypeInference.java:314)
	at com.google.javascript.jscomp.TypeInference.flowThrough(TypeInference.java:188)
	at com.google.javascript.jscomp.TypeInference.branchedFlowThrough(TypeInference.java:200)
	at com.google.javascript.jscomp.TypeInference_ESTest.test81(TypeInference_ESTest.java:1858)
	at sun.reflect.NativeMethodAccessorImpl.invoke0(Native Method)
	at sun.reflect.NativeMethodAccessorImpl.invoke(NativeMethodAccessorImpl.java:62)
	at sun.reflect.DelegatingMethodAccessorImpl.invoke(DelegatingMethodAccessorImpl.java:43)
	at java.lang.reflect.Method.invoke(Method.java:498)
	at org.junit.runners.model.FrameworkMethod$1.runReflectiveCall(FrameworkMethod.java:50)
	at org.junit.internal.runners.model.ReflectiveCallable.run(ReflectiveCallable.java:12)
	at org.junit.runners.model.FrameworkMethod.invokeExplosively(FrameworkMethod.java:47)
	at org.junit.internal.runners.statements.InvokeMethod.evaluate(InvokeMethod.java:17)
	at org.junit.internal.runners.statements.FailOnTimeout$CallableStatement.call(FailOnTimeout.java:298)
	at org.junit.internal.runners.statements.FailOnTimeout$CallableStatement.call(FailOnTimeout.java:292)
	at java.util.concurrent.FutureTask.run(FutureTask.java:266)
	at java.lang.Thread.run(Thread.java:748)
24) test97(com.google.javascript.jscomp.TypeInference_ESTest)
java.lang.NullPointerException
	at com.google.javascript.jscomp.TypeInference.traverseWithinShortCircuitingBinOp(TypeInference.java:1453)
	at com.google.javascript.jscomp.TypeInference.traverseShortCircuitingBinOp(TypeInference.java:1393)
	at com.google.javascript.jscomp.TypeInference.traverseOr(TypeInference.java:1384)
	at com.google.javascript.jscomp.TypeInference.traverse(TypeInference.java:327)
	at com.google.javascript.jscomp.TypeInference.flowThrough(TypeInference.java:188)
	at com.google.javascript.jscomp.TypeInference_ESTest.test97(TypeInference_ESTest.java:2204)
	at sun.reflect.NativeMethodAccessorImpl.invoke0(Native Method)
	at sun.reflect.NativeMethodAccessorImpl.invoke(NativeMethodAccessorImpl.java:62)
	at sun.reflect.DelegatingMethodAccessorImpl.invoke(DelegatingMethodAccessorImpl.java:43)
	at java.lang.reflect.Method.invoke(Method.java:498)
	at org.junit.runners.model.FrameworkMethod$1.runReflectiveCall(FrameworkMethod.java:50)
	at org.junit.internal.runners.model.ReflectiveCallable.run(ReflectiveCallable.java:12)
	at org.junit.runners.model.FrameworkMethod.invokeExplosively(FrameworkMethod.java:47)
	at org.junit.internal.runners.statements.InvokeMethod.evaluate(InvokeMethod.java:17)
	at org.junit.internal.runners.statements.FailOnTimeout$CallableStatement.call(FailOnTimeout.java:298)
	at org.junit.internal.runners.statements.FailOnTimeout$CallableStatement.call(FailOnTimeout.java:292)
	at java.util.concurrent.FutureTask.run(FutureTask.java:266)
	at java.lang.Thread.run(Thread.java:748)
25) test98(com.google.javascript.jscomp.TypeInference_ESTest)
org.evosuite.runtime.mock.java.lang.MockIllegalArgumentException: NE 51 does not exist in graph
	at com.google.javascript.jscomp.graph.Graph.getNodeOrFail(Graph.java:222)
	at com.google.javascript.jscomp.graph.LinkedDirectedGraph.getOutEdges(LinkedDirectedGraph.java:129)
	at com.google.javascript.jscomp.TypeInference.branchedFlowThrough(TypeInference.java:205)
	at com.google.javascript.jscomp.TypeInference_ESTest.test98(TypeInference_ESTest.java:2231)
	at sun.reflect.NativeMethodAccessorImpl.invoke0(Native Method)
	at sun.reflect.NativeMethodAccessorImpl.invoke(NativeMethodAccessorImpl.java:62)
	at sun.reflect.DelegatingMethodAccessorImpl.invoke(DelegatingMethodAccessorImpl.java:43)
	at java.lang.reflect.Method.invoke(Method.java:498)
	at org.junit.runners.model.FrameworkMethod$1.runReflectiveCall(FrameworkMethod.java:50)
	at org.junit.internal.runners.model.ReflectiveCallable.run(ReflectiveCallable.java:12)
	at org.junit.runners.model.FrameworkMethod.invokeExplosively(FrameworkMethod.java:47)
	at org.junit.internal.runners.statements.InvokeMethod.evaluate(InvokeMethod.java:17)
	at org.junit.internal.runners.statements.FailOnTimeout$CallableStatement.call(FailOnTimeout.java:298)
	at org.junit.internal.runners.statements.FailOnTimeout$CallableStatement.call(FailOnTimeout.java:292)
	at java.util.concurrent.FutureTask.run(FutureTask.java:266)
	at java.lang.Thread.run(Thread.java:748)
26) test12(com.google.javascript.jscomp.TypeInference_ESTest)
org.evosuite.runtime.mock.java.lang.MockIllegalArgumentException: CAST 57 does not exist in graph
	at com.google.javascript.jscomp.graph.Graph.getNodeOrFail(Graph.java:222)
	at com.google.javascript.jscomp.graph.LinkedDirectedGraph.getOutEdges(LinkedDirectedGraph.java:129)
	at com.google.javascript.jscomp.TypeInference.branchedFlowThrough(TypeInference.java:205)
	at com.google.javascript.jscomp.TypeInference_ESTest.test12(TypeInference_ESTest.java:292)
	at sun.reflect.NativeMethodAccessorImpl.invoke0(Native Method)
	at sun.reflect.NativeMethodAccessorImpl.invoke(NativeMethodAccessorImpl.java:62)
	at sun.reflect.DelegatingMethodAccessorImpl.invoke(DelegatingMethodAccessorImpl.java:43)
	at java.lang.reflect.Method.invoke(Method.java:498)
	at org.junit.runners.model.FrameworkMethod$1.runReflectiveCall(FrameworkMethod.java:50)
	at org.junit.internal.runners.model.ReflectiveCallable.run(ReflectiveCallable.java:12)
	at org.junit.runners.model.FrameworkMethod.invokeExplosively(FrameworkMethod.java:47)
	at org.junit.internal.runners.statements.InvokeMethod.evaluate(InvokeMethod.java:17)
	at org.junit.internal.runners.statements.FailOnTimeout$CallableStatement.call(FailOnTimeout.java:298)
	at org.junit.internal.runners.statements.FailOnTimeout$CallableStatement.call(FailOnTimeout.java:292)
	at java.util.concurrent.FutureTask.run(FutureTask.java:266)
	at java.lang.Thread.run(Thread.java:748)
27) test13(com.google.javascript.jscomp.TypeInference_ESTest)
org.evosuite.runtime.mock.java.lang.MockIllegalArgumentException: STRING_KEY does not exist in graph
	at com.google.javascript.jscomp.graph.Graph.getNodeOrFail(Graph.java:222)
	at com.google.javascript.jscomp.graph.LinkedDirectedGraph.getOutEdges(LinkedDirectedGraph.java:129)
	at com.google.javascript.jscomp.TypeInference.branchedFlowThrough(TypeInference.java:205)
	at com.google.javascript.jscomp.TypeInference_ESTest.test13(TypeInference_ESTest.java:319)
	at sun.reflect.NativeMethodAccessorImpl.invoke0(Native Method)
	at sun.reflect.NativeMethodAccessorImpl.invoke(NativeMethodAccessorImpl.java:62)
	at sun.reflect.DelegatingMethodAccessorImpl.invoke(DelegatingMethodAccessorImpl.java:43)
	at java.lang.reflect.Method.invoke(Method.java:498)
	at org.junit.runners.model.FrameworkMethod$1.runReflectiveCall(FrameworkMethod.java:50)
	at org.junit.internal.runners.model.ReflectiveCallable.run(ReflectiveCallable.java:12)
	at org.junit.runners.model.FrameworkMethod.invokeExplosively(FrameworkMethod.java:47)
	at org.junit.internal.runners.statements.InvokeMethod.evaluate(InvokeMethod.java:17)
	at org.junit.internal.runners.statements.FailOnTimeout$CallableStatement.call(FailOnTimeout.java:298)
	at org.junit.internal.runners.statements.FailOnTimeout$CallableStatement.call(FailOnTimeout.java:292)
	at java.util.concurrent.FutureTask.run(FutureTask.java:266)
	at java.lang.Thread.run(Thread.java:748)
28) test14(com.google.javascript.jscomp.TypeInference_ESTest)
org.evosuite.runtime.mock.java.lang.MockIllegalStateException: 151
	at com.google.javascript.rhino.Token.name(Token.java:287)
	at com.google.javascript.rhino.Node.toString(Node.java:951)
	at com.google.javascript.rhino.Node.toString(Node.java:942)
	at com.google.javascript.rhino.Node.toString(Node.java:934)
	at java.lang.String.valueOf(String.java:2994)
	at java.lang.StringBuilder.append(StringBuilder.java:131)
	at com.google.javascript.jscomp.graph.Graph.getNodeOrFail(Graph.java:222)
	at com.google.javascript.jscomp.graph.LinkedDirectedGraph.getOutEdges(LinkedDirectedGraph.java:129)
	at com.google.javascript.jscomp.TypeInference.branchedFlowThrough(TypeInference.java:205)
	at com.google.javascript.jscomp.TypeInference_ESTest.test14(TypeInference_ESTest.java:347)
	at sun.reflect.NativeMethodAccessorImpl.invoke0(Native Method)
	at sun.reflect.NativeMethodAccessorImpl.invoke(NativeMethodAccessorImpl.java:62)
	at sun.reflect.DelegatingMethodAccessorImpl.invoke(DelegatingMethodAccessorImpl.java:43)
	at java.lang.reflect.Method.invoke(Method.java:498)
	at org.junit.runners.model.FrameworkMethod$1.runReflectiveCall(FrameworkMethod.java:50)
	at org.junit.internal.runners.model.ReflectiveCallable.run(ReflectiveCallable.java:12)
	at org.junit.runners.model.FrameworkMethod.invokeExplosively(FrameworkMethod.java:47)
	at org.junit.internal.runners.statements.InvokeMethod.evaluate(InvokeMethod.java:17)
	at org.junit.internal.runners.statements.FailOnTimeout$CallableStatement.call(FailOnTimeout.java:298)
	at org.junit.internal.runners.statements.FailOnTimeout$CallableStatement.call(FailOnTimeout.java:292)
	at java.util.concurrent.FutureTask.run(FutureTask.java:266)
	at java.lang.Thread.run(Thread.java:748)
29) test90(com.google.javascript.jscomp.TypeInference_ESTest)
org.evosuite.runtime.mock.java.lang.MockIllegalArgumentException: MUL : number does not exist in graph
	at com.google.javascript.jscomp.graph.Graph.getNodeOrFail(Graph.java:222)
	at com.google.javascript.jscomp.graph.LinkedDirectedGraph.getOutEdges(LinkedDirectedGraph.java:129)
	at com.google.javascript.jscomp.TypeInference.branchedFlowThrough(TypeInference.java:205)
	at com.google.javascript.jscomp.TypeInference_ESTest.test90(TypeInference_ESTest.java:2044)
	at sun.reflect.NativeMethodAccessorImpl.invoke0(Native Method)
	at sun.reflect.NativeMethodAccessorImpl.invoke(NativeMethodAccessorImpl.java:62)
	at sun.reflect.DelegatingMethodAccessorImpl.invoke(DelegatingMethodAccessorImpl.java:43)
	at java.lang.reflect.Method.invoke(Method.java:498)
	at org.junit.runners.model.FrameworkMethod$1.runReflectiveCall(FrameworkMethod.java:50)
	at org.junit.internal.runners.model.ReflectiveCallable.run(ReflectiveCallable.java:12)
	at org.junit.runners.model.FrameworkMethod.invokeExplosively(FrameworkMethod.java:47)
	at org.junit.internal.runners.statements.InvokeMethod.evaluate(InvokeMethod.java:17)
	at org.junit.internal.runners.statements.FailOnTimeout$CallableStatement.call(FailOnTimeout.java:298)
	at org.junit.internal.runners.statements.FailOnTimeout$CallableStatement.call(FailOnTimeout.java:292)
	at java.util.concurrent.FutureTask.run(FutureTask.java:266)
	at java.lang.Thread.run(Thread.java:748)
30) test91(com.google.javascript.jscomp.TypeInference_ESTest)
org.evosuite.runtime.mock.java.lang.MockIllegalArgumentException: RSH : number does not exist in graph
	at com.google.javascript.jscomp.graph.Graph.getNodeOrFail(Graph.java:222)
	at com.google.javascript.jscomp.graph.LinkedDirectedGraph.getOutEdges(LinkedDirectedGraph.java:129)
	at com.google.javascript.jscomp.TypeInference.branchedFlowThrough(TypeInference.java:205)
	at com.google.javascript.jscomp.TypeInference_ESTest.test91(TypeInference_ESTest.java:2072)
	at sun.reflect.NativeMethodAccessorImpl.invoke0(Native Method)
	at sun.reflect.NativeMethodAccessorImpl.invoke(NativeMethodAccessorImpl.java:62)
	at sun.reflect.DelegatingMethodAccessorImpl.invoke(DelegatingMethodAccessorImpl.java:43)
	at java.lang.reflect.Method.invoke(Method.java:498)
	at org.junit.runners.model.FrameworkMethod$1.runReflectiveCall(FrameworkMethod.java:50)
	at org.junit.internal.runners.model.ReflectiveCallable.run(ReflectiveCallable.java:12)
	at org.junit.runners.model.FrameworkMethod.invokeExplosively(FrameworkMethod.java:47)
	at org.junit.internal.runners.statements.InvokeMethod.evaluate(InvokeMethod.java:17)
	at org.junit.internal.runners.statements.FailOnTimeout$CallableStatement.call(FailOnTimeout.java:298)
	at org.junit.internal.runners.statements.FailOnTimeout$CallableStatement.call(FailOnTimeout.java:292)
	at java.util.concurrent.FutureTask.run(FutureTask.java:266)
	at java.lang.Thread.run(Thread.java:748)
31) test93(com.google.javascript.jscomp.TypeInference_ESTest)
org.evosuite.runtime.mock.java.lang.MockIllegalArgumentException: CALL 39 does not exist in graph
	at com.google.javascript.jscomp.graph.Graph.getNodeOrFail(Graph.java:222)
	at com.google.javascript.jscomp.graph.LinkedDirectedGraph.getOutEdges(LinkedDirectedGraph.java:129)
	at com.google.javascript.jscomp.TypeInference.branchedFlowThrough(TypeInference.java:205)
	at com.google.javascript.jscomp.TypeInference_ESTest.test93(TypeInference_ESTest.java:2118)
	at sun.reflect.NativeMethodAccessorImpl.invoke0(Native Method)
	at sun.reflect.NativeMethodAccessorImpl.invoke(NativeMethodAccessorImpl.java:62)
	at sun.reflect.DelegatingMethodAccessorImpl.invoke(DelegatingMethodAccessorImpl.java:43)
	at java.lang.reflect.Method.invoke(Method.java:498)
	at org.junit.runners.model.FrameworkMethod$1.runReflectiveCall(FrameworkMethod.java:50)
	at org.junit.internal.runners.model.ReflectiveCallable.run(ReflectiveCallable.java:12)
	at org.junit.runners.model.FrameworkMethod.invokeExplosively(FrameworkMethod.java:47)
	at org.junit.internal.runners.statements.InvokeMethod.evaluate(InvokeMethod.java:17)
	at org.junit.internal.runners.statements.FailOnTimeout$CallableStatement.call(FailOnTimeout.java:298)
	at org.junit.internal.runners.statements.FailOnTimeout$CallableStatement.call(FailOnTimeout.java:292)
	at java.util.concurrent.FutureTask.run(FutureTask.java:266)
	at java.lang.Thread.run(Thread.java:748)
32) test95(com.google.javascript.jscomp.TypeInference_ESTest)
org.evosuite.runtime.mock.java.lang.MockIllegalArgumentException: Multiple entries with same key: constructor=NOT_IMPLEMENTED and constructor=CONSTRUCTOR
	at com.google.common.collect.ImmutableMap.checkNoConflict(ImmutableMap.java:150)
	at com.google.common.collect.RegularImmutableMap.checkNoConflictInBucket(RegularImmutableMap.java:104)
	at com.google.common.collect.RegularImmutableMap.<init>(RegularImmutableMap.java:70)
	at com.google.common.collect.ImmutableMap$Builder.build(ImmutableMap.java:254)
	at com.google.javascript.jscomp.parsing.Config.buildAnnotationNames(Config.java:101)
	at com.google.javascript.jscomp.parsing.Config.<init>(Config.java:77)
	at com.google.javascript.jscomp.parsing.ParserRunner.createConfig(ParserRunner.java:69)
	at com.google.javascript.jscomp.Compiler.getParserConfig(Compiler.java:2106)
	at com.google.javascript.jscomp.JsAst.parse(JsAst.java:84)
	at com.google.javascript.jscomp.JsAst.getAstRoot(JsAst.java:50)
	at com.google.javascript.jscomp.CompilerInput.getAstRoot(CompilerInput.java:117)
	at com.google.javascript.jscomp.Compiler.parseTestCode(Compiler.java:1616)
	at com.google.javascript.jscomp.TypeInference_ESTest.test95(TypeInference_ESTest.java:2158)
	at sun.reflect.NativeMethodAccessorImpl.invoke0(Native Method)
	at sun.reflect.NativeMethodAccessorImpl.invoke(NativeMethodAccessorImpl.java:62)
	at sun.reflect.DelegatingMethodAccessorImpl.invoke(DelegatingMethodAccessorImpl.java:43)
	at java.lang.reflect.Method.invoke(Method.java:498)
	at org.junit.runners.model.FrameworkMethod$1.runReflectiveCall(FrameworkMethod.java:50)
	at org.junit.internal.runners.model.ReflectiveCallable.run(ReflectiveCallable.java:12)
	at org.junit.runners.model.FrameworkMethod.invokeExplosively(FrameworkMethod.java:47)
	at org.junit.internal.runners.statements.InvokeMethod.evaluate(InvokeMethod.java:17)
	at org.junit.internal.runners.statements.FailOnTimeout$CallableStatement.call(FailOnTimeout.java:298)
	at org.junit.internal.runners.statements.FailOnTimeout$CallableStatement.call(FailOnTimeout.java:292)
	at java.util.concurrent.FutureTask.run(FutureTask.java:266)
	at java.lang.Thread.run(Thread.java:748)
33) test20(com.google.javascript.jscomp.TypeInference_ESTest)
org.evosuite.runtime.mock.java.lang.MockIllegalStateException: 143
	at com.google.javascript.rhino.Token.name(Token.java:287)
	at com.google.javascript.rhino.Node.toString(Node.java:951)
	at com.google.javascript.rhino.Node.toString(Node.java:942)
	at com.google.javascript.rhino.Node.toString(Node.java:934)
	at java.lang.String.valueOf(String.java:2994)
	at java.lang.StringBuilder.append(StringBuilder.java:131)
	at com.google.javascript.jscomp.graph.Graph.getNodeOrFail(Graph.java:222)
	at com.google.javascript.jscomp.graph.LinkedDirectedGraph.getOutEdges(LinkedDirectedGraph.java:129)
	at com.google.javascript.jscomp.TypeInference.branchedFlowThrough(TypeInference.java:205)
	at com.google.javascript.jscomp.TypeInference_ESTest.test20(TypeInference_ESTest.java:470)
	at sun.reflect.NativeMethodAccessorImpl.invoke0(Native Method)
	at sun.reflect.NativeMethodAccessorImpl.invoke(NativeMethodAccessorImpl.java:62)
	at sun.reflect.DelegatingMethodAccessorImpl.invoke(DelegatingMethodAccessorImpl.java:43)
	at java.lang.reflect.Method.invoke(Method.java:498)
	at org.junit.runners.model.FrameworkMethod$1.runReflectiveCall(FrameworkMethod.java:50)
	at org.junit.internal.runners.model.ReflectiveCallable.run(ReflectiveCallable.java:12)
	at org.junit.runners.model.FrameworkMethod.invokeExplosively(FrameworkMethod.java:47)
	at org.junit.internal.runners.statements.InvokeMethod.evaluate(InvokeMethod.java:17)
	at org.junit.internal.runners.statements.FailOnTimeout$CallableStatement.call(FailOnTimeout.java:298)
	at org.junit.internal.runners.statements.FailOnTimeout$CallableStatement.call(FailOnTimeout.java:292)
	at java.util.concurrent.FutureTask.run(FutureTask.java:266)
	at java.lang.Thread.run(Thread.java:748)
34) test21(com.google.javascript.jscomp.TypeInference_ESTest)
org.evosuite.runtime.mock.java.lang.MockIllegalStateException: 142
	at com.google.javascript.rhino.Token.name(Token.java:287)
	at com.google.javascript.rhino.Node.toString(Node.java:951)
	at com.google.javascript.rhino.Node.toString(Node.java:942)
	at com.google.javascript.rhino.Node.toString(Node.java:934)
	at java.lang.String.valueOf(String.java:2994)
	at java.lang.StringBuilder.append(StringBuilder.java:131)
	at com.google.javascript.jscomp.graph.Graph.getNodeOrFail(Graph.java:222)
	at com.google.javascript.jscomp.graph.LinkedDirectedGraph.getOutEdges(LinkedDirectedGraph.java:129)
	at com.google.javascript.jscomp.TypeInference.branchedFlowThrough(TypeInference.java:205)
	at com.google.javascript.jscomp.TypeInference_ESTest.test21(TypeInference_ESTest.java:499)
	at sun.reflect.NativeMethodAccessorImpl.invoke0(Native Method)
	at sun.reflect.NativeMethodAccessorImpl.invoke(NativeMethodAccessorImpl.java:62)
	at sun.reflect.DelegatingMethodAccessorImpl.invoke(DelegatingMethodAccessorImpl.java:43)
	at java.lang.reflect.Method.invoke(Method.java:498)
	at org.junit.runners.model.FrameworkMethod$1.runReflectiveCall(FrameworkMethod.java:50)
	at org.junit.internal.runners.model.ReflectiveCallable.run(ReflectiveCallable.java:12)
	at org.junit.runners.model.FrameworkMethod.invokeExplosively(FrameworkMethod.java:47)
	at org.junit.internal.runners.statements.InvokeMethod.evaluate(InvokeMethod.java:17)
	at org.junit.internal.runners.statements.FailOnTimeout$CallableStatement.call(FailOnTimeout.java:298)
	at org.junit.internal.runners.statements.FailOnTimeout$CallableStatement.call(FailOnTimeout.java:292)
	at java.util.concurrent.FutureTask.run(FutureTask.java:266)
	at java.lang.Thread.run(Thread.java:748)
35) test22(com.google.javascript.jscomp.TypeInference_ESTest)
org.evosuite.runtime.mock.java.lang.MockIllegalStateException: 139
	at com.google.javascript.rhino.Token.name(Token.java:287)
	at com.google.javascript.rhino.Node.toString(Node.java:951)
	at com.google.javascript.rhino.Node.toString(Node.java:942)
	at com.google.javascript.rhino.Node.toString(Node.java:934)
	at java.lang.String.valueOf(String.java:2994)
	at java.lang.StringBuilder.append(StringBuilder.java:131)
	at com.google.javascript.jscomp.graph.Graph.getNodeOrFail(Graph.java:222)
	at com.google.javascript.jscomp.graph.LinkedDirectedGraph.getOutEdges(LinkedDirectedGraph.java:129)
	at com.google.javascript.jscomp.TypeInference.branchedFlowThrough(TypeInference.java:205)
	at com.google.javascript.jscomp.TypeInference_ESTest.test22(TypeInference_ESTest.java:528)
	at sun.reflect.NativeMethodAccessorImpl.invoke0(Native Method)
	at sun.reflect.NativeMethodAccessorImpl.invoke(NativeMethodAccessorImpl.java:62)
	at sun.reflect.DelegatingMethodAccessorImpl.invoke(DelegatingMethodAccessorImpl.java:43)
	at java.lang.reflect.Method.invoke(Method.java:498)
	at org.junit.runners.model.FrameworkMethod$1.runReflectiveCall(FrameworkMethod.java:50)
	at org.junit.internal.runners.model.ReflectiveCallable.run(ReflectiveCallable.java:12)
	at org.junit.runners.model.FrameworkMethod.invokeExplosively(FrameworkMethod.java:47)
	at org.junit.internal.runners.statements.InvokeMethod.evaluate(InvokeMethod.java:17)
	at org.junit.internal.runners.statements.FailOnTimeout$CallableStatement.call(FailOnTimeout.java:298)
	at org.junit.internal.runners.statements.FailOnTimeout$CallableStatement.call(FailOnTimeout.java:292)
	at java.util.concurrent.FutureTask.run(FutureTask.java:266)
	at java.lang.Thread.run(Thread.java:748)
36) test25(com.google.javascript.jscomp.TypeInference_ESTest)
org.evosuite.runtime.mock.java.lang.MockIllegalStateException: 135
	at com.google.javascript.rhino.Token.name(Token.java:287)
	at com.google.javascript.rhino.Node.toString(Node.java:951)
	at com.google.javascript.rhino.Node.toString(Node.java:942)
	at com.google.javascript.rhino.Node.toString(Node.java:934)
	at java.lang.String.valueOf(String.java:2994)
	at java.lang.StringBuilder.append(StringBuilder.java:131)
	at com.google.javascript.jscomp.graph.Graph.getNodeOrFail(Graph.java:222)
	at com.google.javascript.jscomp.graph.LinkedDirectedGraph.getOutEdges(LinkedDirectedGraph.java:129)
	at com.google.javascript.jscomp.TypeInference.branchedFlowThrough(TypeInference.java:205)
	at com.google.javascript.jscomp.TypeInference_ESTest.test25(TypeInference_ESTest.java:596)
	at sun.reflect.NativeMethodAccessorImpl.invoke0(Native Method)
	at sun.reflect.NativeMethodAccessorImpl.invoke(NativeMethodAccessorImpl.java:62)
	at sun.reflect.DelegatingMethodAccessorImpl.invoke(DelegatingMethodAccessorImpl.java:43)
	at java.lang.reflect.Method.invoke(Method.java:498)
	at org.junit.runners.model.FrameworkMethod$1.runReflectiveCall(FrameworkMethod.java:50)
	at org.junit.internal.runners.model.ReflectiveCallable.run(ReflectiveCallable.java:12)
	at org.junit.runners.model.FrameworkMethod.invokeExplosively(FrameworkMethod.java:47)
	at org.junit.internal.runners.statements.InvokeMethod.evaluate(InvokeMethod.java:17)
	at org.junit.internal.runners.statements.FailOnTimeout$CallableStatement.call(FailOnTimeout.java:298)
	at org.junit.internal.runners.statements.FailOnTimeout$CallableStatement.call(FailOnTimeout.java:292)
	at java.util.concurrent.FutureTask.run(FutureTask.java:266)
	at java.lang.Thread.run(Thread.java:748)
37) test28(com.google.javascript.jscomp.TypeInference_ESTest)
org.evosuite.runtime.mock.java.lang.MockIllegalStateException: 131
	at com.google.javascript.rhino.Token.name(Token.java:287)
	at com.google.javascript.rhino.Node.toString(Node.java:951)
	at com.google.javascript.rhino.Node.toString(Node.java:942)
	at com.google.javascript.rhino.Node.toString(Node.java:934)
	at java.lang.String.valueOf(String.java:2994)
	at java.lang.StringBuilder.append(StringBuilder.java:131)
	at com.google.javascript.jscomp.graph.Graph.getNodeOrFail(Graph.java:222)
	at com.google.javascript.jscomp.graph.LinkedDirectedGraph.getOutEdges(LinkedDirectedGraph.java:129)
	at com.google.javascript.jscomp.TypeInference.branchedFlowThrough(TypeInference.java:205)
	at com.google.javascript.jscomp.TypeInference_ESTest.test28(TypeInference_ESTest.java:664)
	at sun.reflect.NativeMethodAccessorImpl.invoke0(Native Method)
	at sun.reflect.NativeMethodAccessorImpl.invoke(NativeMethodAccessorImpl.java:62)
	at sun.reflect.DelegatingMethodAccessorImpl.invoke(DelegatingMethodAccessorImpl.java:43)
	at java.lang.reflect.Method.invoke(Method.java:498)
	at org.junit.runners.model.FrameworkMethod$1.runReflectiveCall(FrameworkMethod.java:50)
	at org.junit.internal.runners.model.ReflectiveCallable.run(ReflectiveCallable.java:12)
	at org.junit.runners.model.FrameworkMethod.invokeExplosively(FrameworkMethod.java:47)
	at org.junit.internal.runners.statements.InvokeMethod.evaluate(InvokeMethod.java:17)
	at org.junit.internal.runners.statements.FailOnTimeout$CallableStatement.call(FailOnTimeout.java:298)
	at org.junit.internal.runners.statements.FailOnTimeout$CallableStatement.call(FailOnTimeout.java:292)
	at java.util.concurrent.FutureTask.run(FutureTask.java:266)
	at java.lang.Thread.run(Thread.java:748)
38) test29(com.google.javascript.jscomp.TypeInference_ESTest)
java.lang.NullPointerException
	at com.google.javascript.jscomp.TypeInference.traverse(TypeInference.java:430)
	at com.google.javascript.jscomp.TypeInference.flowThrough(TypeInference.java:188)
	at com.google.javascript.jscomp.TypeInference.branchedFlowThrough(TypeInference.java:200)
	at com.google.javascript.jscomp.TypeInference_ESTest.test29(TypeInference_ESTest.java:692)
	at sun.reflect.NativeMethodAccessorImpl.invoke0(Native Method)
	at sun.reflect.NativeMethodAccessorImpl.invoke(NativeMethodAccessorImpl.java:62)
	at sun.reflect.DelegatingMethodAccessorImpl.invoke(DelegatingMethodAccessorImpl.java:43)
	at java.lang.reflect.Method.invoke(Method.java:498)
	at org.junit.runners.model.FrameworkMethod$1.runReflectiveCall(FrameworkMethod.java:50)
	at org.junit.internal.runners.model.ReflectiveCallable.run(ReflectiveCallable.java:12)
	at org.junit.runners.model.FrameworkMethod.invokeExplosively(FrameworkMethod.java:47)
	at org.junit.internal.runners.statements.InvokeMethod.evaluate(InvokeMethod.java:17)
	at org.junit.internal.runners.statements.FailOnTimeout$CallableStatement.call(FailOnTimeout.java:298)
	at org.junit.internal.runners.statements.FailOnTimeout$CallableStatement.call(FailOnTimeout.java:292)
	at java.util.concurrent.FutureTask.run(FutureTask.java:266)
	at java.lang.Thread.run(Thread.java:748)
39) test34(com.google.javascript.jscomp.TypeInference_ESTest)
org.evosuite.runtime.mock.java.lang.MockIllegalArgumentException: BLOCK does not exist in graph
	at com.google.javascript.jscomp.graph.Graph.getNodeOrFail(Graph.java:222)
	at com.google.javascript.jscomp.graph.LinkedDirectedGraph.getOutEdges(LinkedDirectedGraph.java:129)
	at com.google.javascript.jscomp.TypeInference.branchedFlowThrough(TypeInference.java:205)
	at com.google.javascript.jscomp.TypeInference_ESTest.test34(TypeInference_ESTest.java:796)
	at sun.reflect.NativeMethodAccessorImpl.invoke0(Native Method)
	at sun.reflect.NativeMethodAccessorImpl.invoke(NativeMethodAccessorImpl.java:62)
	at sun.reflect.DelegatingMethodAccessorImpl.invoke(DelegatingMethodAccessorImpl.java:43)
	at java.lang.reflect.Method.invoke(Method.java:498)
	at org.junit.runners.model.FrameworkMethod$1.runReflectiveCall(FrameworkMethod.java:50)
	at org.junit.internal.runners.model.ReflectiveCallable.run(ReflectiveCallable.java:12)
	at org.junit.runners.model.FrameworkMethod.invokeExplosively(FrameworkMethod.java:47)
	at org.junit.internal.runners.statements.InvokeMethod.evaluate(InvokeMethod.java:17)
	at org.junit.internal.runners.statements.FailOnTimeout$CallableStatement.call(FailOnTimeout.java:298)
	at org.junit.internal.runners.statements.FailOnTimeout$CallableStatement.call(FailOnTimeout.java:292)
	at java.util.concurrent.FutureTask.run(FutureTask.java:266)
	at java.lang.Thread.run(Thread.java:748)
40) test37(com.google.javascript.jscomp.TypeInference_ESTest)
java.lang.NullPointerException
	at com.google.javascript.jscomp.TypeInference.traverseCatch(TypeInference.java:493)
	at com.google.javascript.jscomp.TypeInference.traverse(TypeInference.java:449)
	at com.google.javascript.jscomp.TypeInference.flowThrough(TypeInference.java:188)
	at com.google.javascript.jscomp.TypeInference_ESTest.test37(TypeInference_ESTest.java:862)
	at sun.reflect.NativeMethodAccessorImpl.invoke0(Native Method)
	at sun.reflect.NativeMethodAccessorImpl.invoke(NativeMethodAccessorImpl.java:62)
	at sun.reflect.DelegatingMethodAccessorImpl.invoke(DelegatingMethodAccessorImpl.java:43)
	at java.lang.reflect.Method.invoke(Method.java:498)
	at org.junit.runners.model.FrameworkMethod$1.runReflectiveCall(FrameworkMethod.java:50)
	at org.junit.internal.runners.model.ReflectiveCallable.run(ReflectiveCallable.java:12)
	at org.junit.runners.model.FrameworkMethod.invokeExplosively(FrameworkMethod.java:47)
	at org.junit.internal.runners.statements.InvokeMethod.evaluate(InvokeMethod.java:17)
	at org.junit.internal.runners.statements.FailOnTimeout$CallableStatement.call(FailOnTimeout.java:298)
	at org.junit.internal.runners.statements.FailOnTimeout$CallableStatement.call(FailOnTimeout.java:292)
	at java.util.concurrent.FutureTask.run(FutureTask.java:266)
	at java.lang.Thread.run(Thread.java:748)
41) test38(com.google.javascript.jscomp.TypeInference_ESTest)
org.evosuite.runtime.mock.java.lang.MockIllegalArgumentException: WITH Object#Key does not exist in graph
	at com.google.javascript.jscomp.graph.Graph.getNodeOrFail(Graph.java:222)
	at com.google.javascript.jscomp.graph.LinkedDirectedGraph.getOutEdges(LinkedDirectedGraph.java:129)
	at com.google.javascript.jscomp.TypeInference.branchedFlowThrough(TypeInference.java:205)
	at com.google.javascript.jscomp.TypeInference_ESTest.test38(TypeInference_ESTest.java:890)
	at sun.reflect.NativeMethodAccessorImpl.invoke0(Native Method)
	at sun.reflect.NativeMethodAccessorImpl.invoke(NativeMethodAccessorImpl.java:62)
	at sun.reflect.DelegatingMethodAccessorImpl.invoke(DelegatingMethodAccessorImpl.java:43)
	at java.lang.reflect.Method.invoke(Method.java:498)
	at org.junit.runners.model.FrameworkMethod$1.runReflectiveCall(FrameworkMethod.java:50)
	at org.junit.internal.runners.model.ReflectiveCallable.run(ReflectiveCallable.java:12)
	at org.junit.runners.model.FrameworkMethod.invokeExplosively(FrameworkMethod.java:47)
	at org.junit.internal.runners.statements.InvokeMethod.evaluate(InvokeMethod.java:17)
	at org.junit.internal.runners.statements.FailOnTimeout$CallableStatement.call(FailOnTimeout.java:298)
	at org.junit.internal.runners.statements.FailOnTimeout$CallableStatement.call(FailOnTimeout.java:292)
	at java.util.concurrent.FutureTask.run(FutureTask.java:266)
	at java.lang.Thread.run(Thread.java:748)

FAILURES!!!
Tests run: 100,  Failures: 41

