* EvoSuite 1.1.1-SNAPSHOT
* Configuration: default
* Going to generate test cases for class: com.fasterxml.jackson.core.json.ReaderBasedJsonParser
* Starting Client-0
* Connecting to master process on port 7196
* Analyzing classpath: 
  - subjects/buggy-versions/JacksonCore-19/target/classes
* Finished analyzing classpath
* Generating tests for class com.fasterxml.jackson.core.json.ReaderBasedJsonParser
* Test criteria:
  - Line Coverage
  - Branch Coverage
  - Exception
  - Mutation testing (weak)
  - Method-Output Coverage
  - Top-Level Method Coverage
  - No-Exception Top-Level Method Coverage
  - Context Branch Coverage
* Total number of test goals for DYNAMOSA: 4946
* Using seed 2161181599
* Starting evolution
* Initial Number of Goals in DynaMOSA = 729 / 4946
[MASTER] 11:09:28.167 [logback-1] WARN  TestChromosome - Functional mock problem: org.evosuite.ga.ConstructionFailedException: Failed to add constructor for com.fasterxml.jackson.core.io.IOContext due to org.evosuite.ga.ConstructionFailedException: Failed to add constructor for com.fasterxml.jackson.core.json.ReaderBasedJsonParser due to org.evosuite.ga.ConstructionFailedException: Have no generator for class com.fasterxml.jackson.core.io.IOContext canUseFunctionalMocks=false, canBeMocked: true
[MASTER] 11:13:23.475 [logback-1] WARN  TestChromosome - Functional mock problem: org.evosuite.ga.ConstructionFailedException: Have no generator for class com.fasterxml.jackson.core.json.ReaderBasedJsonParser canUseFunctionalMocks=false, canBeMocked: false
[MASTER] 11:14:03.982 [logback-1] WARN  TestChromosome - Functional mock problem: org.evosuite.ga.ConstructionFailedException: Failed to add constructor for com.fasterxml.jackson.core.json.ReaderBasedJsonParser due to org.evosuite.ga.ConstructionFailedException: Have no generator for class com.fasterxml.jackson.core.sym.CharsToNameCanonicalizer canUseFunctionalMocks=false, canBeMocked: true
* Search finished after 306s and 199 generations, 185465 statements, best individual has fitness: 2738.0
* Minimizing test suite
[MASTER] 11:15:33.217 [logback-1] WARN  TestSuiteMinimizer - Minimization timeout. Roll back to original test suite
* Going to analyze the coverage criteria
* Coverage analysis for criterion LINE
* Coverage of criterion LINE: 50%
* Total number of goals: 1375
* Number of covered goals: 690
* Coverage analysis for criterion BRANCH
* Coverage of criterion BRANCH: 43%
* Total number of goals: 1217
* Number of covered goals: 528
* Coverage analysis for criterion EXCEPTION
* Coverage of criterion EXCEPTION: 100%
* Total number of goals: 112
* Number of covered goals: 112
* Coverage analysis for criterion WEAKMUTATION
* Coverage of criterion WEAKMUTATION: 46%
* Total number of goals: 857
* Number of covered goals: 392
* Coverage analysis for criterion OUTPUT
* Coverage of criterion OUTPUT: 41%
* Total number of goals: 186
* Number of covered goals: 76
* Coverage analysis for criterion METHOD
* Coverage of criterion METHOD: 98%
* Total number of goals: 47
* Number of covered goals: 46
* Coverage analysis for criterion METHODNOEXCEPTION
* Coverage of criterion METHODNOEXCEPTION: 79%
* Total number of goals: 47
* Number of covered goals: 37
* Coverage analysis for criterion CBRANCH
* Coverage of criterion CBRANCH: 43%
* Total number of goals: 1217
* Number of covered goals: 523
* Generated 470 tests with total length 6838
* Resulting test suite's coverage: 57% (average coverage for all fitness functions)
* Generating assertions
[MASTER] 11:17:03.168 [logback-1] WARN  SimpleMutationAssertionGenerator - Assertion minimization is taking too long (0.7378166666666667% of time used, but only 20/470 tests minimized), falling back to using all assertions
* Resulting test suite's mutation score: 0%
* Compiling and checking tests
* Permissions denied during test execution: 
  - java.lang.RuntimePermission: 
         writeFileDescriptor: 1
* Writing tests to file
* Writing JUnit test case 'ReaderBasedJsonParser_ESTest' to results/JacksonCore-19/com.fasterxml.jackson.core.json.ReaderBasedJsonParser/default/tests/2
* Done!

* Computation finished
