JUnit version 4.12
.E......E.................E...E.E.E..E.....E.E..E......E..E........
Time: 1.547
There were 12 failures:
1) test39(org.apache.commons.lang3.time.FastDateParser_ESTest)
java.text.ParseException: (The ja_JP_JP_#u-ca-japanese locale does not support dates before 1868 AD)
Unparseable date: "GMT+18:00" does not match (?|???|?|???|?|???|?|???|?|???|?|???|?|???)(\p{IsNd}++)\s*+(\p{IsNd}++)-\s*+(???|???|??|??)(\p{IsNd}++)=(???|???|??|??)
	at org.apache.commons.lang3.time.FastDateParser.parse(FastDateParser.java:254)
	at org.apache.commons.lang3.time.FastDateParser.parseObject(FastDateParser.java:242)
	at org.apache.commons.lang3.time.FastDateParser_ESTest.test39(FastDateParser_ESTest.java:452)
	at sun.reflect.NativeMethodAccessorImpl.invoke0(Native Method)
	at sun.reflect.NativeMethodAccessorImpl.invoke(NativeMethodAccessorImpl.java:62)
	at sun.reflect.DelegatingMethodAccessorImpl.invoke(DelegatingMethodAccessorImpl.java:43)
	at java.lang.reflect.Method.invoke(Method.java:498)
	at org.junit.runners.model.FrameworkMethod$1.runReflectiveCall(FrameworkMethod.java:50)
	at org.junit.internal.runners.model.ReflectiveCallable.run(ReflectiveCallable.java:12)
	at org.junit.runners.model.FrameworkMethod.invokeExplosively(FrameworkMethod.java:47)
	at org.junit.internal.runners.statements.InvokeMethod.evaluate(InvokeMethod.java:17)
	at org.junit.internal.runners.statements.FailOnTimeout$CallableStatement.call(FailOnTimeout.java:298)
	at org.junit.internal.runners.statements.FailOnTimeout$CallableStatement.call(FailOnTimeout.java:292)
	at java.util.concurrent.FutureTask.run(FutureTask.java:266)
	at java.lang.Thread.run(Thread.java:748)
2) test38(org.apache.commons.lang3.time.FastDateParser_ESTest)
java.text.ParseException: Unparseable date: "K"&jKyUH)[O{g&StL" does not match \}(GMT[+\-]\d{0,1}\d{2}|[+\-]\d{2}:?\d{2}|ACDT|Acre\s*+??|ACST|ACT|ACWST|ADT|AEDT|AEST|AFT|AKDT|AKST|Alma-Ata\s*+??|ALMT|AMT|ANAT|Aqtau\s*+??|Aqtobe\s*+??|AQTT|ART|AST|AWST|AZOST|AZOT|AZT|BDT|BNT|BOT|Bougainville\s*+Standard\s*+Time|BRT|BST|BTT|CAT|CCT|CDT|CEST|CET|CHADT|Chamorro\s*+????|CHAST|Choibalsan\s*+??|CHOT|ChST|CHUT|CKT|CLST|CLT|COT|CST|CVT|CXT|DAVT|DDUT|Dumont-d'Urville\s*+??|EASST|EAST|EAT|ECT|EDT|EEST|EET|EGST|EGT|EST|FJST|FJT|FKT|FNT|GALT|GAMT|GET|GFT|GILT|GMT|GMT\+01:00|GMT\+02:00|GMT\+03:00|GMT\+04:00|GMT\+05:00|GMT\+06:00|GMT\+07:00|GMT\+08:00|GMT\+09:00|GMT\+10:00|GMT\+11:00|GMT\+12:00|GMT\+13:00|GMT\+14:00|GMT-01:00|GMT-02:00|GMT-03:00|GMT-04:00|GMT-05:00|GMT-06:00|GMT-07:00|GMT-08:00|GMT-09:00|GMT-10:00|GMT-11:00|GMT-12:00|GST|GYT|HDT|HKT|HOVT|HST|ICT|IDT|IOT|IRDT|IRKT|IRST|IST|JST|KGT|Kosrae\s*+??|KOST|Kostanay\s*+Standard\s*+Time|KRAT|KST|LHDT|LHST|Line\s*+???|LINT|Magadan\s*+??|MAGT|MART|MAWT|MDT|MEST|MET|MHT|MIST|MMT|Mountain\s*+???|Mountain\s*+????|MSK|MST|MUT|MVT|MYT|NCT|NDT|NFST|NFT|Novosibirsk\s*+??|NOVT|NPT|NRT|NST|NUT|NZDT|NZST|OMST|Oral\s*+??|ORAT|PDT|PET|PETT|PGT|Philippines\s*+Standard\s*+Time|PHOT|PKT|PMDT|PMST|PONT|PST|PWT|PYST|PYT|QOST|QYZT|Qyzylorda\s*+??|RET|ROTT|SAKT|SAMT|SAST|SBT|SCT|SGT|Srednekolymsk\s*+Time|SRET|SRT|SST|SYOT|Syowa\s*+??|TAHT|TFT|TJT|TKT|TLT|TMT|TOT|TVT|ULAT|UTC|UYT|UZT|VET|VLAT|VOST|VUT|WAKT|WAT|WEST|WET|WFT|WGST|WGT|WIB|WIT|WITA|WSDT|WSST|XJT|YAKT|Yekaterinburg\s*+??|YEKT|????|????|????|????????|?????|???????|??????|?????|????|?????|?????\s*+\(?????\)|?????\s*+\(?????\)|?????\s*+\(????\)|??????|??????\s*+\(?????\)|??????\s*+\(?????\)|??????\s*+\(???\)|??????\s*+\(????\)|????|??????|?????|?????\s*+\(?????\)|?????\s*+\(?????/?????\)|??????|??????\s*+\(???\)|??????\s*+\(?????\)|??????\s*+\(?????/?????\)|?????|????|???????\s*+\(????\)|?????????|????|????????|?????|???????|?????|??????|??????|??????|????????|???????|?????|??????|???????|???????|?????|??????|?????|??????????|?????|??????|????|??????|????????|??????|??????|??????|???????|??????|?????|??????|???????|???????|????????|?????|??????|?????|?????|?????|???????|???????|??????|?????|??????|???????|??????|??????|???????|??????|???????|??????|????|?????|?????|??????|?????????|??????|?????|??????|????|????|??????|?????|???????????|?????|???????|???????|??????|????|?????|????|????????|?????|??????|???????|??????|?????|????|??????|???????|??????|?????|??????|???????|???????|?????|?????|??????|??????|???????????|??????|??????|????????????|?????????????|????????|???????|?????|????|?????|??????|???????|????|?????|?????|?????|??????|???????|????|????????|?????????|????????|????????|???????|?????|????|???????|??????|??????\s*+\(????\)|????|??????|?????|????|?????|??????|???????????|??????|?????|???????|???????|????????|?????|??????|??????|????|??????|??????|??????|???????|???????|??????)(\p{IsNd}++)
	at org.apache.commons.lang3.time.FastDateParser.parse(FastDateParser.java:258)
	at org.apache.commons.lang3.time.FastDateParser_ESTest.test38(FastDateParser_ESTest.java:434)
	at sun.reflect.NativeMethodAccessorImpl.invoke0(Native Method)
	at sun.reflect.NativeMethodAccessorImpl.invoke(NativeMethodAccessorImpl.java:62)
	at sun.reflect.DelegatingMethodAccessorImpl.invoke(DelegatingMethodAccessorImpl.java:43)
	at java.lang.reflect.Method.invoke(Method.java:498)
	at org.junit.runners.model.FrameworkMethod$1.runReflectiveCall(FrameworkMethod.java:50)
	at org.junit.internal.runners.model.ReflectiveCallable.run(ReflectiveCallable.java:12)
	at org.junit.runners.model.FrameworkMethod.invokeExplosively(FrameworkMethod.java:47)
	at org.junit.internal.runners.statements.InvokeMethod.evaluate(InvokeMethod.java:17)
	at org.junit.internal.runners.statements.FailOnTimeout$CallableStatement.call(FailOnTimeout.java:298)
	at org.junit.internal.runners.statements.FailOnTimeout$CallableStatement.call(FailOnTimeout.java:292)
	at java.util.concurrent.FutureTask.run(FutureTask.java:266)
	at java.lang.Thread.run(Thread.java:748)
3) test11(org.apache.commons.lang3.time.FastDateParser_ESTest)
java.lang.NullPointerException
	at org.apache.commons.lang3.time.FastDateParser.getFieldWidth(FastDateParser.java:502)
	at org.apache.commons.lang3.time.FastDateParser_ESTest.test11(FastDateParser_ESTest.java:172)
	at sun.reflect.NativeMethodAccessorImpl.invoke0(Native Method)
	at sun.reflect.NativeMethodAccessorImpl.invoke(NativeMethodAccessorImpl.java:62)
	at sun.reflect.DelegatingMethodAccessorImpl.invoke(DelegatingMethodAccessorImpl.java:43)
	at java.lang.reflect.Method.invoke(Method.java:498)
	at org.junit.runners.model.FrameworkMethod$1.runReflectiveCall(FrameworkMethod.java:50)
	at org.junit.internal.runners.model.ReflectiveCallable.run(ReflectiveCallable.java:12)
	at org.junit.runners.model.FrameworkMethod.invokeExplosively(FrameworkMethod.java:47)
	at org.junit.internal.runners.statements.InvokeMethod.evaluate(InvokeMethod.java:17)
	at org.junit.internal.runners.statements.FailOnTimeout$CallableStatement.call(FailOnTimeout.java:298)
	at org.junit.internal.runners.statements.FailOnTimeout$CallableStatement.call(FailOnTimeout.java:292)
	at java.util.concurrent.FutureTask.run(FutureTask.java:266)
	at java.lang.Thread.run(Thread.java:748)
4) test10(org.apache.commons.lang3.time.FastDateParser_ESTest)
java.lang.NullPointerException
	at org.apache.commons.lang3.time.FastDateParser.parse(FastDateParser.java:277)
	at org.apache.commons.lang3.time.FastDateParser.parse(FastDateParser.java:250)
	at org.apache.commons.lang3.time.FastDateParser_ESTest.test10(FastDateParser_ESTest.java:154)
	at sun.reflect.NativeMethodAccessorImpl.invoke0(Native Method)
	at sun.reflect.NativeMethodAccessorImpl.invoke(NativeMethodAccessorImpl.java:62)
	at sun.reflect.DelegatingMethodAccessorImpl.invoke(DelegatingMethodAccessorImpl.java:43)
	at java.lang.reflect.Method.invoke(Method.java:498)
	at org.junit.runners.model.FrameworkMethod$1.runReflectiveCall(FrameworkMethod.java:50)
	at org.junit.internal.runners.model.ReflectiveCallable.run(ReflectiveCallable.java:12)
	at org.junit.runners.model.FrameworkMethod.invokeExplosively(FrameworkMethod.java:47)
	at org.junit.internal.runners.statements.InvokeMethod.evaluate(InvokeMethod.java:17)
	at org.junit.internal.runners.statements.FailOnTimeout$CallableStatement.call(FailOnTimeout.java:298)
	at org.junit.internal.runners.statements.FailOnTimeout$CallableStatement.call(FailOnTimeout.java:292)
	at java.util.concurrent.FutureTask.run(FutureTask.java:266)
	at java.lang.Thread.run(Thread.java:748)
5) test54(org.apache.commons.lang3.time.FastDateParser_ESTest)
java.lang.NullPointerException
	at org.apache.commons.lang3.time.FastDateParser.parse(FastDateParser.java:277)
	at org.apache.commons.lang3.time.FastDateParser_ESTest.test54(FastDateParser_ESTest.java:620)
	at sun.reflect.NativeMethodAccessorImpl.invoke0(Native Method)
	at sun.reflect.NativeMethodAccessorImpl.invoke(NativeMethodAccessorImpl.java:62)
	at sun.reflect.DelegatingMethodAccessorImpl.invoke(DelegatingMethodAccessorImpl.java:43)
	at java.lang.reflect.Method.invoke(Method.java:498)
	at org.junit.runners.model.FrameworkMethod$1.runReflectiveCall(FrameworkMethod.java:50)
	at org.junit.internal.runners.model.ReflectiveCallable.run(ReflectiveCallable.java:12)
	at org.junit.runners.model.FrameworkMethod.invokeExplosively(FrameworkMethod.java:47)
	at org.junit.internal.runners.statements.InvokeMethod.evaluate(InvokeMethod.java:17)
	at org.junit.internal.runners.statements.FailOnTimeout$CallableStatement.call(FailOnTimeout.java:298)
	at org.junit.internal.runners.statements.FailOnTimeout$CallableStatement.call(FailOnTimeout.java:292)
	at java.util.concurrent.FutureTask.run(FutureTask.java:266)
	at java.lang.Thread.run(Thread.java:748)
6) test15(org.apache.commons.lang3.time.FastDateParser_ESTest)
java.text.ParseException: (The ja_JP_JP_#u-ca-japanese locale does not support dates before 1868 AD)
Unparseable date: "GMTPRT" does not match \*
	at org.apache.commons.lang3.time.FastDateParser.parse(FastDateParser.java:254)
	at org.apache.commons.lang3.time.FastDateParser_ESTest.test15(FastDateParser_ESTest.java:230)
	at sun.reflect.NativeMethodAccessorImpl.invoke0(Native Method)
	at sun.reflect.NativeMethodAccessorImpl.invoke(NativeMethodAccessorImpl.java:62)
	at sun.reflect.DelegatingMethodAccessorImpl.invoke(DelegatingMethodAccessorImpl.java:43)
	at java.lang.reflect.Method.invoke(Method.java:498)
	at org.junit.runners.model.FrameworkMethod$1.runReflectiveCall(FrameworkMethod.java:50)
	at org.junit.internal.runners.model.ReflectiveCallable.run(ReflectiveCallable.java:12)
	at org.junit.runners.model.FrameworkMethod.invokeExplosively(FrameworkMethod.java:47)
	at org.junit.internal.runners.statements.InvokeMethod.evaluate(InvokeMethod.java:17)
	at org.junit.internal.runners.statements.FailOnTimeout$CallableStatement.call(FailOnTimeout.java:298)
	at org.junit.internal.runners.statements.FailOnTimeout$CallableStatement.call(FailOnTimeout.java:292)
	at java.util.concurrent.FutureTask.run(FutureTask.java:266)
	at java.lang.Thread.run(Thread.java:748)
7) test13(org.apache.commons.lang3.time.FastDateParser_ESTest)
java.lang.NullPointerException
	at java.util.concurrent.ConcurrentHashMap.get(ConcurrentHashMap.java:936)
	at java.util.Calendar.setWeekCountData(Calendar.java:3378)
	at java.util.Calendar.<init>(Calendar.java:1600)
	at java.util.GregorianCalendar.<init>(GregorianCalendar.java:625)
	at org.evosuite.runtime.mock.java.util.MockGregorianCalendar.<init>(MockGregorianCalendar.java:61)
	at org.evosuite.runtime.mock.java.util.MockCalendar.__createCalendar(MockCalendar.java:68)
	at org.evosuite.runtime.mock.java.util.MockCalendar.getInstance(MockCalendar.java:63)
	at org.apache.commons.lang3.time.FastDateParser.init(FastDateParser.java:116)
	at org.apache.commons.lang3.time.FastDateParser.<init>(FastDateParser.java:108)
	at org.apache.commons.lang3.time.FastDateParser_ESTest.test13(FastDateParser_ESTest.java:200)
	at sun.reflect.NativeMethodAccessorImpl.invoke0(Native Method)
	at sun.reflect.NativeMethodAccessorImpl.invoke(NativeMethodAccessorImpl.java:62)
	at sun.reflect.DelegatingMethodAccessorImpl.invoke(DelegatingMethodAccessorImpl.java:43)
	at java.lang.reflect.Method.invoke(Method.java:498)
	at org.junit.runners.model.FrameworkMethod$1.runReflectiveCall(FrameworkMethod.java:50)
	at org.junit.internal.runners.model.ReflectiveCallable.run(ReflectiveCallable.java:12)
	at org.junit.runners.model.FrameworkMethod.invokeExplosively(FrameworkMethod.java:47)
	at org.junit.internal.runners.statements.InvokeMethod.evaluate(InvokeMethod.java:17)
	at org.junit.internal.runners.statements.FailOnTimeout$CallableStatement.call(FailOnTimeout.java:298)
	at org.junit.internal.runners.statements.FailOnTimeout$CallableStatement.call(FailOnTimeout.java:292)
	at java.util.concurrent.FutureTask.run(FutureTask.java:266)
	at java.lang.Thread.run(Thread.java:748)
8) test08(org.apache.commons.lang3.time.FastDateParser_ESTest)
java.lang.NullPointerException
	at org.apache.commons.lang3.time.FastDateParser.parse(FastDateParser.java:277)
	at org.apache.commons.lang3.time.FastDateParser.parse(FastDateParser.java:250)
	at org.apache.commons.lang3.time.FastDateParser.parseObject(FastDateParser.java:242)
	at org.apache.commons.lang3.time.FastDateParser_ESTest.test08(FastDateParser_ESTest.java:121)
	at sun.reflect.NativeMethodAccessorImpl.invoke0(Native Method)
	at sun.reflect.NativeMethodAccessorImpl.invoke(NativeMethodAccessorImpl.java:62)
	at sun.reflect.DelegatingMethodAccessorImpl.invoke(DelegatingMethodAccessorImpl.java:43)
	at java.lang.reflect.Method.invoke(Method.java:498)
	at org.junit.runners.model.FrameworkMethod$1.runReflectiveCall(FrameworkMethod.java:50)
	at org.junit.internal.runners.model.ReflectiveCallable.run(ReflectiveCallable.java:12)
	at org.junit.runners.model.FrameworkMethod.invokeExplosively(FrameworkMethod.java:47)
	at org.junit.internal.runners.statements.InvokeMethod.evaluate(InvokeMethod.java:17)
	at org.junit.internal.runners.statements.FailOnTimeout$CallableStatement.call(FailOnTimeout.java:298)
	at org.junit.internal.runners.statements.FailOnTimeout$CallableStatement.call(FailOnTimeout.java:292)
	at java.util.concurrent.FutureTask.run(FutureTask.java:266)
	at java.lang.Thread.run(Thread.java:748)
9) test09(org.apache.commons.lang3.time.FastDateParser_ESTest)
java.lang.StringIndexOutOfBoundsException: String index out of range: -3686
	at java.lang.String.substring(String.java:1931)
	at org.apache.commons.lang3.time.FastDateParser.parse(FastDateParser.java:277)
	at org.apache.commons.lang3.time.FastDateParser_ESTest.test09(FastDateParser_ESTest.java:140)
	at sun.reflect.NativeMethodAccessorImpl.invoke0(Native Method)
	at sun.reflect.NativeMethodAccessorImpl.invoke(NativeMethodAccessorImpl.java:62)
	at sun.reflect.DelegatingMethodAccessorImpl.invoke(DelegatingMethodAccessorImpl.java:43)
	at java.lang.reflect.Method.invoke(Method.java:498)
	at org.junit.runners.model.FrameworkMethod$1.runReflectiveCall(FrameworkMethod.java:50)
	at org.junit.internal.runners.model.ReflectiveCallable.run(ReflectiveCallable.java:12)
	at org.junit.runners.model.FrameworkMethod.invokeExplosively(FrameworkMethod.java:47)
	at org.junit.internal.runners.statements.InvokeMethod.evaluate(InvokeMethod.java:17)
	at org.junit.internal.runners.statements.FailOnTimeout$CallableStatement.call(FailOnTimeout.java:298)
	at org.junit.internal.runners.statements.FailOnTimeout$CallableStatement.call(FailOnTimeout.java:292)
	at java.util.concurrent.FutureTask.run(FutureTask.java:266)
	at java.lang.Thread.run(Thread.java:748)
10) test07(org.apache.commons.lang3.time.FastDateParser_ESTest)
java.lang.NullPointerException
	at org.apache.commons.lang3.time.FastDateParser.parse(FastDateParser.java:276)
	at org.apache.commons.lang3.time.FastDateParser.parseObject(FastDateParser.java:268)
	at org.apache.commons.lang3.time.FastDateParser_ESTest.test07(FastDateParser_ESTest.java:103)
	at sun.reflect.NativeMethodAccessorImpl.invoke0(Native Method)
	at sun.reflect.NativeMethodAccessorImpl.invoke(NativeMethodAccessorImpl.java:62)
	at sun.reflect.DelegatingMethodAccessorImpl.invoke(DelegatingMethodAccessorImpl.java:43)
	at java.lang.reflect.Method.invoke(Method.java:498)
	at org.junit.runners.model.FrameworkMethod$1.runReflectiveCall(FrameworkMethod.java:50)
	at org.junit.internal.runners.model.ReflectiveCallable.run(ReflectiveCallable.java:12)
	at org.junit.runners.model.FrameworkMethod.invokeExplosively(FrameworkMethod.java:47)
	at org.junit.internal.runners.statements.InvokeMethod.evaluate(InvokeMethod.java:17)
	at org.junit.internal.runners.statements.FailOnTimeout$CallableStatement.call(FailOnTimeout.java:298)
	at org.junit.internal.runners.statements.FailOnTimeout$CallableStatement.call(FailOnTimeout.java:292)
	at java.util.concurrent.FutureTask.run(FutureTask.java:266)
	at java.lang.Thread.run(Thread.java:748)
11) test43(org.apache.commons.lang3.time.FastDateParser_ESTest)
org.evosuite.runtime.mock.java.lang.MockIllegalArgumentException: Invalid pattern
	at org.apache.commons.lang3.time.FastDateParser.init(FastDateParser.java:125)
	at org.apache.commons.lang3.time.FastDateParser.<init>(FastDateParser.java:108)
	at org.apache.commons.lang3.time.FastDateParser_ESTest.test43(FastDateParser_ESTest.java:505)
	at sun.reflect.NativeMethodAccessorImpl.invoke0(Native Method)
	at sun.reflect.NativeMethodAccessorImpl.invoke(NativeMethodAccessorImpl.java:62)
	at sun.reflect.DelegatingMethodAccessorImpl.invoke(DelegatingMethodAccessorImpl.java:43)
	at java.lang.reflect.Method.invoke(Method.java:498)
	at org.junit.runners.model.FrameworkMethod$1.runReflectiveCall(FrameworkMethod.java:50)
	at org.junit.internal.runners.model.ReflectiveCallable.run(ReflectiveCallable.java:12)
	at org.junit.runners.model.FrameworkMethod.invokeExplosively(FrameworkMethod.java:47)
	at org.junit.internal.runners.statements.InvokeMethod.evaluate(InvokeMethod.java:17)
	at org.junit.internal.runners.statements.FailOnTimeout$CallableStatement.call(FailOnTimeout.java:298)
	at org.junit.internal.runners.statements.FailOnTimeout$CallableStatement.call(FailOnTimeout.java:292)
	at java.util.concurrent.FutureTask.run(FutureTask.java:266)
	at java.lang.Thread.run(Thread.java:748)
12) test48(org.apache.commons.lang3.time.FastDateParser_ESTest)
java.lang.StringIndexOutOfBoundsException: String index out of range: -31
	at java.lang.String.substring(String.java:1931)
	at org.apache.commons.lang3.time.FastDateParser.parse(FastDateParser.java:277)
	at org.apache.commons.lang3.time.FastDateParser.parseObject(FastDateParser.java:268)
	at org.apache.commons.lang3.time.FastDateParser_ESTest.test48(FastDateParser_ESTest.java:562)
	at sun.reflect.NativeMethodAccessorImpl.invoke0(Native Method)
	at sun.reflect.NativeMethodAccessorImpl.invoke(NativeMethodAccessorImpl.java:62)
	at sun.reflect.DelegatingMethodAccessorImpl.invoke(DelegatingMethodAccessorImpl.java:43)
	at java.lang.reflect.Method.invoke(Method.java:498)
	at org.junit.runners.model.FrameworkMethod$1.runReflectiveCall(FrameworkMethod.java:50)
	at org.junit.internal.runners.model.ReflectiveCallable.run(ReflectiveCallable.java:12)
	at org.junit.runners.model.FrameworkMethod.invokeExplosively(FrameworkMethod.java:47)
	at org.junit.internal.runners.statements.InvokeMethod.evaluate(InvokeMethod.java:17)
	at org.junit.internal.runners.statements.FailOnTimeout$CallableStatement.call(FailOnTimeout.java:298)
	at org.junit.internal.runners.statements.FailOnTimeout$CallableStatement.call(FailOnTimeout.java:292)
	at java.util.concurrent.FutureTask.run(FutureTask.java:266)
	at java.lang.Thread.run(Thread.java:748)

FAILURES!!!
Tests run: 55,  Failures: 12

