* EvoSuite 1.1.1-SNAPSHOT
* Configuration: BBC-F0-opt-70
* Going to generate test cases for class: com.fasterxml.jackson.databind.deser.std.StringCollectionDeserializer
* Starting Client-0
* Connecting to master process on port 15197
* Analyzing classpath: 
  - subjects/buggy-versions/JacksonDatabind-112/target/classes
  - defects4j/framework/projects/JacksonDatabind/lib/com/fasterxml/jackson/core/jackson-annotations/2.9.0/jackson-annotations-2.9.0.jar
  - defects4j/framework/projects/JacksonDatabind/lib/com/fasterxml/jackson/core/jackson-core/2.9.9/jackson-core-2.9.9.jar
* Finished analyzing classpath
* Generating tests for class com.fasterxml.jackson.databind.deser.std.StringCollectionDeserializer
* Test criteria:
  - Line Coverage
  - Branch Coverage
  - Exception
  - Mutation testing (weak)
  - Method-Output Coverage
  - Top-Level Method Coverage
  - No-Exception Top-Level Method Coverage
  - Context Branch Coverage
* Total number of test goals for DYNAMOSA: 382
* Using seed 3839885684
* Starting evolution
bbc usage percentage is: 70%
* Initial Number of Goals in DynaMOSA = 135 / 382
[MASTER] 07:50:51.760 [logback-2] ERROR TestCluster - Failed to check cache for java.util.LinkedList<E> : Type points to itself
[MASTER] 07:50:53.677 [logback-2] ERROR TestCluster - Failed to check cache for java.util.HashMap<K, V> : Type points to itself
[MASTER] 07:50:56.224 [logback-2] ERROR TestCluster - Failed to check cache for com.fasterxml.jackson.databind.JsonDeserializer<T> : Type points to itself
[MASTER] 07:51:00.452 [logback-2] ERROR TestCluster - Failed to check cache for java.util.Enumeration<E> : Type points to itself
[MASTER] 07:51:07.936 [logback-2] ERROR TestCluster - Failed to check cache for java.util.Comparator<T> : Type points to itself
[MASTER] 07:51:09.660 [logback-1] WARN  TestChromosome - Functional mock problem: org.evosuite.ga.ConstructionFailedException: Failed to add constructor for com.fasterxml.jackson.databind.module.SimpleModule due to org.evosuite.ga.ConstructionFailedException: Failed to add constructor for com.fasterxml.jackson.databind.ObjectMapper due to org.evosuite.ga.ConstructionFailedException: Failed to add constructor for com.fasterxml.jackson.databind.deser.DefaultDeserializationContext$Impl due to org.evosuite.ga.ConstructionFailedException: Failed to add constructor for com.fasterxml.jackson.databind.deser.BeanDeserializerFactory due to org.evosuite.ga.ConstructionFailedException: Max recursion depth reached
[MASTER] 07:51:09.671 [logback-1] WARN  TestChromosome - Functional mock problem: org.evosuite.ga.ConstructionFailedException: Failed to add constructor for com.fasterxml.jackson.databind.module.SimpleModule due to org.evosuite.ga.ConstructionFailedException: Failed to add constructor for com.fasterxml.jackson.core.filter.FilteringGeneratorDelegate due to org.evosuite.ga.ConstructionFailedException: Failed to add constructor for com.fasterxml.jackson.core.util.JsonGeneratorDelegate due to org.evosuite.ga.ConstructionFailedException: Failed to add constructor for com.fasterxml.jackson.core.json.UTF8JsonGenerator due to org.evosuite.ga.ConstructionFailedException: Failed to add constructor for com.fasterxml.jackson.core.io.IOContext due to org.evosuite.ga.ConstructionFailedException: Max recursion depth reached
[MASTER] 07:51:09.805 [logback-1] WARN  TestChromosome - Functional mock problem: org.evosuite.ga.ConstructionFailedException: Failed to add constructor for com.fasterxml.jackson.databind.module.SimpleModule due to org.evosuite.ga.ConstructionFailedException: Error: VariableReference: Statement 11, type java.util.LinkedList<com.fasterxml.jackson.databind.JsonSerializer<java.lang.Integer>> is not assignable to java.util.List<com.fasterxml.jackson.databind.JsonSerializer<?>>
[MASTER] 07:51:10.296 [logback-1] WARN  TestChromosome - Functional mock problem: org.evosuite.ga.ConstructionFailedException: Failed to add constructor for com.fasterxml.jackson.databind.module.SimpleModule due to org.evosuite.ga.ConstructionFailedException: Failed to add constructor for com.fasterxml.jackson.core.json.UTF8JsonGenerator due to org.evosuite.ga.ConstructionFailedException: Failed to add constructor for java.io.DataOutputStream due to org.evosuite.ga.ConstructionFailedException: Failed to add constructor for java.io.ObjectOutputStream due to org.evosuite.ga.ConstructionFailedException: Max recursion depth reached
[MASTER] 07:51:10.322 [logback-2] ERROR TestCluster - Failed to check cache for com.fasterxml.jackson.annotation.ObjectIdGenerator<T> : Type points to itself
[MASTER] 07:51:10.367 [logback-1] WARN  TestChromosome - Functional mock problem: org.evosuite.ga.ConstructionFailedException: Failed to add constructor for com.fasterxml.jackson.databind.module.SimpleModule due to org.evosuite.ga.ConstructionFailedException: Error: VariableReference: Statement 7, type java.util.HashMap<java.lang.Class<com.fasterxml.jackson.databind.JavaType>, com.fasterxml.jackson.databind.JsonDeserializer<com.fasterxml.jackson.databind.Module>> is not assignable to java.util.Map<java.lang.Class<?>, com.fasterxml.jackson.databind.JsonDeserializer<?>>
[MASTER] 07:51:10.453 [logback-2] ERROR TestCluster - Failed to check cache for com.fasterxml.jackson.databind.JsonSerializer<T> : Type points to itself
[MASTER] 07:51:10.853 [logback-1] WARN  TestChromosome - Functional mock problem: org.evosuite.ga.ConstructionFailedException: Failed to add constructor for com.fasterxml.jackson.databind.module.SimpleModule due to org.evosuite.ga.ConstructionFailedException: Error: VariableReference: Statement 7, type java.util.HashMap<java.lang.Class<java.lang.String>, com.fasterxml.jackson.databind.JsonDeserializer<java.lang.Object>> is not assignable to java.util.Map<java.lang.Class<?>, com.fasterxml.jackson.databind.JsonDeserializer<?>>
[MASTER] 07:51:11.011 [logback-1] WARN  TestChromosome - Functional mock problem: org.evosuite.ga.ConstructionFailedException: Failed to add constructor for com.fasterxml.jackson.databind.module.SimpleModule due to org.evosuite.ga.ConstructionFailedException: Error: VariableReference: Statement 11, type java.util.ArrayList<com.fasterxml.jackson.databind.JsonSerializer<java.lang.Integer>> is not assignable to java.util.List<com.fasterxml.jackson.databind.JsonSerializer<?>>
[MASTER] 07:51:13.181 [logback-1] WARN  TestChromosome - Functional mock problem: org.evosuite.ga.ConstructionFailedException: Failed to add constructor for com.fasterxml.jackson.databind.deser.BeanDeserializer due to org.evosuite.ga.ConstructionFailedException: Failed to add constructor for com.fasterxml.jackson.databind.deser.BeanDeserializerBuilder due to org.evosuite.ga.ConstructionFailedException: Failed to add constructor for com.fasterxml.jackson.databind.deser.DefaultDeserializationContext$Impl due to org.evosuite.ga.ConstructionFailedException: Failed to add constructor for com.fasterxml.jackson.databind.deser.BeanDeserializerFactory due to org.evosuite.ga.ConstructionFailedException: Max recursion depth reached
[MASTER] 07:51:14.977 [logback-1] WARN  TestChromosome - Functional mock problem: org.evosuite.ga.ConstructionFailedException: Failed to add constructor for com.fasterxml.jackson.databind.deser.CreatorProperty due to org.evosuite.ga.ConstructionFailedException: Failed to add constructor for com.fasterxml.jackson.databind.jsontype.impl.AsPropertyTypeDeserializer due to org.evosuite.ga.ConstructionFailedException: Invalid generic instance
[MASTER] 07:51:15.126 [logback-1] WARN  TestChromosome - Functional mock problem: org.evosuite.ga.ConstructionFailedException: Failed to add constructor for com.fasterxml.jackson.databind.deser.CreatorProperty due to org.evosuite.ga.ConstructionFailedException: Invalid generic instance
[MASTER] 07:51:15.130 [logback-1] WARN  TestChromosome - Functional mock problem: org.evosuite.ga.ConstructionFailedException: Failed to add constructor for com.fasterxml.jackson.databind.deser.std.StringCollectionDeserializer due to org.evosuite.ga.ConstructionFailedException: Failed to add constructor for com.fasterxml.jackson.databind.deser.BeanDeserializer due to org.evosuite.ga.ConstructionFailedException: Failed to add constructor for com.fasterxml.jackson.databind.deser.BeanDeserializerBuilder due to org.evosuite.ga.ConstructionFailedException: Max recursion depth reached
[MASTER] 07:51:15.164 [logback-1] WARN  TestChromosome - Functional mock problem: org.evosuite.ga.ConstructionFailedException: Failed to add constructor for com.fasterxml.jackson.databind.deser.CreatorProperty due to org.evosuite.ga.ConstructionFailedException: Failed to add constructor for com.fasterxml.jackson.databind.DeserializationConfig due to org.evosuite.ga.ConstructionFailedException: Failed to add constructor for com.fasterxml.jackson.databind.cfg.BaseSettings due to org.evosuite.ga.ConstructionFailedException: Max recursion depth reached
[MASTER] 07:51:15.189 [logback-1] WARN  TestChromosome - Functional mock problem: org.evosuite.ga.ConstructionFailedException: Failed to add constructor for com.fasterxml.jackson.databind.deser.std.StringCollectionDeserializer due to org.evosuite.ga.ConstructionFailedException: Failed to add constructor for com.fasterxml.jackson.databind.DeserializationConfig due to org.evosuite.ga.ConstructionFailedException: Failed to add constructor for com.fasterxml.jackson.databind.cfg.BaseSettings due to org.evosuite.ga.ConstructionFailedException: Invalid generic instance
[MASTER] 07:51:15.280 [logback-1] WARN  TestChromosome - Functional mock problem: org.evosuite.ga.ConstructionFailedException: Failed to add constructor for com.fasterxml.jackson.databind.deser.CreatorProperty due to org.evosuite.ga.ConstructionFailedException: Failed to add constructor for com.fasterxml.jackson.databind.introspect.AnnotationCollector$OneAnnotation due to org.evosuite.ga.ConstructionFailedException: Failed to add constructor for com.fasterxml.jackson.databind.ser.BeanPropertyWriter due to org.evosuite.ga.ConstructionFailedException: Failed to add constructor for com.fasterxml.jackson.databind.introspect.POJOPropertyBuilder due to org.evosuite.ga.ConstructionFailedException: Invalid generic instance
[MASTER] 07:51:15.332 [logback-1] WARN  TestChromosome - Functional mock problem: org.evosuite.ga.ConstructionFailedException: Failed to add constructor for com.fasterxml.jackson.databind.deser.CreatorProperty due to org.evosuite.ga.ConstructionFailedException: Failed to add constructor for com.fasterxml.jackson.databind.introspect.POJOPropertyBuilder due to org.evosuite.ga.ConstructionFailedException: Invalid generic instance
[MASTER] 07:51:15.355 [logback-1] WARN  TestChromosome - Functional mock problem: org.evosuite.ga.ConstructionFailedException: Failed to add constructor for com.fasterxml.jackson.databind.deser.std.StringCollectionDeserializer due to org.evosuite.ga.ConstructionFailedException: Invalid generic instance
[MASTER] 07:51:15.687 [logback-1] WARN  TestChromosome - Functional mock problem: org.evosuite.ga.ConstructionFailedException: Failed to add constructor for com.fasterxml.jackson.databind.deser.CreatorProperty due to org.evosuite.ga.ConstructionFailedException: Failed to add constructor for com.fasterxml.jackson.databind.jsontype.impl.AsPropertyTypeDeserializer due to org.evosuite.ga.ConstructionFailedException: Failed to add constructor for com.fasterxml.jackson.databind.DeserializationConfig due to org.evosuite.ga.ConstructionFailedException: Failed to add constructor for com.fasterxml.jackson.databind.cfg.BaseSettings due to org.evosuite.ga.ConstructionFailedException: Invalid generic instance
[MASTER] 07:51:16.302 [logback-1] WARN  TestChromosome - Functional mock problem: org.evosuite.ga.ConstructionFailedException: Failed to add constructor for com.fasterxml.jackson.databind.deser.BeanDeserializerBuilder due to org.evosuite.ga.ConstructionFailedException: Failed to add constructor for com.fasterxml.jackson.databind.DeserializationConfig due to org.evosuite.ga.ConstructionFailedException: Failed to add constructor for com.fasterxml.jackson.databind.cfg.BaseSettings due to org.evosuite.ga.ConstructionFailedException: Max recursion depth reached
[MASTER] 07:51:17.090 [logback-1] WARN  TestChromosome - Functional mock problem: org.evosuite.ga.ConstructionFailedException: Failed to add constructor for com.fasterxml.jackson.databind.deser.BeanDeserializer due to org.evosuite.ga.ConstructionFailedException: Failed to add constructor for com.fasterxml.jackson.databind.deser.BuilderBasedDeserializer due to org.evosuite.ga.ConstructionFailedException: Failed to add constructor for com.fasterxml.jackson.databind.deser.BuilderBasedDeserializer due to org.evosuite.ga.ConstructionFailedException: Failed to add constructor for com.fasterxml.jackson.databind.deser.BeanDeserializerBuilder due to org.evosuite.ga.ConstructionFailedException: Max recursion depth reached
[MASTER] 07:51:18.225 [logback-1] WARN  TestChromosome - Functional mock problem: org.evosuite.ga.ConstructionFailedException: Failed to add constructor for com.fasterxml.jackson.databind.deser.AbstractDeserializer due to org.evosuite.ga.ConstructionFailedException: Failed to add constructor for com.fasterxml.jackson.databind.deser.BeanDeserializerBuilder due to org.evosuite.ga.ConstructionFailedException: Invalid generic instance
[MASTER] 07:51:18.257 [logback-1] WARN  TestChromosome - Functional mock problem: org.evosuite.ga.ConstructionFailedException: Failed to add constructor for com.fasterxml.jackson.databind.deser.BeanDeserializerBuilder due to org.evosuite.ga.ConstructionFailedException: Have no generator for class com.fasterxml.jackson.databind.deser.DefaultDeserializationContext$Impl canUseFunctionalMocks=false, canBeMocked: true
[MASTER] 07:51:18.443 [logback-1] WARN  TestChromosome - Functional mock problem: org.evosuite.ga.ConstructionFailedException: Failed to add constructor for com.fasterxml.jackson.databind.deser.CreatorProperty due to org.evosuite.ga.ConstructionFailedException: Failed to add constructor for com.fasterxml.jackson.databind.ser.BeanPropertyWriter due to org.evosuite.ga.ConstructionFailedException: Failed to add constructor for com.fasterxml.jackson.databind.introspect.POJOPropertyBuilder due to org.evosuite.ga.ConstructionFailedException: Invalid generic instance
[MASTER] 07:51:18.500 [logback-1] WARN  TestChromosome - Functional mock problem: org.evosuite.ga.ConstructionFailedException: Failed to add constructor for com.fasterxml.jackson.databind.deser.CreatorProperty due to org.evosuite.ga.ConstructionFailedException: Max recursion depth reached
[MASTER] 07:51:18.560 [logback-1] WARN  TestChromosome - Functional mock problem: org.evosuite.ga.ConstructionFailedException: Failed to add constructor for com.fasterxml.jackson.databind.deser.BeanDeserializer due to org.evosuite.ga.ConstructionFailedException: Failed to add constructor for com.fasterxml.jackson.databind.deser.BuilderBasedDeserializer due to org.evosuite.ga.ConstructionFailedException: Failed to add constructor for com.fasterxml.jackson.databind.deser.BuilderBasedDeserializer due to org.evosuite.ga.ConstructionFailedException: Failed to add constructor for com.fasterxml.jackson.databind.deser.BuilderBasedDeserializer due to org.evosuite.ga.ConstructionFailedException: Failed to add constructor for com.fasterxml.jackson.databind.deser.BeanDeserializerBuilder due to org.evosuite.ga.ConstructionFailedException: Max recursion depth reached
[MASTER] 07:51:18.976 [logback-1] WARN  TestChromosome - Functional mock problem: org.evosuite.ga.ConstructionFailedException: Failed to add constructor for com.fasterxml.jackson.databind.deser.CreatorProperty due to org.evosuite.ga.ConstructionFailedException: Failed to add constructor for com.fasterxml.jackson.databind.jsontype.impl.AsExternalTypeDeserializer due to org.evosuite.ga.ConstructionFailedException: Failed to add constructor for com.fasterxml.jackson.databind.jsontype.impl.AsExternalTypeDeserializer due to org.evosuite.ga.ConstructionFailedException: Invalid generic instance
[MASTER] 07:51:19.271 [logback-1] WARN  TestChromosome - Functional mock problem: org.evosuite.ga.ConstructionFailedException: Failed to add constructor for com.fasterxml.jackson.databind.deser.CreatorProperty due to org.evosuite.ga.ConstructionFailedException: Failed to add constructor for com.fasterxml.jackson.databind.ser.BeanSerializerBuilder due to org.evosuite.ga.ConstructionFailedException: Max recursion depth reached
[MASTER] 07:51:19.327 [logback-1] WARN  TestChromosome - Functional mock problem: org.evosuite.ga.ConstructionFailedException: Failed to add constructor for com.fasterxml.jackson.databind.ser.BeanPropertyWriter due to org.evosuite.ga.ConstructionFailedException: Failed to add constructor for com.fasterxml.jackson.databind.introspect.POJOPropertyBuilder due to org.evosuite.ga.ConstructionFailedException: Invalid generic instance
[MASTER] 07:51:19.427 [logback-1] WARN  TestChromosome - Functional mock problem: org.evosuite.ga.ConstructionFailedException: Failed to add constructor for com.fasterxml.jackson.databind.deser.BeanDeserializer due to org.evosuite.ga.ConstructionFailedException: Failed to add constructor for com.fasterxml.jackson.databind.deser.BuilderBasedDeserializer due to org.evosuite.ga.ConstructionFailedException: Failed to add constructor for com.fasterxml.jackson.databind.deser.BuilderBasedDeserializer due to org.evosuite.ga.ConstructionFailedException: Failed to add constructor for com.fasterxml.jackson.databind.deser.CreatorProperty due to org.evosuite.ga.ConstructionFailedException: Max recursion depth reached
[MASTER] 07:51:19.692 [logback-1] WARN  TestChromosome - Functional mock problem: org.evosuite.ga.ConstructionFailedException: Failed to add constructor for com.fasterxml.jackson.databind.deser.CreatorProperty due to org.evosuite.ga.ConstructionFailedException: Have no generator for class com.fasterxml.jackson.databind.introspect.BasicClassIntrospector canUseFunctionalMocks=false, canBeMocked: true
[MASTER] 07:51:19.718 [logback-1] WARN  TestChromosome - Functional mock problem: org.evosuite.ga.ConstructionFailedException: Failed to add constructor for com.fasterxml.jackson.databind.deser.CreatorProperty due to org.evosuite.ga.ConstructionFailedException: Failed to add constructor for com.fasterxml.jackson.databind.jsontype.impl.AsExternalTypeDeserializer due to org.evosuite.ga.ConstructionFailedException: Invalid generic instance
[MASTER] 07:51:19.984 [logback-1] WARN  TestChromosome - Functional mock problem: org.evosuite.ga.ConstructionFailedException: Failed to add constructor for com.fasterxml.jackson.databind.deser.CreatorProperty due to org.evosuite.ga.ConstructionFailedException: Failed to add constructor for com.fasterxml.jackson.databind.introspect.AnnotatedParameter due to org.evosuite.ga.ConstructionFailedException: Failed to add constructor for com.fasterxml.jackson.databind.introspect.AnnotatedConstructor due to org.evosuite.ga.ConstructionFailedException: Have no generator for java.lang.reflect.Constructor<java.lang.String> canUseFunctionalMocks=true, canBeMocked: false
[MASTER] 07:51:20.149 [logback-1] WARN  TestChromosome - Functional mock problem: org.evosuite.ga.ConstructionFailedException: Failed to add constructor for com.fasterxml.jackson.databind.deser.BeanDeserializer due to org.evosuite.ga.ConstructionFailedException: Failed to add constructor for com.fasterxml.jackson.databind.deser.BeanDeserializerBuilder due to org.evosuite.ga.ConstructionFailedException: Invalid generic instance
[MASTER] 07:51:20.205 [logback-1] WARN  TestChromosome - Functional mock problem: org.evosuite.ga.ConstructionFailedException: Failed to add constructor for com.fasterxml.jackson.databind.deser.BeanDeserializer due to org.evosuite.ga.ConstructionFailedException: Failed to add constructor for com.fasterxml.jackson.databind.deser.CreatorProperty due to org.evosuite.ga.ConstructionFailedException: Failed to add constructor for com.fasterxml.jackson.databind.jsontype.impl.AsArrayTypeDeserializer due to org.evosuite.ga.ConstructionFailedException: Failed to add constructor for com.fasterxml.jackson.databind.BeanProperty$Std due to org.evosuite.ga.ConstructionFailedException: Max recursion depth reached
[MASTER] 07:51:22.162 [logback-2] ERROR TestCluster - Failed to check cache for java.lang.Class<T> : Type points to itself
[MASTER] 07:51:23.506 [logback-1] WARN  TestChromosome - Functional mock problem: org.evosuite.ga.ConstructionFailedException: Failed to add constructor for com.fasterxml.jackson.databind.deser.CreatorProperty due to org.evosuite.ga.ConstructionFailedException: Failed to add constructor for com.fasterxml.jackson.databind.DeserializationConfig due to org.evosuite.ga.ConstructionFailedException: Failed to add constructor for com.fasterxml.jackson.databind.cfg.BaseSettings due to org.evosuite.ga.ConstructionFailedException: Invalid generic instance
[MASTER] 07:51:24.599 [logback-1] WARN  TestChromosome - Functional mock problem: org.evosuite.ga.ConstructionFailedException: Failed to add constructor for com.fasterxml.jackson.databind.deser.BeanDeserializerBuilder due to org.evosuite.ga.ConstructionFailedException: Failed to add constructor for com.fasterxml.jackson.databind.DeserializationConfig due to org.evosuite.ga.ConstructionFailedException: Failed to add constructor for com.fasterxml.jackson.databind.cfg.BaseSettings due to org.evosuite.ga.ConstructionFailedException: Invalid generic instance
[MASTER] 07:51:24.772 [logback-1] WARN  TestChromosome - Functional mock problem: org.evosuite.ga.ConstructionFailedException: Invalid generic instance
[MASTER] 07:51:25.113 [logback-1] WARN  TestChromosome - Functional mock problem: org.evosuite.ga.ConstructionFailedException: Failed to add constructor for com.fasterxml.jackson.databind.deser.CreatorProperty due to org.evosuite.ga.ConstructionFailedException: Failed to add constructor for com.fasterxml.jackson.databind.jsontype.impl.AsWrapperTypeDeserializer due to org.evosuite.ga.ConstructionFailedException: Invalid generic instance
[MASTER] 07:51:25.212 [logback-1] WARN  TestChromosome - Functional mock problem: org.evosuite.ga.ConstructionFailedException: Failed to add constructor for com.fasterxml.jackson.databind.deser.CreatorProperty due to org.evosuite.ga.ConstructionFailedException: Failed to add constructor for com.fasterxml.jackson.databind.DeserializationConfig due to org.evosuite.ga.ConstructionFailedException: Failed to add constructor for com.fasterxml.jackson.databind.introspect.SimpleMixInResolver due to org.evosuite.ga.ConstructionFailedException: Failed to add constructor for com.fasterxml.jackson.databind.SerializationConfig due to org.evosuite.ga.ConstructionFailedException: Max recursion depth reached
[MASTER] 07:51:25.225 [logback-1] WARN  TestChromosome - Functional mock problem: org.evosuite.ga.ConstructionFailedException: Failed to add constructor for com.fasterxml.jackson.databind.deser.CreatorProperty due to org.evosuite.ga.ConstructionFailedException: Failed to add constructor for com.fasterxml.jackson.databind.jsontype.impl.AsPropertyTypeDeserializer due to org.evosuite.ga.ConstructionFailedException: Failed to add constructor for com.fasterxml.jackson.databind.ser.BeanPropertyWriter due to org.evosuite.ga.ConstructionFailedException: Failed to add constructor for com.fasterxml.jackson.databind.introspect.POJOPropertyBuilder due to org.evosuite.ga.ConstructionFailedException: Invalid generic instance
[MASTER] 07:51:25.364 [logback-1] WARN  TestChromosome - Functional mock problem: org.evosuite.ga.ConstructionFailedException: Failed to add constructor for com.fasterxml.jackson.databind.deser.CreatorProperty due to org.evosuite.ga.ConstructionFailedException: Failed to add constructor for com.fasterxml.jackson.databind.introspect.AnnotatedConstructor due to org.evosuite.ga.ConstructionFailedException: Failed to add constructor for com.fasterxml.jackson.databind.introspect.TypeResolutionContext$Basic due to org.evosuite.ga.ConstructionFailedException: Max recursion depth reached
[MASTER] 07:51:25.377 [logback-1] WARN  TestChromosome - Functional mock problem: org.evosuite.ga.ConstructionFailedException: Failed to add constructor for com.fasterxml.jackson.databind.deser.AbstractDeserializer due to org.evosuite.ga.ConstructionFailedException: Failed to add constructor for com.fasterxml.jackson.databind.deser.BeanDeserializerBuilder due to org.evosuite.ga.ConstructionFailedException: Have no generator for class com.fasterxml.jackson.databind.deser.DefaultDeserializationContext$Impl canUseFunctionalMocks=false, canBeMocked: true
[MASTER] 07:51:25.424 [logback-1] WARN  TestChromosome - Functional mock problem: org.evosuite.ga.ConstructionFailedException: Failed to add constructor for com.fasterxml.jackson.databind.deser.BeanDeserializer due to org.evosuite.ga.ConstructionFailedException: Failed to add constructor for com.fasterxml.jackson.databind.deser.BuilderBasedDeserializer due to org.evosuite.ga.ConstructionFailedException: Failed to add constructor for com.fasterxml.jackson.databind.deser.BeanDeserializerBuilder due to org.evosuite.ga.ConstructionFailedException: Failed to add constructor for com.fasterxml.jackson.databind.deser.DefaultDeserializationContext$Impl due to org.evosuite.ga.ConstructionFailedException: Max recursion depth reached
[MASTER] 07:51:25.762 [logback-1] WARN  TestChromosome - Functional mock problem: org.evosuite.ga.ConstructionFailedException: Failed to add constructor for com.fasterxml.jackson.databind.deser.BeanDeserializer due to org.evosuite.ga.ConstructionFailedException: Failed to add constructor for com.fasterxml.jackson.databind.deser.BeanDeserializer due to org.evosuite.ga.ConstructionFailedException: Failed to add constructor for com.fasterxml.jackson.databind.deser.BeanDeserializer due to org.evosuite.ga.ConstructionFailedException: Failed to add constructor for com.fasterxml.jackson.databind.deser.BeanDeserializerBuilder due to org.evosuite.ga.ConstructionFailedException: Invalid generic instance
[MASTER] 07:51:26.055 [logback-1] WARN  TestChromosome - Functional mock problem: org.evosuite.ga.ConstructionFailedException: Failed to add constructor for com.fasterxml.jackson.databind.deser.CreatorProperty due to org.evosuite.ga.ConstructionFailedException: Have no generator for class com.fasterxml.jackson.databind.introspect.AnnotatedClass canUseFunctionalMocks=false, canBeMocked: true
[MASTER] 07:51:26.469 [logback-1] WARN  TestChromosome - Functional mock problem: org.evosuite.ga.ConstructionFailedException: Failed to add constructor for com.fasterxml.jackson.databind.deser.CreatorProperty due to org.evosuite.ga.ConstructionFailedException: Failed to add constructor for com.fasterxml.jackson.databind.introspect.AnnotationCollector$OneAnnotation due to org.evosuite.ga.ConstructionFailedException: Failed to add constructor for com.fasterxml.jackson.databind.introspect.VirtualAnnotatedMember due to org.evosuite.ga.ConstructionFailedException: Failed to add constructor for com.fasterxml.jackson.databind.introspect.TypeResolutionContext$Basic due to org.evosuite.ga.ConstructionFailedException: Max recursion depth reached
[MASTER] 07:51:26.804 [logback-1] WARN  TestChromosome - Functional mock problem: org.evosuite.ga.ConstructionFailedException: Failed to add constructor for com.fasterxml.jackson.databind.deser.BeanDeserializer due to org.evosuite.ga.ConstructionFailedException: Failed to add constructor for com.fasterxml.jackson.databind.DeserializationConfig due to org.evosuite.ga.ConstructionFailedException: Failed to add constructor for com.fasterxml.jackson.databind.introspect.SimpleMixInResolver due to org.evosuite.ga.ConstructionFailedException: Failed to add constructor for com.fasterxml.jackson.databind.SerializationConfig due to org.evosuite.ga.ConstructionFailedException: Max recursion depth reached
[MASTER] 07:51:26.932 [logback-1] WARN  TestChromosome - Functional mock problem: org.evosuite.ga.ConstructionFailedException: Failed to add constructor for com.fasterxml.jackson.databind.deser.CreatorProperty due to org.evosuite.ga.ConstructionFailedException: Failed to add constructor for com.fasterxml.jackson.databind.DeserializationConfig due to org.evosuite.ga.ConstructionFailedException: Failed to add constructor for com.fasterxml.jackson.databind.cfg.BaseSettings due to org.evosuite.ga.ConstructionFailedException: Have no generator for class com.fasterxml.jackson.databind.introspect.BasicClassIntrospector canUseFunctionalMocks=false, canBeMocked: true
[MASTER] 07:51:27.103 [logback-1] WARN  TestChromosome - Functional mock problem: org.evosuite.ga.ConstructionFailedException: Failed to add constructor for com.fasterxml.jackson.databind.deser.CreatorProperty due to org.evosuite.ga.ConstructionFailedException: Failed to add constructor for com.fasterxml.jackson.databind.introspect.AnnotatedParameter due to org.evosuite.ga.ConstructionFailedException: Failed to add constructor for com.fasterxml.jackson.databind.introspect.TypeResolutionContext$Basic due to org.evosuite.ga.ConstructionFailedException: Max recursion depth reached
[MASTER] 07:51:27.407 [logback-1] WARN  TestChromosome - Functional mock problem: org.evosuite.ga.ConstructionFailedException: Failed to add constructor for com.fasterxml.jackson.databind.deser.BeanDeserializer due to org.evosuite.ga.ConstructionFailedException: Failed to add constructor for com.fasterxml.jackson.databind.deser.CreatorProperty due to org.evosuite.ga.ConstructionFailedException: Failed to add constructor for com.fasterxml.jackson.databind.introspect.AnnotationCollector$TwoAnnotations due to org.evosuite.ga.ConstructionFailedException: Have no generator for class com.fasterxml.jackson.databind.deser.CreatorProperty canUseFunctionalMocks=false, canBeMocked: true
[MASTER] 07:51:27.693 [logback-1] WARN  TestChromosome - Functional mock problem: org.evosuite.ga.ConstructionFailedException: Failed to add constructor for com.fasterxml.jackson.databind.deser.BeanDeserializer due to org.evosuite.ga.ConstructionFailedException: Failed to add constructor for com.fasterxml.jackson.databind.deser.BeanDeserializerBuilder due to org.evosuite.ga.ConstructionFailedException: Failed to add constructor for com.fasterxml.jackson.databind.ObjectMapper due to org.evosuite.ga.ConstructionFailedException: Failed to add constructor for com.fasterxml.jackson.core.JsonFactory due to org.evosuite.ga.ConstructionFailedException: Max recursion depth reached
[MASTER] 07:51:28.121 [logback-1] WARN  TestChromosome - Functional mock problem: org.evosuite.ga.ConstructionFailedException: Have no generator for class com.fasterxml.jackson.databind.introspect.BasicClassIntrospector canUseFunctionalMocks=false, canBeMocked: true
[MASTER] 07:51:28.536 [logback-1] WARN  TestChromosome - Functional mock problem: org.evosuite.ga.ConstructionFailedException: Failed to add constructor for com.fasterxml.jackson.databind.deser.CreatorProperty due to org.evosuite.ga.ConstructionFailedException: Failed to add constructor for com.fasterxml.jackson.databind.jsontype.impl.AsArrayTypeDeserializer due to org.evosuite.ga.ConstructionFailedException: Failed to add constructor for com.fasterxml.jackson.databind.jsontype.impl.AsPropertyTypeDeserializer due to org.evosuite.ga.ConstructionFailedException: Failed to add constructor for com.fasterxml.jackson.databind.jsontype.impl.AsPropertyTypeDeserializer due to org.evosuite.ga.ConstructionFailedException: Failed to add constructor for com.fasterxml.jackson.databind.jsontype.impl.ClassNameIdResolver due to org.evosuite.ga.ConstructionFailedException: Max recursion depth reached
[MASTER] 07:51:28.776 [logback-1] WARN  TestChromosome - Functional mock problem: org.evosuite.ga.ConstructionFailedException: Failed to add constructor for com.fasterxml.jackson.databind.deser.BeanDeserializer due to org.evosuite.ga.ConstructionFailedException: Failed to add constructor for com.fasterxml.jackson.databind.deser.BeanDeserializer due to org.evosuite.ga.ConstructionFailedException: Failed to add constructor for com.fasterxml.jackson.databind.deser.BuilderBasedDeserializer due to org.evosuite.ga.ConstructionFailedException: Failed to add constructor for com.fasterxml.jackson.databind.deser.BuilderBasedDeserializer due to org.evosuite.ga.ConstructionFailedException: Max recursion depth reached
[MASTER] 07:51:29.044 [logback-1] WARN  TestChromosome - Functional mock problem: org.evosuite.ga.ConstructionFailedException: Failed to add constructor for com.fasterxml.jackson.databind.DeserializationConfig due to org.evosuite.ga.ConstructionFailedException: Failed to add constructor for com.fasterxml.jackson.databind.cfg.BaseSettings due to org.evosuite.ga.ConstructionFailedException: Max recursion depth reached
[MASTER] 07:51:29.373 [logback-1] WARN  TestChromosome - Functional mock problem: org.evosuite.ga.ConstructionFailedException: Have no generator for class com.fasterxml.jackson.databind.deser.BeanDeserializerBuilder canUseFunctionalMocks=false, canBeMocked: true
[MASTER] 07:51:31.157 [logback-2] ERROR TestCluster - Failed to check cache for java.util.List<E> : Type points to itself
[MASTER] 07:51:32.456 [logback-1] WARN  TestChromosome - Functional mock problem: org.evosuite.ga.ConstructionFailedException: Failed to add constructor for com.fasterxml.jackson.databind.deser.BeanDeserializer due to org.evosuite.ga.ConstructionFailedException: Failed to add constructor for com.fasterxml.jackson.databind.deser.BeanDeserializer due to org.evosuite.ga.ConstructionFailedException: Failed to add constructor for com.fasterxml.jackson.databind.deser.BuilderBasedDeserializer due to org.evosuite.ga.ConstructionFailedException: Failed to add constructor for com.fasterxml.jackson.databind.deser.BuilderBasedDeserializer due to org.evosuite.ga.ConstructionFailedException: Failed to add constructor for com.fasterxml.jackson.databind.deser.BuilderBasedDeserializer due to org.evosuite.ga.ConstructionFailedException: Max recursion depth reached
[MASTER] 07:51:33.012 [logback-1] WARN  TestChromosome - Functional mock problem: org.evosuite.ga.ConstructionFailedException: Failed to add constructor for com.fasterxml.jackson.databind.deser.BeanDeserializerBuilder due to org.evosuite.ga.ConstructionFailedException: Failed to add constructor for com.fasterxml.jackson.databind.SerializationConfig due to org.evosuite.ga.ConstructionFailedException: Failed to add constructor for com.fasterxml.jackson.databind.cfg.BaseSettings due to org.evosuite.ga.ConstructionFailedException: Max recursion depth reached
[MASTER] 07:51:34.493 [logback-1] WARN  TestChromosome - Functional mock problem: org.evosuite.ga.ConstructionFailedException: Failed to add constructor for com.fasterxml.jackson.databind.deser.BeanDeserializerBuilder due to org.evosuite.ga.ConstructionFailedException: Max recursion depth reached
[MASTER] 07:51:34.586 [logback-1] WARN  TestChromosome - Functional mock problem: org.evosuite.ga.ConstructionFailedException: Failed to add constructor for com.fasterxml.jackson.databind.deser.BeanDeserializer due to org.evosuite.ga.ConstructionFailedException: Failed to add constructor for com.fasterxml.jackson.databind.deser.BuilderBasedDeserializer due to org.evosuite.ga.ConstructionFailedException: Failed to add constructor for com.fasterxml.jackson.databind.deser.BuilderBasedDeserializer due to org.evosuite.ga.ConstructionFailedException: Failed to add constructor for com.fasterxml.jackson.databind.deser.BuilderBasedDeserializer due to org.evosuite.ga.ConstructionFailedException: Max recursion depth reached
[MASTER] 07:51:35.290 [logback-1] WARN  TestChromosome - Functional mock problem: org.evosuite.ga.ConstructionFailedException: Failed to add constructor for com.fasterxml.jackson.databind.deser.BeanDeserializer due to org.evosuite.ga.ConstructionFailedException: Failed to add constructor for com.fasterxml.jackson.databind.deser.CreatorProperty due to org.evosuite.ga.ConstructionFailedException: Failed to add constructor for com.fasterxml.jackson.databind.jsontype.impl.AsPropertyTypeDeserializer due to org.evosuite.ga.ConstructionFailedException: Max recursion depth reached
[MASTER] 07:51:35.330 [logback-1] WARN  TestChromosome - Functional mock problem: org.evosuite.ga.ConstructionFailedException: Failed to add constructor for com.fasterxml.jackson.databind.deser.BeanDeserializerBuilder due to org.evosuite.ga.ConstructionFailedException: Invalid generic instance
[MASTER] 07:51:35.783 [logback-1] WARN  TestChromosome - Functional mock problem: org.evosuite.ga.ConstructionFailedException: Failed to add constructor for com.fasterxml.jackson.databind.ser.BeanPropertyWriter due to org.evosuite.ga.ConstructionFailedException: Failed to add constructor for com.fasterxml.jackson.databind.introspect.VirtualAnnotatedMember due to org.evosuite.ga.ConstructionFailedException: Failed to add constructor for com.fasterxml.jackson.databind.introspect.TypeResolutionContext$Basic due to org.evosuite.ga.ConstructionFailedException: Cannot instantiate a class with a class
[MASTER] 07:51:37.064 [logback-1] WARN  TestChromosome - Functional mock problem: org.evosuite.ga.ConstructionFailedException: Failed to add constructor for com.fasterxml.jackson.databind.deser.BeanDeserializer due to org.evosuite.ga.ConstructionFailedException: Failed to add constructor for com.fasterxml.jackson.databind.deser.BeanDeserializer due to org.evosuite.ga.ConstructionFailedException: Failed to add constructor for com.fasterxml.jackson.databind.deser.BeanDeserializerBuilder due to org.evosuite.ga.ConstructionFailedException: Invalid generic instance
[MASTER] 07:51:58.091 [logback-1] WARN  TestChromosome - Functional mock problem: org.evosuite.ga.ConstructionFailedException: Failed to add constructor for com.fasterxml.jackson.databind.deser.CreatorProperty due to org.evosuite.ga.ConstructionFailedException: Failed to add constructor for com.fasterxml.jackson.databind.DeserializationConfig due to org.evosuite.ga.ConstructionFailedException: Failed to add constructor for com.fasterxml.jackson.databind.introspect.SimpleMixInResolver due to org.evosuite.ga.ConstructionFailedException: Max recursion depth reached
[MASTER] 07:52:14.077 [logback-1] WARN  TestChromosome - Functional mock problem: org.evosuite.ga.ConstructionFailedException: Failed to add constructor for com.fasterxml.jackson.databind.module.SimpleModule due to org.evosuite.ga.ConstructionFailedException: Failed to add constructor for com.fasterxml.jackson.core.filter.FilteringGeneratorDelegate due to org.evosuite.ga.ConstructionFailedException: Failed to add constructor for com.fasterxml.jackson.core.json.UTF8JsonGenerator due to org.evosuite.ga.ConstructionFailedException: Failed to add constructor for com.fasterxml.jackson.core.util.ByteArrayBuilder due to org.evosuite.ga.ConstructionFailedException: Max recursion depth reached
[MASTER] 07:52:14.574 [logback-1] WARN  TestChromosome - Functional mock problem: org.evosuite.ga.ConstructionFailedException: Failed to add constructor for com.fasterxml.jackson.databind.module.SimpleModule due to org.evosuite.ga.ConstructionFailedException: Error: VariableReference: Statement 5, type java.util.HashMap<java.lang.Class<java.lang.annotation.Annotation>, com.fasterxml.jackson.databind.JsonDeserializer<java.lang.annotation.Annotation>> is not assignable to java.util.Map<java.lang.Class<?>, com.fasterxml.jackson.databind.JsonDeserializer<?>>
[MASTER] 07:52:20.406 [logback-1] WARN  TestChromosome - Functional mock problem: org.evosuite.ga.ConstructionFailedException: Failed to add constructor for com.fasterxml.jackson.databind.deser.BeanDeserializer due to org.evosuite.ga.ConstructionFailedException: Failed to add constructor for com.fasterxml.jackson.databind.deser.BuilderBasedDeserializer due to org.evosuite.ga.ConstructionFailedException: Failed to add constructor for com.fasterxml.jackson.databind.deser.BuilderBasedDeserializer due to org.evosuite.ga.ConstructionFailedException: Failed to add constructor for com.fasterxml.jackson.databind.deser.impl.BeanPropertyMap due to org.evosuite.ga.ConstructionFailedException: Max recursion depth reached
[MASTER] 07:52:20.538 [logback-2] ERROR TestCluster - Failed to check cache for java.time.temporal.TemporalQuery<R> : Type points to itself
[MASTER] 07:52:21.241 [logback-1] WARN  TestChromosome - Functional mock problem: org.evosuite.ga.ConstructionFailedException: Failed to add constructor for com.fasterxml.jackson.databind.introspect.POJOPropertyBuilder due to org.evosuite.ga.ConstructionFailedException: Invalid generic instance
[MASTER] 07:52:23.770 [logback-1] WARN  TestChromosome - Functional mock problem: org.evosuite.ga.ConstructionFailedException: Failed to add constructor for com.fasterxml.jackson.databind.deser.CreatorProperty due to org.evosuite.ga.ConstructionFailedException: Failed to add constructor for com.fasterxml.jackson.databind.introspect.AnnotationCollector$OneAnnotation due to org.evosuite.ga.ConstructionFailedException: Failed to add constructor for com.fasterxml.jackson.databind.ser.BeanPropertyWriter due to org.evosuite.ga.ConstructionFailedException: Failed to add constructor for com.fasterxml.jackson.databind.introspect.POJOPropertyBuilder due to org.evosuite.ga.ConstructionFailedException: Max recursion depth reached
[MASTER] 07:52:24.208 [logback-1] WARN  TestChromosome - Functional mock problem: org.evosuite.ga.ConstructionFailedException: Failed to add constructor for com.fasterxml.jackson.databind.module.SimpleModule due to org.evosuite.ga.ConstructionFailedException: Failed to add constructor for com.fasterxml.jackson.core.filter.FilteringGeneratorDelegate due to org.evosuite.ga.ConstructionFailedException: Failed to add constructor for com.fasterxml.jackson.core.util.JsonGeneratorDelegate due to org.evosuite.ga.ConstructionFailedException: Failed to add constructor for com.fasterxml.jackson.core.json.UTF8JsonGenerator due to org.evosuite.ga.ConstructionFailedException: Max recursion depth reached
[MASTER] 07:52:33.184 [logback-1] WARN  TestChromosome - Functional mock problem: org.evosuite.ga.ConstructionFailedException: Failed to add constructor for com.fasterxml.jackson.databind.module.SimpleModule due to org.evosuite.ga.ConstructionFailedException: Error: VariableReference: Statement 4, type java.util.HashMap<java.lang.Class<com.fasterxml.jackson.databind.PropertyName>, com.fasterxml.jackson.databind.JsonDeserializer<com.fasterxml.jackson.databind.ext.CoreXMLDeserializers$Std>> is not assignable to java.util.Map<java.lang.Class<?>, com.fasterxml.jackson.databind.JsonDeserializer<?>>
[MASTER] 07:52:39.101 [logback-1] WARN  TestChromosome - Functional mock problem: org.evosuite.ga.ConstructionFailedException: Failed to add constructor for com.fasterxml.jackson.databind.module.SimpleModule due to org.evosuite.ga.ConstructionFailedException: Error: VariableReference: Statement 7, type java.util.ArrayList<com.fasterxml.jackson.databind.JsonSerializer<java.time.chrono.IsoEra>> is not assignable to java.util.List<com.fasterxml.jackson.databind.JsonSerializer<?>>
[MASTER] 07:52:39.687 [logback-1] WARN  TestChromosome - Functional mock problem: org.evosuite.ga.ConstructionFailedException: Failed to add constructor for com.fasterxml.jackson.databind.module.SimpleModule due to org.evosuite.ga.ConstructionFailedException: Error: VariableReference: Statement 11, type java.util.HashMap<java.lang.Class<java.lang.annotation.Annotation>, com.fasterxml.jackson.databind.JsonDeserializer<java.io.InputStream>> is not assignable to java.util.Map<java.lang.Class<?>, com.fasterxml.jackson.databind.JsonDeserializer<?>>
[MASTER] 07:52:45.520 [logback-1] WARN  TestChromosome - Functional mock problem: org.evosuite.ga.ConstructionFailedException: Failed to add constructor for com.fasterxml.jackson.databind.module.SimpleModule due to org.evosuite.ga.ConstructionFailedException: Failed to add constructor for com.fasterxml.jackson.core.json.UTF8JsonGenerator due to org.evosuite.ga.ConstructionFailedException: Failed to add constructor for com.fasterxml.jackson.core.io.IOContext due to org.evosuite.ga.ConstructionFailedException: Max recursion depth reached
[MASTER] 07:52:45.527 [logback-1] WARN  TestChromosome - Functional mock problem: org.evosuite.ga.ConstructionFailedException: Failed to add constructor for com.fasterxml.jackson.databind.module.SimpleModule due to org.evosuite.ga.ConstructionFailedException: Failed to add constructor for com.fasterxml.jackson.core.json.ReaderBasedJsonParser due to org.evosuite.ga.ConstructionFailedException: Have no generator for class com.fasterxml.jackson.core.io.IOContext canUseFunctionalMocks=false, canBeMocked: true
[MASTER] 07:52:45.694 [logback-1] WARN  TestChromosome - Functional mock problem: org.evosuite.ga.ConstructionFailedException: Failed to add constructor for com.fasterxml.jackson.databind.deser.std.StringCollectionDeserializer due to org.evosuite.ga.ConstructionFailedException: Failed to add constructor for com.fasterxml.jackson.databind.introspect.AnnotatedParameter due to org.evosuite.ga.ConstructionFailedException: Failed to add constructor for com.fasterxml.jackson.databind.introspect.AnnotatedConstructor due to org.evosuite.ga.ConstructionFailedException: Max recursion depth reached
[MASTER] 07:52:47.231 [logback-1] WARN  TestChromosome - Functional mock problem: org.evosuite.ga.ConstructionFailedException: Failed to add constructor for com.fasterxml.jackson.databind.deser.std.StringCollectionDeserializer due to org.evosuite.ga.ConstructionFailedException: Failed to add constructor for com.fasterxml.jackson.databind.deser.BuilderBasedDeserializer due to org.evosuite.ga.ConstructionFailedException: Failed to add constructor for com.fasterxml.jackson.databind.deser.BuilderBasedDeserializer due to org.evosuite.ga.ConstructionFailedException: Failed to add constructor for com.fasterxml.jackson.databind.deser.BuilderBasedDeserializer due to org.evosuite.ga.ConstructionFailedException: Max recursion depth reached
[MASTER] 07:52:48.187 [logback-1] WARN  TestChromosome - Functional mock problem: org.evosuite.ga.ConstructionFailedException: Failed to add constructor for com.fasterxml.jackson.databind.deser.BeanDeserializerBuilder due to org.evosuite.ga.ConstructionFailedException: Failed to add constructor for com.fasterxml.jackson.databind.DeserializationConfig due to org.evosuite.ga.ConstructionFailedException: Failed to add constructor for com.fasterxml.jackson.databind.introspect.SimpleMixInResolver due to org.evosuite.ga.ConstructionFailedException: Failed to add constructor for com.fasterxml.jackson.databind.SerializationConfig due to org.evosuite.ga.ConstructionFailedException: Max recursion depth reached
[MASTER] 07:52:48.841 [logback-2] ERROR TestCluster - Failed to check cache for java.util.function.BiFunction<T, U, R> : Type points to itself
[MASTER] 07:53:01.035 [logback-1] WARN  TestChromosome - Functional mock problem: org.evosuite.ga.ConstructionFailedException: Failed to add constructor for com.fasterxml.jackson.databind.module.SimpleModule due to org.evosuite.ga.ConstructionFailedException: Error: VariableReference: Statement 4, type java.util.HashMap<java.lang.Class<java.lang.Integer>, com.fasterxml.jackson.databind.JsonDeserializer<com.fasterxml.jackson.annotation.ObjectIdGenerators$UUIDGenerator>> is not assignable to java.util.Map<java.lang.Class<?>, com.fasterxml.jackson.databind.JsonDeserializer<?>>
[MASTER] 07:53:08.279 [logback-1] WARN  TestChromosome - Functional mock problem: org.evosuite.ga.ConstructionFailedException: Failed to add constructor for com.fasterxml.jackson.databind.deser.BeanDeserializer due to org.evosuite.ga.ConstructionFailedException: Failed to add constructor for com.fasterxml.jackson.databind.deser.BeanDeserializer due to org.evosuite.ga.ConstructionFailedException: Failed to add constructor for com.fasterxml.jackson.databind.deser.BeanDeserializer due to org.evosuite.ga.ConstructionFailedException: Failed to add constructor for com.fasterxml.jackson.databind.deser.BuilderBasedDeserializer due to org.evosuite.ga.ConstructionFailedException: Failed to add constructor for com.fasterxml.jackson.databind.deser.BuilderBasedDeserializer due to org.evosuite.ga.ConstructionFailedException: Max recursion depth reached
[MASTER] 07:53:17.834 [logback-1] WARN  TestChromosome - Functional mock problem: org.evosuite.ga.ConstructionFailedException: Failed to add constructor for com.fasterxml.jackson.databind.deser.CreatorProperty due to org.evosuite.ga.ConstructionFailedException: Failed to add constructor for com.fasterxml.jackson.databind.BeanProperty$Std due to org.evosuite.ga.ConstructionFailedException: Failed to add constructor for com.fasterxml.jackson.databind.BeanProperty$Std due to org.evosuite.ga.ConstructionFailedException: Max recursion depth reached
[MASTER] 07:53:18.760 [logback-1] WARN  TestChromosome - Functional mock problem: org.evosuite.ga.ConstructionFailedException: Error: VariableReference: Statement 10, type java.util.ArrayDeque<java.lang.Class<java.time.chrono.IsoEra>> is not assignable to java.util.Collection<java.lang.Class<?>>
[MASTER] 07:53:27.253 [logback-1] WARN  TestChromosome - Functional mock problem: org.evosuite.ga.ConstructionFailedException: Failed to add constructor for com.fasterxml.jackson.databind.deser.std.StringCollectionDeserializer due to org.evosuite.ga.ConstructionFailedException: Failed to add constructor for com.fasterxml.jackson.core.json.UTF8StreamJsonParser due to org.evosuite.ga.ConstructionFailedException: Failed to add constructor for org.evosuite.runtime.mock.java.io.MockFileInputStream due to org.evosuite.ga.ConstructionFailedException: Max recursion depth reached
[MASTER] 07:53:30.240 [logback-1] WARN  TestChromosome - Functional mock problem: org.evosuite.ga.ConstructionFailedException: Failed to add constructor for com.fasterxml.jackson.databind.deser.CreatorProperty due to org.evosuite.ga.ConstructionFailedException: Failed to add constructor for com.fasterxml.jackson.databind.introspect.AnnotationCollector$OneAnnotation due to org.evosuite.ga.ConstructionFailedException: Failed to add constructor for com.fasterxml.jackson.databind.BeanProperty$Std due to org.evosuite.ga.ConstructionFailedException: Failed to add constructor for com.fasterxml.jackson.databind.introspect.VirtualAnnotatedMember due to org.evosuite.ga.ConstructionFailedException: Max recursion depth reached
[MASTER] 07:53:44.290 [logback-1] WARN  TestChromosome - Functional mock problem: org.evosuite.ga.ConstructionFailedException: Failed to add constructor for com.fasterxml.jackson.databind.deser.CreatorProperty due to org.evosuite.ga.ConstructionFailedException: Failed to add constructor for com.fasterxml.jackson.databind.jsontype.impl.AsPropertyTypeDeserializer due to org.evosuite.ga.ConstructionFailedException: Failed to add constructor for com.fasterxml.jackson.databind.BeanProperty$Std due to org.evosuite.ga.ConstructionFailedException: Failed to add constructor for com.fasterxml.jackson.databind.BeanProperty$Std due to org.evosuite.ga.ConstructionFailedException: Failed to add constructor for com.fasterxml.jackson.databind.introspect.AnnotatedField due to org.evosuite.ga.ConstructionFailedException: Max recursion depth reached
[MASTER] 07:53:46.159 [logback-1] WARN  TestChromosome - Functional mock problem: org.evosuite.ga.ConstructionFailedException: Failed to add constructor for com.fasterxml.jackson.databind.deser.BeanDeserializer due to org.evosuite.ga.ConstructionFailedException: Failed to add constructor for com.fasterxml.jackson.databind.deser.BeanDeserializer due to org.evosuite.ga.ConstructionFailedException: Failed to add constructor for com.fasterxml.jackson.databind.deser.BeanDeserializerBuilder due to org.evosuite.ga.ConstructionFailedException: Failed to add constructor for com.fasterxml.jackson.databind.deser.DefaultDeserializationContext$Impl due to org.evosuite.ga.ConstructionFailedException: Failed to add constructor for com.fasterxml.jackson.databind.deser.BeanDeserializerFactory due to org.evosuite.ga.ConstructionFailedException: Max recursion depth reached
[MASTER] 07:53:46.507 [logback-1] WARN  TestChromosome - Functional mock problem: org.evosuite.ga.ConstructionFailedException: Failed to add constructor for com.fasterxml.jackson.databind.deser.CreatorProperty due to org.evosuite.ga.ConstructionFailedException: Failed to add constructor for com.fasterxml.jackson.databind.jsontype.impl.AsPropertyTypeDeserializer due to org.evosuite.ga.ConstructionFailedException: Failed to add constructor for com.fasterxml.jackson.databind.jsontype.impl.AsPropertyTypeDeserializer due to org.evosuite.ga.ConstructionFailedException: Invalid generic instance
[MASTER] 07:53:47.190 [logback-1] WARN  TestChromosome - Functional mock problem: org.evosuite.ga.ConstructionFailedException: Failed to add constructor for com.fasterxml.jackson.databind.deser.BeanDeserializerBuilder due to org.evosuite.ga.ConstructionFailedException: Have no generator for class com.fasterxml.jackson.databind.introspect.BasicClassIntrospector canUseFunctionalMocks=false, canBeMocked: true
[MASTER] 07:53:49.166 [logback-1] WARN  TestChromosome - Functional mock problem: org.evosuite.ga.ConstructionFailedException: Error: VariableReference: Statement 7, type java.lang.Class<java.util.List> is not assignable to java.lang.Class<java.util.List<java.lang.String>>
[MASTER] 07:53:53.827 [logback-1] WARN  TestChromosome - Functional mock problem: org.evosuite.ga.ConstructionFailedException: Failed to add constructor for com.fasterxml.jackson.databind.module.SimpleModule due to org.evosuite.ga.ConstructionFailedException: Error: VariableReference: Statement 5, type java.util.HashMap<java.lang.Class<com.fasterxml.jackson.databind.jsontype.NamedType>, com.fasterxml.jackson.databind.JsonDeserializer<com.fasterxml.jackson.annotation.ObjectIdGenerators$UUIDGenerator>> is not assignable to java.util.Map<java.lang.Class<?>, com.fasterxml.jackson.databind.JsonDeserializer<?>>
[MASTER] 07:53:53.831 [logback-1] WARN  TestChromosome - Functional mock problem: org.evosuite.ga.ConstructionFailedException: Failed to add constructor for com.fasterxml.jackson.databind.module.SimpleModule due to org.evosuite.ga.ConstructionFailedException: Failed to add constructor for com.fasterxml.jackson.core.filter.FilteringGeneratorDelegate due to org.evosuite.ga.ConstructionFailedException: Failed to add constructor for com.fasterxml.jackson.core.json.WriterBasedJsonGenerator due to org.evosuite.ga.ConstructionFailedException: Failed to add constructor for com.fasterxml.jackson.databind.ObjectMapper due to org.evosuite.ga.ConstructionFailedException: Failed to add constructor for com.fasterxml.jackson.core.JsonFactory due to org.evosuite.ga.ConstructionFailedException: Max recursion depth reached
[MASTER] 07:53:53.845 [logback-1] WARN  TestChromosome - Functional mock problem: org.evosuite.ga.ConstructionFailedException: Failed to add constructor for com.fasterxml.jackson.databind.module.SimpleModule due to org.evosuite.ga.ConstructionFailedException: Max recursion depth reached
[MASTER] 07:53:53.851 [logback-1] WARN  TestChromosome - Functional mock problem: org.evosuite.ga.ConstructionFailedException: Failed to add constructor for com.fasterxml.jackson.databind.module.SimpleModule due to org.evosuite.ga.ConstructionFailedException: Failed to add constructor for com.fasterxml.jackson.core.filter.FilteringGeneratorDelegate due to org.evosuite.ga.ConstructionFailedException: Failed to add constructor for com.fasterxml.jackson.core.util.JsonGeneratorDelegate due to org.evosuite.ga.ConstructionFailedException: Failed to add constructor for com.fasterxml.jackson.core.util.JsonGeneratorDelegate due to org.evosuite.ga.ConstructionFailedException: Max recursion depth reached
[MASTER] 07:53:53.854 [logback-1] WARN  TestChromosome - Functional mock problem: org.evosuite.ga.ConstructionFailedException: Failed to add constructor for com.fasterxml.jackson.databind.module.SimpleModule due to org.evosuite.ga.ConstructionFailedException: Error: VariableReference: Statement 5, type java.util.HashMap<java.lang.Class<java.io.InputStream>, com.fasterxml.jackson.databind.JsonDeserializer<java.lang.Integer>> is not assignable to java.util.Map<java.lang.Class<?>, com.fasterxml.jackson.databind.JsonDeserializer<?>>
[MASTER] 07:53:53.881 [logback-1] WARN  TestChromosome - Functional mock problem: org.evosuite.ga.ConstructionFailedException: Failed to add constructor for com.fasterxml.jackson.databind.module.SimpleModule due to org.evosuite.ga.ConstructionFailedException: Error: VariableReference: Statement 5, type java.util.Vector<com.fasterxml.jackson.databind.JsonSerializer<com.fasterxml.jackson.databind.JavaType>> is not assignable to java.util.List<com.fasterxml.jackson.databind.JsonSerializer<?>>
[MASTER] 07:53:53.959 [logback-1] WARN  TestChromosome - Functional mock problem: org.evosuite.ga.ConstructionFailedException: Failed to add constructor for com.fasterxml.jackson.databind.module.SimpleModule due to org.evosuite.ga.ConstructionFailedException: Error: VariableReference: Statement 9, type java.util.HashMap<java.lang.Class<com.fasterxml.jackson.databind.jsontype.impl.TypeNameIdResolver>, com.fasterxml.jackson.databind.JsonDeserializer<com.fasterxml.jackson.databind.Module>> is not assignable to java.util.Map<java.lang.Class<?>, com.fasterxml.jackson.databind.JsonDeserializer<?>>
[MASTER] 07:53:54.050 [logback-1] WARN  TestChromosome - Functional mock problem: org.evosuite.ga.ConstructionFailedException: Failed to add constructor for com.fasterxml.jackson.databind.module.SimpleModule due to org.evosuite.ga.ConstructionFailedException: Failed to add constructor for com.fasterxml.jackson.core.filter.FilteringParserDelegate due to org.evosuite.ga.ConstructionFailedException: Failed to add constructor for com.fasterxml.jackson.core.json.UTF8DataInputJsonParser due to org.evosuite.ga.ConstructionFailedException: Failed to add constructor for com.fasterxml.jackson.databind.ObjectMapper due to org.evosuite.ga.ConstructionFailedException: Failed to add constructor for com.fasterxml.jackson.core.JsonFactory due to org.evosuite.ga.ConstructionFailedException: Max recursion depth reached
[MASTER] 07:53:54.055 [logback-1] WARN  TestChromosome - Functional mock problem: org.evosuite.ga.ConstructionFailedException: Failed to add constructor for com.fasterxml.jackson.databind.module.SimpleModule due to org.evosuite.ga.ConstructionFailedException: Error: VariableReference: Statement 7, type java.util.HashMap<java.lang.Class<java.time.chrono.IsoEra>, com.fasterxml.jackson.databind.JsonDeserializer<com.fasterxml.jackson.annotation.ObjectIdResolver>> is not assignable to java.util.Map<java.lang.Class<?>, com.fasterxml.jackson.databind.JsonDeserializer<?>>
[MASTER] 07:53:54.154 [logback-1] WARN  TestChromosome - Functional mock problem: org.evosuite.ga.ConstructionFailedException: Failed to add constructor for com.fasterxml.jackson.databind.module.SimpleModule due to org.evosuite.ga.ConstructionFailedException: Failed to add constructor for com.fasterxml.jackson.core.filter.FilteringGeneratorDelegate due to org.evosuite.ga.ConstructionFailedException: Failed to add constructor for com.fasterxml.jackson.core.util.JsonGeneratorDelegate due to org.evosuite.ga.ConstructionFailedException: Failed to add constructor for com.fasterxml.jackson.core.json.UTF8JsonGenerator due to org.evosuite.ga.ConstructionFailedException: Have no generator for class com.fasterxml.jackson.core.io.IOContext canUseFunctionalMocks=false, canBeMocked: true
[MASTER] 07:53:54.176 [logback-1] WARN  TestChromosome - Functional mock problem: org.evosuite.ga.ConstructionFailedException: Failed to add constructor for com.fasterxml.jackson.databind.module.SimpleModule due to org.evosuite.ga.ConstructionFailedException: Invalid generic instance
[MASTER] 07:53:54.187 [logback-1] WARN  TestChromosome - Functional mock problem: org.evosuite.ga.ConstructionFailedException: Failed to add constructor for com.fasterxml.jackson.databind.module.SimpleModule due to org.evosuite.ga.ConstructionFailedException: Failed to add constructor for com.fasterxml.jackson.core.json.ReaderBasedJsonParser due to org.evosuite.ga.ConstructionFailedException: Failed to add constructor for java.io.PipedReader due to org.evosuite.ga.ConstructionFailedException: Failed to add constructor for java.io.PipedWriter due to org.evosuite.ga.ConstructionFailedException: Max recursion depth reached
[MASTER] 07:53:54.261 [logback-1] WARN  TestChromosome - Functional mock problem: org.evosuite.ga.ConstructionFailedException: Failed to add constructor for com.fasterxml.jackson.databind.module.SimpleModule due to org.evosuite.ga.ConstructionFailedException: Error: VariableReference: Statement 8, type java.util.HashMap<java.lang.Class<com.fasterxml.jackson.databind.Module>, com.fasterxml.jackson.databind.JsonDeserializer<com.fasterxml.jackson.databind.jsontype.TypeIdResolver>> is not assignable to java.util.Map<java.lang.Class<?>, com.fasterxml.jackson.databind.JsonDeserializer<?>>
[MASTER] 07:53:54.348 [logback-1] WARN  TestChromosome - Functional mock problem: org.evosuite.ga.ConstructionFailedException: Failed to add constructor for com.fasterxml.jackson.databind.module.SimpleModule due to org.evosuite.ga.ConstructionFailedException: Error: VariableReference: Statement 31, type java.util.HashMap<java.lang.Class<com.fasterxml.jackson.databind.module.SimpleModule>, com.fasterxml.jackson.databind.JsonDeserializer<java.lang.Integer>> is not assignable to java.util.Map<java.lang.Class<?>, com.fasterxml.jackson.databind.JsonDeserializer<?>>
[MASTER] 07:53:54.489 [logback-1] WARN  TestChromosome - Functional mock problem: org.evosuite.ga.ConstructionFailedException: Error: VariableReference: Statement 5, type java.util.LinkedList<java.lang.Class<java.lang.Object>> is not assignable to java.util.Collection<java.lang.Class<?>>
[MASTER] 07:53:54.556 [logback-1] WARN  TestChromosome - Functional mock problem: org.evosuite.ga.ConstructionFailedException: Error: VariableReference: Statement 4, type java.util.HashSet<java.lang.Class<java.io.InputStream>> is not assignable to java.util.Collection<java.lang.Class<?>>
[MASTER] 07:53:54.565 [logback-1] WARN  TestChromosome - Functional mock problem: org.evosuite.ga.ConstructionFailedException: Failed to add constructor for com.fasterxml.jackson.databind.module.SimpleModule due to org.evosuite.ga.ConstructionFailedException: Error: VariableReference: Statement 5, type java.util.HashMap<java.lang.Class<java.time.chrono.IsoEra>, com.fasterxml.jackson.databind.JsonDeserializer<com.fasterxml.jackson.databind.node.DoubleNode>> is not assignable to java.util.Map<java.lang.Class<?>, com.fasterxml.jackson.databind.JsonDeserializer<?>>
[MASTER] 07:53:54.584 [logback-1] WARN  TestChromosome - Functional mock problem: org.evosuite.ga.ConstructionFailedException: Error: VariableReference: Statement 10, type java.util.LinkedHashSet<java.lang.Class<java.lang.String>> is not assignable to java.util.Collection<java.lang.Class<?>>
[MASTER] 07:53:54.675 [logback-1] WARN  TestChromosome - Functional mock problem: org.evosuite.ga.ConstructionFailedException: Failed to add constructor for com.fasterxml.jackson.databind.module.SimpleModule due to org.evosuite.ga.ConstructionFailedException: Error: VariableReference: Statement 14, type java.util.ArrayList<com.fasterxml.jackson.databind.JsonSerializer<com.fasterxml.jackson.databind.node.DoubleNode>> is not assignable to java.util.List<com.fasterxml.jackson.databind.JsonSerializer<?>>
[MASTER] 07:53:54.710 [logback-1] WARN  TestChromosome - Functional mock problem: org.evosuite.ga.ConstructionFailedException: Failed to add constructor for com.fasterxml.jackson.databind.module.SimpleModule due to org.evosuite.ga.ConstructionFailedException: Error: VariableReference: Statement 10, type java.util.HashMap<java.lang.Class<com.fasterxml.jackson.databind.node.DoubleNode>, com.fasterxml.jackson.databind.JsonDeserializer<com.fasterxml.jackson.databind.introspect.BasicBeanDescription>> is not assignable to java.util.Map<java.lang.Class<?>, com.fasterxml.jackson.databind.JsonDeserializer<?>>
[MASTER] 07:53:54.735 [logback-1] WARN  TestChromosome - Functional mock problem: org.evosuite.ga.ConstructionFailedException: Failed to add constructor for com.fasterxml.jackson.databind.module.SimpleModule due to org.evosuite.ga.ConstructionFailedException: Failed to add constructor for com.fasterxml.jackson.core.json.ReaderBasedJsonParser due to org.evosuite.ga.ConstructionFailedException: Failed to add constructor for java.io.PipedReader due to org.evosuite.ga.ConstructionFailedException: Failed to add constructor for java.io.PipedWriter due to org.evosuite.ga.ConstructionFailedException: Failed to add constructor for java.io.PipedReader due to org.evosuite.ga.ConstructionFailedException: Max recursion depth reached
[MASTER] 07:53:54.803 [logback-1] WARN  TestChromosome - Functional mock problem: org.evosuite.ga.ConstructionFailedException: Cannot instantiate a class with a class
[MASTER] 07:53:54.882 [logback-1] WARN  TestChromosome - Functional mock problem: org.evosuite.ga.ConstructionFailedException: Failed to add constructor for com.fasterxml.jackson.databind.DeserializationConfig due to org.evosuite.ga.ConstructionFailedException: Failed to add constructor for com.fasterxml.jackson.databind.cfg.BaseSettings due to org.evosuite.ga.ConstructionFailedException: Invalid generic instance
[MASTER] 07:53:54.912 [logback-1] WARN  TestChromosome - Functional mock problem: org.evosuite.ga.ConstructionFailedException: Failed to add constructor for com.fasterxml.jackson.databind.module.SimpleModule due to org.evosuite.ga.ConstructionFailedException: Error: VariableReference: Statement 8, type java.util.Vector<com.fasterxml.jackson.databind.JsonSerializer<java.io.InputStream>> is not assignable to java.util.List<com.fasterxml.jackson.databind.JsonSerializer<?>>
[MASTER] 07:53:55.086 [logback-1] WARN  TestChromosome - Functional mock problem: org.evosuite.ga.ConstructionFailedException: Failed to add constructor for com.fasterxml.jackson.databind.deser.BeanDeserializer due to org.evosuite.ga.ConstructionFailedException: Failed to add constructor for com.fasterxml.jackson.databind.deser.BuilderBasedDeserializer due to org.evosuite.ga.ConstructionFailedException: Failed to add constructor for com.fasterxml.jackson.databind.deser.BeanDeserializerBuilder due to org.evosuite.ga.ConstructionFailedException: Max recursion depth reached
[MASTER] 07:53:55.206 [logback-1] WARN  TestChromosome - Functional mock problem: org.evosuite.ga.ConstructionFailedException: Failed to add constructor for com.fasterxml.jackson.databind.module.SimpleModule due to org.evosuite.ga.ConstructionFailedException: Error: VariableReference: Statement 9, type java.util.HashMap<java.lang.Class<java.io.InputStream>, com.fasterxml.jackson.databind.JsonDeserializer<com.fasterxml.jackson.databind.JavaType>> is not assignable to java.util.Map<java.lang.Class<?>, com.fasterxml.jackson.databind.JsonDeserializer<?>>
[MASTER] 07:53:55.225 [logback-1] WARN  TestChromosome - Functional mock problem: org.evosuite.ga.ConstructionFailedException: Failed to add constructor for com.fasterxml.jackson.databind.module.SimpleModule due to org.evosuite.ga.ConstructionFailedException: Error: VariableReference: Statement 8, type java.util.HashMap<java.lang.Class<com.fasterxml.jackson.databind.JsonDeserializer<java.lang.Object>>, com.fasterxml.jackson.databind.JsonDeserializer<com.fasterxml.jackson.databind.introspect.BasicBeanDescription>> is not assignable to java.util.Map<java.lang.Class<?>, com.fasterxml.jackson.databind.JsonDeserializer<?>>
[MASTER] 07:53:55.479 [logback-1] WARN  TestChromosome - Functional mock problem: org.evosuite.ga.ConstructionFailedException: Failed to add constructor for com.fasterxml.jackson.databind.module.SimpleModule due to org.evosuite.ga.ConstructionFailedException: Failed to add constructor for com.fasterxml.jackson.core.filter.FilteringParserDelegate due to org.evosuite.ga.ConstructionFailedException: Failed to add constructor for com.fasterxml.jackson.core.json.ReaderBasedJsonParser due to org.evosuite.ga.ConstructionFailedException: Failed to add constructor for com.fasterxml.jackson.core.io.IOContext due to org.evosuite.ga.ConstructionFailedException: Max recursion depth reached
[MASTER] 07:53:55.522 [logback-1] WARN  TestChromosome - Functional mock problem: org.evosuite.ga.ConstructionFailedException: Failed to add constructor for com.fasterxml.jackson.databind.module.SimpleModule due to org.evosuite.ga.ConstructionFailedException: Failed to add constructor for com.fasterxml.jackson.core.json.UTF8JsonGenerator due to org.evosuite.ga.ConstructionFailedException: Failed to add constructor for com.fasterxml.jackson.databind.ObjectMapper due to org.evosuite.ga.ConstructionFailedException: Failed to add constructor for com.fasterxml.jackson.core.JsonFactory due to org.evosuite.ga.ConstructionFailedException: Max recursion depth reached
[MASTER] 07:53:55.559 [logback-1] WARN  TestChromosome - Functional mock problem: org.evosuite.ga.ConstructionFailedException: Failed to add constructor for com.fasterxml.jackson.databind.module.SimpleModule due to org.evosuite.ga.ConstructionFailedException: Error: VariableReference: Statement 5, type java.util.HashMap<java.lang.Class<com.fasterxml.jackson.databind.JavaType>, com.fasterxml.jackson.databind.JsonDeserializer<java.lang.String>> is not assignable to java.util.Map<java.lang.Class<?>, com.fasterxml.jackson.databind.JsonDeserializer<?>>
[MASTER] 07:53:55.702 [logback-1] WARN  TestChromosome - Functional mock problem: org.evosuite.ga.ConstructionFailedException: Failed to add constructor for com.fasterxml.jackson.databind.module.SimpleModule due to org.evosuite.ga.ConstructionFailedException: Failed to add constructor for com.fasterxml.jackson.core.JsonFactory due to org.evosuite.ga.ConstructionFailedException: Failed to add constructor for com.fasterxml.jackson.databind.ObjectMapper due to org.evosuite.ga.ConstructionFailedException: Failed to add constructor for com.fasterxml.jackson.databind.ser.DefaultSerializerProvider$Impl due to org.evosuite.ga.ConstructionFailedException: Max recursion depth reached
[MASTER] 07:53:55.780 [logback-1] WARN  TestChromosome - Functional mock problem: org.evosuite.ga.ConstructionFailedException: Failed to add constructor for com.fasterxml.jackson.databind.module.SimpleModule due to org.evosuite.ga.ConstructionFailedException: Failed to add constructor for com.fasterxml.jackson.core.json.ReaderBasedJsonParser due to org.evosuite.ga.ConstructionFailedException: Failed to add constructor for com.fasterxml.jackson.core.io.IOContext due to org.evosuite.ga.ConstructionFailedException: Max recursion depth reached
[MASTER] 07:53:55.964 [logback-1] WARN  TestChromosome - Functional mock problem: org.evosuite.ga.ConstructionFailedException: Failed to add constructor for com.fasterxml.jackson.databind.module.SimpleModule due to org.evosuite.ga.ConstructionFailedException: Error: VariableReference: Statement 13, type java.util.HashMap<java.lang.Class<com.fasterxml.jackson.annotation.ObjectIdGenerators$UUIDGenerator>, com.fasterxml.jackson.databind.JsonDeserializer<java.util.Locale$LanguageRange>> is not assignable to java.util.Map<java.lang.Class<?>, com.fasterxml.jackson.databind.JsonDeserializer<?>>
[MASTER] 07:53:55.990 [logback-1] WARN  TestChromosome - Functional mock problem: org.evosuite.ga.ConstructionFailedException: Failed to add constructor for com.fasterxml.jackson.databind.module.SimpleModule due to org.evosuite.ga.ConstructionFailedException: Failed to add constructor for com.fasterxml.jackson.core.json.ReaderBasedJsonParser due to org.evosuite.ga.ConstructionFailedException: Failed to add constructor for com.fasterxml.jackson.core.io.IOContext due to org.evosuite.ga.ConstructionFailedException: Failed to add constructor for com.fasterxml.jackson.databind.deser.BeanDeserializerBuilder due to org.evosuite.ga.ConstructionFailedException: Max recursion depth reached
[MASTER] 07:53:55.994 [logback-1] WARN  TestChromosome - Functional mock problem: org.evosuite.ga.ConstructionFailedException: Error: VariableReference: Statement 13, type java.util.ArrayList<java.lang.Class<java.time.chrono.IsoEra>> is not assignable to java.util.Collection<java.lang.Class<?>>
[MASTER] 07:53:56.074 [logback-1] WARN  TestChromosome - Functional mock problem: org.evosuite.ga.ConstructionFailedException: Failed to add constructor for com.fasterxml.jackson.databind.module.SimpleModule due to org.evosuite.ga.ConstructionFailedException: Error: VariableReference: Statement 5, type java.util.HashMap<java.lang.Class<java.time.chrono.IsoEra>, com.fasterxml.jackson.databind.JsonDeserializer<java.util.Locale$LanguageRange>> is not assignable to java.util.Map<java.lang.Class<?>, com.fasterxml.jackson.databind.JsonDeserializer<?>>
[MASTER] 07:53:56.919 [logback-1] WARN  TestChromosome - Functional mock problem: org.evosuite.ga.ConstructionFailedException: Failed to add constructor for com.fasterxml.jackson.databind.deser.BeanDeserializerBuilder due to org.evosuite.ga.ConstructionFailedException: Failed to add constructor for com.fasterxml.jackson.databind.SerializationConfig due to org.evosuite.ga.ConstructionFailedException: Failed to add constructor for com.fasterxml.jackson.databind.cfg.BaseSettings due to org.evosuite.ga.ConstructionFailedException: Invalid generic instance
[MASTER] 07:53:58.750 [logback-1] WARN  TestChromosome - Functional mock problem: org.evosuite.ga.ConstructionFailedException: Have no generator for class java.time.chrono.JapaneseChronology canUseFunctionalMocks=true, canBeMocked: false
[MASTER] 07:53:59.613 [logback-1] WARN  TestChromosome - Functional mock problem: org.evosuite.ga.ConstructionFailedException: Failed to add constructor for com.fasterxml.jackson.databind.deser.BeanDeserializer due to org.evosuite.ga.ConstructionFailedException: Failed to add constructor for com.fasterxml.jackson.databind.deser.BeanDeserializer due to org.evosuite.ga.ConstructionFailedException: Failed to add constructor for com.fasterxml.jackson.databind.deser.BeanDeserializerBuilder due to org.evosuite.ga.ConstructionFailedException: Max recursion depth reached
[MASTER] 07:54:05.609 [logback-1] WARN  TestChromosome - Functional mock problem: org.evosuite.ga.ConstructionFailedException: Failed to add constructor for com.fasterxml.jackson.databind.deser.CreatorProperty due to org.evosuite.ga.ConstructionFailedException: Failed to add constructor for com.fasterxml.jackson.databind.jsontype.impl.AsArrayTypeDeserializer due to org.evosuite.ga.ConstructionFailedException: Invalid generic instance
[MASTER] 07:54:05.988 [logback-1] WARN  TestChromosome - Functional mock problem: org.evosuite.ga.ConstructionFailedException: Failed to add constructor for com.fasterxml.jackson.databind.ser.BeanSerializerBuilder due to org.evosuite.ga.ConstructionFailedException: Invalid generic instance
[MASTER] 07:54:12.444 [logback-1] WARN  TestChromosome - Functional mock problem: org.evosuite.ga.ConstructionFailedException: Failed to add constructor for com.fasterxml.jackson.databind.deser.CreatorProperty due to org.evosuite.ga.ConstructionFailedException: Failed to add constructor for com.fasterxml.jackson.databind.introspect.AnnotationCollector$OneAnnotation due to org.evosuite.ga.ConstructionFailedException: Failed to add constructor for com.fasterxml.jackson.databind.ser.BeanPropertyWriter due to org.evosuite.ga.ConstructionFailedException: Max recursion depth reached
[MASTER] 07:54:19.988 [logback-1] WARN  TestChromosome - Functional mock problem: org.evosuite.ga.ConstructionFailedException: Failed to add constructor for com.fasterxml.jackson.databind.deser.CreatorProperty due to org.evosuite.ga.ConstructionFailedException: Failed to add constructor for com.fasterxml.jackson.databind.introspect.AnnotatedParameter due to org.evosuite.ga.ConstructionFailedException: Failed to add constructor for com.fasterxml.jackson.databind.introspect.AnnotatedMethod due to org.evosuite.ga.ConstructionFailedException: Failed to add constructor for com.fasterxml.jackson.databind.ser.BeanPropertyWriter due to org.evosuite.ga.ConstructionFailedException: Failed to add constructor for com.fasterxml.jackson.databind.introspect.POJOPropertyBuilder due to org.evosuite.ga.ConstructionFailedException: Invalid generic instance
[MASTER] 07:54:20.018 [logback-1] WARN  TestChromosome - Functional mock problem: org.evosuite.ga.ConstructionFailedException: Failed to add constructor for com.fasterxml.jackson.databind.deser.std.StdKeyDeserializer$StringCtorKeyDeserializer due to org.evosuite.ga.ConstructionFailedException: Have no generator for java.lang.reflect.Constructor<com.fasterxml.jackson.databind.ext.CoreXMLDeserializers$Std> canUseFunctionalMocks=true, canBeMocked: false
[MASTER] 07:54:38.411 [logback-1] WARN  TestChromosome - Functional mock problem: org.evosuite.ga.ConstructionFailedException: Failed to add constructor for com.fasterxml.jackson.databind.module.SimpleModule due to org.evosuite.ga.ConstructionFailedException: Error: VariableReference: Statement 9, type java.util.LinkedList<com.fasterxml.jackson.databind.JsonSerializer<com.fasterxml.jackson.databind.PropertyName>> is not assignable to java.util.List<com.fasterxml.jackson.databind.JsonSerializer<?>>
[MASTER] 07:54:54.749 [logback-1] WARN  TestChromosome - Functional mock problem: org.evosuite.ga.ConstructionFailedException: Failed to add constructor for com.fasterxml.jackson.databind.module.SimpleModule due to org.evosuite.ga.ConstructionFailedException: Failed to add constructor for com.fasterxml.jackson.core.json.UTF8JsonGenerator due to org.evosuite.ga.ConstructionFailedException: Failed to add constructor for com.fasterxml.jackson.databind.ObjectMapper due to org.evosuite.ga.ConstructionFailedException: Max recursion depth reached
[MASTER] 07:55:10.998 [logback-1] WARN  TestChromosome - Functional mock problem: org.evosuite.ga.ConstructionFailedException: Failed to add constructor for com.fasterxml.jackson.databind.module.SimpleModule due to org.evosuite.ga.ConstructionFailedException: Error: VariableReference: Statement 27, type java.util.HashMap<java.lang.Class<java.io.InputStream>, com.fasterxml.jackson.databind.JsonDeserializer<java.lang.Integer>> is not assignable to java.util.Map<java.lang.Class<?>, com.fasterxml.jackson.databind.JsonDeserializer<?>>
[MASTER] 07:55:16.947 [logback-1] WARN  TestChromosome - Functional mock problem: org.evosuite.ga.ConstructionFailedException: Failed to add constructor for com.fasterxml.jackson.databind.module.SimpleModule due to org.evosuite.ga.ConstructionFailedException: Failed to add constructor for com.fasterxml.jackson.databind.ObjectMapper due to org.evosuite.ga.ConstructionFailedException: Max recursion depth reached
[MASTER] 07:55:19.255 [logback-1] WARN  TestChromosome - Functional mock problem: org.evosuite.ga.ConstructionFailedException: Failed to add constructor for com.fasterxml.jackson.databind.module.SimpleModule due to org.evosuite.ga.ConstructionFailedException: Error: VariableReference: Statement 4, type java.util.HashMap<java.lang.Class<com.fasterxml.jackson.databind.PropertyName>, com.fasterxml.jackson.databind.JsonDeserializer<com.fasterxml.jackson.databind.JavaType>> is not assignable to java.util.Map<java.lang.Class<?>, com.fasterxml.jackson.databind.JsonDeserializer<?>>
[MASTER] 07:55:27.112 [logback-1] WARN  TestChromosome - Functional mock problem: org.evosuite.ga.ConstructionFailedException: Failed to add constructor for com.fasterxml.jackson.databind.SerializationConfig due to org.evosuite.ga.ConstructionFailedException: Failed to add constructor for com.fasterxml.jackson.databind.cfg.BaseSettings due to org.evosuite.ga.ConstructionFailedException: Invalid generic instance
[MASTER] 07:55:28.505 [logback-1] WARN  TestChromosome - Functional mock problem: org.evosuite.ga.ConstructionFailedException: Failed to add constructor for com.fasterxml.jackson.databind.DeserializationConfig due to org.evosuite.ga.ConstructionFailedException: Failed to add constructor for com.fasterxml.jackson.databind.introspect.SimpleMixInResolver due to org.evosuite.ga.ConstructionFailedException: Failed to add constructor for com.fasterxml.jackson.databind.SerializationConfig due to org.evosuite.ga.ConstructionFailedException: Max recursion depth reached
[MASTER] 07:55:32.045 [logback-1] WARN  TestChromosome - Functional mock problem: org.evosuite.ga.ConstructionFailedException: Failed to add constructor for com.fasterxml.jackson.databind.module.SimpleModule due to org.evosuite.ga.ConstructionFailedException: Error: VariableReference: Statement 4, type java.util.HashMap<java.lang.Class<com.fasterxml.jackson.databind.deser.SettableBeanProperty>, com.fasterxml.jackson.databind.JsonDeserializer<com.fasterxml.jackson.databind.ObjectReader>> is not assignable to java.util.Map<java.lang.Class<?>, com.fasterxml.jackson.databind.JsonDeserializer<?>>
[MASTER] 07:55:41.630 [logback-1] WARN  TestChromosome - Functional mock problem: org.evosuite.ga.ConstructionFailedException: Failed to add constructor for com.fasterxml.jackson.databind.module.SimpleModule due to org.evosuite.ga.ConstructionFailedException: Error: VariableReference: Statement 20, type java.util.Map<java.lang.Class<java.lang.String>, com.fasterxml.jackson.databind.JsonDeserializer<java.time.chrono.IsoEra>> is not assignable to java.util.Map<java.lang.Class<?>, com.fasterxml.jackson.databind.JsonDeserializer<?>>
[MASTER] 07:55:41.678 [logback-1] WARN  TestChromosome - Functional mock problem: org.evosuite.ga.ConstructionFailedException: Error: VariableReference: Statement 12, type java.util.TreeSet<java.lang.Class<java.lang.String>> is not assignable to java.util.Collection<java.lang.Class<?>>
[MASTER] 07:55:41.877 [logback-1] WARN  TestChromosome - Functional mock problem: org.evosuite.ga.ConstructionFailedException: Failed to add constructor for com.fasterxml.jackson.databind.module.SimpleModule due to org.evosuite.ga.ConstructionFailedException: Error: VariableReference: Statement 11, type java.util.HashMap<java.lang.Class<com.fasterxml.jackson.databind.introspect.BasicBeanDescription>, com.fasterxml.jackson.databind.JsonDeserializer<com.fasterxml.jackson.databind.node.DoubleNode>> is not assignable to java.util.Map<java.lang.Class<?>, com.fasterxml.jackson.databind.JsonDeserializer<?>>
[MASTER] 07:55:42.086 [logback-1] WARN  TestChromosome - Functional mock problem: org.evosuite.ga.ConstructionFailedException: Failed to add constructor for com.fasterxml.jackson.databind.module.SimpleModule due to org.evosuite.ga.ConstructionFailedException: Error: VariableReference: Statement 11, type java.util.Stack<com.fasterxml.jackson.databind.JsonSerializer<com.fasterxml.jackson.databind.node.DoubleNode>> is not assignable to java.util.List<com.fasterxml.jackson.databind.JsonSerializer<?>>
[MASTER] 07:55:42.970 [logback-1] WARN  TestChromosome - Functional mock problem: org.evosuite.ga.ConstructionFailedException: Failed to add constructor for com.fasterxml.jackson.databind.deser.std.StdKeyDeserializer$EnumKD due to org.evosuite.ga.ConstructionFailedException: Invalid generic instance
[MASTER] 07:55:43.266 [logback-1] WARN  TestChromosome - Functional mock problem: org.evosuite.ga.ConstructionFailedException: Failed to add constructor for com.fasterxml.jackson.databind.module.SimpleModule due to org.evosuite.ga.ConstructionFailedException: Failed to add constructor for com.fasterxml.jackson.databind.ObjectMapper due to org.evosuite.ga.ConstructionFailedException: Have no generator for class com.fasterxml.jackson.databind.deser.DefaultDeserializationContext$Impl canUseFunctionalMocks=false, canBeMocked: true
[MASTER] 07:55:43.367 [logback-1] WARN  TestChromosome - Functional mock problem: org.evosuite.ga.ConstructionFailedException: Error: VariableReference: Statement 11, type java.util.TreeSet<java.lang.Class<java.lang.Object>> is not assignable to java.util.Collection<java.lang.Class<?>>
[MASTER] 07:55:43.579 [logback-1] WARN  TestChromosome - Functional mock problem: org.evosuite.ga.ConstructionFailedException: Failed to add constructor for com.fasterxml.jackson.databind.module.SimpleModule due to org.evosuite.ga.ConstructionFailedException: Error: VariableReference: Statement 11, type java.util.List<com.fasterxml.jackson.databind.JsonSerializer<java.lang.Class<com.fasterxml.jackson.databind.JavaType>>> is not assignable to java.util.List<com.fasterxml.jackson.databind.JsonSerializer<?>>
[MASTER] 07:55:43.730 [logback-1] WARN  TestChromosome - Functional mock problem: org.evosuite.ga.ConstructionFailedException: Error: VariableReference: Statement 27, type java.util.ArrayDeque<java.lang.Class<java.lang.String>> is not assignable to java.util.Collection<java.lang.Class<?>>
[MASTER] 07:55:48.971 [logback-1] WARN  TestChromosome - Functional mock problem: org.evosuite.ga.ConstructionFailedException: Failed to add constructor for com.fasterxml.jackson.databind.module.SimpleModule due to org.evosuite.ga.ConstructionFailedException: Failed to add constructor for com.fasterxml.jackson.databind.ObjectMapper due to org.evosuite.ga.ConstructionFailedException: Failed to add constructor for com.fasterxml.jackson.core.JsonFactory due to org.evosuite.ga.ConstructionFailedException: Failed to add constructor for com.fasterxml.jackson.databind.ObjectMapper due to org.evosuite.ga.ConstructionFailedException: Max recursion depth reached
[MASTER] 07:55:49.006 [logback-1] WARN  TestChromosome - Functional mock problem: org.evosuite.ga.ConstructionFailedException: Failed to add constructor for com.fasterxml.jackson.databind.module.SimpleModule due to org.evosuite.ga.ConstructionFailedException: Error: VariableReference: Statement 4, type java.util.HashMap<java.lang.Class<com.fasterxml.jackson.annotation.SimpleObjectIdResolver>, com.fasterxml.jackson.databind.JsonDeserializer<com.fasterxml.jackson.databind.introspect.BasicBeanDescription>> is not assignable to java.util.Map<java.lang.Class<?>, com.fasterxml.jackson.databind.JsonDeserializer<?>>
[MASTER] 07:55:49.271 [logback-1] WARN  TestChromosome - Functional mock problem: org.evosuite.ga.ConstructionFailedException: Error: VariableReference: Statement 25, type java.util.Vector<java.lang.Class<com.fasterxml.jackson.databind.node.DoubleNode>> is not assignable to java.util.Collection<java.lang.Class<?>>
[MASTER] 07:55:49.518 [logback-1] WARN  TestChromosome - Functional mock problem: org.evosuite.ga.ConstructionFailedException: Failed to add constructor for com.fasterxml.jackson.databind.module.SimpleModule due to org.evosuite.ga.ConstructionFailedException: Error: VariableReference: Statement 11, type java.util.Stack<com.fasterxml.jackson.databind.JsonSerializer<com.fasterxml.jackson.databind.jsontype.TypeIdResolver>> is not assignable to java.util.List<com.fasterxml.jackson.databind.JsonSerializer<?>>
[MASTER] 07:55:50.568 [logback-1] WARN  TestChromosome - Functional mock problem: org.evosuite.ga.ConstructionFailedException: Error: VariableReference: Statement 16, type java.util.Stack<java.lang.Class<java.lang.Integer>> is not assignable to java.util.Collection<java.lang.Class<?>>
[MASTER] 07:55:50.817 [logback-1] WARN  TestChromosome - Functional mock problem: org.evosuite.ga.ConstructionFailedException: Failed to add constructor for com.fasterxml.jackson.databind.module.SimpleModule due to org.evosuite.ga.ConstructionFailedException: Error: VariableReference: Statement 22, type java.util.Map<java.lang.Class<java.lang.Integer>, com.fasterxml.jackson.databind.JsonDeserializer<java.io.InputStream>> is not assignable to java.util.Map<java.lang.Class<?>, com.fasterxml.jackson.databind.JsonDeserializer<?>>
[MASTER] 07:55:51.026 [logback-1] WARN  TestChromosome - Functional mock problem: org.evosuite.ga.ConstructionFailedException: Failed to add constructor for com.fasterxml.jackson.databind.module.SimpleModule due to org.evosuite.ga.ConstructionFailedException: Error: VariableReference: Statement 11, type java.util.ArrayList<com.fasterxml.jackson.databind.JsonSerializer<com.fasterxml.jackson.databind.jsontype.impl.TypeNameIdResolver>> is not assignable to java.util.List<com.fasterxml.jackson.databind.JsonSerializer<?>>
[MASTER] 07:55:51.272 [logback-1] WARN  TestChromosome - Functional mock problem: org.evosuite.ga.ConstructionFailedException: Failed to add constructor for java.util.ArrayList due to org.evosuite.ga.ConstructionFailedException: Error: VariableReference: Statement 33, type java.util.LinkedList<java.lang.Class<com.fasterxml.jackson.databind.JavaType>> is not assignable to java.util.Collection<? extends java.lang.Class<com.fasterxml.jackson.databind.jsontype.impl.TypeNameIdResolver>>
[MASTER] 07:55:51.582 [logback-1] WARN  TestChromosome - Functional mock problem: org.evosuite.ga.ConstructionFailedException: Failed to add constructor for com.fasterxml.jackson.databind.module.SimpleModule due to org.evosuite.ga.ConstructionFailedException: Error: VariableReference: Statement 15, type java.util.LinkedList<com.fasterxml.jackson.databind.JsonSerializer<com.fasterxml.jackson.databind.node.DoubleNode>> is not assignable to java.util.List<com.fasterxml.jackson.databind.JsonSerializer<?>>
[MASTER] 07:55:51.934 [logback-1] WARN  TestChromosome - Functional mock problem: org.evosuite.ga.ConstructionFailedException: Max recursion depth reached
[MASTER] 07:55:52.022 [logback-1] WARN  TestChromosome - Functional mock problem: org.evosuite.ga.ConstructionFailedException: Failed to add constructor for com.fasterxml.jackson.databind.module.SimpleModule due to org.evosuite.ga.ConstructionFailedException: Error: VariableReference: Statement 11, type java.util.HashMap<java.lang.Class<com.fasterxml.jackson.databind.ext.CoreXMLDeserializers$Std>, com.fasterxml.jackson.databind.JsonDeserializer<com.fasterxml.jackson.databind.jsontype.TypeIdResolver>> is not assignable to java.util.Map<java.lang.Class<?>, com.fasterxml.jackson.databind.JsonDeserializer<?>>
[MASTER] 07:55:52.461 [logback-1] WARN  TestChromosome - Functional mock problem: org.evosuite.ga.ConstructionFailedException: Failed to add constructor for com.fasterxml.jackson.databind.module.SimpleModule due to org.evosuite.ga.ConstructionFailedException: Error: VariableReference: Statement 14, type java.util.LinkedList<com.fasterxml.jackson.databind.JsonSerializer<com.fasterxml.jackson.databind.JsonSerializer<java.lang.Integer>>> is not assignable to java.util.List<com.fasterxml.jackson.databind.JsonSerializer<?>>
[MASTER] 07:55:52.545 [logback-1] WARN  TestChromosome - Functional mock problem: org.evosuite.ga.ConstructionFailedException: Error: VariableReference: Statement 26, type java.util.LinkedHashSet<java.lang.Class<com.fasterxml.jackson.databind.JavaType>> is not assignable to java.util.Collection<java.lang.Class<?>>
[MASTER] 07:55:52.852 [logback-1] WARN  TestChromosome - Functional mock problem: org.evosuite.ga.ConstructionFailedException: Error: VariableReference: Statement 12, type java.util.HashSet<java.lang.Class<java.time.chrono.IsoEra>> is not assignable to java.util.Collection<java.lang.Class<?>>
[MASTER] 07:55:52.972 [logback-1] WARN  TestChromosome - Functional mock problem: org.evosuite.ga.ConstructionFailedException: Failed to add constructor for com.fasterxml.jackson.databind.module.SimpleModule due to org.evosuite.ga.ConstructionFailedException: Error: VariableReference: Statement 12, type java.util.HashMap<java.lang.Class<com.fasterxml.jackson.annotation.ObjectIdGenerators$UUIDGenerator>, com.fasterxml.jackson.databind.JsonDeserializer<com.fasterxml.jackson.databind.ext.CoreXMLDeserializers$Std>> is not assignable to java.util.Map<java.lang.Class<?>, com.fasterxml.jackson.databind.JsonDeserializer<?>>
[MASTER] 07:55:53.631 [logback-1] WARN  TestChromosome - Functional mock problem: org.evosuite.ga.ConstructionFailedException: Failed to add constructor for com.fasterxml.jackson.databind.module.SimpleModule due to org.evosuite.ga.ConstructionFailedException: Error: VariableReference: Statement 11, type java.util.HashMap<java.lang.Class<com.fasterxml.jackson.databind.JavaType>, com.fasterxml.jackson.databind.JsonDeserializer<java.lang.Object>> is not assignable to java.util.Map<java.lang.Class<?>, com.fasterxml.jackson.databind.JsonDeserializer<?>>
[MASTER] 07:55:53.866 [logback-1] WARN  TestChromosome - Functional mock problem: org.evosuite.ga.ConstructionFailedException: Failed to add constructor for com.fasterxml.jackson.databind.module.SimpleModule due to org.evosuite.ga.ConstructionFailedException: Failed to add constructor for com.fasterxml.jackson.databind.ObjectMapper due to org.evosuite.ga.ConstructionFailedException: Failed to add constructor for com.fasterxml.jackson.databind.ser.DefaultSerializerProvider$Impl due to org.evosuite.ga.ConstructionFailedException: Max recursion depth reached
[MASTER] 07:55:54.148 [logback-1] WARN  TestChromosome - Functional mock problem: org.evosuite.ga.ConstructionFailedException: Failed to add constructor for com.fasterxml.jackson.databind.module.SimpleModule due to org.evosuite.ga.ConstructionFailedException: Error: VariableReference: Statement 27, type java.util.Map<java.lang.Class<com.fasterxml.jackson.databind.node.DoubleNode>, com.fasterxml.jackson.databind.JsonDeserializer<com.fasterxml.jackson.databind.module.SimpleModule>> is not assignable to java.util.Map<java.lang.Class<?>, com.fasterxml.jackson.databind.JsonDeserializer<?>>
[MASTER] 07:55:54.282 [logback-1] WARN  TestChromosome - Functional mock problem: org.evosuite.ga.ConstructionFailedException: Failed to add constructor for com.fasterxml.jackson.databind.module.SimpleModule due to org.evosuite.ga.ConstructionFailedException: Error: VariableReference: Statement 11, type java.util.ArrayList<com.fasterxml.jackson.databind.JsonSerializer<com.fasterxml.jackson.databind.Module>> is not assignable to java.util.List<com.fasterxml.jackson.databind.JsonSerializer<?>>
[MASTER] 07:55:54.762 [logback-1] WARN  TestChromosome - Functional mock problem: org.evosuite.ga.ConstructionFailedException: Failed to add constructor for com.fasterxml.jackson.databind.module.SimpleModule due to org.evosuite.ga.ConstructionFailedException: Error: VariableReference: Statement 15, type java.util.HashMap<java.lang.Class<java.lang.Object>, com.fasterxml.jackson.databind.JsonDeserializer<com.fasterxml.jackson.databind.ext.CoreXMLDeserializers$Std>> is not assignable to java.util.Map<java.lang.Class<?>, com.fasterxml.jackson.databind.JsonDeserializer<?>>
[MASTER] 07:55:55.127 [logback-1] WARN  TestChromosome - Functional mock problem: org.evosuite.ga.ConstructionFailedException: Failed to add constructor for com.fasterxml.jackson.databind.module.SimpleModule due to org.evosuite.ga.ConstructionFailedException: Error: VariableReference: Statement 16, type java.util.HashMap<java.lang.Class<com.fasterxml.jackson.databind.jsontype.NamedType>, com.fasterxml.jackson.databind.JsonDeserializer<com.fasterxml.jackson.databind.node.DoubleNode>> is not assignable to java.util.Map<java.lang.Class<?>, com.fasterxml.jackson.databind.JsonDeserializer<?>>
[MASTER] 07:55:55.350 [logback-1] WARN  TestChromosome - Functional mock problem: org.evosuite.ga.ConstructionFailedException: Error: VariableReference: Statement 20, type java.util.TreeSet<java.lang.Class<com.fasterxml.jackson.databind.ext.CoreXMLDeserializers$Std>> is not assignable to java.util.Collection<java.lang.Class<?>>
[MASTER] 07:56:00.643 [logback-1] WARN  TestChromosome - Functional mock problem: org.evosuite.ga.ConstructionFailedException: Failed to add constructor for com.fasterxml.jackson.databind.module.SimpleModule due to org.evosuite.ga.ConstructionFailedException: Error: VariableReference: Statement 11, type java.util.HashMap<java.lang.Class<com.fasterxml.jackson.databind.node.DoubleNode>, com.fasterxml.jackson.databind.JsonDeserializer<java.lang.Object>> is not assignable to java.util.Map<java.lang.Class<?>, com.fasterxml.jackson.databind.JsonDeserializer<?>>
[MASTER] 07:56:00.916 [logback-1] WARN  TestChromosome - Functional mock problem: org.evosuite.ga.ConstructionFailedException: Failed to add constructor for com.fasterxml.jackson.databind.module.SimpleModule due to org.evosuite.ga.ConstructionFailedException: Error: VariableReference: Statement 18, type java.util.HashMap<java.lang.Class<java.lang.Integer>, com.fasterxml.jackson.databind.JsonDeserializer<com.fasterxml.jackson.annotation.ObjectIdResolver>> is not assignable to java.util.Map<java.lang.Class<?>, com.fasterxml.jackson.databind.JsonDeserializer<?>>
[MASTER] 07:56:00.962 [logback-1] WARN  TestChromosome - Functional mock problem: org.evosuite.ga.ConstructionFailedException: Error: VariableReference: Statement 30, type com.fasterxml.jackson.databind.JsonDeserializer<java.util.LinkedList<com.fasterxml.jackson.databind.JsonSerializer<java.lang.Integer>>> is not assignable to com.fasterxml.jackson.databind.JsonDeserializer<? extends java.util.LinkedList<java.util.LinkedList<E>>>
[MASTER] 07:56:01.561 [logback-1] WARN  TestChromosome - Functional mock problem: org.evosuite.ga.ConstructionFailedException: Failed to add constructor for com.fasterxml.jackson.databind.module.SimpleModule due to org.evosuite.ga.ConstructionFailedException: Failed to add constructor for com.fasterxml.jackson.core.filter.FilteringGeneratorDelegate due to org.evosuite.ga.ConstructionFailedException: Failed to add constructor for com.fasterxml.jackson.core.json.UTF8JsonGenerator due to org.evosuite.ga.ConstructionFailedException: Failed to add constructor for com.fasterxml.jackson.core.io.IOContext due to org.evosuite.ga.ConstructionFailedException: Max recursion depth reached
[MASTER] 07:56:01.759 [logback-1] WARN  TestChromosome - Functional mock problem: org.evosuite.ga.ConstructionFailedException: Failed to add constructor for com.fasterxml.jackson.databind.module.SimpleModule due to org.evosuite.ga.ConstructionFailedException: Error: VariableReference: Statement 26, type java.util.Map<java.lang.Class<com.fasterxml.jackson.databind.ext.CoreXMLDeserializers$Std>, com.fasterxml.jackson.databind.JsonDeserializer<com.fasterxml.jackson.databind.deser.SettableBeanProperty>> is not assignable to java.util.Map<java.lang.Class<?>, com.fasterxml.jackson.databind.JsonDeserializer<?>>
[MASTER] 07:56:01.827 [logback-1] WARN  TestChromosome - Functional mock problem: org.evosuite.ga.ConstructionFailedException: Failed to add constructor for com.fasterxml.jackson.databind.module.SimpleModule due to org.evosuite.ga.ConstructionFailedException: Error: VariableReference: Statement 16, type java.util.HashMap<java.lang.Class<java.time.chrono.IsoEra>, com.fasterxml.jackson.databind.JsonDeserializer<com.fasterxml.jackson.databind.DeserializationFeature>> is not assignable to java.util.Map<java.lang.Class<?>, com.fasterxml.jackson.databind.JsonDeserializer<?>>
[MASTER] 07:56:07.102 [logback-2] ERROR TestCluster - Failed to check cache for java.util.function.Predicate<T> : Type points to itself
[MASTER] 07:56:07.116 [logback-1] WARN  TestChromosome - Functional mock problem: org.evosuite.ga.ConstructionFailedException: Failed to add constructor for com.fasterxml.jackson.databind.module.SimpleModule due to org.evosuite.ga.ConstructionFailedException: Error: VariableReference: Statement 11, type java.util.LinkedList<com.fasterxml.jackson.databind.JsonSerializer<com.fasterxml.jackson.annotation.SimpleObjectIdResolver>> is not assignable to java.util.List<com.fasterxml.jackson.databind.JsonSerializer<?>>
[MASTER] 07:56:07.331 [logback-1] WARN  TestChromosome - Functional mock problem: org.evosuite.ga.ConstructionFailedException: Failed to add constructor for com.fasterxml.jackson.databind.module.SimpleModule due to org.evosuite.ga.ConstructionFailedException: Error: VariableReference: Statement 31, type java.util.HashMap<java.lang.Class<com.fasterxml.jackson.databind.Module>, com.fasterxml.jackson.databind.JsonDeserializer<java.time.chrono.ChronoLocalDate>> is not assignable to java.util.Map<java.lang.Class<?>, com.fasterxml.jackson.databind.JsonDeserializer<?>>
[MASTER] 07:56:07.565 [logback-1] WARN  TestChromosome - Functional mock problem: org.evosuite.ga.ConstructionFailedException: Failed to add constructor for com.fasterxml.jackson.databind.module.SimpleModule due to org.evosuite.ga.ConstructionFailedException: Error: VariableReference: Statement 14, type java.util.HashMap<java.lang.Class<com.fasterxml.jackson.databind.node.DoubleNode>, com.fasterxml.jackson.databind.JsonDeserializer<java.util.Locale$LanguageRange>> is not assignable to java.util.Map<java.lang.Class<?>, com.fasterxml.jackson.databind.JsonDeserializer<?>>
[MASTER] 07:56:08.368 [logback-1] WARN  TestChromosome - Functional mock problem: org.evosuite.ga.ConstructionFailedException: Failed to add constructor for com.fasterxml.jackson.databind.module.SimpleModule due to org.evosuite.ga.ConstructionFailedException: Error: VariableReference: Statement 12, type java.util.HashMap<java.lang.Class<com.fasterxml.jackson.databind.ObjectReader>, com.fasterxml.jackson.databind.JsonDeserializer<java.lang.Object>> is not assignable to java.util.Map<java.lang.Class<?>, com.fasterxml.jackson.databind.JsonDeserializer<?>>
[MASTER] 07:56:08.496 [logback-1] WARN  TestChromosome - Functional mock problem: org.evosuite.ga.ConstructionFailedException: Failed to add constructor for com.fasterxml.jackson.databind.module.SimpleModule due to org.evosuite.ga.ConstructionFailedException: Failed to add constructor for com.fasterxml.jackson.core.JsonFactory due to org.evosuite.ga.ConstructionFailedException: Failed to add constructor for com.fasterxml.jackson.databind.ObjectMapper due to org.evosuite.ga.ConstructionFailedException: Max recursion depth reached
[MASTER] 07:56:08.535 [logback-1] WARN  TestChromosome - Functional mock problem: org.evosuite.ga.ConstructionFailedException: Failed to add constructor for com.fasterxml.jackson.databind.module.SimpleModule due to org.evosuite.ga.ConstructionFailedException: Error: VariableReference: Statement 11, type java.util.Vector<com.fasterxml.jackson.databind.JsonSerializer<java.lang.String>> is not assignable to java.util.List<com.fasterxml.jackson.databind.JsonSerializer<?>>
[MASTER] 07:56:08.715 [logback-1] WARN  TestChromosome - Functional mock problem: org.evosuite.ga.ConstructionFailedException: Failed to add constructor for java.util.PriorityQueue due to org.evosuite.ga.ConstructionFailedException: Error: VariableReference: Statement 14, type java.util.PriorityQueue<java.lang.Class<com.fasterxml.jackson.databind.JavaType>> is not assignable to java.util.PriorityQueue<? extends java.lang.Class<java.lang.Class<com.fasterxml.jackson.databind.JavaType>>>
[MASTER] 07:56:08.904 [logback-1] WARN  TestChromosome - Functional mock problem: org.evosuite.ga.ConstructionFailedException: Failed to add constructor for com.fasterxml.jackson.databind.module.SimpleModule due to org.evosuite.ga.ConstructionFailedException: Error: VariableReference: Statement 15, type java.util.Map<java.lang.Class<com.fasterxml.jackson.databind.jsontype.NamedType>, com.fasterxml.jackson.databind.JsonDeserializer<java.io.InputStream>> is not assignable to java.util.Map<java.lang.Class<?>, com.fasterxml.jackson.databind.JsonDeserializer<?>>
[MASTER] 07:56:09.256 [logback-1] WARN  TestChromosome - Functional mock problem: org.evosuite.ga.ConstructionFailedException: Failed to add constructor for com.fasterxml.jackson.databind.module.SimpleModule due to org.evosuite.ga.ConstructionFailedException: Error: VariableReference: Statement 28, type java.util.HashMap<java.lang.Class<java.io.InputStream>, com.fasterxml.jackson.databind.JsonDeserializer<com.fasterxml.jackson.databind.introspect.BasicBeanDescription>> is not assignable to java.util.Map<java.lang.Class<?>, com.fasterxml.jackson.databind.JsonDeserializer<?>>
[MASTER] 07:56:09.519 [logback-1] WARN  TestChromosome - Functional mock problem: org.evosuite.ga.ConstructionFailedException: Failed to add constructor for com.fasterxml.jackson.databind.module.SimpleModule due to org.evosuite.ga.ConstructionFailedException: Error: VariableReference: Statement 13, type java.util.HashMap<java.lang.Class<java.lang.String>, com.fasterxml.jackson.databind.JsonDeserializer<com.fasterxml.jackson.databind.jsontype.impl.TypeNameIdResolver>> is not assignable to java.util.Map<java.lang.Class<?>, com.fasterxml.jackson.databind.JsonDeserializer<?>>
[MASTER] 07:56:09.783 [logback-1] WARN  TestChromosome - Functional mock problem: org.evosuite.ga.ConstructionFailedException: Failed to add constructor for com.fasterxml.jackson.databind.module.SimpleModule due to org.evosuite.ga.ConstructionFailedException: Error: VariableReference: Statement 4, type java.util.Map<java.lang.Class<com.fasterxml.jackson.databind.ext.CoreXMLDeserializers$Std>, com.fasterxml.jackson.databind.JsonDeserializer<java.lang.String>> is not assignable to java.util.Map<java.lang.Class<?>, com.fasterxml.jackson.databind.JsonDeserializer<?>>
[MASTER] 07:56:09.831 [logback-1] WARN  TestChromosome - Functional mock problem: org.evosuite.ga.ConstructionFailedException: Error: VariableReference: Statement 14, type java.util.PriorityQueue<java.lang.Class<com.fasterxml.jackson.databind.deser.SettableBeanProperty>> is not assignable to java.util.Collection<java.lang.Class<?>>
[MASTER] 07:56:09.953 [logback-1] WARN  TestChromosome - Functional mock problem: org.evosuite.ga.ConstructionFailedException: Failed to add constructor for com.fasterxml.jackson.databind.module.SimpleModule due to org.evosuite.ga.ConstructionFailedException: Error: VariableReference: Statement 11, type java.util.Vector<com.fasterxml.jackson.databind.JsonSerializer<com.fasterxml.jackson.databind.node.DoubleNode>> is not assignable to java.util.List<com.fasterxml.jackson.databind.JsonSerializer<?>>
[MASTER] 07:56:09.973 [logback-1] WARN  TestChromosome - Functional mock problem: org.evosuite.ga.ConstructionFailedException: Error: VariableReference: Statement 15, type java.util.Stack<java.lang.Class<java.io.InputStream>> is not assignable to java.util.Collection<java.lang.Class<?>>
[MASTER] 07:56:10.502 [logback-1] WARN  TestChromosome - Functional mock problem: org.evosuite.ga.ConstructionFailedException: Error: VariableReference: Statement 14, type java.util.LinkedList<java.lang.Class<java.lang.Object>> is not assignable to java.util.Collection<java.lang.Class<?>>
[MASTER] 07:56:11.013 [logback-1] WARN  TestChromosome - Functional mock problem: org.evosuite.ga.ConstructionFailedException: Failed to add constructor for com.fasterxml.jackson.databind.module.SimpleModule due to org.evosuite.ga.ConstructionFailedException: Error: VariableReference: Statement 15, type java.util.HashMap<java.lang.Class<com.fasterxml.jackson.databind.Module>, com.fasterxml.jackson.databind.JsonDeserializer<java.time.chrono.IsoEra>> is not assignable to java.util.Map<java.lang.Class<?>, com.fasterxml.jackson.databind.JsonDeserializer<?>>
[MASTER] 07:56:11.275 [logback-1] WARN  TestChromosome - Functional mock problem: org.evosuite.ga.ConstructionFailedException: Failed to add constructor for com.fasterxml.jackson.databind.module.SimpleModule due to org.evosuite.ga.ConstructionFailedException: Error: VariableReference: Statement 22, type java.util.ArrayList<com.fasterxml.jackson.databind.JsonSerializer<com.fasterxml.jackson.databind.PropertyName>> is not assignable to java.util.List<com.fasterxml.jackson.databind.JsonSerializer<?>>
[MASTER] 07:56:11.312 [logback-1] WARN  TestChromosome - Functional mock problem: org.evosuite.ga.ConstructionFailedException: Error: VariableReference: Statement 42, type java.util.ArrayList<java.lang.Class<com.fasterxml.jackson.databind.Module>> is not assignable to java.util.Collection<java.lang.Class<?>>
[MASTER] 07:56:11.937 [logback-1] WARN  TestChromosome - Functional mock problem: org.evosuite.ga.ConstructionFailedException: Failed to add constructor for com.fasterxml.jackson.databind.module.SimpleModule due to org.evosuite.ga.ConstructionFailedException: Error: VariableReference: Statement 11, type java.util.HashMap<java.lang.Class<com.fasterxml.jackson.databind.Module>, com.fasterxml.jackson.databind.JsonDeserializer<com.fasterxml.jackson.databind.deser.SettableBeanProperty>> is not assignable to java.util.Map<java.lang.Class<?>, com.fasterxml.jackson.databind.JsonDeserializer<?>>
[MASTER] 07:56:11.954 [logback-1] WARN  TestChromosome - Functional mock problem: org.evosuite.ga.ConstructionFailedException: Failed to add constructor for com.fasterxml.jackson.databind.module.SimpleModule due to org.evosuite.ga.ConstructionFailedException: Error: VariableReference: Statement 14, type java.util.Vector<com.fasterxml.jackson.databind.JsonSerializer<java.lang.Integer>> is not assignable to java.util.List<com.fasterxml.jackson.databind.JsonSerializer<?>>
[MASTER] 07:56:12.169 [logback-1] WARN  TestChromosome - Functional mock problem: org.evosuite.ga.ConstructionFailedException: Failed to add constructor for com.fasterxml.jackson.databind.module.SimpleModule due to org.evosuite.ga.ConstructionFailedException: Error: VariableReference: Statement 11, type java.util.HashMap<java.lang.Class<com.fasterxml.jackson.annotation.ObjectIdGenerators$UUIDGenerator>, com.fasterxml.jackson.databind.JsonDeserializer<com.fasterxml.jackson.databind.ext.CoreXMLDeserializers$Std>> is not assignable to java.util.Map<java.lang.Class<?>, com.fasterxml.jackson.databind.JsonDeserializer<?>>
[MASTER] 07:56:17.735 [logback-1] WARN  TestChromosome - Functional mock problem: org.evosuite.ga.ConstructionFailedException: Error: VariableReference: Statement 15, type java.util.LinkedHashSet<java.lang.Class<com.fasterxml.jackson.databind.deser.SettableBeanProperty>> is not assignable to java.util.Collection<java.lang.Class<?>>
[MASTER] 07:56:17.944 [logback-1] WARN  TestChromosome - Functional mock problem: org.evosuite.ga.ConstructionFailedException: Failed to add constructor for com.fasterxml.jackson.databind.module.SimpleModule due to org.evosuite.ga.ConstructionFailedException: Error: VariableReference: Statement 19, type java.util.HashMap<java.lang.Class<com.fasterxml.jackson.databind.Module>, com.fasterxml.jackson.databind.JsonDeserializer<com.fasterxml.jackson.databind.ObjectReader>> is not assignable to java.util.Map<java.lang.Class<?>, com.fasterxml.jackson.databind.JsonDeserializer<?>>
[MASTER] 07:56:18.167 [logback-1] WARN  TestChromosome - Functional mock problem: org.evosuite.ga.ConstructionFailedException: Failed to add constructor for com.fasterxml.jackson.databind.module.SimpleModule due to org.evosuite.ga.ConstructionFailedException: Error: VariableReference: Statement 17, type java.util.LinkedList<com.fasterxml.jackson.databind.JsonSerializer<java.lang.Object>> is not assignable to java.util.List<com.fasterxml.jackson.databind.JsonSerializer<?>>
[MASTER] 07:56:18.566 [logback-1] WARN  TestChromosome - Functional mock problem: org.evosuite.ga.ConstructionFailedException: Failed to add constructor for com.fasterxml.jackson.databind.module.SimpleModule due to org.evosuite.ga.ConstructionFailedException: Error: VariableReference: Statement 20, type java.util.HashMap<java.lang.Class<java.io.InputStream>, com.fasterxml.jackson.databind.JsonDeserializer<com.fasterxml.jackson.databind.JavaType>> is not assignable to java.util.Map<java.lang.Class<?>, com.fasterxml.jackson.databind.JsonDeserializer<?>>
[MASTER] 07:56:18.998 [logback-1] WARN  TestChromosome - Functional mock problem: org.evosuite.ga.ConstructionFailedException: Failed to add constructor for com.fasterxml.jackson.databind.module.SimpleModule due to org.evosuite.ga.ConstructionFailedException: Error: VariableReference: Statement 11, type java.util.HashMap<java.lang.Class<java.lang.annotation.Annotation>, com.fasterxml.jackson.databind.JsonDeserializer<com.fasterxml.jackson.databind.Module>> is not assignable to java.util.Map<java.lang.Class<?>, com.fasterxml.jackson.databind.JsonDeserializer<?>>
[MASTER] 07:56:19.422 [logback-1] WARN  TestChromosome - Functional mock problem: org.evosuite.ga.ConstructionFailedException: Failed to add constructor for com.fasterxml.jackson.databind.module.SimpleModule due to org.evosuite.ga.ConstructionFailedException: Error: VariableReference: Statement 11, type java.util.HashMap<java.lang.Class<com.fasterxml.jackson.annotation.SimpleObjectIdResolver>, com.fasterxml.jackson.databind.JsonDeserializer<java.lang.Integer>> is not assignable to java.util.Map<java.lang.Class<?>, com.fasterxml.jackson.databind.JsonDeserializer<?>>
[MASTER] 07:56:20.081 [logback-1] WARN  TestChromosome - Functional mock problem: org.evosuite.ga.ConstructionFailedException: Failed to add constructor for com.fasterxml.jackson.databind.module.SimpleModule due to org.evosuite.ga.ConstructionFailedException: Failed to add constructor for com.fasterxml.jackson.core.json.ReaderBasedJsonParser due to org.evosuite.ga.ConstructionFailedException: Failed to add constructor for com.fasterxml.jackson.databind.ObjectMapper due to org.evosuite.ga.ConstructionFailedException: Failed to add constructor for com.fasterxml.jackson.core.JsonFactory due to org.evosuite.ga.ConstructionFailedException: Max recursion depth reached
[MASTER] 07:56:20.082 [logback-1] WARN  TestChromosome - Functional mock problem: org.evosuite.ga.ConstructionFailedException: Failed to add constructor for com.fasterxml.jackson.databind.module.SimpleModule due to org.evosuite.ga.ConstructionFailedException: Error: VariableReference: Statement 16, type java.util.ArrayList<com.fasterxml.jackson.databind.JsonSerializer<com.fasterxml.jackson.databind.JsonDeserializer<java.lang.Object>>> is not assignable to java.util.List<com.fasterxml.jackson.databind.JsonSerializer<?>>
[MASTER] 07:56:20.444 [logback-1] WARN  TestChromosome - Functional mock problem: org.evosuite.ga.ConstructionFailedException: Failed to add constructor for com.fasterxml.jackson.databind.module.SimpleModule due to org.evosuite.ga.ConstructionFailedException: Error: VariableReference: Statement 14, type java.util.HashMap<java.lang.Class<com.fasterxml.jackson.databind.module.SimpleModule>, com.fasterxml.jackson.databind.JsonDeserializer<com.fasterxml.jackson.databind.jsontype.NamedType>> is not assignable to java.util.Map<java.lang.Class<?>, com.fasterxml.jackson.databind.JsonDeserializer<?>>
[MASTER] 07:56:20.757 [logback-1] WARN  TestChromosome - Functional mock problem: org.evosuite.ga.ConstructionFailedException: Failed to add constructor for com.fasterxml.jackson.databind.module.SimpleModule due to org.evosuite.ga.ConstructionFailedException: Error: VariableReference: Statement 22, type java.util.HashMap<java.lang.Class<com.fasterxml.jackson.databind.ObjectReader>, com.fasterxml.jackson.databind.JsonDeserializer<java.lang.annotation.Annotation>> is not assignable to java.util.Map<java.lang.Class<?>, com.fasterxml.jackson.databind.JsonDeserializer<?>>
[MASTER] 07:56:20.864 [logback-1] WARN  TestChromosome - Functional mock problem: org.evosuite.ga.ConstructionFailedException: Failed to add constructor for com.fasterxml.jackson.databind.module.SimpleModule due to org.evosuite.ga.ConstructionFailedException: Error: VariableReference: Statement 15, type java.util.Map<java.lang.Class<java.time.chrono.IsoEra>, com.fasterxml.jackson.databind.JsonDeserializer<java.lang.Integer>> is not assignable to java.util.Map<java.lang.Class<?>, com.fasterxml.jackson.databind.JsonDeserializer<?>>
[MASTER] 07:56:20.936 [logback-1] WARN  TestChromosome - Functional mock problem: org.evosuite.ga.ConstructionFailedException: Failed to add constructor for com.fasterxml.jackson.databind.module.SimpleModule due to org.evosuite.ga.ConstructionFailedException: Error: VariableReference: Statement 14, type java.util.HashMap<java.lang.Class<com.fasterxml.jackson.databind.jsontype.NamedType>, com.fasterxml.jackson.databind.JsonDeserializer<com.fasterxml.jackson.databind.ext.CoreXMLDeserializers$Std>> is not assignable to java.util.Map<java.lang.Class<?>, com.fasterxml.jackson.databind.JsonDeserializer<?>>
[MASTER] 07:56:20.950 [logback-1] WARN  TestChromosome - Functional mock problem: org.evosuite.ga.ConstructionFailedException: Failed to add constructor for com.fasterxml.jackson.databind.module.SimpleModule due to org.evosuite.ga.ConstructionFailedException: Error: VariableReference: Statement 11, type java.util.HashMap<java.lang.Class<com.fasterxml.jackson.databind.PropertyName>, com.fasterxml.jackson.databind.JsonDeserializer<com.fasterxml.jackson.databind.module.SimpleModule>> is not assignable to java.util.Map<java.lang.Class<?>, com.fasterxml.jackson.databind.JsonDeserializer<?>>
[MASTER] 07:56:21.191 [logback-1] WARN  TestChromosome - Functional mock problem: org.evosuite.ga.ConstructionFailedException: Failed to add constructor for com.fasterxml.jackson.databind.module.SimpleModule due to org.evosuite.ga.ConstructionFailedException: Error: VariableReference: Statement 11, type java.util.HashMap<java.lang.Class<com.fasterxml.jackson.databind.module.SimpleModule>, com.fasterxml.jackson.databind.JsonDeserializer<java.lang.Object>> is not assignable to java.util.Map<java.lang.Class<?>, com.fasterxml.jackson.databind.JsonDeserializer<?>>
[MASTER] 07:56:21.945 [logback-1] WARN  TestChromosome - Functional mock problem: org.evosuite.ga.ConstructionFailedException: Failed to add constructor for com.fasterxml.jackson.databind.module.SimpleModule due to org.evosuite.ga.ConstructionFailedException: Error: VariableReference: Statement 11, type java.util.HashMap<java.lang.Class<com.fasterxml.jackson.databind.jsontype.NamedType>, com.fasterxml.jackson.databind.JsonDeserializer<com.fasterxml.jackson.databind.Module>> is not assignable to java.util.Map<java.lang.Class<?>, com.fasterxml.jackson.databind.JsonDeserializer<?>>
[MASTER] 07:56:22.202 [logback-1] WARN  TestChromosome - Functional mock problem: org.evosuite.ga.ConstructionFailedException: Failed to add constructor for com.fasterxml.jackson.databind.module.SimpleModule due to org.evosuite.ga.ConstructionFailedException: Error: VariableReference: Statement 12, type java.util.HashMap<java.lang.Class<java.util.Locale$LanguageRange>, com.fasterxml.jackson.databind.JsonDeserializer<java.time.chrono.IsoEra>> is not assignable to java.util.Map<java.lang.Class<?>, com.fasterxml.jackson.databind.JsonDeserializer<?>>
[MASTER] 07:56:22.480 [logback-1] WARN  TestChromosome - Functional mock problem: org.evosuite.ga.ConstructionFailedException: Failed to add constructor for com.fasterxml.jackson.databind.module.SimpleModule due to org.evosuite.ga.ConstructionFailedException: Failed to add constructor for java.util.HashMap due to org.evosuite.ga.ConstructionFailedException: Error: VariableReference: Statement 14, type java.util.HashMap<java.lang.Class<com.fasterxml.jackson.databind.JavaType>, com.fasterxml.jackson.databind.JsonDeserializer<java.lang.Object>> is not assignable to java.util.Map<? extends java.lang.Class<java.lang.String>, ? extends com.fasterxml.jackson.databind.JsonDeserializer<java.lang.annotation.Annotation>>
[MASTER] 07:56:22.515 [logback-1] WARN  TestChromosome - Functional mock problem: org.evosuite.ga.ConstructionFailedException: Failed to add constructor for com.fasterxml.jackson.databind.module.SimpleModule due to org.evosuite.ga.ConstructionFailedException: Error: VariableReference: Statement 15, type java.util.HashMap<java.lang.Class<com.fasterxml.jackson.databind.deser.SettableBeanProperty>, com.fasterxml.jackson.databind.JsonDeserializer<com.fasterxml.jackson.databind.DeserializationFeature>> is not assignable to java.util.Map<java.lang.Class<?>, com.fasterxml.jackson.databind.JsonDeserializer<?>>
[MASTER] 07:56:22.738 [logback-1] WARN  TestChromosome - Functional mock problem: org.evosuite.ga.ConstructionFailedException: Failed to add constructor for com.fasterxml.jackson.databind.module.SimpleModule due to org.evosuite.ga.ConstructionFailedException: Error: VariableReference: Statement 11, type java.util.Vector<com.fasterxml.jackson.databind.JsonSerializer<com.fasterxml.jackson.databind.JsonSerializer<java.lang.Integer>>> is not assignable to java.util.List<com.fasterxml.jackson.databind.JsonSerializer<?>>
[MASTER] 07:56:24.163 [logback-1] WARN  TestChromosome - Functional mock problem: org.evosuite.ga.ConstructionFailedException: Failed to add constructor for com.fasterxml.jackson.databind.module.SimpleModule due to org.evosuite.ga.ConstructionFailedException: Error: VariableReference: Statement 13, type java.util.HashMap<java.lang.Class<com.fasterxml.jackson.databind.deser.SettableBeanProperty>, com.fasterxml.jackson.databind.JsonDeserializer<com.fasterxml.jackson.databind.Module>> is not assignable to java.util.Map<java.lang.Class<?>, com.fasterxml.jackson.databind.JsonDeserializer<?>>
[MASTER] 07:56:24.462 [logback-1] WARN  TestChromosome - Functional mock problem: org.evosuite.ga.ConstructionFailedException: Failed to add constructor for com.fasterxml.jackson.databind.module.SimpleModule due to org.evosuite.ga.ConstructionFailedException: Error: VariableReference: Statement 14, type java.util.Map<java.lang.Class<com.fasterxml.jackson.databind.ext.CoreXMLDeserializers$Std>, com.fasterxml.jackson.databind.JsonDeserializer<java.time.chrono.IsoEra>> is not assignable to java.util.Map<java.lang.Class<?>, com.fasterxml.jackson.databind.JsonDeserializer<?>>
[MASTER] 07:56:24.735 [logback-1] WARN  TestChromosome - Functional mock problem: org.evosuite.ga.ConstructionFailedException: Failed to add constructor for com.fasterxml.jackson.databind.module.SimpleModule due to org.evosuite.ga.ConstructionFailedException: Error: VariableReference: Statement 21, type java.util.LinkedList<com.fasterxml.jackson.databind.JsonSerializer<com.fasterxml.jackson.databind.deser.SettableBeanProperty>> is not assignable to java.util.List<com.fasterxml.jackson.databind.JsonSerializer<?>>
[MASTER] 07:56:25.000 [logback-1] WARN  TestChromosome - Functional mock problem: org.evosuite.ga.ConstructionFailedException: Failed to add constructor for com.fasterxml.jackson.databind.module.SimpleModule due to org.evosuite.ga.ConstructionFailedException: Error: VariableReference: Statement 17, type java.util.HashMap<java.lang.Class<java.lang.annotation.Annotation>, com.fasterxml.jackson.databind.JsonDeserializer<java.lang.String>> is not assignable to java.util.Map<java.lang.Class<?>, com.fasterxml.jackson.databind.JsonDeserializer<?>>
[MASTER] 07:56:25.195 [logback-1] WARN  TestChromosome - Functional mock problem: org.evosuite.ga.ConstructionFailedException: Failed to add constructor for com.fasterxml.jackson.databind.module.SimpleModule due to org.evosuite.ga.ConstructionFailedException: Error: VariableReference: Statement 17, type java.util.HashMap<java.lang.Class<com.fasterxml.jackson.annotation.ObjectIdResolver>, com.fasterxml.jackson.databind.JsonDeserializer<com.fasterxml.jackson.annotation.ObjectIdResolver>> is not assignable to java.util.Map<java.lang.Class<?>, com.fasterxml.jackson.databind.JsonDeserializer<?>>
[MASTER] 07:56:25.673 [logback-1] WARN  TestChromosome - Functional mock problem: org.evosuite.ga.ConstructionFailedException: Failed to add constructor for com.fasterxml.jackson.databind.module.SimpleModule due to org.evosuite.ga.ConstructionFailedException: Error: VariableReference: Statement 11, type java.util.Stack<com.fasterxml.jackson.databind.JsonSerializer<java.lang.Integer>> is not assignable to java.util.List<com.fasterxml.jackson.databind.JsonSerializer<?>>
[MASTER] 07:56:26.289 [logback-1] WARN  TestChromosome - Functional mock problem: org.evosuite.ga.ConstructionFailedException: Failed to add constructor for com.fasterxml.jackson.databind.module.SimpleModule due to org.evosuite.ga.ConstructionFailedException: Error: VariableReference: Statement 15, type java.util.HashMap<java.lang.Class<com.fasterxml.jackson.databind.node.DoubleNode>, com.fasterxml.jackson.databind.JsonDeserializer<com.fasterxml.jackson.annotation.ObjectIdGenerators$UUIDGenerator>> is not assignable to java.util.Map<java.lang.Class<?>, com.fasterxml.jackson.databind.JsonDeserializer<?>>
[MASTER] 07:56:26.906 [logback-1] WARN  TestChromosome - Functional mock problem: org.evosuite.ga.ConstructionFailedException: Failed to add constructor for com.fasterxml.jackson.databind.module.SimpleModule due to org.evosuite.ga.ConstructionFailedException: Error: VariableReference: Statement 13, type java.util.HashMap<java.lang.Class<java.time.chrono.ChronoLocalDate>, com.fasterxml.jackson.databind.JsonDeserializer<java.io.InputStream>> is not assignable to java.util.Map<java.lang.Class<?>, com.fasterxml.jackson.databind.JsonDeserializer<?>>
[MASTER] 07:56:27.129 [logback-1] WARN  TestChromosome - Functional mock problem: org.evosuite.ga.ConstructionFailedException: Failed to add constructor for com.fasterxml.jackson.databind.module.SimpleModule due to org.evosuite.ga.ConstructionFailedException: Error: VariableReference: Statement 14, type java.util.Stack<com.fasterxml.jackson.databind.JsonSerializer<com.fasterxml.jackson.annotation.ObjectIdResolver>> is not assignable to java.util.List<com.fasterxml.jackson.databind.JsonSerializer<?>>
[MASTER] 07:56:27.150 [logback-1] WARN  TestChromosome - Functional mock problem: org.evosuite.ga.ConstructionFailedException: Failed to add constructor for com.fasterxml.jackson.databind.module.SimpleModule due to org.evosuite.ga.ConstructionFailedException: Error: VariableReference: Statement 11, type java.util.HashMap<java.lang.Class<com.fasterxml.jackson.databind.module.SimpleModule>, com.fasterxml.jackson.databind.JsonDeserializer<java.time.chrono.IsoEra>> is not assignable to java.util.Map<java.lang.Class<?>, com.fasterxml.jackson.databind.JsonDeserializer<?>>
[MASTER] 07:56:27.355 [logback-1] WARN  TestChromosome - Functional mock problem: org.evosuite.ga.ConstructionFailedException: Failed to add constructor for com.fasterxml.jackson.databind.module.SimpleModule due to org.evosuite.ga.ConstructionFailedException: Error: VariableReference: Statement 11, type java.util.HashMap<java.lang.Class<java.io.InputStream>, com.fasterxml.jackson.databind.JsonDeserializer<com.fasterxml.jackson.databind.module.SimpleModule>> is not assignable to java.util.Map<java.lang.Class<?>, com.fasterxml.jackson.databind.JsonDeserializer<?>>
[MASTER] 07:56:27.593 [logback-1] WARN  TestChromosome - Functional mock problem: org.evosuite.ga.ConstructionFailedException: Failed to add constructor for com.fasterxml.jackson.databind.module.SimpleModule due to org.evosuite.ga.ConstructionFailedException: Error: VariableReference: Statement 11, type java.util.HashMap<java.lang.Class<com.fasterxml.jackson.databind.JsonDeserializer<java.lang.Object>>, com.fasterxml.jackson.databind.JsonDeserializer<java.io.InputStream>> is not assignable to java.util.Map<java.lang.Class<?>, com.fasterxml.jackson.databind.JsonDeserializer<?>>
[MASTER] 07:56:27.669 [logback-1] WARN  TestChromosome - Functional mock problem: org.evosuite.ga.ConstructionFailedException: Failed to add constructor for com.fasterxml.jackson.databind.module.SimpleModule due to org.evosuite.ga.ConstructionFailedException: Error: VariableReference: Statement 11, type java.util.ArrayList<com.fasterxml.jackson.databind.JsonSerializer<java.lang.annotation.Annotation>> is not assignable to java.util.List<com.fasterxml.jackson.databind.JsonSerializer<?>>
[MASTER] 07:56:27.676 [logback-1] WARN  TestChromosome - Functional mock problem: org.evosuite.ga.ConstructionFailedException: Failed to add constructor for com.fasterxml.jackson.databind.module.SimpleModule due to org.evosuite.ga.ConstructionFailedException: Error: VariableReference: Statement 14, type java.util.LinkedList<com.fasterxml.jackson.databind.JsonSerializer<com.fasterxml.jackson.databind.node.DoubleNode>> is not assignable to java.util.List<com.fasterxml.jackson.databind.JsonSerializer<?>>
[MASTER] 07:56:27.713 [logback-1] WARN  TestChromosome - Functional mock problem: org.evosuite.ga.ConstructionFailedException: Error: VariableReference: Statement 19, type java.util.ArrayList<java.lang.Class<java.lang.Object>> is not assignable to java.util.Collection<java.lang.Class<?>>
[MASTER] 07:56:28.166 [logback-1] WARN  TestChromosome - Functional mock problem: org.evosuite.ga.ConstructionFailedException: Failed to add constructor for com.fasterxml.jackson.databind.module.SimpleModule due to org.evosuite.ga.ConstructionFailedException: Error: VariableReference: Statement 14, type java.util.HashMap<java.lang.Class<com.fasterxml.jackson.databind.Module>, com.fasterxml.jackson.databind.JsonDeserializer<com.fasterxml.jackson.annotation.SimpleObjectIdResolver>> is not assignable to java.util.Map<java.lang.Class<?>, com.fasterxml.jackson.databind.JsonDeserializer<?>>
*C2*
[MASTER] 07:56:30.915 [logback-1] WARN  TestChromosome - Functional mock problem: org.evosuite.ga.ConstructionFailedException: Failed to add constructor for com.fasterxml.jackson.databind.module.SimpleModule due to org.evosuite.ga.ConstructionFailedException: Error: VariableReference: Statement 16, type java.util.HashMap<java.lang.Class<java.time.chrono.IsoEra>, com.fasterxml.jackson.databind.JsonDeserializer<com.fasterxml.jackson.databind.PropertyName>> is not assignable to java.util.Map<java.lang.Class<?>, com.fasterxml.jackson.databind.JsonDeserializer<?>>
[MASTER] 07:56:31.510 [logback-1] WARN  TestChromosome - Functional mock problem: org.evosuite.ga.ConstructionFailedException: Error: VariableReference: Statement 13, type java.util.Collection<java.lang.Class<com.fasterxml.jackson.databind.PropertyName>> is not assignable to java.util.Collection<java.lang.Class<?>>
[MASTER] 07:56:31.690 [logback-1] WARN  TestChromosome - Functional mock problem: org.evosuite.ga.ConstructionFailedException: Error: VariableReference: Statement 20, type java.util.LinkedHashSet<java.lang.Class<java.io.InputStream>> is not assignable to java.util.Collection<java.lang.Class<?>>
[MASTER] 07:56:31.817 [logback-1] WARN  TestChromosome - Functional mock problem: org.evosuite.ga.ConstructionFailedException: Failed to add constructor for com.fasterxml.jackson.databind.module.SimpleModule due to org.evosuite.ga.ConstructionFailedException: Error: VariableReference: Statement 11, type java.util.HashMap<java.lang.Class<com.fasterxml.jackson.databind.ObjectReader>, com.fasterxml.jackson.databind.JsonDeserializer<com.fasterxml.jackson.databind.jsontype.impl.TypeNameIdResolver>> is not assignable to java.util.Map<java.lang.Class<?>, com.fasterxml.jackson.databind.JsonDeserializer<?>>
[MASTER] 07:56:32.003 [logback-1] WARN  TestChromosome - Functional mock problem: org.evosuite.ga.ConstructionFailedException: Failed to add constructor for com.fasterxml.jackson.databind.module.SimpleModule due to org.evosuite.ga.ConstructionFailedException: Error: VariableReference: Statement 16, type java.util.HashMap<java.lang.Class<java.util.Locale$LanguageRange>, com.fasterxml.jackson.databind.JsonDeserializer<com.fasterxml.jackson.databind.deser.SettableBeanProperty>> is not assignable to java.util.Map<java.lang.Class<?>, com.fasterxml.jackson.databind.JsonDeserializer<?>>
[MASTER] 07:56:32.134 [logback-1] WARN  TestChromosome - Functional mock problem: org.evosuite.ga.ConstructionFailedException: Failed to add constructor for com.fasterxml.jackson.databind.module.SimpleModule due to org.evosuite.ga.ConstructionFailedException: Error: VariableReference: Statement 16, type java.util.HashMap<java.lang.Class<com.fasterxml.jackson.databind.jsontype.TypeIdResolver>, com.fasterxml.jackson.databind.JsonDeserializer<com.fasterxml.jackson.databind.JsonSerializer<java.lang.Integer>>> is not assignable to java.util.Map<java.lang.Class<?>, com.fasterxml.jackson.databind.JsonDeserializer<?>>
[MASTER] 07:56:32.975 [logback-1] WARN  TestChromosome - Functional mock problem: org.evosuite.ga.ConstructionFailedException: Failed to add constructor for com.fasterxml.jackson.databind.module.SimpleModule due to org.evosuite.ga.ConstructionFailedException: Failed to add constructor for com.fasterxml.jackson.core.JsonFactory due to org.evosuite.ga.ConstructionFailedException: Failed to add constructor for com.fasterxml.jackson.databind.ObjectMapper due to org.evosuite.ga.ConstructionFailedException: Failed to add constructor for com.fasterxml.jackson.databind.deser.DefaultDeserializationContext$Impl due to org.evosuite.ga.ConstructionFailedException: Max recursion depth reached
*C2*
*C2*
[MASTER] 07:56:33.243 [logback-1] WARN  TestChromosome - Functional mock problem: org.evosuite.ga.ConstructionFailedException: Failed to add constructor for com.fasterxml.jackson.databind.module.SimpleModule due to org.evosuite.ga.ConstructionFailedException: Error: VariableReference: Statement 14, type java.util.ArrayList<com.fasterxml.jackson.databind.JsonSerializer<java.lang.annotation.Annotation>> is not assignable to java.util.List<com.fasterxml.jackson.databind.JsonSerializer<?>>
[MASTER] 07:56:33.421 [logback-1] WARN  TestChromosome - Functional mock problem: org.evosuite.ga.ConstructionFailedException: Failed to add constructor for com.fasterxml.jackson.databind.module.SimpleModule due to org.evosuite.ga.ConstructionFailedException: Error: VariableReference: Statement 17, type java.util.HashMap<java.lang.Class<com.fasterxml.jackson.databind.deser.SettableBeanProperty>, com.fasterxml.jackson.databind.JsonDeserializer<com.fasterxml.jackson.databind.jsontype.TypeIdResolver>> is not assignable to java.util.Map<java.lang.Class<?>, com.fasterxml.jackson.databind.JsonDeserializer<?>>
[MASTER] 07:56:33.596 [logback-1] WARN  TestChromosome - Functional mock problem: org.evosuite.ga.ConstructionFailedException: Failed to add constructor for com.fasterxml.jackson.databind.module.SimpleModule due to org.evosuite.ga.ConstructionFailedException: Error: VariableReference: Statement 18, type java.util.LinkedList<com.fasterxml.jackson.databind.JsonSerializer<com.fasterxml.jackson.annotation.ObjectIdGenerators$UUIDGenerator>> is not assignable to java.util.List<com.fasterxml.jackson.databind.JsonSerializer<?>>
*C2*
*C2*
[MASTER] 07:56:34.808 [logback-1] WARN  TestChromosome - Functional mock problem: org.evosuite.ga.ConstructionFailedException: Failed to add constructor for com.fasterxml.jackson.databind.module.SimpleModule due to org.evosuite.ga.ConstructionFailedException: Error: VariableReference: Statement 15, type java.util.LinkedList<com.fasterxml.jackson.databind.JsonSerializer<com.fasterxml.jackson.databind.module.SimpleModule>> is not assignable to java.util.List<com.fasterxml.jackson.databind.JsonSerializer<?>>
[MASTER] 07:56:36.187 [logback-1] WARN  TestChromosome - Functional mock problem: org.evosuite.ga.ConstructionFailedException: Failed to add constructor for com.fasterxml.jackson.databind.module.SimpleModule due to org.evosuite.ga.ConstructionFailedException: Error: VariableReference: Statement 11, type java.util.HashMap<java.lang.Class<com.fasterxml.jackson.databind.node.DoubleNode>, com.fasterxml.jackson.databind.JsonDeserializer<com.fasterxml.jackson.databind.deser.SettableBeanProperty>> is not assignable to java.util.Map<java.lang.Class<?>, com.fasterxml.jackson.databind.JsonDeserializer<?>>
[MASTER] 07:56:36.556 [logback-1] WARN  TestChromosome - Functional mock problem: org.evosuite.ga.ConstructionFailedException: Failed to add constructor for com.fasterxml.jackson.databind.ext.CoreXMLDeserializers$Std due to org.evosuite.ga.ConstructionFailedException: Cannot instantiate a class with a class
[MASTER] 07:56:36.612 [logback-1] WARN  TestChromosome - Functional mock problem: org.evosuite.ga.ConstructionFailedException: Failed to add constructor for com.fasterxml.jackson.databind.module.SimpleModule due to org.evosuite.ga.ConstructionFailedException: Error: VariableReference: Statement 11, type java.util.HashMap<java.lang.Class<com.fasterxml.jackson.databind.node.DoubleNode>, com.fasterxml.jackson.databind.JsonDeserializer<com.fasterxml.jackson.annotation.ObjectIdResolver>> is not assignable to java.util.Map<java.lang.Class<?>, com.fasterxml.jackson.databind.JsonDeserializer<?>>
*C2*
*C2*
*C2*
*C2*
*C2*
*C2*
*C2*
*C2*
*C2*
*C2*
*C2*
*C2*
*C2*
*C2*
*C2*
*C2*
*C2*
*C2*
*C2*
*C2*
*C2*
*C2*
*C2*
*C2*
*C2*
*C2*
*C2*
*C2*
*C2*
*C2*
*C2*
*C2*
*C2*
*C2*
[MASTER] 07:56:49.332 [logback-1] WARN  TestChromosome - Functional mock problem: org.evosuite.ga.ConstructionFailedException: Failed to add constructor for com.fasterxml.jackson.databind.deser.CreatorProperty due to org.evosuite.ga.ConstructionFailedException: Failed to add constructor for com.fasterxml.jackson.databind.introspect.AnnotatedMethod due to org.evosuite.ga.ConstructionFailedException: Max recursion depth reached
*C2*
*C2*
*C2*
*C2*
*C2*
*C2*
*C2*
*C2*
*C2*
*C2*
*C2*
*C2*
*C2*
*C2*
*C2*
*C2*
*C2*
*C2*
*C2*
*C2*
*C2*
*C2*
*C2*
*C2*
*C2*
[MASTER] 07:56:58.237 [logback-1] WARN  TestChromosome - Functional mock problem: org.evosuite.ga.ConstructionFailedException: Failed to add constructor for com.fasterxml.jackson.databind.deser.CreatorProperty due to org.evosuite.ga.ConstructionFailedException: Failed to add constructor for com.fasterxml.jackson.databind.introspect.AnnotationCollector$OneAnnotation due to org.evosuite.ga.ConstructionFailedException: Failed to add constructor for com.fasterxml.jackson.databind.ser.BeanSerializerBuilder due to org.evosuite.ga.ConstructionFailedException: Max recursion depth reached
*C2*
*C2*
*C2*
*C2*
*C2*
*C2*
*C2*
*C2*
[MASTER] 07:56:59.385 [logback-1] WARN  TestChromosome - Functional mock problem: org.evosuite.ga.ConstructionFailedException: Failed to add constructor for com.fasterxml.jackson.databind.deser.std.StringCollectionDeserializer due to org.evosuite.ga.ConstructionFailedException: Failed to add constructor for com.fasterxml.jackson.databind.deser.BeanDeserializerBuilder due to org.evosuite.ga.ConstructionFailedException: Have no generator for class com.fasterxml.jackson.databind.deser.DefaultDeserializationContext$Impl canUseFunctionalMocks=false, canBeMocked: true
*C2*
*C2*
*C2*
*C2*
*C2*
*C2*
*C2*
*C2*
*C2*
*C2*
*C2*
*C2*
*C2*
*C2*
*C2*
*C2*
*C2*
*C2*
[MASTER] 07:57:04.079 [logback-1] WARN  TestChromosome - Functional mock problem: org.evosuite.ga.ConstructionFailedException: Have no generator for class com.fasterxml.jackson.databind.deser.DefaultDeserializationContext$Impl canUseFunctionalMocks=false, canBeMocked: true
*C2*
*C2*
[MASTER] 07:57:04.912 [logback-1] WARN  TestChromosome - Functional mock problem: org.evosuite.ga.ConstructionFailedException: Failed to add constructor for com.fasterxml.jackson.databind.introspect.AnnotatedConstructor due to org.evosuite.ga.ConstructionFailedException: Have no generator for java.lang.reflect.Constructor<java.lang.Object> canUseFunctionalMocks=false, canBeMocked: false
*C2*
[MASTER] 07:57:04.997 [logback-1] WARN  TestChromosome - Functional mock problem: org.evosuite.ga.ConstructionFailedException: Failed to add constructor for com.fasterxml.jackson.databind.introspect.AnnotatedMethod due to org.evosuite.ga.ConstructionFailedException: Max recursion depth reached
*C2*
*C2*
*C2*
*C2*
*C2*
*C2*
*C2*
*C2*
*C2*
*C2*
*C2*
*C2*
[MASTER] 07:57:07.493 [logback-1] WARN  TestChromosome - Functional mock problem: org.evosuite.ga.ConstructionFailedException: Failed to add constructor for com.fasterxml.jackson.databind.introspect.AnnotatedConstructor due to org.evosuite.ga.ConstructionFailedException: Invalid generic instance
*C2*
*C2*
*C2*
[MASTER] 07:57:07.946 [logback-1] WARN  TestChromosome - Functional mock problem: org.evosuite.ga.ConstructionFailedException: Failed to add constructor for com.fasterxml.jackson.databind.introspect.VirtualAnnotatedMember due to org.evosuite.ga.ConstructionFailedException: Failed to add constructor for com.fasterxml.jackson.databind.ser.BeanSerializerBuilder due to org.evosuite.ga.ConstructionFailedException: Invalid generic instance
*C2*
*C2*
*C2*
*C2*
*C2*
*C2*
*C2*
*C2*
[MASTER] 07:57:09.783 [logback-1] WARN  TestChromosome - Functional mock problem: org.evosuite.ga.ConstructionFailedException: Failed to add constructor for com.fasterxml.jackson.databind.module.SimpleModule due to org.evosuite.ga.ConstructionFailedException: Error: VariableReference: Statement 27, type java.util.LinkedList<com.fasterxml.jackson.databind.JsonSerializer<com.fasterxml.jackson.databind.JavaType>> is not assignable to java.util.List<com.fasterxml.jackson.databind.JsonSerializer<?>>
*C2*
[MASTER] 07:57:10.135 [logback-1] WARN  TestChromosome - Functional mock problem: org.evosuite.ga.ConstructionFailedException: Failed to add constructor for com.fasterxml.jackson.databind.deser.CreatorProperty due to org.evosuite.ga.ConstructionFailedException: Failed to add constructor for com.fasterxml.jackson.databind.introspect.AnnotatedParameter due to org.evosuite.ga.ConstructionFailedException: Failed to add constructor for com.fasterxml.jackson.databind.introspect.AnnotatedConstructor due to org.evosuite.ga.ConstructionFailedException: Failed to add constructor for com.fasterxml.jackson.databind.introspect.TypeResolutionContext$Basic due to org.evosuite.ga.ConstructionFailedException: Max recursion depth reached
*C2*
*C2*
*C2*
*C2*
*C2*
*C2*
[MASTER] 07:57:11.543 [logback-1] WARN  TestChromosome - Functional mock problem: org.evosuite.ga.ConstructionFailedException: Have no generator for class com.fasterxml.jackson.annotation.SimpleObjectIdResolver canUseFunctionalMocks=false, canBeMocked: true
*C2*
*C2*
*C2*
*C2*
*C2*
[MASTER] 07:57:12.635 [logback-1] WARN  TestChromosome - Functional mock problem: org.evosuite.ga.ConstructionFailedException: Failed to add constructor for com.fasterxml.jackson.databind.deser.CreatorProperty due to org.evosuite.ga.ConstructionFailedException: Failed to add constructor for com.fasterxml.jackson.databind.jsontype.impl.AsExternalTypeDeserializer due to org.evosuite.ga.ConstructionFailedException: Failed to add constructor for com.fasterxml.jackson.databind.jsontype.impl.AsExternalTypeDeserializer due to org.evosuite.ga.ConstructionFailedException: Max recursion depth reached
[MASTER] 07:57:12.869 [logback-1] WARN  TestChromosome - Functional mock problem: org.evosuite.ga.ConstructionFailedException: Failed to add constructor for com.fasterxml.jackson.databind.deser.std.StringCollectionDeserializer due to org.evosuite.ga.ConstructionFailedException: Failed to add constructor for com.fasterxml.jackson.databind.deser.BuilderBasedDeserializer due to org.evosuite.ga.ConstructionFailedException: Failed to add constructor for com.fasterxml.jackson.databind.deser.BeanDeserializerBuilder due to org.evosuite.ga.ConstructionFailedException: Max recursion depth reached
*C2*
*C2*
*C2*
*C2*
*C2*
*C2*
*C2*
*C2*
*C2*
*C2*
*C2*
*C2*
*C2*
*C2*
*C2*
*C2*
*C2*
*C2*
*C2*
*C2*
[MASTER] 07:57:22.062 [logback-1] WARN  TestChromosome - Functional mock problem: org.evosuite.ga.ConstructionFailedException: Failed to add constructor for com.fasterxml.jackson.databind.module.SimpleModule due to org.evosuite.ga.ConstructionFailedException: Error: VariableReference: Statement 5, type java.util.HashMap<java.lang.Class<com.fasterxml.jackson.databind.ext.CoreXMLDeserializers$Std>, com.fasterxml.jackson.databind.JsonDeserializer<java.lang.Object>> is not assignable to java.util.Map<java.lang.Class<?>, com.fasterxml.jackson.databind.JsonDeserializer<?>>
*C2*
*C2*
*C2*
*C2*
*C2*
*C2*
*C2*
*C2*
*C2*
*C2*
*C2*
*C2*
*C2*
*C2*
*C2*
*C2*
*C2*
*C2*
*C2*
*C2*
*C2*
*C2*
*C2*
*C2*
*C2*
*C2*
*C2*
*C2*
*C2*
*C2*
*C2*
*C2*
*C2*
[MASTER] 07:57:28.463 [logback-1] WARN  TestChromosome - Functional mock problem: org.evosuite.ga.ConstructionFailedException: Failed to add constructor for com.fasterxml.jackson.databind.deser.CreatorProperty due to org.evosuite.ga.ConstructionFailedException: Failed to add constructor for com.fasterxml.jackson.databind.jsontype.impl.AsExternalTypeDeserializer due to org.evosuite.ga.ConstructionFailedException: Failed to add constructor for com.fasterxml.jackson.databind.jsontype.impl.ClassNameIdResolver due to org.evosuite.ga.ConstructionFailedException: Max recursion depth reached
*C2*
*C2*
*C2*
*C2*
*C2*
*C2*
*C2*
*C2*
*C2*
*C2*
*C2*
*C2*
*C2*
*C2*
*C2*
*C2*
*C2*
*C2*
*C2*
*C2*
*C2*
*C2*
*C2*
*C2*
*C2*
*C2*
*C2*
*C2*
*C2*
*C2*
*C2*
*C2*
*C2*
*C2*
*C2*
*C2*
*C2*
*C2*
*C2*
*C2*
*C2*
*C2*
*C2*
*C2*
*C2*
*C2*
*C2*
*C2*
*C2*
*C2*
*C2*
*C2*
*C2*
*C2*
*C2*
*C2*
*C2*
*C2*
*C2*
*C2*
*C2*
*C2*
*C2*
*C2*
*C2*
*C2*
*C2*
*C2*
*C2*
*C2*
*C2*
*C2*
*C2*
*C2*
*C2*
*C2*
*C2*
*C2*
*C2*
*C2*
*C2*
*C2*
*C2*
*C2*
*C2*
*C2*
*C2*
*C2*
*C2*
*C2*
*C2*
*C2*
*C2*
*C2*
*C2*
*C2*
*C2*
*C2*
*C2*
*C2*
*C2*
*C2*
*C2*
*C2*
*C2*
*C2*
*C2*
*C2*
*C2*
*C2*
*C2*
*C2*
*C2*
*C2*
*C2*
*C2*
*C2*
[MASTER] 07:57:51.171 [logback-1] WARN  TestChromosome - Functional mock problem: org.evosuite.ga.ConstructionFailedException: Failed to add constructor for com.fasterxml.jackson.databind.deser.CreatorProperty due to org.evosuite.ga.ConstructionFailedException: Failed to add constructor for com.fasterxml.jackson.databind.introspect.VirtualAnnotatedMember due to org.evosuite.ga.ConstructionFailedException: Failed to add constructor for com.fasterxml.jackson.databind.introspect.TypeResolutionContext$Basic due to org.evosuite.ga.ConstructionFailedException: Failed to add constructor for com.fasterxml.jackson.databind.SerializationConfig due to org.evosuite.ga.ConstructionFailedException: Failed to add constructor for com.fasterxml.jackson.databind.cfg.BaseSettings due to org.evosuite.ga.ConstructionFailedException: Invalid generic instance
*C2*
*C2*
*C2*
*C2*
*C2*
*C2*
*C2*
*C2*
*C2*
*C2*
*C2*
*C2*
*C2*
*C2*
*C2*
*C2*
*C2*
*C2*
*C2*
*C2*
*C2*
*C2*
*C2*
*C2*
*C2*
*C2*
*C2*
*C2*
*C2*
*C2*
*C2*
*C2*
*C2*
*C2*
*C2*
*C2*
*C2*
*C2*
*C2*
*C2*
*C2*
*C2*
*C2*
*C2*
*C2*
*C2*
*C2*
*C2*
*C2*
*C2*
*C2*
*C2*
*C2*
*C2*
*C2*
*C2*
*C2*
*C2*
*C2*
*C2*
*C2*
*C2*
*C2*
*C2*
*C2*
*C2*
*C2*
*C2*
*C2*
*C2*
*C2*
*C2*
*C2*
*C2*
*C2*
*C2*
*C2*
*C2*
*C2*
*C2*
*C2*
*C2*
*C2*
*C2*
*C2*
*C2*
*C2*
*C2*
*C2*
*C2*
*C2*
*C2*
*C2*
*C2*
*C2*
*C2*
*C2*
*C2*
*C2*
*C2*
*C2*
*C2*
*C2*
*C2*
*C2*
*C2*
*C2*
*C2*
*C2*
*C2*
*C2*
*C2*
*C2*
*C2*
*C2*
*C2*
*C2*
*C2*
*C2*
*C2*
*C2*
*C2*
*C2*
*C2*
*C2*
*C2*
*C2*
*C2*
*C2*
*C2*
*C2*
*C2*
*C2*
*C2*
*C2*
*C2*
*C2*
*C2*
*C2*
*C2*
*C2*
*C2*
*C2*
*C2*
*C2*
*C2*
*C2*
*C2*
*C2*
*C2*
*C2*
*C2*
*C2*
*C2*
*C2*
*C2*
*C2*
*C2*
*C2*
*C2*
*C2*
*C2*
*C2*
[MASTER] 07:58:13.806 [logback-1] WARN  TestChromosome - Functional mock problem: org.evosuite.ga.ConstructionFailedException: Failed to add constructor for com.fasterxml.jackson.databind.module.SimpleModule due to org.evosuite.ga.ConstructionFailedException: Error: VariableReference: Statement 8, type java.util.LinkedList<com.fasterxml.jackson.databind.JsonSerializer<com.fasterxml.jackson.databind.PropertyName>> is not assignable to java.util.List<com.fasterxml.jackson.databind.JsonSerializer<?>>
*C2*
*C2*
*C2*
*C2*
*C2*
*C2*
*C2*
*C2*
*C2*
*C2*
*C2*
*C2*
*C2*
*C2*
*C2*
*C2*
*C2*
*C2*
*C2*
*C2*
*C2*
*C2*
*C2*
*C2*
*C2*
*C2*
*C2*
*C2*
*C2*
*C2*
*C2*
*C2*
*C2*
*C2*
*C2*
*C2*
*C2*
*C2*
*C2*
[MASTER] 07:58:23.775 [logback-1] WARN  TestChromosome - Functional mock problem: org.evosuite.ga.ConstructionFailedException: Failed to add constructor for com.fasterxml.jackson.databind.SerializationConfig due to org.evosuite.ga.ConstructionFailedException: Failed to add constructor for com.fasterxml.jackson.databind.introspect.SimpleMixInResolver due to org.evosuite.ga.ConstructionFailedException: Failed to add constructor for com.fasterxml.jackson.databind.DeserializationConfig due to org.evosuite.ga.ConstructionFailedException: Max recursion depth reached
*C2*
*C2*
*C2*
*C2*
*C2*
*C2*
*C2*
*C2*
*C2*
*C2*
*C2*
*C2*
*C2*
*C2*
*C2*
*C2*
*C2*
*C2*
*C2*
*C2*
*C2*
*C2*
*C2*
*C2*
*C2*
*C2*
*C2*
*C2*
*C2*
*C2*
*C2*
*C2*
*C2*
*C2*
*C2*
*C2*
*C2*
*C2*
*C2*
*C2*
*C2*
*C2*
*C2*
*C2*
*C2*
*C2*
*C2*
*C2*
*C2*
*C2*
*C2*
*C2*
*C2*
*C2*
*C2*
*C2*
*C2*
*C2*
*C2*
*C2*
*C2*
*C2*
*C2*
*C2*
*C2*
*C2*
*C2*
*C2*
*C2*
*C2*
*C2*
*C2*
*C2*
*C2*
*C2*
*C2*
*C2*
*C2*
*C2*
*C2*
*C2*
*C2*
*C2*
*C2*
*C2*
*C2*
*C2*
*C2*
*C2*
*C2*
*C2*
*C2*
*C2*
*C2*
*C2*
*C2*
*C2*
*C2*
*C2*
*C2*
*C2*
*C2*
*C2*
*C2*
*C2*
*C2*
*C2*
*C2*
*C2*
*C2*
*C2*
*C2*
*C2*
*C2*
*C2*
*C2*
*C2*
*C2*
*C2*
*C2*
*C2*
*C2*
*C2*
*C2*
*C2*
*C2*
*C2*
*C2*
*C2*
*C2*
*C2*
*C2*
*C2*
*C2*
*C2*
*C2*
*C2*
*C2*
*C2*
*C2*
*C2*
*C2*
*C2*
*C2*
*C2*
*C2*
*C2*
*C2*
*C2*
*C2*
*C2*
*C2*
*C2*
*C2*
*C2*
*C2*
*C2*
*C2*
*C2*
*C2*
*C2*
*C2*
*C2*
*C2*
*C2*
*C2*
*C2*
*C2*
*C2*
*C2*
*C2*
*C2*
*C2*
*C2*
*C2*
*C2*
*C2*
*C2*
*C2*
*C2*
*C2*
*C2*
*C2*
*C2*
*C2*
*C2*
*C2*
*C2*
*C2*
*C2*
*C2*
*C2*
*C2*
*C2*
*C2*
*C2*
*C2*
*C2*
*C2*
*C2*
*C2*
*C2*
*C2*
*C2*
*C2*
*C2*
*C2*
*C2*
*C2*
*C2*
*C2*
*C2*
*C2*
*C2*
*C2*
*C2*
*C2*
*C2*
*C2*
*C2*
*C2*
*C2*
*C2*
*C2*
*C2*
*C2*
*C2*
*C2*
*C2*
*C2*
*C2*
*C2*
*C2*
*C2*
*C2*
*C2*
*C2*
*C2*
*C2*
*C2*
*C2*
*C2*
*C2*
*C2*
*C2*
*C2*
*C2*
*C2*
*C2*
*C2*
*C2*
*C2*
*C2*
*C2*
*C2*
*C2*
*C2*
*C2*
*C2*
*C2*
*C2*
*C2*
*C2*
*C2*
*C2*
[MASTER] 07:59:02.099 [logback-1] WARN  TestChromosome - Functional mock problem: org.evosuite.ga.ConstructionFailedException: Failed to add constructor for com.fasterxml.jackson.databind.module.SimpleModule due to org.evosuite.ga.ConstructionFailedException: Failed to add constructor for com.fasterxml.jackson.core.json.UTF8JsonGenerator due to org.evosuite.ga.ConstructionFailedException: Failed to add constructor for com.fasterxml.jackson.core.io.IOContext due to org.evosuite.ga.ConstructionFailedException: Invalid generic instance
*C2*
*C2*
*C2*
*C2*
*C2*
*C2*
*C2*
*C2*
*C2*
*C2*
*C2*
*C2*
*C2*
*C2*
*C2*
*C2*
*C2*
*C2*
*C2*
*C2*
*C2*
*C2*
*C2*
*C2*
*C2*
*C2*
*C2*
*C2*
*C2*
*C2*
*C2*
*C2*
*C2*
*C2*
*C2*
*C2*
*C2*
*C2*
[MASTER] 07:59:10.889 [logback-1] WARN  TestChromosome - Functional mock problem: org.evosuite.ga.ConstructionFailedException: Failed to add constructor for com.fasterxml.jackson.databind.module.SimpleModule due to org.evosuite.ga.ConstructionFailedException: Error: VariableReference: Statement 8, type java.util.HashMap<java.lang.Class<java.lang.Object>, com.fasterxml.jackson.databind.JsonDeserializer<com.fasterxml.jackson.databind.ObjectReader>> is not assignable to java.util.Map<java.lang.Class<?>, com.fasterxml.jackson.databind.JsonDeserializer<?>>
*C2*
*C2*
*C2*
*C2*
*C2*
*C2*
*C2*
*C2*
*C2*
*C2*
*C2*
*C2*
*C2*
*C2*
*C2*
*C2*
*C2*
*C2*
*C2*
*C2*
*C2*
*C2*
*C2*
*C2*
*C2*
*C2*
*C2*
*C2*
*C2*
*C2*
*C2*
*C2*
*C2*
*C2*
*C2*
*C2*
*C2*
*C2*
*C2*
*C2*
*C2*
*C2*
*C2*
*C2*
*C2*
*C2*
*C2*
*C2*
*C2*
*C2*
*C2*
*C2*
*C2*
*C2*
*C2*
*C2*
*C2*
*C2*
*C2*
*C2*
*C2*
*C2*
*C2*
*C2*
*C2*
*C2*
*C2*
*C2*
*C2*
*C2*
*C2*
*C2*
*C2*
*C2*
*C2*
*C2*
*C2*
*C2*
*C2*
*C2*
*C2*
*C2*
*C2*
*C2*
*C2*
*C2*
*C2*
*C2*
*C2*
*C2*
*C2*
*C2*
[MASTER] 07:59:27.005 [logback-1] WARN  TestChromosome - Functional mock problem: org.evosuite.ga.ConstructionFailedException: Failed to add constructor for com.fasterxml.jackson.databind.module.SimpleModule due to org.evosuite.ga.ConstructionFailedException: Error: VariableReference: Statement 8, type java.util.HashMap<java.lang.Class<com.fasterxml.jackson.databind.ObjectReader>, com.fasterxml.jackson.databind.JsonDeserializer<com.fasterxml.jackson.annotation.SimpleObjectIdResolver>> is not assignable to java.util.Map<java.lang.Class<?>, com.fasterxml.jackson.databind.JsonDeserializer<?>>
*C2*
*C2*
*C2*
*C2*
*C2*
*C2*
*C2*
*C2*
*C2*
*C2*
*C2*
*C2*
*C2*
*C2*
*C2*
*C2*
*C2*
*C2*
*C2*
*C2*
*C2*
*C2*
*C2*
*C2*
*C2*
*C2*
*C2*
*C2*
*C2*
*C2*
*C2*
*C2*
*C2*
*C2*
*C2*
*C2*
*C2*
*C2*
*C2*
*C2*
*C2*
*C2*
*C2*
*C2*
*C2*
*C2*
*C2*
*C2*
*C2*
*C2*
*C2*
*C2*
*C2*
*C2*
*C2*
*C2*
*C2*
*C2*
*C2*
*C2*
*C2*
*C2*
*C2*
*C2*
*C2*
*C2*
*C2*
*C2*
*C2*
*C2*
*C2*
*C2*
*C2*
*C2*
*C2*
*C2*
*C2*
*C2*
*C2*
*C2*
*C2*
*C2*
[MASTER] 07:59:35.227 [logback-2] ERROR TestCluster - Failed to check cache for java.util.function.Function<T, R> : Type points to itself
*C2*
*C2*
*C2*
*C2*
*C2*
*C2*
*C2*
*C2*
*C2*
*C2*
*C2*
*C2*
*C2*
*C2*
*C2*
*C2*
*C2*
*C2*
[MASTER] 07:59:36.877 [logback-1] WARN  TestChromosome - Functional mock problem: org.evosuite.ga.ConstructionFailedException: Failed to add constructor for com.fasterxml.jackson.databind.module.SimpleModule due to org.evosuite.ga.ConstructionFailedException: Error: VariableReference: Statement 11, type java.util.HashMap<java.lang.Class<com.fasterxml.jackson.databind.jsontype.TypeIdResolver>, com.fasterxml.jackson.databind.JsonDeserializer<com.fasterxml.jackson.databind.module.SimpleModule>> is not assignable to java.util.Map<java.lang.Class<?>, com.fasterxml.jackson.databind.JsonDeserializer<?>>
*C2*
*C2*
*C2*
*C2*
*C2*
*C2*
*C2*
*C2*
*C2*
*C2*
*C2*
*C2*
*C2*
*C2*
*C2*
*C2*
*C2*
*C2*
*C2*
*C2*
*C2*
*C2*
*C2*
*C2*
*C2*
*C2*
*C2*
*C2*
*C2*
*C2*
*C2*
*C2*
*C2*
*C2*
*C2*
*C2*
*C2*
*C2*
*C2*
*C2*
*C2*
*C2*
*C2*
*C2*
*C2*
*C2*
*C2*
*C2*
*C2*
*C2*
*C2*
*C2*
*C2*
*C2*
*C2*
*C2*
*C2*
*C2*
*C2*
*C2*
*C2*
*C2*
*C2*
*C2*
*C2*
*C2*
*C2*
*C2*
*C2*
*C2*
*C2*
*C2*
*C2*
*C2*
*C2*
*C2*
*C2*
*C2*
*C2*
*C2*
*C2*
*C2*
*C2*
*C2*
*C2*
*C2*
*C2*
*C2*
*C2*
*C2*
*C2*
*C2*
*C2*
*C2*
*C2*
*C2*
*C2*
*C2*
*C2*
*C2*
*C2*
*C2*
*C2*
*C2*
*C2*
*C2*
*C2*
*C2*
*C2*
*C2*
*C2*
*C2*
*C2*
*C2*
*C2*
*C2*
*C2*
*C2*
*C2*
*C2*
*C2*
*C2*
*C2*
*C2*
*C2*
*C2*
*C2*
*C2*
*C2*
*C2*
*C2*
*C2*
*C2*
*C2*
*C2*
*C2*
*C2*
*C2*
*C2*
*C2*
*C2*
*C2*
*C2*
*C2*
*C2*
*C2*
*C2*
*C2*
*C2*
*C2*
*C2*
*C2*
*C2*
*C2*
*C2*
*C2*
*C2*
*C2*
*C2*
*C2*
*C2*
*C2*
*C2*
*C2*
*C2*
*C2*
*C2*
*C2*
*C2*
*C2*
*C2*
*C2*
*C2*
*C2*
*C2*
*C2*
*C2*
*C2*
*C2*
*C2*
*C2*
*C2*
*C2*
*C2*
*C2*
*C2*
*C2*
*C2*
*C2*
*C2*
*C2*
*C2*
*C2*
*C2*
*C2*
*C2*
*C2*
*C2*
*C2*
*C2*
*C2*
*C2*
*C2*
*C2*
*C2*
*C2*
*C2*
*C2*
*C2*
*C2*
*C2*
*C2*
*C2*
*C2*
*C2*
*C2*
*C2*
*C2*
*C2*
*C2*
*C2*
*C2*
*C2*
*C2*
*C2*
*C2*
*C2*
*C2*
*C2*
*C2*
*C2*
*C2*
*C2*
*C2*
*C2*
*C2*
*C2*
*C2*
*C2*
*C2*
*C2*
*C2*
*C2*
*C2*
*C2*
*C2*
*C2*
*C2*
*C2*
*C2*
*C2*
*C2*
*C2*
*C2*
*C2*
*C2*
*C2*
*C2*
*C2*
*C2*
*C2*
*C2*
*C2*
*C2*
*C2*
*C2*
*C2*
*C2*
*C2*
*C2*
*C2*
*C2*
*C2*
*C2*
*C2*
*C2*
*C2*
*C2*
*C2*
*C2*
*C2*
*C2*
*C2*
*C2*
*C2*
*C2*
*C2*
*C2*
*C2*
*C2*
*C2*
*C2*
*C2*
*C2*
*C2*
*C2*
*C2*
*C2*
*C2*
*C2*
*C2*
*C2*
*C2*
*C2*
*C2*
*C2*
*C2*
*C2*
*C2*
*C2*
*C2*
*C2*
*C2*
*C2*
*C2*
*C2*
*C2*
*C2*
*C2*
*C2*
*C2*
*C2*
*C2*
*C2*
*C2*
*C2*
*C2*
*C2*
*C2*
*C2*
*C2*
*C2*
*C2*
*C2*
*C2*
*C2*
*C2*
*C2*
*C2*
*C2*
*C2*
*C2*
*C2*
*C2*
*C2*
*C2*
*C2*
*C2*
*C2*
*C2*
*C2*
*C2*
*C2*
*C2*
*C2*
*C2*
*C2*
*C2*
*C2*
*C2*
*C2*
*C2*
*C2*
*C2*
*C2*
*C2*
*C2*
*C2*
*C2*
*C2*
*C2*
*C2*
*C2*
*C2*
*C2*
*C2*
*C2*
*C2*
*C2*
*C2*
*C2*
*C2*
*C2*
*C2*
*C2*
*C2*
*C2*
*C2*
*C2*
*C2*
*C2*
*C2*
*C2*
*C2*
*C2*
*C2*
*C2*
*C2*
*C2*
*C2*
*C2*
*C2*
*C2*
*C2*
*C2*
*C2*
*C2*
*C2*
*C2*
*C2*
*C2*
*C2*
*C2*
*C2*
*C2*
*C2*
*C2*
*C2*
*C2*
*C2*
*C2*
*C2*
*C2*
*C2*
*C2*
*C2*
*C2*
*C2*
*C2*
*C2*
*C2*
*C2*
*C2*
*C2*
*C2*
*C2*
*C2*
*C2*
*C2*
*C2*
*C2*
*C2*
*C2*
*C2*
*C2*
*C2*
*C2*
*C2*
*C2*
*C2*
*C2*
*C2*
*C2*
*C2*
*C2*
*C2*
*C2*
*C2*
*C2*
*C2*
*C2*
*C2*
*C2*
*C2*
*C2*
*C2*
*C2*
*C2*
*C2*
*C2*
*C2*
*C2*
*C2*
*C2*
*C2*
*C2*
*C2*
*C2*
*C2*
*C2*
*C2*
*C2*
*C2*
*C2*
*C2*
*C2*
*C2*
*C2*
*C2*
*C2*
*C2*
*C2*
*C2*
*C2*
*C2*
*C2*
*C2*
*C2*
*C2*
*C2*
*C2*
*C2*
*C2*
*C2*
*C2*
*C2*
*C2*
*C2*
*C2*
*C2*
*C2*
*C2*
*C2*
*C2*
*C2*
*C2*
*C2*
*C2*
*C2*
*C2*
*C2*
*C2*
*C2*
*C2*
*C2*
*C2*
*C2*
*C2*
*C2*
*C2*
*C2*
*C2*
*C2*
*C2*
*C2*
*C2*
*C2*
*C2*
*C2*
*C2*
*C2*
*C2*
*C2*
*C2*
*C2*
*C2*
*C2*
*C2*
*C2*
*C2*
*C2*
*C2*
*C2*
*C2*
*C2*
*C2*
*C2*
*C2*
*C2*
*C2*
*C2*
*C2*
*C2*
*C2*
*C2*
*C2*
*C2*
*C2*
*C2*
*C2*
*C2*
*C2*
*C2*
*C2*
*C2*
*C2*
*C2*
*C2*
*C2*
*C2*
*C2*
*C2*
*C2*
*C2*
*C2*
*C2*
*C2*
[MASTER] 08:00:48.741 [logback-1] WARN  TestChromosome - Functional mock problem: org.evosuite.ga.ConstructionFailedException: Failed to add constructor for com.fasterxml.jackson.databind.deser.BeanDeserializer due to org.evosuite.ga.ConstructionFailedException: Failed to add constructor for com.fasterxml.jackson.databind.deser.BuilderBasedDeserializer due to org.evosuite.ga.ConstructionFailedException: Failed to add constructor for com.fasterxml.jackson.databind.deser.CreatorProperty due to org.evosuite.ga.ConstructionFailedException: Max recursion depth reached
*C2*
*C2*
*C2*
*C2*
*C2*
*C2*
*C2*
*C2*
*C2*
*C2*
*C2*
*C2*
*C2*
*C2*
*C2*
*C2*
*C2*
*C2*
*C2*
*C2*
*C2*
*C2*
*C2*
*C2*
*C2*
*C2*
*C2*
*C2*
*C2*
*C2*
*C2*
*C2*
*C2*
*C2*
*C2*
*C2*
*C2*
*C2*
*C2*
*C2*
*C2*
*C2*
*C2*
*C2*
*C2*
*C2*
*C2*
*C2*
*C2*
*C2*
*C2*
*C2*
*C2*
*C2*
*C2*
*C2*
*C2*
*C2*
*C2*
* Search finished after 601s and 1653 generations, 600924 statements, best individual has fitness: 94.0
* Minimizing test suite
* Going to analyze the coverage criteria
* Coverage analysis for criterion LINE
* Coverage of criterion LINE: 80%
* Total number of goals: 85
* Number of covered goals: 68
* Coverage analysis for criterion BRANCH
* Coverage of criterion BRANCH: 78%
* Total number of goals: 63
* Number of covered goals: 49
* Coverage analysis for criterion EXCEPTION
* Coverage of criterion EXCEPTION: 100%
* Total number of goals: 11
* Number of covered goals: 11
* Coverage analysis for criterion WEAKMUTATION
* Coverage of criterion WEAKMUTATION: 82%
* Total number of goals: 113
* Number of covered goals: 93
* Coverage analysis for criterion OUTPUT
* Coverage of criterion OUTPUT: 58%
* Total number of goals: 38
* Number of covered goals: 22
* Coverage analysis for criterion METHOD
* Coverage of criterion METHOD: 100%
* Total number of goals: 10
* Number of covered goals: 10
* Coverage analysis for criterion METHODNOEXCEPTION
* Coverage of criterion METHODNOEXCEPTION: 80%
* Total number of goals: 10
* Number of covered goals: 8
* Coverage analysis for criterion CBRANCH
* Coverage of criterion CBRANCH: 78%
* Total number of goals: 63
* Number of covered goals: 49
* Generated 33 tests with total length 268
* Resulting test suite's coverage: 76% (average coverage for all fitness functions)
* Generating assertions
* Resulting test suite's mutation score: 55%
* Compiling and checking tests
[MASTER] 08:01:11.537 [logback-1] WARN  JUnitAnalyzer - EvoSuite problem: tests set up a security manager, but they do not remove it after execution
* Writing tests to file
* Writing JUnit test case 'StringCollectionDeserializer_ESTest' to results/JacksonDatabind-112/com.fasterxml.jackson.databind.deser.std.StringCollectionDeserializer/BBC-F0-opt-70/tests/6
* Done!

* Computation finished
