* EvoSuite 1.1.1-SNAPSHOT
* Configuration: BBC-F0-100
* Going to generate test cases for class: org.apache.commons.codec.binary.Base64
* Starting Client-0
* Connecting to master process on port 8420
* Analyzing classpath: 
  - subjects/buggy-versions/Codec-9/target/classes
* Finished analyzing classpath
* Generating tests for class org.apache.commons.codec.binary.Base64
* Test criteria:
  - Line Coverage
  - Branch Coverage
  - Exception
  - Mutation testing (weak)
  - Method-Output Coverage
  - Top-Level Method Coverage
  - No-Exception Top-Level Method Coverage
  - Context Branch Coverage
* Total number of test goals for DYNAMOSA: 1539
* Using seed 1446471816
* Starting evolution
bbc usage percentage is: 100%
* Initial Number of Goals in DynaMOSA = 419 / 1539
Number of times BBC is called, activated, and useful for org.apache.commons.codec.binary.Base64.isWhiteSpace(B)Z: I3 Branch 75 LOOKUPSWITCH L897 Case 32 - true: 43,0,0| Number of FF evals: 612
Number of times BBC is called, activated, and useful for org.apache.commons.codec.binary.Base64.discardWhitespace([B)[B: I24 Branch 67 LOOKUPSWITCH L874 Case 9 - true: 384,0,0| Number of FF evals: 2370
Number of times BBC is called, activated, and useful for org.apache.commons.codec.binary.Base64.encode([BII)V: I30 Branch 16 IF_ICMPGE L445 - false: 3558,2675,455| Number of FF evals: 25019
Number of times BBC is called, activated, and useful for org.apache.commons.codec.binary.Base64.decode([BII)V: I180 Branch 44 IFNULL L562 - true: 12218,7767,2234| Number of FF evals: 25019
Number of times BBC is called, activated, and useful for org.apache.commons.codec.binary.Base64.isWhiteSpace(B)Z: I3 Branch 76 LOOKUPSWITCH L897 Default-Case - false: 4,0,0| Number of FF evals: 470
Number of times BBC is called, activated, and useful for org.apache.commons.codec.binary.Base64.resizeBuffer()V: I4 Branch 9 IFNONNULL L383 - true: 9842,0,0| Number of FF evals: 6805
Number of times BBC is called, activated, and useful for org.apache.commons.codec.binary.Base64.encode([BII)V: I224 Branch 24 IF_ICMPEQ L472 - true: 144,0,0| Number of FF evals: 1234
Number of times BBC is called, activated, and useful for org.apache.commons.codec.binary.Base64.decode([BII)V: I38 Branch 36 IF_ICMPGE L534 - false: 3651,2527,416| Number of FF evals: 25019
Number of times BBC is called, activated, and useful for org.apache.commons.codec.binary.Base64.readResults([BII)I: I36 Branch 11 IF_ICMPLT L411 - true: 20344,10922,5653| Number of FF evals: 16766
Number of times BBC is called, activated, and useful for org.apache.commons.codec.binary.Base64.getEncodeLength([BI[B)J: I73 Branch 83 IFNE L981 - true: 3815,0,0| Number of FF evals: 4010
Number of times BBC is called, activated, and useful for org.apache.commons.codec.binary.Base64.isBase64(B)Z: I4 Branch 49 IF_ICMPEQ L593 - true: 4,0,0| Number of FF evals: 566
Number of times BBC is called, activated, and useful for org.apache.commons.codec.binary.Base64.encode([BII)V: I215 Branch 23 IFLE L472 - true: 2,0,0| Number of FF evals: 656
Number of times BBC is called, activated, and useful for org.apache.commons.codec.binary.Base64.discardWhitespace([B)[B: I24 Branch 68 LOOKUPSWITCH L874 Case 10 - true: 97,0,0| Number of FF evals: 944
Number of times BBC is called, activated, and useful for org.apache.commons.codec.binary.Base64.decode([BII)V: I189 Branch 45 IF_ICMPGE L562 - false: 3701,2462,432| Number of FF evals: 25019
Number of times BBC is called, activated, and useful for org.apache.commons.codec.binary.Base64.encode([BII)V: I21 Branch 15 IFNULL L445 - true: 23,0,0| Number of FF evals: 1316
Number of times BBC is called, activated, and useful for org.apache.commons.codec.binary.Base64.hasData()Z: I4 Branch 7 IFNULL L369 - false: 81,0,0| Number of FF evals: 159
Number of times BBC is called, activated, and useful for org.apache.commons.codec.binary.Base64.decode([BII)V: I54 Branch 37 IF_ICMPNE L538 - false: 5,0,0| Number of FF evals: 1562
Number of times BBC is called, activated, and useful for org.apache.commons.codec.binary.Base64.decode(Ljava/lang/Object;)Ljava/lang/Object;: I4 Branch 58 IFEQ L733 - false: 168,0,0| Number of FF evals: 548
Number of times BBC is called, activated, and useful for org.apache.commons.codec.binary.Base64.discardWhitespace([B)[B: I24 Branch 69 LOOKUPSWITCH L874 Case 13 - true: 95,0,0| Number of FF evals: 926
Number of times BBC is called, activated, and useful for org.apache.commons.codec.binary.Base64.discardWhitespace([B)[B: I24 Branch 70 LOOKUPSWITCH L874 Case 32 - true: 534,0,0| Number of FF evals: 3236
Number of times BBC is called, activated, and useful for org.apache.commons.codec.binary.Base64.getEncodeLength([BI[B)J: I50 Branch 82 IFNE L979 - false: 1314,0,0| Number of FF evals: 4010
Number of times BBC is called, activated, and useful for org.apache.commons.codec.binary.Base64.isWhiteSpace(B)Z: I3 Branch 72 LOOKUPSWITCH L897 Case 9 - true: 136,0,0| Number of FF evals: 831
Number of times BBC is called, activated, and useful for org.apache.commons.codec.binary.Base64.encode([BII)V: I272 Branch 27 IF_ICMPGE L478 - false: 789,0,0| Number of FF evals: 6805
Number of times BBC is called, activated, and useful for org.apache.commons.codec.binary.Base64.toIntegerBytes(Ljava/math/BigInteger;)[B: I56 Branch 87 IFNE L1039 - true: 7333,5348,774| Number of FF evals: 25019
Number of times BBC is called, activated, and useful for org.apache.commons.codec.binary.Base64.encode([B)[B: I10 Branch 79 IFNE L948 - false: 28,0,0| Number of FF evals: 1756
Number of times BBC is called, activated, and useful for org.apache.commons.codec.binary.Base64.discardWhitespace([B)[B: I24 Branch 71 LOOKUPSWITCH L874 Default-Case - false: 187,0,0| Number of FF evals: 992
Number of times BBC is called, activated, and useful for org.apache.commons.codec.binary.Base64.getEncodeLength([BI[B)J: I41 Branch 81 IFLE L978 - true: 26600,18888,1251| Number of FF evals: 25019
Number of times BBC is called, activated, and useful for org.apache.commons.codec.binary.Base64.encode([BII)V: I419 Branch 31 IF_ICMPGT L493 - false: 138,0,0| Number of FF evals: 4065
Number of times BBC is called, activated, and useful for org.apache.commons.codec.binary.Base64.toIntegerBytes(Ljava/math/BigInteger;)[B: I36 Branch 86 IF_ICMPNE L1031 - true: 20281,16386,4360| Number of FF evals: 25019
Number of times BBC is called, activated, and useful for org.apache.commons.codec.binary.Base64.isBase64([B)Z: I20 Branch 55 IFNE L636 - true: 4,0,0| Number of FF evals: 470
Number of times BBC is called, activated, and useful for org.apache.commons.codec.binary.Base64.encode(Ljava/lang/Object;)Ljava/lang/Object;: I4 Branch 77 IFNE L921 - true: 124,0,0| Number of FF evals: 419
* Search finished after 601s and 499 generations, 260848 statements, best individual has fitness: 79.0
* Minimizing test suite
* Going to analyze the coverage criteria
* Coverage analysis for criterion LINE
[MASTER] 14:23:31.303 [logback-1] WARN  TestSuiteMinimizer - Minimization timeout. Roll back to original test suite
* Coverage of criterion LINE: 100%
* Total number of goals: 216
* Number of covered goals: 215
* Coverage analysis for criterion BRANCH
* Coverage of criterion BRANCH: 96%
* Total number of goals: 193
* Number of covered goals: 186
* Coverage analysis for criterion EXCEPTION
* Coverage of criterion EXCEPTION: 100%
* Total number of goals: 31
* Number of covered goals: 31
* Coverage analysis for criterion WEAKMUTATION
* Coverage of criterion WEAKMUTATION: 97%
* Total number of goals: 787
* Number of covered goals: 760
* Coverage analysis for criterion OUTPUT
* Coverage of criterion OUTPUT: 91%
* Total number of goals: 80
* Number of covered goals: 73
* Coverage analysis for criterion METHOD
* Coverage of criterion METHOD: 100%
* Total number of goals: 35
* Number of covered goals: 35
* Coverage analysis for criterion METHODNOEXCEPTION
* Coverage of criterion METHODNOEXCEPTION: 100%
* Total number of goals: 35
* Number of covered goals: 35
* Coverage analysis for criterion CBRANCH
* Coverage of criterion CBRANCH: 95%
* Total number of goals: 193
* Number of covered goals: 184
* Generated 106 tests with total length 1794
* Resulting test suite's coverage: 91% (average coverage for all fitness functions)
* Generating assertions
[MASTER] 14:24:32.485 [logback-1] WARN  SimpleMutationAssertionGenerator - Reached maximum time to generate assertions, aborting assertion generation
* Resulting test suite's mutation score: 22%
* Compiling and checking tests
[MASTER] 14:24:36.800 [logback-1] WARN  JUnitAnalyzer - EvoSuite problem: tests set up a security manager, but they do not remove it after execution
[MASTER] 14:24:36.802 [logback-1] WARN  JUnitAnalyzer - Found unstable test named test0 -> class java.lang.AssertionError: Expecting exception: IllegalArgumentException
[MASTER] 14:24:36.803 [logback-1] WARN  JUnitAnalyzer - Failing test:
 byte[] byteArray0 = new byte[2];
byte byte0 = (byte)0;
byteArray0[0] = (byte)0;
byte byte1 = (byte)0;
byteArray0[1] = (byte)0;
Base64.isArrayByteBase64(byteArray0);
Base64 base64_0 = new Base64((byte)0, byteArray0);
Base64.encodeBase64URLSafe(byteArray0);

[MASTER] 14:24:36.849 [logback-1] WARN  JUnitAnalyzer - EvoSuite problem: tests set up a security manager, but they do not remove it after execution
[MASTER] 14:24:36.885 [logback-1] WARN  JUnitAnalyzer - EvoSuite problem: tests set up a security manager, but they do not remove it after execution
[MASTER] 14:24:36.885 [logback-1] WARN  JUnitAnalyzer - Found unstable test named test0 -> class java.lang.AssertionError: Expecting exception: IllegalArgumentException
[MASTER] 14:24:36.885 [logback-1] WARN  JUnitAnalyzer - Failing test:
 Base64 base64_0 = new Base64(false);

[MASTER] 14:24:36.917 [logback-1] WARN  JUnitAnalyzer - EvoSuite problem: tests set up a security manager, but they do not remove it after execution
[MASTER] 14:24:36.949 [logback-1] WARN  JUnitAnalyzer - EvoSuite problem: tests set up a security manager, but they do not remove it after execution
[MASTER] 14:24:36.950 [logback-1] WARN  JUnitAnalyzer - Found unstable test named test0 -> class java.lang.AssertionError: Expecting exception: IllegalArgumentException
[MASTER] 14:24:36.950 [logback-1] WARN  JUnitAnalyzer - Failing test:
 byte[] byteArray0 = new byte[3];
byte byte0 = (byte)12;
byteArray0[0] = (byte)12;
byteArray0[1] = (byte)0;
byte byte1 = (byte)20;
byteArray0[2] = (byte)20;
Base64.encodeBase64(byteArray0);

[MASTER] 14:24:36.994 [logback-1] WARN  JUnitAnalyzer - EvoSuite problem: tests set up a security manager, but they do not remove it after execution
[MASTER] 14:24:36.995 [logback-1] WARN  JUnitAnalyzer - Found unstable test named test0 -> class java.lang.AssertionError: Expecting exception: IllegalArgumentException
[MASTER] 14:24:36.995 [logback-1] WARN  JUnitAnalyzer - Failing test:
 boolean boolean0 = false;
Base64 base64_0 = new Base64(false);

[MASTER] 14:24:37.029 [logback-1] WARN  JUnitAnalyzer - EvoSuite problem: tests set up a security manager, but they do not remove it after execution
[MASTER] 14:24:37.030 [logback-1] WARN  JUnitAnalyzer - Found unstable test named test0 -> class java.lang.AssertionError: Expecting exception: IllegalArgumentException
[MASTER] 14:24:37.030 [logback-1] WARN  JUnitAnalyzer - Failing test:
 byte[] byteArray0 = null;
Base64.encodeBase64URLSafeString((byte[]) null);
Base64 base64_0 = new Base64(true);

[MASTER] 14:24:37.068 [logback-1] WARN  JUnitAnalyzer - EvoSuite problem: tests set up a security manager, but they do not remove it after execution
[MASTER] 14:24:37.069 [logback-1] WARN  JUnitAnalyzer - Found unstable test named test0 -> class java.lang.AssertionError: Expecting exception: IllegalArgumentException
[MASTER] 14:24:37.069 [logback-1] WARN  JUnitAnalyzer - Failing test:
 Base64.decodeBase64("org.apache.commons.codec.EncoderException");

[MASTER] 14:24:37.134 [logback-1] WARN  JUnitAnalyzer - EvoSuite problem: tests set up a security manager, but they do not remove it after execution
[MASTER] 14:24:37.146 [logback-1] WARN  JUnitAnalyzer - Found unstable test named test0 -> class java.lang.AssertionError: Expecting exception: IllegalArgumentException
[MASTER] 14:24:37.147 [logback-1] WARN  JUnitAnalyzer - Failing test:
 Base64 base64_0 = new Base64(true);

[MASTER] 14:24:37.226 [logback-1] WARN  JUnitAnalyzer - EvoSuite problem: tests set up a security manager, but they do not remove it after execution
[MASTER] 14:24:37.227 [logback-1] WARN  JUnitAnalyzer - Found unstable test named test0 -> class java.lang.AssertionError: Expecting exception: IllegalArgumentException
[MASTER] 14:24:37.231 [logback-1] WARN  JUnitAnalyzer - Failing test:
 Base64 base64_0 = new Base64(false);

[MASTER] 14:24:37.277 [logback-1] WARN  JUnitAnalyzer - EvoSuite problem: tests set up a security manager, but they do not remove it after execution
[MASTER] 14:24:37.277 [logback-1] WARN  JUnitAnalyzer - Found unstable test named test0 -> class java.lang.AssertionError: Expecting exception: IllegalArgumentException
[MASTER] 14:24:37.278 [logback-1] WARN  JUnitAnalyzer - Failing test:
 byte[] byteArray0 = new byte[2];
byteArray0[0] = (byte) (-66);
byteArray0[1] = (byte)0;
Base64.encodeBase64URLSafe(byteArray0);

[MASTER] 14:24:37.313 [logback-1] WARN  JUnitAnalyzer - EvoSuite problem: tests set up a security manager, but they do not remove it after execution
[MASTER] 14:24:37.313 [logback-1] WARN  JUnitAnalyzer - Found unstable test named test0 -> class java.lang.AssertionError: Expecting exception: IllegalArgumentException
[MASTER] 14:24:37.313 [logback-1] WARN  JUnitAnalyzer - Failing test:
 Base64 base64_0 = new Base64();

[MASTER] 14:24:37.343 [logback-1] WARN  JUnitAnalyzer - EvoSuite problem: tests set up a security manager, but they do not remove it after execution
[MASTER] 14:24:37.344 [logback-1] WARN  JUnitAnalyzer - Found unstable test named test0 -> class java.lang.AssertionError: Expecting exception: IllegalArgumentException
[MASTER] 14:24:37.344 [logback-1] WARN  JUnitAnalyzer - Failing test:
 byte[] byteArray0 = new byte[8];
byteArray0[0] = (byte) (-9);
byteArray0[1] = (byte)1;
byteArray0[2] = (byte)0;
byteArray0[3] = (byte)122;
byteArray0[4] = (byte)122;
byteArray0[5] = (byte)0;
byteArray0[6] = (byte)0;
byteArray0[7] = (byte)0;
Base64.encodeBase64(byteArray0);

[MASTER] 14:24:37.380 [logback-1] WARN  JUnitAnalyzer - EvoSuite problem: tests set up a security manager, but they do not remove it after execution
[MASTER] 14:24:37.380 [logback-1] WARN  JUnitAnalyzer - Found unstable test named test0 -> class java.lang.AssertionError: Expecting exception: IllegalArgumentException
[MASTER] 14:24:37.380 [logback-1] WARN  JUnitAnalyzer - Failing test:
 Base64 base64_0 = new Base64(true);

[MASTER] 14:24:37.417 [logback-1] WARN  JUnitAnalyzer - EvoSuite problem: tests set up a security manager, but they do not remove it after execution
[MASTER] 14:24:37.468 [logback-1] WARN  JUnitAnalyzer - EvoSuite problem: tests set up a security manager, but they do not remove it after execution
[MASTER] 14:24:37.469 [logback-1] WARN  JUnitAnalyzer - Found unstable test named test0 -> class java.lang.AssertionError: Expecting exception: IllegalArgumentException
[MASTER] 14:24:37.469 [logback-1] WARN  JUnitAnalyzer - Failing test:
 BigInteger bigInteger0 = BigInteger.ONE;
byte[] byteArray0 = Base64.toIntegerBytes(bigInteger0);
Base64.encodeBase64URLSafe(byteArray0);

[MASTER] 14:24:37.508 [logback-1] WARN  JUnitAnalyzer - EvoSuite problem: tests set up a security manager, but they do not remove it after execution
[MASTER] 14:24:37.509 [logback-1] WARN  JUnitAnalyzer - Found unstable test named test0 -> class java.lang.AssertionError: Expecting exception: IllegalArgumentException
[MASTER] 14:24:37.509 [logback-1] WARN  JUnitAnalyzer - Failing test:
 Base64 base64_0 = new Base64(1);

[MASTER] 14:24:37.536 [logback-1] WARN  JUnitAnalyzer - EvoSuite problem: tests set up a security manager, but they do not remove it after execution
[MASTER] 14:24:37.536 [logback-1] WARN  JUnitAnalyzer - Found unstable test named test0 -> class java.lang.AssertionError: Expecting exception: IllegalArgumentException
[MASTER] 14:24:37.536 [logback-1] WARN  JUnitAnalyzer - Failing test:
 Base64 base64_0 = new Base64(true);

[MASTER] 14:24:37.569 [logback-1] WARN  JUnitAnalyzer - EvoSuite problem: tests set up a security manager, but they do not remove it after execution
[MASTER] 14:24:37.569 [logback-1] WARN  JUnitAnalyzer - Found unstable test named test0 -> class java.lang.AssertionError: Expecting exception: IllegalArgumentException
[MASTER] 14:24:37.570 [logback-1] WARN  JUnitAnalyzer - Failing test:
 byte[] byteArray0 = new byte[0];
byte[] byteArray1 = Base64.encodeBase64Chunked(byteArray0);
int int0 = (-2215);
Base64 base64_0 = new Base64((-2215), byteArray1, true);
Base64.encodeBase64String(byteArray1);
Base64.decodeBase64(byteArray1);

[MASTER] 14:24:37.604 [logback-1] WARN  JUnitAnalyzer - EvoSuite problem: tests set up a security manager, but they do not remove it after execution
[MASTER] 14:24:37.607 [logback-1] WARN  JUnitAnalyzer - Found unstable test named test0 -> class java.lang.AssertionError: Expecting exception: IllegalArgumentException
[MASTER] 14:24:37.607 [logback-1] WARN  JUnitAnalyzer - Failing test:
 byte[] byteArray0 = new byte[6];
byteArray0[0] = (byte)71;
byteArray0[1] = (byte)0;
byteArray0[2] = (byte)0;
byte byte0 = (byte)99;
byteArray0[3] = (byte)99;
byte byte1 = (byte)0;
byteArray0[4] = (byte)0;
byte byte2 = (byte)107;
byteArray0[5] = (byte)107;
Base64.decodeBase64(byteArray0);

[MASTER] 14:24:37.647 [logback-1] WARN  JUnitAnalyzer - EvoSuite problem: tests set up a security manager, but they do not remove it after execution
[MASTER] 14:24:37.649 [logback-1] WARN  JUnitAnalyzer - Found unstable test named test0 -> class java.lang.AssertionError: Expecting exception: IllegalArgumentException
[MASTER] 14:24:37.650 [logback-1] WARN  JUnitAnalyzer - Failing test:
 byte[] byteArray0 = new byte[9];
byteArray0[0] = (byte) (-1);
byteArray0[1] = (byte)0;
byteArray0[2] = (byte)0;
byteArray0[3] = (byte)0;
byteArray0[4] = (byte)0;
byteArray0[5] = (byte)94;
byteArray0[6] = (byte)100;
byteArray0[7] = (byte)0;
byteArray0[8] = (byte)0;
Base64.isBase64(byteArray0);
Base64 base64_0 = new Base64();

[MASTER] 14:24:37.702 [logback-1] WARN  JUnitAnalyzer - EvoSuite problem: tests set up a security manager, but they do not remove it after execution
[MASTER] 14:24:37.702 [logback-1] WARN  JUnitAnalyzer - Found unstable test named test0 -> class java.lang.AssertionError: Expecting exception: IllegalArgumentException
[MASTER] 14:24:37.702 [logback-1] WARN  JUnitAnalyzer - Failing test:
 Base64 base64_0 = new Base64();

[MASTER] 14:24:37.730 [logback-1] WARN  JUnitAnalyzer - EvoSuite problem: tests set up a security manager, but they do not remove it after execution
[MASTER] 14:24:37.730 [logback-1] WARN  JUnitAnalyzer - Found unstable test named test0 -> class java.lang.AssertionError: Expecting exception: IllegalArgumentException
[MASTER] 14:24:37.730 [logback-1] WARN  JUnitAnalyzer - Failing test:
 byte[] byteArray0 = new byte[3];
byteArray0[0] = (byte)92;
byteArray0[1] = (byte)0;
byteArray0[2] = (byte)0;
Base64 base64_0 = new Base64((-2735), byteArray0);
Base64.encodeBase64String(byteArray0);

[MASTER] 14:24:37.755 [logback-1] WARN  JUnitAnalyzer - EvoSuite problem: tests set up a security manager, but they do not remove it after execution
[MASTER] 14:24:37.755 [logback-1] WARN  JUnitAnalyzer - Found unstable test named test0 -> class java.lang.AssertionError: Expecting exception: IllegalArgumentException
[MASTER] 14:24:37.755 [logback-1] WARN  JUnitAnalyzer - Failing test:
 byte[] byteArray0 = new byte[4];
byteArray0[0] = (byte) (-66);
byte byte0 = (byte)76;
byteArray0[1] = (byte)76;
byte byte1 = (byte)97;
byteArray0[2] = (byte)97;
byteArray0[3] = (byte)96;
Base64.isArrayByteBase64(byteArray0);
byte[] byteArray1 = new byte[5];
byteArray1[0] = (byte) (-66);
byteArray1[1] = (byte)97;
byteArray1[2] = (byte)97;
byteArray1[3] = (byte)0;
byteArray1[4] = (byte)76;
Base64.encodeBase64URLSafe(byteArray1);

[MASTER] 14:24:37.780 [logback-1] WARN  JUnitAnalyzer - EvoSuite problem: tests set up a security manager, but they do not remove it after execution
[MASTER] 14:24:37.780 [logback-1] WARN  JUnitAnalyzer - Found unstable test named test0 -> class java.lang.AssertionError: Expecting exception: IllegalArgumentException
[MASTER] 14:24:37.780 [logback-1] WARN  JUnitAnalyzer - Failing test:
 Base64.decodeBase64((byte[]) null);

[MASTER] 14:24:37.805 [logback-1] WARN  JUnitAnalyzer - EvoSuite problem: tests set up a security manager, but they do not remove it after execution
[MASTER] 14:24:37.831 [logback-1] WARN  JUnitAnalyzer - EvoSuite problem: tests set up a security manager, but they do not remove it after execution
[MASTER] 14:24:37.831 [logback-1] WARN  JUnitAnalyzer - Found unstable test named test0 -> class java.lang.AssertionError: Expecting exception: IllegalArgumentException
[MASTER] 14:24:37.831 [logback-1] WARN  JUnitAnalyzer - Failing test:
 byte[] byteArray0 = null;
Base64 base64_0 = new Base64(2309, (byte[]) null);

[MASTER] 14:24:37.857 [logback-1] WARN  JUnitAnalyzer - EvoSuite problem: tests set up a security manager, but they do not remove it after execution
[MASTER] 14:24:37.857 [logback-1] WARN  JUnitAnalyzer - Found unstable test named test0 -> class java.lang.AssertionError: Expecting exception: IllegalArgumentException
[MASTER] 14:24:37.858 [logback-1] WARN  JUnitAnalyzer - Failing test:
 Base64 base64_0 = new Base64(false);

[MASTER] 14:24:37.888 [logback-1] WARN  JUnitAnalyzer - EvoSuite problem: tests set up a security manager, but they do not remove it after execution
[MASTER] 14:24:37.889 [logback-1] WARN  JUnitAnalyzer - Found unstable test named test0 -> class java.lang.AssertionError: Expecting exception: IllegalArgumentException
[MASTER] 14:24:37.889 [logback-1] WARN  JUnitAnalyzer - Failing test:
 Base64 base64_0 = new Base64(2538);

[MASTER] 14:24:37.914 [logback-1] WARN  JUnitAnalyzer - EvoSuite problem: tests set up a security manager, but they do not remove it after execution
[MASTER] 14:24:37.915 [logback-1] WARN  JUnitAnalyzer - Found unstable test named test0 -> class java.lang.AssertionError: Expecting exception: IllegalArgumentException
[MASTER] 14:24:37.915 [logback-1] WARN  JUnitAnalyzer - Failing test:
 Base64.decodeBase64("9r");

[MASTER] 14:24:37.941 [logback-1] WARN  JUnitAnalyzer - EvoSuite problem: tests set up a security manager, but they do not remove it after execution
[MASTER] 14:24:37.941 [logback-1] WARN  JUnitAnalyzer - Found unstable test named test0 -> class java.lang.AssertionError: Expecting exception: IllegalArgumentException
[MASTER] 14:24:37.941 [logback-1] WARN  JUnitAnalyzer - Failing test:
 Base64.isBase64((byte)125);
byte[] byteArray0 = new byte[4];
byteArray0[0] = (byte)125;
byteArray0[1] = (byte)125;
byteArray0[2] = (byte)125;
byteArray0[3] = (byte)125;
Base64.encodeBase64URLSafeString(byteArray0);

[MASTER] 14:24:38.025 [logback-1] WARN  JUnitAnalyzer - EvoSuite problem: tests set up a security manager, but they do not remove it after execution
[MASTER] 14:24:38.025 [logback-1] WARN  JUnitAnalyzer - Found unstable test named test0 -> class java.lang.AssertionError: Expecting exception: IllegalArgumentException
[MASTER] 14:24:38.026 [logback-1] WARN  JUnitAnalyzer - Failing test:
 byte[] byteArray0 = new byte[9];
byteArray0[0] = (byte) (-1);
byteArray0[1] = (byte)0;
byteArray0[2] = (byte)0;
byteArray0[3] = (byte)0;
byteArray0[4] = (byte)0;
byteArray0[5] = (byte)94;
byteArray0[6] = (byte)100;
byteArray0[7] = (byte)0;
byteArray0[8] = (byte)0;
Base64.isBase64(byteArray0);
Base64 base64_0 = new Base64();

[MASTER] 14:24:38.057 [logback-1] WARN  JUnitAnalyzer - EvoSuite problem: tests set up a security manager, but they do not remove it after execution
[MASTER] 14:24:38.063 [logback-1] WARN  JUnitAnalyzer - Found unstable test named test0 -> class java.lang.AssertionError: Expecting exception: IllegalArgumentException
[MASTER] 14:24:38.063 [logback-1] WARN  JUnitAnalyzer - Failing test:
 Base64 base64_0 = new Base64(true);

[MASTER] 14:24:38.091 [logback-1] WARN  JUnitAnalyzer - EvoSuite problem: tests set up a security manager, but they do not remove it after execution
[MASTER] 14:24:38.091 [logback-1] WARN  JUnitAnalyzer - Found unstable test named test0 -> class java.lang.AssertionError: Expecting exception: IllegalArgumentException
[MASTER] 14:24:38.091 [logback-1] WARN  JUnitAnalyzer - Failing test:
 Base64.isBase64((byte)125);
byte[] byteArray0 = new byte[4];
byteArray0[0] = (byte)125;
byteArray0[1] = (byte)125;
byteArray0[2] = (byte)125;
byteArray0[3] = (byte)125;
Base64.encodeBase64URLSafeString(byteArray0);

[MASTER] 14:24:38.117 [logback-1] WARN  JUnitAnalyzer - EvoSuite problem: tests set up a security manager, but they do not remove it after execution
[MASTER] 14:24:38.117 [logback-1] WARN  JUnitAnalyzer - Found unstable test named test0 -> class java.lang.NullPointerException: null
[MASTER] 14:24:38.117 [logback-1] WARN  JUnitAnalyzer - Failing test:
 byte[] byteArray0 = new byte[5];
int int0 = 65;
Base64 base64_0 = new Base64(65, byteArray0);
base64_0.encodeToString(byteArray0);
byte[] byteArray1 = null;
Base64.encodeBase64((byte[]) null);
Base64.decodeInteger((byte[]) null);

[MASTER] 14:24:38.144 [logback-1] WARN  JUnitAnalyzer - EvoSuite problem: tests set up a security manager, but they do not remove it after execution
[MASTER] 14:24:38.144 [logback-1] WARN  JUnitAnalyzer - Found unstable test named test0 -> class java.lang.AssertionError: Expecting exception: IllegalArgumentException
[MASTER] 14:24:38.145 [logback-1] WARN  JUnitAnalyzer - Failing test:
 byte[] byteArray0 = new byte[3];
byteArray0[0] = (byte)1;
Base64 base64_0 = new Base64(false);

[MASTER] 14:24:38.174 [logback-1] WARN  JUnitAnalyzer - EvoSuite problem: tests set up a security manager, but they do not remove it after execution
[MASTER] 14:24:38.175 [logback-1] WARN  JUnitAnalyzer - Found unstable test named test0 -> class java.lang.AssertionError: Expecting exception: IllegalArgumentException
[MASTER] 14:24:38.175 [logback-1] WARN  JUnitAnalyzer - Failing test:
 byte[] byteArray0 = new byte[5];
Base64 base64_0 = new Base64(94, byteArray0);
Base64.encodeBase64String(byteArray0);

[MASTER] 14:24:38.202 [logback-1] WARN  JUnitAnalyzer - EvoSuite problem: tests set up a security manager, but they do not remove it after execution
[MASTER] 14:24:38.203 [logback-1] WARN  JUnitAnalyzer - Found unstable test named test0 -> class java.lang.AssertionError: Expecting exception: IllegalArgumentException
[MASTER] 14:24:38.203 [logback-1] WARN  JUnitAnalyzer - Failing test:
 Base64 base64_0 = new Base64(true);

[MASTER] 14:24:38.227 [logback-1] WARN  JUnitAnalyzer - EvoSuite problem: tests set up a security manager, but they do not remove it after execution
[MASTER] 14:24:38.227 [logback-1] WARN  JUnitAnalyzer - Found unstable test named test0 -> class java.lang.AssertionError: Expecting exception: IllegalArgumentException
[MASTER] 14:24:38.227 [logback-1] WARN  JUnitAnalyzer - Failing test:
 Base64 base64_0 = new Base64(true);

[MASTER] 14:24:38.250 [logback-1] WARN  JUnitAnalyzer - EvoSuite problem: tests set up a security manager, but they do not remove it after execution
[MASTER] 14:24:38.250 [logback-1] WARN  JUnitAnalyzer - Found unstable test named test0 -> class java.lang.AssertionError: Expecting exception: IllegalArgumentException
[MASTER] 14:24:38.251 [logback-1] WARN  JUnitAnalyzer - Failing test:
 byte[] byteArray0 = new byte[3];
byteArray0[0] = (byte)1;
Base64 base64_0 = new Base64(false);

[MASTER] 14:24:38.274 [logback-1] WARN  JUnitAnalyzer - EvoSuite problem: tests set up a security manager, but they do not remove it after execution
[MASTER] 14:24:38.275 [logback-1] WARN  JUnitAnalyzer - Found unstable test named test0 -> class java.lang.AssertionError: Expecting exception: IllegalArgumentException
[MASTER] 14:24:38.275 [logback-1] WARN  JUnitAnalyzer - Failing test:
 Base64 base64_0 = new Base64(true);

[MASTER] 14:24:38.298 [logback-1] WARN  JUnitAnalyzer - EvoSuite problem: tests set up a security manager, but they do not remove it after execution
[MASTER] 14:24:38.299 [logback-1] WARN  JUnitAnalyzer - Found unstable test named test0 -> class java.lang.AssertionError: Expecting exception: IllegalArgumentException
[MASTER] 14:24:38.299 [logback-1] WARN  JUnitAnalyzer - Failing test:
 Base64.decodeBase64("org.apache.commons.codec.EncoderException");

[MASTER] 14:24:38.328 [logback-1] WARN  JUnitAnalyzer - EvoSuite problem: tests set up a security manager, but they do not remove it after execution
[MASTER] 14:24:38.329 [logback-1] WARN  JUnitAnalyzer - Found unstable test named test0 -> class java.lang.AssertionError: Expecting exception: IllegalArgumentException
[MASTER] 14:24:38.329 [logback-1] WARN  JUnitAnalyzer - Failing test:
 byte[] byteArray0 = new byte[3];
byteArray0[0] = (byte)1;
byteArray0[1] = (byte)0;
boolean boolean0 = true;
Base64.encodeBase64((byte[]) null, true);
Base64 base64_0 = new Base64((byte)0, (byte[]) null);

[MASTER] 14:24:38.359 [logback-1] WARN  JUnitAnalyzer - EvoSuite problem: tests set up a security manager, but they do not remove it after execution
[MASTER] 14:24:38.359 [logback-1] WARN  JUnitAnalyzer - Found unstable test named test0 -> class java.lang.AssertionError: Expecting exception: IllegalArgumentException
[MASTER] 14:24:38.359 [logback-1] WARN  JUnitAnalyzer - Failing test:
 Base64 base64_0 = new Base64(true);

[MASTER] 14:24:38.396 [logback-1] WARN  JUnitAnalyzer - EvoSuite problem: tests set up a security manager, but they do not remove it after execution
[MASTER] 14:24:38.397 [logback-1] WARN  JUnitAnalyzer - Found unstable test named test0 -> class java.lang.AssertionError: Expecting exception: IllegalArgumentException
[MASTER] 14:24:38.397 [logback-1] WARN  JUnitAnalyzer - Failing test:
 Base64.decodeBase64((byte[]) null);

[MASTER] 14:24:38.422 [logback-1] WARN  JUnitAnalyzer - EvoSuite problem: tests set up a security manager, but they do not remove it after execution
[MASTER] 14:24:38.422 [logback-1] WARN  JUnitAnalyzer - Found unstable test named test0 -> class java.lang.AssertionError: Expecting exception: IllegalArgumentException
[MASTER] 14:24:38.423 [logback-1] WARN  JUnitAnalyzer - Failing test:
 byte[] byteArray0 = new byte[6];
byteArray0[0] = (byte)118;
byteArray0[1] = (byte) (-7);
byteArray0[2] = (byte) (-73);
byteArray0[3] = (byte)109;
byteArray0[4] = (byte)21;
byteArray0[5] = (byte) (-121);
Base64.encodeBase64(byteArray0, false);

[MASTER] 14:24:38.446 [logback-1] WARN  JUnitAnalyzer - EvoSuite problem: tests set up a security manager, but they do not remove it after execution
[MASTER] 14:24:38.447 [logback-1] WARN  JUnitAnalyzer - Found unstable test named test0 -> class java.lang.AssertionError: Expecting exception: IllegalArgumentException
[MASTER] 14:24:38.447 [logback-1] WARN  JUnitAnalyzer - Failing test:
 Base64.decodeBase64((String) null);

[MASTER] 14:24:38.469 [logback-1] WARN  JUnitAnalyzer - EvoSuite problem: tests set up a security manager, but they do not remove it after execution
[MASTER] 14:24:38.470 [logback-1] WARN  JUnitAnalyzer - Found unstable test named test0 -> class java.lang.AssertionError: Expecting exception: IllegalArgumentException
[MASTER] 14:24:38.470 [logback-1] WARN  JUnitAnalyzer - Failing test:
 Base64 base64_0 = new Base64(false);

[MASTER] 14:24:38.492 [logback-1] WARN  JUnitAnalyzer - EvoSuite problem: tests set up a security manager, but they do not remove it after execution
[MASTER] 14:24:38.492 [logback-1] WARN  JUnitAnalyzer - Found unstable test named test0 -> class java.lang.AssertionError: Expecting exception: IllegalArgumentException
[MASTER] 14:24:38.492 [logback-1] WARN  JUnitAnalyzer - Failing test:
 Base64.decodeBase64("org.apache.commons.codec.EncoderException");

[MASTER] 14:24:38.519 [logback-1] WARN  JUnitAnalyzer - EvoSuite problem: tests set up a security manager, but they do not remove it after execution
[MASTER] 14:24:38.519 [logback-1] WARN  JUnitAnalyzer - Found unstable test named test0 -> class java.lang.AssertionError: Expecting exception: IllegalArgumentException
[MASTER] 14:24:38.519 [logback-1] WARN  JUnitAnalyzer - Failing test:
 Base64.decodeBase64("org.apache.commons.codec.EncoderException");

[MASTER] 14:24:38.547 [logback-1] WARN  JUnitAnalyzer - EvoSuite problem: tests set up a security manager, but they do not remove it after execution
[MASTER] 14:24:38.547 [logback-1] WARN  JUnitAnalyzer - Found unstable test named test0 -> class java.lang.AssertionError: Expecting exception: IllegalArgumentException
[MASTER] 14:24:38.547 [logback-1] WARN  JUnitAnalyzer - Failing test:
 byte[] byteArray0 = new byte[3];
byteArray0[0] = (byte)1;
Base64 base64_0 = new Base64(true);

[MASTER] 14:24:38.575 [logback-1] WARN  JUnitAnalyzer - EvoSuite problem: tests set up a security manager, but they do not remove it after execution
[MASTER] 14:24:38.575 [logback-1] WARN  JUnitAnalyzer - Found unstable test named test0 -> class java.lang.AssertionError: Expecting exception: IllegalArgumentException
[MASTER] 14:24:38.575 [logback-1] WARN  JUnitAnalyzer - Failing test:
 byte[] byteArray0 = new byte[3];
byteArray0[0] = (byte)1;
Base64 base64_0 = new Base64(true);

[MASTER] 14:24:38.602 [logback-1] WARN  JUnitAnalyzer - EvoSuite problem: tests set up a security manager, but they do not remove it after execution
[MASTER] 14:24:38.603 [logback-1] WARN  JUnitAnalyzer - Found unstable test named test0 -> class java.lang.AssertionError: Expecting exception: IllegalArgumentException
[MASTER] 14:24:38.603 [logback-1] WARN  JUnitAnalyzer - Failing test:
 Base64 base64_0 = new Base64();

[MASTER] 14:24:38.634 [logback-1] WARN  JUnitAnalyzer - EvoSuite problem: tests set up a security manager, but they do not remove it after execution
[MASTER] 14:24:38.635 [logback-1] WARN  JUnitAnalyzer - Found unstable test named test0 -> class java.lang.AssertionError: Expecting exception: IllegalArgumentException
[MASTER] 14:24:38.635 [logback-1] WARN  JUnitAnalyzer - Failing test:
 Base64 base64_0 = new Base64(2783);

[MASTER] 14:24:38.665 [logback-1] WARN  JUnitAnalyzer - EvoSuite problem: tests set up a security manager, but they do not remove it after execution
[MASTER] 14:24:38.665 [logback-1] WARN  JUnitAnalyzer - Found unstable test named test0 -> class java.lang.AssertionError: Expecting exception: IllegalArgumentException
[MASTER] 14:24:38.665 [logback-1] WARN  JUnitAnalyzer - Failing test:
 Base64 base64_0 = new Base64(true);

[MASTER] 14:24:38.692 [logback-1] WARN  JUnitAnalyzer - EvoSuite problem: tests set up a security manager, but they do not remove it after execution
[MASTER] 14:24:38.692 [logback-1] WARN  JUnitAnalyzer - Found unstable test named test0 -> class java.lang.AssertionError: Expecting exception: IllegalArgumentException
[MASTER] 14:24:38.692 [logback-1] WARN  JUnitAnalyzer - Failing test:
 Base64.decodeBase64("org.apache.commons.codec.EncoderException");

[MASTER] 14:24:38.717 [logback-1] WARN  JUnitAnalyzer - EvoSuite problem: tests set up a security manager, but they do not remove it after execution
[MASTER] 14:24:38.717 [logback-1] WARN  JUnitAnalyzer - Found unstable test named test0 -> class java.lang.AssertionError: Expecting exception: IllegalArgumentException
[MASTER] 14:24:38.717 [logback-1] WARN  JUnitAnalyzer - Failing test:
 boolean boolean0 = true;
Base64 base64_0 = new Base64(true);

[MASTER] 14:24:38.748 [logback-1] WARN  JUnitAnalyzer - EvoSuite problem: tests set up a security manager, but they do not remove it after execution
[MASTER] 14:24:38.749 [logback-1] WARN  JUnitAnalyzer - Found unstable test named test0 -> class java.lang.AssertionError: Expecting exception: IllegalArgumentException
[MASTER] 14:24:38.749 [logback-1] WARN  JUnitAnalyzer - Failing test:
 Base64 base64_0 = new Base64(2783);

[MASTER] 14:24:38.796 [logback-1] WARN  JUnitAnalyzer - EvoSuite problem: tests set up a security manager, but they do not remove it after execution
[MASTER] 14:24:38.823 [logback-1] WARN  JUnitAnalyzer - EvoSuite problem: tests set up a security manager, but they do not remove it after execution
[MASTER] 14:24:38.823 [logback-1] WARN  JUnitAnalyzer - Found unstable test named test0 -> class java.lang.AssertionError: Expecting exception: IllegalArgumentException
[MASTER] 14:24:38.824 [logback-1] WARN  JUnitAnalyzer - Failing test:
 byte[] byteArray0 = new byte[3];
byte byte0 = (byte)1;
byteArray0[0] = (byte)1;
Base64 base64_0 = new Base64(true);

[MASTER] 14:24:38.851 [logback-1] WARN  JUnitAnalyzer - EvoSuite problem: tests set up a security manager, but they do not remove it after execution
[MASTER] 14:24:38.851 [logback-1] WARN  JUnitAnalyzer - Found unstable test named test0 -> class java.lang.AssertionError: Expecting exception: IllegalArgumentException
[MASTER] 14:24:38.851 [logback-1] WARN  JUnitAnalyzer - Failing test:
 Base64.encodeBase64URLSafeString((byte[]) null);
byte[] byteArray0 = new byte[1];
byteArray0[0] = (byte)122;
Base64.encodeBase64((byte[]) null);
Base64.encodeBase64URLSafeString((byte[]) null);
byte[] byteArray1 = new byte[3];
byteArray1[0] = (byte)16;
Random.setNextRandom((-216));
Base64.encodeBase64((byte[]) null, false, true);
byteArray1[1] = (byte)0;
byteArray1[2] = (byte)47;
Base64.discardWhitespace(byteArray1);
Base64.encodeBase64Chunked(byteArray0);

[MASTER] 14:24:38.875 [logback-1] WARN  JUnitAnalyzer - EvoSuite problem: tests set up a security manager, but they do not remove it after execution
[MASTER] 14:24:38.876 [logback-1] WARN  JUnitAnalyzer - Found unstable test named test0 -> class java.lang.AssertionError: Expecting exception: IllegalArgumentException
[MASTER] 14:24:38.876 [logback-1] WARN  JUnitAnalyzer - Failing test:
 Base64.decodeBase64((byte[]) null);

[MASTER] 14:24:38.900 [logback-1] WARN  JUnitAnalyzer - EvoSuite problem: tests set up a security manager, but they do not remove it after execution
[MASTER] 14:24:38.901 [logback-1] WARN  JUnitAnalyzer - Found unstable test named test0 -> class java.lang.AssertionError: Expecting exception: IllegalArgumentException
[MASTER] 14:24:38.901 [logback-1] WARN  JUnitAnalyzer - Failing test:
 byte[] byteArray0 = new byte[5];
byteArray0[0] = (byte)33;
Base64 base64_0 = new Base64();

[MASTER] 14:24:38.928 [logback-1] WARN  JUnitAnalyzer - EvoSuite problem: tests set up a security manager, but they do not remove it after execution
[MASTER] 14:24:38.928 [logback-1] WARN  JUnitAnalyzer - Found unstable test named test0 -> class java.lang.AssertionError: Expecting exception: IllegalArgumentException
[MASTER] 14:24:38.928 [logback-1] WARN  JUnitAnalyzer - Failing test:
 Base64 base64_0 = new Base64();

[MASTER] 14:24:38.965 [logback-1] WARN  JUnitAnalyzer - EvoSuite problem: tests set up a security manager, but they do not remove it after execution
[MASTER] 14:24:38.965 [logback-1] WARN  JUnitAnalyzer - Found unstable test named test0 -> class java.lang.AssertionError: Expecting exception: IllegalArgumentException
[MASTER] 14:24:38.965 [logback-1] WARN  JUnitAnalyzer - Failing test:
 Base64 base64_0 = new Base64(true);

[MASTER] 14:24:38.988 [logback-1] WARN  JUnitAnalyzer - EvoSuite problem: tests set up a security manager, but they do not remove it after execution
[MASTER] 14:24:38.989 [logback-1] WARN  JUnitAnalyzer - Found unstable test named test0 -> class java.lang.AssertionError: Expecting exception: IllegalArgumentException
[MASTER] 14:24:38.989 [logback-1] WARN  JUnitAnalyzer - Failing test:
 Base64.decodeBase64("org.apahe.commons.coec.EncoderException");

[MASTER] 14:24:39.032 [logback-1] WARN  JUnitAnalyzer - EvoSuite problem: tests set up a security manager, but they do not remove it after execution
[MASTER] 14:24:39.032 [logback-1] WARN  JUnitAnalyzer - Found unstable test named test0 -> class java.lang.AssertionError: Expecting exception: IllegalArgumentException
[MASTER] 14:24:39.032 [logback-1] WARN  JUnitAnalyzer - Failing test:
 Base64 base64_0 = new Base64(true);

[MASTER] 14:24:39.063 [logback-1] WARN  JUnitAnalyzer - EvoSuite problem: tests set up a security manager, but they do not remove it after execution
[MASTER] 14:24:39.063 [logback-1] WARN  JUnitAnalyzer - Found unstable test named test0 -> class java.lang.AssertionError: Expecting exception: IllegalArgumentException
[MASTER] 14:24:39.063 [logback-1] WARN  JUnitAnalyzer - Failing test:
 Base64 base64_0 = new Base64(true);

[MASTER] 14:24:39.088 [logback-1] WARN  JUnitAnalyzer - EvoSuite problem: tests set up a security manager, but they do not remove it after execution
[MASTER] 14:24:39.088 [logback-1] WARN  JUnitAnalyzer - Found unstable test named test0 -> class java.lang.AssertionError: Expecting exception: IllegalArgumentException
[MASTER] 14:24:39.088 [logback-1] WARN  JUnitAnalyzer - Failing test:
 Base64 base64_0 = new Base64(true);

[MASTER] 14:24:39.115 [logback-1] WARN  JUnitAnalyzer - EvoSuite problem: tests set up a security manager, but they do not remove it after execution
[MASTER] 14:24:39.116 [logback-1] WARN  JUnitAnalyzer - Found unstable test named test0 -> class java.lang.AssertionError: Expecting exception: IllegalArgumentException
[MASTER] 14:24:39.116 [logback-1] WARN  JUnitAnalyzer - Failing test:
 byte[] byteArray0 = new byte[5];
byteArray0[0] = (byte)33;
byte[] byteArray1 = Base64.discardWhitespace(byteArray0);
Base64.encodeBase64(byteArray1, true, true, 43);

[MASTER] 14:24:39.140 [logback-1] WARN  JUnitAnalyzer - EvoSuite problem: tests set up a security manager, but they do not remove it after execution
[MASTER] 14:24:39.140 [logback-1] WARN  JUnitAnalyzer - Found unstable test named test0 -> class java.lang.AssertionError: Expecting exception: IllegalArgumentException
[MASTER] 14:24:39.140 [logback-1] WARN  JUnitAnalyzer - Failing test:
 Base64 base64_0 = new Base64(true);

[MASTER] 14:24:39.164 [logback-1] WARN  JUnitAnalyzer - EvoSuite problem: tests set up a security manager, but they do not remove it after execution
[MASTER] 14:24:39.164 [logback-1] WARN  JUnitAnalyzer - Found unstable test named test0 -> class java.lang.AssertionError: Expecting exception: IllegalArgumentException
[MASTER] 14:24:39.164 [logback-1] WARN  JUnitAnalyzer - Failing test:
 Base64 base64_0 = new Base64(2783);

[MASTER] 14:24:39.188 [logback-1] WARN  JUnitAnalyzer - EvoSuite problem: tests set up a security manager, but they do not remove it after execution
[MASTER] 14:24:39.188 [logback-1] WARN  JUnitAnalyzer - Found unstable test named test0 -> class java.lang.AssertionError: Expecting exception: IllegalArgumentException
[MASTER] 14:24:39.188 [logback-1] WARN  JUnitAnalyzer - Failing test:
 Base64.decodeBase64("org.apahe.commons.coec.EncoderException");

[MASTER] 14:24:39.214 [logback-1] WARN  JUnitAnalyzer - EvoSuite problem: tests set up a security manager, but they do not remove it after execution
[MASTER] 14:24:39.214 [logback-1] WARN  JUnitAnalyzer - Found unstable test named test0 -> class java.lang.AssertionError: Expecting exception: IllegalArgumentException
[MASTER] 14:24:39.214 [logback-1] WARN  JUnitAnalyzer - Failing test:
 BigInteger bigInteger0 = BigInteger.ZERO;
Base64.toIntegerBytes(bigInteger0);
Base64 base64_0 = new Base64(false);

[MASTER] 14:24:39.245 [logback-1] WARN  JUnitAnalyzer - EvoSuite problem: tests set up a security manager, but they do not remove it after execution
[MASTER] 14:24:39.246 [logback-1] WARN  JUnitAnalyzer - Found unstable test named test0 -> class java.lang.AssertionError: Expecting exception: IllegalArgumentException
[MASTER] 14:24:39.246 [logback-1] WARN  JUnitAnalyzer - Failing test:
 Base64.decodeBase64("org.apache.commons.codec.EncoderException");

[MASTER] 14:24:39.276 [logback-1] WARN  JUnitAnalyzer - EvoSuite problem: tests set up a security manager, but they do not remove it after execution
[MASTER] 14:24:39.277 [logback-1] WARN  JUnitAnalyzer - Found unstable test named test0 -> class java.lang.AssertionError: Expecting exception: IllegalArgumentException
[MASTER] 14:24:39.277 [logback-1] WARN  JUnitAnalyzer - Failing test:
 BigInteger bigInteger0 = BigInteger.ZERO;
Base64.toIntegerBytes(bigInteger0);
Base64.isBase64((byte)61);
Base64 base64_0 = new Base64(2395);

[MASTER] 14:24:39.301 [logback-1] WARN  JUnitAnalyzer - EvoSuite problem: tests set up a security manager, but they do not remove it after execution
[MASTER] 14:24:39.301 [logback-1] WARN  JUnitAnalyzer - Found unstable test named test0 -> class java.lang.AssertionError: Expecting exception: IllegalArgumentException
[MASTER] 14:24:39.301 [logback-1] WARN  JUnitAnalyzer - Failing test:
 Base64.decodeBase64("org.apahe.commons.coec.EncoderException");

[MASTER] 14:24:39.324 [logback-1] WARN  JUnitAnalyzer - EvoSuite problem: tests set up a security manager, but they do not remove it after execution
[MASTER] 14:24:39.324 [logback-1] WARN  JUnitAnalyzer - Found unstable test named test0 -> class java.lang.AssertionError: Expecting exception: IllegalArgumentException
[MASTER] 14:24:39.325 [logback-1] WARN  JUnitAnalyzer - Failing test:
 String string0 = "org.apahe.commons.coec.EncoderException";
Base64.decodeBase64("org.apahe.commons.coec.EncoderException");

[MASTER] 14:24:39.348 [logback-1] WARN  JUnitAnalyzer - EvoSuite problem: tests set up a security manager, but they do not remove it after execution
[MASTER] 14:24:39.348 [logback-1] WARN  JUnitAnalyzer - Found unstable test named test0 -> class java.lang.AssertionError: Expecting exception: IllegalArgumentException
[MASTER] 14:24:39.348 [logback-1] WARN  JUnitAnalyzer - Failing test:
 Base64.decodeBase64("org.apahe.commons.coec.EncoderException");

[MASTER] 14:24:39.372 [logback-1] WARN  JUnitAnalyzer - EvoSuite problem: tests set up a security manager, but they do not remove it after execution
[MASTER] 14:24:39.372 [logback-1] WARN  JUnitAnalyzer - Found unstable test named test0 -> class java.lang.AssertionError: Expecting exception: IllegalArgumentException
[MASTER] 14:24:39.372 [logback-1] WARN  JUnitAnalyzer - Failing test:
 byte[] byteArray0 = Base64.CHUNK_SEPARATOR;
Base64.encodeBase64(byteArray0, false, false, (int) (byte)6);

[MASTER] 14:24:39.394 [logback-1] WARN  JUnitAnalyzer - EvoSuite problem: tests set up a security manager, but they do not remove it after execution
[MASTER] 14:24:39.394 [logback-1] WARN  JUnitAnalyzer - Found unstable test named test0 -> class java.lang.AssertionError: Expecting exception: IllegalArgumentException
[MASTER] 14:24:39.394 [logback-1] WARN  JUnitAnalyzer - Failing test:
 byte[] byteArray0 = new byte[5];
Base64 base64_0 = new Base64();

[MASTER] 14:24:39.415 [logback-1] WARN  JUnitAnalyzer - EvoSuite problem: tests set up a security manager, but they do not remove it after execution
[MASTER] 14:24:39.415 [logback-1] WARN  JUnitAnalyzer - Found unstable test named test0 -> class java.lang.AssertionError: Expecting exception: IllegalArgumentException
[MASTER] 14:24:39.415 [logback-1] WARN  JUnitAnalyzer - Failing test:
 Base64.decodeBase64("org.apahe.commons.coec.EncoderException");

[MASTER] 14:24:39.435 [logback-1] WARN  JUnitAnalyzer - EvoSuite problem: tests set up a security manager, but they do not remove it after execution
[MASTER] 14:24:39.435 [logback-1] WARN  JUnitAnalyzer - Found unstable test named test0 -> class java.lang.AssertionError: Expecting exception: IllegalArgumentException
[MASTER] 14:24:39.435 [logback-1] WARN  JUnitAnalyzer - Failing test:
 byte[] byteArray0 = new byte[0];
Base64 base64_0 = new Base64(119, byteArray0);
byte[] byteArray1 = new byte[5];
byteArray1[0] = (byte)64;
byteArray1[1] = (byte) (-120);
Base64.decodeBase64(byteArray0);

[MASTER] 14:24:39.456 [logback-1] WARN  JUnitAnalyzer - EvoSuite problem: tests set up a security manager, but they do not remove it after execution
[MASTER] 14:24:39.456 [logback-1] WARN  JUnitAnalyzer - Found unstable test named test0 -> class java.lang.AssertionError: Expecting exception: IllegalArgumentException
[MASTER] 14:24:39.456 [logback-1] WARN  JUnitAnalyzer - Failing test:
 Base64 base64_0 = new Base64();

[MASTER] 14:24:39.480 [logback-1] WARN  JUnitAnalyzer - EvoSuite problem: tests set up a security manager, but they do not remove it after execution
[MASTER] 14:24:39.480 [logback-1] WARN  JUnitAnalyzer - Found unstable test named test0 -> class java.lang.AssertionError: Expecting exception: IllegalArgumentException
[MASTER] 14:24:39.480 [logback-1] WARN  JUnitAnalyzer - Failing test:
 MockRandom mockRandom0 = new MockRandom((-739L));
BigInteger bigInteger0 = new BigInteger(936, mockRandom0);
BigInteger bigInteger1 = BigInteger.ONE;
bigInteger0.min(bigInteger1);
Base64.encodeInteger(bigInteger0);

[MASTER] 14:24:39.505 [logback-1] WARN  JUnitAnalyzer - EvoSuite problem: tests set up a security manager, but they do not remove it after execution
[MASTER] 14:24:39.506 [logback-1] WARN  JUnitAnalyzer - Found unstable test named test0 -> class java.lang.AssertionError: Expecting exception: IllegalArgumentException
[MASTER] 14:24:39.506 [logback-1] WARN  JUnitAnalyzer - Failing test:
 Base64.decodeBase64("org.apahe.commons.coec.EncoderException");

[MASTER] 14:24:39.529 [logback-1] WARN  JUnitAnalyzer - EvoSuite problem: tests set up a security manager, but they do not remove it after execution
[MASTER] 14:24:39.529 [logback-1] WARN  JUnitAnalyzer - Found unstable test named test0 -> class java.lang.AssertionError: Expecting exception: IllegalArgumentException
[MASTER] 14:24:39.530 [logback-1] WARN  JUnitAnalyzer - Failing test:
 byte[] byteArray0 = new byte[7];
byteArray0[0] = (byte)76;
byteArray0[1] = (byte)64;
byteArray0[2] = (byte)104;
byteArray0[3] = (byte)26;
byteArray0[4] = (byte)1;
byteArray0[5] = (byte)41;
byteArray0[6] = (byte)23;
Base64.encodeBase64Chunked(byteArray0);

[MASTER] 14:24:39.560 [logback-1] WARN  JUnitAnalyzer - EvoSuite problem: tests set up a security manager, but they do not remove it after execution
[MASTER] 14:24:39.560 [logback-1] WARN  JUnitAnalyzer - Found unstable test named test0 -> class java.lang.AssertionError: Expecting exception: IllegalArgumentException
[MASTER] 14:24:39.560 [logback-1] WARN  JUnitAnalyzer - Failing test:
 Base64 base64_0 = new Base64((-1617));

[MASTER] 14:24:41.918 [logback-1] WARN  JUnitAnalyzer - EvoSuite problem: tests set up a security manager, but they do not remove it after execution
[MASTER] 14:24:41.956 [logback-1] WARN  JUnitAnalyzer - EvoSuite problem: tests set up a security manager, but they do not remove it after execution
[MASTER] 14:24:41.957 [logback-1] WARN  JUnitAnalyzer - Found unstable test named test0 -> class java.lang.AssertionError: Expecting exception: IllegalArgumentException
[MASTER] 14:24:41.957 [logback-1] WARN  JUnitAnalyzer - Failing test:
 MockRandom mockRandom0 = new MockRandom();
BigInteger bigInteger0 = new BigInteger(8037, mockRandom0);
BigInteger bigInteger1 = BigInteger.ONE;
BigInteger bigInteger2 = BigInteger.TEN;
Base64.encodeInteger(bigInteger0);

[MASTER] 14:24:41.989 [logback-1] WARN  JUnitAnalyzer - EvoSuite problem: tests set up a security manager, but they do not remove it after execution
[MASTER] 14:24:41.989 [logback-1] WARN  JUnitAnalyzer - Found unstable test named test0 -> class java.lang.AssertionError: Expecting exception: IllegalArgumentException
[MASTER] 14:24:41.989 [logback-1] WARN  JUnitAnalyzer - Failing test:
 MockRandom mockRandom0 = new MockRandom();
BigInteger bigInteger0 = new BigInteger(8037, mockRandom0);
BigInteger bigInteger1 = BigInteger.ONE;
Base64.encodeInteger(bigInteger0);

[MASTER] 14:24:42.032 [logback-1] WARN  JUnitAnalyzer - EvoSuite problem: tests set up a security manager, but they do not remove it after execution
[MASTER] 14:24:42.083 [logback-1] WARN  JUnitAnalyzer - EvoSuite problem: tests set up a security manager, but they do not remove it after execution
[MASTER] 14:24:42.083 [logback-1] WARN  JUnitAnalyzer - Found unstable test named test0 -> class java.lang.AssertionError: Expecting exception: IllegalArgumentException
[MASTER] 14:24:42.084 [logback-1] WARN  JUnitAnalyzer - Failing test:
 MockRandom mockRandom0 = new MockRandom();
BigInteger bigInteger0 = new BigInteger(8037, mockRandom0);
BigInteger bigInteger1 = BigInteger.ONE;
Base64.encodeInteger(bigInteger0);

[MASTER] 14:24:42.154 [logback-1] WARN  JUnitAnalyzer - EvoSuite problem: tests set up a security manager, but they do not remove it after execution
[MASTER] 14:24:42.154 [logback-1] WARN  JUnitAnalyzer - Found unstable test named test0 -> class java.lang.AssertionError: Expecting exception: IllegalArgumentException
[MASTER] 14:24:42.154 [logback-1] WARN  JUnitAnalyzer - Failing test:
 int int0 = 8028;
MockRandom mockRandom0 = new MockRandom();
BigInteger bigInteger0 = new BigInteger(8028, mockRandom0);
BigInteger bigInteger1 = BigInteger.ONE;
Base64.encodeInteger(bigInteger0);

[MASTER] 14:24:42.186 [logback-1] WARN  JUnitAnalyzer - EvoSuite problem: tests set up a security manager, but they do not remove it after execution
[MASTER] 14:24:42.186 [logback-1] WARN  JUnitAnalyzer - Found unstable test named test0 -> class java.lang.AssertionError: Expecting exception: IllegalArgumentException
[MASTER] 14:24:42.186 [logback-1] WARN  JUnitAnalyzer - Failing test:
 Base64.decodeBase64("org.apahe.commons.coec.EncoderException");

[MASTER] 14:24:42.214 [logback-1] WARN  JUnitAnalyzer - EvoSuite problem: tests set up a security manager, but they do not remove it after execution
[MASTER] 14:24:42.215 [logback-1] WARN  JUnitAnalyzer - Found unstable test named test0 -> class java.lang.AssertionError: Expecting exception: IllegalArgumentException
[MASTER] 14:24:42.215 [logback-1] WARN  JUnitAnalyzer - Failing test:
 MockRandom mockRandom0 = new MockRandom();
byte[] byteArray0 = new byte[7];
byteArray0[0] = (byte)69;
byteArray0[1] = (byte)98;
byteArray0[6] = (byte)100;
byteArray0[3] = (byte)10;
byteArray0[4] = (byte)124;
byteArray0[5] = (byte)68;
byteArray0[6] = (byte)2;
Base64.isBase64(byteArray0);
Base64 base64_0 = new Base64((byte)124);

[MASTER] 14:24:42.258 [logback-1] WARN  JUnitAnalyzer - EvoSuite problem: tests set up a security manager, but they do not remove it after execution
[MASTER] 14:24:42.259 [logback-1] WARN  JUnitAnalyzer - Found unstable test named test0 -> class java.lang.AssertionError: Expecting exception: IllegalArgumentException
[MASTER] 14:24:42.259 [logback-1] WARN  JUnitAnalyzer - Failing test:
 MockRandom mockRandom0 = new MockRandom();
BigInteger bigInteger0 = new BigInteger(8068, mockRandom0);
Base64.encodeInteger(bigInteger0);

[MASTER] 14:24:42.283 [logback-1] WARN  JUnitAnalyzer - EvoSuite problem: tests set up a security manager, but they do not remove it after execution
[MASTER] 14:24:42.283 [logback-1] WARN  JUnitAnalyzer - Found unstable test named test0 -> class java.lang.AssertionError: Expecting exception: IllegalArgumentException
[MASTER] 14:24:42.284 [logback-1] WARN  JUnitAnalyzer - Failing test:
 MockRandom mockRandom0 = new MockRandom();
byte[] byteArray0 = new byte[44];
byteArray0[4] = (byte)0;
Base64.isBase64(byteArray0);
Base64 base64_0 = new Base64(false);

[MASTER] 14:24:42.306 [logback-1] WARN  JUnitAnalyzer - EvoSuite problem: tests set up a security manager, but they do not remove it after execution
[MASTER] 14:24:42.306 [logback-1] WARN  JUnitAnalyzer - Found unstable test named test0 -> class java.lang.AssertionError: Expecting exception: IllegalArgumentException
[MASTER] 14:24:42.306 [logback-1] WARN  JUnitAnalyzer - Failing test:
 MockRandom mockRandom0 = new MockRandom();
byte[] byteArray0 = new byte[44];
byteArray0[4] = (byte)0;
Base64.isBase64(byteArray0);
Base64 base64_0 = new Base64(false);

[MASTER] 14:24:42.334 [logback-1] WARN  JUnitAnalyzer - EvoSuite problem: tests set up a security manager, but they do not remove it after execution
[MASTER] 14:24:42.334 [logback-1] WARN  JUnitAnalyzer - Found unstable test named test0 -> class java.lang.AssertionError: Expecting exception: IllegalArgumentException
[MASTER] 14:24:42.334 [logback-1] WARN  JUnitAnalyzer - Failing test:
 int int0 = 8037;
MockRandom mockRandom0 = new MockRandom();
mockRandom0.nextDouble();
BigInteger bigInteger0 = new BigInteger(8037, mockRandom0);
BigInteger bigInteger1 = BigInteger.ONE;
Base64.encodeInteger(bigInteger0);

[MASTER] 14:24:42.362 [logback-1] WARN  JUnitAnalyzer - EvoSuite problem: tests set up a security manager, but they do not remove it after execution
[MASTER] 14:24:42.362 [logback-1] WARN  JUnitAnalyzer - Found unstable test named test0 -> class java.lang.AssertionError: Expecting exception: IllegalArgumentException
[MASTER] 14:24:42.362 [logback-1] WARN  JUnitAnalyzer - Failing test:
 MockRandom mockRandom0 = new MockRandom();
BigInteger bigInteger0 = new BigInteger(7998, mockRandom0);
Base64.encodeInteger(bigInteger0);

[MASTER] 14:24:42.388 [logback-1] WARN  JUnitAnalyzer - EvoSuite problem: tests set up a security manager, but they do not remove it after execution
[MASTER] 14:24:42.388 [logback-1] WARN  JUnitAnalyzer - Found unstable test named test0 -> class java.lang.AssertionError: Expecting exception: IllegalArgumentException
[MASTER] 14:24:42.388 [logback-1] WARN  JUnitAnalyzer - Failing test:
 MockRandom mockRandom0 = new MockRandom();
byte[] byteArray0 = new byte[26];
byteArray0[21] = (byte)0;
Base64.isBase64(byteArray0);
Base64 base64_0 = new Base64(false);

[MASTER] 14:24:42.417 [logback-1] WARN  JUnitAnalyzer - EvoSuite problem: tests set up a security manager, but they do not remove it after execution
[MASTER] 14:24:42.417 [logback-1] WARN  JUnitAnalyzer - Found unstable test named test0 -> class java.lang.AssertionError: Expecting exception: IllegalArgumentException
[MASTER] 14:24:42.417 [logback-1] WARN  JUnitAnalyzer - Failing test:
 MockRandom mockRandom0 = new MockRandom();
mockRandom0.nextDouble();
BigInteger bigInteger0 = new BigInteger(8037, mockRandom0);
BigInteger bigInteger1 = BigInteger.ONE;
Base64.encodeInteger(bigInteger0);

[MASTER] 14:24:42.448 [logback-1] WARN  JUnitAnalyzer - EvoSuite problem: tests set up a security manager, but they do not remove it after execution
[MASTER] 14:24:42.449 [logback-1] WARN  JUnitAnalyzer - Found unstable test named test0 -> class java.lang.AssertionError: Expecting exception: IllegalArgumentException
[MASTER] 14:24:42.449 [logback-1] WARN  JUnitAnalyzer - Failing test:
 int int0 = 8037;
MockRandom mockRandom0 = new MockRandom();
mockRandom0.nextDouble();
BigInteger bigInteger0 = new BigInteger(8037, mockRandom0);
BigInteger bigInteger1 = BigInteger.ONE;
Base64.encodeInteger(bigInteger0);

[MASTER] 14:24:42.480 [logback-1] WARN  JUnitAnalyzer - EvoSuite problem: tests set up a security manager, but they do not remove it after execution
[MASTER] 14:24:42.481 [logback-1] WARN  JUnitAnalyzer - Found unstable test named test0 -> class java.lang.AssertionError: Expecting exception: IllegalArgumentException
[MASTER] 14:24:42.481 [logback-1] WARN  JUnitAnalyzer - Failing test:
 int int0 = 8037;
MockRandom mockRandom0 = new MockRandom();
mockRandom0.nextDouble();
BigInteger bigInteger0 = new BigInteger(8037, mockRandom0);
BigInteger bigInteger1 = BigInteger.ONE;
Base64.encodeInteger(bigInteger0);

[MASTER] 14:24:42.505 [logback-1] WARN  JUnitAnalyzer - EvoSuite problem: tests set up a security manager, but they do not remove it after execution
[MASTER] 14:24:42.505 [logback-1] WARN  JUnitAnalyzer - Found unstable test named test0 -> class java.lang.AssertionError: Expecting exception: IllegalArgumentException
[MASTER] 14:24:42.505 [logback-1] WARN  JUnitAnalyzer - Failing test:
 MockRandom mockRandom0 = new MockRandom();
Base64 base64_0 = new Base64(true);

[MASTER] 14:24:45.115 [logback-1] WARN  JUnitAnalyzer - EvoSuite problem: tests set up a security manager, but they do not remove it after execution
[MASTER] 14:24:47.398 [logback-1] WARN  JUnitAnalyzer - EvoSuite problem: tests set up a security manager, but they do not remove it after execution
* Writing tests to file
* Writing JUnit test case 'Base64_ESTest' to results/Codec-9/org.apache.commons.codec.binary.Base64/BBC-F0-100/tests/19
* Done!

* Computation finished
