* EvoSuite 1.1.1-SNAPSHOT
* Configuration: BBC-F0-100
* Going to generate test cases for class: org.apache.commons.codec.binary.Base64
* Starting Client-0
* Connecting to master process on port 11243
* Analyzing classpath: 
  - subjects/buggy-versions/Codec-9/target/classes
* Finished analyzing classpath
* Generating tests for class org.apache.commons.codec.binary.Base64
* Test criteria:
  - Line Coverage
  - Branch Coverage
  - Exception
  - Mutation testing (weak)
  - Method-Output Coverage
  - Top-Level Method Coverage
  - No-Exception Top-Level Method Coverage
  - Context Branch Coverage
* Total number of test goals for DYNAMOSA: 1539
* Using seed 4150453436
* Starting evolution
bbc usage percentage is: 100%
* Initial Number of Goals in DynaMOSA = 419 / 1539
Number of times BBC is called, activated, and useful for org.apache.commons.codec.binary.Base64.discardWhitespace([B)[B: I24 Branch 67 LOOKUPSWITCH L874 Case 9 - true: 191,0,0| Number of FF evals: 1191
Number of times BBC is called, activated, and useful for org.apache.commons.codec.binary.Base64.encode([BII)V: I30 Branch 16 IF_ICMPGE L445 - false: 490,263,25| Number of FF evals: 6086
Number of times BBC is called, activated, and useful for org.apache.commons.codec.binary.Base64.decode([BII)V: I180 Branch 44 IFNULL L562 - true: 2800,1652,167| Number of FF evals: 6086
Number of times BBC is called, activated, and useful for org.apache.commons.codec.binary.Base64.resizeBuffer()V: I4 Branch 9 IFNONNULL L383 - true: 8381,4463,0| Number of FF evals: 6086
Number of times BBC is called, activated, and useful for org.apache.commons.codec.binary.Base64.encode([BII)V: I224 Branch 24 IF_ICMPEQ L472 - true: 69,0,0| Number of FF evals: 683
Number of times BBC is called, activated, and useful for org.apache.commons.codec.binary.Base64.decode([BII)V: I38 Branch 36 IF_ICMPGE L534 - false: 896,545,5| Number of FF evals: 6086
Number of times BBC is called, activated, and useful for org.apache.commons.codec.binary.Base64.readResults([BII)I: I36 Branch 11 IF_ICMPLT L411 - true: 7293,3809,2387| Number of FF evals: 6086
Number of times BBC is called, activated, and useful for org.apache.commons.codec.binary.Base64.getEncodeLength([BI[B)J: I73 Branch 83 IFNE L981 - true: 5261,2450,187| Number of FF evals: 5490
Number of times BBC is called, activated, and useful for org.apache.commons.codec.binary.Base64.encodeInteger(Ljava/math/BigInteger;)[B: I3 Branch 84 IFNONNULL L1012 - false: 121,0,0| Number of FF evals: 385
Number of times BBC is called, activated, and useful for org.apache.commons.codec.binary.Base64.encode([BII)V: I215 Branch 23 IFLE L472 - true: 29,0,0| Number of FF evals: 531
Number of times BBC is called, activated, and useful for org.apache.commons.codec.binary.Base64.discardWhitespace([B)[B: I24 Branch 68 LOOKUPSWITCH L874 Case 10 - true: 91,0,0| Number of FF evals: 314
Number of times BBC is called, activated, and useful for org.apache.commons.codec.binary.Base64.decode([BII)V: I189 Branch 45 IF_ICMPGE L562 - false: 970,626,1| Number of FF evals: 6086
Number of times BBC is called, activated, and useful for org.apache.commons.codec.binary.Base64.hasData()Z: I4 Branch 7 IFNULL L369 - false: 337,0,0| Number of FF evals: 872
Number of times BBC is called, activated, and useful for org.apache.commons.codec.binary.Base64.decode(Ljava/lang/Object;)Ljava/lang/Object;: I17 Branch 59 IFEQ L735 - false: 41,0,0| Number of FF evals: 164
Number of times BBC is called, activated, and useful for org.apache.commons.codec.binary.Base64.decode(Ljava/lang/Object;)Ljava/lang/Object;: I4 Branch 58 IFEQ L733 - false: 104,0,0| Number of FF evals: 177
Number of times BBC is called, activated, and useful for org.apache.commons.codec.binary.Base64.discardWhitespace([B)[B: Line 872: 49,0,0| Number of FF evals: 90
Number of times BBC is called, activated, and useful for org.apache.commons.codec.binary.Base64.discardWhitespace([B)[B: Line 873: 49,0,0| Number of FF evals: 90
Number of times BBC is called, activated, and useful for org.apache.commons.codec.binary.Base64.isWhiteSpace(B)Z: I3 Branch 73 LOOKUPSWITCH L897 Case 10 - true: 9,0,0| Number of FF evals: 317
Number of times BBC is called, activated, and useful for org.apache.commons.codec.binary.Base64.discardWhitespace([B)[B: I24 Branch 69 LOOKUPSWITCH L874 Case 13 - true: 91,0,0| Number of FF evals: 312
Number of times BBC is called, activated, and useful for org.apache.commons.codec.binary.Base64.discardWhitespace([B)[B: Line 884: 49,0,0| Number of FF evals: 90
Number of times BBC is called, activated, and useful for org.apache.commons.codec.binary.Base64.isWhiteSpace(B)Z: I3 Branch 72 LOOKUPSWITCH L897 Case 9 - true: 852,477,0| Number of FF evals: 6086
Number of times BBC is called, activated, and useful for org.apache.commons.codec.binary.Base64.discardWhitespace([B)[B: Line 885: 49,0,0| Number of FF evals: 90
Number of times BBC is called, activated, and useful for org.apache.commons.codec.binary.Base64.getEncodeLength([BI[B)J: I50 Branch 82 IFNE L979 - false: 2454,1471,60| Number of FF evals: 5490
Number of times BBC is called, activated, and useful for org.apache.commons.codec.binary.Base64.discardWhitespace([B)[B: Line 886: 49,0,0| Number of FF evals: 90
Number of times BBC is called, activated, and useful for org.apache.commons.codec.binary.Base64.encode([BII)V: I272 Branch 27 IF_ICMPGE L478 - false: 509,274,19| Number of FF evals: 6086
Number of times BBC is called, activated, and useful for org.apache.commons.codec.binary.Base64.toIntegerBytes(Ljava/math/BigInteger;)[B: I56 Branch 87 IFNE L1039 - true: 1403,741,54| Number of FF evals: 6086
Number of times BBC is called, activated, and useful for org.apache.commons.codec.binary.Base64.isBase64(B)Z: I10 Branch 51 IF_ICMPGE L593 - true: 82,0,0| Number of FF evals: 626
Number of times BBC is called, activated, and useful for org.apache.commons.codec.binary.Base64.isUrlSafe()Z: I5 Branch 6 IF_ACMPNE L360 - false: 2,0,0| Number of FF evals: 100
Number of times BBC is called, activated, and useful for org.apache.commons.codec.binary.Base64.getEncodeLength([BI[B)J: I41 Branch 81 IFLE L978 - true: 6048,3283,226| Number of FF evals: 6086
Number of times BBC is called, activated, and useful for org.apache.commons.codec.binary.Base64.encode([BII)V: I419 Branch 31 IF_ICMPGT L493 - false: 61,0,0| Number of FF evals: 856
Number of times BBC is called, activated, and useful for org.apache.commons.codec.binary.Base64.isWhiteSpace(B)Z: I3 Branch 74 LOOKUPSWITCH L897 Case 13 - true: 9,0,0| Number of FF evals: 308
Number of times BBC is called, activated, and useful for org.apache.commons.codec.binary.Base64.toIntegerBytes(Ljava/math/BigInteger;)[B: I36 Branch 86 IF_ICMPNE L1031 - true: 3026,2064,94| Number of FF evals: 6086
Number of times BBC is called, activated, and useful for org.apache.commons.codec.binary.Base64.encode(Ljava/lang/Object;)Ljava/lang/Object;: I4 Branch 77 IFNE L921 - true: 45,0,0| Number of FF evals: 185
Number of times BBC is called, activated, and useful for org.apache.commons.codec.binary.Base64.discardWhitespace([B)[B: I18 Branch 66 IF_ICMPGE L873 - false: 49,0,0| Number of FF evals: 563
Number of times BBC is called, activated, and useful for org.apache.commons.codec.binary.Base64.discardWhitespace([B)[B: Line 871: 49,0,0| Number of FF evals: 90
Number of times BBC is called, activated, and useful for org.apache.commons.codec.binary.Base64.discardWhitespace([B)[B: I18 Branch 66 IF_ICMPGE L873 - true: 49,0,0| Number of FF evals: 602
* Search finished after 602s and 121 generations, 66565 statements, best individual has fitness: 98.0
* Minimizing test suite
[MASTER] 14:27:08.277 [logback-1] WARN  TestSuiteMinimizer - Minimization timeout. Roll back to original test suite
* Going to analyze the coverage criteria
* Coverage analysis for criterion LINE
* Coverage of criterion LINE: 98%
* Total number of goals: 216
* Number of covered goals: 212
* Coverage analysis for criterion BRANCH
* Coverage of criterion BRANCH: 94%
* Total number of goals: 193
* Number of covered goals: 182
* Coverage analysis for criterion EXCEPTION
* Coverage of criterion EXCEPTION: 100%
* Total number of goals: 20
* Number of covered goals: 20
* Coverage analysis for criterion WEAKMUTATION
* Coverage of criterion WEAKMUTATION: 95%
* Total number of goals: 787
* Number of covered goals: 748
* Coverage analysis for criterion OUTPUT
* Coverage of criterion OUTPUT: 91%
* Total number of goals: 80
* Number of covered goals: 73
* Coverage analysis for criterion METHOD
* Coverage of criterion METHOD: 100%
* Total number of goals: 35
* Number of covered goals: 35
* Coverage analysis for criterion METHODNOEXCEPTION
* Coverage of criterion METHODNOEXCEPTION: 100%
* Total number of goals: 35
* Number of covered goals: 35
* Coverage analysis for criterion CBRANCH
* Coverage of criterion CBRANCH: 92%
* Total number of goals: 193
* Number of covered goals: 177
* Generated 91 tests with total length 1335
* Resulting test suite's coverage: 90% (average coverage for all fitness functions)
* Generating assertions
* Resulting test suite's mutation score: 19%
[MASTER] 14:28:08.638 [logback-1] WARN  SimpleMutationAssertionGenerator - Reached maximum time to generate assertions, aborting assertion generation
* Compiling and checking tests
[MASTER] 14:28:15.889 [logback-1] WARN  JUnitAnalyzer - EvoSuite problem: tests set up a security manager, but they do not remove it after execution
[MASTER] 14:28:15.892 [logback-1] WARN  JUnitAnalyzer - Found unstable test named test0 -> class java.lang.AssertionError: Expecting exception: IllegalArgumentException
[MASTER] 14:28:15.893 [logback-1] WARN  JUnitAnalyzer - Failing test:
 byte[] byteArray0 = new byte[0];
byte[] byteArray1 = Base64.encodeBase64(byteArray0, false);
Base64.encodeBase64URLSafeString(byteArray0);
Base64.encodeBase64(byteArray1, true);
int int0 = (-1005);
Base64 base64_0 = new Base64((-1005));

[MASTER] 14:28:15.950 [logback-1] WARN  JUnitAnalyzer - EvoSuite problem: tests set up a security manager, but they do not remove it after execution
[MASTER] 14:28:15.951 [logback-1] WARN  JUnitAnalyzer - Found unstable test named test0 -> class java.lang.AssertionError: Expecting exception: IllegalArgumentException
[MASTER] 14:28:15.951 [logback-1] WARN  JUnitAnalyzer - Failing test:
 Base64 base64_0 = new Base64();

[MASTER] 14:28:15.991 [logback-1] WARN  JUnitAnalyzer - EvoSuite problem: tests set up a security manager, but they do not remove it after execution
[MASTER] 14:28:15.992 [logback-1] WARN  JUnitAnalyzer - Found unstable test named test0 -> class java.lang.AssertionError: Expecting exception: IllegalArgumentException
[MASTER] 14:28:15.992 [logback-1] WARN  JUnitAnalyzer - Failing test:
 byte[] byteArray0 = new byte[1];
byte byte0 = (byte)0;
byteArray0[0] = (byte)0;
boolean boolean0 = true;
Base64.encodeBase64(byteArray0, true, true);

[MASTER] 14:28:16.026 [logback-1] WARN  JUnitAnalyzer - EvoSuite problem: tests set up a security manager, but they do not remove it after execution
[MASTER] 14:28:16.026 [logback-1] WARN  JUnitAnalyzer - Found unstable test named test0 -> class java.lang.AssertionError: Expecting exception: IllegalArgumentException
[MASTER] 14:28:16.026 [logback-1] WARN  JUnitAnalyzer - Failing test:
 Base64.decodeBase64("_j3y]F8;9D+");

[MASTER] 14:28:16.063 [logback-1] WARN  JUnitAnalyzer - EvoSuite problem: tests set up a security manager, but they do not remove it after execution
[MASTER] 14:28:16.063 [logback-1] WARN  JUnitAnalyzer - Found unstable test named test0 -> class java.lang.AssertionError: Expecting exception: IllegalArgumentException
[MASTER] 14:28:16.064 [logback-1] WARN  JUnitAnalyzer - Failing test:
 byte[] byteArray0 = new byte[6];
byteArray0[0] = (byte)0;
byteArray0[1] = (byte)58;
byteArray0[2] = (byte) (-3);
byteArray0[3] = (byte)110;
byteArray0[4] = (byte) (-105);
byteArray0[5] = (byte) (-36);
Base64.encodeBase64(byteArray0, false, true);

[MASTER] 14:28:16.111 [logback-1] WARN  JUnitAnalyzer - EvoSuite problem: tests set up a security manager, but they do not remove it after execution
[MASTER] 14:28:16.145 [logback-1] WARN  JUnitAnalyzer - EvoSuite problem: tests set up a security manager, but they do not remove it after execution
[MASTER] 14:28:16.145 [logback-1] WARN  JUnitAnalyzer - Found unstable test named test0 -> class java.lang.AssertionError: Expecting exception: IllegalArgumentException
[MASTER] 14:28:16.145 [logback-1] WARN  JUnitAnalyzer - Failing test:
 byte[] byteArray0 = new byte[0];
byte[] byteArray1 = Base64.encodeBase64URLSafe(byteArray0);
byte byte0 = (byte) (-1);
Base64.isBase64((byte) (-1));
boolean boolean0 = true;
byte[] byteArray2 = Base64.encodeBase64(byteArray1, true);
Base64.decodeBase64(byteArray2);

[MASTER] 14:28:16.177 [logback-1] WARN  JUnitAnalyzer - EvoSuite problem: tests set up a security manager, but they do not remove it after execution
[MASTER] 14:28:16.178 [logback-1] WARN  JUnitAnalyzer - Found unstable test named test0 -> class java.lang.AssertionError: Expecting exception: IllegalArgumentException
[MASTER] 14:28:16.178 [logback-1] WARN  JUnitAnalyzer - Failing test:
 byte[] byteArray0 = new byte[8];
byteArray0[0] = (byte)0;
byteArray0[1] = (byte)70;
byteArray0[2] = (byte)61;
byteArray0[3] = (byte)0;
byteArray0[4] = (byte) (-114);
byteArray0[5] = (byte)0;
byteArray0[6] = (byte)0;
byteArray0[7] = (byte)100;
Base64.decodeBase64(byteArray0);

[MASTER] 14:28:16.232 [logback-1] WARN  JUnitAnalyzer - EvoSuite problem: tests set up a security manager, but they do not remove it after execution
[MASTER] 14:28:16.232 [logback-1] WARN  JUnitAnalyzer - Found unstable test named test0 -> class java.lang.AssertionError: Expecting exception: IllegalArgumentException
[MASTER] 14:28:16.232 [logback-1] WARN  JUnitAnalyzer - Failing test:
 byte[] byteArray0 = new byte[3];
byteArray0[0] = (byte)1;
byteArray0[1] = (byte) (-2);
byteArray0[2] = (byte)23;
Base64.encodeBase64(byteArray0, true, true);

[MASTER] 14:28:16.266 [logback-1] WARN  JUnitAnalyzer - EvoSuite problem: tests set up a security manager, but they do not remove it after execution
[MASTER] 14:28:16.267 [logback-1] WARN  JUnitAnalyzer - Found unstable test named test0 -> class java.lang.AssertionError: Expecting exception: IllegalArgumentException
[MASTER] 14:28:16.267 [logback-1] WARN  JUnitAnalyzer - Failing test:
 Base64 base64_0 = new Base64();

[MASTER] 14:28:16.301 [logback-1] WARN  JUnitAnalyzer - EvoSuite problem: tests set up a security manager, but they do not remove it after execution
[MASTER] 14:28:16.301 [logback-1] WARN  JUnitAnalyzer - Found unstable test named test0 -> class java.lang.AssertionError: Expecting exception: IllegalArgumentException
[MASTER] 14:28:16.301 [logback-1] WARN  JUnitAnalyzer - Failing test:
 Base64 base64_0 = new Base64(false);

[MASTER] 14:28:16.333 [logback-1] WARN  JUnitAnalyzer - EvoSuite problem: tests set up a security manager, but they do not remove it after execution
[MASTER] 14:28:16.334 [logback-1] WARN  JUnitAnalyzer - Found unstable test named test0 -> class java.lang.AssertionError: Expecting exception: IllegalArgumentException
[MASTER] 14:28:16.334 [logback-1] WARN  JUnitAnalyzer - Failing test:
 byte[] byteArray0 = null;
Base64.encodeBase64URLSafe((byte[]) null);
int int0 = 888;
Base64 base64_0 = new Base64(888, (byte[]) null, false);

[MASTER] 14:28:16.363 [logback-1] WARN  JUnitAnalyzer - EvoSuite problem: tests set up a security manager, but they do not remove it after execution
[MASTER] 14:28:16.363 [logback-1] WARN  JUnitAnalyzer - Found unstable test named test0 -> class java.lang.AssertionError: Expecting exception: IllegalArgumentException
[MASTER] 14:28:16.363 [logback-1] WARN  JUnitAnalyzer - Failing test:
 Base64 base64_0 = new Base64((-2486), (byte[]) null, true);

[MASTER] 14:28:16.391 [logback-1] WARN  JUnitAnalyzer - EvoSuite problem: tests set up a security manager, but they do not remove it after execution
[MASTER] 14:28:16.391 [logback-1] WARN  JUnitAnalyzer - Found unstable test named test0 -> class java.lang.AssertionError: Expecting exception: IllegalArgumentException
[MASTER] 14:28:16.392 [logback-1] WARN  JUnitAnalyzer - Failing test:
 Base64.isBase64("");
byte[] byteArray0 = new byte[7];
byteArray0[0] = (byte)0;
byteArray0[1] = (byte)0;
byteArray0[2] = (byte)0;
byteArray0[3] = (byte)1;
byteArray0[4] = (byte)31;
byteArray0[5] = (byte) (-40);
byteArray0[6] = (byte)38;
Base64.encodeBase64URLSafeString(byteArray0);

[MASTER] 14:28:16.417 [logback-1] WARN  JUnitAnalyzer - EvoSuite problem: tests set up a security manager, but they do not remove it after execution
[MASTER] 14:28:16.417 [logback-1] WARN  JUnitAnalyzer - Found unstable test named test0 -> class java.lang.AssertionError: Expecting exception: IllegalArgumentException
[MASTER] 14:28:16.417 [logback-1] WARN  JUnitAnalyzer - Failing test:
 Base64 base64_0 = new Base64(0);

[MASTER] 14:28:16.443 [logback-1] WARN  JUnitAnalyzer - EvoSuite problem: tests set up a security manager, but they do not remove it after execution
[MASTER] 14:28:16.444 [logback-1] WARN  JUnitAnalyzer - Found unstable test named test0 -> class java.lang.AssertionError: Expecting exception: IllegalArgumentException
[MASTER] 14:28:16.444 [logback-1] WARN  JUnitAnalyzer - Failing test:
 byte[] byteArray0 = null;
Base64 base64_0 = new Base64(0, (byte[]) null);

[MASTER] 14:28:16.470 [logback-1] WARN  JUnitAnalyzer - EvoSuite problem: tests set up a security manager, but they do not remove it after execution
[MASTER] 14:28:16.497 [logback-1] WARN  JUnitAnalyzer - EvoSuite problem: tests set up a security manager, but they do not remove it after execution
[MASTER] 14:28:16.497 [logback-1] WARN  JUnitAnalyzer - Found unstable test named test0 -> class java.lang.AssertionError: Expecting exception: IllegalArgumentException
[MASTER] 14:28:16.497 [logback-1] WARN  JUnitAnalyzer - Failing test:
 byte[] byteArray0 = new byte[0];
byte[] byteArray1 = Base64.encodeBase64Chunked(byteArray0);
byte[] byteArray2 = Base64.encodeBase64Chunked(byteArray1);
Base64.encodeBase64String(byteArray2);
Base64.decodeBase64(byteArray1);

[MASTER] 14:28:16.523 [logback-1] WARN  JUnitAnalyzer - EvoSuite problem: tests set up a security manager, but they do not remove it after execution
[MASTER] 14:28:16.523 [logback-1] WARN  JUnitAnalyzer - Found unstable test named test0 -> class java.lang.AssertionError: Expecting exception: IllegalArgumentException
[MASTER] 14:28:16.523 [logback-1] WARN  JUnitAnalyzer - Failing test:
 Base64 base64_0 = new Base64();

[MASTER] 14:28:16.547 [logback-1] WARN  JUnitAnalyzer - EvoSuite problem: tests set up a security manager, but they do not remove it after execution
[MASTER] 14:28:16.547 [logback-1] WARN  JUnitAnalyzer - Found unstable test named test0 -> class java.lang.AssertionError: Expecting exception: IllegalArgumentException
[MASTER] 14:28:16.547 [logback-1] WARN  JUnitAnalyzer - Failing test:
 Base64 base64_0 = new Base64(true);

[MASTER] 14:28:16.575 [logback-1] WARN  JUnitAnalyzer - EvoSuite problem: tests set up a security manager, but they do not remove it after execution
[MASTER] 14:28:16.576 [logback-1] WARN  JUnitAnalyzer - Found unstable test named test0 -> class java.lang.AssertionError: Expecting exception: IllegalArgumentException
[MASTER] 14:28:16.576 [logback-1] WARN  JUnitAnalyzer - Failing test:
 byte[] byteArray0 = new byte[4];
byteArray0[0] = (byte) (-2);
byte byte0 = (byte) (-1);
byteArray0[1] = (byte) (-1);
byteArray0[2] = (byte) (-31);
byteArray0[3] = (byte)1;
boolean boolean0 = true;
Base64.encodeBase64(byteArray0, true);

[MASTER] 14:28:16.610 [logback-1] WARN  JUnitAnalyzer - EvoSuite problem: tests set up a security manager, but they do not remove it after execution
[MASTER] 14:28:16.611 [logback-1] WARN  JUnitAnalyzer - Found unstable test named test0 -> class java.lang.AssertionError: Expecting exception: IllegalArgumentException
[MASTER] 14:28:16.611 [logback-1] WARN  JUnitAnalyzer - Failing test:
 byte[] byteArray0 = new byte[8];
byteArray0[0] = (byte)105;
byteArray0[1] = (byte) (-113);
byteArray0[2] = (byte) (-96);
byteArray0[3] = (byte) (-1);
byteArray0[4] = (byte)33;
byteArray0[5] = (byte)31;
byteArray0[6] = (byte)103;
byteArray0[7] = (byte)40;
Base64.decodeInteger(byteArray0);

[MASTER] 14:28:16.649 [logback-1] WARN  JUnitAnalyzer - EvoSuite problem: tests set up a security manager, but they do not remove it after execution
[MASTER] 14:28:16.650 [logback-1] WARN  JUnitAnalyzer - Found unstable test named test0 -> class java.lang.AssertionError: Expecting exception: IllegalArgumentException
[MASTER] 14:28:16.650 [logback-1] WARN  JUnitAnalyzer - Failing test:
 byte[] byteArray0 = new byte[9];
byteArray0[0] = (byte)0;
byteArray0[1] = (byte)0;
byteArray0[2] = (byte)0;
byteArray0[3] = (byte) (-33);
byteArray0[4] = (byte) (-1);
byteArray0[5] = (byte)30;
byteArray0[6] = (byte) (-85);
byteArray0[7] = (byte)32;
byteArray0[8] = (byte)8;
Base64.encodeBase64(byteArray0, true);

[MASTER] 14:28:16.682 [logback-1] WARN  JUnitAnalyzer - EvoSuite problem: tests set up a security manager, but they do not remove it after execution
[MASTER] 14:28:16.682 [logback-1] WARN  JUnitAnalyzer - Found unstable test named test0 -> class java.lang.AssertionError: Expecting exception: IllegalArgumentException
[MASTER] 14:28:16.682 [logback-1] WARN  JUnitAnalyzer - Failing test:
 Base64 base64_0 = new Base64(56);

[MASTER] 14:28:16.712 [logback-1] WARN  JUnitAnalyzer - EvoSuite problem: tests set up a security manager, but they do not remove it after execution
[MASTER] 14:28:16.713 [logback-1] WARN  JUnitAnalyzer - Found unstable test named test0 -> class java.lang.AssertionError: Expecting exception: IllegalArgumentException
[MASTER] 14:28:16.713 [logback-1] WARN  JUnitAnalyzer - Failing test:
 byte[] byteArray0 = new byte[2];
byte byte0 = (byte)0;
byteArray0[0] = (byte)0;
byte byte1 = (byte) (-75);
byteArray0[1] = (byte) (-75);
Base64.encodeBase64URLSafe(byteArray0);

[MASTER] 14:28:16.744 [logback-1] WARN  JUnitAnalyzer - EvoSuite problem: tests set up a security manager, but they do not remove it after execution
[MASTER] 14:28:16.744 [logback-1] WARN  JUnitAnalyzer - Found unstable test named test0 -> class java.lang.AssertionError: Expecting exception: IllegalArgumentException
[MASTER] 14:28:16.744 [logback-1] WARN  JUnitAnalyzer - Failing test:
 Base64 base64_0 = new Base64(2835);

[MASTER] 14:28:16.772 [logback-1] WARN  JUnitAnalyzer - EvoSuite problem: tests set up a security manager, but they do not remove it after execution
[MASTER] 14:28:16.772 [logback-1] WARN  JUnitAnalyzer - Found unstable test named test0 -> class java.lang.AssertionError: Expecting exception: IllegalArgumentException
[MASTER] 14:28:16.772 [logback-1] WARN  JUnitAnalyzer - Failing test:
 Base64 base64_0 = new Base64();

[MASTER] 14:28:16.806 [logback-1] WARN  JUnitAnalyzer - EvoSuite problem: tests set up a security manager, but they do not remove it after execution
[MASTER] 14:28:16.806 [logback-1] WARN  JUnitAnalyzer - Found unstable test named test0 -> class java.lang.AssertionError: Expecting exception: IllegalArgumentException
[MASTER] 14:28:16.806 [logback-1] WARN  JUnitAnalyzer - Failing test:
 byte[] byteArray0 = new byte[0];
Base64.encodeBase64(byteArray0, true);
Base64 base64_0 = new Base64();

[MASTER] 14:28:16.836 [logback-1] WARN  JUnitAnalyzer - EvoSuite problem: tests set up a security manager, but they do not remove it after execution
[MASTER] 14:28:16.864 [logback-1] WARN  JUnitAnalyzer - EvoSuite problem: tests set up a security manager, but they do not remove it after execution
[MASTER] 14:28:16.865 [logback-1] WARN  JUnitAnalyzer - Found unstable test named test0 -> class java.lang.AssertionError: Expecting exception: IllegalArgumentException
[MASTER] 14:28:16.865 [logback-1] WARN  JUnitAnalyzer - Failing test:
 BigInteger bigInteger0 = BigInteger.ZERO;
Base64.encodeInteger(bigInteger0);
Base64 base64_0 = new Base64(533);

[MASTER] 14:28:16.897 [logback-1] WARN  JUnitAnalyzer - EvoSuite problem: tests set up a security manager, but they do not remove it after execution
[MASTER] 14:28:16.934 [logback-1] WARN  JUnitAnalyzer - EvoSuite problem: tests set up a security manager, but they do not remove it after execution
[MASTER] 14:28:16.935 [logback-1] WARN  JUnitAnalyzer - Found unstable test named test0 -> class java.lang.AssertionError: Expecting exception: IllegalArgumentException
[MASTER] 14:28:16.935 [logback-1] WARN  JUnitAnalyzer - Failing test:
 byte[] byteArray0 = new byte[1];
Base64.encodeBase64Chunked(byteArray0);

[MASTER] 14:28:16.964 [logback-1] WARN  JUnitAnalyzer - EvoSuite problem: tests set up a security manager, but they do not remove it after execution
[MASTER] 14:28:16.993 [logback-1] WARN  JUnitAnalyzer - EvoSuite problem: tests set up a security manager, but they do not remove it after execution
[MASTER] 14:28:16.993 [logback-1] WARN  JUnitAnalyzer - Found unstable test named test0 -> class java.lang.AssertionError: Expecting exception: IllegalArgumentException
[MASTER] 14:28:16.993 [logback-1] WARN  JUnitAnalyzer - Failing test:
 byte[] byteArray0 = new byte[0];
byte[] byteArray1 = Base64.encodeBase64Chunked(byteArray0);
Base64.encodeBase64(byteArray1, true);
Base64 base64_0 = new Base64((byte) (-31));

[MASTER] 14:28:17.072 [logback-1] WARN  JUnitAnalyzer - EvoSuite problem: tests set up a security manager, but they do not remove it after execution
[MASTER] 14:28:17.072 [logback-1] WARN  JUnitAnalyzer - Found unstable test named test0 -> class java.lang.AssertionError: Expecting exception: IllegalArgumentException
[MASTER] 14:28:17.072 [logback-1] WARN  JUnitAnalyzer - Failing test:
 byte[] byteArray0 = new byte[4];
byteArray0[0] = (byte) (-2);
Base64.encodeBase64Chunked(byteArray0);

[MASTER] 14:28:17.111 [logback-1] WARN  JUnitAnalyzer - EvoSuite problem: tests set up a security manager, but they do not remove it after execution
[MASTER] 14:28:17.111 [logback-1] WARN  JUnitAnalyzer - Found unstable test named test0 -> class java.lang.AssertionError: Expecting exception: IllegalArgumentException
[MASTER] 14:28:17.111 [logback-1] WARN  JUnitAnalyzer - Failing test:
 byte[] byteArray0 = new byte[0];
Base64.decodeBase64("");

[MASTER] 14:28:17.173 [logback-1] WARN  JUnitAnalyzer - EvoSuite problem: tests set up a security manager, but they do not remove it after execution
[MASTER] 14:28:17.173 [logback-1] WARN  JUnitAnalyzer - Found unstable test named test0 -> class java.lang.AssertionError: Expecting exception: IllegalArgumentException
[MASTER] 14:28:17.173 [logback-1] WARN  JUnitAnalyzer - Failing test:
 Base64.encodeBase64Chunked((byte[]) null);
Base64.encodeBase64String((byte[]) null);
Base64.decodeBase64((byte[]) null);

[MASTER] 14:28:17.200 [logback-1] WARN  JUnitAnalyzer - EvoSuite problem: tests set up a security manager, but they do not remove it after execution
[MASTER] 14:28:17.200 [logback-1] WARN  JUnitAnalyzer - Found unstable test named test0 -> class java.lang.AssertionError: Expecting exception: IllegalArgumentException
[MASTER] 14:28:17.201 [logback-1] WARN  JUnitAnalyzer - Failing test:
 byte[] byteArray0 = new byte[9];
byteArray0[0] = (byte)0;
byteArray0[1] = (byte)0;
byteArray0[2] = (byte)0;
byteArray0[3] = (byte) (-33);
byteArray0[4] = (byte) (-1);
byteArray0[5] = (byte)30;
byteArray0[6] = (byte) (-85);
byteArray0[7] = (byte)32;
byteArray0[8] = (byte)8;
Base64.encodeBase64(byteArray0, true);

[MASTER] 14:28:17.226 [logback-1] WARN  JUnitAnalyzer - EvoSuite problem: tests set up a security manager, but they do not remove it after execution
[MASTER] 14:28:17.226 [logback-1] WARN  JUnitAnalyzer - Found unstable test named test0 -> class java.lang.AssertionError: Expecting exception: IllegalArgumentException
[MASTER] 14:28:17.226 [logback-1] WARN  JUnitAnalyzer - Failing test:
 byte[] byteArray0 = new byte[3];
byteArray0[0] = (byte)21;
byteArray0[1] = (byte)11;
Base64.encodeBase64(byteArray0, false, false);

[MASTER] 14:28:17.251 [logback-1] WARN  JUnitAnalyzer - EvoSuite problem: tests set up a security manager, but they do not remove it after execution
[MASTER] 14:28:17.251 [logback-1] WARN  JUnitAnalyzer - Found unstable test named test0 -> class java.lang.AssertionError: Expecting exception: IllegalArgumentException
[MASTER] 14:28:17.251 [logback-1] WARN  JUnitAnalyzer - Failing test:
 byte[] byteArray0 = Base64.CHUNK_SEPARATOR;
byte[] byteArray1 = new byte[5];
byteArray1[1] = (byte)89;
Base64 base64_0 = new Base64((-65));

[MASTER] 14:28:17.277 [logback-1] WARN  JUnitAnalyzer - EvoSuite problem: tests set up a security manager, but they do not remove it after execution
[MASTER] 14:28:17.277 [logback-1] WARN  JUnitAnalyzer - Found unstable test named test0 -> class java.lang.AssertionError: Expecting exception: IllegalArgumentException
[MASTER] 14:28:17.277 [logback-1] WARN  JUnitAnalyzer - Failing test:
 BigInteger bigInteger0 = BigInteger.TEN;
Base64.encodeInteger(bigInteger0);

[MASTER] 14:28:17.302 [logback-1] WARN  JUnitAnalyzer - EvoSuite problem: tests set up a security manager, but they do not remove it after execution
[MASTER] 14:28:17.303 [logback-1] WARN  JUnitAnalyzer - Found unstable test named test0 -> class java.lang.AssertionError: Expecting exception: IllegalArgumentException
[MASTER] 14:28:17.303 [logback-1] WARN  JUnitAnalyzer - Failing test:
 byte[] byteArray0 = new byte[3];
byteArray0[0] = (byte)21;
byteArray0[1] = (byte)11;
Base64.encodeBase64(byteArray0, false, false);

[MASTER] 14:28:17.327 [logback-1] WARN  JUnitAnalyzer - EvoSuite problem: tests set up a security manager, but they do not remove it after execution
[MASTER] 14:28:17.327 [logback-1] WARN  JUnitAnalyzer - Found unstable test named test0 -> class java.lang.AssertionError: Expecting exception: IllegalArgumentException
[MASTER] 14:28:17.328 [logback-1] WARN  JUnitAnalyzer - Failing test:
 byte[] byteArray0 = new byte[9];
byte byte0 = (byte)0;
byteArray0[0] = (byte)0;
byteArray0[1] = (byte)0;
Base64.encodeBase64(byteArray0, true, true);

[MASTER] 14:28:17.361 [logback-1] WARN  JUnitAnalyzer - EvoSuite problem: tests set up a security manager, but they do not remove it after execution
[MASTER] 14:28:17.362 [logback-1] WARN  JUnitAnalyzer - Found unstable test named test0 -> class java.lang.AssertionError: Expecting exception: IllegalArgumentException
[MASTER] 14:28:17.363 [logback-1] WARN  JUnitAnalyzer - Failing test:
 byte[] byteArray0 = new byte[5];
byteArray0[0] = (byte) (-96);
byteArray0[1] = (byte)97;
Base64.encodeBase64String(byteArray0);

[MASTER] 14:28:17.393 [logback-1] WARN  JUnitAnalyzer - EvoSuite problem: tests set up a security manager, but they do not remove it after execution
[MASTER] 14:28:17.393 [logback-1] WARN  JUnitAnalyzer - Found unstable test named test0 -> class java.lang.AssertionError: Expecting exception: IllegalArgumentException
[MASTER] 14:28:17.394 [logback-1] WARN  JUnitAnalyzer - Failing test:
 byte[] byteArray0 = new byte[5];
byteArray0[0] = (byte) (-96);
byteArray0[1] = (byte)97;
Base64.encodeBase64String(byteArray0);

[MASTER] 14:28:17.427 [logback-1] WARN  JUnitAnalyzer - EvoSuite problem: tests set up a security manager, but they do not remove it after execution
[MASTER] 14:28:17.428 [logback-1] WARN  JUnitAnalyzer - Found unstable test named test0 -> class java.lang.AssertionError: Expecting exception: IllegalArgumentException
[MASTER] 14:28:17.428 [logback-1] WARN  JUnitAnalyzer - Failing test:
 byte[] byteArray0 = new byte[9];
byteArray0[1] = (byte)0;
Base64.encodeBase64(byteArray0, false, true);

[MASTER] 14:28:17.475 [logback-1] WARN  JUnitAnalyzer - EvoSuite problem: tests set up a security manager, but they do not remove it after execution
[MASTER] 14:28:17.475 [logback-1] WARN  JUnitAnalyzer - Found unstable test named test0 -> class java.lang.AssertionError: Expecting exception: IllegalArgumentException
[MASTER] 14:28:17.475 [logback-1] WARN  JUnitAnalyzer - Failing test:
 byte[] byteArray0 = new byte[0];
Base64.decodeBase64("org.apache.commons.codec.binary.StringUtils");

[MASTER] 14:28:17.504 [logback-1] WARN  JUnitAnalyzer - EvoSuite problem: tests set up a security manager, but they do not remove it after execution
[MASTER] 14:28:17.504 [logback-1] WARN  JUnitAnalyzer - Found unstable test named test0 -> class java.lang.AssertionError: Expecting exception: IllegalArgumentException
[MASTER] 14:28:17.504 [logback-1] WARN  JUnitAnalyzer - Failing test:
 byte[] byteArray0 = new byte[3];
byte byte0 = (byte)21;
Base64 base64_0 = new Base64();

[MASTER] 14:28:17.537 [logback-1] WARN  JUnitAnalyzer - EvoSuite problem: tests set up a security manager, but they do not remove it after execution
[MASTER] 14:28:17.538 [logback-1] WARN  JUnitAnalyzer - Found unstable test named test0 -> class java.lang.AssertionError: Expecting exception: IllegalArgumentException
[MASTER] 14:28:17.538 [logback-1] WARN  JUnitAnalyzer - Failing test:
 byte[] byteArray0 = new byte[9];
byte byte0 = (byte)0;
byte byte1 = (byte)0;
byteArray0[1] = (byte)0;
Base64 base64_0 = new Base64((-1132), byteArray0);
Base64.encodeBase64URLSafeString(byteArray0);

[MASTER] 14:28:17.566 [logback-1] WARN  JUnitAnalyzer - EvoSuite problem: tests set up a security manager, but they do not remove it after execution
[MASTER] 14:28:17.566 [logback-1] WARN  JUnitAnalyzer - Found unstable test named test0 -> class java.lang.AssertionError: Expecting exception: IllegalArgumentException
[MASTER] 14:28:17.567 [logback-1] WARN  JUnitAnalyzer - Failing test:
 Base64 base64_0 = new Base64();

[MASTER] 14:28:17.595 [logback-1] WARN  JUnitAnalyzer - EvoSuite problem: tests set up a security manager, but they do not remove it after execution
[MASTER] 14:28:17.595 [logback-1] WARN  JUnitAnalyzer - Found unstable test named test0 -> class java.lang.AssertionError: Expecting exception: IllegalArgumentException
[MASTER] 14:28:17.595 [logback-1] WARN  JUnitAnalyzer - Failing test:
 Base64 base64_0 = new Base64();

[MASTER] 14:28:17.623 [logback-1] WARN  JUnitAnalyzer - EvoSuite problem: tests set up a security manager, but they do not remove it after execution
[MASTER] 14:28:17.623 [logback-1] WARN  JUnitAnalyzer - Found unstable test named test0 -> class java.lang.AssertionError: Expecting exception: IllegalArgumentException
[MASTER] 14:28:17.624 [logback-1] WARN  JUnitAnalyzer - Failing test:
 byte[] byteArray0 = Base64.CHUNK_SEPARATOR;
byte[] byteArray1 = new byte[5];
byteArray1[0] = (byte) (-67);
byteArray1[1] = (byte)89;
byte[] byteArray2 = new byte[7];
byteArray2[0] = (byte)10;
byteArray2[1] = (byte) (-67);
byteArray2[2] = (byte)89;
byteArray2[3] = (byte) (-67);
byteArray2[4] = (byte) (-67);
byteArray2[5] = (byte)0;
byteArray2[6] = (byte)0;
Base64.isBase64(byteArray2);
Base64.isBase64("org.apache.commons.codec.binary.StringUtils");
Base64 base64_0 = new Base64((byte)10, byteArray0, false);

[MASTER] 14:28:17.657 [logback-1] WARN  JUnitAnalyzer - EvoSuite problem: tests set up a security manager, but they do not remove it after execution
[MASTER] 14:28:17.658 [logback-1] WARN  JUnitAnalyzer - Found unstable test named test0 -> class java.lang.AssertionError: Expecting exception: IllegalArgumentException
[MASTER] 14:28:17.658 [logback-1] WARN  JUnitAnalyzer - Failing test:
 byte[] byteArray0 = Base64.CHUNK_SEPARATOR;
byte[] byteArray1 = new byte[5];
byteArray1[1] = (byte)89;
byte[] byteArray2 = new byte[7];
byteArray2[0] = (byte)10;
Base64 base64_0 = new Base64((byte)89, byteArray0, true);

[MASTER] 14:28:17.683 [logback-1] WARN  JUnitAnalyzer - EvoSuite problem: tests set up a security manager, but they do not remove it after execution
[MASTER] 14:28:17.683 [logback-1] WARN  JUnitAnalyzer - Found unstable test named test0 -> class java.lang.AssertionError: Expecting exception: IllegalArgumentException
[MASTER] 14:28:17.683 [logback-1] WARN  JUnitAnalyzer - Failing test:
 byte[] byteArray0 = new byte[9];
byteArray0[1] = (byte)0;
byteArray0[2] = (byte)0;
byteArray0[3] = (byte) (-33);
byteArray0[4] = (byte) (-1);
byteArray0[5] = (byte)76;
byteArray0[6] = (byte) (-85);
byteArray0[5] = (byte)32;
Base64 base64_0 = new Base64((-1125), byteArray0, true);
base64_0.readResults(byteArray0, (byte) (-33), (byte)76);
Base64.isBase64((byte)0);
Base64.encodeBase64(byteArray0, true, false, (int) (byte)62);

[MASTER] 14:28:17.714 [logback-1] WARN  JUnitAnalyzer - EvoSuite problem: tests set up a security manager, but they do not remove it after execution
[MASTER] 14:28:17.714 [logback-1] WARN  JUnitAnalyzer - Found unstable test named test0 -> class java.lang.AssertionError: Expecting exception: IllegalArgumentException
[MASTER] 14:28:17.715 [logback-1] WARN  JUnitAnalyzer - Failing test:
 BigInteger bigInteger0 = BigInteger.ONE;
BigInteger bigInteger1 = BigInteger.TEN;
bigInteger1.remainder(bigInteger0);
bigInteger1.nextProbablePrime();
bigInteger1.byteValueExact();
bigInteger1.xor(bigInteger0);
bigInteger0.subtract(bigInteger1);
Base64.toIntegerBytes(bigInteger0);
Base64 base64_0 = new Base64(104);

[MASTER] 14:28:17.748 [logback-1] WARN  JUnitAnalyzer - EvoSuite problem: tests set up a security manager, but they do not remove it after execution
[MASTER] 14:28:17.748 [logback-1] WARN  JUnitAnalyzer - Found unstable test named test0 -> class java.lang.AssertionError: Expecting exception: IllegalArgumentException
[MASTER] 14:28:17.749 [logback-1] WARN  JUnitAnalyzer - Failing test:
 BigInteger bigInteger0 = BigInteger.ZERO;
Base64.encodeInteger(bigInteger0);
Base64 base64_0 = new Base64(533);

[MASTER] 14:28:17.804 [logback-1] WARN  JUnitAnalyzer - EvoSuite problem: tests set up a security manager, but they do not remove it after execution
[MASTER] 14:28:17.806 [logback-1] WARN  JUnitAnalyzer - Found unstable test named test0 -> class java.lang.AssertionError: Expecting exception: IllegalArgumentException
[MASTER] 14:28:17.806 [logback-1] WARN  JUnitAnalyzer - Failing test:
 Base64 base64_0 = new Base64();

[MASTER] 14:28:17.867 [logback-1] WARN  JUnitAnalyzer - EvoSuite problem: tests set up a security manager, but they do not remove it after execution
[MASTER] 14:28:17.867 [logback-1] WARN  JUnitAnalyzer - Found unstable test named test0 -> class java.lang.AssertionError: Expecting exception: IllegalArgumentException
[MASTER] 14:28:17.867 [logback-1] WARN  JUnitAnalyzer - Failing test:
 Base64 base64_0 = new Base64();

[MASTER] 14:28:17.902 [logback-1] WARN  JUnitAnalyzer - EvoSuite problem: tests set up a security manager, but they do not remove it after execution
[MASTER] 14:28:17.902 [logback-1] WARN  JUnitAnalyzer - Found unstable test named test0 -> class java.lang.AssertionError: Expecting exception: IllegalArgumentException
[MASTER] 14:28:17.902 [logback-1] WARN  JUnitAnalyzer - Failing test:
 byte[] byteArray0 = new byte[9];
byte byte0 = (byte)0;
byteArray0[5] = (byte)0;
Base64 base64_0 = new Base64((-1462));

[MASTER] 14:28:17.931 [logback-1] WARN  JUnitAnalyzer - EvoSuite problem: tests set up a security manager, but they do not remove it after execution
[MASTER] 14:28:17.931 [logback-1] WARN  JUnitAnalyzer - Found unstable test named test0 -> class java.lang.AssertionError: Expecting exception: IllegalArgumentException
[MASTER] 14:28:17.931 [logback-1] WARN  JUnitAnalyzer - Failing test:
 Base64 base64_0 = new Base64();

[MASTER] 14:28:17.958 [logback-1] WARN  JUnitAnalyzer - EvoSuite problem: tests set up a security manager, but they do not remove it after execution
[MASTER] 14:28:17.958 [logback-1] WARN  JUnitAnalyzer - Found unstable test named test0 -> class java.lang.AssertionError: Expecting exception: IllegalArgumentException
[MASTER] 14:28:17.958 [logback-1] WARN  JUnitAnalyzer - Failing test:
 byte[] byteArray0 = new byte[5];
byteArray0[0] = (byte) (-96);
byteArray0[1] = (byte)97;
Base64.encodeBase64String(byteArray0);

[MASTER] 14:28:17.986 [logback-1] WARN  JUnitAnalyzer - EvoSuite problem: tests set up a security manager, but they do not remove it after execution
[MASTER] 14:28:17.986 [logback-1] WARN  JUnitAnalyzer - Found unstable test named test0 -> class java.lang.AssertionError: Expecting exception: IllegalArgumentException
[MASTER] 14:28:17.986 [logback-1] WARN  JUnitAnalyzer - Failing test:
 byte[] byteArray0 = new byte[9];
byteArray0[1] = (byte)0;
Base64.encodeBase64(byteArray0, false, true);

[MASTER] 14:28:18.012 [logback-1] WARN  JUnitAnalyzer - EvoSuite problem: tests set up a security manager, but they do not remove it after execution
[MASTER] 14:28:18.012 [logback-1] WARN  JUnitAnalyzer - Found unstable test named test0 -> class java.lang.AssertionError: Expecting exception: IllegalArgumentException
[MASTER] 14:28:18.012 [logback-1] WARN  JUnitAnalyzer - Failing test:
 Base64 base64_0 = new Base64();

[MASTER] 14:28:18.033 [logback-1] WARN  JUnitAnalyzer - EvoSuite problem: tests set up a security manager, but they do not remove it after execution
[MASTER] 14:28:18.033 [logback-1] WARN  JUnitAnalyzer - Found unstable test named test0 -> class java.lang.AssertionError: Expecting exception: IllegalArgumentException
[MASTER] 14:28:18.033 [logback-1] WARN  JUnitAnalyzer - Failing test:
 byte[] byteArray0 = new byte[9];
byteArray0[1] = (byte)0;
byteArray0[2] = (byte)0;
Base64.encodeBase64URLSafeString(byteArray0);

[MASTER] 14:28:18.055 [logback-1] WARN  JUnitAnalyzer - EvoSuite problem: tests set up a security manager, but they do not remove it after execution
[MASTER] 14:28:18.055 [logback-1] WARN  JUnitAnalyzer - Found unstable test named test0 -> class java.lang.AssertionError: Expecting exception: IllegalArgumentException
[MASTER] 14:28:18.055 [logback-1] WARN  JUnitAnalyzer - Failing test:
 byte byte0 = (byte)97;
byte[] byteArray0 = new byte[5];
byteArray0[0] = (byte) (-59);
byteArray0[1] = (byte)97;
Base64.encodeBase64String(byteArray0);

[MASTER] 14:28:18.076 [logback-1] WARN  JUnitAnalyzer - EvoSuite problem: tests set up a security manager, but they do not remove it after execution
[MASTER] 14:28:18.076 [logback-1] WARN  JUnitAnalyzer - Found unstable test named test0 -> class java.lang.AssertionError: Expecting exception: IllegalArgumentException
[MASTER] 14:28:18.076 [logback-1] WARN  JUnitAnalyzer - Failing test:
 Base64.decodeBase64("c{b\"Yy/uB*a'");

[MASTER] 14:28:18.096 [logback-1] WARN  JUnitAnalyzer - EvoSuite problem: tests set up a security manager, but they do not remove it after execution
[MASTER] 14:28:18.096 [logback-1] WARN  JUnitAnalyzer - Found unstable test named test0 -> class java.lang.AssertionError: Expecting exception: IllegalArgumentException
[MASTER] 14:28:18.096 [logback-1] WARN  JUnitAnalyzer - Failing test:
 Base64.decodeBase64("");

[MASTER] 14:28:18.119 [logback-1] WARN  JUnitAnalyzer - EvoSuite problem: tests set up a security manager, but they do not remove it after execution
[MASTER] 14:28:18.120 [logback-1] WARN  JUnitAnalyzer - Found unstable test named test0 -> class java.lang.AssertionError: Expecting exception: IllegalArgumentException
[MASTER] 14:28:18.120 [logback-1] WARN  JUnitAnalyzer - Failing test:
 Base64 base64_0 = new Base64();

[MASTER] 14:28:18.145 [logback-1] WARN  JUnitAnalyzer - EvoSuite problem: tests set up a security manager, but they do not remove it after execution
[MASTER] 14:28:18.145 [logback-1] WARN  JUnitAnalyzer - Found unstable test named test0 -> class java.lang.AssertionError: Expecting exception: IllegalArgumentException
[MASTER] 14:28:18.145 [logback-1] WARN  JUnitAnalyzer - Failing test:
 byte[] byteArray0 = new byte[9];
byteArray0[1] = (byte)0;
Base64.encodeBase64URLSafeString(byteArray0);

[MASTER] 14:28:18.167 [logback-1] WARN  JUnitAnalyzer - EvoSuite problem: tests set up a security manager, but they do not remove it after execution
[MASTER] 14:28:18.167 [logback-1] WARN  JUnitAnalyzer - Found unstable test named test0 -> class java.lang.AssertionError: Expecting exception: IllegalArgumentException
[MASTER] 14:28:18.167 [logback-1] WARN  JUnitAnalyzer - Failing test:
 Base64 base64_0 = new Base64();

[MASTER] 14:28:18.189 [logback-1] WARN  JUnitAnalyzer - EvoSuite problem: tests set up a security manager, but they do not remove it after execution
[MASTER] 14:28:18.189 [logback-1] WARN  JUnitAnalyzer - Found unstable test named test0 -> class java.lang.AssertionError: Expecting exception: IllegalArgumentException
[MASTER] 14:28:18.189 [logback-1] WARN  JUnitAnalyzer - Failing test:
 byte[] byteArray0 = new byte[0];
Base64 base64_0 = new Base64(533);

[MASTER] 14:28:18.215 [logback-1] WARN  JUnitAnalyzer - EvoSuite problem: tests set up a security manager, but they do not remove it after execution
[MASTER] 14:28:18.216 [logback-1] WARN  JUnitAnalyzer - Found unstable test named test0 -> class java.lang.AssertionError: Expecting exception: IllegalArgumentException
[MASTER] 14:28:18.216 [logback-1] WARN  JUnitAnalyzer - Failing test:
 Base64 base64_0 = new Base64();

[MASTER] 14:28:18.243 [logback-1] WARN  JUnitAnalyzer - EvoSuite problem: tests set up a security manager, but they do not remove it after execution
[MASTER] 14:28:18.243 [logback-1] WARN  JUnitAnalyzer - Found unstable test named test0 -> class java.lang.AssertionError: Expecting exception: IllegalArgumentException
[MASTER] 14:28:18.243 [logback-1] WARN  JUnitAnalyzer - Failing test:
 Base64 base64_0 = new Base64();

[MASTER] 14:28:18.271 [logback-1] WARN  JUnitAnalyzer - EvoSuite problem: tests set up a security manager, but they do not remove it after execution
[MASTER] 14:28:18.271 [logback-1] WARN  JUnitAnalyzer - Found unstable test named test0 -> class java.lang.AssertionError: Expecting exception: IllegalArgumentException
[MASTER] 14:28:18.271 [logback-1] WARN  JUnitAnalyzer - Failing test:
 Base64 base64_0 = new Base64();

[MASTER] 14:28:18.294 [logback-1] WARN  JUnitAnalyzer - EvoSuite problem: tests set up a security manager, but they do not remove it after execution
[MASTER] 14:28:18.294 [logback-1] WARN  JUnitAnalyzer - Found unstable test named test0 -> class java.lang.AssertionError: Expecting exception: IllegalArgumentException
[MASTER] 14:28:18.294 [logback-1] WARN  JUnitAnalyzer - Failing test:
 byte[] byteArray0 = new byte[9];
byteArray0[1] = (byte)0;
byteArray0[2] = (byte)0;
byteArray0[3] = (byte)0;
byteArray0[4] = (byte)0;
boolean boolean0 = true;
Base64 base64_0 = new Base64(true);

[MASTER] 14:28:18.327 [logback-1] WARN  JUnitAnalyzer - EvoSuite problem: tests set up a security manager, but they do not remove it after execution
[MASTER] 14:28:18.328 [logback-1] WARN  JUnitAnalyzer - Found unstable test named test0 -> class java.lang.AssertionError: Expecting exception: IllegalArgumentException
[MASTER] 14:28:18.328 [logback-1] WARN  JUnitAnalyzer - Failing test:
 byte[] byteArray0 = new byte[9];
Base64 base64_0 = new Base64((-1886));

[MASTER] 14:28:18.353 [logback-1] WARN  JUnitAnalyzer - EvoSuite problem: tests set up a security manager, but they do not remove it after execution
[MASTER] 14:28:18.353 [logback-1] WARN  JUnitAnalyzer - Found unstable test named test0 -> class java.lang.AssertionError: Expecting exception: IllegalArgumentException
[MASTER] 14:28:18.353 [logback-1] WARN  JUnitAnalyzer - Failing test:
 byte[] byteArray0 = new byte[9];
byteArray0[2] = (byte)0;
Base64 base64_0 = new Base64((byte)0);

[MASTER] 14:28:18.377 [logback-1] WARN  JUnitAnalyzer - EvoSuite problem: tests set up a security manager, but they do not remove it after execution
[MASTER] 14:28:18.377 [logback-1] WARN  JUnitAnalyzer - Found unstable test named test0 -> class java.lang.AssertionError: Expecting exception: IllegalArgumentException
[MASTER] 14:28:18.377 [logback-1] WARN  JUnitAnalyzer - Failing test:
 byte[] byteArray0 = new byte[9];
byteArray0[0] = (byte) (-120);
byteArray0[1] = (byte) (-106);
byteArray0[2] = (byte)1;
byteArray0[3] = (byte) (-79);
byteArray0[4] = (byte)119;
byteArray0[5] = (byte)84;
byteArray0[6] = (byte) (-18);
byteArray0[7] = (byte)62;
byteArray0[8] = (byte)69;
Base64.decodeInteger(byteArray0);

[MASTER] 14:28:18.403 [logback-1] WARN  JUnitAnalyzer - EvoSuite problem: tests set up a security manager, but they do not remove it after execution
[MASTER] 14:28:18.403 [logback-1] WARN  JUnitAnalyzer - Found unstable test named test0 -> class java.lang.AssertionError: Expecting exception: IllegalArgumentException
[MASTER] 14:28:18.403 [logback-1] WARN  JUnitAnalyzer - Failing test:
 byte[] byteArray0 = Base64.CHUNK_SEPARATOR;
BigInteger bigInteger0 = BigInteger.valueOf(137L);
Base64.encodeInteger(bigInteger0);

[MASTER] 14:28:18.430 [logback-1] WARN  JUnitAnalyzer - EvoSuite problem: tests set up a security manager, but they do not remove it after execution
[MASTER] 14:28:18.460 [logback-1] WARN  JUnitAnalyzer - EvoSuite problem: tests set up a security manager, but they do not remove it after execution
[MASTER] 14:28:18.460 [logback-1] WARN  JUnitAnalyzer - Found unstable test named test0 -> class java.lang.AssertionError: Expecting exception: IllegalArgumentException
[MASTER] 14:28:18.460 [logback-1] WARN  JUnitAnalyzer - Failing test:
 MockRandom mockRandom0 = new MockRandom();
BigInteger bigInteger0 = new BigInteger(30, (-2119), mockRandom0);
Base64 base64_0 = new Base64(0);

[MASTER] 14:28:18.488 [logback-1] WARN  JUnitAnalyzer - EvoSuite problem: tests set up a security manager, but they do not remove it after execution
[MASTER] 14:28:18.488 [logback-1] WARN  JUnitAnalyzer - Found unstable test named test0 -> class java.lang.AssertionError: Expecting exception: IllegalArgumentException
[MASTER] 14:28:18.488 [logback-1] WARN  JUnitAnalyzer - Failing test:
 BigInteger bigInteger0 = BigInteger.ZERO;
MockRandom mockRandom0 = new MockRandom();
byte[] byteArray0 = new byte[7];
byteArray0[0] = (byte)126;
byteArray0[1] = (byte)126;
byteArray0[2] = (byte)126;
byteArray0[3] = (byte)126;
byteArray0[4] = (byte)126;
byteArray0[5] = (byte)126;
byteArray0[6] = (byte)126;
Base64.encodeBase64String(byteArray0);

[MASTER] 14:28:19.282 [logback-1] WARN  JUnitAnalyzer - EvoSuite problem: tests set up a security manager, but they do not remove it after execution
[MASTER] 14:28:19.282 [logback-1] WARN  JUnitAnalyzer - Found unstable test named test0 -> class java.lang.AssertionError: Expecting exception: IllegalArgumentException
[MASTER] 14:28:19.282 [logback-1] WARN  JUnitAnalyzer - Failing test:
 BigInteger bigInteger0 = BigInteger.ZERO;
MockRandom mockRandom0 = new MockRandom();
BigInteger bigInteger1 = new BigInteger(4124, (-2119), mockRandom0);
Base64 base64_0 = new Base64((-2119));

[MASTER] 14:28:20.177 [logback-1] WARN  JUnitAnalyzer - EvoSuite problem: tests set up a security manager, but they do not remove it after execution
[MASTER] 14:28:20.177 [logback-1] WARN  JUnitAnalyzer - Found unstable test named test0 -> class java.lang.AssertionError: Expecting exception: IllegalArgumentException
[MASTER] 14:28:20.178 [logback-1] WARN  JUnitAnalyzer - Failing test:
 BigInteger bigInteger0 = BigInteger.ZERO;
MockRandom mockRandom0 = new MockRandom();
BigInteger bigInteger1 = new BigInteger(4124, (-2119), mockRandom0);
Base64 base64_0 = new Base64((-2119));

[MASTER] 14:28:21.224 [logback-1] WARN  JUnitAnalyzer - EvoSuite problem: tests set up a security manager, but they do not remove it after execution
[MASTER] 14:28:21.225 [logback-1] WARN  JUnitAnalyzer - Found unstable test named test0 -> class java.lang.AssertionError: Expecting exception: IllegalArgumentException
[MASTER] 14:28:21.225 [logback-1] WARN  JUnitAnalyzer - Failing test:
 BigInteger bigInteger0 = BigInteger.ZERO;
MockRandom mockRandom0 = new MockRandom();
BigInteger bigInteger1 = new BigInteger(4124, 4124, mockRandom0);
Base64 base64_0 = new Base64(4124);

[MASTER] 14:28:21.258 [logback-1] WARN  JUnitAnalyzer - EvoSuite problem: tests set up a security manager, but they do not remove it after execution
[MASTER] 14:28:21.258 [logback-1] WARN  JUnitAnalyzer - Found unstable test named test0 -> class java.lang.AssertionError: Expecting exception: IllegalArgumentException
[MASTER] 14:28:21.259 [logback-1] WARN  JUnitAnalyzer - Failing test:
 BigInteger bigInteger0 = BigInteger.ONE;
BigInteger bigInteger1 = BigInteger.TEN;
bigInteger1.remainder(bigInteger0);
bigInteger1.nextProbablePrime();
bigInteger1.byteValueExact();
bigInteger1.toByteArray();
bigInteger1.xor(bigInteger0);
bigInteger0.subtract(bigInteger1);
Base64.toIntegerBytes(bigInteger0);
Base64 base64_0 = new Base64(104);

[MASTER] 14:28:22.159 [logback-1] WARN  JUnitAnalyzer - EvoSuite problem: tests set up a security manager, but they do not remove it after execution
[MASTER] 14:28:22.159 [logback-1] WARN  JUnitAnalyzer - Found unstable test named test0 -> class java.lang.AssertionError: Expecting exception: IllegalArgumentException
[MASTER] 14:28:22.159 [logback-1] WARN  JUnitAnalyzer - Failing test:
 MockRandom mockRandom0 = new MockRandom();
BigInteger bigInteger0 = new BigInteger(4124, 4124, mockRandom0);
bigInteger0.toString(1817);
Base64.encodeInteger(bigInteger0);

[MASTER] 14:28:23.051 [logback-1] WARN  JUnitAnalyzer - EvoSuite problem: tests set up a security manager, but they do not remove it after execution
[MASTER] 14:28:23.052 [logback-1] WARN  JUnitAnalyzer - Found unstable test named test0 -> class java.lang.AssertionError: Expecting exception: IllegalArgumentException
[MASTER] 14:28:23.052 [logback-1] WARN  JUnitAnalyzer - Failing test:
 MockRandom mockRandom0 = new MockRandom();
BigInteger bigInteger0 = new BigInteger(4124, 4124, mockRandom0);
Base64.encodeInteger(bigInteger0);

[MASTER] 14:28:24.886 [logback-1] WARN  JUnitAnalyzer - EvoSuite problem: tests set up a security manager, but they do not remove it after execution
[MASTER] 14:28:24.886 [logback-1] WARN  JUnitAnalyzer - Found unstable test named test0 -> class java.lang.AssertionError: Expecting exception: IllegalArgumentException
[MASTER] 14:28:24.886 [logback-1] WARN  JUnitAnalyzer - Failing test:
 MockRandom mockRandom0 = new MockRandom();
BigInteger bigInteger0 = new BigInteger(4124, 4124, mockRandom0);
mockRandom0.doubles(225.1, (double) 4124);
BigInteger bigInteger1 = new BigInteger(1817, 4124, mockRandom0);
bigInteger1.toString((-161));
Base64.encodeInteger(bigInteger1);

[MASTER] 14:28:25.808 [logback-1] WARN  JUnitAnalyzer - EvoSuite problem: tests set up a security manager, but they do not remove it after execution
[MASTER] 14:28:25.808 [logback-1] WARN  JUnitAnalyzer - Found unstable test named test0 -> class java.lang.AssertionError: Expecting exception: IllegalArgumentException
[MASTER] 14:28:25.808 [logback-1] WARN  JUnitAnalyzer - Failing test:
 MockRandom mockRandom0 = new MockRandom();
BigInteger bigInteger0 = new BigInteger(4124, 4124, mockRandom0);
Base64.encodeInteger(bigInteger0);

[MASTER] 14:28:26.694 [logback-1] WARN  JUnitAnalyzer - EvoSuite problem: tests set up a security manager, but they do not remove it after execution
[MASTER] 14:28:26.695 [logback-1] WARN  JUnitAnalyzer - Found unstable test named test0 -> class java.lang.AssertionError: Expecting exception: IllegalArgumentException
[MASTER] 14:28:26.695 [logback-1] WARN  JUnitAnalyzer - Failing test:
 MockRandom mockRandom0 = new MockRandom();
BigInteger bigInteger0 = new BigInteger(4124, 4124, mockRandom0);
Base64.encodeInteger(bigInteger0);

[MASTER] 14:28:34.621 [logback-1] WARN  JUnitAnalyzer - EvoSuite problem: tests set up a security manager, but they do not remove it after execution
[MASTER] 14:28:42.689 [logback-1] WARN  JUnitAnalyzer - EvoSuite problem: tests set up a security manager, but they do not remove it after execution
* Writing tests to file
* Writing JUnit test case 'Base64_ESTest' to results/Codec-9/org.apache.commons.codec.binary.Base64/BBC-F0-100/tests/27
* Done!

* Computation finished
