JUnit version 4.12
.E.E.E.E.E.E..E.E.E.E.E.E..E.E.E.E.E.E.E.E.E.E.E.E.E.E.E.E.............E..E..E..E.E.E.E.E...E..E..E.E.E.E.E.E.E.E.E..E.E....E....E...E....E.E..E..E.E..E..E....E...E..E...E.........E..E..E..E.E...E.E..E..E.E.E.E.E.E.E.E.E..E....E...E.E..E..E..E..E.E.E.
Time: 4.583
There were 90 failures:
1) test044(org.apache.commons.collections4.IteratorUtils_ESTest)
org.evosuite.runtime.mock.java.lang.MockNullPointerException: Iterator must not be null
	at org.apache.commons.collections4.iterators.CollatingIterator.addIterator(CollatingIterator.java:174)
	at org.apache.commons.collections4.iterators.CollatingIterator.<init>(CollatingIterator.java:137)
	at org.apache.commons.collections4.IteratorUtils.collatedIterator(IteratorUtils.java:626)
	at org.apache.commons.collections4.IteratorUtils_ESTest.test044(IteratorUtils_ESTest.java:711)
	at sun.reflect.NativeMethodAccessorImpl.invoke0(Native Method)
	at sun.reflect.NativeMethodAccessorImpl.invoke(NativeMethodAccessorImpl.java:62)
	at sun.reflect.DelegatingMethodAccessorImpl.invoke(DelegatingMethodAccessorImpl.java:43)
	at java.lang.reflect.Method.invoke(Method.java:498)
	at org.junit.runners.model.FrameworkMethod$1.runReflectiveCall(FrameworkMethod.java:50)
	at org.junit.internal.runners.model.ReflectiveCallable.run(ReflectiveCallable.java:12)
	at org.junit.runners.model.FrameworkMethod.invokeExplosively(FrameworkMethod.java:47)
	at org.junit.internal.runners.statements.InvokeMethod.evaluate(InvokeMethod.java:17)
	at org.junit.internal.runners.statements.FailOnTimeout$CallableStatement.call(FailOnTimeout.java:298)
	at org.junit.internal.runners.statements.FailOnTimeout$CallableStatement.call(FailOnTimeout.java:292)
	at java.util.concurrent.FutureTask.run(FutureTask.java:266)
	at java.lang.Thread.run(Thread.java:748)
2) test045(org.apache.commons.collections4.IteratorUtils_ESTest)
org.evosuite.runtime.mock.java.lang.MockNullPointerException: Iterator must not be null
	at org.apache.commons.collections4.iterators.IteratorChain.addIterator(IteratorChain.java:162)
	at org.apache.commons.collections4.iterators.IteratorChain.<init>(IteratorChain.java:128)
	at org.apache.commons.collections4.IteratorUtils.chainedIterator(IteratorUtils.java:566)
	at org.apache.commons.collections4.IteratorUtils_ESTest.test045(IteratorUtils_ESTest.java:727)
	at sun.reflect.NativeMethodAccessorImpl.invoke0(Native Method)
	at sun.reflect.NativeMethodAccessorImpl.invoke(NativeMethodAccessorImpl.java:62)
	at sun.reflect.DelegatingMethodAccessorImpl.invoke(DelegatingMethodAccessorImpl.java:43)
	at java.lang.reflect.Method.invoke(Method.java:498)
	at org.junit.runners.model.FrameworkMethod$1.runReflectiveCall(FrameworkMethod.java:50)
	at org.junit.internal.runners.model.ReflectiveCallable.run(ReflectiveCallable.java:12)
	at org.junit.runners.model.FrameworkMethod.invokeExplosively(FrameworkMethod.java:47)
	at org.junit.internal.runners.statements.InvokeMethod.evaluate(InvokeMethod.java:17)
	at org.junit.internal.runners.statements.FailOnTimeout$CallableStatement.call(FailOnTimeout.java:298)
	at org.junit.internal.runners.statements.FailOnTimeout$CallableStatement.call(FailOnTimeout.java:292)
	at java.util.concurrent.FutureTask.run(FutureTask.java:266)
	at java.lang.Thread.run(Thread.java:748)
3) test042(org.apache.commons.collections4.IteratorUtils_ESTest)
java.lang.NullPointerException
	at org.apache.commons.collections4.IteratorUtils.get(IteratorUtils.java:1379)
	at org.apache.commons.collections4.IteratorUtils_ESTest.test042(IteratorUtils_ESTest.java:677)
	at sun.reflect.NativeMethodAccessorImpl.invoke0(Native Method)
	at sun.reflect.NativeMethodAccessorImpl.invoke(NativeMethodAccessorImpl.java:62)
	at sun.reflect.DelegatingMethodAccessorImpl.invoke(DelegatingMethodAccessorImpl.java:43)
	at java.lang.reflect.Method.invoke(Method.java:498)
	at org.junit.runners.model.FrameworkMethod$1.runReflectiveCall(FrameworkMethod.java:50)
	at org.junit.internal.runners.model.ReflectiveCallable.run(ReflectiveCallable.java:12)
	at org.junit.runners.model.FrameworkMethod.invokeExplosively(FrameworkMethod.java:47)
	at org.junit.internal.runners.statements.InvokeMethod.evaluate(InvokeMethod.java:17)
	at org.junit.internal.runners.statements.FailOnTimeout$CallableStatement.call(FailOnTimeout.java:298)
	at org.junit.internal.runners.statements.FailOnTimeout$CallableStatement.call(FailOnTimeout.java:292)
	at java.util.concurrent.FutureTask.run(FutureTask.java:266)
	at java.lang.Thread.run(Thread.java:748)
4) test043(org.apache.commons.collections4.IteratorUtils_ESTest)
org.apache.commons.collections4.FunctorException: ExceptionPredicate invoked
	at org.apache.commons.collections4.functors.ExceptionPredicate.evaluate(ExceptionPredicate.java:66)
	at org.apache.commons.collections4.IteratorUtils.find(IteratorUtils.java:1268)
	at org.apache.commons.collections4.IteratorUtils_ESTest.test043(IteratorUtils_ESTest.java:695)
	at sun.reflect.NativeMethodAccessorImpl.invoke0(Native Method)
	at sun.reflect.NativeMethodAccessorImpl.invoke(NativeMethodAccessorImpl.java:62)
	at sun.reflect.DelegatingMethodAccessorImpl.invoke(DelegatingMethodAccessorImpl.java:43)
	at java.lang.reflect.Method.invoke(Method.java:498)
	at org.junit.runners.model.FrameworkMethod$1.runReflectiveCall(FrameworkMethod.java:50)
	at org.junit.internal.runners.model.ReflectiveCallable.run(ReflectiveCallable.java:12)
	at org.junit.runners.model.FrameworkMethod.invokeExplosively(FrameworkMethod.java:47)
	at org.junit.internal.runners.statements.InvokeMethod.evaluate(InvokeMethod.java:17)
	at org.junit.internal.runners.statements.FailOnTimeout$CallableStatement.call(FailOnTimeout.java:298)
	at org.junit.internal.runners.statements.FailOnTimeout$CallableStatement.call(FailOnTimeout.java:292)
	at java.util.concurrent.FutureTask.run(FutureTask.java:266)
	at java.lang.Thread.run(Thread.java:748)
5) test040(org.apache.commons.collections4.IteratorUtils_ESTest)
java.lang.NullPointerException
	at org.apache.commons.collections4.functors.OrPredicate.evaluate(OrPredicate.java:76)
	at org.apache.commons.collections4.IteratorUtils.matchesAll(IteratorUtils.java:1325)
	at org.apache.commons.collections4.IteratorUtils_ESTest.test040(IteratorUtils_ESTest.java:639)
	at sun.reflect.NativeMethodAccessorImpl.invoke0(Native Method)
	at sun.reflect.NativeMethodAccessorImpl.invoke(NativeMethodAccessorImpl.java:62)
	at sun.reflect.DelegatingMethodAccessorImpl.invoke(DelegatingMethodAccessorImpl.java:43)
	at java.lang.reflect.Method.invoke(Method.java:498)
	at org.junit.runners.model.FrameworkMethod$1.runReflectiveCall(FrameworkMethod.java:50)
	at org.junit.internal.runners.model.ReflectiveCallable.run(ReflectiveCallable.java:12)
	at org.junit.runners.model.FrameworkMethod.invokeExplosively(FrameworkMethod.java:47)
	at org.junit.internal.runners.statements.InvokeMethod.evaluate(InvokeMethod.java:17)
	at org.junit.internal.runners.statements.FailOnTimeout$CallableStatement.call(FailOnTimeout.java:298)
	at org.junit.internal.runners.statements.FailOnTimeout$CallableStatement.call(FailOnTimeout.java:292)
	at java.util.concurrent.FutureTask.run(FutureTask.java:266)
	at java.lang.Thread.run(Thread.java:748)
6) test041(org.apache.commons.collections4.IteratorUtils_ESTest)
org.apache.commons.collections4.FunctorException: InvokerTransformer: The method '8Z0!I&n|' on 'class org.apache.commons.collections4.functors.ExceptionTransformer' does not exist
	at org.apache.commons.collections4.functors.InvokerTransformer.transform(InvokerTransformer.java:132)
	at org.apache.commons.collections4.functors.IfTransformer.transform(IfTransformer.java:122)
	at org.apache.commons.collections4.iterators.ObjectGraphIterator.updateCurrentIterator(ObjectGraphIterator.java:147)
	at org.apache.commons.collections4.iterators.ObjectGraphIterator.hasNext(ObjectGraphIterator.java:209)
	at org.apache.commons.collections4.IteratorUtils.get(IteratorUtils.java:1379)
	at org.apache.commons.collections4.IteratorUtils_ESTest.test041(IteratorUtils_ESTest.java:662)
	at sun.reflect.NativeMethodAccessorImpl.invoke0(Native Method)
	at sun.reflect.NativeMethodAccessorImpl.invoke(NativeMethodAccessorImpl.java:62)
	at sun.reflect.DelegatingMethodAccessorImpl.invoke(DelegatingMethodAccessorImpl.java:43)
	at java.lang.reflect.Method.invoke(Method.java:498)
	at org.junit.runners.model.FrameworkMethod$1.runReflectiveCall(FrameworkMethod.java:50)
	at org.junit.internal.runners.model.ReflectiveCallable.run(ReflectiveCallable.java:12)
	at org.junit.runners.model.FrameworkMethod.invokeExplosively(FrameworkMethod.java:47)
	at org.junit.internal.runners.statements.InvokeMethod.evaluate(InvokeMethod.java:17)
	at org.junit.internal.runners.statements.FailOnTimeout$CallableStatement.call(FailOnTimeout.java:298)
	at org.junit.internal.runners.statements.FailOnTimeout$CallableStatement.call(FailOnTimeout.java:292)
	at java.util.concurrent.FutureTask.run(FutureTask.java:266)
	at java.lang.Thread.run(Thread.java:748)
7) test039(org.apache.commons.collections4.IteratorUtils_ESTest)
org.apache.commons.collections4.FunctorException: Transformer must return an instanceof Boolean, it was a null object
	at org.apache.commons.collections4.functors.TransformerPredicate.evaluate(TransformerPredicate.java:75)
	at org.apache.commons.collections4.IteratorUtils.matchesAll(IteratorUtils.java:1325)
	at org.apache.commons.collections4.IteratorUtils_ESTest.test039(IteratorUtils_ESTest.java:621)
	at sun.reflect.NativeMethodAccessorImpl.invoke0(Native Method)
	at sun.reflect.NativeMethodAccessorImpl.invoke(NativeMethodAccessorImpl.java:62)
	at sun.reflect.DelegatingMethodAccessorImpl.invoke(DelegatingMethodAccessorImpl.java:43)
	at java.lang.reflect.Method.invoke(Method.java:498)
	at org.junit.runners.model.FrameworkMethod$1.runReflectiveCall(FrameworkMethod.java:50)
	at org.junit.internal.runners.model.ReflectiveCallable.run(ReflectiveCallable.java:12)
	at org.junit.runners.model.FrameworkMethod.invokeExplosively(FrameworkMethod.java:47)
	at org.junit.internal.runners.statements.InvokeMethod.evaluate(InvokeMethod.java:17)
	at org.junit.internal.runners.statements.FailOnTimeout$CallableStatement.call(FailOnTimeout.java:298)
	at org.junit.internal.runners.statements.FailOnTimeout$CallableStatement.call(FailOnTimeout.java:292)
	at java.util.concurrent.FutureTask.run(FutureTask.java:266)
	at java.lang.Thread.run(Thread.java:748)
8) test037(org.apache.commons.collections4.IteratorUtils_ESTest)
org.apache.commons.collections4.FunctorException: InvokerTransformer: The method 'remove() method is not supported for an ObjectArrayIterator' on 'class java.sql.SQLTimeoutException' does not exist
	at org.apache.commons.collections4.functors.InvokerTransformer.transform(InvokerTransformer.java:132)
	at org.apache.commons.collections4.iterators.ObjectGraphIterator.updateCurrentIterator(ObjectGraphIterator.java:147)
	at org.apache.commons.collections4.iterators.ObjectGraphIterator.hasNext(ObjectGraphIterator.java:209)
	at org.apache.commons.collections4.IteratorUtils.size(IteratorUtils.java:1401)
	at org.apache.commons.collections4.IteratorUtils_ESTest.test037(IteratorUtils_ESTest.java:585)
	at sun.reflect.NativeMethodAccessorImpl.invoke0(Native Method)
	at sun.reflect.NativeMethodAccessorImpl.invoke(NativeMethodAccessorImpl.java:62)
	at sun.reflect.DelegatingMethodAccessorImpl.invoke(DelegatingMethodAccessorImpl.java:43)
	at java.lang.reflect.Method.invoke(Method.java:498)
	at org.junit.runners.model.FrameworkMethod$1.runReflectiveCall(FrameworkMethod.java:50)
	at org.junit.internal.runners.model.ReflectiveCallable.run(ReflectiveCallable.java:12)
	at org.junit.runners.model.FrameworkMethod.invokeExplosively(FrameworkMethod.java:47)
	at org.junit.internal.runners.statements.InvokeMethod.evaluate(InvokeMethod.java:17)
	at org.junit.internal.runners.statements.FailOnTimeout$CallableStatement.call(FailOnTimeout.java:298)
	at org.junit.internal.runners.statements.FailOnTimeout$CallableStatement.call(FailOnTimeout.java:292)
	at java.util.concurrent.FutureTask.run(FutureTask.java:266)
	at java.lang.Thread.run(Thread.java:748)
9) test158(org.apache.commons.collections4.IteratorUtils_ESTest)
org.evosuite.runtime.mock.java.lang.MockNullPointerException: Iterator must not be null
	at org.apache.commons.collections4.iterators.CollatingIterator.addIterator(CollatingIterator.java:174)
	at org.apache.commons.collections4.iterators.CollatingIterator.<init>(CollatingIterator.java:119)
	at org.apache.commons.collections4.IteratorUtils.collatedIterator(IteratorUtils.java:605)
	at org.apache.commons.collections4.IteratorUtils_ESTest.test158(IteratorUtils_ESTest.java:2193)
	at sun.reflect.NativeMethodAccessorImpl.invoke0(Native Method)
	at sun.reflect.NativeMethodAccessorImpl.invoke(NativeMethodAccessorImpl.java:62)
	at sun.reflect.DelegatingMethodAccessorImpl.invoke(DelegatingMethodAccessorImpl.java:43)
	at java.lang.reflect.Method.invoke(Method.java:498)
	at org.junit.runners.model.FrameworkMethod$1.runReflectiveCall(FrameworkMethod.java:50)
	at org.junit.internal.runners.model.ReflectiveCallable.run(ReflectiveCallable.java:12)
	at org.junit.runners.model.FrameworkMethod.invokeExplosively(FrameworkMethod.java:47)
	at org.junit.internal.runners.statements.InvokeMethod.evaluate(InvokeMethod.java:17)
	at org.junit.internal.runners.statements.FailOnTimeout$CallableStatement.call(FailOnTimeout.java:298)
	at org.junit.internal.runners.statements.FailOnTimeout$CallableStatement.call(FailOnTimeout.java:292)
	at java.util.concurrent.FutureTask.run(FutureTask.java:266)
	at java.lang.Thread.run(Thread.java:748)
10) test038(org.apache.commons.collections4.IteratorUtils_ESTest)
org.evosuite.runtime.mock.java.lang.MockIllegalArgumentException: Iterator must not be null
	at org.apache.commons.collections4.iterators.PeekingIterator.peekingIterator(PeekingIterator.java:60)
	at org.apache.commons.collections4.IteratorUtils.peekingIterator(IteratorUtils.java:883)
	at org.apache.commons.collections4.IteratorUtils_ESTest.test038(IteratorUtils_ESTest.java:600)
	at sun.reflect.NativeMethodAccessorImpl.invoke0(Native Method)
	at sun.reflect.NativeMethodAccessorImpl.invoke(NativeMethodAccessorImpl.java:62)
	at sun.reflect.DelegatingMethodAccessorImpl.invoke(DelegatingMethodAccessorImpl.java:43)
	at java.lang.reflect.Method.invoke(Method.java:498)
	at org.junit.runners.model.FrameworkMethod$1.runReflectiveCall(FrameworkMethod.java:50)
	at org.junit.internal.runners.model.ReflectiveCallable.run(ReflectiveCallable.java:12)
	at org.junit.runners.model.FrameworkMethod.invokeExplosively(FrameworkMethod.java:47)
	at org.junit.internal.runners.statements.InvokeMethod.evaluate(InvokeMethod.java:17)
	at org.junit.internal.runners.statements.FailOnTimeout$CallableStatement.call(FailOnTimeout.java:298)
	at org.junit.internal.runners.statements.FailOnTimeout$CallableStatement.call(FailOnTimeout.java:292)
	at java.util.concurrent.FutureTask.run(FutureTask.java:266)
	at java.lang.Thread.run(Thread.java:748)
11) test159(org.apache.commons.collections4.IteratorUtils_ESTest)
java.lang.NullPointerException
	at org.apache.commons.collections4.functors.OnePredicate.evaluate(OnePredicate.java:97)
	at org.apache.commons.collections4.iterators.FilterIterator.setNextObject(FilterIterator.java:176)
	at org.apache.commons.collections4.iterators.FilterIterator.hasNext(FilterIterator.java:86)
	at org.apache.commons.collections4.IteratorUtils.toList(IteratorUtils.java:1146)
	at org.apache.commons.collections4.IteratorUtils.toList(IteratorUtils.java:1122)
	at org.apache.commons.collections4.IteratorUtils_ESTest.test159(IteratorUtils_ESTest.java:2213)
	at sun.reflect.NativeMethodAccessorImpl.invoke0(Native Method)
	at sun.reflect.NativeMethodAccessorImpl.invoke(NativeMethodAccessorImpl.java:62)
	at sun.reflect.DelegatingMethodAccessorImpl.invoke(DelegatingMethodAccessorImpl.java:43)
	at java.lang.reflect.Method.invoke(Method.java:498)
	at org.junit.runners.model.FrameworkMethod$1.runReflectiveCall(FrameworkMethod.java:50)
	at org.junit.internal.runners.model.ReflectiveCallable.run(ReflectiveCallable.java:12)
	at org.junit.runners.model.FrameworkMethod.invokeExplosively(FrameworkMethod.java:47)
	at org.junit.internal.runners.statements.InvokeMethod.evaluate(InvokeMethod.java:17)
	at org.junit.internal.runners.statements.FailOnTimeout$CallableStatement.call(FailOnTimeout.java:298)
	at org.junit.internal.runners.statements.FailOnTimeout$CallableStatement.call(FailOnTimeout.java:292)
	at java.util.concurrent.FutureTask.run(FutureTask.java:266)
	at java.lang.Thread.run(Thread.java:748)
12) test035(org.apache.commons.collections4.IteratorUtils_ESTest)
java.util.ConcurrentModificationException
	at java.util.LinkedList$ListItr.checkForComodification(LinkedList.java:966)
	at java.util.LinkedList$ListItr.next(LinkedList.java:888)
	at org.apache.commons.collections4.iterators.LoopingIterator.next(LoopingIterator.java:90)
	at org.apache.commons.collections4.iterators.AbstractIteratorDecorator.next(AbstractIteratorDecorator.java:44)
	at org.apache.commons.collections4.iterators.SkippingIterator.next(SkippingIterator.java:74)
	at org.apache.commons.collections4.iterators.SkippingIterator.init(SkippingIterator.java:66)
	at org.apache.commons.collections4.iterators.SkippingIterator.<init>(SkippingIterator.java:58)
	at org.apache.commons.collections4.IteratorUtils.skippingIterator(IteratorUtils.java:915)
	at org.apache.commons.collections4.IteratorUtils_ESTest.test035(IteratorUtils_ESTest.java:551)
	at sun.reflect.NativeMethodAccessorImpl.invoke0(Native Method)
	at sun.reflect.NativeMethodAccessorImpl.invoke(NativeMethodAccessorImpl.java:62)
	at sun.reflect.DelegatingMethodAccessorImpl.invoke(DelegatingMethodAccessorImpl.java:43)
	at java.lang.reflect.Method.invoke(Method.java:498)
	at org.junit.runners.model.FrameworkMethod$1.runReflectiveCall(FrameworkMethod.java:50)
	at org.junit.internal.runners.model.ReflectiveCallable.run(ReflectiveCallable.java:12)
	at org.junit.runners.model.FrameworkMethod.invokeExplosively(FrameworkMethod.java:47)
	at org.junit.internal.runners.statements.InvokeMethod.evaluate(InvokeMethod.java:17)
	at org.junit.internal.runners.statements.FailOnTimeout$CallableStatement.call(FailOnTimeout.java:298)
	at org.junit.internal.runners.statements.FailOnTimeout$CallableStatement.call(FailOnTimeout.java:292)
	at java.util.concurrent.FutureTask.run(FutureTask.java:266)
	at java.lang.Thread.run(Thread.java:748)
13) test036(org.apache.commons.collections4.IteratorUtils_ESTest)
org.evosuite.runtime.mock.java.lang.MockIllegalArgumentException: Iterator must not be null
	at org.apache.commons.collections4.iterators.AbstractUntypedIteratorDecorator.<init>(AbstractUntypedIteratorDecorator.java:43)
	at org.apache.commons.collections4.iterators.AbstractIteratorDecorator.<init>(AbstractIteratorDecorator.java:39)
	at org.apache.commons.collections4.iterators.SkippingIterator.<init>(SkippingIterator.java:50)
	at org.apache.commons.collections4.IteratorUtils.skippingIterator(IteratorUtils.java:915)
	at org.apache.commons.collections4.IteratorUtils_ESTest.test036(IteratorUtils_ESTest.java:566)
	at sun.reflect.NativeMethodAccessorImpl.invoke0(Native Method)
	at sun.reflect.NativeMethodAccessorImpl.invoke(NativeMethodAccessorImpl.java:62)
	at sun.reflect.DelegatingMethodAccessorImpl.invoke(DelegatingMethodAccessorImpl.java:43)
	at java.lang.reflect.Method.invoke(Method.java:498)
	at org.junit.runners.model.FrameworkMethod$1.runReflectiveCall(FrameworkMethod.java:50)
	at org.junit.internal.runners.model.ReflectiveCallable.run(ReflectiveCallable.java:12)
	at org.junit.runners.model.FrameworkMethod.invokeExplosively(FrameworkMethod.java:47)
	at org.junit.internal.runners.statements.InvokeMethod.evaluate(InvokeMethod.java:17)
	at org.junit.internal.runners.statements.FailOnTimeout$CallableStatement.call(FailOnTimeout.java:298)
	at org.junit.internal.runners.statements.FailOnTimeout$CallableStatement.call(FailOnTimeout.java:292)
	at java.util.concurrent.FutureTask.run(FutureTask.java:266)
	at java.lang.Thread.run(Thread.java:748)
14) test157(org.apache.commons.collections4.IteratorUtils_ESTest)
java.lang.IllegalArgumentException: Argument is not an array
	at java.lang.reflect.Array.getLength(Native Method)
	at org.apache.commons.collections4.iterators.ArrayIterator.<init>(ArrayIterator.java:74)
	at org.apache.commons.collections4.IteratorUtils.arrayIterator(IteratorUtils.java:318)
	at org.apache.commons.collections4.IteratorUtils_ESTest.test157(IteratorUtils_ESTest.java:2177)
	at sun.reflect.NativeMethodAccessorImpl.invoke0(Native Method)
	at sun.reflect.NativeMethodAccessorImpl.invoke(NativeMethodAccessorImpl.java:62)
	at sun.reflect.DelegatingMethodAccessorImpl.invoke(DelegatingMethodAccessorImpl.java:43)
	at java.lang.reflect.Method.invoke(Method.java:498)
	at org.junit.runners.model.FrameworkMethod$1.runReflectiveCall(FrameworkMethod.java:50)
	at org.junit.internal.runners.model.ReflectiveCallable.run(ReflectiveCallable.java:12)
	at org.junit.runners.model.FrameworkMethod.invokeExplosively(FrameworkMethod.java:47)
	at org.junit.internal.runners.statements.InvokeMethod.evaluate(InvokeMethod.java:17)
	at org.junit.internal.runners.statements.FailOnTimeout$CallableStatement.call(FailOnTimeout.java:298)
	at org.junit.internal.runners.statements.FailOnTimeout$CallableStatement.call(FailOnTimeout.java:292)
	at java.util.concurrent.FutureTask.run(FutureTask.java:266)
	at java.lang.Thread.run(Thread.java:748)
15) test055(org.apache.commons.collections4.IteratorUtils_ESTest)
java.lang.IllegalArgumentException: Argument is not an array
	at java.lang.reflect.Array.getLength(Native Method)
	at org.apache.commons.collections4.iterators.ArrayIterator.<init>(ArrayIterator.java:74)
	at org.apache.commons.collections4.iterators.ArrayListIterator.<init>(ArrayListIterator.java:78)
	at org.apache.commons.collections4.IteratorUtils.arrayListIterator(IteratorUtils.java:417)
	at org.apache.commons.collections4.IteratorUtils_ESTest.test055(IteratorUtils_ESTest.java:888)
	at sun.reflect.NativeMethodAccessorImpl.invoke0(Native Method)
	at sun.reflect.NativeMethodAccessorImpl.invoke(NativeMethodAccessorImpl.java:62)
	at sun.reflect.DelegatingMethodAccessorImpl.invoke(DelegatingMethodAccessorImpl.java:43)
	at java.lang.reflect.Method.invoke(Method.java:498)
	at org.junit.runners.model.FrameworkMethod$1.runReflectiveCall(FrameworkMethod.java:50)
	at org.junit.internal.runners.model.ReflectiveCallable.run(ReflectiveCallable.java:12)
	at org.junit.runners.model.FrameworkMethod.invokeExplosively(FrameworkMethod.java:47)
	at org.junit.internal.runners.statements.InvokeMethod.evaluate(InvokeMethod.java:17)
	at org.junit.internal.runners.statements.FailOnTimeout$CallableStatement.call(FailOnTimeout.java:298)
	at org.junit.internal.runners.statements.FailOnTimeout$CallableStatement.call(FailOnTimeout.java:292)
	at java.util.concurrent.FutureTask.run(FutureTask.java:266)
	at java.lang.Thread.run(Thread.java:748)
16) test056(org.apache.commons.collections4.IteratorUtils_ESTest)
java.lang.IllegalArgumentException: Argument is not an array
	at java.lang.reflect.Array.getLength(Native Method)
	at org.apache.commons.collections4.iterators.ArrayIterator.<init>(ArrayIterator.java:74)
	at org.apache.commons.collections4.iterators.ArrayIterator.<init>(ArrayIterator.java:60)
	at org.apache.commons.collections4.iterators.ArrayListIterator.<init>(ArrayListIterator.java:64)
	at org.apache.commons.collections4.IteratorUtils.arrayListIterator(IteratorUtils.java:385)
	at org.apache.commons.collections4.IteratorUtils_ESTest.test056(IteratorUtils_ESTest.java:904)
	at sun.reflect.NativeMethodAccessorImpl.invoke0(Native Method)
	at sun.reflect.NativeMethodAccessorImpl.invoke(NativeMethodAccessorImpl.java:62)
	at sun.reflect.DelegatingMethodAccessorImpl.invoke(DelegatingMethodAccessorImpl.java:43)
	at java.lang.reflect.Method.invoke(Method.java:498)
	at org.junit.runners.model.FrameworkMethod$1.runReflectiveCall(FrameworkMethod.java:50)
	at org.junit.internal.runners.model.ReflectiveCallable.run(ReflectiveCallable.java:12)
	at org.junit.runners.model.FrameworkMethod.invokeExplosively(FrameworkMethod.java:47)
	at org.junit.internal.runners.statements.InvokeMethod.evaluate(InvokeMethod.java:17)
	at org.junit.internal.runners.statements.FailOnTimeout$CallableStatement.call(FailOnTimeout.java:298)
	at org.junit.internal.runners.statements.FailOnTimeout$CallableStatement.call(FailOnTimeout.java:292)
	at java.util.concurrent.FutureTask.run(FutureTask.java:266)
	at java.lang.Thread.run(Thread.java:748)
17) test053(org.apache.commons.collections4.IteratorUtils_ESTest)
org.evosuite.runtime.mock.java.lang.MockArrayIndexOutOfBoundsException: Start index must not be greater than the array length
	at org.apache.commons.collections4.iterators.ObjectArrayIterator.<init>(ObjectArrayIterator.java:91)
	at org.apache.commons.collections4.iterators.ObjectArrayIterator.<init>(ObjectArrayIterator.java:68)
	at org.apache.commons.collections4.iterators.ObjectArrayListIterator.<init>(ObjectArrayListIterator.java:72)
	at org.apache.commons.collections4.IteratorUtils.arrayListIterator(IteratorUtils.java:399)
	at org.apache.commons.collections4.IteratorUtils_ESTest.test053(IteratorUtils_ESTest.java:856)
	at sun.reflect.NativeMethodAccessorImpl.invoke0(Native Method)
	at sun.reflect.NativeMethodAccessorImpl.invoke(NativeMethodAccessorImpl.java:62)
	at sun.reflect.DelegatingMethodAccessorImpl.invoke(DelegatingMethodAccessorImpl.java:43)
	at java.lang.reflect.Method.invoke(Method.java:498)
	at org.junit.runners.model.FrameworkMethod$1.runReflectiveCall(FrameworkMethod.java:50)
	at org.junit.internal.runners.model.ReflectiveCallable.run(ReflectiveCallable.java:12)
	at org.junit.runners.model.FrameworkMethod.invokeExplosively(FrameworkMethod.java:47)
	at org.junit.internal.runners.statements.InvokeMethod.evaluate(InvokeMethod.java:17)
	at org.junit.internal.runners.statements.FailOnTimeout$CallableStatement.call(FailOnTimeout.java:298)
	at org.junit.internal.runners.statements.FailOnTimeout$CallableStatement.call(FailOnTimeout.java:292)
	at java.util.concurrent.FutureTask.run(FutureTask.java:266)
	at java.lang.Thread.run(Thread.java:748)
18) test054(org.apache.commons.collections4.IteratorUtils_ESTest)
java.lang.NullPointerException
	at org.apache.commons.collections4.iterators.ObjectArrayIterator.<init>(ObjectArrayIterator.java:55)
	at org.apache.commons.collections4.iterators.ObjectArrayListIterator.<init>(ObjectArrayListIterator.java:59)
	at org.apache.commons.collections4.IteratorUtils.arrayListIterator(IteratorUtils.java:369)
	at org.apache.commons.collections4.IteratorUtils_ESTest.test054(IteratorUtils_ESTest.java:871)
	at sun.reflect.NativeMethodAccessorImpl.invoke0(Native Method)
	at sun.reflect.NativeMethodAccessorImpl.invoke(NativeMethodAccessorImpl.java:62)
	at sun.reflect.DelegatingMethodAccessorImpl.invoke(DelegatingMethodAccessorImpl.java:43)
	at java.lang.reflect.Method.invoke(Method.java:498)
	at org.junit.runners.model.FrameworkMethod$1.runReflectiveCall(FrameworkMethod.java:50)
	at org.junit.internal.runners.model.ReflectiveCallable.run(ReflectiveCallable.java:12)
	at org.junit.runners.model.FrameworkMethod.invokeExplosively(FrameworkMethod.java:47)
	at org.junit.internal.runners.statements.InvokeMethod.evaluate(InvokeMethod.java:17)
	at org.junit.internal.runners.statements.FailOnTimeout$CallableStatement.call(FailOnTimeout.java:298)
	at org.junit.internal.runners.statements.FailOnTimeout$CallableStatement.call(FailOnTimeout.java:292)
	at java.util.concurrent.FutureTask.run(FutureTask.java:266)
	at java.lang.Thread.run(Thread.java:748)
19) test051(org.apache.commons.collections4.IteratorUtils_ESTest)
org.evosuite.runtime.mock.java.lang.MockArrayIndexOutOfBoundsException: Start index must not be less than zero
	at org.apache.commons.collections4.iterators.ObjectArrayIterator.<init>(ObjectArrayIterator.java:85)
	at org.apache.commons.collections4.iterators.ObjectArrayListIterator.<init>(ObjectArrayListIterator.java:87)
	at org.apache.commons.collections4.IteratorUtils.arrayListIterator(IteratorUtils.java:433)
	at org.apache.commons.collections4.IteratorUtils_ESTest.test051(IteratorUtils_ESTest.java:825)
	at sun.reflect.NativeMethodAccessorImpl.invoke0(Native Method)
	at sun.reflect.NativeMethodAccessorImpl.invoke(NativeMethodAccessorImpl.java:62)
	at sun.reflect.DelegatingMethodAccessorImpl.invoke(DelegatingMethodAccessorImpl.java:43)
	at java.lang.reflect.Method.invoke(Method.java:498)
	at org.junit.runners.model.FrameworkMethod$1.runReflectiveCall(FrameworkMethod.java:50)
	at org.junit.internal.runners.model.ReflectiveCallable.run(ReflectiveCallable.java:12)
	at org.junit.runners.model.FrameworkMethod.invokeExplosively(FrameworkMethod.java:47)
	at org.junit.internal.runners.statements.InvokeMethod.evaluate(InvokeMethod.java:17)
	at org.junit.internal.runners.statements.FailOnTimeout$CallableStatement.call(FailOnTimeout.java:298)
	at org.junit.internal.runners.statements.FailOnTimeout$CallableStatement.call(FailOnTimeout.java:292)
	at java.util.concurrent.FutureTask.run(FutureTask.java:266)
	at java.lang.Thread.run(Thread.java:748)
20) test052(org.apache.commons.collections4.IteratorUtils_ESTest)
java.lang.NullPointerException
	at org.apache.commons.collections4.iterators.ObjectArrayIterator.<init>(ObjectArrayIterator.java:68)
	at org.apache.commons.collections4.iterators.ObjectArrayListIterator.<init>(ObjectArrayListIterator.java:72)
	at org.apache.commons.collections4.IteratorUtils.arrayListIterator(IteratorUtils.java:399)
	at org.apache.commons.collections4.IteratorUtils_ESTest.test052(IteratorUtils_ESTest.java:840)
	at sun.reflect.NativeMethodAccessorImpl.invoke0(Native Method)
	at sun.reflect.NativeMethodAccessorImpl.invoke(NativeMethodAccessorImpl.java:62)
	at sun.reflect.DelegatingMethodAccessorImpl.invoke(DelegatingMethodAccessorImpl.java:43)
	at java.lang.reflect.Method.invoke(Method.java:498)
	at org.junit.runners.model.FrameworkMethod$1.runReflectiveCall(FrameworkMethod.java:50)
	at org.junit.internal.runners.model.ReflectiveCallable.run(ReflectiveCallable.java:12)
	at org.junit.runners.model.FrameworkMethod.invokeExplosively(FrameworkMethod.java:47)
	at org.junit.internal.runners.statements.InvokeMethod.evaluate(InvokeMethod.java:17)
	at org.junit.internal.runners.statements.FailOnTimeout$CallableStatement.call(FailOnTimeout.java:298)
	at org.junit.internal.runners.statements.FailOnTimeout$CallableStatement.call(FailOnTimeout.java:292)
	at java.util.concurrent.FutureTask.run(FutureTask.java:266)
	at java.lang.Thread.run(Thread.java:748)
21) test050(org.apache.commons.collections4.IteratorUtils_ESTest)
org.evosuite.runtime.mock.java.lang.MockIllegalArgumentException: End index must not be less than start index
	at org.apache.commons.collections4.iterators.ObjectArrayIterator.<init>(ObjectArrayIterator.java:94)
	at org.apache.commons.collections4.iterators.ObjectArrayListIterator.<init>(ObjectArrayListIterator.java:87)
	at org.apache.commons.collections4.IteratorUtils.arrayListIterator(IteratorUtils.java:433)
	at org.apache.commons.collections4.IteratorUtils_ESTest.test050(IteratorUtils_ESTest.java:809)
	at sun.reflect.NativeMethodAccessorImpl.invoke0(Native Method)
	at sun.reflect.NativeMethodAccessorImpl.invoke(NativeMethodAccessorImpl.java:62)
	at sun.reflect.DelegatingMethodAccessorImpl.invoke(DelegatingMethodAccessorImpl.java:43)
	at java.lang.reflect.Method.invoke(Method.java:498)
	at org.junit.runners.model.FrameworkMethod$1.runReflectiveCall(FrameworkMethod.java:50)
	at org.junit.internal.runners.model.ReflectiveCallable.run(ReflectiveCallable.java:12)
	at org.junit.runners.model.FrameworkMethod.invokeExplosively(FrameworkMethod.java:47)
	at org.junit.internal.runners.statements.InvokeMethod.evaluate(InvokeMethod.java:17)
	at org.junit.internal.runners.statements.FailOnTimeout$CallableStatement.call(FailOnTimeout.java:298)
	at org.junit.internal.runners.statements.FailOnTimeout$CallableStatement.call(FailOnTimeout.java:292)
	at java.util.concurrent.FutureTask.run(FutureTask.java:266)
	at java.lang.Thread.run(Thread.java:748)
22) test048(org.apache.commons.collections4.IteratorUtils_ESTest)
org.evosuite.runtime.mock.java.lang.MockIllegalArgumentException: Max parameter must not be negative.
	at org.apache.commons.collections4.iterators.BoundedIterator.<init>(BoundedIterator.java:70)
	at org.apache.commons.collections4.IteratorUtils.boundedIterator(IteratorUtils.java:490)
	at org.apache.commons.collections4.IteratorUtils.boundedIterator(IteratorUtils.java:469)
	at org.apache.commons.collections4.IteratorUtils_ESTest.test048(IteratorUtils_ESTest.java:778)
	at sun.reflect.NativeMethodAccessorImpl.invoke0(Native Method)
	at sun.reflect.NativeMethodAccessorImpl.invoke(NativeMethodAccessorImpl.java:62)
	at sun.reflect.DelegatingMethodAccessorImpl.invoke(DelegatingMethodAccessorImpl.java:43)
	at java.lang.reflect.Method.invoke(Method.java:498)
	at org.junit.runners.model.FrameworkMethod$1.runReflectiveCall(FrameworkMethod.java:50)
	at org.junit.internal.runners.model.ReflectiveCallable.run(ReflectiveCallable.java:12)
	at org.junit.runners.model.FrameworkMethod.invokeExplosively(FrameworkMethod.java:47)
	at org.junit.internal.runners.statements.InvokeMethod.evaluate(InvokeMethod.java:17)
	at org.junit.internal.runners.statements.FailOnTimeout$CallableStatement.call(FailOnTimeout.java:298)
	at org.junit.internal.runners.statements.FailOnTimeout$CallableStatement.call(FailOnTimeout.java:292)
	at java.util.concurrent.FutureTask.run(FutureTask.java:266)
	at java.lang.Thread.run(Thread.java:748)
23) test049(org.apache.commons.collections4.IteratorUtils_ESTest)
java.lang.NullPointerException
	at org.apache.commons.collections4.iterators.ObjectArrayIterator.<init>(ObjectArrayIterator.java:87)
	at org.apache.commons.collections4.iterators.ObjectArrayListIterator.<init>(ObjectArrayListIterator.java:87)
	at org.apache.commons.collections4.IteratorUtils.arrayListIterator(IteratorUtils.java:433)
	at org.apache.commons.collections4.IteratorUtils_ESTest.test049(IteratorUtils_ESTest.java:793)
	at sun.reflect.NativeMethodAccessorImpl.invoke0(Native Method)
	at sun.reflect.NativeMethodAccessorImpl.invoke(NativeMethodAccessorImpl.java:62)
	at sun.reflect.DelegatingMethodAccessorImpl.invoke(DelegatingMethodAccessorImpl.java:43)
	at java.lang.reflect.Method.invoke(Method.java:498)
	at org.junit.runners.model.FrameworkMethod$1.runReflectiveCall(FrameworkMethod.java:50)
	at org.junit.internal.runners.model.ReflectiveCallable.run(ReflectiveCallable.java:12)
	at org.junit.runners.model.FrameworkMethod.invokeExplosively(FrameworkMethod.java:47)
	at org.junit.internal.runners.statements.InvokeMethod.evaluate(InvokeMethod.java:17)
	at org.junit.internal.runners.statements.FailOnTimeout$CallableStatement.call(FailOnTimeout.java:298)
	at org.junit.internal.runners.statements.FailOnTimeout$CallableStatement.call(FailOnTimeout.java:292)
	at java.util.concurrent.FutureTask.run(FutureTask.java:266)
	at java.lang.Thread.run(Thread.java:748)
24) test046(org.apache.commons.collections4.IteratorUtils_ESTest)
java.util.ConcurrentModificationException
	at java.util.ArrayList$Itr.checkForComodification(ArrayList.java:911)
	at java.util.ArrayList$Itr.next(ArrayList.java:861)
	at org.apache.commons.collections4.iterators.LoopingListIterator.next(LoopingListIterator.java:93)
	at org.apache.commons.collections4.iterators.BoundedIterator.init(BoundedIterator.java:85)
	at org.apache.commons.collections4.iterators.BoundedIterator.<init>(BoundedIterator.java:77)
	at org.apache.commons.collections4.IteratorUtils.boundedIterator(IteratorUtils.java:490)
	at org.apache.commons.collections4.IteratorUtils_ESTest.test046(IteratorUtils_ESTest.java:746)
	at sun.reflect.NativeMethodAccessorImpl.invoke0(Native Method)
	at sun.reflect.NativeMethodAccessorImpl.invoke(NativeMethodAccessorImpl.java:62)
	at sun.reflect.DelegatingMethodAccessorImpl.invoke(DelegatingMethodAccessorImpl.java:43)
	at java.lang.reflect.Method.invoke(Method.java:498)
	at org.junit.runners.model.FrameworkMethod$1.runReflectiveCall(FrameworkMethod.java:50)
	at org.junit.internal.runners.model.ReflectiveCallable.run(ReflectiveCallable.java:12)
	at org.junit.runners.model.FrameworkMethod.invokeExplosively(FrameworkMethod.java:47)
	at org.junit.internal.runners.statements.InvokeMethod.evaluate(InvokeMethod.java:17)
	at org.junit.internal.runners.statements.FailOnTimeout$CallableStatement.call(FailOnTimeout.java:298)
	at org.junit.internal.runners.statements.FailOnTimeout$CallableStatement.call(FailOnTimeout.java:292)
	at java.util.concurrent.FutureTask.run(FutureTask.java:266)
	at java.lang.Thread.run(Thread.java:748)
25) test047(org.apache.commons.collections4.IteratorUtils_ESTest)
org.evosuite.runtime.mock.java.lang.MockIllegalArgumentException: Offset parameter must not be negative.
	at org.apache.commons.collections4.iterators.BoundedIterator.<init>(BoundedIterator.java:67)
	at org.apache.commons.collections4.IteratorUtils.boundedIterator(IteratorUtils.java:490)
	at org.apache.commons.collections4.IteratorUtils_ESTest.test047(IteratorUtils_ESTest.java:762)
	at sun.reflect.NativeMethodAccessorImpl.invoke0(Native Method)
	at sun.reflect.NativeMethodAccessorImpl.invoke(NativeMethodAccessorImpl.java:62)
	at sun.reflect.DelegatingMethodAccessorImpl.invoke(DelegatingMethodAccessorImpl.java:43)
	at java.lang.reflect.Method.invoke(Method.java:498)
	at org.junit.runners.model.FrameworkMethod$1.runReflectiveCall(FrameworkMethod.java:50)
	at org.junit.internal.runners.model.ReflectiveCallable.run(ReflectiveCallable.java:12)
	at org.junit.runners.model.FrameworkMethod.invokeExplosively(FrameworkMethod.java:47)
	at org.junit.internal.runners.statements.InvokeMethod.evaluate(InvokeMethod.java:17)
	at org.junit.internal.runners.statements.FailOnTimeout$CallableStatement.call(FailOnTimeout.java:298)
	at org.junit.internal.runners.statements.FailOnTimeout$CallableStatement.call(FailOnTimeout.java:292)
	at java.util.concurrent.FutureTask.run(FutureTask.java:266)
	at java.lang.Thread.run(Thread.java:748)
26) test022(org.apache.commons.collections4.IteratorUtils_ESTest)
java.lang.NullPointerException
	at org.apache.commons.collections4.iterators.ZippingIterator.<init>(ZippingIterator.java:90)
	at org.apache.commons.collections4.IteratorUtils.zippingIterator(IteratorUtils.java:962)
	at org.apache.commons.collections4.IteratorUtils_ESTest.test022(IteratorUtils_ESTest.java:337)
	at sun.reflect.NativeMethodAccessorImpl.invoke0(Native Method)
	at sun.reflect.NativeMethodAccessorImpl.invoke(NativeMethodAccessorImpl.java:62)
	at sun.reflect.DelegatingMethodAccessorImpl.invoke(DelegatingMethodAccessorImpl.java:43)
	at java.lang.reflect.Method.invoke(Method.java:498)
	at org.junit.runners.model.FrameworkMethod$1.runReflectiveCall(FrameworkMethod.java:50)
	at org.junit.internal.runners.model.ReflectiveCallable.run(ReflectiveCallable.java:12)
	at org.junit.runners.model.FrameworkMethod.invokeExplosively(FrameworkMethod.java:47)
	at org.junit.internal.runners.statements.InvokeMethod.evaluate(InvokeMethod.java:17)
	at org.junit.internal.runners.statements.FailOnTimeout$CallableStatement.call(FailOnTimeout.java:298)
	at org.junit.internal.runners.statements.FailOnTimeout$CallableStatement.call(FailOnTimeout.java:292)
	at java.util.concurrent.FutureTask.run(FutureTask.java:266)
	at java.lang.Thread.run(Thread.java:748)
27) test143(org.apache.commons.collections4.IteratorUtils_ESTest)
org.evosuite.runtime.mock.java.lang.MockIllegalArgumentException: End index must not be less than start index
	at org.apache.commons.collections4.iterators.ObjectArrayIterator.<init>(ObjectArrayIterator.java:94)
	at org.apache.commons.collections4.IteratorUtils.arrayIterator(IteratorUtils.java:337)
	at org.apache.commons.collections4.IteratorUtils_ESTest.test143(IteratorUtils_ESTest.java:1989)
	at sun.reflect.NativeMethodAccessorImpl.invoke0(Native Method)
	at sun.reflect.NativeMethodAccessorImpl.invoke(NativeMethodAccessorImpl.java:62)
	at sun.reflect.DelegatingMethodAccessorImpl.invoke(DelegatingMethodAccessorImpl.java:43)
	at java.lang.reflect.Method.invoke(Method.java:498)
	at org.junit.runners.model.FrameworkMethod$1.runReflectiveCall(FrameworkMethod.java:50)
	at org.junit.internal.runners.model.ReflectiveCallable.run(ReflectiveCallable.java:12)
	at org.junit.runners.model.FrameworkMethod.invokeExplosively(FrameworkMethod.java:47)
	at org.junit.internal.runners.statements.InvokeMethod.evaluate(InvokeMethod.java:17)
	at org.junit.internal.runners.statements.FailOnTimeout$CallableStatement.call(FailOnTimeout.java:298)
	at org.junit.internal.runners.statements.FailOnTimeout$CallableStatement.call(FailOnTimeout.java:292)
	at java.util.concurrent.FutureTask.run(FutureTask.java:266)
	at java.lang.Thread.run(Thread.java:748)
28) test023(org.apache.commons.collections4.IteratorUtils_ESTest)
org.evosuite.runtime.mock.java.lang.MockNullPointerException: Iterator must not be null.
	at org.apache.commons.collections4.iterators.ZippingIterator.<init>(ZippingIterator.java:92)
	at org.apache.commons.collections4.iterators.ZippingIterator.<init>(ZippingIterator.java:77)
	at org.apache.commons.collections4.IteratorUtils.zippingIterator(IteratorUtils.java:949)
	at org.apache.commons.collections4.IteratorUtils_ESTest.test023(IteratorUtils_ESTest.java:352)
	at sun.reflect.NativeMethodAccessorImpl.invoke0(Native Method)
	at sun.reflect.NativeMethodAccessorImpl.invoke(NativeMethodAccessorImpl.java:62)
	at sun.reflect.DelegatingMethodAccessorImpl.invoke(DelegatingMethodAccessorImpl.java:43)
	at java.lang.reflect.Method.invoke(Method.java:498)
	at org.junit.runners.model.FrameworkMethod$1.runReflectiveCall(FrameworkMethod.java:50)
	at org.junit.internal.runners.model.ReflectiveCallable.run(ReflectiveCallable.java:12)
	at org.junit.runners.model.FrameworkMethod.invokeExplosively(FrameworkMethod.java:47)
	at org.junit.internal.runners.statements.InvokeMethod.evaluate(InvokeMethod.java:17)
	at org.junit.internal.runners.statements.FailOnTimeout$CallableStatement.call(FailOnTimeout.java:298)
	at org.junit.internal.runners.statements.FailOnTimeout$CallableStatement.call(FailOnTimeout.java:292)
	at java.util.concurrent.FutureTask.run(FutureTask.java:266)
	at java.lang.Thread.run(Thread.java:748)
29) test136(org.apache.commons.collections4.IteratorUtils_ESTest)
org.evosuite.runtime.mock.java.lang.MockNullPointerException: Iterator must not be null
	at org.apache.commons.collections4.iterators.IteratorChain.addIterator(IteratorChain.java:162)
	at org.apache.commons.collections4.iterators.IteratorChain.<init>(IteratorChain.java:112)
	at org.apache.commons.collections4.IteratorUtils.chainedIterator(IteratorUtils.java:553)
	at org.apache.commons.collections4.IteratorUtils_ESTest.test136(IteratorUtils_ESTest.java:1908)
	at sun.reflect.NativeMethodAccessorImpl.invoke0(Native Method)
	at sun.reflect.NativeMethodAccessorImpl.invoke(NativeMethodAccessorImpl.java:62)
	at sun.reflect.DelegatingMethodAccessorImpl.invoke(DelegatingMethodAccessorImpl.java:43)
	at java.lang.reflect.Method.invoke(Method.java:498)
	at org.junit.runners.model.FrameworkMethod$1.runReflectiveCall(FrameworkMethod.java:50)
	at org.junit.internal.runners.model.ReflectiveCallable.run(ReflectiveCallable.java:12)
	at org.junit.runners.model.FrameworkMethod.invokeExplosively(FrameworkMethod.java:47)
	at org.junit.internal.runners.statements.InvokeMethod.evaluate(InvokeMethod.java:17)
	at org.junit.internal.runners.statements.FailOnTimeout$CallableStatement.call(FailOnTimeout.java:298)
	at org.junit.internal.runners.statements.FailOnTimeout$CallableStatement.call(FailOnTimeout.java:292)
	at java.util.concurrent.FutureTask.run(FutureTask.java:266)
	at java.lang.Thread.run(Thread.java:748)
30) test137(org.apache.commons.collections4.IteratorUtils_ESTest)
org.evosuite.runtime.mock.java.lang.MockNullPointerException: Iterator must not be null.
	at org.apache.commons.collections4.iterators.ZippingIterator.<init>(ZippingIterator.java:92)
	at org.apache.commons.collections4.IteratorUtils.zippingIterator(IteratorUtils.java:962)
	at org.apache.commons.collections4.IteratorUtils_ESTest.test137(IteratorUtils_ESTest.java:1924)
	at sun.reflect.NativeMethodAccessorImpl.invoke0(Native Method)
	at sun.reflect.NativeMethodAccessorImpl.invoke(NativeMethodAccessorImpl.java:62)
	at sun.reflect.DelegatingMethodAccessorImpl.invoke(DelegatingMethodAccessorImpl.java:43)
	at java.lang.reflect.Method.invoke(Method.java:498)
	at org.junit.runners.model.FrameworkMethod$1.runReflectiveCall(FrameworkMethod.java:50)
	at org.junit.internal.runners.model.ReflectiveCallable.run(ReflectiveCallable.java:12)
	at org.junit.runners.model.FrameworkMethod.invokeExplosively(FrameworkMethod.java:47)
	at org.junit.internal.runners.statements.InvokeMethod.evaluate(InvokeMethod.java:17)
	at org.junit.internal.runners.statements.FailOnTimeout$CallableStatement.call(FailOnTimeout.java:298)
	at org.junit.internal.runners.statements.FailOnTimeout$CallableStatement.call(FailOnTimeout.java:292)
	at java.util.concurrent.FutureTask.run(FutureTask.java:266)
	at java.lang.Thread.run(Thread.java:748)
31) test134(org.apache.commons.collections4.IteratorUtils_ESTest)
java.lang.NullPointerException
	at java.lang.reflect.Array.getLength(Native Method)
	at org.apache.commons.collections4.iterators.ArrayIterator.<init>(ArrayIterator.java:96)
	at org.apache.commons.collections4.IteratorUtils.arrayIterator(IteratorUtils.java:356)
	at org.apache.commons.collections4.IteratorUtils_ESTest.test134(IteratorUtils_ESTest.java:1877)
	at sun.reflect.NativeMethodAccessorImpl.invoke0(Native Method)
	at sun.reflect.NativeMethodAccessorImpl.invoke(NativeMethodAccessorImpl.java:62)
	at sun.reflect.DelegatingMethodAccessorImpl.invoke(DelegatingMethodAccessorImpl.java:43)
	at java.lang.reflect.Method.invoke(Method.java:498)
	at org.junit.runners.model.FrameworkMethod$1.runReflectiveCall(FrameworkMethod.java:50)
	at org.junit.internal.runners.model.ReflectiveCallable.run(ReflectiveCallable.java:12)
	at org.junit.runners.model.FrameworkMethod.invokeExplosively(FrameworkMethod.java:47)
	at org.junit.internal.runners.statements.InvokeMethod.evaluate(InvokeMethod.java:17)
	at org.junit.internal.runners.statements.FailOnTimeout$CallableStatement.call(FailOnTimeout.java:298)
	at org.junit.internal.runners.statements.FailOnTimeout$CallableStatement.call(FailOnTimeout.java:292)
	at java.util.concurrent.FutureTask.run(FutureTask.java:266)
	at java.lang.Thread.run(Thread.java:748)
32) test135(org.apache.commons.collections4.IteratorUtils_ESTest)
org.evosuite.runtime.mock.java.lang.MockArrayIndexOutOfBoundsException: Start index must not be greater than the array length
	at org.apache.commons.collections4.iterators.ObjectArrayIterator.<init>(ObjectArrayIterator.java:91)
	at org.apache.commons.collections4.iterators.ObjectArrayIterator.<init>(ObjectArrayIterator.java:68)
	at org.apache.commons.collections4.IteratorUtils.arrayIterator(IteratorUtils.java:299)
	at org.apache.commons.collections4.IteratorUtils_ESTest.test135(IteratorUtils_ESTest.java:1893)
	at sun.reflect.NativeMethodAccessorImpl.invoke0(Native Method)
	at sun.reflect.NativeMethodAccessorImpl.invoke(NativeMethodAccessorImpl.java:62)
	at sun.reflect.DelegatingMethodAccessorImpl.invoke(DelegatingMethodAccessorImpl.java:43)
	at java.lang.reflect.Method.invoke(Method.java:498)
	at org.junit.runners.model.FrameworkMethod$1.runReflectiveCall(FrameworkMethod.java:50)
	at org.junit.internal.runners.model.ReflectiveCallable.run(ReflectiveCallable.java:12)
	at org.junit.runners.model.FrameworkMethod.invokeExplosively(FrameworkMethod.java:47)
	at org.junit.internal.runners.statements.InvokeMethod.evaluate(InvokeMethod.java:17)
	at org.junit.internal.runners.statements.FailOnTimeout$CallableStatement.call(FailOnTimeout.java:298)
	at org.junit.internal.runners.statements.FailOnTimeout$CallableStatement.call(FailOnTimeout.java:292)
	at java.util.concurrent.FutureTask.run(FutureTask.java:266)
	at java.lang.Thread.run(Thread.java:748)
33) test033(org.apache.commons.collections4.IteratorUtils_ESTest)
java.util.ConcurrentModificationException
	at java.util.Vector$Itr.checkForComodification(Vector.java:1212)
	at java.util.Vector$Itr.next(Vector.java:1165)
	at org.apache.commons.collections4.IteratorUtils.toList(IteratorUtils.java:1147)
	at org.apache.commons.collections4.IteratorUtils.toArray(IteratorUtils.java:1104)
	at org.apache.commons.collections4.IteratorUtils_ESTest.test033(IteratorUtils_ESTest.java:513)
	at sun.reflect.NativeMethodAccessorImpl.invoke0(Native Method)
	at sun.reflect.NativeMethodAccessorImpl.invoke(NativeMethodAccessorImpl.java:62)
	at sun.reflect.DelegatingMethodAccessorImpl.invoke(DelegatingMethodAccessorImpl.java:43)
	at java.lang.reflect.Method.invoke(Method.java:498)
	at org.junit.runners.model.FrameworkMethod$1.runReflectiveCall(FrameworkMethod.java:50)
	at org.junit.internal.runners.model.ReflectiveCallable.run(ReflectiveCallable.java:12)
	at org.junit.runners.model.FrameworkMethod.invokeExplosively(FrameworkMethod.java:47)
	at org.junit.internal.runners.statements.InvokeMethod.evaluate(InvokeMethod.java:17)
	at org.junit.internal.runners.statements.FailOnTimeout$CallableStatement.call(FailOnTimeout.java:298)
	at org.junit.internal.runners.statements.FailOnTimeout$CallableStatement.call(FailOnTimeout.java:292)
	at java.util.concurrent.FutureTask.run(FutureTask.java:266)
	at java.lang.Thread.run(Thread.java:748)
34) test154(org.apache.commons.collections4.IteratorUtils_ESTest)
java.lang.NullPointerException
	at java.lang.reflect.Array.getLength(Native Method)
	at org.apache.commons.collections4.iterators.ArrayIterator.<init>(ArrayIterator.java:74)
	at org.apache.commons.collections4.iterators.ArrayListIterator.<init>(ArrayListIterator.java:78)
	at org.apache.commons.collections4.IteratorUtils.arrayListIterator(IteratorUtils.java:417)
	at org.apache.commons.collections4.IteratorUtils_ESTest.test154(IteratorUtils_ESTest.java:2132)
	at sun.reflect.NativeMethodAccessorImpl.invoke0(Native Method)
	at sun.reflect.NativeMethodAccessorImpl.invoke(NativeMethodAccessorImpl.java:62)
	at sun.reflect.DelegatingMethodAccessorImpl.invoke(DelegatingMethodAccessorImpl.java:43)
	at java.lang.reflect.Method.invoke(Method.java:498)
	at org.junit.runners.model.FrameworkMethod$1.runReflectiveCall(FrameworkMethod.java:50)
	at org.junit.internal.runners.model.ReflectiveCallable.run(ReflectiveCallable.java:12)
	at org.junit.runners.model.FrameworkMethod.invokeExplosively(FrameworkMethod.java:47)
	at org.junit.internal.runners.statements.InvokeMethod.evaluate(InvokeMethod.java:17)
	at org.junit.internal.runners.statements.FailOnTimeout$CallableStatement.call(FailOnTimeout.java:298)
	at org.junit.internal.runners.statements.FailOnTimeout$CallableStatement.call(FailOnTimeout.java:292)
	at java.util.concurrent.FutureTask.run(FutureTask.java:266)
	at java.lang.Thread.run(Thread.java:748)
35) test034(org.apache.commons.collections4.IteratorUtils_ESTest)
org.apache.commons.collections4.FunctorException: InvokerTransformer: The method 'j'#*^D0.<' on 'class java.sql.SQLRecoverableException' does not exist
	at org.apache.commons.collections4.functors.InvokerTransformer.transform(InvokerTransformer.java:132)
	at org.apache.commons.collections4.iterators.ObjectGraphIterator.updateCurrentIterator(ObjectGraphIterator.java:147)
	at org.apache.commons.collections4.iterators.ObjectGraphIterator.hasNext(ObjectGraphIterator.java:209)
	at org.apache.commons.collections4.IteratorUtils.toList(IteratorUtils.java:1146)
	at org.apache.commons.collections4.IteratorUtils.toArray(IteratorUtils.java:1080)
	at org.apache.commons.collections4.IteratorUtils_ESTest.test034(IteratorUtils_ESTest.java:531)
	at sun.reflect.NativeMethodAccessorImpl.invoke0(Native Method)
	at sun.reflect.NativeMethodAccessorImpl.invoke(NativeMethodAccessorImpl.java:62)
	at sun.reflect.DelegatingMethodAccessorImpl.invoke(DelegatingMethodAccessorImpl.java:43)
	at java.lang.reflect.Method.invoke(Method.java:498)
	at org.junit.runners.model.FrameworkMethod$1.runReflectiveCall(FrameworkMethod.java:50)
	at org.junit.internal.runners.model.ReflectiveCallable.run(ReflectiveCallable.java:12)
	at org.junit.runners.model.FrameworkMethod.invokeExplosively(FrameworkMethod.java:47)
	at org.junit.internal.runners.statements.InvokeMethod.evaluate(InvokeMethod.java:17)
	at org.junit.internal.runners.statements.FailOnTimeout$CallableStatement.call(FailOnTimeout.java:298)
	at org.junit.internal.runners.statements.FailOnTimeout$CallableStatement.call(FailOnTimeout.java:292)
	at java.util.concurrent.FutureTask.run(FutureTask.java:266)
	at java.lang.Thread.run(Thread.java:748)
36) test155(org.apache.commons.collections4.IteratorUtils_ESTest)
java.lang.NullPointerException
	at org.apache.commons.collections4.functors.NotPredicate.evaluate(NotPredicate.java:70)
	at org.apache.commons.collections4.functors.NullIsExceptionPredicate.evaluate(NullIsExceptionPredicate.java:76)
	at org.apache.commons.collections4.iterators.FilterListIterator.setNextObject(FilterListIterator.java:233)
	at org.apache.commons.collections4.iterators.FilterListIterator.hasNext(FilterListIterator.java:121)
	at org.apache.commons.collections4.IteratorUtils.toList(IteratorUtils.java:1146)
	at org.apache.commons.collections4.IteratorUtils.toArray(IteratorUtils.java:1104)
	at org.apache.commons.collections4.IteratorUtils_ESTest.test155(IteratorUtils_ESTest.java:2153)
	at sun.reflect.NativeMethodAccessorImpl.invoke0(Native Method)
	at sun.reflect.NativeMethodAccessorImpl.invoke(NativeMethodAccessorImpl.java:62)
	at sun.reflect.DelegatingMethodAccessorImpl.invoke(DelegatingMethodAccessorImpl.java:43)
	at java.lang.reflect.Method.invoke(Method.java:498)
	at org.junit.runners.model.FrameworkMethod$1.runReflectiveCall(FrameworkMethod.java:50)
	at org.junit.internal.runners.model.ReflectiveCallable.run(ReflectiveCallable.java:12)
	at org.junit.runners.model.FrameworkMethod.invokeExplosively(FrameworkMethod.java:47)
	at org.junit.internal.runners.statements.InvokeMethod.evaluate(InvokeMethod.java:17)
	at org.junit.internal.runners.statements.FailOnTimeout$CallableStatement.call(FailOnTimeout.java:298)
	at org.junit.internal.runners.statements.FailOnTimeout$CallableStatement.call(FailOnTimeout.java:292)
	at java.util.concurrent.FutureTask.run(FutureTask.java:266)
	at java.lang.Thread.run(Thread.java:748)
37) test032(org.apache.commons.collections4.IteratorUtils_ESTest)
org.apache.commons.collections4.FunctorException: InvokerTransformer: The method 'P6SO./nkP&%D|_' on 'class javax.imageio.metadata.IIOMetadataNode' does not exist
	at org.apache.commons.collections4.functors.InvokerTransformer.transform(InvokerTransformer.java:132)
	at org.apache.commons.collections4.iterators.ObjectGraphIterator.updateCurrentIterator(ObjectGraphIterator.java:147)
	at org.apache.commons.collections4.iterators.ObjectGraphIterator.hasNext(ObjectGraphIterator.java:209)
	at org.apache.commons.collections4.IteratorUtils.toList(IteratorUtils.java:1146)
	at org.apache.commons.collections4.IteratorUtils.toArray(IteratorUtils.java:1104)
	at org.apache.commons.collections4.IteratorUtils_ESTest.test032(IteratorUtils_ESTest.java:493)
	at sun.reflect.NativeMethodAccessorImpl.invoke0(Native Method)
	at sun.reflect.NativeMethodAccessorImpl.invoke(NativeMethodAccessorImpl.java:62)
	at sun.reflect.DelegatingMethodAccessorImpl.invoke(DelegatingMethodAccessorImpl.java:43)
	at java.lang.reflect.Method.invoke(Method.java:498)
	at org.junit.runners.model.FrameworkMethod$1.runReflectiveCall(FrameworkMethod.java:50)
	at org.junit.internal.runners.model.ReflectiveCallable.run(ReflectiveCallable.java:12)
	at org.junit.runners.model.FrameworkMethod.invokeExplosively(FrameworkMethod.java:47)
	at org.junit.internal.runners.statements.InvokeMethod.evaluate(InvokeMethod.java:17)
	at org.junit.internal.runners.statements.FailOnTimeout$CallableStatement.call(FailOnTimeout.java:298)
	at org.junit.internal.runners.statements.FailOnTimeout$CallableStatement.call(FailOnTimeout.java:292)
	at java.util.concurrent.FutureTask.run(FutureTask.java:266)
	at java.lang.Thread.run(Thread.java:748)
38) test150(org.apache.commons.collections4.IteratorUtils_ESTest)
org.evosuite.runtime.mock.java.lang.MockIllegalArgumentException: Iterator must not be null
	at org.apache.commons.collections4.iterators.PushbackIterator.pushbackIterator(PushbackIterator.java:57)
	at org.apache.commons.collections4.IteratorUtils.pushbackIterator(IteratorUtils.java:899)
	at org.apache.commons.collections4.IteratorUtils_ESTest.test150(IteratorUtils_ESTest.java:2084)
	at sun.reflect.NativeMethodAccessorImpl.invoke0(Native Method)
	at sun.reflect.NativeMethodAccessorImpl.invoke(NativeMethodAccessorImpl.java:62)
	at sun.reflect.DelegatingMethodAccessorImpl.invoke(DelegatingMethodAccessorImpl.java:43)
	at java.lang.reflect.Method.invoke(Method.java:498)
	at org.junit.runners.model.FrameworkMethod$1.runReflectiveCall(FrameworkMethod.java:50)
	at org.junit.internal.runners.model.ReflectiveCallable.run(ReflectiveCallable.java:12)
	at org.junit.runners.model.FrameworkMethod.invokeExplosively(FrameworkMethod.java:47)
	at org.junit.internal.runners.statements.InvokeMethod.evaluate(InvokeMethod.java:17)
	at org.junit.internal.runners.statements.FailOnTimeout$CallableStatement.call(FailOnTimeout.java:298)
	at org.junit.internal.runners.statements.FailOnTimeout$CallableStatement.call(FailOnTimeout.java:292)
	at java.util.concurrent.FutureTask.run(FutureTask.java:266)
	at java.lang.Thread.run(Thread.java:748)
39) test151(org.apache.commons.collections4.IteratorUtils_ESTest)
java.lang.NullPointerException
	at java.lang.reflect.Array.getLength(Native Method)
	at org.apache.commons.collections4.iterators.ArrayIterator.<init>(ArrayIterator.java:96)
	at org.apache.commons.collections4.iterators.ArrayListIterator.<init>(ArrayListIterator.java:94)
	at org.apache.commons.collections4.IteratorUtils.arrayListIterator(IteratorUtils.java:452)
	at org.apache.commons.collections4.IteratorUtils_ESTest.test151(IteratorUtils_ESTest.java:2099)
	at sun.reflect.NativeMethodAccessorImpl.invoke0(Native Method)
	at sun.reflect.NativeMethodAccessorImpl.invoke(NativeMethodAccessorImpl.java:62)
	at sun.reflect.DelegatingMethodAccessorImpl.invoke(DelegatingMethodAccessorImpl.java:43)
	at java.lang.reflect.Method.invoke(Method.java:498)
	at org.junit.runners.model.FrameworkMethod$1.runReflectiveCall(FrameworkMethod.java:50)
	at org.junit.internal.runners.model.ReflectiveCallable.run(ReflectiveCallable.java:12)
	at org.junit.runners.model.FrameworkMethod.invokeExplosively(FrameworkMethod.java:47)
	at org.junit.internal.runners.statements.InvokeMethod.evaluate(InvokeMethod.java:17)
	at org.junit.internal.runners.statements.FailOnTimeout$CallableStatement.call(FailOnTimeout.java:298)
	at org.junit.internal.runners.statements.FailOnTimeout$CallableStatement.call(FailOnTimeout.java:292)
	at java.util.concurrent.FutureTask.run(FutureTask.java:266)
	at java.lang.Thread.run(Thread.java:748)
40) test028(org.apache.commons.collections4.IteratorUtils_ESTest)
org.apache.commons.collections4.FunctorException: ExceptionFactory invoked
	at org.apache.commons.collections4.functors.ExceptionFactory.create(ExceptionFactory.java:65)
	at org.apache.commons.collections4.functors.FactoryTransformer.transform(FactoryTransformer.java:73)
	at org.apache.commons.collections4.IteratorUtils.toString(IteratorUtils.java:1488)
	at org.apache.commons.collections4.IteratorUtils.toString(IteratorUtils.java:1445)
	at org.apache.commons.collections4.IteratorUtils_ESTest.test028(IteratorUtils_ESTest.java:431)
	at sun.reflect.NativeMethodAccessorImpl.invoke0(Native Method)
	at sun.reflect.NativeMethodAccessorImpl.invoke(NativeMethodAccessorImpl.java:62)
	at sun.reflect.DelegatingMethodAccessorImpl.invoke(DelegatingMethodAccessorImpl.java:43)
	at java.lang.reflect.Method.invoke(Method.java:498)
	at org.junit.runners.model.FrameworkMethod$1.runReflectiveCall(FrameworkMethod.java:50)
	at org.junit.internal.runners.model.ReflectiveCallable.run(ReflectiveCallable.java:12)
	at org.junit.runners.model.FrameworkMethod.invokeExplosively(FrameworkMethod.java:47)
	at org.junit.internal.runners.statements.InvokeMethod.evaluate(InvokeMethod.java:17)
	at org.junit.internal.runners.statements.FailOnTimeout$CallableStatement.call(FailOnTimeout.java:298)
	at org.junit.internal.runners.statements.FailOnTimeout$CallableStatement.call(FailOnTimeout.java:292)
	at java.util.concurrent.FutureTask.run(FutureTask.java:266)
	at java.lang.Thread.run(Thread.java:748)
41) test149(org.apache.commons.collections4.IteratorUtils_ESTest)
java.lang.NullPointerException
	at java.lang.reflect.Array.getLength(Native Method)
	at org.apache.commons.collections4.iterators.ArrayIterator.<init>(ArrayIterator.java:74)
	at org.apache.commons.collections4.iterators.ArrayIterator.<init>(ArrayIterator.java:60)
	at org.apache.commons.collections4.IteratorUtils.arrayIterator(IteratorUtils.java:281)
	at org.apache.commons.collections4.IteratorUtils_ESTest.test149(IteratorUtils_ESTest.java:2069)
	at sun.reflect.NativeMethodAccessorImpl.invoke0(Native Method)
	at sun.reflect.NativeMethodAccessorImpl.invoke(NativeMethodAccessorImpl.java:62)
	at sun.reflect.DelegatingMethodAccessorImpl.invoke(DelegatingMethodAccessorImpl.java:43)
	at java.lang.reflect.Method.invoke(Method.java:498)
	at org.junit.runners.model.FrameworkMethod$1.runReflectiveCall(FrameworkMethod.java:50)
	at org.junit.internal.runners.model.ReflectiveCallable.run(ReflectiveCallable.java:12)
	at org.junit.runners.model.FrameworkMethod.invokeExplosively(FrameworkMethod.java:47)
	at org.junit.internal.runners.statements.InvokeMethod.evaluate(InvokeMethod.java:17)
	at org.junit.internal.runners.statements.FailOnTimeout$CallableStatement.call(FailOnTimeout.java:298)
	at org.junit.internal.runners.statements.FailOnTimeout$CallableStatement.call(FailOnTimeout.java:292)
	at java.util.concurrent.FutureTask.run(FutureTask.java:266)
	at java.lang.Thread.run(Thread.java:748)
42) test029(org.apache.commons.collections4.IteratorUtils_ESTest)
org.apache.commons.collections4.FunctorException: InvokerTransformer: The method '' on 'class java.sql.DataTruncation' does not exist
	at org.apache.commons.collections4.functors.InvokerTransformer.transform(InvokerTransformer.java:132)
	at org.apache.commons.collections4.functors.TransformedPredicate.evaluate(TransformedPredicate.java:83)
	at org.apache.commons.collections4.functors.IfTransformer.transform(IfTransformer.java:119)
	at org.apache.commons.collections4.iterators.ObjectGraphIterator.updateCurrentIterator(ObjectGraphIterator.java:147)
	at org.apache.commons.collections4.iterators.ObjectGraphIterator.hasNext(ObjectGraphIterator.java:209)
	at org.apache.commons.collections4.IteratorUtils.toString(IteratorUtils.java:1486)
	at org.apache.commons.collections4.IteratorUtils.toString(IteratorUtils.java:1423)
	at org.apache.commons.collections4.IteratorUtils_ESTest.test029(IteratorUtils_ESTest.java:455)
	at sun.reflect.NativeMethodAccessorImpl.invoke0(Native Method)
	at sun.reflect.NativeMethodAccessorImpl.invoke(NativeMethodAccessorImpl.java:62)
	at sun.reflect.DelegatingMethodAccessorImpl.invoke(DelegatingMethodAccessorImpl.java:43)
	at java.lang.reflect.Method.invoke(Method.java:498)
	at org.junit.runners.model.FrameworkMethod$1.runReflectiveCall(FrameworkMethod.java:50)
	at org.junit.internal.runners.model.ReflectiveCallable.run(ReflectiveCallable.java:12)
	at org.junit.runners.model.FrameworkMethod.invokeExplosively(FrameworkMethod.java:47)
	at org.junit.internal.runners.statements.InvokeMethod.evaluate(InvokeMethod.java:17)
	at org.junit.internal.runners.statements.FailOnTimeout$CallableStatement.call(FailOnTimeout.java:298)
	at org.junit.internal.runners.statements.FailOnTimeout$CallableStatement.call(FailOnTimeout.java:292)
	at java.util.concurrent.FutureTask.run(FutureTask.java:266)
	at java.lang.Thread.run(Thread.java:748)
43) test026(org.apache.commons.collections4.IteratorUtils_ESTest)
org.evosuite.runtime.mock.java.lang.MockIllegalArgumentException: ListIterator must not be null
	at org.apache.commons.collections4.iterators.UnmodifiableListIterator.umodifiableListIterator(UnmodifiableListIterator.java:47)
	at org.apache.commons.collections4.IteratorUtils.unmodifiableListIterator(IteratorUtils.java:519)
	at org.apache.commons.collections4.IteratorUtils_ESTest.test026(IteratorUtils_ESTest.java:397)
	at sun.reflect.NativeMethodAccessorImpl.invoke0(Native Method)
	at sun.reflect.NativeMethodAccessorImpl.invoke(NativeMethodAccessorImpl.java:62)
	at sun.reflect.DelegatingMethodAccessorImpl.invoke(DelegatingMethodAccessorImpl.java:43)
	at java.lang.reflect.Method.invoke(Method.java:498)
	at org.junit.runners.model.FrameworkMethod$1.runReflectiveCall(FrameworkMethod.java:50)
	at org.junit.internal.runners.model.ReflectiveCallable.run(ReflectiveCallable.java:12)
	at org.junit.runners.model.FrameworkMethod.invokeExplosively(FrameworkMethod.java:47)
	at org.junit.internal.runners.statements.InvokeMethod.evaluate(InvokeMethod.java:17)
	at org.junit.internal.runners.statements.FailOnTimeout$CallableStatement.call(FailOnTimeout.java:298)
	at org.junit.internal.runners.statements.FailOnTimeout$CallableStatement.call(FailOnTimeout.java:292)
	at java.util.concurrent.FutureTask.run(FutureTask.java:266)
	at java.lang.Thread.run(Thread.java:748)
44) test147(org.apache.commons.collections4.IteratorUtils_ESTest)
java.lang.NullPointerException
	at org.apache.commons.collections4.iterators.IteratorChain.<init>(IteratorChain.java:127)
	at org.apache.commons.collections4.IteratorUtils.chainedIterator(IteratorUtils.java:566)
	at org.apache.commons.collections4.IteratorUtils_ESTest.test147(IteratorUtils_ESTest.java:2038)
	at sun.reflect.NativeMethodAccessorImpl.invoke0(Native Method)
	at sun.reflect.NativeMethodAccessorImpl.invoke(NativeMethodAccessorImpl.java:62)
	at sun.reflect.DelegatingMethodAccessorImpl.invoke(DelegatingMethodAccessorImpl.java:43)
	at java.lang.reflect.Method.invoke(Method.java:498)
	at org.junit.runners.model.FrameworkMethod$1.runReflectiveCall(FrameworkMethod.java:50)
	at org.junit.internal.runners.model.ReflectiveCallable.run(ReflectiveCallable.java:12)
	at org.junit.runners.model.FrameworkMethod.invokeExplosively(FrameworkMethod.java:47)
	at org.junit.internal.runners.statements.InvokeMethod.evaluate(InvokeMethod.java:17)
	at org.junit.internal.runners.statements.FailOnTimeout$CallableStatement.call(FailOnTimeout.java:298)
	at org.junit.internal.runners.statements.FailOnTimeout$CallableStatement.call(FailOnTimeout.java:292)
	at java.util.concurrent.FutureTask.run(FutureTask.java:266)
	at java.lang.Thread.run(Thread.java:748)
45) test027(org.apache.commons.collections4.IteratorUtils_ESTest)
org.evosuite.runtime.mock.java.lang.MockIllegalArgumentException: Iterator must not be null
	at org.apache.commons.collections4.iterators.UnmodifiableIterator.unmodifiableIterator(UnmodifiableIterator.java:49)
	at org.apache.commons.collections4.IteratorUtils.unmodifiableIterator(IteratorUtils.java:505)
	at org.apache.commons.collections4.IteratorUtils_ESTest.test027(IteratorUtils_ESTest.java:412)
	at sun.reflect.NativeMethodAccessorImpl.invoke0(Native Method)
	at sun.reflect.NativeMethodAccessorImpl.invoke(NativeMethodAccessorImpl.java:62)
	at sun.reflect.DelegatingMethodAccessorImpl.invoke(DelegatingMethodAccessorImpl.java:43)
	at java.lang.reflect.Method.invoke(Method.java:498)
	at org.junit.runners.model.FrameworkMethod$1.runReflectiveCall(FrameworkMethod.java:50)
	at org.junit.internal.runners.model.ReflectiveCallable.run(ReflectiveCallable.java:12)
	at org.junit.runners.model.FrameworkMethod.invokeExplosively(FrameworkMethod.java:47)
	at org.junit.internal.runners.statements.InvokeMethod.evaluate(InvokeMethod.java:17)
	at org.junit.internal.runners.statements.FailOnTimeout$CallableStatement.call(FailOnTimeout.java:298)
	at org.junit.internal.runners.statements.FailOnTimeout$CallableStatement.call(FailOnTimeout.java:292)
	at java.util.concurrent.FutureTask.run(FutureTask.java:266)
	at java.lang.Thread.run(Thread.java:748)
46) test148(org.apache.commons.collections4.IteratorUtils_ESTest)
java.lang.NullPointerException
	at java.lang.reflect.Array.getLength(Native Method)
	at org.apache.commons.collections4.iterators.ArrayIterator.<init>(ArrayIterator.java:74)
	at org.apache.commons.collections4.iterators.ArrayIterator.<init>(ArrayIterator.java:60)
	at org.apache.commons.collections4.iterators.ArrayListIterator.<init>(ArrayListIterator.java:64)
	at org.apache.commons.collections4.IteratorUtils.arrayListIterator(IteratorUtils.java:385)
	at org.apache.commons.collections4.IteratorUtils_ESTest.test148(IteratorUtils_ESTest.java:2053)
	at sun.reflect.NativeMethodAccessorImpl.invoke0(Native Method)
	at sun.reflect.NativeMethodAccessorImpl.invoke(NativeMethodAccessorImpl.java:62)
	at sun.reflect.DelegatingMethodAccessorImpl.invoke(DelegatingMethodAccessorImpl.java:43)
	at java.lang.reflect.Method.invoke(Method.java:498)
	at org.junit.runners.model.FrameworkMethod$1.runReflectiveCall(FrameworkMethod.java:50)
	at org.junit.internal.runners.model.ReflectiveCallable.run(ReflectiveCallable.java:12)
	at org.junit.runners.model.FrameworkMethod.invokeExplosively(FrameworkMethod.java:47)
	at org.junit.internal.runners.statements.InvokeMethod.evaluate(InvokeMethod.java:17)
	at org.junit.internal.runners.statements.FailOnTimeout$CallableStatement.call(FailOnTimeout.java:298)
	at org.junit.internal.runners.statements.FailOnTimeout$CallableStatement.call(FailOnTimeout.java:292)
	at java.util.concurrent.FutureTask.run(FutureTask.java:266)
	at java.lang.Thread.run(Thread.java:748)
47) test024(org.apache.commons.collections4.IteratorUtils_ESTest)
org.evosuite.runtime.mock.java.lang.MockNullPointerException: Iterator must not be null.
	at org.apache.commons.collections4.iterators.ZippingIterator.<init>(ZippingIterator.java:92)
	at org.apache.commons.collections4.iterators.ZippingIterator.<init>(ZippingIterator.java:61)
	at org.apache.commons.collections4.IteratorUtils.zippingIterator(IteratorUtils.java:932)
	at org.apache.commons.collections4.IteratorUtils_ESTest.test024(IteratorUtils_ESTest.java:367)
	at sun.reflect.NativeMethodAccessorImpl.invoke0(Native Method)
	at sun.reflect.NativeMethodAccessorImpl.invoke(NativeMethodAccessorImpl.java:62)
	at sun.reflect.DelegatingMethodAccessorImpl.invoke(DelegatingMethodAccessorImpl.java:43)
	at java.lang.reflect.Method.invoke(Method.java:498)
	at org.junit.runners.model.FrameworkMethod$1.runReflectiveCall(FrameworkMethod.java:50)
	at org.junit.internal.runners.model.ReflectiveCallable.run(ReflectiveCallable.java:12)
	at org.junit.runners.model.FrameworkMethod.invokeExplosively(FrameworkMethod.java:47)
	at org.junit.internal.runners.statements.InvokeMethod.evaluate(InvokeMethod.java:17)
	at org.junit.internal.runners.statements.FailOnTimeout$CallableStatement.call(FailOnTimeout.java:298)
	at org.junit.internal.runners.statements.FailOnTimeout$CallableStatement.call(FailOnTimeout.java:292)
	at java.util.concurrent.FutureTask.run(FutureTask.java:266)
	at java.lang.Thread.run(Thread.java:748)
48) test025(org.apache.commons.collections4.IteratorUtils_ESTest)
org.evosuite.runtime.mock.java.lang.MockIllegalArgumentException: MapIterator must not be null
	at org.apache.commons.collections4.iterators.UnmodifiableMapIterator.unmodifiableMapIterator(UnmodifiableMapIterator.java:48)
	at org.apache.commons.collections4.IteratorUtils.unmodifiableMapIterator(IteratorUtils.java:533)
	at org.apache.commons.collections4.IteratorUtils_ESTest.test025(IteratorUtils_ESTest.java:382)
	at sun.reflect.NativeMethodAccessorImpl.invoke0(Native Method)
	at sun.reflect.NativeMethodAccessorImpl.invoke(NativeMethodAccessorImpl.java:62)
	at sun.reflect.DelegatingMethodAccessorImpl.invoke(DelegatingMethodAccessorImpl.java:43)
	at java.lang.reflect.Method.invoke(Method.java:498)
	at org.junit.runners.model.FrameworkMethod$1.runReflectiveCall(FrameworkMethod.java:50)
	at org.junit.internal.runners.model.ReflectiveCallable.run(ReflectiveCallable.java:12)
	at org.junit.runners.model.FrameworkMethod.invokeExplosively(FrameworkMethod.java:47)
	at org.junit.internal.runners.statements.InvokeMethod.evaluate(InvokeMethod.java:17)
	at org.junit.internal.runners.statements.FailOnTimeout$CallableStatement.call(FailOnTimeout.java:298)
	at org.junit.internal.runners.statements.FailOnTimeout$CallableStatement.call(FailOnTimeout.java:292)
	at java.util.concurrent.FutureTask.run(FutureTask.java:266)
	at java.lang.Thread.run(Thread.java:748)
49) test146(org.apache.commons.collections4.IteratorUtils_ESTest)
org.apache.commons.collections4.FunctorException: InvokerTransformer: The method 'org.apache.commons.collections4.map.Flat3Map$Values' on 'class java.sql.SQLTimeoutException' does not exist
	at org.apache.commons.collections4.functors.InvokerTransformer.transform(InvokerTransformer.java:132)
	at org.apache.commons.collections4.iterators.ObjectGraphIterator.updateCurrentIterator(ObjectGraphIterator.java:147)
	at org.apache.commons.collections4.iterators.ObjectGraphIterator.hasNext(ObjectGraphIterator.java:209)
	at org.apache.commons.collections4.IteratorUtils.toList(IteratorUtils.java:1146)
	at org.apache.commons.collections4.IteratorUtils.toList(IteratorUtils.java:1122)
	at org.apache.commons.collections4.IteratorUtils_ESTest.test146(IteratorUtils_ESTest.java:2023)
	at sun.reflect.NativeMethodAccessorImpl.invoke0(Native Method)
	at sun.reflect.NativeMethodAccessorImpl.invoke(NativeMethodAccessorImpl.java:62)
	at sun.reflect.DelegatingMethodAccessorImpl.invoke(DelegatingMethodAccessorImpl.java:43)
	at java.lang.reflect.Method.invoke(Method.java:498)
	at org.junit.runners.model.FrameworkMethod$1.runReflectiveCall(FrameworkMethod.java:50)
	at org.junit.internal.runners.model.ReflectiveCallable.run(ReflectiveCallable.java:12)
	at org.junit.runners.model.FrameworkMethod.invokeExplosively(FrameworkMethod.java:47)
	at org.junit.internal.runners.statements.InvokeMethod.evaluate(InvokeMethod.java:17)
	at org.junit.internal.runners.statements.FailOnTimeout$CallableStatement.call(FailOnTimeout.java:298)
	at org.junit.internal.runners.statements.FailOnTimeout$CallableStatement.call(FailOnTimeout.java:292)
	at java.util.concurrent.FutureTask.run(FutureTask.java:266)
	at java.lang.Thread.run(Thread.java:748)
50) test088(org.apache.commons.collections4.IteratorUtils_ESTest)
org.evosuite.runtime.mock.java.lang.MockNullPointerException: Predicate must not be null
	at org.apache.commons.collections4.IteratorUtils.matchesAny(IteratorUtils.java:1290)
	at org.apache.commons.collections4.IteratorUtils_ESTest.test088(IteratorUtils_ESTest.java:1309)
	at sun.reflect.NativeMethodAccessorImpl.invoke0(Native Method)
	at sun.reflect.NativeMethodAccessorImpl.invoke(NativeMethodAccessorImpl.java:62)
	at sun.reflect.DelegatingMethodAccessorImpl.invoke(DelegatingMethodAccessorImpl.java:43)
	at java.lang.reflect.Method.invoke(Method.java:498)
	at org.junit.runners.model.FrameworkMethod$1.runReflectiveCall(FrameworkMethod.java:50)
	at org.junit.internal.runners.model.ReflectiveCallable.run(ReflectiveCallable.java:12)
	at org.junit.runners.model.FrameworkMethod.invokeExplosively(FrameworkMethod.java:47)
	at org.junit.internal.runners.statements.InvokeMethod.evaluate(InvokeMethod.java:17)
	at org.junit.internal.runners.statements.FailOnTimeout$CallableStatement.call(FailOnTimeout.java:298)
	at org.junit.internal.runners.statements.FailOnTimeout$CallableStatement.call(FailOnTimeout.java:292)
	at java.util.concurrent.FutureTask.run(FutureTask.java:266)
	at java.lang.Thread.run(Thread.java:748)
51) test122(org.apache.commons.collections4.IteratorUtils_ESTest)
org.evosuite.runtime.mock.java.lang.MockNullPointerException: List must not be null
	at org.apache.commons.collections4.IteratorUtils.loopingListIterator(IteratorUtils.java:823)
	at org.apache.commons.collections4.IteratorUtils_ESTest.test122(IteratorUtils_ESTest.java:1697)
	at sun.reflect.NativeMethodAccessorImpl.invoke0(Native Method)
	at sun.reflect.NativeMethodAccessorImpl.invoke(NativeMethodAccessorImpl.java:62)
	at sun.reflect.DelegatingMethodAccessorImpl.invoke(DelegatingMethodAccessorImpl.java:43)
	at java.lang.reflect.Method.invoke(Method.java:498)
	at org.junit.runners.model.FrameworkMethod$1.runReflectiveCall(FrameworkMethod.java:50)
	at org.junit.internal.runners.model.ReflectiveCallable.run(ReflectiveCallable.java:12)
	at org.junit.runners.model.FrameworkMethod.invokeExplosively(FrameworkMethod.java:47)
	at org.junit.internal.runners.statements.InvokeMethod.evaluate(InvokeMethod.java:17)
	at org.junit.internal.runners.statements.FailOnTimeout$CallableStatement.call(FailOnTimeout.java:298)
	at org.junit.internal.runners.statements.FailOnTimeout$CallableStatement.call(FailOnTimeout.java:292)
	at java.util.concurrent.FutureTask.run(FutureTask.java:266)
	at java.lang.Thread.run(Thread.java:748)
52) test120(org.apache.commons.collections4.IteratorUtils_ESTest)
org.evosuite.runtime.mock.java.lang.MockNullPointerException: NodeList must not be null
	at org.apache.commons.collections4.IteratorUtils.nodeListIterator(IteratorUtils.java:841)
	at org.apache.commons.collections4.IteratorUtils_ESTest.test120(IteratorUtils_ESTest.java:1675)
	at sun.reflect.NativeMethodAccessorImpl.invoke0(Native Method)
	at sun.reflect.NativeMethodAccessorImpl.invoke(NativeMethodAccessorImpl.java:62)
	at sun.reflect.DelegatingMethodAccessorImpl.invoke(DelegatingMethodAccessorImpl.java:43)
	at java.lang.reflect.Method.invoke(Method.java:498)
	at org.junit.runners.model.FrameworkMethod$1.runReflectiveCall(FrameworkMethod.java:50)
	at org.junit.internal.runners.model.ReflectiveCallable.run(ReflectiveCallable.java:12)
	at org.junit.runners.model.FrameworkMethod.invokeExplosively(FrameworkMethod.java:47)
	at org.junit.internal.runners.statements.InvokeMethod.evaluate(InvokeMethod.java:17)
	at org.junit.internal.runners.statements.FailOnTimeout$CallableStatement.call(FailOnTimeout.java:298)
	at org.junit.internal.runners.statements.FailOnTimeout$CallableStatement.call(FailOnTimeout.java:292)
	at java.util.concurrent.FutureTask.run(FutureTask.java:266)
	at java.lang.Thread.run(Thread.java:748)
53) test083(org.apache.commons.collections4.IteratorUtils_ESTest)
org.evosuite.runtime.mock.java.lang.MockNullPointerException: Predicate must not be null
	at org.apache.commons.collections4.IteratorUtils.matchesAll(IteratorUtils.java:1319)
	at org.apache.commons.collections4.IteratorUtils_ESTest.test083(IteratorUtils_ESTest.java:1247)
	at sun.reflect.NativeMethodAccessorImpl.invoke0(Native Method)
	at sun.reflect.NativeMethodAccessorImpl.invoke(NativeMethodAccessorImpl.java:62)
	at sun.reflect.DelegatingMethodAccessorImpl.invoke(DelegatingMethodAccessorImpl.java:43)
	at java.lang.reflect.Method.invoke(Method.java:498)
	at org.junit.runners.model.FrameworkMethod$1.runReflectiveCall(FrameworkMethod.java:50)
	at org.junit.internal.runners.model.ReflectiveCallable.run(ReflectiveCallable.java:12)
	at org.junit.runners.model.FrameworkMethod.invokeExplosively(FrameworkMethod.java:47)
	at org.junit.internal.runners.statements.InvokeMethod.evaluate(InvokeMethod.java:17)
	at org.junit.internal.runners.statements.FailOnTimeout$CallableStatement.call(FailOnTimeout.java:298)
	at org.junit.internal.runners.statements.FailOnTimeout$CallableStatement.call(FailOnTimeout.java:292)
	at java.util.concurrent.FutureTask.run(FutureTask.java:266)
	at java.lang.Thread.run(Thread.java:748)
54) test118(org.apache.commons.collections4.IteratorUtils_ESTest)
org.evosuite.runtime.mock.java.lang.MockNullPointerException: Node must not be null
	at org.apache.commons.collections4.IteratorUtils.nodeListIterator(IteratorUtils.java:865)
	at org.apache.commons.collections4.IteratorUtils_ESTest.test118(IteratorUtils_ESTest.java:1653)
	at sun.reflect.NativeMethodAccessorImpl.invoke0(Native Method)
	at sun.reflect.NativeMethodAccessorImpl.invoke(NativeMethodAccessorImpl.java:62)
	at sun.reflect.DelegatingMethodAccessorImpl.invoke(DelegatingMethodAccessorImpl.java:43)
	at java.lang.reflect.Method.invoke(Method.java:498)
	at org.junit.runners.model.FrameworkMethod$1.runReflectiveCall(FrameworkMethod.java:50)
	at org.junit.internal.runners.model.ReflectiveCallable.run(ReflectiveCallable.java:12)
	at org.junit.runners.model.FrameworkMethod.invokeExplosively(FrameworkMethod.java:47)
	at org.junit.internal.runners.statements.InvokeMethod.evaluate(InvokeMethod.java:17)
	at org.junit.internal.runners.statements.FailOnTimeout$CallableStatement.call(FailOnTimeout.java:298)
	at org.junit.internal.runners.statements.FailOnTimeout$CallableStatement.call(FailOnTimeout.java:292)
	at java.util.concurrent.FutureTask.run(FutureTask.java:266)
	at java.lang.Thread.run(Thread.java:748)
55) test116(org.apache.commons.collections4.IteratorUtils_ESTest)
org.evosuite.runtime.mock.java.lang.MockNullPointerException: Enumeration must not be null
	at org.apache.commons.collections4.IteratorUtils.asIterator(IteratorUtils.java:976)
	at org.apache.commons.collections4.IteratorUtils_ESTest.test116(IteratorUtils_ESTest.java:1627)
	at sun.reflect.NativeMethodAccessorImpl.invoke0(Native Method)
	at sun.reflect.NativeMethodAccessorImpl.invoke(NativeMethodAccessorImpl.java:62)
	at sun.reflect.DelegatingMethodAccessorImpl.invoke(DelegatingMethodAccessorImpl.java:43)
	at java.lang.reflect.Method.invoke(Method.java:498)
	at org.junit.runners.model.FrameworkMethod$1.runReflectiveCall(FrameworkMethod.java:50)
	at org.junit.internal.runners.model.ReflectiveCallable.run(ReflectiveCallable.java:12)
	at org.junit.runners.model.FrameworkMethod.invokeExplosively(FrameworkMethod.java:47)
	at org.junit.internal.runners.statements.InvokeMethod.evaluate(InvokeMethod.java:17)
	at org.junit.internal.runners.statements.FailOnTimeout$CallableStatement.call(FailOnTimeout.java:298)
	at org.junit.internal.runners.statements.FailOnTimeout$CallableStatement.call(FailOnTimeout.java:292)
	at java.util.concurrent.FutureTask.run(FutureTask.java:266)
	at java.lang.Thread.run(Thread.java:748)
56) test114(org.apache.commons.collections4.IteratorUtils_ESTest)
org.evosuite.runtime.mock.java.lang.MockNullPointerException: Enumeration must not be null
	at org.apache.commons.collections4.IteratorUtils.asIterator(IteratorUtils.java:993)
	at org.apache.commons.collections4.IteratorUtils_ESTest.test114(IteratorUtils_ESTest.java:1595)
	at sun.reflect.NativeMethodAccessorImpl.invoke0(Native Method)
	at sun.reflect.NativeMethodAccessorImpl.invoke(NativeMethodAccessorImpl.java:62)
	at sun.reflect.DelegatingMethodAccessorImpl.invoke(DelegatingMethodAccessorImpl.java:43)
	at java.lang.reflect.Method.invoke(Method.java:498)
	at org.junit.runners.model.FrameworkMethod$1.runReflectiveCall(FrameworkMethod.java:50)
	at org.junit.internal.runners.model.ReflectiveCallable.run(ReflectiveCallable.java:12)
	at org.junit.runners.model.FrameworkMethod.invokeExplosively(FrameworkMethod.java:47)
	at org.junit.internal.runners.statements.InvokeMethod.evaluate(InvokeMethod.java:17)
	at org.junit.internal.runners.statements.FailOnTimeout$CallableStatement.call(FailOnTimeout.java:298)
	at org.junit.internal.runners.statements.FailOnTimeout$CallableStatement.call(FailOnTimeout.java:292)
	at java.util.concurrent.FutureTask.run(FutureTask.java:266)
	at java.lang.Thread.run(Thread.java:748)
57) test115(org.apache.commons.collections4.IteratorUtils_ESTest)
org.evosuite.runtime.mock.java.lang.MockNullPointerException: Collection must not be null
	at org.apache.commons.collections4.IteratorUtils.asIterator(IteratorUtils.java:996)
	at org.apache.commons.collections4.IteratorUtils_ESTest.test115(IteratorUtils_ESTest.java:1612)
	at sun.reflect.NativeMethodAccessorImpl.invoke0(Native Method)
	at sun.reflect.NativeMethodAccessorImpl.invoke(NativeMethodAccessorImpl.java:62)
	at sun.reflect.DelegatingMethodAccessorImpl.invoke(DelegatingMethodAccessorImpl.java:43)
	at java.lang.reflect.Method.invoke(Method.java:498)
	at org.junit.runners.model.FrameworkMethod$1.runReflectiveCall(FrameworkMethod.java:50)
	at org.junit.internal.runners.model.ReflectiveCallable.run(ReflectiveCallable.java:12)
	at org.junit.runners.model.FrameworkMethod.invokeExplosively(FrameworkMethod.java:47)
	at org.junit.internal.runners.statements.InvokeMethod.evaluate(InvokeMethod.java:17)
	at org.junit.internal.runners.statements.FailOnTimeout$CallableStatement.call(FailOnTimeout.java:298)
	at org.junit.internal.runners.statements.FailOnTimeout$CallableStatement.call(FailOnTimeout.java:292)
	at java.util.concurrent.FutureTask.run(FutureTask.java:266)
	at java.lang.Thread.run(Thread.java:748)
58) test112(org.apache.commons.collections4.IteratorUtils_ESTest)
org.evosuite.runtime.mock.java.lang.MockNullPointerException: Iterator must not be null
	at org.apache.commons.collections4.IteratorUtils.asEnumeration(IteratorUtils.java:1011)
	at org.apache.commons.collections4.IteratorUtils_ESTest.test112(IteratorUtils_ESTest.java:1569)
	at sun.reflect.NativeMethodAccessorImpl.invoke0(Native Method)
	at sun.reflect.NativeMethodAccessorImpl.invoke(NativeMethodAccessorImpl.java:62)
	at sun.reflect.DelegatingMethodAccessorImpl.invoke(DelegatingMethodAccessorImpl.java:43)
	at java.lang.reflect.Method.invoke(Method.java:498)
	at org.junit.runners.model.FrameworkMethod$1.runReflectiveCall(FrameworkMethod.java:50)
	at org.junit.internal.runners.model.ReflectiveCallable.run(ReflectiveCallable.java:12)
	at org.junit.runners.model.FrameworkMethod.invokeExplosively(FrameworkMethod.java:47)
	at org.junit.internal.runners.statements.InvokeMethod.evaluate(InvokeMethod.java:17)
	at org.junit.internal.runners.statements.FailOnTimeout$CallableStatement.call(FailOnTimeout.java:298)
	at org.junit.internal.runners.statements.FailOnTimeout$CallableStatement.call(FailOnTimeout.java:292)
	at java.util.concurrent.FutureTask.run(FutureTask.java:266)
	at java.lang.Thread.run(Thread.java:748)
59) test091(org.apache.commons.collections4.IteratorUtils_ESTest)
org.evosuite.runtime.mock.java.lang.MockNullPointerException: Predicate must not be null
	at org.apache.commons.collections4.IteratorUtils.find(IteratorUtils.java:1262)
	at org.apache.commons.collections4.IteratorUtils_ESTest.test091(IteratorUtils_ESTest.java:1340)
	at sun.reflect.NativeMethodAccessorImpl.invoke0(Native Method)
	at sun.reflect.NativeMethodAccessorImpl.invoke(NativeMethodAccessorImpl.java:62)
	at sun.reflect.DelegatingMethodAccessorImpl.invoke(DelegatingMethodAccessorImpl.java:43)
	at java.lang.reflect.Method.invoke(Method.java:498)
	at org.junit.runners.model.FrameworkMethod$1.runReflectiveCall(FrameworkMethod.java:50)
	at org.junit.internal.runners.model.ReflectiveCallable.run(ReflectiveCallable.java:12)
	at org.junit.runners.model.FrameworkMethod.invokeExplosively(FrameworkMethod.java:47)
	at org.junit.internal.runners.statements.InvokeMethod.evaluate(InvokeMethod.java:17)
	at org.junit.internal.runners.statements.FailOnTimeout$CallableStatement.call(FailOnTimeout.java:298)
	at org.junit.internal.runners.statements.FailOnTimeout$CallableStatement.call(FailOnTimeout.java:292)
	at java.util.concurrent.FutureTask.run(FutureTask.java:266)
	at java.lang.Thread.run(Thread.java:748)
60) test099(org.apache.commons.collections4.IteratorUtils_ESTest)
org.evosuite.runtime.mock.java.lang.MockIllegalArgumentException: Estimated size must be greater than 0
	at org.apache.commons.collections4.IteratorUtils.toList(IteratorUtils.java:1143)
	at org.apache.commons.collections4.IteratorUtils_ESTest.test099(IteratorUtils_ESTest.java:1407)
	at sun.reflect.NativeMethodAccessorImpl.invoke0(Native Method)
	at sun.reflect.NativeMethodAccessorImpl.invoke(NativeMethodAccessorImpl.java:62)
	at sun.reflect.DelegatingMethodAccessorImpl.invoke(DelegatingMethodAccessorImpl.java:43)
	at java.lang.reflect.Method.invoke(Method.java:498)
	at org.junit.runners.model.FrameworkMethod$1.runReflectiveCall(FrameworkMethod.java:50)
	at org.junit.internal.runners.model.ReflectiveCallable.run(ReflectiveCallable.java:12)
	at org.junit.runners.model.FrameworkMethod.invokeExplosively(FrameworkMethod.java:47)
	at org.junit.internal.runners.statements.InvokeMethod.evaluate(InvokeMethod.java:17)
	at org.junit.internal.runners.statements.FailOnTimeout$CallableStatement.call(FailOnTimeout.java:298)
	at org.junit.internal.runners.statements.FailOnTimeout$CallableStatement.call(FailOnTimeout.java:292)
	at java.util.concurrent.FutureTask.run(FutureTask.java:266)
	at java.lang.Thread.run(Thread.java:748)
61) test133(org.apache.commons.collections4.IteratorUtils_ESTest)
java.lang.NullPointerException
	at org.apache.commons.collections4.iterators.CollatingIterator.<init>(CollatingIterator.java:135)
	at org.apache.commons.collections4.IteratorUtils.collatedIterator(IteratorUtils.java:626)
	at org.apache.commons.collections4.IteratorUtils_ESTest.test133(IteratorUtils_ESTest.java:1862)
	at sun.reflect.NativeMethodAccessorImpl.invoke0(Native Method)
	at sun.reflect.NativeMethodAccessorImpl.invoke(NativeMethodAccessorImpl.java:62)
	at sun.reflect.DelegatingMethodAccessorImpl.invoke(DelegatingMethodAccessorImpl.java:43)
	at java.lang.reflect.Method.invoke(Method.java:498)
	at org.junit.runners.model.FrameworkMethod$1.runReflectiveCall(FrameworkMethod.java:50)
	at org.junit.internal.runners.model.ReflectiveCallable.run(ReflectiveCallable.java:12)
	at org.junit.runners.model.FrameworkMethod.invokeExplosively(FrameworkMethod.java:47)
	at org.junit.internal.runners.statements.InvokeMethod.evaluate(InvokeMethod.java:17)
	at org.junit.internal.runners.statements.FailOnTimeout$CallableStatement.call(FailOnTimeout.java:298)
	at org.junit.internal.runners.statements.FailOnTimeout$CallableStatement.call(FailOnTimeout.java:292)
	at java.util.concurrent.FutureTask.run(FutureTask.java:266)
	at java.lang.Thread.run(Thread.java:748)
62) test130(org.apache.commons.collections4.IteratorUtils_ESTest)
org.evosuite.runtime.mock.java.lang.MockNullPointerException: Iterator must not be null
	at org.apache.commons.collections4.IteratorUtils.transformedIterator(IteratorUtils.java:731)
	at org.apache.commons.collections4.IteratorUtils_ESTest.test130(IteratorUtils_ESTest.java:1822)
	at sun.reflect.NativeMethodAccessorImpl.invoke0(Native Method)
	at sun.reflect.NativeMethodAccessorImpl.invoke(NativeMethodAccessorImpl.java:62)
	at sun.reflect.DelegatingMethodAccessorImpl.invoke(DelegatingMethodAccessorImpl.java:43)
	at java.lang.reflect.Method.invoke(Method.java:498)
	at org.junit.runners.model.FrameworkMethod$1.runReflectiveCall(FrameworkMethod.java:50)
	at org.junit.internal.runners.model.ReflectiveCallable.run(ReflectiveCallable.java:12)
	at org.junit.runners.model.FrameworkMethod.invokeExplosively(FrameworkMethod.java:47)
	at org.junit.internal.runners.statements.InvokeMethod.evaluate(InvokeMethod.java:17)
	at org.junit.internal.runners.statements.FailOnTimeout$CallableStatement.call(FailOnTimeout.java:298)
	at org.junit.internal.runners.statements.FailOnTimeout$CallableStatement.call(FailOnTimeout.java:292)
	at java.util.concurrent.FutureTask.run(FutureTask.java:266)
	at java.lang.Thread.run(Thread.java:748)
63) test131(org.apache.commons.collections4.IteratorUtils_ESTest)
org.evosuite.runtime.mock.java.lang.MockNullPointerException: Transformer must not be null
	at org.apache.commons.collections4.IteratorUtils.transformedIterator(IteratorUtils.java:734)
	at org.apache.commons.collections4.IteratorUtils_ESTest.test131(IteratorUtils_ESTest.java:1838)
	at sun.reflect.NativeMethodAccessorImpl.invoke0(Native Method)
	at sun.reflect.NativeMethodAccessorImpl.invoke(NativeMethodAccessorImpl.java:62)
	at sun.reflect.DelegatingMethodAccessorImpl.invoke(DelegatingMethodAccessorImpl.java:43)
	at java.lang.reflect.Method.invoke(Method.java:498)
	at org.junit.runners.model.FrameworkMethod$1.runReflectiveCall(FrameworkMethod.java:50)
	at org.junit.internal.runners.model.ReflectiveCallable.run(ReflectiveCallable.java:12)
	at org.junit.runners.model.FrameworkMethod.invokeExplosively(FrameworkMethod.java:47)
	at org.junit.internal.runners.statements.InvokeMethod.evaluate(InvokeMethod.java:17)
	at org.junit.internal.runners.statements.FailOnTimeout$CallableStatement.call(FailOnTimeout.java:298)
	at org.junit.internal.runners.statements.FailOnTimeout$CallableStatement.call(FailOnTimeout.java:292)
	at java.util.concurrent.FutureTask.run(FutureTask.java:266)
	at java.lang.Thread.run(Thread.java:748)
64) test127(org.apache.commons.collections4.IteratorUtils_ESTest)
org.evosuite.runtime.mock.java.lang.MockNullPointerException: Predicate must not be null
	at org.apache.commons.collections4.IteratorUtils.filteredIterator(IteratorUtils.java:759)
	at org.apache.commons.collections4.IteratorUtils_ESTest.test127(IteratorUtils_ESTest.java:1781)
	at sun.reflect.NativeMethodAccessorImpl.invoke0(Native Method)
	at sun.reflect.NativeMethodAccessorImpl.invoke(NativeMethodAccessorImpl.java:62)
	at sun.reflect.DelegatingMethodAccessorImpl.invoke(DelegatingMethodAccessorImpl.java:43)
	at java.lang.reflect.Method.invoke(Method.java:498)
	at org.junit.runners.model.FrameworkMethod$1.runReflectiveCall(FrameworkMethod.java:50)
	at org.junit.internal.runners.model.ReflectiveCallable.run(ReflectiveCallable.java:12)
	at org.junit.runners.model.FrameworkMethod.invokeExplosively(FrameworkMethod.java:47)
	at org.junit.internal.runners.statements.InvokeMethod.evaluate(InvokeMethod.java:17)
	at org.junit.internal.runners.statements.FailOnTimeout$CallableStatement.call(FailOnTimeout.java:298)
	at org.junit.internal.runners.statements.FailOnTimeout$CallableStatement.call(FailOnTimeout.java:292)
	at java.util.concurrent.FutureTask.run(FutureTask.java:266)
	at java.lang.Thread.run(Thread.java:748)
65) test128(org.apache.commons.collections4.IteratorUtils_ESTest)
org.evosuite.runtime.mock.java.lang.MockNullPointerException: Iterator must not be null
	at org.apache.commons.collections4.IteratorUtils.filteredIterator(IteratorUtils.java:756)
	at org.apache.commons.collections4.IteratorUtils_ESTest.test128(IteratorUtils_ESTest.java:1797)
	at sun.reflect.NativeMethodAccessorImpl.invoke0(Native Method)
	at sun.reflect.NativeMethodAccessorImpl.invoke(NativeMethodAccessorImpl.java:62)
	at sun.reflect.DelegatingMethodAccessorImpl.invoke(DelegatingMethodAccessorImpl.java:43)
	at java.lang.reflect.Method.invoke(Method.java:498)
	at org.junit.runners.model.FrameworkMethod$1.runReflectiveCall(FrameworkMethod.java:50)
	at org.junit.internal.runners.model.ReflectiveCallable.run(ReflectiveCallable.java:12)
	at org.junit.runners.model.FrameworkMethod.invokeExplosively(FrameworkMethod.java:47)
	at org.junit.internal.runners.statements.InvokeMethod.evaluate(InvokeMethod.java:17)
	at org.junit.internal.runners.statements.FailOnTimeout$CallableStatement.call(FailOnTimeout.java:298)
	at org.junit.internal.runners.statements.FailOnTimeout$CallableStatement.call(FailOnTimeout.java:292)
	at java.util.concurrent.FutureTask.run(FutureTask.java:266)
	at java.lang.Thread.run(Thread.java:748)
66) test125(org.apache.commons.collections4.IteratorUtils_ESTest)
org.evosuite.runtime.mock.java.lang.MockNullPointerException: Predicate must not be null
	at org.apache.commons.collections4.IteratorUtils.filteredListIterator(IteratorUtils.java:783)
	at org.apache.commons.collections4.IteratorUtils_ESTest.test125(IteratorUtils_ESTest.java:1747)
	at sun.reflect.NativeMethodAccessorImpl.invoke0(Native Method)
	at sun.reflect.NativeMethodAccessorImpl.invoke(NativeMethodAccessorImpl.java:62)
	at sun.reflect.DelegatingMethodAccessorImpl.invoke(DelegatingMethodAccessorImpl.java:43)
	at java.lang.reflect.Method.invoke(Method.java:498)
	at org.junit.runners.model.FrameworkMethod$1.runReflectiveCall(FrameworkMethod.java:50)
	at org.junit.internal.runners.model.ReflectiveCallable.run(ReflectiveCallable.java:12)
	at org.junit.runners.model.FrameworkMethod.invokeExplosively(FrameworkMethod.java:47)
	at org.junit.internal.runners.statements.InvokeMethod.evaluate(InvokeMethod.java:17)
	at org.junit.internal.runners.statements.FailOnTimeout$CallableStatement.call(FailOnTimeout.java:298)
	at org.junit.internal.runners.statements.FailOnTimeout$CallableStatement.call(FailOnTimeout.java:292)
	at java.util.concurrent.FutureTask.run(FutureTask.java:266)
	at java.lang.Thread.run(Thread.java:748)
67) test126(org.apache.commons.collections4.IteratorUtils_ESTest)
org.evosuite.runtime.mock.java.lang.MockNullPointerException: ListIterator must not be null
	at org.apache.commons.collections4.IteratorUtils.filteredListIterator(IteratorUtils.java:780)
	at org.apache.commons.collections4.IteratorUtils_ESTest.test126(IteratorUtils_ESTest.java:1764)
	at sun.reflect.NativeMethodAccessorImpl.invoke0(Native Method)
	at sun.reflect.NativeMethodAccessorImpl.invoke(NativeMethodAccessorImpl.java:62)
	at sun.reflect.DelegatingMethodAccessorImpl.invoke(DelegatingMethodAccessorImpl.java:43)
	at java.lang.reflect.Method.invoke(Method.java:498)
	at org.junit.runners.model.FrameworkMethod$1.runReflectiveCall(FrameworkMethod.java:50)
	at org.junit.internal.runners.model.ReflectiveCallable.run(ReflectiveCallable.java:12)
	at org.junit.runners.model.FrameworkMethod.invokeExplosively(FrameworkMethod.java:47)
	at org.junit.internal.runners.statements.InvokeMethod.evaluate(InvokeMethod.java:17)
	at org.junit.internal.runners.statements.FailOnTimeout$CallableStatement.call(FailOnTimeout.java:298)
	at org.junit.internal.runners.statements.FailOnTimeout$CallableStatement.call(FailOnTimeout.java:292)
	at java.util.concurrent.FutureTask.run(FutureTask.java:266)
	at java.lang.Thread.run(Thread.java:748)
68) test002(org.apache.commons.collections4.IteratorUtils_ESTest)
java.lang.IllegalArgumentException: Argument is not an array
	at java.lang.reflect.Array.getLength(Native Method)
	at org.apache.commons.collections4.iterators.ArrayIterator.<init>(ArrayIterator.java:96)
	at org.apache.commons.collections4.iterators.ArrayListIterator.<init>(ArrayListIterator.java:94)
	at org.apache.commons.collections4.IteratorUtils.arrayListIterator(IteratorUtils.java:452)
	at org.apache.commons.collections4.IteratorUtils_ESTest.test002(IteratorUtils_ESTest.java:144)
	at sun.reflect.NativeMethodAccessorImpl.invoke0(Native Method)
	at sun.reflect.NativeMethodAccessorImpl.invoke(NativeMethodAccessorImpl.java:62)
	at sun.reflect.DelegatingMethodAccessorImpl.invoke(DelegatingMethodAccessorImpl.java:43)
	at java.lang.reflect.Method.invoke(Method.java:498)
	at org.junit.runners.model.FrameworkMethod$1.runReflectiveCall(FrameworkMethod.java:50)
	at org.junit.internal.runners.model.ReflectiveCallable.run(ReflectiveCallable.java:12)
	at org.junit.runners.model.FrameworkMethod.invokeExplosively(FrameworkMethod.java:47)
	at org.junit.internal.runners.statements.InvokeMethod.evaluate(InvokeMethod.java:17)
	at org.junit.internal.runners.statements.FailOnTimeout$CallableStatement.call(FailOnTimeout.java:298)
	at org.junit.internal.runners.statements.FailOnTimeout$CallableStatement.call(FailOnTimeout.java:292)
	at java.util.concurrent.FutureTask.run(FutureTask.java:266)
	at java.lang.Thread.run(Thread.java:748)
69) test124(org.apache.commons.collections4.IteratorUtils_ESTest)
org.evosuite.runtime.mock.java.lang.MockNullPointerException: Collection must not be null
	at org.apache.commons.collections4.IteratorUtils.loopingIterator(IteratorUtils.java:804)
	at org.apache.commons.collections4.IteratorUtils_ESTest.test124(IteratorUtils_ESTest.java:1730)
	at sun.reflect.NativeMethodAccessorImpl.invoke0(Native Method)
	at sun.reflect.NativeMethodAccessorImpl.invoke(NativeMethodAccessorImpl.java:62)
	at sun.reflect.DelegatingMethodAccessorImpl.invoke(DelegatingMethodAccessorImpl.java:43)
	at java.lang.reflect.Method.invoke(Method.java:498)
	at org.junit.runners.model.FrameworkMethod$1.runReflectiveCall(FrameworkMethod.java:50)
	at org.junit.internal.runners.model.ReflectiveCallable.run(ReflectiveCallable.java:12)
	at org.junit.runners.model.FrameworkMethod.invokeExplosively(FrameworkMethod.java:47)
	at org.junit.internal.runners.statements.InvokeMethod.evaluate(InvokeMethod.java:17)
	at org.junit.internal.runners.statements.FailOnTimeout$CallableStatement.call(FailOnTimeout.java:298)
	at org.junit.internal.runners.statements.FailOnTimeout$CallableStatement.call(FailOnTimeout.java:292)
	at java.util.concurrent.FutureTask.run(FutureTask.java:266)
	at java.lang.Thread.run(Thread.java:748)
70) test066(org.apache.commons.collections4.IteratorUtils_ESTest)
org.evosuite.runtime.mock.java.lang.MockNullPointerException: Iterator must not be null
	at org.apache.commons.collections4.IteratorUtils.toList(IteratorUtils.java:1140)
	at org.apache.commons.collections4.IteratorUtils_ESTest.test066(IteratorUtils_ESTest.java:1053)
	at sun.reflect.NativeMethodAccessorImpl.invoke0(Native Method)
	at sun.reflect.NativeMethodAccessorImpl.invoke(NativeMethodAccessorImpl.java:62)
	at sun.reflect.DelegatingMethodAccessorImpl.invoke(DelegatingMethodAccessorImpl.java:43)
	at java.lang.reflect.Method.invoke(Method.java:498)
	at org.junit.runners.model.FrameworkMethod$1.runReflectiveCall(FrameworkMethod.java:50)
	at org.junit.internal.runners.model.ReflectiveCallable.run(ReflectiveCallable.java:12)
	at org.junit.runners.model.FrameworkMethod.invokeExplosively(FrameworkMethod.java:47)
	at org.junit.internal.runners.statements.InvokeMethod.evaluate(InvokeMethod.java:17)
	at org.junit.internal.runners.statements.FailOnTimeout$CallableStatement.call(FailOnTimeout.java:298)
	at org.junit.internal.runners.statements.FailOnTimeout$CallableStatement.call(FailOnTimeout.java:292)
	at java.util.concurrent.FutureTask.run(FutureTask.java:266)
	at java.lang.Thread.run(Thread.java:748)
71) test100(org.apache.commons.collections4.IteratorUtils_ESTest)
org.evosuite.runtime.mock.java.lang.MockNullPointerException: Iterator must not be null
	at org.apache.commons.collections4.IteratorUtils.toList(IteratorUtils.java:1140)
	at org.apache.commons.collections4.IteratorUtils.toList(IteratorUtils.java:1122)
	at org.apache.commons.collections4.IteratorUtils_ESTest.test100(IteratorUtils_ESTest.java:1422)
	at sun.reflect.NativeMethodAccessorImpl.invoke0(Native Method)
	at sun.reflect.NativeMethodAccessorImpl.invoke(NativeMethodAccessorImpl.java:62)
	at sun.reflect.DelegatingMethodAccessorImpl.invoke(DelegatingMethodAccessorImpl.java:43)
	at java.lang.reflect.Method.invoke(Method.java:498)
	at org.junit.runners.model.FrameworkMethod$1.runReflectiveCall(FrameworkMethod.java:50)
	at org.junit.internal.runners.model.ReflectiveCallable.run(ReflectiveCallable.java:12)
	at org.junit.runners.model.FrameworkMethod.invokeExplosively(FrameworkMethod.java:47)
	at org.junit.internal.runners.statements.InvokeMethod.evaluate(InvokeMethod.java:17)
	at org.junit.internal.runners.statements.FailOnTimeout$CallableStatement.call(FailOnTimeout.java:298)
	at org.junit.internal.runners.statements.FailOnTimeout$CallableStatement.call(FailOnTimeout.java:292)
	at java.util.concurrent.FutureTask.run(FutureTask.java:266)
	at java.lang.Thread.run(Thread.java:748)
72) test065(org.apache.commons.collections4.IteratorUtils_ESTest)
org.evosuite.runtime.mock.java.lang.MockNullPointerException: transformer may not be null
	at org.apache.commons.collections4.IteratorUtils.toString(IteratorUtils.java:1473)
	at org.apache.commons.collections4.IteratorUtils_ESTest.test065(IteratorUtils_ESTest.java:1038)
	at sun.reflect.NativeMethodAccessorImpl.invoke0(Native Method)
	at sun.reflect.NativeMethodAccessorImpl.invoke(NativeMethodAccessorImpl.java:62)
	at sun.reflect.DelegatingMethodAccessorImpl.invoke(DelegatingMethodAccessorImpl.java:43)
	at java.lang.reflect.Method.invoke(Method.java:498)
	at org.junit.runners.model.FrameworkMethod$1.runReflectiveCall(FrameworkMethod.java:50)
	at org.junit.internal.runners.model.ReflectiveCallable.run(ReflectiveCallable.java:12)
	at org.junit.runners.model.FrameworkMethod.invokeExplosively(FrameworkMethod.java:47)
	at org.junit.internal.runners.statements.InvokeMethod.evaluate(InvokeMethod.java:17)
	at org.junit.internal.runners.statements.FailOnTimeout$CallableStatement.call(FailOnTimeout.java:298)
	at org.junit.internal.runners.statements.FailOnTimeout$CallableStatement.call(FailOnTimeout.java:292)
	at java.util.concurrent.FutureTask.run(FutureTask.java:266)
	at java.lang.Thread.run(Thread.java:748)
73) test062(org.apache.commons.collections4.IteratorUtils_ESTest)
java.lang.NullPointerException
	at java.lang.reflect.Array.getLength(Native Method)
	at org.apache.commons.collections4.iterators.ArrayIterator.<init>(ArrayIterator.java:74)
	at org.apache.commons.collections4.IteratorUtils.arrayIterator(IteratorUtils.java:318)
	at org.apache.commons.collections4.IteratorUtils_ESTest.test062(IteratorUtils_ESTest.java:998)
	at sun.reflect.NativeMethodAccessorImpl.invoke0(Native Method)
	at sun.reflect.NativeMethodAccessorImpl.invoke(NativeMethodAccessorImpl.java:62)
	at sun.reflect.DelegatingMethodAccessorImpl.invoke(DelegatingMethodAccessorImpl.java:43)
	at java.lang.reflect.Method.invoke(Method.java:498)
	at org.junit.runners.model.FrameworkMethod$1.runReflectiveCall(FrameworkMethod.java:50)
	at org.junit.internal.runners.model.ReflectiveCallable.run(ReflectiveCallable.java:12)
	at org.junit.runners.model.FrameworkMethod.invokeExplosively(FrameworkMethod.java:47)
	at org.junit.internal.runners.statements.InvokeMethod.evaluate(InvokeMethod.java:17)
	at org.junit.internal.runners.statements.FailOnTimeout$CallableStatement.call(FailOnTimeout.java:298)
	at org.junit.internal.runners.statements.FailOnTimeout$CallableStatement.call(FailOnTimeout.java:292)
	at java.util.concurrent.FutureTask.run(FutureTask.java:266)
	at java.lang.Thread.run(Thread.java:748)
74) test063(org.apache.commons.collections4.IteratorUtils_ESTest)
java.lang.IllegalArgumentException: Argument is not an array
	at java.lang.reflect.Array.getLength(Native Method)
	at org.apache.commons.collections4.iterators.ArrayIterator.<init>(ArrayIterator.java:74)
	at org.apache.commons.collections4.iterators.ArrayIterator.<init>(ArrayIterator.java:60)
	at org.apache.commons.collections4.IteratorUtils.arrayIterator(IteratorUtils.java:281)
	at org.apache.commons.collections4.IteratorUtils_ESTest.test063(IteratorUtils_ESTest.java:1014)
	at sun.reflect.NativeMethodAccessorImpl.invoke0(Native Method)
	at sun.reflect.NativeMethodAccessorImpl.invoke(NativeMethodAccessorImpl.java:62)
	at sun.reflect.DelegatingMethodAccessorImpl.invoke(DelegatingMethodAccessorImpl.java:43)
	at java.lang.reflect.Method.invoke(Method.java:498)
	at org.junit.runners.model.FrameworkMethod$1.runReflectiveCall(FrameworkMethod.java:50)
	at org.junit.internal.runners.model.ReflectiveCallable.run(ReflectiveCallable.java:12)
	at org.junit.runners.model.FrameworkMethod.invokeExplosively(FrameworkMethod.java:47)
	at org.junit.internal.runners.statements.InvokeMethod.evaluate(InvokeMethod.java:17)
	at org.junit.internal.runners.statements.FailOnTimeout$CallableStatement.call(FailOnTimeout.java:298)
	at org.junit.internal.runners.statements.FailOnTimeout$CallableStatement.call(FailOnTimeout.java:292)
	at java.util.concurrent.FutureTask.run(FutureTask.java:266)
	at java.lang.Thread.run(Thread.java:748)
75) test060(org.apache.commons.collections4.IteratorUtils_ESTest)
java.lang.NullPointerException
	at org.apache.commons.collections4.iterators.ObjectArrayIterator.<init>(ObjectArrayIterator.java:55)
	at org.apache.commons.collections4.IteratorUtils.arrayIterator(IteratorUtils.java:265)
	at org.apache.commons.collections4.IteratorUtils_ESTest.test060(IteratorUtils_ESTest.java:965)
	at sun.reflect.NativeMethodAccessorImpl.invoke0(Native Method)
	at sun.reflect.NativeMethodAccessorImpl.invoke(NativeMethodAccessorImpl.java:62)
	at sun.reflect.DelegatingMethodAccessorImpl.invoke(DelegatingMethodAccessorImpl.java:43)
	at java.lang.reflect.Method.invoke(Method.java:498)
	at org.junit.runners.model.FrameworkMethod$1.runReflectiveCall(FrameworkMethod.java:50)
	at org.junit.internal.runners.model.ReflectiveCallable.run(ReflectiveCallable.java:12)
	at org.junit.runners.model.FrameworkMethod.invokeExplosively(FrameworkMethod.java:47)
	at org.junit.internal.runners.statements.InvokeMethod.evaluate(InvokeMethod.java:17)
	at org.junit.internal.runners.statements.FailOnTimeout$CallableStatement.call(FailOnTimeout.java:298)
	at org.junit.internal.runners.statements.FailOnTimeout$CallableStatement.call(FailOnTimeout.java:292)
	at java.util.concurrent.FutureTask.run(FutureTask.java:266)
	at java.lang.Thread.run(Thread.java:748)
76) test061(org.apache.commons.collections4.IteratorUtils_ESTest)
java.lang.IllegalArgumentException: Argument is not an array
	at java.lang.reflect.Array.getLength(Native Method)
	at org.apache.commons.collections4.iterators.ArrayIterator.<init>(ArrayIterator.java:96)
	at org.apache.commons.collections4.IteratorUtils.arrayIterator(IteratorUtils.java:356)
	at org.apache.commons.collections4.IteratorUtils_ESTest.test061(IteratorUtils_ESTest.java:983)
	at sun.reflect.NativeMethodAccessorImpl.invoke0(Native Method)
	at sun.reflect.NativeMethodAccessorImpl.invoke(NativeMethodAccessorImpl.java:62)
	at sun.reflect.DelegatingMethodAccessorImpl.invoke(DelegatingMethodAccessorImpl.java:43)
	at java.lang.reflect.Method.invoke(Method.java:498)
	at org.junit.runners.model.FrameworkMethod$1.runReflectiveCall(FrameworkMethod.java:50)
	at org.junit.internal.runners.model.ReflectiveCallable.run(ReflectiveCallable.java:12)
	at org.junit.runners.model.FrameworkMethod.invokeExplosively(FrameworkMethod.java:47)
	at org.junit.internal.runners.statements.InvokeMethod.evaluate(InvokeMethod.java:17)
	at org.junit.internal.runners.statements.FailOnTimeout$CallableStatement.call(FailOnTimeout.java:298)
	at org.junit.internal.runners.statements.FailOnTimeout$CallableStatement.call(FailOnTimeout.java:292)
	at java.util.concurrent.FutureTask.run(FutureTask.java:266)
	at java.lang.Thread.run(Thread.java:748)
77) test059(org.apache.commons.collections4.IteratorUtils_ESTest)
java.lang.NullPointerException
	at org.apache.commons.collections4.iterators.ObjectArrayIterator.<init>(ObjectArrayIterator.java:68)
	at org.apache.commons.collections4.IteratorUtils.arrayIterator(IteratorUtils.java:299)
	at org.apache.commons.collections4.IteratorUtils_ESTest.test059(IteratorUtils_ESTest.java:950)
	at sun.reflect.NativeMethodAccessorImpl.invoke0(Native Method)
	at sun.reflect.NativeMethodAccessorImpl.invoke(NativeMethodAccessorImpl.java:62)
	at sun.reflect.DelegatingMethodAccessorImpl.invoke(DelegatingMethodAccessorImpl.java:43)
	at java.lang.reflect.Method.invoke(Method.java:498)
	at org.junit.runners.model.FrameworkMethod$1.runReflectiveCall(FrameworkMethod.java:50)
	at org.junit.internal.runners.model.ReflectiveCallable.run(ReflectiveCallable.java:12)
	at org.junit.runners.model.FrameworkMethod.invokeExplosively(FrameworkMethod.java:47)
	at org.junit.internal.runners.statements.InvokeMethod.evaluate(InvokeMethod.java:17)
	at org.junit.internal.runners.statements.FailOnTimeout$CallableStatement.call(FailOnTimeout.java:298)
	at org.junit.internal.runners.statements.FailOnTimeout$CallableStatement.call(FailOnTimeout.java:292)
	at java.util.concurrent.FutureTask.run(FutureTask.java:266)
	at java.lang.Thread.run(Thread.java:748)
78) test057(org.apache.commons.collections4.IteratorUtils_ESTest)
java.lang.NullPointerException
	at org.apache.commons.collections4.iterators.ObjectArrayIterator.<init>(ObjectArrayIterator.java:87)
	at org.apache.commons.collections4.IteratorUtils.arrayIterator(IteratorUtils.java:337)
	at org.apache.commons.collections4.IteratorUtils_ESTest.test057(IteratorUtils_ESTest.java:919)
	at sun.reflect.NativeMethodAccessorImpl.invoke0(Native Method)
	at sun.reflect.NativeMethodAccessorImpl.invoke(NativeMethodAccessorImpl.java:62)
	at sun.reflect.DelegatingMethodAccessorImpl.invoke(DelegatingMethodAccessorImpl.java:43)
	at java.lang.reflect.Method.invoke(Method.java:498)
	at org.junit.runners.model.FrameworkMethod$1.runReflectiveCall(FrameworkMethod.java:50)
	at org.junit.internal.runners.model.ReflectiveCallable.run(ReflectiveCallable.java:12)
	at org.junit.runners.model.FrameworkMethod.invokeExplosively(FrameworkMethod.java:47)
	at org.junit.internal.runners.statements.InvokeMethod.evaluate(InvokeMethod.java:17)
	at org.junit.internal.runners.statements.FailOnTimeout$CallableStatement.call(FailOnTimeout.java:298)
	at org.junit.internal.runners.statements.FailOnTimeout$CallableStatement.call(FailOnTimeout.java:292)
	at java.util.concurrent.FutureTask.run(FutureTask.java:266)
	at java.lang.Thread.run(Thread.java:748)
79) test058(org.apache.commons.collections4.IteratorUtils_ESTest)
org.evosuite.runtime.mock.java.lang.MockArrayIndexOutOfBoundsException: Start index must not be less than zero
	at org.apache.commons.collections4.iterators.ObjectArrayIterator.<init>(ObjectArrayIterator.java:85)
	at org.apache.commons.collections4.IteratorUtils.arrayIterator(IteratorUtils.java:337)
	at org.apache.commons.collections4.IteratorUtils_ESTest.test058(IteratorUtils_ESTest.java:935)
	at sun.reflect.NativeMethodAccessorImpl.invoke0(Native Method)
	at sun.reflect.NativeMethodAccessorImpl.invoke(NativeMethodAccessorImpl.java:62)
	at sun.reflect.DelegatingMethodAccessorImpl.invoke(DelegatingMethodAccessorImpl.java:43)
	at java.lang.reflect.Method.invoke(Method.java:498)
	at org.junit.runners.model.FrameworkMethod$1.runReflectiveCall(FrameworkMethod.java:50)
	at org.junit.internal.runners.model.ReflectiveCallable.run(ReflectiveCallable.java:12)
	at org.junit.runners.model.FrameworkMethod.invokeExplosively(FrameworkMethod.java:47)
	at org.junit.internal.runners.statements.InvokeMethod.evaluate(InvokeMethod.java:17)
	at org.junit.internal.runners.statements.FailOnTimeout$CallableStatement.call(FailOnTimeout.java:298)
	at org.junit.internal.runners.statements.FailOnTimeout$CallableStatement.call(FailOnTimeout.java:292)
	at java.util.concurrent.FutureTask.run(FutureTask.java:266)
	at java.lang.Thread.run(Thread.java:748)
80) test070(org.apache.commons.collections4.IteratorUtils_ESTest)
org.evosuite.runtime.mock.java.lang.MockNullPointerException: prefix may not be null
	at org.apache.commons.collections4.IteratorUtils.toString(IteratorUtils.java:1479)
	at org.apache.commons.collections4.IteratorUtils_ESTest.test070(IteratorUtils_ESTest.java:1105)
	at sun.reflect.NativeMethodAccessorImpl.invoke0(Native Method)
	at sun.reflect.NativeMethodAccessorImpl.invoke(NativeMethodAccessorImpl.java:62)
	at sun.reflect.DelegatingMethodAccessorImpl.invoke(DelegatingMethodAccessorImpl.java:43)
	at java.lang.reflect.Method.invoke(Method.java:498)
	at org.junit.runners.model.FrameworkMethod$1.runReflectiveCall(FrameworkMethod.java:50)
	at org.junit.internal.runners.model.ReflectiveCallable.run(ReflectiveCallable.java:12)
	at org.junit.runners.model.FrameworkMethod.invokeExplosively(FrameworkMethod.java:47)
	at org.junit.internal.runners.statements.InvokeMethod.evaluate(InvokeMethod.java:17)
	at org.junit.internal.runners.statements.FailOnTimeout$CallableStatement.call(FailOnTimeout.java:298)
	at org.junit.internal.runners.statements.FailOnTimeout$CallableStatement.call(FailOnTimeout.java:292)
	at java.util.concurrent.FutureTask.run(FutureTask.java:266)
	at java.lang.Thread.run(Thread.java:748)
81) test110(org.apache.commons.collections4.IteratorUtils_ESTest)
org.evosuite.runtime.mock.java.lang.MockNullPointerException: Iterator must not be null
	at org.apache.commons.collections4.IteratorUtils.asIterable(IteratorUtils.java:1027)
	at org.apache.commons.collections4.IteratorUtils_ESTest.test110(IteratorUtils_ESTest.java:1546)
	at sun.reflect.NativeMethodAccessorImpl.invoke0(Native Method)
	at sun.reflect.NativeMethodAccessorImpl.invoke(NativeMethodAccessorImpl.java:62)
	at sun.reflect.DelegatingMethodAccessorImpl.invoke(DelegatingMethodAccessorImpl.java:43)
	at java.lang.reflect.Method.invoke(Method.java:498)
	at org.junit.runners.model.FrameworkMethod$1.runReflectiveCall(FrameworkMethod.java:50)
	at org.junit.internal.runners.model.ReflectiveCallable.run(ReflectiveCallable.java:12)
	at org.junit.runners.model.FrameworkMethod.invokeExplosively(FrameworkMethod.java:47)
	at org.junit.internal.runners.statements.InvokeMethod.evaluate(InvokeMethod.java:17)
	at org.junit.internal.runners.statements.FailOnTimeout$CallableStatement.call(FailOnTimeout.java:298)
	at org.junit.internal.runners.statements.FailOnTimeout$CallableStatement.call(FailOnTimeout.java:292)
	at java.util.concurrent.FutureTask.run(FutureTask.java:266)
	at java.lang.Thread.run(Thread.java:748)
82) test076(org.apache.commons.collections4.IteratorUtils_ESTest)
java.lang.IndexOutOfBoundsException: Entry does not exist: 99
	at org.apache.commons.collections4.IteratorUtils.get(IteratorUtils.java:1386)
	at org.apache.commons.collections4.IteratorUtils_ESTest.test076(IteratorUtils_ESTest.java:1179)
	at sun.reflect.NativeMethodAccessorImpl.invoke0(Native Method)
	at sun.reflect.NativeMethodAccessorImpl.invoke(NativeMethodAccessorImpl.java:62)
	at sun.reflect.DelegatingMethodAccessorImpl.invoke(DelegatingMethodAccessorImpl.java:43)
	at java.lang.reflect.Method.invoke(Method.java:498)
	at org.junit.runners.model.FrameworkMethod$1.runReflectiveCall(FrameworkMethod.java:50)
	at org.junit.internal.runners.model.ReflectiveCallable.run(ReflectiveCallable.java:12)
	at org.junit.runners.model.FrameworkMethod.invokeExplosively(FrameworkMethod.java:47)
	at org.junit.internal.runners.statements.InvokeMethod.evaluate(InvokeMethod.java:17)
	at org.junit.internal.runners.statements.FailOnTimeout$CallableStatement.call(FailOnTimeout.java:298)
	at org.junit.internal.runners.statements.FailOnTimeout$CallableStatement.call(FailOnTimeout.java:292)
	at java.util.concurrent.FutureTask.run(FutureTask.java:266)
	at java.lang.Thread.run(Thread.java:748)
83) test071(org.apache.commons.collections4.IteratorUtils_ESTest)
org.evosuite.runtime.mock.java.lang.MockNullPointerException: delimiter may not be null
	at org.apache.commons.collections4.IteratorUtils.toString(IteratorUtils.java:1476)
	at org.apache.commons.collections4.IteratorUtils_ESTest.test071(IteratorUtils_ESTest.java:1121)
	at sun.reflect.NativeMethodAccessorImpl.invoke0(Native Method)
	at sun.reflect.NativeMethodAccessorImpl.invoke(NativeMethodAccessorImpl.java:62)
	at sun.reflect.DelegatingMethodAccessorImpl.invoke(DelegatingMethodAccessorImpl.java:43)
	at java.lang.reflect.Method.invoke(Method.java:498)
	at org.junit.runners.model.FrameworkMethod$1.runReflectiveCall(FrameworkMethod.java:50)
	at org.junit.internal.runners.model.ReflectiveCallable.run(ReflectiveCallable.java:12)
	at org.junit.runners.model.FrameworkMethod.invokeExplosively(FrameworkMethod.java:47)
	at org.junit.internal.runners.statements.InvokeMethod.evaluate(InvokeMethod.java:17)
	at org.junit.internal.runners.statements.FailOnTimeout$CallableStatement.call(FailOnTimeout.java:298)
	at org.junit.internal.runners.statements.FailOnTimeout$CallableStatement.call(FailOnTimeout.java:292)
	at java.util.concurrent.FutureTask.run(FutureTask.java:266)
	at java.lang.Thread.run(Thread.java:748)
84) test072(org.apache.commons.collections4.IteratorUtils_ESTest)
org.evosuite.runtime.mock.java.lang.MockNullPointerException: transformer may not be null
	at org.apache.commons.collections4.IteratorUtils.toString(IteratorUtils.java:1473)
	at org.apache.commons.collections4.IteratorUtils.toString(IteratorUtils.java:1445)
	at org.apache.commons.collections4.IteratorUtils_ESTest.test072(IteratorUtils_ESTest.java:1137)
	at sun.reflect.NativeMethodAccessorImpl.invoke0(Native Method)
	at sun.reflect.NativeMethodAccessorImpl.invoke(NativeMethodAccessorImpl.java:62)
	at sun.reflect.DelegatingMethodAccessorImpl.invoke(DelegatingMethodAccessorImpl.java:43)
	at java.lang.reflect.Method.invoke(Method.java:498)
	at org.junit.runners.model.FrameworkMethod$1.runReflectiveCall(FrameworkMethod.java:50)
	at org.junit.internal.runners.model.ReflectiveCallable.run(ReflectiveCallable.java:12)
	at org.junit.runners.model.FrameworkMethod.invokeExplosively(FrameworkMethod.java:47)
	at org.junit.internal.runners.statements.InvokeMethod.evaluate(InvokeMethod.java:17)
	at org.junit.internal.runners.statements.FailOnTimeout$CallableStatement.call(FailOnTimeout.java:298)
	at org.junit.internal.runners.statements.FailOnTimeout$CallableStatement.call(FailOnTimeout.java:292)
	at java.util.concurrent.FutureTask.run(FutureTask.java:266)
	at java.lang.Thread.run(Thread.java:748)
85) test108(org.apache.commons.collections4.IteratorUtils_ESTest)
org.evosuite.runtime.mock.java.lang.MockNullPointerException: Iterator must not be null
	at org.apache.commons.collections4.IteratorUtils.asMultipleUseIterable(IteratorUtils.java:1043)
	at org.apache.commons.collections4.IteratorUtils_ESTest.test108(IteratorUtils_ESTest.java:1523)
	at sun.reflect.NativeMethodAccessorImpl.invoke0(Native Method)
	at sun.reflect.NativeMethodAccessorImpl.invoke(NativeMethodAccessorImpl.java:62)
	at sun.reflect.DelegatingMethodAccessorImpl.invoke(DelegatingMethodAccessorImpl.java:43)
	at java.lang.reflect.Method.invoke(Method.java:498)
	at org.junit.runners.model.FrameworkMethod$1.runReflectiveCall(FrameworkMethod.java:50)
	at org.junit.internal.runners.model.ReflectiveCallable.run(ReflectiveCallable.java:12)
	at org.junit.runners.model.FrameworkMethod.invokeExplosively(FrameworkMethod.java:47)
	at org.junit.internal.runners.statements.InvokeMethod.evaluate(InvokeMethod.java:17)
	at org.junit.internal.runners.statements.FailOnTimeout$CallableStatement.call(FailOnTimeout.java:298)
	at org.junit.internal.runners.statements.FailOnTimeout$CallableStatement.call(FailOnTimeout.java:292)
	at java.util.concurrent.FutureTask.run(FutureTask.java:266)
	at java.lang.Thread.run(Thread.java:748)
86) test106(org.apache.commons.collections4.IteratorUtils_ESTest)
org.evosuite.runtime.mock.java.lang.MockNullPointerException: Iterator must not be null
	at org.apache.commons.collections4.IteratorUtils.toListIterator(IteratorUtils.java:1061)
	at org.apache.commons.collections4.IteratorUtils_ESTest.test106(IteratorUtils_ESTest.java:1500)
	at sun.reflect.NativeMethodAccessorImpl.invoke0(Native Method)
	at sun.reflect.NativeMethodAccessorImpl.invoke(NativeMethodAccessorImpl.java:62)
	at sun.reflect.DelegatingMethodAccessorImpl.invoke(DelegatingMethodAccessorImpl.java:43)
	at java.lang.reflect.Method.invoke(Method.java:498)
	at org.junit.runners.model.FrameworkMethod$1.runReflectiveCall(FrameworkMethod.java:50)
	at org.junit.internal.runners.model.ReflectiveCallable.run(ReflectiveCallable.java:12)
	at org.junit.runners.model.FrameworkMethod.invokeExplosively(FrameworkMethod.java:47)
	at org.junit.internal.runners.statements.InvokeMethod.evaluate(InvokeMethod.java:17)
	at org.junit.internal.runners.statements.FailOnTimeout$CallableStatement.call(FailOnTimeout.java:298)
	at org.junit.internal.runners.statements.FailOnTimeout$CallableStatement.call(FailOnTimeout.java:292)
	at java.util.concurrent.FutureTask.run(FutureTask.java:266)
	at java.lang.Thread.run(Thread.java:748)
87) test104(org.apache.commons.collections4.IteratorUtils_ESTest)
org.evosuite.runtime.mock.java.lang.MockNullPointerException: Iterator must not be null
	at org.apache.commons.collections4.IteratorUtils.toArray(IteratorUtils.java:1078)
	at org.apache.commons.collections4.IteratorUtils_ESTest.test104(IteratorUtils_ESTest.java:1478)
	at sun.reflect.NativeMethodAccessorImpl.invoke0(Native Method)
	at sun.reflect.NativeMethodAccessorImpl.invoke(NativeMethodAccessorImpl.java:62)
	at sun.reflect.DelegatingMethodAccessorImpl.invoke(DelegatingMethodAccessorImpl.java:43)
	at java.lang.reflect.Method.invoke(Method.java:498)
	at org.junit.runners.model.FrameworkMethod$1.runReflectiveCall(FrameworkMethod.java:50)
	at org.junit.internal.runners.model.ReflectiveCallable.run(ReflectiveCallable.java:12)
	at org.junit.runners.model.FrameworkMethod.invokeExplosively(FrameworkMethod.java:47)
	at org.junit.internal.runners.statements.InvokeMethod.evaluate(InvokeMethod.java:17)
	at org.junit.internal.runners.statements.FailOnTimeout$CallableStatement.call(FailOnTimeout.java:298)
	at org.junit.internal.runners.statements.FailOnTimeout$CallableStatement.call(FailOnTimeout.java:292)
	at java.util.concurrent.FutureTask.run(FutureTask.java:266)
	at java.lang.Thread.run(Thread.java:748)
88) test101(org.apache.commons.collections4.IteratorUtils_ESTest)
org.evosuite.runtime.mock.java.lang.MockNullPointerException: Array class must not be null
	at org.apache.commons.collections4.IteratorUtils.toArray(IteratorUtils.java:1102)
	at org.apache.commons.collections4.IteratorUtils_ESTest.test101(IteratorUtils_ESTest.java:1438)
	at sun.reflect.NativeMethodAccessorImpl.invoke0(Native Method)
	at sun.reflect.NativeMethodAccessorImpl.invoke(NativeMethodAccessorImpl.java:62)
	at sun.reflect.DelegatingMethodAccessorImpl.invoke(DelegatingMethodAccessorImpl.java:43)
	at java.lang.reflect.Method.invoke(Method.java:498)
	at org.junit.runners.model.FrameworkMethod$1.runReflectiveCall(FrameworkMethod.java:50)
	at org.junit.internal.runners.model.ReflectiveCallable.run(ReflectiveCallable.java:12)
	at org.junit.runners.model.FrameworkMethod.invokeExplosively(FrameworkMethod.java:47)
	at org.junit.internal.runners.statements.InvokeMethod.evaluate(InvokeMethod.java:17)
	at org.junit.internal.runners.statements.FailOnTimeout$CallableStatement.call(FailOnTimeout.java:298)
	at org.junit.internal.runners.statements.FailOnTimeout$CallableStatement.call(FailOnTimeout.java:292)
	at java.util.concurrent.FutureTask.run(FutureTask.java:266)
	at java.lang.Thread.run(Thread.java:748)
89) test069(org.apache.commons.collections4.IteratorUtils_ESTest)
org.evosuite.runtime.mock.java.lang.MockNullPointerException: suffix may not be null
	at org.apache.commons.collections4.IteratorUtils.toString(IteratorUtils.java:1482)
	at org.apache.commons.collections4.IteratorUtils_ESTest.test069(IteratorUtils_ESTest.java:1088)
	at sun.reflect.NativeMethodAccessorImpl.invoke0(Native Method)
	at sun.reflect.NativeMethodAccessorImpl.invoke(NativeMethodAccessorImpl.java:62)
	at sun.reflect.DelegatingMethodAccessorImpl.invoke(DelegatingMethodAccessorImpl.java:43)
	at java.lang.reflect.Method.invoke(Method.java:498)
	at org.junit.runners.model.FrameworkMethod$1.runReflectiveCall(FrameworkMethod.java:50)
	at org.junit.internal.runners.model.ReflectiveCallable.run(ReflectiveCallable.java:12)
	at org.junit.runners.model.FrameworkMethod.invokeExplosively(FrameworkMethod.java:47)
	at org.junit.internal.runners.statements.InvokeMethod.evaluate(InvokeMethod.java:17)
	at org.junit.internal.runners.statements.FailOnTimeout$CallableStatement.call(FailOnTimeout.java:298)
	at org.junit.internal.runners.statements.FailOnTimeout$CallableStatement.call(FailOnTimeout.java:292)
	at java.util.concurrent.FutureTask.run(FutureTask.java:266)
	at java.lang.Thread.run(Thread.java:748)
90) test102(org.apache.commons.collections4.IteratorUtils_ESTest)
org.evosuite.runtime.mock.java.lang.MockNullPointerException: Iterator must not be null
	at org.apache.commons.collections4.IteratorUtils.toArray(IteratorUtils.java:1099)
	at org.apache.commons.collections4.IteratorUtils_ESTest.test102(IteratorUtils_ESTest.java:1454)
	at sun.reflect.NativeMethodAccessorImpl.invoke0(Native Method)
	at sun.reflect.NativeMethodAccessorImpl.invoke(NativeMethodAccessorImpl.java:62)
	at sun.reflect.DelegatingMethodAccessorImpl.invoke(DelegatingMethodAccessorImpl.java:43)
	at java.lang.reflect.Method.invoke(Method.java:498)
	at org.junit.runners.model.FrameworkMethod$1.runReflectiveCall(FrameworkMethod.java:50)
	at org.junit.internal.runners.model.ReflectiveCallable.run(ReflectiveCallable.java:12)
	at org.junit.runners.model.FrameworkMethod.invokeExplosively(FrameworkMethod.java:47)
	at org.junit.internal.runners.statements.InvokeMethod.evaluate(InvokeMethod.java:17)
	at org.junit.internal.runners.statements.FailOnTimeout$CallableStatement.call(FailOnTimeout.java:298)
	at org.junit.internal.runners.statements.FailOnTimeout$CallableStatement.call(FailOnTimeout.java:292)
	at java.util.concurrent.FutureTask.run(FutureTask.java:266)
	at java.lang.Thread.run(Thread.java:748)

FAILURES!!!
Tests run: 161,  Failures: 90

