JUnit version 4.12
.E.E.E.E..E.......E.E..........E.E..E..E..E.E.E..E...E..E..................E.......E...E..E.E.E...E...E..E
Time: 19.319
There were 26 failures:
1) test53(com.google.gson.internal.bind.TypeAdapters_ESTest)
com.google.gson.JsonSyntaxException: Expecting character, got: ?^
	at com.google.gson.internal.bind.TypeAdapters$16.read(TypeAdapters.java:397)
	at com.google.gson.internal.bind.TypeAdapters$16.read(TypeAdapters.java:388)
	at com.google.gson.Gson.fromJson(Gson.java:864)
	at com.google.gson.Gson.fromJson(Gson.java:829)
	at com.google.gson.Gson.fromJson(Gson.java:778)
	at com.google.gson.internal.bind.TypeAdapters_ESTest.test53(TypeAdapters_ESTest.java:684)
	at sun.reflect.NativeMethodAccessorImpl.invoke0(Native Method)
	at sun.reflect.NativeMethodAccessorImpl.invoke(NativeMethodAccessorImpl.java:62)
	at sun.reflect.DelegatingMethodAccessorImpl.invoke(DelegatingMethodAccessorImpl.java:43)
	at java.lang.reflect.Method.invoke(Method.java:498)
	at org.junit.runners.model.FrameworkMethod$1.runReflectiveCall(FrameworkMethod.java:50)
	at org.junit.internal.runners.model.ReflectiveCallable.run(ReflectiveCallable.java:12)
	at org.junit.runners.model.FrameworkMethod.invokeExplosively(FrameworkMethod.java:47)
	at org.junit.internal.runners.statements.InvokeMethod.evaluate(InvokeMethod.java:17)
	at org.junit.internal.runners.statements.FailOnTimeout$CallableStatement.call(FailOnTimeout.java:298)
	at org.junit.internal.runners.statements.FailOnTimeout$CallableStatement.call(FailOnTimeout.java:292)
	at java.util.concurrent.FutureTask.run(FutureTask.java:266)
	at java.lang.Thread.run(Thread.java:748)
2) test10(com.google.gson.internal.bind.TypeAdapters_ESTest)
com.google.gson.JsonSyntaxException: Expected a com.google.gson.JsonArray but was com.google.gson.JsonPrimitive
	at com.google.gson.internal.bind.TypeAdapters$35$1.read(TypeAdapters.java:916)
	at com.google.gson.Gson.fromJson(Gson.java:864)
	at com.google.gson.Gson.fromJson(Gson.java:929)
	at com.google.gson.internal.bind.TypeAdapters_ESTest.test10(TypeAdapters_ESTest.java:217)
	at sun.reflect.NativeMethodAccessorImpl.invoke0(Native Method)
	at sun.reflect.NativeMethodAccessorImpl.invoke(NativeMethodAccessorImpl.java:62)
	at sun.reflect.DelegatingMethodAccessorImpl.invoke(DelegatingMethodAccessorImpl.java:43)
	at java.lang.reflect.Method.invoke(Method.java:498)
	at org.junit.runners.model.FrameworkMethod$1.runReflectiveCall(FrameworkMethod.java:50)
	at org.junit.internal.runners.model.ReflectiveCallable.run(ReflectiveCallable.java:12)
	at org.junit.runners.model.FrameworkMethod.invokeExplosively(FrameworkMethod.java:47)
	at org.junit.internal.runners.statements.InvokeMethod.evaluate(InvokeMethod.java:17)
	at org.junit.internal.runners.statements.FailOnTimeout$CallableStatement.call(FailOnTimeout.java:298)
	at org.junit.internal.runners.statements.FailOnTimeout$CallableStatement.call(FailOnTimeout.java:292)
	at java.util.concurrent.FutureTask.run(FutureTask.java:266)
	at java.lang.Thread.run(Thread.java:748)
3) test54(com.google.gson.internal.bind.TypeAdapters_ESTest)
com.google.gson.JsonSyntaxException: org.evosuite.runtime.mock.java.lang.MockThrowable: Use JsonReader.setLenient(true) to accept malformed JSON at line 1 column 3 path $
	at com.google.gson.Gson.assertFullConsumption(Gson.java:840)
	at com.google.gson.Gson.fromJson(Gson.java:830)
	at com.google.gson.Gson.fromJson(Gson.java:778)
	at com.google.gson.internal.bind.TypeAdapters_ESTest.test54(TypeAdapters_ESTest.java:700)
	at sun.reflect.NativeMethodAccessorImpl.invoke0(Native Method)
	at sun.reflect.NativeMethodAccessorImpl.invoke(NativeMethodAccessorImpl.java:62)
	at sun.reflect.DelegatingMethodAccessorImpl.invoke(DelegatingMethodAccessorImpl.java:43)
	at java.lang.reflect.Method.invoke(Method.java:498)
	at org.junit.runners.model.FrameworkMethod$1.runReflectiveCall(FrameworkMethod.java:50)
	at org.junit.internal.runners.model.ReflectiveCallable.run(ReflectiveCallable.java:12)
	at org.junit.runners.model.FrameworkMethod.invokeExplosively(FrameworkMethod.java:47)
	at org.junit.internal.runners.statements.InvokeMethod.evaluate(InvokeMethod.java:17)
	at org.junit.internal.runners.statements.FailOnTimeout$CallableStatement.call(FailOnTimeout.java:298)
	at org.junit.internal.runners.statements.FailOnTimeout$CallableStatement.call(FailOnTimeout.java:292)
	at java.util.concurrent.FutureTask.run(FutureTask.java:266)
	at java.lang.Thread.run(Thread.java:748)
Caused by: com.google.gson.stream.MalformedJsonException: Use JsonReader.setLenient(true) to accept malformed JSON at line 1 column 3 path $
	at com.google.gson.stream.JsonReader.syntaxError(JsonReader.java:1574)
	at com.google.gson.stream.JsonReader.checkLenient(JsonReader.java:1424)
	at com.google.gson.stream.JsonReader.doPeek(JsonReader.java:546)
	at com.google.gson.stream.JsonReader.peek(JsonReader.java:429)
	at com.google.gson.Gson.assertFullConsumption(Gson.java:836)
	... 15 more
4) test11(com.google.gson.internal.bind.TypeAdapters_ESTest)
com.google.gson.JsonSyntaxException: Expected a com.google.gson.JsonNull but was com.google.gson.JsonArray
	at com.google.gson.internal.bind.TypeAdapters$35$1.read(TypeAdapters.java:916)
	at com.google.gson.Gson.fromJson(Gson.java:864)
	at com.google.gson.Gson.fromJson(Gson.java:929)
	at com.google.gson.Gson.fromJson(Gson.java:902)
	at com.google.gson.internal.bind.TypeAdapters_ESTest.test11(TypeAdapters_ESTest.java:234)
	at sun.reflect.NativeMethodAccessorImpl.invoke0(Native Method)
	at sun.reflect.NativeMethodAccessorImpl.invoke(NativeMethodAccessorImpl.java:62)
	at sun.reflect.DelegatingMethodAccessorImpl.invoke(DelegatingMethodAccessorImpl.java:43)
	at java.lang.reflect.Method.invoke(Method.java:498)
	at org.junit.runners.model.FrameworkMethod$1.runReflectiveCall(FrameworkMethod.java:50)
	at org.junit.internal.runners.model.ReflectiveCallable.run(ReflectiveCallable.java:12)
	at org.junit.runners.model.FrameworkMethod.invokeExplosively(FrameworkMethod.java:47)
	at org.junit.internal.runners.statements.InvokeMethod.evaluate(InvokeMethod.java:17)
	at org.junit.internal.runners.statements.FailOnTimeout$CallableStatement.call(FailOnTimeout.java:298)
	at org.junit.internal.runners.statements.FailOnTimeout$CallableStatement.call(FailOnTimeout.java:292)
	at java.util.concurrent.FutureTask.run(FutureTask.java:266)
	at java.lang.Thread.run(Thread.java:748)
5) test12(com.google.gson.internal.bind.TypeAdapters_ESTest)
com.google.gson.JsonSyntaxException: Expected a com.google.gson.JsonNull but was com.google.gson.JsonPrimitive
	at com.google.gson.internal.bind.TypeAdapters$35$1.read(TypeAdapters.java:916)
	at com.google.gson.Gson.fromJson(Gson.java:864)
	at com.google.gson.Gson.fromJson(Gson.java:929)
	at com.google.gson.internal.bind.TypeAdapters_ESTest.test12(TypeAdapters_ESTest.java:252)
	at sun.reflect.NativeMethodAccessorImpl.invoke0(Native Method)
	at sun.reflect.NativeMethodAccessorImpl.invoke(NativeMethodAccessorImpl.java:62)
	at sun.reflect.DelegatingMethodAccessorImpl.invoke(DelegatingMethodAccessorImpl.java:43)
	at java.lang.reflect.Method.invoke(Method.java:498)
	at org.junit.runners.model.FrameworkMethod$1.runReflectiveCall(FrameworkMethod.java:50)
	at org.junit.internal.runners.model.ReflectiveCallable.run(ReflectiveCallable.java:12)
	at org.junit.runners.model.FrameworkMethod.invokeExplosively(FrameworkMethod.java:47)
	at org.junit.internal.runners.statements.InvokeMethod.evaluate(InvokeMethod.java:17)
	at org.junit.internal.runners.statements.FailOnTimeout$CallableStatement.call(FailOnTimeout.java:298)
	at org.junit.internal.runners.statements.FailOnTimeout$CallableStatement.call(FailOnTimeout.java:292)
	at java.util.concurrent.FutureTask.run(FutureTask.java:266)
	at java.lang.Thread.run(Thread.java:748)
6) test59(com.google.gson.internal.bind.TypeAdapters_ESTest)
com.google.gson.JsonSyntaxException: java.lang.NumberFormatException: For input string: "GZH_s"
	at com.google.gson.internal.bind.TypeAdapters$11.read(TypeAdapters.java:249)
	at com.google.gson.internal.bind.TypeAdapters$11.read(TypeAdapters.java:239)
	at com.google.gson.Gson.fromJson(Gson.java:864)
	at com.google.gson.Gson.fromJson(Gson.java:829)
	at com.google.gson.Gson.fromJson(Gson.java:778)
	at com.google.gson.internal.bind.TypeAdapters_ESTest.test59(TypeAdapters_ESTest.java:752)
	at sun.reflect.NativeMethodAccessorImpl.invoke0(Native Method)
	at sun.reflect.NativeMethodAccessorImpl.invoke(NativeMethodAccessorImpl.java:62)
	at sun.reflect.DelegatingMethodAccessorImpl.invoke(DelegatingMethodAccessorImpl.java:43)
	at java.lang.reflect.Method.invoke(Method.java:498)
	at org.junit.runners.model.FrameworkMethod$1.runReflectiveCall(FrameworkMethod.java:50)
	at org.junit.internal.runners.model.ReflectiveCallable.run(ReflectiveCallable.java:12)
	at org.junit.runners.model.FrameworkMethod.invokeExplosively(FrameworkMethod.java:47)
	at org.junit.internal.runners.statements.InvokeMethod.evaluate(InvokeMethod.java:17)
	at org.junit.internal.runners.statements.FailOnTimeout$CallableStatement.call(FailOnTimeout.java:298)
	at org.junit.internal.runners.statements.FailOnTimeout$CallableStatement.call(FailOnTimeout.java:292)
	at java.util.concurrent.FutureTask.run(FutureTask.java:266)
	at java.lang.Thread.run(Thread.java:748)
Caused by: java.lang.NumberFormatException: For input string: "GZH_s"
	at sun.misc.FloatingDecimal.readJavaFormatString(FloatingDecimal.java:2043)
	at sun.misc.FloatingDecimal.parseDouble(FloatingDecimal.java:110)
	at java.lang.Double.parseDouble(Double.java:538)
	at com.google.gson.stream.JsonReader.nextInt(JsonReader.java:1206)
	at com.google.gson.internal.bind.TypeAdapters$11.read(TypeAdapters.java:247)
	... 17 more
7) test16(com.google.gson.internal.bind.TypeAdapters_ESTest)
org.evosuite.runtime.mock.java.lang.MockIllegalStateException: Not a JSON Object: [null]
	at com.google.gson.JsonElement.getAsJsonObject(JsonElement.java:90)
	at com.google.gson.internal.bind.TypeAdapters_ESTest.test16(TypeAdapters_ESTest.java:295)
	at sun.reflect.NativeMethodAccessorImpl.invoke0(Native Method)
	at sun.reflect.NativeMethodAccessorImpl.invoke(NativeMethodAccessorImpl.java:62)
	at sun.reflect.DelegatingMethodAccessorImpl.invoke(DelegatingMethodAccessorImpl.java:43)
	at java.lang.reflect.Method.invoke(Method.java:498)
	at org.junit.runners.model.FrameworkMethod$1.runReflectiveCall(FrameworkMethod.java:50)
	at org.junit.internal.runners.model.ReflectiveCallable.run(ReflectiveCallable.java:12)
	at org.junit.runners.model.FrameworkMethod.invokeExplosively(FrameworkMethod.java:47)
	at org.junit.internal.runners.statements.InvokeMethod.evaluate(InvokeMethod.java:17)
	at org.junit.internal.runners.statements.FailOnTimeout$CallableStatement.call(FailOnTimeout.java:298)
	at org.junit.internal.runners.statements.FailOnTimeout$CallableStatement.call(FailOnTimeout.java:292)
	at java.util.concurrent.FutureTask.run(FutureTask.java:266)
	at java.lang.Thread.run(Thread.java:748)
8) test44(com.google.gson.internal.bind.TypeAdapters_ESTest)
com.google.gson.JsonSyntaxException: org.evosuite.runtime.mock.java.lang.MockThrowable: Expected STRING but was BEGIN_ARRAY
	at com.google.gson.Gson.fromJson(Gson.java:876)
	at com.google.gson.Gson.fromJson(Gson.java:929)
	at com.google.gson.Gson.fromJson(Gson.java:902)
	at com.google.gson.internal.bind.TypeAdapters_ESTest.test44(TypeAdapters_ESTest.java:592)
	at sun.reflect.NativeMethodAccessorImpl.invoke0(Native Method)
	at sun.reflect.NativeMethodAccessorImpl.invoke(NativeMethodAccessorImpl.java:62)
	at sun.reflect.DelegatingMethodAccessorImpl.invoke(DelegatingMethodAccessorImpl.java:43)
	at java.lang.reflect.Method.invoke(Method.java:498)
	at org.junit.runners.model.FrameworkMethod$1.runReflectiveCall(FrameworkMethod.java:50)
	at org.junit.internal.runners.model.ReflectiveCallable.run(ReflectiveCallable.java:12)
	at org.junit.runners.model.FrameworkMethod.invokeExplosively(FrameworkMethod.java:47)
	at org.junit.internal.runners.statements.InvokeMethod.evaluate(InvokeMethod.java:17)
	at org.junit.internal.runners.statements.FailOnTimeout$CallableStatement.call(FailOnTimeout.java:298)
	at org.junit.internal.runners.statements.FailOnTimeout$CallableStatement.call(FailOnTimeout.java:292)
	at java.util.concurrent.FutureTask.run(FutureTask.java:266)
	at java.lang.Thread.run(Thread.java:748)
Caused by: org.evosuite.runtime.mock.java.lang.MockIllegalStateException: Expected STRING but was BEGIN_ARRAY
	at com.google.gson.internal.bind.JsonTreeReader.nextString(JsonTreeReader.java:154)
	at com.google.gson.internal.bind.TypeAdapters$21.read(TypeAdapters.java:493)
	at com.google.gson.internal.bind.TypeAdapters$21.read(TypeAdapters.java:486)
	at com.google.gson.Gson.fromJson(Gson.java:864)
	... 15 more
9) test01(com.google.gson.internal.bind.TypeAdapters_ESTest)
com.google.gson.JsonSyntaxException: java.lang.NumberFormatException: For input string: ""
	at com.google.gson.internal.bind.TypeAdapters$9.read(TypeAdapters.java:205)
	at com.google.gson.internal.bind.TypeAdapters$9.read(TypeAdapters.java:194)
	at com.google.gson.Gson.fromJson(Gson.java:864)
	at com.google.gson.Gson.fromJson(Gson.java:929)
	at com.google.gson.internal.bind.TypeAdapters_ESTest.test01(TypeAdapters_ESTest.java:74)
	at sun.reflect.NativeMethodAccessorImpl.invoke0(Native Method)
	at sun.reflect.NativeMethodAccessorImpl.invoke(NativeMethodAccessorImpl.java:62)
	at sun.reflect.DelegatingMethodAccessorImpl.invoke(DelegatingMethodAccessorImpl.java:43)
	at java.lang.reflect.Method.invoke(Method.java:498)
	at org.junit.runners.model.FrameworkMethod$1.runReflectiveCall(FrameworkMethod.java:50)
	at org.junit.internal.runners.model.ReflectiveCallable.run(ReflectiveCallable.java:12)
	at org.junit.runners.model.FrameworkMethod.invokeExplosively(FrameworkMethod.java:47)
	at org.junit.internal.runners.statements.InvokeMethod.evaluate(InvokeMethod.java:17)
	at org.junit.internal.runners.statements.FailOnTimeout$CallableStatement.call(FailOnTimeout.java:298)
	at org.junit.internal.runners.statements.FailOnTimeout$CallableStatement.call(FailOnTimeout.java:292)
	at java.util.concurrent.FutureTask.run(FutureTask.java:266)
	at java.lang.Thread.run(Thread.java:748)
Caused by: java.lang.NumberFormatException: For input string: ""
	at java.lang.NumberFormatException.forInputString(NumberFormatException.java:65)
	at java.lang.Integer.parseInt(Integer.java:592)
	at java.lang.Integer.parseInt(Integer.java:615)
	at com.google.gson.JsonPrimitive.getAsInt(JsonPrimitive.java:260)
	at com.google.gson.internal.bind.JsonTreeReader.nextInt(JsonTreeReader.java:197)
	at com.google.gson.internal.bind.TypeAdapters$9.read(TypeAdapters.java:202)
	... 16 more
10) test02(com.google.gson.internal.bind.TypeAdapters_ESTest)
com.google.gson.JsonSyntaxException: org.evosuite.runtime.mock.java.lang.MockThrowable: Expected BEGIN_ARRAY but was STRING at line 1 column 1 path $
	at com.google.gson.Gson.fromJson(Gson.java:876)
	at com.google.gson.Gson.fromJson(Gson.java:829)
	at com.google.gson.Gson.fromJson(Gson.java:778)
	at com.google.gson.Gson.fromJson(Gson.java:750)
	at com.google.gson.internal.bind.TypeAdapters_ESTest.test02(TypeAdapters_ESTest.java:90)
	at sun.reflect.NativeMethodAccessorImpl.invoke0(Native Method)
	at sun.reflect.NativeMethodAccessorImpl.invoke(NativeMethodAccessorImpl.java:62)
	at sun.reflect.DelegatingMethodAccessorImpl.invoke(DelegatingMethodAccessorImpl.java:43)
	at java.lang.reflect.Method.invoke(Method.java:498)
	at org.junit.runners.model.FrameworkMethod$1.runReflectiveCall(FrameworkMethod.java:50)
	at org.junit.internal.runners.model.ReflectiveCallable.run(ReflectiveCallable.java:12)
	at org.junit.runners.model.FrameworkMethod.invokeExplosively(FrameworkMethod.java:47)
	at org.junit.internal.runners.statements.InvokeMethod.evaluate(InvokeMethod.java:17)
	at org.junit.internal.runners.statements.FailOnTimeout$CallableStatement.call(FailOnTimeout.java:298)
	at org.junit.internal.runners.statements.FailOnTimeout$CallableStatement.call(FailOnTimeout.java:292)
	at java.util.concurrent.FutureTask.run(FutureTask.java:266)
	at java.lang.Thread.run(Thread.java:748)
Caused by: org.evosuite.runtime.mock.java.lang.MockIllegalStateException: Expected BEGIN_ARRAY but was STRING at line 1 column 1 path $
	at com.google.gson.stream.JsonReader.beginArray(JsonReader.java:350)
	at com.google.gson.internal.bind.TypeAdapters$3.read(TypeAdapters.java:289)
	at com.google.gson.internal.bind.TypeAdapters$3.read(TypeAdapters.java:286)
	at com.google.gson.TypeAdapter$1.read(TypeAdapter.java:199)
	at com.google.gson.Gson.fromJson(Gson.java:864)
	... 16 more
11) test03(com.google.gson.internal.bind.TypeAdapters_ESTest)
com.google.gson.JsonIOException: java.net.URISyntaxException: Illegal character in path at index 0: >
	at com.google.gson.internal.bind.TypeAdapters$23.read(TypeAdapters.java:533)
	at com.google.gson.internal.bind.TypeAdapters$23.read(TypeAdapters.java:522)
	at com.google.gson.Gson.fromJson(Gson.java:864)
	at com.google.gson.Gson.fromJson(Gson.java:829)
	at com.google.gson.Gson.fromJson(Gson.java:778)
	at com.google.gson.internal.bind.TypeAdapters_ESTest.test03(TypeAdapters_ESTest.java:107)
	at sun.reflect.NativeMethodAccessorImpl.invoke0(Native Method)
	at sun.reflect.NativeMethodAccessorImpl.invoke(NativeMethodAccessorImpl.java:62)
	at sun.reflect.DelegatingMethodAccessorImpl.invoke(DelegatingMethodAccessorImpl.java:43)
	at java.lang.reflect.Method.invoke(Method.java:498)
	at org.junit.runners.model.FrameworkMethod$1.runReflectiveCall(FrameworkMethod.java:50)
	at org.junit.internal.runners.model.ReflectiveCallable.run(ReflectiveCallable.java:12)
	at org.junit.runners.model.FrameworkMethod.invokeExplosively(FrameworkMethod.java:47)
	at org.junit.internal.runners.statements.InvokeMethod.evaluate(InvokeMethod.java:17)
	at org.junit.internal.runners.statements.FailOnTimeout$CallableStatement.call(FailOnTimeout.java:298)
	at org.junit.internal.runners.statements.FailOnTimeout$CallableStatement.call(FailOnTimeout.java:292)
	at java.util.concurrent.FutureTask.run(FutureTask.java:266)
	at java.lang.Thread.run(Thread.java:748)
Caused by: java.net.URISyntaxException: Illegal character in path at index 0: >
	at java.net.URI$Parser.fail(URI.java:2848)
	at java.net.URI$Parser.checkChars(URI.java:3021)
	at java.net.URI$Parser.parseHierarchical(URI.java:3105)
	at java.net.URI$Parser.parse(URI.java:3063)
	at java.net.URI.<init>(URI.java:588)
	at org.evosuite.runtime.mock.java.net.MockURI.URI(MockURI.java:59)
	at com.google.gson.internal.bind.TypeAdapters$23.read(TypeAdapters.java:531)
	... 17 more
12) test04(com.google.gson.internal.bind.TypeAdapters_ESTest)
com.google.gson.JsonSyntaxException: java.lang.NumberFormatException: For input string: "-"<QEu*K?"
	at com.google.gson.internal.bind.TypeAdapters$12.read(TypeAdapters.java:327)
	at com.google.gson.internal.bind.TypeAdapters$12.read(TypeAdapters.java:317)
	at com.google.gson.Gson.fromJson(Gson.java:864)
	at com.google.gson.Gson.fromJson(Gson.java:829)
	at com.google.gson.Gson.fromJson(Gson.java:778)
	at com.google.gson.internal.bind.TypeAdapters_ESTest.test04(TypeAdapters_ESTest.java:123)
	at sun.reflect.NativeMethodAccessorImpl.invoke0(Native Method)
	at sun.reflect.NativeMethodAccessorImpl.invoke(NativeMethodAccessorImpl.java:62)
	at sun.reflect.DelegatingMethodAccessorImpl.invoke(DelegatingMethodAccessorImpl.java:43)
	at java.lang.reflect.Method.invoke(Method.java:498)
	at org.junit.runners.model.FrameworkMethod$1.runReflectiveCall(FrameworkMethod.java:50)
	at org.junit.internal.runners.model.ReflectiveCallable.run(ReflectiveCallable.java:12)
	at org.junit.runners.model.FrameworkMethod.invokeExplosively(FrameworkMethod.java:47)
	at org.junit.internal.runners.statements.InvokeMethod.evaluate(InvokeMethod.java:17)
	at org.junit.internal.runners.statements.FailOnTimeout$CallableStatement.call(FailOnTimeout.java:298)
	at org.junit.internal.runners.statements.FailOnTimeout$CallableStatement.call(FailOnTimeout.java:292)
	at java.util.concurrent.FutureTask.run(FutureTask.java:266)
	at java.lang.Thread.run(Thread.java:748)
Caused by: java.lang.NumberFormatException: For input string: "-"<QEu*K?"
	at sun.misc.FloatingDecimal.readJavaFormatString(FloatingDecimal.java:2043)
	at sun.misc.FloatingDecimal.parseDouble(FloatingDecimal.java:110)
	at java.lang.Double.parseDouble(Double.java:538)
	at com.google.gson.stream.JsonReader.nextLong(JsonReader.java:974)
	at com.google.gson.internal.bind.TypeAdapters$12.read(TypeAdapters.java:325)
	... 17 more
13) test48(com.google.gson.internal.bind.TypeAdapters_ESTest)
com.google.gson.JsonSyntaxException: org.evosuite.runtime.mock.java.lang.MockThrowable: Expected STRING but was BEGIN_OBJECT
	at com.google.gson.Gson.fromJson(Gson.java:876)
	at com.google.gson.Gson.fromJson(Gson.java:929)
	at com.google.gson.internal.bind.TypeAdapters_ESTest.test48(TypeAdapters_ESTest.java:633)
	at sun.reflect.NativeMethodAccessorImpl.invoke0(Native Method)
	at sun.reflect.NativeMethodAccessorImpl.invoke(NativeMethodAccessorImpl.java:62)
	at sun.reflect.DelegatingMethodAccessorImpl.invoke(DelegatingMethodAccessorImpl.java:43)
	at java.lang.reflect.Method.invoke(Method.java:498)
	at org.junit.runners.model.FrameworkMethod$1.runReflectiveCall(FrameworkMethod.java:50)
	at org.junit.internal.runners.model.ReflectiveCallable.run(ReflectiveCallable.java:12)
	at org.junit.runners.model.FrameworkMethod.invokeExplosively(FrameworkMethod.java:47)
	at org.junit.internal.runners.statements.InvokeMethod.evaluate(InvokeMethod.java:17)
	at org.junit.internal.runners.statements.FailOnTimeout$CallableStatement.call(FailOnTimeout.java:298)
	at org.junit.internal.runners.statements.FailOnTimeout$CallableStatement.call(FailOnTimeout.java:292)
	at java.util.concurrent.FutureTask.run(FutureTask.java:266)
	at java.lang.Thread.run(Thread.java:748)
Caused by: org.evosuite.runtime.mock.java.lang.MockIllegalStateException: Expected STRING but was BEGIN_OBJECT
	at com.google.gson.internal.bind.JsonTreeReader.nextString(JsonTreeReader.java:154)
	at com.google.gson.internal.bind.TypeAdapters$17.read(TypeAdapters.java:422)
	at com.google.gson.internal.bind.TypeAdapters$17.read(TypeAdapters.java:410)
	at com.google.gson.Gson.fromJson(Gson.java:864)
	... 14 more
14) test05(com.google.gson.internal.bind.TypeAdapters_ESTest)
com.google.gson.JsonSyntaxException: java.lang.NumberFormatException: For input string: "00000000-0100-4000-8200-000003000000"
	at com.google.gson.internal.bind.TypeAdapters$10.read(TypeAdapters.java:227)
	at com.google.gson.internal.bind.TypeAdapters$10.read(TypeAdapters.java:217)
	at com.google.gson.Gson.fromJson(Gson.java:864)
	at com.google.gson.Gson.fromJson(Gson.java:929)
	at com.google.gson.internal.bind.TypeAdapters_ESTest.test05(TypeAdapters_ESTest.java:141)
	at sun.reflect.NativeMethodAccessorImpl.invoke0(Native Method)
	at sun.reflect.NativeMethodAccessorImpl.invoke(NativeMethodAccessorImpl.java:62)
	at sun.reflect.DelegatingMethodAccessorImpl.invoke(DelegatingMethodAccessorImpl.java:43)
	at java.lang.reflect.Method.invoke(Method.java:498)
	at org.junit.runners.model.FrameworkMethod$1.runReflectiveCall(FrameworkMethod.java:50)
	at org.junit.internal.runners.model.ReflectiveCallable.run(ReflectiveCallable.java:12)
	at org.junit.runners.model.FrameworkMethod.invokeExplosively(FrameworkMethod.java:47)
	at org.junit.internal.runners.statements.InvokeMethod.evaluate(InvokeMethod.java:17)
	at org.junit.internal.runners.statements.FailOnTimeout$CallableStatement.call(FailOnTimeout.java:298)
	at org.junit.internal.runners.statements.FailOnTimeout$CallableStatement.call(FailOnTimeout.java:292)
	at java.util.concurrent.FutureTask.run(FutureTask.java:266)
	at java.lang.Thread.run(Thread.java:748)
Caused by: java.lang.NumberFormatException: For input string: "00000000-0100-4000-8200-000003000000"
	at java.lang.NumberFormatException.forInputString(NumberFormatException.java:65)
	at java.lang.Integer.parseInt(Integer.java:580)
	at java.lang.Integer.parseInt(Integer.java:615)
	at com.google.gson.JsonPrimitive.getAsInt(JsonPrimitive.java:260)
	at com.google.gson.internal.bind.JsonTreeReader.nextInt(JsonTreeReader.java:197)
	at com.google.gson.internal.bind.TypeAdapters$10.read(TypeAdapters.java:225)
	... 16 more
15) test06(com.google.gson.internal.bind.TypeAdapters_ESTest)
com.google.gson.JsonSyntaxException: java.lang.NumberFormatException: For input string: "%*J".b?@B&*}u["
	at com.google.gson.internal.bind.TypeAdapters$1.read(TypeAdapters.java:265)
	at com.google.gson.internal.bind.TypeAdapters$1.read(TypeAdapters.java:260)
	at com.google.gson.TypeAdapter$1.read(TypeAdapter.java:199)
	at com.google.gson.Gson.fromJson(Gson.java:864)
	at com.google.gson.Gson.fromJson(Gson.java:929)
	at com.google.gson.Gson.fromJson(Gson.java:902)
	at com.google.gson.internal.bind.TypeAdapters_ESTest.test06(TypeAdapters_ESTest.java:158)
	at sun.reflect.NativeMethodAccessorImpl.invoke0(Native Method)
	at sun.reflect.NativeMethodAccessorImpl.invoke(NativeMethodAccessorImpl.java:62)
	at sun.reflect.DelegatingMethodAccessorImpl.invoke(DelegatingMethodAccessorImpl.java:43)
	at java.lang.reflect.Method.invoke(Method.java:498)
	at org.junit.runners.model.FrameworkMethod$1.runReflectiveCall(FrameworkMethod.java:50)
	at org.junit.internal.runners.model.ReflectiveCallable.run(ReflectiveCallable.java:12)
	at org.junit.runners.model.FrameworkMethod.invokeExplosively(FrameworkMethod.java:47)
	at org.junit.internal.runners.statements.InvokeMethod.evaluate(InvokeMethod.java:17)
	at org.junit.internal.runners.statements.FailOnTimeout$CallableStatement.call(FailOnTimeout.java:298)
	at org.junit.internal.runners.statements.FailOnTimeout$CallableStatement.call(FailOnTimeout.java:292)
	at java.util.concurrent.FutureTask.run(FutureTask.java:266)
	at java.lang.Thread.run(Thread.java:748)
Caused by: java.lang.NumberFormatException: For input string: "%*J".b?@B&*}u["
	at java.lang.NumberFormatException.forInputString(NumberFormatException.java:65)
	at java.lang.Integer.parseInt(Integer.java:569)
	at java.lang.Integer.parseInt(Integer.java:615)
	at com.google.gson.JsonPrimitive.getAsInt(JsonPrimitive.java:260)
	at com.google.gson.internal.bind.JsonTreeReader.nextInt(JsonTreeReader.java:197)
	at com.google.gson.internal.bind.TypeAdapters$1.read(TypeAdapters.java:263)
	... 18 more
16) test09(com.google.gson.internal.bind.TypeAdapters_ESTest)
com.google.gson.JsonSyntaxException: Expected a com.google.gson.JsonArray but was com.google.gson.JsonPrimitive
	at com.google.gson.internal.bind.TypeAdapters$35$1.read(TypeAdapters.java:916)
	at com.google.gson.Gson.fromJson(Gson.java:864)
	at com.google.gson.Gson.fromJson(Gson.java:929)
	at com.google.gson.internal.bind.TypeAdapters_ESTest.test09(TypeAdapters_ESTest.java:200)
	at sun.reflect.NativeMethodAccessorImpl.invoke0(Native Method)
	at sun.reflect.NativeMethodAccessorImpl.invoke(NativeMethodAccessorImpl.java:62)
	at sun.reflect.DelegatingMethodAccessorImpl.invoke(DelegatingMethodAccessorImpl.java:43)
	at java.lang.reflect.Method.invoke(Method.java:498)
	at org.junit.runners.model.FrameworkMethod$1.runReflectiveCall(FrameworkMethod.java:50)
	at org.junit.internal.runners.model.ReflectiveCallable.run(ReflectiveCallable.java:12)
	at org.junit.runners.model.FrameworkMethod.invokeExplosively(FrameworkMethod.java:47)
	at org.junit.internal.runners.statements.InvokeMethod.evaluate(InvokeMethod.java:17)
	at org.junit.internal.runners.statements.FailOnTimeout$CallableStatement.call(FailOnTimeout.java:298)
	at org.junit.internal.runners.statements.FailOnTimeout$CallableStatement.call(FailOnTimeout.java:292)
	at java.util.concurrent.FutureTask.run(FutureTask.java:266)
	at java.lang.Thread.run(Thread.java:748)
17) test41(com.google.gson.internal.bind.TypeAdapters_ESTest)
com.google.gson.JsonSyntaxException: java.net.MalformedURLException: no protocol: year
	at com.google.gson.Gson.fromJson(Gson.java:879)
	at com.google.gson.Gson.fromJson(Gson.java:829)
	at com.google.gson.Gson.fromJson(Gson.java:778)
	at com.google.gson.internal.bind.TypeAdapters_ESTest.test41(TypeAdapters_ESTest.java:558)
	at sun.reflect.NativeMethodAccessorImpl.invoke0(Native Method)
	at sun.reflect.NativeMethodAccessorImpl.invoke(NativeMethodAccessorImpl.java:62)
	at sun.reflect.DelegatingMethodAccessorImpl.invoke(DelegatingMethodAccessorImpl.java:43)
	at java.lang.reflect.Method.invoke(Method.java:498)
	at org.junit.runners.model.FrameworkMethod$1.runReflectiveCall(FrameworkMethod.java:50)
	at org.junit.internal.runners.model.ReflectiveCallable.run(ReflectiveCallable.java:12)
	at org.junit.runners.model.FrameworkMethod.invokeExplosively(FrameworkMethod.java:47)
	at org.junit.internal.runners.statements.InvokeMethod.evaluate(InvokeMethod.java:17)
	at org.junit.internal.runners.statements.FailOnTimeout$CallableStatement.call(FailOnTimeout.java:298)
	at org.junit.internal.runners.statements.FailOnTimeout$CallableStatement.call(FailOnTimeout.java:292)
	at java.util.concurrent.FutureTask.run(FutureTask.java:266)
	at java.lang.Thread.run(Thread.java:748)
Caused by: java.net.MalformedURLException: no protocol: year
	at java.net.URL.<init>(URL.java:611)
	at org.evosuite.runtime.mock.java.net.MockURL.URL(MockURL.java:130)
	at org.evosuite.runtime.mock.java.net.MockURL.URL(MockURL.java:92)
	at org.evosuite.runtime.mock.java.net.MockURL.URL(MockURL.java:88)
	at com.google.gson.internal.bind.TypeAdapters$22.read(TypeAdapters.java:512)
	at com.google.gson.internal.bind.TypeAdapters$22.read(TypeAdapters.java:504)
	at com.google.gson.Gson.fromJson(Gson.java:864)
	... 15 more
18) test73(com.google.gson.internal.bind.TypeAdapters_ESTest)
com.google.gson.JsonSyntaxException: org.evosuite.runtime.mock.java.lang.MockThrowable: Expected a boolean but was STRING at line 1 column 1 path $
	at com.google.gson.Gson.fromJson(Gson.java:876)
	at com.google.gson.Gson.fromJson(Gson.java:829)
	at com.google.gson.Gson.fromJson(Gson.java:778)
	at com.google.gson.Gson.fromJson(Gson.java:750)
	at com.google.gson.internal.bind.TypeAdapters_ESTest.test73(TypeAdapters_ESTest.java:921)
	at sun.reflect.NativeMethodAccessorImpl.invoke0(Native Method)
	at sun.reflect.NativeMethodAccessorImpl.invoke(NativeMethodAccessorImpl.java:62)
	at sun.reflect.DelegatingMethodAccessorImpl.invoke(DelegatingMethodAccessorImpl.java:43)
	at java.lang.reflect.Method.invoke(Method.java:498)
	at org.junit.runners.model.FrameworkMethod$1.runReflectiveCall(FrameworkMethod.java:50)
	at org.junit.internal.runners.model.ReflectiveCallable.run(ReflectiveCallable.java:12)
	at org.junit.runners.model.FrameworkMethod.invokeExplosively(FrameworkMethod.java:47)
	at org.junit.internal.runners.statements.InvokeMethod.evaluate(InvokeMethod.java:17)
	at org.junit.internal.runners.statements.FailOnTimeout$CallableStatement.call(FailOnTimeout.java:298)
	at org.junit.internal.runners.statements.FailOnTimeout$CallableStatement.call(FailOnTimeout.java:292)
	at java.util.concurrent.FutureTask.run(FutureTask.java:266)
	at java.lang.Thread.run(Thread.java:748)
Caused by: org.evosuite.runtime.mock.java.lang.MockIllegalStateException: Expected a boolean but was STRING at line 1 column 1 path $
	at com.google.gson.stream.JsonReader.nextBoolean(JsonReader.java:859)
	at com.google.gson.internal.bind.TypeAdapters$2.read(TypeAdapters.java:277)
	at com.google.gson.internal.bind.TypeAdapters$2.read(TypeAdapters.java:275)
	at com.google.gson.TypeAdapter$1.read(TypeAdapter.java:199)
	at com.google.gson.Gson.fromJson(Gson.java:864)
	... 16 more
19) test22(com.google.gson.internal.bind.TypeAdapters_ESTest)
com.google.gson.JsonSyntaxException: Expected a com.google.gson.JsonNull but was com.google.gson.JsonObject
	at com.google.gson.internal.bind.TypeAdapters$35$1.read(TypeAdapters.java:916)
	at com.google.gson.Gson.fromJson(Gson.java:864)
	at com.google.gson.Gson.fromJson(Gson.java:929)
	at com.google.gson.internal.bind.TypeAdapters_ESTest.test22(TypeAdapters_ESTest.java:355)
	at sun.reflect.NativeMethodAccessorImpl.invoke0(Native Method)
	at sun.reflect.NativeMethodAccessorImpl.invoke(NativeMethodAccessorImpl.java:62)
	at sun.reflect.DelegatingMethodAccessorImpl.invoke(DelegatingMethodAccessorImpl.java:43)
	at java.lang.reflect.Method.invoke(Method.java:498)
	at org.junit.runners.model.FrameworkMethod$1.runReflectiveCall(FrameworkMethod.java:50)
	at org.junit.internal.runners.model.ReflectiveCallable.run(ReflectiveCallable.java:12)
	at org.junit.runners.model.FrameworkMethod.invokeExplosively(FrameworkMethod.java:47)
	at org.junit.internal.runners.statements.InvokeMethod.evaluate(InvokeMethod.java:17)
	at org.junit.internal.runners.statements.FailOnTimeout$CallableStatement.call(FailOnTimeout.java:298)
	at org.junit.internal.runners.statements.FailOnTimeout$CallableStatement.call(FailOnTimeout.java:292)
	at java.util.concurrent.FutureTask.run(FutureTask.java:266)
	at java.lang.Thread.run(Thread.java:748)
20) test67(com.google.gson.internal.bind.TypeAdapters_ESTest)
com.google.gson.JsonSyntaxException: org.evosuite.runtime.mock.java.lang.MockThrowable: Expected BEGIN_ARRAY but was STRING at line 1 column 1 path $
	at com.google.gson.Gson.fromJson(Gson.java:876)
	at com.google.gson.Gson.fromJson(Gson.java:829)
	at com.google.gson.Gson.fromJson(Gson.java:778)
	at com.google.gson.internal.bind.TypeAdapters_ESTest.test67(TypeAdapters_ESTest.java:845)
	at sun.reflect.NativeMethodAccessorImpl.invoke0(Native Method)
	at sun.reflect.NativeMethodAccessorImpl.invoke(NativeMethodAccessorImpl.java:62)
	at sun.reflect.DelegatingMethodAccessorImpl.invoke(DelegatingMethodAccessorImpl.java:43)
	at java.lang.reflect.Method.invoke(Method.java:498)
	at org.junit.runners.model.FrameworkMethod$1.runReflectiveCall(FrameworkMethod.java:50)
	at org.junit.internal.runners.model.ReflectiveCallable.run(ReflectiveCallable.java:12)
	at org.junit.runners.model.FrameworkMethod.invokeExplosively(FrameworkMethod.java:47)
	at org.junit.internal.runners.statements.InvokeMethod.evaluate(InvokeMethod.java:17)
	at org.junit.internal.runners.statements.FailOnTimeout$CallableStatement.call(FailOnTimeout.java:298)
	at org.junit.internal.runners.statements.FailOnTimeout$CallableStatement.call(FailOnTimeout.java:292)
	at java.util.concurrent.FutureTask.run(FutureTask.java:266)
	at java.lang.Thread.run(Thread.java:748)
Caused by: org.evosuite.runtime.mock.java.lang.MockIllegalStateException: Expected BEGIN_ARRAY but was STRING at line 1 column 1 path $
	at com.google.gson.stream.JsonReader.beginArray(JsonReader.java:350)
	at com.google.gson.internal.bind.TypeAdapters$6.read(TypeAdapters.java:100)
	at com.google.gson.internal.bind.TypeAdapters$6.read(TypeAdapters.java:92)
	at com.google.gson.Gson.fromJson(Gson.java:864)
	... 15 more
21) test68(com.google.gson.internal.bind.TypeAdapters_ESTest)
java.lang.UnsupportedOperationException: Attempted to serialize java.lang.Class: java.net.URI. Forgot to register a type adapter?
	at com.google.gson.internal.bind.TypeAdapters$5.write(TypeAdapters.java:75)
	at com.google.gson.internal.bind.TypeAdapters$5.write(TypeAdapters.java:69)
	at com.google.gson.Gson.toJson(Gson.java:646)
	at com.google.gson.Gson.toJson(Gson.java:625)
	at com.google.gson.Gson.toJson(Gson.java:580)
	at com.google.gson.Gson.toJson(Gson.java:560)
	at com.google.gson.internal.bind.TypeAdapters_ESTest.test68(TypeAdapters_ESTest.java:862)
	at sun.reflect.NativeMethodAccessorImpl.invoke0(Native Method)
	at sun.reflect.NativeMethodAccessorImpl.invoke(NativeMethodAccessorImpl.java:62)
	at sun.reflect.DelegatingMethodAccessorImpl.invoke(DelegatingMethodAccessorImpl.java:43)
	at java.lang.reflect.Method.invoke(Method.java:498)
	at org.junit.runners.model.FrameworkMethod$1.runReflectiveCall(FrameworkMethod.java:50)
	at org.junit.internal.runners.model.ReflectiveCallable.run(ReflectiveCallable.java:12)
	at org.junit.runners.model.FrameworkMethod.invokeExplosively(FrameworkMethod.java:47)
	at org.junit.internal.runners.statements.InvokeMethod.evaluate(InvokeMethod.java:17)
	at org.junit.internal.runners.statements.FailOnTimeout$CallableStatement.call(FailOnTimeout.java:298)
	at org.junit.internal.runners.statements.FailOnTimeout$CallableStatement.call(FailOnTimeout.java:292)
	at java.util.concurrent.FutureTask.run(FutureTask.java:266)
	at java.lang.Thread.run(Thread.java:748)
22) test25(com.google.gson.internal.bind.TypeAdapters_ESTest)
java.lang.NullPointerException
	at java.util.Locale.<init>(Locale.java:648)
	at java.util.Locale.<init>(Locale.java:701)
	at com.google.gson.internal.bind.TypeAdapters$28.read(TypeAdapters.java:703)
	at com.google.gson.internal.bind.TypeAdapters$28.read(TypeAdapters.java:681)
	at com.google.gson.Gson.fromJson(Gson.java:864)
	at com.google.gson.Gson.fromJson(Gson.java:929)
	at com.google.gson.Gson.fromJson(Gson.java:902)
	at com.google.gson.internal.bind.TypeAdapters_ESTest.test25(TypeAdapters_ESTest.java:392)
	at sun.reflect.NativeMethodAccessorImpl.invoke0(Native Method)
	at sun.reflect.NativeMethodAccessorImpl.invoke(NativeMethodAccessorImpl.java:62)
	at sun.reflect.DelegatingMethodAccessorImpl.invoke(DelegatingMethodAccessorImpl.java:43)
	at java.lang.reflect.Method.invoke(Method.java:498)
	at org.junit.runners.model.FrameworkMethod$1.runReflectiveCall(FrameworkMethod.java:50)
	at org.junit.internal.runners.model.ReflectiveCallable.run(ReflectiveCallable.java:12)
	at org.junit.runners.model.FrameworkMethod.invokeExplosively(FrameworkMethod.java:47)
	at org.junit.internal.runners.statements.InvokeMethod.evaluate(InvokeMethod.java:17)
	at org.junit.internal.runners.statements.FailOnTimeout$CallableStatement.call(FailOnTimeout.java:298)
	at org.junit.internal.runners.statements.FailOnTimeout$CallableStatement.call(FailOnTimeout.java:292)
	at java.util.concurrent.FutureTask.run(FutureTask.java:266)
	at java.lang.Thread.run(Thread.java:748)
23) test69(com.google.gson.internal.bind.TypeAdapters_ESTest)
java.lang.IllegalArgumentException
	at java.util.Currency.getInstance(Currency.java:328)
	at java.util.Currency.getInstance(Currency.java:310)
	at com.google.gson.internal.bind.TypeAdapters$4.read(TypeAdapters.java:583)
	at com.google.gson.internal.bind.TypeAdapters$4.read(TypeAdapters.java:580)
	at com.google.gson.TypeAdapter$1.read(TypeAdapter.java:199)
	at com.google.gson.Gson.fromJson(Gson.java:864)
	at com.google.gson.Gson.fromJson(Gson.java:802)
	at com.google.gson.internal.bind.TypeAdapters_ESTest.test69(TypeAdapters_ESTest.java:880)
	at sun.reflect.NativeMethodAccessorImpl.invoke0(Native Method)
	at sun.reflect.NativeMethodAccessorImpl.invoke(NativeMethodAccessorImpl.java:62)
	at sun.reflect.DelegatingMethodAccessorImpl.invoke(DelegatingMethodAccessorImpl.java:43)
	at java.lang.reflect.Method.invoke(Method.java:498)
	at org.junit.runners.model.FrameworkMethod$1.runReflectiveCall(FrameworkMethod.java:50)
	at org.junit.internal.runners.model.ReflectiveCallable.run(ReflectiveCallable.java:12)
	at org.junit.runners.model.FrameworkMethod.invokeExplosively(FrameworkMethod.java:47)
	at org.junit.internal.runners.statements.InvokeMethod.evaluate(InvokeMethod.java:17)
	at org.junit.internal.runners.statements.FailOnTimeout$CallableStatement.call(FailOnTimeout.java:298)
	at org.junit.internal.runners.statements.FailOnTimeout$CallableStatement.call(FailOnTimeout.java:292)
	at java.util.concurrent.FutureTask.run(FutureTask.java:266)
	at java.lang.Thread.run(Thread.java:748)
24) test28(com.google.gson.internal.bind.TypeAdapters_ESTest)
com.google.gson.JsonSyntaxException: org.evosuite.runtime.mock.java.lang.MockThrowable: Expected NUMBER but was NULL
	at com.google.gson.Gson.fromJson(Gson.java:876)
	at com.google.gson.Gson.fromJson(Gson.java:929)
	at com.google.gson.Gson.fromJson(Gson.java:902)
	at com.google.gson.internal.bind.TypeAdapters_ESTest.test28(TypeAdapters_ESTest.java:428)
	at sun.reflect.NativeMethodAccessorImpl.invoke0(Native Method)
	at sun.reflect.NativeMethodAccessorImpl.invoke(NativeMethodAccessorImpl.java:62)
	at sun.reflect.DelegatingMethodAccessorImpl.invoke(DelegatingMethodAccessorImpl.java:43)
	at java.lang.reflect.Method.invoke(Method.java:498)
	at org.junit.runners.model.FrameworkMethod$1.runReflectiveCall(FrameworkMethod.java:50)
	at org.junit.internal.runners.model.ReflectiveCallable.run(ReflectiveCallable.java:12)
	at org.junit.runners.model.FrameworkMethod.invokeExplosively(FrameworkMethod.java:47)
	at org.junit.internal.runners.statements.InvokeMethod.evaluate(InvokeMethod.java:17)
	at org.junit.internal.runners.statements.FailOnTimeout$CallableStatement.call(FailOnTimeout.java:298)
	at org.junit.internal.runners.statements.FailOnTimeout$CallableStatement.call(FailOnTimeout.java:292)
	at java.util.concurrent.FutureTask.run(FutureTask.java:266)
	at java.lang.Thread.run(Thread.java:748)
Caused by: org.evosuite.runtime.mock.java.lang.MockIllegalStateException: Expected NUMBER but was NULL
	at com.google.gson.internal.bind.JsonTreeReader.nextInt(JsonTreeReader.java:195)
	at com.google.gson.internal.bind.TypeAdapters$27.read(TypeAdapters.java:636)
	at com.google.gson.internal.bind.TypeAdapters$27.read(TypeAdapters.java:613)
	at com.google.gson.Gson.fromJson(Gson.java:864)
	... 15 more
25) test61(com.google.gson.internal.bind.TypeAdapters_ESTest)
com.google.gson.JsonSyntaxException: org.evosuite.runtime.mock.java.lang.MockThrowable: Use JsonReader.setLenient(true) to accept malformed JSON at line 1 column 3 path $
	at com.google.gson.Gson.assertFullConsumption(Gson.java:840)
	at com.google.gson.Gson.fromJson(Gson.java:830)
	at com.google.gson.Gson.fromJson(Gson.java:778)
	at com.google.gson.internal.bind.TypeAdapters_ESTest.test61(TypeAdapters_ESTest.java:776)
	at sun.reflect.NativeMethodAccessorImpl.invoke0(Native Method)
	at sun.reflect.NativeMethodAccessorImpl.invoke(NativeMethodAccessorImpl.java:62)
	at sun.reflect.DelegatingMethodAccessorImpl.invoke(DelegatingMethodAccessorImpl.java:43)
	at java.lang.reflect.Method.invoke(Method.java:498)
	at org.junit.runners.model.FrameworkMethod$1.runReflectiveCall(FrameworkMethod.java:50)
	at org.junit.internal.runners.model.ReflectiveCallable.run(ReflectiveCallable.java:12)
	at org.junit.runners.model.FrameworkMethod.invokeExplosively(FrameworkMethod.java:47)
	at org.junit.internal.runners.statements.InvokeMethod.evaluate(InvokeMethod.java:17)
	at org.junit.internal.runners.statements.FailOnTimeout$CallableStatement.call(FailOnTimeout.java:298)
	at org.junit.internal.runners.statements.FailOnTimeout$CallableStatement.call(FailOnTimeout.java:292)
	at java.util.concurrent.FutureTask.run(FutureTask.java:266)
	at java.lang.Thread.run(Thread.java:748)
Caused by: com.google.gson.stream.MalformedJsonException: Use JsonReader.setLenient(true) to accept malformed JSON at line 1 column 3 path $
	at com.google.gson.stream.JsonReader.syntaxError(JsonReader.java:1574)
	at com.google.gson.stream.JsonReader.checkLenient(JsonReader.java:1424)
	at com.google.gson.stream.JsonReader.nextNonWhitespace(JsonReader.java:1405)
	at com.google.gson.stream.JsonReader.doPeek(JsonReader.java:542)
	at com.google.gson.stream.JsonReader.peek(JsonReader.java:429)
	at com.google.gson.Gson.assertFullConsumption(Gson.java:836)
	... 15 more
26) test63(com.google.gson.internal.bind.TypeAdapters_ESTest)
com.google.gson.JsonSyntaxException: org.evosuite.runtime.mock.java.lang.MockThrowable: Use JsonReader.setLenient(true) to accept malformed JSON at line 1 column 5 path $
	at com.google.gson.Gson.assertFullConsumption(Gson.java:840)
	at com.google.gson.Gson.fromJson(Gson.java:830)
	at com.google.gson.Gson.fromJson(Gson.java:778)
	at com.google.gson.internal.bind.TypeAdapters_ESTest.test63(TypeAdapters_ESTest.java:800)
	at sun.reflect.NativeMethodAccessorImpl.invoke0(Native Method)
	at sun.reflect.NativeMethodAccessorImpl.invoke(NativeMethodAccessorImpl.java:62)
	at sun.reflect.DelegatingMethodAccessorImpl.invoke(DelegatingMethodAccessorImpl.java:43)
	at java.lang.reflect.Method.invoke(Method.java:498)
	at org.junit.runners.model.FrameworkMethod$1.runReflectiveCall(FrameworkMethod.java:50)
	at org.junit.internal.runners.model.ReflectiveCallable.run(ReflectiveCallable.java:12)
	at org.junit.runners.model.FrameworkMethod.invokeExplosively(FrameworkMethod.java:47)
	at org.junit.internal.runners.statements.InvokeMethod.evaluate(InvokeMethod.java:17)
	at org.junit.internal.runners.statements.FailOnTimeout$CallableStatement.call(FailOnTimeout.java:298)
	at org.junit.internal.runners.statements.FailOnTimeout$CallableStatement.call(FailOnTimeout.java:292)
	at java.util.concurrent.FutureTask.run(FutureTask.java:266)
	at java.lang.Thread.run(Thread.java:748)
Caused by: com.google.gson.stream.MalformedJsonException: Use JsonReader.setLenient(true) to accept malformed JSON at line 1 column 5 path $
	at com.google.gson.stream.JsonReader.syntaxError(JsonReader.java:1574)
	at com.google.gson.stream.JsonReader.checkLenient(JsonReader.java:1424)
	at com.google.gson.stream.JsonReader.nextNonWhitespace(JsonReader.java:1405)
	at com.google.gson.stream.JsonReader.doPeek(JsonReader.java:542)
	at com.google.gson.stream.JsonReader.peek(JsonReader.java:429)
	at com.google.gson.Gson.assertFullConsumption(Gson.java:836)
	... 15 more

FAILURES!!!
Tests run: 80,  Failures: 26

