JUnit version 4.12
......E.E.E.E.E.E.E.E.E.E.E.E.E.E.E.E.....E...............................E..E......E.............E.E.E.......E...E.........E....................E.E......E....E.E.E........E.....
Time: 26.575
There were 33 failures:
1) test040(org.apache.commons.collections4.trie.AbstractPatriciaTrie_ESTest)
org.evosuite.runtime.mock.java.lang.MockIllegalArgumentException: The offsets and lengths must be at Character boundaries
	at org.apache.commons.collections4.trie.analyzer.StringKeyAnalyzer.bitIndex(StringKeyAnalyzer.java:63)
	at org.apache.commons.collections4.trie.analyzer.StringKeyAnalyzer.bitIndex(StringKeyAnalyzer.java:27)
	at org.apache.commons.collections4.trie.AbstractPatriciaTrie.subtree(AbstractPatriciaTrie.java:1139)
	at org.apache.commons.collections4.trie.AbstractPatriciaTrie_ESTest.test040(AbstractPatriciaTrie_ESTest.java:375)
	at sun.reflect.NativeMethodAccessorImpl.invoke0(Native Method)
	at sun.reflect.NativeMethodAccessorImpl.invoke(NativeMethodAccessorImpl.java:62)
	at sun.reflect.DelegatingMethodAccessorImpl.invoke(DelegatingMethodAccessorImpl.java:43)
	at java.lang.reflect.Method.invoke(Method.java:498)
	at org.junit.runners.model.FrameworkMethod$1.runReflectiveCall(FrameworkMethod.java:50)
	at org.junit.internal.runners.model.ReflectiveCallable.run(ReflectiveCallable.java:12)
	at org.junit.runners.model.FrameworkMethod.invokeExplosively(FrameworkMethod.java:47)
	at org.junit.internal.runners.statements.InvokeMethod.evaluate(InvokeMethod.java:17)
	at org.junit.internal.runners.statements.FailOnTimeout$CallableStatement.call(FailOnTimeout.java:298)
	at org.junit.internal.runners.statements.FailOnTimeout$CallableStatement.call(FailOnTimeout.java:292)
	at java.util.concurrent.FutureTask.run(FutureTask.java:266)
	at java.lang.Thread.run(Thread.java:748)
2) test041(org.apache.commons.collections4.trie.AbstractPatriciaTrie_ESTest)
java.lang.ClassCastException: org.apache.commons.collections4.trie.AbstractPatriciaTrie$TrieEntry cannot be cast to java.lang.String
	at org.apache.commons.collections4.trie.analyzer.StringKeyAnalyzer.lengthInBits(StringKeyAnalyzer.java:27)
	at org.apache.commons.collections4.trie.AbstractBitwiseTrie.lengthInBits(AbstractBitwiseTrie.java:93)
	at org.apache.commons.collections4.trie.AbstractPatriciaTrie.remove(AbstractPatriciaTrie.java:425)
	at org.apache.commons.collections4.trie.PatriciaTrie.remove(PatriciaTrie.java:57)
	at org.apache.commons.collections4.trie.AbstractPatriciaTrie_ESTest.test041(AbstractPatriciaTrie_ESTest.java:392)
	at sun.reflect.NativeMethodAccessorImpl.invoke0(Native Method)
	at sun.reflect.NativeMethodAccessorImpl.invoke(NativeMethodAccessorImpl.java:62)
	at sun.reflect.DelegatingMethodAccessorImpl.invoke(DelegatingMethodAccessorImpl.java:43)
	at java.lang.reflect.Method.invoke(Method.java:498)
	at org.junit.runners.model.FrameworkMethod$1.runReflectiveCall(FrameworkMethod.java:50)
	at org.junit.internal.runners.model.ReflectiveCallable.run(ReflectiveCallable.java:12)
	at org.junit.runners.model.FrameworkMethod.invokeExplosively(FrameworkMethod.java:47)
	at org.junit.internal.runners.statements.InvokeMethod.evaluate(InvokeMethod.java:17)
	at org.junit.internal.runners.statements.FailOnTimeout$CallableStatement.call(FailOnTimeout.java:298)
	at org.junit.internal.runners.statements.FailOnTimeout$CallableStatement.call(FailOnTimeout.java:292)
	at java.util.concurrent.FutureTask.run(FutureTask.java:266)
	at java.lang.Thread.run(Thread.java:748)
3) test042(org.apache.commons.collections4.trie.AbstractPatriciaTrie_ESTest)
java.lang.NullPointerException
	at org.apache.commons.collections4.trie.AbstractPatriciaTrie.previousEntry(AbstractPatriciaTrie.java:1196)
	at org.apache.commons.collections4.trie.AbstractPatriciaTrie_ESTest.test042(AbstractPatriciaTrie_ESTest.java:408)
	at sun.reflect.NativeMethodAccessorImpl.invoke0(Native Method)
	at sun.reflect.NativeMethodAccessorImpl.invoke(NativeMethodAccessorImpl.java:62)
	at sun.reflect.DelegatingMethodAccessorImpl.invoke(DelegatingMethodAccessorImpl.java:43)
	at java.lang.reflect.Method.invoke(Method.java:498)
	at org.junit.runners.model.FrameworkMethod$1.runReflectiveCall(FrameworkMethod.java:50)
	at org.junit.internal.runners.model.ReflectiveCallable.run(ReflectiveCallable.java:12)
	at org.junit.runners.model.FrameworkMethod.invokeExplosively(FrameworkMethod.java:47)
	at org.junit.internal.runners.statements.InvokeMethod.evaluate(InvokeMethod.java:17)
	at org.junit.internal.runners.statements.FailOnTimeout$CallableStatement.call(FailOnTimeout.java:298)
	at org.junit.internal.runners.statements.FailOnTimeout$CallableStatement.call(FailOnTimeout.java:292)
	at java.util.concurrent.FutureTask.run(FutureTask.java:266)
	at java.lang.Thread.run(Thread.java:748)
4) test043(org.apache.commons.collections4.trie.AbstractPatriciaTrie_ESTest)
java.lang.NullPointerException
	at org.apache.commons.collections4.trie.AbstractPatriciaTrie.followLeft(AbstractPatriciaTrie.java:764)
	at org.apache.commons.collections4.trie.AbstractPatriciaTrie.firstEntry(AbstractPatriciaTrie.java:750)
	at org.apache.commons.collections4.trie.AbstractPatriciaTrie.nextEntry(AbstractPatriciaTrie.java:611)
	at org.apache.commons.collections4.trie.AbstractPatriciaTrie_ESTest.test043(AbstractPatriciaTrie_ESTest.java:425)
	at sun.reflect.NativeMethodAccessorImpl.invoke0(Native Method)
	at sun.reflect.NativeMethodAccessorImpl.invoke(NativeMethodAccessorImpl.java:62)
	at sun.reflect.DelegatingMethodAccessorImpl.invoke(DelegatingMethodAccessorImpl.java:43)
	at java.lang.reflect.Method.invoke(Method.java:498)
	at org.junit.runners.model.FrameworkMethod$1.runReflectiveCall(FrameworkMethod.java:50)
	at org.junit.internal.runners.model.ReflectiveCallable.run(ReflectiveCallable.java:12)
	at org.junit.runners.model.FrameworkMethod.invokeExplosively(FrameworkMethod.java:47)
	at org.junit.internal.runners.statements.InvokeMethod.evaluate(InvokeMethod.java:17)
	at org.junit.internal.runners.statements.FailOnTimeout$CallableStatement.call(FailOnTimeout.java:298)
	at org.junit.internal.runners.statements.FailOnTimeout$CallableStatement.call(FailOnTimeout.java:292)
	at java.util.concurrent.FutureTask.run(FutureTask.java:266)
	at java.lang.Thread.run(Thread.java:748)
5) test044(org.apache.commons.collections4.trie.AbstractPatriciaTrie_ESTest)
java.lang.NullPointerException
	at org.apache.commons.collections4.trie.AbstractPatriciaTrie.followLeft(AbstractPatriciaTrie.java:764)
	at org.apache.commons.collections4.trie.AbstractPatriciaTrie.firstEntry(AbstractPatriciaTrie.java:750)
	at org.apache.commons.collections4.trie.AbstractPatriciaTrie.nextEntry(AbstractPatriciaTrie.java:611)
	at org.apache.commons.collections4.trie.AbstractPatriciaTrie$TrieIterator.<init>(AbstractPatriciaTrie.java:1548)
	at org.apache.commons.collections4.trie.AbstractPatriciaTrie$TrieMapIterator.<init>(AbstractPatriciaTrie.java:1609)
	at org.apache.commons.collections4.trie.AbstractPatriciaTrie$TrieMapIterator.<init>(AbstractPatriciaTrie.java:1609)
	at org.apache.commons.collections4.trie.AbstractPatriciaTrie.mapIterator(AbstractPatriciaTrie.java:824)
	at org.apache.commons.collections4.trie.PatriciaTrie.mapIterator(PatriciaTrie.java:57)
	at org.apache.commons.collections4.trie.AbstractPatriciaTrie_ESTest.test044(AbstractPatriciaTrie_ESTest.java:441)
	at sun.reflect.NativeMethodAccessorImpl.invoke0(Native Method)
	at sun.reflect.NativeMethodAccessorImpl.invoke(NativeMethodAccessorImpl.java:62)
	at sun.reflect.DelegatingMethodAccessorImpl.invoke(DelegatingMethodAccessorImpl.java:43)
	at java.lang.reflect.Method.invoke(Method.java:498)
	at org.junit.runners.model.FrameworkMethod$1.runReflectiveCall(FrameworkMethod.java:50)
	at org.junit.internal.runners.model.ReflectiveCallable.run(ReflectiveCallable.java:12)
	at org.junit.runners.model.FrameworkMethod.invokeExplosively(FrameworkMethod.java:47)
	at org.junit.internal.runners.statements.InvokeMethod.evaluate(InvokeMethod.java:17)
	at org.junit.internal.runners.statements.FailOnTimeout$CallableStatement.call(FailOnTimeout.java:298)
	at org.junit.internal.runners.statements.FailOnTimeout$CallableStatement.call(FailOnTimeout.java:292)
	at java.util.concurrent.FutureTask.run(FutureTask.java:266)
	at java.lang.Thread.run(Thread.java:748)
6) test045(org.apache.commons.collections4.trie.AbstractPatriciaTrie_ESTest)
java.lang.NullPointerException
	at org.apache.commons.collections4.trie.AbstractPatriciaTrie.isValidUplink(AbstractPatriciaTrie.java:1247)
	at org.apache.commons.collections4.trie.AbstractPatriciaTrie_ESTest.test045(AbstractPatriciaTrie_ESTest.java:456)
	at sun.reflect.NativeMethodAccessorImpl.invoke0(Native Method)
	at sun.reflect.NativeMethodAccessorImpl.invoke(NativeMethodAccessorImpl.java:62)
	at sun.reflect.DelegatingMethodAccessorImpl.invoke(DelegatingMethodAccessorImpl.java:43)
	at java.lang.reflect.Method.invoke(Method.java:498)
	at org.junit.runners.model.FrameworkMethod$1.runReflectiveCall(FrameworkMethod.java:50)
	at org.junit.internal.runners.model.ReflectiveCallable.run(ReflectiveCallable.java:12)
	at org.junit.runners.model.FrameworkMethod.invokeExplosively(FrameworkMethod.java:47)
	at org.junit.internal.runners.statements.InvokeMethod.evaluate(InvokeMethod.java:17)
	at org.junit.internal.runners.statements.FailOnTimeout$CallableStatement.call(FailOnTimeout.java:298)
	at org.junit.internal.runners.statements.FailOnTimeout$CallableStatement.call(FailOnTimeout.java:292)
	at java.util.concurrent.FutureTask.run(FutureTask.java:266)
	at java.lang.Thread.run(Thread.java:748)
7) test046(org.apache.commons.collections4.trie.AbstractPatriciaTrie_ESTest)
java.lang.NullPointerException
	at org.apache.commons.collections4.trie.AbstractPatriciaTrie.followLeft(AbstractPatriciaTrie.java:764)
	at org.apache.commons.collections4.trie.AbstractPatriciaTrie.firstEntry(AbstractPatriciaTrie.java:750)
	at org.apache.commons.collections4.trie.AbstractPatriciaTrie.higherEntry(AbstractPatriciaTrie.java:903)
	at org.apache.commons.collections4.trie.AbstractPatriciaTrie_ESTest.test046(AbstractPatriciaTrie_ESTest.java:473)
	at sun.reflect.NativeMethodAccessorImpl.invoke0(Native Method)
	at sun.reflect.NativeMethodAccessorImpl.invoke(NativeMethodAccessorImpl.java:62)
	at sun.reflect.DelegatingMethodAccessorImpl.invoke(DelegatingMethodAccessorImpl.java:43)
	at java.lang.reflect.Method.invoke(Method.java:498)
	at org.junit.runners.model.FrameworkMethod$1.runReflectiveCall(FrameworkMethod.java:50)
	at org.junit.internal.runners.model.ReflectiveCallable.run(ReflectiveCallable.java:12)
	at org.junit.runners.model.FrameworkMethod.invokeExplosively(FrameworkMethod.java:47)
	at org.junit.internal.runners.statements.InvokeMethod.evaluate(InvokeMethod.java:17)
	at org.junit.internal.runners.statements.FailOnTimeout$CallableStatement.call(FailOnTimeout.java:298)
	at org.junit.internal.runners.statements.FailOnTimeout$CallableStatement.call(FailOnTimeout.java:292)
	at java.util.concurrent.FutureTask.run(FutureTask.java:266)
	at java.lang.Thread.run(Thread.java:748)
8) test047(org.apache.commons.collections4.trie.AbstractPatriciaTrie_ESTest)
org.evosuite.runtime.mock.java.lang.MockIllegalArgumentException: must have a from or to!
	at org.apache.commons.collections4.trie.AbstractPatriciaTrie$RangeEntryMap.<init>(AbstractPatriciaTrie.java:1875)
	at org.apache.commons.collections4.trie.AbstractPatriciaTrie$RangeEntryMap.<init>(AbstractPatriciaTrie.java:1865)
	at org.apache.commons.collections4.trie.AbstractPatriciaTrie.headMap(AbstractPatriciaTrie.java:870)
	at org.apache.commons.collections4.trie.AbstractPatriciaTrie_ESTest.test047(AbstractPatriciaTrie_ESTest.java:488)
	at sun.reflect.NativeMethodAccessorImpl.invoke0(Native Method)
	at sun.reflect.NativeMethodAccessorImpl.invoke(NativeMethodAccessorImpl.java:62)
	at sun.reflect.DelegatingMethodAccessorImpl.invoke(DelegatingMethodAccessorImpl.java:43)
	at java.lang.reflect.Method.invoke(Method.java:498)
	at org.junit.runners.model.FrameworkMethod$1.runReflectiveCall(FrameworkMethod.java:50)
	at org.junit.internal.runners.model.ReflectiveCallable.run(ReflectiveCallable.java:12)
	at org.junit.runners.model.FrameworkMethod.invokeExplosively(FrameworkMethod.java:47)
	at org.junit.internal.runners.statements.InvokeMethod.evaluate(InvokeMethod.java:17)
	at org.junit.internal.runners.statements.FailOnTimeout$CallableStatement.call(FailOnTimeout.java:298)
	at org.junit.internal.runners.statements.FailOnTimeout$CallableStatement.call(FailOnTimeout.java:292)
	at java.util.concurrent.FutureTask.run(FutureTask.java:266)
	at java.lang.Thread.run(Thread.java:748)
9) test048(org.apache.commons.collections4.trie.AbstractPatriciaTrie_ESTest)
java.lang.StringIndexOutOfBoundsException: String index out of range: 0
	at java.lang.String.charAt(String.java:658)
	at org.apache.commons.collections4.trie.analyzer.StringKeyAnalyzer.isBitSet(StringKeyAnalyzer.java:122)
	at org.apache.commons.collections4.trie.analyzer.StringKeyAnalyzer.isBitSet(StringKeyAnalyzer.java:27)
	at org.apache.commons.collections4.trie.AbstractBitwiseTrie.isBitSet(AbstractBitwiseTrie.java:114)
	at org.apache.commons.collections4.trie.AbstractPatriciaTrie.getNearestEntryForKey(AbstractPatriciaTrie.java:464)
	at org.apache.commons.collections4.trie.AbstractPatriciaTrie_ESTest.test048(AbstractPatriciaTrie_ESTest.java:505)
	at sun.reflect.NativeMethodAccessorImpl.invoke0(Native Method)
	at sun.reflect.NativeMethodAccessorImpl.invoke(NativeMethodAccessorImpl.java:62)
	at sun.reflect.DelegatingMethodAccessorImpl.invoke(DelegatingMethodAccessorImpl.java:43)
	at java.lang.reflect.Method.invoke(Method.java:498)
	at org.junit.runners.model.FrameworkMethod$1.runReflectiveCall(FrameworkMethod.java:50)
	at org.junit.internal.runners.model.ReflectiveCallable.run(ReflectiveCallable.java:12)
	at org.junit.runners.model.FrameworkMethod.invokeExplosively(FrameworkMethod.java:47)
	at org.junit.internal.runners.statements.InvokeMethod.evaluate(InvokeMethod.java:17)
	at org.junit.internal.runners.statements.FailOnTimeout$CallableStatement.call(FailOnTimeout.java:298)
	at org.junit.internal.runners.statements.FailOnTimeout$CallableStatement.call(FailOnTimeout.java:292)
	at java.util.concurrent.FutureTask.run(FutureTask.java:266)
	at java.lang.Thread.run(Thread.java:748)
10) test049(org.apache.commons.collections4.trie.AbstractPatriciaTrie_ESTest)
java.lang.ClassCastException: java.lang.Integer cannot be cast to java.lang.String
	at org.apache.commons.collections4.trie.analyzer.StringKeyAnalyzer.lengthInBits(StringKeyAnalyzer.java:27)
	at org.apache.commons.collections4.trie.AbstractBitwiseTrie.lengthInBits(AbstractBitwiseTrie.java:93)
	at org.apache.commons.collections4.trie.AbstractPatriciaTrie.getEntry(AbstractPatriciaTrie.java:258)
	at org.apache.commons.collections4.trie.AbstractPatriciaTrie_ESTest.test049(AbstractPatriciaTrie_ESTest.java:519)
	at sun.reflect.NativeMethodAccessorImpl.invoke0(Native Method)
	at sun.reflect.NativeMethodAccessorImpl.invoke(NativeMethodAccessorImpl.java:62)
	at sun.reflect.DelegatingMethodAccessorImpl.invoke(DelegatingMethodAccessorImpl.java:43)
	at java.lang.reflect.Method.invoke(Method.java:498)
	at org.junit.runners.model.FrameworkMethod$1.runReflectiveCall(FrameworkMethod.java:50)
	at org.junit.internal.runners.model.ReflectiveCallable.run(ReflectiveCallable.java:12)
	at org.junit.runners.model.FrameworkMethod.invokeExplosively(FrameworkMethod.java:47)
	at org.junit.internal.runners.statements.InvokeMethod.evaluate(InvokeMethod.java:17)
	at org.junit.internal.runners.statements.FailOnTimeout$CallableStatement.call(FailOnTimeout.java:298)
	at org.junit.internal.runners.statements.FailOnTimeout$CallableStatement.call(FailOnTimeout.java:292)
	at java.util.concurrent.FutureTask.run(FutureTask.java:266)
	at java.lang.Thread.run(Thread.java:748)
11) test050(org.apache.commons.collections4.trie.AbstractPatriciaTrie_ESTest)
java.lang.ClassCastException: org.apache.commons.collections4.trie.PatriciaTrie cannot be cast to java.lang.String
	at org.apache.commons.collections4.trie.analyzer.StringKeyAnalyzer.lengthInBits(StringKeyAnalyzer.java:27)
	at org.apache.commons.collections4.trie.AbstractBitwiseTrie.lengthInBits(AbstractBitwiseTrie.java:93)
	at org.apache.commons.collections4.trie.AbstractPatriciaTrie.getEntry(AbstractPatriciaTrie.java:258)
	at org.apache.commons.collections4.trie.AbstractPatriciaTrie.get(AbstractPatriciaTrie.java:241)
	at org.apache.commons.collections4.trie.PatriciaTrie.get(PatriciaTrie.java:57)
	at org.apache.commons.collections4.trie.AbstractPatriciaTrie_ESTest.test050(AbstractPatriciaTrie_ESTest.java:536)
	at sun.reflect.NativeMethodAccessorImpl.invoke0(Native Method)
	at sun.reflect.NativeMethodAccessorImpl.invoke(NativeMethodAccessorImpl.java:62)
	at sun.reflect.DelegatingMethodAccessorImpl.invoke(DelegatingMethodAccessorImpl.java:43)
	at java.lang.reflect.Method.invoke(Method.java:498)
	at org.junit.runners.model.FrameworkMethod$1.runReflectiveCall(FrameworkMethod.java:50)
	at org.junit.internal.runners.model.ReflectiveCallable.run(ReflectiveCallable.java:12)
	at org.junit.runners.model.FrameworkMethod.invokeExplosively(FrameworkMethod.java:47)
	at org.junit.internal.runners.statements.InvokeMethod.evaluate(InvokeMethod.java:17)
	at org.junit.internal.runners.statements.FailOnTimeout$CallableStatement.call(FailOnTimeout.java:298)
	at org.junit.internal.runners.statements.FailOnTimeout$CallableStatement.call(FailOnTimeout.java:292)
	at java.util.concurrent.FutureTask.run(FutureTask.java:266)
	at java.lang.Thread.run(Thread.java:748)
12) test051(org.apache.commons.collections4.trie.AbstractPatriciaTrie_ESTest)
java.lang.NullPointerException
	at org.apache.commons.collections4.trie.AbstractPatriciaTrie.followRight(AbstractPatriciaTrie.java:1164)
	at org.apache.commons.collections4.trie.AbstractPatriciaTrie_ESTest.test051(AbstractPatriciaTrie_ESTest.java:553)
	at sun.reflect.NativeMethodAccessorImpl.invoke0(Native Method)
	at sun.reflect.NativeMethodAccessorImpl.invoke(NativeMethodAccessorImpl.java:62)
	at sun.reflect.DelegatingMethodAccessorImpl.invoke(DelegatingMethodAccessorImpl.java:43)
	at java.lang.reflect.Method.invoke(Method.java:498)
	at org.junit.runners.model.FrameworkMethod$1.runReflectiveCall(FrameworkMethod.java:50)
	at org.junit.internal.runners.model.ReflectiveCallable.run(ReflectiveCallable.java:12)
	at org.junit.runners.model.FrameworkMethod.invokeExplosively(FrameworkMethod.java:47)
	at org.junit.internal.runners.statements.InvokeMethod.evaluate(InvokeMethod.java:17)
	at org.junit.internal.runners.statements.FailOnTimeout$CallableStatement.call(FailOnTimeout.java:298)
	at org.junit.internal.runners.statements.FailOnTimeout$CallableStatement.call(FailOnTimeout.java:292)
	at java.util.concurrent.FutureTask.run(FutureTask.java:266)
	at java.lang.Thread.run(Thread.java:748)
13) test052(org.apache.commons.collections4.trie.AbstractPatriciaTrie_ESTest)
java.lang.NullPointerException
	at org.apache.commons.collections4.trie.AbstractPatriciaTrie.followLeft(AbstractPatriciaTrie.java:758)
	at org.apache.commons.collections4.trie.AbstractPatriciaTrie_ESTest.test052(AbstractPatriciaTrie_ESTest.java:569)
	at sun.reflect.NativeMethodAccessorImpl.invoke0(Native Method)
	at sun.reflect.NativeMethodAccessorImpl.invoke(NativeMethodAccessorImpl.java:62)
	at sun.reflect.DelegatingMethodAccessorImpl.invoke(DelegatingMethodAccessorImpl.java:43)
	at java.lang.reflect.Method.invoke(Method.java:498)
	at org.junit.runners.model.FrameworkMethod$1.runReflectiveCall(FrameworkMethod.java:50)
	at org.junit.internal.runners.model.ReflectiveCallable.run(ReflectiveCallable.java:12)
	at org.junit.runners.model.FrameworkMethod.invokeExplosively(FrameworkMethod.java:47)
	at org.junit.internal.runners.statements.InvokeMethod.evaluate(InvokeMethod.java:17)
	at org.junit.internal.runners.statements.FailOnTimeout$CallableStatement.call(FailOnTimeout.java:298)
	at org.junit.internal.runners.statements.FailOnTimeout$CallableStatement.call(FailOnTimeout.java:292)
	at java.util.concurrent.FutureTask.run(FutureTask.java:266)
	at java.lang.Thread.run(Thread.java:748)
14) test053(org.apache.commons.collections4.trie.AbstractPatriciaTrie_ESTest)
java.lang.NullPointerException
	at org.apache.commons.collections4.trie.AbstractPatriciaTrie.followLeft(AbstractPatriciaTrie.java:764)
	at org.apache.commons.collections4.trie.AbstractPatriciaTrie.firstEntry(AbstractPatriciaTrie.java:750)
	at org.apache.commons.collections4.trie.AbstractPatriciaTrie_ESTest.test053(AbstractPatriciaTrie_ESTest.java:585)
	at sun.reflect.NativeMethodAccessorImpl.invoke0(Native Method)
	at sun.reflect.NativeMethodAccessorImpl.invoke(NativeMethodAccessorImpl.java:62)
	at sun.reflect.DelegatingMethodAccessorImpl.invoke(DelegatingMethodAccessorImpl.java:43)
	at java.lang.reflect.Method.invoke(Method.java:498)
	at org.junit.runners.model.FrameworkMethod$1.runReflectiveCall(FrameworkMethod.java:50)
	at org.junit.internal.runners.model.ReflectiveCallable.run(ReflectiveCallable.java:12)
	at org.junit.runners.model.FrameworkMethod.invokeExplosively(FrameworkMethod.java:47)
	at org.junit.internal.runners.statements.InvokeMethod.evaluate(InvokeMethod.java:17)
	at org.junit.internal.runners.statements.FailOnTimeout$CallableStatement.call(FailOnTimeout.java:298)
	at org.junit.internal.runners.statements.FailOnTimeout$CallableStatement.call(FailOnTimeout.java:292)
	at java.util.concurrent.FutureTask.run(FutureTask.java:266)
	at java.lang.Thread.run(Thread.java:748)
15) test054(org.apache.commons.collections4.trie.AbstractPatriciaTrie_ESTest)
java.lang.NullPointerException
	at org.apache.commons.collections4.trie.AbstractPatriciaTrie.followLeft(AbstractPatriciaTrie.java:764)
	at org.apache.commons.collections4.trie.AbstractPatriciaTrie.firstEntry(AbstractPatriciaTrie.java:750)
	at org.apache.commons.collections4.trie.AbstractPatriciaTrie.ceilingEntry(AbstractPatriciaTrie.java:965)
	at org.apache.commons.collections4.trie.AbstractPatriciaTrie_ESTest.test054(AbstractPatriciaTrie_ESTest.java:601)
	at sun.reflect.NativeMethodAccessorImpl.invoke0(Native Method)
	at sun.reflect.NativeMethodAccessorImpl.invoke(NativeMethodAccessorImpl.java:62)
	at sun.reflect.DelegatingMethodAccessorImpl.invoke(DelegatingMethodAccessorImpl.java:43)
	at java.lang.reflect.Method.invoke(Method.java:498)
	at org.junit.runners.model.FrameworkMethod$1.runReflectiveCall(FrameworkMethod.java:50)
	at org.junit.internal.runners.model.ReflectiveCallable.run(ReflectiveCallable.java:12)
	at org.junit.runners.model.FrameworkMethod.invokeExplosively(FrameworkMethod.java:47)
	at org.junit.internal.runners.statements.InvokeMethod.evaluate(InvokeMethod.java:17)
	at org.junit.internal.runners.statements.FailOnTimeout$CallableStatement.call(FailOnTimeout.java:298)
	at org.junit.internal.runners.statements.FailOnTimeout$CallableStatement.call(FailOnTimeout.java:292)
	at java.util.concurrent.FutureTask.run(FutureTask.java:266)
	at java.lang.Thread.run(Thread.java:748)
16) test055(org.apache.commons.collections4.trie.AbstractPatriciaTrie_ESTest)
java.lang.NullPointerException
	at org.apache.commons.collections4.trie.AbstractPatriciaTrie.addEntry(AbstractPatriciaTrie.java:198)
	at org.apache.commons.collections4.trie.AbstractPatriciaTrie_ESTest.test055(AbstractPatriciaTrie_ESTest.java:616)
	at sun.reflect.NativeMethodAccessorImpl.invoke0(Native Method)
	at sun.reflect.NativeMethodAccessorImpl.invoke(NativeMethodAccessorImpl.java:62)
	at sun.reflect.DelegatingMethodAccessorImpl.invoke(DelegatingMethodAccessorImpl.java:43)
	at java.lang.reflect.Method.invoke(Method.java:498)
	at org.junit.runners.model.FrameworkMethod$1.runReflectiveCall(FrameworkMethod.java:50)
	at org.junit.internal.runners.model.ReflectiveCallable.run(ReflectiveCallable.java:12)
	at org.junit.runners.model.FrameworkMethod.invokeExplosively(FrameworkMethod.java:47)
	at org.junit.internal.runners.statements.InvokeMethod.evaluate(InvokeMethod.java:17)
	at org.junit.internal.runners.statements.FailOnTimeout$CallableStatement.call(FailOnTimeout.java:298)
	at org.junit.internal.runners.statements.FailOnTimeout$CallableStatement.call(FailOnTimeout.java:292)
	at java.util.concurrent.FutureTask.run(FutureTask.java:266)
	at java.lang.Thread.run(Thread.java:748)
17) test135(org.apache.commons.collections4.trie.AbstractPatriciaTrie_ESTest)
org.evosuite.runtime.mock.java.lang.MockNullPointerException: Key cannot be null
	at org.apache.commons.collections4.trie.AbstractPatriciaTrie.put(AbstractPatriciaTrie.java:131)
	at org.apache.commons.collections4.trie.AbstractPatriciaTrie_ESTest.test135(AbstractPatriciaTrie_ESTest.java:1411)
	at sun.reflect.NativeMethodAccessorImpl.invoke0(Native Method)
	at sun.reflect.NativeMethodAccessorImpl.invoke(NativeMethodAccessorImpl.java:62)
	at sun.reflect.DelegatingMethodAccessorImpl.invoke(DelegatingMethodAccessorImpl.java:43)
	at java.lang.reflect.Method.invoke(Method.java:498)
	at org.junit.runners.model.FrameworkMethod$1.runReflectiveCall(FrameworkMethod.java:50)
	at org.junit.internal.runners.model.ReflectiveCallable.run(ReflectiveCallable.java:12)
	at org.junit.runners.model.FrameworkMethod.invokeExplosively(FrameworkMethod.java:47)
	at org.junit.internal.runners.statements.InvokeMethod.evaluate(InvokeMethod.java:17)
	at org.junit.internal.runners.statements.FailOnTimeout$CallableStatement.call(FailOnTimeout.java:298)
	at org.junit.internal.runners.statements.FailOnTimeout$CallableStatement.call(FailOnTimeout.java:292)
	at java.util.concurrent.FutureTask.run(FutureTask.java:266)
	at java.lang.Thread.run(Thread.java:748)
18) test112(org.apache.commons.collections4.trie.AbstractPatriciaTrie_ESTest)
java.lang.NullPointerException
	at org.apache.commons.collections4.trie.AbstractPatriciaTrie.nextEntryImpl(AbstractPatriciaTrie.java:658)
	at org.apache.commons.collections4.trie.AbstractPatriciaTrie_ESTest.test112(AbstractPatriciaTrie_ESTest.java:1182)
	at sun.reflect.NativeMethodAccessorImpl.invoke0(Native Method)
	at sun.reflect.NativeMethodAccessorImpl.invoke(NativeMethodAccessorImpl.java:62)
	at sun.reflect.DelegatingMethodAccessorImpl.invoke(DelegatingMethodAccessorImpl.java:43)
	at java.lang.reflect.Method.invoke(Method.java:498)
	at org.junit.runners.model.FrameworkMethod$1.runReflectiveCall(FrameworkMethod.java:50)
	at org.junit.internal.runners.model.ReflectiveCallable.run(ReflectiveCallable.java:12)
	at org.junit.runners.model.FrameworkMethod.invokeExplosively(FrameworkMethod.java:47)
	at org.junit.internal.runners.statements.InvokeMethod.evaluate(InvokeMethod.java:17)
	at org.junit.internal.runners.statements.FailOnTimeout$CallableStatement.call(FailOnTimeout.java:298)
	at org.junit.internal.runners.statements.FailOnTimeout$CallableStatement.call(FailOnTimeout.java:292)
	at java.util.concurrent.FutureTask.run(FutureTask.java:266)
	at java.lang.Thread.run(Thread.java:748)
19) test114(org.apache.commons.collections4.trie.AbstractPatriciaTrie_ESTest)
java.lang.NullPointerException
	at org.apache.commons.collections4.trie.AbstractPatriciaTrie.removeInternalEntry(AbstractPatriciaTrie.java:557)
	at org.apache.commons.collections4.trie.AbstractPatriciaTrie.removeEntry(AbstractPatriciaTrie.java:482)
	at org.apache.commons.collections4.trie.AbstractPatriciaTrie_ESTest.test114(AbstractPatriciaTrie_ESTest.java:1212)
	at sun.reflect.NativeMethodAccessorImpl.invoke0(Native Method)
	at sun.reflect.NativeMethodAccessorImpl.invoke(NativeMethodAccessorImpl.java:62)
	at sun.reflect.DelegatingMethodAccessorImpl.invoke(DelegatingMethodAccessorImpl.java:43)
	at java.lang.reflect.Method.invoke(Method.java:498)
	at org.junit.runners.model.FrameworkMethod$1.runReflectiveCall(FrameworkMethod.java:50)
	at org.junit.internal.runners.model.ReflectiveCallable.run(ReflectiveCallable.java:12)
	at org.junit.runners.model.FrameworkMethod.invokeExplosively(FrameworkMethod.java:47)
	at org.junit.internal.runners.statements.InvokeMethod.evaluate(InvokeMethod.java:17)
	at org.junit.internal.runners.statements.FailOnTimeout$CallableStatement.call(FailOnTimeout.java:298)
	at org.junit.internal.runners.statements.FailOnTimeout$CallableStatement.call(FailOnTimeout.java:292)
	at java.util.concurrent.FutureTask.run(FutureTask.java:266)
	at java.lang.Thread.run(Thread.java:748)
20) test082(org.apache.commons.collections4.trie.AbstractPatriciaTrie_ESTest)
java.lang.StringIndexOutOfBoundsException: String index out of range: 80
	at java.lang.String.charAt(String.java:658)
	at org.apache.commons.collections4.trie.analyzer.StringKeyAnalyzer.isBitSet(StringKeyAnalyzer.java:122)
	at org.apache.commons.collections4.trie.analyzer.StringKeyAnalyzer.isBitSet(StringKeyAnalyzer.java:27)
	at org.apache.commons.collections4.trie.AbstractBitwiseTrie.isBitSet(AbstractBitwiseTrie.java:114)
	at org.apache.commons.collections4.trie.AbstractPatriciaTrie.subtree(AbstractPatriciaTrie.java:1133)
	at org.apache.commons.collections4.trie.AbstractPatriciaTrie_ESTest.test082(AbstractPatriciaTrie_ESTest.java:890)
	at sun.reflect.NativeMethodAccessorImpl.invoke0(Native Method)
	at sun.reflect.NativeMethodAccessorImpl.invoke(NativeMethodAccessorImpl.java:62)
	at sun.reflect.DelegatingMethodAccessorImpl.invoke(DelegatingMethodAccessorImpl.java:43)
	at java.lang.reflect.Method.invoke(Method.java:498)
	at org.junit.runners.model.FrameworkMethod$1.runReflectiveCall(FrameworkMethod.java:50)
	at org.junit.internal.runners.model.ReflectiveCallable.run(ReflectiveCallable.java:12)
	at org.junit.runners.model.FrameworkMethod.invokeExplosively(FrameworkMethod.java:47)
	at org.junit.internal.runners.statements.InvokeMethod.evaluate(InvokeMethod.java:17)
	at org.junit.internal.runners.statements.FailOnTimeout$CallableStatement.call(FailOnTimeout.java:298)
	at org.junit.internal.runners.statements.FailOnTimeout$CallableStatement.call(FailOnTimeout.java:292)
	at java.util.concurrent.FutureTask.run(FutureTask.java:266)
	at java.lang.Thread.run(Thread.java:748)
21) test080(org.apache.commons.collections4.trie.AbstractPatriciaTrie_ESTest)
java.lang.StringIndexOutOfBoundsException: String index out of range: 0
	at java.lang.String.charAt(String.java:658)
	at org.apache.commons.collections4.trie.analyzer.StringKeyAnalyzer.isBitSet(StringKeyAnalyzer.java:122)
	at org.apache.commons.collections4.trie.analyzer.StringKeyAnalyzer.isBitSet(StringKeyAnalyzer.java:27)
	at org.apache.commons.collections4.trie.AbstractBitwiseTrie.isBitSet(AbstractBitwiseTrie.java:114)
	at org.apache.commons.collections4.trie.AbstractPatriciaTrie.subtree(AbstractPatriciaTrie.java:1133)
	at org.apache.commons.collections4.trie.AbstractPatriciaTrie_ESTest.test080(AbstractPatriciaTrie_ESTest.java:858)
	at sun.reflect.NativeMethodAccessorImpl.invoke0(Native Method)
	at sun.reflect.NativeMethodAccessorImpl.invoke(NativeMethodAccessorImpl.java:62)
	at sun.reflect.DelegatingMethodAccessorImpl.invoke(DelegatingMethodAccessorImpl.java:43)
	at java.lang.reflect.Method.invoke(Method.java:498)
	at org.junit.runners.model.FrameworkMethod$1.runReflectiveCall(FrameworkMethod.java:50)
	at org.junit.internal.runners.model.ReflectiveCallable.run(ReflectiveCallable.java:12)
	at org.junit.runners.model.FrameworkMethod.invokeExplosively(FrameworkMethod.java:47)
	at org.junit.internal.runners.statements.InvokeMethod.evaluate(InvokeMethod.java:17)
	at org.junit.internal.runners.statements.FailOnTimeout$CallableStatement.call(FailOnTimeout.java:298)
	at org.junit.internal.runners.statements.FailOnTimeout$CallableStatement.call(FailOnTimeout.java:292)
	at java.util.concurrent.FutureTask.run(FutureTask.java:266)
	at java.lang.Thread.run(Thread.java:748)
22) test081(org.apache.commons.collections4.trie.AbstractPatriciaTrie_ESTest)
java.lang.NullPointerException
	at org.apache.commons.collections4.trie.analyzer.StringKeyAnalyzer.bitIndex(StringKeyAnalyzer.java:85)
	at org.apache.commons.collections4.trie.analyzer.StringKeyAnalyzer.bitIndex(StringKeyAnalyzer.java:27)
	at org.apache.commons.collections4.trie.AbstractPatriciaTrie.subtree(AbstractPatriciaTrie.java:1139)
	at org.apache.commons.collections4.trie.AbstractPatriciaTrie_ESTest.test081(AbstractPatriciaTrie_ESTest.java:872)
	at sun.reflect.NativeMethodAccessorImpl.invoke0(Native Method)
	at sun.reflect.NativeMethodAccessorImpl.invoke(NativeMethodAccessorImpl.java:62)
	at sun.reflect.DelegatingMethodAccessorImpl.invoke(DelegatingMethodAccessorImpl.java:43)
	at java.lang.reflect.Method.invoke(Method.java:498)
	at org.junit.runners.model.FrameworkMethod$1.runReflectiveCall(FrameworkMethod.java:50)
	at org.junit.internal.runners.model.ReflectiveCallable.run(ReflectiveCallable.java:12)
	at org.junit.runners.model.FrameworkMethod.invokeExplosively(FrameworkMethod.java:47)
	at org.junit.internal.runners.statements.InvokeMethod.evaluate(InvokeMethod.java:17)
	at org.junit.internal.runners.statements.FailOnTimeout$CallableStatement.call(FailOnTimeout.java:298)
	at org.junit.internal.runners.statements.FailOnTimeout$CallableStatement.call(FailOnTimeout.java:292)
	at java.util.concurrent.FutureTask.run(FutureTask.java:266)
	at java.lang.Thread.run(Thread.java:748)
23) test002(org.apache.commons.collections4.trie.AbstractPatriciaTrie_ESTest)
java.lang.StringIndexOutOfBoundsException: String index out of range: -33
	at java.lang.String.charAt(String.java:658)
	at org.apache.commons.collections4.trie.analyzer.StringKeyAnalyzer.isBitSet(StringKeyAnalyzer.java:122)
	at org.apache.commons.collections4.trie.analyzer.StringKeyAnalyzer.isBitSet(StringKeyAnalyzer.java:27)
	at org.apache.commons.collections4.trie.AbstractBitwiseTrie.isBitSet(AbstractBitwiseTrie.java:114)
	at org.apache.commons.collections4.trie.AbstractPatriciaTrie.subtree(AbstractPatriciaTrie.java:1133)
	at org.apache.commons.collections4.trie.AbstractPatriciaTrie_ESTest.test002(AbstractPatriciaTrie_ESTest.java:55)
	at sun.reflect.NativeMethodAccessorImpl.invoke0(Native Method)
	at sun.reflect.NativeMethodAccessorImpl.invoke(NativeMethodAccessorImpl.java:62)
	at sun.reflect.DelegatingMethodAccessorImpl.invoke(DelegatingMethodAccessorImpl.java:43)
	at java.lang.reflect.Method.invoke(Method.java:498)
	at org.junit.runners.model.FrameworkMethod$1.runReflectiveCall(FrameworkMethod.java:50)
	at org.junit.internal.runners.model.ReflectiveCallable.run(ReflectiveCallable.java:12)
	at org.junit.runners.model.FrameworkMethod.invokeExplosively(FrameworkMethod.java:47)
	at org.junit.internal.runners.statements.InvokeMethod.evaluate(InvokeMethod.java:17)
	at org.junit.internal.runners.statements.FailOnTimeout$CallableStatement.call(FailOnTimeout.java:298)
	at org.junit.internal.runners.statements.FailOnTimeout$CallableStatement.call(FailOnTimeout.java:292)
	at java.util.concurrent.FutureTask.run(FutureTask.java:266)
	at java.lang.Thread.run(Thread.java:748)
24) test126(org.apache.commons.collections4.trie.AbstractPatriciaTrie_ESTest)
java.lang.ClassCastException: java.lang.Object cannot be cast to java.lang.String
	at org.apache.commons.collections4.trie.analyzer.StringKeyAnalyzer.lengthInBits(StringKeyAnalyzer.java:27)
	at org.apache.commons.collections4.trie.AbstractBitwiseTrie.lengthInBits(AbstractBitwiseTrie.java:93)
	at org.apache.commons.collections4.trie.AbstractPatriciaTrie.containsKey(AbstractPatriciaTrie.java:384)
	at org.apache.commons.collections4.trie.PatriciaTrie.containsKey(PatriciaTrie.java:57)
	at org.apache.commons.collections4.trie.AbstractPatriciaTrie_ESTest.test126(AbstractPatriciaTrie_ESTest.java:1325)
	at sun.reflect.NativeMethodAccessorImpl.invoke0(Native Method)
	at sun.reflect.NativeMethodAccessorImpl.invoke(NativeMethodAccessorImpl.java:62)
	at sun.reflect.DelegatingMethodAccessorImpl.invoke(DelegatingMethodAccessorImpl.java:43)
	at java.lang.reflect.Method.invoke(Method.java:498)
	at org.junit.runners.model.FrameworkMethod$1.runReflectiveCall(FrameworkMethod.java:50)
	at org.junit.internal.runners.model.ReflectiveCallable.run(ReflectiveCallable.java:12)
	at org.junit.runners.model.FrameworkMethod.invokeExplosively(FrameworkMethod.java:47)
	at org.junit.internal.runners.statements.InvokeMethod.evaluate(InvokeMethod.java:17)
	at org.junit.internal.runners.statements.FailOnTimeout$CallableStatement.call(FailOnTimeout.java:298)
	at org.junit.internal.runners.statements.FailOnTimeout$CallableStatement.call(FailOnTimeout.java:292)
	at java.util.concurrent.FutureTask.run(FutureTask.java:266)
	at java.lang.Thread.run(Thread.java:748)
25) test007(org.apache.commons.collections4.trie.AbstractPatriciaTrie_ESTest)
java.lang.StringIndexOutOfBoundsException: String index out of range: 0
	at java.lang.String.charAt(String.java:658)
	at org.apache.commons.collections4.trie.analyzer.StringKeyAnalyzer.isBitSet(StringKeyAnalyzer.java:122)
	at org.apache.commons.collections4.trie.analyzer.StringKeyAnalyzer.isBitSet(StringKeyAnalyzer.java:27)
	at org.apache.commons.collections4.trie.AbstractBitwiseTrie.isBitSet(AbstractBitwiseTrie.java:114)
	at org.apache.commons.collections4.trie.AbstractPatriciaTrie.addEntry(AbstractPatriciaTrie.java:202)
	at org.apache.commons.collections4.trie.AbstractPatriciaTrie_ESTest.test007(AbstractPatriciaTrie_ESTest.java:108)
	at sun.reflect.NativeMethodAccessorImpl.invoke0(Native Method)
	at sun.reflect.NativeMethodAccessorImpl.invoke(NativeMethodAccessorImpl.java:62)
	at sun.reflect.DelegatingMethodAccessorImpl.invoke(DelegatingMethodAccessorImpl.java:43)
	at java.lang.reflect.Method.invoke(Method.java:498)
	at org.junit.runners.model.FrameworkMethod$1.runReflectiveCall(FrameworkMethod.java:50)
	at org.junit.internal.runners.model.ReflectiveCallable.run(ReflectiveCallable.java:12)
	at org.junit.runners.model.FrameworkMethod.invokeExplosively(FrameworkMethod.java:47)
	at org.junit.internal.runners.statements.InvokeMethod.evaluate(InvokeMethod.java:17)
	at org.junit.internal.runners.statements.FailOnTimeout$CallableStatement.call(FailOnTimeout.java:298)
	at org.junit.internal.runners.statements.FailOnTimeout$CallableStatement.call(FailOnTimeout.java:292)
	at java.util.concurrent.FutureTask.run(FutureTask.java:266)
	at java.lang.Thread.run(Thread.java:748)
26) test097(org.apache.commons.collections4.trie.AbstractPatriciaTrie_ESTest)
org.evosuite.runtime.mock.java.lang.MockNullPointerException
	at org.apache.commons.collections4.trie.AbstractPatriciaTrie.previousKey(AbstractPatriciaTrie.java:812)
	at org.apache.commons.collections4.trie.AbstractPatriciaTrie_ESTest.test097(AbstractPatriciaTrie_ESTest.java:1012)
	at sun.reflect.NativeMethodAccessorImpl.invoke0(Native Method)
	at sun.reflect.NativeMethodAccessorImpl.invoke(NativeMethodAccessorImpl.java:62)
	at sun.reflect.DelegatingMethodAccessorImpl.invoke(DelegatingMethodAccessorImpl.java:43)
	at java.lang.reflect.Method.invoke(Method.java:498)
	at org.junit.runners.model.FrameworkMethod$1.runReflectiveCall(FrameworkMethod.java:50)
	at org.junit.internal.runners.model.ReflectiveCallable.run(ReflectiveCallable.java:12)
	at org.junit.runners.model.FrameworkMethod.invokeExplosively(FrameworkMethod.java:47)
	at org.junit.internal.runners.statements.InvokeMethod.evaluate(InvokeMethod.java:17)
	at org.junit.internal.runners.statements.FailOnTimeout$CallableStatement.call(FailOnTimeout.java:298)
	at org.junit.internal.runners.statements.FailOnTimeout$CallableStatement.call(FailOnTimeout.java:292)
	at java.util.concurrent.FutureTask.run(FutureTask.java:266)
	at java.lang.Thread.run(Thread.java:748)
27) test064(org.apache.commons.collections4.trie.AbstractPatriciaTrie_ESTest)
org.evosuite.runtime.mock.java.lang.MockIllegalArgumentException: fromKey > toKey
	at org.apache.commons.collections4.trie.AbstractPatriciaTrie$RangeEntryMap.<init>(AbstractPatriciaTrie.java:1879)
	at org.apache.commons.collections4.trie.AbstractPatriciaTrie$RangeEntryMap.<init>(AbstractPatriciaTrie.java:1865)
	at org.apache.commons.collections4.trie.AbstractPatriciaTrie.subMap(AbstractPatriciaTrie.java:875)
	at org.apache.commons.collections4.trie.AbstractPatriciaTrie_ESTest.test064(AbstractPatriciaTrie_ESTest.java:696)
	at sun.reflect.NativeMethodAccessorImpl.invoke0(Native Method)
	at sun.reflect.NativeMethodAccessorImpl.invoke(NativeMethodAccessorImpl.java:62)
	at sun.reflect.DelegatingMethodAccessorImpl.invoke(DelegatingMethodAccessorImpl.java:43)
	at java.lang.reflect.Method.invoke(Method.java:498)
	at org.junit.runners.model.FrameworkMethod$1.runReflectiveCall(FrameworkMethod.java:50)
	at org.junit.internal.runners.model.ReflectiveCallable.run(ReflectiveCallable.java:12)
	at org.junit.runners.model.FrameworkMethod.invokeExplosively(FrameworkMethod.java:47)
	at org.junit.internal.runners.statements.InvokeMethod.evaluate(InvokeMethod.java:17)
	at org.junit.internal.runners.statements.FailOnTimeout$CallableStatement.call(FailOnTimeout.java:298)
	at org.junit.internal.runners.statements.FailOnTimeout$CallableStatement.call(FailOnTimeout.java:292)
	at java.util.concurrent.FutureTask.run(FutureTask.java:266)
	at java.lang.Thread.run(Thread.java:748)
28) test065(org.apache.commons.collections4.trie.AbstractPatriciaTrie_ESTest)
org.evosuite.runtime.mock.java.lang.MockIllegalArgumentException: must have a from or to!
	at org.apache.commons.collections4.trie.AbstractPatriciaTrie$RangeEntryMap.<init>(AbstractPatriciaTrie.java:1875)
	at org.apache.commons.collections4.trie.AbstractPatriciaTrie$RangeEntryMap.<init>(AbstractPatriciaTrie.java:1865)
	at org.apache.commons.collections4.trie.AbstractPatriciaTrie.tailMap(AbstractPatriciaTrie.java:880)
	at org.apache.commons.collections4.trie.AbstractPatriciaTrie_ESTest.test065(AbstractPatriciaTrie_ESTest.java:712)
	at sun.reflect.NativeMethodAccessorImpl.invoke0(Native Method)
	at sun.reflect.NativeMethodAccessorImpl.invoke(NativeMethodAccessorImpl.java:62)
	at sun.reflect.DelegatingMethodAccessorImpl.invoke(DelegatingMethodAccessorImpl.java:43)
	at java.lang.reflect.Method.invoke(Method.java:498)
	at org.junit.runners.model.FrameworkMethod$1.runReflectiveCall(FrameworkMethod.java:50)
	at org.junit.internal.runners.model.ReflectiveCallable.run(ReflectiveCallable.java:12)
	at org.junit.runners.model.FrameworkMethod.invokeExplosively(FrameworkMethod.java:47)
	at org.junit.internal.runners.statements.InvokeMethod.evaluate(InvokeMethod.java:17)
	at org.junit.internal.runners.statements.FailOnTimeout$CallableStatement.call(FailOnTimeout.java:298)
	at org.junit.internal.runners.statements.FailOnTimeout$CallableStatement.call(FailOnTimeout.java:292)
	at java.util.concurrent.FutureTask.run(FutureTask.java:266)
	at java.lang.Thread.run(Thread.java:748)
29) test101(org.apache.commons.collections4.trie.AbstractPatriciaTrie_ESTest)
org.evosuite.runtime.mock.java.lang.MockNullPointerException
	at org.apache.commons.collections4.trie.AbstractPatriciaTrie.nextKey(AbstractPatriciaTrie.java:799)
	at org.apache.commons.collections4.trie.AbstractPatriciaTrie_ESTest.test101(AbstractPatriciaTrie_ESTest.java:1051)
	at sun.reflect.NativeMethodAccessorImpl.invoke0(Native Method)
	at sun.reflect.NativeMethodAccessorImpl.invoke(NativeMethodAccessorImpl.java:62)
	at sun.reflect.DelegatingMethodAccessorImpl.invoke(DelegatingMethodAccessorImpl.java:43)
	at java.lang.reflect.Method.invoke(Method.java:498)
	at org.junit.runners.model.FrameworkMethod$1.runReflectiveCall(FrameworkMethod.java:50)
	at org.junit.internal.runners.model.ReflectiveCallable.run(ReflectiveCallable.java:12)
	at org.junit.runners.model.FrameworkMethod.invokeExplosively(FrameworkMethod.java:47)
	at org.junit.internal.runners.statements.InvokeMethod.evaluate(InvokeMethod.java:17)
	at org.junit.internal.runners.statements.FailOnTimeout$CallableStatement.call(FailOnTimeout.java:298)
	at org.junit.internal.runners.statements.FailOnTimeout$CallableStatement.call(FailOnTimeout.java:292)
	at java.util.concurrent.FutureTask.run(FutureTask.java:266)
	at java.lang.Thread.run(Thread.java:748)
30) test104(org.apache.commons.collections4.trie.AbstractPatriciaTrie_ESTest)
java.util.NoSuchElementException
	at org.apache.commons.collections4.trie.AbstractPatriciaTrie.lastKey(AbstractPatriciaTrie.java:793)
	at org.apache.commons.collections4.trie.AbstractPatriciaTrie_ESTest.test104(AbstractPatriciaTrie_ESTest.java:1081)
	at sun.reflect.NativeMethodAccessorImpl.invoke0(Native Method)
	at sun.reflect.NativeMethodAccessorImpl.invoke(NativeMethodAccessorImpl.java:62)
	at sun.reflect.DelegatingMethodAccessorImpl.invoke(DelegatingMethodAccessorImpl.java:43)
	at java.lang.reflect.Method.invoke(Method.java:498)
	at org.junit.runners.model.FrameworkMethod$1.runReflectiveCall(FrameworkMethod.java:50)
	at org.junit.internal.runners.model.ReflectiveCallable.run(ReflectiveCallable.java:12)
	at org.junit.runners.model.FrameworkMethod.invokeExplosively(FrameworkMethod.java:47)
	at org.junit.internal.runners.statements.InvokeMethod.evaluate(InvokeMethod.java:17)
	at org.junit.internal.runners.statements.FailOnTimeout$CallableStatement.call(FailOnTimeout.java:298)
	at org.junit.internal.runners.statements.FailOnTimeout$CallableStatement.call(FailOnTimeout.java:292)
	at java.util.concurrent.FutureTask.run(FutureTask.java:266)
	at java.lang.Thread.run(Thread.java:748)
31) test105(org.apache.commons.collections4.trie.AbstractPatriciaTrie_ESTest)
java.util.NoSuchElementException
	at org.apache.commons.collections4.trie.AbstractPatriciaTrie.firstKey(AbstractPatriciaTrie.java:782)
	at org.apache.commons.collections4.trie.AbstractPatriciaTrie_ESTest.test105(AbstractPatriciaTrie_ESTest.java:1097)
	at sun.reflect.NativeMethodAccessorImpl.invoke0(Native Method)
	at sun.reflect.NativeMethodAccessorImpl.invoke(NativeMethodAccessorImpl.java:62)
	at sun.reflect.DelegatingMethodAccessorImpl.invoke(DelegatingMethodAccessorImpl.java:43)
	at java.lang.reflect.Method.invoke(Method.java:498)
	at org.junit.runners.model.FrameworkMethod$1.runReflectiveCall(FrameworkMethod.java:50)
	at org.junit.internal.runners.model.ReflectiveCallable.run(ReflectiveCallable.java:12)
	at org.junit.runners.model.FrameworkMethod.invokeExplosively(FrameworkMethod.java:47)
	at org.junit.internal.runners.statements.InvokeMethod.evaluate(InvokeMethod.java:17)
	at org.junit.internal.runners.statements.FailOnTimeout$CallableStatement.call(FailOnTimeout.java:298)
	at org.junit.internal.runners.statements.FailOnTimeout$CallableStatement.call(FailOnTimeout.java:292)
	at java.util.concurrent.FutureTask.run(FutureTask.java:266)
	at java.lang.Thread.run(Thread.java:748)
32) test106(org.apache.commons.collections4.trie.AbstractPatriciaTrie_ESTest)
java.lang.NullPointerException
	at org.apache.commons.collections4.trie.AbstractPatriciaTrie.followLeft(AbstractPatriciaTrie.java:764)
	at org.apache.commons.collections4.trie.AbstractPatriciaTrie.firstEntry(AbstractPatriciaTrie.java:750)
	at org.apache.commons.collections4.trie.AbstractPatriciaTrie.firstKey(AbstractPatriciaTrie.java:784)
	at org.apache.commons.collections4.trie.AbstractPatriciaTrie_ESTest.test106(AbstractPatriciaTrie_ESTest.java:1114)
	at sun.reflect.NativeMethodAccessorImpl.invoke0(Native Method)
	at sun.reflect.NativeMethodAccessorImpl.invoke(NativeMethodAccessorImpl.java:62)
	at sun.reflect.DelegatingMethodAccessorImpl.invoke(DelegatingMethodAccessorImpl.java:43)
	at java.lang.reflect.Method.invoke(Method.java:498)
	at org.junit.runners.model.FrameworkMethod$1.runReflectiveCall(FrameworkMethod.java:50)
	at org.junit.internal.runners.model.ReflectiveCallable.run(ReflectiveCallable.java:12)
	at org.junit.runners.model.FrameworkMethod.invokeExplosively(FrameworkMethod.java:47)
	at org.junit.internal.runners.statements.InvokeMethod.evaluate(InvokeMethod.java:17)
	at org.junit.internal.runners.statements.FailOnTimeout$CallableStatement.call(FailOnTimeout.java:298)
	at org.junit.internal.runners.statements.FailOnTimeout$CallableStatement.call(FailOnTimeout.java:292)
	at java.util.concurrent.FutureTask.run(FutureTask.java:266)
	at java.lang.Thread.run(Thread.java:748)
33) test076(org.apache.commons.collections4.trie.AbstractPatriciaTrie_ESTest)
java.lang.NullPointerException
	at org.apache.commons.collections4.trie.AbstractPatriciaTrie.followRight(AbstractPatriciaTrie.java:1169)
	at org.apache.commons.collections4.trie.AbstractPatriciaTrie.previousEntry(AbstractPatriciaTrie.java:1204)
	at org.apache.commons.collections4.trie.AbstractPatriciaTrie.lowerEntry(AbstractPatriciaTrie.java:1033)
	at org.apache.commons.collections4.trie.AbstractPatriciaTrie_ESTest.test076(AbstractPatriciaTrie_ESTest.java:817)
	at sun.reflect.NativeMethodAccessorImpl.invoke0(Native Method)
	at sun.reflect.NativeMethodAccessorImpl.invoke(NativeMethodAccessorImpl.java:62)
	at sun.reflect.DelegatingMethodAccessorImpl.invoke(DelegatingMethodAccessorImpl.java:43)
	at java.lang.reflect.Method.invoke(Method.java:498)
	at org.junit.runners.model.FrameworkMethod$1.runReflectiveCall(FrameworkMethod.java:50)
	at org.junit.internal.runners.model.ReflectiveCallable.run(ReflectiveCallable.java:12)
	at org.junit.runners.model.FrameworkMethod.invokeExplosively(FrameworkMethod.java:47)
	at org.junit.internal.runners.statements.InvokeMethod.evaluate(InvokeMethod.java:17)
	at org.junit.internal.runners.statements.FailOnTimeout$CallableStatement.call(FailOnTimeout.java:298)
	at org.junit.internal.runners.statements.FailOnTimeout$CallableStatement.call(FailOnTimeout.java:292)
	at java.util.concurrent.FutureTask.run(FutureTask.java:266)
	at java.lang.Thread.run(Thread.java:748)

FAILURES!!!
Tests run: 145,  Failures: 33

