* EvoSuite 1.1.1-SNAPSHOT
* Configuration: default
* Going to generate test cases for class: org.mockito.internal.invocation.InvocationMatcher
* Starting Client-0
* Connecting to master process on port 9090
* Analyzing classpath: 
  - subjects/buggy-versions/Mockito-1/build/classes/main
  - defects4j/framework/projects/Mockito/lib/asm-all-5.0.4.jar
  - defects4j/framework/projects/Mockito/lib/assertj-core-2.1.0.jar
  - defects4j/framework/projects/Mockito/lib/cglib-and-asm-1.0.jar
  - defects4j/framework/projects/Mockito/lib/cobertura-2.0.3.jar
  - defects4j/framework/projects/Mockito/lib/fest-assert-1.3.jar
  - defects4j/framework/projects/Mockito/lib/fest-util-1.1.4.jar
  - defects4j/framework/projects/Mockito/lib/hamcrest-all-1.3.jar
  - defects4j/framework/projects/Mockito/lib/hamcrest-core-1.1.jar
  - defects4j/framework/projects/Mockito/lib/objenesis-2.1.jar
  - defects4j/framework/projects/Mockito/lib/objenesis-2.2.jar
  - defects4j/framework/projects/Mockito/lib/powermock-reflect-1.2.5.jar
  - subjects/buggy-versions/Mockito-1/compileLib/byte-buddy-0.6.8.jar
* Finished analyzing classpath
* Generating tests for class org.mockito.internal.invocation.InvocationMatcher
* Test criteria:
  - Line Coverage
  - Branch Coverage
  - Exception
  - Mutation testing (weak)
  - Method-Output Coverage
  - Top-Level Method Coverage
  - No-Exception Top-Level Method Coverage
  - Context Branch Coverage
* Total number of test goals for DYNAMOSA: 393
* Using seed 3818166536
* Starting evolution
* Initial Number of Goals in DynaMOSA = 141 / 393
[MASTER] 10:48:29.528 [logback-2] ERROR TestCluster - Failed to check cache for org.hamcrest.beans.HasProperty<T> : Type points to itself
[MASTER] 10:48:29.528 [logback-2] ERROR TestCluster - Failed to check cache for org.hamcrest.beans.HasPropertyWithValue<T> : Type points to itself
[MASTER] 10:48:29.531 [logback-2] ERROR TestCluster - Failed to check cache for org.hamcrest.beans.SamePropertyValuesAs<T> : Type points to itself
[MASTER] 10:48:29.532 [logback-2] ERROR TestCluster - Failed to check cache for org.hamcrest.beans.SamePropertyValuesAs<T>.PropertyMatcher : Type points to itself
[MASTER] 10:48:29.532 [logback-2] ERROR TestCluster - Failed to check cache for org.hamcrest.collection.IsArray<T> : Type points to itself
[MASTER] 10:48:29.533 [logback-2] ERROR TestCluster - Failed to check cache for org.hamcrest.collection.IsArrayContaining<T> : Type points to itself
[MASTER] 10:48:29.533 [logback-2] ERROR TestCluster - Failed to check cache for org.hamcrest.collection.IsArrayContainingInAnyOrder<E> : Type points to itself
[MASTER] 10:48:29.534 [logback-2] ERROR TestCluster - Failed to check cache for org.hamcrest.collection.IsArrayContainingInOrder<E> : Type points to itself
[MASTER] 10:48:29.550 [logback-2] ERROR TestCluster - Failed to check cache for org.hamcrest.collection.IsArrayWithSize<E> : Type points to itself
[MASTER] 10:48:29.551 [logback-2] ERROR TestCluster - Failed to check cache for org.hamcrest.collection.IsCollectionWithSize<E> : Type points to itself
[MASTER] 10:48:29.553 [logback-2] ERROR TestCluster - Failed to check cache for org.hamcrest.collection.IsEmptyCollection<E> : Type points to itself
[MASTER] 10:48:29.554 [logback-2] ERROR TestCluster - Failed to check cache for org.hamcrest.collection.IsEmptyIterable<E> : Type points to itself
[MASTER] 10:48:29.556 [logback-2] ERROR TestCluster - Failed to check cache for org.hamcrest.collection.IsIn<T> : Type points to itself
[MASTER] 10:48:29.558 [logback-2] ERROR TestCluster - Failed to check cache for org.hamcrest.collection.IsIterableContainingInAnyOrder<T> : Type points to itself
[MASTER] 10:48:29.559 [logback-2] ERROR TestCluster - Failed to check cache for org.hamcrest.collection.IsIterableContainingInOrder<E> : Type points to itself
[MASTER] 10:48:29.559 [logback-2] ERROR TestCluster - Failed to check cache for org.hamcrest.collection.IsIterableWithSize<E> : Type points to itself
[MASTER] 10:48:29.559 [logback-2] ERROR TestCluster - Failed to check cache for org.hamcrest.collection.IsMapContaining<K, V> : Type points to itself
[MASTER] 10:48:29.560 [logback-2] ERROR TestCluster - Failed to check cache for org.hamcrest.core.AllOf<T> : Type points to itself
[MASTER] 10:48:29.560 [logback-2] ERROR TestCluster - Failed to check cache for org.hamcrest.core.AnyOf<T> : Type points to itself
[MASTER] 10:48:29.561 [logback-2] ERROR TestCluster - Failed to check cache for org.hamcrest.core.CombinableMatcher<T> : Type points to itself
[MASTER] 10:48:29.561 [logback-2] ERROR TestCluster - Failed to check cache for org.hamcrest.core.DescribedAs<T> : Type points to itself
[MASTER] 10:48:29.561 [logback-2] ERROR TestCluster - Failed to check cache for org.hamcrest.core.Every<T> : Type points to itself
[MASTER] 10:48:29.563 [logback-2] ERROR TestCluster - Failed to check cache for org.hamcrest.core.Is<T> : Type points to itself
[MASTER] 10:48:29.564 [logback-2] ERROR TestCluster - Failed to check cache for org.hamcrest.core.IsAnything<T> : Type points to itself
[MASTER] 10:48:29.565 [logback-2] ERROR TestCluster - Failed to check cache for org.hamcrest.core.IsCollectionContaining<T> : Type points to itself
[MASTER] 10:48:29.565 [logback-2] ERROR TestCluster - Failed to check cache for org.hamcrest.core.IsEqual<T> : Type points to itself
[MASTER] 10:48:29.569 [logback-2] ERROR TestCluster - Failed to check cache for org.hamcrest.core.IsNot<T> : Type points to itself
[MASTER] 10:48:29.570 [logback-2] ERROR TestCluster - Failed to check cache for org.hamcrest.core.IsNull<T> : Type points to itself
[MASTER] 10:48:29.570 [logback-2] ERROR TestCluster - Failed to check cache for org.hamcrest.core.IsSame<T> : Type points to itself
[MASTER] 10:48:29.571 [logback-2] ERROR TestCluster - Failed to check cache for org.hamcrest.object.HasToString<T> : Type points to itself
[MASTER] 10:48:29.572 [logback-2] ERROR TestCluster - Failed to check cache for org.hamcrest.object.IsCompatibleType<T> : Type points to itself
[MASTER] 10:48:29.585 [logback-2] ERROR TestCluster - Failed to check cache for org.mockito.internal.matchers.CapturingMatcher<T> : Type points to itself
[MASTER] 10:48:29.589 [logback-2] ERROR TestCluster - Failed to check cache for org.mockito.internal.matchers.VarargCapturingMatcher<T> : Type points to itself
[MASTER] 10:49:15.623 [logback-1] WARN  TestChromosome - Functional mock problem: org.evosuite.ga.ConstructionFailedException: Failed to add constructor for org.mockito.internal.stubbing.StubbedInvocationMatcher due to org.evosuite.ga.ConstructionFailedException: Failed to add constructor for org.mockito.internal.invocation.InvocationMatcher due to org.evosuite.ga.ConstructionFailedException: Failed to add constructor for org.mockito.internal.invocation.InvocationImpl due to org.evosuite.ga.ConstructionFailedException: Failed to add constructor for org.mockito.internal.invocation.SerializableMethod due to org.evosuite.ga.ConstructionFailedException: Have no generator for class org.mockito.internal.invocation.InvocationImpl canUseFunctionalMocks=false, canBeMocked: true
[MASTER] 10:49:15.650 [logback-1] WARN  TestChromosome - Functional mock problem: org.evosuite.ga.ConstructionFailedException: Have no generator for class java.lang.reflect.Method canUseFunctionalMocks=true, canBeMocked: false
[MASTER] 10:49:15.698 [logback-1] WARN  TestChromosome - Functional mock problem: org.evosuite.ga.ConstructionFailedException: Failed to add constructor for org.mockito.internal.invocation.InvocationMatcher due to org.evosuite.ga.ConstructionFailedException: Failed to add constructor for org.mockito.internal.invocation.InvocationImpl due to org.evosuite.ga.ConstructionFailedException: Failed to add constructor for org.mockito.internal.invocation.SerializableMethod due to org.evosuite.ga.ConstructionFailedException: Have no generator for class org.mockito.internal.invocation.InvocationImpl canUseFunctionalMocks=false, canBeMocked: true
[MASTER] 10:49:15.717 [logback-1] WARN  TestChromosome - Functional mock problem: org.evosuite.ga.ConstructionFailedException: Failed to add constructor for org.mockito.internal.invocation.InvocationImpl due to org.evosuite.ga.ConstructionFailedException: Failed to add constructor for org.mockito.internal.invocation.SerializableMethod due to org.evosuite.ga.ConstructionFailedException: Failed to add constructor for org.mockito.internal.invocation.InvocationMatcher due to org.evosuite.ga.ConstructionFailedException: Failed to add constructor for org.mockito.internal.stubbing.StubbedInvocationMatcher due to org.evosuite.ga.ConstructionFailedException: Max recursion depth reached
[MASTER] 10:49:23.507 [logback-1] WARN  TestChromosome - Functional mock problem: org.evosuite.ga.ConstructionFailedException: Failed to add constructor for org.mockito.internal.invocation.InvocationImpl due to org.evosuite.ga.ConstructionFailedException: Failed to add constructor for org.mockito.internal.invocation.SerializableMethod due to org.evosuite.ga.ConstructionFailedException: Failed to add constructor for org.mockito.internal.stubbing.StubbedInvocationMatcher due to org.evosuite.ga.ConstructionFailedException: Failed to add constructor for org.mockito.internal.invocation.InvocationMatcher due to org.evosuite.ga.ConstructionFailedException: Max recursion depth reached
[MASTER] 10:49:33.422 [logback-1] WARN  TestChromosome - Functional mock problem: org.evosuite.ga.ConstructionFailedException: Have no generator for class org.mockito.internal.invocation.InvocationImpl canUseFunctionalMocks=false, canBeMocked: true
[MASTER] 10:49:33.973 [logback-1] WARN  TestChromosome - Functional mock problem: org.evosuite.ga.ConstructionFailedException: Failed to add constructor for org.mockito.internal.invocation.InvocationMatcher due to org.evosuite.ga.ConstructionFailedException: Have no generator for class org.mockito.internal.invocation.InvocationMatcher canUseFunctionalMocks=false, canBeMocked: false
[MASTER] 10:49:39.145 [logback-2] ERROR TestCluster - Failed to check cache for java.util.Comparator<T> : Type points to itself
[MASTER] 10:49:48.622 [logback-1] WARN  TestChromosome - Functional mock problem: org.evosuite.ga.ConstructionFailedException: Failed to add constructor for org.mockito.internal.invocation.InvocationMatcher due to org.evosuite.ga.ConstructionFailedException: Failed to add constructor for org.mockito.internal.invocation.InvocationImpl due to org.evosuite.ga.ConstructionFailedException: Failed to add constructor for org.mockito.internal.invocation.InvocationImpl due to org.evosuite.ga.ConstructionFailedException: Failed to add constructor for org.hamcrest.xml.HasXPath due to org.evosuite.ga.ConstructionFailedException: Max recursion depth reached
[MASTER] 10:50:35.847 [logback-1] WARN  TestChromosome - Functional mock problem: org.evosuite.ga.ConstructionFailedException: Failed to add constructor for org.mockito.internal.invocation.StubInfoImpl due to org.evosuite.ga.ConstructionFailedException: Failed to add constructor for org.mockito.internal.invocation.InvocationMatcher due to org.evosuite.ga.ConstructionFailedException: Failed to add constructor for org.mockito.internal.invocation.InvocationImpl due to org.evosuite.ga.ConstructionFailedException: Failed to add constructor for org.mockito.internal.invocation.SerializableMethod due to org.evosuite.ga.ConstructionFailedException: Have no generator for class org.mockito.internal.invocation.InvocationImpl canUseFunctionalMocks=false, canBeMocked: true
[MASTER] 10:50:49.024 [logback-1] WARN  TestChromosome - Functional mock problem: org.evosuite.ga.ConstructionFailedException: Failed to add constructor for org.mockito.internal.stubbing.StubbedInvocationMatcher due to org.evosuite.ga.ConstructionFailedException: Failed to add constructor for org.mockito.internal.invocation.InvocationMatcher due to org.evosuite.ga.ConstructionFailedException: Failed to add constructor for org.mockito.internal.invocation.InvocationImpl due to org.evosuite.ga.ConstructionFailedException: Failed to add constructor for org.mockito.internal.invocation.realmethod.CleanTraceRealMethod due to org.evosuite.ga.ConstructionFailedException: Failed to add constructor for org.mockito.internal.invocation.realmethod.CleanTraceRealMethod due to org.evosuite.ga.ConstructionFailedException: Max recursion depth reached
[MASTER] 10:50:50.631 [logback-1] WARN  TestChromosome - Functional mock problem: org.evosuite.ga.ConstructionFailedException: Failed to add constructor for org.mockito.internal.invocation.InvocationMatcher due to org.evosuite.ga.ConstructionFailedException: Failed to add constructor for org.mockito.internal.invocation.InvocationImpl due to org.evosuite.ga.ConstructionFailedException: Failed to add constructor for org.hamcrest.xml.HasXPath due to org.evosuite.ga.ConstructionFailedException: Failed to add constructor for org.mockito.internal.matchers.LocalizedMatcher due to org.evosuite.ga.ConstructionFailedException: Failed to add constructor for org.hamcrest.core.AllOf due to org.evosuite.ga.ConstructionFailedException: Max recursion depth reached
[MASTER] 10:50:51.089 [logback-1] WARN  TestChromosome - Functional mock problem: org.evosuite.ga.ConstructionFailedException: Failed to add constructor for org.mockito.internal.invocation.InvocationMatcher due to org.evosuite.ga.ConstructionFailedException: Failed to add constructor for org.mockito.internal.stubbing.StubbedInvocationMatcher due to org.evosuite.ga.ConstructionFailedException: Have no generator for class org.mockito.internal.invocation.InvocationMatcher canUseFunctionalMocks=true, canBeMocked: false
[MASTER] 10:50:57.515 [logback-1] WARN  TestChromosome - Functional mock problem: org.evosuite.ga.ConstructionFailedException: Failed to add constructor for org.mockito.internal.matchers.LocalizedMatcher due to org.evosuite.ga.ConstructionFailedException: Failed to add constructor for org.hamcrest.core.AllOf due to org.evosuite.ga.ConstructionFailedException: Error: VariableReference: Statement 8, type java.util.ArrayDeque<org.hamcrest.Matcher<java.lang.Object>> is not assignable to java.lang.Iterable<org.hamcrest.Matcher<? super org.hamcrest.core.IsInstanceOf>>
[MASTER] 10:50:57.576 [logback-1] WARN  TestChromosome - Functional mock problem: org.evosuite.ga.ConstructionFailedException: Failed to add constructor for org.mockito.internal.invocation.InvocationImpl due to org.evosuite.ga.ConstructionFailedException: Failed to add constructor for org.mockito.internal.invocation.InvocationImpl due to org.evosuite.ga.ConstructionFailedException: Failed to add constructor for org.mockito.internal.invocation.SerializableMethod due to org.evosuite.ga.ConstructionFailedException: Failed to add constructor for org.mockito.internal.invocation.InvocationMatcher due to org.evosuite.ga.ConstructionFailedException: Max recursion depth reached
[MASTER] 10:51:14.421 [logback-1] WARN  TestChromosome - Functional mock problem: org.evosuite.ga.ConstructionFailedException: Failed to add constructor for org.mockito.internal.invocation.InvocationMatcher due to org.evosuite.ga.ConstructionFailedException: Failed to add constructor for org.mockito.internal.invocation.InvocationImpl due to org.evosuite.ga.ConstructionFailedException: Have no generator for class org.mockito.internal.invocation.InvocationImpl canUseFunctionalMocks=false, canBeMocked: true
[MASTER] 10:51:34.632 [logback-1] WARN  TestChromosome - Functional mock problem: org.evosuite.ga.ConstructionFailedException: Failed to add constructor for org.mockito.internal.invocation.InvocationMatcher due to org.evosuite.ga.ConstructionFailedException: Failed to add constructor for org.mockito.internal.invocation.InvocationImpl due to org.evosuite.ga.ConstructionFailedException: Failed to add constructor for org.mockito.internal.invocation.InvocationImpl due to org.evosuite.ga.ConstructionFailedException: Failed to add constructor for org.mockito.internal.invocation.realmethod.CleanTraceRealMethod due to org.evosuite.ga.ConstructionFailedException: Failed to add constructor for org.mockito.internal.invocation.realmethod.CleanTraceRealMethod due to org.evosuite.ga.ConstructionFailedException: Max recursion depth reached
[MASTER] 10:51:37.045 [logback-1] WARN  TestChromosome - Functional mock problem: org.evosuite.ga.ConstructionFailedException: Failed to add constructor for org.mockito.internal.stubbing.StubbedInvocationMatcher due to org.evosuite.ga.ConstructionFailedException: Failed to add constructor for org.mockito.internal.invocation.InvocationMatcher due to org.evosuite.ga.ConstructionFailedException: Failed to add constructor for org.mockito.internal.invocation.InvocationImpl due to org.evosuite.ga.ConstructionFailedException: Failed to add constructor for org.mockito.internal.invocation.InvocationImpl due to org.evosuite.ga.ConstructionFailedException: Failed to add constructor for org.mockito.internal.invocation.SerializableMethod due to org.evosuite.ga.ConstructionFailedException: Max recursion depth reached
[MASTER] 10:51:44.049 [logback-1] WARN  TestChromosome - Functional mock problem: org.evosuite.ga.ConstructionFailedException: Failed to add constructor for org.mockito.internal.invocation.InvocationImpl due to org.evosuite.ga.ConstructionFailedException: Failed to add constructor for org.mockito.internal.invocation.SerializableMethod due to org.evosuite.ga.ConstructionFailedException: Have no generator for class org.mockito.internal.invocation.InvocationImpl canUseFunctionalMocks=false, canBeMocked: true
[MASTER] 10:51:49.292 [logback-1] WARN  TestChromosome - Functional mock problem: org.evosuite.ga.ConstructionFailedException: Failed to add constructor for org.mockito.internal.invocation.InvocationImpl due to org.evosuite.ga.ConstructionFailedException: Failed to add constructor for org.mockito.internal.invocation.InvocationImpl due to org.evosuite.ga.ConstructionFailedException: Failed to add constructor for org.mockito.internal.invocation.SerializableMethod due to org.evosuite.ga.ConstructionFailedException: Failed to add constructor for org.mockito.internal.stubbing.StubbedInvocationMatcher due to org.evosuite.ga.ConstructionFailedException: Max recursion depth reached
[MASTER] 10:51:51.283 [logback-1] WARN  TestChromosome - Functional mock problem: org.evosuite.ga.ConstructionFailedException: Failed to add constructor for org.mockito.internal.invocation.StubInfoImpl due to org.evosuite.ga.ConstructionFailedException: Failed to add constructor for org.mockito.internal.stubbing.StubbedInvocationMatcher due to org.evosuite.ga.ConstructionFailedException: Failed to add constructor for org.mockito.internal.invocation.InvocationMatcher due to org.evosuite.ga.ConstructionFailedException: Have no generator for class org.mockito.internal.invocation.InvocationMatcher canUseFunctionalMocks=false, canBeMocked: false
[MASTER] 10:51:54.581 [logback-1] WARN  TestChromosome - Functional mock problem: org.evosuite.ga.ConstructionFailedException: Failed to add constructor for org.mockito.internal.invocation.InvocationMatcher due to org.evosuite.ga.ConstructionFailedException: Failed to add constructor for org.mockito.internal.invocation.InvocationImpl due to org.evosuite.ga.ConstructionFailedException: Failed to add constructor for org.mockito.internal.invocation.InvocationImpl due to org.evosuite.ga.ConstructionFailedException: Failed to add constructor for org.mockito.internal.invocation.SerializableMethod due to org.evosuite.ga.ConstructionFailedException: Have no generator for class org.mockito.internal.invocation.InvocationImpl canUseFunctionalMocks=false, canBeMocked: true
[MASTER] 10:51:57.450 [logback-1] WARN  TestChromosome - Functional mock problem: org.evosuite.ga.ConstructionFailedException: Failed to add constructor for org.mockito.internal.invocation.InvocationImpl due to org.evosuite.ga.ConstructionFailedException: Failed to add constructor for org.mockito.internal.invocation.InvocationImpl due to org.evosuite.ga.ConstructionFailedException: Failed to add constructor for org.mockito.internal.invocation.InvocationMatcher due to org.evosuite.ga.ConstructionFailedException: Max recursion depth reached
[MASTER] 10:51:57.468 [logback-1] WARN  TestChromosome - Functional mock problem: org.evosuite.ga.ConstructionFailedException: Failed to add constructor for org.mockito.internal.invocation.InvocationImpl due to org.evosuite.ga.ConstructionFailedException: Failed to add constructor for org.mockito.internal.invocation.SerializableMethod due to org.evosuite.ga.ConstructionFailedException: Failed to add constructor for org.mockito.internal.stubbing.StubbedInvocationMatcher due to org.evosuite.ga.ConstructionFailedException: Have no generator for class org.mockito.internal.invocation.InvocationMatcher canUseFunctionalMocks=true, canBeMocked: false
[MASTER] 10:51:57.788 [logback-1] WARN  TestChromosome - Functional mock problem: org.evosuite.ga.ConstructionFailedException: Failed to add constructor for org.mockito.internal.stubbing.StubbedInvocationMatcher due to org.evosuite.ga.ConstructionFailedException: Failed to add constructor for org.mockito.internal.invocation.InvocationMatcher due to org.evosuite.ga.ConstructionFailedException: Failed to add constructor for org.mockito.internal.invocation.InvocationImpl due to org.evosuite.ga.ConstructionFailedException: Have no generator for class org.mockito.internal.invocation.InvocationImpl canUseFunctionalMocks=false, canBeMocked: true
[MASTER] 10:52:08.194 [logback-1] WARN  TestChromosome - Functional mock problem: org.evosuite.ga.ConstructionFailedException: Failed to add constructor for org.mockito.internal.invocation.InvocationMatcher due to org.evosuite.ga.ConstructionFailedException: Failed to add constructor for org.mockito.internal.invocation.InvocationImpl due to org.evosuite.ga.ConstructionFailedException: Failed to add constructor for org.mockito.internal.matchers.LocalizedMatcher due to org.evosuite.ga.ConstructionFailedException: Max recursion depth reached
[MASTER] 10:52:14.532 [logback-1] WARN  TestChromosome - Functional mock problem: org.evosuite.ga.ConstructionFailedException: Failed to add constructor for org.mockito.internal.invocation.InvocationImpl due to org.evosuite.ga.ConstructionFailedException: Failed to add constructor for org.mockito.internal.stubbing.StubbedInvocationMatcher due to org.evosuite.ga.ConstructionFailedException: Failed to add constructor for org.mockito.internal.invocation.InvocationMatcher due to org.evosuite.ga.ConstructionFailedException: Max recursion depth reached
[MASTER] 10:52:14.686 [logback-1] WARN  TestChromosome - Functional mock problem: org.evosuite.ga.ConstructionFailedException: Failed to add constructor for org.mockito.internal.invocation.InvocationMatcher due to org.evosuite.ga.ConstructionFailedException: Failed to add constructor for org.mockito.internal.invocation.InvocationImpl due to org.evosuite.ga.ConstructionFailedException: Failed to add constructor for org.hamcrest.xml.HasXPath due to org.evosuite.ga.ConstructionFailedException: Error: VariableReference: Statement 3, type java.util.ArrayList<org.hamcrest.Matcher<java.lang.String>> is not assignable to java.lang.Iterable<org.hamcrest.Matcher<? super java.lang.String>>
[MASTER] 10:52:34.637 [logback-1] WARN  TestChromosome - Functional mock problem: org.evosuite.ga.ConstructionFailedException: Failed to add constructor for org.mockito.internal.invocation.InvocationImpl due to org.evosuite.ga.ConstructionFailedException: Failed to add constructor for org.mockito.internal.invocation.SerializableMethod due to org.evosuite.ga.ConstructionFailedException: Failed to add constructor for org.mockito.internal.invocation.InvocationMatcher due to org.evosuite.ga.ConstructionFailedException: Have no generator for class org.mockito.internal.invocation.InvocationMatcher canUseFunctionalMocks=false, canBeMocked: false
[MASTER] 10:52:38.324 [logback-1] WARN  TestChromosome - Functional mock problem: org.evosuite.ga.ConstructionFailedException: Failed to add constructor for org.mockito.internal.invocation.InvocationImpl due to org.evosuite.ga.ConstructionFailedException: Failed to add constructor for org.hamcrest.xml.HasXPath due to org.evosuite.ga.ConstructionFailedException: Error: VariableReference: Statement 3, type java.util.TreeSet<org.hamcrest.Matcher<java.lang.Object>> is not assignable to java.lang.Iterable<org.hamcrest.Matcher<? super java.lang.String>>
[MASTER] 10:53:02.295 [logback-1] WARN  TestChromosome - Functional mock problem: org.evosuite.ga.ConstructionFailedException: Failed to add constructor for org.mockito.internal.invocation.InvocationImpl due to org.evosuite.ga.ConstructionFailedException: Failed to add constructor for org.mockito.internal.invocation.SerializableMethod due to org.evosuite.ga.ConstructionFailedException: Failed to add constructor for org.mockito.internal.invocation.InvocationMatcher due to org.evosuite.ga.ConstructionFailedException: Failed to add constructor for org.mockito.internal.invocation.InvocationMatcher due to org.evosuite.ga.ConstructionFailedException: Max recursion depth reached
[MASTER] 10:53:02.537 [logback-1] WARN  TestChromosome - Functional mock problem: org.evosuite.ga.ConstructionFailedException: Have no generator for class org.mockito.internal.invocation.InvocationMatcher canUseFunctionalMocks=false, canBeMocked: false
[MASTER] 10:53:16.015 [logback-1] WARN  TestChromosome - Functional mock problem: org.evosuite.ga.ConstructionFailedException: Failed to add constructor for org.mockito.internal.invocation.InvocationImpl due to org.evosuite.ga.ConstructionFailedException: Failed to add constructor for org.mockito.internal.invocation.InvocationMatcher due to org.evosuite.ga.ConstructionFailedException: Failed to add constructor for org.mockito.internal.stubbing.StubbedInvocationMatcher due to org.evosuite.ga.ConstructionFailedException: Max recursion depth reached
[MASTER] 10:53:18.405 [logback-1] WARN  TestChromosome - Functional mock problem: org.evosuite.ga.ConstructionFailedException: Failed to add constructor for org.mockito.internal.invocation.InvocationMatcher due to org.evosuite.ga.ConstructionFailedException: Failed to add constructor for org.mockito.internal.invocation.InvocationImpl due to org.evosuite.ga.ConstructionFailedException: Failed to add constructor for org.mockito.internal.invocation.InvocationImpl due to org.evosuite.ga.ConstructionFailedException: Failed to add constructor for org.mockito.internal.matchers.LocalizedMatcher due to org.evosuite.ga.ConstructionFailedException: Failed to add constructor for org.hamcrest.core.IsNot due to org.evosuite.ga.ConstructionFailedException: Max recursion depth reached
[MASTER] 10:53:22.259 [logback-1] WARN  TestChromosome - Functional mock problem: org.evosuite.ga.ConstructionFailedException: Failed to add constructor for org.mockito.internal.stubbing.StubbedInvocationMatcher due to org.evosuite.ga.ConstructionFailedException: Failed to add constructor for org.mockito.internal.invocation.InvocationMatcher due to org.evosuite.ga.ConstructionFailedException: Have no generator for class org.mockito.internal.invocation.InvocationMatcher canUseFunctionalMocks=false, canBeMocked: false
* Search finished after 301s and 143 generations, 44926 statements, best individual has fitness: 314.0
* Minimizing test suite
* Going to analyze the coverage criteria
* Coverage analysis for criterion LINE
* Coverage of criterion LINE: 41%
* Total number of goals: 61
* Number of covered goals: 25
* Coverage analysis for criterion BRANCH
* Coverage of criterion BRANCH: 23%
* Total number of goals: 61
* Number of covered goals: 14
* Coverage analysis for criterion EXCEPTION
* Coverage of criterion EXCEPTION: 100%
* Total number of goals: 9
* Number of covered goals: 9
* Coverage analysis for criterion WEAKMUTATION
* Coverage of criterion WEAKMUTATION: 6%
* Total number of goals: 143
* Number of covered goals: 8
* Coverage analysis for criterion OUTPUT
* Coverage of criterion OUTPUT: 21%
* Total number of goals: 43
* Number of covered goals: 9
* Coverage analysis for criterion METHOD
* Coverage of criterion METHOD: 100%
* Total number of goals: 12
* Number of covered goals: 12
* Coverage analysis for criterion METHODNOEXCEPTION
* Coverage of criterion METHODNOEXCEPTION: 67%
* Total number of goals: 12
* Number of covered goals: 8
* Coverage analysis for criterion CBRANCH
* Coverage of criterion CBRANCH: 23%
* Total number of goals: 61
* Number of covered goals: 14
* Generated 16 tests with total length 72
* Resulting test suite's coverage: 39% (average coverage for all fitness functions)
* Generating assertions
* Resulting test suite's mutation score: 6%
* Compiling and checking tests
* Permissions denied during test execution: 
  - java.lang.RuntimePermission: 
         writeFileDescriptor: 2
* Writing tests to file
* Writing JUnit test case 'InvocationMatcher_ESTest' to results/Mockito-1/org.mockito.internal.invocation.InvocationMatcher/default/tests/26
* Done!

* Computation finished
