* EvoSuite 1.1.1-SNAPSHOT
* Configuration: default
* Going to generate test cases for class: com.fasterxml.jackson.databind.jsontype.impl.TypeDeserializerBase
* Starting Client-0
* Connecting to master process on port 3159
* Analyzing classpath: 
  - subjects/buggy-versions/JacksonDatabind-107/target/classes
  - defects4j/framework/projects/JacksonDatabind/lib/com/fasterxml/jackson/core/jackson-annotations/2.9.0/jackson-annotations-2.9.0.jar
  - defects4j/framework/projects/JacksonDatabind/lib/com/fasterxml/jackson/core/jackson-core/2.9.9/jackson-core-2.9.9.jar
* Finished analyzing classpath
* Generating tests for class com.fasterxml.jackson.databind.jsontype.impl.TypeDeserializerBase
* Test criteria:
  - Line Coverage
  - Branch Coverage
  - Exception
  - Mutation testing (weak)
  - Method-Output Coverage
  - Top-Level Method Coverage
  - No-Exception Top-Level Method Coverage
  - Context Branch Coverage
* Total number of test goals for DYNAMOSA: 442
* Using seed 2366014756
* Starting evolution
* Initial Number of Goals in DynaMOSA = 258 / 442
[MASTER] 20:48:22.122 [logback-2] ERROR TestCluster - Failed to check cache for com.fasterxml.jackson.databind.ext.DOMDeserializer<T>.DocumentDeserializer : Type points to itself
[MASTER] 20:48:22.130 [logback-2] ERROR TestCluster - Failed to check cache for com.fasterxml.jackson.databind.ext.DOMDeserializer<T>.NodeDeserializer : Type points to itself
[MASTER] 20:48:26.858 [logback-2] ERROR TestCluster - Failed to check cache for java.util.ArrayDeque<E> : Type points to itself
[MASTER] 20:48:26.898 [logback-2] ERROR TestCluster - Failed to check cache for java.util.Map<K, V> : Type points to itself
[MASTER] 20:48:44.214 [logback-2] ERROR TestCluster - Failed to check cache for java.util.Enumeration<E> : Type points to itself
[MASTER] 20:48:51.412 [logback-1] WARN  TestChromosome - Functional mock problem: org.evosuite.ga.ConstructionFailedException: Failed to add constructor for com.fasterxml.jackson.databind.DeserializationConfig due to org.evosuite.ga.ConstructionFailedException: Failed to add constructor for com.fasterxml.jackson.databind.cfg.BaseSettings due to org.evosuite.ga.ConstructionFailedException: Max recursion depth reached
[MASTER] 20:48:52.051 [logback-1] WARN  CoverageArchive - A solution with a timeout/exception result has been added to the archive. The covered goal was [METHOD] com.fasterxml.jackson.databind.jsontype.impl.TypeDeserializerBase.baseType()Lcom/fasterxml/jackson/databind/JavaType;
[MASTER] 20:48:52.052 [logback-1] WARN  CoverageArchive - A solution with a timeout/exception result has been added to the archive. The covered goal was [METHODNOEX] com.fasterxml.jackson.databind.jsontype.impl.TypeDeserializerBase.baseType()Lcom/fasterxml/jackson/databind/JavaType;
[MASTER] 20:48:52.915 [logback-1] WARN  TestChromosome - Functional mock problem: org.evosuite.ga.ConstructionFailedException: Invalid generic instance
[MASTER] 20:49:03.270 [logback-2] ERROR TestCluster - Failed to check cache for com.fasterxml.jackson.databind.JsonSerializer<T> : Type points to itself
[MASTER] 20:49:03.772 [logback-2] ERROR TestCluster - Failed to check cache for java.util.Comparator<T> : Type points to itself
[MASTER] 20:49:10.669 [logback-2] ERROR TestCluster - Failed to check cache for com.fasterxml.jackson.databind.JsonDeserializer<T> : Type points to itself
[MASTER] 20:49:18.636 [logback-2] ERROR TestCluster - Failed to check cache for com.fasterxml.jackson.annotation.ObjectIdGenerator<T> : Type points to itself
[MASTER] 20:49:21.473 [logback-2] ERROR TestCluster - Failed to check cache for java.lang.Class<T> : Type points to itself
[MASTER] 20:50:38.257 [logback-2] ERROR TestCluster - Failed to check cache for java.util.function.BiFunction<T, U, R> : Type points to itself
[MASTER] 20:51:05.523 [logback-2] ERROR TestCluster - Failed to check cache for java.util.List<E> : Type points to itself
* Search finished after 302s and 657 generations, 224925 statements, best individual has fitness: 189.0
* Minimizing test suite
* Going to analyze the coverage criteria
* Coverage analysis for criterion LINE
* Coverage of criterion LINE: 75%
* Total number of goals: 75
* Number of covered goals: 56
* Coverage analysis for criterion BRANCH
* Coverage of criterion BRANCH: 57%
* Total number of goals: 42
* Number of covered goals: 24
* Coverage analysis for criterion EXCEPTION
* Coverage of criterion EXCEPTION: 100%
* Total number of goals: 12
* Number of covered goals: 12
* Coverage analysis for criterion WEAKMUTATION
* Coverage of criterion WEAKMUTATION: 74%
* Total number of goals: 127
* Number of covered goals: 94
* Coverage analysis for criterion OUTPUT
* Coverage of criterion OUTPUT: 35%
* Total number of goals: 128
* Number of covered goals: 45
* Coverage analysis for criterion METHOD
* Coverage of criterion METHOD: 100%
* Total number of goals: 14
* Number of covered goals: 14
* Coverage analysis for criterion METHODNOEXCEPTION
* Coverage of criterion METHODNOEXCEPTION: 79%
* Total number of goals: 14
* Number of covered goals: 11
* Coverage analysis for criterion CBRANCH
* Coverage of criterion CBRANCH: 57%
* Total number of goals: 42
* Number of covered goals: 24
* Generated 35 tests with total length 218
* Resulting test suite's coverage: 63% (average coverage for all fitness functions)
* Generating assertions
* Resulting test suite's mutation score: 17%
* Compiling and checking tests
* Permissions denied during test execution: 
  - java.lang.RuntimePermission: 
         writeFileDescriptor: 4
* Writing tests to file
* Writing JUnit test case 'TypeDeserializerBase_ESTest' to results/JacksonDatabind-107/com.fasterxml.jackson.databind.jsontype.impl.TypeDeserializerBase/default/tests/10
* Done!

* Computation finished
