* EvoSuite 1.1.1-SNAPSHOT
* Configuration: BBC-F0-opt-60
* Going to generate test cases for class: com.fasterxml.jackson.databind.introspect.BasicBeanDescription
* Starting Client-0
* Connecting to master process on port 19317
* Analyzing classpath: 
  - subjects/buggy-versions/JacksonDatabind-103/target/classes
  - defects4j/framework/projects/JacksonDatabind/lib/com/fasterxml/jackson/core/jackson-annotations/2.9.0/jackson-annotations-2.9.0.jar
  - defects4j/framework/projects/JacksonDatabind/lib/com/fasterxml/jackson/core/jackson-core/2.9.7/jackson-core-2.9.7.jar
* Finished analyzing classpath
* Generating tests for class com.fasterxml.jackson.databind.introspect.BasicBeanDescription
* Test criteria:
  - Line Coverage
  - Branch Coverage
  - Exception
  - Mutation testing (weak)
  - Method-Output Coverage
  - Top-Level Method Coverage
  - No-Exception Top-Level Method Coverage
  - Context Branch Coverage
* Total number of test goals for DYNAMOSA: 1196
* Using seed 203616135
* Starting evolution
bbc usage percentage is: 60%
* Initial Number of Goals in DynaMOSA = 441 / 1196
[MASTER] 17:00:03.256 [logback-2] ERROR TestCluster - Failed to check cache for java.util.HashMap<K, V> : Type points to itself
[MASTER] 17:00:03.611 [logback-2] ERROR TestCluster - Failed to check cache for java.util.PriorityQueue<E> : Type points to itself
[MASTER] 17:00:03.938 [logback-2] ERROR TestCluster - Failed to check cache for com.fasterxml.jackson.databind.JsonDeserializer<T> : Type points to itself
[MASTER] 17:00:15.915 [logback-2] ERROR TestCluster - Failed to check cache for com.fasterxml.jackson.annotation.ObjectIdGenerator<T> : Type points to itself
[MASTER] 17:00:25.718 [logback-2] ERROR TestCluster - Failed to check cache for java.util.Comparator<T> : Type points to itself
[MASTER] 17:00:33.056 [logback-2] ERROR TestCluster - Failed to check cache for com.fasterxml.jackson.databind.JsonSerializer<T> : Type points to itself
[MASTER] 17:00:45.348 [logback-1] WARN  TestChromosome - Functional mock problem: org.evosuite.ga.ConstructionFailedException: Failed to add constructor for com.fasterxml.jackson.databind.deser.BeanDeserializer due to org.evosuite.ga.ConstructionFailedException: Failed to add constructor for com.fasterxml.jackson.databind.deser.BeanDeserializer due to org.evosuite.ga.ConstructionFailedException: Failed to add constructor for java.util.LinkedHashSet due to org.evosuite.ga.ConstructionFailedException: Failed to add constructor for com.fasterxml.jackson.databind.introspect.POJOPropertiesCollector due to org.evosuite.ga.ConstructionFailedException: Invalid generic instance
[MASTER] 17:00:46.134 [logback-1] WARN  TestChromosome - Functional mock problem: org.evosuite.ga.ConstructionFailedException: No generators of type java.lang.Class<java.util.Locale$LanguageRange>
[MASTER] 17:01:05.052 [logback-2] ERROR TestCluster - Failed to check cache for java.util.List<E> : Type points to itself
[MASTER] 17:03:03.760 [logback-1] WARN  TestChromosome - Functional mock problem: org.evosuite.ga.ConstructionFailedException: Have no generator for class com.fasterxml.jackson.databind.introspect.BasicClassIntrospector canUseFunctionalMocks=false, canBeMocked: true
[MASTER] 17:03:04.447 [logback-2] ERROR TestCluster - Failed to check cache for java.util.Enumeration<E> : Type points to itself
[MASTER] 17:03:18.703 [logback-2] ERROR TestCluster - Failed to check cache for java.util.function.BiFunction<T, U, R> : Type points to itself
[MASTER] 17:03:19.400 [logback-1] WARN  TestChromosome - Functional mock problem: org.evosuite.ga.ConstructionFailedException: Max recursion depth reached
[MASTER] 17:04:34.913 [logback-1] WARN  TestChromosome - Functional mock problem: org.evosuite.ga.ConstructionFailedException: Failed to add constructor for com.fasterxml.jackson.databind.deser.BuilderBasedDeserializer due to org.evosuite.ga.ConstructionFailedException: Failed to add constructor for com.fasterxml.jackson.databind.DeserializationConfig due to org.evosuite.ga.ConstructionFailedException: Failed to add constructor for com.fasterxml.jackson.databind.cfg.BaseSettings due to org.evosuite.ga.ConstructionFailedException: Invalid generic instance
[MASTER] 17:05:04.778 [logback-2] ERROR TestCluster - Failed to check cache for java.time.temporal.TemporalQuery<R> : Type points to itself
[MASTER] 17:08:57.050 [logback-1] WARN  TestChromosome - Functional mock problem: org.evosuite.ga.ConstructionFailedException: Failed to add constructor for com.fasterxml.jackson.databind.SerializationConfig due to org.evosuite.ga.ConstructionFailedException: Failed to add constructor for com.fasterxml.jackson.databind.cfg.BaseSettings due to org.evosuite.ga.ConstructionFailedException: Max recursion depth reached
* Search finished after 601s and 2929 generations, 735720 statements, best individual has fitness: 586.0
* Minimizing test suite
* Going to analyze the coverage criteria
* Coverage analysis for criterion LINE
* Coverage of criterion LINE: 68%
* Total number of goals: 234
* Number of covered goals: 158
* Coverage analysis for criterion BRANCH
* Coverage of criterion BRANCH: 56%
* Total number of goals: 197
* Number of covered goals: 110
* Coverage analysis for criterion EXCEPTION
* Coverage of criterion EXCEPTION: 95%
* Total number of goals: 19
* Number of covered goals: 18
* Coverage analysis for criterion WEAKMUTATION
* Coverage of criterion WEAKMUTATION: 53%
* Total number of goals: 248
* Number of covered goals: 131
* Coverage analysis for criterion OUTPUT
* Coverage of criterion OUTPUT: 19%
* Total number of goals: 230
* Number of covered goals: 44
* Coverage analysis for criterion METHOD
* Coverage of criterion METHOD: 98%
* Total number of goals: 45
* Number of covered goals: 44
* Coverage analysis for criterion METHODNOEXCEPTION
* Coverage of criterion METHODNOEXCEPTION: 80%
* Total number of goals: 45
* Number of covered goals: 36
* Coverage analysis for criterion CBRANCH
* Coverage of criterion CBRANCH: 56%
* Total number of goals: 197
* Number of covered goals: 110
* Generated 62 tests with total length 180
* Resulting test suite's coverage: 59% (average coverage for all fitness functions)
* Generating assertions
* Resulting test suite's mutation score: 28%
* Compiling and checking tests
[MASTER] 17:10:22.513 [logback-1] WARN  JUnitAnalyzer - EvoSuite problem: tests set up a security manager, but they do not remove it after execution
[MASTER] 17:10:23.425 [logback-1] WARN  JUnitAnalyzer - EvoSuite problem: tests set up a security manager, but they do not remove it after execution
[MASTER] 17:10:24.442 [logback-1] WARN  JUnitAnalyzer - EvoSuite problem: tests set up a security manager, but they do not remove it after execution
[MASTER] 17:10:25.648 [logback-1] WARN  JUnitAnalyzer - EvoSuite problem: tests set up a security manager, but they do not remove it after execution
[MASTER] 17:10:26.720 [logback-1] WARN  JUnitAnalyzer - EvoSuite problem: tests set up a security manager, but they do not remove it after execution
[MASTER] 17:10:27.778 [logback-1] WARN  JUnitAnalyzer - EvoSuite problem: tests set up a security manager, but they do not remove it after execution
[MASTER] 17:10:28.954 [logback-1] WARN  JUnitAnalyzer - EvoSuite problem: tests set up a security manager, but they do not remove it after execution
[MASTER] 17:10:29.948 [logback-1] WARN  JUnitAnalyzer - EvoSuite problem: tests set up a security manager, but they do not remove it after execution
[MASTER] 17:10:31.051 [logback-1] WARN  JUnitAnalyzer - EvoSuite problem: tests set up a security manager, but they do not remove it after execution
[MASTER] 17:10:32.079 [logback-1] WARN  JUnitAnalyzer - EvoSuite problem: tests set up a security manager, but they do not remove it after execution
[MASTER] 17:10:33.064 [logback-1] WARN  JUnitAnalyzer - EvoSuite problem: tests set up a security manager, but they do not remove it after execution
[MASTER] 17:10:34.048 [logback-1] WARN  JUnitAnalyzer - EvoSuite problem: tests set up a security manager, but they do not remove it after execution
[MASTER] 17:10:35.342 [logback-1] WARN  JUnitAnalyzer - EvoSuite problem: tests set up a security manager, but they do not remove it after execution
[MASTER] 17:10:36.297 [logback-1] WARN  JUnitAnalyzer - EvoSuite problem: tests set up a security manager, but they do not remove it after execution
[MASTER] 17:10:37.265 [logback-1] WARN  JUnitAnalyzer - EvoSuite problem: tests set up a security manager, but they do not remove it after execution
[MASTER] 17:10:38.219 [logback-1] WARN  JUnitAnalyzer - EvoSuite problem: tests set up a security manager, but they do not remove it after execution
[MASTER] 17:10:39.245 [logback-1] WARN  JUnitAnalyzer - EvoSuite problem: tests set up a security manager, but they do not remove it after execution
[MASTER] 17:10:40.282 [logback-1] WARN  JUnitAnalyzer - EvoSuite problem: tests set up a security manager, but they do not remove it after execution
[MASTER] 17:10:41.282 [logback-1] WARN  JUnitAnalyzer - EvoSuite problem: tests set up a security manager, but they do not remove it after execution
[MASTER] 17:10:42.295 [logback-1] WARN  JUnitAnalyzer - EvoSuite problem: tests set up a security manager, but they do not remove it after execution
[MASTER] 17:10:43.223 [logback-1] WARN  JUnitAnalyzer - EvoSuite problem: tests set up a security manager, but they do not remove it after execution
[MASTER] 17:10:44.282 [logback-1] WARN  JUnitAnalyzer - EvoSuite problem: tests set up a security manager, but they do not remove it after execution
[MASTER] 17:10:45.398 [logback-1] WARN  JUnitAnalyzer - EvoSuite problem: tests set up a security manager, but they do not remove it after execution
[MASTER] 17:10:46.372 [logback-1] WARN  JUnitAnalyzer - EvoSuite problem: tests set up a security manager, but they do not remove it after execution
[MASTER] 17:10:47.395 [logback-1] WARN  JUnitAnalyzer - EvoSuite problem: tests set up a security manager, but they do not remove it after execution
[MASTER] 17:10:48.369 [logback-1] WARN  JUnitAnalyzer - EvoSuite problem: tests set up a security manager, but they do not remove it after execution
[MASTER] 17:10:49.310 [logback-1] WARN  JUnitAnalyzer - EvoSuite problem: tests set up a security manager, but they do not remove it after execution
[MASTER] 17:10:50.115 [logback-1] WARN  JUnitAnalyzer - EvoSuite problem: tests set up a security manager, but they do not remove it after execution
[MASTER] 17:10:51.345 [logback-1] WARN  JUnitAnalyzer - EvoSuite problem: tests set up a security manager, but they do not remove it after execution
[MASTER] 17:10:52.801 [logback-1] WARN  JUnitAnalyzer - EvoSuite problem: tests set up a security manager, but they do not remove it after execution
[MASTER] 17:10:53.773 [logback-1] WARN  JUnitAnalyzer - EvoSuite problem: tests set up a security manager, but they do not remove it after execution
[MASTER] 17:10:54.716 [logback-1] WARN  JUnitAnalyzer - EvoSuite problem: tests set up a security manager, but they do not remove it after execution
[MASTER] 17:10:55.614 [logback-1] WARN  JUnitAnalyzer - EvoSuite problem: tests set up a security manager, but they do not remove it after execution
[MASTER] 17:10:56.861 [logback-1] WARN  JUnitAnalyzer - EvoSuite problem: tests set up a security manager, but they do not remove it after execution
[MASTER] 17:10:58.139 [logback-1] WARN  JUnitAnalyzer - EvoSuite problem: tests set up a security manager, but they do not remove it after execution
[MASTER] 17:10:59.527 [logback-1] WARN  JUnitAnalyzer - EvoSuite problem: tests set up a security manager, but they do not remove it after execution
[MASTER] 17:11:00.801 [logback-1] WARN  JUnitAnalyzer - EvoSuite problem: tests set up a security manager, but they do not remove it after execution
[MASTER] 17:11:01.915 [logback-1] WARN  JUnitAnalyzer - EvoSuite problem: tests set up a security manager, but they do not remove it after execution
[MASTER] 17:11:02.863 [logback-1] WARN  JUnitAnalyzer - EvoSuite problem: tests set up a security manager, but they do not remove it after execution
[MASTER] 17:11:03.808 [logback-1] WARN  JUnitAnalyzer - EvoSuite problem: tests set up a security manager, but they do not remove it after execution
[MASTER] 17:11:04.761 [logback-1] WARN  JUnitAnalyzer - EvoSuite problem: tests set up a security manager, but they do not remove it after execution
[MASTER] 17:11:05.882 [logback-1] WARN  JUnitAnalyzer - EvoSuite problem: tests set up a security manager, but they do not remove it after execution
[MASTER] 17:11:07.187 [logback-1] WARN  JUnitAnalyzer - EvoSuite problem: tests set up a security manager, but they do not remove it after execution
[MASTER] 17:11:08.319 [logback-1] WARN  JUnitAnalyzer - EvoSuite problem: tests set up a security manager, but they do not remove it after execution
[MASTER] 17:11:09.304 [logback-1] WARN  JUnitAnalyzer - EvoSuite problem: tests set up a security manager, but they do not remove it after execution
[MASTER] 17:11:10.350 [logback-1] WARN  JUnitAnalyzer - EvoSuite problem: tests set up a security manager, but they do not remove it after execution
[MASTER] 17:11:11.352 [logback-1] WARN  JUnitAnalyzer - EvoSuite problem: tests set up a security manager, but they do not remove it after execution
[MASTER] 17:11:12.422 [logback-1] WARN  JUnitAnalyzer - EvoSuite problem: tests set up a security manager, but they do not remove it after execution
[MASTER] 17:11:13.337 [logback-1] WARN  JUnitAnalyzer - EvoSuite problem: tests set up a security manager, but they do not remove it after execution
[MASTER] 17:11:14.385 [logback-1] WARN  JUnitAnalyzer - EvoSuite problem: tests set up a security manager, but they do not remove it after execution
[MASTER] 17:11:15.317 [logback-1] WARN  JUnitAnalyzer - EvoSuite problem: tests set up a security manager, but they do not remove it after execution
* Writing tests to file
* Writing JUnit test case 'BasicBeanDescription_ESTest' to results/JacksonDatabind-103/com.fasterxml.jackson.databind.introspect.BasicBeanDescription/BBC-F0-opt-60/tests/6
* Done!

* Computation finished
