* EvoSuite 1.1.1-SNAPSHOT
* Configuration: BBC-F0
* Going to generate test cases for class: com.google.javascript.jscomp.NameAnalyzer
* Starting Client-0
* Connecting to master process on port 3478
* Analyzing classpath: 
  - subjects/buggy-versions/Closure-114/build/classes
  - subjects/buggy-versions/Closure-114/lib/args4j.jar
  - subjects/buggy-versions/Closure-114/lib/guava.jar
  - subjects/buggy-versions/Closure-114/lib/json.jar
  - subjects/buggy-versions/Closure-114/lib/jsr305.jar
  - subjects/buggy-versions/Closure-114/lib/protobuf-java.jar
  - subjects/buggy-versions/Closure-114/build/lib/rhino.jar
  - subjects/buggy-versions/Closure-114/lib/ant.jar
* Finished analyzing classpath
* Generating tests for class com.google.javascript.jscomp.NameAnalyzer
* Test criteria:
  - Line Coverage
  - Branch Coverage
  - Exception
  - Mutation testing (weak)
  - Method-Output Coverage
  - Top-Level Method Coverage
  - No-Exception Top-Level Method Coverage
  - Context Branch Coverage
* Total number of test goals for DYNAMOSA: 2352
* Using seed 397571644
* Starting evolution
* Initial Number of Goals in DynaMOSA = 531 / 2352
[MASTER] 02:02:11.079 [logback-2] ERROR TestCluster - Failed to check cache for java.util.AbstractMap<K, V>.SimpleEntry<K, V> : Type points to itself
[MASTER] 02:02:11.079 [logback-2] ERROR TestCluster - Failed to check cache for java.util.AbstractMap<K, V>.SimpleImmutableEntry<K, V> : Type points to itself
* Search finished after 303s and 72 generations, 32842 statements, best individual has fitness: 1619.0
* Minimizing test suite
* Going to analyze the coverage criteria
* Coverage analysis for criterion LINE
* Coverage of criterion LINE: 35%
* Total number of goals: 685
* Number of covered goals: 238
* Coverage analysis for criterion BRANCH
* Coverage of criterion BRANCH: 28%
* Total number of goals: 561
* Number of covered goals: 156
* Coverage analysis for criterion EXCEPTION
* Coverage of criterion EXCEPTION: 100%
* Total number of goals: 3
* Number of covered goals: 3
* Coverage analysis for criterion WEAKMUTATION
* Coverage of criterion WEAKMUTATION: 36%
* Total number of goals: 506
* Number of covered goals: 180
* Coverage analysis for criterion OUTPUT
* Coverage of criterion OUTPUT: 33%
* Total number of goals: 3
* Number of covered goals: 1
* Coverage analysis for criterion METHOD
* Coverage of criterion METHOD: 22%
* Total number of goals: 18
* Number of covered goals: 4
* Coverage analysis for criterion METHODNOEXCEPTION
* Coverage of criterion METHODNOEXCEPTION: 22%
* Total number of goals: 18
* Number of covered goals: 4
* Coverage analysis for criterion CBRANCH
* Coverage of criterion CBRANCH: 28%
* Total number of goals: 561
* Number of covered goals: 156
* Generated 12 tests with total length 75
* Resulting test suite's coverage: 33% (average coverage for all fitness functions)
* Generating assertions
* Resulting test suite's mutation score: 13%
* Compiling and checking tests
[MASTER] 02:07:28.343 [logback-1] WARN  JUnitAnalyzer - Found unstable test named test0 -> class java.lang.AssertionError: Expecting exception: IllegalArgumentException
[MASTER] 02:07:28.344 [logback-1] WARN  JUnitAnalyzer - Failing test:
 Compiler compiler0 = new Compiler();
NameAnalyzer nameAnalyzer0 = new NameAnalyzer(compiler0, false);
nameAnalyzer0.removeUnreferenced();
PeepholeRemoveDeadCode peepholeRemoveDeadCode0 = new PeepholeRemoveDeadCode();
Normalize.parseAndNormalizeTestCode(compiler0, "window");

[MASTER] 02:07:32.887 [logback-1] WARN  JUnitAnalyzer - Found unstable test named test0 -> class java.lang.AssertionError: Expecting exception: IllegalArgumentException
[MASTER] 02:07:32.888 [logback-1] WARN  JUnitAnalyzer - Failing test:
 Compiler compiler0 = new Compiler();
NameAnalyzer nameAnalyzer0 = new NameAnalyzer(compiler0, false);
nameAnalyzer0.removeUnreferenced();
PeepholeRemoveDeadCode peepholeRemoveDeadCode0 = new PeepholeRemoveDeadCode();
Normalize.parseAndNormalizeTestCode(compiler0, "window");

[MASTER] 02:07:34.911 [logback-1] WARN  JUnitAnalyzer - Found unstable test named test0 -> class java.lang.AssertionError: Expecting exception: IllegalArgumentException
[MASTER] 02:07:34.911 [logback-1] WARN  JUnitAnalyzer - Failing test:
 Compiler compiler0 = new Compiler();
NameAnalyzer nameAnalyzer0 = new NameAnalyzer(compiler0, true);
nameAnalyzer0.removeUnreferenced();
PeepholeRemoveDeadCode peepholeRemoveDeadCode0 = new PeepholeRemoveDeadCode();
Normalize.parseAndNormalizeTestCode(compiler0, "com.google.javascript.jscomp.DefaultPassConfig$27");

[MASTER] 02:07:37.498 [logback-1] WARN  JUnitAnalyzer - Found unstable test named test0 -> class java.lang.AssertionError: Expecting exception: IllegalArgumentException
[MASTER] 02:07:37.498 [logback-1] WARN  JUnitAnalyzer - Failing test:
 Compiler compiler0 = new Compiler();
NameAnalyzer nameAnalyzer0 = new NameAnalyzer(compiler0, true);
nameAnalyzer0.removeUnreferenced();
PeepholeRemoveDeadCode peepholeRemoveDeadCode0 = new PeepholeRemoveDeadCode();
Normalize.parseAndNormalizeTestCode(compiler0, "clearTypedScopePass");

[MASTER] 02:07:39.502 [logback-1] WARN  JUnitAnalyzer - Found unstable test named test0 -> class java.lang.AssertionError: Expecting exception: IllegalArgumentException
[MASTER] 02:07:39.503 [logback-1] WARN  JUnitAnalyzer - Failing test:
 Compiler compiler0 = new Compiler();
NameAnalyzer nameAnalyzer0 = new NameAnalyzer(compiler0, true);
nameAnalyzer0.removeUnreferenced();
nameAnalyzer0.removeUnreferenced();
Normalize.parseAndNormalizeTestCode(compiler0, "");

[MASTER] 02:07:41.706 [logback-1] WARN  JUnitAnalyzer - Found unstable test named test0 -> class java.lang.AssertionError: Expecting exception: IllegalArgumentException
[MASTER] 02:07:41.707 [logback-1] WARN  JUnitAnalyzer - Failing test:
 Compiler compiler0 = new Compiler();
NameAnalyzer nameAnalyzer0 = new NameAnalyzer(compiler0, true);
nameAnalyzer0.removeUnreferenced();
PeepholeRemoveDeadCode peepholeRemoveDeadCode0 = new PeepholeRemoveDeadCode();
Normalize.parseAndNormalizeTestCode(compiler0, "3C");

[MASTER] 02:07:43.871 [logback-1] WARN  JUnitAnalyzer - Found unstable test named test0 -> class java.lang.AssertionError: Expecting exception: IllegalArgumentException
[MASTER] 02:07:43.871 [logback-1] WARN  JUnitAnalyzer - Failing test:
 Compiler compiler0 = new Compiler();
NameAnalyzer nameAnalyzer0 = new NameAnalyzer(compiler0, false);
nameAnalyzer0.removeUnreferenced();
PeepholeRemoveDeadCode peepholeRemoveDeadCode0 = new PeepholeRemoveDeadCode();
Normalize.parseAndNormalizeTestCode(compiler0, "SpThkmq\"pS!,gFw>X");

[MASTER] 02:07:48.635 [logback-1] WARN  JUnitAnalyzer - Found unstable test named test0 -> class java.lang.AssertionError: Expecting exception: IllegalArgumentException
[MASTER] 02:07:48.635 [logback-1] WARN  JUnitAnalyzer - Failing test:
 Compiler compiler0 = new Compiler();
NameAnalyzer nameAnalyzer0 = new NameAnalyzer(compiler0, true);
nameAnalyzer0.removeUnreferenced();
PeepholeRemoveDeadCode peepholeRemoveDeadCode0 = new PeepholeRemoveDeadCode();
Normalize.parseAndNormalizeTestCode(compiler0, "3C");

[MASTER] 02:07:50.730 [logback-1] WARN  JUnitAnalyzer - Found unstable test named test0 -> class java.lang.AssertionError: Expecting exception: IllegalArgumentException
[MASTER] 02:07:50.730 [logback-1] WARN  JUnitAnalyzer - Failing test:
 Compiler compiler0 = new Compiler();
NameAnalyzer nameAnalyzer0 = new NameAnalyzer(compiler0, true);
nameAnalyzer0.removeUnreferenced();
PeepholeRemoveDeadCode peepholeRemoveDeadCode0 = new PeepholeRemoveDeadCode();
Normalize.parseAndNormalizeTestCode(compiler0, "a9;");

* Permissions denied during test execution: 
  - java.lang.RuntimePermission: 
         writeFileDescriptor: 2
* Writing tests to file
* Writing JUnit test case 'NameAnalyzer_ESTest' to results/Closure-114/com.google.javascript.jscomp.NameAnalyzer/BBC-F0/tests/21
* Done!

* Computation finished
