* EvoSuite 1.1.1-SNAPSHOT
* Configuration: BBC-F0-100
* Going to generate test cases for class: com.fasterxml.jackson.core.util.DefaultPrettyPrinter
* Starting Client-0
* Connecting to master process on port 4708
* Analyzing classpath: 
  - subjects/buggy-versions/JacksonCore-23/target/classes
* Finished analyzing classpath
* Generating tests for class com.fasterxml.jackson.core.util.DefaultPrettyPrinter
* Test criteria:
  - Line Coverage
  - Branch Coverage
  - Exception
  - Mutation testing (weak)
  - Method-Output Coverage
  - Top-Level Method Coverage
  - No-Exception Top-Level Method Coverage
  - Context Branch Coverage
* Total number of test goals for DYNAMOSA: 501
* Using seed 655829664
* Starting evolution
bbc usage percentage is: 100%
* Initial Number of Goals in DynaMOSA = 273 / 501
[MASTER] 17:33:22.322 [logback-2] ERROR TestCluster - Failed to check cache for java.util.List<E> : Type points to itself
Number of times BBC is called, activated, and useful for com.fasterxml.jackson.core.util.DefaultPrettyPrinter.writeStartArray(Lcom/fasterxml/jackson/core/JsonGenerator;)V: I5 Branch 18 IFNE L339 - true: 12,0,0| Number of FF evals: 2354
Number of times BBC is called, activated, and useful for com.fasterxml.jackson.core.util.DefaultPrettyPrinter.writeStartObject(Lcom/fasterxml/jackson/core/JsonGenerator;)V: I10 Branch 14 IFNE L276 - false: 1111,0,0| Number of FF evals: 1945
Number of times BBC is called, activated, and useful for com.fasterxml.jackson.core.util.DefaultPrettyPrinter.withObjectIndenter(Lcom/fasterxml/jackson/core/util/DefaultPrettyPrinter$Indenter;)Lcom/fasterxml/jackson/core/util/DefaultPrettyPrinter;: I3 Branch 10 IFNONNULL L193 - false: 146,0,0| Number of FF evals: 1787
Number of times BBC is called, activated, and useful for com.fasterxml.jackson.core.util.DefaultPrettyPrinter.writeRootValueSeparator(Lcom/fasterxml/jackson/core/JsonGenerator;)V: Line 270: 885,0,0| Number of FF evals: 942
Number of times BBC is called, activated, and useful for com.fasterxml.jackson.core.util.DefaultPrettyPrinter.writeRootValueSeparator(Lcom/fasterxml/jackson/core/JsonGenerator;)V: Line 267: 575,0,0| Number of FF evals: 289
Number of times BBC is called, activated, and useful for com.fasterxml.jackson.core.util.DefaultPrettyPrinter.writeObjectFieldValueSeparator(Lcom/fasterxml/jackson/core/JsonGenerator;)V: Line 304: 361,0,0| Number of FF evals: 481
Number of times BBC is called, activated, and useful for com.fasterxml.jackson.core.util.DefaultPrettyPrinter.withArrayIndenter(Lcom/fasterxml/jackson/core/util/DefaultPrettyPrinter$Indenter;)Lcom/fasterxml/jackson/core/util/DefaultPrettyPrinter;: I3 Branch 8 IFNONNULL L178 - false: 129,0,0| Number of FF evals: 1821
Number of times BBC is called, activated, and useful for com.fasterxml.jackson.core.util.DefaultPrettyPrinter.writeEndArray(Lcom/fasterxml/jackson/core/JsonGenerator;I)V: Line 378: 220,0,0| Number of FF evals: 166
Number of times BBC is called, activated, and useful for com.fasterxml.jackson.core.util.DefaultPrettyPrinter.withRootSeparator(Ljava/lang/String;)Lcom/fasterxml/jackson/core/util/DefaultPrettyPrinter;: I4 Branch 5 IFNONNULL L163 - false: 150,0,0| Number of FF evals: 1777
Number of times BBC is called, activated, and useful for com.fasterxml.jackson.core.util.DefaultPrettyPrinter.withObjectIndenter(Lcom/fasterxml/jackson/core/util/DefaultPrettyPrinter$Indenter;)Lcom/fasterxml/jackson/core/util/DefaultPrettyPrinter;: I13 Branch 11 IF_ACMPNE L196 - false: 6,0,0| Number of FF evals: 1689
Number of times BBC is called, activated, and useful for com.fasterxml.jackson.core.util.DefaultPrettyPrinter.writeObjectFieldValueSeparator(Lcom/fasterxml/jackson/core/JsonGenerator;)V: I4 Branch 15 IFEQ L299 - true: 258,0,0| Number of FF evals: 386
Number of times BBC is called, activated, and useful for com.fasterxml.jackson.core.util.DefaultPrettyPrinter.writeEndArray(Lcom/fasterxml/jackson/core/JsonGenerator;I)V: Line 377: 220,0,0| Number of FF evals: 166
Number of times BBC is called, activated, and useful for com.fasterxml.jackson.core.util.DefaultPrettyPrinter.<init>(Ljava/lang/String;)V: Line 116: 346576,331030,0| Number of FF evals: 245456
Number of times BBC is called, activated, and useful for com.fasterxml.jackson.core.util.DefaultPrettyPrinter.writeObjectFieldValueSeparator(Lcom/fasterxml/jackson/core/JsonGenerator;)V: Line 299: 131,0,0| Number of FF evals: 108
Number of times BBC is called, activated, and useful for com.fasterxml.jackson.core.util.DefaultPrettyPrinter.writeObjectFieldValueSeparator(Lcom/fasterxml/jackson/core/JsonGenerator;)V: I4 Branch 15 IFEQ L299 - false: 131,0,0| Number of FF evals: 2310
Number of times BBC is called, activated, and useful for com.fasterxml.jackson.core.util.DefaultPrettyPrinter.writeEndArray(Lcom/fasterxml/jackson/core/JsonGenerator;I)V: Line 372: 220,0,0| Number of FF evals: 151
Number of times BBC is called, activated, and useful for com.fasterxml.jackson.core.util.DefaultPrettyPrinter.writeArrayValueSeparator(Lcom/fasterxml/jackson/core/JsonGenerator;)V: Line 363: 216,0,0| Number of FF evals: 481
Number of times BBC is called, activated, and useful for com.fasterxml.jackson.core.util.DefaultPrettyPrinter.writeStartArray(Lcom/fasterxml/jackson/core/JsonGenerator;)V: Line 343: 200,0,0| Number of FF evals: 604
Number of times BBC is called, activated, and useful for com.fasterxml.jackson.core.util.DefaultPrettyPrinter.writeEndArray(Lcom/fasterxml/jackson/core/JsonGenerator;I)V: Line 369: 220,0,0| Number of FF evals: 151
Number of times BBC is called, activated, and useful for com.fasterxml.jackson.core.util.DefaultPrettyPrinter.indentObjectsWith(Lcom/fasterxml/jackson/core/util/DefaultPrettyPrinter$Indenter;)V: I4 Branch 7 IFNONNULL L171 - false: 355,0,0| Number of FF evals: 872
Number of times BBC is called, activated, and useful for com.fasterxml.jackson.core.util.DefaultPrettyPrinter$NopIndenter.writeIndentation(Lcom/fasterxml/jackson/core/JsonGenerator;I)V: Line 395: 310,0,0| Number of FF evals: 207
Number of times BBC is called, activated, and useful for com.fasterxml.jackson.core.util.DefaultPrettyPrinter.writeEndObject(Lcom/fasterxml/jackson/core/JsonGenerator;I)V: I17 Branch 17 IFLE L328 - true: 153,0,0| Number of FF evals: 1718
Number of times BBC is called, activated, and useful for com.fasterxml.jackson.core.util.DefaultPrettyPrinter.beforeObjectEntries(Lcom/fasterxml/jackson/core/JsonGenerator;)V: Line 285: 68,0,0| Number of FF evals: 162
Number of times BBC is called, activated, and useful for com.fasterxml.jackson.core.util.DefaultPrettyPrinter.writeArrayValueSeparator(Lcom/fasterxml/jackson/core/JsonGenerator;)V: Line 364: 216,0,0| Number of FF evals: 481
Number of times BBC is called, activated, and useful for com.fasterxml.jackson.core.util.DefaultPrettyPrinter.withArrayIndenter(Lcom/fasterxml/jackson/core/util/DefaultPrettyPrinter$Indenter;)Lcom/fasterxml/jackson/core/util/DefaultPrettyPrinter;: I13 Branch 9 IF_ACMPNE L181 - false: 6,0,0| Number of FF evals: 1553
Number of times BBC is called, activated, and useful for com.fasterxml.jackson.core.util.DefaultPrettyPrinter.writeRootValueSeparator(Lcom/fasterxml/jackson/core/JsonGenerator;)V: I4 Branch 13 IFNULL L267 - false: 575,0,0| Number of FF evals: 2556
Number of times BBC is called, activated, and useful for com.fasterxml.jackson.core.util.DefaultPrettyPrinter.writeStartObject(Lcom/fasterxml/jackson/core/JsonGenerator;)V: Line 275: 483,0,0| Number of FF evals: 276
Number of times BBC is called, activated, and useful for com.fasterxml.jackson.core.util.DefaultPrettyPrinter.writeEndArray(Lcom/fasterxml/jackson/core/JsonGenerator;I)V: I5 Branch 19 IFNE L369 - true: 220,0,0| Number of FF evals: 2750
Number of times BBC is called, activated, and useful for com.fasterxml.jackson.core.util.DefaultPrettyPrinter.writeEndArray(Lcom/fasterxml/jackson/core/JsonGenerator;I)V: I17 Branch 20 IFLE L372 - true: 220,0,0| Number of FF evals: 1111
Number of times BBC is called, activated, and useful for com.fasterxml.jackson.core.util.DefaultPrettyPrinter.writeStartObject(Lcom/fasterxml/jackson/core/JsonGenerator;)V: I10 Branch 14 IFNE L276 - true: 2264,0,0| Number of FF evals: 2433
Number of times BBC is called, activated, and useful for com.fasterxml.jackson.core.util.DefaultPrettyPrinter.writeStartObject(Lcom/fasterxml/jackson/core/JsonGenerator;)V: Line 276: 1111,0,0| Number of FF evals: 1210
Number of times BBC is called, activated, and useful for com.fasterxml.jackson.core.util.DefaultPrettyPrinter.writeEndArray(Lcom/fasterxml/jackson/core/JsonGenerator;I)V: I5 Branch 19 IFNE L369 - false: 421,0,0| Number of FF evals: 605
Number of times BBC is called, activated, and useful for com.fasterxml.jackson.core.util.DefaultPrettyPrinter.writeStartObject(Lcom/fasterxml/jackson/core/JsonGenerator;)V: Line 279: 1111,0,0| Number of FF evals: 1210
Number of times BBC is called, activated, and useful for com.fasterxml.jackson.core.util.DefaultPrettyPrinter.withRootSeparator(Lcom/fasterxml/jackson/core/SerializableString;)Lcom/fasterxml/jackson/core/util/DefaultPrettyPrinter;: I7 Branch 3 IFNULL L152 - true: 161,0,0| Number of FF evals: 4833
Number of times BBC is called, activated, and useful for com.fasterxml.jackson.core.util.DefaultPrettyPrinter$NopIndenter.writeIndentation(Lcom/fasterxml/jackson/core/JsonGenerator;I)V: root-Branch: 310,0,0| Number of FF evals: 478
Number of times BBC is called, activated, and useful for com.fasterxml.jackson.core.util.DefaultPrettyPrinter.writeEndArray(Lcom/fasterxml/jackson/core/JsonGenerator;I)V: I17 Branch 20 IFLE L372 - false: 341,0,0| Number of FF evals: 2149
Number of times BBC is called, activated, and useful for com.fasterxml.jackson.core.util.DefaultPrettyPrinter.indentArraysWith(Lcom/fasterxml/jackson/core/util/DefaultPrettyPrinter$Indenter;)V: I4 Branch 6 IFNONNULL L167 - false: 415,0,0| Number of FF evals: 789
Number of times BBC is called, activated, and useful for com.fasterxml.jackson.core.util.DefaultPrettyPrinter.beforeArrayValues(Lcom/fasterxml/jackson/core/JsonGenerator;)V: Line 348: 42,0,0| Number of FF evals: 71
Number of times BBC is called, activated, and useful for com.fasterxml.jackson.core.util.DefaultPrettyPrinter.writeRootValueSeparator(Lcom/fasterxml/jackson/core/JsonGenerator;)V: I4 Branch 13 IFNULL L267 - true: 1040,0,0| Number of FF evals: 1377
* Search finished after 601s and 5366 generations, 1341722 statements, best individual has fitness: 65.0
* Minimizing test suite
* Going to analyze the coverage criteria
* Coverage analysis for criterion LINE
* Coverage of criterion LINE: 99%
* Total number of goals: 104
* Number of covered goals: 103
* Coverage analysis for criterion BRANCH
* Coverage of criterion BRANCH: 100%
* Total number of goals: 58
* Number of covered goals: 58
* Coverage analysis for criterion EXCEPTION
* Coverage of criterion EXCEPTION: 100%
* Total number of goals: 43
* Number of covered goals: 43
* Coverage analysis for criterion WEAKMUTATION
* Coverage of criterion WEAKMUTATION: 99%
* Total number of goals: 199
* Number of covered goals: 198
* Coverage analysis for criterion OUTPUT
* Coverage of criterion OUTPUT: 50%
* Total number of goals: 18
* Number of covered goals: 9
* Coverage analysis for criterion METHOD
* Coverage of criterion METHOD: 100%
* Total number of goals: 32
* Number of covered goals: 32
* Coverage analysis for criterion METHODNOEXCEPTION
* Coverage of criterion METHODNOEXCEPTION: 97%
* Total number of goals: 32
* Number of covered goals: 31
* Coverage analysis for criterion CBRANCH
* Coverage of criterion CBRANCH: 100%
* Total number of goals: 58
* Number of covered goals: 58
* Generated 78 tests with total length 414
* Resulting test suite's coverage: 83% (average coverage for all fitness functions)
* Generating assertions
* Resulting test suite's mutation score: 28%
* Compiling and checking tests
[MASTER] 17:38:14.075 [logback-1] WARN  JUnitAnalyzer - EvoSuite problem: tests set up a security manager, but they do not remove it after execution
[MASTER] 17:38:14.439 [logback-1] WARN  JUnitAnalyzer - Found unstable test named test0 -> class java.lang.SecurityException: Security manager blocks ("java.lang.RuntimePermission" "writeFileDescriptor")
java.lang.Thread.getStackTrace(Thread.java:1559)
org.evosuite.runtime.sandbox.MSecurityManager.checkPermission(MSecurityManager.java:433)
java.lang.SecurityManager.checkWrite(SecurityManager.java:954)
java.io.FileOutputStream.<init>(FileOutputStream.java:245)
org.evosuite.runtime.mock.java.io.MockFileOutputStream.<init>(MockFileOutputStream.java:114)
com.fasterxml.jackson.core.util.DefaultPrettyPrinter_80_tmp__ESTest.test0(DefaultPrettyPrinter_80_tmp__ESTest.java:33)
sun.reflect.NativeMethodAccessorImpl.invoke0(Native Method)
sun.reflect.NativeMethodAccessorImpl.invoke(NativeMethodAccessorImpl.java:62)
sun.reflect.DelegatingMethodAccessorImpl.invoke(DelegatingMethodAccessorImpl.java:43)
java.lang.reflect.Method.invoke(Method.java:498)
org.junit.runners.model.FrameworkMethod$1.runReflectiveCall(FrameworkMethod.java:59)
org.junit.internal.runners.model.ReflectiveCallable.run(ReflectiveCallable.java:12)
org.junit.runners.model.FrameworkMethod.invokeExplosively(FrameworkMethod.java:56)
org.junit.internal.runners.statements.InvokeMethod.evaluate(InvokeMethod.java:17)
org.junit.internal.runners.statements.FailOnTimeout$CallableStatement.call(FailOnTimeout.java:288)
org.junit.internal.runners.statements.FailOnTimeout$CallableStatement.call(FailOnTimeout.java:282)
java.util.concurrent.FutureTask.run(FutureTask.java:266)
java.lang.Thread.run(Thread.java:748)

[MASTER] 17:38:14.440 [logback-1] WARN  JUnitAnalyzer - Failing test:
 DefaultPrettyPrinter defaultPrettyPrinter0 = new DefaultPrettyPrinter("C;6yt!");
BufferRecycler bufferRecycler0 = new BufferRecycler();
IOContext iOContext0 = new IOContext(bufferRecycler0, "C;6yt!", false);
FileDescriptor fileDescriptor0 = new FileDescriptor();
MockFileOutputStream mockFileOutputStream0 = new MockFileOutputStream(fileDescriptor0);
byte[] byteArray0 = new byte[7];
UTF8JsonGenerator uTF8JsonGenerator0 = new UTF8JsonGenerator(iOContext0, (-3539), (ObjectCodec) null, mockFileOutputStream0, byteArray0, (-2955), true);
TokenFilter tokenFilter0 = TokenFilter.INCLUDE_ALL;
FilteringGeneratorDelegate filteringGeneratorDelegate0 = new FilteringGeneratorDelegate(uTF8JsonGenerator0, tokenFilter0, true, true);
defaultPrettyPrinter0.beforeArrayValues(filteringGeneratorDelegate0);

[MASTER] 17:38:20.744 [logback-1] WARN  JUnitAnalyzer - Found unstable test named test0 -> class java.lang.SecurityException: Security manager blocks ("java.lang.RuntimePermission" "writeFileDescriptor")
java.lang.Thread.getStackTrace(Thread.java:1559)
org.evosuite.runtime.sandbox.MSecurityManager.checkPermission(MSecurityManager.java:433)
java.lang.SecurityManager.checkWrite(SecurityManager.java:954)
java.io.FileOutputStream.<init>(FileOutputStream.java:245)
org.evosuite.runtime.mock.java.io.MockFileOutputStream.<init>(MockFileOutputStream.java:114)
com.fasterxml.jackson.core.util.DefaultPrettyPrinter_103_tmp__ESTest.test0(DefaultPrettyPrinter_103_tmp__ESTest.java:34)
sun.reflect.NativeMethodAccessorImpl.invoke0(Native Method)
sun.reflect.NativeMethodAccessorImpl.invoke(NativeMethodAccessorImpl.java:62)
sun.reflect.DelegatingMethodAccessorImpl.invoke(DelegatingMethodAccessorImpl.java:43)
java.lang.reflect.Method.invoke(Method.java:498)
org.junit.runners.model.FrameworkMethod$1.runReflectiveCall(FrameworkMethod.java:59)
org.junit.internal.runners.model.ReflectiveCallable.run(ReflectiveCallable.java:12)
org.junit.runners.model.FrameworkMethod.invokeExplosively(FrameworkMethod.java:56)
org.junit.internal.runners.statements.InvokeMethod.evaluate(InvokeMethod.java:17)
org.junit.internal.runners.statements.FailOnTimeout$CallableStatement.call(FailOnTimeout.java:288)
org.junit.internal.runners.statements.FailOnTimeout$CallableStatement.call(FailOnTimeout.java:282)
java.util.concurrent.FutureTask.run(FutureTask.java:266)
java.lang.Thread.run(Thread.java:748)

[MASTER] 17:38:20.744 [logback-1] WARN  JUnitAnalyzer - Failing test:
 DefaultPrettyPrinter defaultPrettyPrinter0 = new DefaultPrettyPrinter("");
BufferRecycler bufferRecycler0 = new BufferRecycler();
IOContext iOContext0 = new IOContext(bufferRecycler0, "xqG", false);
FileDescriptor fileDescriptor0 = new FileDescriptor();
MockFileOutputStream mockFileOutputStream0 = new MockFileOutputStream(fileDescriptor0);
byte[] byteArray0 = new byte[0];
UTF8JsonGenerator uTF8JsonGenerator0 = new UTF8JsonGenerator(iOContext0, 1111, (ObjectCodec) null, mockFileOutputStream0, byteArray0, 1111, true);
TokenFilter tokenFilter0 = TokenFilter.INCLUDE_ALL;
FilteringGeneratorDelegate filteringGeneratorDelegate0 = new FilteringGeneratorDelegate(uTF8JsonGenerator0, tokenFilter0, true, true);
defaultPrettyPrinter0.writeStartArray(filteringGeneratorDelegate0);

[MASTER] 17:38:24.713 [logback-1] WARN  JUnitAnalyzer - Found unstable test named test0 -> class java.lang.SecurityException: Security manager blocks ("java.lang.RuntimePermission" "writeFileDescriptor")
java.lang.Thread.getStackTrace(Thread.java:1559)
org.evosuite.runtime.sandbox.MSecurityManager.checkPermission(MSecurityManager.java:433)
java.lang.SecurityManager.checkWrite(SecurityManager.java:954)
java.io.FileOutputStream.<init>(FileOutputStream.java:245)
org.evosuite.runtime.mock.java.io.MockFileOutputStream.<init>(MockFileOutputStream.java:114)
com.fasterxml.jackson.core.util.DefaultPrettyPrinter_111_tmp__ESTest.test0(DefaultPrettyPrinter_111_tmp__ESTest.java:33)
sun.reflect.NativeMethodAccessorImpl.invoke0(Native Method)
sun.reflect.NativeMethodAccessorImpl.invoke(NativeMethodAccessorImpl.java:62)
sun.reflect.DelegatingMethodAccessorImpl.invoke(DelegatingMethodAccessorImpl.java:43)
java.lang.reflect.Method.invoke(Method.java:498)
org.junit.runners.model.FrameworkMethod$1.runReflectiveCall(FrameworkMethod.java:59)
org.junit.internal.runners.model.ReflectiveCallable.run(ReflectiveCallable.java:12)
org.junit.runners.model.FrameworkMethod.invokeExplosively(FrameworkMethod.java:56)
org.junit.internal.runners.statements.InvokeMethod.evaluate(InvokeMethod.java:17)
org.junit.internal.runners.statements.FailOnTimeout$CallableStatement.call(FailOnTimeout.java:288)
org.junit.internal.runners.statements.FailOnTimeout$CallableStatement.call(FailOnTimeout.java:282)
java.util.concurrent.FutureTask.run(FutureTask.java:266)
java.lang.Thread.run(Thread.java:748)

[MASTER] 17:38:24.714 [logback-1] WARN  JUnitAnalyzer - Failing test:
 DefaultPrettyPrinter defaultPrettyPrinter0 = new DefaultPrettyPrinter();
BufferRecycler bufferRecycler0 = new BufferRecycler();
IOContext iOContext0 = new IOContext(bufferRecycler0, defaultPrettyPrinter0, true);
FileDescriptor fileDescriptor0 = new FileDescriptor();
MockFileOutputStream mockFileOutputStream0 = new MockFileOutputStream(fileDescriptor0);
byte[] byteArray0 = new byte[6];
UTF8JsonGenerator uTF8JsonGenerator0 = new UTF8JsonGenerator(iOContext0, Integer.MAX_VALUE, (ObjectCodec) null, mockFileOutputStream0, byteArray0, (byte)123, false);
JsonGeneratorDelegate jsonGeneratorDelegate0 = new JsonGeneratorDelegate(uTF8JsonGenerator0, true);
defaultPrettyPrinter0.beforeArrayValues(jsonGeneratorDelegate0);

[MASTER] 17:38:28.665 [logback-1] WARN  JUnitAnalyzer - Found unstable test named test0 -> class java.lang.SecurityException: Security manager blocks ("java.lang.RuntimePermission" "writeFileDescriptor")
java.lang.Thread.getStackTrace(Thread.java:1559)
org.evosuite.runtime.sandbox.MSecurityManager.checkPermission(MSecurityManager.java:433)
java.lang.SecurityManager.checkWrite(SecurityManager.java:954)
java.io.FileOutputStream.<init>(FileOutputStream.java:245)
org.evosuite.runtime.mock.java.io.MockFileOutputStream.<init>(MockFileOutputStream.java:114)
com.fasterxml.jackson.core.util.DefaultPrettyPrinter_120_tmp__ESTest.test0(DefaultPrettyPrinter_120_tmp__ESTest.java:32)
sun.reflect.NativeMethodAccessorImpl.invoke0(Native Method)
sun.reflect.NativeMethodAccessorImpl.invoke(NativeMethodAccessorImpl.java:62)
sun.reflect.DelegatingMethodAccessorImpl.invoke(DelegatingMethodAccessorImpl.java:43)
java.lang.reflect.Method.invoke(Method.java:498)
org.junit.runners.model.FrameworkMethod$1.runReflectiveCall(FrameworkMethod.java:59)
org.junit.internal.runners.model.ReflectiveCallable.run(ReflectiveCallable.java:12)
org.junit.runners.model.FrameworkMethod.invokeExplosively(FrameworkMethod.java:56)
org.junit.internal.runners.statements.InvokeMethod.evaluate(InvokeMethod.java:17)
org.junit.internal.runners.statements.FailOnTimeout$CallableStatement.call(FailOnTimeout.java:288)
org.junit.internal.runners.statements.FailOnTimeout$CallableStatement.call(FailOnTimeout.java:282)
java.util.concurrent.FutureTask.run(FutureTask.java:266)
java.lang.Thread.run(Thread.java:748)

[MASTER] 17:38:28.665 [logback-1] WARN  JUnitAnalyzer - Failing test:
 DefaultPrettyPrinter defaultPrettyPrinter0 = new DefaultPrettyPrinter("6");
BufferRecycler bufferRecycler0 = new BufferRecycler(93, 93);
IOContext iOContext0 = new IOContext(bufferRecycler0, defaultPrettyPrinter0, false);
FileDescriptor fileDescriptor0 = new FileDescriptor();
MockFileOutputStream mockFileOutputStream0 = new MockFileOutputStream(fileDescriptor0);
byte[] byteArray0 = new byte[1];
UTF8JsonGenerator uTF8JsonGenerator0 = new UTF8JsonGenerator(iOContext0, 45, (ObjectCodec) null, mockFileOutputStream0, byteArray0, 0, false);
defaultPrettyPrinter0.writeEndArray(uTF8JsonGenerator0, 32);

[MASTER] 17:38:32.409 [logback-1] WARN  JUnitAnalyzer - Found unstable test named test0 -> class java.lang.SecurityException: Security manager blocks ("java.lang.RuntimePermission" "writeFileDescriptor")
java.lang.Thread.getStackTrace(Thread.java:1559)
org.evosuite.runtime.sandbox.MSecurityManager.checkPermission(MSecurityManager.java:433)
java.lang.SecurityManager.checkWrite(SecurityManager.java:954)
java.io.FileOutputStream.<init>(FileOutputStream.java:245)
org.evosuite.runtime.mock.java.io.MockFileOutputStream.<init>(MockFileOutputStream.java:114)
com.fasterxml.jackson.core.util.DefaultPrettyPrinter_127_tmp__ESTest.test0(DefaultPrettyPrinter_127_tmp__ESTest.java:32)
sun.reflect.NativeMethodAccessorImpl.invoke0(Native Method)
sun.reflect.NativeMethodAccessorImpl.invoke(NativeMethodAccessorImpl.java:62)
sun.reflect.DelegatingMethodAccessorImpl.invoke(DelegatingMethodAccessorImpl.java:43)
java.lang.reflect.Method.invoke(Method.java:498)
org.junit.runners.model.FrameworkMethod$1.runReflectiveCall(FrameworkMethod.java:59)
org.junit.internal.runners.model.ReflectiveCallable.run(ReflectiveCallable.java:12)
org.junit.runners.model.FrameworkMethod.invokeExplosively(FrameworkMethod.java:56)
org.junit.internal.runners.statements.InvokeMethod.evaluate(InvokeMethod.java:17)
org.junit.internal.runners.statements.FailOnTimeout$CallableStatement.call(FailOnTimeout.java:288)
org.junit.internal.runners.statements.FailOnTimeout$CallableStatement.call(FailOnTimeout.java:282)
java.util.concurrent.FutureTask.run(FutureTask.java:266)
java.lang.Thread.run(Thread.java:748)

[MASTER] 17:38:32.409 [logback-1] WARN  JUnitAnalyzer - Failing test:
 DefaultPrettyPrinter defaultPrettyPrinter0 = new DefaultPrettyPrinter();
BufferRecycler bufferRecycler0 = new BufferRecycler();
IOContext iOContext0 = new IOContext(bufferRecycler0, defaultPrettyPrinter0, true);
FileDescriptor fileDescriptor0 = new FileDescriptor();
MockFileOutputStream mockFileOutputStream0 = new MockFileOutputStream(fileDescriptor0);
byte[] byteArray0 = new byte[0];
UTF8JsonGenerator uTF8JsonGenerator0 = new UTF8JsonGenerator(iOContext0, 0, (ObjectCodec) null, mockFileOutputStream0, byteArray0, 1389, true);
defaultPrettyPrinter0.writeObjectEntrySeparator(uTF8JsonGenerator0);

[MASTER] 17:38:35.793 [logback-1] WARN  JUnitAnalyzer - Found unstable test named test0 -> class java.lang.SecurityException: Security manager blocks ("java.lang.RuntimePermission" "writeFileDescriptor")
java.lang.Thread.getStackTrace(Thread.java:1559)
org.evosuite.runtime.sandbox.MSecurityManager.checkPermission(MSecurityManager.java:433)
java.lang.SecurityManager.checkWrite(SecurityManager.java:954)
java.io.FileOutputStream.<init>(FileOutputStream.java:245)
org.evosuite.runtime.mock.java.io.MockFileOutputStream.<init>(MockFileOutputStream.java:114)
com.fasterxml.jackson.core.util.DefaultPrettyPrinter_130_tmp__ESTest.test0(DefaultPrettyPrinter_130_tmp__ESTest.java:32)
sun.reflect.NativeMethodAccessorImpl.invoke0(Native Method)
sun.reflect.NativeMethodAccessorImpl.invoke(NativeMethodAccessorImpl.java:62)
sun.reflect.DelegatingMethodAccessorImpl.invoke(DelegatingMethodAccessorImpl.java:43)
java.lang.reflect.Method.invoke(Method.java:498)
org.junit.runners.model.FrameworkMethod$1.runReflectiveCall(FrameworkMethod.java:59)
org.junit.internal.runners.model.ReflectiveCallable.run(ReflectiveCallable.java:12)
org.junit.runners.model.FrameworkMethod.invokeExplosively(FrameworkMethod.java:56)
org.junit.internal.runners.statements.InvokeMethod.evaluate(InvokeMethod.java:17)
org.junit.internal.runners.statements.FailOnTimeout$CallableStatement.call(FailOnTimeout.java:288)
org.junit.internal.runners.statements.FailOnTimeout$CallableStatement.call(FailOnTimeout.java:282)
java.util.concurrent.FutureTask.run(FutureTask.java:266)
java.lang.Thread.run(Thread.java:748)

[MASTER] 17:38:35.793 [logback-1] WARN  JUnitAnalyzer - Failing test:
 DefaultPrettyPrinter defaultPrettyPrinter0 = new DefaultPrettyPrinter((String) null);
BufferRecycler bufferRecycler0 = new BufferRecycler();
IOContext iOContext0 = new IOContext(bufferRecycler0, defaultPrettyPrinter0, false);
FileDescriptor fileDescriptor0 = new FileDescriptor();
MockFileOutputStream mockFileOutputStream0 = new MockFileOutputStream(fileDescriptor0);
byte[] byteArray0 = new byte[1];
UTF8JsonGenerator uTF8JsonGenerator0 = new UTF8JsonGenerator(iOContext0, 1, (ObjectCodec) null, mockFileOutputStream0, byteArray0, 2289, false);
defaultPrettyPrinter0.writeObjectFieldValueSeparator(uTF8JsonGenerator0);

[MASTER] 17:38:39.198 [logback-1] WARN  JUnitAnalyzer - Found unstable test named test0 -> class java.lang.SecurityException: Security manager blocks ("java.lang.RuntimePermission" "writeFileDescriptor")
java.lang.Thread.getStackTrace(Thread.java:1559)
org.evosuite.runtime.sandbox.MSecurityManager.checkPermission(MSecurityManager.java:433)
java.lang.SecurityManager.checkWrite(SecurityManager.java:954)
java.io.FileOutputStream.<init>(FileOutputStream.java:245)
org.evosuite.runtime.mock.java.io.MockFileOutputStream.<init>(MockFileOutputStream.java:114)
com.fasterxml.jackson.core.util.DefaultPrettyPrinter_132_tmp__ESTest.test0(DefaultPrettyPrinter_132_tmp__ESTest.java:33)
sun.reflect.NativeMethodAccessorImpl.invoke0(Native Method)
sun.reflect.NativeMethodAccessorImpl.invoke(NativeMethodAccessorImpl.java:62)
sun.reflect.DelegatingMethodAccessorImpl.invoke(DelegatingMethodAccessorImpl.java:43)
java.lang.reflect.Method.invoke(Method.java:498)
org.junit.runners.model.FrameworkMethod$1.runReflectiveCall(FrameworkMethod.java:59)
org.junit.internal.runners.model.ReflectiveCallable.run(ReflectiveCallable.java:12)
org.junit.runners.model.FrameworkMethod.invokeExplosively(FrameworkMethod.java:56)
org.junit.internal.runners.statements.InvokeMethod.evaluate(InvokeMethod.java:17)
org.junit.internal.runners.statements.FailOnTimeout$CallableStatement.call(FailOnTimeout.java:288)
org.junit.internal.runners.statements.FailOnTimeout$CallableStatement.call(FailOnTimeout.java:282)
java.util.concurrent.FutureTask.run(FutureTask.java:266)
java.lang.Thread.run(Thread.java:748)

[MASTER] 17:38:39.199 [logback-1] WARN  JUnitAnalyzer - Failing test:
 DefaultPrettyPrinter defaultPrettyPrinter0 = new DefaultPrettyPrinter();
BufferRecycler bufferRecycler0 = new BufferRecycler(500, 500);
Object object0 = new Object();
IOContext iOContext0 = new IOContext(bufferRecycler0, object0, false);
FileDescriptor fileDescriptor0 = new FileDescriptor();
MockFileOutputStream mockFileOutputStream0 = new MockFileOutputStream(fileDescriptor0);
byte[] byteArray0 = new byte[1];
UTF8JsonGenerator uTF8JsonGenerator0 = new UTF8JsonGenerator(iOContext0, 2, (ObjectCodec) null, mockFileOutputStream0, byteArray0, (byte)47, false);
defaultPrettyPrinter0.writeRootValueSeparator(uTF8JsonGenerator0);

[MASTER] 17:38:42.795 [logback-1] WARN  JUnitAnalyzer - Found unstable test named test0 -> class java.lang.SecurityException: Security manager blocks ("java.lang.RuntimePermission" "writeFileDescriptor")
java.lang.Thread.getStackTrace(Thread.java:1559)
org.evosuite.runtime.sandbox.MSecurityManager.checkPermission(MSecurityManager.java:433)
java.lang.SecurityManager.checkWrite(SecurityManager.java:954)
java.io.FileOutputStream.<init>(FileOutputStream.java:245)
org.evosuite.runtime.mock.java.io.MockFileOutputStream.<init>(MockFileOutputStream.java:114)
com.fasterxml.jackson.core.util.DefaultPrettyPrinter_137_tmp__ESTest.test0(DefaultPrettyPrinter_137_tmp__ESTest.java:32)
sun.reflect.NativeMethodAccessorImpl.invoke0(Native Method)
sun.reflect.NativeMethodAccessorImpl.invoke(NativeMethodAccessorImpl.java:62)
sun.reflect.DelegatingMethodAccessorImpl.invoke(DelegatingMethodAccessorImpl.java:43)
java.lang.reflect.Method.invoke(Method.java:498)
org.junit.runners.model.FrameworkMethod$1.runReflectiveCall(FrameworkMethod.java:59)
org.junit.internal.runners.model.ReflectiveCallable.run(ReflectiveCallable.java:12)
org.junit.runners.model.FrameworkMethod.invokeExplosively(FrameworkMethod.java:56)
org.junit.internal.runners.statements.InvokeMethod.evaluate(InvokeMethod.java:17)
org.junit.internal.runners.statements.FailOnTimeout$CallableStatement.call(FailOnTimeout.java:288)
org.junit.internal.runners.statements.FailOnTimeout$CallableStatement.call(FailOnTimeout.java:282)
java.util.concurrent.FutureTask.run(FutureTask.java:266)
java.lang.Thread.run(Thread.java:748)

[MASTER] 17:38:42.795 [logback-1] WARN  JUnitAnalyzer - Failing test:
 DefaultPrettyPrinter defaultPrettyPrinter0 = new DefaultPrettyPrinter();
BufferRecycler bufferRecycler0 = new BufferRecycler();
IOContext iOContext0 = new IOContext(bufferRecycler0, defaultPrettyPrinter0, true);
FileDescriptor fileDescriptor0 = new FileDescriptor();
MockFileOutputStream mockFileOutputStream0 = new MockFileOutputStream(fileDescriptor0);
byte[] byteArray0 = new byte[2];
UTF8JsonGenerator uTF8JsonGenerator0 = new UTF8JsonGenerator(iOContext0, 0, (ObjectCodec) null, mockFileOutputStream0, byteArray0, 50, true);
defaultPrettyPrinter0.writeStartObject(uTF8JsonGenerator0);

* Permissions denied during test execution: 
  - java.lang.RuntimePermission: 
         writeFileDescriptor: 8
* Writing tests to file
* Writing JUnit test case 'DefaultPrettyPrinter_ESTest' to results/JacksonCore-23/com.fasterxml.jackson.core.util.DefaultPrettyPrinter/BBC-F0-100/tests/25
* Done!

* Computation finished
