JUnit version 3.8.1
........................E.E.E..E.....E.E....E...E..E.........E.......E..E....E.....E...............E..E....E..E..E..E..E.E..E...........E.E.E.E.E..E.E..E..E.E.E..E..E.E.E.E.E.E.E.E.E.E.E...E...E.E.E.E.E.E
Time: 3.857
There were 53 failures:
1) test108(org.apache.commons.jxpath.ri.model.dom.DOMNodePointer_ESTest)
org.w3c.dom.DOMException: HIERARCHY_REQUEST_ERR: An attempt was made to insert a node where it is not permitted. 
	at org.apache.xerces.dom.ParentNode.internalInsertBefore(Unknown Source)
	at org.apache.xerces.dom.ParentNode.insertBefore(Unknown Source)
	at org.apache.xerces.dom.NodeImpl.appendChild(Unknown Source)
	at org.apache.html.dom.HTMLDocumentImpl.getDocumentElement(Unknown Source)
	at org.apache.commons.jxpath.ri.model.dom.DOMNodePointer.getDefaultNamespaceURI(DOMNodePointer.java:245)
	at org.apache.commons.jxpath.ri.model.dom.DOMNodePointer_ESTest.test108(DOMNodePointer_ESTest.java:1629)
	at sun.reflect.NativeMethodAccessorImpl.invoke0(Native Method)
	at sun.reflect.NativeMethodAccessorImpl.invoke(NativeMethodAccessorImpl.java:62)
	at sun.reflect.DelegatingMethodAccessorImpl.invoke(DelegatingMethodAccessorImpl.java:43)
	at java.lang.reflect.Method.invoke(Method.java:498)
	at org.junit.runners.model.FrameworkMethod$1.runReflectiveCall(FrameworkMethod.java:50)
	at org.junit.internal.runners.model.ReflectiveCallable.run(ReflectiveCallable.java:12)
	at org.junit.runners.model.FrameworkMethod.invokeExplosively(FrameworkMethod.java:47)
	at org.junit.internal.runners.statements.InvokeMethod.evaluate(InvokeMethod.java:17)
	at org.junit.internal.runners.statements.FailOnTimeout$CallableStatement.call(FailOnTimeout.java:298)
	at org.junit.internal.runners.statements.FailOnTimeout$CallableStatement.call(FailOnTimeout.java:292)
	at java.util.concurrent.FutureTask.run(FutureTask.java:266)
	at java.lang.Thread.run(Thread.java:748)
2) test107(org.apache.commons.jxpath.ri.model.dom.DOMNodePointer_ESTest)
org.apache.commons.jxpath.JXPathException: Undefined variable: /processing-instruction(':org.apache.commons.jxpath.ri.model.dom.DOMAttributeIterator
	at org.apache.commons.jxpath.ri.model.VariablePointer$1.getImmediateNode(VariablePointer.java:121)
	at org.apache.commons.jxpath.ri.model.NodePointer.getNode(NodePointer.java:300)
	at org.apache.commons.jxpath.ri.model.NodePointer.getValue(NodePointer.java:220)
	at org.apache.commons.jxpath.ri.model.NodePointer.getValue(NodePointer.java:217)
	at org.apache.commons.jxpath.util.BasicTypeConverter.convert(BasicTypeConverter.java:235)
	at org.apache.commons.jxpath.util.TypeUtils.convert(TypeUtils.java:69)
	at org.apache.commons.jxpath.ri.model.dom.DOMNodePointer.setValue(DOMNodePointer.java:327)
	at org.apache.commons.jxpath.ri.model.dom.DOMNodePointer_ESTest.test107(DOMNodePointer_ESTest.java:1609)
	at sun.reflect.NativeMethodAccessorImpl.invoke0(Native Method)
	at sun.reflect.NativeMethodAccessorImpl.invoke(NativeMethodAccessorImpl.java:62)
	at sun.reflect.DelegatingMethodAccessorImpl.invoke(DelegatingMethodAccessorImpl.java:43)
	at java.lang.reflect.Method.invoke(Method.java:498)
	at org.junit.runners.model.FrameworkMethod$1.runReflectiveCall(FrameworkMethod.java:50)
	at org.junit.internal.runners.model.ReflectiveCallable.run(ReflectiveCallable.java:12)
	at org.junit.runners.model.FrameworkMethod.invokeExplosively(FrameworkMethod.java:47)
	at org.junit.internal.runners.statements.InvokeMethod.evaluate(InvokeMethod.java:17)
	at org.junit.internal.runners.statements.FailOnTimeout$CallableStatement.call(FailOnTimeout.java:298)
	at org.junit.internal.runners.statements.FailOnTimeout$CallableStatement.call(FailOnTimeout.java:292)
	at java.util.concurrent.FutureTask.run(FutureTask.java:266)
	at java.lang.Thread.run(Thread.java:748)
3) test106(org.apache.commons.jxpath.ri.model.dom.DOMNodePointer_ESTest)
java.lang.NullPointerException
	at org.apache.commons.jxpath.ri.model.dom.DOMNodePointer.setValue(DOMNodePointer.java:332)
	at org.apache.commons.jxpath.ri.model.dom.DOMNodePointer_ESTest.test106(DOMNodePointer_ESTest.java:1588)
	at sun.reflect.NativeMethodAccessorImpl.invoke0(Native Method)
	at sun.reflect.NativeMethodAccessorImpl.invoke(NativeMethodAccessorImpl.java:62)
	at sun.reflect.DelegatingMethodAccessorImpl.invoke(DelegatingMethodAccessorImpl.java:43)
	at java.lang.reflect.Method.invoke(Method.java:498)
	at org.junit.runners.model.FrameworkMethod$1.runReflectiveCall(FrameworkMethod.java:50)
	at org.junit.internal.runners.model.ReflectiveCallable.run(ReflectiveCallable.java:12)
	at org.junit.runners.model.FrameworkMethod.invokeExplosively(FrameworkMethod.java:47)
	at org.junit.internal.runners.statements.InvokeMethod.evaluate(InvokeMethod.java:17)
	at org.junit.internal.runners.statements.FailOnTimeout$CallableStatement.call(FailOnTimeout.java:298)
	at org.junit.internal.runners.statements.FailOnTimeout$CallableStatement.call(FailOnTimeout.java:292)
	at java.util.concurrent.FutureTask.run(FutureTask.java:266)
	at java.lang.Thread.run(Thread.java:748)
4) test104(org.apache.commons.jxpath.ri.model.dom.DOMNodePointer_ESTest)
org.evosuite.runtime.mock.java.lang.MockIllegalArgumentException: No such variable: 'META'
	at org.apache.commons.jxpath.BasicVariables.getVariable(BasicVariables.java:61)
	at org.apache.commons.jxpath.ri.model.VariablePointer.getBaseValue(VariablePointer.java:68)
	at org.apache.commons.jxpath.ri.model.VariablePointer.getImmediateNode(VariablePointer.java:82)
	at org.apache.commons.jxpath.ri.model.VariablePointer.getImmediateValuePointer(VariablePointer.java:114)
	at org.apache.commons.jxpath.ri.model.NodePointer.getValuePointer(NodePointer.java:241)
	at org.apache.commons.jxpath.ri.model.NodePointer.getValue(NodePointer.java:215)
	at org.apache.commons.jxpath.util.BasicTypeConverter.convert(BasicTypeConverter.java:235)
	at org.apache.commons.jxpath.util.TypeUtils.convert(TypeUtils.java:69)
	at org.apache.commons.jxpath.ri.model.dom.DOMNodePointer.setValue(DOMNodePointer.java:358)
	at org.apache.commons.jxpath.ri.model.dom.DOMNodePointer_ESTest.test104(DOMNodePointer_ESTest.java:1559)
	at sun.reflect.NativeMethodAccessorImpl.invoke0(Native Method)
	at sun.reflect.NativeMethodAccessorImpl.invoke(NativeMethodAccessorImpl.java:62)
	at sun.reflect.DelegatingMethodAccessorImpl.invoke(DelegatingMethodAccessorImpl.java:43)
	at java.lang.reflect.Method.invoke(Method.java:498)
	at org.junit.runners.model.FrameworkMethod$1.runReflectiveCall(FrameworkMethod.java:50)
	at org.junit.internal.runners.model.ReflectiveCallable.run(ReflectiveCallable.java:12)
	at org.junit.runners.model.FrameworkMethod.invokeExplosively(FrameworkMethod.java:47)
	at org.junit.internal.runners.statements.InvokeMethod.evaluate(InvokeMethod.java:17)
	at org.junit.internal.runners.statements.FailOnTimeout$CallableStatement.call(FailOnTimeout.java:298)
	at org.junit.internal.runners.statements.FailOnTimeout$CallableStatement.call(FailOnTimeout.java:292)
	at java.util.concurrent.FutureTask.run(FutureTask.java:266)
	at java.lang.Thread.run(Thread.java:748)
5) test101(org.apache.commons.jxpath.ri.model.dom.DOMNodePointer_ESTest)
org.apache.commons.jxpath.JXPathException: Factory is not set on the JXPathContext - cannot create path: 
	at org.apache.commons.jxpath.ri.model.dom.DOMNodePointer.getAbstractFactory(DOMNodePointer.java:680)
	at org.apache.commons.jxpath.ri.model.dom.DOMNodePointer.createChild(DOMNodePointer.java:376)
	at org.apache.commons.jxpath.ri.model.dom.DOMNodePointer_ESTest.test101(DOMNodePointer_ESTest.java:1516)
	at sun.reflect.NativeMethodAccessorImpl.invoke0(Native Method)
	at sun.reflect.NativeMethodAccessorImpl.invoke(NativeMethodAccessorImpl.java:62)
	at sun.reflect.DelegatingMethodAccessorImpl.invoke(DelegatingMethodAccessorImpl.java:43)
	at java.lang.reflect.Method.invoke(Method.java:498)
	at org.junit.runners.model.FrameworkMethod$1.runReflectiveCall(FrameworkMethod.java:50)
	at org.junit.internal.runners.model.ReflectiveCallable.run(ReflectiveCallable.java:12)
	at org.junit.runners.model.FrameworkMethod.invokeExplosively(FrameworkMethod.java:47)
	at org.junit.internal.runners.statements.InvokeMethod.evaluate(InvokeMethod.java:17)
	at org.junit.internal.runners.statements.FailOnTimeout$CallableStatement.call(FailOnTimeout.java:298)
	at org.junit.internal.runners.statements.FailOnTimeout$CallableStatement.call(FailOnTimeout.java:292)
	at java.util.concurrent.FutureTask.run(FutureTask.java:266)
	at java.lang.Thread.run(Thread.java:748)
6) test109(org.apache.commons.jxpath.ri.model.dom.DOMNodePointer_ESTest)
java.lang.NullPointerException
	at org.apache.commons.jxpath.ri.model.dom.DOMNodePointer.setValue(DOMNodePointer.java:332)
	at org.apache.commons.jxpath.ri.model.dom.DOMNodePointer_ESTest.test109(DOMNodePointer_ESTest.java:1650)
	at sun.reflect.NativeMethodAccessorImpl.invoke0(Native Method)
	at sun.reflect.NativeMethodAccessorImpl.invoke(NativeMethodAccessorImpl.java:62)
	at sun.reflect.DelegatingMethodAccessorImpl.invoke(DelegatingMethodAccessorImpl.java:43)
	at java.lang.reflect.Method.invoke(Method.java:498)
	at org.junit.runners.model.FrameworkMethod$1.runReflectiveCall(FrameworkMethod.java:50)
	at org.junit.internal.runners.model.ReflectiveCallable.run(ReflectiveCallable.java:12)
	at org.junit.runners.model.FrameworkMethod.invokeExplosively(FrameworkMethod.java:47)
	at org.junit.internal.runners.statements.InvokeMethod.evaluate(InvokeMethod.java:17)
	at org.junit.internal.runners.statements.FailOnTimeout$CallableStatement.call(FailOnTimeout.java:298)
	at org.junit.internal.runners.statements.FailOnTimeout$CallableStatement.call(FailOnTimeout.java:292)
	at java.util.concurrent.FutureTask.run(FutureTask.java:266)
	at java.lang.Thread.run(Thread.java:748)
7) test089(org.apache.commons.jxpath.ri.model.dom.DOMNodePointer_ESTest)
java.lang.NullPointerException
	at org.apache.commons.jxpath.ri.model.dom.DOMNodePointer.asPath(DOMNodePointer.java:467)
	at org.apache.commons.jxpath.ri.model.NodePointer.toString(NodePointer.java:629)
	at org.apache.commons.jxpath.ri.model.dom.DOMNodePointer_ESTest.test089(DOMNodePointer_ESTest.java:1342)
	at sun.reflect.NativeMethodAccessorImpl.invoke0(Native Method)
	at sun.reflect.NativeMethodAccessorImpl.invoke(NativeMethodAccessorImpl.java:62)
	at sun.reflect.DelegatingMethodAccessorImpl.invoke(DelegatingMethodAccessorImpl.java:43)
	at java.lang.reflect.Method.invoke(Method.java:498)
	at org.junit.runners.model.FrameworkMethod$1.runReflectiveCall(FrameworkMethod.java:50)
	at org.junit.internal.runners.model.ReflectiveCallable.run(ReflectiveCallable.java:12)
	at org.junit.runners.model.FrameworkMethod.invokeExplosively(FrameworkMethod.java:47)
	at org.junit.internal.runners.statements.InvokeMethod.evaluate(InvokeMethod.java:17)
	at org.junit.internal.runners.statements.FailOnTimeout$CallableStatement.call(FailOnTimeout.java:298)
	at org.junit.internal.runners.statements.FailOnTimeout$CallableStatement.call(FailOnTimeout.java:292)
	at java.util.concurrent.FutureTask.run(FutureTask.java:266)
	at java.lang.Thread.run(Thread.java:748)
8) test088(org.apache.commons.jxpath.ri.model.dom.DOMNodePointer_ESTest)
org.apache.commons.jxpath.JXPathException: Factory is not set on the JXPathContext - cannot create path: id('/processing-instruction(&apos;')
	at org.apache.commons.jxpath.ri.model.dom.DOMNodePointer.getAbstractFactory(DOMNodePointer.java:680)
	at org.apache.commons.jxpath.ri.model.dom.DOMNodePointer.createChild(DOMNodePointer.java:376)
	at org.apache.commons.jxpath.ri.model.dom.DOMNodePointer_ESTest.test088(DOMNodePointer_ESTest.java:1322)
	at sun.reflect.NativeMethodAccessorImpl.invoke0(Native Method)
	at sun.reflect.NativeMethodAccessorImpl.invoke(NativeMethodAccessorImpl.java:62)
	at sun.reflect.DelegatingMethodAccessorImpl.invoke(DelegatingMethodAccessorImpl.java:43)
	at java.lang.reflect.Method.invoke(Method.java:498)
	at org.junit.runners.model.FrameworkMethod$1.runReflectiveCall(FrameworkMethod.java:50)
	at org.junit.internal.runners.model.ReflectiveCallable.run(ReflectiveCallable.java:12)
	at org.junit.runners.model.FrameworkMethod.invokeExplosively(FrameworkMethod.java:47)
	at org.junit.internal.runners.statements.InvokeMethod.evaluate(InvokeMethod.java:17)
	at org.junit.internal.runners.statements.FailOnTimeout$CallableStatement.call(FailOnTimeout.java:298)
	at org.junit.internal.runners.statements.FailOnTimeout$CallableStatement.call(FailOnTimeout.java:292)
	at java.util.concurrent.FutureTask.run(FutureTask.java:266)
	at java.lang.Thread.run(Thread.java:748)
9) test087(org.apache.commons.jxpath.ri.model.dom.DOMNodePointer_ESTest)
org.apache.commons.jxpath.JXPathException: Cannot create a relative context for a non-existent node: id('Pg|#UJqO&quot;V c$LG')
	at org.apache.commons.jxpath.ri.JXPathContextReferenceImpl.getRelativeContext(JXPathContextReferenceImpl.java:595)
	at org.apache.commons.jxpath.ri.model.dom.DOMNodePointer_ESTest.test087(DOMNodePointer_ESTest.java:1300)
	at sun.reflect.NativeMethodAccessorImpl.invoke0(Native Method)
	at sun.reflect.NativeMethodAccessorImpl.invoke(NativeMethodAccessorImpl.java:62)
	at sun.reflect.DelegatingMethodAccessorImpl.invoke(DelegatingMethodAccessorImpl.java:43)
	at java.lang.reflect.Method.invoke(Method.java:498)
	at org.junit.runners.model.FrameworkMethod$1.runReflectiveCall(FrameworkMethod.java:50)
	at org.junit.internal.runners.model.ReflectiveCallable.run(ReflectiveCallable.java:12)
	at org.junit.runners.model.FrameworkMethod.invokeExplosively(FrameworkMethod.java:47)
	at org.junit.internal.runners.statements.InvokeMethod.evaluate(InvokeMethod.java:17)
	at org.junit.internal.runners.statements.FailOnTimeout$CallableStatement.call(FailOnTimeout.java:298)
	at org.junit.internal.runners.statements.FailOnTimeout$CallableStatement.call(FailOnTimeout.java:292)
	at java.util.concurrent.FutureTask.run(FutureTask.java:266)
	at java.lang.Thread.run(Thread.java:748)
10) test117(org.apache.commons.jxpath.ri.model.dom.DOMNodePointer_ESTest)
org.w3c.dom.DOMException: NAMESPACE_ERR: An attempt is made to create or change an object in a way which is incorrect with regard to namespaces.
	at org.apache.xerces.dom.CoreDocumentImpl.checkNamespaceWF(Unknown Source)
	at org.apache.xerces.dom.AttrNSImpl.setName(Unknown Source)
	at org.apache.xerces.dom.AttrNSImpl.<init>(Unknown Source)
	at org.apache.xerces.dom.CoreDocumentImpl.createAttributeNS(Unknown Source)
	at org.apache.xerces.dom.ElementImpl.setAttributeNS(Unknown Source)
	at org.apache.commons.jxpath.ri.model.dom.DOMNodePointer.createAttribute(DOMNodePointer.java:420)
	at org.apache.commons.jxpath.ri.model.dom.DOMNodePointer_ESTest.test117(DOMNodePointer_ESTest.java:1745)
	at sun.reflect.NativeMethodAccessorImpl.invoke0(Native Method)
	at sun.reflect.NativeMethodAccessorImpl.invoke(NativeMethodAccessorImpl.java:62)
	at sun.reflect.DelegatingMethodAccessorImpl.invoke(DelegatingMethodAccessorImpl.java:43)
	at java.lang.reflect.Method.invoke(Method.java:498)
	at org.junit.runners.model.FrameworkMethod$1.runReflectiveCall(FrameworkMethod.java:50)
	at org.junit.internal.runners.model.ReflectiveCallable.run(ReflectiveCallable.java:12)
	at org.junit.runners.model.FrameworkMethod.invokeExplosively(FrameworkMethod.java:47)
	at org.junit.internal.runners.statements.InvokeMethod.evaluate(InvokeMethod.java:17)
	at org.junit.internal.runners.statements.FailOnTimeout$CallableStatement.call(FailOnTimeout.java:298)
	at org.junit.internal.runners.statements.FailOnTimeout$CallableStatement.call(FailOnTimeout.java:292)
	at java.util.concurrent.FutureTask.run(FutureTask.java:266)
	at java.lang.Thread.run(Thread.java:748)
11) test092(org.apache.commons.jxpath.ri.model.dom.DOMNodePointer_ESTest)
org.apache.commons.jxpath.JXPathException: Cannot create an attribute for path /processing-instruction('#NMNiK')[1]/@null, operation is not allowed for this type of node
	at org.apache.commons.jxpath.ri.model.NodePointer.createAttribute(NodePointer.java:431)
	at org.apache.commons.jxpath.ri.model.dom.DOMNodePointer.createAttribute(DOMNodePointer.java:410)
	at org.apache.commons.jxpath.ri.model.dom.DOMNodePointer_ESTest.test092(DOMNodePointer_ESTest.java:1391)
	at sun.reflect.NativeMethodAccessorImpl.invoke0(Native Method)
	at sun.reflect.NativeMethodAccessorImpl.invoke(NativeMethodAccessorImpl.java:62)
	at sun.reflect.DelegatingMethodAccessorImpl.invoke(DelegatingMethodAccessorImpl.java:43)
	at java.lang.reflect.Method.invoke(Method.java:498)
	at org.junit.runners.model.FrameworkMethod$1.runReflectiveCall(FrameworkMethod.java:50)
	at org.junit.internal.runners.model.ReflectiveCallable.run(ReflectiveCallable.java:12)
	at org.junit.runners.model.FrameworkMethod.invokeExplosively(FrameworkMethod.java:47)
	at org.junit.internal.runners.statements.InvokeMethod.evaluate(InvokeMethod.java:17)
	at org.junit.internal.runners.statements.FailOnTimeout$CallableStatement.call(FailOnTimeout.java:298)
	at org.junit.internal.runners.statements.FailOnTimeout$CallableStatement.call(FailOnTimeout.java:292)
	at java.util.concurrent.FutureTask.run(FutureTask.java:266)
	at java.lang.Thread.run(Thread.java:748)
12) test090(org.apache.commons.jxpath.ri.model.dom.DOMNodePointer_ESTest)
java.lang.NullPointerException
	at org.apache.xerces.dom.ElementImpl.synchronizeData(Unknown Source)
	at org.apache.xerces.dom.ElementImpl.getNodeName(Unknown Source)
	at org.apache.commons.jxpath.ri.model.dom.DOMNodePointer.getLocalName(DOMNodePointer.java:602)
	at org.apache.commons.jxpath.ri.model.dom.DOMNodePointer.asPath(DOMNodePointer.java:459)
	at org.apache.commons.jxpath.ri.model.dom.DOMNodePointer_ESTest.test090(DOMNodePointer_ESTest.java:1362)
	at sun.reflect.NativeMethodAccessorImpl.invoke0(Native Method)
	at sun.reflect.NativeMethodAccessorImpl.invoke(NativeMethodAccessorImpl.java:62)
	at sun.reflect.DelegatingMethodAccessorImpl.invoke(DelegatingMethodAccessorImpl.java:43)
	at java.lang.reflect.Method.invoke(Method.java:498)
	at org.junit.runners.model.FrameworkMethod$1.runReflectiveCall(FrameworkMethod.java:50)
	at org.junit.internal.runners.model.ReflectiveCallable.run(ReflectiveCallable.java:12)
	at org.junit.runners.model.FrameworkMethod.invokeExplosively(FrameworkMethod.java:47)
	at org.junit.internal.runners.statements.InvokeMethod.evaluate(InvokeMethod.java:17)
	at org.junit.internal.runners.statements.FailOnTimeout$CallableStatement.call(FailOnTimeout.java:298)
	at org.junit.internal.runners.statements.FailOnTimeout$CallableStatement.call(FailOnTimeout.java:292)
	at java.util.concurrent.FutureTask.run(FutureTask.java:266)
	at java.lang.Thread.run(Thread.java:748)
13) test099(org.apache.commons.jxpath.ri.model.dom.DOMNodePointer_ESTest)
org.apache.commons.jxpath.JXPathException: Unknown namespace prefix: http://www.w3.org/XML/1998/namespace
	at org.apache.commons.jxpath.ri.model.dom.DOMNodePointer.createAttribute(DOMNodePointer.java:417)
	at org.apache.commons.jxpath.ri.model.dom.DOMNodePointer_ESTest.test099(DOMNodePointer_ESTest.java:1481)
	at sun.reflect.NativeMethodAccessorImpl.invoke0(Native Method)
	at sun.reflect.NativeMethodAccessorImpl.invoke(NativeMethodAccessorImpl.java:62)
	at sun.reflect.DelegatingMethodAccessorImpl.invoke(DelegatingMethodAccessorImpl.java:43)
	at java.lang.reflect.Method.invoke(Method.java:498)
	at org.junit.runners.model.FrameworkMethod$1.runReflectiveCall(FrameworkMethod.java:50)
	at org.junit.internal.runners.model.ReflectiveCallable.run(ReflectiveCallable.java:12)
	at org.junit.runners.model.FrameworkMethod.invokeExplosively(FrameworkMethod.java:47)
	at org.junit.internal.runners.statements.InvokeMethod.evaluate(InvokeMethod.java:17)
	at org.junit.internal.runners.statements.FailOnTimeout$CallableStatement.call(FailOnTimeout.java:298)
	at org.junit.internal.runners.statements.FailOnTimeout$CallableStatement.call(FailOnTimeout.java:292)
	at java.util.concurrent.FutureTask.run(FutureTask.java:266)
	at java.lang.Thread.run(Thread.java:748)
14) test097(org.apache.commons.jxpath.ri.model.dom.DOMNodePointer_ESTest)
org.apache.commons.jxpath.JXPathException: Cannot remove root DOM node
	at org.apache.commons.jxpath.ri.model.dom.DOMNodePointer.remove(DOMNodePointer.java:435)
	at org.apache.commons.jxpath.ri.model.dom.DOMNodePointer_ESTest.test097(DOMNodePointer_ESTest.java:1449)
	at sun.reflect.NativeMethodAccessorImpl.invoke0(Native Method)
	at sun.reflect.NativeMethodAccessorImpl.invoke(NativeMethodAccessorImpl.java:62)
	at sun.reflect.DelegatingMethodAccessorImpl.invoke(DelegatingMethodAccessorImpl.java:43)
	at java.lang.reflect.Method.invoke(Method.java:498)
	at org.junit.runners.model.FrameworkMethod$1.runReflectiveCall(FrameworkMethod.java:50)
	at org.junit.internal.runners.model.ReflectiveCallable.run(ReflectiveCallable.java:12)
	at org.junit.runners.model.FrameworkMethod.invokeExplosively(FrameworkMethod.java:47)
	at org.junit.internal.runners.statements.InvokeMethod.evaluate(InvokeMethod.java:17)
	at org.junit.internal.runners.statements.FailOnTimeout$CallableStatement.call(FailOnTimeout.java:298)
	at org.junit.internal.runners.statements.FailOnTimeout$CallableStatement.call(FailOnTimeout.java:292)
	at java.util.concurrent.FutureTask.run(FutureTask.java:266)
	at java.lang.Thread.run(Thread.java:748)
15) test004(org.apache.commons.jxpath.ri.model.dom.DOMNodePointer_ESTest)
org.w3c.dom.DOMException: WRONG_DOCUMENT_ERR: A node is used in a different document than the one that created it.
	at org.apache.xerces.dom.ParentNode.internalInsertBefore(Unknown Source)
	at org.apache.xerces.dom.ParentNode.insertBefore(Unknown Source)
	at org.apache.xerces.dom.NodeImpl.appendChild(Unknown Source)
	at org.apache.commons.jxpath.ri.model.dom.DOMNodePointer.setValue(DOMNodePointer.java:350)
	at org.apache.commons.jxpath.ri.model.dom.DOMNodePointer_ESTest.test004(DOMNodePointer_ESTest.java:168)
	at sun.reflect.NativeMethodAccessorImpl.invoke0(Native Method)
	at sun.reflect.NativeMethodAccessorImpl.invoke(NativeMethodAccessorImpl.java:62)
	at sun.reflect.DelegatingMethodAccessorImpl.invoke(DelegatingMethodAccessorImpl.java:43)
	at java.lang.reflect.Method.invoke(Method.java:498)
	at org.junit.runners.model.FrameworkMethod$1.runReflectiveCall(FrameworkMethod.java:50)
	at org.junit.internal.runners.model.ReflectiveCallable.run(ReflectiveCallable.java:12)
	at org.junit.runners.model.FrameworkMethod.invokeExplosively(FrameworkMethod.java:47)
	at org.junit.internal.runners.statements.InvokeMethod.evaluate(InvokeMethod.java:17)
	at org.junit.internal.runners.statements.FailOnTimeout$CallableStatement.call(FailOnTimeout.java:298)
	at org.junit.internal.runners.statements.FailOnTimeout$CallableStatement.call(FailOnTimeout.java:292)
	at java.util.concurrent.FutureTask.run(FutureTask.java:266)
	at java.lang.Thread.run(Thread.java:748)
16) test003(org.apache.commons.jxpath.ri.model.dom.DOMNodePointer_ESTest)
org.apache.commons.jxpath.JXPathException: Factory is not set on the JXPathContext - cannot create path: /IL|}[1]/&QUOT;[1]
	at org.apache.commons.jxpath.ri.model.dom.DOMNodePointer.getAbstractFactory(DOMNodePointer.java:680)
	at org.apache.commons.jxpath.ri.model.dom.DOMNodePointer.createChild(DOMNodePointer.java:376)
	at org.apache.commons.jxpath.ri.model.dom.DOMNodePointer_ESTest.test003(DOMNodePointer_ESTest.java:145)
	at sun.reflect.NativeMethodAccessorImpl.invoke0(Native Method)
	at sun.reflect.NativeMethodAccessorImpl.invoke(NativeMethodAccessorImpl.java:62)
	at sun.reflect.DelegatingMethodAccessorImpl.invoke(DelegatingMethodAccessorImpl.java:43)
	at java.lang.reflect.Method.invoke(Method.java:498)
	at org.junit.runners.model.FrameworkMethod$1.runReflectiveCall(FrameworkMethod.java:50)
	at org.junit.internal.runners.model.ReflectiveCallable.run(ReflectiveCallable.java:12)
	at org.junit.runners.model.FrameworkMethod.invokeExplosively(FrameworkMethod.java:47)
	at org.junit.internal.runners.statements.InvokeMethod.evaluate(InvokeMethod.java:17)
	at org.junit.internal.runners.statements.FailOnTimeout$CallableStatement.call(FailOnTimeout.java:298)
	at org.junit.internal.runners.statements.FailOnTimeout$CallableStatement.call(FailOnTimeout.java:292)
	at java.util.concurrent.FutureTask.run(FutureTask.java:266)
	at java.lang.Thread.run(Thread.java:748)
17) test023(org.apache.commons.jxpath.ri.model.dom.DOMNodePointer_ESTest)
org.w3c.dom.DOMException: NO_MODIFICATION_ALLOWED_ERR: An attempt is made to modify an object where modifications are not allowed.
	at org.apache.xerces.dom.ParentNode.internalInsertBefore(Unknown Source)
	at org.apache.xerces.dom.ParentNode.insertBefore(Unknown Source)
	at org.apache.xerces.dom.CoreDocumentImpl.insertBefore(Unknown Source)
	at org.apache.xerces.dom.NodeImpl.appendChild(Unknown Source)
	at org.apache.html.dom.HTMLDocumentImpl.getDocumentElement(Unknown Source)
	at org.apache.commons.jxpath.ri.model.dom.DOMNamespaceIterator.collectNamespaces(DOMNamespaceIterator.java:52)
	at org.apache.commons.jxpath.ri.model.dom.DOMNamespaceIterator.<init>(DOMNamespaceIterator.java:43)
	at org.apache.commons.jxpath.ri.model.dom.DOMNodePointer.namespaceIterator(DOMNodePointer.java:183)
	at org.apache.commons.jxpath.ri.model.dom.DOMNodePointer_ESTest.test023(DOMNodePointer_ESTest.java:394)
	at sun.reflect.NativeMethodAccessorImpl.invoke0(Native Method)
	at sun.reflect.NativeMethodAccessorImpl.invoke(NativeMethodAccessorImpl.java:62)
	at sun.reflect.DelegatingMethodAccessorImpl.invoke(DelegatingMethodAccessorImpl.java:43)
	at java.lang.reflect.Method.invoke(Method.java:498)
	at org.junit.runners.model.FrameworkMethod$1.runReflectiveCall(FrameworkMethod.java:50)
	at org.junit.internal.runners.model.ReflectiveCallable.run(ReflectiveCallable.java:12)
	at org.junit.runners.model.FrameworkMethod.invokeExplosively(FrameworkMethod.java:47)
	at org.junit.internal.runners.statements.InvokeMethod.evaluate(InvokeMethod.java:17)
	at org.junit.internal.runners.statements.FailOnTimeout$CallableStatement.call(FailOnTimeout.java:298)
	at org.junit.internal.runners.statements.FailOnTimeout$CallableStatement.call(FailOnTimeout.java:292)
	at java.util.concurrent.FutureTask.run(FutureTask.java:266)
	at java.lang.Thread.run(Thread.java:748)
18) test022(org.apache.commons.jxpath.ri.model.dom.DOMNodePointer_ESTest)
java.lang.NullPointerException
	at org.apache.commons.jxpath.ri.model.dom.DOMNodePointer.remove(DOMNodePointer.java:433)
	at org.apache.commons.jxpath.ri.model.dom.DOMNodePointer_ESTest.test022(DOMNodePointer_ESTest.java:375)
	at sun.reflect.NativeMethodAccessorImpl.invoke0(Native Method)
	at sun.reflect.NativeMethodAccessorImpl.invoke(NativeMethodAccessorImpl.java:62)
	at sun.reflect.DelegatingMethodAccessorImpl.invoke(DelegatingMethodAccessorImpl.java:43)
	at java.lang.reflect.Method.invoke(Method.java:498)
	at org.junit.runners.model.FrameworkMethod$1.runReflectiveCall(FrameworkMethod.java:50)
	at org.junit.internal.runners.model.ReflectiveCallable.run(ReflectiveCallable.java:12)
	at org.junit.runners.model.FrameworkMethod.invokeExplosively(FrameworkMethod.java:47)
	at org.junit.internal.runners.statements.InvokeMethod.evaluate(InvokeMethod.java:17)
	at org.junit.internal.runners.statements.FailOnTimeout$CallableStatement.call(FailOnTimeout.java:298)
	at org.junit.internal.runners.statements.FailOnTimeout$CallableStatement.call(FailOnTimeout.java:292)
	at java.util.concurrent.FutureTask.run(FutureTask.java:266)
	at java.lang.Thread.run(Thread.java:748)
19) test021(org.apache.commons.jxpath.ri.model.dom.DOMNodePointer_ESTest)
java.lang.ArrayIndexOutOfBoundsException: 21
	at org.apache.xerces.dom.CoreDocumentImpl.isKidOK(Unknown Source)
	at org.apache.xerces.dom.ParentNode.internalInsertBefore(Unknown Source)
	at org.apache.xerces.dom.ParentNode.insertBefore(Unknown Source)
	at org.apache.xerces.dom.NodeImpl.appendChild(Unknown Source)
	at org.apache.commons.jxpath.ri.model.dom.DOMNodePointer.setValue(DOMNodePointer.java:362)
	at org.apache.commons.jxpath.ri.model.dom.DOMNodePointer_ESTest.test021(DOMNodePointer_ESTest.java:357)
	at sun.reflect.NativeMethodAccessorImpl.invoke0(Native Method)
	at sun.reflect.NativeMethodAccessorImpl.invoke(NativeMethodAccessorImpl.java:62)
	at sun.reflect.DelegatingMethodAccessorImpl.invoke(DelegatingMethodAccessorImpl.java:43)
	at java.lang.reflect.Method.invoke(Method.java:498)
	at org.junit.runners.model.FrameworkMethod$1.runReflectiveCall(FrameworkMethod.java:50)
	at org.junit.internal.runners.model.ReflectiveCallable.run(ReflectiveCallable.java:12)
	at org.junit.runners.model.FrameworkMethod.invokeExplosively(FrameworkMethod.java:47)
	at org.junit.internal.runners.statements.InvokeMethod.evaluate(InvokeMethod.java:17)
	at org.junit.internal.runners.statements.FailOnTimeout$CallableStatement.call(FailOnTimeout.java:298)
	at org.junit.internal.runners.statements.FailOnTimeout$CallableStatement.call(FailOnTimeout.java:292)
	at java.util.concurrent.FutureTask.run(FutureTask.java:266)
	at java.lang.Thread.run(Thread.java:748)
20) test020(org.apache.commons.jxpath.ri.model.dom.DOMNodePointer_ESTest)
java.lang.NullPointerException
	at org.apache.commons.jxpath.ri.model.dom.DOMNodePointer.testNode(DOMNodePointer.java:130)
	at org.apache.commons.jxpath.ri.model.dom.DOMNodePointer.testNode(DOMNodePointer.java:84)
	at org.apache.commons.jxpath.ri.model.dom.DOMNodePointer_ESTest.test020(DOMNodePointer_ESTest.java:338)
	at sun.reflect.NativeMethodAccessorImpl.invoke0(Native Method)
	at sun.reflect.NativeMethodAccessorImpl.invoke(NativeMethodAccessorImpl.java:62)
	at sun.reflect.DelegatingMethodAccessorImpl.invoke(DelegatingMethodAccessorImpl.java:43)
	at java.lang.reflect.Method.invoke(Method.java:498)
	at org.junit.runners.model.FrameworkMethod$1.runReflectiveCall(FrameworkMethod.java:50)
	at org.junit.internal.runners.model.ReflectiveCallable.run(ReflectiveCallable.java:12)
	at org.junit.runners.model.FrameworkMethod.invokeExplosively(FrameworkMethod.java:47)
	at org.junit.internal.runners.statements.InvokeMethod.evaluate(InvokeMethod.java:17)
	at org.junit.internal.runners.statements.FailOnTimeout$CallableStatement.call(FailOnTimeout.java:298)
	at org.junit.internal.runners.statements.FailOnTimeout$CallableStatement.call(FailOnTimeout.java:292)
	at java.util.concurrent.FutureTask.run(FutureTask.java:266)
	at java.lang.Thread.run(Thread.java:748)
21) test140(org.apache.commons.jxpath.ri.model.dom.DOMNodePointer_ESTest)
java.lang.NullPointerException
	at org.apache.commons.jxpath.ri.model.dom.DOMAttributeIterator.getAttribute(DOMAttributeIterator.java:111)
	at org.apache.commons.jxpath.ri.model.dom.DOMAttributeIterator.<init>(DOMAttributeIterator.java:50)
	at org.apache.commons.jxpath.ri.model.dom.DOMNodePointer.attributeIterator(DOMNodePointer.java:175)
	at org.apache.commons.jxpath.ri.model.dom.DOMNodePointer.createAttribute(DOMNodePointer.java:427)
	at org.apache.commons.jxpath.ri.model.dom.DOMNodePointer_ESTest.test140(DOMNodePointer_ESTest.java:1993)
	at sun.reflect.NativeMethodAccessorImpl.invoke0(Native Method)
	at sun.reflect.NativeMethodAccessorImpl.invoke(NativeMethodAccessorImpl.java:62)
	at sun.reflect.DelegatingMethodAccessorImpl.invoke(DelegatingMethodAccessorImpl.java:43)
	at java.lang.reflect.Method.invoke(Method.java:498)
	at org.junit.runners.model.FrameworkMethod$1.runReflectiveCall(FrameworkMethod.java:50)
	at org.junit.internal.runners.model.ReflectiveCallable.run(ReflectiveCallable.java:12)
	at org.junit.runners.model.FrameworkMethod.invokeExplosively(FrameworkMethod.java:47)
	at org.junit.internal.runners.statements.InvokeMethod.evaluate(InvokeMethod.java:17)
	at org.junit.internal.runners.statements.FailOnTimeout$CallableStatement.call(FailOnTimeout.java:298)
	at org.junit.internal.runners.statements.FailOnTimeout$CallableStatement.call(FailOnTimeout.java:292)
	at java.util.concurrent.FutureTask.run(FutureTask.java:266)
	at java.lang.Thread.run(Thread.java:748)
22) test019(org.apache.commons.jxpath.ri.model.dom.DOMNodePointer_ESTest)
java.lang.NullPointerException
	at org.apache.commons.jxpath.ri.model.dom.DOMNodePointer.testNode(DOMNodePointer.java:130)
	at org.apache.commons.jxpath.ri.model.dom.DOMNodePointer_ESTest.test019(DOMNodePointer_ESTest.java:320)
	at sun.reflect.NativeMethodAccessorImpl.invoke0(Native Method)
	at sun.reflect.NativeMethodAccessorImpl.invoke(NativeMethodAccessorImpl.java:62)
	at sun.reflect.DelegatingMethodAccessorImpl.invoke(DelegatingMethodAccessorImpl.java:43)
	at java.lang.reflect.Method.invoke(Method.java:498)
	at org.junit.runners.model.FrameworkMethod$1.runReflectiveCall(FrameworkMethod.java:50)
	at org.junit.internal.runners.model.ReflectiveCallable.run(ReflectiveCallable.java:12)
	at org.junit.runners.model.FrameworkMethod.invokeExplosively(FrameworkMethod.java:47)
	at org.junit.internal.runners.statements.InvokeMethod.evaluate(InvokeMethod.java:17)
	at org.junit.internal.runners.statements.FailOnTimeout$CallableStatement.call(FailOnTimeout.java:298)
	at org.junit.internal.runners.statements.FailOnTimeout$CallableStatement.call(FailOnTimeout.java:292)
	at java.util.concurrent.FutureTask.run(FutureTask.java:266)
	at java.lang.Thread.run(Thread.java:748)
23) test139(org.apache.commons.jxpath.ri.model.dom.DOMNodePointer_ESTest)
java.lang.NullPointerException
	at org.apache.commons.jxpath.ri.model.VariablePointer.getBaseValue(VariablePointer.java:68)
	at org.apache.commons.jxpath.ri.model.VariablePointer.getImmediateNode(VariablePointer.java:82)
	at org.apache.commons.jxpath.ri.model.VariablePointer.getImmediateValuePointer(VariablePointer.java:114)
	at org.apache.commons.jxpath.ri.model.NodePointer.getValuePointer(NodePointer.java:241)
	at org.apache.commons.jxpath.ri.model.NodePointer.getNode(NodePointer.java:300)
	at org.apache.commons.jxpath.ri.model.dom.DOMNodeIterator.<init>(DOMNodeIterator.java:47)
	at org.apache.commons.jxpath.ri.model.dom.DOMNodePointer.childIterator(DOMNodePointer.java:171)
	at org.apache.commons.jxpath.ri.model.dom.DOMNodePointer_ESTest.test139(DOMNodePointer_ESTest.java:1971)
	at sun.reflect.NativeMethodAccessorImpl.invoke0(Native Method)
	at sun.reflect.NativeMethodAccessorImpl.invoke(NativeMethodAccessorImpl.java:62)
	at sun.reflect.DelegatingMethodAccessorImpl.invoke(DelegatingMethodAccessorImpl.java:43)
	at java.lang.reflect.Method.invoke(Method.java:498)
	at org.junit.runners.model.FrameworkMethod$1.runReflectiveCall(FrameworkMethod.java:50)
	at org.junit.internal.runners.model.ReflectiveCallable.run(ReflectiveCallable.java:12)
	at org.junit.runners.model.FrameworkMethod.invokeExplosively(FrameworkMethod.java:47)
	at org.junit.internal.runners.statements.InvokeMethod.evaluate(InvokeMethod.java:17)
	at org.junit.internal.runners.statements.FailOnTimeout$CallableStatement.call(FailOnTimeout.java:298)
	at org.junit.internal.runners.statements.FailOnTimeout$CallableStatement.call(FailOnTimeout.java:292)
	at java.util.concurrent.FutureTask.run(FutureTask.java:266)
	at java.lang.Thread.run(Thread.java:748)
24) test034(org.apache.commons.jxpath.ri.model.dom.DOMNodePointer_ESTest)
java.lang.NullPointerException
	at org.apache.commons.jxpath.ri.model.dom.DOMNodePointer.getNamespaceURI(DOMNodePointer.java:614)
	at org.apache.commons.jxpath.ri.model.dom.DOMNodePointer.getNamespaceURI(DOMNodePointer.java:163)
	at org.apache.commons.jxpath.ri.model.dom.DOMNodePointer_ESTest.test034(DOMNodePointer_ESTest.java:592)
	at sun.reflect.NativeMethodAccessorImpl.invoke0(Native Method)
	at sun.reflect.NativeMethodAccessorImpl.invoke(NativeMethodAccessorImpl.java:62)
	at sun.reflect.DelegatingMethodAccessorImpl.invoke(DelegatingMethodAccessorImpl.java:43)
	at java.lang.reflect.Method.invoke(Method.java:498)
	at org.junit.runners.model.FrameworkMethod$1.runReflectiveCall(FrameworkMethod.java:50)
	at org.junit.internal.runners.model.ReflectiveCallable.run(ReflectiveCallable.java:12)
	at org.junit.runners.model.FrameworkMethod.invokeExplosively(FrameworkMethod.java:47)
	at org.junit.internal.runners.statements.InvokeMethod.evaluate(InvokeMethod.java:17)
	at org.junit.internal.runners.statements.FailOnTimeout$CallableStatement.call(FailOnTimeout.java:298)
	at org.junit.internal.runners.statements.FailOnTimeout$CallableStatement.call(FailOnTimeout.java:292)
	at java.util.concurrent.FutureTask.run(FutureTask.java:266)
	at java.lang.Thread.run(Thread.java:748)
25) test033(org.apache.commons.jxpath.ri.model.dom.DOMNodePointer_ESTest)
org.w3c.dom.DOMException: NO_MODIFICATION_ALLOWED_ERR: An attempt is made to modify an object where modifications are not allowed.
	at org.apache.xerces.dom.ParentNode.internalInsertBefore(Unknown Source)
	at org.apache.xerces.dom.ParentNode.insertBefore(Unknown Source)
	at org.apache.xerces.dom.CoreDocumentImpl.insertBefore(Unknown Source)
	at org.apache.xerces.dom.NodeImpl.appendChild(Unknown Source)
	at org.apache.html.dom.HTMLDocumentImpl.getDocumentElement(Unknown Source)
	at org.apache.commons.jxpath.ri.model.dom.DOMNodePointer.getNamespaceURI(DOMNodePointer.java:609)
	at org.apache.commons.jxpath.ri.model.dom.DOMNodePointer.getNamespaceURI(DOMNodePointer.java:163)
	at org.apache.commons.jxpath.ri.model.dom.DOMNodePointer_ESTest.test033(DOMNodePointer_ESTest.java:576)
	at sun.reflect.NativeMethodAccessorImpl.invoke0(Native Method)
	at sun.reflect.NativeMethodAccessorImpl.invoke(NativeMethodAccessorImpl.java:62)
	at sun.reflect.DelegatingMethodAccessorImpl.invoke(DelegatingMethodAccessorImpl.java:43)
	at java.lang.reflect.Method.invoke(Method.java:498)
	at org.junit.runners.model.FrameworkMethod$1.runReflectiveCall(FrameworkMethod.java:50)
	at org.junit.internal.runners.model.ReflectiveCallable.run(ReflectiveCallable.java:12)
	at org.junit.runners.model.FrameworkMethod.invokeExplosively(FrameworkMethod.java:47)
	at org.junit.internal.runners.statements.InvokeMethod.evaluate(InvokeMethod.java:17)
	at org.junit.internal.runners.statements.FailOnTimeout$CallableStatement.call(FailOnTimeout.java:298)
	at org.junit.internal.runners.statements.FailOnTimeout$CallableStatement.call(FailOnTimeout.java:292)
	at java.util.concurrent.FutureTask.run(FutureTask.java:266)
	at java.lang.Thread.run(Thread.java:748)
26) test032(org.apache.commons.jxpath.ri.model.dom.DOMNodePointer_ESTest)
java.lang.NullPointerException
	at org.apache.xerces.dom.DeferredDocumentImpl.clearChunkIndex(Unknown Source)
	at org.apache.xerces.dom.DeferredDocumentImpl.getNodeType(Unknown Source)
	at org.apache.xerces.dom.DeferredDocumentImpl.getNodeType(Unknown Source)
	at org.apache.xerces.dom.DeferredDocumentImpl.synchronizeChildren(Unknown Source)
	at org.apache.xerces.dom.CoreDocumentImpl.getDocumentElement(Unknown Source)
	at org.apache.commons.jxpath.ri.model.dom.DOMNodePointer.getNamespaceURI(DOMNodePointer.java:215)
	at org.apache.commons.jxpath.ri.model.dom.DOMNodePointer_ESTest.test032(DOMNodePointer_ESTest.java:558)
	at sun.reflect.NativeMethodAccessorImpl.invoke0(Native Method)
	at sun.reflect.NativeMethodAccessorImpl.invoke(NativeMethodAccessorImpl.java:62)
	at sun.reflect.DelegatingMethodAccessorImpl.invoke(DelegatingMethodAccessorImpl.java:43)
	at java.lang.reflect.Method.invoke(Method.java:498)
	at org.junit.runners.model.FrameworkMethod$1.runReflectiveCall(FrameworkMethod.java:50)
	at org.junit.internal.runners.model.ReflectiveCallable.run(ReflectiveCallable.java:12)
	at org.junit.runners.model.FrameworkMethod.invokeExplosively(FrameworkMethod.java:47)
	at org.junit.internal.runners.statements.InvokeMethod.evaluate(InvokeMethod.java:17)
	at org.junit.internal.runners.statements.FailOnTimeout$CallableStatement.call(FailOnTimeout.java:298)
	at org.junit.internal.runners.statements.FailOnTimeout$CallableStatement.call(FailOnTimeout.java:292)
	at java.util.concurrent.FutureTask.run(FutureTask.java:266)
	at java.lang.Thread.run(Thread.java:748)
27) test031(org.apache.commons.jxpath.ri.model.dom.DOMNodePointer_ESTest)
org.w3c.dom.DOMException: NO_MODIFICATION_ALLOWED_ERR: An attempt is made to modify an object where modifications are not allowed.
	at org.apache.xerces.dom.ParentNode.internalInsertBefore(Unknown Source)
	at org.apache.xerces.dom.ParentNode.insertBefore(Unknown Source)
	at org.apache.xerces.dom.CoreDocumentImpl.insertBefore(Unknown Source)
	at org.apache.xerces.dom.NodeImpl.appendChild(Unknown Source)
	at org.apache.html.dom.HTMLDocumentImpl.getDocumentElement(Unknown Source)
	at org.apache.commons.jxpath.ri.model.dom.DOMNodePointer.getNamespaceURI(DOMNodePointer.java:215)
	at org.apache.commons.jxpath.ri.model.dom.DOMNodePointer_ESTest.test031(DOMNodePointer_ESTest.java:538)
	at sun.reflect.NativeMethodAccessorImpl.invoke0(Native Method)
	at sun.reflect.NativeMethodAccessorImpl.invoke(NativeMethodAccessorImpl.java:62)
	at sun.reflect.DelegatingMethodAccessorImpl.invoke(DelegatingMethodAccessorImpl.java:43)
	at java.lang.reflect.Method.invoke(Method.java:498)
	at org.junit.runners.model.FrameworkMethod$1.runReflectiveCall(FrameworkMethod.java:50)
	at org.junit.internal.runners.model.ReflectiveCallable.run(ReflectiveCallable.java:12)
	at org.junit.runners.model.FrameworkMethod.invokeExplosively(FrameworkMethod.java:47)
	at org.junit.internal.runners.statements.InvokeMethod.evaluate(InvokeMethod.java:17)
	at org.junit.internal.runners.statements.FailOnTimeout$CallableStatement.call(FailOnTimeout.java:298)
	at org.junit.internal.runners.statements.FailOnTimeout$CallableStatement.call(FailOnTimeout.java:292)
	at java.util.concurrent.FutureTask.run(FutureTask.java:266)
	at java.lang.Thread.run(Thread.java:748)
28) test030(org.apache.commons.jxpath.ri.model.dom.DOMNodePointer_ESTest)
java.lang.ClassCastException: org.apache.xerces.dom.NotationImpl cannot be cast to org.w3c.dom.Element
	at org.apache.commons.jxpath.ri.model.dom.DOMNodePointer.getNamespaceURI(DOMNodePointer.java:612)
	at org.apache.commons.jxpath.ri.model.dom.DOMNodePointer_ESTest.test030(DOMNodePointer_ESTest.java:519)
	at sun.reflect.NativeMethodAccessorImpl.invoke0(Native Method)
	at sun.reflect.NativeMethodAccessorImpl.invoke(NativeMethodAccessorImpl.java:62)
	at sun.reflect.DelegatingMethodAccessorImpl.invoke(DelegatingMethodAccessorImpl.java:43)
	at java.lang.reflect.Method.invoke(Method.java:498)
	at org.junit.runners.model.FrameworkMethod$1.runReflectiveCall(FrameworkMethod.java:50)
	at org.junit.internal.runners.model.ReflectiveCallable.run(ReflectiveCallable.java:12)
	at org.junit.runners.model.FrameworkMethod.invokeExplosively(FrameworkMethod.java:47)
	at org.junit.internal.runners.statements.InvokeMethod.evaluate(InvokeMethod.java:17)
	at org.junit.internal.runners.statements.FailOnTimeout$CallableStatement.call(FailOnTimeout.java:298)
	at org.junit.internal.runners.statements.FailOnTimeout$CallableStatement.call(FailOnTimeout.java:292)
	at java.util.concurrent.FutureTask.run(FutureTask.java:266)
	at java.lang.Thread.run(Thread.java:748)
29) test029(org.apache.commons.jxpath.ri.model.dom.DOMNodePointer_ESTest)
java.lang.NullPointerException
	at org.apache.commons.jxpath.ri.model.dom.DOMNodePointer.getPointerByID(DOMNodePointer.java:672)
	at org.apache.commons.jxpath.ri.model.dom.DOMNodePointer_ESTest.test029(DOMNodePointer_ESTest.java:502)
	at sun.reflect.NativeMethodAccessorImpl.invoke0(Native Method)
	at sun.reflect.NativeMethodAccessorImpl.invoke(NativeMethodAccessorImpl.java:62)
	at sun.reflect.DelegatingMethodAccessorImpl.invoke(DelegatingMethodAccessorImpl.java:43)
	at java.lang.reflect.Method.invoke(Method.java:498)
	at org.junit.runners.model.FrameworkMethod$1.runReflectiveCall(FrameworkMethod.java:50)
	at org.junit.internal.runners.model.ReflectiveCallable.run(ReflectiveCallable.java:12)
	at org.junit.runners.model.FrameworkMethod.invokeExplosively(FrameworkMethod.java:47)
	at org.junit.internal.runners.statements.InvokeMethod.evaluate(InvokeMethod.java:17)
	at org.junit.internal.runners.statements.FailOnTimeout$CallableStatement.call(FailOnTimeout.java:298)
	at org.junit.internal.runners.statements.FailOnTimeout$CallableStatement.call(FailOnTimeout.java:292)
	at java.util.concurrent.FutureTask.run(FutureTask.java:266)
	at java.lang.Thread.run(Thread.java:748)
30) test028(org.apache.commons.jxpath.ri.model.dom.DOMNodePointer_ESTest)
java.lang.NullPointerException
	at org.apache.commons.jxpath.ri.model.dom.DOMNodePointer.getPrefix(DOMNodePointer.java:586)
	at org.apache.commons.jxpath.ri.model.dom.DOMNodePointer_ESTest.test028(DOMNodePointer_ESTest.java:483)
	at sun.reflect.NativeMethodAccessorImpl.invoke0(Native Method)
	at sun.reflect.NativeMethodAccessorImpl.invoke(NativeMethodAccessorImpl.java:62)
	at sun.reflect.DelegatingMethodAccessorImpl.invoke(DelegatingMethodAccessorImpl.java:43)
	at java.lang.reflect.Method.invoke(Method.java:498)
	at org.junit.runners.model.FrameworkMethod$1.runReflectiveCall(FrameworkMethod.java:50)
	at org.junit.internal.runners.model.ReflectiveCallable.run(ReflectiveCallable.java:12)
	at org.junit.runners.model.FrameworkMethod.invokeExplosively(FrameworkMethod.java:47)
	at org.junit.internal.runners.statements.InvokeMethod.evaluate(InvokeMethod.java:17)
	at org.junit.internal.runners.statements.FailOnTimeout$CallableStatement.call(FailOnTimeout.java:298)
	at org.junit.internal.runners.statements.FailOnTimeout$CallableStatement.call(FailOnTimeout.java:292)
	at java.util.concurrent.FutureTask.run(FutureTask.java:266)
	at java.lang.Thread.run(Thread.java:748)
31) test027(org.apache.commons.jxpath.ri.model.dom.DOMNodePointer_ESTest)
java.lang.NullPointerException
	at org.apache.xerces.dom.DeferredDocumentImpl.clearChunkIndex(Unknown Source)
	at org.apache.xerces.dom.DeferredDocumentImpl.getNodeType(Unknown Source)
	at org.apache.xerces.dom.DeferredDocumentImpl.getNodeType(Unknown Source)
	at org.apache.xerces.dom.DeferredDocumentImpl.synchronizeChildren(Unknown Source)
	at org.apache.xerces.dom.ParentNode.getChildNodes(Unknown Source)
	at org.apache.commons.jxpath.ri.model.dom.DOMNodePointer.stringValue(DOMNodePointer.java:657)
	at org.apache.commons.jxpath.ri.model.dom.DOMNodePointer.getValue(DOMNodePointer.java:640)
	at org.apache.commons.jxpath.ri.model.dom.DOMNodePointer_ESTest.test027(DOMNodePointer_ESTest.java:468)
	at sun.reflect.NativeMethodAccessorImpl.invoke0(Native Method)
	at sun.reflect.NativeMethodAccessorImpl.invoke(NativeMethodAccessorImpl.java:62)
	at sun.reflect.DelegatingMethodAccessorImpl.invoke(DelegatingMethodAccessorImpl.java:43)
	at java.lang.reflect.Method.invoke(Method.java:498)
	at org.junit.runners.model.FrameworkMethod$1.runReflectiveCall(FrameworkMethod.java:50)
	at org.junit.internal.runners.model.ReflectiveCallable.run(ReflectiveCallable.java:12)
	at org.junit.runners.model.FrameworkMethod.invokeExplosively(FrameworkMethod.java:47)
	at org.junit.internal.runners.statements.InvokeMethod.evaluate(InvokeMethod.java:17)
	at org.junit.internal.runners.statements.FailOnTimeout$CallableStatement.call(FailOnTimeout.java:298)
	at org.junit.internal.runners.statements.FailOnTimeout$CallableStatement.call(FailOnTimeout.java:292)
	at java.util.concurrent.FutureTask.run(FutureTask.java:266)
	at java.lang.Thread.run(Thread.java:748)
32) test026(org.apache.commons.jxpath.ri.model.dom.DOMNodePointer_ESTest)
java.lang.NullPointerException
	at org.apache.commons.jxpath.ri.model.NodePointer.isLanguage(NodePointer.java:455)
	at org.apache.commons.jxpath.ri.model.dom.DOMNodePointer.isLanguage(DOMNodePointer.java:296)
	at org.apache.commons.jxpath.ri.model.dom.DOMNodePointer_ESTest.test026(DOMNodePointer_ESTest.java:450)
	at sun.reflect.NativeMethodAccessorImpl.invoke0(Native Method)
	at sun.reflect.NativeMethodAccessorImpl.invoke(NativeMethodAccessorImpl.java:62)
	at sun.reflect.DelegatingMethodAccessorImpl.invoke(DelegatingMethodAccessorImpl.java:43)
	at java.lang.reflect.Method.invoke(Method.java:498)
	at org.junit.runners.model.FrameworkMethod$1.runReflectiveCall(FrameworkMethod.java:50)
	at org.junit.internal.runners.model.ReflectiveCallable.run(ReflectiveCallable.java:12)
	at org.junit.runners.model.FrameworkMethod.invokeExplosively(FrameworkMethod.java:47)
	at org.junit.internal.runners.statements.InvokeMethod.evaluate(InvokeMethod.java:17)
	at org.junit.internal.runners.statements.FailOnTimeout$CallableStatement.call(FailOnTimeout.java:298)
	at org.junit.internal.runners.statements.FailOnTimeout$CallableStatement.call(FailOnTimeout.java:292)
	at java.util.concurrent.FutureTask.run(FutureTask.java:266)
	at java.lang.Thread.run(Thread.java:748)
33) test147(org.apache.commons.jxpath.ri.model.dom.DOMNodePointer_ESTest)
org.apache.commons.jxpath.JXPathException: Factory is not set on the JXPathContext - cannot create path: 
	at org.apache.commons.jxpath.ri.model.dom.DOMNodePointer.getAbstractFactory(DOMNodePointer.java:680)
	at org.apache.commons.jxpath.ri.model.dom.DOMNodePointer.createChild(DOMNodePointer.java:376)
	at org.apache.commons.jxpath.ri.model.dom.DOMNodePointer.createChild(DOMNodePointer.java:403)
	at org.apache.commons.jxpath.ri.model.dom.DOMNodePointer_ESTest.test147(DOMNodePointer_ESTest.java:2076)
	at sun.reflect.NativeMethodAccessorImpl.invoke0(Native Method)
	at sun.reflect.NativeMethodAccessorImpl.invoke(NativeMethodAccessorImpl.java:62)
	at sun.reflect.DelegatingMethodAccessorImpl.invoke(DelegatingMethodAccessorImpl.java:43)
	at java.lang.reflect.Method.invoke(Method.java:498)
	at org.junit.runners.model.FrameworkMethod$1.runReflectiveCall(FrameworkMethod.java:50)
	at org.junit.internal.runners.model.ReflectiveCallable.run(ReflectiveCallable.java:12)
	at org.junit.runners.model.FrameworkMethod.invokeExplosively(FrameworkMethod.java:47)
	at org.junit.internal.runners.statements.InvokeMethod.evaluate(InvokeMethod.java:17)
	at org.junit.internal.runners.statements.FailOnTimeout$CallableStatement.call(FailOnTimeout.java:298)
	at org.junit.internal.runners.statements.FailOnTimeout$CallableStatement.call(FailOnTimeout.java:292)
	at java.util.concurrent.FutureTask.run(FutureTask.java:266)
	at java.lang.Thread.run(Thread.java:748)
34) test025(org.apache.commons.jxpath.ri.model.dom.DOMNodePointer_ESTest)
java.lang.NullPointerException
	at org.apache.commons.jxpath.ri.model.dom.DOMNodePointer.isLeaf(DOMNodePointer.java:286)
	at org.apache.commons.jxpath.ri.model.dom.DOMNodePointer_ESTest.test025(DOMNodePointer_ESTest.java:428)
	at sun.reflect.NativeMethodAccessorImpl.invoke0(Native Method)
	at sun.reflect.NativeMethodAccessorImpl.invoke(NativeMethodAccessorImpl.java:62)
	at sun.reflect.DelegatingMethodAccessorImpl.invoke(DelegatingMethodAccessorImpl.java:43)
	at java.lang.reflect.Method.invoke(Method.java:498)
	at org.junit.runners.model.FrameworkMethod$1.runReflectiveCall(FrameworkMethod.java:50)
	at org.junit.internal.runners.model.ReflectiveCallable.run(ReflectiveCallable.java:12)
	at org.junit.runners.model.FrameworkMethod.invokeExplosively(FrameworkMethod.java:47)
	at org.junit.internal.runners.statements.InvokeMethod.evaluate(InvokeMethod.java:17)
	at org.junit.internal.runners.statements.FailOnTimeout$CallableStatement.call(FailOnTimeout.java:298)
	at org.junit.internal.runners.statements.FailOnTimeout$CallableStatement.call(FailOnTimeout.java:292)
	at java.util.concurrent.FutureTask.run(FutureTask.java:266)
	at java.lang.Thread.run(Thread.java:748)
35) test024(org.apache.commons.jxpath.ri.model.dom.DOMNodePointer_ESTest)
java.lang.NullPointerException
	at org.apache.commons.jxpath.ri.model.dom.DOMNamespaceIterator.collectNamespaces(DOMNamespaceIterator.java:47)
	at org.apache.commons.jxpath.ri.model.dom.DOMNamespaceIterator.<init>(DOMNamespaceIterator.java:43)
	at org.apache.commons.jxpath.ri.model.dom.DOMNodePointer.namespaceIterator(DOMNodePointer.java:183)
	at org.apache.commons.jxpath.ri.model.dom.DOMNodePointer_ESTest.test024(DOMNodePointer_ESTest.java:411)
	at sun.reflect.NativeMethodAccessorImpl.invoke0(Native Method)
	at sun.reflect.NativeMethodAccessorImpl.invoke(NativeMethodAccessorImpl.java:62)
	at sun.reflect.DelegatingMethodAccessorImpl.invoke(DelegatingMethodAccessorImpl.java:43)
	at java.lang.reflect.Method.invoke(Method.java:498)
	at org.junit.runners.model.FrameworkMethod$1.runReflectiveCall(FrameworkMethod.java:50)
	at org.junit.internal.runners.model.ReflectiveCallable.run(ReflectiveCallable.java:12)
	at org.junit.runners.model.FrameworkMethod.invokeExplosively(FrameworkMethod.java:47)
	at org.junit.internal.runners.statements.InvokeMethod.evaluate(InvokeMethod.java:17)
	at org.junit.internal.runners.statements.FailOnTimeout$CallableStatement.call(FailOnTimeout.java:298)
	at org.junit.internal.runners.statements.FailOnTimeout$CallableStatement.call(FailOnTimeout.java:292)
	at java.util.concurrent.FutureTask.run(FutureTask.java:266)
	at java.lang.Thread.run(Thread.java:748)
36) test045(org.apache.commons.jxpath.ri.model.dom.DOMNodePointer_ESTest)
java.lang.NullPointerException
	at org.apache.commons.jxpath.ri.model.VariablePointer.getBaseValue(VariablePointer.java:68)
	at org.apache.commons.jxpath.ri.model.dom.DOMNodePointer.compareChildNodePointers(DOMNodePointer.java:691)
	at org.apache.commons.jxpath.ri.model.dom.DOMNodePointer_ESTest.test045(DOMNodePointer_ESTest.java:803)
	at sun.reflect.NativeMethodAccessorImpl.invoke0(Native Method)
	at sun.reflect.NativeMethodAccessorImpl.invoke(NativeMethodAccessorImpl.java:62)
	at sun.reflect.DelegatingMethodAccessorImpl.invoke(DelegatingMethodAccessorImpl.java:43)
	at java.lang.reflect.Method.invoke(Method.java:498)
	at org.junit.runners.model.FrameworkMethod$1.runReflectiveCall(FrameworkMethod.java:50)
	at org.junit.internal.runners.model.ReflectiveCallable.run(ReflectiveCallable.java:12)
	at org.junit.runners.model.FrameworkMethod.invokeExplosively(FrameworkMethod.java:47)
	at org.junit.internal.runners.statements.InvokeMethod.evaluate(InvokeMethod.java:17)
	at org.junit.internal.runners.statements.FailOnTimeout$CallableStatement.call(FailOnTimeout.java:298)
	at org.junit.internal.runners.statements.FailOnTimeout$CallableStatement.call(FailOnTimeout.java:292)
	at java.util.concurrent.FutureTask.run(FutureTask.java:266)
	at java.lang.Thread.run(Thread.java:748)
37) test044(org.apache.commons.jxpath.ri.model.dom.DOMNodePointer_ESTest)
org.apache.commons.jxpath.JXPathException: Undefined variable: O|`xp6~So(+T!)B(i2:http://www.w3.org/2000/xmlns/
	at org.apache.commons.jxpath.ri.model.VariablePointer.getBaseValue(VariablePointer.java:66)
	at org.apache.commons.jxpath.ri.model.dom.DOMNodePointer.compareChildNodePointers(DOMNodePointer.java:691)
	at org.apache.commons.jxpath.ri.model.dom.DOMNodePointer_ESTest.test044(DOMNodePointer_ESTest.java:782)
	at sun.reflect.NativeMethodAccessorImpl.invoke0(Native Method)
	at sun.reflect.NativeMethodAccessorImpl.invoke(NativeMethodAccessorImpl.java:62)
	at sun.reflect.DelegatingMethodAccessorImpl.invoke(DelegatingMethodAccessorImpl.java:43)
	at java.lang.reflect.Method.invoke(Method.java:498)
	at org.junit.runners.model.FrameworkMethod$1.runReflectiveCall(FrameworkMethod.java:50)
	at org.junit.internal.runners.model.ReflectiveCallable.run(ReflectiveCallable.java:12)
	at org.junit.runners.model.FrameworkMethod.invokeExplosively(FrameworkMethod.java:47)
	at org.junit.internal.runners.statements.InvokeMethod.evaluate(InvokeMethod.java:17)
	at org.junit.internal.runners.statements.FailOnTimeout$CallableStatement.call(FailOnTimeout.java:298)
	at org.junit.internal.runners.statements.FailOnTimeout$CallableStatement.call(FailOnTimeout.java:292)
	at java.util.concurrent.FutureTask.run(FutureTask.java:266)
	at java.lang.Thread.run(Thread.java:748)
38) test043(org.apache.commons.jxpath.ri.model.dom.DOMNodePointer_ESTest)
java.lang.IndexOutOfBoundsException: Index: 0, Size: 0
	at java.util.ArrayList.rangeCheck(ArrayList.java:659)
	at java.util.ArrayList.get(ArrayList.java:435)
	at org.apache.commons.jxpath.ri.model.dom.DOMAttributeIterator.getNodePointer(DOMAttributeIterator.java:146)
	at org.apache.commons.jxpath.ri.model.dom.DOMNodePointer.createAttribute(DOMNodePointer.java:429)
	at org.apache.commons.jxpath.ri.model.dom.DOMNodePointer_ESTest.test043(DOMNodePointer_ESTest.java:760)
	at sun.reflect.NativeMethodAccessorImpl.invoke0(Native Method)
	at sun.reflect.NativeMethodAccessorImpl.invoke(NativeMethodAccessorImpl.java:62)
	at sun.reflect.DelegatingMethodAccessorImpl.invoke(DelegatingMethodAccessorImpl.java:43)
	at java.lang.reflect.Method.invoke(Method.java:498)
	at org.junit.runners.model.FrameworkMethod$1.runReflectiveCall(FrameworkMethod.java:50)
	at org.junit.internal.runners.model.ReflectiveCallable.run(ReflectiveCallable.java:12)
	at org.junit.runners.model.FrameworkMethod.invokeExplosively(FrameworkMethod.java:47)
	at org.junit.internal.runners.statements.InvokeMethod.evaluate(InvokeMethod.java:17)
	at org.junit.internal.runners.statements.FailOnTimeout$CallableStatement.call(FailOnTimeout.java:298)
	at org.junit.internal.runners.statements.FailOnTimeout$CallableStatement.call(FailOnTimeout.java:292)
	at java.util.concurrent.FutureTask.run(FutureTask.java:266)
	at java.lang.Thread.run(Thread.java:748)
39) test042(org.apache.commons.jxpath.ri.model.dom.DOMNodePointer_ESTest)
java.lang.NullPointerException
	at org.apache.commons.jxpath.ri.model.dom.DOMNodePointer.asPath(DOMNodePointer.java:467)
	at org.apache.commons.jxpath.ri.model.dom.DOMNodePointer.getAbstractFactory(DOMNodePointer.java:680)
	at org.apache.commons.jxpath.ri.model.dom.DOMNodePointer.createChild(DOMNodePointer.java:376)
	at org.apache.commons.jxpath.ri.model.dom.DOMNodePointer_ESTest.test042(DOMNodePointer_ESTest.java:736)
	at sun.reflect.NativeMethodAccessorImpl.invoke0(Native Method)
	at sun.reflect.NativeMethodAccessorImpl.invoke(NativeMethodAccessorImpl.java:62)
	at sun.reflect.DelegatingMethodAccessorImpl.invoke(DelegatingMethodAccessorImpl.java:43)
	at java.lang.reflect.Method.invoke(Method.java:498)
	at org.junit.runners.model.FrameworkMethod$1.runReflectiveCall(FrameworkMethod.java:50)
	at org.junit.internal.runners.model.ReflectiveCallable.run(ReflectiveCallable.java:12)
	at org.junit.runners.model.FrameworkMethod.invokeExplosively(FrameworkMethod.java:47)
	at org.junit.internal.runners.statements.InvokeMethod.evaluate(InvokeMethod.java:17)
	at org.junit.internal.runners.statements.FailOnTimeout$CallableStatement.call(FailOnTimeout.java:298)
	at org.junit.internal.runners.statements.FailOnTimeout$CallableStatement.call(FailOnTimeout.java:292)
	at java.util.concurrent.FutureTask.run(FutureTask.java:266)
	at java.lang.Thread.run(Thread.java:748)
40) test041(org.apache.commons.jxpath.ri.model.dom.DOMNodePointer_ESTest)
java.lang.NullPointerException
	at org.apache.commons.jxpath.ri.model.dom.DOMNodePointer.getAbstractFactory(DOMNodePointer.java:678)
	at org.apache.commons.jxpath.ri.model.dom.DOMNodePointer.createChild(DOMNodePointer.java:376)
	at org.apache.commons.jxpath.ri.model.dom.DOMNodePointer.createChild(DOMNodePointer.java:403)
	at org.apache.commons.jxpath.ri.model.dom.DOMNodePointer_ESTest.test041(DOMNodePointer_ESTest.java:712)
	at sun.reflect.NativeMethodAccessorImpl.invoke0(Native Method)
	at sun.reflect.NativeMethodAccessorImpl.invoke(NativeMethodAccessorImpl.java:62)
	at sun.reflect.DelegatingMethodAccessorImpl.invoke(DelegatingMethodAccessorImpl.java:43)
	at java.lang.reflect.Method.invoke(Method.java:498)
	at org.junit.runners.model.FrameworkMethod$1.runReflectiveCall(FrameworkMethod.java:50)
	at org.junit.internal.runners.model.ReflectiveCallable.run(ReflectiveCallable.java:12)
	at org.junit.runners.model.FrameworkMethod.invokeExplosively(FrameworkMethod.java:47)
	at org.junit.internal.runners.statements.InvokeMethod.evaluate(InvokeMethod.java:17)
	at org.junit.internal.runners.statements.FailOnTimeout$CallableStatement.call(FailOnTimeout.java:298)
	at org.junit.internal.runners.statements.FailOnTimeout$CallableStatement.call(FailOnTimeout.java:292)
	at java.util.concurrent.FutureTask.run(FutureTask.java:266)
	at java.lang.Thread.run(Thread.java:748)
41) test040(org.apache.commons.jxpath.ri.model.dom.DOMNodePointer_ESTest)
java.lang.NullPointerException
	at org.apache.html.dom.HTMLElementImpl.getAttribute(Unknown Source)
	at org.apache.commons.jxpath.ri.model.dom.DOMNodePointer.findEnclosingAttribute(DOMNodePointer.java:304)
	at org.apache.commons.jxpath.ri.model.dom.DOMNodePointer_ESTest.test040(DOMNodePointer_ESTest.java:694)
	at sun.reflect.NativeMethodAccessorImpl.invoke0(Native Method)
	at sun.reflect.NativeMethodAccessorImpl.invoke(NativeMethodAccessorImpl.java:62)
	at sun.reflect.DelegatingMethodAccessorImpl.invoke(DelegatingMethodAccessorImpl.java:43)
	at java.lang.reflect.Method.invoke(Method.java:498)
	at org.junit.runners.model.FrameworkMethod$1.runReflectiveCall(FrameworkMethod.java:50)
	at org.junit.internal.runners.model.ReflectiveCallable.run(ReflectiveCallable.java:12)
	at org.junit.runners.model.FrameworkMethod.invokeExplosively(FrameworkMethod.java:47)
	at org.junit.internal.runners.statements.InvokeMethod.evaluate(InvokeMethod.java:17)
	at org.junit.internal.runners.statements.FailOnTimeout$CallableStatement.call(FailOnTimeout.java:298)
	at org.junit.internal.runners.statements.FailOnTimeout$CallableStatement.call(FailOnTimeout.java:292)
	at java.util.concurrent.FutureTask.run(FutureTask.java:266)
	at java.lang.Thread.run(Thread.java:748)
42) test039(org.apache.commons.jxpath.ri.model.dom.DOMNodePointer_ESTest)
java.lang.NullPointerException
	at org.apache.xerces.dom.ElementImpl.synchronizeData(Unknown Source)
	at org.apache.xerces.dom.ElementImpl.getAttributeNode(Unknown Source)
	at org.apache.commons.jxpath.ri.model.dom.DOMNodePointer.getDefaultNamespaceURI(DOMNodePointer.java:249)
	at org.apache.commons.jxpath.ri.model.dom.DOMNodePointer_ESTest.test039(DOMNodePointer_ESTest.java:678)
	at sun.reflect.NativeMethodAccessorImpl.invoke0(Native Method)
	at sun.reflect.NativeMethodAccessorImpl.invoke(NativeMethodAccessorImpl.java:62)
	at sun.reflect.DelegatingMethodAccessorImpl.invoke(DelegatingMethodAccessorImpl.java:43)
	at java.lang.reflect.Method.invoke(Method.java:498)
	at org.junit.runners.model.FrameworkMethod$1.runReflectiveCall(FrameworkMethod.java:50)
	at org.junit.internal.runners.model.ReflectiveCallable.run(ReflectiveCallable.java:12)
	at org.junit.runners.model.FrameworkMethod.invokeExplosively(FrameworkMethod.java:47)
	at org.junit.internal.runners.statements.InvokeMethod.evaluate(InvokeMethod.java:17)
	at org.junit.internal.runners.statements.FailOnTimeout$CallableStatement.call(FailOnTimeout.java:298)
	at org.junit.internal.runners.statements.FailOnTimeout$CallableStatement.call(FailOnTimeout.java:292)
	at java.util.concurrent.FutureTask.run(FutureTask.java:266)
	at java.lang.Thread.run(Thread.java:748)
43) test038(org.apache.commons.jxpath.ri.model.dom.DOMNodePointer_ESTest)
java.lang.NullPointerException
	at org.apache.xerces.dom.ElementImpl.synchronizeData(Unknown Source)
	at org.apache.xerces.dom.ElementImpl.getAttribute(Unknown Source)
	at org.apache.html.dom.HTMLElementImpl.getAttribute(Unknown Source)
	at org.apache.commons.jxpath.ri.model.dom.DOMNodePointer.findEnclosingAttribute(DOMNodePointer.java:304)
	at org.apache.commons.jxpath.ri.model.dom.DOMNodePointer.getLanguage(DOMNodePointer.java:315)
	at org.apache.commons.jxpath.ri.model.dom.DOMNodePointer_ESTest.test038(DOMNodePointer_ESTest.java:661)
	at sun.reflect.NativeMethodAccessorImpl.invoke0(Native Method)
	at sun.reflect.NativeMethodAccessorImpl.invoke(NativeMethodAccessorImpl.java:62)
	at sun.reflect.DelegatingMethodAccessorImpl.invoke(DelegatingMethodAccessorImpl.java:43)
	at java.lang.reflect.Method.invoke(Method.java:498)
	at org.junit.runners.model.FrameworkMethod$1.runReflectiveCall(FrameworkMethod.java:50)
	at org.junit.internal.runners.model.ReflectiveCallable.run(ReflectiveCallable.java:12)
	at org.junit.runners.model.FrameworkMethod.invokeExplosively(FrameworkMethod.java:47)
	at org.junit.internal.runners.statements.InvokeMethod.evaluate(InvokeMethod.java:17)
	at org.junit.internal.runners.statements.FailOnTimeout$CallableStatement.call(FailOnTimeout.java:298)
	at org.junit.internal.runners.statements.FailOnTimeout$CallableStatement.call(FailOnTimeout.java:292)
	at java.util.concurrent.FutureTask.run(FutureTask.java:266)
	at java.lang.Thread.run(Thread.java:748)
44) test037(org.apache.commons.jxpath.ri.model.dom.DOMNodePointer_ESTest)
java.lang.NullPointerException
	at org.apache.commons.jxpath.ri.model.dom.DOMNodePointer.getLocalName(DOMNodePointer.java:597)
	at org.apache.commons.jxpath.ri.model.dom.DOMNodePointer_ESTest.test037(DOMNodePointer_ESTest.java:643)
	at sun.reflect.NativeMethodAccessorImpl.invoke0(Native Method)
	at sun.reflect.NativeMethodAccessorImpl.invoke(NativeMethodAccessorImpl.java:62)
	at sun.reflect.DelegatingMethodAccessorImpl.invoke(DelegatingMethodAccessorImpl.java:43)
	at java.lang.reflect.Method.invoke(Method.java:498)
	at org.junit.runners.model.FrameworkMethod$1.runReflectiveCall(FrameworkMethod.java:50)
	at org.junit.internal.runners.model.ReflectiveCallable.run(ReflectiveCallable.java:12)
	at org.junit.runners.model.FrameworkMethod.invokeExplosively(FrameworkMethod.java:47)
	at org.junit.internal.runners.statements.InvokeMethod.evaluate(InvokeMethod.java:17)
	at org.junit.internal.runners.statements.FailOnTimeout$CallableStatement.call(FailOnTimeout.java:298)
	at org.junit.internal.runners.statements.FailOnTimeout$CallableStatement.call(FailOnTimeout.java:292)
	at java.util.concurrent.FutureTask.run(FutureTask.java:266)
	at java.lang.Thread.run(Thread.java:748)
45) test036(org.apache.commons.jxpath.ri.model.dom.DOMNodePointer_ESTest)
java.lang.NullPointerException
	at org.apache.commons.jxpath.ri.model.dom.DOMNodePointer.getName(DOMNodePointer.java:151)
	at org.apache.commons.jxpath.ri.model.dom.DOMNodePointer_ESTest.test036(DOMNodePointer_ESTest.java:628)
	at sun.reflect.NativeMethodAccessorImpl.invoke0(Native Method)
	at sun.reflect.NativeMethodAccessorImpl.invoke(NativeMethodAccessorImpl.java:62)
	at sun.reflect.DelegatingMethodAccessorImpl.invoke(DelegatingMethodAccessorImpl.java:43)
	at java.lang.reflect.Method.invoke(Method.java:498)
	at org.junit.runners.model.FrameworkMethod$1.runReflectiveCall(FrameworkMethod.java:50)
	at org.junit.internal.runners.model.ReflectiveCallable.run(ReflectiveCallable.java:12)
	at org.junit.runners.model.FrameworkMethod.invokeExplosively(FrameworkMethod.java:47)
	at org.junit.internal.runners.statements.InvokeMethod.evaluate(InvokeMethod.java:17)
	at org.junit.internal.runners.statements.FailOnTimeout$CallableStatement.call(FailOnTimeout.java:298)
	at org.junit.internal.runners.statements.FailOnTimeout$CallableStatement.call(FailOnTimeout.java:292)
	at java.util.concurrent.FutureTask.run(FutureTask.java:266)
	at java.lang.Thread.run(Thread.java:748)
46) test035(org.apache.commons.jxpath.ri.model.dom.DOMNodePointer_ESTest)
java.lang.ClassCastException: org.apache.xerces.dom.TextImpl cannot be cast to org.w3c.dom.Element
	at org.apache.commons.jxpath.ri.model.dom.DOMNodePointer.getNamespaceURI(DOMNodePointer.java:612)
	at org.apache.commons.jxpath.ri.model.dom.DOMNodePointer.getNamespaceURI(DOMNodePointer.java:163)
	at org.apache.commons.jxpath.ri.model.dom.DOMNodePointer_ESTest.test035(DOMNodePointer_ESTest.java:611)
	at sun.reflect.NativeMethodAccessorImpl.invoke0(Native Method)
	at sun.reflect.NativeMethodAccessorImpl.invoke(NativeMethodAccessorImpl.java:62)
	at sun.reflect.DelegatingMethodAccessorImpl.invoke(DelegatingMethodAccessorImpl.java:43)
	at java.lang.reflect.Method.invoke(Method.java:498)
	at org.junit.runners.model.FrameworkMethod$1.runReflectiveCall(FrameworkMethod.java:50)
	at org.junit.internal.runners.model.ReflectiveCallable.run(ReflectiveCallable.java:12)
	at org.junit.runners.model.FrameworkMethod.invokeExplosively(FrameworkMethod.java:47)
	at org.junit.internal.runners.statements.InvokeMethod.evaluate(InvokeMethod.java:17)
	at org.junit.internal.runners.statements.FailOnTimeout$CallableStatement.call(FailOnTimeout.java:298)
	at org.junit.internal.runners.statements.FailOnTimeout$CallableStatement.call(FailOnTimeout.java:292)
	at java.util.concurrent.FutureTask.run(FutureTask.java:266)
	at java.lang.Thread.run(Thread.java:748)
47) test054(org.apache.commons.jxpath.ri.model.dom.DOMNodePointer_ESTest)
java.lang.NullPointerException
	at org.apache.commons.jxpath.ri.model.dom.DOMNodePointer.getNamespaceURI(DOMNodePointer.java:614)
	at org.apache.commons.jxpath.ri.model.dom.DOMNodePointer_ESTest.test054(DOMNodePointer_ESTest.java:965)
	at sun.reflect.NativeMethodAccessorImpl.invoke0(Native Method)
	at sun.reflect.NativeMethodAccessorImpl.invoke(NativeMethodAccessorImpl.java:62)
	at sun.reflect.DelegatingMethodAccessorImpl.invoke(DelegatingMethodAccessorImpl.java:43)
	at java.lang.reflect.Method.invoke(Method.java:498)
	at org.junit.runners.model.FrameworkMethod$1.runReflectiveCall(FrameworkMethod.java:50)
	at org.junit.internal.runners.model.ReflectiveCallable.run(ReflectiveCallable.java:12)
	at org.junit.runners.model.FrameworkMethod.invokeExplosively(FrameworkMethod.java:47)
	at org.junit.internal.runners.statements.InvokeMethod.evaluate(InvokeMethod.java:17)
	at org.junit.internal.runners.statements.FailOnTimeout$CallableStatement.call(FailOnTimeout.java:298)
	at org.junit.internal.runners.statements.FailOnTimeout$CallableStatement.call(FailOnTimeout.java:292)
	at java.util.concurrent.FutureTask.run(FutureTask.java:266)
	at java.lang.Thread.run(Thread.java:748)
48) test051(org.apache.commons.jxpath.ri.model.dom.DOMNodePointer_ESTest)
java.lang.NullPointerException
	at org.apache.commons.jxpath.ri.model.dom.DOMAttributeIterator.getAttribute(DOMAttributeIterator.java:111)
	at org.apache.commons.jxpath.ri.model.dom.DOMAttributeIterator.<init>(DOMAttributeIterator.java:50)
	at org.apache.commons.jxpath.ri.model.dom.DOMNodePointer.attributeIterator(DOMNodePointer.java:175)
	at org.apache.commons.jxpath.ri.model.dom.DOMNodePointer_ESTest.test051(DOMNodePointer_ESTest.java:932)
	at sun.reflect.NativeMethodAccessorImpl.invoke0(Native Method)
	at sun.reflect.NativeMethodAccessorImpl.invoke(NativeMethodAccessorImpl.java:62)
	at sun.reflect.DelegatingMethodAccessorImpl.invoke(DelegatingMethodAccessorImpl.java:43)
	at java.lang.reflect.Method.invoke(Method.java:498)
	at org.junit.runners.model.FrameworkMethod$1.runReflectiveCall(FrameworkMethod.java:50)
	at org.junit.internal.runners.model.ReflectiveCallable.run(ReflectiveCallable.java:12)
	at org.junit.runners.model.FrameworkMethod.invokeExplosively(FrameworkMethod.java:47)
	at org.junit.internal.runners.statements.InvokeMethod.evaluate(InvokeMethod.java:17)
	at org.junit.internal.runners.statements.FailOnTimeout$CallableStatement.call(FailOnTimeout.java:298)
	at org.junit.internal.runners.statements.FailOnTimeout$CallableStatement.call(FailOnTimeout.java:292)
	at java.util.concurrent.FutureTask.run(FutureTask.java:266)
	at java.lang.Thread.run(Thread.java:748)
49) test050(org.apache.commons.jxpath.ri.model.dom.DOMNodePointer_ESTest)
java.lang.ClassCastException: java.util.Collections$EmptySet cannot be cast to org.w3c.dom.Node
	at org.apache.commons.jxpath.ri.model.dom.DOMNodeIterator.<init>(DOMNodeIterator.java:47)
	at org.apache.commons.jxpath.ri.model.dom.DOMNodePointer.childIterator(DOMNodePointer.java:171)
	at org.apache.commons.jxpath.ri.model.dom.DOMNodePointer_ESTest.test050(DOMNodePointer_ESTest.java:913)
	at sun.reflect.NativeMethodAccessorImpl.invoke0(Native Method)
	at sun.reflect.NativeMethodAccessorImpl.invoke(NativeMethodAccessorImpl.java:62)
	at sun.reflect.DelegatingMethodAccessorImpl.invoke(DelegatingMethodAccessorImpl.java:43)
	at java.lang.reflect.Method.invoke(Method.java:498)
	at org.junit.runners.model.FrameworkMethod$1.runReflectiveCall(FrameworkMethod.java:50)
	at org.junit.internal.runners.model.ReflectiveCallable.run(ReflectiveCallable.java:12)
	at org.junit.runners.model.FrameworkMethod.invokeExplosively(FrameworkMethod.java:47)
	at org.junit.internal.runners.statements.InvokeMethod.evaluate(InvokeMethod.java:17)
	at org.junit.internal.runners.statements.FailOnTimeout$CallableStatement.call(FailOnTimeout.java:298)
	at org.junit.internal.runners.statements.FailOnTimeout$CallableStatement.call(FailOnTimeout.java:292)
	at java.util.concurrent.FutureTask.run(FutureTask.java:266)
	at java.lang.Thread.run(Thread.java:748)
50) test049(org.apache.commons.jxpath.ri.model.dom.DOMNodePointer_ESTest)
org.evosuite.runtime.mock.java.lang.MockIllegalArgumentException: No such variable: '<<UNKNOWN NAMESPACE>>'
	at org.apache.commons.jxpath.BasicVariables.getVariable(BasicVariables.java:61)
	at org.apache.commons.jxpath.ri.model.VariablePointer.getBaseValue(VariablePointer.java:68)
	at org.apache.commons.jxpath.ri.model.VariablePointer.getImmediateNode(VariablePointer.java:82)
	at org.apache.commons.jxpath.ri.model.VariablePointer.getImmediateValuePointer(VariablePointer.java:114)
	at org.apache.commons.jxpath.ri.model.NodePointer.getValuePointer(NodePointer.java:241)
	at org.apache.commons.jxpath.ri.model.NodePointer.getNode(NodePointer.java:300)
	at org.apache.commons.jxpath.ri.model.dom.DOMNodeIterator.<init>(DOMNodeIterator.java:47)
	at org.apache.commons.jxpath.ri.model.dom.DOMNodePointer.childIterator(DOMNodePointer.java:171)
	at org.apache.commons.jxpath.ri.model.dom.DOMNodePointer_ESTest.test049(DOMNodePointer_ESTest.java:890)
	at sun.reflect.NativeMethodAccessorImpl.invoke0(Native Method)
	at sun.reflect.NativeMethodAccessorImpl.invoke(NativeMethodAccessorImpl.java:62)
	at sun.reflect.DelegatingMethodAccessorImpl.invoke(DelegatingMethodAccessorImpl.java:43)
	at java.lang.reflect.Method.invoke(Method.java:498)
	at org.junit.runners.model.FrameworkMethod$1.runReflectiveCall(FrameworkMethod.java:50)
	at org.junit.internal.runners.model.ReflectiveCallable.run(ReflectiveCallable.java:12)
	at org.junit.runners.model.FrameworkMethod.invokeExplosively(FrameworkMethod.java:47)
	at org.junit.internal.runners.statements.InvokeMethod.evaluate(InvokeMethod.java:17)
	at org.junit.internal.runners.statements.FailOnTimeout$CallableStatement.call(FailOnTimeout.java:298)
	at org.junit.internal.runners.statements.FailOnTimeout$CallableStatement.call(FailOnTimeout.java:292)
	at java.util.concurrent.FutureTask.run(FutureTask.java:266)
	at java.lang.Thread.run(Thread.java:748)
51) test048(org.apache.commons.jxpath.ri.model.dom.DOMNodePointer_ESTest)
org.apache.commons.jxpath.JXPathException: Undefined variable: ')
	at org.apache.commons.jxpath.ri.model.VariablePointer$1.getImmediateNode(VariablePointer.java:121)
	at org.apache.commons.jxpath.ri.model.NodePointer.getNode(NodePointer.java:300)
	at org.apache.commons.jxpath.ri.model.dom.DOMNodeIterator.<init>(DOMNodeIterator.java:47)
	at org.apache.commons.jxpath.ri.model.dom.DOMNodePointer.childIterator(DOMNodePointer.java:171)
	at org.apache.commons.jxpath.ri.model.dom.DOMNodePointer_ESTest.test048(DOMNodePointer_ESTest.java:867)
	at sun.reflect.NativeMethodAccessorImpl.invoke0(Native Method)
	at sun.reflect.NativeMethodAccessorImpl.invoke(NativeMethodAccessorImpl.java:62)
	at sun.reflect.DelegatingMethodAccessorImpl.invoke(DelegatingMethodAccessorImpl.java:43)
	at java.lang.reflect.Method.invoke(Method.java:498)
	at org.junit.runners.model.FrameworkMethod$1.runReflectiveCall(FrameworkMethod.java:50)
	at org.junit.internal.runners.model.ReflectiveCallable.run(ReflectiveCallable.java:12)
	at org.junit.runners.model.FrameworkMethod.invokeExplosively(FrameworkMethod.java:47)
	at org.junit.internal.runners.statements.InvokeMethod.evaluate(InvokeMethod.java:17)
	at org.junit.internal.runners.statements.FailOnTimeout$CallableStatement.call(FailOnTimeout.java:298)
	at org.junit.internal.runners.statements.FailOnTimeout$CallableStatement.call(FailOnTimeout.java:292)
	at java.util.concurrent.FutureTask.run(FutureTask.java:266)
	at java.lang.Thread.run(Thread.java:748)
52) test047(org.apache.commons.jxpath.ri.model.dom.DOMNodePointer_ESTest)
java.lang.ClassCastException: java.lang.String cannot be cast to org.w3c.dom.Node
	at org.apache.commons.jxpath.ri.model.dom.DOMNodePointer.compareChildNodePointers(DOMNodePointer.java:692)
	at org.apache.commons.jxpath.ri.model.dom.DOMNodePointer_ESTest.test047(DOMNodePointer_ESTest.java:845)
	at sun.reflect.NativeMethodAccessorImpl.invoke0(Native Method)
	at sun.reflect.NativeMethodAccessorImpl.invoke(NativeMethodAccessorImpl.java:62)
	at sun.reflect.DelegatingMethodAccessorImpl.invoke(DelegatingMethodAccessorImpl.java:43)
	at java.lang.reflect.Method.invoke(Method.java:498)
	at org.junit.runners.model.FrameworkMethod$1.runReflectiveCall(FrameworkMethod.java:50)
	at org.junit.internal.runners.model.ReflectiveCallable.run(ReflectiveCallable.java:12)
	at org.junit.runners.model.FrameworkMethod.invokeExplosively(FrameworkMethod.java:47)
	at org.junit.internal.runners.statements.InvokeMethod.evaluate(InvokeMethod.java:17)
	at org.junit.internal.runners.statements.FailOnTimeout$CallableStatement.call(FailOnTimeout.java:298)
	at org.junit.internal.runners.statements.FailOnTimeout$CallableStatement.call(FailOnTimeout.java:292)
	at java.util.concurrent.FutureTask.run(FutureTask.java:266)
	at java.lang.Thread.run(Thread.java:748)
53) test046(org.apache.commons.jxpath.ri.model.dom.DOMNodePointer_ESTest)
org.evosuite.runtime.mock.java.lang.MockIllegalArgumentException: No such variable: 'http://www.w3.org/2000/xmlns/'
	at org.apache.commons.jxpath.BasicVariables.getVariable(BasicVariables.java:61)
	at org.apache.commons.jxpath.ri.model.VariablePointer.getBaseValue(VariablePointer.java:68)
	at org.apache.commons.jxpath.ri.model.dom.DOMNodePointer.compareChildNodePointers(DOMNodePointer.java:691)
	at org.apache.commons.jxpath.ri.model.dom.DOMNodePointer_ESTest.test046(DOMNodePointer_ESTest.java:825)
	at sun.reflect.NativeMethodAccessorImpl.invoke0(Native Method)
	at sun.reflect.NativeMethodAccessorImpl.invoke(NativeMethodAccessorImpl.java:62)
	at sun.reflect.DelegatingMethodAccessorImpl.invoke(DelegatingMethodAccessorImpl.java:43)
	at java.lang.reflect.Method.invoke(Method.java:498)
	at org.junit.runners.model.FrameworkMethod$1.runReflectiveCall(FrameworkMethod.java:50)
	at org.junit.internal.runners.model.ReflectiveCallable.run(ReflectiveCallable.java:12)
	at org.junit.runners.model.FrameworkMethod.invokeExplosively(FrameworkMethod.java:47)
	at org.junit.internal.runners.statements.InvokeMethod.evaluate(InvokeMethod.java:17)
	at org.junit.internal.runners.statements.FailOnTimeout$CallableStatement.call(FailOnTimeout.java:298)
	at org.junit.internal.runners.statements.FailOnTimeout$CallableStatement.call(FailOnTimeout.java:292)
	at java.util.concurrent.FutureTask.run(FutureTask.java:266)
	at java.lang.Thread.run(Thread.java:748)

FAILURES!!!
Tests run: 151,  Failures: 53

