JUnit version 4.12
.E.E.E.E.E.E.E.E.E.E.E.E.E.E.E.E.E.E.E.E.E.E..E.E.E.E..E.E.E.E.E.E.E.E.E.E..E.E.E..E.E..E.E.E.E.E.E.E.E.E.E.E.E.E.E.E..E.E..E..E..E.E.E.E...E.E.E.E.E.E.E.E.E.E.E.E....E.E.E.E..E..E..E.E..E..E.E.E.E.E.E.E.E.E.E.E.E.E.E..E.E.E.E..E.E.E.E.E.E.E.E..E.E.E.E.E.E
Time: 5.222
There were 117 failures:
1) test061(com.google.javascript.jscomp.TypeInference_ESTest)
org.evosuite.runtime.mock.java.lang.MockIllegalArgumentException: WHILE does not exist in graph
	at com.google.javascript.jscomp.graph.Graph.getNodeOrFail(Graph.java:222)
	at com.google.javascript.jscomp.graph.LinkedDirectedGraph.getOutEdges(LinkedDirectedGraph.java:129)
	at com.google.javascript.jscomp.TypeInference.branchedFlowThrough(TypeInference.java:205)
	at com.google.javascript.jscomp.TypeInference_ESTest.test061(TypeInference_ESTest.java:1477)
	at sun.reflect.NativeMethodAccessorImpl.invoke0(Native Method)
	at sun.reflect.NativeMethodAccessorImpl.invoke(NativeMethodAccessorImpl.java:62)
	at sun.reflect.DelegatingMethodAccessorImpl.invoke(DelegatingMethodAccessorImpl.java:43)
	at java.lang.reflect.Method.invoke(Method.java:498)
	at org.junit.runners.model.FrameworkMethod$1.runReflectiveCall(FrameworkMethod.java:50)
	at org.junit.internal.runners.model.ReflectiveCallable.run(ReflectiveCallable.java:12)
	at org.junit.runners.model.FrameworkMethod.invokeExplosively(FrameworkMethod.java:47)
	at org.junit.internal.runners.statements.InvokeMethod.evaluate(InvokeMethod.java:17)
	at org.junit.internal.runners.statements.FailOnTimeout$CallableStatement.call(FailOnTimeout.java:298)
	at org.junit.internal.runners.statements.FailOnTimeout$CallableStatement.call(FailOnTimeout.java:292)
	at java.util.concurrent.FutureTask.run(FutureTask.java:266)
	at java.lang.Thread.run(Thread.java:748)
2) test060(com.google.javascript.jscomp.TypeInference_ESTest)
org.evosuite.runtime.mock.java.lang.MockIllegalArgumentException: DO fR does not exist in graph
	at com.google.javascript.jscomp.graph.Graph.getNodeOrFail(Graph.java:222)
	at com.google.javascript.jscomp.graph.LinkedDirectedGraph.getOutEdges(LinkedDirectedGraph.java:129)
	at com.google.javascript.jscomp.TypeInference.branchedFlowThrough(TypeInference.java:205)
	at com.google.javascript.jscomp.TypeInference_ESTest.test060(TypeInference_ESTest.java:1452)
	at sun.reflect.NativeMethodAccessorImpl.invoke0(Native Method)
	at sun.reflect.NativeMethodAccessorImpl.invoke(NativeMethodAccessorImpl.java:62)
	at sun.reflect.DelegatingMethodAccessorImpl.invoke(DelegatingMethodAccessorImpl.java:43)
	at java.lang.reflect.Method.invoke(Method.java:498)
	at org.junit.runners.model.FrameworkMethod$1.runReflectiveCall(FrameworkMethod.java:50)
	at org.junit.internal.runners.model.ReflectiveCallable.run(ReflectiveCallable.java:12)
	at org.junit.runners.model.FrameworkMethod.invokeExplosively(FrameworkMethod.java:47)
	at org.junit.internal.runners.statements.InvokeMethod.evaluate(InvokeMethod.java:17)
	at org.junit.internal.runners.statements.FailOnTimeout$CallableStatement.call(FailOnTimeout.java:298)
	at org.junit.internal.runners.statements.FailOnTimeout$CallableStatement.call(FailOnTimeout.java:292)
	at java.util.concurrent.FutureTask.run(FutureTask.java:266)
	at java.lang.Thread.run(Thread.java:748)
3) test063(com.google.javascript.jscomp.TypeInference_ESTest)
org.evosuite.runtime.mock.java.lang.MockIllegalArgumentException: CASE does not exist in graph
	at com.google.javascript.jscomp.graph.Graph.getNodeOrFail(Graph.java:222)
	at com.google.javascript.jscomp.graph.LinkedDirectedGraph.getOutEdges(LinkedDirectedGraph.java:129)
	at com.google.javascript.jscomp.TypeInference.branchedFlowThrough(TypeInference.java:205)
	at com.google.javascript.jscomp.TypeInference_ESTest.test063(TypeInference_ESTest.java:1525)
	at sun.reflect.NativeMethodAccessorImpl.invoke0(Native Method)
	at sun.reflect.NativeMethodAccessorImpl.invoke(NativeMethodAccessorImpl.java:62)
	at sun.reflect.DelegatingMethodAccessorImpl.invoke(DelegatingMethodAccessorImpl.java:43)
	at java.lang.reflect.Method.invoke(Method.java:498)
	at org.junit.runners.model.FrameworkMethod$1.runReflectiveCall(FrameworkMethod.java:50)
	at org.junit.internal.runners.model.ReflectiveCallable.run(ReflectiveCallable.java:12)
	at org.junit.runners.model.FrameworkMethod.invokeExplosively(FrameworkMethod.java:47)
	at org.junit.internal.runners.statements.InvokeMethod.evaluate(InvokeMethod.java:17)
	at org.junit.internal.runners.statements.FailOnTimeout$CallableStatement.call(FailOnTimeout.java:298)
	at org.junit.internal.runners.statements.FailOnTimeout$CallableStatement.call(FailOnTimeout.java:292)
	at java.util.concurrent.FutureTask.run(FutureTask.java:266)
	at java.lang.Thread.run(Thread.java:748)
4) test062(com.google.javascript.jscomp.TypeInference_ESTest)
org.evosuite.runtime.mock.java.lang.MockIllegalArgumentException: DEFAULT_CASE does not exist in graph
	at com.google.javascript.jscomp.graph.Graph.getNodeOrFail(Graph.java:222)
	at com.google.javascript.jscomp.graph.LinkedDirectedGraph.getOutEdges(LinkedDirectedGraph.java:129)
	at com.google.javascript.jscomp.TypeInference.branchedFlowThrough(TypeInference.java:205)
	at com.google.javascript.jscomp.TypeInference_ESTest.test062(TypeInference_ESTest.java:1501)
	at sun.reflect.NativeMethodAccessorImpl.invoke0(Native Method)
	at sun.reflect.NativeMethodAccessorImpl.invoke(NativeMethodAccessorImpl.java:62)
	at sun.reflect.DelegatingMethodAccessorImpl.invoke(DelegatingMethodAccessorImpl.java:43)
	at java.lang.reflect.Method.invoke(Method.java:498)
	at org.junit.runners.model.FrameworkMethod$1.runReflectiveCall(FrameworkMethod.java:50)
	at org.junit.internal.runners.model.ReflectiveCallable.run(ReflectiveCallable.java:12)
	at org.junit.runners.model.FrameworkMethod.invokeExplosively(FrameworkMethod.java:47)
	at org.junit.internal.runners.statements.InvokeMethod.evaluate(InvokeMethod.java:17)
	at org.junit.internal.runners.statements.FailOnTimeout$CallableStatement.call(FailOnTimeout.java:298)
	at org.junit.internal.runners.statements.FailOnTimeout$CallableStatement.call(FailOnTimeout.java:292)
	at java.util.concurrent.FutureTask.run(FutureTask.java:266)
	at java.lang.Thread.run(Thread.java:748)
5) test065(com.google.javascript.jscomp.TypeInference_ESTest)
org.evosuite.runtime.mock.java.lang.MockIllegalStateException: 109
	at com.google.javascript.rhino.Token.name(Token.java:287)
	at com.google.javascript.rhino.Node.toString(Node.java:951)
	at com.google.javascript.rhino.Node.toString(Node.java:942)
	at com.google.javascript.rhino.Node.toString(Node.java:934)
	at java.lang.String.valueOf(String.java:2994)
	at java.lang.StringBuilder.append(StringBuilder.java:131)
	at com.google.javascript.jscomp.graph.Graph.getNodeOrFail(Graph.java:222)
	at com.google.javascript.jscomp.graph.LinkedDirectedGraph.getOutEdges(LinkedDirectedGraph.java:129)
	at com.google.javascript.jscomp.TypeInference.branchedFlowThrough(TypeInference.java:205)
	at com.google.javascript.jscomp.TypeInference_ESTest.test065(TypeInference_ESTest.java:1573)
	at sun.reflect.NativeMethodAccessorImpl.invoke0(Native Method)
	at sun.reflect.NativeMethodAccessorImpl.invoke(NativeMethodAccessorImpl.java:62)
	at sun.reflect.DelegatingMethodAccessorImpl.invoke(DelegatingMethodAccessorImpl.java:43)
	at java.lang.reflect.Method.invoke(Method.java:498)
	at org.junit.runners.model.FrameworkMethod$1.runReflectiveCall(FrameworkMethod.java:50)
	at org.junit.internal.runners.model.ReflectiveCallable.run(ReflectiveCallable.java:12)
	at org.junit.runners.model.FrameworkMethod.invokeExplosively(FrameworkMethod.java:47)
	at org.junit.internal.runners.statements.InvokeMethod.evaluate(InvokeMethod.java:17)
	at org.junit.internal.runners.statements.FailOnTimeout$CallableStatement.call(FailOnTimeout.java:298)
	at org.junit.internal.runners.statements.FailOnTimeout$CallableStatement.call(FailOnTimeout.java:292)
	at java.util.concurrent.FutureTask.run(FutureTask.java:266)
	at java.lang.Thread.run(Thread.java:748)
6) test064(com.google.javascript.jscomp.TypeInference_ESTest)
java.lang.NullPointerException
	at com.google.javascript.jscomp.TypeInference.traverse(TypeInference.java:308)
	at com.google.javascript.jscomp.TypeInference.traverse(TypeInference.java:436)
	at com.google.javascript.jscomp.TypeInference.flowThrough(TypeInference.java:188)
	at com.google.javascript.jscomp.TypeInference.branchedFlowThrough(TypeInference.java:200)
	at com.google.javascript.jscomp.TypeInference_ESTest.test064(TypeInference_ESTest.java:1549)
	at sun.reflect.NativeMethodAccessorImpl.invoke0(Native Method)
	at sun.reflect.NativeMethodAccessorImpl.invoke(NativeMethodAccessorImpl.java:62)
	at sun.reflect.DelegatingMethodAccessorImpl.invoke(DelegatingMethodAccessorImpl.java:43)
	at java.lang.reflect.Method.invoke(Method.java:498)
	at org.junit.runners.model.FrameworkMethod$1.runReflectiveCall(FrameworkMethod.java:50)
	at org.junit.internal.runners.model.ReflectiveCallable.run(ReflectiveCallable.java:12)
	at org.junit.runners.model.FrameworkMethod.invokeExplosively(FrameworkMethod.java:47)
	at org.junit.internal.runners.statements.InvokeMethod.evaluate(InvokeMethod.java:17)
	at org.junit.internal.runners.statements.FailOnTimeout$CallableStatement.call(FailOnTimeout.java:298)
	at org.junit.internal.runners.statements.FailOnTimeout$CallableStatement.call(FailOnTimeout.java:292)
	at java.util.concurrent.FutureTask.run(FutureTask.java:266)
	at java.lang.Thread.run(Thread.java:748)
7) test067(com.google.javascript.jscomp.TypeInference_ESTest)
org.evosuite.runtime.mock.java.lang.MockIllegalStateException: 107
	at com.google.javascript.rhino.Token.name(Token.java:287)
	at com.google.javascript.rhino.Node.toString(Node.java:951)
	at com.google.javascript.rhino.Node.toString(Node.java:942)
	at com.google.javascript.rhino.Node.toString(Node.java:934)
	at java.lang.String.valueOf(String.java:2994)
	at java.lang.StringBuilder.append(StringBuilder.java:131)
	at com.google.javascript.jscomp.graph.Graph.getNodeOrFail(Graph.java:222)
	at com.google.javascript.jscomp.graph.LinkedDirectedGraph.getOutEdges(LinkedDirectedGraph.java:129)
	at com.google.javascript.jscomp.TypeInference.branchedFlowThrough(TypeInference.java:205)
	at com.google.javascript.jscomp.TypeInference_ESTest.test067(TypeInference_ESTest.java:1624)
	at sun.reflect.NativeMethodAccessorImpl.invoke0(Native Method)
	at sun.reflect.NativeMethodAccessorImpl.invoke(NativeMethodAccessorImpl.java:62)
	at sun.reflect.DelegatingMethodAccessorImpl.invoke(DelegatingMethodAccessorImpl.java:43)
	at java.lang.reflect.Method.invoke(Method.java:498)
	at org.junit.runners.model.FrameworkMethod$1.runReflectiveCall(FrameworkMethod.java:50)
	at org.junit.internal.runners.model.ReflectiveCallable.run(ReflectiveCallable.java:12)
	at org.junit.runners.model.FrameworkMethod.invokeExplosively(FrameworkMethod.java:47)
	at org.junit.internal.runners.statements.InvokeMethod.evaluate(InvokeMethod.java:17)
	at org.junit.internal.runners.statements.FailOnTimeout$CallableStatement.call(FailOnTimeout.java:298)
	at org.junit.internal.runners.statements.FailOnTimeout$CallableStatement.call(FailOnTimeout.java:292)
	at java.util.concurrent.FutureTask.run(FutureTask.java:266)
	at java.lang.Thread.run(Thread.java:748)
8) test100(com.google.javascript.jscomp.TypeInference_ESTest)
org.evosuite.runtime.mock.java.lang.MockIllegalStateException: 50
	at com.google.javascript.rhino.Token.name(Token.java:287)
	at com.google.javascript.rhino.Node.toString(Node.java:951)
	at com.google.javascript.rhino.Node.toString(Node.java:942)
	at com.google.javascript.rhino.Node.toString(Node.java:934)
	at java.lang.String.valueOf(String.java:2994)
	at java.lang.StringBuilder.append(StringBuilder.java:131)
	at com.google.javascript.jscomp.graph.Graph.getNodeOrFail(Graph.java:222)
	at com.google.javascript.jscomp.graph.LinkedDirectedGraph.getOutEdges(LinkedDirectedGraph.java:129)
	at com.google.javascript.jscomp.TypeInference.branchedFlowThrough(TypeInference.java:205)
	at com.google.javascript.jscomp.TypeInference_ESTest.test100(TypeInference_ESTest.java:2383)
	at sun.reflect.NativeMethodAccessorImpl.invoke0(Native Method)
	at sun.reflect.NativeMethodAccessorImpl.invoke(NativeMethodAccessorImpl.java:62)
	at sun.reflect.DelegatingMethodAccessorImpl.invoke(DelegatingMethodAccessorImpl.java:43)
	at java.lang.reflect.Method.invoke(Method.java:498)
	at org.junit.runners.model.FrameworkMethod$1.runReflectiveCall(FrameworkMethod.java:50)
	at org.junit.internal.runners.model.ReflectiveCallable.run(ReflectiveCallable.java:12)
	at org.junit.runners.model.FrameworkMethod.invokeExplosively(FrameworkMethod.java:47)
	at org.junit.internal.runners.statements.InvokeMethod.evaluate(InvokeMethod.java:17)
	at org.junit.internal.runners.statements.FailOnTimeout$CallableStatement.call(FailOnTimeout.java:298)
	at org.junit.internal.runners.statements.FailOnTimeout$CallableStatement.call(FailOnTimeout.java:292)
	at java.util.concurrent.FutureTask.run(FutureTask.java:266)
	at java.lang.Thread.run(Thread.java:748)
9) test066(com.google.javascript.jscomp.TypeInference_ESTest)
org.evosuite.runtime.mock.java.lang.MockIllegalArgumentException: IF does not exist in graph
	at com.google.javascript.jscomp.graph.Graph.getNodeOrFail(Graph.java:222)
	at com.google.javascript.jscomp.graph.LinkedDirectedGraph.getOutEdges(LinkedDirectedGraph.java:129)
	at com.google.javascript.jscomp.TypeInference.branchedFlowThrough(TypeInference.java:205)
	at com.google.javascript.jscomp.TypeInference_ESTest.test066(TypeInference_ESTest.java:1600)
	at sun.reflect.NativeMethodAccessorImpl.invoke0(Native Method)
	at sun.reflect.NativeMethodAccessorImpl.invoke(NativeMethodAccessorImpl.java:62)
	at sun.reflect.DelegatingMethodAccessorImpl.invoke(DelegatingMethodAccessorImpl.java:43)
	at java.lang.reflect.Method.invoke(Method.java:498)
	at org.junit.runners.model.FrameworkMethod$1.runReflectiveCall(FrameworkMethod.java:50)
	at org.junit.internal.runners.model.ReflectiveCallable.run(ReflectiveCallable.java:12)
	at org.junit.runners.model.FrameworkMethod.invokeExplosively(FrameworkMethod.java:47)
	at org.junit.internal.runners.statements.InvokeMethod.evaluate(InvokeMethod.java:17)
	at org.junit.internal.runners.statements.FailOnTimeout$CallableStatement.call(FailOnTimeout.java:298)
	at org.junit.internal.runners.statements.FailOnTimeout$CallableStatement.call(FailOnTimeout.java:292)
	at java.util.concurrent.FutureTask.run(FutureTask.java:266)
	at java.lang.Thread.run(Thread.java:748)
10) test058(com.google.javascript.jscomp.TypeInference_ESTest)
org.evosuite.runtime.mock.java.lang.MockIllegalArgumentException: BREAK does not exist in graph
	at com.google.javascript.jscomp.graph.Graph.getNodeOrFail(Graph.java:222)
	at com.google.javascript.jscomp.graph.LinkedDirectedGraph.getOutEdges(LinkedDirectedGraph.java:129)
	at com.google.javascript.jscomp.TypeInference.branchedFlowThrough(TypeInference.java:205)
	at com.google.javascript.jscomp.TypeInference_ESTest.test058(TypeInference_ESTest.java:1405)
	at sun.reflect.NativeMethodAccessorImpl.invoke0(Native Method)
	at sun.reflect.NativeMethodAccessorImpl.invoke(NativeMethodAccessorImpl.java:62)
	at sun.reflect.DelegatingMethodAccessorImpl.invoke(DelegatingMethodAccessorImpl.java:43)
	at java.lang.reflect.Method.invoke(Method.java:498)
	at org.junit.runners.model.FrameworkMethod$1.runReflectiveCall(FrameworkMethod.java:50)
	at org.junit.internal.runners.model.ReflectiveCallable.run(ReflectiveCallable.java:12)
	at org.junit.runners.model.FrameworkMethod.invokeExplosively(FrameworkMethod.java:47)
	at org.junit.internal.runners.statements.InvokeMethod.evaluate(InvokeMethod.java:17)
	at org.junit.internal.runners.statements.FailOnTimeout$CallableStatement.call(FailOnTimeout.java:298)
	at org.junit.internal.runners.statements.FailOnTimeout$CallableStatement.call(FailOnTimeout.java:292)
	at java.util.concurrent.FutureTask.run(FutureTask.java:266)
	at java.lang.Thread.run(Thread.java:748)
11) test057(com.google.javascript.jscomp.TypeInference_ESTest)
org.evosuite.runtime.mock.java.lang.MockIllegalArgumentException: CONTINUE YAo6-tvWqR?&+@hUW% does not exist in graph
	at com.google.javascript.jscomp.graph.Graph.getNodeOrFail(Graph.java:222)
	at com.google.javascript.jscomp.graph.LinkedDirectedGraph.getOutEdges(LinkedDirectedGraph.java:129)
	at com.google.javascript.jscomp.TypeInference.branchedFlowThrough(TypeInference.java:205)
	at com.google.javascript.jscomp.TypeInference_ESTest.test057(TypeInference_ESTest.java:1380)
	at sun.reflect.NativeMethodAccessorImpl.invoke0(Native Method)
	at sun.reflect.NativeMethodAccessorImpl.invoke(NativeMethodAccessorImpl.java:62)
	at sun.reflect.DelegatingMethodAccessorImpl.invoke(DelegatingMethodAccessorImpl.java:43)
	at java.lang.reflect.Method.invoke(Method.java:498)
	at org.junit.runners.model.FrameworkMethod$1.runReflectiveCall(FrameworkMethod.java:50)
	at org.junit.internal.runners.model.ReflectiveCallable.run(ReflectiveCallable.java:12)
	at org.junit.runners.model.FrameworkMethod.invokeExplosively(FrameworkMethod.java:47)
	at org.junit.internal.runners.statements.InvokeMethod.evaluate(InvokeMethod.java:17)
	at org.junit.internal.runners.statements.FailOnTimeout$CallableStatement.call(FailOnTimeout.java:298)
	at org.junit.internal.runners.statements.FailOnTimeout$CallableStatement.call(FailOnTimeout.java:292)
	at java.util.concurrent.FutureTask.run(FutureTask.java:266)
	at java.lang.Thread.run(Thread.java:748)
12) test059(com.google.javascript.jscomp.TypeInference_ESTest)
org.evosuite.runtime.mock.java.lang.MockIllegalArgumentException: FOR @[O!f]'#F"$IGiPYyM- does not exist in graph
	at com.google.javascript.jscomp.graph.Graph.getNodeOrFail(Graph.java:222)
	at com.google.javascript.jscomp.graph.LinkedDirectedGraph.getOutEdges(LinkedDirectedGraph.java:129)
	at com.google.javascript.jscomp.TypeInference.branchedFlowThrough(TypeInference.java:205)
	at com.google.javascript.jscomp.TypeInference_ESTest.test059(TypeInference_ESTest.java:1429)
	at sun.reflect.NativeMethodAccessorImpl.invoke0(Native Method)
	at sun.reflect.NativeMethodAccessorImpl.invoke(NativeMethodAccessorImpl.java:62)
	at sun.reflect.DelegatingMethodAccessorImpl.invoke(DelegatingMethodAccessorImpl.java:43)
	at java.lang.reflect.Method.invoke(Method.java:498)
	at org.junit.runners.model.FrameworkMethod$1.runReflectiveCall(FrameworkMethod.java:50)
	at org.junit.internal.runners.model.ReflectiveCallable.run(ReflectiveCallable.java:12)
	at org.junit.runners.model.FrameworkMethod.invokeExplosively(FrameworkMethod.java:47)
	at org.junit.internal.runners.statements.InvokeMethod.evaluate(InvokeMethod.java:17)
	at org.junit.internal.runners.statements.FailOnTimeout$CallableStatement.call(FailOnTimeout.java:298)
	at org.junit.internal.runners.statements.FailOnTimeout$CallableStatement.call(FailOnTimeout.java:292)
	at java.util.concurrent.FutureTask.run(FutureTask.java:266)
	at java.lang.Thread.run(Thread.java:748)
13) test070(com.google.javascript.jscomp.TypeInference_ESTest)
org.evosuite.runtime.mock.java.lang.MockIllegalStateException: 104
	at com.google.javascript.rhino.Token.name(Token.java:287)
	at com.google.javascript.rhino.Node.toString(Node.java:951)
	at com.google.javascript.rhino.Node.toString(Node.java:942)
	at com.google.javascript.rhino.Node.toString(Node.java:934)
	at java.lang.String.valueOf(String.java:2994)
	at java.lang.StringBuilder.append(StringBuilder.java:131)
	at com.google.javascript.jscomp.graph.Graph.getNodeOrFail(Graph.java:222)
	at com.google.javascript.jscomp.graph.LinkedDirectedGraph.getOutEdges(LinkedDirectedGraph.java:129)
	at com.google.javascript.jscomp.TypeInference.branchedFlowThrough(TypeInference.java:205)
	at com.google.javascript.jscomp.TypeInference_ESTest.test070(TypeInference_ESTest.java:1700)
	at sun.reflect.NativeMethodAccessorImpl.invoke0(Native Method)
	at sun.reflect.NativeMethodAccessorImpl.invoke(NativeMethodAccessorImpl.java:62)
	at sun.reflect.DelegatingMethodAccessorImpl.invoke(DelegatingMethodAccessorImpl.java:43)
	at java.lang.reflect.Method.invoke(Method.java:498)
	at org.junit.runners.model.FrameworkMethod$1.runReflectiveCall(FrameworkMethod.java:50)
	at org.junit.internal.runners.model.ReflectiveCallable.run(ReflectiveCallable.java:12)
	at org.junit.runners.model.FrameworkMethod.invokeExplosively(FrameworkMethod.java:47)
	at org.junit.internal.runners.statements.InvokeMethod.evaluate(InvokeMethod.java:17)
	at org.junit.internal.runners.statements.FailOnTimeout$CallableStatement.call(FailOnTimeout.java:298)
	at org.junit.internal.runners.statements.FailOnTimeout$CallableStatement.call(FailOnTimeout.java:292)
	at java.util.concurrent.FutureTask.run(FutureTask.java:266)
	at java.lang.Thread.run(Thread.java:748)
14) test072(com.google.javascript.jscomp.TypeInference_ESTest)
org.evosuite.runtime.mock.java.lang.MockIllegalStateException: 99
	at com.google.javascript.rhino.Token.name(Token.java:287)
	at com.google.javascript.rhino.Node.toString(Node.java:951)
	at com.google.javascript.rhino.Node.toString(Node.java:942)
	at com.google.javascript.rhino.Node.toString(Node.java:934)
	at java.lang.String.valueOf(String.java:2994)
	at java.lang.StringBuilder.append(StringBuilder.java:131)
	at com.google.javascript.jscomp.graph.Graph.getNodeOrFail(Graph.java:222)
	at com.google.javascript.jscomp.graph.LinkedDirectedGraph.getOutEdges(LinkedDirectedGraph.java:129)
	at com.google.javascript.jscomp.TypeInference.branchedFlowThrough(TypeInference.java:205)
	at com.google.javascript.jscomp.TypeInference_ESTest.test072(TypeInference_ESTest.java:1752)
	at sun.reflect.NativeMethodAccessorImpl.invoke0(Native Method)
	at sun.reflect.NativeMethodAccessorImpl.invoke(NativeMethodAccessorImpl.java:62)
	at sun.reflect.DelegatingMethodAccessorImpl.invoke(DelegatingMethodAccessorImpl.java:43)
	at java.lang.reflect.Method.invoke(Method.java:498)
	at org.junit.runners.model.FrameworkMethod$1.runReflectiveCall(FrameworkMethod.java:50)
	at org.junit.internal.runners.model.ReflectiveCallable.run(ReflectiveCallable.java:12)
	at org.junit.runners.model.FrameworkMethod.invokeExplosively(FrameworkMethod.java:47)
	at org.junit.internal.runners.statements.InvokeMethod.evaluate(InvokeMethod.java:17)
	at org.junit.internal.runners.statements.FailOnTimeout$CallableStatement.call(FailOnTimeout.java:298)
	at org.junit.internal.runners.statements.FailOnTimeout$CallableStatement.call(FailOnTimeout.java:292)
	at java.util.concurrent.FutureTask.run(FutureTask.java:266)
	at java.lang.Thread.run(Thread.java:748)
15) test071(com.google.javascript.jscomp.TypeInference_ESTest)
org.evosuite.runtime.mock.java.lang.MockIllegalArgumentException: INC fR : number does not exist in graph
	at com.google.javascript.jscomp.graph.Graph.getNodeOrFail(Graph.java:222)
	at com.google.javascript.jscomp.graph.LinkedDirectedGraph.getOutEdges(LinkedDirectedGraph.java:129)
	at com.google.javascript.jscomp.TypeInference.branchedFlowThrough(TypeInference.java:205)
	at com.google.javascript.jscomp.TypeInference_ESTest.test071(TypeInference_ESTest.java:1724)
	at sun.reflect.NativeMethodAccessorImpl.invoke0(Native Method)
	at sun.reflect.NativeMethodAccessorImpl.invoke(NativeMethodAccessorImpl.java:62)
	at sun.reflect.DelegatingMethodAccessorImpl.invoke(DelegatingMethodAccessorImpl.java:43)
	at java.lang.reflect.Method.invoke(Method.java:498)
	at org.junit.runners.model.FrameworkMethod$1.runReflectiveCall(FrameworkMethod.java:50)
	at org.junit.internal.runners.model.ReflectiveCallable.run(ReflectiveCallable.java:12)
	at org.junit.runners.model.FrameworkMethod.invokeExplosively(FrameworkMethod.java:47)
	at org.junit.internal.runners.statements.InvokeMethod.evaluate(InvokeMethod.java:17)
	at org.junit.internal.runners.statements.FailOnTimeout$CallableStatement.call(FailOnTimeout.java:298)
	at org.junit.internal.runners.statements.FailOnTimeout$CallableStatement.call(FailOnTimeout.java:292)
	at java.util.concurrent.FutureTask.run(FutureTask.java:266)
	at java.lang.Thread.run(Thread.java:748)
16) test074(com.google.javascript.jscomp.TypeInference_ESTest)
org.evosuite.runtime.mock.java.lang.MockIllegalArgumentException: Multiple entries with same key: author=NOT_IMPLEMENTED and author=AUTHOR
	at com.google.common.collect.ImmutableMap.checkNoConflict(ImmutableMap.java:150)
	at com.google.common.collect.RegularImmutableMap.checkNoConflictInBucket(RegularImmutableMap.java:104)
	at com.google.common.collect.RegularImmutableMap.<init>(RegularImmutableMap.java:70)
	at com.google.common.collect.ImmutableMap$Builder.build(ImmutableMap.java:254)
	at com.google.javascript.jscomp.parsing.Config.buildAnnotationNames(Config.java:101)
	at com.google.javascript.jscomp.parsing.Config.<init>(Config.java:77)
	at com.google.javascript.jscomp.parsing.ParserRunner.createConfig(ParserRunner.java:69)
	at com.google.javascript.jscomp.Compiler.getParserConfig(Compiler.java:2106)
	at com.google.javascript.jscomp.JsAst.parse(JsAst.java:84)
	at com.google.javascript.jscomp.JsAst.getAstRoot(JsAst.java:50)
	at com.google.javascript.jscomp.Compiler.parse(Compiler.java:1573)
	at com.google.javascript.jscomp.Compiler.parseSyntheticCode(Compiler.java:1604)
	at com.google.javascript.jscomp.TypeInference_ESTest.test074(TypeInference_ESTest.java:1794)
	at sun.reflect.NativeMethodAccessorImpl.invoke0(Native Method)
	at sun.reflect.NativeMethodAccessorImpl.invoke(NativeMethodAccessorImpl.java:62)
	at sun.reflect.DelegatingMethodAccessorImpl.invoke(DelegatingMethodAccessorImpl.java:43)
	at java.lang.reflect.Method.invoke(Method.java:498)
	at org.junit.runners.model.FrameworkMethod$1.runReflectiveCall(FrameworkMethod.java:50)
	at org.junit.internal.runners.model.ReflectiveCallable.run(ReflectiveCallable.java:12)
	at org.junit.runners.model.FrameworkMethod.invokeExplosively(FrameworkMethod.java:47)
	at org.junit.internal.runners.statements.InvokeMethod.evaluate(InvokeMethod.java:17)
	at org.junit.internal.runners.statements.FailOnTimeout$CallableStatement.call(FailOnTimeout.java:298)
	at org.junit.internal.runners.statements.FailOnTimeout$CallableStatement.call(FailOnTimeout.java:292)
	at java.util.concurrent.FutureTask.run(FutureTask.java:266)
	at java.lang.Thread.run(Thread.java:748)
17) test073(com.google.javascript.jscomp.TypeInference_ESTest)
org.evosuite.runtime.mock.java.lang.MockIllegalArgumentException: ASSIGN_MOD  : number does not exist in graph
	at com.google.javascript.jscomp.graph.Graph.getNodeOrFail(Graph.java:222)
	at com.google.javascript.jscomp.graph.LinkedDirectedGraph.getOutEdges(LinkedDirectedGraph.java:129)
	at com.google.javascript.jscomp.TypeInference.branchedFlowThrough(TypeInference.java:205)
	at com.google.javascript.jscomp.TypeInference_ESTest.test073(TypeInference_ESTest.java:1780)
	at sun.reflect.NativeMethodAccessorImpl.invoke0(Native Method)
	at sun.reflect.NativeMethodAccessorImpl.invoke(NativeMethodAccessorImpl.java:62)
	at sun.reflect.DelegatingMethodAccessorImpl.invoke(DelegatingMethodAccessorImpl.java:43)
	at java.lang.reflect.Method.invoke(Method.java:498)
	at org.junit.runners.model.FrameworkMethod$1.runReflectiveCall(FrameworkMethod.java:50)
	at org.junit.internal.runners.model.ReflectiveCallable.run(ReflectiveCallable.java:12)
	at org.junit.runners.model.FrameworkMethod.invokeExplosively(FrameworkMethod.java:47)
	at org.junit.internal.runners.statements.InvokeMethod.evaluate(InvokeMethod.java:17)
	at org.junit.internal.runners.statements.FailOnTimeout$CallableStatement.call(FailOnTimeout.java:298)
	at org.junit.internal.runners.statements.FailOnTimeout$CallableStatement.call(FailOnTimeout.java:292)
	at java.util.concurrent.FutureTask.run(FutureTask.java:266)
	at java.lang.Thread.run(Thread.java:748)
18) test076(com.google.javascript.jscomp.TypeInference_ESTest)
java.lang.NullPointerException
	at com.google.javascript.jscomp.TypeInference.traverseAdd(TypeInference.java:796)
	at com.google.javascript.jscomp.TypeInference.traverse(TypeInference.java:349)
	at com.google.javascript.jscomp.TypeInference.flowThrough(TypeInference.java:188)
	at com.google.javascript.jscomp.TypeInference.branchedFlowThrough(TypeInference.java:200)
	at com.google.javascript.jscomp.TypeInference_ESTest.test076(TypeInference_ESTest.java:1847)
	at sun.reflect.NativeMethodAccessorImpl.invoke0(Native Method)
	at sun.reflect.NativeMethodAccessorImpl.invoke(NativeMethodAccessorImpl.java:62)
	at sun.reflect.DelegatingMethodAccessorImpl.invoke(DelegatingMethodAccessorImpl.java:43)
	at java.lang.reflect.Method.invoke(Method.java:498)
	at org.junit.runners.model.FrameworkMethod$1.runReflectiveCall(FrameworkMethod.java:50)
	at org.junit.internal.runners.model.ReflectiveCallable.run(ReflectiveCallable.java:12)
	at org.junit.runners.model.FrameworkMethod.invokeExplosively(FrameworkMethod.java:47)
	at org.junit.internal.runners.statements.InvokeMethod.evaluate(InvokeMethod.java:17)
	at org.junit.internal.runners.statements.FailOnTimeout$CallableStatement.call(FailOnTimeout.java:298)
	at org.junit.internal.runners.statements.FailOnTimeout$CallableStatement.call(FailOnTimeout.java:292)
	at java.util.concurrent.FutureTask.run(FutureTask.java:266)
	at java.lang.Thread.run(Thread.java:748)
19) test075(com.google.javascript.jscomp.TypeInference_ESTest)
org.evosuite.runtime.mock.java.lang.MockIllegalArgumentException: ASSIGN_SUB  : number does not exist in graph
	at com.google.javascript.jscomp.graph.Graph.getNodeOrFail(Graph.java:222)
	at com.google.javascript.jscomp.graph.LinkedDirectedGraph.getOutEdges(LinkedDirectedGraph.java:129)
	at com.google.javascript.jscomp.TypeInference.branchedFlowThrough(TypeInference.java:205)
	at com.google.javascript.jscomp.TypeInference_ESTest.test075(TypeInference_ESTest.java:1823)
	at sun.reflect.NativeMethodAccessorImpl.invoke0(Native Method)
	at sun.reflect.NativeMethodAccessorImpl.invoke(NativeMethodAccessorImpl.java:62)
	at sun.reflect.DelegatingMethodAccessorImpl.invoke(DelegatingMethodAccessorImpl.java:43)
	at java.lang.reflect.Method.invoke(Method.java:498)
	at org.junit.runners.model.FrameworkMethod$1.runReflectiveCall(FrameworkMethod.java:50)
	at org.junit.internal.runners.model.ReflectiveCallable.run(ReflectiveCallable.java:12)
	at org.junit.runners.model.FrameworkMethod.invokeExplosively(FrameworkMethod.java:47)
	at org.junit.internal.runners.statements.InvokeMethod.evaluate(InvokeMethod.java:17)
	at org.junit.internal.runners.statements.FailOnTimeout$CallableStatement.call(FailOnTimeout.java:298)
	at org.junit.internal.runners.statements.FailOnTimeout$CallableStatement.call(FailOnTimeout.java:292)
	at java.util.concurrent.FutureTask.run(FutureTask.java:266)
	at java.lang.Thread.run(Thread.java:748)
20) test078(com.google.javascript.jscomp.TypeInference_ESTest)
org.evosuite.runtime.mock.java.lang.MockIllegalArgumentException: ASSIGN_RSH : number does not exist in graph
	at com.google.javascript.jscomp.graph.Graph.getNodeOrFail(Graph.java:222)
	at com.google.javascript.jscomp.graph.LinkedDirectedGraph.getOutEdges(LinkedDirectedGraph.java:129)
	at com.google.javascript.jscomp.TypeInference.branchedFlowThrough(TypeInference.java:205)
	at com.google.javascript.jscomp.TypeInference_ESTest.test078(TypeInference_ESTest.java:1893)
	at sun.reflect.NativeMethodAccessorImpl.invoke0(Native Method)
	at sun.reflect.NativeMethodAccessorImpl.invoke(NativeMethodAccessorImpl.java:62)
	at sun.reflect.DelegatingMethodAccessorImpl.invoke(DelegatingMethodAccessorImpl.java:43)
	at java.lang.reflect.Method.invoke(Method.java:498)
	at org.junit.runners.model.FrameworkMethod$1.runReflectiveCall(FrameworkMethod.java:50)
	at org.junit.internal.runners.model.ReflectiveCallable.run(ReflectiveCallable.java:12)
	at org.junit.runners.model.FrameworkMethod.invokeExplosively(FrameworkMethod.java:47)
	at org.junit.internal.runners.statements.InvokeMethod.evaluate(InvokeMethod.java:17)
	at org.junit.internal.runners.statements.FailOnTimeout$CallableStatement.call(FailOnTimeout.java:298)
	at org.junit.internal.runners.statements.FailOnTimeout$CallableStatement.call(FailOnTimeout.java:292)
	at java.util.concurrent.FutureTask.run(FutureTask.java:266)
	at java.lang.Thread.run(Thread.java:748)
21) test111(com.google.javascript.jscomp.TypeInference_ESTest)
java.lang.NullPointerException
	at com.google.javascript.jscomp.TypeInference.getJSType(TypeInference.java:1591)
	at com.google.javascript.jscomp.TypeInference.traverseGetElem(TypeInference.java:1263)
	at com.google.javascript.jscomp.TypeInference.traverse(TypeInference.java:425)
	at com.google.javascript.jscomp.TypeInference.flowThrough(TypeInference.java:188)
	at com.google.javascript.jscomp.TypeInference.branchedFlowThrough(TypeInference.java:200)
	at com.google.javascript.jscomp.TypeInference_ESTest.test111(TypeInference_ESTest.java:2658)
	at sun.reflect.NativeMethodAccessorImpl.invoke0(Native Method)
	at sun.reflect.NativeMethodAccessorImpl.invoke(NativeMethodAccessorImpl.java:62)
	at sun.reflect.DelegatingMethodAccessorImpl.invoke(DelegatingMethodAccessorImpl.java:43)
	at java.lang.reflect.Method.invoke(Method.java:498)
	at org.junit.runners.model.FrameworkMethod$1.runReflectiveCall(FrameworkMethod.java:50)
	at org.junit.internal.runners.model.ReflectiveCallable.run(ReflectiveCallable.java:12)
	at org.junit.runners.model.FrameworkMethod.invokeExplosively(FrameworkMethod.java:47)
	at org.junit.internal.runners.statements.InvokeMethod.evaluate(InvokeMethod.java:17)
	at org.junit.internal.runners.statements.FailOnTimeout$CallableStatement.call(FailOnTimeout.java:298)
	at org.junit.internal.runners.statements.FailOnTimeout$CallableStatement.call(FailOnTimeout.java:292)
	at java.util.concurrent.FutureTask.run(FutureTask.java:266)
	at java.lang.Thread.run(Thread.java:748)
22) test077(com.google.javascript.jscomp.TypeInference_ESTest)
org.evosuite.runtime.mock.java.lang.MockIllegalArgumentException: ASSIGN_URSH  : number does not exist in graph
	at com.google.javascript.jscomp.graph.Graph.getNodeOrFail(Graph.java:222)
	at com.google.javascript.jscomp.graph.LinkedDirectedGraph.getOutEdges(LinkedDirectedGraph.java:129)
	at com.google.javascript.jscomp.TypeInference.branchedFlowThrough(TypeInference.java:205)
	at com.google.javascript.jscomp.TypeInference_ESTest.test077(TypeInference_ESTest.java:1870)
	at sun.reflect.NativeMethodAccessorImpl.invoke0(Native Method)
	at sun.reflect.NativeMethodAccessorImpl.invoke(NativeMethodAccessorImpl.java:62)
	at sun.reflect.DelegatingMethodAccessorImpl.invoke(DelegatingMethodAccessorImpl.java:43)
	at java.lang.reflect.Method.invoke(Method.java:498)
	at org.junit.runners.model.FrameworkMethod$1.runReflectiveCall(FrameworkMethod.java:50)
	at org.junit.internal.runners.model.ReflectiveCallable.run(ReflectiveCallable.java:12)
	at org.junit.runners.model.FrameworkMethod.invokeExplosively(FrameworkMethod.java:47)
	at org.junit.internal.runners.statements.InvokeMethod.evaluate(InvokeMethod.java:17)
	at org.junit.internal.runners.statements.FailOnTimeout$CallableStatement.call(FailOnTimeout.java:298)
	at org.junit.internal.runners.statements.FailOnTimeout$CallableStatement.call(FailOnTimeout.java:292)
	at java.util.concurrent.FutureTask.run(FutureTask.java:266)
	at java.lang.Thread.run(Thread.java:748)
23) test069(com.google.javascript.jscomp.TypeInference_ESTest)
org.evosuite.runtime.mock.java.lang.MockIllegalArgumentException: FUNCTION <invalid> does not exist in graph
	at com.google.javascript.jscomp.graph.Graph.getNodeOrFail(Graph.java:222)
	at com.google.javascript.jscomp.graph.LinkedDirectedGraph.getOutEdges(LinkedDirectedGraph.java:129)
	at com.google.javascript.jscomp.TypeInference.branchedFlowThrough(TypeInference.java:205)
	at com.google.javascript.jscomp.TypeInference_ESTest.test069(TypeInference_ESTest.java:1676)
	at sun.reflect.NativeMethodAccessorImpl.invoke0(Native Method)
	at sun.reflect.NativeMethodAccessorImpl.invoke(NativeMethodAccessorImpl.java:62)
	at sun.reflect.DelegatingMethodAccessorImpl.invoke(DelegatingMethodAccessorImpl.java:43)
	at java.lang.reflect.Method.invoke(Method.java:498)
	at org.junit.runners.model.FrameworkMethod$1.runReflectiveCall(FrameworkMethod.java:50)
	at org.junit.internal.runners.model.ReflectiveCallable.run(ReflectiveCallable.java:12)
	at org.junit.runners.model.FrameworkMethod.invokeExplosively(FrameworkMethod.java:47)
	at org.junit.internal.runners.statements.InvokeMethod.evaluate(InvokeMethod.java:17)
	at org.junit.internal.runners.statements.FailOnTimeout$CallableStatement.call(FailOnTimeout.java:298)
	at org.junit.internal.runners.statements.FailOnTimeout$CallableStatement.call(FailOnTimeout.java:292)
	at java.util.concurrent.FutureTask.run(FutureTask.java:266)
	at java.lang.Thread.run(Thread.java:748)
24) test102(com.google.javascript.jscomp.TypeInference_ESTest)
org.evosuite.runtime.mock.java.lang.MockIllegalStateException: 48
	at com.google.javascript.rhino.Token.name(Token.java:287)
	at com.google.javascript.rhino.Node.toString(Node.java:951)
	at com.google.javascript.rhino.Node.toString(Node.java:942)
	at com.google.javascript.rhino.Node.toString(Node.java:934)
	at java.lang.String.valueOf(String.java:2994)
	at java.lang.StringBuilder.append(StringBuilder.java:131)
	at com.google.javascript.jscomp.graph.Graph.getNodeOrFail(Graph.java:222)
	at com.google.javascript.jscomp.graph.LinkedDirectedGraph.getOutEdges(LinkedDirectedGraph.java:129)
	at com.google.javascript.jscomp.TypeInference.branchedFlowThrough(TypeInference.java:205)
	at com.google.javascript.jscomp.TypeInference_ESTest.test102(TypeInference_ESTest.java:2437)
	at sun.reflect.NativeMethodAccessorImpl.invoke0(Native Method)
	at sun.reflect.NativeMethodAccessorImpl.invoke(NativeMethodAccessorImpl.java:62)
	at sun.reflect.DelegatingMethodAccessorImpl.invoke(DelegatingMethodAccessorImpl.java:43)
	at java.lang.reflect.Method.invoke(Method.java:498)
	at org.junit.runners.model.FrameworkMethod$1.runReflectiveCall(FrameworkMethod.java:50)
	at org.junit.internal.runners.model.ReflectiveCallable.run(ReflectiveCallable.java:12)
	at org.junit.runners.model.FrameworkMethod.invokeExplosively(FrameworkMethod.java:47)
	at org.junit.internal.runners.statements.InvokeMethod.evaluate(InvokeMethod.java:17)
	at org.junit.internal.runners.statements.FailOnTimeout$CallableStatement.call(FailOnTimeout.java:298)
	at org.junit.internal.runners.statements.FailOnTimeout$CallableStatement.call(FailOnTimeout.java:292)
	at java.util.concurrent.FutureTask.run(FutureTask.java:266)
	at java.lang.Thread.run(Thread.java:748)
25) test068(com.google.javascript.jscomp.TypeInference_ESTest)
java.lang.NullPointerException
	at java.util.TreeMap.getEntry(TreeMap.java:347)
	at java.util.TreeMap.get(TreeMap.java:278)
	at com.google.javascript.jscomp.TypeInference.tightenTypesAfterAssertions(TypeInference.java:889)
	at com.google.javascript.jscomp.TypeInference.traverseCall(TypeInference.java:881)
	at com.google.javascript.jscomp.TypeInference.traverse(TypeInference.java:340)
	at com.google.javascript.jscomp.TypeInference.flowThrough(TypeInference.java:188)
	at com.google.javascript.jscomp.TypeInference.branchedFlowThrough(TypeInference.java:200)
	at com.google.javascript.jscomp.TypeInference_ESTest.test068(TypeInference_ESTest.java:1649)
	at sun.reflect.NativeMethodAccessorImpl.invoke0(Native Method)
	at sun.reflect.NativeMethodAccessorImpl.invoke(NativeMethodAccessorImpl.java:62)
	at sun.reflect.DelegatingMethodAccessorImpl.invoke(DelegatingMethodAccessorImpl.java:43)
	at java.lang.reflect.Method.invoke(Method.java:498)
	at org.junit.runners.model.FrameworkMethod$1.runReflectiveCall(FrameworkMethod.java:50)
	at org.junit.internal.runners.model.ReflectiveCallable.run(ReflectiveCallable.java:12)
	at org.junit.runners.model.FrameworkMethod.invokeExplosively(FrameworkMethod.java:47)
	at org.junit.internal.runners.statements.InvokeMethod.evaluate(InvokeMethod.java:17)
	at org.junit.internal.runners.statements.FailOnTimeout$CallableStatement.call(FailOnTimeout.java:298)
	at org.junit.internal.runners.statements.FailOnTimeout$CallableStatement.call(FailOnTimeout.java:292)
	at java.util.concurrent.FutureTask.run(FutureTask.java:266)
	at java.lang.Thread.run(Thread.java:748)
26) test101(com.google.javascript.jscomp.TypeInference_ESTest)
org.evosuite.runtime.mock.java.lang.MockIllegalArgumentException: THROW  does not exist in graph
	at com.google.javascript.jscomp.graph.Graph.getNodeOrFail(Graph.java:222)
	at com.google.javascript.jscomp.graph.LinkedDirectedGraph.getOutEdges(LinkedDirectedGraph.java:129)
	at com.google.javascript.jscomp.TypeInference.branchedFlowThrough(TypeInference.java:205)
	at com.google.javascript.jscomp.TypeInference_ESTest.test101(TypeInference_ESTest.java:2408)
	at sun.reflect.NativeMethodAccessorImpl.invoke0(Native Method)
	at sun.reflect.NativeMethodAccessorImpl.invoke(NativeMethodAccessorImpl.java:62)
	at sun.reflect.DelegatingMethodAccessorImpl.invoke(DelegatingMethodAccessorImpl.java:43)
	at java.lang.reflect.Method.invoke(Method.java:498)
	at org.junit.runners.model.FrameworkMethod$1.runReflectiveCall(FrameworkMethod.java:50)
	at org.junit.internal.runners.model.ReflectiveCallable.run(ReflectiveCallable.java:12)
	at org.junit.runners.model.FrameworkMethod.invokeExplosively(FrameworkMethod.java:47)
	at org.junit.internal.runners.statements.InvokeMethod.evaluate(InvokeMethod.java:17)
	at org.junit.internal.runners.statements.FailOnTimeout$CallableStatement.call(FailOnTimeout.java:298)
	at org.junit.internal.runners.statements.FailOnTimeout$CallableStatement.call(FailOnTimeout.java:292)
	at java.util.concurrent.FutureTask.run(FutureTask.java:266)
	at java.lang.Thread.run(Thread.java:748)
27) test103(com.google.javascript.jscomp.TypeInference_ESTest)
org.evosuite.runtime.mock.java.lang.MockIllegalArgumentException: REGEXP does not exist in graph
	at com.google.javascript.jscomp.graph.Graph.getNodeOrFail(Graph.java:222)
	at com.google.javascript.jscomp.graph.LinkedDirectedGraph.getOutEdges(LinkedDirectedGraph.java:129)
	at com.google.javascript.jscomp.TypeInference.branchedFlowThrough(TypeInference.java:205)
	at com.google.javascript.jscomp.TypeInference_ESTest.test103(TypeInference_ESTest.java:2463)
	at sun.reflect.NativeMethodAccessorImpl.invoke0(Native Method)
	at sun.reflect.NativeMethodAccessorImpl.invoke(NativeMethodAccessorImpl.java:62)
	at sun.reflect.DelegatingMethodAccessorImpl.invoke(DelegatingMethodAccessorImpl.java:43)
	at java.lang.reflect.Method.invoke(Method.java:498)
	at org.junit.runners.model.FrameworkMethod$1.runReflectiveCall(FrameworkMethod.java:50)
	at org.junit.internal.runners.model.ReflectiveCallable.run(ReflectiveCallable.java:12)
	at org.junit.runners.model.FrameworkMethod.invokeExplosively(FrameworkMethod.java:47)
	at org.junit.internal.runners.statements.InvokeMethod.evaluate(InvokeMethod.java:17)
	at org.junit.internal.runners.statements.FailOnTimeout$CallableStatement.call(FailOnTimeout.java:298)
	at org.junit.internal.runners.statements.FailOnTimeout$CallableStatement.call(FailOnTimeout.java:292)
	at java.util.concurrent.FutureTask.run(FutureTask.java:266)
	at java.lang.Thread.run(Thread.java:748)
28) test106(com.google.javascript.jscomp.TypeInference_ESTest)
org.evosuite.runtime.mock.java.lang.MockIllegalArgumentException: THIS does not exist in graph
	at com.google.javascript.jscomp.graph.Graph.getNodeOrFail(Graph.java:222)
	at com.google.javascript.jscomp.graph.LinkedDirectedGraph.getOutEdges(LinkedDirectedGraph.java:129)
	at com.google.javascript.jscomp.TypeInference.branchedFlowThrough(TypeInference.java:205)
	at com.google.javascript.jscomp.TypeInference_ESTest.test106(TypeInference_ESTest.java:2540)
	at sun.reflect.NativeMethodAccessorImpl.invoke0(Native Method)
	at sun.reflect.NativeMethodAccessorImpl.invoke(NativeMethodAccessorImpl.java:62)
	at sun.reflect.DelegatingMethodAccessorImpl.invoke(DelegatingMethodAccessorImpl.java:43)
	at java.lang.reflect.Method.invoke(Method.java:498)
	at org.junit.runners.model.FrameworkMethod$1.runReflectiveCall(FrameworkMethod.java:50)
	at org.junit.internal.runners.model.ReflectiveCallable.run(ReflectiveCallable.java:12)
	at org.junit.runners.model.FrameworkMethod.invokeExplosively(FrameworkMethod.java:47)
	at org.junit.internal.runners.statements.InvokeMethod.evaluate(InvokeMethod.java:17)
	at org.junit.internal.runners.statements.FailOnTimeout$CallableStatement.call(FailOnTimeout.java:298)
	at org.junit.internal.runners.statements.FailOnTimeout$CallableStatement.call(FailOnTimeout.java:292)
	at java.util.concurrent.FutureTask.run(FutureTask.java:266)
	at java.lang.Thread.run(Thread.java:748)
29) test105(com.google.javascript.jscomp.TypeInference_ESTest)
org.evosuite.runtime.mock.java.lang.MockIllegalArgumentException: FALSE ]Cqs5Y)vyg'/,v!l! does not exist in graph
	at com.google.javascript.jscomp.graph.Graph.getNodeOrFail(Graph.java:222)
	at com.google.javascript.jscomp.graph.LinkedDirectedGraph.getOutEdges(LinkedDirectedGraph.java:129)
	at com.google.javascript.jscomp.TypeInference.branchedFlowThrough(TypeInference.java:205)
	at com.google.javascript.jscomp.TypeInference_ESTest.test105(TypeInference_ESTest.java:2513)
	at sun.reflect.NativeMethodAccessorImpl.invoke0(Native Method)
	at sun.reflect.NativeMethodAccessorImpl.invoke(NativeMethodAccessorImpl.java:62)
	at sun.reflect.DelegatingMethodAccessorImpl.invoke(DelegatingMethodAccessorImpl.java:43)
	at java.lang.reflect.Method.invoke(Method.java:498)
	at org.junit.runners.model.FrameworkMethod$1.runReflectiveCall(FrameworkMethod.java:50)
	at org.junit.internal.runners.model.ReflectiveCallable.run(ReflectiveCallable.java:12)
	at org.junit.runners.model.FrameworkMethod.invokeExplosively(FrameworkMethod.java:47)
	at org.junit.internal.runners.statements.InvokeMethod.evaluate(InvokeMethod.java:17)
	at org.junit.internal.runners.statements.FailOnTimeout$CallableStatement.call(FailOnTimeout.java:298)
	at org.junit.internal.runners.statements.FailOnTimeout$CallableStatement.call(FailOnTimeout.java:292)
	at java.util.concurrent.FutureTask.run(FutureTask.java:266)
	at java.lang.Thread.run(Thread.java:748)
30) test108(com.google.javascript.jscomp.TypeInference_ESTest)
org.evosuite.runtime.mock.java.lang.MockIllegalArgumentException: PARAM_LIST : ?? does not exist in graph
	at com.google.javascript.jscomp.graph.Graph.getNodeOrFail(Graph.java:222)
	at com.google.javascript.jscomp.graph.LinkedDirectedGraph.getOutEdges(LinkedDirectedGraph.java:129)
	at com.google.javascript.jscomp.TypeInference.branchedFlowThrough(TypeInference.java:205)
	at com.google.javascript.jscomp.TypeInference_ESTest.test108(TypeInference_ESTest.java:2597)
	at sun.reflect.NativeMethodAccessorImpl.invoke0(Native Method)
	at sun.reflect.NativeMethodAccessorImpl.invoke(NativeMethodAccessorImpl.java:62)
	at sun.reflect.DelegatingMethodAccessorImpl.invoke(DelegatingMethodAccessorImpl.java:43)
	at java.lang.reflect.Method.invoke(Method.java:498)
	at org.junit.runners.model.FrameworkMethod$1.runReflectiveCall(FrameworkMethod.java:50)
	at org.junit.internal.runners.model.ReflectiveCallable.run(ReflectiveCallable.java:12)
	at org.junit.runners.model.FrameworkMethod.invokeExplosively(FrameworkMethod.java:47)
	at org.junit.internal.runners.statements.InvokeMethod.evaluate(InvokeMethod.java:17)
	at org.junit.internal.runners.statements.FailOnTimeout$CallableStatement.call(FailOnTimeout.java:298)
	at org.junit.internal.runners.statements.FailOnTimeout$CallableStatement.call(FailOnTimeout.java:292)
	at java.util.concurrent.FutureTask.run(FutureTask.java:266)
	at java.lang.Thread.run(Thread.java:748)
31) test107(com.google.javascript.jscomp.TypeInference_ESTest)
org.evosuite.runtime.mock.java.lang.MockIllegalArgumentException: STRING com.google.javascript.jscomp.TypeInference$TemplateTypeReplacer does not exist in graph
	at com.google.javascript.jscomp.graph.Graph.getNodeOrFail(Graph.java:222)
	at com.google.javascript.jscomp.graph.LinkedDirectedGraph.getOutEdges(LinkedDirectedGraph.java:129)
	at com.google.javascript.jscomp.TypeInference.branchedFlowThrough(TypeInference.java:205)
	at com.google.javascript.jscomp.TypeInference_ESTest.test107(TypeInference_ESTest.java:2568)
	at sun.reflect.NativeMethodAccessorImpl.invoke0(Native Method)
	at sun.reflect.NativeMethodAccessorImpl.invoke(NativeMethodAccessorImpl.java:62)
	at sun.reflect.DelegatingMethodAccessorImpl.invoke(DelegatingMethodAccessorImpl.java:43)
	at java.lang.reflect.Method.invoke(Method.java:498)
	at org.junit.runners.model.FrameworkMethod$1.runReflectiveCall(FrameworkMethod.java:50)
	at org.junit.internal.runners.model.ReflectiveCallable.run(ReflectiveCallable.java:12)
	at org.junit.runners.model.FrameworkMethod.invokeExplosively(FrameworkMethod.java:47)
	at org.junit.internal.runners.statements.InvokeMethod.evaluate(InvokeMethod.java:17)
	at org.junit.internal.runners.statements.FailOnTimeout$CallableStatement.call(FailOnTimeout.java:298)
	at org.junit.internal.runners.statements.FailOnTimeout$CallableStatement.call(FailOnTimeout.java:292)
	at java.util.concurrent.FutureTask.run(FutureTask.java:266)
	at java.lang.Thread.run(Thread.java:748)
32) test109(com.google.javascript.jscomp.TypeInference_ESTest)
java.lang.NullPointerException
	at com.google.javascript.jscomp.TypeInference.getJSType(TypeInference.java:1591)
	at com.google.javascript.jscomp.TypeInference.traverseCall(TypeInference.java:871)
	at com.google.javascript.jscomp.TypeInference.traverse(TypeInference.java:340)
	at com.google.javascript.jscomp.TypeInference.flowThrough(TypeInference.java:188)
	at com.google.javascript.jscomp.TypeInference.branchedFlowThrough(TypeInference.java:200)
	at com.google.javascript.jscomp.TypeInference_ESTest.test109(TypeInference_ESTest.java:2621)
	at sun.reflect.NativeMethodAccessorImpl.invoke0(Native Method)
	at sun.reflect.NativeMethodAccessorImpl.invoke(NativeMethodAccessorImpl.java:62)
	at sun.reflect.DelegatingMethodAccessorImpl.invoke(DelegatingMethodAccessorImpl.java:43)
	at java.lang.reflect.Method.invoke(Method.java:498)
	at org.junit.runners.model.FrameworkMethod$1.runReflectiveCall(FrameworkMethod.java:50)
	at org.junit.internal.runners.model.ReflectiveCallable.run(ReflectiveCallable.java:12)
	at org.junit.runners.model.FrameworkMethod.invokeExplosively(FrameworkMethod.java:47)
	at org.junit.internal.runners.statements.InvokeMethod.evaluate(InvokeMethod.java:17)
	at org.junit.internal.runners.statements.FailOnTimeout$CallableStatement.call(FailOnTimeout.java:298)
	at org.junit.internal.runners.statements.FailOnTimeout$CallableStatement.call(FailOnTimeout.java:292)
	at java.util.concurrent.FutureTask.run(FutureTask.java:266)
	at java.lang.Thread.run(Thread.java:748)
33) test081(com.google.javascript.jscomp.TypeInference_ESTest)
org.evosuite.runtime.mock.java.lang.MockIllegalStateException: 81
	at com.google.javascript.rhino.Token.name(Token.java:287)
	at com.google.javascript.rhino.Node.toString(Node.java:951)
	at com.google.javascript.rhino.Node.toString(Node.java:942)
	at com.google.javascript.rhino.Node.toString(Node.java:934)
	at java.lang.String.valueOf(String.java:2994)
	at java.lang.StringBuilder.append(StringBuilder.java:131)
	at com.google.javascript.jscomp.graph.Graph.getNodeOrFail(Graph.java:222)
	at com.google.javascript.jscomp.graph.LinkedDirectedGraph.getOutEdges(LinkedDirectedGraph.java:129)
	at com.google.javascript.jscomp.TypeInference.branchedFlowThrough(TypeInference.java:205)
	at com.google.javascript.jscomp.TypeInference_ESTest.test081(TypeInference_ESTest.java:1968)
	at sun.reflect.NativeMethodAccessorImpl.invoke0(Native Method)
	at sun.reflect.NativeMethodAccessorImpl.invoke(NativeMethodAccessorImpl.java:62)
	at sun.reflect.DelegatingMethodAccessorImpl.invoke(DelegatingMethodAccessorImpl.java:43)
	at java.lang.reflect.Method.invoke(Method.java:498)
	at org.junit.runners.model.FrameworkMethod$1.runReflectiveCall(FrameworkMethod.java:50)
	at org.junit.internal.runners.model.ReflectiveCallable.run(ReflectiveCallable.java:12)
	at org.junit.runners.model.FrameworkMethod.invokeExplosively(FrameworkMethod.java:47)
	at org.junit.internal.runners.statements.InvokeMethod.evaluate(InvokeMethod.java:17)
	at org.junit.internal.runners.statements.FailOnTimeout$CallableStatement.call(FailOnTimeout.java:298)
	at org.junit.internal.runners.statements.FailOnTimeout$CallableStatement.call(FailOnTimeout.java:292)
	at java.util.concurrent.FutureTask.run(FutureTask.java:266)
	at java.lang.Thread.run(Thread.java:748)
34) test080(com.google.javascript.jscomp.TypeInference_ESTest)
org.evosuite.runtime.mock.java.lang.MockIllegalStateException: 82
	at com.google.javascript.rhino.Token.name(Token.java:287)
	at com.google.javascript.rhino.Node.toString(Node.java:951)
	at com.google.javascript.rhino.Node.toString(Node.java:942)
	at com.google.javascript.rhino.Node.toString(Node.java:934)
	at java.lang.String.valueOf(String.java:2994)
	at java.lang.StringBuilder.append(StringBuilder.java:131)
	at com.google.javascript.jscomp.graph.Graph.getNodeOrFail(Graph.java:222)
	at com.google.javascript.jscomp.graph.LinkedDirectedGraph.getOutEdges(LinkedDirectedGraph.java:129)
	at com.google.javascript.jscomp.TypeInference.branchedFlowThrough(TypeInference.java:205)
	at com.google.javascript.jscomp.TypeInference_ESTest.test080(TypeInference_ESTest.java:1943)
	at sun.reflect.NativeMethodAccessorImpl.invoke0(Native Method)
	at sun.reflect.NativeMethodAccessorImpl.invoke(NativeMethodAccessorImpl.java:62)
	at sun.reflect.DelegatingMethodAccessorImpl.invoke(DelegatingMethodAccessorImpl.java:43)
	at java.lang.reflect.Method.invoke(Method.java:498)
	at org.junit.runners.model.FrameworkMethod$1.runReflectiveCall(FrameworkMethod.java:50)
	at org.junit.internal.runners.model.ReflectiveCallable.run(ReflectiveCallable.java:12)
	at org.junit.runners.model.FrameworkMethod.invokeExplosively(FrameworkMethod.java:47)
	at org.junit.internal.runners.statements.InvokeMethod.evaluate(InvokeMethod.java:17)
	at org.junit.internal.runners.statements.FailOnTimeout$CallableStatement.call(FailOnTimeout.java:298)
	at org.junit.internal.runners.statements.FailOnTimeout$CallableStatement.call(FailOnTimeout.java:292)
	at java.util.concurrent.FutureTask.run(FutureTask.java:266)
	at java.lang.Thread.run(Thread.java:748)
35) test083(com.google.javascript.jscomp.TypeInference_ESTest)
org.evosuite.runtime.mock.java.lang.MockIllegalStateException: 78
	at com.google.javascript.rhino.Token.name(Token.java:287)
	at com.google.javascript.rhino.Node.toString(Node.java:951)
	at com.google.javascript.rhino.Node.toString(Node.java:942)
	at com.google.javascript.rhino.Node.toString(Node.java:934)
	at java.lang.String.valueOf(String.java:2994)
	at java.lang.StringBuilder.append(StringBuilder.java:131)
	at com.google.javascript.jscomp.graph.Graph.getNodeOrFail(Graph.java:222)
	at com.google.javascript.jscomp.graph.LinkedDirectedGraph.getOutEdges(LinkedDirectedGraph.java:129)
	at com.google.javascript.jscomp.TypeInference.branchedFlowThrough(TypeInference.java:205)
	at com.google.javascript.jscomp.TypeInference_ESTest.test083(TypeInference_ESTest.java:2016)
	at sun.reflect.NativeMethodAccessorImpl.invoke0(Native Method)
	at sun.reflect.NativeMethodAccessorImpl.invoke(NativeMethodAccessorImpl.java:62)
	at sun.reflect.DelegatingMethodAccessorImpl.invoke(DelegatingMethodAccessorImpl.java:43)
	at java.lang.reflect.Method.invoke(Method.java:498)
	at org.junit.runners.model.FrameworkMethod$1.runReflectiveCall(FrameworkMethod.java:50)
	at org.junit.internal.runners.model.ReflectiveCallable.run(ReflectiveCallable.java:12)
	at org.junit.runners.model.FrameworkMethod.invokeExplosively(FrameworkMethod.java:47)
	at org.junit.internal.runners.statements.InvokeMethod.evaluate(InvokeMethod.java:17)
	at org.junit.internal.runners.statements.FailOnTimeout$CallableStatement.call(FailOnTimeout.java:298)
	at org.junit.internal.runners.statements.FailOnTimeout$CallableStatement.call(FailOnTimeout.java:292)
	at java.util.concurrent.FutureTask.run(FutureTask.java:266)
	at java.lang.Thread.run(Thread.java:748)
36) test082(com.google.javascript.jscomp.TypeInference_ESTest)
org.evosuite.runtime.mock.java.lang.MockIllegalStateException: 79
	at com.google.javascript.rhino.Token.name(Token.java:287)
	at com.google.javascript.rhino.Node.toString(Node.java:951)
	at com.google.javascript.rhino.Node.toString(Node.java:942)
	at com.google.javascript.rhino.Node.toString(Node.java:934)
	at java.lang.String.valueOf(String.java:2994)
	at java.lang.StringBuilder.append(StringBuilder.java:131)
	at com.google.javascript.jscomp.graph.Graph.getNodeOrFail(Graph.java:222)
	at com.google.javascript.jscomp.graph.LinkedDirectedGraph.getOutEdges(LinkedDirectedGraph.java:129)
	at com.google.javascript.jscomp.TypeInference.branchedFlowThrough(TypeInference.java:205)
	at com.google.javascript.jscomp.TypeInference_ESTest.test082(TypeInference_ESTest.java:1993)
	at sun.reflect.NativeMethodAccessorImpl.invoke0(Native Method)
	at sun.reflect.NativeMethodAccessorImpl.invoke(NativeMethodAccessorImpl.java:62)
	at sun.reflect.DelegatingMethodAccessorImpl.invoke(DelegatingMethodAccessorImpl.java:43)
	at java.lang.reflect.Method.invoke(Method.java:498)
	at org.junit.runners.model.FrameworkMethod$1.runReflectiveCall(FrameworkMethod.java:50)
	at org.junit.internal.runners.model.ReflectiveCallable.run(ReflectiveCallable.java:12)
	at org.junit.runners.model.FrameworkMethod.invokeExplosively(FrameworkMethod.java:47)
	at org.junit.internal.runners.statements.InvokeMethod.evaluate(InvokeMethod.java:17)
	at org.junit.internal.runners.statements.FailOnTimeout$CallableStatement.call(FailOnTimeout.java:298)
	at org.junit.internal.runners.statements.FailOnTimeout$CallableStatement.call(FailOnTimeout.java:292)
	at java.util.concurrent.FutureTask.run(FutureTask.java:266)
	at java.lang.Thread.run(Thread.java:748)
37) test084(com.google.javascript.jscomp.TypeInference_ESTest)
org.evosuite.runtime.mock.java.lang.MockIllegalArgumentException: TRY G does not exist in graph
	at com.google.javascript.jscomp.graph.Graph.getNodeOrFail(Graph.java:222)
	at com.google.javascript.jscomp.graph.LinkedDirectedGraph.getOutEdges(LinkedDirectedGraph.java:129)
	at com.google.javascript.jscomp.TypeInference.branchedFlowThrough(TypeInference.java:205)
	at com.google.javascript.jscomp.TypeInference_ESTest.test084(TypeInference_ESTest.java:2041)
	at sun.reflect.NativeMethodAccessorImpl.invoke0(Native Method)
	at sun.reflect.NativeMethodAccessorImpl.invoke(NativeMethodAccessorImpl.java:62)
	at sun.reflect.DelegatingMethodAccessorImpl.invoke(DelegatingMethodAccessorImpl.java:43)
	at java.lang.reflect.Method.invoke(Method.java:498)
	at org.junit.runners.model.FrameworkMethod$1.runReflectiveCall(FrameworkMethod.java:50)
	at org.junit.internal.runners.model.ReflectiveCallable.run(ReflectiveCallable.java:12)
	at org.junit.runners.model.FrameworkMethod.invokeExplosively(FrameworkMethod.java:47)
	at org.junit.internal.runners.statements.InvokeMethod.evaluate(InvokeMethod.java:17)
	at org.junit.internal.runners.statements.FailOnTimeout$CallableStatement.call(FailOnTimeout.java:298)
	at org.junit.internal.runners.statements.FailOnTimeout$CallableStatement.call(FailOnTimeout.java:292)
	at java.util.concurrent.FutureTask.run(FutureTask.java:266)
	at java.lang.Thread.run(Thread.java:748)
38) test087(com.google.javascript.jscomp.TypeInference_ESTest)
org.evosuite.runtime.mock.java.lang.MockIllegalStateException: 72
	at com.google.javascript.rhino.Token.name(Token.java:287)
	at com.google.javascript.rhino.Node.toString(Node.java:951)
	at com.google.javascript.rhino.Node.toString(Node.java:942)
	at com.google.javascript.rhino.Node.toString(Node.java:934)
	at java.lang.String.valueOf(String.java:2994)
	at java.lang.StringBuilder.append(StringBuilder.java:131)
	at com.google.javascript.jscomp.graph.Graph.getNodeOrFail(Graph.java:222)
	at com.google.javascript.jscomp.graph.LinkedDirectedGraph.getOutEdges(LinkedDirectedGraph.java:129)
	at com.google.javascript.jscomp.TypeInference.branchedFlowThrough(TypeInference.java:205)
	at com.google.javascript.jscomp.TypeInference_ESTest.test087(TypeInference_ESTest.java:2097)
	at sun.reflect.NativeMethodAccessorImpl.invoke0(Native Method)
	at sun.reflect.NativeMethodAccessorImpl.invoke(NativeMethodAccessorImpl.java:62)
	at sun.reflect.DelegatingMethodAccessorImpl.invoke(DelegatingMethodAccessorImpl.java:43)
	at java.lang.reflect.Method.invoke(Method.java:498)
	at org.junit.runners.model.FrameworkMethod$1.runReflectiveCall(FrameworkMethod.java:50)
	at org.junit.internal.runners.model.ReflectiveCallable.run(ReflectiveCallable.java:12)
	at org.junit.runners.model.FrameworkMethod.invokeExplosively(FrameworkMethod.java:47)
	at org.junit.internal.runners.statements.InvokeMethod.evaluate(InvokeMethod.java:17)
	at org.junit.internal.runners.statements.FailOnTimeout$CallableStatement.call(FailOnTimeout.java:298)
	at org.junit.internal.runners.statements.FailOnTimeout$CallableStatement.call(FailOnTimeout.java:292)
	at java.util.concurrent.FutureTask.run(FutureTask.java:266)
	at java.lang.Thread.run(Thread.java:748)
39) test120(com.google.javascript.jscomp.TypeInference_ESTest)
java.lang.NullPointerException
	at com.google.javascript.jscomp.TypeInference.traverseAdd(TypeInference.java:796)
	at com.google.javascript.jscomp.TypeInference.traverse(TypeInference.java:349)
	at com.google.javascript.jscomp.TypeInference.flowThrough(TypeInference.java:188)
	at com.google.javascript.jscomp.TypeInference.branchedFlowThrough(TypeInference.java:200)
	at com.google.javascript.jscomp.TypeInference_ESTest.test120(TypeInference_ESTest.java:2889)
	at sun.reflect.NativeMethodAccessorImpl.invoke0(Native Method)
	at sun.reflect.NativeMethodAccessorImpl.invoke(NativeMethodAccessorImpl.java:62)
	at sun.reflect.DelegatingMethodAccessorImpl.invoke(DelegatingMethodAccessorImpl.java:43)
	at java.lang.reflect.Method.invoke(Method.java:498)
	at org.junit.runners.model.FrameworkMethod$1.runReflectiveCall(FrameworkMethod.java:50)
	at org.junit.internal.runners.model.ReflectiveCallable.run(ReflectiveCallable.java:12)
	at org.junit.runners.model.FrameworkMethod.invokeExplosively(FrameworkMethod.java:47)
	at org.junit.internal.runners.statements.InvokeMethod.evaluate(InvokeMethod.java:17)
	at org.junit.internal.runners.statements.FailOnTimeout$CallableStatement.call(FailOnTimeout.java:298)
	at org.junit.internal.runners.statements.FailOnTimeout$CallableStatement.call(FailOnTimeout.java:292)
	at java.util.concurrent.FutureTask.run(FutureTask.java:266)
	at java.lang.Thread.run(Thread.java:748)
40) test001(com.google.javascript.jscomp.TypeInference_ESTest)
java.lang.NullPointerException
	at com.google.javascript.jscomp.TypeInference.getBooleanOutcomes(TypeInference.java:1494)
	at com.google.javascript.jscomp.TypeInference_ESTest.test001(TypeInference_ESTest.java:83)
	at sun.reflect.NativeMethodAccessorImpl.invoke0(Native Method)
	at sun.reflect.NativeMethodAccessorImpl.invoke(NativeMethodAccessorImpl.java:62)
	at sun.reflect.DelegatingMethodAccessorImpl.invoke(DelegatingMethodAccessorImpl.java:43)
	at java.lang.reflect.Method.invoke(Method.java:498)
	at org.junit.runners.model.FrameworkMethod$1.runReflectiveCall(FrameworkMethod.java:50)
	at org.junit.internal.runners.model.ReflectiveCallable.run(ReflectiveCallable.java:12)
	at org.junit.runners.model.FrameworkMethod.invokeExplosively(FrameworkMethod.java:47)
	at org.junit.internal.runners.statements.InvokeMethod.evaluate(InvokeMethod.java:17)
	at org.junit.internal.runners.statements.FailOnTimeout$CallableStatement.call(FailOnTimeout.java:298)
	at org.junit.internal.runners.statements.FailOnTimeout$CallableStatement.call(FailOnTimeout.java:292)
	at java.util.concurrent.FutureTask.run(FutureTask.java:266)
	at java.lang.Thread.run(Thread.java:748)
41) test089(com.google.javascript.jscomp.TypeInference_ESTest)
org.evosuite.runtime.mock.java.lang.MockIllegalStateException: 69
	at com.google.javascript.rhino.Token.name(Token.java:287)
	at com.google.javascript.rhino.Node.toString(Node.java:951)
	at com.google.javascript.rhino.Node.toString(Node.java:942)
	at com.google.javascript.rhino.Node.toString(Node.java:934)
	at java.lang.String.valueOf(String.java:2994)
	at java.lang.StringBuilder.append(StringBuilder.java:131)
	at com.google.javascript.jscomp.graph.Graph.getNodeOrFail(Graph.java:222)
	at com.google.javascript.jscomp.graph.LinkedDirectedGraph.getOutEdges(LinkedDirectedGraph.java:129)
	at com.google.javascript.jscomp.TypeInference.branchedFlowThrough(TypeInference.java:205)
	at com.google.javascript.jscomp.TypeInference_ESTest.test089(TypeInference_ESTest.java:2145)
	at sun.reflect.NativeMethodAccessorImpl.invoke0(Native Method)
	at sun.reflect.NativeMethodAccessorImpl.invoke(NativeMethodAccessorImpl.java:62)
	at sun.reflect.DelegatingMethodAccessorImpl.invoke(DelegatingMethodAccessorImpl.java:43)
	at java.lang.reflect.Method.invoke(Method.java:498)
	at org.junit.runners.model.FrameworkMethod$1.runReflectiveCall(FrameworkMethod.java:50)
	at org.junit.internal.runners.model.ReflectiveCallable.run(ReflectiveCallable.java:12)
	at org.junit.runners.model.FrameworkMethod.invokeExplosively(FrameworkMethod.java:47)
	at org.junit.internal.runners.statements.InvokeMethod.evaluate(InvokeMethod.java:17)
	at org.junit.internal.runners.statements.FailOnTimeout$CallableStatement.call(FailOnTimeout.java:298)
	at org.junit.internal.runners.statements.FailOnTimeout$CallableStatement.call(FailOnTimeout.java:292)
	at java.util.concurrent.FutureTask.run(FutureTask.java:266)
	at java.lang.Thread.run(Thread.java:748)
42) test000(com.google.javascript.jscomp.TypeInference_ESTest)
org.evosuite.runtime.mock.java.lang.MockIllegalArgumentException: AND fR does not exist in graph
	at com.google.javascript.jscomp.graph.Graph.getNodeOrFail(Graph.java:222)
	at com.google.javascript.jscomp.graph.LinkedDirectedGraph.getOutEdges(LinkedDirectedGraph.java:129)
	at com.google.javascript.jscomp.TypeInference.branchedFlowThrough(TypeInference.java:205)
	at com.google.javascript.jscomp.TypeInference_ESTest.test000(TypeInference_ESTest.java:67)
	at sun.reflect.NativeMethodAccessorImpl.invoke0(Native Method)
	at sun.reflect.NativeMethodAccessorImpl.invoke(NativeMethodAccessorImpl.java:62)
	at sun.reflect.DelegatingMethodAccessorImpl.invoke(DelegatingMethodAccessorImpl.java:43)
	at java.lang.reflect.Method.invoke(Method.java:498)
	at org.junit.runners.model.FrameworkMethod$1.runReflectiveCall(FrameworkMethod.java:50)
	at org.junit.internal.runners.model.ReflectiveCallable.run(ReflectiveCallable.java:12)
	at org.junit.runners.model.FrameworkMethod.invokeExplosively(FrameworkMethod.java:47)
	at org.junit.internal.runners.statements.InvokeMethod.evaluate(InvokeMethod.java:17)
	at org.junit.internal.runners.statements.FailOnTimeout$CallableStatement.call(FailOnTimeout.java:298)
	at org.junit.internal.runners.statements.FailOnTimeout$CallableStatement.call(FailOnTimeout.java:292)
	at java.util.concurrent.FutureTask.run(FutureTask.java:266)
	at java.lang.Thread.run(Thread.java:748)
43) test088(com.google.javascript.jscomp.TypeInference_ESTest)
org.evosuite.runtime.mock.java.lang.MockIllegalStateException: 71
	at com.google.javascript.rhino.Token.name(Token.java:287)
	at com.google.javascript.rhino.Node.toString(Node.java:951)
	at com.google.javascript.rhino.Node.toString(Node.java:942)
	at com.google.javascript.rhino.Node.toString(Node.java:934)
	at java.lang.String.valueOf(String.java:2994)
	at java.lang.StringBuilder.append(StringBuilder.java:131)
	at com.google.javascript.jscomp.graph.Graph.getNodeOrFail(Graph.java:222)
	at com.google.javascript.jscomp.graph.LinkedDirectedGraph.getOutEdges(LinkedDirectedGraph.java:129)
	at com.google.javascript.jscomp.TypeInference.branchedFlowThrough(TypeInference.java:205)
	at com.google.javascript.jscomp.TypeInference_ESTest.test088(TypeInference_ESTest.java:2121)
	at sun.reflect.NativeMethodAccessorImpl.invoke0(Native Method)
	at sun.reflect.NativeMethodAccessorImpl.invoke(NativeMethodAccessorImpl.java:62)
	at sun.reflect.DelegatingMethodAccessorImpl.invoke(DelegatingMethodAccessorImpl.java:43)
	at java.lang.reflect.Method.invoke(Method.java:498)
	at org.junit.runners.model.FrameworkMethod$1.runReflectiveCall(FrameworkMethod.java:50)
	at org.junit.internal.runners.model.ReflectiveCallable.run(ReflectiveCallable.java:12)
	at org.junit.runners.model.FrameworkMethod.invokeExplosively(FrameworkMethod.java:47)
	at org.junit.internal.runners.statements.InvokeMethod.evaluate(InvokeMethod.java:17)
	at org.junit.internal.runners.statements.FailOnTimeout$CallableStatement.call(FailOnTimeout.java:298)
	at org.junit.internal.runners.statements.FailOnTimeout$CallableStatement.call(FailOnTimeout.java:292)
	at java.util.concurrent.FutureTask.run(FutureTask.java:266)
	at java.lang.Thread.run(Thread.java:748)
44) test121(com.google.javascript.jscomp.TypeInference_ESTest)
org.evosuite.runtime.mock.java.lang.MockIllegalArgumentException: LSH }4-7cMN/GOZ : number does not exist in graph
	at com.google.javascript.jscomp.graph.Graph.getNodeOrFail(Graph.java:222)
	at com.google.javascript.jscomp.graph.LinkedDirectedGraph.getOutEdges(LinkedDirectedGraph.java:129)
	at com.google.javascript.jscomp.TypeInference.branchedFlowThrough(TypeInference.java:205)
	at com.google.javascript.jscomp.TypeInference_ESTest.test121(TypeInference_ESTest.java:2912)
	at sun.reflect.NativeMethodAccessorImpl.invoke0(Native Method)
	at sun.reflect.NativeMethodAccessorImpl.invoke(NativeMethodAccessorImpl.java:62)
	at sun.reflect.DelegatingMethodAccessorImpl.invoke(DelegatingMethodAccessorImpl.java:43)
	at java.lang.reflect.Method.invoke(Method.java:498)
	at org.junit.runners.model.FrameworkMethod$1.runReflectiveCall(FrameworkMethod.java:50)
	at org.junit.internal.runners.model.ReflectiveCallable.run(ReflectiveCallable.java:12)
	at org.junit.runners.model.FrameworkMethod.invokeExplosively(FrameworkMethod.java:47)
	at org.junit.internal.runners.statements.InvokeMethod.evaluate(InvokeMethod.java:17)
	at org.junit.internal.runners.statements.FailOnTimeout$CallableStatement.call(FailOnTimeout.java:298)
	at org.junit.internal.runners.statements.FailOnTimeout$CallableStatement.call(FailOnTimeout.java:292)
	at java.util.concurrent.FutureTask.run(FutureTask.java:266)
	at java.lang.Thread.run(Thread.java:748)
45) test113(com.google.javascript.jscomp.TypeInference_ESTest)
org.evosuite.runtime.mock.java.lang.MockIllegalArgumentException: COMMA : string does not exist in graph
	at com.google.javascript.jscomp.graph.Graph.getNodeOrFail(Graph.java:222)
	at com.google.javascript.jscomp.graph.LinkedDirectedGraph.getOutEdges(LinkedDirectedGraph.java:129)
	at com.google.javascript.jscomp.TypeInference.branchedFlowThrough(TypeInference.java:205)
	at com.google.javascript.jscomp.TypeInference_ESTest.test113(TypeInference_ESTest.java:2712)
	at sun.reflect.NativeMethodAccessorImpl.invoke0(Native Method)
	at sun.reflect.NativeMethodAccessorImpl.invoke(NativeMethodAccessorImpl.java:62)
	at sun.reflect.DelegatingMethodAccessorImpl.invoke(DelegatingMethodAccessorImpl.java:43)
	at java.lang.reflect.Method.invoke(Method.java:498)
	at org.junit.runners.model.FrameworkMethod$1.runReflectiveCall(FrameworkMethod.java:50)
	at org.junit.internal.runners.model.ReflectiveCallable.run(ReflectiveCallable.java:12)
	at org.junit.runners.model.FrameworkMethod.invokeExplosively(FrameworkMethod.java:47)
	at org.junit.internal.runners.statements.InvokeMethod.evaluate(InvokeMethod.java:17)
	at org.junit.internal.runners.statements.FailOnTimeout$CallableStatement.call(FailOnTimeout.java:298)
	at org.junit.internal.runners.statements.FailOnTimeout$CallableStatement.call(FailOnTimeout.java:292)
	at java.util.concurrent.FutureTask.run(FutureTask.java:266)
	at java.lang.Thread.run(Thread.java:748)
46) test079(com.google.javascript.jscomp.TypeInference_ESTest)
org.evosuite.runtime.mock.java.lang.MockIllegalArgumentException: ASSIGN_LSH @[O!f]'#F"$IGiPYyM- : number does not exist in graph
	at com.google.javascript.jscomp.graph.Graph.getNodeOrFail(Graph.java:222)
	at com.google.javascript.jscomp.graph.LinkedDirectedGraph.getOutEdges(LinkedDirectedGraph.java:129)
	at com.google.javascript.jscomp.TypeInference.branchedFlowThrough(TypeInference.java:205)
	at com.google.javascript.jscomp.TypeInference_ESTest.test079(TypeInference_ESTest.java:1918)
	at sun.reflect.NativeMethodAccessorImpl.invoke0(Native Method)
	at sun.reflect.NativeMethodAccessorImpl.invoke(NativeMethodAccessorImpl.java:62)
	at sun.reflect.DelegatingMethodAccessorImpl.invoke(DelegatingMethodAccessorImpl.java:43)
	at java.lang.reflect.Method.invoke(Method.java:498)
	at org.junit.runners.model.FrameworkMethod$1.runReflectiveCall(FrameworkMethod.java:50)
	at org.junit.internal.runners.model.ReflectiveCallable.run(ReflectiveCallable.java:12)
	at org.junit.runners.model.FrameworkMethod.invokeExplosively(FrameworkMethod.java:47)
	at org.junit.internal.runners.statements.InvokeMethod.evaluate(InvokeMethod.java:17)
	at org.junit.internal.runners.statements.FailOnTimeout$CallableStatement.call(FailOnTimeout.java:298)
	at org.junit.internal.runners.statements.FailOnTimeout$CallableStatement.call(FailOnTimeout.java:292)
	at java.util.concurrent.FutureTask.run(FutureTask.java:266)
	at java.lang.Thread.run(Thread.java:748)
47) test112(com.google.javascript.jscomp.TypeInference_ESTest)
org.evosuite.runtime.mock.java.lang.MockIllegalStateException: 34
	at com.google.javascript.rhino.Token.name(Token.java:287)
	at com.google.javascript.rhino.Node.toString(Node.java:951)
	at com.google.javascript.rhino.Node.toString(Node.java:942)
	at com.google.javascript.rhino.Node.toString(Node.java:934)
	at java.lang.String.valueOf(String.java:2994)
	at java.lang.StringBuilder.append(StringBuilder.java:131)
	at com.google.javascript.jscomp.graph.Graph.getNodeOrFail(Graph.java:222)
	at com.google.javascript.jscomp.graph.LinkedDirectedGraph.getOutEdges(LinkedDirectedGraph.java:129)
	at com.google.javascript.jscomp.TypeInference.branchedFlowThrough(TypeInference.java:205)
	at com.google.javascript.jscomp.TypeInference_ESTest.test112(TypeInference_ESTest.java:2683)
	at sun.reflect.NativeMethodAccessorImpl.invoke0(Native Method)
	at sun.reflect.NativeMethodAccessorImpl.invoke(NativeMethodAccessorImpl.java:62)
	at sun.reflect.DelegatingMethodAccessorImpl.invoke(DelegatingMethodAccessorImpl.java:43)
	at java.lang.reflect.Method.invoke(Method.java:498)
	at org.junit.runners.model.FrameworkMethod$1.runReflectiveCall(FrameworkMethod.java:50)
	at org.junit.internal.runners.model.ReflectiveCallable.run(ReflectiveCallable.java:12)
	at org.junit.runners.model.FrameworkMethod.invokeExplosively(FrameworkMethod.java:47)
	at org.junit.internal.runners.statements.InvokeMethod.evaluate(InvokeMethod.java:17)
	at org.junit.internal.runners.statements.FailOnTimeout$CallableStatement.call(FailOnTimeout.java:298)
	at org.junit.internal.runners.statements.FailOnTimeout$CallableStatement.call(FailOnTimeout.java:292)
	at java.util.concurrent.FutureTask.run(FutureTask.java:266)
	at java.lang.Thread.run(Thread.java:748)
48) test115(com.google.javascript.jscomp.TypeInference_ESTest)
org.evosuite.runtime.mock.java.lang.MockIllegalArgumentException: BITNOT pd)P*v+ : number does not exist in graph
	at com.google.javascript.jscomp.graph.Graph.getNodeOrFail(Graph.java:222)
	at com.google.javascript.jscomp.graph.LinkedDirectedGraph.getOutEdges(LinkedDirectedGraph.java:129)
	at com.google.javascript.jscomp.TypeInference.branchedFlowThrough(TypeInference.java:205)
	at com.google.javascript.jscomp.TypeInference_ESTest.test115(TypeInference_ESTest.java:2762)
	at sun.reflect.NativeMethodAccessorImpl.invoke0(Native Method)
	at sun.reflect.NativeMethodAccessorImpl.invoke(NativeMethodAccessorImpl.java:62)
	at sun.reflect.DelegatingMethodAccessorImpl.invoke(DelegatingMethodAccessorImpl.java:43)
	at java.lang.reflect.Method.invoke(Method.java:498)
	at org.junit.runners.model.FrameworkMethod$1.runReflectiveCall(FrameworkMethod.java:50)
	at org.junit.internal.runners.model.ReflectiveCallable.run(ReflectiveCallable.java:12)
	at org.junit.runners.model.FrameworkMethod.invokeExplosively(FrameworkMethod.java:47)
	at org.junit.internal.runners.statements.InvokeMethod.evaluate(InvokeMethod.java:17)
	at org.junit.internal.runners.statements.FailOnTimeout$CallableStatement.call(FailOnTimeout.java:298)
	at org.junit.internal.runners.statements.FailOnTimeout$CallableStatement.call(FailOnTimeout.java:292)
	at java.util.concurrent.FutureTask.run(FutureTask.java:266)
	at java.lang.Thread.run(Thread.java:748)
49) test114(com.google.javascript.jscomp.TypeInference_ESTest)
java.lang.NullPointerException
	at com.google.javascript.jscomp.TypeInference.traverse(TypeInference.java:308)
	at com.google.javascript.jscomp.TypeInference.traverse(TypeInference.java:354)
	at com.google.javascript.jscomp.TypeInference.flowThrough(TypeInference.java:188)
	at com.google.javascript.jscomp.TypeInference.branchedFlowThrough(TypeInference.java:200)
	at com.google.javascript.jscomp.TypeInference_ESTest.test114(TypeInference_ESTest.java:2739)
	at sun.reflect.NativeMethodAccessorImpl.invoke0(Native Method)
	at sun.reflect.NativeMethodAccessorImpl.invoke(NativeMethodAccessorImpl.java:62)
	at sun.reflect.DelegatingMethodAccessorImpl.invoke(DelegatingMethodAccessorImpl.java:43)
	at java.lang.reflect.Method.invoke(Method.java:498)
	at org.junit.runners.model.FrameworkMethod$1.runReflectiveCall(FrameworkMethod.java:50)
	at org.junit.internal.runners.model.ReflectiveCallable.run(ReflectiveCallable.java:12)
	at org.junit.runners.model.FrameworkMethod.invokeExplosively(FrameworkMethod.java:47)
	at org.junit.internal.runners.statements.InvokeMethod.evaluate(InvokeMethod.java:17)
	at org.junit.internal.runners.statements.FailOnTimeout$CallableStatement.call(FailOnTimeout.java:298)
	at org.junit.internal.runners.statements.FailOnTimeout$CallableStatement.call(FailOnTimeout.java:292)
	at java.util.concurrent.FutureTask.run(FutureTask.java:266)
	at java.lang.Thread.run(Thread.java:748)
50) test117(com.google.javascript.jscomp.TypeInference_ESTest)
org.evosuite.runtime.mock.java.lang.MockIllegalArgumentException: MOD JSC_FUNCTION_LITERAL_UNDEFINED_THIS : number does not exist in graph
	at com.google.javascript.jscomp.graph.Graph.getNodeOrFail(Graph.java:222)
	at com.google.javascript.jscomp.graph.LinkedDirectedGraph.getOutEdges(LinkedDirectedGraph.java:129)
	at com.google.javascript.jscomp.TypeInference.branchedFlowThrough(TypeInference.java:205)
	at com.google.javascript.jscomp.TypeInference_ESTest.test117(TypeInference_ESTest.java:2819)
	at sun.reflect.NativeMethodAccessorImpl.invoke0(Native Method)
	at sun.reflect.NativeMethodAccessorImpl.invoke(NativeMethodAccessorImpl.java:62)
	at sun.reflect.DelegatingMethodAccessorImpl.invoke(DelegatingMethodAccessorImpl.java:43)
	at java.lang.reflect.Method.invoke(Method.java:498)
	at org.junit.runners.model.FrameworkMethod$1.runReflectiveCall(FrameworkMethod.java:50)
	at org.junit.internal.runners.model.ReflectiveCallable.run(ReflectiveCallable.java:12)
	at org.junit.runners.model.FrameworkMethod.invokeExplosively(FrameworkMethod.java:47)
	at org.junit.internal.runners.statements.InvokeMethod.evaluate(InvokeMethod.java:17)
	at org.junit.internal.runners.statements.FailOnTimeout$CallableStatement.call(FailOnTimeout.java:298)
	at org.junit.internal.runners.statements.FailOnTimeout$CallableStatement.call(FailOnTimeout.java:292)
	at java.util.concurrent.FutureTask.run(FutureTask.java:266)
	at java.lang.Thread.run(Thread.java:748)
51) test116(com.google.javascript.jscomp.TypeInference_ESTest)
org.evosuite.runtime.mock.java.lang.MockIllegalArgumentException: NOT : boolean does not exist in graph
	at com.google.javascript.jscomp.graph.Graph.getNodeOrFail(Graph.java:222)
	at com.google.javascript.jscomp.graph.LinkedDirectedGraph.getOutEdges(LinkedDirectedGraph.java:129)
	at com.google.javascript.jscomp.TypeInference.branchedFlowThrough(TypeInference.java:205)
	at com.google.javascript.jscomp.TypeInference_ESTest.test116(TypeInference_ESTest.java:2791)
	at sun.reflect.NativeMethodAccessorImpl.invoke0(Native Method)
	at sun.reflect.NativeMethodAccessorImpl.invoke(NativeMethodAccessorImpl.java:62)
	at sun.reflect.DelegatingMethodAccessorImpl.invoke(DelegatingMethodAccessorImpl.java:43)
	at java.lang.reflect.Method.invoke(Method.java:498)
	at org.junit.runners.model.FrameworkMethod$1.runReflectiveCall(FrameworkMethod.java:50)
	at org.junit.internal.runners.model.ReflectiveCallable.run(ReflectiveCallable.java:12)
	at org.junit.runners.model.FrameworkMethod.invokeExplosively(FrameworkMethod.java:47)
	at org.junit.internal.runners.statements.InvokeMethod.evaluate(InvokeMethod.java:17)
	at org.junit.internal.runners.statements.FailOnTimeout$CallableStatement.call(FailOnTimeout.java:298)
	at org.junit.internal.runners.statements.FailOnTimeout$CallableStatement.call(FailOnTimeout.java:292)
	at java.util.concurrent.FutureTask.run(FutureTask.java:266)
	at java.lang.Thread.run(Thread.java:748)
52) test119(com.google.javascript.jscomp.TypeInference_ESTest)
org.evosuite.runtime.mock.java.lang.MockIllegalArgumentException: MUL pd)P*v+ : number does not exist in graph
	at com.google.javascript.jscomp.graph.Graph.getNodeOrFail(Graph.java:222)
	at com.google.javascript.jscomp.graph.LinkedDirectedGraph.getOutEdges(LinkedDirectedGraph.java:129)
	at com.google.javascript.jscomp.TypeInference.branchedFlowThrough(TypeInference.java:205)
	at com.google.javascript.jscomp.TypeInference_ESTest.test119(TypeInference_ESTest.java:2865)
	at sun.reflect.NativeMethodAccessorImpl.invoke0(Native Method)
	at sun.reflect.NativeMethodAccessorImpl.invoke(NativeMethodAccessorImpl.java:62)
	at sun.reflect.DelegatingMethodAccessorImpl.invoke(DelegatingMethodAccessorImpl.java:43)
	at java.lang.reflect.Method.invoke(Method.java:498)
	at org.junit.runners.model.FrameworkMethod$1.runReflectiveCall(FrameworkMethod.java:50)
	at org.junit.internal.runners.model.ReflectiveCallable.run(ReflectiveCallable.java:12)
	at org.junit.runners.model.FrameworkMethod.invokeExplosively(FrameworkMethod.java:47)
	at org.junit.internal.runners.statements.InvokeMethod.evaluate(InvokeMethod.java:17)
	at org.junit.internal.runners.statements.FailOnTimeout$CallableStatement.call(FailOnTimeout.java:298)
	at org.junit.internal.runners.statements.FailOnTimeout$CallableStatement.call(FailOnTimeout.java:292)
	at java.util.concurrent.FutureTask.run(FutureTask.java:266)
	at java.lang.Thread.run(Thread.java:748)
53) test118(com.google.javascript.jscomp.TypeInference_ESTest)
org.evosuite.runtime.mock.java.lang.MockIllegalArgumentException: DIV  : number does not exist in graph
	at com.google.javascript.jscomp.graph.Graph.getNodeOrFail(Graph.java:222)
	at com.google.javascript.jscomp.graph.LinkedDirectedGraph.getOutEdges(LinkedDirectedGraph.java:129)
	at com.google.javascript.jscomp.TypeInference.branchedFlowThrough(TypeInference.java:205)
	at com.google.javascript.jscomp.TypeInference_ESTest.test118(TypeInference_ESTest.java:2842)
	at sun.reflect.NativeMethodAccessorImpl.invoke0(Native Method)
	at sun.reflect.NativeMethodAccessorImpl.invoke(NativeMethodAccessorImpl.java:62)
	at sun.reflect.DelegatingMethodAccessorImpl.invoke(DelegatingMethodAccessorImpl.java:43)
	at java.lang.reflect.Method.invoke(Method.java:498)
	at org.junit.runners.model.FrameworkMethod$1.runReflectiveCall(FrameworkMethod.java:50)
	at org.junit.internal.runners.model.ReflectiveCallable.run(ReflectiveCallable.java:12)
	at org.junit.runners.model.FrameworkMethod.invokeExplosively(FrameworkMethod.java:47)
	at org.junit.internal.runners.statements.InvokeMethod.evaluate(InvokeMethod.java:17)
	at org.junit.internal.runners.statements.FailOnTimeout$CallableStatement.call(FailOnTimeout.java:298)
	at org.junit.internal.runners.statements.FailOnTimeout$CallableStatement.call(FailOnTimeout.java:292)
	at java.util.concurrent.FutureTask.run(FutureTask.java:266)
	at java.lang.Thread.run(Thread.java:748)
54) test090(com.google.javascript.jscomp.TypeInference_ESTest)
org.evosuite.runtime.mock.java.lang.MockIllegalStateException: 68
	at com.google.javascript.rhino.Token.name(Token.java:287)
	at com.google.javascript.rhino.Node.toString(Node.java:951)
	at com.google.javascript.rhino.Node.toString(Node.java:942)
	at com.google.javascript.rhino.Node.toString(Node.java:934)
	at java.lang.String.valueOf(String.java:2994)
	at java.lang.StringBuilder.append(StringBuilder.java:131)
	at com.google.javascript.jscomp.graph.Graph.getNodeOrFail(Graph.java:222)
	at com.google.javascript.jscomp.graph.LinkedDirectedGraph.getOutEdges(LinkedDirectedGraph.java:129)
	at com.google.javascript.jscomp.TypeInference.branchedFlowThrough(TypeInference.java:205)
	at com.google.javascript.jscomp.TypeInference_ESTest.test090(TypeInference_ESTest.java:2170)
	at sun.reflect.NativeMethodAccessorImpl.invoke0(Native Method)
	at sun.reflect.NativeMethodAccessorImpl.invoke(NativeMethodAccessorImpl.java:62)
	at sun.reflect.DelegatingMethodAccessorImpl.invoke(DelegatingMethodAccessorImpl.java:43)
	at java.lang.reflect.Method.invoke(Method.java:498)
	at org.junit.runners.model.FrameworkMethod$1.runReflectiveCall(FrameworkMethod.java:50)
	at org.junit.internal.runners.model.ReflectiveCallable.run(ReflectiveCallable.java:12)
	at org.junit.runners.model.FrameworkMethod.invokeExplosively(FrameworkMethod.java:47)
	at org.junit.internal.runners.statements.InvokeMethod.evaluate(InvokeMethod.java:17)
	at org.junit.internal.runners.statements.FailOnTimeout$CallableStatement.call(FailOnTimeout.java:298)
	at org.junit.internal.runners.statements.FailOnTimeout$CallableStatement.call(FailOnTimeout.java:292)
	at java.util.concurrent.FutureTask.run(FutureTask.java:266)
	at java.lang.Thread.run(Thread.java:748)
55) test092(com.google.javascript.jscomp.TypeInference_ESTest)
org.evosuite.runtime.mock.java.lang.MockIllegalStateException: 59
	at com.google.javascript.rhino.Token.name(Token.java:287)
	at com.google.javascript.rhino.Node.toString(Node.java:951)
	at com.google.javascript.rhino.Node.toString(Node.java:942)
	at com.google.javascript.rhino.Node.toString(Node.java:934)
	at java.lang.String.valueOf(String.java:2994)
	at java.lang.StringBuilder.append(StringBuilder.java:131)
	at com.google.javascript.jscomp.graph.Graph.getNodeOrFail(Graph.java:222)
	at com.google.javascript.jscomp.graph.LinkedDirectedGraph.getOutEdges(LinkedDirectedGraph.java:129)
	at com.google.javascript.jscomp.TypeInference.branchedFlowThrough(TypeInference.java:205)
	at com.google.javascript.jscomp.TypeInference_ESTest.test092(TypeInference_ESTest.java:2219)
	at sun.reflect.NativeMethodAccessorImpl.invoke0(Native Method)
	at sun.reflect.NativeMethodAccessorImpl.invoke(NativeMethodAccessorImpl.java:62)
	at sun.reflect.DelegatingMethodAccessorImpl.invoke(DelegatingMethodAccessorImpl.java:43)
	at java.lang.reflect.Method.invoke(Method.java:498)
	at org.junit.runners.model.FrameworkMethod$1.runReflectiveCall(FrameworkMethod.java:50)
	at org.junit.internal.runners.model.ReflectiveCallable.run(ReflectiveCallable.java:12)
	at org.junit.runners.model.FrameworkMethod.invokeExplosively(FrameworkMethod.java:47)
	at org.junit.internal.runners.statements.InvokeMethod.evaluate(InvokeMethod.java:17)
	at org.junit.internal.runners.statements.FailOnTimeout$CallableStatement.call(FailOnTimeout.java:298)
	at org.junit.internal.runners.statements.FailOnTimeout$CallableStatement.call(FailOnTimeout.java:292)
	at java.util.concurrent.FutureTask.run(FutureTask.java:266)
	at java.lang.Thread.run(Thread.java:748)
56) test091(com.google.javascript.jscomp.TypeInference_ESTest)
org.evosuite.runtime.mock.java.lang.MockIllegalArgumentException: SHNE : boolean does not exist in graph
	at com.google.javascript.jscomp.graph.Graph.getNodeOrFail(Graph.java:222)
	at com.google.javascript.jscomp.graph.LinkedDirectedGraph.getOutEdges(LinkedDirectedGraph.java:129)
	at com.google.javascript.jscomp.TypeInference.branchedFlowThrough(TypeInference.java:205)
	at com.google.javascript.jscomp.TypeInference_ESTest.test091(TypeInference_ESTest.java:2195)
	at sun.reflect.NativeMethodAccessorImpl.invoke0(Native Method)
	at sun.reflect.NativeMethodAccessorImpl.invoke(NativeMethodAccessorImpl.java:62)
	at sun.reflect.DelegatingMethodAccessorImpl.invoke(DelegatingMethodAccessorImpl.java:43)
	at java.lang.reflect.Method.invoke(Method.java:498)
	at org.junit.runners.model.FrameworkMethod$1.runReflectiveCall(FrameworkMethod.java:50)
	at org.junit.internal.runners.model.ReflectiveCallable.run(ReflectiveCallable.java:12)
	at org.junit.runners.model.FrameworkMethod.invokeExplosively(FrameworkMethod.java:47)
	at org.junit.internal.runners.statements.InvokeMethod.evaluate(InvokeMethod.java:17)
	at org.junit.internal.runners.statements.FailOnTimeout$CallableStatement.call(FailOnTimeout.java:298)
	at org.junit.internal.runners.statements.FailOnTimeout$CallableStatement.call(FailOnTimeout.java:292)
	at java.util.concurrent.FutureTask.run(FutureTask.java:266)
	at java.lang.Thread.run(Thread.java:748)
57) test093(com.google.javascript.jscomp.TypeInference_ESTest)
org.evosuite.runtime.mock.java.lang.MockIllegalArgumentException: Multiple entries with same key: author=NOT_IMPLEMENTED and author=AUTHOR
	at com.google.common.collect.ImmutableMap.checkNoConflict(ImmutableMap.java:150)
	at com.google.common.collect.RegularImmutableMap.checkNoConflictInBucket(RegularImmutableMap.java:104)
	at com.google.common.collect.RegularImmutableMap.<init>(RegularImmutableMap.java:70)
	at com.google.common.collect.ImmutableMap$Builder.build(ImmutableMap.java:254)
	at com.google.javascript.jscomp.parsing.Config.buildAnnotationNames(Config.java:101)
	at com.google.javascript.jscomp.parsing.Config.<init>(Config.java:77)
	at com.google.javascript.jscomp.parsing.ParserRunner.createConfig(ParserRunner.java:69)
	at com.google.javascript.jscomp.Compiler.getParserConfig(Compiler.java:2106)
	at com.google.javascript.jscomp.JsAst.parse(JsAst.java:84)
	at com.google.javascript.jscomp.JsAst.getAstRoot(JsAst.java:50)
	at com.google.javascript.jscomp.Compiler.parse(Compiler.java:1573)
	at com.google.javascript.jscomp.Compiler.parseSyntheticCode(Compiler.java:1604)
	at com.google.javascript.jscomp.TypeInference_ESTest.test093(TypeInference_ESTest.java:2233)
	at sun.reflect.NativeMethodAccessorImpl.invoke0(Native Method)
	at sun.reflect.NativeMethodAccessorImpl.invoke(NativeMethodAccessorImpl.java:62)
	at sun.reflect.DelegatingMethodAccessorImpl.invoke(DelegatingMethodAccessorImpl.java:43)
	at java.lang.reflect.Method.invoke(Method.java:498)
	at org.junit.runners.model.FrameworkMethod$1.runReflectiveCall(FrameworkMethod.java:50)
	at org.junit.internal.runners.model.ReflectiveCallable.run(ReflectiveCallable.java:12)
	at org.junit.runners.model.FrameworkMethod.invokeExplosively(FrameworkMethod.java:47)
	at org.junit.internal.runners.statements.InvokeMethod.evaluate(InvokeMethod.java:17)
	at org.junit.internal.runners.statements.FailOnTimeout$CallableStatement.call(FailOnTimeout.java:298)
	at org.junit.internal.runners.statements.FailOnTimeout$CallableStatement.call(FailOnTimeout.java:292)
	at java.util.concurrent.FutureTask.run(FutureTask.java:266)
	at java.lang.Thread.run(Thread.java:748)
58) test096(com.google.javascript.jscomp.TypeInference_ESTest)
org.evosuite.runtime.mock.java.lang.MockIllegalStateException: 55
	at com.google.javascript.rhino.Token.name(Token.java:287)
	at com.google.javascript.rhino.Node.toString(Node.java:951)
	at com.google.javascript.rhino.Node.toString(Node.java:942)
	at com.google.javascript.rhino.Node.toString(Node.java:934)
	at java.lang.String.valueOf(String.java:2994)
	at java.lang.StringBuilder.append(StringBuilder.java:131)
	at com.google.javascript.jscomp.graph.Graph.getNodeOrFail(Graph.java:222)
	at com.google.javascript.jscomp.graph.LinkedDirectedGraph.getOutEdges(LinkedDirectedGraph.java:129)
	at com.google.javascript.jscomp.TypeInference.branchedFlowThrough(TypeInference.java:205)
	at com.google.javascript.jscomp.TypeInference_ESTest.test096(TypeInference_ESTest.java:2311)
	at sun.reflect.NativeMethodAccessorImpl.invoke0(Native Method)
	at sun.reflect.NativeMethodAccessorImpl.invoke(NativeMethodAccessorImpl.java:62)
	at sun.reflect.DelegatingMethodAccessorImpl.invoke(DelegatingMethodAccessorImpl.java:43)
	at java.lang.reflect.Method.invoke(Method.java:498)
	at org.junit.runners.model.FrameworkMethod$1.runReflectiveCall(FrameworkMethod.java:50)
	at org.junit.internal.runners.model.ReflectiveCallable.run(ReflectiveCallable.java:12)
	at org.junit.runners.model.FrameworkMethod.invokeExplosively(FrameworkMethod.java:47)
	at org.junit.internal.runners.statements.InvokeMethod.evaluate(InvokeMethod.java:17)
	at org.junit.internal.runners.statements.FailOnTimeout$CallableStatement.call(FailOnTimeout.java:298)
	at org.junit.internal.runners.statements.FailOnTimeout$CallableStatement.call(FailOnTimeout.java:292)
	at java.util.concurrent.FutureTask.run(FutureTask.java:266)
	at java.lang.Thread.run(Thread.java:748)
59) test010(com.google.javascript.jscomp.TypeInference_ESTest)
org.evosuite.runtime.mock.java.lang.MockIllegalArgumentException: DELPROP 176 : boolean does not exist in graph
	at com.google.javascript.jscomp.graph.Graph.getNodeOrFail(Graph.java:222)
	at com.google.javascript.jscomp.graph.LinkedDirectedGraph.getOutEdges(LinkedDirectedGraph.java:129)
	at com.google.javascript.jscomp.TypeInference.branchedFlowThrough(TypeInference.java:205)
	at com.google.javascript.jscomp.TypeInference_ESTest.test010(TypeInference_ESTest.java:291)
	at sun.reflect.NativeMethodAccessorImpl.invoke0(Native Method)
	at sun.reflect.NativeMethodAccessorImpl.invoke(NativeMethodAccessorImpl.java:62)
	at sun.reflect.DelegatingMethodAccessorImpl.invoke(DelegatingMethodAccessorImpl.java:43)
	at java.lang.reflect.Method.invoke(Method.java:498)
	at org.junit.runners.model.FrameworkMethod$1.runReflectiveCall(FrameworkMethod.java:50)
	at org.junit.internal.runners.model.ReflectiveCallable.run(ReflectiveCallable.java:12)
	at org.junit.runners.model.FrameworkMethod.invokeExplosively(FrameworkMethod.java:47)
	at org.junit.internal.runners.statements.InvokeMethod.evaluate(InvokeMethod.java:17)
	at org.junit.internal.runners.statements.FailOnTimeout$CallableStatement.call(FailOnTimeout.java:298)
	at org.junit.internal.runners.statements.FailOnTimeout$CallableStatement.call(FailOnTimeout.java:292)
	at java.util.concurrent.FutureTask.run(FutureTask.java:266)
	at java.lang.Thread.run(Thread.java:748)
60) test131(com.google.javascript.jscomp.TypeInference_ESTest)
org.evosuite.runtime.mock.java.lang.MockIllegalArgumentException: SCRIPT 1 [synthetic: com.google.javascript.rhino.Node$IntPropListItem@0000000610] [source_file: com.google.javascript.rhino.Node$ObjectPropListItem@0000000611] [input_id: com.google.javascript.rhino.Node$ObjectPropListItem@0000000612] does not have a condition.
	at com.google.javascript.jscomp.NodeUtil.getConditionExpression(NodeUtil.java:1768)
	at com.google.javascript.jscomp.TypeInference.branchedFlowThrough(TypeInference.java:246)
	at com.google.javascript.jscomp.TypeInference_ESTest.test131(TypeInference_ESTest.java:3150)
	at sun.reflect.NativeMethodAccessorImpl.invoke0(Native Method)
	at sun.reflect.NativeMethodAccessorImpl.invoke(NativeMethodAccessorImpl.java:62)
	at sun.reflect.DelegatingMethodAccessorImpl.invoke(DelegatingMethodAccessorImpl.java:43)
	at java.lang.reflect.Method.invoke(Method.java:498)
	at org.junit.runners.model.FrameworkMethod$1.runReflectiveCall(FrameworkMethod.java:50)
	at org.junit.internal.runners.model.ReflectiveCallable.run(ReflectiveCallable.java:12)
	at org.junit.runners.model.FrameworkMethod.invokeExplosively(FrameworkMethod.java:47)
	at org.junit.internal.runners.statements.InvokeMethod.evaluate(InvokeMethod.java:17)
	at org.junit.internal.runners.statements.FailOnTimeout$CallableStatement.call(FailOnTimeout.java:298)
	at org.junit.internal.runners.statements.FailOnTimeout$CallableStatement.call(FailOnTimeout.java:292)
	at java.util.concurrent.FutureTask.run(FutureTask.java:266)
	at java.lang.Thread.run(Thread.java:748)
61) test130(com.google.javascript.jscomp.TypeInference_ESTest)
org.evosuite.runtime.mock.java.lang.MockIllegalArgumentException: SCRIPT 1 [synthetic: com.google.javascript.rhino.Node$IntPropListItem@0000000610] [source_file: com.google.javascript.rhino.Node$ObjectPropListItem@0000000611] [input_id: com.google.javascript.rhino.Node$ObjectPropListItem@0000000612] does not have a condition.
	at com.google.javascript.jscomp.NodeUtil.getConditionExpression(NodeUtil.java:1768)
	at com.google.javascript.jscomp.TypeInference.branchedFlowThrough(TypeInference.java:246)
	at com.google.javascript.jscomp.TypeInference_ESTest.test130(TypeInference_ESTest.java:3126)
	at sun.reflect.NativeMethodAccessorImpl.invoke0(Native Method)
	at sun.reflect.NativeMethodAccessorImpl.invoke(NativeMethodAccessorImpl.java:62)
	at sun.reflect.DelegatingMethodAccessorImpl.invoke(DelegatingMethodAccessorImpl.java:43)
	at java.lang.reflect.Method.invoke(Method.java:498)
	at org.junit.runners.model.FrameworkMethod$1.runReflectiveCall(FrameworkMethod.java:50)
	at org.junit.internal.runners.model.ReflectiveCallable.run(ReflectiveCallable.java:12)
	at org.junit.runners.model.FrameworkMethod.invokeExplosively(FrameworkMethod.java:47)
	at org.junit.internal.runners.statements.InvokeMethod.evaluate(InvokeMethod.java:17)
	at org.junit.internal.runners.statements.FailOnTimeout$CallableStatement.call(FailOnTimeout.java:298)
	at org.junit.internal.runners.statements.FailOnTimeout$CallableStatement.call(FailOnTimeout.java:292)
	at java.util.concurrent.FutureTask.run(FutureTask.java:266)
	at java.lang.Thread.run(Thread.java:748)
62) test012(com.google.javascript.jscomp.TypeInference_ESTest)
org.evosuite.runtime.mock.java.lang.MockIllegalArgumentException: ASSIGN_BITXOR fR : number does not exist in graph
	at com.google.javascript.jscomp.graph.Graph.getNodeOrFail(Graph.java:222)
	at com.google.javascript.jscomp.graph.LinkedDirectedGraph.getOutEdges(LinkedDirectedGraph.java:129)
	at com.google.javascript.jscomp.TypeInference.branchedFlowThrough(TypeInference.java:205)
	at com.google.javascript.jscomp.TypeInference_ESTest.test012(TypeInference_ESTest.java:339)
	at sun.reflect.NativeMethodAccessorImpl.invoke0(Native Method)
	at sun.reflect.NativeMethodAccessorImpl.invoke(NativeMethodAccessorImpl.java:62)
	at sun.reflect.DelegatingMethodAccessorImpl.invoke(DelegatingMethodAccessorImpl.java:43)
	at java.lang.reflect.Method.invoke(Method.java:498)
	at org.junit.runners.model.FrameworkMethod$1.runReflectiveCall(FrameworkMethod.java:50)
	at org.junit.internal.runners.model.ReflectiveCallable.run(ReflectiveCallable.java:12)
	at org.junit.runners.model.FrameworkMethod.invokeExplosively(FrameworkMethod.java:47)
	at org.junit.internal.runners.statements.InvokeMethod.evaluate(InvokeMethod.java:17)
	at org.junit.internal.runners.statements.FailOnTimeout$CallableStatement.call(FailOnTimeout.java:298)
	at org.junit.internal.runners.statements.FailOnTimeout$CallableStatement.call(FailOnTimeout.java:292)
	at java.util.concurrent.FutureTask.run(FutureTask.java:266)
	at java.lang.Thread.run(Thread.java:748)
63) test133(com.google.javascript.jscomp.TypeInference_ESTest)
java.lang.NullPointerException
	at com.google.javascript.jscomp.TypeInference.traverseAssign(TypeInference.java:509)
	at com.google.javascript.jscomp.TypeInference.traverse(TypeInference.java:310)
	at com.google.javascript.jscomp.TypeInference.flowThrough(TypeInference.java:188)
	at com.google.javascript.jscomp.TypeInference.branchedFlowThrough(TypeInference.java:200)
	at com.google.javascript.jscomp.TypeInference_ESTest.test133(TypeInference_ESTest.java:3190)
	at sun.reflect.NativeMethodAccessorImpl.invoke0(Native Method)
	at sun.reflect.NativeMethodAccessorImpl.invoke(NativeMethodAccessorImpl.java:62)
	at sun.reflect.DelegatingMethodAccessorImpl.invoke(DelegatingMethodAccessorImpl.java:43)
	at java.lang.reflect.Method.invoke(Method.java:498)
	at org.junit.runners.model.FrameworkMethod$1.runReflectiveCall(FrameworkMethod.java:50)
	at org.junit.internal.runners.model.ReflectiveCallable.run(ReflectiveCallable.java:12)
	at org.junit.runners.model.FrameworkMethod.invokeExplosively(FrameworkMethod.java:47)
	at org.junit.internal.runners.statements.InvokeMethod.evaluate(InvokeMethod.java:17)
	at org.junit.internal.runners.statements.FailOnTimeout$CallableStatement.call(FailOnTimeout.java:298)
	at org.junit.internal.runners.statements.FailOnTimeout$CallableStatement.call(FailOnTimeout.java:292)
	at java.util.concurrent.FutureTask.run(FutureTask.java:266)
	at java.lang.Thread.run(Thread.java:748)
64) test011(com.google.javascript.jscomp.TypeInference_ESTest)
org.evosuite.runtime.mock.java.lang.MockIllegalArgumentException: ASSIGN_BITAND  : number does not exist in graph
	at com.google.javascript.jscomp.graph.Graph.getNodeOrFail(Graph.java:222)
	at com.google.javascript.jscomp.graph.LinkedDirectedGraph.getOutEdges(LinkedDirectedGraph.java:129)
	at com.google.javascript.jscomp.TypeInference.branchedFlowThrough(TypeInference.java:205)
	at com.google.javascript.jscomp.TypeInference_ESTest.test011(TypeInference_ESTest.java:315)
	at sun.reflect.NativeMethodAccessorImpl.invoke0(Native Method)
	at sun.reflect.NativeMethodAccessorImpl.invoke(NativeMethodAccessorImpl.java:62)
	at sun.reflect.DelegatingMethodAccessorImpl.invoke(DelegatingMethodAccessorImpl.java:43)
	at java.lang.reflect.Method.invoke(Method.java:498)
	at org.junit.runners.model.FrameworkMethod$1.runReflectiveCall(FrameworkMethod.java:50)
	at org.junit.internal.runners.model.ReflectiveCallable.run(ReflectiveCallable.java:12)
	at org.junit.runners.model.FrameworkMethod.invokeExplosively(FrameworkMethod.java:47)
	at org.junit.internal.runners.statements.InvokeMethod.evaluate(InvokeMethod.java:17)
	at org.junit.internal.runners.statements.FailOnTimeout$CallableStatement.call(FailOnTimeout.java:298)
	at org.junit.internal.runners.statements.FailOnTimeout$CallableStatement.call(FailOnTimeout.java:292)
	at java.util.concurrent.FutureTask.run(FutureTask.java:266)
	at java.lang.Thread.run(Thread.java:748)
65) test003(com.google.javascript.jscomp.TypeInference_ESTest)
java.lang.NullPointerException
	at com.google.javascript.jscomp.Compiler.getTypeRegistry(Compiler.java:1205)
	at com.google.javascript.jscomp.TypeInference.<init>(TypeInference.java:93)
	at com.google.javascript.jscomp.TypeInference_ESTest.test003(TypeInference_ESTest.java:133)
	at sun.reflect.NativeMethodAccessorImpl.invoke0(Native Method)
	at sun.reflect.NativeMethodAccessorImpl.invoke(NativeMethodAccessorImpl.java:62)
	at sun.reflect.DelegatingMethodAccessorImpl.invoke(DelegatingMethodAccessorImpl.java:43)
	at java.lang.reflect.Method.invoke(Method.java:498)
	at org.junit.runners.model.FrameworkMethod$1.runReflectiveCall(FrameworkMethod.java:50)
	at org.junit.internal.runners.model.ReflectiveCallable.run(ReflectiveCallable.java:12)
	at org.junit.runners.model.FrameworkMethod.invokeExplosively(FrameworkMethod.java:47)
	at org.junit.internal.runners.statements.InvokeMethod.evaluate(InvokeMethod.java:17)
	at org.junit.internal.runners.statements.FailOnTimeout$CallableStatement.call(FailOnTimeout.java:298)
	at org.junit.internal.runners.statements.FailOnTimeout$CallableStatement.call(FailOnTimeout.java:292)
	at java.util.concurrent.FutureTask.run(FutureTask.java:266)
	at java.lang.Thread.run(Thread.java:748)
66) test124(com.google.javascript.jscomp.TypeInference_ESTest)
org.evosuite.runtime.mock.java.lang.MockIllegalStateException: 8
	at com.google.javascript.rhino.Token.name(Token.java:287)
	at com.google.javascript.rhino.Node.toString(Node.java:951)
	at com.google.javascript.rhino.Node.toString(Node.java:942)
	at com.google.javascript.rhino.Node.toString(Node.java:934)
	at java.lang.String.valueOf(String.java:2994)
	at java.lang.StringBuilder.append(StringBuilder.java:131)
	at com.google.javascript.jscomp.graph.Graph.getNodeOrFail(Graph.java:222)
	at com.google.javascript.jscomp.graph.LinkedDirectedGraph.getOutEdges(LinkedDirectedGraph.java:129)
	at com.google.javascript.jscomp.TypeInference.branchedFlowThrough(TypeInference.java:205)
	at com.google.javascript.jscomp.TypeInference_ESTest.test124(TypeInference_ESTest.java:2983)
	at sun.reflect.NativeMethodAccessorImpl.invoke0(Native Method)
	at sun.reflect.NativeMethodAccessorImpl.invoke(NativeMethodAccessorImpl.java:62)
	at sun.reflect.DelegatingMethodAccessorImpl.invoke(DelegatingMethodAccessorImpl.java:43)
	at java.lang.reflect.Method.invoke(Method.java:498)
	at org.junit.runners.model.FrameworkMethod$1.runReflectiveCall(FrameworkMethod.java:50)
	at org.junit.internal.runners.model.ReflectiveCallable.run(ReflectiveCallable.java:12)
	at org.junit.runners.model.FrameworkMethod.invokeExplosively(FrameworkMethod.java:47)
	at org.junit.internal.runners.statements.InvokeMethod.evaluate(InvokeMethod.java:17)
	at org.junit.internal.runners.statements.FailOnTimeout$CallableStatement.call(FailOnTimeout.java:298)
	at org.junit.internal.runners.statements.FailOnTimeout$CallableStatement.call(FailOnTimeout.java:292)
	at java.util.concurrent.FutureTask.run(FutureTask.java:266)
	at java.lang.Thread.run(Thread.java:748)
67) test002(com.google.javascript.jscomp.TypeInference_ESTest)
java.lang.UnsupportedOperationException: NAME is not a string node
	at com.google.javascript.rhino.Node.getString(Node.java:915)
	at com.google.javascript.jscomp.TypeInference.traverseName(TypeInference.java:680)
	at com.google.javascript.jscomp.TypeInference.traverse(TypeInference.java:314)
	at com.google.javascript.jscomp.TypeInference.flowThrough(TypeInference.java:188)
	at com.google.javascript.jscomp.TypeInference.branchedFlowThrough(TypeInference.java:200)
	at com.google.javascript.jscomp.TypeInference_ESTest.test002(TypeInference_ESTest.java:109)
	at sun.reflect.NativeMethodAccessorImpl.invoke0(Native Method)
	at sun.reflect.NativeMethodAccessorImpl.invoke(NativeMethodAccessorImpl.java:62)
	at sun.reflect.DelegatingMethodAccessorImpl.invoke(DelegatingMethodAccessorImpl.java:43)
	at java.lang.reflect.Method.invoke(Method.java:498)
	at org.junit.runners.model.FrameworkMethod$1.runReflectiveCall(FrameworkMethod.java:50)
	at org.junit.internal.runners.model.ReflectiveCallable.run(ReflectiveCallable.java:12)
	at org.junit.runners.model.FrameworkMethod.invokeExplosively(FrameworkMethod.java:47)
	at org.junit.internal.runners.statements.InvokeMethod.evaluate(InvokeMethod.java:17)
	at org.junit.internal.runners.statements.FailOnTimeout$CallableStatement.call(FailOnTimeout.java:298)
	at org.junit.internal.runners.statements.FailOnTimeout$CallableStatement.call(FailOnTimeout.java:292)
	at java.util.concurrent.FutureTask.run(FutureTask.java:266)
	at java.lang.Thread.run(Thread.java:748)
68) test123(com.google.javascript.jscomp.TypeInference_ESTest)
org.evosuite.runtime.mock.java.lang.MockIllegalArgumentException: EQ 9.8M9G< 6Y6- : boolean does not exist in graph
	at com.google.javascript.jscomp.graph.Graph.getNodeOrFail(Graph.java:222)
	at com.google.javascript.jscomp.graph.LinkedDirectedGraph.getOutEdges(LinkedDirectedGraph.java:129)
	at com.google.javascript.jscomp.TypeInference.branchedFlowThrough(TypeInference.java:205)
	at com.google.javascript.jscomp.TypeInference_ESTest.test123(TypeInference_ESTest.java:2954)
	at sun.reflect.NativeMethodAccessorImpl.invoke0(Native Method)
	at sun.reflect.NativeMethodAccessorImpl.invoke(NativeMethodAccessorImpl.java:62)
	at sun.reflect.DelegatingMethodAccessorImpl.invoke(DelegatingMethodAccessorImpl.java:43)
	at java.lang.reflect.Method.invoke(Method.java:498)
	at org.junit.runners.model.FrameworkMethod$1.runReflectiveCall(FrameworkMethod.java:50)
	at org.junit.internal.runners.model.ReflectiveCallable.run(ReflectiveCallable.java:12)
	at org.junit.runners.model.FrameworkMethod.invokeExplosively(FrameworkMethod.java:47)
	at org.junit.internal.runners.statements.InvokeMethod.evaluate(InvokeMethod.java:17)
	at org.junit.internal.runners.statements.FailOnTimeout$CallableStatement.call(FailOnTimeout.java:298)
	at org.junit.internal.runners.statements.FailOnTimeout$CallableStatement.call(FailOnTimeout.java:292)
	at java.util.concurrent.FutureTask.run(FutureTask.java:266)
	at java.lang.Thread.run(Thread.java:748)
69) test005(com.google.javascript.jscomp.TypeInference_ESTest)
java.lang.NullPointerException
	at com.google.javascript.jscomp.TypeInference.traverseShortCircuitingBinOp(TypeInference.java:1400)
	at com.google.javascript.jscomp.TypeInference.traverseOr(TypeInference.java:1384)
	at com.google.javascript.jscomp.TypeInference.traverse(TypeInference.java:327)
	at com.google.javascript.jscomp.TypeInference.flowThrough(TypeInference.java:188)
	at com.google.javascript.jscomp.TypeInference_ESTest.test005(TypeInference_ESTest.java:180)
	at sun.reflect.NativeMethodAccessorImpl.invoke0(Native Method)
	at sun.reflect.NativeMethodAccessorImpl.invoke(NativeMethodAccessorImpl.java:62)
	at sun.reflect.DelegatingMethodAccessorImpl.invoke(DelegatingMethodAccessorImpl.java:43)
	at java.lang.reflect.Method.invoke(Method.java:498)
	at org.junit.runners.model.FrameworkMethod$1.runReflectiveCall(FrameworkMethod.java:50)
	at org.junit.internal.runners.model.ReflectiveCallable.run(ReflectiveCallable.java:12)
	at org.junit.runners.model.FrameworkMethod.invokeExplosively(FrameworkMethod.java:47)
	at org.junit.internal.runners.statements.InvokeMethod.evaluate(InvokeMethod.java:17)
	at org.junit.internal.runners.statements.FailOnTimeout$CallableStatement.call(FailOnTimeout.java:298)
	at org.junit.internal.runners.statements.FailOnTimeout$CallableStatement.call(FailOnTimeout.java:292)
	at java.util.concurrent.FutureTask.run(FutureTask.java:266)
	at java.lang.Thread.run(Thread.java:748)
70) test126(com.google.javascript.jscomp.TypeInference_ESTest)
org.evosuite.runtime.mock.java.lang.MockIllegalStateException: 6
	at com.google.javascript.rhino.Token.name(Token.java:287)
	at com.google.javascript.rhino.Node.toString(Node.java:951)
	at com.google.javascript.rhino.Node.toString(Node.java:942)
	at com.google.javascript.rhino.Node.toString(Node.java:934)
	at java.lang.String.valueOf(String.java:2994)
	at java.lang.StringBuilder.append(StringBuilder.java:131)
	at com.google.javascript.jscomp.graph.Graph.getNodeOrFail(Graph.java:222)
	at com.google.javascript.jscomp.graph.LinkedDirectedGraph.getOutEdges(LinkedDirectedGraph.java:129)
	at com.google.javascript.jscomp.TypeInference.branchedFlowThrough(TypeInference.java:205)
	at com.google.javascript.jscomp.TypeInference_ESTest.test126(TypeInference_ESTest.java:3039)
	at sun.reflect.NativeMethodAccessorImpl.invoke0(Native Method)
	at sun.reflect.NativeMethodAccessorImpl.invoke(NativeMethodAccessorImpl.java:62)
	at sun.reflect.DelegatingMethodAccessorImpl.invoke(DelegatingMethodAccessorImpl.java:43)
	at java.lang.reflect.Method.invoke(Method.java:498)
	at org.junit.runners.model.FrameworkMethod$1.runReflectiveCall(FrameworkMethod.java:50)
	at org.junit.internal.runners.model.ReflectiveCallable.run(ReflectiveCallable.java:12)
	at org.junit.runners.model.FrameworkMethod.invokeExplosively(FrameworkMethod.java:47)
	at org.junit.internal.runners.statements.InvokeMethod.evaluate(InvokeMethod.java:17)
	at org.junit.internal.runners.statements.FailOnTimeout$CallableStatement.call(FailOnTimeout.java:298)
	at org.junit.internal.runners.statements.FailOnTimeout$CallableStatement.call(FailOnTimeout.java:292)
	at java.util.concurrent.FutureTask.run(FutureTask.java:266)
	at java.lang.Thread.run(Thread.java:748)
71) test004(com.google.javascript.jscomp.TypeInference_ESTest)
java.lang.UnsupportedOperationException: NAME 1 is not a string node
	at com.google.javascript.rhino.Node.getString(Node.java:915)
	at com.google.javascript.jscomp.TypeInference.traverseName(TypeInference.java:680)
	at com.google.javascript.jscomp.TypeInference.traverse(TypeInference.java:314)
	at com.google.javascript.jscomp.TypeInference.flowThrough(TypeInference.java:188)
	at com.google.javascript.jscomp.TypeInference_ESTest.test004(TypeInference_ESTest.java:157)
	at sun.reflect.NativeMethodAccessorImpl.invoke0(Native Method)
	at sun.reflect.NativeMethodAccessorImpl.invoke(NativeMethodAccessorImpl.java:62)
	at sun.reflect.DelegatingMethodAccessorImpl.invoke(DelegatingMethodAccessorImpl.java:43)
	at java.lang.reflect.Method.invoke(Method.java:498)
	at org.junit.runners.model.FrameworkMethod$1.runReflectiveCall(FrameworkMethod.java:50)
	at org.junit.internal.runners.model.ReflectiveCallable.run(ReflectiveCallable.java:12)
	at org.junit.runners.model.FrameworkMethod.invokeExplosively(FrameworkMethod.java:47)
	at org.junit.internal.runners.statements.InvokeMethod.evaluate(InvokeMethod.java:17)
	at org.junit.internal.runners.statements.FailOnTimeout$CallableStatement.call(FailOnTimeout.java:298)
	at org.junit.internal.runners.statements.FailOnTimeout$CallableStatement.call(FailOnTimeout.java:292)
	at java.util.concurrent.FutureTask.run(FutureTask.java:266)
	at java.lang.Thread.run(Thread.java:748)
72) test125(com.google.javascript.jscomp.TypeInference_ESTest)
org.evosuite.runtime.mock.java.lang.MockIllegalStateException: 7
	at com.google.javascript.rhino.Token.name(Token.java:287)
	at com.google.javascript.rhino.Node.toString(Node.java:951)
	at com.google.javascript.rhino.Node.toString(Node.java:942)
	at com.google.javascript.rhino.Node.toString(Node.java:934)
	at java.lang.String.valueOf(String.java:2994)
	at java.lang.StringBuilder.append(StringBuilder.java:131)
	at com.google.javascript.jscomp.graph.Graph.getNodeOrFail(Graph.java:222)
	at com.google.javascript.jscomp.graph.LinkedDirectedGraph.getOutEdges(LinkedDirectedGraph.java:129)
	at com.google.javascript.jscomp.TypeInference.branchedFlowThrough(TypeInference.java:205)
	at com.google.javascript.jscomp.TypeInference_ESTest.test125(TypeInference_ESTest.java:3012)
	at sun.reflect.NativeMethodAccessorImpl.invoke0(Native Method)
	at sun.reflect.NativeMethodAccessorImpl.invoke(NativeMethodAccessorImpl.java:62)
	at sun.reflect.DelegatingMethodAccessorImpl.invoke(DelegatingMethodAccessorImpl.java:43)
	at java.lang.reflect.Method.invoke(Method.java:498)
	at org.junit.runners.model.FrameworkMethod$1.runReflectiveCall(FrameworkMethod.java:50)
	at org.junit.internal.runners.model.ReflectiveCallable.run(ReflectiveCallable.java:12)
	at org.junit.runners.model.FrameworkMethod.invokeExplosively(FrameworkMethod.java:47)
	at org.junit.internal.runners.statements.InvokeMethod.evaluate(InvokeMethod.java:17)
	at org.junit.internal.runners.statements.FailOnTimeout$CallableStatement.call(FailOnTimeout.java:298)
	at org.junit.internal.runners.statements.FailOnTimeout$CallableStatement.call(FailOnTimeout.java:292)
	at java.util.concurrent.FutureTask.run(FutureTask.java:266)
	at java.lang.Thread.run(Thread.java:748)
73) test007(com.google.javascript.jscomp.TypeInference_ESTest)
org.evosuite.runtime.mock.java.lang.MockIllegalArgumentException: URSH : number does not exist in graph
	at com.google.javascript.jscomp.graph.Graph.getNodeOrFail(Graph.java:222)
	at com.google.javascript.jscomp.graph.LinkedDirectedGraph.getOutEdges(LinkedDirectedGraph.java:129)
	at com.google.javascript.jscomp.TypeInference.branchedFlowThrough(TypeInference.java:205)
	at com.google.javascript.jscomp.TypeInference_ESTest.test007(TypeInference_ESTest.java:233)
	at sun.reflect.NativeMethodAccessorImpl.invoke0(Native Method)
	at sun.reflect.NativeMethodAccessorImpl.invoke(NativeMethodAccessorImpl.java:62)
	at sun.reflect.DelegatingMethodAccessorImpl.invoke(DelegatingMethodAccessorImpl.java:43)
	at java.lang.reflect.Method.invoke(Method.java:498)
	at org.junit.runners.model.FrameworkMethod$1.runReflectiveCall(FrameworkMethod.java:50)
	at org.junit.internal.runners.model.ReflectiveCallable.run(ReflectiveCallable.java:12)
	at org.junit.runners.model.FrameworkMethod.invokeExplosively(FrameworkMethod.java:47)
	at org.junit.internal.runners.statements.InvokeMethod.evaluate(InvokeMethod.java:17)
	at org.junit.internal.runners.statements.FailOnTimeout$CallableStatement.call(FailOnTimeout.java:298)
	at org.junit.internal.runners.statements.FailOnTimeout$CallableStatement.call(FailOnTimeout.java:292)
	at java.util.concurrent.FutureTask.run(FutureTask.java:266)
	at java.lang.Thread.run(Thread.java:748)
74) test128(com.google.javascript.jscomp.TypeInference_ESTest)
org.evosuite.runtime.mock.java.lang.MockIllegalArgumentException: RETURN fR does not exist in graph
	at com.google.javascript.jscomp.graph.Graph.getNodeOrFail(Graph.java:222)
	at com.google.javascript.jscomp.graph.LinkedDirectedGraph.getOutEdges(LinkedDirectedGraph.java:129)
	at com.google.javascript.jscomp.TypeInference.branchedFlowThrough(TypeInference.java:205)
	at com.google.javascript.jscomp.TypeInference_ESTest.test128(TypeInference_ESTest.java:3085)
	at sun.reflect.NativeMethodAccessorImpl.invoke0(Native Method)
	at sun.reflect.NativeMethodAccessorImpl.invoke(NativeMethodAccessorImpl.java:62)
	at sun.reflect.DelegatingMethodAccessorImpl.invoke(DelegatingMethodAccessorImpl.java:43)
	at java.lang.reflect.Method.invoke(Method.java:498)
	at org.junit.runners.model.FrameworkMethod$1.runReflectiveCall(FrameworkMethod.java:50)
	at org.junit.internal.runners.model.ReflectiveCallable.run(ReflectiveCallable.java:12)
	at org.junit.runners.model.FrameworkMethod.invokeExplosively(FrameworkMethod.java:47)
	at org.junit.internal.runners.statements.InvokeMethod.evaluate(InvokeMethod.java:17)
	at org.junit.internal.runners.statements.FailOnTimeout$CallableStatement.call(FailOnTimeout.java:298)
	at org.junit.internal.runners.statements.FailOnTimeout$CallableStatement.call(FailOnTimeout.java:292)
	at java.util.concurrent.FutureTask.run(FutureTask.java:266)
	at java.lang.Thread.run(Thread.java:748)
75) test006(com.google.javascript.jscomp.TypeInference_ESTest)
org.evosuite.runtime.mock.java.lang.MockIllegalArgumentException: DELPROP  : boolean does not exist in graph
	at com.google.javascript.jscomp.graph.Graph.getNodeOrFail(Graph.java:222)
	at com.google.javascript.jscomp.graph.LinkedDirectedGraph.getOutEdges(LinkedDirectedGraph.java:129)
	at com.google.javascript.jscomp.TypeInference.branchedFlowThrough(TypeInference.java:205)
	at com.google.javascript.jscomp.TypeInference_ESTest.test006(TypeInference_ESTest.java:204)
	at sun.reflect.NativeMethodAccessorImpl.invoke0(Native Method)
	at sun.reflect.NativeMethodAccessorImpl.invoke(NativeMethodAccessorImpl.java:62)
	at sun.reflect.DelegatingMethodAccessorImpl.invoke(DelegatingMethodAccessorImpl.java:43)
	at java.lang.reflect.Method.invoke(Method.java:498)
	at org.junit.runners.model.FrameworkMethod$1.runReflectiveCall(FrameworkMethod.java:50)
	at org.junit.internal.runners.model.ReflectiveCallable.run(ReflectiveCallable.java:12)
	at org.junit.runners.model.FrameworkMethod.invokeExplosively(FrameworkMethod.java:47)
	at org.junit.internal.runners.statements.InvokeMethod.evaluate(InvokeMethod.java:17)
	at org.junit.internal.runners.statements.FailOnTimeout$CallableStatement.call(FailOnTimeout.java:298)
	at org.junit.internal.runners.statements.FailOnTimeout$CallableStatement.call(FailOnTimeout.java:292)
	at java.util.concurrent.FutureTask.run(FutureTask.java:266)
	at java.lang.Thread.run(Thread.java:748)
76) test127(com.google.javascript.jscomp.TypeInference_ESTest)
org.evosuite.runtime.mock.java.lang.MockIllegalStateException: 5
	at com.google.javascript.rhino.Token.name(Token.java:287)
	at com.google.javascript.rhino.Node.toString(Node.java:951)
	at com.google.javascript.rhino.Node.toString(Node.java:942)
	at com.google.javascript.rhino.Node.toString(Node.java:934)
	at java.lang.String.valueOf(String.java:2994)
	at java.lang.StringBuilder.append(StringBuilder.java:131)
	at com.google.javascript.jscomp.graph.Graph.getNodeOrFail(Graph.java:222)
	at com.google.javascript.jscomp.graph.LinkedDirectedGraph.getOutEdges(LinkedDirectedGraph.java:129)
	at com.google.javascript.jscomp.TypeInference.branchedFlowThrough(TypeInference.java:205)
	at com.google.javascript.jscomp.TypeInference_ESTest.test127(TypeInference_ESTest.java:3062)
	at sun.reflect.NativeMethodAccessorImpl.invoke0(Native Method)
	at sun.reflect.NativeMethodAccessorImpl.invoke(NativeMethodAccessorImpl.java:62)
	at sun.reflect.DelegatingMethodAccessorImpl.invoke(DelegatingMethodAccessorImpl.java:43)
	at java.lang.reflect.Method.invoke(Method.java:498)
	at org.junit.runners.model.FrameworkMethod$1.runReflectiveCall(FrameworkMethod.java:50)
	at org.junit.internal.runners.model.ReflectiveCallable.run(ReflectiveCallable.java:12)
	at org.junit.runners.model.FrameworkMethod.invokeExplosively(FrameworkMethod.java:47)
	at org.junit.internal.runners.statements.InvokeMethod.evaluate(InvokeMethod.java:17)
	at org.junit.internal.runners.statements.FailOnTimeout$CallableStatement.call(FailOnTimeout.java:298)
	at org.junit.internal.runners.statements.FailOnTimeout$CallableStatement.call(FailOnTimeout.java:292)
	at java.util.concurrent.FutureTask.run(FutureTask.java:266)
	at java.lang.Thread.run(Thread.java:748)
77) test021(com.google.javascript.jscomp.TypeInference_ESTest)
org.evosuite.runtime.mock.java.lang.MockIllegalArgumentException: EXPR_RESULT fR does not exist in graph
	at com.google.javascript.jscomp.graph.Graph.getNodeOrFail(Graph.java:222)
	at com.google.javascript.jscomp.graph.LinkedDirectedGraph.getOutEdges(LinkedDirectedGraph.java:129)
	at com.google.javascript.jscomp.TypeInference.branchedFlowThrough(TypeInference.java:205)
	at com.google.javascript.jscomp.TypeInference_ESTest.test021(TypeInference_ESTest.java:514)
	at sun.reflect.NativeMethodAccessorImpl.invoke0(Native Method)
	at sun.reflect.NativeMethodAccessorImpl.invoke(NativeMethodAccessorImpl.java:62)
	at sun.reflect.DelegatingMethodAccessorImpl.invoke(DelegatingMethodAccessorImpl.java:43)
	at java.lang.reflect.Method.invoke(Method.java:498)
	at org.junit.runners.model.FrameworkMethod$1.runReflectiveCall(FrameworkMethod.java:50)
	at org.junit.internal.runners.model.ReflectiveCallable.run(ReflectiveCallable.java:12)
	at org.junit.runners.model.FrameworkMethod.invokeExplosively(FrameworkMethod.java:47)
	at org.junit.internal.runners.statements.InvokeMethod.evaluate(InvokeMethod.java:17)
	at org.junit.internal.runners.statements.FailOnTimeout$CallableStatement.call(FailOnTimeout.java:298)
	at org.junit.internal.runners.statements.FailOnTimeout$CallableStatement.call(FailOnTimeout.java:292)
	at java.util.concurrent.FutureTask.run(FutureTask.java:266)
	at java.lang.Thread.run(Thread.java:748)
78) test020(com.google.javascript.jscomp.TypeInference_ESTest)
org.evosuite.runtime.mock.java.lang.MockIllegalArgumentException: RETURN 4095 does not exist in graph
	at com.google.javascript.jscomp.graph.Graph.getNodeOrFail(Graph.java:222)
	at com.google.javascript.jscomp.graph.LinkedDirectedGraph.getOutEdges(LinkedDirectedGraph.java:129)
	at com.google.javascript.jscomp.TypeInference.branchedFlowThrough(TypeInference.java:205)
	at com.google.javascript.jscomp.TypeInference_ESTest.test020(TypeInference_ESTest.java:489)
	at sun.reflect.NativeMethodAccessorImpl.invoke0(Native Method)
	at sun.reflect.NativeMethodAccessorImpl.invoke(NativeMethodAccessorImpl.java:62)
	at sun.reflect.DelegatingMethodAccessorImpl.invoke(DelegatingMethodAccessorImpl.java:43)
	at java.lang.reflect.Method.invoke(Method.java:498)
	at org.junit.runners.model.FrameworkMethod$1.runReflectiveCall(FrameworkMethod.java:50)
	at org.junit.internal.runners.model.ReflectiveCallable.run(ReflectiveCallable.java:12)
	at org.junit.runners.model.FrameworkMethod.invokeExplosively(FrameworkMethod.java:47)
	at org.junit.internal.runners.statements.InvokeMethod.evaluate(InvokeMethod.java:17)
	at org.junit.internal.runners.statements.FailOnTimeout$CallableStatement.call(FailOnTimeout.java:298)
	at org.junit.internal.runners.statements.FailOnTimeout$CallableStatement.call(FailOnTimeout.java:292)
	at java.util.concurrent.FutureTask.run(FutureTask.java:266)
	at java.lang.Thread.run(Thread.java:748)
79) test023(com.google.javascript.jscomp.TypeInference_ESTest)
org.evosuite.runtime.mock.java.lang.MockIllegalArgumentException: STRING_KEY does not exist in graph
	at com.google.javascript.jscomp.graph.Graph.getNodeOrFail(Graph.java:222)
	at com.google.javascript.jscomp.graph.LinkedDirectedGraph.getOutEdges(LinkedDirectedGraph.java:129)
	at com.google.javascript.jscomp.TypeInference.branchedFlowThrough(TypeInference.java:205)
	at com.google.javascript.jscomp.TypeInference_ESTest.test023(TypeInference_ESTest.java:567)
	at sun.reflect.NativeMethodAccessorImpl.invoke0(Native Method)
	at sun.reflect.NativeMethodAccessorImpl.invoke(NativeMethodAccessorImpl.java:62)
	at sun.reflect.DelegatingMethodAccessorImpl.invoke(DelegatingMethodAccessorImpl.java:43)
	at java.lang.reflect.Method.invoke(Method.java:498)
	at org.junit.runners.model.FrameworkMethod$1.runReflectiveCall(FrameworkMethod.java:50)
	at org.junit.internal.runners.model.ReflectiveCallable.run(ReflectiveCallable.java:12)
	at org.junit.runners.model.FrameworkMethod.invokeExplosively(FrameworkMethod.java:47)
	at org.junit.internal.runners.statements.InvokeMethod.evaluate(InvokeMethod.java:17)
	at org.junit.internal.runners.statements.FailOnTimeout$CallableStatement.call(FailOnTimeout.java:298)
	at org.junit.internal.runners.statements.FailOnTimeout$CallableStatement.call(FailOnTimeout.java:292)
	at java.util.concurrent.FutureTask.run(FutureTask.java:266)
	at java.lang.Thread.run(Thread.java:748)
80) test022(com.google.javascript.jscomp.TypeInference_ESTest)
org.evosuite.runtime.mock.java.lang.MockIllegalArgumentException: CAST fR does not exist in graph
	at com.google.javascript.jscomp.graph.Graph.getNodeOrFail(Graph.java:222)
	at com.google.javascript.jscomp.graph.LinkedDirectedGraph.getOutEdges(LinkedDirectedGraph.java:129)
	at com.google.javascript.jscomp.TypeInference.branchedFlowThrough(TypeInference.java:205)
	at com.google.javascript.jscomp.TypeInference_ESTest.test022(TypeInference_ESTest.java:538)
	at sun.reflect.NativeMethodAccessorImpl.invoke0(Native Method)
	at sun.reflect.NativeMethodAccessorImpl.invoke(NativeMethodAccessorImpl.java:62)
	at sun.reflect.DelegatingMethodAccessorImpl.invoke(DelegatingMethodAccessorImpl.java:43)
	at java.lang.reflect.Method.invoke(Method.java:498)
	at org.junit.runners.model.FrameworkMethod$1.runReflectiveCall(FrameworkMethod.java:50)
	at org.junit.internal.runners.model.ReflectiveCallable.run(ReflectiveCallable.java:12)
	at org.junit.runners.model.FrameworkMethod.invokeExplosively(FrameworkMethod.java:47)
	at org.junit.internal.runners.statements.InvokeMethod.evaluate(InvokeMethod.java:17)
	at org.junit.internal.runners.statements.FailOnTimeout$CallableStatement.call(FailOnTimeout.java:298)
	at org.junit.internal.runners.statements.FailOnTimeout$CallableStatement.call(FailOnTimeout.java:292)
	at java.util.concurrent.FutureTask.run(FutureTask.java:266)
	at java.lang.Thread.run(Thread.java:748)
81) test135(com.google.javascript.jscomp.TypeInference_ESTest)
org.evosuite.runtime.mock.java.lang.MockIllegalArgumentException: ARRAYLIT @[O!f]'#F"$IiPYyM- 38 : Array does not exist in graph
	at com.google.javascript.jscomp.graph.Graph.getNodeOrFail(Graph.java:222)
	at com.google.javascript.jscomp.graph.LinkedDirectedGraph.getOutEdges(LinkedDirectedGraph.java:129)
	at com.google.javascript.jscomp.TypeInference.branchedFlowThrough(TypeInference.java:205)
	at com.google.javascript.jscomp.TypeInference_ESTest.test135(TypeInference_ESTest.java:3238)
	at sun.reflect.NativeMethodAccessorImpl.invoke0(Native Method)
	at sun.reflect.NativeMethodAccessorImpl.invoke(NativeMethodAccessorImpl.java:62)
	at sun.reflect.DelegatingMethodAccessorImpl.invoke(DelegatingMethodAccessorImpl.java:43)
	at java.lang.reflect.Method.invoke(Method.java:498)
	at org.junit.runners.model.FrameworkMethod$1.runReflectiveCall(FrameworkMethod.java:50)
	at org.junit.internal.runners.model.ReflectiveCallable.run(ReflectiveCallable.java:12)
	at org.junit.runners.model.FrameworkMethod.invokeExplosively(FrameworkMethod.java:47)
	at org.junit.internal.runners.statements.InvokeMethod.evaluate(InvokeMethod.java:17)
	at org.junit.internal.runners.statements.FailOnTimeout$CallableStatement.call(FailOnTimeout.java:298)
	at org.junit.internal.runners.statements.FailOnTimeout$CallableStatement.call(FailOnTimeout.java:292)
	at java.util.concurrent.FutureTask.run(FutureTask.java:266)
	at java.lang.Thread.run(Thread.java:748)
82) test134(com.google.javascript.jscomp.TypeInference_ESTest)
java.lang.NullPointerException
	at com.google.javascript.jscomp.TypeInference.traverseWithinShortCircuitingBinOp(TypeInference.java:1453)
	at com.google.javascript.jscomp.TypeInference.traverseShortCircuitingBinOp(TypeInference.java:1393)
	at com.google.javascript.jscomp.TypeInference.traverseAnd(TypeInference.java:1251)
	at com.google.javascript.jscomp.TypeInference.traverse(TypeInference.java:322)
	at com.google.javascript.jscomp.TypeInference.flowThrough(TypeInference.java:188)
	at com.google.javascript.jscomp.TypeInference.branchedFlowThrough(TypeInference.java:200)
	at com.google.javascript.jscomp.TypeInference_ESTest.test134(TypeInference_ESTest.java:3214)
	at sun.reflect.NativeMethodAccessorImpl.invoke0(Native Method)
	at sun.reflect.NativeMethodAccessorImpl.invoke(NativeMethodAccessorImpl.java:62)
	at sun.reflect.DelegatingMethodAccessorImpl.invoke(DelegatingMethodAccessorImpl.java:43)
	at java.lang.reflect.Method.invoke(Method.java:498)
	at org.junit.runners.model.FrameworkMethod$1.runReflectiveCall(FrameworkMethod.java:50)
	at org.junit.internal.runners.model.ReflectiveCallable.run(ReflectiveCallable.java:12)
	at org.junit.runners.model.FrameworkMethod.invokeExplosively(FrameworkMethod.java:47)
	at org.junit.internal.runners.statements.InvokeMethod.evaluate(InvokeMethod.java:17)
	at org.junit.internal.runners.statements.FailOnTimeout$CallableStatement.call(FailOnTimeout.java:298)
	at org.junit.internal.runners.statements.FailOnTimeout$CallableStatement.call(FailOnTimeout.java:292)
	at java.util.concurrent.FutureTask.run(FutureTask.java:266)
	at java.lang.Thread.run(Thread.java:748)
83) test137(com.google.javascript.jscomp.TypeInference_ESTest)
java.lang.NullPointerException
	at com.google.javascript.jscomp.TypeInference.traverseGetProp(TypeInference.java:1276)
	at com.google.javascript.jscomp.TypeInference.traverse(TypeInference.java:318)
	at com.google.javascript.jscomp.TypeInference.flowThrough(TypeInference.java:188)
	at com.google.javascript.jscomp.TypeInference.branchedFlowThrough(TypeInference.java:200)
	at com.google.javascript.jscomp.TypeInference_ESTest.test137(TypeInference_ESTest.java:3280)
	at sun.reflect.NativeMethodAccessorImpl.invoke0(Native Method)
	at sun.reflect.NativeMethodAccessorImpl.invoke(NativeMethodAccessorImpl.java:62)
	at sun.reflect.DelegatingMethodAccessorImpl.invoke(DelegatingMethodAccessorImpl.java:43)
	at java.lang.reflect.Method.invoke(Method.java:498)
	at org.junit.runners.model.FrameworkMethod$1.runReflectiveCall(FrameworkMethod.java:50)
	at org.junit.internal.runners.model.ReflectiveCallable.run(ReflectiveCallable.java:12)
	at org.junit.runners.model.FrameworkMethod.invokeExplosively(FrameworkMethod.java:47)
	at org.junit.internal.runners.statements.InvokeMethod.evaluate(InvokeMethod.java:17)
	at org.junit.internal.runners.statements.FailOnTimeout$CallableStatement.call(FailOnTimeout.java:298)
	at org.junit.internal.runners.statements.FailOnTimeout$CallableStatement.call(FailOnTimeout.java:292)
	at java.util.concurrent.FutureTask.run(FutureTask.java:266)
	at java.lang.Thread.run(Thread.java:748)
84) test015(com.google.javascript.jscomp.TypeInference_ESTest)
org.evosuite.runtime.mock.java.lang.MockIllegalArgumentException: SHNE O : boolean does not exist in graph
	at com.google.javascript.jscomp.graph.Graph.getNodeOrFail(Graph.java:222)
	at com.google.javascript.jscomp.graph.LinkedDirectedGraph.getOutEdges(LinkedDirectedGraph.java:129)
	at com.google.javascript.jscomp.TypeInference.branchedFlowThrough(TypeInference.java:205)
	at com.google.javascript.jscomp.TypeInference_ESTest.test015(TypeInference_ESTest.java:390)
	at sun.reflect.NativeMethodAccessorImpl.invoke0(Native Method)
	at sun.reflect.NativeMethodAccessorImpl.invoke(NativeMethodAccessorImpl.java:62)
	at sun.reflect.DelegatingMethodAccessorImpl.invoke(DelegatingMethodAccessorImpl.java:43)
	at java.lang.reflect.Method.invoke(Method.java:498)
	at org.junit.runners.model.FrameworkMethod$1.runReflectiveCall(FrameworkMethod.java:50)
	at org.junit.internal.runners.model.ReflectiveCallable.run(ReflectiveCallable.java:12)
	at org.junit.runners.model.FrameworkMethod.invokeExplosively(FrameworkMethod.java:47)
	at org.junit.internal.runners.statements.InvokeMethod.evaluate(InvokeMethod.java:17)
	at org.junit.internal.runners.statements.FailOnTimeout$CallableStatement.call(FailOnTimeout.java:298)
	at org.junit.internal.runners.statements.FailOnTimeout$CallableStatement.call(FailOnTimeout.java:292)
	at java.util.concurrent.FutureTask.run(FutureTask.java:266)
	at java.lang.Thread.run(Thread.java:748)
85) test018(com.google.javascript.jscomp.TypeInference_ESTest)
org.evosuite.runtime.mock.java.lang.MockIllegalArgumentException: CALL does not exist in graph
	at com.google.javascript.jscomp.graph.Graph.getNodeOrFail(Graph.java:222)
	at com.google.javascript.jscomp.graph.LinkedDirectedGraph.getOutEdges(LinkedDirectedGraph.java:129)
	at com.google.javascript.jscomp.TypeInference.branchedFlowThrough(TypeInference.java:205)
	at com.google.javascript.jscomp.TypeInference_ESTest.test018(TypeInference_ESTest.java:441)
	at sun.reflect.NativeMethodAccessorImpl.invoke0(Native Method)
	at sun.reflect.NativeMethodAccessorImpl.invoke(NativeMethodAccessorImpl.java:62)
	at sun.reflect.DelegatingMethodAccessorImpl.invoke(DelegatingMethodAccessorImpl.java:43)
	at java.lang.reflect.Method.invoke(Method.java:498)
	at org.junit.runners.model.FrameworkMethod$1.runReflectiveCall(FrameworkMethod.java:50)
	at org.junit.internal.runners.model.ReflectiveCallable.run(ReflectiveCallable.java:12)
	at org.junit.runners.model.FrameworkMethod.invokeExplosively(FrameworkMethod.java:47)
	at org.junit.internal.runners.statements.InvokeMethod.evaluate(InvokeMethod.java:17)
	at org.junit.internal.runners.statements.FailOnTimeout$CallableStatement.call(FailOnTimeout.java:298)
	at org.junit.internal.runners.statements.FailOnTimeout$CallableStatement.call(FailOnTimeout.java:292)
	at java.util.concurrent.FutureTask.run(FutureTask.java:266)
	at java.lang.Thread.run(Thread.java:748)
86) test138(com.google.javascript.jscomp.TypeInference_ESTest)
org.evosuite.runtime.mock.java.lang.MockIllegalArgumentException: OR does not exist in graph
	at com.google.javascript.jscomp.graph.Graph.getNodeOrFail(Graph.java:222)
	at com.google.javascript.jscomp.graph.LinkedDirectedGraph.getOutEdges(LinkedDirectedGraph.java:129)
	at com.google.javascript.jscomp.TypeInference.branchedFlowThrough(TypeInference.java:205)
	at com.google.javascript.jscomp.TypeInference_ESTest.test138(TypeInference_ESTest.java:3304)
	at sun.reflect.NativeMethodAccessorImpl.invoke0(Native Method)
	at sun.reflect.NativeMethodAccessorImpl.invoke(NativeMethodAccessorImpl.java:62)
	at sun.reflect.DelegatingMethodAccessorImpl.invoke(DelegatingMethodAccessorImpl.java:43)
	at java.lang.reflect.Method.invoke(Method.java:498)
	at org.junit.runners.model.FrameworkMethod$1.runReflectiveCall(FrameworkMethod.java:50)
	at org.junit.internal.runners.model.ReflectiveCallable.run(ReflectiveCallable.java:12)
	at org.junit.runners.model.FrameworkMethod.invokeExplosively(FrameworkMethod.java:47)
	at org.junit.internal.runners.statements.InvokeMethod.evaluate(InvokeMethod.java:17)
	at org.junit.internal.runners.statements.FailOnTimeout$CallableStatement.call(FailOnTimeout.java:298)
	at org.junit.internal.runners.statements.FailOnTimeout$CallableStatement.call(FailOnTimeout.java:292)
	at java.util.concurrent.FutureTask.run(FutureTask.java:266)
	at java.lang.Thread.run(Thread.java:748)
87) test019(com.google.javascript.jscomp.TypeInference_ESTest)
org.evosuite.runtime.mock.java.lang.MockIllegalArgumentException: NAME fR : ? does not exist in graph
	at com.google.javascript.jscomp.graph.Graph.getNodeOrFail(Graph.java:222)
	at com.google.javascript.jscomp.graph.LinkedDirectedGraph.getOutEdges(LinkedDirectedGraph.java:129)
	at com.google.javascript.jscomp.TypeInference.branchedFlowThrough(TypeInference.java:205)
	at com.google.javascript.jscomp.TypeInference_ESTest.test019(TypeInference_ESTest.java:466)
	at sun.reflect.NativeMethodAccessorImpl.invoke0(Native Method)
	at sun.reflect.NativeMethodAccessorImpl.invoke(NativeMethodAccessorImpl.java:62)
	at sun.reflect.DelegatingMethodAccessorImpl.invoke(DelegatingMethodAccessorImpl.java:43)
	at java.lang.reflect.Method.invoke(Method.java:498)
	at org.junit.runners.model.FrameworkMethod$1.runReflectiveCall(FrameworkMethod.java:50)
	at org.junit.internal.runners.model.ReflectiveCallable.run(ReflectiveCallable.java:12)
	at org.junit.runners.model.FrameworkMethod.invokeExplosively(FrameworkMethod.java:47)
	at org.junit.internal.runners.statements.InvokeMethod.evaluate(InvokeMethod.java:17)
	at org.junit.internal.runners.statements.FailOnTimeout$CallableStatement.call(FailOnTimeout.java:298)
	at org.junit.internal.runners.statements.FailOnTimeout$CallableStatement.call(FailOnTimeout.java:292)
	at java.util.concurrent.FutureTask.run(FutureTask.java:266)
	at java.lang.Thread.run(Thread.java:748)
88) test030(com.google.javascript.jscomp.TypeInference_ESTest)
org.evosuite.runtime.mock.java.lang.MockIllegalArgumentException: GETTER_DEF does not exist in graph
	at com.google.javascript.jscomp.graph.Graph.getNodeOrFail(Graph.java:222)
	at com.google.javascript.jscomp.graph.LinkedDirectedGraph.getOutEdges(LinkedDirectedGraph.java:129)
	at com.google.javascript.jscomp.TypeInference.branchedFlowThrough(TypeInference.java:205)
	at com.google.javascript.jscomp.TypeInference_ESTest.test030(TypeInference_ESTest.java:740)
	at sun.reflect.NativeMethodAccessorImpl.invoke0(Native Method)
	at sun.reflect.NativeMethodAccessorImpl.invoke(NativeMethodAccessorImpl.java:62)
	at sun.reflect.DelegatingMethodAccessorImpl.invoke(DelegatingMethodAccessorImpl.java:43)
	at java.lang.reflect.Method.invoke(Method.java:498)
	at org.junit.runners.model.FrameworkMethod$1.runReflectiveCall(FrameworkMethod.java:50)
	at org.junit.internal.runners.model.ReflectiveCallable.run(ReflectiveCallable.java:12)
	at org.junit.runners.model.FrameworkMethod.invokeExplosively(FrameworkMethod.java:47)
	at org.junit.internal.runners.statements.InvokeMethod.evaluate(InvokeMethod.java:17)
	at org.junit.internal.runners.statements.FailOnTimeout$CallableStatement.call(FailOnTimeout.java:298)
	at org.junit.internal.runners.statements.FailOnTimeout$CallableStatement.call(FailOnTimeout.java:292)
	at java.util.concurrent.FutureTask.run(FutureTask.java:266)
	at java.lang.Thread.run(Thread.java:748)
89) test032(com.google.javascript.jscomp.TypeInference_ESTest)
org.evosuite.runtime.mock.java.lang.MockIllegalStateException: 145
	at com.google.javascript.rhino.Token.name(Token.java:287)
	at com.google.javascript.rhino.Node.toString(Node.java:951)
	at com.google.javascript.rhino.Node.toString(Node.java:942)
	at com.google.javascript.rhino.Node.toString(Node.java:934)
	at java.lang.String.valueOf(String.java:2994)
	at java.lang.StringBuilder.append(StringBuilder.java:131)
	at com.google.javascript.jscomp.graph.Graph.getNodeOrFail(Graph.java:222)
	at com.google.javascript.jscomp.graph.LinkedDirectedGraph.getOutEdges(LinkedDirectedGraph.java:129)
	at com.google.javascript.jscomp.TypeInference.branchedFlowThrough(TypeInference.java:205)
	at com.google.javascript.jscomp.TypeInference_ESTest.test032(TypeInference_ESTest.java:791)
	at sun.reflect.NativeMethodAccessorImpl.invoke0(Native Method)
	at sun.reflect.NativeMethodAccessorImpl.invoke(NativeMethodAccessorImpl.java:62)
	at sun.reflect.DelegatingMethodAccessorImpl.invoke(DelegatingMethodAccessorImpl.java:43)
	at java.lang.reflect.Method.invoke(Method.java:498)
	at org.junit.runners.model.FrameworkMethod$1.runReflectiveCall(FrameworkMethod.java:50)
	at org.junit.internal.runners.model.ReflectiveCallable.run(ReflectiveCallable.java:12)
	at org.junit.runners.model.FrameworkMethod.invokeExplosively(FrameworkMethod.java:47)
	at org.junit.internal.runners.statements.InvokeMethod.evaluate(InvokeMethod.java:17)
	at org.junit.internal.runners.statements.FailOnTimeout$CallableStatement.call(FailOnTimeout.java:298)
	at org.junit.internal.runners.statements.FailOnTimeout$CallableStatement.call(FailOnTimeout.java:292)
	at java.util.concurrent.FutureTask.run(FutureTask.java:266)
	at java.lang.Thread.run(Thread.java:748)
90) test031(com.google.javascript.jscomp.TypeInference_ESTest)
org.evosuite.runtime.mock.java.lang.MockIllegalStateException: 146
	at com.google.javascript.rhino.Token.name(Token.java:287)
	at com.google.javascript.rhino.Node.toString(Node.java:951)
	at com.google.javascript.rhino.Node.toString(Node.java:942)
	at com.google.javascript.rhino.Node.toString(Node.java:934)
	at java.lang.String.valueOf(String.java:2994)
	at java.lang.StringBuilder.append(StringBuilder.java:131)
	at com.google.javascript.jscomp.graph.Graph.getNodeOrFail(Graph.java:222)
	at com.google.javascript.jscomp.graph.LinkedDirectedGraph.getOutEdges(LinkedDirectedGraph.java:129)
	at com.google.javascript.jscomp.TypeInference.branchedFlowThrough(TypeInference.java:205)
	at com.google.javascript.jscomp.TypeInference_ESTest.test031(TypeInference_ESTest.java:768)
	at sun.reflect.NativeMethodAccessorImpl.invoke0(Native Method)
	at sun.reflect.NativeMethodAccessorImpl.invoke(NativeMethodAccessorImpl.java:62)
	at sun.reflect.DelegatingMethodAccessorImpl.invoke(DelegatingMethodAccessorImpl.java:43)
	at java.lang.reflect.Method.invoke(Method.java:498)
	at org.junit.runners.model.FrameworkMethod$1.runReflectiveCall(FrameworkMethod.java:50)
	at org.junit.internal.runners.model.ReflectiveCallable.run(ReflectiveCallable.java:12)
	at org.junit.runners.model.FrameworkMethod.invokeExplosively(FrameworkMethod.java:47)
	at org.junit.internal.runners.statements.InvokeMethod.evaluate(InvokeMethod.java:17)
	at org.junit.internal.runners.statements.FailOnTimeout$CallableStatement.call(FailOnTimeout.java:298)
	at org.junit.internal.runners.statements.FailOnTimeout$CallableStatement.call(FailOnTimeout.java:292)
	at java.util.concurrent.FutureTask.run(FutureTask.java:266)
	at java.lang.Thread.run(Thread.java:748)
91) test034(com.google.javascript.jscomp.TypeInference_ESTest)
org.evosuite.runtime.mock.java.lang.MockIllegalStateException: 143
	at com.google.javascript.rhino.Token.name(Token.java:287)
	at com.google.javascript.rhino.Node.toString(Node.java:951)
	at com.google.javascript.rhino.Node.toString(Node.java:942)
	at com.google.javascript.rhino.Node.toString(Node.java:934)
	at java.lang.String.valueOf(String.java:2994)
	at java.lang.StringBuilder.append(StringBuilder.java:131)
	at com.google.javascript.jscomp.graph.Graph.getNodeOrFail(Graph.java:222)
	at com.google.javascript.jscomp.graph.LinkedDirectedGraph.getOutEdges(LinkedDirectedGraph.java:129)
	at com.google.javascript.jscomp.TypeInference.branchedFlowThrough(TypeInference.java:205)
	at com.google.javascript.jscomp.TypeInference_ESTest.test034(TypeInference_ESTest.java:837)
	at sun.reflect.NativeMethodAccessorImpl.invoke0(Native Method)
	at sun.reflect.NativeMethodAccessorImpl.invoke(NativeMethodAccessorImpl.java:62)
	at sun.reflect.DelegatingMethodAccessorImpl.invoke(DelegatingMethodAccessorImpl.java:43)
	at java.lang.reflect.Method.invoke(Method.java:498)
	at org.junit.runners.model.FrameworkMethod$1.runReflectiveCall(FrameworkMethod.java:50)
	at org.junit.internal.runners.model.ReflectiveCallable.run(ReflectiveCallable.java:12)
	at org.junit.runners.model.FrameworkMethod.invokeExplosively(FrameworkMethod.java:47)
	at org.junit.internal.runners.statements.InvokeMethod.evaluate(InvokeMethod.java:17)
	at org.junit.internal.runners.statements.FailOnTimeout$CallableStatement.call(FailOnTimeout.java:298)
	at org.junit.internal.runners.statements.FailOnTimeout$CallableStatement.call(FailOnTimeout.java:292)
	at java.util.concurrent.FutureTask.run(FutureTask.java:266)
	at java.lang.Thread.run(Thread.java:748)
92) test033(com.google.javascript.jscomp.TypeInference_ESTest)
org.evosuite.runtime.mock.java.lang.MockIllegalStateException: 144
	at com.google.javascript.rhino.Token.name(Token.java:287)
	at com.google.javascript.rhino.Node.toString(Node.java:951)
	at com.google.javascript.rhino.Node.toString(Node.java:942)
	at com.google.javascript.rhino.Node.toString(Node.java:934)
	at java.lang.String.valueOf(String.java:2994)
	at java.lang.StringBuilder.append(StringBuilder.java:131)
	at com.google.javascript.jscomp.graph.Graph.getNodeOrFail(Graph.java:222)
	at com.google.javascript.jscomp.graph.LinkedDirectedGraph.getOutEdges(LinkedDirectedGraph.java:129)
	at com.google.javascript.jscomp.TypeInference.branchedFlowThrough(TypeInference.java:205)
	at com.google.javascript.jscomp.TypeInference_ESTest.test033(TypeInference_ESTest.java:814)
	at sun.reflect.NativeMethodAccessorImpl.invoke0(Native Method)
	at sun.reflect.NativeMethodAccessorImpl.invoke(NativeMethodAccessorImpl.java:62)
	at sun.reflect.DelegatingMethodAccessorImpl.invoke(DelegatingMethodAccessorImpl.java:43)
	at java.lang.reflect.Method.invoke(Method.java:498)
	at org.junit.runners.model.FrameworkMethod$1.runReflectiveCall(FrameworkMethod.java:50)
	at org.junit.internal.runners.model.ReflectiveCallable.run(ReflectiveCallable.java:12)
	at org.junit.runners.model.FrameworkMethod.invokeExplosively(FrameworkMethod.java:47)
	at org.junit.internal.runners.statements.InvokeMethod.evaluate(InvokeMethod.java:17)
	at org.junit.internal.runners.statements.FailOnTimeout$CallableStatement.call(FailOnTimeout.java:298)
	at org.junit.internal.runners.statements.FailOnTimeout$CallableStatement.call(FailOnTimeout.java:292)
	at java.util.concurrent.FutureTask.run(FutureTask.java:266)
	at java.lang.Thread.run(Thread.java:748)
93) test025(com.google.javascript.jscomp.TypeInference_ESTest)
org.evosuite.runtime.mock.java.lang.MockIllegalArgumentException: DEBUGGER QA-H/R does not exist in graph
	at com.google.javascript.jscomp.graph.Graph.getNodeOrFail(Graph.java:222)
	at com.google.javascript.jscomp.graph.LinkedDirectedGraph.getOutEdges(LinkedDirectedGraph.java:129)
	at com.google.javascript.jscomp.TypeInference.branchedFlowThrough(TypeInference.java:205)
	at com.google.javascript.jscomp.TypeInference_ESTest.test025(TypeInference_ESTest.java:615)
	at sun.reflect.NativeMethodAccessorImpl.invoke0(Native Method)
	at sun.reflect.NativeMethodAccessorImpl.invoke(NativeMethodAccessorImpl.java:62)
	at sun.reflect.DelegatingMethodAccessorImpl.invoke(DelegatingMethodAccessorImpl.java:43)
	at java.lang.reflect.Method.invoke(Method.java:498)
	at org.junit.runners.model.FrameworkMethod$1.runReflectiveCall(FrameworkMethod.java:50)
	at org.junit.internal.runners.model.ReflectiveCallable.run(ReflectiveCallable.java:12)
	at org.junit.runners.model.FrameworkMethod.invokeExplosively(FrameworkMethod.java:47)
	at org.junit.internal.runners.statements.InvokeMethod.evaluate(InvokeMethod.java:17)
	at org.junit.internal.runners.statements.FailOnTimeout$CallableStatement.call(FailOnTimeout.java:298)
	at org.junit.internal.runners.statements.FailOnTimeout$CallableStatement.call(FailOnTimeout.java:292)
	at java.util.concurrent.FutureTask.run(FutureTask.java:266)
	at java.lang.Thread.run(Thread.java:748)
94) test024(com.google.javascript.jscomp.TypeInference_ESTest)
org.evosuite.runtime.mock.java.lang.MockIllegalArgumentException: LABEL_NAME 2 does not exist in graph
	at com.google.javascript.jscomp.graph.Graph.getNodeOrFail(Graph.java:222)
	at com.google.javascript.jscomp.graph.LinkedDirectedGraph.getOutEdges(LinkedDirectedGraph.java:129)
	at com.google.javascript.jscomp.TypeInference.branchedFlowThrough(TypeInference.java:205)
	at com.google.javascript.jscomp.TypeInference_ESTest.test024(TypeInference_ESTest.java:592)
	at sun.reflect.NativeMethodAccessorImpl.invoke0(Native Method)
	at sun.reflect.NativeMethodAccessorImpl.invoke(NativeMethodAccessorImpl.java:62)
	at sun.reflect.DelegatingMethodAccessorImpl.invoke(DelegatingMethodAccessorImpl.java:43)
	at java.lang.reflect.Method.invoke(Method.java:498)
	at org.junit.runners.model.FrameworkMethod$1.runReflectiveCall(FrameworkMethod.java:50)
	at org.junit.internal.runners.model.ReflectiveCallable.run(ReflectiveCallable.java:12)
	at org.junit.runners.model.FrameworkMethod.invokeExplosively(FrameworkMethod.java:47)
	at org.junit.internal.runners.statements.InvokeMethod.evaluate(InvokeMethod.java:17)
	at org.junit.internal.runners.statements.FailOnTimeout$CallableStatement.call(FailOnTimeout.java:298)
	at org.junit.internal.runners.statements.FailOnTimeout$CallableStatement.call(FailOnTimeout.java:292)
	at java.util.concurrent.FutureTask.run(FutureTask.java:266)
	at java.lang.Thread.run(Thread.java:748)
95) test027(com.google.javascript.jscomp.TypeInference_ESTest)
org.evosuite.runtime.mock.java.lang.MockIllegalStateException: 150
	at com.google.javascript.rhino.Token.name(Token.java:287)
	at com.google.javascript.rhino.Node.toString(Node.java:951)
	at com.google.javascript.rhino.Node.toString(Node.java:942)
	at com.google.javascript.rhino.Node.toString(Node.java:934)
	at java.lang.String.valueOf(String.java:2994)
	at java.lang.StringBuilder.append(StringBuilder.java:131)
	at com.google.javascript.jscomp.graph.Graph.getNodeOrFail(Graph.java:222)
	at com.google.javascript.jscomp.graph.LinkedDirectedGraph.getOutEdges(LinkedDirectedGraph.java:129)
	at com.google.javascript.jscomp.TypeInference.branchedFlowThrough(TypeInference.java:205)
	at com.google.javascript.jscomp.TypeInference_ESTest.test027(TypeInference_ESTest.java:670)
	at sun.reflect.NativeMethodAccessorImpl.invoke0(Native Method)
	at sun.reflect.NativeMethodAccessorImpl.invoke(NativeMethodAccessorImpl.java:62)
	at sun.reflect.DelegatingMethodAccessorImpl.invoke(DelegatingMethodAccessorImpl.java:43)
	at java.lang.reflect.Method.invoke(Method.java:498)
	at org.junit.runners.model.FrameworkMethod$1.runReflectiveCall(FrameworkMethod.java:50)
	at org.junit.internal.runners.model.ReflectiveCallable.run(ReflectiveCallable.java:12)
	at org.junit.runners.model.FrameworkMethod.invokeExplosively(FrameworkMethod.java:47)
	at org.junit.internal.runners.statements.InvokeMethod.evaluate(InvokeMethod.java:17)
	at org.junit.internal.runners.statements.FailOnTimeout$CallableStatement.call(FailOnTimeout.java:298)
	at org.junit.internal.runners.statements.FailOnTimeout$CallableStatement.call(FailOnTimeout.java:292)
	at java.util.concurrent.FutureTask.run(FutureTask.java:266)
	at java.lang.Thread.run(Thread.java:748)
96) test026(com.google.javascript.jscomp.TypeInference_ESTest)
org.evosuite.runtime.mock.java.lang.MockIllegalStateException: 151
	at com.google.javascript.rhino.Token.name(Token.java:287)
	at com.google.javascript.rhino.Node.toString(Node.java:951)
	at com.google.javascript.rhino.Node.toString(Node.java:942)
	at com.google.javascript.rhino.Node.toString(Node.java:934)
	at java.lang.String.valueOf(String.java:2994)
	at java.lang.StringBuilder.append(StringBuilder.java:131)
	at com.google.javascript.jscomp.graph.Graph.getNodeOrFail(Graph.java:222)
	at com.google.javascript.jscomp.graph.LinkedDirectedGraph.getOutEdges(LinkedDirectedGraph.java:129)
	at com.google.javascript.jscomp.TypeInference.branchedFlowThrough(TypeInference.java:205)
	at com.google.javascript.jscomp.TypeInference_ESTest.test026(TypeInference_ESTest.java:642)
	at sun.reflect.NativeMethodAccessorImpl.invoke0(Native Method)
	at sun.reflect.NativeMethodAccessorImpl.invoke(NativeMethodAccessorImpl.java:62)
	at sun.reflect.DelegatingMethodAccessorImpl.invoke(DelegatingMethodAccessorImpl.java:43)
	at java.lang.reflect.Method.invoke(Method.java:498)
	at org.junit.runners.model.FrameworkMethod$1.runReflectiveCall(FrameworkMethod.java:50)
	at org.junit.internal.runners.model.ReflectiveCallable.run(ReflectiveCallable.java:12)
	at org.junit.runners.model.FrameworkMethod.invokeExplosively(FrameworkMethod.java:47)
	at org.junit.internal.runners.statements.InvokeMethod.evaluate(InvokeMethod.java:17)
	at org.junit.internal.runners.statements.FailOnTimeout$CallableStatement.call(FailOnTimeout.java:298)
	at org.junit.internal.runners.statements.FailOnTimeout$CallableStatement.call(FailOnTimeout.java:292)
	at java.util.concurrent.FutureTask.run(FutureTask.java:266)
	at java.lang.Thread.run(Thread.java:748)
97) test029(com.google.javascript.jscomp.TypeInference_ESTest)
org.evosuite.runtime.mock.java.lang.MockIllegalArgumentException: SETTER_DEF 29 does not exist in graph
	at com.google.javascript.jscomp.graph.Graph.getNodeOrFail(Graph.java:222)
	at com.google.javascript.jscomp.graph.LinkedDirectedGraph.getOutEdges(LinkedDirectedGraph.java:129)
	at com.google.javascript.jscomp.TypeInference.branchedFlowThrough(TypeInference.java:205)
	at com.google.javascript.jscomp.TypeInference_ESTest.test029(TypeInference_ESTest.java:717)
	at sun.reflect.NativeMethodAccessorImpl.invoke0(Native Method)
	at sun.reflect.NativeMethodAccessorImpl.invoke(NativeMethodAccessorImpl.java:62)
	at sun.reflect.DelegatingMethodAccessorImpl.invoke(DelegatingMethodAccessorImpl.java:43)
	at java.lang.reflect.Method.invoke(Method.java:498)
	at org.junit.runners.model.FrameworkMethod$1.runReflectiveCall(FrameworkMethod.java:50)
	at org.junit.internal.runners.model.ReflectiveCallable.run(ReflectiveCallable.java:12)
	at org.junit.runners.model.FrameworkMethod.invokeExplosively(FrameworkMethod.java:47)
	at org.junit.internal.runners.statements.InvokeMethod.evaluate(InvokeMethod.java:17)
	at org.junit.internal.runners.statements.FailOnTimeout$CallableStatement.call(FailOnTimeout.java:298)
	at org.junit.internal.runners.statements.FailOnTimeout$CallableStatement.call(FailOnTimeout.java:292)
	at java.util.concurrent.FutureTask.run(FutureTask.java:266)
	at java.lang.Thread.run(Thread.java:748)
98) test028(com.google.javascript.jscomp.TypeInference_ESTest)
org.evosuite.runtime.mock.java.lang.MockIllegalArgumentException: CONST fRf does not exist in graph
	at com.google.javascript.jscomp.graph.Graph.getNodeOrFail(Graph.java:222)
	at com.google.javascript.jscomp.graph.LinkedDirectedGraph.getOutEdges(LinkedDirectedGraph.java:129)
	at com.google.javascript.jscomp.TypeInference.branchedFlowThrough(TypeInference.java:205)
	at com.google.javascript.jscomp.TypeInference_ESTest.test028(TypeInference_ESTest.java:694)
	at sun.reflect.NativeMethodAccessorImpl.invoke0(Native Method)
	at sun.reflect.NativeMethodAccessorImpl.invoke(NativeMethodAccessorImpl.java:62)
	at sun.reflect.DelegatingMethodAccessorImpl.invoke(DelegatingMethodAccessorImpl.java:43)
	at java.lang.reflect.Method.invoke(Method.java:498)
	at org.junit.runners.model.FrameworkMethod$1.runReflectiveCall(FrameworkMethod.java:50)
	at org.junit.internal.runners.model.ReflectiveCallable.run(ReflectiveCallable.java:12)
	at org.junit.runners.model.FrameworkMethod.invokeExplosively(FrameworkMethod.java:47)
	at org.junit.internal.runners.statements.InvokeMethod.evaluate(InvokeMethod.java:17)
	at org.junit.internal.runners.statements.FailOnTimeout$CallableStatement.call(FailOnTimeout.java:298)
	at org.junit.internal.runners.statements.FailOnTimeout$CallableStatement.call(FailOnTimeout.java:292)
	at java.util.concurrent.FutureTask.run(FutureTask.java:266)
	at java.lang.Thread.run(Thread.java:748)
99) test041(com.google.javascript.jscomp.TypeInference_ESTest)
org.evosuite.runtime.mock.java.lang.MockIllegalStateException: 135
	at com.google.javascript.rhino.Token.name(Token.java:287)
	at com.google.javascript.rhino.Node.toString(Node.java:951)
	at com.google.javascript.rhino.Node.toString(Node.java:942)
	at com.google.javascript.rhino.Node.toString(Node.java:934)
	at java.lang.String.valueOf(String.java:2994)
	at java.lang.StringBuilder.append(StringBuilder.java:131)
	at com.google.javascript.jscomp.graph.Graph.getNodeOrFail(Graph.java:222)
	at com.google.javascript.jscomp.graph.LinkedDirectedGraph.getOutEdges(LinkedDirectedGraph.java:129)
	at com.google.javascript.jscomp.TypeInference.branchedFlowThrough(TypeInference.java:205)
	at com.google.javascript.jscomp.TypeInference_ESTest.test041(TypeInference_ESTest.java:985)
	at sun.reflect.NativeMethodAccessorImpl.invoke0(Native Method)
	at sun.reflect.NativeMethodAccessorImpl.invoke(NativeMethodAccessorImpl.java:62)
	at sun.reflect.DelegatingMethodAccessorImpl.invoke(DelegatingMethodAccessorImpl.java:43)
	at java.lang.reflect.Method.invoke(Method.java:498)
	at org.junit.runners.model.FrameworkMethod$1.runReflectiveCall(FrameworkMethod.java:50)
	at org.junit.internal.runners.model.ReflectiveCallable.run(ReflectiveCallable.java:12)
	at org.junit.runners.model.FrameworkMethod.invokeExplosively(FrameworkMethod.java:47)
	at org.junit.internal.runners.statements.InvokeMethod.evaluate(InvokeMethod.java:17)
	at org.junit.internal.runners.statements.FailOnTimeout$CallableStatement.call(FailOnTimeout.java:298)
	at org.junit.internal.runners.statements.FailOnTimeout$CallableStatement.call(FailOnTimeout.java:292)
	at java.util.concurrent.FutureTask.run(FutureTask.java:266)
	at java.lang.Thread.run(Thread.java:748)
100) test043(com.google.javascript.jscomp.TypeInference_ESTest)
org.evosuite.runtime.mock.java.lang.MockIllegalStateException: 133
	at com.google.javascript.rhino.Token.name(Token.java:287)
	at com.google.javascript.rhino.Node.toString(Node.java:951)
	at com.google.javascript.rhino.Node.toString(Node.java:942)
	at com.google.javascript.rhino.Node.toString(Node.java:934)
	at java.lang.String.valueOf(String.java:2994)
	at java.lang.StringBuilder.append(StringBuilder.java:131)
	at com.google.javascript.jscomp.graph.Graph.getNodeOrFail(Graph.java:222)
	at com.google.javascript.jscomp.graph.LinkedDirectedGraph.getOutEdges(LinkedDirectedGraph.java:129)
	at com.google.javascript.jscomp.TypeInference.branchedFlowThrough(TypeInference.java:205)
	at com.google.javascript.jscomp.TypeInference_ESTest.test043(TypeInference_ESTest.java:1032)
	at sun.reflect.NativeMethodAccessorImpl.invoke0(Native Method)
	at sun.reflect.NativeMethodAccessorImpl.invoke(NativeMethodAccessorImpl.java:62)
	at sun.reflect.DelegatingMethodAccessorImpl.invoke(DelegatingMethodAccessorImpl.java:43)
	at java.lang.reflect.Method.invoke(Method.java:498)
	at org.junit.runners.model.FrameworkMethod$1.runReflectiveCall(FrameworkMethod.java:50)
	at org.junit.internal.runners.model.ReflectiveCallable.run(ReflectiveCallable.java:12)
	at org.junit.runners.model.FrameworkMethod.invokeExplosively(FrameworkMethod.java:47)
	at org.junit.internal.runners.statements.InvokeMethod.evaluate(InvokeMethod.java:17)
	at org.junit.internal.runners.statements.FailOnTimeout$CallableStatement.call(FailOnTimeout.java:298)
	at org.junit.internal.runners.statements.FailOnTimeout$CallableStatement.call(FailOnTimeout.java:292)
	at java.util.concurrent.FutureTask.run(FutureTask.java:266)
	at java.lang.Thread.run(Thread.java:748)
101) test042(com.google.javascript.jscomp.TypeInference_ESTest)
org.evosuite.runtime.mock.java.lang.MockIllegalStateException: 134
	at com.google.javascript.rhino.Token.name(Token.java:287)
	at com.google.javascript.rhino.Node.toString(Node.java:951)
	at com.google.javascript.rhino.Node.toString(Node.java:942)
	at com.google.javascript.rhino.Node.toString(Node.java:934)
	at java.lang.String.valueOf(String.java:2994)
	at java.lang.StringBuilder.append(StringBuilder.java:131)
	at com.google.javascript.jscomp.graph.Graph.getNodeOrFail(Graph.java:222)
	at com.google.javascript.jscomp.graph.LinkedDirectedGraph.getOutEdges(LinkedDirectedGraph.java:129)
	at com.google.javascript.jscomp.TypeInference.branchedFlowThrough(TypeInference.java:205)
	at com.google.javascript.jscomp.TypeInference_ESTest.test042(TypeInference_ESTest.java:1008)
	at sun.reflect.NativeMethodAccessorImpl.invoke0(Native Method)
	at sun.reflect.NativeMethodAccessorImpl.invoke(NativeMethodAccessorImpl.java:62)
	at sun.reflect.DelegatingMethodAccessorImpl.invoke(DelegatingMethodAccessorImpl.java:43)
	at java.lang.reflect.Method.invoke(Method.java:498)
	at org.junit.runners.model.FrameworkMethod$1.runReflectiveCall(FrameworkMethod.java:50)
	at org.junit.internal.runners.model.ReflectiveCallable.run(ReflectiveCallable.java:12)
	at org.junit.runners.model.FrameworkMethod.invokeExplosively(FrameworkMethod.java:47)
	at org.junit.internal.runners.statements.InvokeMethod.evaluate(InvokeMethod.java:17)
	at org.junit.internal.runners.statements.FailOnTimeout$CallableStatement.call(FailOnTimeout.java:298)
	at org.junit.internal.runners.statements.FailOnTimeout$CallableStatement.call(FailOnTimeout.java:292)
	at java.util.concurrent.FutureTask.run(FutureTask.java:266)
	at java.lang.Thread.run(Thread.java:748)
102) test045(com.google.javascript.jscomp.TypeInference_ESTest)
java.lang.NullPointerException
	at com.google.javascript.jscomp.TypeInference.traverse(TypeInference.java:430)
	at com.google.javascript.jscomp.TypeInference.flowThrough(TypeInference.java:188)
	at com.google.javascript.jscomp.TypeInference.branchedFlowThrough(TypeInference.java:200)
	at com.google.javascript.jscomp.TypeInference_ESTest.test045(TypeInference_ESTest.java:1082)
	at sun.reflect.NativeMethodAccessorImpl.invoke0(Native Method)
	at sun.reflect.NativeMethodAccessorImpl.invoke(NativeMethodAccessorImpl.java:62)
	at sun.reflect.DelegatingMethodAccessorImpl.invoke(DelegatingMethodAccessorImpl.java:43)
	at java.lang.reflect.Method.invoke(Method.java:498)
	at org.junit.runners.model.FrameworkMethod$1.runReflectiveCall(FrameworkMethod.java:50)
	at org.junit.internal.runners.model.ReflectiveCallable.run(ReflectiveCallable.java:12)
	at org.junit.runners.model.FrameworkMethod.invokeExplosively(FrameworkMethod.java:47)
	at org.junit.internal.runners.statements.InvokeMethod.evaluate(InvokeMethod.java:17)
	at org.junit.internal.runners.statements.FailOnTimeout$CallableStatement.call(FailOnTimeout.java:298)
	at org.junit.internal.runners.statements.FailOnTimeout$CallableStatement.call(FailOnTimeout.java:292)
	at java.util.concurrent.FutureTask.run(FutureTask.java:266)
	at java.lang.Thread.run(Thread.java:748)
103) test044(com.google.javascript.jscomp.TypeInference_ESTest)
org.evosuite.runtime.mock.java.lang.MockIllegalStateException: 131
	at com.google.javascript.rhino.Token.name(Token.java:287)
	at com.google.javascript.rhino.Node.toString(Node.java:951)
	at com.google.javascript.rhino.Node.toString(Node.java:942)
	at com.google.javascript.rhino.Node.toString(Node.java:934)
	at java.lang.String.valueOf(String.java:2994)
	at java.lang.StringBuilder.append(StringBuilder.java:131)
	at com.google.javascript.jscomp.graph.Graph.getNodeOrFail(Graph.java:222)
	at com.google.javascript.jscomp.graph.LinkedDirectedGraph.getOutEdges(LinkedDirectedGraph.java:129)
	at com.google.javascript.jscomp.TypeInference.branchedFlowThrough(TypeInference.java:205)
	at com.google.javascript.jscomp.TypeInference_ESTest.test044(TypeInference_ESTest.java:1058)
	at sun.reflect.NativeMethodAccessorImpl.invoke0(Native Method)
	at sun.reflect.NativeMethodAccessorImpl.invoke(NativeMethodAccessorImpl.java:62)
	at sun.reflect.DelegatingMethodAccessorImpl.invoke(DelegatingMethodAccessorImpl.java:43)
	at java.lang.reflect.Method.invoke(Method.java:498)
	at org.junit.runners.model.FrameworkMethod$1.runReflectiveCall(FrameworkMethod.java:50)
	at org.junit.internal.runners.model.ReflectiveCallable.run(ReflectiveCallable.java:12)
	at org.junit.runners.model.FrameworkMethod.invokeExplosively(FrameworkMethod.java:47)
	at org.junit.internal.runners.statements.InvokeMethod.evaluate(InvokeMethod.java:17)
	at org.junit.internal.runners.statements.FailOnTimeout$CallableStatement.call(FailOnTimeout.java:298)
	at org.junit.internal.runners.statements.FailOnTimeout$CallableStatement.call(FailOnTimeout.java:292)
	at java.util.concurrent.FutureTask.run(FutureTask.java:266)
	at java.lang.Thread.run(Thread.java:748)
104) test035(com.google.javascript.jscomp.TypeInference_ESTest)
org.evosuite.runtime.mock.java.lang.MockIllegalStateException: 142
	at com.google.javascript.rhino.Token.name(Token.java:287)
	at com.google.javascript.rhino.Node.toString(Node.java:951)
	at com.google.javascript.rhino.Node.toString(Node.java:942)
	at com.google.javascript.rhino.Node.toString(Node.java:934)
	at java.lang.String.valueOf(String.java:2994)
	at java.lang.StringBuilder.append(StringBuilder.java:131)
	at com.google.javascript.jscomp.graph.Graph.getNodeOrFail(Graph.java:222)
	at com.google.javascript.jscomp.graph.LinkedDirectedGraph.getOutEdges(LinkedDirectedGraph.java:129)
	at com.google.javascript.jscomp.TypeInference.branchedFlowThrough(TypeInference.java:205)
	at com.google.javascript.jscomp.TypeInference_ESTest.test035(TypeInference_ESTest.java:860)
	at sun.reflect.NativeMethodAccessorImpl.invoke0(Native Method)
	at sun.reflect.NativeMethodAccessorImpl.invoke(NativeMethodAccessorImpl.java:62)
	at sun.reflect.DelegatingMethodAccessorImpl.invoke(DelegatingMethodAccessorImpl.java:43)
	at java.lang.reflect.Method.invoke(Method.java:498)
	at org.junit.runners.model.FrameworkMethod$1.runReflectiveCall(FrameworkMethod.java:50)
	at org.junit.internal.runners.model.ReflectiveCallable.run(ReflectiveCallable.java:12)
	at org.junit.runners.model.FrameworkMethod.invokeExplosively(FrameworkMethod.java:47)
	at org.junit.internal.runners.statements.InvokeMethod.evaluate(InvokeMethod.java:17)
	at org.junit.internal.runners.statements.FailOnTimeout$CallableStatement.call(FailOnTimeout.java:298)
	at org.junit.internal.runners.statements.FailOnTimeout$CallableStatement.call(FailOnTimeout.java:292)
	at java.util.concurrent.FutureTask.run(FutureTask.java:266)
	at java.lang.Thread.run(Thread.java:748)
105) test038(com.google.javascript.jscomp.TypeInference_ESTest)
org.evosuite.runtime.mock.java.lang.MockIllegalStateException: 139
	at com.google.javascript.rhino.Token.name(Token.java:287)
	at com.google.javascript.rhino.Node.toString(Node.java:951)
	at com.google.javascript.rhino.Node.toString(Node.java:942)
	at com.google.javascript.rhino.Node.toString(Node.java:934)
	at java.lang.String.valueOf(String.java:2994)
	at java.lang.StringBuilder.append(StringBuilder.java:131)
	at com.google.javascript.jscomp.graph.Graph.getNodeOrFail(Graph.java:222)
	at com.google.javascript.jscomp.graph.LinkedDirectedGraph.getOutEdges(LinkedDirectedGraph.java:129)
	at com.google.javascript.jscomp.TypeInference.branchedFlowThrough(TypeInference.java:205)
	at com.google.javascript.jscomp.TypeInference_ESTest.test038(TypeInference_ESTest.java:921)
	at sun.reflect.NativeMethodAccessorImpl.invoke0(Native Method)
	at sun.reflect.NativeMethodAccessorImpl.invoke(NativeMethodAccessorImpl.java:62)
	at sun.reflect.DelegatingMethodAccessorImpl.invoke(DelegatingMethodAccessorImpl.java:43)
	at java.lang.reflect.Method.invoke(Method.java:498)
	at org.junit.runners.model.FrameworkMethod$1.runReflectiveCall(FrameworkMethod.java:50)
	at org.junit.internal.runners.model.ReflectiveCallable.run(ReflectiveCallable.java:12)
	at org.junit.runners.model.FrameworkMethod.invokeExplosively(FrameworkMethod.java:47)
	at org.junit.internal.runners.statements.InvokeMethod.evaluate(InvokeMethod.java:17)
	at org.junit.internal.runners.statements.FailOnTimeout$CallableStatement.call(FailOnTimeout.java:298)
	at org.junit.internal.runners.statements.FailOnTimeout$CallableStatement.call(FailOnTimeout.java:292)
	at java.util.concurrent.FutureTask.run(FutureTask.java:266)
	at java.lang.Thread.run(Thread.java:748)
106) test037(com.google.javascript.jscomp.TypeInference_ESTest)
org.evosuite.runtime.mock.java.lang.MockIllegalStateException: 140
	at com.google.javascript.rhino.Token.name(Token.java:287)
	at com.google.javascript.rhino.Node.toString(Node.java:951)
	at com.google.javascript.rhino.Node.toString(Node.java:942)
	at com.google.javascript.rhino.Node.toString(Node.java:934)
	at java.lang.String.valueOf(String.java:2994)
	at java.lang.StringBuilder.append(StringBuilder.java:131)
	at com.google.javascript.jscomp.graph.Graph.getNodeOrFail(Graph.java:222)
	at com.google.javascript.jscomp.graph.LinkedDirectedGraph.getOutEdges(LinkedDirectedGraph.java:129)
	at com.google.javascript.jscomp.TypeInference.branchedFlowThrough(TypeInference.java:205)
	at com.google.javascript.jscomp.TypeInference_ESTest.test037(TypeInference_ESTest.java:898)
	at sun.reflect.NativeMethodAccessorImpl.invoke0(Native Method)
	at sun.reflect.NativeMethodAccessorImpl.invoke(NativeMethodAccessorImpl.java:62)
	at sun.reflect.DelegatingMethodAccessorImpl.invoke(DelegatingMethodAccessorImpl.java:43)
	at java.lang.reflect.Method.invoke(Method.java:498)
	at org.junit.runners.model.FrameworkMethod$1.runReflectiveCall(FrameworkMethod.java:50)
	at org.junit.internal.runners.model.ReflectiveCallable.run(ReflectiveCallable.java:12)
	at org.junit.runners.model.FrameworkMethod.invokeExplosively(FrameworkMethod.java:47)
	at org.junit.internal.runners.statements.InvokeMethod.evaluate(InvokeMethod.java:17)
	at org.junit.internal.runners.statements.FailOnTimeout$CallableStatement.call(FailOnTimeout.java:298)
	at org.junit.internal.runners.statements.FailOnTimeout$CallableStatement.call(FailOnTimeout.java:292)
	at java.util.concurrent.FutureTask.run(FutureTask.java:266)
	at java.lang.Thread.run(Thread.java:748)
107) test039(com.google.javascript.jscomp.TypeInference_ESTest)
org.evosuite.runtime.mock.java.lang.MockIllegalStateException: 138
	at com.google.javascript.rhino.Token.name(Token.java:287)
	at com.google.javascript.rhino.Node.toString(Node.java:951)
	at com.google.javascript.rhino.Node.toString(Node.java:942)
	at com.google.javascript.rhino.Node.toString(Node.java:934)
	at java.lang.String.valueOf(String.java:2994)
	at java.lang.StringBuilder.append(StringBuilder.java:131)
	at com.google.javascript.jscomp.graph.Graph.getNodeOrFail(Graph.java:222)
	at com.google.javascript.jscomp.graph.LinkedDirectedGraph.getOutEdges(LinkedDirectedGraph.java:129)
	at com.google.javascript.jscomp.TypeInference.branchedFlowThrough(TypeInference.java:205)
	at com.google.javascript.jscomp.TypeInference_ESTest.test039(TypeInference_ESTest.java:948)
	at sun.reflect.NativeMethodAccessorImpl.invoke0(Native Method)
	at sun.reflect.NativeMethodAccessorImpl.invoke(NativeMethodAccessorImpl.java:62)
	at sun.reflect.DelegatingMethodAccessorImpl.invoke(DelegatingMethodAccessorImpl.java:43)
	at java.lang.reflect.Method.invoke(Method.java:498)
	at org.junit.runners.model.FrameworkMethod$1.runReflectiveCall(FrameworkMethod.java:50)
	at org.junit.internal.runners.model.ReflectiveCallable.run(ReflectiveCallable.java:12)
	at org.junit.runners.model.FrameworkMethod.invokeExplosively(FrameworkMethod.java:47)
	at org.junit.internal.runners.statements.InvokeMethod.evaluate(InvokeMethod.java:17)
	at org.junit.internal.runners.statements.FailOnTimeout$CallableStatement.call(FailOnTimeout.java:298)
	at org.junit.internal.runners.statements.FailOnTimeout$CallableStatement.call(FailOnTimeout.java:292)
	at java.util.concurrent.FutureTask.run(FutureTask.java:266)
	at java.lang.Thread.run(Thread.java:748)
108) test050(com.google.javascript.jscomp.TypeInference_ESTest)
org.evosuite.runtime.mock.java.lang.MockIllegalArgumentException: EMPTY  does not exist in graph
	at com.google.javascript.jscomp.graph.Graph.getNodeOrFail(Graph.java:222)
	at com.google.javascript.jscomp.graph.LinkedDirectedGraph.getOutEdges(LinkedDirectedGraph.java:129)
	at com.google.javascript.jscomp.TypeInference.branchedFlowThrough(TypeInference.java:205)
	at com.google.javascript.jscomp.TypeInference_ESTest.test050(TypeInference_ESTest.java:1201)
	at sun.reflect.NativeMethodAccessorImpl.invoke0(Native Method)
	at sun.reflect.NativeMethodAccessorImpl.invoke(NativeMethodAccessorImpl.java:62)
	at sun.reflect.DelegatingMethodAccessorImpl.invoke(DelegatingMethodAccessorImpl.java:43)
	at java.lang.reflect.Method.invoke(Method.java:498)
	at org.junit.runners.model.FrameworkMethod$1.runReflectiveCall(FrameworkMethod.java:50)
	at org.junit.internal.runners.model.ReflectiveCallable.run(ReflectiveCallable.java:12)
	at org.junit.runners.model.FrameworkMethod.invokeExplosively(FrameworkMethod.java:47)
	at org.junit.internal.runners.statements.InvokeMethod.evaluate(InvokeMethod.java:17)
	at org.junit.internal.runners.statements.FailOnTimeout$CallableStatement.call(FailOnTimeout.java:298)
	at org.junit.internal.runners.statements.FailOnTimeout$CallableStatement.call(FailOnTimeout.java:292)
	at java.util.concurrent.FutureTask.run(FutureTask.java:266)
	at java.lang.Thread.run(Thread.java:748)
109) test052(com.google.javascript.jscomp.TypeInference_ESTest)
org.evosuite.runtime.mock.java.lang.MockIllegalArgumentException: VOID does not exist in graph
	at com.google.javascript.jscomp.graph.Graph.getNodeOrFail(Graph.java:222)
	at com.google.javascript.jscomp.graph.LinkedDirectedGraph.getOutEdges(LinkedDirectedGraph.java:129)
	at com.google.javascript.jscomp.TypeInference.branchedFlowThrough(TypeInference.java:205)
	at com.google.javascript.jscomp.TypeInference_ESTest.test052(TypeInference_ESTest.java:1253)
	at sun.reflect.NativeMethodAccessorImpl.invoke0(Native Method)
	at sun.reflect.NativeMethodAccessorImpl.invoke(NativeMethodAccessorImpl.java:62)
	at sun.reflect.DelegatingMethodAccessorImpl.invoke(DelegatingMethodAccessorImpl.java:43)
	at java.lang.reflect.Method.invoke(Method.java:498)
	at org.junit.runners.model.FrameworkMethod$1.runReflectiveCall(FrameworkMethod.java:50)
	at org.junit.internal.runners.model.ReflectiveCallable.run(ReflectiveCallable.java:12)
	at org.junit.runners.model.FrameworkMethod.invokeExplosively(FrameworkMethod.java:47)
	at org.junit.internal.runners.statements.InvokeMethod.evaluate(InvokeMethod.java:17)
	at org.junit.internal.runners.statements.FailOnTimeout$CallableStatement.call(FailOnTimeout.java:298)
	at org.junit.internal.runners.statements.FailOnTimeout$CallableStatement.call(FailOnTimeout.java:292)
	at java.util.concurrent.FutureTask.run(FutureTask.java:266)
	at java.lang.Thread.run(Thread.java:748)
110) test051(com.google.javascript.jscomp.TypeInference_ESTest)
org.evosuite.runtime.mock.java.lang.MockIllegalStateException: 123
	at com.google.javascript.rhino.Token.name(Token.java:287)
	at com.google.javascript.rhino.Node.toString(Node.java:951)
	at com.google.javascript.rhino.Node.toString(Node.java:942)
	at com.google.javascript.rhino.Node.toString(Node.java:934)
	at java.lang.String.valueOf(String.java:2994)
	at java.lang.StringBuilder.append(StringBuilder.java:131)
	at com.google.javascript.jscomp.graph.Graph.getNodeOrFail(Graph.java:222)
	at com.google.javascript.jscomp.graph.LinkedDirectedGraph.getOutEdges(LinkedDirectedGraph.java:129)
	at com.google.javascript.jscomp.TypeInference.branchedFlowThrough(TypeInference.java:205)
	at com.google.javascript.jscomp.TypeInference_ESTest.test051(TypeInference_ESTest.java:1225)
	at sun.reflect.NativeMethodAccessorImpl.invoke0(Native Method)
	at sun.reflect.NativeMethodAccessorImpl.invoke(NativeMethodAccessorImpl.java:62)
	at sun.reflect.DelegatingMethodAccessorImpl.invoke(DelegatingMethodAccessorImpl.java:43)
	at java.lang.reflect.Method.invoke(Method.java:498)
	at org.junit.runners.model.FrameworkMethod$1.runReflectiveCall(FrameworkMethod.java:50)
	at org.junit.internal.runners.model.ReflectiveCallable.run(ReflectiveCallable.java:12)
	at org.junit.runners.model.FrameworkMethod.invokeExplosively(FrameworkMethod.java:47)
	at org.junit.internal.runners.statements.InvokeMethod.evaluate(InvokeMethod.java:17)
	at org.junit.internal.runners.statements.FailOnTimeout$CallableStatement.call(FailOnTimeout.java:298)
	at org.junit.internal.runners.statements.FailOnTimeout$CallableStatement.call(FailOnTimeout.java:292)
	at java.util.concurrent.FutureTask.run(FutureTask.java:266)
	at java.lang.Thread.run(Thread.java:748)
111) test054(com.google.javascript.jscomp.TypeInference_ESTest)
java.lang.NullPointerException
	at com.google.javascript.jscomp.TypeInference.traverseCatch(TypeInference.java:493)
	at com.google.javascript.jscomp.TypeInference.traverse(TypeInference.java:449)
	at com.google.javascript.jscomp.TypeInference.flowThrough(TypeInference.java:188)
	at com.google.javascript.jscomp.TypeInference.branchedFlowThrough(TypeInference.java:200)
	at com.google.javascript.jscomp.TypeInference_ESTest.test054(TypeInference_ESTest.java:1295)
	at sun.reflect.NativeMethodAccessorImpl.invoke0(Native Method)
	at sun.reflect.NativeMethodAccessorImpl.invoke(NativeMethodAccessorImpl.java:62)
	at sun.reflect.DelegatingMethodAccessorImpl.invoke(DelegatingMethodAccessorImpl.java:43)
	at java.lang.reflect.Method.invoke(Method.java:498)
	at org.junit.runners.model.FrameworkMethod$1.runReflectiveCall(FrameworkMethod.java:50)
	at org.junit.internal.runners.model.ReflectiveCallable.run(ReflectiveCallable.java:12)
	at org.junit.runners.model.FrameworkMethod.invokeExplosively(FrameworkMethod.java:47)
	at org.junit.internal.runners.statements.InvokeMethod.evaluate(InvokeMethod.java:17)
	at org.junit.internal.runners.statements.FailOnTimeout$CallableStatement.call(FailOnTimeout.java:298)
	at org.junit.internal.runners.statements.FailOnTimeout$CallableStatement.call(FailOnTimeout.java:292)
	at java.util.concurrent.FutureTask.run(FutureTask.java:266)
	at java.lang.Thread.run(Thread.java:748)
112) test056(com.google.javascript.jscomp.TypeInference_ESTest)
org.evosuite.runtime.mock.java.lang.MockIllegalArgumentException: VAR eH{ does not exist in graph
	at com.google.javascript.jscomp.graph.Graph.getNodeOrFail(Graph.java:222)
	at com.google.javascript.jscomp.graph.LinkedDirectedGraph.getOutEdges(LinkedDirectedGraph.java:129)
	at com.google.javascript.jscomp.TypeInference.branchedFlowThrough(TypeInference.java:205)
	at com.google.javascript.jscomp.TypeInference_ESTest.test056(TypeInference_ESTest.java:1347)
	at sun.reflect.NativeMethodAccessorImpl.invoke0(Native Method)
	at sun.reflect.NativeMethodAccessorImpl.invoke(NativeMethodAccessorImpl.java:62)
	at sun.reflect.DelegatingMethodAccessorImpl.invoke(DelegatingMethodAccessorImpl.java:43)
	at java.lang.reflect.Method.invoke(Method.java:498)
	at org.junit.runners.model.FrameworkMethod$1.runReflectiveCall(FrameworkMethod.java:50)
	at org.junit.internal.runners.model.ReflectiveCallable.run(ReflectiveCallable.java:12)
	at org.junit.runners.model.FrameworkMethod.invokeExplosively(FrameworkMethod.java:47)
	at org.junit.internal.runners.statements.InvokeMethod.evaluate(InvokeMethod.java:17)
	at org.junit.internal.runners.statements.FailOnTimeout$CallableStatement.call(FailOnTimeout.java:298)
	at org.junit.internal.runners.statements.FailOnTimeout$CallableStatement.call(FailOnTimeout.java:292)
	at java.util.concurrent.FutureTask.run(FutureTask.java:266)
	at java.lang.Thread.run(Thread.java:748)
113) test055(com.google.javascript.jscomp.TypeInference_ESTest)
org.evosuite.runtime.mock.java.lang.MockIllegalArgumentException: WITH  does not exist in graph
	at com.google.javascript.jscomp.graph.Graph.getNodeOrFail(Graph.java:222)
	at com.google.javascript.jscomp.graph.LinkedDirectedGraph.getOutEdges(LinkedDirectedGraph.java:129)
	at com.google.javascript.jscomp.TypeInference.branchedFlowThrough(TypeInference.java:205)
	at com.google.javascript.jscomp.TypeInference_ESTest.test055(TypeInference_ESTest.java:1323)
	at sun.reflect.NativeMethodAccessorImpl.invoke0(Native Method)
	at sun.reflect.NativeMethodAccessorImpl.invoke(NativeMethodAccessorImpl.java:62)
	at sun.reflect.DelegatingMethodAccessorImpl.invoke(DelegatingMethodAccessorImpl.java:43)
	at java.lang.reflect.Method.invoke(Method.java:498)
	at org.junit.runners.model.FrameworkMethod$1.runReflectiveCall(FrameworkMethod.java:50)
	at org.junit.internal.runners.model.ReflectiveCallable.run(ReflectiveCallable.java:12)
	at org.junit.runners.model.FrameworkMethod.invokeExplosively(FrameworkMethod.java:47)
	at org.junit.internal.runners.statements.InvokeMethod.evaluate(InvokeMethod.java:17)
	at org.junit.internal.runners.statements.FailOnTimeout$CallableStatement.call(FailOnTimeout.java:298)
	at org.junit.internal.runners.statements.FailOnTimeout$CallableStatement.call(FailOnTimeout.java:292)
	at java.util.concurrent.FutureTask.run(FutureTask.java:266)
	at java.lang.Thread.run(Thread.java:748)
114) test047(com.google.javascript.jscomp.TypeInference_ESTest)
org.evosuite.runtime.mock.java.lang.MockIllegalStateException: 128
	at com.google.javascript.rhino.Token.name(Token.java:287)
	at com.google.javascript.rhino.Node.toString(Node.java:951)
	at com.google.javascript.rhino.Node.toString(Node.java:942)
	at com.google.javascript.rhino.Node.toString(Node.java:934)
	at java.lang.String.valueOf(String.java:2994)
	at java.lang.StringBuilder.append(StringBuilder.java:131)
	at com.google.javascript.jscomp.graph.Graph.getNodeOrFail(Graph.java:222)
	at com.google.javascript.jscomp.graph.LinkedDirectedGraph.getOutEdges(LinkedDirectedGraph.java:129)
	at com.google.javascript.jscomp.TypeInference.branchedFlowThrough(TypeInference.java:205)
	at com.google.javascript.jscomp.TypeInference_ESTest.test047(TypeInference_ESTest.java:1130)
	at sun.reflect.NativeMethodAccessorImpl.invoke0(Native Method)
	at sun.reflect.NativeMethodAccessorImpl.invoke(NativeMethodAccessorImpl.java:62)
	at sun.reflect.DelegatingMethodAccessorImpl.invoke(DelegatingMethodAccessorImpl.java:43)
	at java.lang.reflect.Method.invoke(Method.java:498)
	at org.junit.runners.model.FrameworkMethod$1.runReflectiveCall(FrameworkMethod.java:50)
	at org.junit.internal.runners.model.ReflectiveCallable.run(ReflectiveCallable.java:12)
	at org.junit.runners.model.FrameworkMethod.invokeExplosively(FrameworkMethod.java:47)
	at org.junit.internal.runners.statements.InvokeMethod.evaluate(InvokeMethod.java:17)
	at org.junit.internal.runners.statements.FailOnTimeout$CallableStatement.call(FailOnTimeout.java:298)
	at org.junit.internal.runners.statements.FailOnTimeout$CallableStatement.call(FailOnTimeout.java:292)
	at java.util.concurrent.FutureTask.run(FutureTask.java:266)
	at java.lang.Thread.run(Thread.java:748)
115) test046(com.google.javascript.jscomp.TypeInference_ESTest)
org.evosuite.runtime.mock.java.lang.MockIllegalStateException: 129
	at com.google.javascript.rhino.Token.name(Token.java:287)
	at com.google.javascript.rhino.Node.toString(Node.java:951)
	at com.google.javascript.rhino.Node.toString(Node.java:942)
	at com.google.javascript.rhino.Node.toString(Node.java:934)
	at java.lang.String.valueOf(String.java:2994)
	at java.lang.StringBuilder.append(StringBuilder.java:131)
	at com.google.javascript.jscomp.graph.Graph.getNodeOrFail(Graph.java:222)
	at com.google.javascript.jscomp.graph.LinkedDirectedGraph.getOutEdges(LinkedDirectedGraph.java:129)
	at com.google.javascript.jscomp.TypeInference.branchedFlowThrough(TypeInference.java:205)
	at com.google.javascript.jscomp.TypeInference_ESTest.test046(TypeInference_ESTest.java:1106)
	at sun.reflect.NativeMethodAccessorImpl.invoke0(Native Method)
	at sun.reflect.NativeMethodAccessorImpl.invoke(NativeMethodAccessorImpl.java:62)
	at sun.reflect.DelegatingMethodAccessorImpl.invoke(DelegatingMethodAccessorImpl.java:43)
	at java.lang.reflect.Method.invoke(Method.java:498)
	at org.junit.runners.model.FrameworkMethod$1.runReflectiveCall(FrameworkMethod.java:50)
	at org.junit.internal.runners.model.ReflectiveCallable.run(ReflectiveCallable.java:12)
	at org.junit.runners.model.FrameworkMethod.invokeExplosively(FrameworkMethod.java:47)
	at org.junit.internal.runners.statements.InvokeMethod.evaluate(InvokeMethod.java:17)
	at org.junit.internal.runners.statements.FailOnTimeout$CallableStatement.call(FailOnTimeout.java:298)
	at org.junit.internal.runners.statements.FailOnTimeout$CallableStatement.call(FailOnTimeout.java:292)
	at java.util.concurrent.FutureTask.run(FutureTask.java:266)
	at java.lang.Thread.run(Thread.java:748)
116) test049(com.google.javascript.jscomp.TypeInference_ESTest)
org.evosuite.runtime.mock.java.lang.MockIllegalArgumentException: BLOCK does not exist in graph
	at com.google.javascript.jscomp.graph.Graph.getNodeOrFail(Graph.java:222)
	at com.google.javascript.jscomp.graph.LinkedDirectedGraph.getOutEdges(LinkedDirectedGraph.java:129)
	at com.google.javascript.jscomp.TypeInference.branchedFlowThrough(TypeInference.java:205)
	at com.google.javascript.jscomp.TypeInference_ESTest.test049(TypeInference_ESTest.java:1177)
	at sun.reflect.NativeMethodAccessorImpl.invoke0(Native Method)
	at sun.reflect.NativeMethodAccessorImpl.invoke(NativeMethodAccessorImpl.java:62)
	at sun.reflect.DelegatingMethodAccessorImpl.invoke(DelegatingMethodAccessorImpl.java:43)
	at java.lang.reflect.Method.invoke(Method.java:498)
	at org.junit.runners.model.FrameworkMethod$1.runReflectiveCall(FrameworkMethod.java:50)
	at org.junit.internal.runners.model.ReflectiveCallable.run(ReflectiveCallable.java:12)
	at org.junit.runners.model.FrameworkMethod.invokeExplosively(FrameworkMethod.java:47)
	at org.junit.internal.runners.statements.InvokeMethod.evaluate(InvokeMethod.java:17)
	at org.junit.internal.runners.statements.FailOnTimeout$CallableStatement.call(FailOnTimeout.java:298)
	at org.junit.internal.runners.statements.FailOnTimeout$CallableStatement.call(FailOnTimeout.java:292)
	at java.util.concurrent.FutureTask.run(FutureTask.java:266)
	at java.lang.Thread.run(Thread.java:748)
117) test048(com.google.javascript.jscomp.TypeInference_ESTest)
org.evosuite.runtime.mock.java.lang.MockIllegalArgumentException: LABEL does not exist in graph
	at com.google.javascript.jscomp.graph.Graph.getNodeOrFail(Graph.java:222)
	at com.google.javascript.jscomp.graph.LinkedDirectedGraph.getOutEdges(LinkedDirectedGraph.java:129)
	at com.google.javascript.jscomp.TypeInference.branchedFlowThrough(TypeInference.java:205)
	at com.google.javascript.jscomp.TypeInference_ESTest.test048(TypeInference_ESTest.java:1154)
	at sun.reflect.NativeMethodAccessorImpl.invoke0(Native Method)
	at sun.reflect.NativeMethodAccessorImpl.invoke(NativeMethodAccessorImpl.java:62)
	at sun.reflect.DelegatingMethodAccessorImpl.invoke(DelegatingMethodAccessorImpl.java:43)
	at java.lang.reflect.Method.invoke(Method.java:498)
	at org.junit.runners.model.FrameworkMethod$1.runReflectiveCall(FrameworkMethod.java:50)
	at org.junit.internal.runners.model.ReflectiveCallable.run(ReflectiveCallable.java:12)
	at org.junit.runners.model.FrameworkMethod.invokeExplosively(FrameworkMethod.java:47)
	at org.junit.internal.runners.statements.InvokeMethod.evaluate(InvokeMethod.java:17)
	at org.junit.internal.runners.statements.FailOnTimeout$CallableStatement.call(FailOnTimeout.java:298)
	at org.junit.internal.runners.statements.FailOnTimeout$CallableStatement.call(FailOnTimeout.java:292)
	at java.util.concurrent.FutureTask.run(FutureTask.java:266)
	at java.lang.Thread.run(Thread.java:748)

FAILURES!!!
Tests run: 139,  Failures: 117

