JUnit version 4.12
......E.E........E.E........E..E...E...E...E.....E....E.....E.........
Time: 2.896
There were 12 failures:
1) test37(org.apache.commons.lang3.time.FastDateParser_ESTest)
java.lang.NullPointerException
	at org.apache.commons.lang3.time.FastDateParser.parse(FastDateParser.java:276)
	at org.apache.commons.lang3.time.FastDateParser_ESTest.test37(FastDateParser_ESTest.java:432)
	at sun.reflect.NativeMethodAccessorImpl.invoke0(Native Method)
	at sun.reflect.NativeMethodAccessorImpl.invoke(NativeMethodAccessorImpl.java:62)
	at sun.reflect.DelegatingMethodAccessorImpl.invoke(DelegatingMethodAccessorImpl.java:43)
	at java.lang.reflect.Method.invoke(Method.java:498)
	at org.junit.runners.model.FrameworkMethod$1.runReflectiveCall(FrameworkMethod.java:50)
	at org.junit.internal.runners.model.ReflectiveCallable.run(ReflectiveCallable.java:12)
	at org.junit.runners.model.FrameworkMethod.invokeExplosively(FrameworkMethod.java:47)
	at org.junit.internal.runners.statements.InvokeMethod.evaluate(InvokeMethod.java:17)
	at org.junit.internal.runners.statements.FailOnTimeout$CallableStatement.call(FailOnTimeout.java:298)
	at org.junit.internal.runners.statements.FailOnTimeout$CallableStatement.call(FailOnTimeout.java:292)
	at java.util.concurrent.FutureTask.run(FutureTask.java:266)
	at java.lang.Thread.run(Thread.java:748)
2) test38(org.apache.commons.lang3.time.FastDateParser_ESTest)
java.text.ParseException: Unparseable date: "CAT" does not match \*
	at org.apache.commons.lang3.time.FastDateParser.parse(FastDateParser.java:258)
	at org.apache.commons.lang3.time.FastDateParser.parseObject(FastDateParser.java:242)
	at org.apache.commons.lang3.time.FastDateParser_ESTest.test38(FastDateParser_ESTest.java:449)
	at sun.reflect.NativeMethodAccessorImpl.invoke0(Native Method)
	at sun.reflect.NativeMethodAccessorImpl.invoke(NativeMethodAccessorImpl.java:62)
	at sun.reflect.DelegatingMethodAccessorImpl.invoke(DelegatingMethodAccessorImpl.java:43)
	at java.lang.reflect.Method.invoke(Method.java:498)
	at org.junit.runners.model.FrameworkMethod$1.runReflectiveCall(FrameworkMethod.java:50)
	at org.junit.internal.runners.model.ReflectiveCallable.run(ReflectiveCallable.java:12)
	at org.junit.runners.model.FrameworkMethod.invokeExplosively(FrameworkMethod.java:47)
	at org.junit.internal.runners.statements.InvokeMethod.evaluate(InvokeMethod.java:17)
	at org.junit.internal.runners.statements.FailOnTimeout$CallableStatement.call(FailOnTimeout.java:298)
	at org.junit.internal.runners.statements.FailOnTimeout$CallableStatement.call(FailOnTimeout.java:292)
	at java.util.concurrent.FutureTask.run(FutureTask.java:266)
	at java.lang.Thread.run(Thread.java:748)
3) test20(org.apache.commons.lang3.time.FastDateParser_ESTest)
java.lang.StringIndexOutOfBoundsException: String index out of range: -42
	at java.lang.String.substring(String.java:1931)
	at org.apache.commons.lang3.time.FastDateParser.parse(FastDateParser.java:277)
	at org.apache.commons.lang3.time.FastDateParser_ESTest.test20(FastDateParser_ESTest.java:279)
	at sun.reflect.NativeMethodAccessorImpl.invoke0(Native Method)
	at sun.reflect.NativeMethodAccessorImpl.invoke(NativeMethodAccessorImpl.java:62)
	at sun.reflect.DelegatingMethodAccessorImpl.invoke(DelegatingMethodAccessorImpl.java:43)
	at java.lang.reflect.Method.invoke(Method.java:498)
	at org.junit.runners.model.FrameworkMethod$1.runReflectiveCall(FrameworkMethod.java:50)
	at org.junit.internal.runners.model.ReflectiveCallable.run(ReflectiveCallable.java:12)
	at org.junit.runners.model.FrameworkMethod.invokeExplosively(FrameworkMethod.java:47)
	at org.junit.internal.runners.statements.InvokeMethod.evaluate(InvokeMethod.java:17)
	at org.junit.internal.runners.statements.FailOnTimeout$CallableStatement.call(FailOnTimeout.java:298)
	at org.junit.internal.runners.statements.FailOnTimeout$CallableStatement.call(FailOnTimeout.java:292)
	at java.util.concurrent.FutureTask.run(FutureTask.java:266)
	at java.lang.Thread.run(Thread.java:748)
4) test21(org.apache.commons.lang3.time.FastDateParser_ESTest)
java.lang.NullPointerException
	at org.apache.commons.lang3.time.FastDateParser.getFieldWidth(FastDateParser.java:493)
	at org.apache.commons.lang3.time.FastDateParser_ESTest.test21(FastDateParser_ESTest.java:293)
	at sun.reflect.NativeMethodAccessorImpl.invoke0(Native Method)
	at sun.reflect.NativeMethodAccessorImpl.invoke(NativeMethodAccessorImpl.java:62)
	at sun.reflect.DelegatingMethodAccessorImpl.invoke(DelegatingMethodAccessorImpl.java:43)
	at java.lang.reflect.Method.invoke(Method.java:498)
	at org.junit.runners.model.FrameworkMethod$1.runReflectiveCall(FrameworkMethod.java:50)
	at org.junit.internal.runners.model.ReflectiveCallable.run(ReflectiveCallable.java:12)
	at org.junit.runners.model.FrameworkMethod.invokeExplosively(FrameworkMethod.java:47)
	at org.junit.internal.runners.statements.InvokeMethod.evaluate(InvokeMethod.java:17)
	at org.junit.internal.runners.statements.FailOnTimeout$CallableStatement.call(FailOnTimeout.java:298)
	at org.junit.internal.runners.statements.FailOnTimeout$CallableStatement.call(FailOnTimeout.java:292)
	at java.util.concurrent.FutureTask.run(FutureTask.java:266)
	at java.lang.Thread.run(Thread.java:748)
5) test11(org.apache.commons.lang3.time.FastDateParser_ESTest)
java.lang.NullPointerException
	at org.apache.commons.lang3.time.FastDateParser.parse(FastDateParser.java:277)
	at org.apache.commons.lang3.time.FastDateParser.parse(FastDateParser.java:250)
	at org.apache.commons.lang3.time.FastDateParser.parseObject(FastDateParser.java:242)
	at org.apache.commons.lang3.time.FastDateParser_ESTest.test11(FastDateParser_ESTest.java:164)
	at sun.reflect.NativeMethodAccessorImpl.invoke0(Native Method)
	at sun.reflect.NativeMethodAccessorImpl.invoke(NativeMethodAccessorImpl.java:62)
	at sun.reflect.DelegatingMethodAccessorImpl.invoke(DelegatingMethodAccessorImpl.java:43)
	at java.lang.reflect.Method.invoke(Method.java:498)
	at org.junit.runners.model.FrameworkMethod$1.runReflectiveCall(FrameworkMethod.java:50)
	at org.junit.internal.runners.model.ReflectiveCallable.run(ReflectiveCallable.java:12)
	at org.junit.runners.model.FrameworkMethod.invokeExplosively(FrameworkMethod.java:47)
	at org.junit.internal.runners.statements.InvokeMethod.evaluate(InvokeMethod.java:17)
	at org.junit.internal.runners.statements.FailOnTimeout$CallableStatement.call(FailOnTimeout.java:298)
	at org.junit.internal.runners.statements.FailOnTimeout$CallableStatement.call(FailOnTimeout.java:292)
	at java.util.concurrent.FutureTask.run(FutureTask.java:266)
	at java.lang.Thread.run(Thread.java:748)
6) test12(org.apache.commons.lang3.time.FastDateParser_ESTest)
java.lang.NullPointerException
	at org.apache.commons.lang3.time.FastDateParser.parse(FastDateParser.java:277)
	at org.apache.commons.lang3.time.FastDateParser.parse(FastDateParser.java:250)
	at org.apache.commons.lang3.time.FastDateParser_ESTest.test12(FastDateParser_ESTest.java:182)
	at sun.reflect.NativeMethodAccessorImpl.invoke0(Native Method)
	at sun.reflect.NativeMethodAccessorImpl.invoke(NativeMethodAccessorImpl.java:62)
	at sun.reflect.DelegatingMethodAccessorImpl.invoke(DelegatingMethodAccessorImpl.java:43)
	at java.lang.reflect.Method.invoke(Method.java:498)
	at org.junit.runners.model.FrameworkMethod$1.runReflectiveCall(FrameworkMethod.java:50)
	at org.junit.internal.runners.model.ReflectiveCallable.run(ReflectiveCallable.java:12)
	at org.junit.runners.model.FrameworkMethod.invokeExplosively(FrameworkMethod.java:47)
	at org.junit.internal.runners.statements.InvokeMethod.evaluate(InvokeMethod.java:17)
	at org.junit.internal.runners.statements.FailOnTimeout$CallableStatement.call(FailOnTimeout.java:298)
	at org.junit.internal.runners.statements.FailOnTimeout$CallableStatement.call(FailOnTimeout.java:292)
	at java.util.concurrent.FutureTask.run(FutureTask.java:266)
	at java.lang.Thread.run(Thread.java:748)
7) test10(org.apache.commons.lang3.time.FastDateParser_ESTest)
java.lang.NullPointerException
	at org.apache.commons.lang3.time.FastDateParser.parse(FastDateParser.java:276)
	at org.apache.commons.lang3.time.FastDateParser.parseObject(FastDateParser.java:268)
	at org.apache.commons.lang3.time.FastDateParser_ESTest.test10(FastDateParser_ESTest.java:146)
	at sun.reflect.NativeMethodAccessorImpl.invoke0(Native Method)
	at sun.reflect.NativeMethodAccessorImpl.invoke(NativeMethodAccessorImpl.java:62)
	at sun.reflect.DelegatingMethodAccessorImpl.invoke(DelegatingMethodAccessorImpl.java:43)
	at java.lang.reflect.Method.invoke(Method.java:498)
	at org.junit.runners.model.FrameworkMethod$1.runReflectiveCall(FrameworkMethod.java:50)
	at org.junit.internal.runners.model.ReflectiveCallable.run(ReflectiveCallable.java:12)
	at org.junit.runners.model.FrameworkMethod.invokeExplosively(FrameworkMethod.java:47)
	at org.junit.internal.runners.statements.InvokeMethod.evaluate(InvokeMethod.java:17)
	at org.junit.internal.runners.statements.FailOnTimeout$CallableStatement.call(FailOnTimeout.java:298)
	at org.junit.internal.runners.statements.FailOnTimeout$CallableStatement.call(FailOnTimeout.java:292)
	at java.util.concurrent.FutureTask.run(FutureTask.java:266)
	at java.lang.Thread.run(Thread.java:748)
8) test16(org.apache.commons.lang3.time.FastDateParser_ESTest)
java.text.ParseException: Unparseable date: "3.$`S6d;;" does not match 3\.\$`(\p{IsNd}{1}+)6(\p{IsNd}++);;
	at org.apache.commons.lang3.time.FastDateParser.parse(FastDateParser.java:258)
	at org.apache.commons.lang3.time.FastDateParser_ESTest.test16(FastDateParser_ESTest.java:233)
	at sun.reflect.NativeMethodAccessorImpl.invoke0(Native Method)
	at sun.reflect.NativeMethodAccessorImpl.invoke(NativeMethodAccessorImpl.java:62)
	at sun.reflect.DelegatingMethodAccessorImpl.invoke(DelegatingMethodAccessorImpl.java:43)
	at java.lang.reflect.Method.invoke(Method.java:498)
	at org.junit.runners.model.FrameworkMethod$1.runReflectiveCall(FrameworkMethod.java:50)
	at org.junit.internal.runners.model.ReflectiveCallable.run(ReflectiveCallable.java:12)
	at org.junit.runners.model.FrameworkMethod.invokeExplosively(FrameworkMethod.java:47)
	at org.junit.internal.runners.statements.InvokeMethod.evaluate(InvokeMethod.java:17)
	at org.junit.internal.runners.statements.FailOnTimeout$CallableStatement.call(FailOnTimeout.java:298)
	at org.junit.internal.runners.statements.FailOnTimeout$CallableStatement.call(FailOnTimeout.java:292)
	at java.util.concurrent.FutureTask.run(FutureTask.java:266)
	at java.lang.Thread.run(Thread.java:748)
9) test14(org.apache.commons.lang3.time.FastDateParser_ESTest)
java.lang.NullPointerException
	at java.util.GregorianCalendar.computeFields(GregorianCalendar.java:2338)
	at java.util.GregorianCalendar.computeFields(GregorianCalendar.java:2308)
	at java.util.Calendar.setTimeInMillis(Calendar.java:1804)
	at java.util.GregorianCalendar.<init>(GregorianCalendar.java:627)
	at org.evosuite.runtime.mock.java.util.MockGregorianCalendar.<init>(MockGregorianCalendar.java:61)
	at org.evosuite.runtime.mock.java.util.MockCalendar.__createCalendar(MockCalendar.java:68)
	at org.evosuite.runtime.mock.java.util.MockCalendar.getInstance(MockCalendar.java:63)
	at org.apache.commons.lang3.time.FastDateParser.init(FastDateParser.java:116)
	at org.apache.commons.lang3.time.FastDateParser.<init>(FastDateParser.java:108)
	at org.apache.commons.lang3.time.FastDateParser_ESTest.test14(FastDateParser_ESTest.java:207)
	at sun.reflect.NativeMethodAccessorImpl.invoke0(Native Method)
	at sun.reflect.NativeMethodAccessorImpl.invoke(NativeMethodAccessorImpl.java:62)
	at sun.reflect.DelegatingMethodAccessorImpl.invoke(DelegatingMethodAccessorImpl.java:43)
	at java.lang.reflect.Method.invoke(Method.java:498)
	at org.junit.runners.model.FrameworkMethod$1.runReflectiveCall(FrameworkMethod.java:50)
	at org.junit.internal.runners.model.ReflectiveCallable.run(ReflectiveCallable.java:12)
	at org.junit.runners.model.FrameworkMethod.invokeExplosively(FrameworkMethod.java:47)
	at org.junit.internal.runners.statements.InvokeMethod.evaluate(InvokeMethod.java:17)
	at org.junit.internal.runners.statements.FailOnTimeout$CallableStatement.call(FailOnTimeout.java:298)
	at org.junit.internal.runners.statements.FailOnTimeout$CallableStatement.call(FailOnTimeout.java:292)
	at java.util.concurrent.FutureTask.run(FutureTask.java:266)
	at java.lang.Thread.run(Thread.java:748)
10) test09(org.apache.commons.lang3.time.FastDateParser_ESTest)
java.lang.StringIndexOutOfBoundsException: String index out of range: -2761
	at java.lang.String.substring(String.java:1927)
	at org.apache.commons.lang3.time.FastDateParser.parse(FastDateParser.java:277)
	at org.apache.commons.lang3.time.FastDateParser.parseObject(FastDateParser.java:268)
	at org.apache.commons.lang3.time.FastDateParser_ESTest.test09(FastDateParser_ESTest.java:132)
	at sun.reflect.NativeMethodAccessorImpl.invoke0(Native Method)
	at sun.reflect.NativeMethodAccessorImpl.invoke(NativeMethodAccessorImpl.java:62)
	at sun.reflect.DelegatingMethodAccessorImpl.invoke(DelegatingMethodAccessorImpl.java:43)
	at java.lang.reflect.Method.invoke(Method.java:498)
	at org.junit.runners.model.FrameworkMethod$1.runReflectiveCall(FrameworkMethod.java:50)
	at org.junit.internal.runners.model.ReflectiveCallable.run(ReflectiveCallable.java:12)
	at org.junit.runners.model.FrameworkMethod.invokeExplosively(FrameworkMethod.java:47)
	at org.junit.internal.runners.statements.InvokeMethod.evaluate(InvokeMethod.java:17)
	at org.junit.internal.runners.statements.FailOnTimeout$CallableStatement.call(FailOnTimeout.java:298)
	at org.junit.internal.runners.statements.FailOnTimeout$CallableStatement.call(FailOnTimeout.java:292)
	at java.util.concurrent.FutureTask.run(FutureTask.java:266)
	at java.lang.Thread.run(Thread.java:748)
11) test44(org.apache.commons.lang3.time.FastDateParser_ESTest)
org.evosuite.runtime.mock.java.lang.MockIllegalArgumentException: Invalid pattern
	at org.apache.commons.lang3.time.FastDateParser.init(FastDateParser.java:125)
	at org.apache.commons.lang3.time.FastDateParser.<init>(FastDateParser.java:108)
	at org.apache.commons.lang3.time.FastDateParser_ESTest.test44(FastDateParser_ESTest.java:516)
	at sun.reflect.NativeMethodAccessorImpl.invoke0(Native Method)
	at sun.reflect.NativeMethodAccessorImpl.invoke(NativeMethodAccessorImpl.java:62)
	at sun.reflect.DelegatingMethodAccessorImpl.invoke(DelegatingMethodAccessorImpl.java:43)
	at java.lang.reflect.Method.invoke(Method.java:498)
	at org.junit.runners.model.FrameworkMethod$1.runReflectiveCall(FrameworkMethod.java:50)
	at org.junit.internal.runners.model.ReflectiveCallable.run(ReflectiveCallable.java:12)
	at org.junit.runners.model.FrameworkMethod.invokeExplosively(FrameworkMethod.java:47)
	at org.junit.internal.runners.statements.InvokeMethod.evaluate(InvokeMethod.java:17)
	at org.junit.internal.runners.statements.FailOnTimeout$CallableStatement.call(FailOnTimeout.java:298)
	at org.junit.internal.runners.statements.FailOnTimeout$CallableStatement.call(FailOnTimeout.java:292)
	at java.util.concurrent.FutureTask.run(FutureTask.java:266)
	at java.lang.Thread.run(Thread.java:748)
12) test04(org.apache.commons.lang3.time.FastDateParser_ESTest)
java.text.ParseException: (The ja_JP_JP_#u-ca-japanese locale does not support dates before 1868 AD)
Unparseable date: "M@cwS^GC|)" does not match (\p{IsNd}++)\+\|(?|???|?|???|?|???|?|???|?|???|?|???|?|???)\+\|(\p{IsNd}++)\+\|(???|???|??|??)\+\|(\p{IsNd}++)\+\|(\p{IsNd}++)\+\|(\p{IsNd}++)\+\|(\p{IsNd}++)\+\|(\p{IsNd}++)\?\|(GMT[+\-]\d{0,1}\d{2}|[+\-]\d{2}:?\d{2}|ACDT|ACST|ACT|ACWST|ADT|AEDT|AEST|AFT|AKDT|AKST|ALMT|AMT|ANAT|AQTT|ART|AST|AWST|AZOST|AZOT|AZT|BDT|BNT|BOT|Bougainville Standard Time|BRT|BST|BTT|CAT|CCT|CDT|CEST|CET|CHADT|CHAST|CHOT|ChST|CHUT|CKT|CLST|CLT|COT|CST|CVT|CXT|DAVT|DDUT|EASST|EAST|EAT|ECT|EDT|EEST|EET|EGST|EGT|EST|FJST|FJT|FKT|FNT|GALT|GAMT|GET|GFT|GILT|GMT|GMT\+01:00|GMT\+02:00|GMT\+03:00|GMT\+04:00|GMT\+05:00|GMT\+06:00|GMT\+07:00|GMT\+08:00|GMT\+09:00|GMT\+10:00|GMT\+11:00|GMT\+12:00|GMT\+13:00|GMT\+14:00|GMT-01:00|GMT-02:00|GMT-03:00|GMT-04:00|GMT-05:00|GMT-06:00|GMT-07:00|GMT-08:00|GMT-09:00|GMT-10:00|GMT-11:00|GMT-12:00|GST|GYT|HDT|HKT|HOVT|HST|ICT|IDT|IOT|IRDT|IRKT|IRST|IST|JST|KGT|KOST|Kostanay Standard Time|KRAT|KST|LHDT|LHST|LINT|MAGT|MART|MAWT|MDT|MEST|MET|MHT|MIST|MMT|MSK|MST|MUT|MVT|MYT|NCT|NDT|NFST|NFT|NOVT|NPT|NRT|NST|NUT|NZDT|NZST|OMST|ORAT|PDT|PET|PETT|PGT|Philippines Standard Time|PHOT|PKT|PMDT|PMST|PONT|PST|PWT|PYST|PYT|QOST|QYZT|RET|ROTT|SAKT|SAMT|SAST|SBT|SCT|SGT|Srednekolymsk Time|SRET|SRT|SST|SYOT|TAHT|TFT|TJT|TKT|TLT|TMT|TOT|TVT|ULAT|UTC|UYT|UZT|VET|VLAT|VOST|VUT|WAKT|WAT|WEST|WET|WFT|WGST|WGT|WIB|WIT|WITA|WSDT|WSST|XJT|YAKT|YEKT|?????????|??????|??????|?????|??????????|???????|??????|????????|?????????|??????|???????|???????|???????|????????|???????|???????|????????|????????|??????|??????|????????|???????|??????|????????|?????????|????????|??????|???????|?????????|?????????|??????????|???????|??????????|???????|??????|?????|????????|??????|???????|??????|??????|????????|???????|???????|????????|?????????|???????|??????????|?????????|??????|????????|??????|???????|??????|???????|?????|??????|????????????????|????????????????|????????|??????|???????|????????|????????|?????|???????|???????|??????|?????????|?????|????|?????|??????|????????????|????????|??????????|?????|?????|??????|??????????|???????????|???????????|?????????????|?????????????|??????|?????????|?????????|????????|??????|??????|??????|?????????|???????|???????????|?????|????????|???????|?????????|???????|??????|??????????|????????????????|???????????|??????|??????|??????|???????|??????????????????|?????|?????|?????????|??????|??????|??????|??????????|?????????|???????|???????|????????|???????|???????|??????|??????|????????|???????|???????|???????|?????|?????????|?????????|??????????|?????|??????????|??????\(???????\)|????????|??????????|?????????|?????|?????\(????????\)|?????\(????????/???????????\)|?????|?????\(?????????\)|?????\(????????\)|?????\(????????/???????????\)|???????????|???????|?????|????????|??????????|??????|??????|??????|??????|?????|?????|?????|??????|???????|?????????|???????????|??????????|????????|?????????|????????|?????|?????\(?????\)|?????\(???????????\)|?????\(?????\)|?????|?????\(????????\)|?????\(?????\)|?????\(???????????\)|?????\(?????\)|????|?????|?????|???????|?????????|???????????|??????????|???????|??????|?????????|????????|?????\(???????\)|?????|????)\+\|(??|??)\+\|(\p{IsNd}++)\+\|(\p{IsNd}++)\+\|(\p{IsNd}++)\+\|(\p{IsNd}++)\+\|(\p{IsNd}++)\+\|(\p{IsNd}++)\+\|(\p{IsNd}++)\+\|(GMT[+\-]\d{0,1}\d{2}|[+\-]\d{2}:?\d{2}|ACDT|ACST|ACT|ACWST|ADT|AEDT|AEST|AFT|AKDT|AKST|ALMT|AMT|ANAT|AQTT|ART|AST|AWST|AZOST|AZOT|AZT|BDT|BNT|BOT|Bougainville Standard Time|BRT|BST|BTT|CAT|CCT|CDT|CEST|CET|CHADT|CHAST|CHOT|ChST|CHUT|CKT|CLST|CLT|COT|CST|CVT|CXT|DAVT|DDUT|EASST|EAST|EAT|ECT|EDT|EEST|EET|EGST|EGT|EST|FJST|FJT|FKT|FNT|GALT|GAMT|GET|GFT|GILT|GMT|GMT\+01:00|GMT\+02:00|GMT\+03:00|GMT\+04:00|GMT\+05:00|GMT\+06:00|GMT\+07:00|GMT\+08:00|GMT\+09:00|GMT\+10:00|GMT\+11:00|GMT\+12:00|GMT\+13:00|GMT\+14:00|GMT-01:00|GMT-02:00|GMT-03:00|GMT-04:00|GMT-05:00|GMT-06:00|GMT-07:00|GMT-08:00|GMT-09:00|GMT-10:00|GMT-11:00|GMT-12:00|GST|GYT|HDT|HKT|HOVT|HST|ICT|IDT|IOT|IRDT|IRKT|IRST|IST|JST|KGT|KOST|Kostanay Standard Time|KRAT|KST|LHDT|LHST|LINT|MAGT|MART|MAWT|MDT|MEST|MET|MHT|MIST|MMT|MSK|MST|MUT|MVT|MYT|NCT|NDT|NFST|NFT|NOVT|NPT|NRT|NST|NUT|NZDT|NZST|OMST|ORAT|PDT|PET|PETT|PGT|Philippines Standard Time|PHOT|PKT|PMDT|PMST|PONT|PST|PWT|PYST|PYT|QOST|QYZT|RET|ROTT|SAKT|SAMT|SAST|SBT|SCT|SGT|Srednekolymsk Time|SRET|SRT|SST|SYOT|TAHT|TFT|TJT|TKT|TLT|TMT|TOT|TVT|ULAT|UTC|UYT|UZT|VET|VLAT|VOST|VUT|WAKT|WAT|WEST|WET|WFT|WGST|WGT|WIB|WIT|WITA|WSDT|WSST|XJT|YAKT|YEKT|?????????|??????|??????|?????|??????????|???????|??????|????????|?????????|??????|???????|???????|???????|????????|???????|???????|????????|????????|??????|??????|????????|???????|??????|????????|?????????|????????|??????|???????|?????????|?????????|??????????|???????|??????????|???????|??????|?????|????????|??????|???????|??????|??????|????????|???????|???????|????????|?????????|???????|??????????|?????????|??????|????????|??????|???????|??????|???????|?????|??????|????????????????|????????????????|????????|??????|???????|????????|????????|?????|???????|???????|??????|?????????|?????|????|?????|??????|????????????|????????|??????????|?????|?????|??????|??????????|???????????|???????????|?????????????|?????????????|??????|?????????|?????????|????????|??????|??????|??????|?????????|???????|???????????|?????|????????|???????|?????????|???????|??????|??????????|????????????????|???????????|??????|??????|??????|???????|??????????????????|?????|?????|?????????|??????|??????|??????|??????????|?????????|???????|???????|????????|???????|???????|??????|??????|????????|???????|???????|???????|?????|?????????|?????????|??????????|?????|??????????|??????\(???????\)|????????|??????????|?????????|?????|?????\(????????\)|?????\(????????/???????????\)|?????|?????\(?????????\)|?????\(????????\)|?????\(????????/???????????\)|???????????|???????|?????|????????|??????????|??????|??????|??????|??????|?????|?????|?????|??????|???????|?????????|???????????|??????????|????????|?????????|????????|?????|?????\(?????\)|?????\(???????????\)|?????\(?????\)|?????|?????\(????????\)|?????\(?????\)|?????\(???????????\)|?????\(?????\)|????|?????|?????|???????|?????????|???????????|??????????|???????|??????|?????????|????????|?????\(???????\)|?????|????)\+\|'\|\[\^\]\+\+\(\[\^\]\*\+\)\*\+\|\[\^
	at org.apache.commons.lang3.time.FastDateParser.parse(FastDateParser.java:254)
	at org.apache.commons.lang3.time.FastDateParser_ESTest.test04(FastDateParser_ESTest.java:76)
	at sun.reflect.NativeMethodAccessorImpl.invoke0(Native Method)
	at sun.reflect.NativeMethodAccessorImpl.invoke(NativeMethodAccessorImpl.java:62)
	at sun.reflect.DelegatingMethodAccessorImpl.invoke(DelegatingMethodAccessorImpl.java:43)
	at java.lang.reflect.Method.invoke(Method.java:498)
	at org.junit.runners.model.FrameworkMethod$1.runReflectiveCall(FrameworkMethod.java:50)
	at org.junit.internal.runners.model.ReflectiveCallable.run(ReflectiveCallable.java:12)
	at org.junit.runners.model.FrameworkMethod.invokeExplosively(FrameworkMethod.java:47)
	at org.junit.internal.runners.statements.InvokeMethod.evaluate(InvokeMethod.java:17)
	at org.junit.internal.runners.statements.FailOnTimeout$CallableStatement.call(FailOnTimeout.java:298)
	at org.junit.internal.runners.statements.FailOnTimeout$CallableStatement.call(FailOnTimeout.java:292)
	at java.util.concurrent.FutureTask.run(FutureTask.java:266)
	at java.lang.Thread.run(Thread.java:748)

FAILURES!!!
Tests run: 58,  Failures: 12

