* EvoSuite 1.1.1-SNAPSHOT
* Configuration: BBC-F0-opt-70
* Going to generate test cases for class: com.fasterxml.jackson.databind.DeserializationContext
* Starting Client-0
* Connecting to master process on port 2133
* Analyzing classpath: 
  - subjects/buggy-versions/JacksonDatabind-103/target/classes
  - defects4j/framework/projects/JacksonDatabind/lib/com/fasterxml/jackson/core/jackson-annotations/2.9.0/jackson-annotations-2.9.0.jar
  - defects4j/framework/projects/JacksonDatabind/lib/com/fasterxml/jackson/core/jackson-core/2.9.7/jackson-core-2.9.7.jar
* Finished analyzing classpath
* Generating tests for class com.fasterxml.jackson.databind.DeserializationContext
* Test criteria:
  - Line Coverage
  - Branch Coverage
  - Exception
  - Mutation testing (weak)
  - Method-Output Coverage
  - Top-Level Method Coverage
  - No-Exception Top-Level Method Coverage
  - Context Branch Coverage
* Total number of test goals for DYNAMOSA: 1898
* Using seed 842183248
* Starting evolution
bbc usage percentage is: 70%
* Initial Number of Goals in DynaMOSA = 1002 / 1898
[MASTER] 08:55:51.473 [logback-2] ERROR TestCluster - Failed to check cache for java.util.Map<K, V> : Type points to itself
[MASTER] 08:55:52.451 [logback-2] ERROR TestCluster - Failed to check cache for com.fasterxml.jackson.annotation.ObjectIdGenerator<T> : Type points to itself
[MASTER] 08:55:53.606 [logback-2] ERROR TestCluster - Failed to check cache for com.fasterxml.jackson.databind.JsonDeserializer<T> : Type points to itself
[MASTER] 08:55:56.106 [logback-2] ERROR TestCluster - Failed to check cache for java.util.Enumeration<E> : Type points to itself
[MASTER] 08:55:56.268 [logback-2] ERROR TestCluster - Failed to check cache for java.util.LinkedHashSet<E> : Type points to itself
[MASTER] 08:55:56.817 [logback-1] WARN  TestChromosome - Functional mock problem: org.evosuite.ga.ConstructionFailedException: Failed to add constructor for com.fasterxml.jackson.annotation.ObjectIdGenerator$IdKey due to org.evosuite.ga.ConstructionFailedException: Failed to add constructor for com.fasterxml.jackson.databind.deser.BuilderBasedDeserializer due to org.evosuite.ga.ConstructionFailedException: Failed to add constructor for com.fasterxml.jackson.databind.deser.BuilderBasedDeserializer due to org.evosuite.ga.ConstructionFailedException: Failed to add constructor for com.fasterxml.jackson.databind.deser.BuilderBasedDeserializer due to org.evosuite.ga.ConstructionFailedException: Failed to add constructor for com.fasterxml.jackson.databind.deser.BuilderBasedDeserializer due to org.evosuite.ga.ConstructionFailedException: Max recursion depth reached
[MASTER] 08:56:06.398 [logback-1] WARN  TestChromosome - Functional mock problem: org.evosuite.ga.ConstructionFailedException: Invalid generic instance
[MASTER] 08:56:36.786 [logback-2] ERROR TestCluster - Failed to check cache for java.lang.Class<T> : Type points to itself
[MASTER] 08:56:50.699 [logback-2] ERROR TestCluster - Failed to check cache for java.util.Comparator<T> : Type points to itself
*C1*
*C1*
*C1*
*C1*
*C1*
*C1*
*C1*
*C1*
*C1*
*C1*
*C2*
*C2*
*C2*
*C2*
*C2*
*C2*
*C2*
*C2*
*C2*
*C2*
*C2*
*C2*
*C1*
*C1*
*C1*
*C1*
*C1*
*C1*
*C1*
*C1*
*C1*
*C1*
*C1*
*C1*
[MASTER] 08:56:57.013 [logback-2] ERROR TestCluster - Failed to check cache for com.fasterxml.jackson.databind.JsonSerializer<T> : Type points to itself
*C1*
*C1*
*C1*
*C1*
*C1*
*C1*
*C1*
*C2*
*C2*
*C2*
*C1*
*C1*
*C1*
*C2*
*C2*
*C2*
*C2*
*C2*
*C2*
*C2*
*C2*
*C1*
*C1*
*C2*
*C2*
*C2*
*C2*
*C2*
*C2*
*C2*
*C2*
*C2*
*C2*
*C2*
*C2*
*C2*
*C2*
*C1*
*C1*
*C2*
*C2*
*C2*
*C2*
*C2*
*C2*
*C2*
*C2*
*C1*
*C2*
*C2*
*C2*
*C2*
*C2*
*C2*
*C2*
*C2*
*C2*
*C2*
*C2*
*C1*
*C2*
*C2*
*C2*
*C2*
*C2*
*C2*
*C2*
*C2*
*C2*
*C2*
*C2*
*C2*
*C2*
*C2*
*C2*
*C2*
*C2*
*C2*
*C1*
*C1*
*C2*
*C2*
*C2*
*C2*
*C1*
*C2*
*C2*
*C2*
*C2*
*C2*
*C2*
*C2*
*C2*
*C2*
*C2*
*C2*
*C2*
*C2*
*C2*
*C2*
*C2*
*C2*
*C2*
*C2*
*C2*
*C2*
*C2*
*C2*
*C2*
*C2*
*C2*
*C2*
*C2*
*C2*
*C2*
*C2*
*C2*
*C2*
*C2*
*C2*
*C2*
*C2*
*C2*
*C2*
*C1*
*C2*
*C2*
*C2*
*C2*
*C1*
*C1*
*C1*
*C2*
*C2*
*C1*
*C1*
*C1*
*C1*
*C1*
*C1*
*C2*
*C1*
*C1*
*C1*
*C1*
*C1*
*C1*
*C2*
*C1*
*C1*
*C1*
*C1*
*C1*
*C2*
*C2*
*C2*
*C2*
*C2*
*C2*
*C2*
*C2*
*C2*
*C2*
*C2*
*C2*
*C2*
*C2*
*C2*
*C2*
*C2*
*C2*
*C2*
*C2*
*C2*
*C2*
*C2*
*C2*
*C2*
*C2*
*C2*
*C2*
*C2*
*C2*
*C2*
*C2*
*C2*
*C2*
*C2*
*C1*
*C1*
*C1*
*C1*
*C2*
*C2*
*C2*
*C2*
*C2*
*C2*
*C2*
*C2*
*C2*
*C2*
*C2*
*C2*
*C2*
*C2*
*C1*
*C1*
*C1*
*C1*
*C1*
*C1*
*C1*
*C1*
*C1*
*C1*
*C2*
*C1*
*C1*
*C2*
*C2*
*C2*
*C2*
*C1*
*C2*
*C1*
*C1*
*C1*
*C1*
*C1*
*C1*
*C1*
*C1*
*C1*
*C1*
*C1*
*C2*
*C2*
*C2*
*C2*
*C2*
*C2*
*C2*
*C2*
*C2*
*C2*
*C2*
*C2*
*C2*
*C2*
*C2*
*C2*
*C1*
*C1*
*C1*
*C1*
*C2*
*C2*
*C2*
*C2*
*C1*
*C1*
*C1*
*C1*
*C1*
*C1*
*C1*
*C1*
*C1*
*C1*
*C1*
*C1*
*C1*
*C1*
*C1*
*C1*
*C1*
*C1*
*C1*
*C1*
*C1*
*C1*
*C1*
*C1*
*C1*
*C1*
*C1*
*C1*
*C1*
[MASTER] 08:57:10.790 [logback-1] WARN  TestChromosome - Functional mock problem: org.evosuite.ga.ConstructionFailedException: Have no generator for class com.fasterxml.jackson.databind.introspect.POJOPropertyBuilder canUseFunctionalMocks=false, canBeMocked: true
*C1*
*C1*
*C1*
*C1*
*C1*
*C2*
*C2*
*C2*
*C2*
*C2*
*C1*
*C1*
*C1*
*C1*
*C2*
*C1*
*C1*
*C2*
*C2*
*C2*
*C2*
*C1*
*C1*
*C1*
*C1*
*C1*
*C1*
*C1*
*C1*
*C1*
*C1*
*C1*
*C1*
*C1*
*C1*
*C1*
*C1*
*C1*
*C2*
*C2*
*C2*
*C2*
*C2*
*C1*
*C1*
*C2*
*C2*
*C2*
*C1*
*C2*
*C2*
*C2*
*C2*
*C2*
*C2*
*C1*
*C1*
*C2*
*C2*
*C2*
*C1*
*C1*
*C2*
*C2*
*C2*
*C2*
*C2*
*C2*
*C2*
*C2*
*C2*
*C2*
*C2*
*C2*
*C2*
*C2*
*C2*
*C2*
*C1*
*C1*
*C1*
*C1*
*C1*
*C1*
*C2*
*C2*
*C2*
*C2*
*C2*
*C2*
*C2*
*C2*
*C1*
[MASTER] 08:57:21.014 [logback-2] ERROR TestCluster - Failed to check cache for java.util.List<E> : Type points to itself
*C1*
*C2*
*C2*
*C2*
*C2*
*C2*
*C2*
*C2*
*C2*
*C2*
*C1*
*C1*
*C1*
*C2*
*C2*
*C2*
*C2*
*C2*
*C2*
*C2*
*C2*
*C2*
*C2*
*C2*
*C2*
*C2*
*C2*
*C2*
*C2*
*C2*
*C2*
*C2*
*C2*
*C2*
*C2*
*C2*
*C2*
*C2*
*C2*
*C1*
*C1*
*C1*
*C1*
*C2*
*C2*
*C2*
*C2*
*C2*
*C2*
*C2*
*C2*
*C2*
*C2*
*C2*
*C2*
*C2*
*C2*
*C2*
*C2*
*C2*
*C2*
*C2*
*C2*
*C2*
*C2*
*C2*
*C2*
*C2*
*C1*
*C1*
*C1*
*C2*
*C2*
*C2*
*C2*
*C2*
*C2*
*C1*
*C1*
*C1*
*C1*
*C2*
*C2*
*C2*
*C2*
*C2*
*C2*
*C2*
*C2*
*C2*
*C2*
*C2*
*C2*
*C2*
*C2*
*C2*
*C2*
*C2*
*C2*
*C2*
*C2*
*C2*
*C2*
*C2*
*C2*
*C2*
*C2*
*C2*
*C2*
*C2*
*C2*
*C2*
*C2*
*C1*
*C1*
*C1*
*C1*
*C1*
*C1*
*C1*
*C1*
*C1*
*C1*
*C2*
*C2*
*C2*
*C1*
*C1*
*C1*
*C1*
*C1*
*C1*
*C1*
*C1*
*C1*
*C1*
*C1*
*C1*
*C2*
*C2*
*C2*
*C1*
*C1*
*C1*
*C1*
*C1*
*C1*
*C1*
*C2*
*C2*
*C1*
*C2*
*C1*
*C1*
*C1*
*C2*
*C1*
*C1*
*C1*
*C1*
*C1*
*C1*
*C1*
*C1*
*C1*
*C1*
*C1*
*C1*
*C1*
*C1*
*C1*
*C1*
*C1*
*C1*
*C1*
*C1*
*C1*
*C1*
*C1*
*C1*
*C1*
*C2*
*C2*
*C2*
*C2*
*C2*
*C2*
*C2*
*C2*
*C2*
*C2*
*C2*
*C1*
*C1*
*C1*
*C1*
*C1*
*C1*
*C1*
*C1*
*C2*
*C2*
*C2*
*C2*
*C2*
*C2*
*C2*
*C2*
*C1*
*C1*
*C1*
*C1*
*C1*
*C1*
*C1*
*C1*
*C1*
*C1*
*C1*
*C1*
*C1*
*C2*
*C2*
*C2*
*C2*
*C2*
*C2*
*C2*
*C2*
*C2*
*C2*
*C1*
*C1*
*C2*
*C2*
*C2*
*C2*
*C2*
*C2*
*C2*
*C2*
*C1*
*C1*
*C1*
*C1*
*C2*
*C1*
*C1*
*C1*
*C1*
*C1*
*C1*
*C1*
*C1*
*C1*
*C1*
*C1*
*C1*
*C2*
*C2*
*C2*
*C1*
*C1*
*C1*
*C1*
*C1*
*C1*
*C1*
*C1*
*C1*
*C1*
*C1*
*C1*
*C1*
*C1*
*C1*
*C1*
*C1*
*C1*
*C1*
*C1*
*C1*
*C1*
*C1*
*C1*
*C1*
*C1*
*C1*
*C1*
*C1*
*C1*
*C1*
*C1*
*C1*
*C1*
*C1*
*C2*
*C2*
*C2*
*C2*
*C2*
*C2*
*C2*
*C2*
*C2*
*C2*
*C2*
*C1*
*C1*
*C1*
*C1*
*C1*
*C1*
[MASTER] 08:57:57.770 [logback-1] WARN  TestChromosome - Functional mock problem: org.evosuite.ga.ConstructionFailedException: Failed to add constructor for com.fasterxml.jackson.databind.SerializationConfig due to org.evosuite.ga.ConstructionFailedException: Failed to add constructor for com.fasterxml.jackson.databind.SerializationConfig due to org.evosuite.ga.ConstructionFailedException: Failed to add constructor for com.fasterxml.jackson.databind.SerializationConfig due to org.evosuite.ga.ConstructionFailedException: Failed to add constructor for com.fasterxml.jackson.databind.SerializationConfig due to org.evosuite.ga.ConstructionFailedException: Max recursion depth reached
*C1*
*C1*
[MASTER] 08:57:57.965 [logback-1] WARN  TestChromosome - Functional mock problem: org.evosuite.ga.ConstructionFailedException: Failed to add constructor for com.fasterxml.jackson.databind.ser.BeanSerializerBuilder due to org.evosuite.ga.ConstructionFailedException: Failed to add constructor for com.fasterxml.jackson.databind.SerializationConfig due to org.evosuite.ga.ConstructionFailedException: Failed to add constructor for com.fasterxml.jackson.databind.SerializationConfig due to org.evosuite.ga.ConstructionFailedException: Failed to add constructor for com.fasterxml.jackson.databind.introspect.SimpleMixInResolver due to org.evosuite.ga.ConstructionFailedException: Max recursion depth reached
*C1*
*C1*
*C2*
*C2*
*C2*
*C2*
*C2*
*C1*
*C1*
*C1*
*C2*
*C2*
*C2*
*C2*
*C2*
*C2*
*C2*
*C2*
*C2*
*C2*
*C2*
*C2*
*C2*
*C2*
*C2*
*C2*
*C2*
*C2*
*C2*
*C2*
*C2*
*C2*
*C2*
*C2*
*C2*
*C1*
*C1*
*C1*
*C1*
*C1*
*C1*
*C1*
*C1*
*C1*
*C1*
[MASTER] 08:58:15.533 [logback-1] WARN  TestChromosome - Functional mock problem: org.evosuite.ga.ConstructionFailedException: Failed to add constructor for com.fasterxml.jackson.databind.ser.BeanSerializerBuilder due to org.evosuite.ga.ConstructionFailedException: Invalid generic instance
*C1*
*C1*
*C1*
*C1*
*C1*
*C1*
*C1*
[MASTER] 08:58:17.717 [logback-1] WARN  TestChromosome - Functional mock problem: org.evosuite.ga.ConstructionFailedException: Failed to add constructor for com.fasterxml.jackson.databind.ser.BeanSerializerBuilder due to org.evosuite.ga.ConstructionFailedException: Failed to add constructor for com.fasterxml.jackson.databind.DeserializationConfig due to org.evosuite.ga.ConstructionFailedException: Failed to add constructor for com.fasterxml.jackson.databind.cfg.BaseSettings due to org.evosuite.ga.ConstructionFailedException: Invalid generic instance
*C1*
*C1*
*C1*
*C1*
*C1*
*C1*
*C1*
*C1*
*C1*
*C1*
*C1*
*C1*
*C1*
*C1*
*C2*
*C2*
*C1*
*C1*
*C2*
*C2*
*C2*
*C2*
*C2*
*C2*
*C2*
*C2*
*C2*
*C1*
*C1*
*C2*
*C2*
*C2*
*C2*
*C2*
*C2*
*C2*
*C2*
*C2*
*C2*
*C2*
*C2*
*C2*
*C2*
*C2*
*C2*
*C2*
*C2*
*C2*
*C2*
*C2*
*C2*
*C1*
*C2*
*C2*
*C2*
*C2*
*C2*
*C2*
*C2*
*C2*
*C2*
*C2*
*C2*
*C2*
*C2*
*C2*
*C2*
*C2*
*C2*
*C1*
*C1*
*C1*
*C1*
*C1*
*C1*
*C1*
*C1*
*C1*
*C1*
*C1*
*C1*
*C1*
*C1*
*C1*
*C1*
*C1*
*C1*
*C1*
*C1*
*C1*
*C1*
*C1*
[MASTER] 08:58:35.291 [logback-1] WARN  TestChromosome - Functional mock problem: org.evosuite.ga.ConstructionFailedException: Failed to add constructor for com.fasterxml.jackson.databind.ser.BeanSerializerBuilder due to org.evosuite.ga.ConstructionFailedException: Failed to add constructor for com.fasterxml.jackson.databind.DeserializationConfig due to org.evosuite.ga.ConstructionFailedException: Failed to add constructor for com.fasterxml.jackson.databind.DeserializationConfig due to org.evosuite.ga.ConstructionFailedException: Failed to add constructor for com.fasterxml.jackson.databind.DeserializationConfig due to org.evosuite.ga.ConstructionFailedException: Max recursion depth reached
*C1*
*C1*
*C1*
*C1*
*C1*
[MASTER] 08:58:36.491 [logback-1] WARN  TestChromosome - Functional mock problem: org.evosuite.ga.ConstructionFailedException: Failed to add constructor for com.fasterxml.jackson.databind.deser.BeanDeserializer due to org.evosuite.ga.ConstructionFailedException: Failed to add constructor for com.fasterxml.jackson.databind.DeserializationConfig due to org.evosuite.ga.ConstructionFailedException: Failed to add constructor for com.fasterxml.jackson.databind.cfg.BaseSettings due to org.evosuite.ga.ConstructionFailedException: Max recursion depth reached
*C1*
*C1*
[MASTER] 08:58:36.698 [logback-1] WARN  TestChromosome - Functional mock problem: org.evosuite.ga.ConstructionFailedException: Failed to add constructor for com.fasterxml.jackson.databind.deser.AbstractDeserializer due to org.evosuite.ga.ConstructionFailedException: Failed to add constructor for com.fasterxml.jackson.databind.deser.BeanDeserializerBuilder due to org.evosuite.ga.ConstructionFailedException: Invalid generic instance
*C1*
*C1*
*C1*
*C1*
*C1*
*C1*
*C1*
*C1*
*C1*
*C1*
*C1*
*C1*
*C1*
*C1*
*C1*
*C1*
*C1*
*C1*
*C1*
*C1*
*C1*
*C1*
*C1*
*C1*
*C1*
*C1*
*C1*
[MASTER] 08:58:43.521 [logback-1] WARN  TestChromosome - Functional mock problem: org.evosuite.ga.ConstructionFailedException: Failed to add constructor for com.fasterxml.jackson.databind.DeserializationConfig due to org.evosuite.ga.ConstructionFailedException: Failed to add constructor for com.fasterxml.jackson.databind.DeserializationConfig due to org.evosuite.ga.ConstructionFailedException: Failed to add constructor for com.fasterxml.jackson.databind.DeserializationConfig due to org.evosuite.ga.ConstructionFailedException: Max recursion depth reached
*C1*
*C1*
*C1*
*C1*
*C1*
*C1*
*C1*
*C1*
*C1*
*C1*
*C2*
*C2*
*C2*
*C2*
*C1*
*C1*
*C2*
*C2*
*C2*
*C2*
*C2*
*C2*
*C2*
*C2*
*C1*
*C1*
*C1*
*C1*
*C1*
*C1*
*C1*
*C1*
*C1*
*C1*
*C1*
*C1*
*C1*
*C1*
*C1*
*C1*
*C1*
*C1*
*C1*
*C1*
*C1*
*C1*
*C1*
*C1*
*C1*
*C1*
*C1*
*C1*
*C1*
*C1*
*C1*
*C1*
*C1*
*C1*
*C1*
*C1*
*C1*
*C1*
*C1*
*C1*
*C1*
*C1*
*C1*
*C1*
*C1*
*C1*
*C1*
*C1*
*C1*
*C1*
*C1*
*C1*
*C1*
*C1*
*C1*
*C1*
*C1*
*C1*
*C1*
*C1*
*C1*
*C1*
*C1*
*C1*
*C1*
*C1*
*C1*
*C1*
*C1*
*C1*
*C1*
*C1*
*C1*
*C1*
*C1*
*C1*
*C1*
*C1*
*C1*
*C1*
*C1*
*C1*
*C1*
*C1*
*C1*
*C1*
*C1*
*C1*
*C1*
*C1*
*C1*
*C1*
*C1*
*C1*
*C1*
*C1*
*C1*
*C1*
*C1*
*C1*
*C1*
*C1*
*C1*
*C1*
*C1*
*C1*
*C1*
*C1*
*C1*
*C1*
*C1*
*C1*
*C1*
*C1*
*C1*
*C1*
[MASTER] 08:59:44.199 [logback-1] WARN  TestChromosome - Functional mock problem: org.evosuite.ga.ConstructionFailedException: Failed to add constructor for com.fasterxml.jackson.databind.ser.BeanSerializerBuilder due to org.evosuite.ga.ConstructionFailedException: Have no generator for class com.fasterxml.jackson.databind.DeserializationConfig canUseFunctionalMocks=false, canBeMocked: true
[MASTER] 09:00:02.727 [logback-1] WARN  TestChromosome - Functional mock problem: org.evosuite.ga.ConstructionFailedException: Failed to add constructor for com.fasterxml.jackson.databind.ser.BeanSerializerBuilder due to org.evosuite.ga.ConstructionFailedException: Failed to add constructor for com.fasterxml.jackson.databind.DeserializationConfig due to org.evosuite.ga.ConstructionFailedException: Failed to add constructor for com.fasterxml.jackson.databind.introspect.SimpleMixInResolver due to org.evosuite.ga.ConstructionFailedException: Failed to add constructor for com.fasterxml.jackson.databind.DeserializationConfig due to org.evosuite.ga.ConstructionFailedException: Max recursion depth reached
[MASTER] 09:00:10.442 [logback-1] WARN  TestChromosome - Functional mock problem: org.evosuite.ga.ConstructionFailedException: Failed to add constructor for com.fasterxml.jackson.databind.DeserializationConfig due to org.evosuite.ga.ConstructionFailedException: Failed to add constructor for com.fasterxml.jackson.databind.introspect.SimpleMixInResolver due to org.evosuite.ga.ConstructionFailedException: Failed to add constructor for com.fasterxml.jackson.databind.SerializationConfig due to org.evosuite.ga.ConstructionFailedException: Max recursion depth reached
*C1*
*C1*
*C1*
*C1*
*C1*
*C1*
*C1*
*C1*
*C1*
*C1*
*C1*
*C1*
*C1*
*C1*
*C1*
*C1*
*C1*
*C1*
*C1*
*C1*
*C1*
*C1*
[MASTER] 09:00:29.758 [logback-1] WARN  TestChromosome - Functional mock problem: org.evosuite.ga.ConstructionFailedException: Failed to add constructor for java.io.BufferedInputStream due to org.evosuite.ga.ConstructionFailedException: Failed to add constructor for java.io.DataInputStream due to org.evosuite.ga.ConstructionFailedException: Failed to add constructor for java.io.PushbackInputStream due to org.evosuite.ga.ConstructionFailedException: Failed to add constructor for java.io.BufferedInputStream due to org.evosuite.ga.ConstructionFailedException: Failed to add constructor for java.io.PipedInputStream due to org.evosuite.ga.ConstructionFailedException: Max recursion depth reached
*C1*
*C1*
*C1*
*C1*
*C1*
*C1*
*C1*
*C1*
*C1*
*C1*
*C1*
*C1*
*C1*
*C1*
*C1*
*C1*
*C1*
*C1*
*C1*
*C1*
*C1*
*C1*
*C1*
*C1*
*C1*
*C1*
*C1*
*C1*
*C1*
*C1*
*C1*
*C1*
*C1*
*C1*
*C1*
*C1*
*C1*
*C1*
*C1*
*C1*
*C1*
*C1*
*C1*
*C1*
*C1*
*C1*
*C1*
*C1*
*C1*
*C1*
*C1*
[MASTER] 09:00:59.488 [logback-2] ERROR TestCluster - Failed to check cache for java.util.function.Function<T, R> : Type points to itself
*C1*
*C1*
*C1*
*C1*
*C1*
*C1*
*C1*
*C1*
*C1*
*C1*
*C1*
*C1*
*C1*
[MASTER] 09:01:12.959 [logback-1] WARN  TestChromosome - Functional mock problem: org.evosuite.ga.ConstructionFailedException: Cannot instantiate a class with a class
*C1*
*C1*
*C1*
*C1*
*C1*
*C1*
*C1*
*C1*
*C1*
*C1*
*C1*
*C1*
*C1*
*C1*
*C1*
*C1*
*C1*
*C1*
*C1*
*C1*
*C1*
*C1*
*C1*
*C1*
*C1*
*C1*
*C1*
*C1*
*C1*
*C1*
*C1*
*C1*
*C1*
*C1*
*C1*
*C1*
*C1*
*C1*
*C1*
*C1*
*C1*
*C1*
*C1*
*C1*
*C1*
*C1*
*C1*
*C1*
*C1*
*C1*
*C1*
*C1*
*C1*
*C1*
*C1*
*C1*
*C1*
*C1*
*C1*
*C1*
*C1*
*C1*
*C1*
*C1*
*C1*
*C1*
*C1*
[MASTER] 09:02:40.688 [logback-1] WARN  TestChromosome - Functional mock problem: org.evosuite.ga.ConstructionFailedException: Failed to add constructor for com.fasterxml.jackson.annotation.ObjectIdGenerator$IdKey due to org.evosuite.ga.ConstructionFailedException: No generators of type com.fasterxml.jackson.annotation.ObjectIdGenerator<java.text.DateFormat>
*C1*
*C1*
*C1*
*C1*
*C1*
*C1*
*C1*
*C1*
*C1*
*C1*
*C1*
*C1*
*C1*
*C1*
*C1*
*C1*
*C1*
*C1*
*C1*
*C1*
*C1*
*C1*
*C1*
*C1*
*C1*
*C1*
*C1*
*C1*
*C1*
*C1*
*C1*
*C1*
*C1*
*C1*
*C1*
*C1*
*C1*
*C1*
*C1*
*C1*
*C1*
*C1*
*C1*
*C1*
*C1*
*C1*
*C1*
*C1*
*C1*
*C1*
*C1*
*C1*
*C1*
*C1*
*C1*
*C1*
*C1*
*C1*
*C1*
*C1*
*C1*
*C1*
*C1*
*C1*
*C1*
*C1*
*C1*
*C1*
*C1*
*C1*
*C1*
*C1*
*C1*
*C1*
*C1*
*C1*
*C1*
*C1*
*C1*
*C1*
*C1*
*C1*
*C1*
*C1*
*C1*
*C1*
*C1*
*C1*
*C1*
*C1*
*C1*
*C1*
*C1*
*C1*
*C1*
*C1*
*C1*
*C1*
*C1*
*C1*
*C1*
*C1*
*C1*
*C1*
*C1*
*C1*
*C1*
*C1*
*C1*
*C1*
*C1*
*C1*
*C1*
*C1*
*C1*
*C1*
*C1*
*C1*
*C1*
*C1*
*C1*
*C1*
*C1*
*C1*
*C1*
*C1*
*C1*
*C1*
*C1*
*C1*
*C1*
*C1*
*C1*
*C1*
*C1*
*C1*
*C1*
*C1*
*C1*
*C1*
*C1*
*C1*
*C1*
*C1*
*C1*
*C1*
*C1*
*C1*
*C1*
*C1*
*C1*
*C1*
*C1*
*C1*
*C1*
*C1*
*C1*
*C1*
*C1*
*C1*
*C1*
*C1*
*C1*
*C1*
*C1*
*C1*
*C1*
*C1*
*C1*
*C1*
*C1*
*C1*
*C1*
*C1*
*C1*
*C1*
*C1*
*C1*
*C1*
*C1*
*C1*
*C1*
*C1*
*C1*
*C1*
*C1*
*C1*
*C1*
*C1*
*C1*
*C1*
*C1*
*C1*
*C1*
*C1*
*C1*
*C1*
*C1*
*C1*
*C1*
*C1*
*C1*
*C1*
*C1*
*C1*
*C1*
*C1*
*C1*
*C1*
*C1*
*C1*
*C1*
*C1*
*C1*
*C1*
*C1*
*C1*
*C1*
*C1*
*C1*
*C1*
*C1*
*C1*
*C1*
*C1*
*C1*
*C1*
*C1*
*C1*
*C1*
*C1*
*C1*
*C1*
*C1*
*C1*
*C1*
*C1*
*C1*
*C1*
*C1*
*C1*
*C1*
*C1*
*C1*
*C1*
*C1*
*C1*
*C1*
*C1*
*C1*
*C1*
*C1*
*C1*
*C1*
*C1*
*C1*
*C1*
*C1*
*C1*
*C1*
*C1*
*C1*
*C1*
*C1*
*C1*
*C1*
*C1*
*C1*
*C1*
*C1*
*C1*
*C1*
*C1*
*C1*
*C1*
*C1*
*C1*
*C1*
*C1*
*C1*
*C1*
*C1*
*C1*
*C1*
*C1*
*C1*
*C1*
*C1*
*C1*
*C1*
*C1*
*C1*
*C1*
*C1*
*C1*
*C1*
*C1*
*C1*
*C1*
*C1*
*C1*
*C1*
*C1*
*C1*
*C1*
*C1*
*C1*
*C1*
*C1*
*C1*
*C1*
*C1*
*C1*
*C1*
*C1*
*C1*
*C1*
*C1*
*C1*
*C1*
*C1*
*C1*
*C1*
*C1*
*C1*
*C1*
*C1*
*C1*
*C1*
*C1*
*C1*
*C1*
*C1*
*C1*
*C1*
*C1*
*C1*
*C1*
*C1*
*C1*
*C1*
*C1*
*C1*
*C1*
*C1*
*C1*
*C1*
*C1*
*C1*
*C1*
*C1*
*C1*
*C1*
*C1*
*C1*
*C1*
*C1*
*C1*
*C1*
*C1*
*C1*
*C1*
*C1*
[MASTER] 09:04:36.466 [logback-1] WARN  TestChromosome - Functional mock problem: org.evosuite.ga.ConstructionFailedException: Failed to add constructor for com.fasterxml.jackson.databind.DeserializationConfig due to org.evosuite.ga.ConstructionFailedException: Failed to add constructor for com.fasterxml.jackson.databind.cfg.BaseSettings due to org.evosuite.ga.ConstructionFailedException: Invalid generic instance
*C1*
*C1*
*C1*
*C1*
*C1*
*C1*
*C1*
*C1*
*C1*
*C1*
*C1*
*C1*
*C1*
*C1*
*C1*
*C1*
*C1*
*C1*
*C1*
*C1*
*C1*
*C1*
*C1*
*C1*
*C1*
*C1*
*C1*
*C1*
*C1*
*C1*
[MASTER] 09:04:38.518 [logback-1] WARN  TestChromosome - Functional mock problem: org.evosuite.ga.ConstructionFailedException: Failed to add constructor for com.fasterxml.jackson.databind.ser.BeanSerializerBuilder due to org.evosuite.ga.ConstructionFailedException: Failed to add constructor for com.fasterxml.jackson.databind.SerializationConfig due to org.evosuite.ga.ConstructionFailedException: Failed to add constructor for com.fasterxml.jackson.databind.SerializationConfig due to org.evosuite.ga.ConstructionFailedException: Failed to add constructor for com.fasterxml.jackson.databind.SerializationConfig due to org.evosuite.ga.ConstructionFailedException: Max recursion depth reached
*C1*
*C1*
*C1*
*C1*
*C1*
*C1*
*C1*
*C1*
*C1*
*C1*
*C1*
*C1*
*C1*
*C1*
*C1*
*C1*
*C1*
*C1*
*C1*
*C1*
*C1*
*C1*
*C1*
*C1*
*C1*
*C1*
*C1*
*C1*
*C1*
*C1*
*C1*
*C1*
*C1*
*C1*
*C1*
*C1*
*C1*
*C1*
*C1*
[MASTER] 09:04:45.746 [logback-1] WARN  TestChromosome - Functional mock problem: org.evosuite.ga.ConstructionFailedException: Failed to add constructor for com.fasterxml.jackson.databind.ser.BeanSerializerBuilder due to org.evosuite.ga.ConstructionFailedException: Failed to add constructor for com.fasterxml.jackson.databind.SerializationConfig due to org.evosuite.ga.ConstructionFailedException: Failed to add constructor for com.fasterxml.jackson.databind.SerializationConfig due to org.evosuite.ga.ConstructionFailedException: Failed to add constructor for com.fasterxml.jackson.databind.cfg.BaseSettings due to org.evosuite.ga.ConstructionFailedException: Max recursion depth reached
*C1*
*C1*
*C1*
*C1*
*C1*
*C1*
*C1*
*C1*
*C1*
*C1*
*C1*
*C1*
*C1*
*C1*
*C1*
*C1*
*C1*
*C1*
*C1*
*C1*
*C1*
*C1*
*C1*
*C1*
*C1*
*C1*
*C1*
*C1*
*C1*
*C1*
*C1*
*C1*
*C1*
*C1*
*C1*
*C1*
*C1*
*C1*
*C1*
*C1*
*C1*
*C1*
*C1*
[MASTER] 09:04:55.119 [logback-2] ERROR TestCluster - Failed to check cache for java.util.function.BiFunction<T, U, R> : Type points to itself
*C1*
*C1*
*C1*
*C1*
*C1*
*C1*
*C1*
*C1*
*C1*
*C1*
*C1*
*C1*
*C1*
*C1*
*C1*
*C1*
*C1*
*C1*
*C1*
*C1*
*C1*
*C1*
*C1*
*C1*
*C1*
*C1*
*C1*
*C1*
*C1*
*C1*
*C1*
*C1*
*C1*
*C1*
*C1*
*C1*
*C1*
*C1*
*C1*
*C1*
*C1*
*C1*
*C1*
*C1*
*C1*
*C1*
*C1*
*C1*
*C1*
*C1*
*C1*
[MASTER] 09:05:06.564 [logback-1] WARN  TestChromosome - Functional mock problem: org.evosuite.ga.ConstructionFailedException: Failed to add constructor for com.fasterxml.jackson.databind.deser.BeanDeserializer due to org.evosuite.ga.ConstructionFailedException: Failed to add constructor for com.fasterxml.jackson.databind.deser.BeanDeserializer due to org.evosuite.ga.ConstructionFailedException: Failed to add constructor for com.fasterxml.jackson.databind.deser.BuilderBasedDeserializer due to org.evosuite.ga.ConstructionFailedException: Failed to add constructor for com.fasterxml.jackson.databind.deser.BuilderBasedDeserializer due to org.evosuite.ga.ConstructionFailedException: Failed to add constructor for com.fasterxml.jackson.databind.deser.BeanDeserializerBuilder due to org.evosuite.ga.ConstructionFailedException: Max recursion depth reached
*C1*
*C1*
*C1*
*C1*
*C1*
*C1*
*C1*
*C1*
*C1*
*C1*
*C1*
*C1*
*C1*
*C1*
*C1*
*C1*
*C1*
*C1*
*C1*
*C1*
*C1*
*C1*
*C1*
*C1*
*C1*
*C1*
*C1*
*C1*
*C1*
*C1*
*C1*
*C1*
*C1*
*C1*
*C1*
*C1*
*C1*
*C1*
*C1*
*C1*
*C1*
*C1*
*C1*
*C1*
*C1*
*C1*
*C1*
*C1*
*C1*
*C1*
*C1*
*C1*
*C1*
*C1*
*C1*
*C1*
*C1*
*C1*
*C1*
*C1*
*C1*
*C1*
*C1*
*C1*
*C1*
*C1*
*C1*
*C1*
*C1*
*C1*
*C1*
*C1*
*C1*
*C1*
*C1*
*C1*
*C1*
*C1*
*C1*
*C1*
*C1*
*C1*
*C1*
*C1*
*C1*
*C1*
*C1*
*C1*
*C1*
*C1*
*C1*
*C1*
*C1*
*C1*
*C1*
*C1*
[MASTER] 09:05:23.048 [logback-1] WARN  TestChromosome - Functional mock problem: org.evosuite.ga.ConstructionFailedException: Failed to add constructor for com.fasterxml.jackson.databind.DeserializationConfig due to org.evosuite.ga.ConstructionFailedException: Failed to add constructor for com.fasterxml.jackson.databind.DeserializationConfig due to org.evosuite.ga.ConstructionFailedException: Failed to add constructor for com.fasterxml.jackson.databind.cfg.BaseSettings due to org.evosuite.ga.ConstructionFailedException: Invalid generic instance
*C1*
*C1*
*C1*
*C1*
*C1*
*C1*
*C1*
*C1*
*C1*
*C1*
*C1*
*C1*
*C1*
*C1*
*C1*
*C1*
*C1*
*C1*
*C1*
*C1*
*C1*
*C1*
*C1*
*C1*
*C1*
*C1*
*C1*
*C1*
*C1*
*C1*
*C1*
*C1*
*C1*
*C1*
*C1*
*C1*
*C1*
*C1*
*C1*
*C1*
*C1*
*C1*
*C1*
*C1*
*C1*
*C1*
*C1*
*C1*
*C1*
*C1*
*C1*
*C1*
*C1*
*C1*
*C1*
*C1*
*C1*
*C1*
*C1*
*C1*
*C1*
*C1*
*C1*
*C1*
*C1*
*C1*
*C1*
*C1*
*C1*
*C1*
*C1*
*C1*
*C1*
*C1*
*C1*
*C1*
*C1*
*C1*
*C1*
*C1*
*C1*
*C1*
*C1*
*C1*
*C1*
*C1*
*C1*
*C1*
*C1*
*C1*
*C1*
*C1*
*C1*
*C1*
*C1*
*C1*
*C1*
*C1*
*C1*
*C1*
*C1*
*C1*
*C1*
*C1*
*C1*
*C1*
*C1*
*C1*
*C1*
*C1*
*C1*
*C1*
*C1*
*C1*
*C1*
*C1*
*C1*
*C1*
*C1*
*C1*
*C1*
*C1*
*C1*
*C1*
*C1*
*C1*
*C1*
*C1*
*C1*
*C1*
*C1*
*C1*
*C1*
*C1*
*C1*
*C1*
*C1*
*C1*
*C1*
*C1*
*C1*
*C1*
*C1*
*C1*
*C1*
*C1*
*C1*
*C1*
*C1*
*C1*
*C1*
*C1*
*C1*
*C1*
*C1*
*C1*
*C1*
*C1*
*C1*
*C1*
*C1*
*C1*
*C1*
*C1*
*C1*
*C1*
*C1*
*C1*
*C1*
*C1*
*C1*
*C1*
*C1*
*C1*
*C1*
*C1*
*C1*
*C1*
*C1*
*C1*
*C1*
*C1*
*C1*
*C1*
* Search finished after 604s and 1070 generations, 388525 statements, best individual has fitness: 910.0
* Minimizing test suite
* Going to analyze the coverage criteria
* Coverage analysis for criterion LINE
* Coverage of criterion LINE: 74%
* Total number of goals: 344
* Number of covered goals: 253
* Coverage analysis for criterion BRANCH
* Coverage of criterion BRANCH: 64%
* Total number of goals: 205
* Number of covered goals: 132
* Coverage analysis for criterion EXCEPTION
* Coverage of criterion EXCEPTION: 99%
* Total number of goals: 146
* Number of covered goals: 144
* Coverage analysis for criterion WEAKMUTATION
* Coverage of criterion WEAKMUTATION: 62%
* Total number of goals: 587
* Number of covered goals: 363
* Coverage analysis for criterion OUTPUT
* Coverage of criterion OUTPUT: 31%
* Total number of goals: 377
* Number of covered goals: 118
* Coverage analysis for criterion METHOD
* Coverage of criterion METHOD: 100%
* Total number of goals: 90
* Number of covered goals: 90
* Coverage analysis for criterion METHODNOEXCEPTION
* Coverage of criterion METHODNOEXCEPTION: 64%
* Total number of goals: 90
* Number of covered goals: 58
* Coverage analysis for criterion CBRANCH
* Coverage of criterion CBRANCH: 63%
* Total number of goals: 205
* Number of covered goals: 129
* Generated 228 tests with total length 1550
* Resulting test suite's coverage: 62% (average coverage for all fitness functions)
* Generating assertions
* Resulting test suite's mutation score: 21%
* Compiling and checking tests
[MASTER] 09:07:36.222 [logback-1] WARN  JUnitAnalyzer - EvoSuite problem: tests set up a security manager, but they do not remove it after execution
* Writing tests to file
* Writing JUnit test case 'DeserializationContext_ESTest' to results/JacksonDatabind-103/com.fasterxml.jackson.databind.DeserializationContext/BBC-F0-opt-70/tests/2
* Done!

* Computation finished
