JUnit version 4.12
....E.E.E.E.E.E..E.E.E.E.E.E.E.E.E.E............E...........................E.E................E..E.....E.........E........E..E...............E.E....E.E................
Time: 20.366
There were 29 failures:
1) test038(org.apache.commons.collections4.trie.AbstractPatriciaTrie_ESTest)
org.evosuite.runtime.mock.java.lang.MockIllegalArgumentException: The offsets and lengths must be at Character boundaries
	at org.apache.commons.collections4.trie.analyzer.StringKeyAnalyzer.bitIndex(StringKeyAnalyzer.java:63)
	at org.apache.commons.collections4.trie.analyzer.StringKeyAnalyzer.bitIndex(StringKeyAnalyzer.java:27)
	at org.apache.commons.collections4.trie.AbstractPatriciaTrie.subtree(AbstractPatriciaTrie.java:1139)
	at org.apache.commons.collections4.trie.AbstractPatriciaTrie_ESTest.test038(AbstractPatriciaTrie_ESTest.java:860)
	at sun.reflect.NativeMethodAccessorImpl.invoke0(Native Method)
	at sun.reflect.NativeMethodAccessorImpl.invoke(NativeMethodAccessorImpl.java:62)
	at sun.reflect.DelegatingMethodAccessorImpl.invoke(DelegatingMethodAccessorImpl.java:43)
	at java.lang.reflect.Method.invoke(Method.java:498)
	at org.junit.runners.model.FrameworkMethod$1.runReflectiveCall(FrameworkMethod.java:50)
	at org.junit.internal.runners.model.ReflectiveCallable.run(ReflectiveCallable.java:12)
	at org.junit.runners.model.FrameworkMethod.invokeExplosively(FrameworkMethod.java:47)
	at org.junit.internal.runners.statements.InvokeMethod.evaluate(InvokeMethod.java:17)
	at org.junit.internal.runners.statements.FailOnTimeout$CallableStatement.call(FailOnTimeout.java:298)
	at org.junit.internal.runners.statements.FailOnTimeout$CallableStatement.call(FailOnTimeout.java:292)
	at java.util.concurrent.FutureTask.run(FutureTask.java:266)
	at java.lang.Thread.run(Thread.java:748)
2) test039(org.apache.commons.collections4.trie.AbstractPatriciaTrie_ESTest)
java.lang.NullPointerException
	at org.apache.commons.collections4.trie.AbstractPatriciaTrie.removeExternalEntry(AbstractPatriciaTrie.java:508)
	at org.apache.commons.collections4.trie.AbstractPatriciaTrie.removeEntry(AbstractPatriciaTrie.java:484)
	at org.apache.commons.collections4.trie.AbstractPatriciaTrie_ESTest.test039(AbstractPatriciaTrie_ESTest.java:887)
	at sun.reflect.NativeMethodAccessorImpl.invoke0(Native Method)
	at sun.reflect.NativeMethodAccessorImpl.invoke(NativeMethodAccessorImpl.java:62)
	at sun.reflect.DelegatingMethodAccessorImpl.invoke(DelegatingMethodAccessorImpl.java:43)
	at java.lang.reflect.Method.invoke(Method.java:498)
	at org.junit.runners.model.FrameworkMethod$1.runReflectiveCall(FrameworkMethod.java:50)
	at org.junit.internal.runners.model.ReflectiveCallable.run(ReflectiveCallable.java:12)
	at org.junit.runners.model.FrameworkMethod.invokeExplosively(FrameworkMethod.java:47)
	at org.junit.internal.runners.statements.InvokeMethod.evaluate(InvokeMethod.java:17)
	at org.junit.internal.runners.statements.FailOnTimeout$CallableStatement.call(FailOnTimeout.java:298)
	at org.junit.internal.runners.statements.FailOnTimeout$CallableStatement.call(FailOnTimeout.java:292)
	at java.util.concurrent.FutureTask.run(FutureTask.java:266)
	at java.lang.Thread.run(Thread.java:748)
3) test040(org.apache.commons.collections4.trie.AbstractPatriciaTrie_ESTest)
java.lang.ClassCastException: java.lang.Integer cannot be cast to java.lang.String
	at org.apache.commons.collections4.trie.analyzer.StringKeyAnalyzer.lengthInBits(StringKeyAnalyzer.java:27)
	at org.apache.commons.collections4.trie.AbstractBitwiseTrie.lengthInBits(AbstractBitwiseTrie.java:93)
	at org.apache.commons.collections4.trie.AbstractPatriciaTrie.remove(AbstractPatriciaTrie.java:425)
	at org.apache.commons.collections4.trie.PatriciaTrie.remove(PatriciaTrie.java:57)
	at org.apache.commons.collections4.trie.AbstractPatriciaTrie_ESTest.test040(AbstractPatriciaTrie_ESTest.java:909)
	at sun.reflect.NativeMethodAccessorImpl.invoke0(Native Method)
	at sun.reflect.NativeMethodAccessorImpl.invoke(NativeMethodAccessorImpl.java:62)
	at sun.reflect.DelegatingMethodAccessorImpl.invoke(DelegatingMethodAccessorImpl.java:43)
	at java.lang.reflect.Method.invoke(Method.java:498)
	at org.junit.runners.model.FrameworkMethod$1.runReflectiveCall(FrameworkMethod.java:50)
	at org.junit.internal.runners.model.ReflectiveCallable.run(ReflectiveCallable.java:12)
	at org.junit.runners.model.FrameworkMethod.invokeExplosively(FrameworkMethod.java:47)
	at org.junit.internal.runners.statements.InvokeMethod.evaluate(InvokeMethod.java:17)
	at org.junit.internal.runners.statements.FailOnTimeout$CallableStatement.call(FailOnTimeout.java:298)
	at org.junit.internal.runners.statements.FailOnTimeout$CallableStatement.call(FailOnTimeout.java:292)
	at java.util.concurrent.FutureTask.run(FutureTask.java:266)
	at java.lang.Thread.run(Thread.java:748)
4) test041(org.apache.commons.collections4.trie.AbstractPatriciaTrie_ESTest)
java.lang.NullPointerException
	at org.apache.commons.collections4.trie.AbstractPatriciaTrie.previousEntry(AbstractPatriciaTrie.java:1196)
	at org.apache.commons.collections4.trie.AbstractPatriciaTrie_ESTest.test041(AbstractPatriciaTrie_ESTest.java:927)
	at sun.reflect.NativeMethodAccessorImpl.invoke0(Native Method)
	at sun.reflect.NativeMethodAccessorImpl.invoke(NativeMethodAccessorImpl.java:62)
	at sun.reflect.DelegatingMethodAccessorImpl.invoke(DelegatingMethodAccessorImpl.java:43)
	at java.lang.reflect.Method.invoke(Method.java:498)
	at org.junit.runners.model.FrameworkMethod$1.runReflectiveCall(FrameworkMethod.java:50)
	at org.junit.internal.runners.model.ReflectiveCallable.run(ReflectiveCallable.java:12)
	at org.junit.runners.model.FrameworkMethod.invokeExplosively(FrameworkMethod.java:47)
	at org.junit.internal.runners.statements.InvokeMethod.evaluate(InvokeMethod.java:17)
	at org.junit.internal.runners.statements.FailOnTimeout$CallableStatement.call(FailOnTimeout.java:298)
	at org.junit.internal.runners.statements.FailOnTimeout$CallableStatement.call(FailOnTimeout.java:292)
	at java.util.concurrent.FutureTask.run(FutureTask.java:266)
	at java.lang.Thread.run(Thread.java:748)
5) test042(org.apache.commons.collections4.trie.AbstractPatriciaTrie_ESTest)
java.lang.NullPointerException
	at org.apache.commons.collections4.trie.AbstractPatriciaTrie.followRight(AbstractPatriciaTrie.java:1169)
	at org.apache.commons.collections4.trie.AbstractPatriciaTrie.lastEntry(AbstractPatriciaTrie.java:1156)
	at org.apache.commons.collections4.trie.AbstractPatriciaTrie.lastKey(AbstractPatriciaTrie.java:789)
	at org.apache.commons.collections4.trie.AbstractPatriciaTrie_ESTest.test042(AbstractPatriciaTrie_ESTest.java:960)
	at sun.reflect.NativeMethodAccessorImpl.invoke0(Native Method)
	at sun.reflect.NativeMethodAccessorImpl.invoke(NativeMethodAccessorImpl.java:62)
	at sun.reflect.DelegatingMethodAccessorImpl.invoke(DelegatingMethodAccessorImpl.java:43)
	at java.lang.reflect.Method.invoke(Method.java:498)
	at org.junit.runners.model.FrameworkMethod$1.runReflectiveCall(FrameworkMethod.java:50)
	at org.junit.internal.runners.model.ReflectiveCallable.run(ReflectiveCallable.java:12)
	at org.junit.runners.model.FrameworkMethod.invokeExplosively(FrameworkMethod.java:47)
	at org.junit.internal.runners.statements.InvokeMethod.evaluate(InvokeMethod.java:17)
	at org.junit.internal.runners.statements.FailOnTimeout$CallableStatement.call(FailOnTimeout.java:298)
	at org.junit.internal.runners.statements.FailOnTimeout$CallableStatement.call(FailOnTimeout.java:292)
	at java.util.concurrent.FutureTask.run(FutureTask.java:266)
	at java.lang.Thread.run(Thread.java:748)
6) test043(org.apache.commons.collections4.trie.AbstractPatriciaTrie_ESTest)
java.lang.NullPointerException
	at org.apache.commons.collections4.trie.AbstractPatriciaTrie.isValidUplink(AbstractPatriciaTrie.java:1247)
	at org.apache.commons.collections4.trie.AbstractPatriciaTrie_ESTest.test043(AbstractPatriciaTrie_ESTest.java:985)
	at sun.reflect.NativeMethodAccessorImpl.invoke0(Native Method)
	at sun.reflect.NativeMethodAccessorImpl.invoke(NativeMethodAccessorImpl.java:62)
	at sun.reflect.DelegatingMethodAccessorImpl.invoke(DelegatingMethodAccessorImpl.java:43)
	at java.lang.reflect.Method.invoke(Method.java:498)
	at org.junit.runners.model.FrameworkMethod$1.runReflectiveCall(FrameworkMethod.java:50)
	at org.junit.internal.runners.model.ReflectiveCallable.run(ReflectiveCallable.java:12)
	at org.junit.runners.model.FrameworkMethod.invokeExplosively(FrameworkMethod.java:47)
	at org.junit.internal.runners.statements.InvokeMethod.evaluate(InvokeMethod.java:17)
	at org.junit.internal.runners.statements.FailOnTimeout$CallableStatement.call(FailOnTimeout.java:298)
	at org.junit.internal.runners.statements.FailOnTimeout$CallableStatement.call(FailOnTimeout.java:292)
	at java.util.concurrent.FutureTask.run(FutureTask.java:266)
	at java.lang.Thread.run(Thread.java:748)
7) test045(org.apache.commons.collections4.trie.AbstractPatriciaTrie_ESTest)
java.lang.NullPointerException
	at org.apache.commons.collections4.trie.AbstractPatriciaTrie.followLeft(AbstractPatriciaTrie.java:764)
	at org.apache.commons.collections4.trie.AbstractPatriciaTrie.firstEntry(AbstractPatriciaTrie.java:750)
	at org.apache.commons.collections4.trie.AbstractPatriciaTrie.higherEntry(AbstractPatriciaTrie.java:903)
	at org.apache.commons.collections4.trie.AbstractPatriciaTrie_ESTest.test045(AbstractPatriciaTrie_ESTest.java:1032)
	at sun.reflect.NativeMethodAccessorImpl.invoke0(Native Method)
	at sun.reflect.NativeMethodAccessorImpl.invoke(NativeMethodAccessorImpl.java:62)
	at sun.reflect.DelegatingMethodAccessorImpl.invoke(DelegatingMethodAccessorImpl.java:43)
	at java.lang.reflect.Method.invoke(Method.java:498)
	at org.junit.runners.model.FrameworkMethod$1.runReflectiveCall(FrameworkMethod.java:50)
	at org.junit.internal.runners.model.ReflectiveCallable.run(ReflectiveCallable.java:12)
	at org.junit.runners.model.FrameworkMethod.invokeExplosively(FrameworkMethod.java:47)
	at org.junit.internal.runners.statements.InvokeMethod.evaluate(InvokeMethod.java:17)
	at org.junit.internal.runners.statements.FailOnTimeout$CallableStatement.call(FailOnTimeout.java:298)
	at org.junit.internal.runners.statements.FailOnTimeout$CallableStatement.call(FailOnTimeout.java:292)
	at java.util.concurrent.FutureTask.run(FutureTask.java:266)
	at java.lang.Thread.run(Thread.java:748)
8) test046(org.apache.commons.collections4.trie.AbstractPatriciaTrie_ESTest)
org.evosuite.runtime.mock.java.lang.MockIllegalArgumentException: must have a from or to!
	at org.apache.commons.collections4.trie.AbstractPatriciaTrie$RangeEntryMap.<init>(AbstractPatriciaTrie.java:1875)
	at org.apache.commons.collections4.trie.AbstractPatriciaTrie$RangeEntryMap.<init>(AbstractPatriciaTrie.java:1865)
	at org.apache.commons.collections4.trie.AbstractPatriciaTrie.headMap(AbstractPatriciaTrie.java:870)
	at org.apache.commons.collections4.trie.AbstractPatriciaTrie_ESTest.test046(AbstractPatriciaTrie_ESTest.java:1057)
	at sun.reflect.NativeMethodAccessorImpl.invoke0(Native Method)
	at sun.reflect.NativeMethodAccessorImpl.invoke(NativeMethodAccessorImpl.java:62)
	at sun.reflect.DelegatingMethodAccessorImpl.invoke(DelegatingMethodAccessorImpl.java:43)
	at java.lang.reflect.Method.invoke(Method.java:498)
	at org.junit.runners.model.FrameworkMethod$1.runReflectiveCall(FrameworkMethod.java:50)
	at org.junit.internal.runners.model.ReflectiveCallable.run(ReflectiveCallable.java:12)
	at org.junit.runners.model.FrameworkMethod.invokeExplosively(FrameworkMethod.java:47)
	at org.junit.internal.runners.statements.InvokeMethod.evaluate(InvokeMethod.java:17)
	at org.junit.internal.runners.statements.FailOnTimeout$CallableStatement.call(FailOnTimeout.java:298)
	at org.junit.internal.runners.statements.FailOnTimeout$CallableStatement.call(FailOnTimeout.java:292)
	at java.util.concurrent.FutureTask.run(FutureTask.java:266)
	at java.lang.Thread.run(Thread.java:748)
9) test047(org.apache.commons.collections4.trie.AbstractPatriciaTrie_ESTest)
java.lang.ClassCastException: java.lang.Integer cannot be cast to java.lang.String
	at org.apache.commons.collections4.trie.analyzer.StringKeyAnalyzer.lengthInBits(StringKeyAnalyzer.java:27)
	at org.apache.commons.collections4.trie.AbstractBitwiseTrie.lengthInBits(AbstractBitwiseTrie.java:93)
	at org.apache.commons.collections4.trie.AbstractPatriciaTrie.getEntry(AbstractPatriciaTrie.java:258)
	at org.apache.commons.collections4.trie.AbstractPatriciaTrie_ESTest.test047(AbstractPatriciaTrie_ESTest.java:1079)
	at sun.reflect.NativeMethodAccessorImpl.invoke0(Native Method)
	at sun.reflect.NativeMethodAccessorImpl.invoke(NativeMethodAccessorImpl.java:62)
	at sun.reflect.DelegatingMethodAccessorImpl.invoke(DelegatingMethodAccessorImpl.java:43)
	at java.lang.reflect.Method.invoke(Method.java:498)
	at org.junit.runners.model.FrameworkMethod$1.runReflectiveCall(FrameworkMethod.java:50)
	at org.junit.internal.runners.model.ReflectiveCallable.run(ReflectiveCallable.java:12)
	at org.junit.runners.model.FrameworkMethod.invokeExplosively(FrameworkMethod.java:47)
	at org.junit.internal.runners.statements.InvokeMethod.evaluate(InvokeMethod.java:17)
	at org.junit.internal.runners.statements.FailOnTimeout$CallableStatement.call(FailOnTimeout.java:298)
	at org.junit.internal.runners.statements.FailOnTimeout$CallableStatement.call(FailOnTimeout.java:292)
	at java.util.concurrent.FutureTask.run(FutureTask.java:266)
	at java.lang.Thread.run(Thread.java:748)
10) test048(org.apache.commons.collections4.trie.AbstractPatriciaTrie_ESTest)
java.lang.ClassCastException: java.lang.Integer cannot be cast to java.lang.String
	at org.apache.commons.collections4.trie.analyzer.StringKeyAnalyzer.lengthInBits(StringKeyAnalyzer.java:27)
	at org.apache.commons.collections4.trie.AbstractBitwiseTrie.lengthInBits(AbstractBitwiseTrie.java:93)
	at org.apache.commons.collections4.trie.AbstractPatriciaTrie.getEntry(AbstractPatriciaTrie.java:258)
	at org.apache.commons.collections4.trie.AbstractPatriciaTrie.get(AbstractPatriciaTrie.java:241)
	at org.apache.commons.collections4.trie.PatriciaTrie.get(PatriciaTrie.java:57)
	at org.apache.commons.collections4.trie.AbstractPatriciaTrie_ESTest.test048(AbstractPatriciaTrie_ESTest.java:1101)
	at sun.reflect.NativeMethodAccessorImpl.invoke0(Native Method)
	at sun.reflect.NativeMethodAccessorImpl.invoke(NativeMethodAccessorImpl.java:62)
	at sun.reflect.DelegatingMethodAccessorImpl.invoke(DelegatingMethodAccessorImpl.java:43)
	at java.lang.reflect.Method.invoke(Method.java:498)
	at org.junit.runners.model.FrameworkMethod$1.runReflectiveCall(FrameworkMethod.java:50)
	at org.junit.internal.runners.model.ReflectiveCallable.run(ReflectiveCallable.java:12)
	at org.junit.runners.model.FrameworkMethod.invokeExplosively(FrameworkMethod.java:47)
	at org.junit.internal.runners.statements.InvokeMethod.evaluate(InvokeMethod.java:17)
	at org.junit.internal.runners.statements.FailOnTimeout$CallableStatement.call(FailOnTimeout.java:298)
	at org.junit.internal.runners.statements.FailOnTimeout$CallableStatement.call(FailOnTimeout.java:292)
	at java.util.concurrent.FutureTask.run(FutureTask.java:266)
	at java.lang.Thread.run(Thread.java:748)
11) test049(org.apache.commons.collections4.trie.AbstractPatriciaTrie_ESTest)
java.lang.NullPointerException
	at org.apache.commons.collections4.trie.AbstractPatriciaTrie.followRight(AbstractPatriciaTrie.java:1164)
	at org.apache.commons.collections4.trie.AbstractPatriciaTrie_ESTest.test049(AbstractPatriciaTrie_ESTest.java:1119)
	at sun.reflect.NativeMethodAccessorImpl.invoke0(Native Method)
	at sun.reflect.NativeMethodAccessorImpl.invoke(NativeMethodAccessorImpl.java:62)
	at sun.reflect.DelegatingMethodAccessorImpl.invoke(DelegatingMethodAccessorImpl.java:43)
	at java.lang.reflect.Method.invoke(Method.java:498)
	at org.junit.runners.model.FrameworkMethod$1.runReflectiveCall(FrameworkMethod.java:50)
	at org.junit.internal.runners.model.ReflectiveCallable.run(ReflectiveCallable.java:12)
	at org.junit.runners.model.FrameworkMethod.invokeExplosively(FrameworkMethod.java:47)
	at org.junit.internal.runners.statements.InvokeMethod.evaluate(InvokeMethod.java:17)
	at org.junit.internal.runners.statements.FailOnTimeout$CallableStatement.call(FailOnTimeout.java:298)
	at org.junit.internal.runners.statements.FailOnTimeout$CallableStatement.call(FailOnTimeout.java:292)
	at java.util.concurrent.FutureTask.run(FutureTask.java:266)
	at java.lang.Thread.run(Thread.java:748)
12) test050(org.apache.commons.collections4.trie.AbstractPatriciaTrie_ESTest)
java.lang.NullPointerException
	at org.apache.commons.collections4.trie.AbstractPatriciaTrie.followLeft(AbstractPatriciaTrie.java:758)
	at org.apache.commons.collections4.trie.AbstractPatriciaTrie_ESTest.test050(AbstractPatriciaTrie_ESTest.java:1137)
	at sun.reflect.NativeMethodAccessorImpl.invoke0(Native Method)
	at sun.reflect.NativeMethodAccessorImpl.invoke(NativeMethodAccessorImpl.java:62)
	at sun.reflect.DelegatingMethodAccessorImpl.invoke(DelegatingMethodAccessorImpl.java:43)
	at java.lang.reflect.Method.invoke(Method.java:498)
	at org.junit.runners.model.FrameworkMethod$1.runReflectiveCall(FrameworkMethod.java:50)
	at org.junit.internal.runners.model.ReflectiveCallable.run(ReflectiveCallable.java:12)
	at org.junit.runners.model.FrameworkMethod.invokeExplosively(FrameworkMethod.java:47)
	at org.junit.internal.runners.statements.InvokeMethod.evaluate(InvokeMethod.java:17)
	at org.junit.internal.runners.statements.FailOnTimeout$CallableStatement.call(FailOnTimeout.java:298)
	at org.junit.internal.runners.statements.FailOnTimeout$CallableStatement.call(FailOnTimeout.java:292)
	at java.util.concurrent.FutureTask.run(FutureTask.java:266)
	at java.lang.Thread.run(Thread.java:748)
13) test051(org.apache.commons.collections4.trie.AbstractPatriciaTrie_ESTest)
java.lang.ClassCastException: java.lang.Integer cannot be cast to java.lang.String
	at org.apache.commons.collections4.trie.analyzer.StringKeyAnalyzer.lengthInBits(StringKeyAnalyzer.java:27)
	at org.apache.commons.collections4.trie.AbstractBitwiseTrie.lengthInBits(AbstractBitwiseTrie.java:93)
	at org.apache.commons.collections4.trie.AbstractPatriciaTrie.containsKey(AbstractPatriciaTrie.java:384)
	at org.apache.commons.collections4.trie.PatriciaTrie.containsKey(PatriciaTrie.java:57)
	at org.apache.commons.collections4.trie.AbstractPatriciaTrie_ESTest.test051(AbstractPatriciaTrie_ESTest.java:1159)
	at sun.reflect.NativeMethodAccessorImpl.invoke0(Native Method)
	at sun.reflect.NativeMethodAccessorImpl.invoke(NativeMethodAccessorImpl.java:62)
	at sun.reflect.DelegatingMethodAccessorImpl.invoke(DelegatingMethodAccessorImpl.java:43)
	at java.lang.reflect.Method.invoke(Method.java:498)
	at org.junit.runners.model.FrameworkMethod$1.runReflectiveCall(FrameworkMethod.java:50)
	at org.junit.internal.runners.model.ReflectiveCallable.run(ReflectiveCallable.java:12)
	at org.junit.runners.model.FrameworkMethod.invokeExplosively(FrameworkMethod.java:47)
	at org.junit.internal.runners.statements.InvokeMethod.evaluate(InvokeMethod.java:17)
	at org.junit.internal.runners.statements.FailOnTimeout$CallableStatement.call(FailOnTimeout.java:298)
	at org.junit.internal.runners.statements.FailOnTimeout$CallableStatement.call(FailOnTimeout.java:292)
	at java.util.concurrent.FutureTask.run(FutureTask.java:266)
	at java.lang.Thread.run(Thread.java:748)
14) test052(org.apache.commons.collections4.trie.AbstractPatriciaTrie_ESTest)
java.lang.NullPointerException
	at org.apache.commons.collections4.trie.AbstractPatriciaTrie.followLeft(AbstractPatriciaTrie.java:764)
	at org.apache.commons.collections4.trie.AbstractPatriciaTrie.firstEntry(AbstractPatriciaTrie.java:750)
	at org.apache.commons.collections4.trie.AbstractPatriciaTrie.ceilingEntry(AbstractPatriciaTrie.java:965)
	at org.apache.commons.collections4.trie.AbstractPatriciaTrie_ESTest.test052(AbstractPatriciaTrie_ESTest.java:1178)
	at sun.reflect.NativeMethodAccessorImpl.invoke0(Native Method)
	at sun.reflect.NativeMethodAccessorImpl.invoke(NativeMethodAccessorImpl.java:62)
	at sun.reflect.DelegatingMethodAccessorImpl.invoke(DelegatingMethodAccessorImpl.java:43)
	at java.lang.reflect.Method.invoke(Method.java:498)
	at org.junit.runners.model.FrameworkMethod$1.runReflectiveCall(FrameworkMethod.java:50)
	at org.junit.internal.runners.model.ReflectiveCallable.run(ReflectiveCallable.java:12)
	at org.junit.runners.model.FrameworkMethod.invokeExplosively(FrameworkMethod.java:47)
	at org.junit.internal.runners.statements.InvokeMethod.evaluate(InvokeMethod.java:17)
	at org.junit.internal.runners.statements.FailOnTimeout$CallableStatement.call(FailOnTimeout.java:298)
	at org.junit.internal.runners.statements.FailOnTimeout$CallableStatement.call(FailOnTimeout.java:292)
	at java.util.concurrent.FutureTask.run(FutureTask.java:266)
	at java.lang.Thread.run(Thread.java:748)
15) test053(org.apache.commons.collections4.trie.AbstractPatriciaTrie_ESTest)
java.lang.StringIndexOutOfBoundsException: String index out of range: 0
	at java.lang.String.charAt(String.java:658)
	at org.apache.commons.collections4.trie.analyzer.StringKeyAnalyzer.isBitSet(StringKeyAnalyzer.java:122)
	at org.apache.commons.collections4.trie.analyzer.StringKeyAnalyzer.isBitSet(StringKeyAnalyzer.java:27)
	at org.apache.commons.collections4.trie.AbstractBitwiseTrie.isBitSet(AbstractBitwiseTrie.java:114)
	at org.apache.commons.collections4.trie.AbstractPatriciaTrie.addEntry(AbstractPatriciaTrie.java:202)
	at org.apache.commons.collections4.trie.AbstractPatriciaTrie_ESTest.test053(AbstractPatriciaTrie_ESTest.java:1205)
	at sun.reflect.NativeMethodAccessorImpl.invoke0(Native Method)
	at sun.reflect.NativeMethodAccessorImpl.invoke(NativeMethodAccessorImpl.java:62)
	at sun.reflect.DelegatingMethodAccessorImpl.invoke(DelegatingMethodAccessorImpl.java:43)
	at java.lang.reflect.Method.invoke(Method.java:498)
	at org.junit.runners.model.FrameworkMethod$1.runReflectiveCall(FrameworkMethod.java:50)
	at org.junit.internal.runners.model.ReflectiveCallable.run(ReflectiveCallable.java:12)
	at org.junit.runners.model.FrameworkMethod.invokeExplosively(FrameworkMethod.java:47)
	at org.junit.internal.runners.statements.InvokeMethod.evaluate(InvokeMethod.java:17)
	at org.junit.internal.runners.statements.FailOnTimeout$CallableStatement.call(FailOnTimeout.java:298)
	at org.junit.internal.runners.statements.FailOnTimeout$CallableStatement.call(FailOnTimeout.java:292)
	at java.util.concurrent.FutureTask.run(FutureTask.java:266)
	at java.lang.Thread.run(Thread.java:748)
16) test054(org.apache.commons.collections4.trie.AbstractPatriciaTrie_ESTest)
java.lang.NullPointerException
	at org.apache.commons.collections4.trie.AbstractPatriciaTrie.addEntry(AbstractPatriciaTrie.java:198)
	at org.apache.commons.collections4.trie.AbstractPatriciaTrie_ESTest.test054(AbstractPatriciaTrie_ESTest.java:1222)
	at sun.reflect.NativeMethodAccessorImpl.invoke0(Native Method)
	at sun.reflect.NativeMethodAccessorImpl.invoke(NativeMethodAccessorImpl.java:62)
	at sun.reflect.DelegatingMethodAccessorImpl.invoke(DelegatingMethodAccessorImpl.java:43)
	at java.lang.reflect.Method.invoke(Method.java:498)
	at org.junit.runners.model.FrameworkMethod$1.runReflectiveCall(FrameworkMethod.java:50)
	at org.junit.internal.runners.model.ReflectiveCallable.run(ReflectiveCallable.java:12)
	at org.junit.runners.model.FrameworkMethod.invokeExplosively(FrameworkMethod.java:47)
	at org.junit.internal.runners.statements.InvokeMethod.evaluate(InvokeMethod.java:17)
	at org.junit.internal.runners.statements.FailOnTimeout$CallableStatement.call(FailOnTimeout.java:298)
	at org.junit.internal.runners.statements.FailOnTimeout$CallableStatement.call(FailOnTimeout.java:292)
	at java.util.concurrent.FutureTask.run(FutureTask.java:266)
	at java.lang.Thread.run(Thread.java:748)
17) test138(org.apache.commons.collections4.trie.AbstractPatriciaTrie_ESTest)
org.evosuite.runtime.mock.java.lang.MockIllegalArgumentException: must have a from or to!
	at org.apache.commons.collections4.trie.AbstractPatriciaTrie$RangeEntryMap.<init>(AbstractPatriciaTrie.java:1875)
	at org.apache.commons.collections4.trie.AbstractPatriciaTrie$RangeEntryMap.<init>(AbstractPatriciaTrie.java:1865)
	at org.apache.commons.collections4.trie.AbstractPatriciaTrie.tailMap(AbstractPatriciaTrie.java:880)
	at org.apache.commons.collections4.trie.AbstractPatriciaTrie_ESTest.test138(AbstractPatriciaTrie_ESTest.java:2519)
	at sun.reflect.NativeMethodAccessorImpl.invoke0(Native Method)
	at sun.reflect.NativeMethodAccessorImpl.invoke(NativeMethodAccessorImpl.java:62)
	at sun.reflect.DelegatingMethodAccessorImpl.invoke(DelegatingMethodAccessorImpl.java:43)
	at java.lang.reflect.Method.invoke(Method.java:498)
	at org.junit.runners.model.FrameworkMethod$1.runReflectiveCall(FrameworkMethod.java:50)
	at org.junit.internal.runners.model.ReflectiveCallable.run(ReflectiveCallable.java:12)
	at org.junit.runners.model.FrameworkMethod.invokeExplosively(FrameworkMethod.java:47)
	at org.junit.internal.runners.statements.InvokeMethod.evaluate(InvokeMethod.java:17)
	at org.junit.internal.runners.statements.FailOnTimeout$CallableStatement.call(FailOnTimeout.java:298)
	at org.junit.internal.runners.statements.FailOnTimeout$CallableStatement.call(FailOnTimeout.java:292)
	at java.util.concurrent.FutureTask.run(FutureTask.java:266)
	at java.lang.Thread.run(Thread.java:748)
18) test082(org.apache.commons.collections4.trie.AbstractPatriciaTrie_ESTest)
java.lang.StringIndexOutOfBoundsException: String index out of range: -1
	at java.lang.String.charAt(String.java:658)
	at org.apache.commons.collections4.trie.analyzer.StringKeyAnalyzer.isBitSet(StringKeyAnalyzer.java:122)
	at org.apache.commons.collections4.trie.analyzer.StringKeyAnalyzer.isBitSet(StringKeyAnalyzer.java:27)
	at org.apache.commons.collections4.trie.AbstractBitwiseTrie.isBitSet(AbstractBitwiseTrie.java:114)
	at org.apache.commons.collections4.trie.AbstractPatriciaTrie.subtree(AbstractPatriciaTrie.java:1133)
	at org.apache.commons.collections4.trie.AbstractPatriciaTrie_ESTest.test082(AbstractPatriciaTrie_ESTest.java:1821)
	at sun.reflect.NativeMethodAccessorImpl.invoke0(Native Method)
	at sun.reflect.NativeMethodAccessorImpl.invoke(NativeMethodAccessorImpl.java:62)
	at sun.reflect.DelegatingMethodAccessorImpl.invoke(DelegatingMethodAccessorImpl.java:43)
	at java.lang.reflect.Method.invoke(Method.java:498)
	at org.junit.runners.model.FrameworkMethod$1.runReflectiveCall(FrameworkMethod.java:50)
	at org.junit.internal.runners.model.ReflectiveCallable.run(ReflectiveCallable.java:12)
	at org.junit.runners.model.FrameworkMethod.invokeExplosively(FrameworkMethod.java:47)
	at org.junit.internal.runners.statements.InvokeMethod.evaluate(InvokeMethod.java:17)
	at org.junit.internal.runners.statements.FailOnTimeout$CallableStatement.call(FailOnTimeout.java:298)
	at org.junit.internal.runners.statements.FailOnTimeout$CallableStatement.call(FailOnTimeout.java:292)
	at java.util.concurrent.FutureTask.run(FutureTask.java:266)
	at java.lang.Thread.run(Thread.java:748)
19) test083(org.apache.commons.collections4.trie.AbstractPatriciaTrie_ESTest)
java.lang.NullPointerException
	at org.apache.commons.collections4.trie.analyzer.StringKeyAnalyzer.bitIndex(StringKeyAnalyzer.java:85)
	at org.apache.commons.collections4.trie.analyzer.StringKeyAnalyzer.bitIndex(StringKeyAnalyzer.java:27)
	at org.apache.commons.collections4.trie.AbstractPatriciaTrie.subtree(AbstractPatriciaTrie.java:1139)
	at org.apache.commons.collections4.trie.AbstractPatriciaTrie_ESTest.test083(AbstractPatriciaTrie_ESTest.java:1851)
	at sun.reflect.NativeMethodAccessorImpl.invoke0(Native Method)
	at sun.reflect.NativeMethodAccessorImpl.invoke(NativeMethodAccessorImpl.java:62)
	at sun.reflect.DelegatingMethodAccessorImpl.invoke(DelegatingMethodAccessorImpl.java:43)
	at java.lang.reflect.Method.invoke(Method.java:498)
	at org.junit.runners.model.FrameworkMethod$1.runReflectiveCall(FrameworkMethod.java:50)
	at org.junit.internal.runners.model.ReflectiveCallable.run(ReflectiveCallable.java:12)
	at org.junit.runners.model.FrameworkMethod.invokeExplosively(FrameworkMethod.java:47)
	at org.junit.internal.runners.statements.InvokeMethod.evaluate(InvokeMethod.java:17)
	at org.junit.internal.runners.statements.FailOnTimeout$CallableStatement.call(FailOnTimeout.java:298)
	at org.junit.internal.runners.statements.FailOnTimeout$CallableStatement.call(FailOnTimeout.java:292)
	at java.util.concurrent.FutureTask.run(FutureTask.java:266)
	at java.lang.Thread.run(Thread.java:748)
20) test003(org.apache.commons.collections4.trie.AbstractPatriciaTrie_ESTest)
java.lang.StringIndexOutOfBoundsException: String index out of range: 0
	at java.lang.String.charAt(String.java:658)
	at org.apache.commons.collections4.trie.analyzer.StringKeyAnalyzer.isBitSet(StringKeyAnalyzer.java:122)
	at org.apache.commons.collections4.trie.analyzer.StringKeyAnalyzer.isBitSet(StringKeyAnalyzer.java:27)
	at org.apache.commons.collections4.trie.AbstractBitwiseTrie.isBitSet(AbstractBitwiseTrie.java:114)
	at org.apache.commons.collections4.trie.AbstractPatriciaTrie.subtree(AbstractPatriciaTrie.java:1133)
	at org.apache.commons.collections4.trie.AbstractPatriciaTrie_ESTest.test003(AbstractPatriciaTrie_ESTest.java:122)
	at sun.reflect.NativeMethodAccessorImpl.invoke0(Native Method)
	at sun.reflect.NativeMethodAccessorImpl.invoke(NativeMethodAccessorImpl.java:62)
	at sun.reflect.DelegatingMethodAccessorImpl.invoke(DelegatingMethodAccessorImpl.java:43)
	at java.lang.reflect.Method.invoke(Method.java:498)
	at org.junit.runners.model.FrameworkMethod$1.runReflectiveCall(FrameworkMethod.java:50)
	at org.junit.internal.runners.model.ReflectiveCallable.run(ReflectiveCallable.java:12)
	at org.junit.runners.model.FrameworkMethod.invokeExplosively(FrameworkMethod.java:47)
	at org.junit.internal.runners.statements.InvokeMethod.evaluate(InvokeMethod.java:17)
	at org.junit.internal.runners.statements.FailOnTimeout$CallableStatement.call(FailOnTimeout.java:298)
	at org.junit.internal.runners.statements.FailOnTimeout$CallableStatement.call(FailOnTimeout.java:292)
	at java.util.concurrent.FutureTask.run(FutureTask.java:266)
	at java.lang.Thread.run(Thread.java:748)
21) test004(org.apache.commons.collections4.trie.AbstractPatriciaTrie_ESTest)
java.lang.StringIndexOutOfBoundsException: String index out of range: 180
	at java.lang.String.charAt(String.java:658)
	at org.apache.commons.collections4.trie.analyzer.StringKeyAnalyzer.isBitSet(StringKeyAnalyzer.java:122)
	at org.apache.commons.collections4.trie.analyzer.StringKeyAnalyzer.isBitSet(StringKeyAnalyzer.java:27)
	at org.apache.commons.collections4.trie.AbstractBitwiseTrie.isBitSet(AbstractBitwiseTrie.java:114)
	at org.apache.commons.collections4.trie.AbstractPatriciaTrie.subtree(AbstractPatriciaTrie.java:1133)
	at org.apache.commons.collections4.trie.AbstractPatriciaTrie_ESTest.test004(AbstractPatriciaTrie_ESTest.java:143)
	at sun.reflect.NativeMethodAccessorImpl.invoke0(Native Method)
	at sun.reflect.NativeMethodAccessorImpl.invoke(NativeMethodAccessorImpl.java:62)
	at sun.reflect.DelegatingMethodAccessorImpl.invoke(DelegatingMethodAccessorImpl.java:43)
	at java.lang.reflect.Method.invoke(Method.java:498)
	at org.junit.runners.model.FrameworkMethod$1.runReflectiveCall(FrameworkMethod.java:50)
	at org.junit.internal.runners.model.ReflectiveCallable.run(ReflectiveCallable.java:12)
	at org.junit.runners.model.FrameworkMethod.invokeExplosively(FrameworkMethod.java:47)
	at org.junit.internal.runners.statements.InvokeMethod.evaluate(InvokeMethod.java:17)
	at org.junit.internal.runners.statements.FailOnTimeout$CallableStatement.call(FailOnTimeout.java:298)
	at org.junit.internal.runners.statements.FailOnTimeout$CallableStatement.call(FailOnTimeout.java:292)
	at java.util.concurrent.FutureTask.run(FutureTask.java:266)
	at java.lang.Thread.run(Thread.java:748)
22) test127(org.apache.commons.collections4.trie.AbstractPatriciaTrie_ESTest)
org.evosuite.runtime.mock.java.lang.MockNullPointerException: Key cannot be null
	at org.apache.commons.collections4.trie.AbstractPatriciaTrie.put(AbstractPatriciaTrie.java:131)
	at org.apache.commons.collections4.trie.AbstractPatriciaTrie_ESTest.test127(AbstractPatriciaTrie_ESTest.java:2408)
	at sun.reflect.NativeMethodAccessorImpl.invoke0(Native Method)
	at sun.reflect.NativeMethodAccessorImpl.invoke(NativeMethodAccessorImpl.java:62)
	at sun.reflect.DelegatingMethodAccessorImpl.invoke(DelegatingMethodAccessorImpl.java:43)
	at java.lang.reflect.Method.invoke(Method.java:498)
	at org.junit.runners.model.FrameworkMethod$1.runReflectiveCall(FrameworkMethod.java:50)
	at org.junit.internal.runners.model.ReflectiveCallable.run(ReflectiveCallable.java:12)
	at org.junit.runners.model.FrameworkMethod.invokeExplosively(FrameworkMethod.java:47)
	at org.junit.internal.runners.statements.InvokeMethod.evaluate(InvokeMethod.java:17)
	at org.junit.internal.runners.statements.FailOnTimeout$CallableStatement.call(FailOnTimeout.java:298)
	at org.junit.internal.runners.statements.FailOnTimeout$CallableStatement.call(FailOnTimeout.java:292)
	at java.util.concurrent.FutureTask.run(FutureTask.java:266)
	at java.lang.Thread.run(Thread.java:748)
23) test096(org.apache.commons.collections4.trie.AbstractPatriciaTrie_ESTest)
org.evosuite.runtime.mock.java.lang.MockNullPointerException
	at org.apache.commons.collections4.trie.AbstractPatriciaTrie.previousKey(AbstractPatriciaTrie.java:812)
	at org.apache.commons.collections4.trie.AbstractPatriciaTrie_ESTest.test096(AbstractPatriciaTrie_ESTest.java:2055)
	at sun.reflect.NativeMethodAccessorImpl.invoke0(Native Method)
	at sun.reflect.NativeMethodAccessorImpl.invoke(NativeMethodAccessorImpl.java:62)
	at sun.reflect.DelegatingMethodAccessorImpl.invoke(DelegatingMethodAccessorImpl.java:43)
	at java.lang.reflect.Method.invoke(Method.java:498)
	at org.junit.runners.model.FrameworkMethod$1.runReflectiveCall(FrameworkMethod.java:50)
	at org.junit.internal.runners.model.ReflectiveCallable.run(ReflectiveCallable.java:12)
	at org.junit.runners.model.FrameworkMethod.invokeExplosively(FrameworkMethod.java:47)
	at org.junit.internal.runners.statements.InvokeMethod.evaluate(InvokeMethod.java:17)
	at org.junit.internal.runners.statements.FailOnTimeout$CallableStatement.call(FailOnTimeout.java:298)
	at org.junit.internal.runners.statements.FailOnTimeout$CallableStatement.call(FailOnTimeout.java:292)
	at java.util.concurrent.FutureTask.run(FutureTask.java:266)
	at java.lang.Thread.run(Thread.java:748)
24) test132(org.apache.commons.collections4.trie.AbstractPatriciaTrie_ESTest)
java.util.NoSuchElementException
	at org.apache.commons.collections4.trie.AbstractPatriciaTrie.lastKey(AbstractPatriciaTrie.java:793)
	at org.apache.commons.collections4.trie.AbstractPatriciaTrie_ESTest.test132(AbstractPatriciaTrie_ESTest.java:2459)
	at sun.reflect.NativeMethodAccessorImpl.invoke0(Native Method)
	at sun.reflect.NativeMethodAccessorImpl.invoke(NativeMethodAccessorImpl.java:62)
	at sun.reflect.DelegatingMethodAccessorImpl.invoke(DelegatingMethodAccessorImpl.java:43)
	at java.lang.reflect.Method.invoke(Method.java:498)
	at org.junit.runners.model.FrameworkMethod$1.runReflectiveCall(FrameworkMethod.java:50)
	at org.junit.internal.runners.model.ReflectiveCallable.run(ReflectiveCallable.java:12)
	at org.junit.runners.model.FrameworkMethod.invokeExplosively(FrameworkMethod.java:47)
	at org.junit.internal.runners.statements.InvokeMethod.evaluate(InvokeMethod.java:17)
	at org.junit.internal.runners.statements.FailOnTimeout$CallableStatement.call(FailOnTimeout.java:298)
	at org.junit.internal.runners.statements.FailOnTimeout$CallableStatement.call(FailOnTimeout.java:292)
	at java.util.concurrent.FutureTask.run(FutureTask.java:266)
	at java.lang.Thread.run(Thread.java:748)
25) test133(org.apache.commons.collections4.trie.AbstractPatriciaTrie_ESTest)
org.evosuite.runtime.mock.java.lang.MockIllegalArgumentException: fromKey > toKey
	at org.apache.commons.collections4.trie.AbstractPatriciaTrie$RangeEntryMap.<init>(AbstractPatriciaTrie.java:1879)
	at org.apache.commons.collections4.trie.AbstractPatriciaTrie$RangeEntryMap.<init>(AbstractPatriciaTrie.java:1865)
	at org.apache.commons.collections4.trie.AbstractPatriciaTrie.subMap(AbstractPatriciaTrie.java:875)
	at org.apache.commons.collections4.trie.AbstractPatriciaTrie_ESTest.test133(AbstractPatriciaTrie_ESTest.java:2475)
	at sun.reflect.NativeMethodAccessorImpl.invoke0(Native Method)
	at sun.reflect.NativeMethodAccessorImpl.invoke(NativeMethodAccessorImpl.java:62)
	at sun.reflect.DelegatingMethodAccessorImpl.invoke(DelegatingMethodAccessorImpl.java:43)
	at java.lang.reflect.Method.invoke(Method.java:498)
	at org.junit.runners.model.FrameworkMethod$1.runReflectiveCall(FrameworkMethod.java:50)
	at org.junit.internal.runners.model.ReflectiveCallable.run(ReflectiveCallable.java:12)
	at org.junit.runners.model.FrameworkMethod.invokeExplosively(FrameworkMethod.java:47)
	at org.junit.internal.runners.statements.InvokeMethod.evaluate(InvokeMethod.java:17)
	at org.junit.internal.runners.statements.FailOnTimeout$CallableStatement.call(FailOnTimeout.java:298)
	at org.junit.internal.runners.statements.FailOnTimeout$CallableStatement.call(FailOnTimeout.java:292)
	at java.util.concurrent.FutureTask.run(FutureTask.java:266)
	at java.lang.Thread.run(Thread.java:748)
26) test100(org.apache.commons.collections4.trie.AbstractPatriciaTrie_ESTest)
org.evosuite.runtime.mock.java.lang.MockNullPointerException
	at org.apache.commons.collections4.trie.AbstractPatriciaTrie.nextKey(AbstractPatriciaTrie.java:799)
	at org.apache.commons.collections4.trie.AbstractPatriciaTrie_ESTest.test100(AbstractPatriciaTrie_ESTest.java:2111)
	at sun.reflect.NativeMethodAccessorImpl.invoke0(Native Method)
	at sun.reflect.NativeMethodAccessorImpl.invoke(NativeMethodAccessorImpl.java:62)
	at sun.reflect.DelegatingMethodAccessorImpl.invoke(DelegatingMethodAccessorImpl.java:43)
	at java.lang.reflect.Method.invoke(Method.java:498)
	at org.junit.runners.model.FrameworkMethod$1.runReflectiveCall(FrameworkMethod.java:50)
	at org.junit.internal.runners.model.ReflectiveCallable.run(ReflectiveCallable.java:12)
	at org.junit.runners.model.FrameworkMethod.invokeExplosively(FrameworkMethod.java:47)
	at org.junit.internal.runners.statements.InvokeMethod.evaluate(InvokeMethod.java:17)
	at org.junit.internal.runners.statements.FailOnTimeout$CallableStatement.call(FailOnTimeout.java:298)
	at org.junit.internal.runners.statements.FailOnTimeout$CallableStatement.call(FailOnTimeout.java:292)
	at java.util.concurrent.FutureTask.run(FutureTask.java:266)
	at java.lang.Thread.run(Thread.java:748)
27) test109(org.apache.commons.collections4.trie.AbstractPatriciaTrie_ESTest)
java.lang.NullPointerException
	at org.apache.commons.collections4.trie.AbstractPatriciaTrie.nextEntryImpl(AbstractPatriciaTrie.java:658)
	at org.apache.commons.collections4.trie.AbstractPatriciaTrie_ESTest.test109(AbstractPatriciaTrie_ESTest.java:2245)
	at sun.reflect.NativeMethodAccessorImpl.invoke0(Native Method)
	at sun.reflect.NativeMethodAccessorImpl.invoke(NativeMethodAccessorImpl.java:62)
	at sun.reflect.DelegatingMethodAccessorImpl.invoke(DelegatingMethodAccessorImpl.java:43)
	at java.lang.reflect.Method.invoke(Method.java:498)
	at org.junit.runners.model.FrameworkMethod$1.runReflectiveCall(FrameworkMethod.java:50)
	at org.junit.internal.runners.model.ReflectiveCallable.run(ReflectiveCallable.java:12)
	at org.junit.runners.model.FrameworkMethod.invokeExplosively(FrameworkMethod.java:47)
	at org.junit.internal.runners.statements.InvokeMethod.evaluate(InvokeMethod.java:17)
	at org.junit.internal.runners.statements.FailOnTimeout$CallableStatement.call(FailOnTimeout.java:298)
	at org.junit.internal.runners.statements.FailOnTimeout$CallableStatement.call(FailOnTimeout.java:292)
	at java.util.concurrent.FutureTask.run(FutureTask.java:266)
	at java.lang.Thread.run(Thread.java:748)
28) test102(org.apache.commons.collections4.trie.AbstractPatriciaTrie_ESTest)
java.util.NoSuchElementException
	at org.apache.commons.collections4.trie.AbstractPatriciaTrie.firstKey(AbstractPatriciaTrie.java:782)
	at org.apache.commons.collections4.trie.AbstractPatriciaTrie_ESTest.test102(AbstractPatriciaTrie_ESTest.java:2157)
	at sun.reflect.NativeMethodAccessorImpl.invoke0(Native Method)
	at sun.reflect.NativeMethodAccessorImpl.invoke(NativeMethodAccessorImpl.java:62)
	at sun.reflect.DelegatingMethodAccessorImpl.invoke(DelegatingMethodAccessorImpl.java:43)
	at java.lang.reflect.Method.invoke(Method.java:498)
	at org.junit.runners.model.FrameworkMethod$1.runReflectiveCall(FrameworkMethod.java:50)
	at org.junit.internal.runners.model.ReflectiveCallable.run(ReflectiveCallable.java:12)
	at org.junit.runners.model.FrameworkMethod.invokeExplosively(FrameworkMethod.java:47)
	at org.junit.internal.runners.statements.InvokeMethod.evaluate(InvokeMethod.java:17)
	at org.junit.internal.runners.statements.FailOnTimeout$CallableStatement.call(FailOnTimeout.java:298)
	at org.junit.internal.runners.statements.FailOnTimeout$CallableStatement.call(FailOnTimeout.java:292)
	at java.util.concurrent.FutureTask.run(FutureTask.java:266)
	at java.lang.Thread.run(Thread.java:748)
29) test103(org.apache.commons.collections4.trie.AbstractPatriciaTrie_ESTest)
java.lang.NullPointerException
	at org.apache.commons.collections4.trie.AbstractPatriciaTrie.followLeft(AbstractPatriciaTrie.java:764)
	at org.apache.commons.collections4.trie.AbstractPatriciaTrie.firstEntry(AbstractPatriciaTrie.java:750)
	at org.apache.commons.collections4.trie.AbstractPatriciaTrie.firstKey(AbstractPatriciaTrie.java:784)
	at org.apache.commons.collections4.trie.AbstractPatriciaTrie_ESTest.test103(AbstractPatriciaTrie_ESTest.java:2176)
	at sun.reflect.NativeMethodAccessorImpl.invoke0(Native Method)
	at sun.reflect.NativeMethodAccessorImpl.invoke(NativeMethodAccessorImpl.java:62)
	at sun.reflect.DelegatingMethodAccessorImpl.invoke(DelegatingMethodAccessorImpl.java:43)
	at java.lang.reflect.Method.invoke(Method.java:498)
	at org.junit.runners.model.FrameworkMethod$1.runReflectiveCall(FrameworkMethod.java:50)
	at org.junit.internal.runners.model.ReflectiveCallable.run(ReflectiveCallable.java:12)
	at org.junit.runners.model.FrameworkMethod.invokeExplosively(FrameworkMethod.java:47)
	at org.junit.internal.runners.statements.InvokeMethod.evaluate(InvokeMethod.java:17)
	at org.junit.internal.runners.statements.FailOnTimeout$CallableStatement.call(FailOnTimeout.java:298)
	at org.junit.internal.runners.statements.FailOnTimeout$CallableStatement.call(FailOnTimeout.java:292)
	at java.util.concurrent.FutureTask.run(FutureTask.java:266)
	at java.lang.Thread.run(Thread.java:748)

FAILURES!!!
Tests run: 139,  Failures: 29

