JUnit version 4.12
.E.E.E.E.E.E.E.E.E.E.E.E.E..E..E.E.E.E.E.E.E..E.E.E...E.E.E..E.E.E.E.E.E..E.E.E.E.E.E.E.E.E.E.E...E.E.E.E.E.E.E.E....E.E.E.E.E.E.E.E.E.E.E..E.
Time: 6.807
There were 64 failures:
1) test42(com.google.javascript.jscomp.TypeInference_ESTest)
org.evosuite.runtime.mock.java.lang.MockIllegalArgumentException: COMMA 1 [source_file: com.google.javascript.rhino.Node$ObjectPropListItem@0000001100] : ? does not exist in graph
	at com.google.javascript.jscomp.graph.Graph.getNodeOrFail(Graph.java:222)
	at com.google.javascript.jscomp.graph.LinkedDirectedGraph.getOutEdges(LinkedDirectedGraph.java:129)
	at com.google.javascript.jscomp.TypeInference.branchedFlowThrough(TypeInference.java:207)
	at com.google.javascript.jscomp.TypeInference_ESTest.test42(TypeInference_ESTest.java:1040)
	at sun.reflect.NativeMethodAccessorImpl.invoke0(Native Method)
	at sun.reflect.NativeMethodAccessorImpl.invoke(NativeMethodAccessorImpl.java:62)
	at sun.reflect.DelegatingMethodAccessorImpl.invoke(DelegatingMethodAccessorImpl.java:43)
	at java.lang.reflect.Method.invoke(Method.java:498)
	at org.junit.runners.model.FrameworkMethod$1.runReflectiveCall(FrameworkMethod.java:50)
	at org.junit.internal.runners.model.ReflectiveCallable.run(ReflectiveCallable.java:12)
	at org.junit.runners.model.FrameworkMethod.invokeExplosively(FrameworkMethod.java:47)
	at org.junit.internal.runners.statements.InvokeMethod.evaluate(InvokeMethod.java:17)
	at org.junit.internal.runners.statements.FailOnTimeout$CallableStatement.call(FailOnTimeout.java:298)
	at org.junit.internal.runners.statements.FailOnTimeout$CallableStatement.call(FailOnTimeout.java:292)
	at java.util.concurrent.FutureTask.run(FutureTask.java:266)
	at java.lang.Thread.run(Thread.java:748)
2) test43(com.google.javascript.jscomp.TypeInference_ESTest)
org.evosuite.runtime.mock.java.lang.MockIllegalStateException: 84
	at com.google.javascript.rhino.Token.name(Token.java:287)
	at com.google.javascript.rhino.Node.toString(Node.java:955)
	at com.google.javascript.rhino.Node.toString(Node.java:946)
	at com.google.javascript.rhino.Node.toString(Node.java:938)
	at java.lang.String.valueOf(String.java:2994)
	at java.lang.StringBuilder.append(StringBuilder.java:131)
	at com.google.javascript.jscomp.graph.Graph.getNodeOrFail(Graph.java:222)
	at com.google.javascript.jscomp.graph.LinkedDirectedGraph.getOutEdges(LinkedDirectedGraph.java:129)
	at com.google.javascript.jscomp.TypeInference.branchedFlowThrough(TypeInference.java:207)
	at com.google.javascript.jscomp.TypeInference_ESTest.test43(TypeInference_ESTest.java:1065)
	at sun.reflect.NativeMethodAccessorImpl.invoke0(Native Method)
	at sun.reflect.NativeMethodAccessorImpl.invoke(NativeMethodAccessorImpl.java:62)
	at sun.reflect.DelegatingMethodAccessorImpl.invoke(DelegatingMethodAccessorImpl.java:43)
	at java.lang.reflect.Method.invoke(Method.java:498)
	at org.junit.runners.model.FrameworkMethod$1.runReflectiveCall(FrameworkMethod.java:50)
	at org.junit.internal.runners.model.ReflectiveCallable.run(ReflectiveCallable.java:12)
	at org.junit.runners.model.FrameworkMethod.invokeExplosively(FrameworkMethod.java:47)
	at org.junit.internal.runners.statements.InvokeMethod.evaluate(InvokeMethod.java:17)
	at org.junit.internal.runners.statements.FailOnTimeout$CallableStatement.call(FailOnTimeout.java:298)
	at org.junit.internal.runners.statements.FailOnTimeout$CallableStatement.call(FailOnTimeout.java:292)
	at java.util.concurrent.FutureTask.run(FutureTask.java:266)
	at java.lang.Thread.run(Thread.java:748)
3) test00(com.google.javascript.jscomp.TypeInference_ESTest)
org.evosuite.runtime.mock.java.lang.MockIllegalArgumentException: AND 1484 does not exist in graph
	at com.google.javascript.jscomp.graph.Graph.getNodeOrFail(Graph.java:222)
	at com.google.javascript.jscomp.graph.LinkedDirectedGraph.getOutEdges(LinkedDirectedGraph.java:129)
	at com.google.javascript.jscomp.TypeInference.branchedFlowThrough(TypeInference.java:207)
	at com.google.javascript.jscomp.TypeInference_ESTest.test00(TypeInference_ESTest.java:56)
	at sun.reflect.NativeMethodAccessorImpl.invoke0(Native Method)
	at sun.reflect.NativeMethodAccessorImpl.invoke(NativeMethodAccessorImpl.java:62)
	at sun.reflect.DelegatingMethodAccessorImpl.invoke(DelegatingMethodAccessorImpl.java:43)
	at java.lang.reflect.Method.invoke(Method.java:498)
	at org.junit.runners.model.FrameworkMethod$1.runReflectiveCall(FrameworkMethod.java:50)
	at org.junit.internal.runners.model.ReflectiveCallable.run(ReflectiveCallable.java:12)
	at org.junit.runners.model.FrameworkMethod.invokeExplosively(FrameworkMethod.java:47)
	at org.junit.internal.runners.statements.InvokeMethod.evaluate(InvokeMethod.java:17)
	at org.junit.internal.runners.statements.FailOnTimeout$CallableStatement.call(FailOnTimeout.java:298)
	at org.junit.internal.runners.statements.FailOnTimeout$CallableStatement.call(FailOnTimeout.java:292)
	at java.util.concurrent.FutureTask.run(FutureTask.java:266)
	at java.lang.Thread.run(Thread.java:748)
4) test44(com.google.javascript.jscomp.TypeInference_ESTest)
org.evosuite.runtime.mock.java.lang.MockIllegalStateException: 81
	at com.google.javascript.rhino.Token.name(Token.java:287)
	at com.google.javascript.rhino.Node.toString(Node.java:955)
	at com.google.javascript.rhino.Node.toString(Node.java:946)
	at com.google.javascript.rhino.Node.toString(Node.java:938)
	at java.lang.String.valueOf(String.java:2994)
	at java.lang.StringBuilder.append(StringBuilder.java:131)
	at com.google.javascript.jscomp.graph.Graph.getNodeOrFail(Graph.java:222)
	at com.google.javascript.jscomp.graph.LinkedDirectedGraph.getOutEdges(LinkedDirectedGraph.java:129)
	at com.google.javascript.jscomp.TypeInference.branchedFlowThrough(TypeInference.java:207)
	at com.google.javascript.jscomp.TypeInference_ESTest.test44(TypeInference_ESTest.java:1090)
	at sun.reflect.NativeMethodAccessorImpl.invoke0(Native Method)
	at sun.reflect.NativeMethodAccessorImpl.invoke(NativeMethodAccessorImpl.java:62)
	at sun.reflect.DelegatingMethodAccessorImpl.invoke(DelegatingMethodAccessorImpl.java:43)
	at java.lang.reflect.Method.invoke(Method.java:498)
	at org.junit.runners.model.FrameworkMethod$1.runReflectiveCall(FrameworkMethod.java:50)
	at org.junit.internal.runners.model.ReflectiveCallable.run(ReflectiveCallable.java:12)
	at org.junit.runners.model.FrameworkMethod.invokeExplosively(FrameworkMethod.java:47)
	at org.junit.internal.runners.statements.InvokeMethod.evaluate(InvokeMethod.java:17)
	at org.junit.internal.runners.statements.FailOnTimeout$CallableStatement.call(FailOnTimeout.java:298)
	at org.junit.internal.runners.statements.FailOnTimeout$CallableStatement.call(FailOnTimeout.java:292)
	at java.util.concurrent.FutureTask.run(FutureTask.java:266)
	at java.lang.Thread.run(Thread.java:748)
5) test01(com.google.javascript.jscomp.TypeInference_ESTest)
org.evosuite.runtime.mock.java.lang.MockIllegalArgumentException: PARAM_LIST : ? does not exist in graph
	at com.google.javascript.jscomp.graph.Graph.getNodeOrFail(Graph.java:222)
	at com.google.javascript.jscomp.graph.LinkedDirectedGraph.getOutEdges(LinkedDirectedGraph.java:129)
	at com.google.javascript.jscomp.TypeInference.branchedFlowThrough(TypeInference.java:207)
	at com.google.javascript.jscomp.TypeInference_ESTest.test01(TypeInference_ESTest.java:88)
	at sun.reflect.NativeMethodAccessorImpl.invoke0(Native Method)
	at sun.reflect.NativeMethodAccessorImpl.invoke(NativeMethodAccessorImpl.java:62)
	at sun.reflect.DelegatingMethodAccessorImpl.invoke(DelegatingMethodAccessorImpl.java:43)
	at java.lang.reflect.Method.invoke(Method.java:498)
	at org.junit.runners.model.FrameworkMethod$1.runReflectiveCall(FrameworkMethod.java:50)
	at org.junit.internal.runners.model.ReflectiveCallable.run(ReflectiveCallable.java:12)
	at org.junit.runners.model.FrameworkMethod.invokeExplosively(FrameworkMethod.java:47)
	at org.junit.internal.runners.statements.InvokeMethod.evaluate(InvokeMethod.java:17)
	at org.junit.internal.runners.statements.FailOnTimeout$CallableStatement.call(FailOnTimeout.java:298)
	at org.junit.internal.runners.statements.FailOnTimeout$CallableStatement.call(FailOnTimeout.java:292)
	at java.util.concurrent.FutureTask.run(FutureTask.java:266)
	at java.lang.Thread.run(Thread.java:748)
6) test45(com.google.javascript.jscomp.TypeInference_ESTest)
org.evosuite.runtime.mock.java.lang.MockIllegalStateException: 75
	at com.google.javascript.rhino.Token.name(Token.java:287)
	at com.google.javascript.rhino.Node.toString(Node.java:955)
	at com.google.javascript.rhino.Node.toString(Node.java:946)
	at com.google.javascript.rhino.Node.toString(Node.java:938)
	at java.lang.String.valueOf(String.java:2994)
	at java.lang.StringBuilder.append(StringBuilder.java:131)
	at com.google.javascript.jscomp.graph.Graph.getNodeOrFail(Graph.java:222)
	at com.google.javascript.jscomp.graph.LinkedDirectedGraph.getOutEdges(LinkedDirectedGraph.java:129)
	at com.google.javascript.jscomp.TypeInference.branchedFlowThrough(TypeInference.java:207)
	at com.google.javascript.jscomp.TypeInference_ESTest.test45(TypeInference_ESTest.java:1115)
	at sun.reflect.NativeMethodAccessorImpl.invoke0(Native Method)
	at sun.reflect.NativeMethodAccessorImpl.invoke(NativeMethodAccessorImpl.java:62)
	at sun.reflect.DelegatingMethodAccessorImpl.invoke(DelegatingMethodAccessorImpl.java:43)
	at java.lang.reflect.Method.invoke(Method.java:498)
	at org.junit.runners.model.FrameworkMethod$1.runReflectiveCall(FrameworkMethod.java:50)
	at org.junit.internal.runners.model.ReflectiveCallable.run(ReflectiveCallable.java:12)
	at org.junit.runners.model.FrameworkMethod.invokeExplosively(FrameworkMethod.java:47)
	at org.junit.internal.runners.statements.InvokeMethod.evaluate(InvokeMethod.java:17)
	at org.junit.internal.runners.statements.FailOnTimeout$CallableStatement.call(FailOnTimeout.java:298)
	at org.junit.internal.runners.statements.FailOnTimeout$CallableStatement.call(FailOnTimeout.java:292)
	at java.util.concurrent.FutureTask.run(FutureTask.java:266)
	at java.lang.Thread.run(Thread.java:748)
7) test02(com.google.javascript.jscomp.TypeInference_ESTest)
java.lang.NullPointerException
	at com.google.javascript.jscomp.TypeInference.getBooleanOutcomes(TypeInference.java:1549)
	at com.google.javascript.jscomp.TypeInference_ESTest.test02(TypeInference_ESTest.java:104)
	at sun.reflect.NativeMethodAccessorImpl.invoke0(Native Method)
	at sun.reflect.NativeMethodAccessorImpl.invoke(NativeMethodAccessorImpl.java:62)
	at sun.reflect.DelegatingMethodAccessorImpl.invoke(DelegatingMethodAccessorImpl.java:43)
	at java.lang.reflect.Method.invoke(Method.java:498)
	at org.junit.runners.model.FrameworkMethod$1.runReflectiveCall(FrameworkMethod.java:50)
	at org.junit.internal.runners.model.ReflectiveCallable.run(ReflectiveCallable.java:12)
	at org.junit.runners.model.FrameworkMethod.invokeExplosively(FrameworkMethod.java:47)
	at org.junit.internal.runners.statements.InvokeMethod.evaluate(InvokeMethod.java:17)
	at org.junit.internal.runners.statements.FailOnTimeout$CallableStatement.call(FailOnTimeout.java:298)
	at org.junit.internal.runners.statements.FailOnTimeout$CallableStatement.call(FailOnTimeout.java:292)
	at java.util.concurrent.FutureTask.run(FutureTask.java:266)
	at java.lang.Thread.run(Thread.java:748)
8) test46(com.google.javascript.jscomp.TypeInference_ESTest)
org.evosuite.runtime.mock.java.lang.MockIllegalStateException: 68
	at com.google.javascript.rhino.Token.name(Token.java:287)
	at com.google.javascript.rhino.Node.toString(Node.java:955)
	at com.google.javascript.rhino.Node.toString(Node.java:946)
	at com.google.javascript.rhino.Node.toString(Node.java:938)
	at java.lang.String.valueOf(String.java:2994)
	at java.lang.StringBuilder.append(StringBuilder.java:131)
	at com.google.javascript.jscomp.graph.Graph.getNodeOrFail(Graph.java:222)
	at com.google.javascript.jscomp.graph.LinkedDirectedGraph.getOutEdges(LinkedDirectedGraph.java:129)
	at com.google.javascript.jscomp.TypeInference.branchedFlowThrough(TypeInference.java:207)
	at com.google.javascript.jscomp.TypeInference_ESTest.test46(TypeInference_ESTest.java:1140)
	at sun.reflect.NativeMethodAccessorImpl.invoke0(Native Method)
	at sun.reflect.NativeMethodAccessorImpl.invoke(NativeMethodAccessorImpl.java:62)
	at sun.reflect.DelegatingMethodAccessorImpl.invoke(DelegatingMethodAccessorImpl.java:43)
	at java.lang.reflect.Method.invoke(Method.java:498)
	at org.junit.runners.model.FrameworkMethod$1.runReflectiveCall(FrameworkMethod.java:50)
	at org.junit.internal.runners.model.ReflectiveCallable.run(ReflectiveCallable.java:12)
	at org.junit.runners.model.FrameworkMethod.invokeExplosively(FrameworkMethod.java:47)
	at org.junit.internal.runners.statements.InvokeMethod.evaluate(InvokeMethod.java:17)
	at org.junit.internal.runners.statements.FailOnTimeout$CallableStatement.call(FailOnTimeout.java:298)
	at org.junit.internal.runners.statements.FailOnTimeout$CallableStatement.call(FailOnTimeout.java:292)
	at java.util.concurrent.FutureTask.run(FutureTask.java:266)
	at java.lang.Thread.run(Thread.java:748)
9) test03(com.google.javascript.jscomp.TypeInference_ESTest)
java.lang.UnsupportedOperationException: NAME 54 is not a string node
	at com.google.javascript.rhino.Node.getString(Node.java:919)
	at com.google.javascript.jscomp.TypeInference.traverseName(TypeInference.java:701)
	at com.google.javascript.jscomp.TypeInference.traverse(TypeInference.java:316)
	at com.google.javascript.jscomp.TypeInference.flowThrough(TypeInference.java:190)
	at com.google.javascript.jscomp.TypeInference_ESTest.test03(TypeInference_ESTest.java:129)
	at sun.reflect.NativeMethodAccessorImpl.invoke0(Native Method)
	at sun.reflect.NativeMethodAccessorImpl.invoke(NativeMethodAccessorImpl.java:62)
	at sun.reflect.DelegatingMethodAccessorImpl.invoke(DelegatingMethodAccessorImpl.java:43)
	at java.lang.reflect.Method.invoke(Method.java:498)
	at org.junit.runners.model.FrameworkMethod$1.runReflectiveCall(FrameworkMethod.java:50)
	at org.junit.internal.runners.model.ReflectiveCallable.run(ReflectiveCallable.java:12)
	at org.junit.runners.model.FrameworkMethod.invokeExplosively(FrameworkMethod.java:47)
	at org.junit.internal.runners.statements.InvokeMethod.evaluate(InvokeMethod.java:17)
	at org.junit.internal.runners.statements.FailOnTimeout$CallableStatement.call(FailOnTimeout.java:298)
	at org.junit.internal.runners.statements.FailOnTimeout$CallableStatement.call(FailOnTimeout.java:292)
	at java.util.concurrent.FutureTask.run(FutureTask.java:266)
	at java.lang.Thread.run(Thread.java:748)
10) test47(com.google.javascript.jscomp.TypeInference_ESTest)
org.evosuite.runtime.mock.java.lang.MockIllegalStateException: 57
	at com.google.javascript.rhino.Token.name(Token.java:287)
	at com.google.javascript.rhino.Node.toString(Node.java:955)
	at com.google.javascript.rhino.Node.toString(Node.java:946)
	at com.google.javascript.rhino.Node.toString(Node.java:938)
	at java.lang.String.valueOf(String.java:2994)
	at java.lang.StringBuilder.append(StringBuilder.java:131)
	at com.google.javascript.jscomp.graph.Graph.getNodeOrFail(Graph.java:222)
	at com.google.javascript.jscomp.graph.LinkedDirectedGraph.getOutEdges(LinkedDirectedGraph.java:129)
	at com.google.javascript.jscomp.TypeInference.branchedFlowThrough(TypeInference.java:207)
	at com.google.javascript.jscomp.TypeInference_ESTest.test47(TypeInference_ESTest.java:1165)
	at sun.reflect.NativeMethodAccessorImpl.invoke0(Native Method)
	at sun.reflect.NativeMethodAccessorImpl.invoke(NativeMethodAccessorImpl.java:62)
	at sun.reflect.DelegatingMethodAccessorImpl.invoke(DelegatingMethodAccessorImpl.java:43)
	at java.lang.reflect.Method.invoke(Method.java:498)
	at org.junit.runners.model.FrameworkMethod$1.runReflectiveCall(FrameworkMethod.java:50)
	at org.junit.internal.runners.model.ReflectiveCallable.run(ReflectiveCallable.java:12)
	at org.junit.runners.model.FrameworkMethod.invokeExplosively(FrameworkMethod.java:47)
	at org.junit.internal.runners.statements.InvokeMethod.evaluate(InvokeMethod.java:17)
	at org.junit.internal.runners.statements.FailOnTimeout$CallableStatement.call(FailOnTimeout.java:298)
	at org.junit.internal.runners.statements.FailOnTimeout$CallableStatement.call(FailOnTimeout.java:292)
	at java.util.concurrent.FutureTask.run(FutureTask.java:266)
	at java.lang.Thread.run(Thread.java:748)
11) test04(com.google.javascript.jscomp.TypeInference_ESTest)
java.lang.NullPointerException
	at com.google.javascript.jscomp.TypeInference.flowThrough(TypeInference.java:189)
	at com.google.javascript.jscomp.TypeInference_ESTest.test04(TypeInference_ESTest.java:151)
	at sun.reflect.NativeMethodAccessorImpl.invoke0(Native Method)
	at sun.reflect.NativeMethodAccessorImpl.invoke(NativeMethodAccessorImpl.java:62)
	at sun.reflect.DelegatingMethodAccessorImpl.invoke(DelegatingMethodAccessorImpl.java:43)
	at java.lang.reflect.Method.invoke(Method.java:498)
	at org.junit.runners.model.FrameworkMethod$1.runReflectiveCall(FrameworkMethod.java:50)
	at org.junit.internal.runners.model.ReflectiveCallable.run(ReflectiveCallable.java:12)
	at org.junit.runners.model.FrameworkMethod.invokeExplosively(FrameworkMethod.java:47)
	at org.junit.internal.runners.statements.InvokeMethod.evaluate(InvokeMethod.java:17)
	at org.junit.internal.runners.statements.FailOnTimeout$CallableStatement.call(FailOnTimeout.java:298)
	at org.junit.internal.runners.statements.FailOnTimeout$CallableStatement.call(FailOnTimeout.java:292)
	at java.util.concurrent.FutureTask.run(FutureTask.java:266)
	at java.lang.Thread.run(Thread.java:748)
12) test48(com.google.javascript.jscomp.TypeInference_ESTest)
org.evosuite.runtime.mock.java.lang.MockIllegalStateException: 56
	at com.google.javascript.rhino.Token.name(Token.java:287)
	at com.google.javascript.rhino.Node.toString(Node.java:955)
	at com.google.javascript.rhino.Node.toString(Node.java:946)
	at com.google.javascript.rhino.Node.toString(Node.java:938)
	at java.lang.String.valueOf(String.java:2994)
	at java.lang.StringBuilder.append(StringBuilder.java:131)
	at com.google.javascript.jscomp.graph.Graph.getNodeOrFail(Graph.java:222)
	at com.google.javascript.jscomp.graph.LinkedDirectedGraph.getOutEdges(LinkedDirectedGraph.java:129)
	at com.google.javascript.jscomp.TypeInference.branchedFlowThrough(TypeInference.java:207)
	at com.google.javascript.jscomp.TypeInference_ESTest.test48(TypeInference_ESTest.java:1190)
	at sun.reflect.NativeMethodAccessorImpl.invoke0(Native Method)
	at sun.reflect.NativeMethodAccessorImpl.invoke(NativeMethodAccessorImpl.java:62)
	at sun.reflect.DelegatingMethodAccessorImpl.invoke(DelegatingMethodAccessorImpl.java:43)
	at java.lang.reflect.Method.invoke(Method.java:498)
	at org.junit.runners.model.FrameworkMethod$1.runReflectiveCall(FrameworkMethod.java:50)
	at org.junit.internal.runners.model.ReflectiveCallable.run(ReflectiveCallable.java:12)
	at org.junit.runners.model.FrameworkMethod.invokeExplosively(FrameworkMethod.java:47)
	at org.junit.internal.runners.statements.InvokeMethod.evaluate(InvokeMethod.java:17)
	at org.junit.internal.runners.statements.FailOnTimeout$CallableStatement.call(FailOnTimeout.java:298)
	at org.junit.internal.runners.statements.FailOnTimeout$CallableStatement.call(FailOnTimeout.java:292)
	at java.util.concurrent.FutureTask.run(FutureTask.java:266)
	at java.lang.Thread.run(Thread.java:748)
13) test05(com.google.javascript.jscomp.TypeInference_ESTest)
java.lang.NullPointerException
	at com.google.javascript.jscomp.Compiler.getTypeRegistry(Compiler.java:1225)
	at com.google.javascript.jscomp.TypeInference.<init>(TypeInference.java:95)
	at com.google.javascript.jscomp.TypeInference_ESTest.test05(TypeInference_ESTest.java:170)
	at sun.reflect.NativeMethodAccessorImpl.invoke0(Native Method)
	at sun.reflect.NativeMethodAccessorImpl.invoke(NativeMethodAccessorImpl.java:62)
	at sun.reflect.DelegatingMethodAccessorImpl.invoke(DelegatingMethodAccessorImpl.java:43)
	at java.lang.reflect.Method.invoke(Method.java:498)
	at org.junit.runners.model.FrameworkMethod$1.runReflectiveCall(FrameworkMethod.java:50)
	at org.junit.internal.runners.model.ReflectiveCallable.run(ReflectiveCallable.java:12)
	at org.junit.runners.model.FrameworkMethod.invokeExplosively(FrameworkMethod.java:47)
	at org.junit.internal.runners.statements.InvokeMethod.evaluate(InvokeMethod.java:17)
	at org.junit.internal.runners.statements.FailOnTimeout$CallableStatement.call(FailOnTimeout.java:298)
	at org.junit.internal.runners.statements.FailOnTimeout$CallableStatement.call(FailOnTimeout.java:292)
	at java.util.concurrent.FutureTask.run(FutureTask.java:266)
	at java.lang.Thread.run(Thread.java:748)
14) test06(com.google.javascript.jscomp.TypeInference_ESTest)
java.lang.NullPointerException
	at com.google.javascript.jscomp.TypeInference.traverseWithinShortCircuitingBinOp(TypeInference.java:1508)
	at com.google.javascript.jscomp.TypeInference.traverseShortCircuitingBinOp(TypeInference.java:1448)
	at com.google.javascript.jscomp.TypeInference.traverseOr(TypeInference.java:1439)
	at com.google.javascript.jscomp.TypeInference.traverse(TypeInference.java:329)
	at com.google.javascript.jscomp.TypeInference.flowThrough(TypeInference.java:190)
	at com.google.javascript.jscomp.TypeInference.branchedFlowThrough(TypeInference.java:202)
	at com.google.javascript.jscomp.TypeInference_ESTest.test06(TypeInference_ESTest.java:194)
	at sun.reflect.NativeMethodAccessorImpl.invoke0(Native Method)
	at sun.reflect.NativeMethodAccessorImpl.invoke(NativeMethodAccessorImpl.java:62)
	at sun.reflect.DelegatingMethodAccessorImpl.invoke(DelegatingMethodAccessorImpl.java:43)
	at java.lang.reflect.Method.invoke(Method.java:498)
	at org.junit.runners.model.FrameworkMethod$1.runReflectiveCall(FrameworkMethod.java:50)
	at org.junit.internal.runners.model.ReflectiveCallable.run(ReflectiveCallable.java:12)
	at org.junit.runners.model.FrameworkMethod.invokeExplosively(FrameworkMethod.java:47)
	at org.junit.internal.runners.statements.InvokeMethod.evaluate(InvokeMethod.java:17)
	at org.junit.internal.runners.statements.FailOnTimeout$CallableStatement.call(FailOnTimeout.java:298)
	at org.junit.internal.runners.statements.FailOnTimeout$CallableStatement.call(FailOnTimeout.java:292)
	at java.util.concurrent.FutureTask.run(FutureTask.java:266)
	at java.lang.Thread.run(Thread.java:748)
15) test08(com.google.javascript.jscomp.TypeInference_ESTest)
java.lang.NullPointerException
	at com.google.javascript.jscomp.TypeInference.getJSType(TypeInference.java:1646)
	at com.google.javascript.jscomp.TypeInference.traverseCall(TypeInference.java:892)
	at com.google.javascript.jscomp.TypeInference.traverse(TypeInference.java:342)
	at com.google.javascript.jscomp.TypeInference.flowThrough(TypeInference.java:190)
	at com.google.javascript.jscomp.TypeInference.branchedFlowThrough(TypeInference.java:202)
	at com.google.javascript.jscomp.TypeInference_ESTest.test08(TypeInference_ESTest.java:235)
	at sun.reflect.NativeMethodAccessorImpl.invoke0(Native Method)
	at sun.reflect.NativeMethodAccessorImpl.invoke(NativeMethodAccessorImpl.java:62)
	at sun.reflect.DelegatingMethodAccessorImpl.invoke(DelegatingMethodAccessorImpl.java:43)
	at java.lang.reflect.Method.invoke(Method.java:498)
	at org.junit.runners.model.FrameworkMethod$1.runReflectiveCall(FrameworkMethod.java:50)
	at org.junit.internal.runners.model.ReflectiveCallable.run(ReflectiveCallable.java:12)
	at org.junit.runners.model.FrameworkMethod.invokeExplosively(FrameworkMethod.java:47)
	at org.junit.internal.runners.statements.InvokeMethod.evaluate(InvokeMethod.java:17)
	at org.junit.internal.runners.statements.FailOnTimeout$CallableStatement.call(FailOnTimeout.java:298)
	at org.junit.internal.runners.statements.FailOnTimeout$CallableStatement.call(FailOnTimeout.java:292)
	at java.util.concurrent.FutureTask.run(FutureTask.java:266)
	at java.lang.Thread.run(Thread.java:748)
16) test09(com.google.javascript.jscomp.TypeInference_ESTest)
org.evosuite.runtime.mock.java.lang.MockIllegalArgumentException: VAR RBZixvy0n does not exist in graph
	at com.google.javascript.jscomp.graph.Graph.getNodeOrFail(Graph.java:222)
	at com.google.javascript.jscomp.graph.LinkedDirectedGraph.getOutEdges(LinkedDirectedGraph.java:129)
	at com.google.javascript.jscomp.TypeInference.branchedFlowThrough(TypeInference.java:207)
	at com.google.javascript.jscomp.TypeInference_ESTest.test09(TypeInference_ESTest.java:257)
	at sun.reflect.NativeMethodAccessorImpl.invoke0(Native Method)
	at sun.reflect.NativeMethodAccessorImpl.invoke(NativeMethodAccessorImpl.java:62)
	at sun.reflect.DelegatingMethodAccessorImpl.invoke(DelegatingMethodAccessorImpl.java:43)
	at java.lang.reflect.Method.invoke(Method.java:498)
	at org.junit.runners.model.FrameworkMethod$1.runReflectiveCall(FrameworkMethod.java:50)
	at org.junit.internal.runners.model.ReflectiveCallable.run(ReflectiveCallable.java:12)
	at org.junit.runners.model.FrameworkMethod.invokeExplosively(FrameworkMethod.java:47)
	at org.junit.internal.runners.statements.InvokeMethod.evaluate(InvokeMethod.java:17)
	at org.junit.internal.runners.statements.FailOnTimeout$CallableStatement.call(FailOnTimeout.java:298)
	at org.junit.internal.runners.statements.FailOnTimeout$CallableStatement.call(FailOnTimeout.java:292)
	at java.util.concurrent.FutureTask.run(FutureTask.java:266)
	at java.lang.Thread.run(Thread.java:748)
17) test40(com.google.javascript.jscomp.TypeInference_ESTest)
org.evosuite.runtime.mock.java.lang.MockIllegalArgumentException: IF 108 does not exist in graph
	at com.google.javascript.jscomp.graph.Graph.getNodeOrFail(Graph.java:222)
	at com.google.javascript.jscomp.graph.LinkedDirectedGraph.getOutEdges(LinkedDirectedGraph.java:129)
	at com.google.javascript.jscomp.TypeInference.branchedFlowThrough(TypeInference.java:207)
	at com.google.javascript.jscomp.TypeInference_ESTest.test40(TypeInference_ESTest.java:989)
	at sun.reflect.NativeMethodAccessorImpl.invoke0(Native Method)
	at sun.reflect.NativeMethodAccessorImpl.invoke(NativeMethodAccessorImpl.java:62)
	at sun.reflect.DelegatingMethodAccessorImpl.invoke(DelegatingMethodAccessorImpl.java:43)
	at java.lang.reflect.Method.invoke(Method.java:498)
	at org.junit.runners.model.FrameworkMethod$1.runReflectiveCall(FrameworkMethod.java:50)
	at org.junit.internal.runners.model.ReflectiveCallable.run(ReflectiveCallable.java:12)
	at org.junit.runners.model.FrameworkMethod.invokeExplosively(FrameworkMethod.java:47)
	at org.junit.internal.runners.statements.InvokeMethod.evaluate(InvokeMethod.java:17)
	at org.junit.internal.runners.statements.FailOnTimeout$CallableStatement.call(FailOnTimeout.java:298)
	at org.junit.internal.runners.statements.FailOnTimeout$CallableStatement.call(FailOnTimeout.java:292)
	at java.util.concurrent.FutureTask.run(FutureTask.java:266)
	at java.lang.Thread.run(Thread.java:748)
18) test41(com.google.javascript.jscomp.TypeInference_ESTest)
org.evosuite.runtime.mock.java.lang.MockIllegalStateException: 107
	at com.google.javascript.rhino.Token.name(Token.java:287)
	at com.google.javascript.rhino.Node.toString(Node.java:955)
	at com.google.javascript.rhino.Node.toString(Node.java:946)
	at com.google.javascript.rhino.Node.toString(Node.java:938)
	at java.lang.String.valueOf(String.java:2994)
	at java.lang.StringBuilder.append(StringBuilder.java:131)
	at com.google.javascript.jscomp.graph.Graph.getNodeOrFail(Graph.java:222)
	at com.google.javascript.jscomp.graph.LinkedDirectedGraph.getOutEdges(LinkedDirectedGraph.java:129)
	at com.google.javascript.jscomp.TypeInference.branchedFlowThrough(TypeInference.java:207)
	at com.google.javascript.jscomp.TypeInference_ESTest.test41(TypeInference_ESTest.java:1014)
	at sun.reflect.NativeMethodAccessorImpl.invoke0(Native Method)
	at sun.reflect.NativeMethodAccessorImpl.invoke(NativeMethodAccessorImpl.java:62)
	at sun.reflect.DelegatingMethodAccessorImpl.invoke(DelegatingMethodAccessorImpl.java:43)
	at java.lang.reflect.Method.invoke(Method.java:498)
	at org.junit.runners.model.FrameworkMethod$1.runReflectiveCall(FrameworkMethod.java:50)
	at org.junit.internal.runners.model.ReflectiveCallable.run(ReflectiveCallable.java:12)
	at org.junit.runners.model.FrameworkMethod.invokeExplosively(FrameworkMethod.java:47)
	at org.junit.internal.runners.statements.InvokeMethod.evaluate(InvokeMethod.java:17)
	at org.junit.internal.runners.statements.FailOnTimeout$CallableStatement.call(FailOnTimeout.java:298)
	at org.junit.internal.runners.statements.FailOnTimeout$CallableStatement.call(FailOnTimeout.java:292)
	at java.util.concurrent.FutureTask.run(FutureTask.java:266)
	at java.lang.Thread.run(Thread.java:748)
19) test53(com.google.javascript.jscomp.TypeInference_ESTest)
org.evosuite.runtime.mock.java.lang.MockIllegalStateException: 50
	at com.google.javascript.rhino.Token.name(Token.java:287)
	at com.google.javascript.rhino.Node.toString(Node.java:955)
	at com.google.javascript.rhino.Node.toString(Node.java:946)
	at com.google.javascript.rhino.Node.toString(Node.java:938)
	at java.lang.String.valueOf(String.java:2994)
	at java.lang.StringBuilder.append(StringBuilder.java:131)
	at com.google.javascript.jscomp.graph.Graph.getNodeOrFail(Graph.java:222)
	at com.google.javascript.jscomp.graph.LinkedDirectedGraph.getOutEdges(LinkedDirectedGraph.java:129)
	at com.google.javascript.jscomp.TypeInference.branchedFlowThrough(TypeInference.java:207)
	at com.google.javascript.jscomp.TypeInference_ESTest.test53(TypeInference_ESTest.java:1296)
	at sun.reflect.NativeMethodAccessorImpl.invoke0(Native Method)
	at sun.reflect.NativeMethodAccessorImpl.invoke(NativeMethodAccessorImpl.java:62)
	at sun.reflect.DelegatingMethodAccessorImpl.invoke(DelegatingMethodAccessorImpl.java:43)
	at java.lang.reflect.Method.invoke(Method.java:498)
	at org.junit.runners.model.FrameworkMethod$1.runReflectiveCall(FrameworkMethod.java:50)
	at org.junit.internal.runners.model.ReflectiveCallable.run(ReflectiveCallable.java:12)
	at org.junit.runners.model.FrameworkMethod.invokeExplosively(FrameworkMethod.java:47)
	at org.junit.internal.runners.statements.InvokeMethod.evaluate(InvokeMethod.java:17)
	at org.junit.internal.runners.statements.FailOnTimeout$CallableStatement.call(FailOnTimeout.java:298)
	at org.junit.internal.runners.statements.FailOnTimeout$CallableStatement.call(FailOnTimeout.java:292)
	at java.util.concurrent.FutureTask.run(FutureTask.java:266)
	at java.lang.Thread.run(Thread.java:748)
20) test10(com.google.javascript.jscomp.TypeInference_ESTest)
org.evosuite.runtime.mock.java.lang.MockIllegalArgumentException: IN @D_JXQJ{& : boolean does not exist in graph
	at com.google.javascript.jscomp.graph.Graph.getNodeOrFail(Graph.java:222)
	at com.google.javascript.jscomp.graph.LinkedDirectedGraph.getOutEdges(LinkedDirectedGraph.java:129)
	at com.google.javascript.jscomp.TypeInference.branchedFlowThrough(TypeInference.java:207)
	at com.google.javascript.jscomp.TypeInference_ESTest.test10(TypeInference_ESTest.java:282)
	at sun.reflect.NativeMethodAccessorImpl.invoke0(Native Method)
	at sun.reflect.NativeMethodAccessorImpl.invoke(NativeMethodAccessorImpl.java:62)
	at sun.reflect.DelegatingMethodAccessorImpl.invoke(DelegatingMethodAccessorImpl.java:43)
	at java.lang.reflect.Method.invoke(Method.java:498)
	at org.junit.runners.model.FrameworkMethod$1.runReflectiveCall(FrameworkMethod.java:50)
	at org.junit.internal.runners.model.ReflectiveCallable.run(ReflectiveCallable.java:12)
	at org.junit.runners.model.FrameworkMethod.invokeExplosively(FrameworkMethod.java:47)
	at org.junit.internal.runners.statements.InvokeMethod.evaluate(InvokeMethod.java:17)
	at org.junit.internal.runners.statements.FailOnTimeout$CallableStatement.call(FailOnTimeout.java:298)
	at org.junit.internal.runners.statements.FailOnTimeout$CallableStatement.call(FailOnTimeout.java:292)
	at java.util.concurrent.FutureTask.run(FutureTask.java:266)
	at java.lang.Thread.run(Thread.java:748)
21) test54(com.google.javascript.jscomp.TypeInference_ESTest)
org.evosuite.runtime.mock.java.lang.MockIllegalArgumentException: THROW does not exist in graph
	at com.google.javascript.jscomp.graph.Graph.getNodeOrFail(Graph.java:222)
	at com.google.javascript.jscomp.graph.LinkedDirectedGraph.getOutEdges(LinkedDirectedGraph.java:129)
	at com.google.javascript.jscomp.TypeInference.branchedFlowThrough(TypeInference.java:207)
	at com.google.javascript.jscomp.TypeInference_ESTest.test54(TypeInference_ESTest.java:1321)
	at sun.reflect.NativeMethodAccessorImpl.invoke0(Native Method)
	at sun.reflect.NativeMethodAccessorImpl.invoke(NativeMethodAccessorImpl.java:62)
	at sun.reflect.DelegatingMethodAccessorImpl.invoke(DelegatingMethodAccessorImpl.java:43)
	at java.lang.reflect.Method.invoke(Method.java:498)
	at org.junit.runners.model.FrameworkMethod$1.runReflectiveCall(FrameworkMethod.java:50)
	at org.junit.internal.runners.model.ReflectiveCallable.run(ReflectiveCallable.java:12)
	at org.junit.runners.model.FrameworkMethod.invokeExplosively(FrameworkMethod.java:47)
	at org.junit.internal.runners.statements.InvokeMethod.evaluate(InvokeMethod.java:17)
	at org.junit.internal.runners.statements.FailOnTimeout$CallableStatement.call(FailOnTimeout.java:298)
	at org.junit.internal.runners.statements.FailOnTimeout$CallableStatement.call(FailOnTimeout.java:292)
	at java.util.concurrent.FutureTask.run(FutureTask.java:266)
	at java.lang.Thread.run(Thread.java:748)
22) test55(com.google.javascript.jscomp.TypeInference_ESTest)
org.evosuite.runtime.mock.java.lang.MockIllegalStateException: 48
	at com.google.javascript.rhino.Token.name(Token.java:287)
	at com.google.javascript.rhino.Node.toString(Node.java:955)
	at com.google.javascript.rhino.Node.toString(Node.java:946)
	at com.google.javascript.rhino.Node.toString(Node.java:938)
	at java.lang.String.valueOf(String.java:2994)
	at java.lang.StringBuilder.append(StringBuilder.java:131)
	at com.google.javascript.jscomp.graph.Graph.getNodeOrFail(Graph.java:222)
	at com.google.javascript.jscomp.graph.LinkedDirectedGraph.getOutEdges(LinkedDirectedGraph.java:129)
	at com.google.javascript.jscomp.TypeInference.branchedFlowThrough(TypeInference.java:207)
	at com.google.javascript.jscomp.TypeInference_ESTest.test55(TypeInference_ESTest.java:1346)
	at sun.reflect.NativeMethodAccessorImpl.invoke0(Native Method)
	at sun.reflect.NativeMethodAccessorImpl.invoke(NativeMethodAccessorImpl.java:62)
	at sun.reflect.DelegatingMethodAccessorImpl.invoke(DelegatingMethodAccessorImpl.java:43)
	at java.lang.reflect.Method.invoke(Method.java:498)
	at org.junit.runners.model.FrameworkMethod$1.runReflectiveCall(FrameworkMethod.java:50)
	at org.junit.internal.runners.model.ReflectiveCallable.run(ReflectiveCallable.java:12)
	at org.junit.runners.model.FrameworkMethod.invokeExplosively(FrameworkMethod.java:47)
	at org.junit.internal.runners.statements.InvokeMethod.evaluate(InvokeMethod.java:17)
	at org.junit.internal.runners.statements.FailOnTimeout$CallableStatement.call(FailOnTimeout.java:298)
	at org.junit.internal.runners.statements.FailOnTimeout$CallableStatement.call(FailOnTimeout.java:292)
	at java.util.concurrent.FutureTask.run(FutureTask.java:266)
	at java.lang.Thread.run(Thread.java:748)
23) test12(com.google.javascript.jscomp.TypeInference_ESTest)
org.evosuite.runtime.mock.java.lang.MockIllegalArgumentException: COMMA : number does not exist in graph
	at com.google.javascript.jscomp.graph.Graph.getNodeOrFail(Graph.java:222)
	at com.google.javascript.jscomp.graph.LinkedDirectedGraph.getOutEdges(LinkedDirectedGraph.java:129)
	at com.google.javascript.jscomp.TypeInference.branchedFlowThrough(TypeInference.java:207)
	at com.google.javascript.jscomp.TypeInference_ESTest.test12(TypeInference_ESTest.java:325)
	at sun.reflect.NativeMethodAccessorImpl.invoke0(Native Method)
	at sun.reflect.NativeMethodAccessorImpl.invoke(NativeMethodAccessorImpl.java:62)
	at sun.reflect.DelegatingMethodAccessorImpl.invoke(DelegatingMethodAccessorImpl.java:43)
	at java.lang.reflect.Method.invoke(Method.java:498)
	at org.junit.runners.model.FrameworkMethod$1.runReflectiveCall(FrameworkMethod.java:50)
	at org.junit.internal.runners.model.ReflectiveCallable.run(ReflectiveCallable.java:12)
	at org.junit.runners.model.FrameworkMethod.invokeExplosively(FrameworkMethod.java:47)
	at org.junit.internal.runners.statements.InvokeMethod.evaluate(InvokeMethod.java:17)
	at org.junit.internal.runners.statements.FailOnTimeout$CallableStatement.call(FailOnTimeout.java:298)
	at org.junit.internal.runners.statements.FailOnTimeout$CallableStatement.call(FailOnTimeout.java:292)
	at java.util.concurrent.FutureTask.run(FutureTask.java:266)
	at java.lang.Thread.run(Thread.java:748)
24) test56(com.google.javascript.jscomp.TypeInference_ESTest)
org.evosuite.runtime.mock.java.lang.MockIllegalArgumentException: REGEXP 1 does not exist in graph
	at com.google.javascript.jscomp.graph.Graph.getNodeOrFail(Graph.java:222)
	at com.google.javascript.jscomp.graph.LinkedDirectedGraph.getOutEdges(LinkedDirectedGraph.java:129)
	at com.google.javascript.jscomp.TypeInference.branchedFlowThrough(TypeInference.java:207)
	at com.google.javascript.jscomp.TypeInference_ESTest.test56(TypeInference_ESTest.java:1371)
	at sun.reflect.NativeMethodAccessorImpl.invoke0(Native Method)
	at sun.reflect.NativeMethodAccessorImpl.invoke(NativeMethodAccessorImpl.java:62)
	at sun.reflect.DelegatingMethodAccessorImpl.invoke(DelegatingMethodAccessorImpl.java:43)
	at java.lang.reflect.Method.invoke(Method.java:498)
	at org.junit.runners.model.FrameworkMethod$1.runReflectiveCall(FrameworkMethod.java:50)
	at org.junit.internal.runners.model.ReflectiveCallable.run(ReflectiveCallable.java:12)
	at org.junit.runners.model.FrameworkMethod.invokeExplosively(FrameworkMethod.java:47)
	at org.junit.internal.runners.statements.InvokeMethod.evaluate(InvokeMethod.java:17)
	at org.junit.internal.runners.statements.FailOnTimeout$CallableStatement.call(FailOnTimeout.java:298)
	at org.junit.internal.runners.statements.FailOnTimeout$CallableStatement.call(FailOnTimeout.java:292)
	at java.util.concurrent.FutureTask.run(FutureTask.java:266)
	at java.lang.Thread.run(Thread.java:748)
25) test14(com.google.javascript.jscomp.TypeInference_ESTest)
org.evosuite.runtime.mock.java.lang.MockIllegalArgumentException: GETPROP 1146 : ? does not exist in graph
	at com.google.javascript.jscomp.graph.Graph.getNodeOrFail(Graph.java:222)
	at com.google.javascript.jscomp.graph.LinkedDirectedGraph.getOutEdges(LinkedDirectedGraph.java:129)
	at com.google.javascript.jscomp.TypeInference.branchedFlowThrough(TypeInference.java:207)
	at com.google.javascript.jscomp.TypeInference_ESTest.test14(TypeInference_ESTest.java:358)
	at sun.reflect.NativeMethodAccessorImpl.invoke0(Native Method)
	at sun.reflect.NativeMethodAccessorImpl.invoke(NativeMethodAccessorImpl.java:62)
	at sun.reflect.DelegatingMethodAccessorImpl.invoke(DelegatingMethodAccessorImpl.java:43)
	at java.lang.reflect.Method.invoke(Method.java:498)
	at org.junit.runners.model.FrameworkMethod$1.runReflectiveCall(FrameworkMethod.java:50)
	at org.junit.internal.runners.model.ReflectiveCallable.run(ReflectiveCallable.java:12)
	at org.junit.runners.model.FrameworkMethod.invokeExplosively(FrameworkMethod.java:47)
	at org.junit.internal.runners.statements.InvokeMethod.evaluate(InvokeMethod.java:17)
	at org.junit.internal.runners.statements.FailOnTimeout$CallableStatement.call(FailOnTimeout.java:298)
	at org.junit.internal.runners.statements.FailOnTimeout$CallableStatement.call(FailOnTimeout.java:292)
	at java.util.concurrent.FutureTask.run(FutureTask.java:266)
	at java.lang.Thread.run(Thread.java:748)
26) test58(com.google.javascript.jscomp.TypeInference_ESTest)
org.evosuite.runtime.mock.java.lang.MockIllegalArgumentException: FALSE 50 does not exist in graph
	at com.google.javascript.jscomp.graph.Graph.getNodeOrFail(Graph.java:222)
	at com.google.javascript.jscomp.graph.LinkedDirectedGraph.getOutEdges(LinkedDirectedGraph.java:129)
	at com.google.javascript.jscomp.TypeInference.branchedFlowThrough(TypeInference.java:207)
	at com.google.javascript.jscomp.TypeInference_ESTest.test58(TypeInference_ESTest.java:1412)
	at sun.reflect.NativeMethodAccessorImpl.invoke0(Native Method)
	at sun.reflect.NativeMethodAccessorImpl.invoke(NativeMethodAccessorImpl.java:62)
	at sun.reflect.DelegatingMethodAccessorImpl.invoke(DelegatingMethodAccessorImpl.java:43)
	at java.lang.reflect.Method.invoke(Method.java:498)
	at org.junit.runners.model.FrameworkMethod$1.runReflectiveCall(FrameworkMethod.java:50)
	at org.junit.internal.runners.model.ReflectiveCallable.run(ReflectiveCallable.java:12)
	at org.junit.runners.model.FrameworkMethod.invokeExplosively(FrameworkMethod.java:47)
	at org.junit.internal.runners.statements.InvokeMethod.evaluate(InvokeMethod.java:17)
	at org.junit.internal.runners.statements.FailOnTimeout$CallableStatement.call(FailOnTimeout.java:298)
	at org.junit.internal.runners.statements.FailOnTimeout$CallableStatement.call(FailOnTimeout.java:292)
	at java.util.concurrent.FutureTask.run(FutureTask.java:266)
	at java.lang.Thread.run(Thread.java:748)
27) test15(com.google.javascript.jscomp.TypeInference_ESTest)
org.evosuite.runtime.mock.java.lang.MockIllegalArgumentException: RETURN Object#Key does not exist in graph
	at com.google.javascript.jscomp.graph.Graph.getNodeOrFail(Graph.java:222)
	at com.google.javascript.jscomp.graph.LinkedDirectedGraph.getOutEdges(LinkedDirectedGraph.java:129)
	at com.google.javascript.jscomp.TypeInference.branchedFlowThrough(TypeInference.java:207)
	at com.google.javascript.jscomp.TypeInference_ESTest.test15(TypeInference_ESTest.java:383)
	at sun.reflect.NativeMethodAccessorImpl.invoke0(Native Method)
	at sun.reflect.NativeMethodAccessorImpl.invoke(NativeMethodAccessorImpl.java:62)
	at sun.reflect.DelegatingMethodAccessorImpl.invoke(DelegatingMethodAccessorImpl.java:43)
	at java.lang.reflect.Method.invoke(Method.java:498)
	at org.junit.runners.model.FrameworkMethod$1.runReflectiveCall(FrameworkMethod.java:50)
	at org.junit.internal.runners.model.ReflectiveCallable.run(ReflectiveCallable.java:12)
	at org.junit.runners.model.FrameworkMethod.invokeExplosively(FrameworkMethod.java:47)
	at org.junit.internal.runners.statements.InvokeMethod.evaluate(InvokeMethod.java:17)
	at org.junit.internal.runners.statements.FailOnTimeout$CallableStatement.call(FailOnTimeout.java:298)
	at org.junit.internal.runners.statements.FailOnTimeout$CallableStatement.call(FailOnTimeout.java:292)
	at java.util.concurrent.FutureTask.run(FutureTask.java:266)
	at java.lang.Thread.run(Thread.java:748)
28) test16(com.google.javascript.jscomp.TypeInference_ESTest)
org.evosuite.runtime.mock.java.lang.MockIllegalStateException: 920
	at com.google.javascript.rhino.Token.name(Token.java:287)
	at com.google.javascript.rhino.Node.toString(Node.java:955)
	at com.google.javascript.rhino.Node.toString(Node.java:946)
	at com.google.javascript.rhino.Node.toString(Node.java:938)
	at java.lang.String.valueOf(String.java:2994)
	at java.lang.StringBuilder.append(StringBuilder.java:131)
	at com.google.javascript.jscomp.graph.Graph.getNodeOrFail(Graph.java:222)
	at com.google.javascript.jscomp.graph.LinkedDirectedGraph.getOutEdges(LinkedDirectedGraph.java:129)
	at com.google.javascript.jscomp.TypeInference.branchedFlowThrough(TypeInference.java:207)
	at com.google.javascript.jscomp.TypeInference_ESTest.test16(TypeInference_ESTest.java:408)
	at sun.reflect.NativeMethodAccessorImpl.invoke0(Native Method)
	at sun.reflect.NativeMethodAccessorImpl.invoke(NativeMethodAccessorImpl.java:62)
	at sun.reflect.DelegatingMethodAccessorImpl.invoke(DelegatingMethodAccessorImpl.java:43)
	at java.lang.reflect.Method.invoke(Method.java:498)
	at org.junit.runners.model.FrameworkMethod$1.runReflectiveCall(FrameworkMethod.java:50)
	at org.junit.internal.runners.model.ReflectiveCallable.run(ReflectiveCallable.java:12)
	at org.junit.runners.model.FrameworkMethod.invokeExplosively(FrameworkMethod.java:47)
	at org.junit.internal.runners.statements.InvokeMethod.evaluate(InvokeMethod.java:17)
	at org.junit.internal.runners.statements.FailOnTimeout$CallableStatement.call(FailOnTimeout.java:298)
	at org.junit.internal.runners.statements.FailOnTimeout$CallableStatement.call(FailOnTimeout.java:292)
	at java.util.concurrent.FutureTask.run(FutureTask.java:266)
	at java.lang.Thread.run(Thread.java:748)
29) test17(com.google.javascript.jscomp.TypeInference_ESTest)
org.evosuite.runtime.mock.java.lang.MockIllegalArgumentException: STRING_KEY does not exist in graph
	at com.google.javascript.jscomp.graph.Graph.getNodeOrFail(Graph.java:222)
	at com.google.javascript.jscomp.graph.LinkedDirectedGraph.getOutEdges(LinkedDirectedGraph.java:129)
	at com.google.javascript.jscomp.TypeInference.branchedFlowThrough(TypeInference.java:207)
	at com.google.javascript.jscomp.TypeInference_ESTest.test17(TypeInference_ESTest.java:433)
	at sun.reflect.NativeMethodAccessorImpl.invoke0(Native Method)
	at sun.reflect.NativeMethodAccessorImpl.invoke(NativeMethodAccessorImpl.java:62)
	at sun.reflect.DelegatingMethodAccessorImpl.invoke(DelegatingMethodAccessorImpl.java:43)
	at java.lang.reflect.Method.invoke(Method.java:498)
	at org.junit.runners.model.FrameworkMethod$1.runReflectiveCall(FrameworkMethod.java:50)
	at org.junit.internal.runners.model.ReflectiveCallable.run(ReflectiveCallable.java:12)
	at org.junit.runners.model.FrameworkMethod.invokeExplosively(FrameworkMethod.java:47)
	at org.junit.internal.runners.statements.InvokeMethod.evaluate(InvokeMethod.java:17)
	at org.junit.internal.runners.statements.FailOnTimeout$CallableStatement.call(FailOnTimeout.java:298)
	at org.junit.internal.runners.statements.FailOnTimeout$CallableStatement.call(FailOnTimeout.java:292)
	at java.util.concurrent.FutureTask.run(FutureTask.java:266)
	at java.lang.Thread.run(Thread.java:748)
30) test18(com.google.javascript.jscomp.TypeInference_ESTest)
org.evosuite.runtime.mock.java.lang.MockIllegalArgumentException: DEBUGGER 124 does not exist in graph
	at com.google.javascript.jscomp.graph.Graph.getNodeOrFail(Graph.java:222)
	at com.google.javascript.jscomp.graph.LinkedDirectedGraph.getOutEdges(LinkedDirectedGraph.java:129)
	at com.google.javascript.jscomp.TypeInference.branchedFlowThrough(TypeInference.java:207)
	at com.google.javascript.jscomp.TypeInference_ESTest.test18(TypeInference_ESTest.java:458)
	at sun.reflect.NativeMethodAccessorImpl.invoke0(Native Method)
	at sun.reflect.NativeMethodAccessorImpl.invoke(NativeMethodAccessorImpl.java:62)
	at sun.reflect.DelegatingMethodAccessorImpl.invoke(DelegatingMethodAccessorImpl.java:43)
	at java.lang.reflect.Method.invoke(Method.java:498)
	at org.junit.runners.model.FrameworkMethod$1.runReflectiveCall(FrameworkMethod.java:50)
	at org.junit.internal.runners.model.ReflectiveCallable.run(ReflectiveCallable.java:12)
	at org.junit.runners.model.FrameworkMethod.invokeExplosively(FrameworkMethod.java:47)
	at org.junit.internal.runners.statements.InvokeMethod.evaluate(InvokeMethod.java:17)
	at org.junit.internal.runners.statements.FailOnTimeout$CallableStatement.call(FailOnTimeout.java:298)
	at org.junit.internal.runners.statements.FailOnTimeout$CallableStatement.call(FailOnTimeout.java:292)
	at java.util.concurrent.FutureTask.run(FutureTask.java:266)
	at java.lang.Thread.run(Thread.java:748)
31) test19(com.google.javascript.jscomp.TypeInference_ESTest)
org.evosuite.runtime.mock.java.lang.MockIllegalStateException: 150
	at com.google.javascript.rhino.Token.name(Token.java:287)
	at com.google.javascript.rhino.Node.toString(Node.java:955)
	at com.google.javascript.rhino.Node.toString(Node.java:946)
	at com.google.javascript.rhino.Node.toString(Node.java:938)
	at java.lang.String.valueOf(String.java:2994)
	at java.lang.StringBuilder.append(StringBuilder.java:131)
	at com.google.javascript.jscomp.graph.Graph.getNodeOrFail(Graph.java:222)
	at com.google.javascript.jscomp.graph.LinkedDirectedGraph.getOutEdges(LinkedDirectedGraph.java:129)
	at com.google.javascript.jscomp.TypeInference.branchedFlowThrough(TypeInference.java:207)
	at com.google.javascript.jscomp.TypeInference_ESTest.test19(TypeInference_ESTest.java:483)
	at sun.reflect.NativeMethodAccessorImpl.invoke0(Native Method)
	at sun.reflect.NativeMethodAccessorImpl.invoke(NativeMethodAccessorImpl.java:62)
	at sun.reflect.DelegatingMethodAccessorImpl.invoke(DelegatingMethodAccessorImpl.java:43)
	at java.lang.reflect.Method.invoke(Method.java:498)
	at org.junit.runners.model.FrameworkMethod$1.runReflectiveCall(FrameworkMethod.java:50)
	at org.junit.internal.runners.model.ReflectiveCallable.run(ReflectiveCallable.java:12)
	at org.junit.runners.model.FrameworkMethod.invokeExplosively(FrameworkMethod.java:47)
	at org.junit.internal.runners.statements.InvokeMethod.evaluate(InvokeMethod.java:17)
	at org.junit.internal.runners.statements.FailOnTimeout$CallableStatement.call(FailOnTimeout.java:298)
	at org.junit.internal.runners.statements.FailOnTimeout$CallableStatement.call(FailOnTimeout.java:292)
	at java.util.concurrent.FutureTask.run(FutureTask.java:266)
	at java.lang.Thread.run(Thread.java:748)
32) test50(com.google.javascript.jscomp.TypeInference_ESTest)
org.evosuite.runtime.mock.java.lang.MockIllegalStateException: 54
	at com.google.javascript.rhino.Token.name(Token.java:287)
	at com.google.javascript.rhino.Node.toString(Node.java:955)
	at com.google.javascript.rhino.Node.toString(Node.java:946)
	at com.google.javascript.rhino.Node.toString(Node.java:938)
	at java.lang.String.valueOf(String.java:2994)
	at java.lang.StringBuilder.append(StringBuilder.java:131)
	at com.google.javascript.jscomp.graph.Graph.getNodeOrFail(Graph.java:222)
	at com.google.javascript.jscomp.graph.LinkedDirectedGraph.getOutEdges(LinkedDirectedGraph.java:129)
	at com.google.javascript.jscomp.TypeInference.branchedFlowThrough(TypeInference.java:207)
	at com.google.javascript.jscomp.TypeInference_ESTest.test50(TypeInference_ESTest.java:1231)
	at sun.reflect.NativeMethodAccessorImpl.invoke0(Native Method)
	at sun.reflect.NativeMethodAccessorImpl.invoke(NativeMethodAccessorImpl.java:62)
	at sun.reflect.DelegatingMethodAccessorImpl.invoke(DelegatingMethodAccessorImpl.java:43)
	at java.lang.reflect.Method.invoke(Method.java:498)
	at org.junit.runners.model.FrameworkMethod$1.runReflectiveCall(FrameworkMethod.java:50)
	at org.junit.internal.runners.model.ReflectiveCallable.run(ReflectiveCallable.java:12)
	at org.junit.runners.model.FrameworkMethod.invokeExplosively(FrameworkMethod.java:47)
	at org.junit.internal.runners.statements.InvokeMethod.evaluate(InvokeMethod.java:17)
	at org.junit.internal.runners.statements.FailOnTimeout$CallableStatement.call(FailOnTimeout.java:298)
	at org.junit.internal.runners.statements.FailOnTimeout$CallableStatement.call(FailOnTimeout.java:292)
	at java.util.concurrent.FutureTask.run(FutureTask.java:266)
	at java.lang.Thread.run(Thread.java:748)
33) test51(com.google.javascript.jscomp.TypeInference_ESTest)
org.evosuite.runtime.mock.java.lang.MockIllegalStateException: 53
	at com.google.javascript.rhino.Token.name(Token.java:287)
	at com.google.javascript.rhino.Node.toString(Node.java:955)
	at com.google.javascript.rhino.Node.toString(Node.java:946)
	at com.google.javascript.rhino.Node.toString(Node.java:938)
	at java.lang.String.valueOf(String.java:2994)
	at java.lang.StringBuilder.append(StringBuilder.java:131)
	at com.google.javascript.jscomp.graph.Graph.getNodeOrFail(Graph.java:222)
	at com.google.javascript.jscomp.graph.LinkedDirectedGraph.getOutEdges(LinkedDirectedGraph.java:129)
	at com.google.javascript.jscomp.TypeInference.branchedFlowThrough(TypeInference.java:207)
	at com.google.javascript.jscomp.TypeInference_ESTest.test51(TypeInference_ESTest.java:1256)
	at sun.reflect.NativeMethodAccessorImpl.invoke0(Native Method)
	at sun.reflect.NativeMethodAccessorImpl.invoke(NativeMethodAccessorImpl.java:62)
	at sun.reflect.DelegatingMethodAccessorImpl.invoke(DelegatingMethodAccessorImpl.java:43)
	at java.lang.reflect.Method.invoke(Method.java:498)
	at org.junit.runners.model.FrameworkMethod$1.runReflectiveCall(FrameworkMethod.java:50)
	at org.junit.internal.runners.model.ReflectiveCallable.run(ReflectiveCallable.java:12)
	at org.junit.runners.model.FrameworkMethod.invokeExplosively(FrameworkMethod.java:47)
	at org.junit.internal.runners.statements.InvokeMethod.evaluate(InvokeMethod.java:17)
	at org.junit.internal.runners.statements.FailOnTimeout$CallableStatement.call(FailOnTimeout.java:298)
	at org.junit.internal.runners.statements.FailOnTimeout$CallableStatement.call(FailOnTimeout.java:292)
	at java.util.concurrent.FutureTask.run(FutureTask.java:266)
	at java.lang.Thread.run(Thread.java:748)
34) test20(com.google.javascript.jscomp.TypeInference_ESTest)
org.evosuite.runtime.mock.java.lang.MockIllegalArgumentException: CONST does not exist in graph
	at com.google.javascript.jscomp.graph.Graph.getNodeOrFail(Graph.java:222)
	at com.google.javascript.jscomp.graph.LinkedDirectedGraph.getOutEdges(LinkedDirectedGraph.java:129)
	at com.google.javascript.jscomp.TypeInference.branchedFlowThrough(TypeInference.java:207)
	at com.google.javascript.jscomp.TypeInference_ESTest.test20(TypeInference_ESTest.java:508)
	at sun.reflect.NativeMethodAccessorImpl.invoke0(Native Method)
	at sun.reflect.NativeMethodAccessorImpl.invoke(NativeMethodAccessorImpl.java:62)
	at sun.reflect.DelegatingMethodAccessorImpl.invoke(DelegatingMethodAccessorImpl.java:43)
	at java.lang.reflect.Method.invoke(Method.java:498)
	at org.junit.runners.model.FrameworkMethod$1.runReflectiveCall(FrameworkMethod.java:50)
	at org.junit.internal.runners.model.ReflectiveCallable.run(ReflectiveCallable.java:12)
	at org.junit.runners.model.FrameworkMethod.invokeExplosively(FrameworkMethod.java:47)
	at org.junit.internal.runners.statements.InvokeMethod.evaluate(InvokeMethod.java:17)
	at org.junit.internal.runners.statements.FailOnTimeout$CallableStatement.call(FailOnTimeout.java:298)
	at org.junit.internal.runners.statements.FailOnTimeout$CallableStatement.call(FailOnTimeout.java:292)
	at java.util.concurrent.FutureTask.run(FutureTask.java:266)
	at java.lang.Thread.run(Thread.java:748)
35) test64(com.google.javascript.jscomp.TypeInference_ESTest)
org.evosuite.runtime.mock.java.lang.MockIllegalArgumentException: NEG : number does not exist in graph
	at com.google.javascript.jscomp.graph.Graph.getNodeOrFail(Graph.java:222)
	at com.google.javascript.jscomp.graph.LinkedDirectedGraph.getOutEdges(LinkedDirectedGraph.java:129)
	at com.google.javascript.jscomp.TypeInference.branchedFlowThrough(TypeInference.java:207)
	at com.google.javascript.jscomp.TypeInference_ESTest.test64(TypeInference_ESTest.java:1553)
	at sun.reflect.NativeMethodAccessorImpl.invoke0(Native Method)
	at sun.reflect.NativeMethodAccessorImpl.invoke(NativeMethodAccessorImpl.java:62)
	at sun.reflect.DelegatingMethodAccessorImpl.invoke(DelegatingMethodAccessorImpl.java:43)
	at java.lang.reflect.Method.invoke(Method.java:498)
	at org.junit.runners.model.FrameworkMethod$1.runReflectiveCall(FrameworkMethod.java:50)
	at org.junit.internal.runners.model.ReflectiveCallable.run(ReflectiveCallable.java:12)
	at org.junit.runners.model.FrameworkMethod.invokeExplosively(FrameworkMethod.java:47)
	at org.junit.internal.runners.statements.InvokeMethod.evaluate(InvokeMethod.java:17)
	at org.junit.internal.runners.statements.FailOnTimeout$CallableStatement.call(FailOnTimeout.java:298)
	at org.junit.internal.runners.statements.FailOnTimeout$CallableStatement.call(FailOnTimeout.java:292)
	at java.util.concurrent.FutureTask.run(FutureTask.java:266)
	at java.lang.Thread.run(Thread.java:748)
36) test21(com.google.javascript.jscomp.TypeInference_ESTest)
org.evosuite.runtime.mock.java.lang.MockIllegalArgumentException: SETTER_DEF 56 does not exist in graph
	at com.google.javascript.jscomp.graph.Graph.getNodeOrFail(Graph.java:222)
	at com.google.javascript.jscomp.graph.LinkedDirectedGraph.getOutEdges(LinkedDirectedGraph.java:129)
	at com.google.javascript.jscomp.TypeInference.branchedFlowThrough(TypeInference.java:207)
	at com.google.javascript.jscomp.TypeInference_ESTest.test21(TypeInference_ESTest.java:532)
	at sun.reflect.NativeMethodAccessorImpl.invoke0(Native Method)
	at sun.reflect.NativeMethodAccessorImpl.invoke(NativeMethodAccessorImpl.java:62)
	at sun.reflect.DelegatingMethodAccessorImpl.invoke(DelegatingMethodAccessorImpl.java:43)
	at java.lang.reflect.Method.invoke(Method.java:498)
	at org.junit.runners.model.FrameworkMethod$1.runReflectiveCall(FrameworkMethod.java:50)
	at org.junit.internal.runners.model.ReflectiveCallable.run(ReflectiveCallable.java:12)
	at org.junit.runners.model.FrameworkMethod.invokeExplosively(FrameworkMethod.java:47)
	at org.junit.internal.runners.statements.InvokeMethod.evaluate(InvokeMethod.java:17)
	at org.junit.internal.runners.statements.FailOnTimeout$CallableStatement.call(FailOnTimeout.java:298)
	at org.junit.internal.runners.statements.FailOnTimeout$CallableStatement.call(FailOnTimeout.java:292)
	at java.util.concurrent.FutureTask.run(FutureTask.java:266)
	at java.lang.Thread.run(Thread.java:748)
37) test65(com.google.javascript.jscomp.TypeInference_ESTest)
org.evosuite.runtime.mock.java.lang.MockIllegalArgumentException: DIV 51 : number does not exist in graph
	at com.google.javascript.jscomp.graph.Graph.getNodeOrFail(Graph.java:222)
	at com.google.javascript.jscomp.graph.LinkedDirectedGraph.getOutEdges(LinkedDirectedGraph.java:129)
	at com.google.javascript.jscomp.TypeInference.branchedFlowThrough(TypeInference.java:207)
	at com.google.javascript.jscomp.TypeInference_ESTest.test65(TypeInference_ESTest.java:1579)
	at sun.reflect.NativeMethodAccessorImpl.invoke0(Native Method)
	at sun.reflect.NativeMethodAccessorImpl.invoke(NativeMethodAccessorImpl.java:62)
	at sun.reflect.DelegatingMethodAccessorImpl.invoke(DelegatingMethodAccessorImpl.java:43)
	at java.lang.reflect.Method.invoke(Method.java:498)
	at org.junit.runners.model.FrameworkMethod$1.runReflectiveCall(FrameworkMethod.java:50)
	at org.junit.internal.runners.model.ReflectiveCallable.run(ReflectiveCallable.java:12)
	at org.junit.runners.model.FrameworkMethod.invokeExplosively(FrameworkMethod.java:47)
	at org.junit.internal.runners.statements.InvokeMethod.evaluate(InvokeMethod.java:17)
	at org.junit.internal.runners.statements.FailOnTimeout$CallableStatement.call(FailOnTimeout.java:298)
	at org.junit.internal.runners.statements.FailOnTimeout$CallableStatement.call(FailOnTimeout.java:292)
	at java.util.concurrent.FutureTask.run(FutureTask.java:266)
	at java.lang.Thread.run(Thread.java:748)
38) test22(com.google.javascript.jscomp.TypeInference_ESTest)
org.evosuite.runtime.mock.java.lang.MockIllegalStateException: 146
	at com.google.javascript.rhino.Token.name(Token.java:287)
	at com.google.javascript.rhino.Node.toString(Node.java:955)
	at com.google.javascript.rhino.Node.toString(Node.java:946)
	at com.google.javascript.rhino.Node.toString(Node.java:938)
	at java.lang.String.valueOf(String.java:2994)
	at java.lang.StringBuilder.append(StringBuilder.java:131)
	at com.google.javascript.jscomp.graph.Graph.getNodeOrFail(Graph.java:222)
	at com.google.javascript.jscomp.graph.LinkedDirectedGraph.getOutEdges(LinkedDirectedGraph.java:129)
	at com.google.javascript.jscomp.TypeInference.branchedFlowThrough(TypeInference.java:207)
	at com.google.javascript.jscomp.TypeInference_ESTest.test22(TypeInference_ESTest.java:557)
	at sun.reflect.NativeMethodAccessorImpl.invoke0(Native Method)
	at sun.reflect.NativeMethodAccessorImpl.invoke(NativeMethodAccessorImpl.java:62)
	at sun.reflect.DelegatingMethodAccessorImpl.invoke(DelegatingMethodAccessorImpl.java:43)
	at java.lang.reflect.Method.invoke(Method.java:498)
	at org.junit.runners.model.FrameworkMethod$1.runReflectiveCall(FrameworkMethod.java:50)
	at org.junit.internal.runners.model.ReflectiveCallable.run(ReflectiveCallable.java:12)
	at org.junit.runners.model.FrameworkMethod.invokeExplosively(FrameworkMethod.java:47)
	at org.junit.internal.runners.statements.InvokeMethod.evaluate(InvokeMethod.java:17)
	at org.junit.internal.runners.statements.FailOnTimeout$CallableStatement.call(FailOnTimeout.java:298)
	at org.junit.internal.runners.statements.FailOnTimeout$CallableStatement.call(FailOnTimeout.java:292)
	at java.util.concurrent.FutureTask.run(FutureTask.java:266)
	at java.lang.Thread.run(Thread.java:748)
39) test66(com.google.javascript.jscomp.TypeInference_ESTest)
org.evosuite.runtime.mock.java.lang.MockIllegalArgumentException: SUB 51 : number does not exist in graph
	at com.google.javascript.jscomp.graph.Graph.getNodeOrFail(Graph.java:222)
	at com.google.javascript.jscomp.graph.LinkedDirectedGraph.getOutEdges(LinkedDirectedGraph.java:129)
	at com.google.javascript.jscomp.TypeInference.branchedFlowThrough(TypeInference.java:207)
	at com.google.javascript.jscomp.TypeInference_ESTest.test66(TypeInference_ESTest.java:1605)
	at sun.reflect.NativeMethodAccessorImpl.invoke0(Native Method)
	at sun.reflect.NativeMethodAccessorImpl.invoke(NativeMethodAccessorImpl.java:62)
	at sun.reflect.DelegatingMethodAccessorImpl.invoke(DelegatingMethodAccessorImpl.java:43)
	at java.lang.reflect.Method.invoke(Method.java:498)
	at org.junit.runners.model.FrameworkMethod$1.runReflectiveCall(FrameworkMethod.java:50)
	at org.junit.internal.runners.model.ReflectiveCallable.run(ReflectiveCallable.java:12)
	at org.junit.runners.model.FrameworkMethod.invokeExplosively(FrameworkMethod.java:47)
	at org.junit.internal.runners.statements.InvokeMethod.evaluate(InvokeMethod.java:17)
	at org.junit.internal.runners.statements.FailOnTimeout$CallableStatement.call(FailOnTimeout.java:298)
	at org.junit.internal.runners.statements.FailOnTimeout$CallableStatement.call(FailOnTimeout.java:292)
	at java.util.concurrent.FutureTask.run(FutureTask.java:266)
	at java.lang.Thread.run(Thread.java:748)
40) test23(com.google.javascript.jscomp.TypeInference_ESTest)
org.evosuite.runtime.mock.java.lang.MockIllegalStateException: 145
	at com.google.javascript.rhino.Token.name(Token.java:287)
	at com.google.javascript.rhino.Node.toString(Node.java:955)
	at com.google.javascript.rhino.Node.toString(Node.java:946)
	at com.google.javascript.rhino.Node.toString(Node.java:938)
	at java.lang.String.valueOf(String.java:2994)
	at java.lang.StringBuilder.append(StringBuilder.java:131)
	at com.google.javascript.jscomp.graph.Graph.getNodeOrFail(Graph.java:222)
	at com.google.javascript.jscomp.graph.LinkedDirectedGraph.getOutEdges(LinkedDirectedGraph.java:129)
	at com.google.javascript.jscomp.TypeInference.branchedFlowThrough(TypeInference.java:207)
	at com.google.javascript.jscomp.TypeInference_ESTest.test23(TypeInference_ESTest.java:583)
	at sun.reflect.NativeMethodAccessorImpl.invoke0(Native Method)
	at sun.reflect.NativeMethodAccessorImpl.invoke(NativeMethodAccessorImpl.java:62)
	at sun.reflect.DelegatingMethodAccessorImpl.invoke(DelegatingMethodAccessorImpl.java:43)
	at java.lang.reflect.Method.invoke(Method.java:498)
	at org.junit.runners.model.FrameworkMethod$1.runReflectiveCall(FrameworkMethod.java:50)
	at org.junit.internal.runners.model.ReflectiveCallable.run(ReflectiveCallable.java:12)
	at org.junit.runners.model.FrameworkMethod.invokeExplosively(FrameworkMethod.java:47)
	at org.junit.internal.runners.statements.InvokeMethod.evaluate(InvokeMethod.java:17)
	at org.junit.internal.runners.statements.FailOnTimeout$CallableStatement.call(FailOnTimeout.java:298)
	at org.junit.internal.runners.statements.FailOnTimeout$CallableStatement.call(FailOnTimeout.java:292)
	at java.util.concurrent.FutureTask.run(FutureTask.java:266)
	at java.lang.Thread.run(Thread.java:748)
41) test67(com.google.javascript.jscomp.TypeInference_ESTest)
org.evosuite.runtime.mock.java.lang.MockIllegalArgumentException: GT 16 : boolean does not exist in graph
	at com.google.javascript.jscomp.graph.Graph.getNodeOrFail(Graph.java:222)
	at com.google.javascript.jscomp.graph.LinkedDirectedGraph.getOutEdges(LinkedDirectedGraph.java:129)
	at com.google.javascript.jscomp.TypeInference.branchedFlowThrough(TypeInference.java:207)
	at com.google.javascript.jscomp.TypeInference_ESTest.test67(TypeInference_ESTest.java:1630)
	at sun.reflect.NativeMethodAccessorImpl.invoke0(Native Method)
	at sun.reflect.NativeMethodAccessorImpl.invoke(NativeMethodAccessorImpl.java:62)
	at sun.reflect.DelegatingMethodAccessorImpl.invoke(DelegatingMethodAccessorImpl.java:43)
	at java.lang.reflect.Method.invoke(Method.java:498)
	at org.junit.runners.model.FrameworkMethod$1.runReflectiveCall(FrameworkMethod.java:50)
	at org.junit.internal.runners.model.ReflectiveCallable.run(ReflectiveCallable.java:12)
	at org.junit.runners.model.FrameworkMethod.invokeExplosively(FrameworkMethod.java:47)
	at org.junit.internal.runners.statements.InvokeMethod.evaluate(InvokeMethod.java:17)
	at org.junit.internal.runners.statements.FailOnTimeout$CallableStatement.call(FailOnTimeout.java:298)
	at org.junit.internal.runners.statements.FailOnTimeout$CallableStatement.call(FailOnTimeout.java:292)
	at java.util.concurrent.FutureTask.run(FutureTask.java:266)
	at java.lang.Thread.run(Thread.java:748)
42) test24(com.google.javascript.jscomp.TypeInference_ESTest)
org.evosuite.runtime.mock.java.lang.MockIllegalStateException: 144
	at com.google.javascript.rhino.Token.name(Token.java:287)
	at com.google.javascript.rhino.Node.toString(Node.java:955)
	at com.google.javascript.rhino.Node.toString(Node.java:946)
	at com.google.javascript.rhino.Node.toString(Node.java:938)
	at java.lang.String.valueOf(String.java:2994)
	at java.lang.StringBuilder.append(StringBuilder.java:131)
	at com.google.javascript.jscomp.graph.Graph.getNodeOrFail(Graph.java:222)
	at com.google.javascript.jscomp.graph.LinkedDirectedGraph.getOutEdges(LinkedDirectedGraph.java:129)
	at com.google.javascript.jscomp.TypeInference.branchedFlowThrough(TypeInference.java:207)
	at com.google.javascript.jscomp.TypeInference_ESTest.test24(TypeInference_ESTest.java:608)
	at sun.reflect.NativeMethodAccessorImpl.invoke0(Native Method)
	at sun.reflect.NativeMethodAccessorImpl.invoke(NativeMethodAccessorImpl.java:62)
	at sun.reflect.DelegatingMethodAccessorImpl.invoke(DelegatingMethodAccessorImpl.java:43)
	at java.lang.reflect.Method.invoke(Method.java:498)
	at org.junit.runners.model.FrameworkMethod$1.runReflectiveCall(FrameworkMethod.java:50)
	at org.junit.internal.runners.model.ReflectiveCallable.run(ReflectiveCallable.java:12)
	at org.junit.runners.model.FrameworkMethod.invokeExplosively(FrameworkMethod.java:47)
	at org.junit.internal.runners.statements.InvokeMethod.evaluate(InvokeMethod.java:17)
	at org.junit.internal.runners.statements.FailOnTimeout$CallableStatement.call(FailOnTimeout.java:298)
	at org.junit.internal.runners.statements.FailOnTimeout$CallableStatement.call(FailOnTimeout.java:292)
	at java.util.concurrent.FutureTask.run(FutureTask.java:266)
	at java.lang.Thread.run(Thread.java:748)
43) test68(com.google.javascript.jscomp.TypeInference_ESTest)
org.evosuite.runtime.mock.java.lang.MockIllegalArgumentException: LE 1180 : boolean does not exist in graph
	at com.google.javascript.jscomp.graph.Graph.getNodeOrFail(Graph.java:222)
	at com.google.javascript.jscomp.graph.LinkedDirectedGraph.getOutEdges(LinkedDirectedGraph.java:129)
	at com.google.javascript.jscomp.TypeInference.branchedFlowThrough(TypeInference.java:207)
	at com.google.javascript.jscomp.TypeInference_ESTest.test68(TypeInference_ESTest.java:1655)
	at sun.reflect.NativeMethodAccessorImpl.invoke0(Native Method)
	at sun.reflect.NativeMethodAccessorImpl.invoke(NativeMethodAccessorImpl.java:62)
	at sun.reflect.DelegatingMethodAccessorImpl.invoke(DelegatingMethodAccessorImpl.java:43)
	at java.lang.reflect.Method.invoke(Method.java:498)
	at org.junit.runners.model.FrameworkMethod$1.runReflectiveCall(FrameworkMethod.java:50)
	at org.junit.internal.runners.model.ReflectiveCallable.run(ReflectiveCallable.java:12)
	at org.junit.runners.model.FrameworkMethod.invokeExplosively(FrameworkMethod.java:47)
	at org.junit.internal.runners.statements.InvokeMethod.evaluate(InvokeMethod.java:17)
	at org.junit.internal.runners.statements.FailOnTimeout$CallableStatement.call(FailOnTimeout.java:298)
	at org.junit.internal.runners.statements.FailOnTimeout$CallableStatement.call(FailOnTimeout.java:292)
	at java.util.concurrent.FutureTask.run(FutureTask.java:266)
	at java.lang.Thread.run(Thread.java:748)
44) test25(com.google.javascript.jscomp.TypeInference_ESTest)
org.evosuite.runtime.mock.java.lang.MockIllegalStateException: 142
	at com.google.javascript.rhino.Token.name(Token.java:287)
	at com.google.javascript.rhino.Node.toString(Node.java:955)
	at com.google.javascript.rhino.Node.toString(Node.java:946)
	at com.google.javascript.rhino.Node.toString(Node.java:938)
	at java.lang.String.valueOf(String.java:2994)
	at java.lang.StringBuilder.append(StringBuilder.java:131)
	at com.google.javascript.jscomp.graph.Graph.getNodeOrFail(Graph.java:222)
	at com.google.javascript.jscomp.graph.LinkedDirectedGraph.getOutEdges(LinkedDirectedGraph.java:129)
	at com.google.javascript.jscomp.TypeInference.branchedFlowThrough(TypeInference.java:207)
	at com.google.javascript.jscomp.TypeInference_ESTest.test25(TypeInference_ESTest.java:632)
	at sun.reflect.NativeMethodAccessorImpl.invoke0(Native Method)
	at sun.reflect.NativeMethodAccessorImpl.invoke(NativeMethodAccessorImpl.java:62)
	at sun.reflect.DelegatingMethodAccessorImpl.invoke(DelegatingMethodAccessorImpl.java:43)
	at java.lang.reflect.Method.invoke(Method.java:498)
	at org.junit.runners.model.FrameworkMethod$1.runReflectiveCall(FrameworkMethod.java:50)
	at org.junit.internal.runners.model.ReflectiveCallable.run(ReflectiveCallable.java:12)
	at org.junit.runners.model.FrameworkMethod.invokeExplosively(FrameworkMethod.java:47)
	at org.junit.internal.runners.statements.InvokeMethod.evaluate(InvokeMethod.java:17)
	at org.junit.internal.runners.statements.FailOnTimeout$CallableStatement.call(FailOnTimeout.java:298)
	at org.junit.internal.runners.statements.FailOnTimeout$CallableStatement.call(FailOnTimeout.java:292)
	at java.util.concurrent.FutureTask.run(FutureTask.java:266)
	at java.lang.Thread.run(Thread.java:748)
45) test27(com.google.javascript.jscomp.TypeInference_ESTest)
org.evosuite.runtime.mock.java.lang.MockIllegalStateException: 140
	at com.google.javascript.rhino.Token.name(Token.java:287)
	at com.google.javascript.rhino.Node.toString(Node.java:955)
	at com.google.javascript.rhino.Node.toString(Node.java:946)
	at com.google.javascript.rhino.Node.toString(Node.java:938)
	at java.lang.String.valueOf(String.java:2994)
	at java.lang.StringBuilder.append(StringBuilder.java:131)
	at com.google.javascript.jscomp.graph.Graph.getNodeOrFail(Graph.java:222)
	at com.google.javascript.jscomp.graph.LinkedDirectedGraph.getOutEdges(LinkedDirectedGraph.java:129)
	at com.google.javascript.jscomp.TypeInference.branchedFlowThrough(TypeInference.java:207)
	at com.google.javascript.jscomp.TypeInference_ESTest.test27(TypeInference_ESTest.java:673)
	at sun.reflect.NativeMethodAccessorImpl.invoke0(Native Method)
	at sun.reflect.NativeMethodAccessorImpl.invoke(NativeMethodAccessorImpl.java:62)
	at sun.reflect.DelegatingMethodAccessorImpl.invoke(DelegatingMethodAccessorImpl.java:43)
	at java.lang.reflect.Method.invoke(Method.java:498)
	at org.junit.runners.model.FrameworkMethod$1.runReflectiveCall(FrameworkMethod.java:50)
	at org.junit.internal.runners.model.ReflectiveCallable.run(ReflectiveCallable.java:12)
	at org.junit.runners.model.FrameworkMethod.invokeExplosively(FrameworkMethod.java:47)
	at org.junit.internal.runners.statements.InvokeMethod.evaluate(InvokeMethod.java:17)
	at org.junit.internal.runners.statements.FailOnTimeout$CallableStatement.call(FailOnTimeout.java:298)
	at org.junit.internal.runners.statements.FailOnTimeout$CallableStatement.call(FailOnTimeout.java:292)
	at java.util.concurrent.FutureTask.run(FutureTask.java:266)
	at java.lang.Thread.run(Thread.java:748)
46) test28(com.google.javascript.jscomp.TypeInference_ESTest)
org.evosuite.runtime.mock.java.lang.MockIllegalStateException: 138
	at com.google.javascript.rhino.Token.name(Token.java:287)
	at com.google.javascript.rhino.Node.toString(Node.java:955)
	at com.google.javascript.rhino.Node.toString(Node.java:946)
	at com.google.javascript.rhino.Node.toString(Node.java:938)
	at java.lang.String.valueOf(String.java:2994)
	at java.lang.StringBuilder.append(StringBuilder.java:131)
	at com.google.javascript.jscomp.graph.Graph.getNodeOrFail(Graph.java:222)
	at com.google.javascript.jscomp.graph.LinkedDirectedGraph.getOutEdges(LinkedDirectedGraph.java:129)
	at com.google.javascript.jscomp.TypeInference.branchedFlowThrough(TypeInference.java:207)
	at com.google.javascript.jscomp.TypeInference_ESTest.test28(TypeInference_ESTest.java:700)
	at sun.reflect.NativeMethodAccessorImpl.invoke0(Native Method)
	at sun.reflect.NativeMethodAccessorImpl.invoke(NativeMethodAccessorImpl.java:62)
	at sun.reflect.DelegatingMethodAccessorImpl.invoke(DelegatingMethodAccessorImpl.java:43)
	at java.lang.reflect.Method.invoke(Method.java:498)
	at org.junit.runners.model.FrameworkMethod$1.runReflectiveCall(FrameworkMethod.java:50)
	at org.junit.internal.runners.model.ReflectiveCallable.run(ReflectiveCallable.java:12)
	at org.junit.runners.model.FrameworkMethod.invokeExplosively(FrameworkMethod.java:47)
	at org.junit.internal.runners.statements.InvokeMethod.evaluate(InvokeMethod.java:17)
	at org.junit.internal.runners.statements.FailOnTimeout$CallableStatement.call(FailOnTimeout.java:298)
	at org.junit.internal.runners.statements.FailOnTimeout$CallableStatement.call(FailOnTimeout.java:292)
	at java.util.concurrent.FutureTask.run(FutureTask.java:266)
	at java.lang.Thread.run(Thread.java:748)
47) test29(com.google.javascript.jscomp.TypeInference_ESTest)
org.evosuite.runtime.mock.java.lang.MockIllegalStateException: 136
	at com.google.javascript.rhino.Token.name(Token.java:287)
	at com.google.javascript.rhino.Node.toString(Node.java:955)
	at com.google.javascript.rhino.Node.toString(Node.java:946)
	at com.google.javascript.rhino.Node.toString(Node.java:938)
	at java.lang.String.valueOf(String.java:2994)
	at java.lang.StringBuilder.append(StringBuilder.java:131)
	at com.google.javascript.jscomp.graph.Graph.getNodeOrFail(Graph.java:222)
	at com.google.javascript.jscomp.graph.LinkedDirectedGraph.getOutEdges(LinkedDirectedGraph.java:129)
	at com.google.javascript.jscomp.TypeInference.branchedFlowThrough(TypeInference.java:207)
	at com.google.javascript.jscomp.TypeInference_ESTest.test29(TypeInference_ESTest.java:724)
	at sun.reflect.NativeMethodAccessorImpl.invoke0(Native Method)
	at sun.reflect.NativeMethodAccessorImpl.invoke(NativeMethodAccessorImpl.java:62)
	at sun.reflect.DelegatingMethodAccessorImpl.invoke(DelegatingMethodAccessorImpl.java:43)
	at java.lang.reflect.Method.invoke(Method.java:498)
	at org.junit.runners.model.FrameworkMethod$1.runReflectiveCall(FrameworkMethod.java:50)
	at org.junit.internal.runners.model.ReflectiveCallable.run(ReflectiveCallable.java:12)
	at org.junit.runners.model.FrameworkMethod.invokeExplosively(FrameworkMethod.java:47)
	at org.junit.internal.runners.statements.InvokeMethod.evaluate(InvokeMethod.java:17)
	at org.junit.internal.runners.statements.FailOnTimeout$CallableStatement.call(FailOnTimeout.java:298)
	at org.junit.internal.runners.statements.FailOnTimeout$CallableStatement.call(FailOnTimeout.java:292)
	at java.util.concurrent.FutureTask.run(FutureTask.java:266)
	at java.lang.Thread.run(Thread.java:748)
48) test60(com.google.javascript.jscomp.TypeInference_ESTest)
org.evosuite.runtime.mock.java.lang.MockIllegalArgumentException: STRING PjP(,14mg` does not exist in graph
	at com.google.javascript.jscomp.graph.Graph.getNodeOrFail(Graph.java:222)
	at com.google.javascript.jscomp.graph.LinkedDirectedGraph.getOutEdges(LinkedDirectedGraph.java:129)
	at com.google.javascript.jscomp.TypeInference.branchedFlowThrough(TypeInference.java:207)
	at com.google.javascript.jscomp.TypeInference_ESTest.test60(TypeInference_ESTest.java:1453)
	at sun.reflect.NativeMethodAccessorImpl.invoke0(Native Method)
	at sun.reflect.NativeMethodAccessorImpl.invoke(NativeMethodAccessorImpl.java:62)
	at sun.reflect.DelegatingMethodAccessorImpl.invoke(DelegatingMethodAccessorImpl.java:43)
	at java.lang.reflect.Method.invoke(Method.java:498)
	at org.junit.runners.model.FrameworkMethod$1.runReflectiveCall(FrameworkMethod.java:50)
	at org.junit.internal.runners.model.ReflectiveCallable.run(ReflectiveCallable.java:12)
	at org.junit.runners.model.FrameworkMethod.invokeExplosively(FrameworkMethod.java:47)
	at org.junit.internal.runners.statements.InvokeMethod.evaluate(InvokeMethod.java:17)
	at org.junit.internal.runners.statements.FailOnTimeout$CallableStatement.call(FailOnTimeout.java:298)
	at org.junit.internal.runners.statements.FailOnTimeout$CallableStatement.call(FailOnTimeout.java:292)
	at java.util.concurrent.FutureTask.run(FutureTask.java:266)
	at java.lang.Thread.run(Thread.java:748)
49) test61(com.google.javascript.jscomp.TypeInference_ESTest)
org.evosuite.runtime.mock.java.lang.MockIllegalStateException: Number node not created with Node.newNumber
	at com.google.javascript.rhino.Node.getDouble(Node.java:893)
	at com.google.javascript.rhino.Node.toString(Node.java:971)
	at com.google.javascript.rhino.Node.toString(Node.java:946)
	at com.google.javascript.rhino.Node.toString(Node.java:938)
	at java.lang.String.valueOf(String.java:2994)
	at java.lang.StringBuilder.append(StringBuilder.java:131)
	at com.google.javascript.jscomp.graph.Graph.getNodeOrFail(Graph.java:222)
	at com.google.javascript.jscomp.graph.LinkedDirectedGraph.getOutEdges(LinkedDirectedGraph.java:129)
	at com.google.javascript.jscomp.TypeInference.branchedFlowThrough(TypeInference.java:207)
	at com.google.javascript.jscomp.TypeInference_ESTest.test61(TypeInference_ESTest.java:1478)
	at sun.reflect.NativeMethodAccessorImpl.invoke0(Native Method)
	at sun.reflect.NativeMethodAccessorImpl.invoke(NativeMethodAccessorImpl.java:62)
	at sun.reflect.DelegatingMethodAccessorImpl.invoke(DelegatingMethodAccessorImpl.java:43)
	at java.lang.reflect.Method.invoke(Method.java:498)
	at org.junit.runners.model.FrameworkMethod$1.runReflectiveCall(FrameworkMethod.java:50)
	at org.junit.internal.runners.model.ReflectiveCallable.run(ReflectiveCallable.java:12)
	at org.junit.runners.model.FrameworkMethod.invokeExplosively(FrameworkMethod.java:47)
	at org.junit.internal.runners.statements.InvokeMethod.evaluate(InvokeMethod.java:17)
	at org.junit.internal.runners.statements.FailOnTimeout$CallableStatement.call(FailOnTimeout.java:298)
	at org.junit.internal.runners.statements.FailOnTimeout$CallableStatement.call(FailOnTimeout.java:292)
	at java.util.concurrent.FutureTask.run(FutureTask.java:266)
	at java.lang.Thread.run(Thread.java:748)
50) test62(com.google.javascript.jscomp.TypeInference_ESTest)
org.evosuite.runtime.mock.java.lang.MockIllegalArgumentException: CALL 79 does not exist in graph
	at com.google.javascript.jscomp.graph.Graph.getNodeOrFail(Graph.java:222)
	at com.google.javascript.jscomp.graph.LinkedDirectedGraph.getOutEdges(LinkedDirectedGraph.java:129)
	at com.google.javascript.jscomp.TypeInference.branchedFlowThrough(TypeInference.java:207)
	at com.google.javascript.jscomp.TypeInference_ESTest.test62(TypeInference_ESTest.java:1503)
	at sun.reflect.NativeMethodAccessorImpl.invoke0(Native Method)
	at sun.reflect.NativeMethodAccessorImpl.invoke(NativeMethodAccessorImpl.java:62)
	at sun.reflect.DelegatingMethodAccessorImpl.invoke(DelegatingMethodAccessorImpl.java:43)
	at java.lang.reflect.Method.invoke(Method.java:498)
	at org.junit.runners.model.FrameworkMethod$1.runReflectiveCall(FrameworkMethod.java:50)
	at org.junit.internal.runners.model.ReflectiveCallable.run(ReflectiveCallable.java:12)
	at org.junit.runners.model.FrameworkMethod.invokeExplosively(FrameworkMethod.java:47)
	at org.junit.internal.runners.statements.InvokeMethod.evaluate(InvokeMethod.java:17)
	at org.junit.internal.runners.statements.FailOnTimeout$CallableStatement.call(FailOnTimeout.java:298)
	at org.junit.internal.runners.statements.FailOnTimeout$CallableStatement.call(FailOnTimeout.java:292)
	at java.util.concurrent.FutureTask.run(FutureTask.java:266)
	at java.lang.Thread.run(Thread.java:748)
51) test63(com.google.javascript.jscomp.TypeInference_ESTest)
org.evosuite.runtime.mock.java.lang.MockIllegalStateException: 36
	at com.google.javascript.rhino.Token.name(Token.java:287)
	at com.google.javascript.rhino.Node.toString(Node.java:955)
	at com.google.javascript.rhino.Node.toString(Node.java:946)
	at com.google.javascript.rhino.Node.toString(Node.java:938)
	at java.lang.String.valueOf(String.java:2994)
	at java.lang.StringBuilder.append(StringBuilder.java:131)
	at com.google.javascript.jscomp.graph.Graph.getNodeOrFail(Graph.java:222)
	at com.google.javascript.jscomp.graph.LinkedDirectedGraph.getOutEdges(LinkedDirectedGraph.java:129)
	at com.google.javascript.jscomp.TypeInference.branchedFlowThrough(TypeInference.java:207)
	at com.google.javascript.jscomp.TypeInference_ESTest.test63(TypeInference_ESTest.java:1528)
	at sun.reflect.NativeMethodAccessorImpl.invoke0(Native Method)
	at sun.reflect.NativeMethodAccessorImpl.invoke(NativeMethodAccessorImpl.java:62)
	at sun.reflect.DelegatingMethodAccessorImpl.invoke(DelegatingMethodAccessorImpl.java:43)
	at java.lang.reflect.Method.invoke(Method.java:498)
	at org.junit.runners.model.FrameworkMethod$1.runReflectiveCall(FrameworkMethod.java:50)
	at org.junit.internal.runners.model.ReflectiveCallable.run(ReflectiveCallable.java:12)
	at org.junit.runners.model.FrameworkMethod.invokeExplosively(FrameworkMethod.java:47)
	at org.junit.internal.runners.statements.InvokeMethod.evaluate(InvokeMethod.java:17)
	at org.junit.internal.runners.statements.FailOnTimeout$CallableStatement.call(FailOnTimeout.java:298)
	at org.junit.internal.runners.statements.FailOnTimeout$CallableStatement.call(FailOnTimeout.java:292)
	at java.util.concurrent.FutureTask.run(FutureTask.java:266)
	at java.lang.Thread.run(Thread.java:748)
52) test31(com.google.javascript.jscomp.TypeInference_ESTest)
org.evosuite.runtime.mock.java.lang.MockIllegalStateException: 131
	at com.google.javascript.rhino.Token.name(Token.java:287)
	at com.google.javascript.rhino.Node.toString(Node.java:955)
	at com.google.javascript.rhino.Node.toString(Node.java:946)
	at com.google.javascript.rhino.Node.toString(Node.java:938)
	at java.lang.String.valueOf(String.java:2994)
	at java.lang.StringBuilder.append(StringBuilder.java:131)
	at com.google.javascript.jscomp.graph.Graph.getNodeOrFail(Graph.java:222)
	at com.google.javascript.jscomp.graph.LinkedDirectedGraph.getOutEdges(LinkedDirectedGraph.java:129)
	at com.google.javascript.jscomp.TypeInference.branchedFlowThrough(TypeInference.java:207)
	at com.google.javascript.jscomp.TypeInference_ESTest.test31(TypeInference_ESTest.java:773)
	at sun.reflect.NativeMethodAccessorImpl.invoke0(Native Method)
	at sun.reflect.NativeMethodAccessorImpl.invoke(NativeMethodAccessorImpl.java:62)
	at sun.reflect.DelegatingMethodAccessorImpl.invoke(DelegatingMethodAccessorImpl.java:43)
	at java.lang.reflect.Method.invoke(Method.java:498)
	at org.junit.runners.model.FrameworkMethod$1.runReflectiveCall(FrameworkMethod.java:50)
	at org.junit.internal.runners.model.ReflectiveCallable.run(ReflectiveCallable.java:12)
	at org.junit.runners.model.FrameworkMethod.invokeExplosively(FrameworkMethod.java:47)
	at org.junit.internal.runners.statements.InvokeMethod.evaluate(InvokeMethod.java:17)
	at org.junit.internal.runners.statements.FailOnTimeout$CallableStatement.call(FailOnTimeout.java:298)
	at org.junit.internal.runners.statements.FailOnTimeout$CallableStatement.call(FailOnTimeout.java:292)
	at java.util.concurrent.FutureTask.run(FutureTask.java:266)
	at java.lang.Thread.run(Thread.java:748)
53) test33(com.google.javascript.jscomp.TypeInference_ESTest)
org.evosuite.runtime.mock.java.lang.MockIllegalStateException: 127
	at com.google.javascript.rhino.Token.name(Token.java:287)
	at com.google.javascript.rhino.Node.toString(Node.java:955)
	at com.google.javascript.rhino.Node.toString(Node.java:946)
	at com.google.javascript.rhino.Node.toString(Node.java:938)
	at java.lang.String.valueOf(String.java:2994)
	at java.lang.StringBuilder.append(StringBuilder.java:131)
	at com.google.javascript.jscomp.graph.Graph.getNodeOrFail(Graph.java:222)
	at com.google.javascript.jscomp.graph.LinkedDirectedGraph.getOutEdges(LinkedDirectedGraph.java:129)
	at com.google.javascript.jscomp.TypeInference.branchedFlowThrough(TypeInference.java:207)
	at com.google.javascript.jscomp.TypeInference_ESTest.test33(TypeInference_ESTest.java:814)
	at sun.reflect.NativeMethodAccessorImpl.invoke0(Native Method)
	at sun.reflect.NativeMethodAccessorImpl.invoke(NativeMethodAccessorImpl.java:62)
	at sun.reflect.DelegatingMethodAccessorImpl.invoke(DelegatingMethodAccessorImpl.java:43)
	at java.lang.reflect.Method.invoke(Method.java:498)
	at org.junit.runners.model.FrameworkMethod$1.runReflectiveCall(FrameworkMethod.java:50)
	at org.junit.internal.runners.model.ReflectiveCallable.run(ReflectiveCallable.java:12)
	at org.junit.runners.model.FrameworkMethod.invokeExplosively(FrameworkMethod.java:47)
	at org.junit.internal.runners.statements.InvokeMethod.evaluate(InvokeMethod.java:17)
	at org.junit.internal.runners.statements.FailOnTimeout$CallableStatement.call(FailOnTimeout.java:298)
	at org.junit.internal.runners.statements.FailOnTimeout$CallableStatement.call(FailOnTimeout.java:292)
	at java.util.concurrent.FutureTask.run(FutureTask.java:266)
	at java.lang.Thread.run(Thread.java:748)
54) test77(com.google.javascript.jscomp.TypeInference_ESTest)
java.lang.UnsupportedOperationException: SCRIPT 1 [synthetic: com.google.javascript.rhino.Node$IntPropListItem@0000000641] [source_file: com.google.javascript.rhino.Node$ObjectPropListItem@0000000642] [input_id: com.google.javascript.rhino.Node$ObjectPropListItem@0000000643] is not a string node
	at com.google.javascript.rhino.Node.getString(Node.java:919)
	at com.google.javascript.jscomp.TypeInference.traverseGetProp(TypeInference.java:1331)
	at com.google.javascript.jscomp.TypeInference.traverse(TypeInference.java:320)
	at com.google.javascript.jscomp.TypeInference.flowThrough(TypeInference.java:190)
	at com.google.javascript.jscomp.TypeInference.branchedFlowThrough(TypeInference.java:202)
	at com.google.javascript.jscomp.TypeInference_ESTest.test77(TypeInference_ESTest.java:1834)
	at sun.reflect.NativeMethodAccessorImpl.invoke0(Native Method)
	at sun.reflect.NativeMethodAccessorImpl.invoke(NativeMethodAccessorImpl.java:62)
	at sun.reflect.DelegatingMethodAccessorImpl.invoke(DelegatingMethodAccessorImpl.java:43)
	at java.lang.reflect.Method.invoke(Method.java:498)
	at org.junit.runners.model.FrameworkMethod$1.runReflectiveCall(FrameworkMethod.java:50)
	at org.junit.internal.runners.model.ReflectiveCallable.run(ReflectiveCallable.java:12)
	at org.junit.runners.model.FrameworkMethod.invokeExplosively(FrameworkMethod.java:47)
	at org.junit.internal.runners.statements.InvokeMethod.evaluate(InvokeMethod.java:17)
	at org.junit.internal.runners.statements.FailOnTimeout$CallableStatement.call(FailOnTimeout.java:298)
	at org.junit.internal.runners.statements.FailOnTimeout$CallableStatement.call(FailOnTimeout.java:292)
	at java.util.concurrent.FutureTask.run(FutureTask.java:266)
	at java.lang.Thread.run(Thread.java:748)
55) test34(com.google.javascript.jscomp.TypeInference_ESTest)
org.evosuite.runtime.mock.java.lang.MockIllegalArgumentException: LABEL 3 does not exist in graph
	at com.google.javascript.jscomp.graph.Graph.getNodeOrFail(Graph.java:222)
	at com.google.javascript.jscomp.graph.LinkedDirectedGraph.getOutEdges(LinkedDirectedGraph.java:129)
	at com.google.javascript.jscomp.TypeInference.branchedFlowThrough(TypeInference.java:207)
	at com.google.javascript.jscomp.TypeInference_ESTest.test34(TypeInference_ESTest.java:838)
	at sun.reflect.NativeMethodAccessorImpl.invoke0(Native Method)
	at sun.reflect.NativeMethodAccessorImpl.invoke(NativeMethodAccessorImpl.java:62)
	at sun.reflect.DelegatingMethodAccessorImpl.invoke(DelegatingMethodAccessorImpl.java:43)
	at java.lang.reflect.Method.invoke(Method.java:498)
	at org.junit.runners.model.FrameworkMethod$1.runReflectiveCall(FrameworkMethod.java:50)
	at org.junit.internal.runners.model.ReflectiveCallable.run(ReflectiveCallable.java:12)
	at org.junit.runners.model.FrameworkMethod.invokeExplosively(FrameworkMethod.java:47)
	at org.junit.internal.runners.statements.InvokeMethod.evaluate(InvokeMethod.java:17)
	at org.junit.internal.runners.statements.FailOnTimeout$CallableStatement.call(FailOnTimeout.java:298)
	at org.junit.internal.runners.statements.FailOnTimeout$CallableStatement.call(FailOnTimeout.java:292)
	at java.util.concurrent.FutureTask.run(FutureTask.java:266)
	at java.lang.Thread.run(Thread.java:748)
56) test35(com.google.javascript.jscomp.TypeInference_ESTest)
org.evosuite.runtime.mock.java.lang.MockIllegalArgumentException: VOID does not exist in graph
	at com.google.javascript.jscomp.graph.Graph.getNodeOrFail(Graph.java:222)
	at com.google.javascript.jscomp.graph.LinkedDirectedGraph.getOutEdges(LinkedDirectedGraph.java:129)
	at com.google.javascript.jscomp.TypeInference.branchedFlowThrough(TypeInference.java:207)
	at com.google.javascript.jscomp.TypeInference_ESTest.test35(TypeInference_ESTest.java:865)
	at sun.reflect.NativeMethodAccessorImpl.invoke0(Native Method)
	at sun.reflect.NativeMethodAccessorImpl.invoke(NativeMethodAccessorImpl.java:62)
	at sun.reflect.DelegatingMethodAccessorImpl.invoke(DelegatingMethodAccessorImpl.java:43)
	at java.lang.reflect.Method.invoke(Method.java:498)
	at org.junit.runners.model.FrameworkMethod$1.runReflectiveCall(FrameworkMethod.java:50)
	at org.junit.internal.runners.model.ReflectiveCallable.run(ReflectiveCallable.java:12)
	at org.junit.runners.model.FrameworkMethod.invokeExplosively(FrameworkMethod.java:47)
	at org.junit.internal.runners.statements.InvokeMethod.evaluate(InvokeMethod.java:17)
	at org.junit.internal.runners.statements.FailOnTimeout$CallableStatement.call(FailOnTimeout.java:298)
	at org.junit.internal.runners.statements.FailOnTimeout$CallableStatement.call(FailOnTimeout.java:292)
	at java.util.concurrent.FutureTask.run(FutureTask.java:266)
	at java.lang.Thread.run(Thread.java:748)
57) test36(com.google.javascript.jscomp.TypeInference_ESTest)
org.evosuite.runtime.mock.java.lang.MockIllegalStateException: 121
	at com.google.javascript.rhino.Token.name(Token.java:287)
	at com.google.javascript.rhino.Node.toString(Node.java:955)
	at com.google.javascript.rhino.Node.toString(Node.java:946)
	at com.google.javascript.rhino.Node.toString(Node.java:938)
	at java.lang.String.valueOf(String.java:2994)
	at java.lang.StringBuilder.append(StringBuilder.java:131)
	at com.google.javascript.jscomp.graph.Graph.getNodeOrFail(Graph.java:222)
	at com.google.javascript.jscomp.graph.LinkedDirectedGraph.getOutEdges(LinkedDirectedGraph.java:129)
	at com.google.javascript.jscomp.TypeInference.branchedFlowThrough(TypeInference.java:207)
	at com.google.javascript.jscomp.TypeInference_ESTest.test36(TypeInference_ESTest.java:889)
	at sun.reflect.NativeMethodAccessorImpl.invoke0(Native Method)
	at sun.reflect.NativeMethodAccessorImpl.invoke(NativeMethodAccessorImpl.java:62)
	at sun.reflect.DelegatingMethodAccessorImpl.invoke(DelegatingMethodAccessorImpl.java:43)
	at java.lang.reflect.Method.invoke(Method.java:498)
	at org.junit.runners.model.FrameworkMethod$1.runReflectiveCall(FrameworkMethod.java:50)
	at org.junit.internal.runners.model.ReflectiveCallable.run(ReflectiveCallable.java:12)
	at org.junit.runners.model.FrameworkMethod.invokeExplosively(FrameworkMethod.java:47)
	at org.junit.internal.runners.statements.InvokeMethod.evaluate(InvokeMethod.java:17)
	at org.junit.internal.runners.statements.FailOnTimeout$CallableStatement.call(FailOnTimeout.java:298)
	at org.junit.internal.runners.statements.FailOnTimeout$CallableStatement.call(FailOnTimeout.java:292)
	at java.util.concurrent.FutureTask.run(FutureTask.java:266)
	at java.lang.Thread.run(Thread.java:748)
58) test37(com.google.javascript.jscomp.TypeInference_ESTest)
org.evosuite.runtime.mock.java.lang.MockIllegalArgumentException: WITH does not exist in graph
	at com.google.javascript.jscomp.graph.Graph.getNodeOrFail(Graph.java:222)
	at com.google.javascript.jscomp.graph.LinkedDirectedGraph.getOutEdges(LinkedDirectedGraph.java:129)
	at com.google.javascript.jscomp.TypeInference.branchedFlowThrough(TypeInference.java:207)
	at com.google.javascript.jscomp.TypeInference_ESTest.test37(TypeInference_ESTest.java:914)
	at sun.reflect.NativeMethodAccessorImpl.invoke0(Native Method)
	at sun.reflect.NativeMethodAccessorImpl.invoke(NativeMethodAccessorImpl.java:62)
	at sun.reflect.DelegatingMethodAccessorImpl.invoke(DelegatingMethodAccessorImpl.java:43)
	at java.lang.reflect.Method.invoke(Method.java:498)
	at org.junit.runners.model.FrameworkMethod$1.runReflectiveCall(FrameworkMethod.java:50)
	at org.junit.internal.runners.model.ReflectiveCallable.run(ReflectiveCallable.java:12)
	at org.junit.runners.model.FrameworkMethod.invokeExplosively(FrameworkMethod.java:47)
	at org.junit.internal.runners.statements.InvokeMethod.evaluate(InvokeMethod.java:17)
	at org.junit.internal.runners.statements.FailOnTimeout$CallableStatement.call(FailOnTimeout.java:298)
	at org.junit.internal.runners.statements.FailOnTimeout$CallableStatement.call(FailOnTimeout.java:292)
	at java.util.concurrent.FutureTask.run(FutureTask.java:266)
	at java.lang.Thread.run(Thread.java:748)
59) test38(com.google.javascript.jscomp.TypeInference_ESTest)
org.evosuite.runtime.mock.java.lang.MockIllegalArgumentException: CONTINUE 57 does not exist in graph
	at com.google.javascript.jscomp.graph.Graph.getNodeOrFail(Graph.java:222)
	at com.google.javascript.jscomp.graph.LinkedDirectedGraph.getOutEdges(LinkedDirectedGraph.java:129)
	at com.google.javascript.jscomp.TypeInference.branchedFlowThrough(TypeInference.java:207)
	at com.google.javascript.jscomp.TypeInference_ESTest.test38(TypeInference_ESTest.java:939)
	at sun.reflect.NativeMethodAccessorImpl.invoke0(Native Method)
	at sun.reflect.NativeMethodAccessorImpl.invoke(NativeMethodAccessorImpl.java:62)
	at sun.reflect.DelegatingMethodAccessorImpl.invoke(DelegatingMethodAccessorImpl.java:43)
	at java.lang.reflect.Method.invoke(Method.java:498)
	at org.junit.runners.model.FrameworkMethod$1.runReflectiveCall(FrameworkMethod.java:50)
	at org.junit.internal.runners.model.ReflectiveCallable.run(ReflectiveCallable.java:12)
	at org.junit.runners.model.FrameworkMethod.invokeExplosively(FrameworkMethod.java:47)
	at org.junit.internal.runners.statements.InvokeMethod.evaluate(InvokeMethod.java:17)
	at org.junit.internal.runners.statements.FailOnTimeout$CallableStatement.call(FailOnTimeout.java:298)
	at org.junit.internal.runners.statements.FailOnTimeout$CallableStatement.call(FailOnTimeout.java:292)
	at java.util.concurrent.FutureTask.run(FutureTask.java:266)
	at java.lang.Thread.run(Thread.java:748)
60) test39(com.google.javascript.jscomp.TypeInference_ESTest)
org.evosuite.runtime.mock.java.lang.MockIllegalArgumentException: FOR 16 does not exist in graph
	at com.google.javascript.jscomp.graph.Graph.getNodeOrFail(Graph.java:222)
	at com.google.javascript.jscomp.graph.LinkedDirectedGraph.getOutEdges(LinkedDirectedGraph.java:129)
	at com.google.javascript.jscomp.TypeInference.branchedFlowThrough(TypeInference.java:207)
	at com.google.javascript.jscomp.TypeInference_ESTest.test39(TypeInference_ESTest.java:964)
	at sun.reflect.NativeMethodAccessorImpl.invoke0(Native Method)
	at sun.reflect.NativeMethodAccessorImpl.invoke(NativeMethodAccessorImpl.java:62)
	at sun.reflect.DelegatingMethodAccessorImpl.invoke(DelegatingMethodAccessorImpl.java:43)
	at java.lang.reflect.Method.invoke(Method.java:498)
	at org.junit.runners.model.FrameworkMethod$1.runReflectiveCall(FrameworkMethod.java:50)
	at org.junit.internal.runners.model.ReflectiveCallable.run(ReflectiveCallable.java:12)
	at org.junit.runners.model.FrameworkMethod.invokeExplosively(FrameworkMethod.java:47)
	at org.junit.internal.runners.statements.InvokeMethod.evaluate(InvokeMethod.java:17)
	at org.junit.internal.runners.statements.FailOnTimeout$CallableStatement.call(FailOnTimeout.java:298)
	at org.junit.internal.runners.statements.FailOnTimeout$CallableStatement.call(FailOnTimeout.java:292)
	at java.util.concurrent.FutureTask.run(FutureTask.java:266)
	at java.lang.Thread.run(Thread.java:748)
61) test70(com.google.javascript.jscomp.TypeInference_ESTest)
org.evosuite.runtime.mock.java.lang.MockIllegalArgumentException: BITAND 111 : number does not exist in graph
	at com.google.javascript.jscomp.graph.Graph.getNodeOrFail(Graph.java:222)
	at com.google.javascript.jscomp.graph.LinkedDirectedGraph.getOutEdges(LinkedDirectedGraph.java:129)
	at com.google.javascript.jscomp.TypeInference.branchedFlowThrough(TypeInference.java:207)
	at com.google.javascript.jscomp.TypeInference_ESTest.test70(TypeInference_ESTest.java:1696)
	at sun.reflect.NativeMethodAccessorImpl.invoke0(Native Method)
	at sun.reflect.NativeMethodAccessorImpl.invoke(NativeMethodAccessorImpl.java:62)
	at sun.reflect.DelegatingMethodAccessorImpl.invoke(DelegatingMethodAccessorImpl.java:43)
	at java.lang.reflect.Method.invoke(Method.java:498)
	at org.junit.runners.model.FrameworkMethod$1.runReflectiveCall(FrameworkMethod.java:50)
	at org.junit.internal.runners.model.ReflectiveCallable.run(ReflectiveCallable.java:12)
	at org.junit.runners.model.FrameworkMethod.invokeExplosively(FrameworkMethod.java:47)
	at org.junit.internal.runners.statements.InvokeMethod.evaluate(InvokeMethod.java:17)
	at org.junit.internal.runners.statements.FailOnTimeout$CallableStatement.call(FailOnTimeout.java:298)
	at org.junit.internal.runners.statements.FailOnTimeout$CallableStatement.call(FailOnTimeout.java:292)
	at java.util.concurrent.FutureTask.run(FutureTask.java:266)
	at java.lang.Thread.run(Thread.java:748)
62) test71(com.google.javascript.jscomp.TypeInference_ESTest)
org.evosuite.runtime.mock.java.lang.MockIllegalStateException: 8
	at com.google.javascript.rhino.Token.name(Token.java:287)
	at com.google.javascript.rhino.Node.toString(Node.java:955)
	at com.google.javascript.rhino.Node.toString(Node.java:946)
	at com.google.javascript.rhino.Node.toString(Node.java:938)
	at java.lang.String.valueOf(String.java:2994)
	at java.lang.StringBuilder.append(StringBuilder.java:131)
	at com.google.javascript.jscomp.graph.Graph.getNodeOrFail(Graph.java:222)
	at com.google.javascript.jscomp.graph.LinkedDirectedGraph.getOutEdges(LinkedDirectedGraph.java:129)
	at com.google.javascript.jscomp.TypeInference.branchedFlowThrough(TypeInference.java:207)
	at com.google.javascript.jscomp.TypeInference_ESTest.test71(TypeInference_ESTest.java:1721)
	at sun.reflect.NativeMethodAccessorImpl.invoke0(Native Method)
	at sun.reflect.NativeMethodAccessorImpl.invoke(NativeMethodAccessorImpl.java:62)
	at sun.reflect.DelegatingMethodAccessorImpl.invoke(DelegatingMethodAccessorImpl.java:43)
	at java.lang.reflect.Method.invoke(Method.java:498)
	at org.junit.runners.model.FrameworkMethod$1.runReflectiveCall(FrameworkMethod.java:50)
	at org.junit.internal.runners.model.ReflectiveCallable.run(ReflectiveCallable.java:12)
	at org.junit.runners.model.FrameworkMethod.invokeExplosively(FrameworkMethod.java:47)
	at org.junit.internal.runners.statements.InvokeMethod.evaluate(InvokeMethod.java:17)
	at org.junit.internal.runners.statements.FailOnTimeout$CallableStatement.call(FailOnTimeout.java:298)
	at org.junit.internal.runners.statements.FailOnTimeout$CallableStatement.call(FailOnTimeout.java:292)
	at java.util.concurrent.FutureTask.run(FutureTask.java:266)
	at java.lang.Thread.run(Thread.java:748)
63) test72(com.google.javascript.jscomp.TypeInference_ESTest)
org.evosuite.runtime.mock.java.lang.MockIllegalArgumentException: RETURN does not exist in graph
	at com.google.javascript.jscomp.graph.Graph.getNodeOrFail(Graph.java:222)
	at com.google.javascript.jscomp.graph.LinkedDirectedGraph.getOutEdges(LinkedDirectedGraph.java:129)
	at com.google.javascript.jscomp.TypeInference.branchedFlowThrough(TypeInference.java:207)
	at com.google.javascript.jscomp.TypeInference_ESTest.test72(TypeInference_ESTest.java:1747)
	at sun.reflect.NativeMethodAccessorImpl.invoke0(Native Method)
	at sun.reflect.NativeMethodAccessorImpl.invoke(NativeMethodAccessorImpl.java:62)
	at sun.reflect.DelegatingMethodAccessorImpl.invoke(DelegatingMethodAccessorImpl.java:43)
	at java.lang.reflect.Method.invoke(Method.java:498)
	at org.junit.runners.model.FrameworkMethod$1.runReflectiveCall(FrameworkMethod.java:50)
	at org.junit.internal.runners.model.ReflectiveCallable.run(ReflectiveCallable.java:12)
	at org.junit.runners.model.FrameworkMethod.invokeExplosively(FrameworkMethod.java:47)
	at org.junit.internal.runners.statements.InvokeMethod.evaluate(InvokeMethod.java:17)
	at org.junit.internal.runners.statements.FailOnTimeout$CallableStatement.call(FailOnTimeout.java:298)
	at org.junit.internal.runners.statements.FailOnTimeout$CallableStatement.call(FailOnTimeout.java:292)
	at java.util.concurrent.FutureTask.run(FutureTask.java:266)
	at java.lang.Thread.run(Thread.java:748)
64) test30(com.google.javascript.jscomp.TypeInference_ESTest)
org.evosuite.runtime.mock.java.lang.MockIllegalStateException: 134
	at com.google.javascript.rhino.Token.name(Token.java:287)
	at com.google.javascript.rhino.Node.toString(Node.java:955)
	at com.google.javascript.rhino.Node.toString(Node.java:946)
	at com.google.javascript.rhino.Node.toString(Node.java:938)
	at java.lang.String.valueOf(String.java:2994)
	at java.lang.StringBuilder.append(StringBuilder.java:131)
	at com.google.javascript.jscomp.graph.Graph.getNodeOrFail(Graph.java:222)
	at com.google.javascript.jscomp.graph.LinkedDirectedGraph.getOutEdges(LinkedDirectedGraph.java:129)
	at com.google.javascript.jscomp.TypeInference.branchedFlowThrough(TypeInference.java:207)
	at com.google.javascript.jscomp.TypeInference_ESTest.test30(TypeInference_ESTest.java:748)
	at sun.reflect.NativeMethodAccessorImpl.invoke0(Native Method)
	at sun.reflect.NativeMethodAccessorImpl.invoke(NativeMethodAccessorImpl.java:62)
	at sun.reflect.DelegatingMethodAccessorImpl.invoke(DelegatingMethodAccessorImpl.java:43)
	at java.lang.reflect.Method.invoke(Method.java:498)
	at org.junit.runners.model.FrameworkMethod$1.runReflectiveCall(FrameworkMethod.java:50)
	at org.junit.internal.runners.model.ReflectiveCallable.run(ReflectiveCallable.java:12)
	at org.junit.runners.model.FrameworkMethod.invokeExplosively(FrameworkMethod.java:47)
	at org.junit.internal.runners.statements.InvokeMethod.evaluate(InvokeMethod.java:17)
	at org.junit.internal.runners.statements.FailOnTimeout$CallableStatement.call(FailOnTimeout.java:298)
	at org.junit.internal.runners.statements.FailOnTimeout$CallableStatement.call(FailOnTimeout.java:292)
	at java.util.concurrent.FutureTask.run(FutureTask.java:266)
	at java.lang.Thread.run(Thread.java:748)

FAILURES!!!
Tests run: 78,  Failures: 64

