JUnit version 3.8.2
.E.E.E.E.E.E.E.E.E.E.E.E.E.E.E.E.E.E.E..E.E........E..E......E..E.E.........E.E...E...............E..............E.E...............E.....E.E......E.............
Time: 1.576
There were 36 failures:
1) test020(org.apache.commons.jxpath.ri.model.jdom.JDOMNodePointer_ESTest)
org.evosuite.runtime.mock.java.lang.MockIllegalStateException: Root element not set
	at org.jdom.Document.getContent(Document.java:408)
	at org.apache.commons.jxpath.ri.model.jdom.JDOMNodePointer.isLeaf(JDOMNodePointer.java:220)
	at org.apache.commons.jxpath.ri.model.jdom.JDOMNodePointer_ESTest.test020(JDOMNodePointer_ESTest.java:329)
	at sun.reflect.NativeMethodAccessorImpl.invoke0(Native Method)
	at sun.reflect.NativeMethodAccessorImpl.invoke(NativeMethodAccessorImpl.java:62)
	at sun.reflect.DelegatingMethodAccessorImpl.invoke(DelegatingMethodAccessorImpl.java:43)
	at java.lang.reflect.Method.invoke(Method.java:498)
	at org.junit.runners.model.FrameworkMethod$1.runReflectiveCall(FrameworkMethod.java:50)
	at org.junit.internal.runners.model.ReflectiveCallable.run(ReflectiveCallable.java:12)
	at org.junit.runners.model.FrameworkMethod.invokeExplosively(FrameworkMethod.java:47)
	at org.junit.internal.runners.statements.InvokeMethod.evaluate(InvokeMethod.java:17)
	at org.junit.internal.runners.statements.FailOnTimeout$CallableStatement.call(FailOnTimeout.java:298)
	at org.junit.internal.runners.statements.FailOnTimeout$CallableStatement.call(FailOnTimeout.java:292)
	at java.util.concurrent.FutureTask.run(FutureTask.java:266)
	at java.lang.Thread.run(Thread.java:748)
2) test021(org.apache.commons.jxpath.ri.model.jdom.JDOMNodePointer_ESTest)
java.lang.NullPointerException
	at org.apache.commons.jxpath.ri.model.NodePointer.isLanguage(NodePointer.java:500)
	at org.apache.commons.jxpath.ri.model.jdom.JDOMNodePointer.isLanguage(JDOMNodePointer.java:447)
	at org.apache.commons.jxpath.ri.model.jdom.JDOMNodePointer_ESTest.test021(JDOMNodePointer_ESTest.java:348)
	at sun.reflect.NativeMethodAccessorImpl.invoke0(Native Method)
	at sun.reflect.NativeMethodAccessorImpl.invoke(NativeMethodAccessorImpl.java:62)
	at sun.reflect.DelegatingMethodAccessorImpl.invoke(DelegatingMethodAccessorImpl.java:43)
	at java.lang.reflect.Method.invoke(Method.java:498)
	at org.junit.runners.model.FrameworkMethod$1.runReflectiveCall(FrameworkMethod.java:50)
	at org.junit.internal.runners.model.ReflectiveCallable.run(ReflectiveCallable.java:12)
	at org.junit.runners.model.FrameworkMethod.invokeExplosively(FrameworkMethod.java:47)
	at org.junit.internal.runners.statements.InvokeMethod.evaluate(InvokeMethod.java:17)
	at org.junit.internal.runners.statements.FailOnTimeout$CallableStatement.call(FailOnTimeout.java:298)
	at org.junit.internal.runners.statements.FailOnTimeout$CallableStatement.call(FailOnTimeout.java:292)
	at java.util.concurrent.FutureTask.run(FutureTask.java:266)
	at java.lang.Thread.run(Thread.java:748)
3) test022(org.apache.commons.jxpath.ri.model.jdom.JDOMNodePointer_ESTest)
java.lang.NullPointerException
	at org.apache.commons.jxpath.ri.model.jdom.JDOMNodePointer.getNamespaceURI(JDOMNodePointer.java:127)
	at org.apache.commons.jxpath.ri.model.jdom.JDOMNodePointer_ESTest.test022(JDOMNodePointer_ESTest.java:366)
	at sun.reflect.NativeMethodAccessorImpl.invoke0(Native Method)
	at sun.reflect.NativeMethodAccessorImpl.invoke(NativeMethodAccessorImpl.java:62)
	at sun.reflect.DelegatingMethodAccessorImpl.invoke(DelegatingMethodAccessorImpl.java:43)
	at java.lang.reflect.Method.invoke(Method.java:498)
	at org.junit.runners.model.FrameworkMethod$1.runReflectiveCall(FrameworkMethod.java:50)
	at org.junit.internal.runners.model.ReflectiveCallable.run(ReflectiveCallable.java:12)
	at org.junit.runners.model.FrameworkMethod.invokeExplosively(FrameworkMethod.java:47)
	at org.junit.internal.runners.statements.InvokeMethod.evaluate(InvokeMethod.java:17)
	at org.junit.internal.runners.statements.FailOnTimeout$CallableStatement.call(FailOnTimeout.java:298)
	at org.junit.internal.runners.statements.FailOnTimeout$CallableStatement.call(FailOnTimeout.java:292)
	at java.util.concurrent.FutureTask.run(FutureTask.java:266)
	at java.lang.Thread.run(Thread.java:748)
4) test023(org.apache.commons.jxpath.ri.model.jdom.JDOMNodePointer_ESTest)
java.lang.NullPointerException
	at org.jdom.AttributeList.indexOf(AttributeList.java:378)
	at org.jdom.AttributeList.get(AttributeList.java:366)
	at org.jdom.Element.getAttributeValue(Element.java:1041)
	at org.jdom.Element.getAttributeValue(Element.java:1025)
	at org.apache.commons.jxpath.ri.model.jdom.JDOMNodePointer.findEnclosingAttribute(JDOMNodePointer.java:458)
	at org.apache.commons.jxpath.ri.model.jdom.JDOMNodePointer_ESTest.test023(JDOMNodePointer_ESTest.java:378)
	at sun.reflect.NativeMethodAccessorImpl.invoke0(Native Method)
	at sun.reflect.NativeMethodAccessorImpl.invoke(NativeMethodAccessorImpl.java:62)
	at sun.reflect.DelegatingMethodAccessorImpl.invoke(DelegatingMethodAccessorImpl.java:43)
	at java.lang.reflect.Method.invoke(Method.java:498)
	at org.junit.runners.model.FrameworkMethod$1.runReflectiveCall(FrameworkMethod.java:50)
	at org.junit.internal.runners.model.ReflectiveCallable.run(ReflectiveCallable.java:12)
	at org.junit.runners.model.FrameworkMethod.invokeExplosively(FrameworkMethod.java:47)
	at org.junit.internal.runners.statements.InvokeMethod.evaluate(InvokeMethod.java:17)
	at org.junit.internal.runners.statements.FailOnTimeout$CallableStatement.call(FailOnTimeout.java:298)
	at org.junit.internal.runners.statements.FailOnTimeout$CallableStatement.call(FailOnTimeout.java:292)
	at java.util.concurrent.FutureTask.run(FutureTask.java:266)
	at java.lang.Thread.run(Thread.java:748)
5) test017(org.apache.commons.jxpath.ri.model.jdom.JDOMNodePointer_ESTest)
org.evosuite.runtime.mock.java.lang.MockIllegalArgumentException: No such variable: '4^;'
	at org.apache.commons.jxpath.BasicVariables.getVariable(BasicVariables.java:61)
	at org.apache.commons.jxpath.ri.model.VariablePointer.getBaseValue(VariablePointer.java:86)
	at org.apache.commons.jxpath.ri.model.VariablePointer.getImmediateNode(VariablePointer.java:109)
	at org.apache.commons.jxpath.ri.model.VariablePointer.getImmediateValuePointer(VariablePointer.java:153)
	at org.apache.commons.jxpath.ri.model.NodePointer.getValuePointer(NodePointer.java:246)
	at org.apache.commons.jxpath.ri.model.NodePointer.getValue(NodePointer.java:220)
	at org.apache.commons.jxpath.util.BasicTypeConverter.convert(BasicTypeConverter.java:235)
	at org.apache.commons.jxpath.util.TypeUtils.convert(TypeUtils.java:77)
	at org.apache.commons.jxpath.ri.model.jdom.JDOMNodePointer.setValue(JDOMNodePointer.java:282)
	at org.apache.commons.jxpath.ri.model.jdom.JDOMNodePointer_ESTest.test017(JDOMNodePointer_ESTest.java:275)
	at sun.reflect.NativeMethodAccessorImpl.invoke0(Native Method)
	at sun.reflect.NativeMethodAccessorImpl.invoke(NativeMethodAccessorImpl.java:62)
	at sun.reflect.DelegatingMethodAccessorImpl.invoke(DelegatingMethodAccessorImpl.java:43)
	at java.lang.reflect.Method.invoke(Method.java:498)
	at org.junit.runners.model.FrameworkMethod$1.runReflectiveCall(FrameworkMethod.java:50)
	at org.junit.internal.runners.model.ReflectiveCallable.run(ReflectiveCallable.java:12)
	at org.junit.runners.model.FrameworkMethod.invokeExplosively(FrameworkMethod.java:47)
	at org.junit.internal.runners.statements.InvokeMethod.evaluate(InvokeMethod.java:17)
	at org.junit.internal.runners.statements.FailOnTimeout$CallableStatement.call(FailOnTimeout.java:298)
	at org.junit.internal.runners.statements.FailOnTimeout$CallableStatement.call(FailOnTimeout.java:292)
	at java.util.concurrent.FutureTask.run(FutureTask.java:266)
	at java.lang.Thread.run(Thread.java:748)
6) test018(org.apache.commons.jxpath.ri.model.jdom.JDOMNodePointer_ESTest)
java.lang.ClassCastException: org.apache.commons.jxpath.ri.compiler.NodeTypeTest cannot be cast to org.jdom.Element
	at org.apache.commons.jxpath.ri.model.jdom.JDOMNodePointer.setValue(JDOMNodePointer.java:291)
	at org.apache.commons.jxpath.ri.model.jdom.JDOMNodePointer_ESTest.test018(JDOMNodePointer_ESTest.java:292)
	at sun.reflect.NativeMethodAccessorImpl.invoke0(Native Method)
	at sun.reflect.NativeMethodAccessorImpl.invoke(NativeMethodAccessorImpl.java:62)
	at sun.reflect.DelegatingMethodAccessorImpl.invoke(DelegatingMethodAccessorImpl.java:43)
	at java.lang.reflect.Method.invoke(Method.java:498)
	at org.junit.runners.model.FrameworkMethod$1.runReflectiveCall(FrameworkMethod.java:50)
	at org.junit.internal.runners.model.ReflectiveCallable.run(ReflectiveCallable.java:12)
	at org.junit.runners.model.FrameworkMethod.invokeExplosively(FrameworkMethod.java:47)
	at org.junit.internal.runners.statements.InvokeMethod.evaluate(InvokeMethod.java:17)
	at org.junit.internal.runners.statements.FailOnTimeout$CallableStatement.call(FailOnTimeout.java:298)
	at org.junit.internal.runners.statements.FailOnTimeout$CallableStatement.call(FailOnTimeout.java:292)
	at java.util.concurrent.FutureTask.run(FutureTask.java:266)
	at java.lang.Thread.run(Thread.java:748)
7) test019(org.apache.commons.jxpath.ri.model.jdom.JDOMNodePointer_ESTest)
org.evosuite.runtime.mock.java.lang.MockIllegalStateException: Root element not set
	at org.jdom.Document.getRootElement(Document.java:218)
	at org.apache.commons.jxpath.ri.model.jdom.JDOMNamespaceIterator.<init>(JDOMNamespaceIterator.java:50)
	at org.apache.commons.jxpath.ri.model.jdom.JDOMNodePointer.namespaceIterator(JDOMNodePointer.java:92)
	at org.apache.commons.jxpath.ri.model.jdom.JDOMNodePointer_ESTest.test019(JDOMNodePointer_ESTest.java:310)
	at sun.reflect.NativeMethodAccessorImpl.invoke0(Native Method)
	at sun.reflect.NativeMethodAccessorImpl.invoke(NativeMethodAccessorImpl.java:62)
	at sun.reflect.DelegatingMethodAccessorImpl.invoke(DelegatingMethodAccessorImpl.java:43)
	at java.lang.reflect.Method.invoke(Method.java:498)
	at org.junit.runners.model.FrameworkMethod$1.runReflectiveCall(FrameworkMethod.java:50)
	at org.junit.internal.runners.model.ReflectiveCallable.run(ReflectiveCallable.java:12)
	at org.junit.runners.model.FrameworkMethod.invokeExplosively(FrameworkMethod.java:47)
	at org.junit.internal.runners.statements.InvokeMethod.evaluate(InvokeMethod.java:17)
	at org.junit.internal.runners.statements.FailOnTimeout$CallableStatement.call(FailOnTimeout.java:298)
	at org.junit.internal.runners.statements.FailOnTimeout$CallableStatement.call(FailOnTimeout.java:292)
	at java.util.concurrent.FutureTask.run(FutureTask.java:266)
	at java.lang.Thread.run(Thread.java:748)
8) test013(org.apache.commons.jxpath.ri.model.jdom.JDOMNodePointer_ESTest)
java.lang.NullPointerException
	at org.apache.commons.jxpath.ri.compiler.NodeNameTest.isWildcard(NodeNameTest.java:68)
	at org.apache.commons.jxpath.ri.model.jdom.JDOMNodePointer.testNode(JDOMNodePointer.java:374)
	at org.apache.commons.jxpath.ri.model.jdom.JDOMNodePointer.testNode(JDOMNodePointer.java:355)
	at org.apache.commons.jxpath.ri.model.jdom.JDOMNodePointer_ESTest.test013(JDOMNodePointer_ESTest.java:200)
	at sun.reflect.NativeMethodAccessorImpl.invoke0(Native Method)
	at sun.reflect.NativeMethodAccessorImpl.invoke(NativeMethodAccessorImpl.java:62)
	at sun.reflect.DelegatingMethodAccessorImpl.invoke(DelegatingMethodAccessorImpl.java:43)
	at java.lang.reflect.Method.invoke(Method.java:498)
	at org.junit.runners.model.FrameworkMethod$1.runReflectiveCall(FrameworkMethod.java:50)
	at org.junit.internal.runners.model.ReflectiveCallable.run(ReflectiveCallable.java:12)
	at org.junit.runners.model.FrameworkMethod.invokeExplosively(FrameworkMethod.java:47)
	at org.junit.internal.runners.statements.InvokeMethod.evaluate(InvokeMethod.java:17)
	at org.junit.internal.runners.statements.FailOnTimeout$CallableStatement.call(FailOnTimeout.java:298)
	at org.junit.internal.runners.statements.FailOnTimeout$CallableStatement.call(FailOnTimeout.java:292)
	at java.util.concurrent.FutureTask.run(FutureTask.java:266)
	at java.lang.Thread.run(Thread.java:748)
9) test014(org.apache.commons.jxpath.ri.model.jdom.JDOMNodePointer_ESTest)
org.apache.commons.jxpath.JXPathException: Undefined variable: Factory could not create a child node for path: :r
	at org.apache.commons.jxpath.ri.model.VariablePointer$1.getImmediateNode(VariablePointer.java:160)
	at org.apache.commons.jxpath.ri.model.NodePointer.getNode(NodePointer.java:308)
	at org.apache.commons.jxpath.ri.model.NodePointer.getValue(NodePointer.java:225)
	at org.apache.commons.jxpath.ri.model.NodePointer.getValue(NodePointer.java:222)
	at org.apache.commons.jxpath.util.BasicTypeConverter.convert(BasicTypeConverter.java:235)
	at org.apache.commons.jxpath.util.TypeUtils.convert(TypeUtils.java:77)
	at org.apache.commons.jxpath.ri.model.jdom.JDOMNodePointer.setValue(JDOMNodePointer.java:317)
	at org.apache.commons.jxpath.ri.model.jdom.JDOMNodePointer_ESTest.test014(JDOMNodePointer_ESTest.java:219)
	at sun.reflect.NativeMethodAccessorImpl.invoke0(Native Method)
	at sun.reflect.NativeMethodAccessorImpl.invoke(NativeMethodAccessorImpl.java:62)
	at sun.reflect.DelegatingMethodAccessorImpl.invoke(DelegatingMethodAccessorImpl.java:43)
	at java.lang.reflect.Method.invoke(Method.java:498)
	at org.junit.runners.model.FrameworkMethod$1.runReflectiveCall(FrameworkMethod.java:50)
	at org.junit.internal.runners.model.ReflectiveCallable.run(ReflectiveCallable.java:12)
	at org.junit.runners.model.FrameworkMethod.invokeExplosively(FrameworkMethod.java:47)
	at org.junit.internal.runners.statements.InvokeMethod.evaluate(InvokeMethod.java:17)
	at org.junit.internal.runners.statements.FailOnTimeout$CallableStatement.call(FailOnTimeout.java:298)
	at org.junit.internal.runners.statements.FailOnTimeout$CallableStatement.call(FailOnTimeout.java:292)
	at java.util.concurrent.FutureTask.run(FutureTask.java:266)
	at java.lang.Thread.run(Thread.java:748)
10) test015(org.apache.commons.jxpath.ri.model.jdom.JDOMNodePointer_ESTest)
org.jdom.IllegalDataException: The data "]]>" is not legal for a JDOM CDATA section: CDATA cannot internally contain a CDATA ending delimiter (]]>).
	at org.jdom.CDATA.setText(CDATA.java:121)
	at org.apache.commons.jxpath.ri.model.jdom.JDOMNodePointer.setValue(JDOMNodePointer.java:284)
	at org.apache.commons.jxpath.ri.model.jdom.JDOMNodePointer_ESTest.test015(JDOMNodePointer_ESTest.java:236)
	at sun.reflect.NativeMethodAccessorImpl.invoke0(Native Method)
	at sun.reflect.NativeMethodAccessorImpl.invoke(NativeMethodAccessorImpl.java:62)
	at sun.reflect.DelegatingMethodAccessorImpl.invoke(DelegatingMethodAccessorImpl.java:43)
	at java.lang.reflect.Method.invoke(Method.java:498)
	at org.junit.runners.model.FrameworkMethod$1.runReflectiveCall(FrameworkMethod.java:50)
	at org.junit.internal.runners.model.ReflectiveCallable.run(ReflectiveCallable.java:12)
	at org.junit.runners.model.FrameworkMethod.invokeExplosively(FrameworkMethod.java:47)
	at org.junit.internal.runners.statements.InvokeMethod.evaluate(InvokeMethod.java:17)
	at org.junit.internal.runners.statements.FailOnTimeout$CallableStatement.call(FailOnTimeout.java:298)
	at org.junit.internal.runners.statements.FailOnTimeout$CallableStatement.call(FailOnTimeout.java:292)
	at java.util.concurrent.FutureTask.run(FutureTask.java:266)
	at java.lang.Thread.run(Thread.java:748)
11) test016(org.apache.commons.jxpath.ri.model.jdom.JDOMNodePointer_ESTest)
org.evosuite.runtime.mock.java.lang.MockIllegalStateException: Root element not set
	at org.jdom.Document.getContent(Document.java:408)
	at org.apache.commons.jxpath.ri.model.jdom.JDOMNodePointer.setValue(JDOMNodePointer.java:300)
	at org.apache.commons.jxpath.ri.model.jdom.JDOMNodePointer_ESTest.test016(JDOMNodePointer_ESTest.java:255)
	at sun.reflect.NativeMethodAccessorImpl.invoke0(Native Method)
	at sun.reflect.NativeMethodAccessorImpl.invoke(NativeMethodAccessorImpl.java:62)
	at sun.reflect.DelegatingMethodAccessorImpl.invoke(DelegatingMethodAccessorImpl.java:43)
	at java.lang.reflect.Method.invoke(Method.java:498)
	at org.junit.runners.model.FrameworkMethod$1.runReflectiveCall(FrameworkMethod.java:50)
	at org.junit.internal.runners.model.ReflectiveCallable.run(ReflectiveCallable.java:12)
	at org.junit.runners.model.FrameworkMethod.invokeExplosively(FrameworkMethod.java:47)
	at org.junit.internal.runners.statements.InvokeMethod.evaluate(InvokeMethod.java:17)
	at org.junit.internal.runners.statements.FailOnTimeout$CallableStatement.call(FailOnTimeout.java:298)
	at org.junit.internal.runners.statements.FailOnTimeout$CallableStatement.call(FailOnTimeout.java:292)
	at java.util.concurrent.FutureTask.run(FutureTask.java:266)
	at java.lang.Thread.run(Thread.java:748)
12) test031(org.apache.commons.jxpath.ri.model.jdom.JDOMNodePointer_ESTest)
org.evosuite.runtime.mock.java.lang.MockIllegalArgumentException: No such variable: 'http://www.w3.org/XML/1998/namespace:null'
	at org.apache.commons.jxpath.BasicVariables.getVariable(BasicVariables.java:61)
	at org.apache.commons.jxpath.ri.model.VariablePointer.getBaseValue(VariablePointer.java:86)
	at org.apache.commons.jxpath.ri.model.jdom.JDOMNodePointer.compareChildNodePointers(JDOMNodePointer.java:148)
	at org.apache.commons.jxpath.ri.model.jdom.JDOMNodePointer_ESTest.test031(JDOMNodePointer_ESTest.java:524)
	at sun.reflect.NativeMethodAccessorImpl.invoke0(Native Method)
	at sun.reflect.NativeMethodAccessorImpl.invoke(NativeMethodAccessorImpl.java:62)
	at sun.reflect.DelegatingMethodAccessorImpl.invoke(DelegatingMethodAccessorImpl.java:43)
	at java.lang.reflect.Method.invoke(Method.java:498)
	at org.junit.runners.model.FrameworkMethod$1.runReflectiveCall(FrameworkMethod.java:50)
	at org.junit.internal.runners.model.ReflectiveCallable.run(ReflectiveCallable.java:12)
	at org.junit.runners.model.FrameworkMethod.invokeExplosively(FrameworkMethod.java:47)
	at org.junit.internal.runners.statements.InvokeMethod.evaluate(InvokeMethod.java:17)
	at org.junit.internal.runners.statements.FailOnTimeout$CallableStatement.call(FailOnTimeout.java:298)
	at org.junit.internal.runners.statements.FailOnTimeout$CallableStatement.call(FailOnTimeout.java:292)
	at java.util.concurrent.FutureTask.run(FutureTask.java:266)
	at java.lang.Thread.run(Thread.java:748)
13) test032(org.apache.commons.jxpath.ri.model.jdom.JDOMNodePointer_ESTest)
org.apache.commons.jxpath.JXPathException: Undefined variable: id('
	at org.apache.commons.jxpath.ri.model.VariablePointer$1.getImmediateNode(VariablePointer.java:160)
	at org.apache.commons.jxpath.ri.model.NodePointer.getNode(NodePointer.java:308)
	at org.apache.commons.jxpath.ri.model.jdom.JDOMNodeIterator.<init>(JDOMNodeIterator.java:50)
	at org.apache.commons.jxpath.ri.model.jdom.JDOMNodePointer.childIterator(JDOMNodePointer.java:84)
	at org.apache.commons.jxpath.ri.model.jdom.JDOMNodePointer_ESTest.test032(JDOMNodePointer_ESTest.java:543)
	at sun.reflect.NativeMethodAccessorImpl.invoke0(Native Method)
	at sun.reflect.NativeMethodAccessorImpl.invoke(NativeMethodAccessorImpl.java:62)
	at sun.reflect.DelegatingMethodAccessorImpl.invoke(DelegatingMethodAccessorImpl.java:43)
	at java.lang.reflect.Method.invoke(Method.java:498)
	at org.junit.runners.model.FrameworkMethod$1.runReflectiveCall(FrameworkMethod.java:50)
	at org.junit.internal.runners.model.ReflectiveCallable.run(ReflectiveCallable.java:12)
	at org.junit.runners.model.FrameworkMethod.invokeExplosively(FrameworkMethod.java:47)
	at org.junit.internal.runners.statements.InvokeMethod.evaluate(InvokeMethod.java:17)
	at org.junit.internal.runners.statements.FailOnTimeout$CallableStatement.call(FailOnTimeout.java:298)
	at org.junit.internal.runners.statements.FailOnTimeout$CallableStatement.call(FailOnTimeout.java:292)
	at java.util.concurrent.FutureTask.run(FutureTask.java:266)
	at java.lang.Thread.run(Thread.java:748)
14) test033(org.apache.commons.jxpath.ri.model.jdom.JDOMNodePointer_ESTest)
java.lang.NullPointerException
	at org.apache.commons.jxpath.ri.model.VariablePointer.getBaseValue(VariablePointer.java:86)
	at org.apache.commons.jxpath.ri.model.VariablePointer.getImmediateNode(VariablePointer.java:109)
	at org.apache.commons.jxpath.ri.model.VariablePointer.getImmediateValuePointer(VariablePointer.java:153)
	at org.apache.commons.jxpath.ri.model.NodePointer.getValuePointer(NodePointer.java:246)
	at org.apache.commons.jxpath.ri.model.NodePointer.getNode(NodePointer.java:308)
	at org.apache.commons.jxpath.ri.model.jdom.JDOMNodeIterator.<init>(JDOMNodeIterator.java:50)
	at org.apache.commons.jxpath.ri.model.jdom.JDOMNodePointer.childIterator(JDOMNodePointer.java:84)
	at org.apache.commons.jxpath.ri.model.jdom.JDOMNodePointer_ESTest.test033(JDOMNodePointer_ESTest.java:563)
	at sun.reflect.NativeMethodAccessorImpl.invoke0(Native Method)
	at sun.reflect.NativeMethodAccessorImpl.invoke(NativeMethodAccessorImpl.java:62)
	at sun.reflect.DelegatingMethodAccessorImpl.invoke(DelegatingMethodAccessorImpl.java:43)
	at java.lang.reflect.Method.invoke(Method.java:498)
	at org.junit.runners.model.FrameworkMethod$1.runReflectiveCall(FrameworkMethod.java:50)
	at org.junit.internal.runners.model.ReflectiveCallable.run(ReflectiveCallable.java:12)
	at org.junit.runners.model.FrameworkMethod.invokeExplosively(FrameworkMethod.java:47)
	at org.junit.internal.runners.statements.InvokeMethod.evaluate(InvokeMethod.java:17)
	at org.junit.internal.runners.statements.FailOnTimeout$CallableStatement.call(FailOnTimeout.java:298)
	at org.junit.internal.runners.statements.FailOnTimeout$CallableStatement.call(FailOnTimeout.java:292)
	at java.util.concurrent.FutureTask.run(FutureTask.java:266)
	at java.lang.Thread.run(Thread.java:748)
15) test034(org.apache.commons.jxpath.ri.model.jdom.JDOMNodePointer_ESTest)
org.evosuite.runtime.mock.java.lang.MockIllegalStateException: Root element not set
	at org.jdom.Document.getContent(Document.java:408)
	at org.apache.commons.jxpath.ri.model.jdom.JDOMNodeIterator.<init>(JDOMNodeIterator.java:55)
	at org.apache.commons.jxpath.ri.model.jdom.JDOMNodePointer.childIterator(JDOMNodePointer.java:84)
	at org.apache.commons.jxpath.ri.model.jdom.JDOMNodePointer_ESTest.test034(JDOMNodePointer_ESTest.java:583)
	at sun.reflect.NativeMethodAccessorImpl.invoke0(Native Method)
	at sun.reflect.NativeMethodAccessorImpl.invoke(NativeMethodAccessorImpl.java:62)
	at sun.reflect.DelegatingMethodAccessorImpl.invoke(DelegatingMethodAccessorImpl.java:43)
	at java.lang.reflect.Method.invoke(Method.java:498)
	at org.junit.runners.model.FrameworkMethod$1.runReflectiveCall(FrameworkMethod.java:50)
	at org.junit.internal.runners.model.ReflectiveCallable.run(ReflectiveCallable.java:12)
	at org.junit.runners.model.FrameworkMethod.invokeExplosively(FrameworkMethod.java:47)
	at org.junit.internal.runners.statements.InvokeMethod.evaluate(InvokeMethod.java:17)
	at org.junit.internal.runners.statements.FailOnTimeout$CallableStatement.call(FailOnTimeout.java:298)
	at org.junit.internal.runners.statements.FailOnTimeout$CallableStatement.call(FailOnTimeout.java:292)
	at java.util.concurrent.FutureTask.run(FutureTask.java:266)
	at java.lang.Thread.run(Thread.java:748)
16) test030(org.apache.commons.jxpath.ri.model.jdom.JDOMNodePointer_ESTest)
java.lang.NullPointerException
	at org.apache.commons.jxpath.ri.model.jdom.JDOMNodePointer.compareChildNodePointers(JDOMNodePointer.java:148)
	at org.apache.commons.jxpath.ri.model.jdom.JDOMNodePointer_ESTest.test030(JDOMNodePointer_ESTest.java:503)
	at sun.reflect.NativeMethodAccessorImpl.invoke0(Native Method)
	at sun.reflect.NativeMethodAccessorImpl.invoke(NativeMethodAccessorImpl.java:62)
	at sun.reflect.DelegatingMethodAccessorImpl.invoke(DelegatingMethodAccessorImpl.java:43)
	at java.lang.reflect.Method.invoke(Method.java:498)
	at org.junit.runners.model.FrameworkMethod$1.runReflectiveCall(FrameworkMethod.java:50)
	at org.junit.internal.runners.model.ReflectiveCallable.run(ReflectiveCallable.java:12)
	at org.junit.runners.model.FrameworkMethod.invokeExplosively(FrameworkMethod.java:47)
	at org.junit.internal.runners.statements.InvokeMethod.evaluate(InvokeMethod.java:17)
	at org.junit.internal.runners.statements.FailOnTimeout$CallableStatement.call(FailOnTimeout.java:298)
	at org.junit.internal.runners.statements.FailOnTimeout$CallableStatement.call(FailOnTimeout.java:292)
	at java.util.concurrent.FutureTask.run(FutureTask.java:266)
	at java.lang.Thread.run(Thread.java:748)
17) test028(org.apache.commons.jxpath.ri.model.jdom.JDOMNodePointer_ESTest)
org.apache.commons.jxpath.JXPathException: Undefined variable: :JXPath internal error: compareChildNodes called for 
	at org.apache.commons.jxpath.ri.model.VariablePointer.getBaseValue(VariablePointer.java:84)
	at org.apache.commons.jxpath.ri.model.jdom.JDOMNodePointer.compareChildNodePointers(JDOMNodePointer.java:148)
	at org.apache.commons.jxpath.ri.model.jdom.JDOMNodePointer_ESTest.test028(JDOMNodePointer_ESTest.java:465)
	at sun.reflect.NativeMethodAccessorImpl.invoke0(Native Method)
	at sun.reflect.NativeMethodAccessorImpl.invoke(NativeMethodAccessorImpl.java:62)
	at sun.reflect.DelegatingMethodAccessorImpl.invoke(DelegatingMethodAccessorImpl.java:43)
	at java.lang.reflect.Method.invoke(Method.java:498)
	at org.junit.runners.model.FrameworkMethod$1.runReflectiveCall(FrameworkMethod.java:50)
	at org.junit.internal.runners.model.ReflectiveCallable.run(ReflectiveCallable.java:12)
	at org.junit.runners.model.FrameworkMethod.invokeExplosively(FrameworkMethod.java:47)
	at org.junit.internal.runners.statements.InvokeMethod.evaluate(InvokeMethod.java:17)
	at org.junit.internal.runners.statements.FailOnTimeout$CallableStatement.call(FailOnTimeout.java:298)
	at org.junit.internal.runners.statements.FailOnTimeout$CallableStatement.call(FailOnTimeout.java:292)
	at java.util.concurrent.FutureTask.run(FutureTask.java:266)
	at java.lang.Thread.run(Thread.java:748)
18) test029(org.apache.commons.jxpath.ri.model.jdom.JDOMNodePointer_ESTest)
org.evosuite.runtime.mock.java.lang.MockRuntimeException: JXPath internal error: compareChildNodes called for null
	at org.apache.commons.jxpath.ri.model.jdom.JDOMNodePointer.compareChildNodePointers(JDOMNodePointer.java:178)
	at org.apache.commons.jxpath.ri.model.jdom.JDOMNodePointer_ESTest.test029(JDOMNodePointer_ESTest.java:485)
	at sun.reflect.NativeMethodAccessorImpl.invoke0(Native Method)
	at sun.reflect.NativeMethodAccessorImpl.invoke(NativeMethodAccessorImpl.java:62)
	at sun.reflect.DelegatingMethodAccessorImpl.invoke(DelegatingMethodAccessorImpl.java:43)
	at java.lang.reflect.Method.invoke(Method.java:498)
	at org.junit.runners.model.FrameworkMethod$1.runReflectiveCall(FrameworkMethod.java:50)
	at org.junit.internal.runners.model.ReflectiveCallable.run(ReflectiveCallable.java:12)
	at org.junit.runners.model.FrameworkMethod.invokeExplosively(FrameworkMethod.java:47)
	at org.junit.internal.runners.statements.InvokeMethod.evaluate(InvokeMethod.java:17)
	at org.junit.internal.runners.statements.FailOnTimeout$CallableStatement.call(FailOnTimeout.java:298)
	at org.junit.internal.runners.statements.FailOnTimeout$CallableStatement.call(FailOnTimeout.java:292)
	at java.util.concurrent.FutureTask.run(FutureTask.java:266)
	at java.lang.Thread.run(Thread.java:748)
19) test024(org.apache.commons.jxpath.ri.model.jdom.JDOMNodePointer_ESTest)
org.apache.commons.jxpath.JXPathException: Factory is not set on the JXPathContext - cannot create path: id('WE')
	at org.apache.commons.jxpath.ri.model.jdom.JDOMNodePointer.getAbstractFactory(JDOMNodePointer.java:765)
	at org.apache.commons.jxpath.ri.model.jdom.JDOMNodePointer.createChild(JDOMNodePointer.java:496)
	at org.apache.commons.jxpath.ri.model.jdom.JDOMNodePointer.createChild(JDOMNodePointer.java:524)
	at org.apache.commons.jxpath.ri.model.jdom.JDOMNodePointer_ESTest.test024(JDOMNodePointer_ESTest.java:397)
	at sun.reflect.NativeMethodAccessorImpl.invoke0(Native Method)
	at sun.reflect.NativeMethodAccessorImpl.invoke(NativeMethodAccessorImpl.java:62)
	at sun.reflect.DelegatingMethodAccessorImpl.invoke(DelegatingMethodAccessorImpl.java:43)
	at java.lang.reflect.Method.invoke(Method.java:498)
	at org.junit.runners.model.FrameworkMethod$1.runReflectiveCall(FrameworkMethod.java:50)
	at org.junit.internal.runners.model.ReflectiveCallable.run(ReflectiveCallable.java:12)
	at org.junit.runners.model.FrameworkMethod.invokeExplosively(FrameworkMethod.java:47)
	at org.junit.internal.runners.statements.InvokeMethod.evaluate(InvokeMethod.java:17)
	at org.junit.internal.runners.statements.FailOnTimeout$CallableStatement.call(FailOnTimeout.java:298)
	at org.junit.internal.runners.statements.FailOnTimeout$CallableStatement.call(FailOnTimeout.java:292)
	at java.util.concurrent.FutureTask.run(FutureTask.java:266)
	at java.lang.Thread.run(Thread.java:748)
20) test026(org.apache.commons.jxpath.ri.model.jdom.JDOMNodePointer_ESTest)
org.jdom.IllegalNameException: The name "<<unknown namespace>>" is not legal for JDOM/XML attributes: XML names cannot begin with the character "<".
	at org.jdom.Attribute.setName(Attribute.java:361)
	at org.jdom.Attribute.<init>(Attribute.java:228)
	at org.jdom.Attribute.<init>(Attribute.java:252)
	at org.jdom.Element.setAttribute(Element.java:1109)
	at org.apache.commons.jxpath.ri.model.jdom.JDOMNodePointer.createAttribute(JDOMNodePointer.java:551)
	at org.apache.commons.jxpath.ri.model.jdom.JDOMNodePointer_ESTest.test026(JDOMNodePointer_ESTest.java:429)
	at sun.reflect.NativeMethodAccessorImpl.invoke0(Native Method)
	at sun.reflect.NativeMethodAccessorImpl.invoke(NativeMethodAccessorImpl.java:62)
	at sun.reflect.DelegatingMethodAccessorImpl.invoke(DelegatingMethodAccessorImpl.java:43)
	at java.lang.reflect.Method.invoke(Method.java:498)
	at org.junit.runners.model.FrameworkMethod$1.runReflectiveCall(FrameworkMethod.java:50)
	at org.junit.internal.runners.model.ReflectiveCallable.run(ReflectiveCallable.java:12)
	at org.junit.runners.model.FrameworkMethod.invokeExplosively(FrameworkMethod.java:47)
	at org.junit.internal.runners.statements.InvokeMethod.evaluate(InvokeMethod.java:17)
	at org.junit.internal.runners.statements.FailOnTimeout$CallableStatement.call(FailOnTimeout.java:298)
	at org.junit.internal.runners.statements.FailOnTimeout$CallableStatement.call(FailOnTimeout.java:292)
	at java.util.concurrent.FutureTask.run(FutureTask.java:266)
	at java.lang.Thread.run(Thread.java:748)
21) test027(org.apache.commons.jxpath.ri.model.jdom.JDOMNodePointer_ESTest)
java.lang.NullPointerException
	at org.apache.commons.jxpath.ri.model.jdom.JDOMNodePointer.createAttribute(JDOMNodePointer.java:535)
	at org.apache.commons.jxpath.ri.model.jdom.JDOMNodePointer_ESTest.test027(JDOMNodePointer_ESTest.java:447)
	at sun.reflect.NativeMethodAccessorImpl.invoke0(Native Method)
	at sun.reflect.NativeMethodAccessorImpl.invoke(NativeMethodAccessorImpl.java:62)
	at sun.reflect.DelegatingMethodAccessorImpl.invoke(DelegatingMethodAccessorImpl.java:43)
	at java.lang.reflect.Method.invoke(Method.java:498)
	at org.junit.runners.model.FrameworkMethod$1.runReflectiveCall(FrameworkMethod.java:50)
	at org.junit.internal.runners.model.ReflectiveCallable.run(ReflectiveCallable.java:12)
	at org.junit.runners.model.FrameworkMethod.invokeExplosively(FrameworkMethod.java:47)
	at org.junit.internal.runners.statements.InvokeMethod.evaluate(InvokeMethod.java:17)
	at org.junit.internal.runners.statements.FailOnTimeout$CallableStatement.call(FailOnTimeout.java:298)
	at org.junit.internal.runners.statements.FailOnTimeout$CallableStatement.call(FailOnTimeout.java:292)
	at java.util.concurrent.FutureTask.run(FutureTask.java:266)
	at java.lang.Thread.run(Thread.java:748)
22) test035(org.apache.commons.jxpath.ri.model.jdom.JDOMNodePointer_ESTest)
java.lang.NullPointerException
	at org.apache.commons.jxpath.ri.model.jdom.JDOMAttributeIterator.<init>(JDOMAttributeIterator.java:45)
	at org.apache.commons.jxpath.ri.model.jdom.JDOMNodePointer.attributeIterator(JDOMNodePointer.java:88)
	at org.apache.commons.jxpath.ri.model.jdom.JDOMNodePointer_ESTest.test035(JDOMNodePointer_ESTest.java:601)
	at sun.reflect.NativeMethodAccessorImpl.invoke0(Native Method)
	at sun.reflect.NativeMethodAccessorImpl.invoke(NativeMethodAccessorImpl.java:62)
	at sun.reflect.DelegatingMethodAccessorImpl.invoke(DelegatingMethodAccessorImpl.java:43)
	at java.lang.reflect.Method.invoke(Method.java:498)
	at org.junit.runners.model.FrameworkMethod$1.runReflectiveCall(FrameworkMethod.java:50)
	at org.junit.internal.runners.model.ReflectiveCallable.run(ReflectiveCallable.java:12)
	at org.junit.runners.model.FrameworkMethod.invokeExplosively(FrameworkMethod.java:47)
	at org.junit.internal.runners.statements.InvokeMethod.evaluate(InvokeMethod.java:17)
	at org.junit.internal.runners.statements.FailOnTimeout$CallableStatement.call(FailOnTimeout.java:298)
	at org.junit.internal.runners.statements.FailOnTimeout$CallableStatement.call(FailOnTimeout.java:292)
	at java.util.concurrent.FutureTask.run(FutureTask.java:266)
	at java.lang.Thread.run(Thread.java:748)
23) test037(org.apache.commons.jxpath.ri.model.jdom.JDOMNodePointer_ESTest)
java.lang.NullPointerException
	at org.apache.commons.jxpath.ri.model.jdom.JDOMNodePointer.getAbstractFactory(JDOMNodePointer.java:763)
	at org.apache.commons.jxpath.ri.model.jdom.JDOMNodePointer.createChild(JDOMNodePointer.java:496)
	at org.apache.commons.jxpath.ri.model.jdom.JDOMNodePointer_ESTest.test037(JDOMNodePointer_ESTest.java:629)
	at sun.reflect.NativeMethodAccessorImpl.invoke0(Native Method)
	at sun.reflect.NativeMethodAccessorImpl.invoke(NativeMethodAccessorImpl.java:62)
	at sun.reflect.DelegatingMethodAccessorImpl.invoke(DelegatingMethodAccessorImpl.java:43)
	at java.lang.reflect.Method.invoke(Method.java:498)
	at org.junit.runners.model.FrameworkMethod$1.runReflectiveCall(FrameworkMethod.java:50)
	at org.junit.internal.runners.model.ReflectiveCallable.run(ReflectiveCallable.java:12)
	at org.junit.runners.model.FrameworkMethod.invokeExplosively(FrameworkMethod.java:47)
	at org.junit.internal.runners.statements.InvokeMethod.evaluate(InvokeMethod.java:17)
	at org.junit.internal.runners.statements.FailOnTimeout$CallableStatement.call(FailOnTimeout.java:298)
	at org.junit.internal.runners.statements.FailOnTimeout$CallableStatement.call(FailOnTimeout.java:292)
	at java.util.concurrent.FutureTask.run(FutureTask.java:266)
	at java.lang.Thread.run(Thread.java:748)
24) test050(org.apache.commons.jxpath.ri.model.jdom.JDOMNodePointer_ESTest)
org.apache.commons.jxpath.JXPathException: Cannot create an attribute for path /processing-instruction('ero')[1]/@ero, operation is not allowed for this type of node
	at org.apache.commons.jxpath.ri.model.NodePointer.createAttribute(NodePointer.java:473)
	at org.apache.commons.jxpath.ri.model.jdom.JDOMNodePointer.createAttribute(JDOMNodePointer.java:531)
	at org.apache.commons.jxpath.ri.model.jdom.JDOMNodePointer_ESTest.test050(JDOMNodePointer_ESTest.java:767)
	at sun.reflect.NativeMethodAccessorImpl.invoke0(Native Method)
	at sun.reflect.NativeMethodAccessorImpl.invoke(NativeMethodAccessorImpl.java:62)
	at sun.reflect.DelegatingMethodAccessorImpl.invoke(DelegatingMethodAccessorImpl.java:43)
	at java.lang.reflect.Method.invoke(Method.java:498)
	at org.junit.runners.model.FrameworkMethod$1.runReflectiveCall(FrameworkMethod.java:50)
	at org.junit.internal.runners.model.ReflectiveCallable.run(ReflectiveCallable.java:12)
	at org.junit.runners.model.FrameworkMethod.invokeExplosively(FrameworkMethod.java:47)
	at org.junit.internal.runners.statements.InvokeMethod.evaluate(InvokeMethod.java:17)
	at org.junit.internal.runners.statements.FailOnTimeout$CallableStatement.call(FailOnTimeout.java:298)
	at org.junit.internal.runners.statements.FailOnTimeout$CallableStatement.call(FailOnTimeout.java:292)
	at java.util.concurrent.FutureTask.run(FutureTask.java:266)
	at java.lang.Thread.run(Thread.java:748)
25) test052(org.apache.commons.jxpath.ri.model.jdom.JDOMNodePointer_ESTest)
org.apache.commons.jxpath.JXPathException: Cannot create a relative context for a non-existent node: id('7H;f&quot;&quot;)g')
	at org.apache.commons.jxpath.ri.JXPathContextReferenceImpl.getRelativeContext(JXPathContextReferenceImpl.java:595)
	at org.apache.commons.jxpath.ri.model.jdom.JDOMNodePointer_ESTest.test052(JDOMNodePointer_ESTest.java:798)
	at sun.reflect.NativeMethodAccessorImpl.invoke0(Native Method)
	at sun.reflect.NativeMethodAccessorImpl.invoke(NativeMethodAccessorImpl.java:62)
	at sun.reflect.DelegatingMethodAccessorImpl.invoke(DelegatingMethodAccessorImpl.java:43)
	at java.lang.reflect.Method.invoke(Method.java:498)
	at org.junit.runners.model.FrameworkMethod$1.runReflectiveCall(FrameworkMethod.java:50)
	at org.junit.internal.runners.model.ReflectiveCallable.run(ReflectiveCallable.java:12)
	at org.junit.runners.model.FrameworkMethod.invokeExplosively(FrameworkMethod.java:47)
	at org.junit.internal.runners.statements.InvokeMethod.evaluate(InvokeMethod.java:17)
	at org.junit.internal.runners.statements.FailOnTimeout$CallableStatement.call(FailOnTimeout.java:298)
	at org.junit.internal.runners.statements.FailOnTimeout$CallableStatement.call(FailOnTimeout.java:292)
	at java.util.concurrent.FutureTask.run(FutureTask.java:266)
	at java.lang.Thread.run(Thread.java:748)
26) test046(org.apache.commons.jxpath.ri.model.jdom.JDOMNodePointer_ESTest)
org.apache.commons.jxpath.JXPathException: Factory is not set on the JXPathContext - cannot create path: id('r')
	at org.apache.commons.jxpath.ri.model.jdom.JDOMNodePointer.getAbstractFactory(JDOMNodePointer.java:765)
	at org.apache.commons.jxpath.ri.model.jdom.JDOMNodePointer.createChild(JDOMNodePointer.java:496)
	at org.apache.commons.jxpath.ri.model.jdom.JDOMNodePointer_ESTest.test046(JDOMNodePointer_ESTest.java:717)
	at sun.reflect.NativeMethodAccessorImpl.invoke0(Native Method)
	at sun.reflect.NativeMethodAccessorImpl.invoke(NativeMethodAccessorImpl.java:62)
	at sun.reflect.DelegatingMethodAccessorImpl.invoke(DelegatingMethodAccessorImpl.java:43)
	at java.lang.reflect.Method.invoke(Method.java:498)
	at org.junit.runners.model.FrameworkMethod$1.runReflectiveCall(FrameworkMethod.java:50)
	at org.junit.internal.runners.model.ReflectiveCallable.run(ReflectiveCallable.java:12)
	at org.junit.runners.model.FrameworkMethod.invokeExplosively(FrameworkMethod.java:47)
	at org.junit.internal.runners.statements.InvokeMethod.evaluate(InvokeMethod.java:17)
	at org.junit.internal.runners.statements.FailOnTimeout$CallableStatement.call(FailOnTimeout.java:298)
	at org.junit.internal.runners.statements.FailOnTimeout$CallableStatement.call(FailOnTimeout.java:292)
	at java.util.concurrent.FutureTask.run(FutureTask.java:266)
	at java.lang.Thread.run(Thread.java:748)
27) test060(org.apache.commons.jxpath.ri.model.jdom.JDOMNodePointer_ESTest)
org.apache.commons.jxpath.JXPathException: Unknown namespace prefix: <<unknown namespace>>
	at org.apache.commons.jxpath.ri.model.jdom.JDOMNodePointer.createAttribute(JDOMNodePointer.java:539)
	at org.apache.commons.jxpath.ri.model.jdom.JDOMNodePointer_ESTest.test060(JDOMNodePointer_ESTest.java:899)
	at sun.reflect.NativeMethodAccessorImpl.invoke0(Native Method)
	at sun.reflect.NativeMethodAccessorImpl.invoke(NativeMethodAccessorImpl.java:62)
	at sun.reflect.DelegatingMethodAccessorImpl.invoke(DelegatingMethodAccessorImpl.java:43)
	at java.lang.reflect.Method.invoke(Method.java:498)
	at org.junit.runners.model.FrameworkMethod$1.runReflectiveCall(FrameworkMethod.java:50)
	at org.junit.internal.runners.model.ReflectiveCallable.run(ReflectiveCallable.java:12)
	at org.junit.runners.model.FrameworkMethod.invokeExplosively(FrameworkMethod.java:47)
	at org.junit.internal.runners.statements.InvokeMethod.evaluate(InvokeMethod.java:17)
	at org.junit.internal.runners.statements.FailOnTimeout$CallableStatement.call(FailOnTimeout.java:298)
	at org.junit.internal.runners.statements.FailOnTimeout$CallableStatement.call(FailOnTimeout.java:292)
	at java.util.concurrent.FutureTask.run(FutureTask.java:266)
	at java.lang.Thread.run(Thread.java:748)
28) test061(org.apache.commons.jxpath.ri.model.jdom.JDOMNodePointer_ESTest)
java.lang.NullPointerException
	at org.apache.commons.jxpath.ri.model.jdom.JDOMNodePointer.getAbstractFactory(JDOMNodePointer.java:763)
	at org.apache.commons.jxpath.ri.model.jdom.JDOMNodePointer.createChild(JDOMNodePointer.java:496)
	at org.apache.commons.jxpath.ri.model.jdom.JDOMNodePointer.createChild(JDOMNodePointer.java:524)
	at org.apache.commons.jxpath.ri.model.jdom.JDOMNodePointer_ESTest.test061(JDOMNodePointer_ESTest.java:917)
	at sun.reflect.NativeMethodAccessorImpl.invoke0(Native Method)
	at sun.reflect.NativeMethodAccessorImpl.invoke(NativeMethodAccessorImpl.java:62)
	at sun.reflect.DelegatingMethodAccessorImpl.invoke(DelegatingMethodAccessorImpl.java:43)
	at java.lang.reflect.Method.invoke(Method.java:498)
	at org.junit.runners.model.FrameworkMethod$1.runReflectiveCall(FrameworkMethod.java:50)
	at org.junit.internal.runners.model.ReflectiveCallable.run(ReflectiveCallable.java:12)
	at org.junit.runners.model.FrameworkMethod.invokeExplosively(FrameworkMethod.java:47)
	at org.junit.internal.runners.statements.InvokeMethod.evaluate(InvokeMethod.java:17)
	at org.junit.internal.runners.statements.FailOnTimeout$CallableStatement.call(FailOnTimeout.java:298)
	at org.junit.internal.runners.statements.FailOnTimeout$CallableStatement.call(FailOnTimeout.java:292)
	at java.util.concurrent.FutureTask.run(FutureTask.java:266)
	at java.lang.Thread.run(Thread.java:748)
29) test057(org.apache.commons.jxpath.ri.model.jdom.JDOMNodePointer_ESTest)
org.apache.commons.jxpath.JXPathException: Cannot remove root JDOM node
	at org.apache.commons.jxpath.ri.model.jdom.JDOMNodePointer.remove(JDOMNodePointer.java:562)
	at org.apache.commons.jxpath.ri.model.jdom.JDOMNodePointer_ESTest.test057(JDOMNodePointer_ESTest.java:855)
	at sun.reflect.NativeMethodAccessorImpl.invoke0(Native Method)
	at sun.reflect.NativeMethodAccessorImpl.invoke(NativeMethodAccessorImpl.java:62)
	at sun.reflect.DelegatingMethodAccessorImpl.invoke(DelegatingMethodAccessorImpl.java:43)
	at java.lang.reflect.Method.invoke(Method.java:498)
	at org.junit.runners.model.FrameworkMethod$1.runReflectiveCall(FrameworkMethod.java:50)
	at org.junit.internal.runners.model.ReflectiveCallable.run(ReflectiveCallable.java:12)
	at org.junit.runners.model.FrameworkMethod.invokeExplosively(FrameworkMethod.java:47)
	at org.junit.internal.runners.statements.InvokeMethod.evaluate(InvokeMethod.java:17)
	at org.junit.internal.runners.statements.FailOnTimeout$CallableStatement.call(FailOnTimeout.java:298)
	at org.junit.internal.runners.statements.FailOnTimeout$CallableStatement.call(FailOnTimeout.java:292)
	at java.util.concurrent.FutureTask.run(FutureTask.java:266)
	at java.lang.Thread.run(Thread.java:748)
30) test106(org.apache.commons.jxpath.ri.model.jdom.JDOMNodePointer_ESTest)
org.evosuite.runtime.mock.java.lang.MockIllegalStateException: Root element not set
	at org.jdom.Document.getRootElement(Document.java:218)
	at org.jdom.Document.toString(Document.java:627)
	at java.lang.String.valueOf(String.java:2994)
	at java.lang.StringBuilder.append(StringBuilder.java:131)
	at org.apache.commons.jxpath.ri.model.jdom.JDOMNodePointer.compareChildNodePointers(JDOMNodePointer.java:178)
	at org.apache.commons.jxpath.ri.model.jdom.JDOMNodePointer_ESTest.test106(JDOMNodePointer_ESTest.java:1400)
	at sun.reflect.NativeMethodAccessorImpl.invoke0(Native Method)
	at sun.reflect.NativeMethodAccessorImpl.invoke(NativeMethodAccessorImpl.java:62)
	at sun.reflect.DelegatingMethodAccessorImpl.invoke(DelegatingMethodAccessorImpl.java:43)
	at java.lang.reflect.Method.invoke(Method.java:498)
	at org.junit.runners.model.FrameworkMethod$1.runReflectiveCall(FrameworkMethod.java:50)
	at org.junit.internal.runners.model.ReflectiveCallable.run(ReflectiveCallable.java:12)
	at org.junit.runners.model.FrameworkMethod.invokeExplosively(FrameworkMethod.java:47)
	at org.junit.internal.runners.statements.InvokeMethod.evaluate(InvokeMethod.java:17)
	at org.junit.internal.runners.statements.FailOnTimeout$CallableStatement.call(FailOnTimeout.java:298)
	at org.junit.internal.runners.statements.FailOnTimeout$CallableStatement.call(FailOnTimeout.java:292)
	at java.util.concurrent.FutureTask.run(FutureTask.java:266)
	at java.lang.Thread.run(Thread.java:748)
31) test120(org.apache.commons.jxpath.ri.model.jdom.JDOMNodePointer_ESTest)
org.evosuite.runtime.mock.java.lang.MockIllegalArgumentException: No such variable: 'ekNO4/k N)12ftBjA<'
	at org.apache.commons.jxpath.BasicVariables.getVariable(BasicVariables.java:61)
	at org.apache.commons.jxpath.ri.model.VariablePointer.getBaseValue(VariablePointer.java:86)
	at org.apache.commons.jxpath.ri.model.VariablePointer.getImmediateNode(VariablePointer.java:109)
	at org.apache.commons.jxpath.ri.model.VariablePointer.getImmediateValuePointer(VariablePointer.java:153)
	at org.apache.commons.jxpath.ri.model.NodePointer.getValuePointer(NodePointer.java:246)
	at org.apache.commons.jxpath.ri.model.NodePointer.getNode(NodePointer.java:308)
	at org.apache.commons.jxpath.ri.model.jdom.JDOMNodeIterator.<init>(JDOMNodeIterator.java:50)
	at org.apache.commons.jxpath.ri.model.jdom.JDOMNodePointer.childIterator(JDOMNodePointer.java:84)
	at org.apache.commons.jxpath.ri.model.jdom.JDOMNodePointer_ESTest.test120(JDOMNodePointer_ESTest.java:1561)
	at sun.reflect.NativeMethodAccessorImpl.invoke0(Native Method)
	at sun.reflect.NativeMethodAccessorImpl.invoke(NativeMethodAccessorImpl.java:62)
	at sun.reflect.DelegatingMethodAccessorImpl.invoke(DelegatingMethodAccessorImpl.java:43)
	at java.lang.reflect.Method.invoke(Method.java:498)
	at org.junit.runners.model.FrameworkMethod$1.runReflectiveCall(FrameworkMethod.java:50)
	at org.junit.internal.runners.model.ReflectiveCallable.run(ReflectiveCallable.java:12)
	at org.junit.runners.model.FrameworkMethod.invokeExplosively(FrameworkMethod.java:47)
	at org.junit.internal.runners.statements.InvokeMethod.evaluate(InvokeMethod.java:17)
	at org.junit.internal.runners.statements.FailOnTimeout$CallableStatement.call(FailOnTimeout.java:298)
	at org.junit.internal.runners.statements.FailOnTimeout$CallableStatement.call(FailOnTimeout.java:292)
	at java.util.concurrent.FutureTask.run(FutureTask.java:266)
	at java.lang.Thread.run(Thread.java:748)
32) test000(org.apache.commons.jxpath.ri.model.jdom.JDOMNodePointer_ESTest)
org.jdom.IllegalNameException: The name "Z%" is not legal for JDOM/XML attributes: XML names cannot contain the character "%".
	at org.jdom.Attribute.setName(Attribute.java:361)
	at org.jdom.Attribute.<init>(Attribute.java:204)
	at org.jdom.Element.setAttribute(Element.java:1132)
	at org.apache.commons.jxpath.ri.model.jdom.JDOMNodePointer.createAttribute(JDOMNodePointer.java:545)
	at org.apache.commons.jxpath.ri.model.jdom.JDOMNodePointer_ESTest.test000(JDOMNodePointer_ESTest.java:54)
	at sun.reflect.NativeMethodAccessorImpl.invoke0(Native Method)
	at sun.reflect.NativeMethodAccessorImpl.invoke(NativeMethodAccessorImpl.java:62)
	at sun.reflect.DelegatingMethodAccessorImpl.invoke(DelegatingMethodAccessorImpl.java:43)
	at java.lang.reflect.Method.invoke(Method.java:498)
	at org.junit.runners.model.FrameworkMethod$1.runReflectiveCall(FrameworkMethod.java:50)
	at org.junit.internal.runners.model.ReflectiveCallable.run(ReflectiveCallable.java:12)
	at org.junit.runners.model.FrameworkMethod.invokeExplosively(FrameworkMethod.java:47)
	at org.junit.internal.runners.statements.InvokeMethod.evaluate(InvokeMethod.java:17)
	at org.junit.internal.runners.statements.FailOnTimeout$CallableStatement.call(FailOnTimeout.java:298)
	at org.junit.internal.runners.statements.FailOnTimeout$CallableStatement.call(FailOnTimeout.java:292)
	at java.util.concurrent.FutureTask.run(FutureTask.java:266)
	at java.lang.Thread.run(Thread.java:748)
33) test112(org.apache.commons.jxpath.ri.model.jdom.JDOMNodePointer_ESTest)
org.evosuite.runtime.mock.java.lang.MockIllegalStateException: Root element not set
	at org.jdom.Document.getRootElement(Document.java:218)
	at org.apache.commons.jxpath.ri.model.jdom.JDOMNodePointer.getNamespaceURI(JDOMNodePointer.java:132)
	at org.apache.commons.jxpath.ri.model.jdom.JDOMNodePointer_ESTest.test112(JDOMNodePointer_ESTest.java:1473)
	at sun.reflect.NativeMethodAccessorImpl.invoke0(Native Method)
	at sun.reflect.NativeMethodAccessorImpl.invoke(NativeMethodAccessorImpl.java:62)
	at sun.reflect.DelegatingMethodAccessorImpl.invoke(DelegatingMethodAccessorImpl.java:43)
	at java.lang.reflect.Method.invoke(Method.java:498)
	at org.junit.runners.model.FrameworkMethod$1.runReflectiveCall(FrameworkMethod.java:50)
	at org.junit.internal.runners.model.ReflectiveCallable.run(ReflectiveCallable.java:12)
	at org.junit.runners.model.FrameworkMethod.invokeExplosively(FrameworkMethod.java:47)
	at org.junit.internal.runners.statements.InvokeMethod.evaluate(InvokeMethod.java:17)
	at org.junit.internal.runners.statements.FailOnTimeout$CallableStatement.call(FailOnTimeout.java:298)
	at org.junit.internal.runners.statements.FailOnTimeout$CallableStatement.call(FailOnTimeout.java:292)
	at java.util.concurrent.FutureTask.run(FutureTask.java:266)
	at java.lang.Thread.run(Thread.java:748)
34) test091(org.apache.commons.jxpath.ri.model.jdom.JDOMNodePointer_ESTest)
java.lang.NullPointerException
	at org.apache.commons.jxpath.ri.model.jdom.JDOMNodePointer.setValue(JDOMNodePointer.java:287)
	at org.apache.commons.jxpath.ri.model.jdom.JDOMNodePointer_ESTest.test091(JDOMNodePointer_ESTest.java:1227)
	at sun.reflect.NativeMethodAccessorImpl.invoke0(Native Method)
	at sun.reflect.NativeMethodAccessorImpl.invoke(NativeMethodAccessorImpl.java:62)
	at sun.reflect.DelegatingMethodAccessorImpl.invoke(DelegatingMethodAccessorImpl.java:43)
	at java.lang.reflect.Method.invoke(Method.java:498)
	at org.junit.runners.model.FrameworkMethod$1.runReflectiveCall(FrameworkMethod.java:50)
	at org.junit.internal.runners.model.ReflectiveCallable.run(ReflectiveCallable.java:12)
	at org.junit.runners.model.FrameworkMethod.invokeExplosively(FrameworkMethod.java:47)
	at org.junit.internal.runners.statements.InvokeMethod.evaluate(InvokeMethod.java:17)
	at org.junit.internal.runners.statements.FailOnTimeout$CallableStatement.call(FailOnTimeout.java:298)
	at org.junit.internal.runners.statements.FailOnTimeout$CallableStatement.call(FailOnTimeout.java:292)
	at java.util.concurrent.FutureTask.run(FutureTask.java:266)
	at java.lang.Thread.run(Thread.java:748)
35) test092(org.apache.commons.jxpath.ri.model.jdom.JDOMNodePointer_ESTest)
java.lang.NullPointerException
	at org.apache.commons.jxpath.ri.model.jdom.JDOMNodePointer.setValue(JDOMNodePointer.java:287)
	at org.apache.commons.jxpath.ri.model.jdom.JDOMNodePointer_ESTest.test092(JDOMNodePointer_ESTest.java:1246)
	at sun.reflect.NativeMethodAccessorImpl.invoke0(Native Method)
	at sun.reflect.NativeMethodAccessorImpl.invoke(NativeMethodAccessorImpl.java:62)
	at sun.reflect.DelegatingMethodAccessorImpl.invoke(DelegatingMethodAccessorImpl.java:43)
	at java.lang.reflect.Method.invoke(Method.java:498)
	at org.junit.runners.model.FrameworkMethod$1.runReflectiveCall(FrameworkMethod.java:50)
	at org.junit.internal.runners.model.ReflectiveCallable.run(ReflectiveCallable.java:12)
	at org.junit.runners.model.FrameworkMethod.invokeExplosively(FrameworkMethod.java:47)
	at org.junit.internal.runners.statements.InvokeMethod.evaluate(InvokeMethod.java:17)
	at org.junit.internal.runners.statements.FailOnTimeout$CallableStatement.call(FailOnTimeout.java:298)
	at org.junit.internal.runners.statements.FailOnTimeout$CallableStatement.call(FailOnTimeout.java:292)
	at java.util.concurrent.FutureTask.run(FutureTask.java:266)
	at java.lang.Thread.run(Thread.java:748)
36) test012(org.apache.commons.jxpath.ri.model.jdom.JDOMNodePointer_ESTest)
java.lang.NullPointerException
	at org.apache.commons.jxpath.ri.compiler.NodeNameTest.isWildcard(NodeNameTest.java:68)
	at org.apache.commons.jxpath.ri.model.jdom.JDOMNodePointer.testNode(JDOMNodePointer.java:374)
	at org.apache.commons.jxpath.ri.model.jdom.JDOMNodePointer_ESTest.test012(JDOMNodePointer_ESTest.java:179)
	at sun.reflect.NativeMethodAccessorImpl.invoke0(Native Method)
	at sun.reflect.NativeMethodAccessorImpl.invoke(NativeMethodAccessorImpl.java:62)
	at sun.reflect.DelegatingMethodAccessorImpl.invoke(DelegatingMethodAccessorImpl.java:43)
	at java.lang.reflect.Method.invoke(Method.java:498)
	at org.junit.runners.model.FrameworkMethod$1.runReflectiveCall(FrameworkMethod.java:50)
	at org.junit.internal.runners.model.ReflectiveCallable.run(ReflectiveCallable.java:12)
	at org.junit.runners.model.FrameworkMethod.invokeExplosively(FrameworkMethod.java:47)
	at org.junit.internal.runners.statements.InvokeMethod.evaluate(InvokeMethod.java:17)
	at org.junit.internal.runners.statements.FailOnTimeout$CallableStatement.call(FailOnTimeout.java:298)
	at org.junit.internal.runners.statements.FailOnTimeout$CallableStatement.call(FailOnTimeout.java:292)
	at java.util.concurrent.FutureTask.run(FutureTask.java:266)
	at java.lang.Thread.run(Thread.java:748)

FAILURES!!!
Tests run: 124,  Failures: 36

