JUnit version 4.12
....E..E.E.E....E.E.E.E..E.....E..E..E..E.E..E....E...E.E..E.E..E.E...E....E.E......E..E.....E...E....E..E...E.E....E..E.E..E..E.E......E..E.E.E.E.E.E.E.E.E..E.E.E.E.E.E.E.E.E.E..E.E..E..E..E..E..E.E...E.E.E.E.E.E.E.E.E.E.E..E.E.E..E..E..E..E..E..E..E...E.E.E.E.E.E.E.E..E.E.E..E..E.E.E..E.E.E.E.E..E.E....E.E.E.E.E.E.E.E.E.E.E.E.E.E...E.E....E..
Time: 8.361
There were 127 failures:
1) test102(com.fasterxml.jackson.dataformat.xml.ser.ToXmlGenerator_ESTest)
org.evosuite.runtime.mock.java.lang.MockIllegalStateException: No element/attribute name specified when trying to output element
	at com.fasterxml.jackson.dataformat.xml.ser.ToXmlGenerator.handleMissingName(ToXmlGenerator.java:1230)
	at com.fasterxml.jackson.dataformat.xml.ser.ToXmlGenerator._handleStartObject(ToXmlGenerator.java:533)
	at com.fasterxml.jackson.dataformat.xml.ser.ToXmlGenerator_ESTest.test102(ToXmlGenerator_ESTest.java:2174)
	at sun.reflect.NativeMethodAccessorImpl.invoke0(Native Method)
	at sun.reflect.NativeMethodAccessorImpl.invoke(NativeMethodAccessorImpl.java:62)
	at sun.reflect.DelegatingMethodAccessorImpl.invoke(DelegatingMethodAccessorImpl.java:43)
	at java.lang.reflect.Method.invoke(Method.java:498)
	at org.junit.runners.model.FrameworkMethod$1.runReflectiveCall(FrameworkMethod.java:50)
	at org.junit.internal.runners.model.ReflectiveCallable.run(ReflectiveCallable.java:12)
	at org.junit.runners.model.FrameworkMethod.invokeExplosively(FrameworkMethod.java:47)
	at org.junit.internal.runners.statements.InvokeMethod.evaluate(InvokeMethod.java:17)
	at org.junit.internal.runners.statements.FailOnTimeout$CallableStatement.call(FailOnTimeout.java:298)
	at org.junit.internal.runners.statements.FailOnTimeout$CallableStatement.call(FailOnTimeout.java:292)
	at java.util.concurrent.FutureTask.run(FutureTask.java:266)
	at java.lang.Thread.run(Thread.java:748)
2) test108(com.fasterxml.jackson.dataformat.xml.ser.ToXmlGenerator_ESTest)
java.lang.NullPointerException
	at org.codehaus.stax2.util.StreamWriterDelegate.close(StreamWriterDelegate.java:67)
	at com.fasterxml.jackson.dataformat.xml.ser.ToXmlGenerator.close(ToXmlGenerator.java:1197)
	at com.fasterxml.jackson.dataformat.xml.ser.ToXmlGenerator_ESTest.test108(ToXmlGenerator_ESTest.java:2290)
	at sun.reflect.NativeMethodAccessorImpl.invoke0(Native Method)
	at sun.reflect.NativeMethodAccessorImpl.invoke(NativeMethodAccessorImpl.java:62)
	at sun.reflect.DelegatingMethodAccessorImpl.invoke(DelegatingMethodAccessorImpl.java:43)
	at java.lang.reflect.Method.invoke(Method.java:498)
	at org.junit.runners.model.FrameworkMethod$1.runReflectiveCall(FrameworkMethod.java:50)
	at org.junit.internal.runners.model.ReflectiveCallable.run(ReflectiveCallable.java:12)
	at org.junit.runners.model.FrameworkMethod.invokeExplosively(FrameworkMethod.java:47)
	at org.junit.internal.runners.statements.InvokeMethod.evaluate(InvokeMethod.java:17)
	at org.junit.internal.runners.statements.FailOnTimeout$CallableStatement.call(FailOnTimeout.java:298)
	at org.junit.internal.runners.statements.FailOnTimeout$CallableStatement.call(FailOnTimeout.java:292)
	at java.util.concurrent.FutureTask.run(FutureTask.java:266)
	at java.lang.Thread.run(Thread.java:748)
3) test107(com.fasterxml.jackson.dataformat.xml.ser.ToXmlGenerator_ESTest)
com.fasterxml.jackson.core.JsonGenerationException: Trying to write END_DOCUMENT when document has no root (ie. trying to output empty document).
	at com.fasterxml.jackson.dataformat.xml.util.StaxUtil.throwAsGenerationException(StaxUtil.java:47)
	at com.fasterxml.jackson.dataformat.xml.ser.ToXmlGenerator.close(ToXmlGenerator.java:1200)
	at com.fasterxml.jackson.dataformat.xml.ser.ToXmlGenerator_ESTest.test107(ToXmlGenerator_ESTest.java:2269)
	at sun.reflect.NativeMethodAccessorImpl.invoke0(Native Method)
	at sun.reflect.NativeMethodAccessorImpl.invoke(NativeMethodAccessorImpl.java:62)
	at sun.reflect.DelegatingMethodAccessorImpl.invoke(DelegatingMethodAccessorImpl.java:43)
	at java.lang.reflect.Method.invoke(Method.java:498)
	at org.junit.runners.model.FrameworkMethod$1.runReflectiveCall(FrameworkMethod.java:50)
	at org.junit.internal.runners.model.ReflectiveCallable.run(ReflectiveCallable.java:12)
	at org.junit.runners.model.FrameworkMethod.invokeExplosively(FrameworkMethod.java:47)
	at org.junit.internal.runners.statements.InvokeMethod.evaluate(InvokeMethod.java:17)
	at org.junit.internal.runners.statements.FailOnTimeout$CallableStatement.call(FailOnTimeout.java:298)
	at org.junit.internal.runners.statements.FailOnTimeout$CallableStatement.call(FailOnTimeout.java:292)
	at java.util.concurrent.FutureTask.run(FutureTask.java:266)
	at java.lang.Thread.run(Thread.java:748)
4) test106(com.fasterxml.jackson.dataformat.xml.ser.ToXmlGenerator_ESTest)
com.fasterxml.jackson.core.JsonGenerationException: Trying to write END_DOCUMENT when document has no root (ie. trying to output empty document).
	at com.fasterxml.jackson.dataformat.xml.util.StaxUtil.throwAsGenerationException(StaxUtil.java:47)
	at com.fasterxml.jackson.dataformat.xml.ser.ToXmlGenerator.close(ToXmlGenerator.java:1200)
	at com.fasterxml.jackson.dataformat.xml.ser.ToXmlGenerator_ESTest.test106(ToXmlGenerator_ESTest.java:2248)
	at sun.reflect.NativeMethodAccessorImpl.invoke0(Native Method)
	at sun.reflect.NativeMethodAccessorImpl.invoke(NativeMethodAccessorImpl.java:62)
	at sun.reflect.DelegatingMethodAccessorImpl.invoke(DelegatingMethodAccessorImpl.java:43)
	at java.lang.reflect.Method.invoke(Method.java:498)
	at org.junit.runners.model.FrameworkMethod$1.runReflectiveCall(FrameworkMethod.java:50)
	at org.junit.internal.runners.model.ReflectiveCallable.run(ReflectiveCallable.java:12)
	at org.junit.runners.model.FrameworkMethod.invokeExplosively(FrameworkMethod.java:47)
	at org.junit.internal.runners.statements.InvokeMethod.evaluate(InvokeMethod.java:17)
	at org.junit.internal.runners.statements.FailOnTimeout$CallableStatement.call(FailOnTimeout.java:298)
	at org.junit.internal.runners.statements.FailOnTimeout$CallableStatement.call(FailOnTimeout.java:292)
	at java.util.concurrent.FutureTask.run(FutureTask.java:266)
	at java.lang.Thread.run(Thread.java:748)
5) test214(com.fasterxml.jackson.dataformat.xml.ser.ToXmlGenerator_ESTest)
java.lang.NullPointerException
	at com.fasterxml.jackson.dataformat.xml.ser.ToXmlGenerator.writeFieldName(ToXmlGenerator.java:577)
	at com.fasterxml.jackson.dataformat.xml.ser.ToXmlGenerator_ESTest.test214(ToXmlGenerator_ESTest.java:4431)
	at sun.reflect.NativeMethodAccessorImpl.invoke0(Native Method)
	at sun.reflect.NativeMethodAccessorImpl.invoke(NativeMethodAccessorImpl.java:62)
	at sun.reflect.DelegatingMethodAccessorImpl.invoke(DelegatingMethodAccessorImpl.java:43)
	at java.lang.reflect.Method.invoke(Method.java:498)
	at org.junit.runners.model.FrameworkMethod$1.runReflectiveCall(FrameworkMethod.java:50)
	at org.junit.internal.runners.model.ReflectiveCallable.run(ReflectiveCallable.java:12)
	at org.junit.runners.model.FrameworkMethod.invokeExplosively(FrameworkMethod.java:47)
	at org.junit.internal.runners.statements.InvokeMethod.evaluate(InvokeMethod.java:17)
	at org.junit.internal.runners.statements.FailOnTimeout$CallableStatement.call(FailOnTimeout.java:298)
	at org.junit.internal.runners.statements.FailOnTimeout$CallableStatement.call(FailOnTimeout.java:292)
	at java.util.concurrent.FutureTask.run(FutureTask.java:266)
	at java.lang.Thread.run(Thread.java:748)
6) test213(com.fasterxml.jackson.dataformat.xml.ser.ToXmlGenerator_ESTest)
com.fasterxml.jackson.core.JsonGenerationException: Underlying Stax XMLStreamWriter (of type org.codehaus.stax2.util.StreamWriterDelegate) does not implement Stax2 API natively and is missing method 'writeRaw': this breaks functionality such as indentation that relies on it. You need to upgrade to using compliant Stax implementation like Woodstox or Aalto
	at com.fasterxml.jackson.dataformat.xml.ser.ToXmlGenerator._reportUnimplementedStax2(ToXmlGenerator.java:1238)
	at com.fasterxml.jackson.dataformat.xml.ser.ToXmlGenerator.writeRaw(ToXmlGenerator.java:758)
	at com.fasterxml.jackson.dataformat.xml.ser.ToXmlGenerator.writeRaw(ToXmlGenerator.java:798)
	at com.fasterxml.jackson.dataformat.xml.ser.ToXmlGenerator_ESTest.test213(ToXmlGenerator_ESTest.java:4408)
	at sun.reflect.NativeMethodAccessorImpl.invoke0(Native Method)
	at sun.reflect.NativeMethodAccessorImpl.invoke(NativeMethodAccessorImpl.java:62)
	at sun.reflect.DelegatingMethodAccessorImpl.invoke(DelegatingMethodAccessorImpl.java:43)
	at java.lang.reflect.Method.invoke(Method.java:498)
	at org.junit.runners.model.FrameworkMethod$1.runReflectiveCall(FrameworkMethod.java:50)
	at org.junit.internal.runners.model.ReflectiveCallable.run(ReflectiveCallable.java:12)
	at org.junit.runners.model.FrameworkMethod.invokeExplosively(FrameworkMethod.java:47)
	at org.junit.internal.runners.statements.InvokeMethod.evaluate(InvokeMethod.java:17)
	at org.junit.internal.runners.statements.FailOnTimeout$CallableStatement.call(FailOnTimeout.java:298)
	at org.junit.internal.runners.statements.FailOnTimeout$CallableStatement.call(FailOnTimeout.java:292)
	at java.util.concurrent.FutureTask.run(FutureTask.java:266)
	at java.lang.Thread.run(Thread.java:748)
7) test212(com.fasterxml.jackson.dataformat.xml.ser.ToXmlGenerator_ESTest)
com.fasterxml.jackson.core.JsonGenerationException: Can not write a field name, expecting a value
	at com.fasterxml.jackson.core.JsonGenerator._reportError(JsonGenerator.java:1961)
	at com.fasterxml.jackson.dataformat.xml.ser.ToXmlGenerator.writeFieldName(ToXmlGenerator.java:435)
	at com.fasterxml.jackson.dataformat.xml.ser.ToXmlGenerator.writeStringField(ToXmlGenerator.java:445)
	at com.fasterxml.jackson.dataformat.xml.ser.ToXmlGenerator_ESTest.test212(ToXmlGenerator_ESTest.java:4385)
	at sun.reflect.NativeMethodAccessorImpl.invoke0(Native Method)
	at sun.reflect.NativeMethodAccessorImpl.invoke(NativeMethodAccessorImpl.java:62)
	at sun.reflect.DelegatingMethodAccessorImpl.invoke(DelegatingMethodAccessorImpl.java:43)
	at java.lang.reflect.Method.invoke(Method.java:498)
	at org.junit.runners.model.FrameworkMethod$1.runReflectiveCall(FrameworkMethod.java:50)
	at org.junit.internal.runners.model.ReflectiveCallable.run(ReflectiveCallable.java:12)
	at org.junit.runners.model.FrameworkMethod.invokeExplosively(FrameworkMethod.java:47)
	at org.junit.internal.runners.statements.InvokeMethod.evaluate(InvokeMethod.java:17)
	at org.junit.internal.runners.statements.FailOnTimeout$CallableStatement.call(FailOnTimeout.java:298)
	at org.junit.internal.runners.statements.FailOnTimeout$CallableStatement.call(FailOnTimeout.java:292)
	at java.util.concurrent.FutureTask.run(FutureTask.java:266)
	at java.lang.Thread.run(Thread.java:748)
8) test211(com.fasterxml.jackson.dataformat.xml.ser.ToXmlGenerator_ESTest)
java.lang.UnsupportedOperationException: Operation not supported by generator of type com.fasterxml.jackson.dataformat.xml.ser.ToXmlGenerator
	at com.fasterxml.jackson.core.JsonGenerator._reportUnsupportedOperation(JsonGenerator.java:1967)
	at com.fasterxml.jackson.dataformat.xml.ser.ToXmlGenerator.writeUTF8String(ToXmlGenerator.java:668)
	at com.fasterxml.jackson.dataformat.xml.ser.ToXmlGenerator_ESTest.test211(ToXmlGenerator_ESTest.java:4363)
	at sun.reflect.NativeMethodAccessorImpl.invoke0(Native Method)
	at sun.reflect.NativeMethodAccessorImpl.invoke(NativeMethodAccessorImpl.java:62)
	at sun.reflect.DelegatingMethodAccessorImpl.invoke(DelegatingMethodAccessorImpl.java:43)
	at java.lang.reflect.Method.invoke(Method.java:498)
	at org.junit.runners.model.FrameworkMethod$1.runReflectiveCall(FrameworkMethod.java:50)
	at org.junit.internal.runners.model.ReflectiveCallable.run(ReflectiveCallable.java:12)
	at org.junit.runners.model.FrameworkMethod.invokeExplosively(FrameworkMethod.java:47)
	at org.junit.internal.runners.statements.InvokeMethod.evaluate(InvokeMethod.java:17)
	at org.junit.internal.runners.statements.FailOnTimeout$CallableStatement.call(FailOnTimeout.java:298)
	at org.junit.internal.runners.statements.FailOnTimeout$CallableStatement.call(FailOnTimeout.java:292)
	at java.util.concurrent.FutureTask.run(FutureTask.java:266)
	at java.lang.Thread.run(Thread.java:748)
9) test217(com.fasterxml.jackson.dataformat.xml.ser.ToXmlGenerator_ESTest)
org.evosuite.runtime.mock.java.lang.MockIllegalStateException: No element/attribute name specified when trying to output element
	at com.fasterxml.jackson.dataformat.xml.ser.ToXmlGenerator.handleMissingName(ToXmlGenerator.java:1230)
	at com.fasterxml.jackson.dataformat.xml.ser.ToXmlGenerator.writeBinary(ToXmlGenerator.java:817)
	at com.fasterxml.jackson.dataformat.xml.ser.ToXmlGenerator_ESTest.test217(ToXmlGenerator_ESTest.java:4482)
	at sun.reflect.NativeMethodAccessorImpl.invoke0(Native Method)
	at sun.reflect.NativeMethodAccessorImpl.invoke(NativeMethodAccessorImpl.java:62)
	at sun.reflect.DelegatingMethodAccessorImpl.invoke(DelegatingMethodAccessorImpl.java:43)
	at java.lang.reflect.Method.invoke(Method.java:498)
	at org.junit.runners.model.FrameworkMethod$1.runReflectiveCall(FrameworkMethod.java:50)
	at org.junit.internal.runners.model.ReflectiveCallable.run(ReflectiveCallable.java:12)
	at org.junit.runners.model.FrameworkMethod.invokeExplosively(FrameworkMethod.java:47)
	at org.junit.internal.runners.statements.InvokeMethod.evaluate(InvokeMethod.java:17)
	at org.junit.internal.runners.statements.FailOnTimeout$CallableStatement.call(FailOnTimeout.java:298)
	at org.junit.internal.runners.statements.FailOnTimeout$CallableStatement.call(FailOnTimeout.java:292)
	at java.util.concurrent.FutureTask.run(FutureTask.java:266)
	at java.lang.Thread.run(Thread.java:748)
10) test126(com.fasterxml.jackson.dataformat.xml.ser.ToXmlGenerator_ESTest)
com.fasterxml.jackson.core.JsonGenerationException: Trying to write an attribute when there is no open start element.
	at com.fasterxml.jackson.dataformat.xml.util.StaxUtil.throwAsGenerationException(StaxUtil.java:47)
	at com.fasterxml.jackson.dataformat.xml.ser.ToXmlGenerator.writeNumber(ToXmlGenerator.java:1040)
	at com.fasterxml.jackson.dataformat.xml.ser.ToXmlGenerator_ESTest.test126(ToXmlGenerator_ESTest.java:2656)
	at sun.reflect.NativeMethodAccessorImpl.invoke0(Native Method)
	at sun.reflect.NativeMethodAccessorImpl.invoke(NativeMethodAccessorImpl.java:62)
	at sun.reflect.DelegatingMethodAccessorImpl.invoke(DelegatingMethodAccessorImpl.java:43)
	at java.lang.reflect.Method.invoke(Method.java:498)
	at org.junit.runners.model.FrameworkMethod$1.runReflectiveCall(FrameworkMethod.java:50)
	at org.junit.internal.runners.model.ReflectiveCallable.run(ReflectiveCallable.java:12)
	at org.junit.runners.model.FrameworkMethod.invokeExplosively(FrameworkMethod.java:47)
	at org.junit.internal.runners.statements.InvokeMethod.evaluate(InvokeMethod.java:17)
	at org.junit.internal.runners.statements.FailOnTimeout$CallableStatement.call(FailOnTimeout.java:298)
	at org.junit.internal.runners.statements.FailOnTimeout$CallableStatement.call(FailOnTimeout.java:292)
	at java.util.concurrent.FutureTask.run(FutureTask.java:266)
	at java.lang.Thread.run(Thread.java:748)
11) test125(com.fasterxml.jackson.dataformat.xml.ser.ToXmlGenerator_ESTest)
com.fasterxml.jackson.core.JsonGenerationException: Trying to output non-whitespace characters outside main element tree (in prolog or epilog)
	at com.fasterxml.jackson.dataformat.xml.util.StaxUtil.throwAsGenerationException(StaxUtil.java:47)
	at com.fasterxml.jackson.dataformat.xml.ser.ToXmlGenerator.writeNumber(ToXmlGenerator.java:1040)
	at com.fasterxml.jackson.dataformat.xml.ser.ToXmlGenerator_ESTest.test125(ToXmlGenerator_ESTest.java:2633)
	at sun.reflect.NativeMethodAccessorImpl.invoke0(Native Method)
	at sun.reflect.NativeMethodAccessorImpl.invoke(NativeMethodAccessorImpl.java:62)
	at sun.reflect.DelegatingMethodAccessorImpl.invoke(DelegatingMethodAccessorImpl.java:43)
	at java.lang.reflect.Method.invoke(Method.java:498)
	at org.junit.runners.model.FrameworkMethod$1.runReflectiveCall(FrameworkMethod.java:50)
	at org.junit.internal.runners.model.ReflectiveCallable.run(ReflectiveCallable.java:12)
	at org.junit.runners.model.FrameworkMethod.invokeExplosively(FrameworkMethod.java:47)
	at org.junit.internal.runners.statements.InvokeMethod.evaluate(InvokeMethod.java:17)
	at org.junit.internal.runners.statements.FailOnTimeout$CallableStatement.call(FailOnTimeout.java:298)
	at org.junit.internal.runners.statements.FailOnTimeout$CallableStatement.call(FailOnTimeout.java:292)
	at java.util.concurrent.FutureTask.run(FutureTask.java:266)
	at java.lang.Thread.run(Thread.java:748)
12) test124(com.fasterxml.jackson.dataformat.xml.ser.ToXmlGenerator_ESTest)
com.fasterxml.jackson.core.JsonGenerationException: Unbound namespace URI 'g'
	at com.fasterxml.jackson.dataformat.xml.util.StaxUtil.throwAsGenerationException(StaxUtil.java:47)
	at com.fasterxml.jackson.dataformat.xml.ser.ToXmlGenerator.writeNumber(ToXmlGenerator.java:1040)
	at com.fasterxml.jackson.dataformat.xml.ser.ToXmlGenerator_ESTest.test124(ToXmlGenerator_ESTest.java:2608)
	at sun.reflect.NativeMethodAccessorImpl.invoke0(Native Method)
	at sun.reflect.NativeMethodAccessorImpl.invoke(NativeMethodAccessorImpl.java:62)
	at sun.reflect.DelegatingMethodAccessorImpl.invoke(DelegatingMethodAccessorImpl.java:43)
	at java.lang.reflect.Method.invoke(Method.java:498)
	at org.junit.runners.model.FrameworkMethod$1.runReflectiveCall(FrameworkMethod.java:50)
	at org.junit.internal.runners.model.ReflectiveCallable.run(ReflectiveCallable.java:12)
	at org.junit.runners.model.FrameworkMethod.invokeExplosively(FrameworkMethod.java:47)
	at org.junit.internal.runners.statements.InvokeMethod.evaluate(InvokeMethod.java:17)
	at org.junit.internal.runners.statements.FailOnTimeout$CallableStatement.call(FailOnTimeout.java:298)
	at org.junit.internal.runners.statements.FailOnTimeout$CallableStatement.call(FailOnTimeout.java:292)
	at java.util.concurrent.FutureTask.run(FutureTask.java:266)
	at java.lang.Thread.run(Thread.java:748)
13) test123(com.fasterxml.jackson.dataformat.xml.ser.ToXmlGenerator_ESTest)
org.evosuite.runtime.mock.java.lang.MockIllegalStateException: No element/attribute name specified when trying to output element
	at com.fasterxml.jackson.dataformat.xml.ser.ToXmlGenerator.handleMissingName(ToXmlGenerator.java:1230)
	at com.fasterxml.jackson.dataformat.xml.ser.ToXmlGenerator.writeNumber(ToXmlGenerator.java:1053)
	at com.fasterxml.jackson.dataformat.xml.ser.ToXmlGenerator_ESTest.test123(ToXmlGenerator_ESTest.java:2582)
	at sun.reflect.NativeMethodAccessorImpl.invoke0(Native Method)
	at sun.reflect.NativeMethodAccessorImpl.invoke(NativeMethodAccessorImpl.java:62)
	at sun.reflect.DelegatingMethodAccessorImpl.invoke(DelegatingMethodAccessorImpl.java:43)
	at java.lang.reflect.Method.invoke(Method.java:498)
	at org.junit.runners.model.FrameworkMethod$1.runReflectiveCall(FrameworkMethod.java:50)
	at org.junit.internal.runners.model.ReflectiveCallable.run(ReflectiveCallable.java:12)
	at org.junit.runners.model.FrameworkMethod.invokeExplosively(FrameworkMethod.java:47)
	at org.junit.internal.runners.statements.InvokeMethod.evaluate(InvokeMethod.java:17)
	at org.junit.internal.runners.statements.FailOnTimeout$CallableStatement.call(FailOnTimeout.java:298)
	at org.junit.internal.runners.statements.FailOnTimeout$CallableStatement.call(FailOnTimeout.java:292)
	at java.util.concurrent.FutureTask.run(FutureTask.java:266)
	at java.lang.Thread.run(Thread.java:748)
14) test009(com.fasterxml.jackson.dataformat.xml.ser.ToXmlGenerator_ESTest)
com.fasterxml.jackson.core.JsonGenerationException: Unbound namespace URI 'bri?Oy1j=x'
	at com.fasterxml.jackson.dataformat.xml.util.StaxUtil.throwAsGenerationException(StaxUtil.java:47)
	at com.fasterxml.jackson.dataformat.xml.ser.ToXmlGenerator.writeRawValue(ToXmlGenerator.java:721)
	at com.fasterxml.jackson.dataformat.xml.ser.ToXmlGenerator_ESTest.test009(ToXmlGenerator_ESTest.java:246)
	at sun.reflect.NativeMethodAccessorImpl.invoke0(Native Method)
	at sun.reflect.NativeMethodAccessorImpl.invoke(NativeMethodAccessorImpl.java:62)
	at sun.reflect.DelegatingMethodAccessorImpl.invoke(DelegatingMethodAccessorImpl.java:43)
	at java.lang.reflect.Method.invoke(Method.java:498)
	at org.junit.runners.model.FrameworkMethod$1.runReflectiveCall(FrameworkMethod.java:50)
	at org.junit.internal.runners.model.ReflectiveCallable.run(ReflectiveCallable.java:12)
	at org.junit.runners.model.FrameworkMethod.invokeExplosively(FrameworkMethod.java:47)
	at org.junit.internal.runners.statements.InvokeMethod.evaluate(InvokeMethod.java:17)
	at org.junit.internal.runners.statements.FailOnTimeout$CallableStatement.call(FailOnTimeout.java:298)
	at org.junit.internal.runners.statements.FailOnTimeout$CallableStatement.call(FailOnTimeout.java:292)
	at java.util.concurrent.FutureTask.run(FutureTask.java:266)
	at java.lang.Thread.run(Thread.java:748)
15) test129(com.fasterxml.jackson.dataformat.xml.ser.ToXmlGenerator_ESTest)
java.lang.NullPointerException
	at com.ctc.wstx.sw.BaseStreamWriter.writeRaw(BaseStreamWriter.java:1127)
	at com.fasterxml.jackson.dataformat.xml.util.DefaultXmlPrettyPrinter$Lf2SpacesIndenter.writeIndentation(DefaultXmlPrettyPrinter.java:516)
	at com.fasterxml.jackson.dataformat.xml.util.DefaultXmlPrettyPrinter.writeLeafElement(DefaultXmlPrettyPrinter.java:349)
	at com.fasterxml.jackson.dataformat.xml.ser.ToXmlGenerator.writeNumber(ToXmlGenerator.java:1002)
	at com.fasterxml.jackson.dataformat.xml.ser.ToXmlGenerator_ESTest.test129(ToXmlGenerator_ESTest.java:2719)
	at sun.reflect.NativeMethodAccessorImpl.invoke0(Native Method)
	at sun.reflect.NativeMethodAccessorImpl.invoke(NativeMethodAccessorImpl.java:62)
	at sun.reflect.DelegatingMethodAccessorImpl.invoke(DelegatingMethodAccessorImpl.java:43)
	at java.lang.reflect.Method.invoke(Method.java:498)
	at org.junit.runners.model.FrameworkMethod$1.runReflectiveCall(FrameworkMethod.java:50)
	at org.junit.internal.runners.model.ReflectiveCallable.run(ReflectiveCallable.java:12)
	at org.junit.runners.model.FrameworkMethod.invokeExplosively(FrameworkMethod.java:47)
	at org.junit.internal.runners.statements.InvokeMethod.evaluate(InvokeMethod.java:17)
	at org.junit.internal.runners.statements.FailOnTimeout$CallableStatement.call(FailOnTimeout.java:298)
	at org.junit.internal.runners.statements.FailOnTimeout$CallableStatement.call(FailOnTimeout.java:292)
	at java.util.concurrent.FutureTask.run(FutureTask.java:266)
	at java.lang.Thread.run(Thread.java:748)
16) test127(com.fasterxml.jackson.dataformat.xml.ser.ToXmlGenerator_ESTest)
org.evosuite.runtime.mock.java.lang.MockIllegalStateException: No element/attribute name specified when trying to output element
	at com.fasterxml.jackson.dataformat.xml.ser.ToXmlGenerator.handleMissingName(ToXmlGenerator.java:1230)
	at com.fasterxml.jackson.dataformat.xml.ser.ToXmlGenerator.writeNumber(ToXmlGenerator.java:1021)
	at com.fasterxml.jackson.dataformat.xml.ser.ToXmlGenerator_ESTest.test127(ToXmlGenerator_ESTest.java:2677)
	at sun.reflect.NativeMethodAccessorImpl.invoke0(Native Method)
	at sun.reflect.NativeMethodAccessorImpl.invoke(NativeMethodAccessorImpl.java:62)
	at sun.reflect.DelegatingMethodAccessorImpl.invoke(DelegatingMethodAccessorImpl.java:43)
	at java.lang.reflect.Method.invoke(Method.java:498)
	at org.junit.runners.model.FrameworkMethod$1.runReflectiveCall(FrameworkMethod.java:50)
	at org.junit.internal.runners.model.ReflectiveCallable.run(ReflectiveCallable.java:12)
	at org.junit.runners.model.FrameworkMethod.invokeExplosively(FrameworkMethod.java:47)
	at org.junit.internal.runners.statements.InvokeMethod.evaluate(InvokeMethod.java:17)
	at org.junit.internal.runners.statements.FailOnTimeout$CallableStatement.call(FailOnTimeout.java:298)
	at org.junit.internal.runners.statements.FailOnTimeout$CallableStatement.call(FailOnTimeout.java:292)
	at java.util.concurrent.FutureTask.run(FutureTask.java:266)
	at java.lang.Thread.run(Thread.java:748)
17) test011(com.fasterxml.jackson.dataformat.xml.ser.ToXmlGenerator_ESTest)
com.fasterxml.jackson.core.JsonGenerationException: Invalid null character in text to output
	at com.fasterxml.jackson.dataformat.xml.util.StaxUtil.throwAsGenerationException(StaxUtil.java:47)
	at com.fasterxml.jackson.dataformat.xml.ser.ToXmlGenerator.writeRaw(ToXmlGenerator.java:791)
	at com.fasterxml.jackson.dataformat.xml.ser.ToXmlGenerator_ESTest.test011(ToXmlGenerator_ESTest.java:288)
	at sun.reflect.NativeMethodAccessorImpl.invoke0(Native Method)
	at sun.reflect.NativeMethodAccessorImpl.invoke(NativeMethodAccessorImpl.java:62)
	at sun.reflect.DelegatingMethodAccessorImpl.invoke(DelegatingMethodAccessorImpl.java:43)
	at java.lang.reflect.Method.invoke(Method.java:498)
	at org.junit.runners.model.FrameworkMethod$1.runReflectiveCall(FrameworkMethod.java:50)
	at org.junit.internal.runners.model.ReflectiveCallable.run(ReflectiveCallable.java:12)
	at org.junit.runners.model.FrameworkMethod.invokeExplosively(FrameworkMethod.java:47)
	at org.junit.internal.runners.statements.InvokeMethod.evaluate(InvokeMethod.java:17)
	at org.junit.internal.runners.statements.FailOnTimeout$CallableStatement.call(FailOnTimeout.java:298)
	at org.junit.internal.runners.statements.FailOnTimeout$CallableStatement.call(FailOnTimeout.java:292)
	at java.util.concurrent.FutureTask.run(FutureTask.java:266)
	at java.lang.Thread.run(Thread.java:748)
18) test132(com.fasterxml.jackson.dataformat.xml.ser.ToXmlGenerator_ESTest)
org.evosuite.runtime.mock.java.lang.MockIllegalStateException: No element/attribute name specified when trying to output element
	at com.fasterxml.jackson.dataformat.xml.ser.ToXmlGenerator.handleMissingName(ToXmlGenerator.java:1230)
	at com.fasterxml.jackson.dataformat.xml.ser.ToXmlGenerator.writeNumber(ToXmlGenerator.java:993)
	at com.fasterxml.jackson.dataformat.xml.ser.ToXmlGenerator_ESTest.test132(ToXmlGenerator_ESTest.java:2792)
	at sun.reflect.NativeMethodAccessorImpl.invoke0(Native Method)
	at sun.reflect.NativeMethodAccessorImpl.invoke(NativeMethodAccessorImpl.java:62)
	at sun.reflect.DelegatingMethodAccessorImpl.invoke(DelegatingMethodAccessorImpl.java:43)
	at java.lang.reflect.Method.invoke(Method.java:498)
	at org.junit.runners.model.FrameworkMethod$1.runReflectiveCall(FrameworkMethod.java:50)
	at org.junit.internal.runners.model.ReflectiveCallable.run(ReflectiveCallable.java:12)
	at org.junit.runners.model.FrameworkMethod.invokeExplosively(FrameworkMethod.java:47)
	at org.junit.internal.runners.statements.InvokeMethod.evaluate(InvokeMethod.java:17)
	at org.junit.internal.runners.statements.FailOnTimeout$CallableStatement.call(FailOnTimeout.java:298)
	at org.junit.internal.runners.statements.FailOnTimeout$CallableStatement.call(FailOnTimeout.java:292)
	at java.util.concurrent.FutureTask.run(FutureTask.java:266)
	at java.lang.Thread.run(Thread.java:748)
19) test131(com.fasterxml.jackson.dataformat.xml.ser.ToXmlGenerator_ESTest)
com.fasterxml.jackson.core.JsonGenerationException: Trying to write an attribute when there is no open start element.
	at com.fasterxml.jackson.dataformat.xml.util.StaxUtil.throwAsGenerationException(StaxUtil.java:47)
	at com.fasterxml.jackson.dataformat.xml.ser.ToXmlGenerator.writeNumber(ToXmlGenerator.java:1012)
	at com.fasterxml.jackson.dataformat.xml.ser.ToXmlGenerator_ESTest.test131(ToXmlGenerator_ESTest.java:2771)
	at sun.reflect.NativeMethodAccessorImpl.invoke0(Native Method)
	at sun.reflect.NativeMethodAccessorImpl.invoke(NativeMethodAccessorImpl.java:62)
	at sun.reflect.DelegatingMethodAccessorImpl.invoke(DelegatingMethodAccessorImpl.java:43)
	at java.lang.reflect.Method.invoke(Method.java:498)
	at org.junit.runners.model.FrameworkMethod$1.runReflectiveCall(FrameworkMethod.java:50)
	at org.junit.internal.runners.model.ReflectiveCallable.run(ReflectiveCallable.java:12)
	at org.junit.runners.model.FrameworkMethod.invokeExplosively(FrameworkMethod.java:47)
	at org.junit.internal.runners.statements.InvokeMethod.evaluate(InvokeMethod.java:17)
	at org.junit.internal.runners.statements.FailOnTimeout$CallableStatement.call(FailOnTimeout.java:298)
	at org.junit.internal.runners.statements.FailOnTimeout$CallableStatement.call(FailOnTimeout.java:292)
	at java.util.concurrent.FutureTask.run(FutureTask.java:266)
	at java.lang.Thread.run(Thread.java:748)
20) test130(com.fasterxml.jackson.dataformat.xml.ser.ToXmlGenerator_ESTest)
java.lang.NullPointerException
	at org.codehaus.stax2.util.StreamWriter2Delegate.writeDouble(StreamWriter2Delegate.java:159)
	at com.fasterxml.jackson.dataformat.xml.ser.ToXmlGenerator.writeNumber(ToXmlGenerator.java:999)
	at com.fasterxml.jackson.dataformat.xml.ser.ToXmlGenerator_ESTest.test130(ToXmlGenerator_ESTest.java:2746)
	at sun.reflect.NativeMethodAccessorImpl.invoke0(Native Method)
	at sun.reflect.NativeMethodAccessorImpl.invoke(NativeMethodAccessorImpl.java:62)
	at sun.reflect.DelegatingMethodAccessorImpl.invoke(DelegatingMethodAccessorImpl.java:43)
	at java.lang.reflect.Method.invoke(Method.java:498)
	at org.junit.runners.model.FrameworkMethod$1.runReflectiveCall(FrameworkMethod.java:50)
	at org.junit.internal.runners.model.ReflectiveCallable.run(ReflectiveCallable.java:12)
	at org.junit.runners.model.FrameworkMethod.invokeExplosively(FrameworkMethod.java:47)
	at org.junit.internal.runners.statements.InvokeMethod.evaluate(InvokeMethod.java:17)
	at org.junit.internal.runners.statements.FailOnTimeout$CallableStatement.call(FailOnTimeout.java:298)
	at org.junit.internal.runners.statements.FailOnTimeout$CallableStatement.call(FailOnTimeout.java:292)
	at java.util.concurrent.FutureTask.run(FutureTask.java:266)
	at java.lang.Thread.run(Thread.java:748)
21) test114(com.fasterxml.jackson.dataformat.xml.ser.ToXmlGenerator_ESTest)
org.evosuite.runtime.mock.java.lang.MockIllegalStateException: No element/attribute name specified when trying to output element
	at com.fasterxml.jackson.dataformat.xml.ser.ToXmlGenerator.handleMissingName(ToXmlGenerator.java:1230)
	at com.fasterxml.jackson.dataformat.xml.ser.ToXmlGenerator.writeNumber(ToXmlGenerator.java:1099)
	at com.fasterxml.jackson.dataformat.xml.ser.ToXmlGenerator_ESTest.test114(ToXmlGenerator_ESTest.java:2399)
	at sun.reflect.NativeMethodAccessorImpl.invoke0(Native Method)
	at sun.reflect.NativeMethodAccessorImpl.invoke(NativeMethodAccessorImpl.java:62)
	at sun.reflect.DelegatingMethodAccessorImpl.invoke(DelegatingMethodAccessorImpl.java:43)
	at java.lang.reflect.Method.invoke(Method.java:498)
	at org.junit.runners.model.FrameworkMethod$1.runReflectiveCall(FrameworkMethod.java:50)
	at org.junit.internal.runners.model.ReflectiveCallable.run(ReflectiveCallable.java:12)
	at org.junit.runners.model.FrameworkMethod.invokeExplosively(FrameworkMethod.java:47)
	at org.junit.internal.runners.statements.InvokeMethod.evaluate(InvokeMethod.java:17)
	at org.junit.internal.runners.statements.FailOnTimeout$CallableStatement.call(FailOnTimeout.java:298)
	at org.junit.internal.runners.statements.FailOnTimeout$CallableStatement.call(FailOnTimeout.java:292)
	at java.util.concurrent.FutureTask.run(FutureTask.java:266)
	at java.lang.Thread.run(Thread.java:748)
22) test113(com.fasterxml.jackson.dataformat.xml.ser.ToXmlGenerator_ESTest)
com.fasterxml.jackson.core.JsonGenerationException: Trying to write an attribute when there is no open start element.
	at com.fasterxml.jackson.dataformat.xml.util.StaxUtil.throwAsGenerationException(StaxUtil.java:47)
	at com.fasterxml.jackson.dataformat.xml.ser.ToXmlGenerator.writeNumber(ToXmlGenerator.java:1119)
	at com.fasterxml.jackson.dataformat.xml.ser.ToXmlGenerator_ESTest.test113(ToXmlGenerator_ESTest.java:2377)
	at sun.reflect.NativeMethodAccessorImpl.invoke0(Native Method)
	at sun.reflect.NativeMethodAccessorImpl.invoke(NativeMethodAccessorImpl.java:62)
	at sun.reflect.DelegatingMethodAccessorImpl.invoke(DelegatingMethodAccessorImpl.java:43)
	at java.lang.reflect.Method.invoke(Method.java:498)
	at org.junit.runners.model.FrameworkMethod$1.runReflectiveCall(FrameworkMethod.java:50)
	at org.junit.internal.runners.model.ReflectiveCallable.run(ReflectiveCallable.java:12)
	at org.junit.runners.model.FrameworkMethod.invokeExplosively(FrameworkMethod.java:47)
	at org.junit.internal.runners.statements.InvokeMethod.evaluate(InvokeMethod.java:17)
	at org.junit.internal.runners.statements.FailOnTimeout$CallableStatement.call(FailOnTimeout.java:298)
	at org.junit.internal.runners.statements.FailOnTimeout$CallableStatement.call(FailOnTimeout.java:292)
	at java.util.concurrent.FutureTask.run(FutureTask.java:266)
	at java.lang.Thread.run(Thread.java:748)
23) test118(com.fasterxml.jackson.dataformat.xml.ser.ToXmlGenerator_ESTest)
com.fasterxml.jackson.core.JsonGenerationException: Trying to output non-whitespace characters outside main element tree (in prolog or epilog)
	at com.fasterxml.jackson.dataformat.xml.util.StaxUtil.throwAsGenerationException(StaxUtil.java:47)
	at com.fasterxml.jackson.dataformat.xml.ser.ToXmlGenerator.writeNumber(ToXmlGenerator.java:1086)
	at com.fasterxml.jackson.dataformat.xml.ser.ToXmlGenerator_ESTest.test118(ToXmlGenerator_ESTest.java:2479)
	at sun.reflect.NativeMethodAccessorImpl.invoke0(Native Method)
	at sun.reflect.NativeMethodAccessorImpl.invoke(NativeMethodAccessorImpl.java:62)
	at sun.reflect.DelegatingMethodAccessorImpl.invoke(DelegatingMethodAccessorImpl.java:43)
	at java.lang.reflect.Method.invoke(Method.java:498)
	at org.junit.runners.model.FrameworkMethod$1.runReflectiveCall(FrameworkMethod.java:50)
	at org.junit.internal.runners.model.ReflectiveCallable.run(ReflectiveCallable.java:12)
	at org.junit.runners.model.FrameworkMethod.invokeExplosively(FrameworkMethod.java:47)
	at org.junit.internal.runners.statements.InvokeMethod.evaluate(InvokeMethod.java:17)
	at org.junit.internal.runners.statements.FailOnTimeout$CallableStatement.call(FailOnTimeout.java:298)
	at org.junit.internal.runners.statements.FailOnTimeout$CallableStatement.call(FailOnTimeout.java:292)
	at java.util.concurrent.FutureTask.run(FutureTask.java:266)
	at java.lang.Thread.run(Thread.java:748)
24) test122(com.fasterxml.jackson.dataformat.xml.ser.ToXmlGenerator_ESTest)
org.evosuite.runtime.mock.java.lang.MockIllegalStateException: No element/attribute name specified when trying to output element
	at com.fasterxml.jackson.dataformat.xml.ser.ToXmlGenerator.handleMissingName(ToXmlGenerator.java:1230)
	at com.fasterxml.jackson.dataformat.xml.ser.ToXmlGenerator.writeNull(ToXmlGenerator.java:908)
	at com.fasterxml.jackson.dataformat.xml.ser.ToXmlGenerator.writeNumber(ToXmlGenerator.java:1048)
	at com.fasterxml.jackson.dataformat.xml.ser.ToXmlGenerator_ESTest.test122(ToXmlGenerator_ESTest.java:2557)
	at sun.reflect.NativeMethodAccessorImpl.invoke0(Native Method)
	at sun.reflect.NativeMethodAccessorImpl.invoke(NativeMethodAccessorImpl.java:62)
	at sun.reflect.DelegatingMethodAccessorImpl.invoke(DelegatingMethodAccessorImpl.java:43)
	at java.lang.reflect.Method.invoke(Method.java:498)
	at org.junit.runners.model.FrameworkMethod$1.runReflectiveCall(FrameworkMethod.java:50)
	at org.junit.internal.runners.model.ReflectiveCallable.run(ReflectiveCallable.java:12)
	at org.junit.runners.model.FrameworkMethod.invokeExplosively(FrameworkMethod.java:47)
	at org.junit.internal.runners.statements.InvokeMethod.evaluate(InvokeMethod.java:17)
	at org.junit.internal.runners.statements.FailOnTimeout$CallableStatement.call(FailOnTimeout.java:298)
	at org.junit.internal.runners.statements.FailOnTimeout$CallableStatement.call(FailOnTimeout.java:292)
	at java.util.concurrent.FutureTask.run(FutureTask.java:266)
	at java.lang.Thread.run(Thread.java:748)
25) test000(com.fasterxml.jackson.dataformat.xml.ser.ToXmlGenerator_ESTest)
java.lang.NegativeArraySizeException
	at com.fasterxml.jackson.dataformat.xml.ser.ToXmlGenerator.toFullBuffer(ToXmlGenerator.java:859)
	at com.fasterxml.jackson.dataformat.xml.ser.ToXmlGenerator.writeBinary(ToXmlGenerator.java:822)
	at com.fasterxml.jackson.core.JsonGenerator.writeBinary(JsonGenerator.java:1153)
	at com.fasterxml.jackson.dataformat.xml.ser.ToXmlGenerator_ESTest.test000(ToXmlGenerator_ESTest.java:91)
	at sun.reflect.NativeMethodAccessorImpl.invoke0(Native Method)
	at sun.reflect.NativeMethodAccessorImpl.invoke(NativeMethodAccessorImpl.java:62)
	at sun.reflect.DelegatingMethodAccessorImpl.invoke(DelegatingMethodAccessorImpl.java:43)
	at java.lang.reflect.Method.invoke(Method.java:498)
	at org.junit.runners.model.FrameworkMethod$1.runReflectiveCall(FrameworkMethod.java:50)
	at org.junit.internal.runners.model.ReflectiveCallable.run(ReflectiveCallable.java:12)
	at org.junit.runners.model.FrameworkMethod.invokeExplosively(FrameworkMethod.java:47)
	at org.junit.internal.runners.statements.InvokeMethod.evaluate(InvokeMethod.java:17)
	at org.junit.internal.runners.statements.FailOnTimeout$CallableStatement.call(FailOnTimeout.java:298)
	at org.junit.internal.runners.statements.FailOnTimeout$CallableStatement.call(FailOnTimeout.java:292)
	at java.util.concurrent.FutureTask.run(FutureTask.java:266)
	at java.lang.Thread.run(Thread.java:748)
26) test147(com.fasterxml.jackson.dataformat.xml.ser.ToXmlGenerator_ESTest)
org.evosuite.runtime.mock.java.lang.MockIllegalStateException: No element/attribute name specified when trying to output element
	at com.fasterxml.jackson.dataformat.xml.ser.ToXmlGenerator.handleMissingName(ToXmlGenerator.java:1230)
	at com.fasterxml.jackson.dataformat.xml.ser.ToXmlGenerator.writeBoolean(ToXmlGenerator.java:879)
	at com.fasterxml.jackson.dataformat.xml.ser.ToXmlGenerator_ESTest.test147(ToXmlGenerator_ESTest.java:3112)
	at sun.reflect.NativeMethodAccessorImpl.invoke0(Native Method)
	at sun.reflect.NativeMethodAccessorImpl.invoke(NativeMethodAccessorImpl.java:62)
	at sun.reflect.DelegatingMethodAccessorImpl.invoke(DelegatingMethodAccessorImpl.java:43)
	at java.lang.reflect.Method.invoke(Method.java:498)
	at org.junit.runners.model.FrameworkMethod$1.runReflectiveCall(FrameworkMethod.java:50)
	at org.junit.internal.runners.model.ReflectiveCallable.run(ReflectiveCallable.java:12)
	at org.junit.runners.model.FrameworkMethod.invokeExplosively(FrameworkMethod.java:47)
	at org.junit.internal.runners.statements.InvokeMethod.evaluate(InvokeMethod.java:17)
	at org.junit.internal.runners.statements.FailOnTimeout$CallableStatement.call(FailOnTimeout.java:298)
	at org.junit.internal.runners.statements.FailOnTimeout$CallableStatement.call(FailOnTimeout.java:292)
	at java.util.concurrent.FutureTask.run(FutureTask.java:266)
	at java.lang.Thread.run(Thread.java:748)
27) test146(com.fasterxml.jackson.dataformat.xml.ser.ToXmlGenerator_ESTest)
com.fasterxml.jackson.core.JsonGenerationException: Trying to write an attribute when there is no open start element.
	at com.fasterxml.jackson.dataformat.xml.util.StaxUtil.throwAsGenerationException(StaxUtil.java:47)
	at com.fasterxml.jackson.dataformat.xml.ser.ToXmlGenerator.writeBoolean(ToXmlGenerator.java:899)
	at com.fasterxml.jackson.dataformat.xml.ser.ToXmlGenerator_ESTest.test146(ToXmlGenerator_ESTest.java:3091)
	at sun.reflect.NativeMethodAccessorImpl.invoke0(Native Method)
	at sun.reflect.NativeMethodAccessorImpl.invoke(NativeMethodAccessorImpl.java:62)
	at sun.reflect.DelegatingMethodAccessorImpl.invoke(DelegatingMethodAccessorImpl.java:43)
	at java.lang.reflect.Method.invoke(Method.java:498)
	at org.junit.runners.model.FrameworkMethod$1.runReflectiveCall(FrameworkMethod.java:50)
	at org.junit.internal.runners.model.ReflectiveCallable.run(ReflectiveCallable.java:12)
	at org.junit.runners.model.FrameworkMethod.invokeExplosively(FrameworkMethod.java:47)
	at org.junit.internal.runners.statements.InvokeMethod.evaluate(InvokeMethod.java:17)
	at org.junit.internal.runners.statements.FailOnTimeout$CallableStatement.call(FailOnTimeout.java:298)
	at org.junit.internal.runners.statements.FailOnTimeout$CallableStatement.call(FailOnTimeout.java:292)
	at java.util.concurrent.FutureTask.run(FutureTask.java:266)
	at java.lang.Thread.run(Thread.java:748)
28) test149(com.fasterxml.jackson.dataformat.xml.ser.ToXmlGenerator_ESTest)
java.lang.ArrayIndexOutOfBoundsException
	at java.lang.System.arraycopy(Native Method)
	at com.fasterxml.jackson.dataformat.xml.ser.ToXmlGenerator.toFullBuffer(ToXmlGenerator.java:861)
	at com.fasterxml.jackson.dataformat.xml.ser.ToXmlGenerator.writeBinary(ToXmlGenerator.java:822)
	at com.fasterxml.jackson.core.JsonGenerator.writeBinary(JsonGenerator.java:1153)
	at com.fasterxml.jackson.dataformat.xml.ser.ToXmlGenerator_ESTest.test149(ToXmlGenerator_ESTest.java:3155)
	at sun.reflect.NativeMethodAccessorImpl.invoke0(Native Method)
	at sun.reflect.NativeMethodAccessorImpl.invoke(NativeMethodAccessorImpl.java:62)
	at sun.reflect.DelegatingMethodAccessorImpl.invoke(DelegatingMethodAccessorImpl.java:43)
	at java.lang.reflect.Method.invoke(Method.java:498)
	at org.junit.runners.model.FrameworkMethod$1.runReflectiveCall(FrameworkMethod.java:50)
	at org.junit.internal.runners.model.ReflectiveCallable.run(ReflectiveCallable.java:12)
	at org.junit.runners.model.FrameworkMethod.invokeExplosively(FrameworkMethod.java:47)
	at org.junit.internal.runners.statements.InvokeMethod.evaluate(InvokeMethod.java:17)
	at org.junit.internal.runners.statements.FailOnTimeout$CallableStatement.call(FailOnTimeout.java:298)
	at org.junit.internal.runners.statements.FailOnTimeout$CallableStatement.call(FailOnTimeout.java:292)
	at java.util.concurrent.FutureTask.run(FutureTask.java:266)
	at java.lang.Thread.run(Thread.java:748)
29) test150(com.fasterxml.jackson.dataformat.xml.ser.ToXmlGenerator_ESTest)
java.lang.ArrayIndexOutOfBoundsException
	at java.lang.System.arraycopy(Native Method)
	at com.fasterxml.jackson.dataformat.xml.ser.ToXmlGenerator.toFullBuffer(ToXmlGenerator.java:861)
	at com.fasterxml.jackson.dataformat.xml.ser.ToXmlGenerator.writeBinary(ToXmlGenerator.java:822)
	at com.fasterxml.jackson.core.JsonGenerator.writeBinary(JsonGenerator.java:1153)
	at com.fasterxml.jackson.dataformat.xml.ser.ToXmlGenerator_ESTest.test150(ToXmlGenerator_ESTest.java:3177)
	at sun.reflect.NativeMethodAccessorImpl.invoke0(Native Method)
	at sun.reflect.NativeMethodAccessorImpl.invoke(NativeMethodAccessorImpl.java:62)
	at sun.reflect.DelegatingMethodAccessorImpl.invoke(DelegatingMethodAccessorImpl.java:43)
	at java.lang.reflect.Method.invoke(Method.java:498)
	at org.junit.runners.model.FrameworkMethod$1.runReflectiveCall(FrameworkMethod.java:50)
	at org.junit.internal.runners.model.ReflectiveCallable.run(ReflectiveCallable.java:12)
	at org.junit.runners.model.FrameworkMethod.invokeExplosively(FrameworkMethod.java:47)
	at org.junit.internal.runners.statements.InvokeMethod.evaluate(InvokeMethod.java:17)
	at org.junit.internal.runners.statements.FailOnTimeout$CallableStatement.call(FailOnTimeout.java:298)
	at org.junit.internal.runners.statements.FailOnTimeout$CallableStatement.call(FailOnTimeout.java:292)
	at java.util.concurrent.FutureTask.run(FutureTask.java:266)
	at java.lang.Thread.run(Thread.java:748)
30) test154(com.fasterxml.jackson.dataformat.xml.ser.ToXmlGenerator_ESTest)
com.fasterxml.jackson.core.JsonGenerationException: Underlying Stax XMLStreamWriter (of type org.codehaus.stax2.util.StreamWriterDelegate) does not implement Stax2 API natively and is missing method 'writeRaw': this breaks functionality such as indentation that relies on it. You need to upgrade to using compliant Stax implementation like Woodstox or Aalto
	at com.fasterxml.jackson.dataformat.xml.ser.ToXmlGenerator._reportUnimplementedStax2(ToXmlGenerator.java:1238)
	at com.fasterxml.jackson.dataformat.xml.ser.ToXmlGenerator.writeRaw(ToXmlGenerator.java:772)
	at com.fasterxml.jackson.dataformat.xml.ser.ToXmlGenerator_ESTest.test154(ToXmlGenerator_ESTest.java:3251)
	at sun.reflect.NativeMethodAccessorImpl.invoke0(Native Method)
	at sun.reflect.NativeMethodAccessorImpl.invoke(NativeMethodAccessorImpl.java:62)
	at sun.reflect.DelegatingMethodAccessorImpl.invoke(DelegatingMethodAccessorImpl.java:43)
	at java.lang.reflect.Method.invoke(Method.java:498)
	at org.junit.runners.model.FrameworkMethod$1.runReflectiveCall(FrameworkMethod.java:50)
	at org.junit.internal.runners.model.ReflectiveCallable.run(ReflectiveCallable.java:12)
	at org.junit.runners.model.FrameworkMethod.invokeExplosively(FrameworkMethod.java:47)
	at org.junit.internal.runners.statements.InvokeMethod.evaluate(InvokeMethod.java:17)
	at org.junit.internal.runners.statements.FailOnTimeout$CallableStatement.call(FailOnTimeout.java:298)
	at org.junit.internal.runners.statements.FailOnTimeout$CallableStatement.call(FailOnTimeout.java:292)
	at java.util.concurrent.FutureTask.run(FutureTask.java:266)
	at java.lang.Thread.run(Thread.java:748)
31) test153(com.fasterxml.jackson.dataformat.xml.ser.ToXmlGenerator_ESTest)
com.fasterxml.jackson.core.JsonGenerationException: Underlying Stax XMLStreamWriter (of type org.codehaus.stax2.util.StreamWriterDelegate) does not implement Stax2 API natively and is missing method 'writeRaw': this breaks functionality such as indentation that relies on it. You need to upgrade to using compliant Stax implementation like Woodstox or Aalto
	at com.fasterxml.jackson.dataformat.xml.ser.ToXmlGenerator._reportUnimplementedStax2(ToXmlGenerator.java:1238)
	at com.fasterxml.jackson.dataformat.xml.ser.ToXmlGenerator.writeRaw(ToXmlGenerator.java:786)
	at com.fasterxml.jackson.dataformat.xml.ser.ToXmlGenerator_ESTest.test153(ToXmlGenerator_ESTest.java:3228)
	at sun.reflect.NativeMethodAccessorImpl.invoke0(Native Method)
	at sun.reflect.NativeMethodAccessorImpl.invoke(NativeMethodAccessorImpl.java:62)
	at sun.reflect.DelegatingMethodAccessorImpl.invoke(DelegatingMethodAccessorImpl.java:43)
	at java.lang.reflect.Method.invoke(Method.java:498)
	at org.junit.runners.model.FrameworkMethod$1.runReflectiveCall(FrameworkMethod.java:50)
	at org.junit.internal.runners.model.ReflectiveCallable.run(ReflectiveCallable.java:12)
	at org.junit.runners.model.FrameworkMethod.invokeExplosively(FrameworkMethod.java:47)
	at org.junit.internal.runners.statements.InvokeMethod.evaluate(InvokeMethod.java:17)
	at org.junit.internal.runners.statements.FailOnTimeout$CallableStatement.call(FailOnTimeout.java:298)
	at org.junit.internal.runners.statements.FailOnTimeout$CallableStatement.call(FailOnTimeout.java:292)
	at java.util.concurrent.FutureTask.run(FutureTask.java:266)
	at java.lang.Thread.run(Thread.java:748)
32) test016(com.fasterxml.jackson.dataformat.xml.ser.ToXmlGenerator_ESTest)
com.fasterxml.jackson.core.JsonGenerationException: Unbound namespace URI 'bri?Oy1j=x'
	at com.fasterxml.jackson.dataformat.xml.util.StaxUtil.throwAsGenerationException(StaxUtil.java:47)
	at com.fasterxml.jackson.dataformat.xml.ser.ToXmlGenerator.writeBinary(ToXmlGenerator.java:839)
	at com.fasterxml.jackson.core.JsonGenerator.writeBinary(JsonGenerator.java:1153)
	at com.fasterxml.jackson.dataformat.xml.ser.ToXmlGenerator_ESTest.test016(ToXmlGenerator_ESTest.java:379)
	at sun.reflect.NativeMethodAccessorImpl.invoke0(Native Method)
	at sun.reflect.NativeMethodAccessorImpl.invoke(NativeMethodAccessorImpl.java:62)
	at sun.reflect.DelegatingMethodAccessorImpl.invoke(DelegatingMethodAccessorImpl.java:43)
	at java.lang.reflect.Method.invoke(Method.java:498)
	at org.junit.runners.model.FrameworkMethod$1.runReflectiveCall(FrameworkMethod.java:50)
	at org.junit.internal.runners.model.ReflectiveCallable.run(ReflectiveCallable.java:12)
	at org.junit.runners.model.FrameworkMethod.invokeExplosively(FrameworkMethod.java:47)
	at org.junit.internal.runners.statements.InvokeMethod.evaluate(InvokeMethod.java:17)
	at org.junit.internal.runners.statements.FailOnTimeout$CallableStatement.call(FailOnTimeout.java:298)
	at org.junit.internal.runners.statements.FailOnTimeout$CallableStatement.call(FailOnTimeout.java:292)
	at java.util.concurrent.FutureTask.run(FutureTask.java:266)
	at java.lang.Thread.run(Thread.java:748)
33) test137(com.fasterxml.jackson.dataformat.xml.ser.ToXmlGenerator_ESTest)
org.evosuite.runtime.mock.java.lang.MockIllegalStateException: No element/attribute name specified when trying to output element
	at com.fasterxml.jackson.dataformat.xml.ser.ToXmlGenerator.handleMissingName(ToXmlGenerator.java:1230)
	at com.fasterxml.jackson.dataformat.xml.ser.ToXmlGenerator.writeNumber(ToXmlGenerator.java:965)
	at com.fasterxml.jackson.dataformat.xml.ser.ToXmlGenerator_ESTest.test137(ToXmlGenerator_ESTest.java:2895)
	at sun.reflect.NativeMethodAccessorImpl.invoke0(Native Method)
	at sun.reflect.NativeMethodAccessorImpl.invoke(NativeMethodAccessorImpl.java:62)
	at sun.reflect.DelegatingMethodAccessorImpl.invoke(DelegatingMethodAccessorImpl.java:43)
	at java.lang.reflect.Method.invoke(Method.java:498)
	at org.junit.runners.model.FrameworkMethod$1.runReflectiveCall(FrameworkMethod.java:50)
	at org.junit.internal.runners.model.ReflectiveCallable.run(ReflectiveCallable.java:12)
	at org.junit.runners.model.FrameworkMethod.invokeExplosively(FrameworkMethod.java:47)
	at org.junit.internal.runners.statements.InvokeMethod.evaluate(InvokeMethod.java:17)
	at org.junit.internal.runners.statements.FailOnTimeout$CallableStatement.call(FailOnTimeout.java:298)
	at org.junit.internal.runners.statements.FailOnTimeout$CallableStatement.call(FailOnTimeout.java:292)
	at java.util.concurrent.FutureTask.run(FutureTask.java:266)
	at java.lang.Thread.run(Thread.java:748)
34) test135(com.fasterxml.jackson.dataformat.xml.ser.ToXmlGenerator_ESTest)
com.fasterxml.jackson.core.JsonGenerationException: Trying to output non-whitespace characters outside main element tree (in prolog or epilog)
	at com.fasterxml.jackson.dataformat.xml.util.StaxUtil.throwAsGenerationException(StaxUtil.java:47)
	at com.fasterxml.jackson.dataformat.xml.ser.ToXmlGenerator.writeNumber(ToXmlGenerator.java:984)
	at com.fasterxml.jackson.dataformat.xml.ser.ToXmlGenerator_ESTest.test135(ToXmlGenerator_ESTest.java:2856)
	at sun.reflect.NativeMethodAccessorImpl.invoke0(Native Method)
	at sun.reflect.NativeMethodAccessorImpl.invoke(NativeMethodAccessorImpl.java:62)
	at sun.reflect.DelegatingMethodAccessorImpl.invoke(DelegatingMethodAccessorImpl.java:43)
	at java.lang.reflect.Method.invoke(Method.java:498)
	at org.junit.runners.model.FrameworkMethod$1.runReflectiveCall(FrameworkMethod.java:50)
	at org.junit.internal.runners.model.ReflectiveCallable.run(ReflectiveCallable.java:12)
	at org.junit.runners.model.FrameworkMethod.invokeExplosively(FrameworkMethod.java:47)
	at org.junit.internal.runners.statements.InvokeMethod.evaluate(InvokeMethod.java:17)
	at org.junit.internal.runners.statements.FailOnTimeout$CallableStatement.call(FailOnTimeout.java:298)
	at org.junit.internal.runners.statements.FailOnTimeout$CallableStatement.call(FailOnTimeout.java:292)
	at java.util.concurrent.FutureTask.run(FutureTask.java:266)
	at java.lang.Thread.run(Thread.java:748)
35) test134(com.fasterxml.jackson.dataformat.xml.ser.ToXmlGenerator_ESTest)
java.lang.NullPointerException
	at com.ctc.wstx.sw.BaseStreamWriter.writeRaw(BaseStreamWriter.java:1127)
	at com.fasterxml.jackson.dataformat.xml.util.DefaultXmlPrettyPrinter$Lf2SpacesIndenter.writeIndentation(DefaultXmlPrettyPrinter.java:516)
	at com.fasterxml.jackson.dataformat.xml.util.DefaultXmlPrettyPrinter.writeLeafElement(DefaultXmlPrettyPrinter.java:335)
	at com.fasterxml.jackson.dataformat.xml.ser.ToXmlGenerator.writeNumber(ToXmlGenerator.java:974)
	at com.fasterxml.jackson.dataformat.xml.ser.ToXmlGenerator_ESTest.test134(ToXmlGenerator_ESTest.java:2835)
	at sun.reflect.NativeMethodAccessorImpl.invoke0(Native Method)
	at sun.reflect.NativeMethodAccessorImpl.invoke(NativeMethodAccessorImpl.java:62)
	at sun.reflect.DelegatingMethodAccessorImpl.invoke(DelegatingMethodAccessorImpl.java:43)
	at java.lang.reflect.Method.invoke(Method.java:498)
	at org.junit.runners.model.FrameworkMethod$1.runReflectiveCall(FrameworkMethod.java:50)
	at org.junit.internal.runners.model.ReflectiveCallable.run(ReflectiveCallable.java:12)
	at org.junit.runners.model.FrameworkMethod.invokeExplosively(FrameworkMethod.java:47)
	at org.junit.internal.runners.statements.InvokeMethod.evaluate(InvokeMethod.java:17)
	at org.junit.internal.runners.statements.FailOnTimeout$CallableStatement.call(FailOnTimeout.java:298)
	at org.junit.internal.runners.statements.FailOnTimeout$CallableStatement.call(FailOnTimeout.java:292)
	at java.util.concurrent.FutureTask.run(FutureTask.java:266)
	at java.lang.Thread.run(Thread.java:748)
36) test019(com.fasterxml.jackson.dataformat.xml.ser.ToXmlGenerator_ESTest)
com.fasterxml.jackson.core.JsonGenerationException: No open start element, when trying to write end element
	at com.fasterxml.jackson.dataformat.xml.util.StaxUtil.throwAsGenerationException(StaxUtil.java:47)
	at com.fasterxml.jackson.dataformat.xml.ser.ToXmlGenerator._handleEndObject(ToXmlGenerator.java:564)
	at com.fasterxml.jackson.dataformat.xml.ser.ToXmlGenerator.writeEndObject(ToXmlGenerator.java:525)
	at com.fasterxml.jackson.dataformat.xml.ser.ToXmlGenerator_ESTest.test019(ToXmlGenerator_ESTest.java:437)
	at sun.reflect.NativeMethodAccessorImpl.invoke0(Native Method)
	at sun.reflect.NativeMethodAccessorImpl.invoke(NativeMethodAccessorImpl.java:62)
	at sun.reflect.DelegatingMethodAccessorImpl.invoke(DelegatingMethodAccessorImpl.java:43)
	at java.lang.reflect.Method.invoke(Method.java:498)
	at org.junit.runners.model.FrameworkMethod$1.runReflectiveCall(FrameworkMethod.java:50)
	at org.junit.internal.runners.model.ReflectiveCallable.run(ReflectiveCallable.java:12)
	at org.junit.runners.model.FrameworkMethod.invokeExplosively(FrameworkMethod.java:47)
	at org.junit.internal.runners.statements.InvokeMethod.evaluate(InvokeMethod.java:17)
	at org.junit.internal.runners.statements.FailOnTimeout$CallableStatement.call(FailOnTimeout.java:298)
	at org.junit.internal.runners.statements.FailOnTimeout$CallableStatement.call(FailOnTimeout.java:292)
	at java.util.concurrent.FutureTask.run(FutureTask.java:266)
	at java.lang.Thread.run(Thread.java:748)
37) test139(com.fasterxml.jackson.dataformat.xml.ser.ToXmlGenerator_ESTest)
java.lang.NullPointerException
	at org.codehaus.stax2.util.StreamWriter2Delegate.writeInt(StreamWriter2Delegate.java:198)
	at com.fasterxml.jackson.dataformat.xml.ser.ToXmlGenerator.writeNumber(ToXmlGenerator.java:943)
	at com.fasterxml.jackson.dataformat.xml.ser.ToXmlGenerator_ESTest.test139(ToXmlGenerator_ESTest.java:2947)
	at sun.reflect.NativeMethodAccessorImpl.invoke0(Native Method)
	at sun.reflect.NativeMethodAccessorImpl.invoke(NativeMethodAccessorImpl.java:62)
	at sun.reflect.DelegatingMethodAccessorImpl.invoke(DelegatingMethodAccessorImpl.java:43)
	at java.lang.reflect.Method.invoke(Method.java:498)
	at org.junit.runners.model.FrameworkMethod$1.runReflectiveCall(FrameworkMethod.java:50)
	at org.junit.internal.runners.model.ReflectiveCallable.run(ReflectiveCallable.java:12)
	at org.junit.runners.model.FrameworkMethod.invokeExplosively(FrameworkMethod.java:47)
	at org.junit.internal.runners.statements.InvokeMethod.evaluate(InvokeMethod.java:17)
	at org.junit.internal.runners.statements.FailOnTimeout$CallableStatement.call(FailOnTimeout.java:298)
	at org.junit.internal.runners.statements.FailOnTimeout$CallableStatement.call(FailOnTimeout.java:292)
	at java.util.concurrent.FutureTask.run(FutureTask.java:266)
	at java.lang.Thread.run(Thread.java:748)
38) test138(com.fasterxml.jackson.dataformat.xml.ser.ToXmlGenerator_ESTest)
java.lang.NullPointerException
	at com.ctc.wstx.sw.BaseStreamWriter.writeRaw(BaseStreamWriter.java:1127)
	at com.fasterxml.jackson.dataformat.xml.util.DefaultXmlPrettyPrinter$Lf2SpacesIndenter.writeIndentation(DefaultXmlPrettyPrinter.java:516)
	at com.fasterxml.jackson.dataformat.xml.util.DefaultXmlPrettyPrinter.writeLeafElement(DefaultXmlPrettyPrinter.java:321)
	at com.fasterxml.jackson.dataformat.xml.ser.ToXmlGenerator.writeNumber(ToXmlGenerator.java:946)
	at com.fasterxml.jackson.dataformat.xml.ser.ToXmlGenerator_ESTest.test138(ToXmlGenerator_ESTest.java:2920)
	at sun.reflect.NativeMethodAccessorImpl.invoke0(Native Method)
	at sun.reflect.NativeMethodAccessorImpl.invoke(NativeMethodAccessorImpl.java:62)
	at sun.reflect.DelegatingMethodAccessorImpl.invoke(DelegatingMethodAccessorImpl.java:43)
	at java.lang.reflect.Method.invoke(Method.java:498)
	at org.junit.runners.model.FrameworkMethod$1.runReflectiveCall(FrameworkMethod.java:50)
	at org.junit.internal.runners.model.ReflectiveCallable.run(ReflectiveCallable.java:12)
	at org.junit.runners.model.FrameworkMethod.invokeExplosively(FrameworkMethod.java:47)
	at org.junit.internal.runners.statements.InvokeMethod.evaluate(InvokeMethod.java:17)
	at org.junit.internal.runners.statements.FailOnTimeout$CallableStatement.call(FailOnTimeout.java:298)
	at org.junit.internal.runners.statements.FailOnTimeout$CallableStatement.call(FailOnTimeout.java:292)
	at java.util.concurrent.FutureTask.run(FutureTask.java:266)
	at java.lang.Thread.run(Thread.java:748)
39) test140(com.fasterxml.jackson.dataformat.xml.ser.ToXmlGenerator_ESTest)
com.fasterxml.jackson.core.JsonGenerationException: Trying to write an attribute when there is no open start element.
	at com.fasterxml.jackson.dataformat.xml.util.StaxUtil.throwAsGenerationException(StaxUtil.java:47)
	at com.fasterxml.jackson.dataformat.xml.ser.ToXmlGenerator.writeNumber(ToXmlGenerator.java:956)
	at com.fasterxml.jackson.dataformat.xml.ser.ToXmlGenerator_ESTest.test140(ToXmlGenerator_ESTest.java:2970)
	at sun.reflect.NativeMethodAccessorImpl.invoke0(Native Method)
	at sun.reflect.NativeMethodAccessorImpl.invoke(NativeMethodAccessorImpl.java:62)
	at sun.reflect.DelegatingMethodAccessorImpl.invoke(DelegatingMethodAccessorImpl.java:43)
	at java.lang.reflect.Method.invoke(Method.java:498)
	at org.junit.runners.model.FrameworkMethod$1.runReflectiveCall(FrameworkMethod.java:50)
	at org.junit.internal.runners.model.ReflectiveCallable.run(ReflectiveCallable.java:12)
	at org.junit.runners.model.FrameworkMethod.invokeExplosively(FrameworkMethod.java:47)
	at org.junit.internal.runners.statements.InvokeMethod.evaluate(InvokeMethod.java:17)
	at org.junit.internal.runners.statements.FailOnTimeout$CallableStatement.call(FailOnTimeout.java:298)
	at org.junit.internal.runners.statements.FailOnTimeout$CallableStatement.call(FailOnTimeout.java:292)
	at java.util.concurrent.FutureTask.run(FutureTask.java:266)
	at java.lang.Thread.run(Thread.java:748)
40) test142(com.fasterxml.jackson.dataformat.xml.ser.ToXmlGenerator_ESTest)
java.lang.NullPointerException
	at com.ctc.wstx.sw.BaseStreamWriter.writeRaw(BaseStreamWriter.java:1127)
	at com.fasterxml.jackson.dataformat.xml.util.DefaultXmlPrettyPrinter$Lf2SpacesIndenter.writeIndentation(DefaultXmlPrettyPrinter.java:516)
	at com.fasterxml.jackson.dataformat.xml.util.DefaultXmlPrettyPrinter.writeLeafNullElement(DefaultXmlPrettyPrinter.java:420)
	at com.fasterxml.jackson.dataformat.xml.ser.ToXmlGenerator.writeNull(ToXmlGenerator.java:920)
	at com.fasterxml.jackson.dataformat.xml.ser.ToXmlGenerator_ESTest.test142(ToXmlGenerator_ESTest.java:3016)
	at sun.reflect.NativeMethodAccessorImpl.invoke0(Native Method)
	at sun.reflect.NativeMethodAccessorImpl.invoke(NativeMethodAccessorImpl.java:62)
	at sun.reflect.DelegatingMethodAccessorImpl.invoke(DelegatingMethodAccessorImpl.java:43)
	at java.lang.reflect.Method.invoke(Method.java:498)
	at org.junit.runners.model.FrameworkMethod$1.runReflectiveCall(FrameworkMethod.java:50)
	at org.junit.internal.runners.model.ReflectiveCallable.run(ReflectiveCallable.java:12)
	at org.junit.runners.model.FrameworkMethod.invokeExplosively(FrameworkMethod.java:47)
	at org.junit.internal.runners.statements.InvokeMethod.evaluate(InvokeMethod.java:17)
	at org.junit.internal.runners.statements.FailOnTimeout$CallableStatement.call(FailOnTimeout.java:298)
	at org.junit.internal.runners.statements.FailOnTimeout$CallableStatement.call(FailOnTimeout.java:292)
	at java.util.concurrent.FutureTask.run(FutureTask.java:266)
	at java.lang.Thread.run(Thread.java:748)
41) test141(com.fasterxml.jackson.dataformat.xml.ser.ToXmlGenerator_ESTest)
org.evosuite.runtime.mock.java.lang.MockIllegalStateException: No element/attribute name specified when trying to output element
	at com.fasterxml.jackson.dataformat.xml.ser.ToXmlGenerator.handleMissingName(ToXmlGenerator.java:1230)
	at com.fasterxml.jackson.dataformat.xml.ser.ToXmlGenerator.writeNumber(ToXmlGenerator.java:936)
	at com.fasterxml.jackson.dataformat.xml.ser.ToXmlGenerator_ESTest.test141(ToXmlGenerator_ESTest.java:2991)
	at sun.reflect.NativeMethodAccessorImpl.invoke0(Native Method)
	at sun.reflect.NativeMethodAccessorImpl.invoke(NativeMethodAccessorImpl.java:62)
	at sun.reflect.DelegatingMethodAccessorImpl.invoke(DelegatingMethodAccessorImpl.java:43)
	at java.lang.reflect.Method.invoke(Method.java:498)
	at org.junit.runners.model.FrameworkMethod$1.runReflectiveCall(FrameworkMethod.java:50)
	at org.junit.internal.runners.model.ReflectiveCallable.run(ReflectiveCallable.java:12)
	at org.junit.runners.model.FrameworkMethod.invokeExplosively(FrameworkMethod.java:47)
	at org.junit.internal.runners.statements.InvokeMethod.evaluate(InvokeMethod.java:17)
	at org.junit.internal.runners.statements.FailOnTimeout$CallableStatement.call(FailOnTimeout.java:298)
	at org.junit.internal.runners.statements.FailOnTimeout$CallableStatement.call(FailOnTimeout.java:292)
	at java.util.concurrent.FutureTask.run(FutureTask.java:266)
	at java.lang.Thread.run(Thread.java:748)
42) test049(com.fasterxml.jackson.dataformat.xml.ser.ToXmlGenerator_ESTest)
com.fasterxml.jackson.core.JsonGenerationException: Can not start an array, expecting field name
	at com.fasterxml.jackson.core.JsonGenerator._reportError(JsonGenerator.java:1961)
	at com.fasterxml.jackson.dataformat.xml.ser.ToXmlGenerator._verifyValueWrite(ToXmlGenerator.java:1140)
	at com.fasterxml.jackson.dataformat.xml.ser.ToXmlGenerator.writeStartArray(ToXmlGenerator.java:478)
	at com.fasterxml.jackson.dataformat.xml.ser.ToXmlGenerator_ESTest.test049(ToXmlGenerator_ESTest.java:979)
	at sun.reflect.NativeMethodAccessorImpl.invoke0(Native Method)
	at sun.reflect.NativeMethodAccessorImpl.invoke(NativeMethodAccessorImpl.java:62)
	at sun.reflect.DelegatingMethodAccessorImpl.invoke(DelegatingMethodAccessorImpl.java:43)
	at java.lang.reflect.Method.invoke(Method.java:498)
	at org.junit.runners.model.FrameworkMethod$1.runReflectiveCall(FrameworkMethod.java:50)
	at org.junit.internal.runners.model.ReflectiveCallable.run(ReflectiveCallable.java:12)
	at org.junit.runners.model.FrameworkMethod.invokeExplosively(FrameworkMethod.java:47)
	at org.junit.internal.runners.statements.InvokeMethod.evaluate(InvokeMethod.java:17)
	at org.junit.internal.runners.statements.FailOnTimeout$CallableStatement.call(FailOnTimeout.java:298)
	at org.junit.internal.runners.statements.FailOnTimeout$CallableStatement.call(FailOnTimeout.java:292)
	at java.util.concurrent.FutureTask.run(FutureTask.java:266)
	at java.lang.Thread.run(Thread.java:748)
43) test048(com.fasterxml.jackson.dataformat.xml.ser.ToXmlGenerator_ESTest)
com.fasterxml.jackson.core.JsonGenerationException: Unbound namespace URI 'bri,?Oyj=x'
	at com.fasterxml.jackson.dataformat.xml.util.StaxUtil.throwAsGenerationException(StaxUtil.java:47)
	at com.fasterxml.jackson.dataformat.xml.ser.ToXmlGenerator._handleStartObject(ToXmlGenerator.java:540)
	at com.fasterxml.jackson.dataformat.xml.ser.ToXmlGenerator.writeStartObject(ToXmlGenerator.java:509)
	at com.fasterxml.jackson.dataformat.xml.ser.ToXmlGenerator_ESTest.test048(ToXmlGenerator_ESTest.java:954)
	at sun.reflect.NativeMethodAccessorImpl.invoke0(Native Method)
	at sun.reflect.NativeMethodAccessorImpl.invoke(NativeMethodAccessorImpl.java:62)
	at sun.reflect.DelegatingMethodAccessorImpl.invoke(DelegatingMethodAccessorImpl.java:43)
	at java.lang.reflect.Method.invoke(Method.java:498)
	at org.junit.runners.model.FrameworkMethod$1.runReflectiveCall(FrameworkMethod.java:50)
	at org.junit.internal.runners.model.ReflectiveCallable.run(ReflectiveCallable.java:12)
	at org.junit.runners.model.FrameworkMethod.invokeExplosively(FrameworkMethod.java:47)
	at org.junit.internal.runners.statements.InvokeMethod.evaluate(InvokeMethod.java:17)
	at org.junit.internal.runners.statements.FailOnTimeout$CallableStatement.call(FailOnTimeout.java:298)
	at org.junit.internal.runners.statements.FailOnTimeout$CallableStatement.call(FailOnTimeout.java:292)
	at java.util.concurrent.FutureTask.run(FutureTask.java:266)
	at java.lang.Thread.run(Thread.java:748)
44) test169(com.fasterxml.jackson.dataformat.xml.ser.ToXmlGenerator_ESTest)
java.lang.ArrayIndexOutOfBoundsException: 99
	at com.ctc.wstx.sw.ISOLatin1XmlWriter.writeTextContent(ISOLatin1XmlWriter.java:725)
	at com.ctc.wstx.sw.EncodingXmlWriter.writeCharacters(EncodingXmlWriter.java:291)
	at com.ctc.wstx.sw.BaseStreamWriter.writeCharacters(BaseStreamWriter.java:393)
	at com.fasterxml.jackson.dataformat.xml.ser.ToXmlGenerator.writeString(ToXmlGenerator.java:632)
	at com.fasterxml.jackson.dataformat.xml.ser.ToXmlGenerator_ESTest.test169(ToXmlGenerator_ESTest.java:3591)
	at sun.reflect.NativeMethodAccessorImpl.invoke0(Native Method)
	at sun.reflect.NativeMethodAccessorImpl.invoke(NativeMethodAccessorImpl.java:62)
	at sun.reflect.DelegatingMethodAccessorImpl.invoke(DelegatingMethodAccessorImpl.java:43)
	at java.lang.reflect.Method.invoke(Method.java:498)
	at org.junit.runners.model.FrameworkMethod$1.runReflectiveCall(FrameworkMethod.java:50)
	at org.junit.internal.runners.model.ReflectiveCallable.run(ReflectiveCallable.java:12)
	at org.junit.runners.model.FrameworkMethod.invokeExplosively(FrameworkMethod.java:47)
	at org.junit.internal.runners.statements.InvokeMethod.evaluate(InvokeMethod.java:17)
	at org.junit.internal.runners.statements.FailOnTimeout$CallableStatement.call(FailOnTimeout.java:298)
	at org.junit.internal.runners.statements.FailOnTimeout$CallableStatement.call(FailOnTimeout.java:292)
	at java.util.concurrent.FutureTask.run(FutureTask.java:266)
	at java.lang.Thread.run(Thread.java:748)
45) test047(com.fasterxml.jackson.dataformat.xml.ser.ToXmlGenerator_ESTest)
java.lang.NullPointerException
	at com.ctc.wstx.sw.BaseNsStreamWriter.doWriteStartTag(BaseNsStreamWriter.java:634)
	at com.ctc.wstx.sw.SimpleNsStreamWriter.writeStartOrEmpty(SimpleNsStreamWriter.java:253)
	at com.ctc.wstx.sw.BaseNsStreamWriter.writeStartElement(BaseNsStreamWriter.java:323)
	at com.fasterxml.jackson.dataformat.xml.ser.ToXmlGenerator._handleStartObject(ToXmlGenerator.java:538)
	at com.fasterxml.jackson.dataformat.xml.ser.ToXmlGenerator.writeStartObject(ToXmlGenerator.java:509)
	at com.fasterxml.jackson.dataformat.xml.ser.ToXmlGenerator_ESTest.test047(ToXmlGenerator_ESTest.java:932)
	at sun.reflect.NativeMethodAccessorImpl.invoke0(Native Method)
	at sun.reflect.NativeMethodAccessorImpl.invoke(NativeMethodAccessorImpl.java:62)
	at sun.reflect.DelegatingMethodAccessorImpl.invoke(DelegatingMethodAccessorImpl.java:43)
	at java.lang.reflect.Method.invoke(Method.java:498)
	at org.junit.runners.model.FrameworkMethod$1.runReflectiveCall(FrameworkMethod.java:50)
	at org.junit.internal.runners.model.ReflectiveCallable.run(ReflectiveCallable.java:12)
	at org.junit.runners.model.FrameworkMethod.invokeExplosively(FrameworkMethod.java:47)
	at org.junit.internal.runners.statements.InvokeMethod.evaluate(InvokeMethod.java:17)
	at org.junit.internal.runners.statements.FailOnTimeout$CallableStatement.call(FailOnTimeout.java:298)
	at org.junit.internal.runners.statements.FailOnTimeout$CallableStatement.call(FailOnTimeout.java:292)
	at java.util.concurrent.FutureTask.run(FutureTask.java:266)
	at java.lang.Thread.run(Thread.java:748)
46) test168(com.fasterxml.jackson.dataformat.xml.ser.ToXmlGenerator_ESTest)
java.lang.ArrayIndexOutOfBoundsException: -11
	at com.ctc.wstx.sw.ISOLatin1XmlWriter.writeTextContent(ISOLatin1XmlWriter.java:725)
	at com.ctc.wstx.sw.EncodingXmlWriter.writeCharacters(EncodingXmlWriter.java:291)
	at com.ctc.wstx.sw.BaseStreamWriter.writeCharacters(BaseStreamWriter.java:393)
	at com.fasterxml.jackson.dataformat.xml.util.DefaultXmlPrettyPrinter.writeLeafElement(DefaultXmlPrettyPrinter.java:295)
	at com.fasterxml.jackson.dataformat.xml.ser.ToXmlGenerator.writeString(ToXmlGenerator.java:635)
	at com.fasterxml.jackson.dataformat.xml.ser.ToXmlGenerator_ESTest.test168(ToXmlGenerator_ESTest.java:3564)
	at sun.reflect.NativeMethodAccessorImpl.invoke0(Native Method)
	at sun.reflect.NativeMethodAccessorImpl.invoke(NativeMethodAccessorImpl.java:62)
	at sun.reflect.DelegatingMethodAccessorImpl.invoke(DelegatingMethodAccessorImpl.java:43)
	at java.lang.reflect.Method.invoke(Method.java:498)
	at org.junit.runners.model.FrameworkMethod$1.runReflectiveCall(FrameworkMethod.java:50)
	at org.junit.internal.runners.model.ReflectiveCallable.run(ReflectiveCallable.java:12)
	at org.junit.runners.model.FrameworkMethod.invokeExplosively(FrameworkMethod.java:47)
	at org.junit.internal.runners.statements.InvokeMethod.evaluate(InvokeMethod.java:17)
	at org.junit.internal.runners.statements.FailOnTimeout$CallableStatement.call(FailOnTimeout.java:298)
	at org.junit.internal.runners.statements.FailOnTimeout$CallableStatement.call(FailOnTimeout.java:292)
	at java.util.concurrent.FutureTask.run(FutureTask.java:266)
	at java.lang.Thread.run(Thread.java:748)
47) test046(com.fasterxml.jackson.dataformat.xml.ser.ToXmlGenerator_ESTest)
com.fasterxml.jackson.core.JsonGenerationException: Trying to output second root, <!0 }8Mdao@4>
	at com.fasterxml.jackson.dataformat.xml.util.StaxUtil.throwAsGenerationException(StaxUtil.java:47)
	at com.fasterxml.jackson.dataformat.xml.ser.ToXmlGenerator.writeString(ToXmlGenerator.java:613)
	at com.fasterxml.jackson.dataformat.xml.ser.ToXmlGenerator.writeString(ToXmlGenerator.java:654)
	at com.fasterxml.jackson.dataformat.xml.ser.ToXmlGenerator_ESTest.test046(ToXmlGenerator_ESTest.java:909)
	at sun.reflect.NativeMethodAccessorImpl.invoke0(Native Method)
	at sun.reflect.NativeMethodAccessorImpl.invoke(NativeMethodAccessorImpl.java:62)
	at sun.reflect.DelegatingMethodAccessorImpl.invoke(DelegatingMethodAccessorImpl.java:43)
	at java.lang.reflect.Method.invoke(Method.java:498)
	at org.junit.runners.model.FrameworkMethod$1.runReflectiveCall(FrameworkMethod.java:50)
	at org.junit.internal.runners.model.ReflectiveCallable.run(ReflectiveCallable.java:12)
	at org.junit.runners.model.FrameworkMethod.invokeExplosively(FrameworkMethod.java:47)
	at org.junit.internal.runners.statements.InvokeMethod.evaluate(InvokeMethod.java:17)
	at org.junit.internal.runners.statements.FailOnTimeout$CallableStatement.call(FailOnTimeout.java:298)
	at org.junit.internal.runners.statements.FailOnTimeout$CallableStatement.call(FailOnTimeout.java:292)
	at java.util.concurrent.FutureTask.run(FutureTask.java:266)
	at java.lang.Thread.run(Thread.java:748)
48) test167(com.fasterxml.jackson.dataformat.xml.ser.ToXmlGenerator_ESTest)
org.evosuite.runtime.mock.java.lang.MockIllegalStateException: No element/attribute name specified when trying to output element
	at com.fasterxml.jackson.dataformat.xml.ser.ToXmlGenerator.handleMissingName(ToXmlGenerator.java:1230)
	at com.fasterxml.jackson.dataformat.xml.ser.ToXmlGenerator.writeRawValue(ToXmlGenerator.java:686)
	at com.fasterxml.jackson.dataformat.xml.ser.ToXmlGenerator_ESTest.test167(ToXmlGenerator_ESTest.java:3536)
	at sun.reflect.NativeMethodAccessorImpl.invoke0(Native Method)
	at sun.reflect.NativeMethodAccessorImpl.invoke(NativeMethodAccessorImpl.java:62)
	at sun.reflect.DelegatingMethodAccessorImpl.invoke(DelegatingMethodAccessorImpl.java:43)
	at java.lang.reflect.Method.invoke(Method.java:498)
	at org.junit.runners.model.FrameworkMethod$1.runReflectiveCall(FrameworkMethod.java:50)
	at org.junit.internal.runners.model.ReflectiveCallable.run(ReflectiveCallable.java:12)
	at org.junit.runners.model.FrameworkMethod.invokeExplosively(FrameworkMethod.java:47)
	at org.junit.internal.runners.statements.InvokeMethod.evaluate(InvokeMethod.java:17)
	at org.junit.internal.runners.statements.FailOnTimeout$CallableStatement.call(FailOnTimeout.java:298)
	at org.junit.internal.runners.statements.FailOnTimeout$CallableStatement.call(FailOnTimeout.java:292)
	at java.util.concurrent.FutureTask.run(FutureTask.java:266)
	at java.lang.Thread.run(Thread.java:748)
49) test052(com.fasterxml.jackson.dataformat.xml.ser.ToXmlGenerator_ESTest)
java.lang.ArrayIndexOutOfBoundsException: 8388608
	at com.ctc.wstx.sw.ISOLatin1XmlWriter.writeRaw(ISOLatin1XmlWriter.java:65)
	at com.ctc.wstx.sw.BaseStreamWriter.writeRaw(BaseStreamWriter.java:1157)
	at com.fasterxml.jackson.dataformat.xml.ser.ToXmlGenerator.writeRawValue(ToXmlGenerator.java:740)
	at com.fasterxml.jackson.dataformat.xml.ser.ToXmlGenerator_ESTest.test052(ToXmlGenerator_ESTest.java:1057)
	at sun.reflect.NativeMethodAccessorImpl.invoke0(Native Method)
	at sun.reflect.NativeMethodAccessorImpl.invoke(NativeMethodAccessorImpl.java:62)
	at sun.reflect.DelegatingMethodAccessorImpl.invoke(DelegatingMethodAccessorImpl.java:43)
	at java.lang.reflect.Method.invoke(Method.java:498)
	at org.junit.runners.model.FrameworkMethod$1.runReflectiveCall(FrameworkMethod.java:50)
	at org.junit.internal.runners.model.ReflectiveCallable.run(ReflectiveCallable.java:12)
	at org.junit.runners.model.FrameworkMethod.invokeExplosively(FrameworkMethod.java:47)
	at org.junit.internal.runners.statements.InvokeMethod.evaluate(InvokeMethod.java:17)
	at org.junit.internal.runners.statements.FailOnTimeout$CallableStatement.call(FailOnTimeout.java:298)
	at org.junit.internal.runners.statements.FailOnTimeout$CallableStatement.call(FailOnTimeout.java:292)
	at java.util.concurrent.FutureTask.run(FutureTask.java:266)
	at java.lang.Thread.run(Thread.java:748)
50) test051(com.fasterxml.jackson.dataformat.xml.ser.ToXmlGenerator_ESTest)
java.lang.IndexOutOfBoundsException
	at java.io.BufferedWriter.write(BufferedWriter.java:178)
	at java.io.PrintWriter.write(PrintWriter.java:426)
	at com.ctc.wstx.sw.BufferingXmlWriter.writeRaw(BufferingXmlWriter.java:286)
	at com.ctc.wstx.sw.BaseStreamWriter.writeRaw(BaseStreamWriter.java:1157)
	at com.fasterxml.jackson.dataformat.xml.ser.ToXmlGenerator.writeRawValue(ToXmlGenerator.java:740)
	at com.fasterxml.jackson.dataformat.xml.ser.ToXmlGenerator_ESTest.test051(ToXmlGenerator_ESTest.java:1031)
	at sun.reflect.NativeMethodAccessorImpl.invoke0(Native Method)
	at sun.reflect.NativeMethodAccessorImpl.invoke(NativeMethodAccessorImpl.java:62)
	at sun.reflect.DelegatingMethodAccessorImpl.invoke(DelegatingMethodAccessorImpl.java:43)
	at java.lang.reflect.Method.invoke(Method.java:498)
	at org.junit.runners.model.FrameworkMethod$1.runReflectiveCall(FrameworkMethod.java:50)
	at org.junit.internal.runners.model.ReflectiveCallable.run(ReflectiveCallable.java:12)
	at org.junit.runners.model.FrameworkMethod.invokeExplosively(FrameworkMethod.java:47)
	at org.junit.internal.runners.statements.InvokeMethod.evaluate(InvokeMethod.java:17)
	at org.junit.internal.runners.statements.FailOnTimeout$CallableStatement.call(FailOnTimeout.java:298)
	at org.junit.internal.runners.statements.FailOnTimeout$CallableStatement.call(FailOnTimeout.java:292)
	at java.util.concurrent.FutureTask.run(FutureTask.java:266)
	at java.lang.Thread.run(Thread.java:748)
51) test172(com.fasterxml.jackson.dataformat.xml.ser.ToXmlGenerator_ESTest)
com.fasterxml.jackson.core.JsonGenerationException: Invalid null character in text to output
	at com.fasterxml.jackson.dataformat.xml.util.StaxUtil.throwAsGenerationException(StaxUtil.java:47)
	at com.fasterxml.jackson.dataformat.xml.ser.ToXmlGenerator.writeString(ToXmlGenerator.java:648)
	at com.fasterxml.jackson.dataformat.xml.ser.ToXmlGenerator_ESTest.test172(ToXmlGenerator_ESTest.java:3664)
	at sun.reflect.NativeMethodAccessorImpl.invoke0(Native Method)
	at sun.reflect.NativeMethodAccessorImpl.invoke(NativeMethodAccessorImpl.java:62)
	at sun.reflect.DelegatingMethodAccessorImpl.invoke(DelegatingMethodAccessorImpl.java:43)
	at java.lang.reflect.Method.invoke(Method.java:498)
	at org.junit.runners.model.FrameworkMethod$1.runReflectiveCall(FrameworkMethod.java:50)
	at org.junit.internal.runners.model.ReflectiveCallable.run(ReflectiveCallable.java:12)
	at org.junit.runners.model.FrameworkMethod.invokeExplosively(FrameworkMethod.java:47)
	at org.junit.internal.runners.statements.InvokeMethod.evaluate(InvokeMethod.java:17)
	at org.junit.internal.runners.statements.FailOnTimeout$CallableStatement.call(FailOnTimeout.java:298)
	at org.junit.internal.runners.statements.FailOnTimeout$CallableStatement.call(FailOnTimeout.java:292)
	at java.util.concurrent.FutureTask.run(FutureTask.java:266)
	at java.lang.Thread.run(Thread.java:748)
52) test050(com.fasterxml.jackson.dataformat.xml.ser.ToXmlGenerator_ESTest)
java.lang.NullPointerException
	at com.fasterxml.jackson.dataformat.xml.ser.ToXmlGenerator.writeRepeatedFieldName(ToXmlGenerator.java:416)
	at com.fasterxml.jackson.dataformat.xml.ser.ToXmlGenerator_ESTest.test050(ToXmlGenerator_ESTest.java:1002)
	at sun.reflect.NativeMethodAccessorImpl.invoke0(Native Method)
	at sun.reflect.NativeMethodAccessorImpl.invoke(NativeMethodAccessorImpl.java:62)
	at sun.reflect.DelegatingMethodAccessorImpl.invoke(DelegatingMethodAccessorImpl.java:43)
	at java.lang.reflect.Method.invoke(Method.java:498)
	at org.junit.runners.model.FrameworkMethod$1.runReflectiveCall(FrameworkMethod.java:50)
	at org.junit.internal.runners.model.ReflectiveCallable.run(ReflectiveCallable.java:12)
	at org.junit.runners.model.FrameworkMethod.invokeExplosively(FrameworkMethod.java:47)
	at org.junit.internal.runners.statements.InvokeMethod.evaluate(InvokeMethod.java:17)
	at org.junit.internal.runners.statements.FailOnTimeout$CallableStatement.call(FailOnTimeout.java:298)
	at org.junit.internal.runners.statements.FailOnTimeout$CallableStatement.call(FailOnTimeout.java:292)
	at java.util.concurrent.FutureTask.run(FutureTask.java:266)
	at java.lang.Thread.run(Thread.java:748)
53) test171(com.fasterxml.jackson.dataformat.xml.ser.ToXmlGenerator_ESTest)
org.evosuite.runtime.mock.java.lang.MockIllegalStateException: No element/attribute name specified when trying to output element
	at com.fasterxml.jackson.dataformat.xml.ser.ToXmlGenerator.handleMissingName(ToXmlGenerator.java:1230)
	at com.fasterxml.jackson.dataformat.xml.ser.ToXmlGenerator.writeString(ToXmlGenerator.java:622)
	at com.fasterxml.jackson.dataformat.xml.ser.ToXmlGenerator_ESTest.test171(ToXmlGenerator_ESTest.java:3639)
	at sun.reflect.NativeMethodAccessorImpl.invoke0(Native Method)
	at sun.reflect.NativeMethodAccessorImpl.invoke(NativeMethodAccessorImpl.java:62)
	at sun.reflect.DelegatingMethodAccessorImpl.invoke(DelegatingMethodAccessorImpl.java:43)
	at java.lang.reflect.Method.invoke(Method.java:498)
	at org.junit.runners.model.FrameworkMethod$1.runReflectiveCall(FrameworkMethod.java:50)
	at org.junit.internal.runners.model.ReflectiveCallable.run(ReflectiveCallable.java:12)
	at org.junit.runners.model.FrameworkMethod.invokeExplosively(FrameworkMethod.java:47)
	at org.junit.internal.runners.statements.InvokeMethod.evaluate(InvokeMethod.java:17)
	at org.junit.internal.runners.statements.FailOnTimeout$CallableStatement.call(FailOnTimeout.java:298)
	at org.junit.internal.runners.statements.FailOnTimeout$CallableStatement.call(FailOnTimeout.java:292)
	at java.util.concurrent.FutureTask.run(FutureTask.java:266)
	at java.lang.Thread.run(Thread.java:748)
54) test170(com.fasterxml.jackson.dataformat.xml.ser.ToXmlGenerator_ESTest)
java.lang.StringIndexOutOfBoundsException: String index out of range: 57346
	at java.lang.String.<init>(String.java:205)
	at com.fasterxml.jackson.dataformat.xml.ser.ToXmlGenerator.writeString(ToXmlGenerator.java:626)
	at com.fasterxml.jackson.dataformat.xml.ser.ToXmlGenerator_ESTest.test170(ToXmlGenerator_ESTest.java:3618)
	at sun.reflect.NativeMethodAccessorImpl.invoke0(Native Method)
	at sun.reflect.NativeMethodAccessorImpl.invoke(NativeMethodAccessorImpl.java:62)
	at sun.reflect.DelegatingMethodAccessorImpl.invoke(DelegatingMethodAccessorImpl.java:43)
	at java.lang.reflect.Method.invoke(Method.java:498)
	at org.junit.runners.model.FrameworkMethod$1.runReflectiveCall(FrameworkMethod.java:50)
	at org.junit.internal.runners.model.ReflectiveCallable.run(ReflectiveCallable.java:12)
	at org.junit.runners.model.FrameworkMethod.invokeExplosively(FrameworkMethod.java:47)
	at org.junit.internal.runners.statements.InvokeMethod.evaluate(InvokeMethod.java:17)
	at org.junit.internal.runners.statements.FailOnTimeout$CallableStatement.call(FailOnTimeout.java:298)
	at org.junit.internal.runners.statements.FailOnTimeout$CallableStatement.call(FailOnTimeout.java:292)
	at java.util.concurrent.FutureTask.run(FutureTask.java:266)
	at java.lang.Thread.run(Thread.java:748)
55) test056(com.fasterxml.jackson.dataformat.xml.ser.ToXmlGenerator_ESTest)
java.lang.ArrayIndexOutOfBoundsException: 56320
	at com.ctc.wstx.sw.ISOLatin1XmlWriter.writeRaw(ISOLatin1XmlWriter.java:65)
	at com.ctc.wstx.sw.BaseStreamWriter.writeRaw(BaseStreamWriter.java:1157)
	at com.fasterxml.jackson.dataformat.xml.ser.ToXmlGenerator.writeRaw(ToXmlGenerator.java:789)
	at com.fasterxml.jackson.dataformat.xml.ser.ToXmlGenerator_ESTest.test056(ToXmlGenerator_ESTest.java:1151)
	at sun.reflect.NativeMethodAccessorImpl.invoke0(Native Method)
	at sun.reflect.NativeMethodAccessorImpl.invoke(NativeMethodAccessorImpl.java:62)
	at sun.reflect.DelegatingMethodAccessorImpl.invoke(DelegatingMethodAccessorImpl.java:43)
	at java.lang.reflect.Method.invoke(Method.java:498)
	at org.junit.runners.model.FrameworkMethod$1.runReflectiveCall(FrameworkMethod.java:50)
	at org.junit.internal.runners.model.ReflectiveCallable.run(ReflectiveCallable.java:12)
	at org.junit.runners.model.FrameworkMethod.invokeExplosively(FrameworkMethod.java:47)
	at org.junit.internal.runners.statements.InvokeMethod.evaluate(InvokeMethod.java:17)
	at org.junit.internal.runners.statements.FailOnTimeout$CallableStatement.call(FailOnTimeout.java:298)
	at org.junit.internal.runners.statements.FailOnTimeout$CallableStatement.call(FailOnTimeout.java:292)
	at java.util.concurrent.FutureTask.run(FutureTask.java:266)
	at java.lang.Thread.run(Thread.java:748)
56) test177(com.fasterxml.jackson.dataformat.xml.ser.ToXmlGenerator_ESTest)
com.fasterxml.jackson.core.JsonGenerationException: N/A
	at com.fasterxml.jackson.dataformat.xml.ser.ToXmlGenerator.close(ToXmlGenerator.java:1190)
	at com.fasterxml.jackson.dataformat.xml.ser.ToXmlGenerator_ESTest.test177(ToXmlGenerator_ESTest.java:3776)
	at sun.reflect.NativeMethodAccessorImpl.invoke0(Native Method)
	at sun.reflect.NativeMethodAccessorImpl.invoke(NativeMethodAccessorImpl.java:62)
	at sun.reflect.DelegatingMethodAccessorImpl.invoke(DelegatingMethodAccessorImpl.java:43)
	at java.lang.reflect.Method.invoke(Method.java:498)
	at org.junit.runners.model.FrameworkMethod$1.runReflectiveCall(FrameworkMethod.java:50)
	at org.junit.internal.runners.model.ReflectiveCallable.run(ReflectiveCallable.java:12)
	at org.junit.runners.model.FrameworkMethod.invokeExplosively(FrameworkMethod.java:47)
	at org.junit.internal.runners.statements.InvokeMethod.evaluate(InvokeMethod.java:17)
	at org.junit.internal.runners.statements.FailOnTimeout$CallableStatement.call(FailOnTimeout.java:298)
	at org.junit.internal.runners.statements.FailOnTimeout$CallableStatement.call(FailOnTimeout.java:292)
	at java.util.concurrent.FutureTask.run(FutureTask.java:266)
	at java.lang.Thread.run(Thread.java:748)
57) test055(com.fasterxml.jackson.dataformat.xml.ser.ToXmlGenerator_ESTest)
java.lang.IndexOutOfBoundsException
	at java.io.BufferedWriter.write(BufferedWriter.java:178)
	at java.io.PrintWriter.write(PrintWriter.java:426)
	at com.ctc.wstx.sw.BufferingXmlWriter.writeRaw(BufferingXmlWriter.java:286)
	at com.ctc.wstx.sw.BaseStreamWriter.writeRaw(BaseStreamWriter.java:1157)
	at com.fasterxml.jackson.dataformat.xml.ser.ToXmlGenerator.writeRaw(ToXmlGenerator.java:789)
	at com.fasterxml.jackson.dataformat.xml.ser.ToXmlGenerator_ESTest.test055(ToXmlGenerator_ESTest.java:1127)
	at sun.reflect.NativeMethodAccessorImpl.invoke0(Native Method)
	at sun.reflect.NativeMethodAccessorImpl.invoke(NativeMethodAccessorImpl.java:62)
	at sun.reflect.DelegatingMethodAccessorImpl.invoke(DelegatingMethodAccessorImpl.java:43)
	at java.lang.reflect.Method.invoke(Method.java:498)
	at org.junit.runners.model.FrameworkMethod$1.runReflectiveCall(FrameworkMethod.java:50)
	at org.junit.internal.runners.model.ReflectiveCallable.run(ReflectiveCallable.java:12)
	at org.junit.runners.model.FrameworkMethod.invokeExplosively(FrameworkMethod.java:47)
	at org.junit.internal.runners.statements.InvokeMethod.evaluate(InvokeMethod.java:17)
	at org.junit.internal.runners.statements.FailOnTimeout$CallableStatement.call(FailOnTimeout.java:298)
	at org.junit.internal.runners.statements.FailOnTimeout$CallableStatement.call(FailOnTimeout.java:292)
	at java.util.concurrent.FutureTask.run(FutureTask.java:266)
	at java.lang.Thread.run(Thread.java:748)
58) test176(com.fasterxml.jackson.dataformat.xml.ser.ToXmlGenerator_ESTest)
com.fasterxml.jackson.core.JsonGenerationException: Can not write END_ELEMENT without open START_ELEMENT
	at com.fasterxml.jackson.dataformat.xml.ser.ToXmlGenerator._handleEndObject(ToXmlGenerator.java:549)
	at com.fasterxml.jackson.dataformat.xml.ser.ToXmlGenerator_ESTest.test176(ToXmlGenerator_ESTest.java:3748)
	at sun.reflect.NativeMethodAccessorImpl.invoke0(Native Method)
	at sun.reflect.NativeMethodAccessorImpl.invoke(NativeMethodAccessorImpl.java:62)
	at sun.reflect.DelegatingMethodAccessorImpl.invoke(DelegatingMethodAccessorImpl.java:43)
	at java.lang.reflect.Method.invoke(Method.java:498)
	at org.junit.runners.model.FrameworkMethod$1.runReflectiveCall(FrameworkMethod.java:50)
	at org.junit.internal.runners.model.ReflectiveCallable.run(ReflectiveCallable.java:12)
	at org.junit.runners.model.FrameworkMethod.invokeExplosively(FrameworkMethod.java:47)
	at org.junit.internal.runners.statements.InvokeMethod.evaluate(InvokeMethod.java:17)
	at org.junit.internal.runners.statements.FailOnTimeout$CallableStatement.call(FailOnTimeout.java:298)
	at org.junit.internal.runners.statements.FailOnTimeout$CallableStatement.call(FailOnTimeout.java:292)
	at java.util.concurrent.FutureTask.run(FutureTask.java:266)
	at java.lang.Thread.run(Thread.java:748)
59) test054(com.fasterxml.jackson.dataformat.xml.ser.ToXmlGenerator_ESTest)
java.lang.NullPointerException
	at com.ctc.wstx.sw.BaseStreamWriter.writeRaw(BaseStreamWriter.java:1157)
	at com.fasterxml.jackson.dataformat.xml.ser.ToXmlGenerator.writeRaw(ToXmlGenerator.java:789)
	at com.fasterxml.jackson.dataformat.xml.ser.ToXmlGenerator_ESTest.test054(ToXmlGenerator_ESTest.java:1102)
	at sun.reflect.NativeMethodAccessorImpl.invoke0(Native Method)
	at sun.reflect.NativeMethodAccessorImpl.invoke(NativeMethodAccessorImpl.java:62)
	at sun.reflect.DelegatingMethodAccessorImpl.invoke(DelegatingMethodAccessorImpl.java:43)
	at java.lang.reflect.Method.invoke(Method.java:498)
	at org.junit.runners.model.FrameworkMethod$1.runReflectiveCall(FrameworkMethod.java:50)
	at org.junit.internal.runners.model.ReflectiveCallable.run(ReflectiveCallable.java:12)
	at org.junit.runners.model.FrameworkMethod.invokeExplosively(FrameworkMethod.java:47)
	at org.junit.internal.runners.statements.InvokeMethod.evaluate(InvokeMethod.java:17)
	at org.junit.internal.runners.statements.FailOnTimeout$CallableStatement.call(FailOnTimeout.java:298)
	at org.junit.internal.runners.statements.FailOnTimeout$CallableStatement.call(FailOnTimeout.java:292)
	at java.util.concurrent.FutureTask.run(FutureTask.java:266)
	at java.lang.Thread.run(Thread.java:748)
60) test053(com.fasterxml.jackson.dataformat.xml.ser.ToXmlGenerator_ESTest)
java.lang.NullPointerException
	at com.ctc.wstx.sw.BaseNsStreamWriter.doWriteStartTag(BaseNsStreamWriter.java:634)
	at com.ctc.wstx.sw.SimpleNsStreamWriter.writeStartOrEmpty(SimpleNsStreamWriter.java:253)
	at com.ctc.wstx.sw.BaseNsStreamWriter.writeStartElement(BaseNsStreamWriter.java:323)
	at com.fasterxml.jackson.dataformat.xml.ser.ToXmlGenerator.writeRawValue(ToXmlGenerator.java:716)
	at com.fasterxml.jackson.dataformat.xml.ser.ToXmlGenerator_ESTest.test053(ToXmlGenerator_ESTest.java:1080)
	at sun.reflect.NativeMethodAccessorImpl.invoke0(Native Method)
	at sun.reflect.NativeMethodAccessorImpl.invoke(NativeMethodAccessorImpl.java:62)
	at sun.reflect.DelegatingMethodAccessorImpl.invoke(DelegatingMethodAccessorImpl.java:43)
	at java.lang.reflect.Method.invoke(Method.java:498)
	at org.junit.runners.model.FrameworkMethod$1.runReflectiveCall(FrameworkMethod.java:50)
	at org.junit.internal.runners.model.ReflectiveCallable.run(ReflectiveCallable.java:12)
	at org.junit.runners.model.FrameworkMethod.invokeExplosively(FrameworkMethod.java:47)
	at org.junit.internal.runners.statements.InvokeMethod.evaluate(InvokeMethod.java:17)
	at org.junit.internal.runners.statements.FailOnTimeout$CallableStatement.call(FailOnTimeout.java:298)
	at org.junit.internal.runners.statements.FailOnTimeout$CallableStatement.call(FailOnTimeout.java:292)
	at java.util.concurrent.FutureTask.run(FutureTask.java:266)
	at java.lang.Thread.run(Thread.java:748)
61) test174(com.fasterxml.jackson.dataformat.xml.ser.ToXmlGenerator_ESTest)
com.fasterxml.jackson.core.JsonGenerationException: Unbound namespace URI ''
	at com.fasterxml.jackson.dataformat.xml.util.StaxUtil.throwAsGenerationException(StaxUtil.java:47)
	at com.fasterxml.jackson.dataformat.xml.ser.ToXmlGenerator.writeString(ToXmlGenerator.java:613)
	at com.fasterxml.jackson.dataformat.xml.ser.ToXmlGenerator_ESTest.test174(ToXmlGenerator_ESTest.java:3706)
	at sun.reflect.NativeMethodAccessorImpl.invoke0(Native Method)
	at sun.reflect.NativeMethodAccessorImpl.invoke(NativeMethodAccessorImpl.java:62)
	at sun.reflect.DelegatingMethodAccessorImpl.invoke(DelegatingMethodAccessorImpl.java:43)
	at java.lang.reflect.Method.invoke(Method.java:498)
	at org.junit.runners.model.FrameworkMethod$1.runReflectiveCall(FrameworkMethod.java:50)
	at org.junit.internal.runners.model.ReflectiveCallable.run(ReflectiveCallable.java:12)
	at org.junit.runners.model.FrameworkMethod.invokeExplosively(FrameworkMethod.java:47)
	at org.junit.internal.runners.statements.InvokeMethod.evaluate(InvokeMethod.java:17)
	at org.junit.internal.runners.statements.FailOnTimeout$CallableStatement.call(FailOnTimeout.java:298)
	at org.junit.internal.runners.statements.FailOnTimeout$CallableStatement.call(FailOnTimeout.java:292)
	at java.util.concurrent.FutureTask.run(FutureTask.java:266)
	at java.lang.Thread.run(Thread.java:748)
62) test159(com.fasterxml.jackson.dataformat.xml.ser.ToXmlGenerator_ESTest)
org.evosuite.runtime.mock.java.lang.MockIllegalStateException: No element/attribute name specified when trying to output element
	at com.fasterxml.jackson.dataformat.xml.ser.ToXmlGenerator.handleMissingName(ToXmlGenerator.java:1230)
	at com.fasterxml.jackson.dataformat.xml.ser.ToXmlGenerator.writeRawValue(ToXmlGenerator.java:733)
	at com.fasterxml.jackson.dataformat.xml.ser.ToXmlGenerator_ESTest.test159(ToXmlGenerator_ESTest.java:3354)
	at sun.reflect.NativeMethodAccessorImpl.invoke0(Native Method)
	at sun.reflect.NativeMethodAccessorImpl.invoke(NativeMethodAccessorImpl.java:62)
	at sun.reflect.DelegatingMethodAccessorImpl.invoke(DelegatingMethodAccessorImpl.java:43)
	at java.lang.reflect.Method.invoke(Method.java:498)
	at org.junit.runners.model.FrameworkMethod$1.runReflectiveCall(FrameworkMethod.java:50)
	at org.junit.internal.runners.model.ReflectiveCallable.run(ReflectiveCallable.java:12)
	at org.junit.runners.model.FrameworkMethod.invokeExplosively(FrameworkMethod.java:47)
	at org.junit.internal.runners.statements.InvokeMethod.evaluate(InvokeMethod.java:17)
	at org.junit.internal.runners.statements.FailOnTimeout$CallableStatement.call(FailOnTimeout.java:298)
	at org.junit.internal.runners.statements.FailOnTimeout$CallableStatement.call(FailOnTimeout.java:292)
	at java.util.concurrent.FutureTask.run(FutureTask.java:266)
	at java.lang.Thread.run(Thread.java:748)
63) test158(com.fasterxml.jackson.dataformat.xml.ser.ToXmlGenerator_ESTest)
com.fasterxml.jackson.core.JsonGenerationException: Underlying Stax XMLStreamWriter (of type org.codehaus.stax2.util.StreamWriterDelegate) does not implement Stax2 API natively and is missing method 'writeRawValue': this breaks functionality such as indentation that relies on it. You need to upgrade to using compliant Stax implementation like Woodstox or Aalto
	at com.fasterxml.jackson.dataformat.xml.ser.ToXmlGenerator._reportUnimplementedStax2(ToXmlGenerator.java:1238)
	at com.fasterxml.jackson.dataformat.xml.ser.ToXmlGenerator.writeRawValue(ToXmlGenerator.java:729)
	at com.fasterxml.jackson.dataformat.xml.ser.ToXmlGenerator_ESTest.test158(ToXmlGenerator_ESTest.java:3333)
	at sun.reflect.NativeMethodAccessorImpl.invoke0(Native Method)
	at sun.reflect.NativeMethodAccessorImpl.invoke(NativeMethodAccessorImpl.java:62)
	at sun.reflect.DelegatingMethodAccessorImpl.invoke(DelegatingMethodAccessorImpl.java:43)
	at java.lang.reflect.Method.invoke(Method.java:498)
	at org.junit.runners.model.FrameworkMethod$1.runReflectiveCall(FrameworkMethod.java:50)
	at org.junit.internal.runners.model.ReflectiveCallable.run(ReflectiveCallable.java:12)
	at org.junit.runners.model.FrameworkMethod.invokeExplosively(FrameworkMethod.java:47)
	at org.junit.internal.runners.statements.InvokeMethod.evaluate(InvokeMethod.java:17)
	at org.junit.internal.runners.statements.FailOnTimeout$CallableStatement.call(FailOnTimeout.java:298)
	at org.junit.internal.runners.statements.FailOnTimeout$CallableStatement.call(FailOnTimeout.java:292)
	at java.util.concurrent.FutureTask.run(FutureTask.java:266)
	at java.lang.Thread.run(Thread.java:748)
64) test157(com.fasterxml.jackson.dataformat.xml.ser.ToXmlGenerator_ESTest)
com.fasterxml.jackson.core.JsonGenerationException: Unbound namespace URI 'bri)OW1j=x'
	at com.fasterxml.jackson.dataformat.xml.util.StaxUtil.throwAsGenerationException(StaxUtil.java:47)
	at com.fasterxml.jackson.dataformat.xml.ser.ToXmlGenerator.writeRawValue(ToXmlGenerator.java:744)
	at com.fasterxml.jackson.dataformat.xml.ser.ToXmlGenerator_ESTest.test157(ToXmlGenerator_ESTest.java:3311)
	at sun.reflect.NativeMethodAccessorImpl.invoke0(Native Method)
	at sun.reflect.NativeMethodAccessorImpl.invoke(NativeMethodAccessorImpl.java:62)
	at sun.reflect.DelegatingMethodAccessorImpl.invoke(DelegatingMethodAccessorImpl.java:43)
	at java.lang.reflect.Method.invoke(Method.java:498)
	at org.junit.runners.model.FrameworkMethod$1.runReflectiveCall(FrameworkMethod.java:50)
	at org.junit.internal.runners.model.ReflectiveCallable.run(ReflectiveCallable.java:12)
	at org.junit.runners.model.FrameworkMethod.invokeExplosively(FrameworkMethod.java:47)
	at org.junit.internal.runners.statements.InvokeMethod.evaluate(InvokeMethod.java:17)
	at org.junit.internal.runners.statements.FailOnTimeout$CallableStatement.call(FailOnTimeout.java:298)
	at org.junit.internal.runners.statements.FailOnTimeout$CallableStatement.call(FailOnTimeout.java:292)
	at java.util.concurrent.FutureTask.run(FutureTask.java:266)
	at java.lang.Thread.run(Thread.java:748)
65) test156(com.fasterxml.jackson.dataformat.xml.ser.ToXmlGenerator_ESTest)
java.lang.NullPointerException
	at java.lang.String.<init>(String.java:204)
	at com.fasterxml.jackson.dataformat.xml.ser.ToXmlGenerator.writeRawValue(ToXmlGenerator.java:737)
	at com.fasterxml.jackson.dataformat.xml.ser.ToXmlGenerator_ESTest.test156(ToXmlGenerator_ESTest.java:3290)
	at sun.reflect.NativeMethodAccessorImpl.invoke0(Native Method)
	at sun.reflect.NativeMethodAccessorImpl.invoke(NativeMethodAccessorImpl.java:62)
	at sun.reflect.DelegatingMethodAccessorImpl.invoke(DelegatingMethodAccessorImpl.java:43)
	at java.lang.reflect.Method.invoke(Method.java:498)
	at org.junit.runners.model.FrameworkMethod$1.runReflectiveCall(FrameworkMethod.java:50)
	at org.junit.internal.runners.model.ReflectiveCallable.run(ReflectiveCallable.java:12)
	at org.junit.runners.model.FrameworkMethod.invokeExplosively(FrameworkMethod.java:47)
	at org.junit.internal.runners.statements.InvokeMethod.evaluate(InvokeMethod.java:17)
	at org.junit.internal.runners.statements.FailOnTimeout$CallableStatement.call(FailOnTimeout.java:298)
	at org.junit.internal.runners.statements.FailOnTimeout$CallableStatement.call(FailOnTimeout.java:292)
	at java.util.concurrent.FutureTask.run(FutureTask.java:266)
	at java.lang.Thread.run(Thread.java:748)
66) test041(com.fasterxml.jackson.dataformat.xml.ser.ToXmlGenerator_ESTest)
java.lang.NullPointerException
	at com.ctc.wstx.sw.BaseStreamWriter.writeCharacters(BaseStreamWriter.java:460)
	at com.fasterxml.jackson.dataformat.xml.ser.ToXmlGenerator.writeString(ToXmlGenerator.java:608)
	at com.fasterxml.jackson.dataformat.xml.ser.ToXmlGenerator.writeStringField(ToXmlGenerator.java:446)
	at com.fasterxml.jackson.dataformat.xml.ser.ToXmlGenerator_ESTest.test041(ToXmlGenerator_ESTest.java:787)
	at sun.reflect.NativeMethodAccessorImpl.invoke0(Native Method)
	at sun.reflect.NativeMethodAccessorImpl.invoke(NativeMethodAccessorImpl.java:62)
	at sun.reflect.DelegatingMethodAccessorImpl.invoke(DelegatingMethodAccessorImpl.java:43)
	at java.lang.reflect.Method.invoke(Method.java:498)
	at org.junit.runners.model.FrameworkMethod$1.runReflectiveCall(FrameworkMethod.java:50)
	at org.junit.internal.runners.model.ReflectiveCallable.run(ReflectiveCallable.java:12)
	at org.junit.runners.model.FrameworkMethod.invokeExplosively(FrameworkMethod.java:47)
	at org.junit.internal.runners.statements.InvokeMethod.evaluate(InvokeMethod.java:17)
	at org.junit.internal.runners.statements.FailOnTimeout$CallableStatement.call(FailOnTimeout.java:298)
	at org.junit.internal.runners.statements.FailOnTimeout$CallableStatement.call(FailOnTimeout.java:292)
	at java.util.concurrent.FutureTask.run(FutureTask.java:266)
	at java.lang.Thread.run(Thread.java:748)
67) test162(com.fasterxml.jackson.dataformat.xml.ser.ToXmlGenerator_ESTest)
com.fasterxml.jackson.core.JsonGenerationException: Underlying Stax XMLStreamWriter (of type org.codehaus.stax2.util.StreamWriterDelegate) does not implement Stax2 API natively and is missing method 'writeRawValue': this breaks functionality such as indentation that relies on it. You need to upgrade to using compliant Stax implementation like Woodstox or Aalto
	at com.fasterxml.jackson.dataformat.xml.ser.ToXmlGenerator._reportUnimplementedStax2(ToXmlGenerator.java:1238)
	at com.fasterxml.jackson.dataformat.xml.ser.ToXmlGenerator.writeRawValue(ToXmlGenerator.java:705)
	at com.fasterxml.jackson.dataformat.xml.ser.ToXmlGenerator_ESTest.test162(ToXmlGenerator_ESTest.java:3416)
	at sun.reflect.NativeMethodAccessorImpl.invoke0(Native Method)
	at sun.reflect.NativeMethodAccessorImpl.invoke(NativeMethodAccessorImpl.java:62)
	at sun.reflect.DelegatingMethodAccessorImpl.invoke(DelegatingMethodAccessorImpl.java:43)
	at java.lang.reflect.Method.invoke(Method.java:498)
	at org.junit.runners.model.FrameworkMethod$1.runReflectiveCall(FrameworkMethod.java:50)
	at org.junit.internal.runners.model.ReflectiveCallable.run(ReflectiveCallable.java:12)
	at org.junit.runners.model.FrameworkMethod.invokeExplosively(FrameworkMethod.java:47)
	at org.junit.internal.runners.statements.InvokeMethod.evaluate(InvokeMethod.java:17)
	at org.junit.internal.runners.statements.FailOnTimeout$CallableStatement.call(FailOnTimeout.java:298)
	at org.junit.internal.runners.statements.FailOnTimeout$CallableStatement.call(FailOnTimeout.java:292)
	at java.util.concurrent.FutureTask.run(FutureTask.java:266)
	at java.lang.Thread.run(Thread.java:748)
68) test160(com.fasterxml.jackson.dataformat.xml.ser.ToXmlGenerator_ESTest)
java.lang.StringIndexOutOfBoundsException: String index out of range: 6
	at java.lang.String.substring(String.java:1963)
	at com.fasterxml.jackson.dataformat.xml.ser.ToXmlGenerator.writeRawValue(ToXmlGenerator.java:714)
	at com.fasterxml.jackson.dataformat.xml.ser.ToXmlGenerator_ESTest.test160(ToXmlGenerator_ESTest.java:3379)
	at sun.reflect.NativeMethodAccessorImpl.invoke0(Native Method)
	at sun.reflect.NativeMethodAccessorImpl.invoke(NativeMethodAccessorImpl.java:62)
	at sun.reflect.DelegatingMethodAccessorImpl.invoke(DelegatingMethodAccessorImpl.java:43)
	at java.lang.reflect.Method.invoke(Method.java:498)
	at org.junit.runners.model.FrameworkMethod$1.runReflectiveCall(FrameworkMethod.java:50)
	at org.junit.internal.runners.model.ReflectiveCallable.run(ReflectiveCallable.java:12)
	at org.junit.runners.model.FrameworkMethod.invokeExplosively(FrameworkMethod.java:47)
	at org.junit.internal.runners.statements.InvokeMethod.evaluate(InvokeMethod.java:17)
	at org.junit.internal.runners.statements.FailOnTimeout$CallableStatement.call(FailOnTimeout.java:298)
	at org.junit.internal.runners.statements.FailOnTimeout$CallableStatement.call(FailOnTimeout.java:292)
	at java.util.concurrent.FutureTask.run(FutureTask.java:266)
	at java.lang.Thread.run(Thread.java:748)
69) test045(com.fasterxml.jackson.dataformat.xml.ser.ToXmlGenerator_ESTest)
java.lang.NullPointerException
	at com.fasterxml.jackson.dataformat.xml.ser.ToXmlGenerator.writeString(ToXmlGenerator.java:654)
	at com.fasterxml.jackson.dataformat.xml.ser.ToXmlGenerator_ESTest.test045(ToXmlGenerator_ESTest.java:883)
	at sun.reflect.NativeMethodAccessorImpl.invoke0(Native Method)
	at sun.reflect.NativeMethodAccessorImpl.invoke(NativeMethodAccessorImpl.java:62)
	at sun.reflect.DelegatingMethodAccessorImpl.invoke(DelegatingMethodAccessorImpl.java:43)
	at java.lang.reflect.Method.invoke(Method.java:498)
	at org.junit.runners.model.FrameworkMethod$1.runReflectiveCall(FrameworkMethod.java:50)
	at org.junit.internal.runners.model.ReflectiveCallable.run(ReflectiveCallable.java:12)
	at org.junit.runners.model.FrameworkMethod.invokeExplosively(FrameworkMethod.java:47)
	at org.junit.internal.runners.statements.InvokeMethod.evaluate(InvokeMethod.java:17)
	at org.junit.internal.runners.statements.FailOnTimeout$CallableStatement.call(FailOnTimeout.java:298)
	at org.junit.internal.runners.statements.FailOnTimeout$CallableStatement.call(FailOnTimeout.java:292)
	at java.util.concurrent.FutureTask.run(FutureTask.java:266)
	at java.lang.Thread.run(Thread.java:748)
70) test166(com.fasterxml.jackson.dataformat.xml.ser.ToXmlGenerator_ESTest)
com.fasterxml.jackson.core.JsonGenerationException: Underlying Stax XMLStreamWriter (of type org.codehaus.stax2.util.StreamWriterDelegate) does not implement Stax2 API natively and is missing method 'writeRawValue': this breaks functionality such as indentation that relies on it. You need to upgrade to using compliant Stax implementation like Woodstox or Aalto
	at com.fasterxml.jackson.dataformat.xml.ser.ToXmlGenerator._reportUnimplementedStax2(ToXmlGenerator.java:1238)
	at com.fasterxml.jackson.dataformat.xml.ser.ToXmlGenerator.writeRawValue(ToXmlGenerator.java:681)
	at com.fasterxml.jackson.dataformat.xml.ser.ToXmlGenerator_ESTest.test166(ToXmlGenerator_ESTest.java:3513)
	at sun.reflect.NativeMethodAccessorImpl.invoke0(Native Method)
	at sun.reflect.NativeMethodAccessorImpl.invoke(NativeMethodAccessorImpl.java:62)
	at sun.reflect.DelegatingMethodAccessorImpl.invoke(DelegatingMethodAccessorImpl.java:43)
	at java.lang.reflect.Method.invoke(Method.java:498)
	at org.junit.runners.model.FrameworkMethod$1.runReflectiveCall(FrameworkMethod.java:50)
	at org.junit.internal.runners.model.ReflectiveCallable.run(ReflectiveCallable.java:12)
	at org.junit.runners.model.FrameworkMethod.invokeExplosively(FrameworkMethod.java:47)
	at org.junit.internal.runners.statements.InvokeMethod.evaluate(InvokeMethod.java:17)
	at org.junit.internal.runners.statements.FailOnTimeout$CallableStatement.call(FailOnTimeout.java:298)
	at org.junit.internal.runners.statements.FailOnTimeout$CallableStatement.call(FailOnTimeout.java:292)
	at java.util.concurrent.FutureTask.run(FutureTask.java:266)
	at java.lang.Thread.run(Thread.java:748)
71) test044(com.fasterxml.jackson.dataformat.xml.ser.ToXmlGenerator_ESTest)
java.lang.NullPointerException
	at com.ctc.wstx.sw.BaseNsStreamWriter.doWriteStartTag(BaseNsStreamWriter.java:634)
	at com.ctc.wstx.sw.SimpleNsStreamWriter.writeStartOrEmpty(SimpleNsStreamWriter.java:253)
	at com.ctc.wstx.sw.BaseNsStreamWriter.writeStartElement(BaseNsStreamWriter.java:323)
	at com.fasterxml.jackson.dataformat.xml.ser.ToXmlGenerator.writeString(ToXmlGenerator.java:604)
	at com.fasterxml.jackson.dataformat.xml.ser.ToXmlGenerator_ESTest.test044(ToXmlGenerator_ESTest.java:860)
	at sun.reflect.NativeMethodAccessorImpl.invoke0(Native Method)
	at sun.reflect.NativeMethodAccessorImpl.invoke(NativeMethodAccessorImpl.java:62)
	at sun.reflect.DelegatingMethodAccessorImpl.invoke(DelegatingMethodAccessorImpl.java:43)
	at java.lang.reflect.Method.invoke(Method.java:498)
	at org.junit.runners.model.FrameworkMethod$1.runReflectiveCall(FrameworkMethod.java:50)
	at org.junit.internal.runners.model.ReflectiveCallable.run(ReflectiveCallable.java:12)
	at org.junit.runners.model.FrameworkMethod.invokeExplosively(FrameworkMethod.java:47)
	at org.junit.internal.runners.statements.InvokeMethod.evaluate(InvokeMethod.java:17)
	at org.junit.internal.runners.statements.FailOnTimeout$CallableStatement.call(FailOnTimeout.java:298)
	at org.junit.internal.runners.statements.FailOnTimeout$CallableStatement.call(FailOnTimeout.java:292)
	at java.util.concurrent.FutureTask.run(FutureTask.java:266)
	at java.lang.Thread.run(Thread.java:748)
72) test165(com.fasterxml.jackson.dataformat.xml.ser.ToXmlGenerator_ESTest)
java.lang.NullPointerException
	at com.ctc.wstx.sw.BaseNsStreamWriter.doWriteStartTag(BaseNsStreamWriter.java:634)
	at com.ctc.wstx.sw.SimpleNsStreamWriter.writeStartOrEmpty(SimpleNsStreamWriter.java:253)
	at com.ctc.wstx.sw.BaseNsStreamWriter.writeStartElement(BaseNsStreamWriter.java:323)
	at com.fasterxml.jackson.dataformat.xml.ser.ToXmlGenerator.writeRawValue(ToXmlGenerator.java:692)
	at com.fasterxml.jackson.dataformat.xml.ser.ToXmlGenerator_ESTest.test165(ToXmlGenerator_ESTest.java:3489)
	at sun.reflect.NativeMethodAccessorImpl.invoke0(Native Method)
	at sun.reflect.NativeMethodAccessorImpl.invoke(NativeMethodAccessorImpl.java:62)
	at sun.reflect.DelegatingMethodAccessorImpl.invoke(DelegatingMethodAccessorImpl.java:43)
	at java.lang.reflect.Method.invoke(Method.java:498)
	at org.junit.runners.model.FrameworkMethod$1.runReflectiveCall(FrameworkMethod.java:50)
	at org.junit.internal.runners.model.ReflectiveCallable.run(ReflectiveCallable.java:12)
	at org.junit.runners.model.FrameworkMethod.invokeExplosively(FrameworkMethod.java:47)
	at org.junit.internal.runners.statements.InvokeMethod.evaluate(InvokeMethod.java:17)
	at org.junit.internal.runners.statements.FailOnTimeout$CallableStatement.call(FailOnTimeout.java:298)
	at org.junit.internal.runners.statements.FailOnTimeout$CallableStatement.call(FailOnTimeout.java:292)
	at java.util.concurrent.FutureTask.run(FutureTask.java:266)
	at java.lang.Thread.run(Thread.java:748)
73) test043(com.fasterxml.jackson.dataformat.xml.ser.ToXmlGenerator_ESTest)
java.lang.NullPointerException
	at com.ctc.wstx.sw.BaseNsStreamWriter.doWriteStartTag(BaseNsStreamWriter.java:634)
	at com.ctc.wstx.sw.SimpleNsStreamWriter.writeStartOrEmpty(SimpleNsStreamWriter.java:253)
	at com.ctc.wstx.sw.BaseNsStreamWriter.writeStartElement(BaseNsStreamWriter.java:323)
	at com.fasterxml.jackson.dataformat.xml.ser.ToXmlGenerator.writeString(ToXmlGenerator.java:639)
	at com.fasterxml.jackson.dataformat.xml.ser.ToXmlGenerator_ESTest.test043(ToXmlGenerator_ESTest.java:837)
	at sun.reflect.NativeMethodAccessorImpl.invoke0(Native Method)
	at sun.reflect.NativeMethodAccessorImpl.invoke(NativeMethodAccessorImpl.java:62)
	at sun.reflect.DelegatingMethodAccessorImpl.invoke(DelegatingMethodAccessorImpl.java:43)
	at java.lang.reflect.Method.invoke(Method.java:498)
	at org.junit.runners.model.FrameworkMethod$1.runReflectiveCall(FrameworkMethod.java:50)
	at org.junit.internal.runners.model.ReflectiveCallable.run(ReflectiveCallable.java:12)
	at org.junit.runners.model.FrameworkMethod.invokeExplosively(FrameworkMethod.java:47)
	at org.junit.internal.runners.statements.InvokeMethod.evaluate(InvokeMethod.java:17)
	at org.junit.internal.runners.statements.FailOnTimeout$CallableStatement.call(FailOnTimeout.java:298)
	at org.junit.internal.runners.statements.FailOnTimeout$CallableStatement.call(FailOnTimeout.java:292)
	at java.util.concurrent.FutureTask.run(FutureTask.java:266)
	at java.lang.Thread.run(Thread.java:748)
74) test164(com.fasterxml.jackson.dataformat.xml.ser.ToXmlGenerator_ESTest)
com.fasterxml.jackson.core.JsonGenerationException: Trying to write an attribute when there is no open start element.
	at com.fasterxml.jackson.dataformat.xml.util.StaxUtil.throwAsGenerationException(StaxUtil.java:47)
	at com.fasterxml.jackson.dataformat.xml.ser.ToXmlGenerator.writeRawValue(ToXmlGenerator.java:697)
	at com.fasterxml.jackson.dataformat.xml.ser.ToXmlGenerator_ESTest.test164(ToXmlGenerator_ESTest.java:3466)
	at sun.reflect.NativeMethodAccessorImpl.invoke0(Native Method)
	at sun.reflect.NativeMethodAccessorImpl.invoke(NativeMethodAccessorImpl.java:62)
	at sun.reflect.DelegatingMethodAccessorImpl.invoke(DelegatingMethodAccessorImpl.java:43)
	at java.lang.reflect.Method.invoke(Method.java:498)
	at org.junit.runners.model.FrameworkMethod$1.runReflectiveCall(FrameworkMethod.java:50)
	at org.junit.internal.runners.model.ReflectiveCallable.run(ReflectiveCallable.java:12)
	at org.junit.runners.model.FrameworkMethod.invokeExplosively(FrameworkMethod.java:47)
	at org.junit.internal.runners.statements.InvokeMethod.evaluate(InvokeMethod.java:17)
	at org.junit.internal.runners.statements.FailOnTimeout$CallableStatement.call(FailOnTimeout.java:298)
	at org.junit.internal.runners.statements.FailOnTimeout$CallableStatement.call(FailOnTimeout.java:292)
	at java.util.concurrent.FutureTask.run(FutureTask.java:266)
	at java.lang.Thread.run(Thread.java:748)
75) test042(com.fasterxml.jackson.dataformat.xml.ser.ToXmlGenerator_ESTest)
java.lang.IllegalArgumentException: local part cannot be "null" when creating a QName
	at javax.xml.namespace.QName.<init>(QName.java:244)
	at javax.xml.namespace.QName.<init>(QName.java:188)
	at com.fasterxml.jackson.dataformat.xml.ser.ToXmlGenerator.writeFieldName(ToXmlGenerator.java:439)
	at com.fasterxml.jackson.dataformat.xml.ser.ToXmlGenerator.writeStringField(ToXmlGenerator.java:445)
	at com.fasterxml.jackson.dataformat.xml.ser.ToXmlGenerator_ESTest.test042(ToXmlGenerator_ESTest.java:813)
	at sun.reflect.NativeMethodAccessorImpl.invoke0(Native Method)
	at sun.reflect.NativeMethodAccessorImpl.invoke(NativeMethodAccessorImpl.java:62)
	at sun.reflect.DelegatingMethodAccessorImpl.invoke(DelegatingMethodAccessorImpl.java:43)
	at java.lang.reflect.Method.invoke(Method.java:498)
	at org.junit.runners.model.FrameworkMethod$1.runReflectiveCall(FrameworkMethod.java:50)
	at org.junit.internal.runners.model.ReflectiveCallable.run(ReflectiveCallable.java:12)
	at org.junit.runners.model.FrameworkMethod.invokeExplosively(FrameworkMethod.java:47)
	at org.junit.internal.runners.statements.InvokeMethod.evaluate(InvokeMethod.java:17)
	at org.junit.internal.runners.statements.FailOnTimeout$CallableStatement.call(FailOnTimeout.java:298)
	at org.junit.internal.runners.statements.FailOnTimeout$CallableStatement.call(FailOnTimeout.java:292)
	at java.util.concurrent.FutureTask.run(FutureTask.java:266)
	at java.lang.Thread.run(Thread.java:748)
76) test163(com.fasterxml.jackson.dataformat.xml.ser.ToXmlGenerator_ESTest)
org.evosuite.runtime.mock.java.lang.MockIllegalStateException: No element/attribute name specified when trying to output element
	at com.fasterxml.jackson.dataformat.xml.ser.ToXmlGenerator.handleMissingName(ToXmlGenerator.java:1230)
	at com.fasterxml.jackson.dataformat.xml.ser.ToXmlGenerator.writeRawValue(ToXmlGenerator.java:710)
	at com.fasterxml.jackson.dataformat.xml.ser.ToXmlGenerator_ESTest.test163(ToXmlGenerator_ESTest.java:3441)
	at sun.reflect.NativeMethodAccessorImpl.invoke0(Native Method)
	at sun.reflect.NativeMethodAccessorImpl.invoke(NativeMethodAccessorImpl.java:62)
	at sun.reflect.DelegatingMethodAccessorImpl.invoke(DelegatingMethodAccessorImpl.java:43)
	at java.lang.reflect.Method.invoke(Method.java:498)
	at org.junit.runners.model.FrameworkMethod$1.runReflectiveCall(FrameworkMethod.java:50)
	at org.junit.internal.runners.model.ReflectiveCallable.run(ReflectiveCallable.java:12)
	at org.junit.runners.model.FrameworkMethod.invokeExplosively(FrameworkMethod.java:47)
	at org.junit.internal.runners.statements.InvokeMethod.evaluate(InvokeMethod.java:17)
	at org.junit.internal.runners.statements.FailOnTimeout$CallableStatement.call(FailOnTimeout.java:298)
	at org.junit.internal.runners.statements.FailOnTimeout$CallableStatement.call(FailOnTimeout.java:292)
	at java.util.concurrent.FutureTask.run(FutureTask.java:266)
	at java.lang.Thread.run(Thread.java:748)
77) test069(com.fasterxml.jackson.dataformat.xml.ser.ToXmlGenerator_ESTest)
com.fasterxml.jackson.core.JsonGenerationException: Can not write a field name, expecting a value
	at com.fasterxml.jackson.core.JsonGenerator._reportError(JsonGenerator.java:1961)
	at com.fasterxml.jackson.dataformat.xml.ser.ToXmlGenerator.writeFieldName(ToXmlGenerator.java:435)
	at com.fasterxml.jackson.dataformat.xml.ser.ToXmlGenerator_ESTest.test069(ToXmlGenerator_ESTest.java:1455)
	at sun.reflect.NativeMethodAccessorImpl.invoke0(Native Method)
	at sun.reflect.NativeMethodAccessorImpl.invoke(NativeMethodAccessorImpl.java:62)
	at sun.reflect.DelegatingMethodAccessorImpl.invoke(DelegatingMethodAccessorImpl.java:43)
	at java.lang.reflect.Method.invoke(Method.java:498)
	at org.junit.runners.model.FrameworkMethod$1.runReflectiveCall(FrameworkMethod.java:50)
	at org.junit.internal.runners.model.ReflectiveCallable.run(ReflectiveCallable.java:12)
	at org.junit.runners.model.FrameworkMethod.invokeExplosively(FrameworkMethod.java:47)
	at org.junit.internal.runners.statements.InvokeMethod.evaluate(InvokeMethod.java:17)
	at org.junit.internal.runners.statements.FailOnTimeout$CallableStatement.call(FailOnTimeout.java:298)
	at org.junit.internal.runners.statements.FailOnTimeout$CallableStatement.call(FailOnTimeout.java:292)
	at java.util.concurrent.FutureTask.run(FutureTask.java:266)
	at java.lang.Thread.run(Thread.java:748)
78) test068(com.fasterxml.jackson.dataformat.xml.ser.ToXmlGenerator_ESTest)
com.fasterxml.jackson.core.JsonGenerationException: Unbound namespace URI 'bri?Oy1j=x'
	at com.fasterxml.jackson.dataformat.xml.util.StaxUtil.throwAsGenerationException(StaxUtil.java:47)
	at com.fasterxml.jackson.dataformat.xml.ser.ToXmlGenerator.writeNull(ToXmlGenerator.java:927)
	at com.fasterxml.jackson.dataformat.xml.ser.ToXmlGenerator_ESTest.test068(ToXmlGenerator_ESTest.java:1433)
	at sun.reflect.NativeMethodAccessorImpl.invoke0(Native Method)
	at sun.reflect.NativeMethodAccessorImpl.invoke(NativeMethodAccessorImpl.java:62)
	at sun.reflect.DelegatingMethodAccessorImpl.invoke(DelegatingMethodAccessorImpl.java:43)
	at java.lang.reflect.Method.invoke(Method.java:498)
	at org.junit.runners.model.FrameworkMethod$1.runReflectiveCall(FrameworkMethod.java:50)
	at org.junit.internal.runners.model.ReflectiveCallable.run(ReflectiveCallable.java:12)
	at org.junit.runners.model.FrameworkMethod.invokeExplosively(FrameworkMethod.java:47)
	at org.junit.internal.runners.statements.InvokeMethod.evaluate(InvokeMethod.java:17)
	at org.junit.internal.runners.statements.FailOnTimeout$CallableStatement.call(FailOnTimeout.java:298)
	at org.junit.internal.runners.statements.FailOnTimeout$CallableStatement.call(FailOnTimeout.java:292)
	at java.util.concurrent.FutureTask.run(FutureTask.java:266)
	at java.lang.Thread.run(Thread.java:748)
79) test074(com.fasterxml.jackson.dataformat.xml.ser.ToXmlGenerator_ESTest)
java.lang.NullPointerException
	at com.ctc.wstx.sw.BaseNsStreamWriter.doWriteStartTag(BaseNsStreamWriter.java:632)
	at com.ctc.wstx.sw.RepairingNsStreamWriter.writeStartOrEmpty(RepairingNsStreamWriter.java:294)
	at com.ctc.wstx.sw.BaseNsStreamWriter.writeStartElement(BaseNsStreamWriter.java:323)
	at com.fasterxml.jackson.dataformat.xml.ser.ToXmlGenerator.startWrappedValue(ToXmlGenerator.java:381)
	at com.fasterxml.jackson.dataformat.xml.ser.ToXmlGenerator_ESTest.test074(ToXmlGenerator_ESTest.java:1578)
	at sun.reflect.NativeMethodAccessorImpl.invoke0(Native Method)
	at sun.reflect.NativeMethodAccessorImpl.invoke(NativeMethodAccessorImpl.java:62)
	at sun.reflect.DelegatingMethodAccessorImpl.invoke(DelegatingMethodAccessorImpl.java:43)
	at java.lang.reflect.Method.invoke(Method.java:498)
	at org.junit.runners.model.FrameworkMethod$1.runReflectiveCall(FrameworkMethod.java:50)
	at org.junit.internal.runners.model.ReflectiveCallable.run(ReflectiveCallable.java:12)
	at org.junit.runners.model.FrameworkMethod.invokeExplosively(FrameworkMethod.java:47)
	at org.junit.internal.runners.statements.InvokeMethod.evaluate(InvokeMethod.java:17)
	at org.junit.internal.runners.statements.FailOnTimeout$CallableStatement.call(FailOnTimeout.java:298)
	at org.junit.internal.runners.statements.FailOnTimeout$CallableStatement.call(FailOnTimeout.java:292)
	at java.util.concurrent.FutureTask.run(FutureTask.java:266)
	at java.lang.Thread.run(Thread.java:748)
80) test195(com.fasterxml.jackson.dataformat.xml.ser.ToXmlGenerator_ESTest)
java.lang.NullPointerException
	at com.ctc.wstx.sw.BaseStreamWriter.doWriteStartDocument(BaseStreamWriter.java:703)
	at com.ctc.wstx.sw.BaseStreamWriter.writeStartDocument(BaseStreamWriter.java:662)
	at com.fasterxml.jackson.dataformat.xml.ser.ToXmlGenerator.initGenerator(ToXmlGenerator.java:197)
	at com.fasterxml.jackson.dataformat.xml.ser.ToXmlGenerator_ESTest.test195(ToXmlGenerator_ESTest.java:4122)
	at sun.reflect.NativeMethodAccessorImpl.invoke0(Native Method)
	at sun.reflect.NativeMethodAccessorImpl.invoke(NativeMethodAccessorImpl.java:62)
	at sun.reflect.DelegatingMethodAccessorImpl.invoke(DelegatingMethodAccessorImpl.java:43)
	at java.lang.reflect.Method.invoke(Method.java:498)
	at org.junit.runners.model.FrameworkMethod$1.runReflectiveCall(FrameworkMethod.java:50)
	at org.junit.internal.runners.model.ReflectiveCallable.run(ReflectiveCallable.java:12)
	at org.junit.runners.model.FrameworkMethod.invokeExplosively(FrameworkMethod.java:47)
	at org.junit.internal.runners.statements.InvokeMethod.evaluate(InvokeMethod.java:17)
	at org.junit.internal.runners.statements.FailOnTimeout$CallableStatement.call(FailOnTimeout.java:298)
	at org.junit.internal.runners.statements.FailOnTimeout$CallableStatement.call(FailOnTimeout.java:292)
	at java.util.concurrent.FutureTask.run(FutureTask.java:266)
	at java.lang.Thread.run(Thread.java:748)
81) test073(com.fasterxml.jackson.dataformat.xml.ser.ToXmlGenerator_ESTest)
java.lang.ArrayIndexOutOfBoundsException: 0
	at org.codehaus.stax2.ri.typed.ValueEncoderFactory$Base64Encoder.encodeMore(ValueEncoderFactory.java:617)
	at com.ctc.wstx.sw.EncodingXmlWriter.writeTypedElement(EncodingXmlWriter.java:589)
	at com.ctc.wstx.sw.TypedStreamWriter.writeTypedElement(TypedStreamWriter.java:209)
	at com.ctc.wstx.sw.TypedStreamWriter.writeBinary(TypedStreamWriter.java:177)
	at com.fasterxml.jackson.dataformat.xml.ser.ToXmlGenerator.writeBinary(ToXmlGenerator.java:834)
	at com.fasterxml.jackson.dataformat.xml.ser.ToXmlGenerator_ESTest.test073(ToXmlGenerator_ESTest.java:1558)
	at sun.reflect.NativeMethodAccessorImpl.invoke0(Native Method)
	at sun.reflect.NativeMethodAccessorImpl.invoke(NativeMethodAccessorImpl.java:62)
	at sun.reflect.DelegatingMethodAccessorImpl.invoke(DelegatingMethodAccessorImpl.java:43)
	at java.lang.reflect.Method.invoke(Method.java:498)
	at org.junit.runners.model.FrameworkMethod$1.runReflectiveCall(FrameworkMethod.java:50)
	at org.junit.internal.runners.model.ReflectiveCallable.run(ReflectiveCallable.java:12)
	at org.junit.runners.model.FrameworkMethod.invokeExplosively(FrameworkMethod.java:47)
	at org.junit.internal.runners.statements.InvokeMethod.evaluate(InvokeMethod.java:17)
	at org.junit.internal.runners.statements.FailOnTimeout$CallableStatement.call(FailOnTimeout.java:298)
	at org.junit.internal.runners.statements.FailOnTimeout$CallableStatement.call(FailOnTimeout.java:292)
	at java.util.concurrent.FutureTask.run(FutureTask.java:266)
	at java.lang.Thread.run(Thread.java:748)
82) test072(com.fasterxml.jackson.dataformat.xml.ser.ToXmlGenerator_ESTest)
java.lang.NullPointerException
	at com.ctc.wstx.sw.ISOLatin1XmlWriter.writeRaw(ISOLatin1XmlWriter.java:107)
	at com.ctc.wstx.sw.BaseStreamWriter.writeRaw(BaseStreamWriter.java:1127)
	at com.fasterxml.jackson.dataformat.xml.util.DefaultXmlPrettyPrinter$Lf2SpacesIndenter.writeIndentation(DefaultXmlPrettyPrinter.java:516)
	at com.fasterxml.jackson.dataformat.xml.util.DefaultXmlPrettyPrinter.writeLeafElement(DefaultXmlPrettyPrinter.java:307)
	at com.fasterxml.jackson.dataformat.xml.ser.ToXmlGenerator.writeBoolean(ToXmlGenerator.java:889)
	at com.fasterxml.jackson.dataformat.xml.ser.ToXmlGenerator_ESTest.test072(ToXmlGenerator_ESTest.java:1534)
	at sun.reflect.NativeMethodAccessorImpl.invoke0(Native Method)
	at sun.reflect.NativeMethodAccessorImpl.invoke(NativeMethodAccessorImpl.java:62)
	at sun.reflect.DelegatingMethodAccessorImpl.invoke(DelegatingMethodAccessorImpl.java:43)
	at java.lang.reflect.Method.invoke(Method.java:498)
	at org.junit.runners.model.FrameworkMethod$1.runReflectiveCall(FrameworkMethod.java:50)
	at org.junit.internal.runners.model.ReflectiveCallable.run(ReflectiveCallable.java:12)
	at org.junit.runners.model.FrameworkMethod.invokeExplosively(FrameworkMethod.java:47)
	at org.junit.internal.runners.statements.InvokeMethod.evaluate(InvokeMethod.java:17)
	at org.junit.internal.runners.statements.FailOnTimeout$CallableStatement.call(FailOnTimeout.java:298)
	at org.junit.internal.runners.statements.FailOnTimeout$CallableStatement.call(FailOnTimeout.java:292)
	at java.util.concurrent.FutureTask.run(FutureTask.java:266)
	at java.lang.Thread.run(Thread.java:748)
83) test071(com.fasterxml.jackson.dataformat.xml.ser.ToXmlGenerator_ESTest)
java.lang.NullPointerException
	at com.ctc.wstx.sw.ISOLatin1XmlWriter.writeRaw(ISOLatin1XmlWriter.java:107)
	at com.ctc.wstx.sw.BaseStreamWriter.writeRaw(BaseStreamWriter.java:1127)
	at com.fasterxml.jackson.dataformat.xml.ser.ToXmlGenerator.writeRaw(ToXmlGenerator.java:761)
	at com.fasterxml.jackson.core.util.DefaultIndenter.writeIndentation(DefaultIndenter.java:87)
	at com.fasterxml.jackson.core.util.DefaultPrettyPrinter.writeEndObject(DefaultPrettyPrinter.java:329)
	at com.fasterxml.jackson.dataformat.xml.ser.ToXmlGenerator.writeEndObject(ToXmlGenerator.java:523)
	at com.fasterxml.jackson.dataformat.xml.ser.ToXmlGenerator_ESTest.test071(ToXmlGenerator_ESTest.java:1507)
	at sun.reflect.NativeMethodAccessorImpl.invoke0(Native Method)
	at sun.reflect.NativeMethodAccessorImpl.invoke(NativeMethodAccessorImpl.java:62)
	at sun.reflect.DelegatingMethodAccessorImpl.invoke(DelegatingMethodAccessorImpl.java:43)
	at java.lang.reflect.Method.invoke(Method.java:498)
	at org.junit.runners.model.FrameworkMethod$1.runReflectiveCall(FrameworkMethod.java:50)
	at org.junit.internal.runners.model.ReflectiveCallable.run(ReflectiveCallable.java:12)
	at org.junit.runners.model.FrameworkMethod.invokeExplosively(FrameworkMethod.java:47)
	at org.junit.internal.runners.statements.InvokeMethod.evaluate(InvokeMethod.java:17)
	at org.junit.internal.runners.statements.FailOnTimeout$CallableStatement.call(FailOnTimeout.java:298)
	at org.junit.internal.runners.statements.FailOnTimeout$CallableStatement.call(FailOnTimeout.java:292)
	at java.util.concurrent.FutureTask.run(FutureTask.java:266)
	at java.lang.Thread.run(Thread.java:748)
84) test078(com.fasterxml.jackson.dataformat.xml.ser.ToXmlGenerator_ESTest)
com.fasterxml.jackson.core.JsonGenerationException: Can not output XML declaration, after other output has already been done.
	at com.fasterxml.jackson.dataformat.xml.util.StaxUtil.throwAsGenerationException(StaxUtil.java:47)
	at com.fasterxml.jackson.dataformat.xml.ser.ToXmlGenerator.initGenerator(ToXmlGenerator.java:211)
	at com.fasterxml.jackson.dataformat.xml.ser.ToXmlGenerator_ESTest.test078(ToXmlGenerator_ESTest.java:1673)
	at sun.reflect.NativeMethodAccessorImpl.invoke0(Native Method)
	at sun.reflect.NativeMethodAccessorImpl.invoke(NativeMethodAccessorImpl.java:62)
	at sun.reflect.DelegatingMethodAccessorImpl.invoke(DelegatingMethodAccessorImpl.java:43)
	at java.lang.reflect.Method.invoke(Method.java:498)
	at org.junit.runners.model.FrameworkMethod$1.runReflectiveCall(FrameworkMethod.java:50)
	at org.junit.internal.runners.model.ReflectiveCallable.run(ReflectiveCallable.java:12)
	at org.junit.runners.model.FrameworkMethod.invokeExplosively(FrameworkMethod.java:47)
	at org.junit.internal.runners.statements.InvokeMethod.evaluate(InvokeMethod.java:17)
	at org.junit.internal.runners.statements.FailOnTimeout$CallableStatement.call(FailOnTimeout.java:298)
	at org.junit.internal.runners.statements.FailOnTimeout$CallableStatement.call(FailOnTimeout.java:292)
	at java.util.concurrent.FutureTask.run(FutureTask.java:266)
	at java.lang.Thread.run(Thread.java:748)
85) test077(com.fasterxml.jackson.dataformat.xml.ser.ToXmlGenerator_ESTest)
java.lang.NullPointerException
	at com.fasterxml.jackson.dataformat.xml.ser.ToXmlGenerator.isEnabled(ToXmlGenerator.java:284)
	at com.fasterxml.jackson.dataformat.xml.ser.ToXmlGenerator_ESTest.test077(ToXmlGenerator_ESTest.java:1649)
	at sun.reflect.NativeMethodAccessorImpl.invoke0(Native Method)
	at sun.reflect.NativeMethodAccessorImpl.invoke(NativeMethodAccessorImpl.java:62)
	at sun.reflect.DelegatingMethodAccessorImpl.invoke(DelegatingMethodAccessorImpl.java:43)
	at java.lang.reflect.Method.invoke(Method.java:498)
	at org.junit.runners.model.FrameworkMethod$1.runReflectiveCall(FrameworkMethod.java:50)
	at org.junit.internal.runners.model.ReflectiveCallable.run(ReflectiveCallable.java:12)
	at org.junit.runners.model.FrameworkMethod.invokeExplosively(FrameworkMethod.java:47)
	at org.junit.internal.runners.statements.InvokeMethod.evaluate(InvokeMethod.java:17)
	at org.junit.internal.runners.statements.FailOnTimeout$CallableStatement.call(FailOnTimeout.java:298)
	at org.junit.internal.runners.statements.FailOnTimeout$CallableStatement.call(FailOnTimeout.java:292)
	at java.util.concurrent.FutureTask.run(FutureTask.java:266)
	at java.lang.Thread.run(Thread.java:748)
86) test076(com.fasterxml.jackson.dataformat.xml.ser.ToXmlGenerator_ESTest)
com.fasterxml.jackson.core.JsonGenerationException: Unbound namespace URI 'com.fasterxml.jackson.databind.introspect.POJOPropertyBuilder$2'
	at com.fasterxml.jackson.dataformat.xml.util.StaxUtil.throwAsGenerationException(StaxUtil.java:47)
	at com.fasterxml.jackson.dataformat.xml.ser.ToXmlGenerator.startWrappedValue(ToXmlGenerator.java:384)
	at com.fasterxml.jackson.dataformat.xml.ser.ToXmlGenerator_ESTest.test076(ToXmlGenerator_ESTest.java:1626)
	at sun.reflect.NativeMethodAccessorImpl.invoke0(Native Method)
	at sun.reflect.NativeMethodAccessorImpl.invoke(NativeMethodAccessorImpl.java:62)
	at sun.reflect.DelegatingMethodAccessorImpl.invoke(DelegatingMethodAccessorImpl.java:43)
	at java.lang.reflect.Method.invoke(Method.java:498)
	at org.junit.runners.model.FrameworkMethod$1.runReflectiveCall(FrameworkMethod.java:50)
	at org.junit.internal.runners.model.ReflectiveCallable.run(ReflectiveCallable.java:12)
	at org.junit.runners.model.FrameworkMethod.invokeExplosively(FrameworkMethod.java:47)
	at org.junit.internal.runners.statements.InvokeMethod.evaluate(InvokeMethod.java:17)
	at org.junit.internal.runners.statements.FailOnTimeout$CallableStatement.call(FailOnTimeout.java:298)
	at org.junit.internal.runners.statements.FailOnTimeout$CallableStatement.call(FailOnTimeout.java:292)
	at java.util.concurrent.FutureTask.run(FutureTask.java:266)
	at java.lang.Thread.run(Thread.java:748)
87) test075(com.fasterxml.jackson.dataformat.xml.ser.ToXmlGenerator_ESTest)
java.lang.ArrayIndexOutOfBoundsException: -86
	at com.ctc.wstx.sw.EncodingXmlWriter.writeAscii(EncodingXmlWriter.java:755)
	at com.ctc.wstx.sw.EncodingXmlWriter.writeStartTagStart(EncodingXmlWriter.java:419)
	at com.ctc.wstx.sw.BaseNsStreamWriter.doWriteStartTag(BaseNsStreamWriter.java:634)
	at com.ctc.wstx.sw.SimpleNsStreamWriter.writeStartOrEmpty(SimpleNsStreamWriter.java:253)
	at com.ctc.wstx.sw.BaseNsStreamWriter.writeStartElement(BaseNsStreamWriter.java:323)
	at com.fasterxml.jackson.dataformat.xml.ser.ToXmlGenerator.startWrappedValue(ToXmlGenerator.java:381)
	at com.fasterxml.jackson.dataformat.xml.ser.ToXmlGenerator_ESTest.test075(ToXmlGenerator_ESTest.java:1604)
	at sun.reflect.NativeMethodAccessorImpl.invoke0(Native Method)
	at sun.reflect.NativeMethodAccessorImpl.invoke(NativeMethodAccessorImpl.java:62)
	at sun.reflect.DelegatingMethodAccessorImpl.invoke(DelegatingMethodAccessorImpl.java:43)
	at java.lang.reflect.Method.invoke(Method.java:498)
	at org.junit.runners.model.FrameworkMethod$1.runReflectiveCall(FrameworkMethod.java:50)
	at org.junit.internal.runners.model.ReflectiveCallable.run(ReflectiveCallable.java:12)
	at org.junit.runners.model.FrameworkMethod.invokeExplosively(FrameworkMethod.java:47)
	at org.junit.internal.runners.statements.InvokeMethod.evaluate(InvokeMethod.java:17)
	at org.junit.internal.runners.statements.FailOnTimeout$CallableStatement.call(FailOnTimeout.java:298)
	at org.junit.internal.runners.statements.FailOnTimeout$CallableStatement.call(FailOnTimeout.java:292)
	at java.util.concurrent.FutureTask.run(FutureTask.java:266)
	at java.lang.Thread.run(Thread.java:748)
88) test070(com.fasterxml.jackson.dataformat.xml.ser.ToXmlGenerator_ESTest)
com.fasterxml.jackson.core.JsonGenerationException: Can not write a field name, expecting a value
	at com.fasterxml.jackson.core.JsonGenerator._reportError(JsonGenerator.java:1961)
	at com.fasterxml.jackson.dataformat.xml.ser.ToXmlGenerator.writeFieldName(ToXmlGenerator.java:435)
	at com.fasterxml.jackson.dataformat.xml.ser.ToXmlGenerator.writeFieldName(ToXmlGenerator.java:577)
	at com.fasterxml.jackson.dataformat.xml.ser.ToXmlGenerator_ESTest.test070(ToXmlGenerator_ESTest.java:1476)
	at sun.reflect.NativeMethodAccessorImpl.invoke0(Native Method)
	at sun.reflect.NativeMethodAccessorImpl.invoke(NativeMethodAccessorImpl.java:62)
	at sun.reflect.DelegatingMethodAccessorImpl.invoke(DelegatingMethodAccessorImpl.java:43)
	at java.lang.reflect.Method.invoke(Method.java:498)
	at org.junit.runners.model.FrameworkMethod$1.runReflectiveCall(FrameworkMethod.java:50)
	at org.junit.internal.runners.model.ReflectiveCallable.run(ReflectiveCallable.java:12)
	at org.junit.runners.model.FrameworkMethod.invokeExplosively(FrameworkMethod.java:47)
	at org.junit.internal.runners.statements.InvokeMethod.evaluate(InvokeMethod.java:17)
	at org.junit.internal.runners.statements.FailOnTimeout$CallableStatement.call(FailOnTimeout.java:298)
	at org.junit.internal.runners.statements.FailOnTimeout$CallableStatement.call(FailOnTimeout.java:292)
	at java.util.concurrent.FutureTask.run(FutureTask.java:266)
	at java.lang.Thread.run(Thread.java:748)
89) test059(com.fasterxml.jackson.dataformat.xml.ser.ToXmlGenerator_ESTest)
java.lang.NullPointerException
	at com.ctc.wstx.sw.BaseStreamWriter.writeRaw(BaseStreamWriter.java:1142)
	at com.fasterxml.jackson.dataformat.xml.ser.ToXmlGenerator.writeRaw(ToXmlGenerator.java:775)
	at com.fasterxml.jackson.dataformat.xml.ser.ToXmlGenerator_ESTest.test059(ToXmlGenerator_ESTest.java:1218)
	at sun.reflect.NativeMethodAccessorImpl.invoke0(Native Method)
	at sun.reflect.NativeMethodAccessorImpl.invoke(NativeMethodAccessorImpl.java:62)
	at sun.reflect.DelegatingMethodAccessorImpl.invoke(DelegatingMethodAccessorImpl.java:43)
	at java.lang.reflect.Method.invoke(Method.java:498)
	at org.junit.runners.model.FrameworkMethod$1.runReflectiveCall(FrameworkMethod.java:50)
	at org.junit.internal.runners.model.ReflectiveCallable.run(ReflectiveCallable.java:12)
	at org.junit.runners.model.FrameworkMethod.invokeExplosively(FrameworkMethod.java:47)
	at org.junit.internal.runners.statements.InvokeMethod.evaluate(InvokeMethod.java:17)
	at org.junit.internal.runners.statements.FailOnTimeout$CallableStatement.call(FailOnTimeout.java:298)
	at org.junit.internal.runners.statements.FailOnTimeout$CallableStatement.call(FailOnTimeout.java:292)
	at java.util.concurrent.FutureTask.run(FutureTask.java:266)
	at java.lang.Thread.run(Thread.java:748)
90) test058(com.fasterxml.jackson.dataformat.xml.ser.ToXmlGenerator_ESTest)
java.lang.StringIndexOutOfBoundsException: String index out of range: -986
	at java.lang.String.charAt(String.java:658)
	at com.ctc.wstx.sw.ISOLatin1XmlWriter.writeRaw(ISOLatin1XmlWriter.java:120)
	at com.ctc.wstx.sw.BaseStreamWriter.writeRaw(BaseStreamWriter.java:1142)
	at com.fasterxml.jackson.dataformat.xml.ser.ToXmlGenerator.writeRaw(ToXmlGenerator.java:775)
	at com.fasterxml.jackson.dataformat.xml.ser.ToXmlGenerator_ESTest.test058(ToXmlGenerator_ESTest.java:1201)
	at sun.reflect.NativeMethodAccessorImpl.invoke0(Native Method)
	at sun.reflect.NativeMethodAccessorImpl.invoke(NativeMethodAccessorImpl.java:62)
	at sun.reflect.DelegatingMethodAccessorImpl.invoke(DelegatingMethodAccessorImpl.java:43)
	at java.lang.reflect.Method.invoke(Method.java:498)
	at org.junit.runners.model.FrameworkMethod$1.runReflectiveCall(FrameworkMethod.java:50)
	at org.junit.internal.runners.model.ReflectiveCallable.run(ReflectiveCallable.java:12)
	at org.junit.runners.model.FrameworkMethod.invokeExplosively(FrameworkMethod.java:47)
	at org.junit.internal.runners.statements.InvokeMethod.evaluate(InvokeMethod.java:17)
	at org.junit.internal.runners.statements.FailOnTimeout$CallableStatement.call(FailOnTimeout.java:298)
	at org.junit.internal.runners.statements.FailOnTimeout$CallableStatement.call(FailOnTimeout.java:292)
	at java.util.concurrent.FutureTask.run(FutureTask.java:266)
	at java.lang.Thread.run(Thread.java:748)
91) test179(com.fasterxml.jackson.dataformat.xml.ser.ToXmlGenerator_ESTest)
org.evosuite.runtime.mock.java.lang.MockIllegalStateException: No element/attribute name specified when trying to output element
	at com.fasterxml.jackson.dataformat.xml.ser.ToXmlGenerator.handleMissingName(ToXmlGenerator.java:1230)
	at com.fasterxml.jackson.dataformat.xml.ser.ToXmlGenerator._handleStartObject(ToXmlGenerator.java:533)
	at com.fasterxml.jackson.dataformat.xml.util.DefaultXmlPrettyPrinter.writeStartObject(DefaultXmlPrettyPrinter.java:200)
	at com.fasterxml.jackson.dataformat.xml.ser.ToXmlGenerator.writeStartObject(ToXmlGenerator.java:507)
	at com.fasterxml.jackson.dataformat.xml.ser.ToXmlGenerator_ESTest.test179(ToXmlGenerator_ESTest.java:3823)
	at sun.reflect.NativeMethodAccessorImpl.invoke0(Native Method)
	at sun.reflect.NativeMethodAccessorImpl.invoke(NativeMethodAccessorImpl.java:62)
	at sun.reflect.DelegatingMethodAccessorImpl.invoke(DelegatingMethodAccessorImpl.java:43)
	at java.lang.reflect.Method.invoke(Method.java:498)
	at org.junit.runners.model.FrameworkMethod$1.runReflectiveCall(FrameworkMethod.java:50)
	at org.junit.internal.runners.model.ReflectiveCallable.run(ReflectiveCallable.java:12)
	at org.junit.runners.model.FrameworkMethod.invokeExplosively(FrameworkMethod.java:47)
	at org.junit.internal.runners.statements.InvokeMethod.evaluate(InvokeMethod.java:17)
	at org.junit.internal.runners.statements.FailOnTimeout$CallableStatement.call(FailOnTimeout.java:298)
	at org.junit.internal.runners.statements.FailOnTimeout$CallableStatement.call(FailOnTimeout.java:292)
	at java.util.concurrent.FutureTask.run(FutureTask.java:266)
	at java.lang.Thread.run(Thread.java:748)
92) test057(com.fasterxml.jackson.dataformat.xml.ser.ToXmlGenerator_ESTest)
java.lang.UnsupportedOperationException: Not implemented
	at org.codehaus.stax2.ri.Stax2WriterAdapter.writeRaw(Stax2WriterAdapter.java:380)
	at com.fasterxml.jackson.dataformat.xml.ser.ToXmlGenerator.writeRaw(ToXmlGenerator.java:775)
	at com.fasterxml.jackson.dataformat.xml.ser.ToXmlGenerator_ESTest.test057(ToXmlGenerator_ESTest.java:1177)
	at sun.reflect.NativeMethodAccessorImpl.invoke0(Native Method)
	at sun.reflect.NativeMethodAccessorImpl.invoke(NativeMethodAccessorImpl.java:62)
	at sun.reflect.DelegatingMethodAccessorImpl.invoke(DelegatingMethodAccessorImpl.java:43)
	at java.lang.reflect.Method.invoke(Method.java:498)
	at org.junit.runners.model.FrameworkMethod$1.runReflectiveCall(FrameworkMethod.java:50)
	at org.junit.internal.runners.model.ReflectiveCallable.run(ReflectiveCallable.java:12)
	at org.junit.runners.model.FrameworkMethod.invokeExplosively(FrameworkMethod.java:47)
	at org.junit.internal.runners.statements.InvokeMethod.evaluate(InvokeMethod.java:17)
	at org.junit.internal.runners.statements.FailOnTimeout$CallableStatement.call(FailOnTimeout.java:298)
	at org.junit.internal.runners.statements.FailOnTimeout$CallableStatement.call(FailOnTimeout.java:292)
	at java.util.concurrent.FutureTask.run(FutureTask.java:266)
	at java.lang.Thread.run(Thread.java:748)
93) test178(com.fasterxml.jackson.dataformat.xml.ser.ToXmlGenerator_ESTest)
com.fasterxml.jackson.core.JsonGenerationException: Current context not Object but root
	at com.fasterxml.jackson.core.JsonGenerator._reportError(JsonGenerator.java:1961)
	at com.fasterxml.jackson.dataformat.xml.ser.ToXmlGenerator.writeEndObject(ToXmlGenerator.java:517)
	at com.fasterxml.jackson.dataformat.xml.ser.ToXmlGenerator_ESTest.test178(ToXmlGenerator_ESTest.java:3798)
	at sun.reflect.NativeMethodAccessorImpl.invoke0(Native Method)
	at sun.reflect.NativeMethodAccessorImpl.invoke(NativeMethodAccessorImpl.java:62)
	at sun.reflect.DelegatingMethodAccessorImpl.invoke(DelegatingMethodAccessorImpl.java:43)
	at java.lang.reflect.Method.invoke(Method.java:498)
	at org.junit.runners.model.FrameworkMethod$1.runReflectiveCall(FrameworkMethod.java:50)
	at org.junit.internal.runners.model.ReflectiveCallable.run(ReflectiveCallable.java:12)
	at org.junit.runners.model.FrameworkMethod.invokeExplosively(FrameworkMethod.java:47)
	at org.junit.internal.runners.statements.InvokeMethod.evaluate(InvokeMethod.java:17)
	at org.junit.internal.runners.statements.FailOnTimeout$CallableStatement.call(FailOnTimeout.java:298)
	at org.junit.internal.runners.statements.FailOnTimeout$CallableStatement.call(FailOnTimeout.java:292)
	at java.util.concurrent.FutureTask.run(FutureTask.java:266)
	at java.lang.Thread.run(Thread.java:748)
94) test063(com.fasterxml.jackson.dataformat.xml.ser.ToXmlGenerator_ESTest)
java.lang.NullPointerException
	at com.ctc.wstx.sw.BaseNsStreamWriter.doWriteStartTag(BaseNsStreamWriter.java:634)
	at com.ctc.wstx.sw.SimpleNsStreamWriter.writeStartOrEmpty(SimpleNsStreamWriter.java:253)
	at com.ctc.wstx.sw.BaseNsStreamWriter.writeStartElement(BaseNsStreamWriter.java:323)
	at com.fasterxml.jackson.dataformat.xml.ser.ToXmlGenerator.writeNumber(ToXmlGenerator.java:1076)
	at com.fasterxml.jackson.dataformat.xml.ser.ToXmlGenerator_ESTest.test063(ToXmlGenerator_ESTest.java:1312)
	at sun.reflect.NativeMethodAccessorImpl.invoke0(Native Method)
	at sun.reflect.NativeMethodAccessorImpl.invoke(NativeMethodAccessorImpl.java:62)
	at sun.reflect.DelegatingMethodAccessorImpl.invoke(DelegatingMethodAccessorImpl.java:43)
	at java.lang.reflect.Method.invoke(Method.java:498)
	at org.junit.runners.model.FrameworkMethod$1.runReflectiveCall(FrameworkMethod.java:50)
	at org.junit.internal.runners.model.ReflectiveCallable.run(ReflectiveCallable.java:12)
	at org.junit.runners.model.FrameworkMethod.invokeExplosively(FrameworkMethod.java:47)
	at org.junit.internal.runners.statements.InvokeMethod.evaluate(InvokeMethod.java:17)
	at org.junit.internal.runners.statements.FailOnTimeout$CallableStatement.call(FailOnTimeout.java:298)
	at org.junit.internal.runners.statements.FailOnTimeout$CallableStatement.call(FailOnTimeout.java:292)
	at java.util.concurrent.FutureTask.run(FutureTask.java:266)
	at java.lang.Thread.run(Thread.java:748)
95) test184(com.fasterxml.jackson.dataformat.xml.ser.ToXmlGenerator_ESTest)
java.lang.NullPointerException
	at com.ctc.wstx.sw.BaseStreamWriter.writeRaw(BaseStreamWriter.java:1127)
	at com.fasterxml.jackson.dataformat.xml.util.DefaultXmlPrettyPrinter$Lf2SpacesIndenter.writeIndentation(DefaultXmlPrettyPrinter.java:516)
	at com.fasterxml.jackson.dataformat.xml.util.DefaultXmlPrettyPrinter.writeEndElement(DefaultXmlPrettyPrinter.java:259)
	at com.fasterxml.jackson.dataformat.xml.ser.ToXmlGenerator.finishWrappedValue(ToXmlGenerator.java:399)
	at com.fasterxml.jackson.dataformat.xml.ser.ToXmlGenerator_ESTest.test184(ToXmlGenerator_ESTest.java:3925)
	at sun.reflect.NativeMethodAccessorImpl.invoke0(Native Method)
	at sun.reflect.NativeMethodAccessorImpl.invoke(NativeMethodAccessorImpl.java:62)
	at sun.reflect.DelegatingMethodAccessorImpl.invoke(DelegatingMethodAccessorImpl.java:43)
	at java.lang.reflect.Method.invoke(Method.java:498)
	at org.junit.runners.model.FrameworkMethod$1.runReflectiveCall(FrameworkMethod.java:50)
	at org.junit.internal.runners.model.ReflectiveCallable.run(ReflectiveCallable.java:12)
	at org.junit.runners.model.FrameworkMethod.invokeExplosively(FrameworkMethod.java:47)
	at org.junit.internal.runners.statements.InvokeMethod.evaluate(InvokeMethod.java:17)
	at org.junit.internal.runners.statements.FailOnTimeout$CallableStatement.call(FailOnTimeout.java:298)
	at org.junit.internal.runners.statements.FailOnTimeout$CallableStatement.call(FailOnTimeout.java:292)
	at java.util.concurrent.FutureTask.run(FutureTask.java:266)
	at java.lang.Thread.run(Thread.java:748)
96) test062(com.fasterxml.jackson.dataformat.xml.ser.ToXmlGenerator_ESTest)
java.lang.NullPointerException
	at com.ctc.wstx.sw.BaseNsStreamWriter.doWriteStartTag(BaseNsStreamWriter.java:634)
	at com.ctc.wstx.sw.SimpleNsStreamWriter.writeStartOrEmpty(SimpleNsStreamWriter.java:253)
	at com.ctc.wstx.sw.BaseNsStreamWriter.writeStartElement(BaseNsStreamWriter.java:323)
	at com.fasterxml.jackson.dataformat.xml.ser.ToXmlGenerator.writeNumber(ToXmlGenerator.java:1113)
	at com.fasterxml.jackson.dataformat.xml.ser.ToXmlGenerator_ESTest.test062(ToXmlGenerator_ESTest.java:1288)
	at sun.reflect.NativeMethodAccessorImpl.invoke0(Native Method)
	at sun.reflect.NativeMethodAccessorImpl.invoke(NativeMethodAccessorImpl.java:62)
	at sun.reflect.DelegatingMethodAccessorImpl.invoke(DelegatingMethodAccessorImpl.java:43)
	at java.lang.reflect.Method.invoke(Method.java:498)
	at org.junit.runners.model.FrameworkMethod$1.runReflectiveCall(FrameworkMethod.java:50)
	at org.junit.internal.runners.model.ReflectiveCallable.run(ReflectiveCallable.java:12)
	at org.junit.runners.model.FrameworkMethod.invokeExplosively(FrameworkMethod.java:47)
	at org.junit.internal.runners.statements.InvokeMethod.evaluate(InvokeMethod.java:17)
	at org.junit.internal.runners.statements.FailOnTimeout$CallableStatement.call(FailOnTimeout.java:298)
	at org.junit.internal.runners.statements.FailOnTimeout$CallableStatement.call(FailOnTimeout.java:292)
	at java.util.concurrent.FutureTask.run(FutureTask.java:266)
	at java.lang.Thread.run(Thread.java:748)
97) test061(com.fasterxml.jackson.dataformat.xml.ser.ToXmlGenerator_ESTest)
java.lang.NullPointerException
	at com.ctc.wstx.sw.BaseStreamWriter.writeRaw(BaseStreamWriter.java:1127)
	at com.fasterxml.jackson.dataformat.xml.ser.ToXmlGenerator.writeRaw(ToXmlGenerator.java:761)
	at com.fasterxml.jackson.dataformat.xml.ser.ToXmlGenerator.writeRaw(ToXmlGenerator.java:798)
	at com.fasterxml.jackson.dataformat.xml.ser.ToXmlGenerator_ESTest.test061(ToXmlGenerator_ESTest.java:1264)
	at sun.reflect.NativeMethodAccessorImpl.invoke0(Native Method)
	at sun.reflect.NativeMethodAccessorImpl.invoke(NativeMethodAccessorImpl.java:62)
	at sun.reflect.DelegatingMethodAccessorImpl.invoke(DelegatingMethodAccessorImpl.java:43)
	at java.lang.reflect.Method.invoke(Method.java:498)
	at org.junit.runners.model.FrameworkMethod$1.runReflectiveCall(FrameworkMethod.java:50)
	at org.junit.internal.runners.model.ReflectiveCallable.run(ReflectiveCallable.java:12)
	at org.junit.runners.model.FrameworkMethod.invokeExplosively(FrameworkMethod.java:47)
	at org.junit.internal.runners.statements.InvokeMethod.evaluate(InvokeMethod.java:17)
	at org.junit.internal.runners.statements.FailOnTimeout$CallableStatement.call(FailOnTimeout.java:298)
	at org.junit.internal.runners.statements.FailOnTimeout$CallableStatement.call(FailOnTimeout.java:292)
	at java.util.concurrent.FutureTask.run(FutureTask.java:266)
	at java.lang.Thread.run(Thread.java:748)
98) test182(com.fasterxml.jackson.dataformat.xml.ser.ToXmlGenerator_ESTest)
com.fasterxml.jackson.core.JsonGenerationException: Can not write a field name, expecting a value
	at com.fasterxml.jackson.core.JsonGenerator._reportError(JsonGenerator.java:1961)
	at com.fasterxml.jackson.dataformat.xml.ser.ToXmlGenerator.writeRepeatedFieldName(ToXmlGenerator.java:417)
	at com.fasterxml.jackson.dataformat.xml.ser.ToXmlGenerator_ESTest.test182(ToXmlGenerator_ESTest.java:3882)
	at sun.reflect.NativeMethodAccessorImpl.invoke0(Native Method)
	at sun.reflect.NativeMethodAccessorImpl.invoke(NativeMethodAccessorImpl.java:62)
	at sun.reflect.DelegatingMethodAccessorImpl.invoke(DelegatingMethodAccessorImpl.java:43)
	at java.lang.reflect.Method.invoke(Method.java:498)
	at org.junit.runners.model.FrameworkMethod$1.runReflectiveCall(FrameworkMethod.java:50)
	at org.junit.internal.runners.model.ReflectiveCallable.run(ReflectiveCallable.java:12)
	at org.junit.runners.model.FrameworkMethod.invokeExplosively(FrameworkMethod.java:47)
	at org.junit.internal.runners.statements.InvokeMethod.evaluate(InvokeMethod.java:17)
	at org.junit.internal.runners.statements.FailOnTimeout$CallableStatement.call(FailOnTimeout.java:298)
	at org.junit.internal.runners.statements.FailOnTimeout$CallableStatement.call(FailOnTimeout.java:292)
	at java.util.concurrent.FutureTask.run(FutureTask.java:266)
	at java.lang.Thread.run(Thread.java:748)
99) test060(com.fasterxml.jackson.dataformat.xml.ser.ToXmlGenerator_ESTest)
java.lang.UnsupportedOperationException: Not implemented
	at org.codehaus.stax2.ri.Stax2WriterAdapter.writeRaw(Stax2WriterAdapter.java:380)
	at org.codehaus.stax2.ri.Stax2WriterAdapter.writeRaw(Stax2WriterAdapter.java:373)
	at com.fasterxml.jackson.dataformat.xml.ser.ToXmlGenerator.writeRaw(ToXmlGenerator.java:761)
	at com.fasterxml.jackson.dataformat.xml.ser.ToXmlGenerator_ESTest.test060(ToXmlGenerator_ESTest.java:1243)
	at sun.reflect.NativeMethodAccessorImpl.invoke0(Native Method)
	at sun.reflect.NativeMethodAccessorImpl.invoke(NativeMethodAccessorImpl.java:62)
	at sun.reflect.DelegatingMethodAccessorImpl.invoke(DelegatingMethodAccessorImpl.java:43)
	at java.lang.reflect.Method.invoke(Method.java:498)
	at org.junit.runners.model.FrameworkMethod$1.runReflectiveCall(FrameworkMethod.java:50)
	at org.junit.internal.runners.model.ReflectiveCallable.run(ReflectiveCallable.java:12)
	at org.junit.runners.model.FrameworkMethod.invokeExplosively(FrameworkMethod.java:47)
	at org.junit.internal.runners.statements.InvokeMethod.evaluate(InvokeMethod.java:17)
	at org.junit.internal.runners.statements.FailOnTimeout$CallableStatement.call(FailOnTimeout.java:298)
	at org.junit.internal.runners.statements.FailOnTimeout$CallableStatement.call(FailOnTimeout.java:292)
	at java.util.concurrent.FutureTask.run(FutureTask.java:266)
	at java.lang.Thread.run(Thread.java:748)
100) test067(com.fasterxml.jackson.dataformat.xml.ser.ToXmlGenerator_ESTest)
java.lang.NullPointerException
	at com.ctc.wstx.sw.BaseNsStreamWriter.doWriteStartTag(BaseNsStreamWriter.java:634)
	at com.ctc.wstx.sw.SimpleNsStreamWriter.writeStartOrEmpty(SimpleNsStreamWriter.java:253)
	at com.ctc.wstx.sw.BaseNsStreamWriter.writeStartElement(BaseNsStreamWriter.java:323)
	at com.fasterxml.jackson.dataformat.xml.ser.ToXmlGenerator.writeNumber(ToXmlGenerator.java:1034)
	at com.fasterxml.jackson.dataformat.xml.ser.ToXmlGenerator_ESTest.test067(ToXmlGenerator_ESTest.java:1411)
	at sun.reflect.NativeMethodAccessorImpl.invoke0(Native Method)
	at sun.reflect.NativeMethodAccessorImpl.invoke(NativeMethodAccessorImpl.java:62)
	at sun.reflect.DelegatingMethodAccessorImpl.invoke(DelegatingMethodAccessorImpl.java:43)
	at java.lang.reflect.Method.invoke(Method.java:498)
	at org.junit.runners.model.FrameworkMethod$1.runReflectiveCall(FrameworkMethod.java:50)
	at org.junit.internal.runners.model.ReflectiveCallable.run(ReflectiveCallable.java:12)
	at org.junit.runners.model.FrameworkMethod.invokeExplosively(FrameworkMethod.java:47)
	at org.junit.internal.runners.statements.InvokeMethod.evaluate(InvokeMethod.java:17)
	at org.junit.internal.runners.statements.FailOnTimeout$CallableStatement.call(FailOnTimeout.java:298)
	at org.junit.internal.runners.statements.FailOnTimeout$CallableStatement.call(FailOnTimeout.java:292)
	at java.util.concurrent.FutureTask.run(FutureTask.java:266)
	at java.lang.Thread.run(Thread.java:748)
101) test066(com.fasterxml.jackson.dataformat.xml.ser.ToXmlGenerator_ESTest)
com.fasterxml.jackson.core.JsonGenerationException: Can not write String value, expecting field name
	at com.fasterxml.jackson.core.JsonGenerator._reportError(JsonGenerator.java:1961)
	at com.fasterxml.jackson.dataformat.xml.ser.ToXmlGenerator._verifyValueWrite(ToXmlGenerator.java:1140)
	at com.fasterxml.jackson.dataformat.xml.ser.ToXmlGenerator.writeString(ToXmlGenerator.java:583)
	at com.fasterxml.jackson.dataformat.xml.ser.ToXmlGenerator.writeNumber(ToXmlGenerator.java:1126)
	at com.fasterxml.jackson.dataformat.xml.ser.ToXmlGenerator_ESTest.test066(ToXmlGenerator_ESTest.java:1388)
	at sun.reflect.NativeMethodAccessorImpl.invoke0(Native Method)
	at sun.reflect.NativeMethodAccessorImpl.invoke(NativeMethodAccessorImpl.java:62)
	at sun.reflect.DelegatingMethodAccessorImpl.invoke(DelegatingMethodAccessorImpl.java:43)
	at java.lang.reflect.Method.invoke(Method.java:498)
	at org.junit.runners.model.FrameworkMethod$1.runReflectiveCall(FrameworkMethod.java:50)
	at org.junit.internal.runners.model.ReflectiveCallable.run(ReflectiveCallable.java:12)
	at org.junit.runners.model.FrameworkMethod.invokeExplosively(FrameworkMethod.java:47)
	at org.junit.internal.runners.statements.InvokeMethod.evaluate(InvokeMethod.java:17)
	at org.junit.internal.runners.statements.FailOnTimeout$CallableStatement.call(FailOnTimeout.java:298)
	at org.junit.internal.runners.statements.FailOnTimeout$CallableStatement.call(FailOnTimeout.java:292)
	at java.util.concurrent.FutureTask.run(FutureTask.java:266)
	at java.lang.Thread.run(Thread.java:748)
102) test187(com.fasterxml.jackson.dataformat.xml.ser.ToXmlGenerator_ESTest)
java.lang.ArrayIndexOutOfBoundsException: 2911
	at org.codehaus.stax2.ri.typed.ValueEncoderFactory$Base64Encoder.encodeMore(ValueEncoderFactory.java:617)
	at com.ctc.wstx.sw.EncodingXmlWriter.writeTypedElement(EncodingXmlWriter.java:589)
	at com.ctc.wstx.sw.TypedStreamWriter.writeTypedElement(TypedStreamWriter.java:209)
	at com.ctc.wstx.sw.TypedStreamWriter.writeBinary(TypedStreamWriter.java:177)
	at com.fasterxml.jackson.dataformat.xml.util.DefaultXmlPrettyPrinter.writeLeafElement(DefaultXmlPrettyPrinter.java:409)
	at com.fasterxml.jackson.dataformat.xml.ser.ToXmlGenerator.writeBinary(ToXmlGenerator.java:829)
	at com.fasterxml.jackson.core.JsonGenerator.writeBinary(JsonGenerator.java:1153)
	at com.fasterxml.jackson.dataformat.xml.ser.ToXmlGenerator_ESTest.test187(ToXmlGenerator_ESTest.java:3986)
	at sun.reflect.NativeMethodAccessorImpl.invoke0(Native Method)
	at sun.reflect.NativeMethodAccessorImpl.invoke(NativeMethodAccessorImpl.java:62)
	at sun.reflect.DelegatingMethodAccessorImpl.invoke(DelegatingMethodAccessorImpl.java:43)
	at java.lang.reflect.Method.invoke(Method.java:498)
	at org.junit.runners.model.FrameworkMethod$1.runReflectiveCall(FrameworkMethod.java:50)
	at org.junit.internal.runners.model.ReflectiveCallable.run(ReflectiveCallable.java:12)
	at org.junit.runners.model.FrameworkMethod.invokeExplosively(FrameworkMethod.java:47)
	at org.junit.internal.runners.statements.InvokeMethod.evaluate(InvokeMethod.java:17)
	at org.junit.internal.runners.statements.FailOnTimeout$CallableStatement.call(FailOnTimeout.java:298)
	at org.junit.internal.runners.statements.FailOnTimeout$CallableStatement.call(FailOnTimeout.java:292)
	at java.util.concurrent.FutureTask.run(FutureTask.java:266)
	at java.lang.Thread.run(Thread.java:748)
103) test065(com.fasterxml.jackson.dataformat.xml.ser.ToXmlGenerator_ESTest)
java.lang.ArrayIndexOutOfBoundsException: -2330
	at com.ctc.wstx.sw.EncodingXmlWriter.writeAscii(EncodingXmlWriter.java:755)
	at com.ctc.wstx.sw.EncodingXmlWriter.writeStartTagStart(EncodingXmlWriter.java:419)
	at com.ctc.wstx.sw.BaseNsStreamWriter.doWriteStartTag(BaseNsStreamWriter.java:634)
	at com.ctc.wstx.sw.RepairingNsStreamWriter.writeStartOrEmpty(RepairingNsStreamWriter.java:287)
	at com.ctc.wstx.sw.BaseNsStreamWriter.writeStartElement(BaseNsStreamWriter.java:323)
	at com.fasterxml.jackson.dataformat.xml.ser.ToXmlGenerator.writeString(ToXmlGenerator.java:604)
	at com.fasterxml.jackson.dataformat.xml.ser.ToXmlGenerator.writeNumber(ToXmlGenerator.java:1126)
	at com.fasterxml.jackson.dataformat.xml.ser.ToXmlGenerator_ESTest.test065(ToXmlGenerator_ESTest.java:1362)
	at sun.reflect.NativeMethodAccessorImpl.invoke0(Native Method)
	at sun.reflect.NativeMethodAccessorImpl.invoke(NativeMethodAccessorImpl.java:62)
	at sun.reflect.DelegatingMethodAccessorImpl.invoke(DelegatingMethodAccessorImpl.java:43)
	at java.lang.reflect.Method.invoke(Method.java:498)
	at org.junit.runners.model.FrameworkMethod$1.runReflectiveCall(FrameworkMethod.java:50)
	at org.junit.internal.runners.model.ReflectiveCallable.run(ReflectiveCallable.java:12)
	at org.junit.runners.model.FrameworkMethod.invokeExplosively(FrameworkMethod.java:47)
	at org.junit.internal.runners.statements.InvokeMethod.evaluate(InvokeMethod.java:17)
	at org.junit.internal.runners.statements.FailOnTimeout$CallableStatement.call(FailOnTimeout.java:298)
	at org.junit.internal.runners.statements.FailOnTimeout$CallableStatement.call(FailOnTimeout.java:292)
	at java.util.concurrent.FutureTask.run(FutureTask.java:266)
	at java.lang.Thread.run(Thread.java:748)
104) test064(com.fasterxml.jackson.dataformat.xml.ser.ToXmlGenerator_ESTest)
java.lang.NullPointerException
	at com.ctc.wstx.sw.BaseNsStreamWriter.doWriteStartTag(BaseNsStreamWriter.java:634)
	at com.ctc.wstx.sw.SimpleNsStreamWriter.writeStartOrEmpty(SimpleNsStreamWriter.java:253)
	at com.ctc.wstx.sw.BaseNsStreamWriter.writeStartElement(BaseNsStreamWriter.java:323)
	at com.fasterxml.jackson.dataformat.xml.ser.ToXmlGenerator.writeString(ToXmlGenerator.java:604)
	at com.fasterxml.jackson.dataformat.xml.ser.ToXmlGenerator.writeNumber(ToXmlGenerator.java:1126)
	at com.fasterxml.jackson.dataformat.xml.ser.ToXmlGenerator_ESTest.test064(ToXmlGenerator_ESTest.java:1335)
	at sun.reflect.NativeMethodAccessorImpl.invoke0(Native Method)
	at sun.reflect.NativeMethodAccessorImpl.invoke(NativeMethodAccessorImpl.java:62)
	at sun.reflect.DelegatingMethodAccessorImpl.invoke(DelegatingMethodAccessorImpl.java:43)
	at java.lang.reflect.Method.invoke(Method.java:498)
	at org.junit.runners.model.FrameworkMethod$1.runReflectiveCall(FrameworkMethod.java:50)
	at org.junit.internal.runners.model.ReflectiveCallable.run(ReflectiveCallable.java:12)
	at org.junit.runners.model.FrameworkMethod.invokeExplosively(FrameworkMethod.java:47)
	at org.junit.internal.runners.statements.InvokeMethod.evaluate(InvokeMethod.java:17)
	at org.junit.internal.runners.statements.FailOnTimeout$CallableStatement.call(FailOnTimeout.java:298)
	at org.junit.internal.runners.statements.FailOnTimeout$CallableStatement.call(FailOnTimeout.java:292)
	at java.util.concurrent.FutureTask.run(FutureTask.java:266)
	at java.lang.Thread.run(Thread.java:748)
105) test185(com.fasterxml.jackson.dataformat.xml.ser.ToXmlGenerator_ESTest)
com.fasterxml.jackson.core.JsonGenerationException: No open start element, when trying to write end element
	at com.fasterxml.jackson.dataformat.xml.util.StaxUtil.throwAsGenerationException(StaxUtil.java:47)
	at com.fasterxml.jackson.dataformat.xml.ser.ToXmlGenerator.finishWrappedValue(ToXmlGenerator.java:404)
	at com.fasterxml.jackson.dataformat.xml.ser.ToXmlGenerator_ESTest.test185(ToXmlGenerator_ESTest.java:3946)
	at sun.reflect.NativeMethodAccessorImpl.invoke0(Native Method)
	at sun.reflect.NativeMethodAccessorImpl.invoke(NativeMethodAccessorImpl.java:62)
	at sun.reflect.DelegatingMethodAccessorImpl.invoke(DelegatingMethodAccessorImpl.java:43)
	at java.lang.reflect.Method.invoke(Method.java:498)
	at org.junit.runners.model.FrameworkMethod$1.runReflectiveCall(FrameworkMethod.java:50)
	at org.junit.internal.runners.model.ReflectiveCallable.run(ReflectiveCallable.java:12)
	at org.junit.runners.model.FrameworkMethod.invokeExplosively(FrameworkMethod.java:47)
	at org.junit.internal.runners.statements.InvokeMethod.evaluate(InvokeMethod.java:17)
	at org.junit.internal.runners.statements.FailOnTimeout$CallableStatement.call(FailOnTimeout.java:298)
	at org.junit.internal.runners.statements.FailOnTimeout$CallableStatement.call(FailOnTimeout.java:292)
	at java.util.concurrent.FutureTask.run(FutureTask.java:266)
	at java.lang.Thread.run(Thread.java:748)
106) test180(com.fasterxml.jackson.dataformat.xml.ser.ToXmlGenerator_ESTest)
com.fasterxml.jackson.core.JsonGenerationException: Current context not Array but root
	at com.fasterxml.jackson.core.JsonGenerator._reportError(JsonGenerator.java:1961)
	at com.fasterxml.jackson.dataformat.xml.ser.ToXmlGenerator.writeEndArray(ToXmlGenerator.java:491)
	at com.fasterxml.jackson.dataformat.xml.ser.ToXmlGenerator_ESTest.test180(ToXmlGenerator_ESTest.java:3845)
	at sun.reflect.NativeMethodAccessorImpl.invoke0(Native Method)
	at sun.reflect.NativeMethodAccessorImpl.invoke(NativeMethodAccessorImpl.java:62)
	at sun.reflect.DelegatingMethodAccessorImpl.invoke(DelegatingMethodAccessorImpl.java:43)
	at java.lang.reflect.Method.invoke(Method.java:498)
	at org.junit.runners.model.FrameworkMethod$1.runReflectiveCall(FrameworkMethod.java:50)
	at org.junit.internal.runners.model.ReflectiveCallable.run(ReflectiveCallable.java:12)
	at org.junit.runners.model.FrameworkMethod.invokeExplosively(FrameworkMethod.java:47)
	at org.junit.internal.runners.statements.InvokeMethod.evaluate(InvokeMethod.java:17)
	at org.junit.internal.runners.statements.FailOnTimeout$CallableStatement.call(FailOnTimeout.java:298)
	at org.junit.internal.runners.statements.FailOnTimeout$CallableStatement.call(FailOnTimeout.java:292)
	at java.util.concurrent.FutureTask.run(FutureTask.java:266)
	at java.lang.Thread.run(Thread.java:748)
107) test096(com.fasterxml.jackson.dataformat.xml.ser.ToXmlGenerator_ESTest)
com.fasterxml.jackson.core.JsonGenerationException: Underlying Stax XMLStreamWriter (of type org.codehaus.stax2.util.StreamWriterDelegate) does not implement Stax2 API natively and is missing method 'writeRaw': this breaks functionality such as indentation that relies on it. You need to upgrade to using compliant Stax implementation like Woodstox or Aalto
	at com.fasterxml.jackson.dataformat.xml.ser.ToXmlGenerator._reportUnimplementedStax2(ToXmlGenerator.java:1238)
	at com.fasterxml.jackson.dataformat.xml.ser.ToXmlGenerator.writeRaw(ToXmlGenerator.java:758)
	at com.fasterxml.jackson.dataformat.xml.ser.ToXmlGenerator_ESTest.test096(ToXmlGenerator_ESTest.java:2066)
	at sun.reflect.NativeMethodAccessorImpl.invoke0(Native Method)
	at sun.reflect.NativeMethodAccessorImpl.invoke(NativeMethodAccessorImpl.java:62)
	at sun.reflect.DelegatingMethodAccessorImpl.invoke(DelegatingMethodAccessorImpl.java:43)
	at java.lang.reflect.Method.invoke(Method.java:498)
	at org.junit.runners.model.FrameworkMethod$1.runReflectiveCall(FrameworkMethod.java:50)
	at org.junit.internal.runners.model.ReflectiveCallable.run(ReflectiveCallable.java:12)
	at org.junit.runners.model.FrameworkMethod.invokeExplosively(FrameworkMethod.java:47)
	at org.junit.internal.runners.statements.InvokeMethod.evaluate(InvokeMethod.java:17)
	at org.junit.internal.runners.statements.FailOnTimeout$CallableStatement.call(FailOnTimeout.java:298)
	at org.junit.internal.runners.statements.FailOnTimeout$CallableStatement.call(FailOnTimeout.java:292)
	at java.util.concurrent.FutureTask.run(FutureTask.java:266)
	at java.lang.Thread.run(Thread.java:748)
108) test095(com.fasterxml.jackson.dataformat.xml.ser.ToXmlGenerator_ESTest)
java.lang.NullPointerException
	at org.codehaus.stax2.util.StreamWriter2Delegate.writeRaw(StreamWriter2Delegate.java:89)
	at com.fasterxml.jackson.dataformat.xml.ser.ToXmlGenerator.writeRaw(ToXmlGenerator.java:761)
	at com.fasterxml.jackson.dataformat.xml.ser.ToXmlGenerator_ESTest.test095(ToXmlGenerator_ESTest.java:2045)
	at sun.reflect.NativeMethodAccessorImpl.invoke0(Native Method)
	at sun.reflect.NativeMethodAccessorImpl.invoke(NativeMethodAccessorImpl.java:62)
	at sun.reflect.DelegatingMethodAccessorImpl.invoke(DelegatingMethodAccessorImpl.java:43)
	at java.lang.reflect.Method.invoke(Method.java:498)
	at org.junit.runners.model.FrameworkMethod$1.runReflectiveCall(FrameworkMethod.java:50)
	at org.junit.internal.runners.model.ReflectiveCallable.run(ReflectiveCallable.java:12)
	at org.junit.runners.model.FrameworkMethod.invokeExplosively(FrameworkMethod.java:47)
	at org.junit.internal.runners.statements.InvokeMethod.evaluate(InvokeMethod.java:17)
	at org.junit.internal.runners.statements.FailOnTimeout$CallableStatement.call(FailOnTimeout.java:298)
	at org.junit.internal.runners.statements.FailOnTimeout$CallableStatement.call(FailOnTimeout.java:292)
	at java.util.concurrent.FutureTask.run(FutureTask.java:266)
	at java.lang.Thread.run(Thread.java:748)
109) test093(com.fasterxml.jackson.dataformat.xml.ser.ToXmlGenerator_ESTest)
org.evosuite.runtime.mock.java.lang.MockIllegalStateException: No element/attribute name specified when trying to output element
	at com.fasterxml.jackson.dataformat.xml.ser.ToXmlGenerator.handleMissingName(ToXmlGenerator.java:1230)
	at com.fasterxml.jackson.dataformat.xml.ser.ToXmlGenerator.writeNull(ToXmlGenerator.java:908)
	at com.fasterxml.jackson.dataformat.xml.ser.ToXmlGenerator_ESTest.test093(ToXmlGenerator_ESTest.java:2007)
	at sun.reflect.NativeMethodAccessorImpl.invoke0(Native Method)
	at sun.reflect.NativeMethodAccessorImpl.invoke(NativeMethodAccessorImpl.java:62)
	at sun.reflect.DelegatingMethodAccessorImpl.invoke(DelegatingMethodAccessorImpl.java:43)
	at java.lang.reflect.Method.invoke(Method.java:498)
	at org.junit.runners.model.FrameworkMethod$1.runReflectiveCall(FrameworkMethod.java:50)
	at org.junit.internal.runners.model.ReflectiveCallable.run(ReflectiveCallable.java:12)
	at org.junit.runners.model.FrameworkMethod.invokeExplosively(FrameworkMethod.java:47)
	at org.junit.internal.runners.statements.InvokeMethod.evaluate(InvokeMethod.java:17)
	at org.junit.internal.runners.statements.FailOnTimeout$CallableStatement.call(FailOnTimeout.java:298)
	at org.junit.internal.runners.statements.FailOnTimeout$CallableStatement.call(FailOnTimeout.java:292)
	at java.util.concurrent.FutureTask.run(FutureTask.java:266)
	at java.lang.Thread.run(Thread.java:748)
110) test099(com.fasterxml.jackson.dataformat.xml.ser.ToXmlGenerator_ESTest)
org.evosuite.runtime.mock.java.lang.MockIllegalStateException: No element/attribute name specified when trying to output element
	at com.fasterxml.jackson.dataformat.xml.ser.ToXmlGenerator.handleMissingName(ToXmlGenerator.java:1230)
	at com.fasterxml.jackson.dataformat.xml.ser.ToXmlGenerator.writeString(ToXmlGenerator.java:585)
	at com.fasterxml.jackson.dataformat.xml.ser.ToXmlGenerator_ESTest.test099(ToXmlGenerator_ESTest.java:2122)
	at sun.reflect.NativeMethodAccessorImpl.invoke0(Native Method)
	at sun.reflect.NativeMethodAccessorImpl.invoke(NativeMethodAccessorImpl.java:62)
	at sun.reflect.DelegatingMethodAccessorImpl.invoke(DelegatingMethodAccessorImpl.java:43)
	at java.lang.reflect.Method.invoke(Method.java:498)
	at org.junit.runners.model.FrameworkMethod$1.runReflectiveCall(FrameworkMethod.java:50)
	at org.junit.internal.runners.model.ReflectiveCallable.run(ReflectiveCallable.java:12)
	at org.junit.runners.model.FrameworkMethod.invokeExplosively(FrameworkMethod.java:47)
	at org.junit.internal.runners.statements.InvokeMethod.evaluate(InvokeMethod.java:17)
	at org.junit.internal.runners.statements.FailOnTimeout$CallableStatement.call(FailOnTimeout.java:298)
	at org.junit.internal.runners.statements.FailOnTimeout$CallableStatement.call(FailOnTimeout.java:292)
	at java.util.concurrent.FutureTask.run(FutureTask.java:266)
	at java.lang.Thread.run(Thread.java:748)
111) test091(com.fasterxml.jackson.dataformat.xml.ser.ToXmlGenerator_ESTest)
com.fasterxml.jackson.core.JsonGenerationException: Can not write Binary value, expecting field name
	at com.fasterxml.jackson.core.JsonGenerator._reportError(JsonGenerator.java:1961)
	at com.fasterxml.jackson.dataformat.xml.ser.ToXmlGenerator._verifyValueWrite(ToXmlGenerator.java:1140)
	at com.fasterxml.jackson.dataformat.xml.ser.ToXmlGenerator.writeBinary(ToXmlGenerator.java:815)
	at com.fasterxml.jackson.dataformat.xml.ser.ToXmlGenerator_ESTest.test091(ToXmlGenerator_ESTest.java:1969)
	at sun.reflect.NativeMethodAccessorImpl.invoke0(Native Method)
	at sun.reflect.NativeMethodAccessorImpl.invoke(NativeMethodAccessorImpl.java:62)
	at sun.reflect.DelegatingMethodAccessorImpl.invoke(DelegatingMethodAccessorImpl.java:43)
	at java.lang.reflect.Method.invoke(Method.java:498)
	at org.junit.runners.model.FrameworkMethod$1.runReflectiveCall(FrameworkMethod.java:50)
	at org.junit.internal.runners.model.ReflectiveCallable.run(ReflectiveCallable.java:12)
	at org.junit.runners.model.FrameworkMethod.invokeExplosively(FrameworkMethod.java:47)
	at org.junit.internal.runners.statements.InvokeMethod.evaluate(InvokeMethod.java:17)
	at org.junit.internal.runners.statements.FailOnTimeout$CallableStatement.call(FailOnTimeout.java:298)
	at org.junit.internal.runners.statements.FailOnTimeout$CallableStatement.call(FailOnTimeout.java:292)
	at java.util.concurrent.FutureTask.run(FutureTask.java:266)
	at java.lang.Thread.run(Thread.java:748)
112) test090(com.fasterxml.jackson.dataformat.xml.ser.ToXmlGenerator_ESTest)
java.lang.NullPointerException
	at org.codehaus.stax2.ri.Stax2WriterAdapter.<init>(Stax2WriterAdapter.java:77)
	at org.codehaus.stax2.ri.Stax2WriterAdapter.wrapIfNecessary(Stax2WriterAdapter.java:94)
	at com.fasterxml.jackson.dataformat.xml.ser.ToXmlGenerator.<init>(ToXmlGenerator.java:179)
	at com.fasterxml.jackson.dataformat.xml.ser.ToXmlGenerator_ESTest.test090(ToXmlGenerator_ESTest.java:1945)
	at sun.reflect.NativeMethodAccessorImpl.invoke0(Native Method)
	at sun.reflect.NativeMethodAccessorImpl.invoke(NativeMethodAccessorImpl.java:62)
	at sun.reflect.DelegatingMethodAccessorImpl.invoke(DelegatingMethodAccessorImpl.java:43)
	at java.lang.reflect.Method.invoke(Method.java:498)
	at org.junit.runners.model.FrameworkMethod$1.runReflectiveCall(FrameworkMethod.java:50)
	at org.junit.internal.runners.model.ReflectiveCallable.run(ReflectiveCallable.java:12)
	at org.junit.runners.model.FrameworkMethod.invokeExplosively(FrameworkMethod.java:47)
	at org.junit.internal.runners.statements.InvokeMethod.evaluate(InvokeMethod.java:17)
	at org.junit.internal.runners.statements.FailOnTimeout$CallableStatement.call(FailOnTimeout.java:298)
	at org.junit.internal.runners.statements.FailOnTimeout$CallableStatement.call(FailOnTimeout.java:292)
	at java.util.concurrent.FutureTask.run(FutureTask.java:266)
	at java.lang.Thread.run(Thread.java:748)
113) test079(com.fasterxml.jackson.dataformat.xml.ser.ToXmlGenerator_ESTest)
org.evosuite.runtime.mock.java.lang.MockIllegalStateException: No element/attribute name specified when trying to output element
	at com.fasterxml.jackson.dataformat.xml.ser.ToXmlGenerator.handleMissingName(ToXmlGenerator.java:1230)
	at com.fasterxml.jackson.dataformat.xml.ser.ToXmlGenerator_ESTest.test079(ToXmlGenerator_ESTest.java:1696)
	at sun.reflect.NativeMethodAccessorImpl.invoke0(Native Method)
	at sun.reflect.NativeMethodAccessorImpl.invoke(NativeMethodAccessorImpl.java:62)
	at sun.reflect.DelegatingMethodAccessorImpl.invoke(DelegatingMethodAccessorImpl.java:43)
	at java.lang.reflect.Method.invoke(Method.java:498)
	at org.junit.runners.model.FrameworkMethod$1.runReflectiveCall(FrameworkMethod.java:50)
	at org.junit.internal.runners.model.ReflectiveCallable.run(ReflectiveCallable.java:12)
	at org.junit.runners.model.FrameworkMethod.invokeExplosively(FrameworkMethod.java:47)
	at org.junit.internal.runners.statements.InvokeMethod.evaluate(InvokeMethod.java:17)
	at org.junit.internal.runners.statements.FailOnTimeout$CallableStatement.call(FailOnTimeout.java:298)
	at org.junit.internal.runners.statements.FailOnTimeout$CallableStatement.call(FailOnTimeout.java:292)
	at java.util.concurrent.FutureTask.run(FutureTask.java:266)
	at java.lang.Thread.run(Thread.java:748)
114) test085(com.fasterxml.jackson.dataformat.xml.ser.ToXmlGenerator_ESTest)
java.lang.ArrayIndexOutOfBoundsException
	at java.lang.System.arraycopy(Native Method)
	at com.fasterxml.jackson.core.util.ByteArrayBuilder.write(ByteArrayBuilder.java:227)
	at com.ctc.wstx.sw.EncodingXmlWriter.flushBuffer(EncodingXmlWriter.java:742)
	at com.ctc.wstx.sw.EncodingXmlWriter.flush(EncodingXmlWriter.java:176)
	at com.ctc.wstx.sw.EncodingXmlWriter.close(EncodingXmlWriter.java:155)
	at com.ctc.wstx.sw.BaseStreamWriter._finishDocument(BaseStreamWriter.java:1466)
	at com.ctc.wstx.sw.BaseStreamWriter.close(BaseStreamWriter.java:247)
	at com.fasterxml.jackson.dataformat.xml.ser.ToXmlGenerator.close(ToXmlGenerator.java:1197)
	at com.fasterxml.jackson.dataformat.xml.ser.ToXmlGenerator_ESTest.test085(ToXmlGenerator_ESTest.java:1835)
	at sun.reflect.NativeMethodAccessorImpl.invoke0(Native Method)
	at sun.reflect.NativeMethodAccessorImpl.invoke(NativeMethodAccessorImpl.java:62)
	at sun.reflect.DelegatingMethodAccessorImpl.invoke(DelegatingMethodAccessorImpl.java:43)
	at java.lang.reflect.Method.invoke(Method.java:498)
	at org.junit.runners.model.FrameworkMethod$1.runReflectiveCall(FrameworkMethod.java:50)
	at org.junit.internal.runners.model.ReflectiveCallable.run(ReflectiveCallable.java:12)
	at org.junit.runners.model.FrameworkMethod.invokeExplosively(FrameworkMethod.java:47)
	at org.junit.internal.runners.statements.InvokeMethod.evaluate(InvokeMethod.java:17)
	at org.junit.internal.runners.statements.FailOnTimeout$CallableStatement.call(FailOnTimeout.java:298)
	at org.junit.internal.runners.statements.FailOnTimeout$CallableStatement.call(FailOnTimeout.java:292)
	at java.util.concurrent.FutureTask.run(FutureTask.java:266)
	at java.lang.Thread.run(Thread.java:748)
115) test084(com.fasterxml.jackson.dataformat.xml.ser.ToXmlGenerator_ESTest)
java.lang.NullPointerException
	at com.fasterxml.jackson.dataformat.xml.ser.ToXmlGenerator.disable(ToXmlGenerator.java:279)
	at com.fasterxml.jackson.dataformat.xml.ser.ToXmlGenerator.configure(ToXmlGenerator.java:291)
	at com.fasterxml.jackson.dataformat.xml.ser.ToXmlGenerator_ESTest.test084(ToXmlGenerator_ESTest.java:1809)
	at sun.reflect.NativeMethodAccessorImpl.invoke0(Native Method)
	at sun.reflect.NativeMethodAccessorImpl.invoke(NativeMethodAccessorImpl.java:62)
	at sun.reflect.DelegatingMethodAccessorImpl.invoke(DelegatingMethodAccessorImpl.java:43)
	at java.lang.reflect.Method.invoke(Method.java:498)
	at org.junit.runners.model.FrameworkMethod$1.runReflectiveCall(FrameworkMethod.java:50)
	at org.junit.internal.runners.model.ReflectiveCallable.run(ReflectiveCallable.java:12)
	at org.junit.runners.model.FrameworkMethod.invokeExplosively(FrameworkMethod.java:47)
	at org.junit.internal.runners.statements.InvokeMethod.evaluate(InvokeMethod.java:17)
	at org.junit.internal.runners.statements.FailOnTimeout$CallableStatement.call(FailOnTimeout.java:298)
	at org.junit.internal.runners.statements.FailOnTimeout$CallableStatement.call(FailOnTimeout.java:292)
	at java.util.concurrent.FutureTask.run(FutureTask.java:266)
	at java.lang.Thread.run(Thread.java:748)
116) test083(com.fasterxml.jackson.dataformat.xml.ser.ToXmlGenerator_ESTest)
java.lang.NullPointerException
	at com.fasterxml.jackson.dataformat.xml.ser.ToXmlGenerator.disable(ToXmlGenerator.java:279)
	at com.fasterxml.jackson.dataformat.xml.ser.ToXmlGenerator_ESTest.test083(ToXmlGenerator_ESTest.java:1789)
	at sun.reflect.NativeMethodAccessorImpl.invoke0(Native Method)
	at sun.reflect.NativeMethodAccessorImpl.invoke(NativeMethodAccessorImpl.java:62)
	at sun.reflect.DelegatingMethodAccessorImpl.invoke(DelegatingMethodAccessorImpl.java:43)
	at java.lang.reflect.Method.invoke(Method.java:498)
	at org.junit.runners.model.FrameworkMethod$1.runReflectiveCall(FrameworkMethod.java:50)
	at org.junit.internal.runners.model.ReflectiveCallable.run(ReflectiveCallable.java:12)
	at org.junit.runners.model.FrameworkMethod.invokeExplosively(FrameworkMethod.java:47)
	at org.junit.internal.runners.statements.InvokeMethod.evaluate(InvokeMethod.java:17)
	at org.junit.internal.runners.statements.FailOnTimeout$CallableStatement.call(FailOnTimeout.java:298)
	at org.junit.internal.runners.statements.FailOnTimeout$CallableStatement.call(FailOnTimeout.java:292)
	at java.util.concurrent.FutureTask.run(FutureTask.java:266)
	at java.lang.Thread.run(Thread.java:748)
117) test082(com.fasterxml.jackson.dataformat.xml.ser.ToXmlGenerator_ESTest)
java.lang.NullPointerException
	at com.fasterxml.jackson.dataformat.xml.ser.ToXmlGenerator.enable(ToXmlGenerator.java:274)
	at com.fasterxml.jackson.dataformat.xml.ser.ToXmlGenerator_ESTest.test082(ToXmlGenerator_ESTest.java:1768)
	at sun.reflect.NativeMethodAccessorImpl.invoke0(Native Method)
	at sun.reflect.NativeMethodAccessorImpl.invoke(NativeMethodAccessorImpl.java:62)
	at sun.reflect.DelegatingMethodAccessorImpl.invoke(DelegatingMethodAccessorImpl.java:43)
	at java.lang.reflect.Method.invoke(Method.java:498)
	at org.junit.runners.model.FrameworkMethod$1.runReflectiveCall(FrameworkMethod.java:50)
	at org.junit.internal.runners.model.ReflectiveCallable.run(ReflectiveCallable.java:12)
	at org.junit.runners.model.FrameworkMethod.invokeExplosively(FrameworkMethod.java:47)
	at org.junit.internal.runners.statements.InvokeMethod.evaluate(InvokeMethod.java:17)
	at org.junit.internal.runners.statements.FailOnTimeout$CallableStatement.call(FailOnTimeout.java:298)
	at org.junit.internal.runners.statements.FailOnTimeout$CallableStatement.call(FailOnTimeout.java:292)
	at java.util.concurrent.FutureTask.run(FutureTask.java:266)
	at java.lang.Thread.run(Thread.java:748)
118) test089(com.fasterxml.jackson.dataformat.xml.ser.ToXmlGenerator_ESTest)
com.fasterxml.jackson.core.JsonGenerationException: Unbound namespace URI 'f}j/ba{<UF|roQ'
	at com.fasterxml.jackson.dataformat.xml.util.StaxUtil.throwAsGenerationException(StaxUtil.java:47)
	at com.fasterxml.jackson.dataformat.xml.ser.ToXmlGenerator._handleStartObject(ToXmlGenerator.java:540)
	at com.fasterxml.jackson.dataformat.xml.ser.ToXmlGenerator_ESTest.test089(ToXmlGenerator_ESTest.java:1929)
	at sun.reflect.NativeMethodAccessorImpl.invoke0(Native Method)
	at sun.reflect.NativeMethodAccessorImpl.invoke(NativeMethodAccessorImpl.java:62)
	at sun.reflect.DelegatingMethodAccessorImpl.invoke(DelegatingMethodAccessorImpl.java:43)
	at java.lang.reflect.Method.invoke(Method.java:498)
	at org.junit.runners.model.FrameworkMethod$1.runReflectiveCall(FrameworkMethod.java:50)
	at org.junit.internal.runners.model.ReflectiveCallable.run(ReflectiveCallable.java:12)
	at org.junit.runners.model.FrameworkMethod.invokeExplosively(FrameworkMethod.java:47)
	at org.junit.internal.runners.statements.InvokeMethod.evaluate(InvokeMethod.java:17)
	at org.junit.internal.runners.statements.FailOnTimeout$CallableStatement.call(FailOnTimeout.java:298)
	at org.junit.internal.runners.statements.FailOnTimeout$CallableStatement.call(FailOnTimeout.java:292)
	at java.util.concurrent.FutureTask.run(FutureTask.java:266)
	at java.lang.Thread.run(Thread.java:748)
119) test088(com.fasterxml.jackson.dataformat.xml.ser.ToXmlGenerator_ESTest)
java.lang.NullPointerException
	at com.ctc.wstx.sw.NonNsStreamWriter.doWriteStartElement(NonNsStreamWriter.java:462)
	at com.ctc.wstx.sw.NonNsStreamWriter.writeStartElement(NonNsStreamWriter.java:203)
	at com.ctc.wstx.sw.NonNsStreamWriter.writeStartElement(NonNsStreamWriter.java:209)
	at com.fasterxml.jackson.dataformat.xml.ser.ToXmlGenerator._handleStartObject(ToXmlGenerator.java:538)
	at com.fasterxml.jackson.dataformat.xml.ser.ToXmlGenerator_ESTest.test088(ToXmlGenerator_ESTest.java:1907)
	at sun.reflect.NativeMethodAccessorImpl.invoke0(Native Method)
	at sun.reflect.NativeMethodAccessorImpl.invoke(NativeMethodAccessorImpl.java:62)
	at sun.reflect.DelegatingMethodAccessorImpl.invoke(DelegatingMethodAccessorImpl.java:43)
	at java.lang.reflect.Method.invoke(Method.java:498)
	at org.junit.runners.model.FrameworkMethod$1.runReflectiveCall(FrameworkMethod.java:50)
	at org.junit.internal.runners.model.ReflectiveCallable.run(ReflectiveCallable.java:12)
	at org.junit.runners.model.FrameworkMethod.invokeExplosively(FrameworkMethod.java:47)
	at org.junit.internal.runners.statements.InvokeMethod.evaluate(InvokeMethod.java:17)
	at org.junit.internal.runners.statements.FailOnTimeout$CallableStatement.call(FailOnTimeout.java:298)
	at org.junit.internal.runners.statements.FailOnTimeout$CallableStatement.call(FailOnTimeout.java:292)
	at java.util.concurrent.FutureTask.run(FutureTask.java:266)
	at java.lang.Thread.run(Thread.java:748)
120) test087(com.fasterxml.jackson.dataformat.xml.ser.ToXmlGenerator_ESTest)
com.fasterxml.jackson.core.JsonGenerationException: Underlying Stax XMLStreamWriter (of type org.codehaus.stax2.util.StreamWriter2Delegate) does not implement Stax2 API natively and is missing method '': this breaks functionality such as indentation that relies on it. You need to upgrade to using compliant Stax implementation like Woodstox or Aalto
	at com.fasterxml.jackson.dataformat.xml.ser.ToXmlGenerator._reportUnimplementedStax2(ToXmlGenerator.java:1238)
	at com.fasterxml.jackson.dataformat.xml.ser.ToXmlGenerator_ESTest.test087(ToXmlGenerator_ESTest.java:1884)
	at sun.reflect.NativeMethodAccessorImpl.invoke0(Native Method)
	at sun.reflect.NativeMethodAccessorImpl.invoke(NativeMethodAccessorImpl.java:62)
	at sun.reflect.DelegatingMethodAccessorImpl.invoke(DelegatingMethodAccessorImpl.java:43)
	at java.lang.reflect.Method.invoke(Method.java:498)
	at org.junit.runners.model.FrameworkMethod$1.runReflectiveCall(FrameworkMethod.java:50)
	at org.junit.internal.runners.model.ReflectiveCallable.run(ReflectiveCallable.java:12)
	at org.junit.runners.model.FrameworkMethod.invokeExplosively(FrameworkMethod.java:47)
	at org.junit.internal.runners.statements.InvokeMethod.evaluate(InvokeMethod.java:17)
	at org.junit.internal.runners.statements.FailOnTimeout$CallableStatement.call(FailOnTimeout.java:298)
	at org.junit.internal.runners.statements.FailOnTimeout$CallableStatement.call(FailOnTimeout.java:292)
	at java.util.concurrent.FutureTask.run(FutureTask.java:266)
	at java.lang.Thread.run(Thread.java:748)
121) test086(com.fasterxml.jackson.dataformat.xml.ser.ToXmlGenerator_ESTest)
com.fasterxml.jackson.core.JsonGenerationException: Can not com.fasterxml.jackson.databind.introspect.POJOPropertyBuilder$2, expecting field name
	at com.fasterxml.jackson.core.JsonGenerator._reportError(JsonGenerator.java:1961)
	at com.fasterxml.jackson.dataformat.xml.ser.ToXmlGenerator._verifyValueWrite(ToXmlGenerator.java:1140)
	at com.fasterxml.jackson.dataformat.xml.ser.ToXmlGenerator_ESTest.test086(ToXmlGenerator_ESTest.java:1859)
	at sun.reflect.NativeMethodAccessorImpl.invoke0(Native Method)
	at sun.reflect.NativeMethodAccessorImpl.invoke(NativeMethodAccessorImpl.java:62)
	at sun.reflect.DelegatingMethodAccessorImpl.invoke(DelegatingMethodAccessorImpl.java:43)
	at java.lang.reflect.Method.invoke(Method.java:498)
	at org.junit.runners.model.FrameworkMethod$1.runReflectiveCall(FrameworkMethod.java:50)
	at org.junit.internal.runners.model.ReflectiveCallable.run(ReflectiveCallable.java:12)
	at org.junit.runners.model.FrameworkMethod.invokeExplosively(FrameworkMethod.java:47)
	at org.junit.internal.runners.statements.InvokeMethod.evaluate(InvokeMethod.java:17)
	at org.junit.internal.runners.statements.FailOnTimeout$CallableStatement.call(FailOnTimeout.java:298)
	at org.junit.internal.runners.statements.FailOnTimeout$CallableStatement.call(FailOnTimeout.java:292)
	at java.util.concurrent.FutureTask.run(FutureTask.java:266)
	at java.lang.Thread.run(Thread.java:748)
122) test081(com.fasterxml.jackson.dataformat.xml.ser.ToXmlGenerator_ESTest)
com.fasterxml.jackson.core.JsonGenerationException: Pipe not connected
	at com.fasterxml.jackson.dataformat.xml.util.StaxUtil.throwAsGenerationException(StaxUtil.java:47)
	at com.fasterxml.jackson.dataformat.xml.ser.ToXmlGenerator.flush(ToXmlGenerator.java:1157)
	at com.fasterxml.jackson.dataformat.xml.ser.ToXmlGenerator_ESTest.test081(ToXmlGenerator_ESTest.java:1745)
	at sun.reflect.NativeMethodAccessorImpl.invoke0(Native Method)
	at sun.reflect.NativeMethodAccessorImpl.invoke(NativeMethodAccessorImpl.java:62)
	at sun.reflect.DelegatingMethodAccessorImpl.invoke(DelegatingMethodAccessorImpl.java:43)
	at java.lang.reflect.Method.invoke(Method.java:498)
	at org.junit.runners.model.FrameworkMethod$1.runReflectiveCall(FrameworkMethod.java:50)
	at org.junit.internal.runners.model.ReflectiveCallable.run(ReflectiveCallable.java:12)
	at org.junit.runners.model.FrameworkMethod.invokeExplosively(FrameworkMethod.java:47)
	at org.junit.internal.runners.statements.InvokeMethod.evaluate(InvokeMethod.java:17)
	at org.junit.internal.runners.statements.FailOnTimeout$CallableStatement.call(FailOnTimeout.java:298)
	at org.junit.internal.runners.statements.FailOnTimeout$CallableStatement.call(FailOnTimeout.java:292)
	at java.util.concurrent.FutureTask.run(FutureTask.java:266)
	at java.lang.Thread.run(Thread.java:748)
123) test080(com.fasterxml.jackson.dataformat.xml.ser.ToXmlGenerator_ESTest)
java.lang.NullPointerException
	at com.ctc.wstx.sw.BaseStreamWriter.flush(BaseStreamWriter.java:260)
	at org.codehaus.stax2.util.StreamWriterDelegate.flush(StreamWriterDelegate.java:71)
	at org.codehaus.stax2.util.StreamWriterDelegate.flush(StreamWriterDelegate.java:71)
	at com.fasterxml.jackson.dataformat.xml.ser.ToXmlGenerator.flush(ToXmlGenerator.java:1155)
	at com.fasterxml.jackson.dataformat.xml.ser.ToXmlGenerator_ESTest.test080(ToXmlGenerator_ESTest.java:1718)
	at sun.reflect.NativeMethodAccessorImpl.invoke0(Native Method)
	at sun.reflect.NativeMethodAccessorImpl.invoke(NativeMethodAccessorImpl.java:62)
	at sun.reflect.DelegatingMethodAccessorImpl.invoke(DelegatingMethodAccessorImpl.java:43)
	at java.lang.reflect.Method.invoke(Method.java:498)
	at org.junit.runners.model.FrameworkMethod$1.runReflectiveCall(FrameworkMethod.java:50)
	at org.junit.internal.runners.model.ReflectiveCallable.run(ReflectiveCallable.java:12)
	at org.junit.runners.model.FrameworkMethod.invokeExplosively(FrameworkMethod.java:47)
	at org.junit.internal.runners.statements.InvokeMethod.evaluate(InvokeMethod.java:17)
	at org.junit.internal.runners.statements.FailOnTimeout$CallableStatement.call(FailOnTimeout.java:298)
	at org.junit.internal.runners.statements.FailOnTimeout$CallableStatement.call(FailOnTimeout.java:292)
	at java.util.concurrent.FutureTask.run(FutureTask.java:266)
	at java.lang.Thread.run(Thread.java:748)
124) test209(com.fasterxml.jackson.dataformat.xml.ser.ToXmlGenerator_ESTest)
java.lang.UnsupportedOperationException: Operation not supported by generator of type com.fasterxml.jackson.dataformat.xml.ser.ToXmlGenerator
	at com.fasterxml.jackson.core.JsonGenerator._reportUnsupportedOperation(JsonGenerator.java:1967)
	at com.fasterxml.jackson.dataformat.xml.ser.ToXmlGenerator.writeRawValue(ToXmlGenerator.java:750)
	at com.fasterxml.jackson.dataformat.xml.ser.ToXmlGenerator_ESTest.test209(ToXmlGenerator_ESTest.java:4326)
	at sun.reflect.NativeMethodAccessorImpl.invoke0(Native Method)
	at sun.reflect.NativeMethodAccessorImpl.invoke(NativeMethodAccessorImpl.java:62)
	at sun.reflect.DelegatingMethodAccessorImpl.invoke(DelegatingMethodAccessorImpl.java:43)
	at java.lang.reflect.Method.invoke(Method.java:498)
	at org.junit.runners.model.FrameworkMethod$1.runReflectiveCall(FrameworkMethod.java:50)
	at org.junit.internal.runners.model.ReflectiveCallable.run(ReflectiveCallable.java:12)
	at org.junit.runners.model.FrameworkMethod.invokeExplosively(FrameworkMethod.java:47)
	at org.junit.internal.runners.statements.InvokeMethod.evaluate(InvokeMethod.java:17)
	at org.junit.internal.runners.statements.FailOnTimeout$CallableStatement.call(FailOnTimeout.java:298)
	at org.junit.internal.runners.statements.FailOnTimeout$CallableStatement.call(FailOnTimeout.java:292)
	at java.util.concurrent.FutureTask.run(FutureTask.java:266)
	at java.lang.Thread.run(Thread.java:748)
125) test202(com.fasterxml.jackson.dataformat.xml.ser.ToXmlGenerator_ESTest)
java.lang.UnsupportedOperationException: Operation not supported by generator of type com.fasterxml.jackson.dataformat.xml.ser.ToXmlGenerator
	at com.fasterxml.jackson.core.JsonGenerator._reportUnsupportedOperation(JsonGenerator.java:1967)
	at com.fasterxml.jackson.dataformat.xml.ser.ToXmlGenerator.writeRawUTF8String(ToXmlGenerator.java:661)
	at com.fasterxml.jackson.dataformat.xml.ser.ToXmlGenerator_ESTest.test202(ToXmlGenerator_ESTest.java:4212)
	at sun.reflect.NativeMethodAccessorImpl.invoke0(Native Method)
	at sun.reflect.NativeMethodAccessorImpl.invoke(NativeMethodAccessorImpl.java:62)
	at sun.reflect.DelegatingMethodAccessorImpl.invoke(DelegatingMethodAccessorImpl.java:43)
	at java.lang.reflect.Method.invoke(Method.java:498)
	at org.junit.runners.model.FrameworkMethod$1.runReflectiveCall(FrameworkMethod.java:50)
	at org.junit.internal.runners.model.ReflectiveCallable.run(ReflectiveCallable.java:12)
	at org.junit.runners.model.FrameworkMethod.invokeExplosively(FrameworkMethod.java:47)
	at org.junit.internal.runners.statements.InvokeMethod.evaluate(InvokeMethod.java:17)
	at org.junit.internal.runners.statements.FailOnTimeout$CallableStatement.call(FailOnTimeout.java:298)
	at org.junit.internal.runners.statements.FailOnTimeout$CallableStatement.call(FailOnTimeout.java:292)
	at java.util.concurrent.FutureTask.run(FutureTask.java:266)
	at java.lang.Thread.run(Thread.java:748)
126) test201(com.fasterxml.jackson.dataformat.xml.ser.ToXmlGenerator_ESTest)
org.evosuite.runtime.mock.java.lang.MockIllegalStateException: No element/attribute name specified when trying to output element
	at com.fasterxml.jackson.dataformat.xml.ser.ToXmlGenerator.handleMissingName(ToXmlGenerator.java:1230)
	at com.fasterxml.jackson.dataformat.xml.ser.ToXmlGenerator.writeString(ToXmlGenerator.java:585)
	at com.fasterxml.jackson.dataformat.xml.ser.ToXmlGenerator.writeNumber(ToXmlGenerator.java:1126)
	at com.fasterxml.jackson.dataformat.xml.ser.ToXmlGenerator_ESTest.test201(ToXmlGenerator_ESTest.java:4188)
	at sun.reflect.NativeMethodAccessorImpl.invoke0(Native Method)
	at sun.reflect.NativeMethodAccessorImpl.invoke(NativeMethodAccessorImpl.java:62)
	at sun.reflect.DelegatingMethodAccessorImpl.invoke(DelegatingMethodAccessorImpl.java:43)
	at java.lang.reflect.Method.invoke(Method.java:498)
	at org.junit.runners.model.FrameworkMethod$1.runReflectiveCall(FrameworkMethod.java:50)
	at org.junit.internal.runners.model.ReflectiveCallable.run(ReflectiveCallable.java:12)
	at org.junit.runners.model.FrameworkMethod.invokeExplosively(FrameworkMethod.java:47)
	at org.junit.internal.runners.statements.InvokeMethod.evaluate(InvokeMethod.java:17)
	at org.junit.internal.runners.statements.FailOnTimeout$CallableStatement.call(FailOnTimeout.java:298)
	at org.junit.internal.runners.statements.FailOnTimeout$CallableStatement.call(FailOnTimeout.java:292)
	at java.util.concurrent.FutureTask.run(FutureTask.java:266)
	at java.lang.Thread.run(Thread.java:748)
127) test205(com.fasterxml.jackson.dataformat.xml.ser.ToXmlGenerator_ESTest)
org.evosuite.runtime.mock.java.lang.MockIllegalStateException: No element/attribute name specified when trying to output element
	at com.fasterxml.jackson.dataformat.xml.ser.ToXmlGenerator.handleMissingName(ToXmlGenerator.java:1230)
	at com.fasterxml.jackson.dataformat.xml.ser.ToXmlGenerator.writeString(ToXmlGenerator.java:585)
	at com.fasterxml.jackson.dataformat.xml.ser.ToXmlGenerator.writeString(ToXmlGenerator.java:654)
	at com.fasterxml.jackson.dataformat.xml.ser.ToXmlGenerator_ESTest.test205(ToXmlGenerator_ESTest.java:4260)
	at sun.reflect.NativeMethodAccessorImpl.invoke0(Native Method)
	at sun.reflect.NativeMethodAccessorImpl.invoke(NativeMethodAccessorImpl.java:62)
	at sun.reflect.DelegatingMethodAccessorImpl.invoke(DelegatingMethodAccessorImpl.java:43)
	at java.lang.reflect.Method.invoke(Method.java:498)
	at org.junit.runners.model.FrameworkMethod$1.runReflectiveCall(FrameworkMethod.java:50)
	at org.junit.internal.runners.model.ReflectiveCallable.run(ReflectiveCallable.java:12)
	at org.junit.runners.model.FrameworkMethod.invokeExplosively(FrameworkMethod.java:47)
	at org.junit.internal.runners.statements.InvokeMethod.evaluate(InvokeMethod.java:17)
	at org.junit.internal.runners.statements.FailOnTimeout$CallableStatement.call(FailOnTimeout.java:298)
	at org.junit.internal.runners.statements.FailOnTimeout$CallableStatement.call(FailOnTimeout.java:292)
	at java.util.concurrent.FutureTask.run(FutureTask.java:266)
	at java.lang.Thread.run(Thread.java:748)

FAILURES!!!
Tests run: 219,  Failures: 127

