JUnit version 3.8.1
.E.......E....E..E.E.E.....E.E..E..E.E.E.E.E.E.E.E..E.E.E......E.E..E..E..E..E..E.E.E.E.E.....E.E..E..E........E.E.E
Time: 1.334
There were 38 failures:
1) test29(org.apache.commons.jxpath.ri.model.beans.PropertyPointer_ESTest)
java.lang.NullPointerException
	at org.apache.commons.jxpath.ri.model.beans.BeanPropertyPointer.getPropertyDescriptor(BeanPropertyPointer.java:285)
	at org.apache.commons.jxpath.ri.model.beans.BeanPropertyPointer.isCollection(BeanPropertyPointer.java:169)
	at org.apache.commons.jxpath.ri.model.beans.PropertyPointer_ESTest.test29(PropertyPointer_ESTest.java:344)
	at sun.reflect.NativeMethodAccessorImpl.invoke0(Native Method)
	at sun.reflect.NativeMethodAccessorImpl.invoke(NativeMethodAccessorImpl.java:62)
	at sun.reflect.DelegatingMethodAccessorImpl.invoke(DelegatingMethodAccessorImpl.java:43)
	at java.lang.reflect.Method.invoke(Method.java:498)
	at org.junit.runners.model.FrameworkMethod$1.runReflectiveCall(FrameworkMethod.java:50)
	at org.junit.internal.runners.model.ReflectiveCallable.run(ReflectiveCallable.java:12)
	at org.junit.runners.model.FrameworkMethod.invokeExplosively(FrameworkMethod.java:47)
	at org.junit.internal.runners.statements.InvokeMethod.evaluate(InvokeMethod.java:17)
	at org.junit.internal.runners.statements.FailOnTimeout$CallableStatement.call(FailOnTimeout.java:298)
	at org.junit.internal.runners.statements.FailOnTimeout$CallableStatement.call(FailOnTimeout.java:292)
	at java.util.concurrent.FutureTask.run(FutureTask.java:266)
	at java.lang.Thread.run(Thread.java:748)
2) test67(org.apache.commons.jxpath.ri.model.beans.PropertyPointer_ESTest)
java.lang.NullPointerException
	at org.apache.commons.jxpath.ri.model.NodePointer.getAbstractFactory(NodePointer.java:877)
	at org.apache.commons.jxpath.ri.model.beans.PropertyPointer.createPath(PropertyPointer.java:169)
	at org.apache.commons.jxpath.ri.model.beans.BeanPropertyPointer.createPath(BeanPropertyPointer.java:238)
	at org.apache.commons.jxpath.ri.model.beans.PropertyPointer.createChild(PropertyPointer.java:217)
	at org.apache.commons.jxpath.ri.model.beans.PropertyPointer_ESTest.test67(PropertyPointer_ESTest.java:969)
	at sun.reflect.NativeMethodAccessorImpl.invoke0(Native Method)
	at sun.reflect.NativeMethodAccessorImpl.invoke(NativeMethodAccessorImpl.java:62)
	at sun.reflect.DelegatingMethodAccessorImpl.invoke(DelegatingMethodAccessorImpl.java:43)
	at java.lang.reflect.Method.invoke(Method.java:498)
	at org.junit.runners.model.FrameworkMethod$1.runReflectiveCall(FrameworkMethod.java:50)
	at org.junit.internal.runners.model.ReflectiveCallable.run(ReflectiveCallable.java:12)
	at org.junit.runners.model.FrameworkMethod.invokeExplosively(FrameworkMethod.java:47)
	at org.junit.internal.runners.statements.InvokeMethod.evaluate(InvokeMethod.java:17)
	at org.junit.internal.runners.statements.FailOnTimeout$CallableStatement.call(FailOnTimeout.java:298)
	at org.junit.internal.runners.statements.FailOnTimeout$CallableStatement.call(FailOnTimeout.java:292)
	at java.util.concurrent.FutureTask.run(FutureTask.java:266)
	at java.lang.Thread.run(Thread.java:748)
3) test69(org.apache.commons.jxpath.ri.model.beans.PropertyPointer_ESTest)
org.apache.commons.jxpath.JXPathInvalidAccessException: Cannot set property: /* - no such property
	at org.apache.commons.jxpath.ri.model.beans.BeanPropertyPointer.setValue(BeanPropertyPointer.java:223)
	at org.apache.commons.jxpath.ri.model.beans.PropertyPointer.createPath(PropertyPointer.java:191)
	at org.apache.commons.jxpath.ri.model.beans.PropertyPointer_ESTest.test69(PropertyPointer_ESTest.java:1007)
	at sun.reflect.NativeMethodAccessorImpl.invoke0(Native Method)
	at sun.reflect.NativeMethodAccessorImpl.invoke(NativeMethodAccessorImpl.java:62)
	at sun.reflect.DelegatingMethodAccessorImpl.invoke(DelegatingMethodAccessorImpl.java:43)
	at java.lang.reflect.Method.invoke(Method.java:498)
	at org.junit.runners.model.FrameworkMethod$1.runReflectiveCall(FrameworkMethod.java:50)
	at org.junit.internal.runners.model.ReflectiveCallable.run(ReflectiveCallable.java:12)
	at org.junit.runners.model.FrameworkMethod.invokeExplosively(FrameworkMethod.java:47)
	at org.junit.internal.runners.statements.InvokeMethod.evaluate(InvokeMethod.java:17)
	at org.junit.internal.runners.statements.FailOnTimeout$CallableStatement.call(FailOnTimeout.java:298)
	at org.junit.internal.runners.statements.FailOnTimeout$CallableStatement.call(FailOnTimeout.java:292)
	at java.util.concurrent.FutureTask.run(FutureTask.java:266)
	at java.lang.Thread.run(Thread.java:748)
4) test68(org.apache.commons.jxpath.ri.model.beans.PropertyPointer_ESTest)
org.apache.commons.jxpath.JXPathInvalidAccessException: Cannot set property: /* - no such property
	at org.apache.commons.jxpath.ri.model.beans.BeanPropertyPointer.setValue(BeanPropertyPointer.java:223)
	at org.apache.commons.jxpath.ri.model.beans.PropertyPointer.createPath(PropertyPointer.java:191)
	at org.apache.commons.jxpath.ri.model.beans.PropertyPointer.createChild(PropertyPointer.java:205)
	at org.apache.commons.jxpath.ri.model.beans.PropertyPointer_ESTest.test68(PropertyPointer_ESTest.java:987)
	at sun.reflect.NativeMethodAccessorImpl.invoke0(Native Method)
	at sun.reflect.NativeMethodAccessorImpl.invoke(NativeMethodAccessorImpl.java:62)
	at sun.reflect.DelegatingMethodAccessorImpl.invoke(DelegatingMethodAccessorImpl.java:43)
	at java.lang.reflect.Method.invoke(Method.java:498)
	at org.junit.runners.model.FrameworkMethod$1.runReflectiveCall(FrameworkMethod.java:50)
	at org.junit.internal.runners.model.ReflectiveCallable.run(ReflectiveCallable.java:12)
	at org.junit.runners.model.FrameworkMethod.invokeExplosively(FrameworkMethod.java:47)
	at org.junit.internal.runners.statements.InvokeMethod.evaluate(InvokeMethod.java:17)
	at org.junit.internal.runners.statements.FailOnTimeout$CallableStatement.call(FailOnTimeout.java:298)
	at org.junit.internal.runners.statements.FailOnTimeout$CallableStatement.call(FailOnTimeout.java:292)
	at java.util.concurrent.FutureTask.run(FutureTask.java:266)
	at java.lang.Thread.run(Thread.java:748)
5) test27(org.apache.commons.jxpath.ri.model.beans.PropertyPointer_ESTest)
java.lang.NullPointerException
	at org.apache.commons.jxpath.ri.model.beans.BeanPropertyPointer.getPropertyDescriptor(BeanPropertyPointer.java:285)
	at org.apache.commons.jxpath.ri.model.beans.BeanPropertyPointer.getPropertyName(BeanPropertyPointer.java:268)
	at org.apache.commons.jxpath.ri.model.beans.PropertyPointer.getName(PropertyPointer.java:83)
	at org.apache.commons.jxpath.ri.model.beans.PropertyPointer.getImmediateValuePointer(PropertyPointer.java:161)
	at org.apache.commons.jxpath.ri.model.NodePointer.getValuePointer(NodePointer.java:302)
	at org.apache.commons.jxpath.ri.model.NodePointer.getNode(NodePointer.java:365)
	at org.apache.commons.jxpath.ri.model.beans.PropertyPointer.isLeaf(PropertyPointer.java:142)
	at org.apache.commons.jxpath.ri.model.beans.PropertyPointer_ESTest.test27(PropertyPointer_ESTest.java:318)
	at sun.reflect.NativeMethodAccessorImpl.invoke0(Native Method)
	at sun.reflect.NativeMethodAccessorImpl.invoke(NativeMethodAccessorImpl.java:62)
	at sun.reflect.DelegatingMethodAccessorImpl.invoke(DelegatingMethodAccessorImpl.java:43)
	at java.lang.reflect.Method.invoke(Method.java:498)
	at org.junit.runners.model.FrameworkMethod$1.runReflectiveCall(FrameworkMethod.java:50)
	at org.junit.internal.runners.model.ReflectiveCallable.run(ReflectiveCallable.java:12)
	at org.junit.runners.model.FrameworkMethod.invokeExplosively(FrameworkMethod.java:47)
	at org.junit.internal.runners.statements.InvokeMethod.evaluate(InvokeMethod.java:17)
	at org.junit.internal.runners.statements.FailOnTimeout$CallableStatement.call(FailOnTimeout.java:298)
	at org.junit.internal.runners.statements.FailOnTimeout$CallableStatement.call(FailOnTimeout.java:292)
	at java.util.concurrent.FutureTask.run(FutureTask.java:266)
	at java.lang.Thread.run(Thread.java:748)
6) test26(org.apache.commons.jxpath.ri.model.beans.PropertyPointer_ESTest)
org.apache.commons.jxpath.JXPathException: Cannot access property: null.index; java.lang.NullPointerException
	at org.apache.commons.jxpath.util.ValueUtils.getValue(ValueUtils.java:370)
	at org.apache.commons.jxpath.ri.model.beans.BeanPropertyPointer.getBaseValue(BeanPropertyPointer.java:120)
	at org.apache.commons.jxpath.ri.model.beans.BeanPropertyPointer.getImmediateNode(BeanPropertyPointer.java:149)
	at org.apache.commons.jxpath.ri.model.beans.PropertyPointer.getImmediateValuePointer(PropertyPointer.java:161)
	at org.apache.commons.jxpath.ri.model.NodePointer.getValuePointer(NodePointer.java:302)
	at org.apache.commons.jxpath.ri.model.NodePointer.getNode(NodePointer.java:365)
	at org.apache.commons.jxpath.ri.model.beans.PropertyPointer.isLeaf(PropertyPointer.java:142)
	at org.apache.commons.jxpath.ri.model.beans.PropertyPointer_ESTest.test26(PropertyPointer_ESTest.java:300)
	at sun.reflect.NativeMethodAccessorImpl.invoke0(Native Method)
	at sun.reflect.NativeMethodAccessorImpl.invoke(NativeMethodAccessorImpl.java:62)
	at sun.reflect.DelegatingMethodAccessorImpl.invoke(DelegatingMethodAccessorImpl.java:43)
	at java.lang.reflect.Method.invoke(Method.java:498)
	at org.junit.runners.model.FrameworkMethod$1.runReflectiveCall(FrameworkMethod.java:50)
	at org.junit.internal.runners.model.ReflectiveCallable.run(ReflectiveCallable.java:12)
	at org.junit.runners.model.FrameworkMethod.invokeExplosively(FrameworkMethod.java:47)
	at org.junit.internal.runners.statements.InvokeMethod.evaluate(InvokeMethod.java:17)
	at org.junit.internal.runners.statements.FailOnTimeout$CallableStatement.call(FailOnTimeout.java:298)
	at org.junit.internal.runners.statements.FailOnTimeout$CallableStatement.call(FailOnTimeout.java:292)
	at java.util.concurrent.FutureTask.run(FutureTask.java:266)
	at java.lang.Thread.run(Thread.java:748)
Caused by: java.lang.NullPointerException
	at sun.reflect.NativeMethodAccessorImpl.invoke0(Native Method)
	at sun.reflect.NativeMethodAccessorImpl.invoke(NativeMethodAccessorImpl.java:62)
	at sun.reflect.DelegatingMethodAccessorImpl.invoke(DelegatingMethodAccessorImpl.java:43)
	at java.lang.reflect.Method.invoke(Method.java:498)
	at org.apache.commons.jxpath.util.ValueUtils.getValue(ValueUtils.java:367)
	... 19 more
7) test39(org.apache.commons.jxpath.ri.model.beans.PropertyPointer_ESTest)
java.lang.NullPointerException
	at org.apache.commons.jxpath.ri.model.beans.BeanPropertyPointer.getPropertyDescriptor(BeanPropertyPointer.java:285)
	at org.apache.commons.jxpath.ri.model.beans.BeanPropertyPointer.getBaseValue(BeanPropertyPointer.java:116)
	at org.apache.commons.jxpath.ri.model.beans.BeanPropertyPointer.getImmediateNode(BeanPropertyPointer.java:149)
	at org.apache.commons.jxpath.ri.model.beans.PropertyPointer_ESTest.test39(PropertyPointer_ESTest.java:517)
	at sun.reflect.NativeMethodAccessorImpl.invoke0(Native Method)
	at sun.reflect.NativeMethodAccessorImpl.invoke(NativeMethodAccessorImpl.java:62)
	at sun.reflect.DelegatingMethodAccessorImpl.invoke(DelegatingMethodAccessorImpl.java:43)
	at java.lang.reflect.Method.invoke(Method.java:498)
	at org.junit.runners.model.FrameworkMethod$1.runReflectiveCall(FrameworkMethod.java:50)
	at org.junit.internal.runners.model.ReflectiveCallable.run(ReflectiveCallable.java:12)
	at org.junit.runners.model.FrameworkMethod.invokeExplosively(FrameworkMethod.java:47)
	at org.junit.internal.runners.statements.InvokeMethod.evaluate(InvokeMethod.java:17)
	at org.junit.internal.runners.statements.FailOnTimeout$CallableStatement.call(FailOnTimeout.java:298)
	at org.junit.internal.runners.statements.FailOnTimeout$CallableStatement.call(FailOnTimeout.java:292)
	at java.util.concurrent.FutureTask.run(FutureTask.java:266)
	at java.lang.Thread.run(Thread.java:748)
8) test32(org.apache.commons.jxpath.ri.model.beans.PropertyPointer_ESTest)
java.lang.NullPointerException
	at org.apache.commons.jxpath.ri.model.beans.BeanPropertyPointer.getPropertyDescriptor(BeanPropertyPointer.java:285)
	at org.apache.commons.jxpath.ri.model.beans.BeanPropertyPointer.getPropertyName(BeanPropertyPointer.java:268)
	at org.apache.commons.jxpath.ri.model.beans.PropertyPointer_ESTest.test32(PropertyPointer_ESTest.java:392)
	at sun.reflect.NativeMethodAccessorImpl.invoke0(Native Method)
	at sun.reflect.NativeMethodAccessorImpl.invoke(NativeMethodAccessorImpl.java:62)
	at sun.reflect.DelegatingMethodAccessorImpl.invoke(DelegatingMethodAccessorImpl.java:43)
	at java.lang.reflect.Method.invoke(Method.java:498)
	at org.junit.runners.model.FrameworkMethod$1.runReflectiveCall(FrameworkMethod.java:50)
	at org.junit.internal.runners.model.ReflectiveCallable.run(ReflectiveCallable.java:12)
	at org.junit.runners.model.FrameworkMethod.invokeExplosively(FrameworkMethod.java:47)
	at org.junit.internal.runners.statements.InvokeMethod.evaluate(InvokeMethod.java:17)
	at org.junit.internal.runners.statements.FailOnTimeout$CallableStatement.call(FailOnTimeout.java:298)
	at org.junit.internal.runners.statements.FailOnTimeout$CallableStatement.call(FailOnTimeout.java:292)
	at java.util.concurrent.FutureTask.run(FutureTask.java:266)
	at java.lang.Thread.run(Thread.java:748)
9) test31(org.apache.commons.jxpath.ri.model.beans.PropertyPointer_ESTest)
java.lang.NullPointerException
	at org.apache.commons.jxpath.ri.model.beans.BeanPropertyPointer.getPropertyDescriptors(BeanPropertyPointer.java:308)
	at org.apache.commons.jxpath.ri.model.beans.BeanPropertyPointer.getPropertyNames(BeanPropertyPointer.java:78)
	at org.apache.commons.jxpath.ri.model.beans.PropertyPointer_ESTest.test31(PropertyPointer_ESTest.java:376)
	at sun.reflect.NativeMethodAccessorImpl.invoke0(Native Method)
	at sun.reflect.NativeMethodAccessorImpl.invoke(NativeMethodAccessorImpl.java:62)
	at sun.reflect.DelegatingMethodAccessorImpl.invoke(DelegatingMethodAccessorImpl.java:43)
	at java.lang.reflect.Method.invoke(Method.java:498)
	at org.junit.runners.model.FrameworkMethod$1.runReflectiveCall(FrameworkMethod.java:50)
	at org.junit.internal.runners.model.ReflectiveCallable.run(ReflectiveCallable.java:12)
	at org.junit.runners.model.FrameworkMethod.invokeExplosively(FrameworkMethod.java:47)
	at org.junit.internal.runners.statements.InvokeMethod.evaluate(InvokeMethod.java:17)
	at org.junit.internal.runners.statements.FailOnTimeout$CallableStatement.call(FailOnTimeout.java:298)
	at org.junit.internal.runners.statements.FailOnTimeout$CallableStatement.call(FailOnTimeout.java:292)
	at java.util.concurrent.FutureTask.run(FutureTask.java:266)
	at java.lang.Thread.run(Thread.java:748)
10) test34(org.apache.commons.jxpath.ri.model.beans.PropertyPointer_ESTest)
java.lang.NullPointerException
	at org.apache.commons.jxpath.ri.model.beans.BeanPropertyPointer.getPropertyDescriptor(BeanPropertyPointer.java:285)
	at org.apache.commons.jxpath.ri.model.beans.BeanPropertyPointer.getPropertyName(BeanPropertyPointer.java:268)
	at org.apache.commons.jxpath.ri.model.beans.PropertyPointer.getName(PropertyPointer.java:83)
	at org.apache.commons.jxpath.ri.model.beans.PropertyPointer_ESTest.test34(PropertyPointer_ESTest.java:425)
	at sun.reflect.NativeMethodAccessorImpl.invoke0(Native Method)
	at sun.reflect.NativeMethodAccessorImpl.invoke(NativeMethodAccessorImpl.java:62)
	at sun.reflect.DelegatingMethodAccessorImpl.invoke(DelegatingMethodAccessorImpl.java:43)
	at java.lang.reflect.Method.invoke(Method.java:498)
	at org.junit.runners.model.FrameworkMethod$1.runReflectiveCall(FrameworkMethod.java:50)
	at org.junit.internal.runners.model.ReflectiveCallable.run(ReflectiveCallable.java:12)
	at org.junit.runners.model.FrameworkMethod.invokeExplosively(FrameworkMethod.java:47)
	at org.junit.internal.runners.statements.InvokeMethod.evaluate(InvokeMethod.java:17)
	at org.junit.internal.runners.statements.FailOnTimeout$CallableStatement.call(FailOnTimeout.java:298)
	at org.junit.internal.runners.statements.FailOnTimeout$CallableStatement.call(FailOnTimeout.java:292)
	at java.util.concurrent.FutureTask.run(FutureTask.java:266)
	at java.lang.Thread.run(Thread.java:748)
11) test33(org.apache.commons.jxpath.ri.model.beans.PropertyPointer_ESTest)
java.lang.NullPointerException
	at org.apache.commons.jxpath.ri.model.beans.BeanPropertyPointer.getPropertyCount(BeanPropertyPointer.java:66)
	at org.apache.commons.jxpath.ri.model.beans.PropertyPointer_ESTest.test33(PropertyPointer_ESTest.java:408)
	at sun.reflect.NativeMethodAccessorImpl.invoke0(Native Method)
	at sun.reflect.NativeMethodAccessorImpl.invoke(NativeMethodAccessorImpl.java:62)
	at sun.reflect.DelegatingMethodAccessorImpl.invoke(DelegatingMethodAccessorImpl.java:43)
	at java.lang.reflect.Method.invoke(Method.java:498)
	at org.junit.runners.model.FrameworkMethod$1.runReflectiveCall(FrameworkMethod.java:50)
	at org.junit.internal.runners.model.ReflectiveCallable.run(ReflectiveCallable.java:12)
	at org.junit.runners.model.FrameworkMethod.invokeExplosively(FrameworkMethod.java:47)
	at org.junit.internal.runners.statements.InvokeMethod.evaluate(InvokeMethod.java:17)
	at org.junit.internal.runners.statements.FailOnTimeout$CallableStatement.call(FailOnTimeout.java:298)
	at org.junit.internal.runners.statements.FailOnTimeout$CallableStatement.call(FailOnTimeout.java:292)
	at java.util.concurrent.FutureTask.run(FutureTask.java:266)
	at java.lang.Thread.run(Thread.java:748)
12) test77(org.apache.commons.jxpath.ri.model.beans.PropertyPointer_ESTest)
org.apache.commons.jxpath.JXPathException: Cannot access property: null.valuePointer; java.lang.NullPointerException
	at org.apache.commons.jxpath.util.ValueUtils.getValue(ValueUtils.java:370)
	at org.apache.commons.jxpath.ri.model.beans.BeanPropertyPointer.getBaseValue(BeanPropertyPointer.java:120)
	at org.apache.commons.jxpath.ri.model.beans.PropertyPointer.getLength(PropertyPointer.java:152)
	at org.apache.commons.jxpath.ri.model.beans.BeanPropertyPointer.getLength(BeanPropertyPointer.java:211)
	at org.apache.commons.jxpath.ri.model.beans.PropertyPointer.createPath(PropertyPointer.java:188)
	at org.apache.commons.jxpath.ri.model.beans.PropertyPointer.createChild(PropertyPointer.java:205)
	at org.apache.commons.jxpath.ri.model.beans.PropertyPointer_ESTest.test77(PropertyPointer_ESTest.java:1132)
	at sun.reflect.NativeMethodAccessorImpl.invoke0(Native Method)
	at sun.reflect.NativeMethodAccessorImpl.invoke(NativeMethodAccessorImpl.java:62)
	at sun.reflect.DelegatingMethodAccessorImpl.invoke(DelegatingMethodAccessorImpl.java:43)
	at java.lang.reflect.Method.invoke(Method.java:498)
	at org.junit.runners.model.FrameworkMethod$1.runReflectiveCall(FrameworkMethod.java:50)
	at org.junit.internal.runners.model.ReflectiveCallable.run(ReflectiveCallable.java:12)
	at org.junit.runners.model.FrameworkMethod.invokeExplosively(FrameworkMethod.java:47)
	at org.junit.internal.runners.statements.InvokeMethod.evaluate(InvokeMethod.java:17)
	at org.junit.internal.runners.statements.FailOnTimeout$CallableStatement.call(FailOnTimeout.java:298)
	at org.junit.internal.runners.statements.FailOnTimeout$CallableStatement.call(FailOnTimeout.java:292)
	at java.util.concurrent.FutureTask.run(FutureTask.java:266)
	at java.lang.Thread.run(Thread.java:748)
Caused by: java.lang.NullPointerException
	at sun.reflect.NativeMethodAccessorImpl.invoke0(Native Method)
	at sun.reflect.NativeMethodAccessorImpl.invoke(NativeMethodAccessorImpl.java:62)
	at sun.reflect.DelegatingMethodAccessorImpl.invoke(DelegatingMethodAccessorImpl.java:43)
	at java.lang.reflect.Method.invoke(Method.java:498)
	at org.apache.commons.jxpath.util.ValueUtils.getValue(ValueUtils.java:367)
	... 18 more
13) test36(org.apache.commons.jxpath.ri.model.beans.PropertyPointer_ESTest)
org.apache.commons.jxpath.JXPathException: Undefined variable: :
	at org.apache.commons.jxpath.ri.model.VariablePointer$1.getImmediateNode(VariablePointer.java:132)
	at org.apache.commons.jxpath.ri.model.NodePointer.getNode(NodePointer.java:365)
	at org.apache.commons.jxpath.ri.model.beans.PropertyPointer.getBean(PropertyPointer.java:77)
	at org.apache.commons.jxpath.ri.model.beans.BeanPropertyPointer.getBaseValue(BeanPropertyPointer.java:120)
	at org.apache.commons.jxpath.ri.model.beans.BeanPropertyPointer.getImmediateNode(BeanPropertyPointer.java:149)
	at org.apache.commons.jxpath.ri.model.beans.PropertyPointer.getImmediateValuePointer(PropertyPointer.java:161)
	at org.apache.commons.jxpath.ri.model.beans.PropertyPointer_ESTest.test36(PropertyPointer_ESTest.java:462)
	at sun.reflect.NativeMethodAccessorImpl.invoke0(Native Method)
	at sun.reflect.NativeMethodAccessorImpl.invoke(NativeMethodAccessorImpl.java:62)
	at sun.reflect.DelegatingMethodAccessorImpl.invoke(DelegatingMethodAccessorImpl.java:43)
	at java.lang.reflect.Method.invoke(Method.java:498)
	at org.junit.runners.model.FrameworkMethod$1.runReflectiveCall(FrameworkMethod.java:50)
	at org.junit.internal.runners.model.ReflectiveCallable.run(ReflectiveCallable.java:12)
	at org.junit.runners.model.FrameworkMethod.invokeExplosively(FrameworkMethod.java:47)
	at org.junit.internal.runners.statements.InvokeMethod.evaluate(InvokeMethod.java:17)
	at org.junit.internal.runners.statements.FailOnTimeout$CallableStatement.call(FailOnTimeout.java:298)
	at org.junit.internal.runners.statements.FailOnTimeout$CallableStatement.call(FailOnTimeout.java:292)
	at java.util.concurrent.FutureTask.run(FutureTask.java:266)
	at java.lang.Thread.run(Thread.java:748)
14) test35(org.apache.commons.jxpath.ri.model.beans.PropertyPointer_ESTest)
java.lang.NullPointerException
	at org.apache.commons.jxpath.ri.model.beans.BeanPropertyPointer.getPropertyDescriptor(BeanPropertyPointer.java:285)
	at org.apache.commons.jxpath.ri.model.beans.BeanPropertyPointer.getLength(BeanPropertyPointer.java:196)
	at org.apache.commons.jxpath.ri.model.beans.PropertyPointer_ESTest.test35(PropertyPointer_ESTest.java:441)
	at sun.reflect.NativeMethodAccessorImpl.invoke0(Native Method)
	at sun.reflect.NativeMethodAccessorImpl.invoke(NativeMethodAccessorImpl.java:62)
	at sun.reflect.DelegatingMethodAccessorImpl.invoke(DelegatingMethodAccessorImpl.java:43)
	at java.lang.reflect.Method.invoke(Method.java:498)
	at org.junit.runners.model.FrameworkMethod$1.runReflectiveCall(FrameworkMethod.java:50)
	at org.junit.internal.runners.model.ReflectiveCallable.run(ReflectiveCallable.java:12)
	at org.junit.runners.model.FrameworkMethod.invokeExplosively(FrameworkMethod.java:47)
	at org.junit.internal.runners.statements.InvokeMethod.evaluate(InvokeMethod.java:17)
	at org.junit.internal.runners.statements.FailOnTimeout$CallableStatement.call(FailOnTimeout.java:298)
	at org.junit.internal.runners.statements.FailOnTimeout$CallableStatement.call(FailOnTimeout.java:292)
	at java.util.concurrent.FutureTask.run(FutureTask.java:266)
	at java.lang.Thread.run(Thread.java:748)
15) test38(org.apache.commons.jxpath.ri.model.beans.PropertyPointer_ESTest)
org.apache.commons.jxpath.JXPathException: Cannot access property: null.actual; java.lang.NullPointerException
	at org.apache.commons.jxpath.util.ValueUtils.getValue(ValueUtils.java:370)
	at org.apache.commons.jxpath.ri.model.beans.BeanPropertyPointer.getBaseValue(BeanPropertyPointer.java:120)
	at org.apache.commons.jxpath.ri.model.beans.BeanPropertyPointer.getImmediateNode(BeanPropertyPointer.java:149)
	at org.apache.commons.jxpath.ri.model.beans.PropertyPointer_ESTest.test38(PropertyPointer_ESTest.java:501)
	at sun.reflect.NativeMethodAccessorImpl.invoke0(Native Method)
	at sun.reflect.NativeMethodAccessorImpl.invoke(NativeMethodAccessorImpl.java:62)
	at sun.reflect.DelegatingMethodAccessorImpl.invoke(DelegatingMethodAccessorImpl.java:43)
	at java.lang.reflect.Method.invoke(Method.java:498)
	at org.junit.runners.model.FrameworkMethod$1.runReflectiveCall(FrameworkMethod.java:50)
	at org.junit.internal.runners.model.ReflectiveCallable.run(ReflectiveCallable.java:12)
	at org.junit.runners.model.FrameworkMethod.invokeExplosively(FrameworkMethod.java:47)
	at org.junit.internal.runners.statements.InvokeMethod.evaluate(InvokeMethod.java:17)
	at org.junit.internal.runners.statements.FailOnTimeout$CallableStatement.call(FailOnTimeout.java:298)
	at org.junit.internal.runners.statements.FailOnTimeout$CallableStatement.call(FailOnTimeout.java:292)
	at java.util.concurrent.FutureTask.run(FutureTask.java:266)
	at java.lang.Thread.run(Thread.java:748)
Caused by: java.lang.NullPointerException
	at sun.reflect.NativeMethodAccessorImpl.invoke0(Native Method)
	at sun.reflect.NativeMethodAccessorImpl.invoke(NativeMethodAccessorImpl.java:62)
	at sun.reflect.DelegatingMethodAccessorImpl.invoke(DelegatingMethodAccessorImpl.java:43)
	at java.lang.reflect.Method.invoke(Method.java:498)
	at org.apache.commons.jxpath.util.ValueUtils.getValue(ValueUtils.java:367)
	... 15 more
16) test37(org.apache.commons.jxpath.ri.model.beans.PropertyPointer_ESTest)
java.lang.NullPointerException
	at org.apache.commons.jxpath.ri.model.beans.PropertyPointer.getBean(PropertyPointer.java:77)
	at org.apache.commons.jxpath.ri.model.beans.BeanPropertyPointer.getBaseValue(BeanPropertyPointer.java:120)
	at org.apache.commons.jxpath.ri.model.beans.BeanPropertyPointer.getImmediateNode(BeanPropertyPointer.java:149)
	at org.apache.commons.jxpath.ri.model.beans.PropertyPointer.getImmediateValuePointer(PropertyPointer.java:161)
	at org.apache.commons.jxpath.ri.model.beans.PropertyPointer_ESTest.test37(PropertyPointer_ESTest.java:481)
	at sun.reflect.NativeMethodAccessorImpl.invoke0(Native Method)
	at sun.reflect.NativeMethodAccessorImpl.invoke(NativeMethodAccessorImpl.java:62)
	at sun.reflect.DelegatingMethodAccessorImpl.invoke(DelegatingMethodAccessorImpl.java:43)
	at java.lang.reflect.Method.invoke(Method.java:498)
	at org.junit.runners.model.FrameworkMethod$1.runReflectiveCall(FrameworkMethod.java:50)
	at org.junit.internal.runners.model.ReflectiveCallable.run(ReflectiveCallable.java:12)
	at org.junit.runners.model.FrameworkMethod.invokeExplosively(FrameworkMethod.java:47)
	at org.junit.internal.runners.statements.InvokeMethod.evaluate(InvokeMethod.java:17)
	at org.junit.internal.runners.statements.FailOnTimeout$CallableStatement.call(FailOnTimeout.java:298)
	at org.junit.internal.runners.statements.FailOnTimeout$CallableStatement.call(FailOnTimeout.java:292)
	at java.util.concurrent.FutureTask.run(FutureTask.java:266)
	at java.lang.Thread.run(Thread.java:748)
17) test70(org.apache.commons.jxpath.ri.model.beans.PropertyPointer_ESTest)
org.apache.commons.jxpath.JXPathInvalidAccessException: Cannot set property: $<<unknown namespace>>:<<unknown namespace>> - no such property
	at org.apache.commons.jxpath.ri.model.beans.BeanPropertyPointer.setValue(BeanPropertyPointer.java:223)
	at org.apache.commons.jxpath.ri.model.beans.PropertyPointer.createPath(PropertyPointer.java:191)
	at org.apache.commons.jxpath.ri.model.beans.PropertyPointer_ESTest.test70(PropertyPointer_ESTest.java:1027)
	at sun.reflect.NativeMethodAccessorImpl.invoke0(Native Method)
	at sun.reflect.NativeMethodAccessorImpl.invoke(NativeMethodAccessorImpl.java:62)
	at sun.reflect.DelegatingMethodAccessorImpl.invoke(DelegatingMethodAccessorImpl.java:43)
	at java.lang.reflect.Method.invoke(Method.java:498)
	at org.junit.runners.model.FrameworkMethod$1.runReflectiveCall(FrameworkMethod.java:50)
	at org.junit.internal.runners.model.ReflectiveCallable.run(ReflectiveCallable.java:12)
	at org.junit.runners.model.FrameworkMethod.invokeExplosively(FrameworkMethod.java:47)
	at org.junit.internal.runners.statements.InvokeMethod.evaluate(InvokeMethod.java:17)
	at org.junit.internal.runners.statements.FailOnTimeout$CallableStatement.call(FailOnTimeout.java:298)
	at org.junit.internal.runners.statements.FailOnTimeout$CallableStatement.call(FailOnTimeout.java:292)
	at java.util.concurrent.FutureTask.run(FutureTask.java:266)
	at java.lang.Thread.run(Thread.java:748)
18) test71(org.apache.commons.jxpath.ri.model.beans.PropertyPointer_ESTest)
java.lang.NullPointerException
	at org.apache.commons.jxpath.ri.model.NodePointer.getAbstractFactory(NodePointer.java:877)
	at org.apache.commons.jxpath.ri.model.beans.PropertyPointer.createPath(PropertyPointer.java:169)
	at org.apache.commons.jxpath.ri.model.beans.BeanPropertyPointer.createPath(BeanPropertyPointer.java:238)
	at org.apache.commons.jxpath.ri.model.beans.PropertyPointer.createPath(PropertyPointer.java:189)
	at org.apache.commons.jxpath.ri.model.beans.PropertyPointer_ESTest.test71(PropertyPointer_ESTest.java:1047)
	at sun.reflect.NativeMethodAccessorImpl.invoke0(Native Method)
	at sun.reflect.NativeMethodAccessorImpl.invoke(NativeMethodAccessorImpl.java:62)
	at sun.reflect.DelegatingMethodAccessorImpl.invoke(DelegatingMethodAccessorImpl.java:43)
	at java.lang.reflect.Method.invoke(Method.java:498)
	at org.junit.runners.model.FrameworkMethod$1.runReflectiveCall(FrameworkMethod.java:50)
	at org.junit.internal.runners.model.ReflectiveCallable.run(ReflectiveCallable.java:12)
	at org.junit.runners.model.FrameworkMethod.invokeExplosively(FrameworkMethod.java:47)
	at org.junit.internal.runners.statements.InvokeMethod.evaluate(InvokeMethod.java:17)
	at org.junit.internal.runners.statements.FailOnTimeout$CallableStatement.call(FailOnTimeout.java:298)
	at org.junit.internal.runners.statements.FailOnTimeout$CallableStatement.call(FailOnTimeout.java:292)
	at java.util.concurrent.FutureTask.run(FutureTask.java:266)
	at java.lang.Thread.run(Thread.java:748)
19) test30(org.apache.commons.jxpath.ri.model.beans.PropertyPointer_ESTest)
java.lang.NullPointerException
	at org.apache.commons.jxpath.ri.model.beans.BeanPropertyPointer.getPropertyDescriptor(BeanPropertyPointer.java:285)
	at org.apache.commons.jxpath.ri.model.beans.BeanPropertyPointer.isActualProperty(BeanPropertyPointer.java:165)
	at org.apache.commons.jxpath.ri.model.beans.PropertyPointer.isActual(PropertyPointer.java:117)
	at org.apache.commons.jxpath.ri.model.beans.PropertyPointer_ESTest.test30(PropertyPointer_ESTest.java:360)
	at sun.reflect.NativeMethodAccessorImpl.invoke0(Native Method)
	at sun.reflect.NativeMethodAccessorImpl.invoke(NativeMethodAccessorImpl.java:62)
	at sun.reflect.DelegatingMethodAccessorImpl.invoke(DelegatingMethodAccessorImpl.java:43)
	at java.lang.reflect.Method.invoke(Method.java:498)
	at org.junit.runners.model.FrameworkMethod$1.runReflectiveCall(FrameworkMethod.java:50)
	at org.junit.internal.runners.model.ReflectiveCallable.run(ReflectiveCallable.java:12)
	at org.junit.runners.model.FrameworkMethod.invokeExplosively(FrameworkMethod.java:47)
	at org.junit.internal.runners.statements.InvokeMethod.evaluate(InvokeMethod.java:17)
	at org.junit.internal.runners.statements.FailOnTimeout$CallableStatement.call(FailOnTimeout.java:298)
	at org.junit.internal.runners.statements.FailOnTimeout$CallableStatement.call(FailOnTimeout.java:292)
	at java.util.concurrent.FutureTask.run(FutureTask.java:266)
	at java.lang.Thread.run(Thread.java:748)
20) test74(org.apache.commons.jxpath.ri.model.beans.PropertyPointer_ESTest)
org.apache.commons.jxpath.JXPathException: Cannot access property: java.lang.Class.nodeValue; object is not an instance of declaring class
	at org.apache.commons.jxpath.util.ValueUtils.getValue(ValueUtils.java:370)
	at org.apache.commons.jxpath.ri.model.beans.BeanPropertyPointer.getBaseValue(BeanPropertyPointer.java:120)
	at org.apache.commons.jxpath.ri.model.beans.PropertyPointer.getLength(PropertyPointer.java:152)
	at org.apache.commons.jxpath.ri.model.beans.BeanPropertyPointer.getLength(BeanPropertyPointer.java:211)
	at org.apache.commons.jxpath.ri.model.beans.PropertyPointer_ESTest.test74(PropertyPointer_ESTest.java:1090)
	at sun.reflect.NativeMethodAccessorImpl.invoke0(Native Method)
	at sun.reflect.NativeMethodAccessorImpl.invoke(NativeMethodAccessorImpl.java:62)
	at sun.reflect.DelegatingMethodAccessorImpl.invoke(DelegatingMethodAccessorImpl.java:43)
	at java.lang.reflect.Method.invoke(Method.java:498)
	at org.junit.runners.model.FrameworkMethod$1.runReflectiveCall(FrameworkMethod.java:50)
	at org.junit.internal.runners.model.ReflectiveCallable.run(ReflectiveCallable.java:12)
	at org.junit.runners.model.FrameworkMethod.invokeExplosively(FrameworkMethod.java:47)
	at org.junit.internal.runners.statements.InvokeMethod.evaluate(InvokeMethod.java:17)
	at org.junit.internal.runners.statements.FailOnTimeout$CallableStatement.call(FailOnTimeout.java:298)
	at org.junit.internal.runners.statements.FailOnTimeout$CallableStatement.call(FailOnTimeout.java:292)
	at java.util.concurrent.FutureTask.run(FutureTask.java:266)
	at java.lang.Thread.run(Thread.java:748)
Caused by: java.lang.IllegalArgumentException: object is not an instance of declaring class
	at sun.reflect.NativeMethodAccessorImpl.invoke0(Native Method)
	at sun.reflect.NativeMethodAccessorImpl.invoke(NativeMethodAccessorImpl.java:62)
	at sun.reflect.DelegatingMethodAccessorImpl.invoke(DelegatingMethodAccessorImpl.java:43)
	at java.lang.reflect.Method.invoke(Method.java:498)
	at org.apache.commons.jxpath.util.ValueUtils.getValue(ValueUtils.java:367)
	... 16 more
21) test43(org.apache.commons.jxpath.ri.model.beans.PropertyPointer_ESTest)
java.lang.NullPointerException
	at org.apache.commons.jxpath.ri.model.beans.BeanPropertyPointer.getPropertyDescriptor(BeanPropertyPointer.java:285)
	at org.apache.commons.jxpath.ri.model.beans.BeanPropertyPointer.getPropertyName(BeanPropertyPointer.java:268)
	at org.apache.commons.jxpath.ri.model.beans.PropertyPointer.equals(PropertyPointer.java:238)
	at org.apache.commons.jxpath.ri.model.beans.PropertyPointer_ESTest.test43(PropertyPointer_ESTest.java:590)
	at sun.reflect.NativeMethodAccessorImpl.invoke0(Native Method)
	at sun.reflect.NativeMethodAccessorImpl.invoke(NativeMethodAccessorImpl.java:62)
	at sun.reflect.DelegatingMethodAccessorImpl.invoke(DelegatingMethodAccessorImpl.java:43)
	at java.lang.reflect.Method.invoke(Method.java:498)
	at org.junit.runners.model.FrameworkMethod$1.runReflectiveCall(FrameworkMethod.java:50)
	at org.junit.internal.runners.model.ReflectiveCallable.run(ReflectiveCallable.java:12)
	at org.junit.runners.model.FrameworkMethod.invokeExplosively(FrameworkMethod.java:47)
	at org.junit.internal.runners.statements.InvokeMethod.evaluate(InvokeMethod.java:17)
	at org.junit.internal.runners.statements.FailOnTimeout$CallableStatement.call(FailOnTimeout.java:298)
	at org.junit.internal.runners.statements.FailOnTimeout$CallableStatement.call(FailOnTimeout.java:292)
	at java.util.concurrent.FutureTask.run(FutureTask.java:266)
	at java.lang.Thread.run(Thread.java:748)
22) test42(org.apache.commons.jxpath.ri.model.beans.PropertyPointer_ESTest)
org.evosuite.runtime.mock.java.lang.MockIllegalArgumentException: No such variable: 't,:t,'
	at org.apache.commons.jxpath.BasicVariables.getVariable(BasicVariables.java:62)
	at org.apache.commons.jxpath.ri.model.VariablePointer.getBaseValue(VariablePointer.java:79)
	at org.apache.commons.jxpath.ri.model.VariablePointer.getImmediateNode(VariablePointer.java:93)
	at org.apache.commons.jxpath.ri.model.VariablePointer.getImmediateValuePointer(VariablePointer.java:125)
	at org.apache.commons.jxpath.ri.model.NodePointer.getValuePointer(NodePointer.java:302)
	at org.apache.commons.jxpath.ri.model.NodePointer.getNode(NodePointer.java:365)
	at org.apache.commons.jxpath.ri.model.beans.PropertyPointer.getBean(PropertyPointer.java:77)
	at org.apache.commons.jxpath.ri.model.beans.PropertyPointer_ESTest.test42(PropertyPointer_ESTest.java:570)
	at sun.reflect.NativeMethodAccessorImpl.invoke0(Native Method)
	at sun.reflect.NativeMethodAccessorImpl.invoke(NativeMethodAccessorImpl.java:62)
	at sun.reflect.DelegatingMethodAccessorImpl.invoke(DelegatingMethodAccessorImpl.java:43)
	at java.lang.reflect.Method.invoke(Method.java:498)
	at org.junit.runners.model.FrameworkMethod$1.runReflectiveCall(FrameworkMethod.java:50)
	at org.junit.internal.runners.model.ReflectiveCallable.run(ReflectiveCallable.java:12)
	at org.junit.runners.model.FrameworkMethod.invokeExplosively(FrameworkMethod.java:47)
	at org.junit.internal.runners.statements.InvokeMethod.evaluate(InvokeMethod.java:17)
	at org.junit.internal.runners.statements.FailOnTimeout$CallableStatement.call(FailOnTimeout.java:298)
	at org.junit.internal.runners.statements.FailOnTimeout$CallableStatement.call(FailOnTimeout.java:292)
	at java.util.concurrent.FutureTask.run(FutureTask.java:266)
	at java.lang.Thread.run(Thread.java:748)
23) test45(org.apache.commons.jxpath.ri.model.beans.PropertyPointer_ESTest)
org.apache.commons.jxpath.JXPathException: Cannot access property: null.index; java.lang.NullPointerException
	at org.apache.commons.jxpath.util.ValueUtils.getValue(ValueUtils.java:370)
	at org.apache.commons.jxpath.ri.model.beans.BeanPropertyPointer.getBaseValue(BeanPropertyPointer.java:120)
	at org.apache.commons.jxpath.ri.model.beans.BeanPropertyPointer.getImmediateNode(BeanPropertyPointer.java:149)
	at org.apache.commons.jxpath.ri.model.beans.BeanPropertyPointer.createPath(BeanPropertyPointer.java:237)
	at org.apache.commons.jxpath.ri.model.beans.PropertyPointer_ESTest.test45(PropertyPointer_ESTest.java:628)
	at sun.reflect.NativeMethodAccessorImpl.invoke0(Native Method)
	at sun.reflect.NativeMethodAccessorImpl.invoke(NativeMethodAccessorImpl.java:62)
	at sun.reflect.DelegatingMethodAccessorImpl.invoke(DelegatingMethodAccessorImpl.java:43)
	at java.lang.reflect.Method.invoke(Method.java:498)
	at org.junit.runners.model.FrameworkMethod$1.runReflectiveCall(FrameworkMethod.java:50)
	at org.junit.internal.runners.model.ReflectiveCallable.run(ReflectiveCallable.java:12)
	at org.junit.runners.model.FrameworkMethod.invokeExplosively(FrameworkMethod.java:47)
	at org.junit.internal.runners.statements.InvokeMethod.evaluate(InvokeMethod.java:17)
	at org.junit.internal.runners.statements.FailOnTimeout$CallableStatement.call(FailOnTimeout.java:298)
	at org.junit.internal.runners.statements.FailOnTimeout$CallableStatement.call(FailOnTimeout.java:292)
	at java.util.concurrent.FutureTask.run(FutureTask.java:266)
	at java.lang.Thread.run(Thread.java:748)
Caused by: java.lang.NullPointerException
	at sun.reflect.NativeMethodAccessorImpl.invoke0(Native Method)
	at sun.reflect.NativeMethodAccessorImpl.invoke(NativeMethodAccessorImpl.java:62)
	at sun.reflect.DelegatingMethodAccessorImpl.invoke(DelegatingMethodAccessorImpl.java:43)
	at java.lang.reflect.Method.invoke(Method.java:498)
	at org.apache.commons.jxpath.util.ValueUtils.getValue(ValueUtils.java:367)
	... 16 more
24) test44(org.apache.commons.jxpath.ri.model.beans.PropertyPointer_ESTest)
java.lang.UnsupportedOperationException: Cannot create the root object: null()
	at org.apache.commons.jxpath.ri.model.beans.NullPointer.createPath(NullPointer.java:102)
	at org.apache.commons.jxpath.ri.model.beans.NullPropertyPointer.createPath(NullPropertyPointer.java:138)
	at org.apache.commons.jxpath.ri.model.beans.PropertyPointer_ESTest.test44(PropertyPointer_ESTest.java:608)
	at sun.reflect.NativeMethodAccessorImpl.invoke0(Native Method)
	at sun.reflect.NativeMethodAccessorImpl.invoke(NativeMethodAccessorImpl.java:62)
	at sun.reflect.DelegatingMethodAccessorImpl.invoke(DelegatingMethodAccessorImpl.java:43)
	at java.lang.reflect.Method.invoke(Method.java:498)
	at org.junit.runners.model.FrameworkMethod$1.runReflectiveCall(FrameworkMethod.java:50)
	at org.junit.internal.runners.model.ReflectiveCallable.run(ReflectiveCallable.java:12)
	at org.junit.runners.model.FrameworkMethod.invokeExplosively(FrameworkMethod.java:47)
	at org.junit.internal.runners.statements.InvokeMethod.evaluate(InvokeMethod.java:17)
	at org.junit.internal.runners.statements.FailOnTimeout$CallableStatement.call(FailOnTimeout.java:298)
	at org.junit.internal.runners.statements.FailOnTimeout$CallableStatement.call(FailOnTimeout.java:292)
	at java.util.concurrent.FutureTask.run(FutureTask.java:266)
	at java.lang.Thread.run(Thread.java:748)
25) test47(org.apache.commons.jxpath.ri.model.beans.PropertyPointer_ESTest)
org.evosuite.runtime.mock.java.lang.MockIllegalArgumentException: No such variable: 'Factory :null'
	at org.apache.commons.jxpath.BasicVariables.getVariable(BasicVariables.java:62)
	at org.apache.commons.jxpath.ri.model.VariablePointer.getBaseValue(VariablePointer.java:79)
	at org.apache.commons.jxpath.ri.model.VariablePointer.createCollection(VariablePointer.java:219)
	at org.apache.commons.jxpath.ri.model.VariablePointer.createChild(VariablePointer.java:177)
	at org.apache.commons.jxpath.ri.model.beans.NullPropertyPointer.createPath(NullPropertyPointer.java:134)
	at org.apache.commons.jxpath.ri.model.beans.PropertyPointer_ESTest.test47(PropertyPointer_ESTest.java:665)
	at sun.reflect.NativeMethodAccessorImpl.invoke0(Native Method)
	at sun.reflect.NativeMethodAccessorImpl.invoke(NativeMethodAccessorImpl.java:62)
	at sun.reflect.DelegatingMethodAccessorImpl.invoke(DelegatingMethodAccessorImpl.java:43)
	at java.lang.reflect.Method.invoke(Method.java:498)
	at org.junit.runners.model.FrameworkMethod$1.runReflectiveCall(FrameworkMethod.java:50)
	at org.junit.internal.runners.model.ReflectiveCallable.run(ReflectiveCallable.java:12)
	at org.junit.runners.model.FrameworkMethod.invokeExplosively(FrameworkMethod.java:47)
	at org.junit.internal.runners.statements.InvokeMethod.evaluate(InvokeMethod.java:17)
	at org.junit.internal.runners.statements.FailOnTimeout$CallableStatement.call(FailOnTimeout.java:298)
	at org.junit.internal.runners.statements.FailOnTimeout$CallableStatement.call(FailOnTimeout.java:292)
	at java.util.concurrent.FutureTask.run(FutureTask.java:266)
	at java.lang.Thread.run(Thread.java:748)
26) test46(org.apache.commons.jxpath.ri.model.beans.PropertyPointer_ESTest)
java.lang.NullPointerException
	at org.apache.commons.jxpath.ri.model.VariablePointer.getBaseValue(VariablePointer.java:79)
	at org.apache.commons.jxpath.ri.model.VariablePointer.createCollection(VariablePointer.java:219)
	at org.apache.commons.jxpath.ri.model.VariablePointer.createChild(VariablePointer.java:177)
	at org.apache.commons.jxpath.ri.model.beans.NullPropertyPointer.createPath(NullPropertyPointer.java:134)
	at org.apache.commons.jxpath.ri.model.beans.PropertyPointer_ESTest.test46(PropertyPointer_ESTest.java:646)
	at sun.reflect.NativeMethodAccessorImpl.invoke0(Native Method)
	at sun.reflect.NativeMethodAccessorImpl.invoke(NativeMethodAccessorImpl.java:62)
	at sun.reflect.DelegatingMethodAccessorImpl.invoke(DelegatingMethodAccessorImpl.java:43)
	at java.lang.reflect.Method.invoke(Method.java:498)
	at org.junit.runners.model.FrameworkMethod$1.runReflectiveCall(FrameworkMethod.java:50)
	at org.junit.internal.runners.model.ReflectiveCallable.run(ReflectiveCallable.java:12)
	at org.junit.runners.model.FrameworkMethod.invokeExplosively(FrameworkMethod.java:47)
	at org.junit.internal.runners.statements.InvokeMethod.evaluate(InvokeMethod.java:17)
	at org.junit.internal.runners.statements.FailOnTimeout$CallableStatement.call(FailOnTimeout.java:298)
	at org.junit.internal.runners.statements.FailOnTimeout$CallableStatement.call(FailOnTimeout.java:292)
	at java.util.concurrent.FutureTask.run(FutureTask.java:266)
	at java.lang.Thread.run(Thread.java:748)
27) test49(org.apache.commons.jxpath.ri.model.beans.PropertyPointer_ESTest)
java.lang.NullPointerException
	at org.apache.commons.jxpath.ri.model.NodePointer.getAbstractFactory(NodePointer.java:877)
	at org.apache.commons.jxpath.ri.model.beans.PropertyPointer.createPath(PropertyPointer.java:169)
	at org.apache.commons.jxpath.ri.model.beans.BeanPropertyPointer.createPath(BeanPropertyPointer.java:238)
	at org.apache.commons.jxpath.ri.model.beans.PropertyPointer.createPath(PropertyPointer.java:189)
	at org.apache.commons.jxpath.ri.model.beans.PropertyPointer.createChild(PropertyPointer.java:205)
	at org.apache.commons.jxpath.ri.model.beans.PropertyPointer_ESTest.test49(PropertyPointer_ESTest.java:702)
	at sun.reflect.NativeMethodAccessorImpl.invoke0(Native Method)
	at sun.reflect.NativeMethodAccessorImpl.invoke(NativeMethodAccessorImpl.java:62)
	at sun.reflect.DelegatingMethodAccessorImpl.invoke(DelegatingMethodAccessorImpl.java:43)
	at java.lang.reflect.Method.invoke(Method.java:498)
	at org.junit.runners.model.FrameworkMethod$1.runReflectiveCall(FrameworkMethod.java:50)
	at org.junit.internal.runners.model.ReflectiveCallable.run(ReflectiveCallable.java:12)
	at org.junit.runners.model.FrameworkMethod.invokeExplosively(FrameworkMethod.java:47)
	at org.junit.internal.runners.statements.InvokeMethod.evaluate(InvokeMethod.java:17)
	at org.junit.internal.runners.statements.FailOnTimeout$CallableStatement.call(FailOnTimeout.java:298)
	at org.junit.internal.runners.statements.FailOnTimeout$CallableStatement.call(FailOnTimeout.java:292)
	at java.util.concurrent.FutureTask.run(FutureTask.java:266)
	at java.lang.Thread.run(Thread.java:748)
28) test04(org.apache.commons.jxpath.ri.model.beans.PropertyPointer_ESTest)
java.lang.NullPointerException
	at org.apache.commons.jxpath.ri.model.NodePointer.getAbstractFactory(NodePointer.java:877)
	at org.apache.commons.jxpath.ri.model.beans.PropertyPointer.createPath(PropertyPointer.java:169)
	at org.apache.commons.jxpath.ri.model.beans.BeanPropertyPointer.createPath(BeanPropertyPointer.java:238)
	at org.apache.commons.jxpath.ri.model.beans.PropertyPointer.createPath(PropertyPointer.java:189)
	at org.apache.commons.jxpath.ri.model.beans.PropertyPointer.createChild(PropertyPointer.java:205)
	at org.apache.commons.jxpath.ri.model.beans.PropertyPointer_ESTest.test04(PropertyPointer_ESTest.java:82)
	at sun.reflect.NativeMethodAccessorImpl.invoke0(Native Method)
	at sun.reflect.NativeMethodAccessorImpl.invoke(NativeMethodAccessorImpl.java:62)
	at sun.reflect.DelegatingMethodAccessorImpl.invoke(DelegatingMethodAccessorImpl.java:43)
	at java.lang.reflect.Method.invoke(Method.java:498)
	at org.junit.runners.model.FrameworkMethod$1.runReflectiveCall(FrameworkMethod.java:50)
	at org.junit.internal.runners.model.ReflectiveCallable.run(ReflectiveCallable.java:12)
	at org.junit.runners.model.FrameworkMethod.invokeExplosively(FrameworkMethod.java:47)
	at org.junit.internal.runners.statements.InvokeMethod.evaluate(InvokeMethod.java:17)
	at org.junit.internal.runners.statements.FailOnTimeout$CallableStatement.call(FailOnTimeout.java:298)
	at org.junit.internal.runners.statements.FailOnTimeout$CallableStatement.call(FailOnTimeout.java:292)
	at java.util.concurrent.FutureTask.run(FutureTask.java:266)
	at java.lang.Thread.run(Thread.java:748)
29) test48(org.apache.commons.jxpath.ri.model.beans.PropertyPointer_ESTest)
java.lang.UnsupportedOperationException: Cannot create the root object: null()
	at org.apache.commons.jxpath.ri.model.beans.NullPointer.createPath(NullPointer.java:102)
	at org.apache.commons.jxpath.ri.model.beans.NullPropertyPointer.createPath(NullPropertyPointer.java:110)
	at org.apache.commons.jxpath.ri.model.beans.NullPropertyPointer.createChild(NullPropertyPointer.java:160)
	at org.apache.commons.jxpath.ri.model.beans.PropertyPointer_ESTest.test48(PropertyPointer_ESTest.java:683)
	at sun.reflect.NativeMethodAccessorImpl.invoke0(Native Method)
	at sun.reflect.NativeMethodAccessorImpl.invoke(NativeMethodAccessorImpl.java:62)
	at sun.reflect.DelegatingMethodAccessorImpl.invoke(DelegatingMethodAccessorImpl.java:43)
	at java.lang.reflect.Method.invoke(Method.java:498)
	at org.junit.runners.model.FrameworkMethod$1.runReflectiveCall(FrameworkMethod.java:50)
	at org.junit.internal.runners.model.ReflectiveCallable.run(ReflectiveCallable.java:12)
	at org.junit.runners.model.FrameworkMethod.invokeExplosively(FrameworkMethod.java:47)
	at org.junit.internal.runners.statements.InvokeMethod.evaluate(InvokeMethod.java:17)
	at org.junit.internal.runners.statements.FailOnTimeout$CallableStatement.call(FailOnTimeout.java:298)
	at org.junit.internal.runners.statements.FailOnTimeout$CallableStatement.call(FailOnTimeout.java:292)
	at java.util.concurrent.FutureTask.run(FutureTask.java:266)
	at java.lang.Thread.run(Thread.java:748)
30) test41(org.apache.commons.jxpath.ri.model.beans.PropertyPointer_ESTest)
java.lang.NullPointerException
	at org.apache.commons.jxpath.ri.model.beans.PropertyPointer.getBean(PropertyPointer.java:77)
	at org.apache.commons.jxpath.ri.model.beans.PropertyPointer_ESTest.test41(PropertyPointer_ESTest.java:551)
	at sun.reflect.NativeMethodAccessorImpl.invoke0(Native Method)
	at sun.reflect.NativeMethodAccessorImpl.invoke(NativeMethodAccessorImpl.java:62)
	at sun.reflect.DelegatingMethodAccessorImpl.invoke(DelegatingMethodAccessorImpl.java:43)
	at java.lang.reflect.Method.invoke(Method.java:498)
	at org.junit.runners.model.FrameworkMethod$1.runReflectiveCall(FrameworkMethod.java:50)
	at org.junit.internal.runners.model.ReflectiveCallable.run(ReflectiveCallable.java:12)
	at org.junit.runners.model.FrameworkMethod.invokeExplosively(FrameworkMethod.java:47)
	at org.junit.internal.runners.statements.InvokeMethod.evaluate(InvokeMethod.java:17)
	at org.junit.internal.runners.statements.FailOnTimeout$CallableStatement.call(FailOnTimeout.java:298)
	at org.junit.internal.runners.statements.FailOnTimeout$CallableStatement.call(FailOnTimeout.java:292)
	at java.util.concurrent.FutureTask.run(FutureTask.java:266)
	at java.lang.Thread.run(Thread.java:748)
31) test40(org.apache.commons.jxpath.ri.model.beans.PropertyPointer_ESTest)
org.apache.commons.jxpath.JXPathException: Undefined variable: .yO#&<!Ih"!
	at org.apache.commons.jxpath.ri.model.VariablePointer$1.getImmediateNode(VariablePointer.java:132)
	at org.apache.commons.jxpath.ri.model.NodePointer.getNode(NodePointer.java:365)
	at org.apache.commons.jxpath.ri.model.beans.PropertyPointer.getBean(PropertyPointer.java:77)
	at org.apache.commons.jxpath.ri.model.beans.PropertyPointer_ESTest.test40(PropertyPointer_ESTest.java:535)
	at sun.reflect.NativeMethodAccessorImpl.invoke0(Native Method)
	at sun.reflect.NativeMethodAccessorImpl.invoke(NativeMethodAccessorImpl.java:62)
	at sun.reflect.DelegatingMethodAccessorImpl.invoke(DelegatingMethodAccessorImpl.java:43)
	at java.lang.reflect.Method.invoke(Method.java:498)
	at org.junit.runners.model.FrameworkMethod$1.runReflectiveCall(FrameworkMethod.java:50)
	at org.junit.internal.runners.model.ReflectiveCallable.run(ReflectiveCallable.java:12)
	at org.junit.runners.model.FrameworkMethod.invokeExplosively(FrameworkMethod.java:47)
	at org.junit.internal.runners.statements.InvokeMethod.evaluate(InvokeMethod.java:17)
	at org.junit.internal.runners.statements.FailOnTimeout$CallableStatement.call(FailOnTimeout.java:298)
	at org.junit.internal.runners.statements.FailOnTimeout$CallableStatement.call(FailOnTimeout.java:292)
	at java.util.concurrent.FutureTask.run(FutureTask.java:266)
	at java.lang.Thread.run(Thread.java:748)
32) test54(org.apache.commons.jxpath.ri.model.beans.PropertyPointer_ESTest)
java.lang.NullPointerException
	at org.apache.commons.jxpath.ri.model.beans.PropertyOwnerPointer.compareChildNodePointers(PropertyOwnerPointer.java:182)
	at org.apache.commons.jxpath.ri.model.beans.PropertyPointer.compareChildNodePointers(PropertyPointer.java:251)
	at org.apache.commons.jxpath.ri.model.beans.PropertyPointer_ESTest.test54(PropertyPointer_ESTest.java:802)
	at sun.reflect.NativeMethodAccessorImpl.invoke0(Native Method)
	at sun.reflect.NativeMethodAccessorImpl.invoke(NativeMethodAccessorImpl.java:62)
	at sun.reflect.DelegatingMethodAccessorImpl.invoke(DelegatingMethodAccessorImpl.java:43)
	at java.lang.reflect.Method.invoke(Method.java:498)
	at org.junit.runners.model.FrameworkMethod$1.runReflectiveCall(FrameworkMethod.java:50)
	at org.junit.internal.runners.model.ReflectiveCallable.run(ReflectiveCallable.java:12)
	at org.junit.runners.model.FrameworkMethod.invokeExplosively(FrameworkMethod.java:47)
	at org.junit.internal.runners.statements.InvokeMethod.evaluate(InvokeMethod.java:17)
	at org.junit.internal.runners.statements.FailOnTimeout$CallableStatement.call(FailOnTimeout.java:298)
	at org.junit.internal.runners.statements.FailOnTimeout$CallableStatement.call(FailOnTimeout.java:292)
	at java.util.concurrent.FutureTask.run(FutureTask.java:266)
	at java.lang.Thread.run(Thread.java:748)
33) test53(org.apache.commons.jxpath.ri.model.beans.PropertyPointer_ESTest)
org.apache.commons.jxpath.JXPathException: Undefined variable: b:
	at org.apache.commons.jxpath.ri.model.VariablePointer$1.getImmediateNode(VariablePointer.java:132)
	at org.apache.commons.jxpath.ri.model.NodePointer.getNode(NodePointer.java:365)
	at org.apache.commons.jxpath.ri.model.beans.PropertyPointer.getBean(PropertyPointer.java:77)
	at org.apache.commons.jxpath.ri.model.beans.BeanPropertyPointer.getBaseValue(BeanPropertyPointer.java:120)
	at org.apache.commons.jxpath.ri.model.beans.BeanPropertyPointer.getImmediateNode(BeanPropertyPointer.java:149)
	at org.apache.commons.jxpath.ri.model.beans.PropertyPointer.getImmediateValuePointer(PropertyPointer.java:161)
	at org.apache.commons.jxpath.ri.model.NodePointer.getValuePointer(NodePointer.java:302)
	at org.apache.commons.jxpath.ri.model.beans.PropertyPointer.compareChildNodePointers(PropertyPointer.java:251)
	at org.apache.commons.jxpath.ri.model.beans.PropertyPointer_ESTest.test53(PropertyPointer_ESTest.java:786)
	at sun.reflect.NativeMethodAccessorImpl.invoke0(Native Method)
	at sun.reflect.NativeMethodAccessorImpl.invoke(NativeMethodAccessorImpl.java:62)
	at sun.reflect.DelegatingMethodAccessorImpl.invoke(DelegatingMethodAccessorImpl.java:43)
	at java.lang.reflect.Method.invoke(Method.java:498)
	at org.junit.runners.model.FrameworkMethod$1.runReflectiveCall(FrameworkMethod.java:50)
	at org.junit.internal.runners.model.ReflectiveCallable.run(ReflectiveCallable.java:12)
	at org.junit.runners.model.FrameworkMethod.invokeExplosively(FrameworkMethod.java:47)
	at org.junit.internal.runners.statements.InvokeMethod.evaluate(InvokeMethod.java:17)
	at org.junit.internal.runners.statements.FailOnTimeout$CallableStatement.call(FailOnTimeout.java:298)
	at org.junit.internal.runners.statements.FailOnTimeout$CallableStatement.call(FailOnTimeout.java:292)
	at java.util.concurrent.FutureTask.run(FutureTask.java:266)
	at java.lang.Thread.run(Thread.java:748)
34) test56(org.apache.commons.jxpath.ri.model.beans.PropertyPointer_ESTest)
java.lang.NullPointerException
	at org.apache.commons.jxpath.ri.model.NodePointer.getAbstractFactory(NodePointer.java:877)
	at org.apache.commons.jxpath.ri.model.beans.PropertyPointer.createPath(PropertyPointer.java:169)
	at org.apache.commons.jxpath.ri.model.beans.BeanPropertyPointer.createPath(BeanPropertyPointer.java:238)
	at org.apache.commons.jxpath.ri.model.beans.NullPropertyPointer.createPath(NullPropertyPointer.java:110)
	at org.apache.commons.jxpath.ri.model.beans.NullPropertyPointer.createChild(NullPropertyPointer.java:160)
	at org.apache.commons.jxpath.ri.model.beans.PropertyPointer_ESTest.test56(PropertyPointer_ESTest.java:840)
	at sun.reflect.NativeMethodAccessorImpl.invoke0(Native Method)
	at sun.reflect.NativeMethodAccessorImpl.invoke(NativeMethodAccessorImpl.java:62)
	at sun.reflect.DelegatingMethodAccessorImpl.invoke(DelegatingMethodAccessorImpl.java:43)
	at java.lang.reflect.Method.invoke(Method.java:498)
	at org.junit.runners.model.FrameworkMethod$1.runReflectiveCall(FrameworkMethod.java:50)
	at org.junit.internal.runners.model.ReflectiveCallable.run(ReflectiveCallable.java:12)
	at org.junit.runners.model.FrameworkMethod.invokeExplosively(FrameworkMethod.java:47)
	at org.junit.internal.runners.statements.InvokeMethod.evaluate(InvokeMethod.java:17)
	at org.junit.internal.runners.statements.FailOnTimeout$CallableStatement.call(FailOnTimeout.java:298)
	at org.junit.internal.runners.statements.FailOnTimeout$CallableStatement.call(FailOnTimeout.java:292)
	at java.util.concurrent.FutureTask.run(FutureTask.java:266)
	at java.lang.Thread.run(Thread.java:748)
35) test55(org.apache.commons.jxpath.ri.model.beans.PropertyPointer_ESTest)
java.lang.NullPointerException
	at org.apache.commons.jxpath.ri.model.beans.PropertyOwnerPointer.compareChildNodePointers(PropertyOwnerPointer.java:182)
	at org.apache.commons.jxpath.ri.model.beans.PropertyPointer.compareChildNodePointers(PropertyPointer.java:251)
	at org.apache.commons.jxpath.ri.model.beans.PropertyPointer_ESTest.test55(PropertyPointer_ESTest.java:820)
	at sun.reflect.NativeMethodAccessorImpl.invoke0(Native Method)
	at sun.reflect.NativeMethodAccessorImpl.invoke(NativeMethodAccessorImpl.java:62)
	at sun.reflect.DelegatingMethodAccessorImpl.invoke(DelegatingMethodAccessorImpl.java:43)
	at java.lang.reflect.Method.invoke(Method.java:498)
	at org.junit.runners.model.FrameworkMethod$1.runReflectiveCall(FrameworkMethod.java:50)
	at org.junit.internal.runners.model.ReflectiveCallable.run(ReflectiveCallable.java:12)
	at org.junit.runners.model.FrameworkMethod.invokeExplosively(FrameworkMethod.java:47)
	at org.junit.internal.runners.statements.InvokeMethod.evaluate(InvokeMethod.java:17)
	at org.junit.internal.runners.statements.FailOnTimeout$CallableStatement.call(FailOnTimeout.java:298)
	at org.junit.internal.runners.statements.FailOnTimeout$CallableStatement.call(FailOnTimeout.java:292)
	at java.util.concurrent.FutureTask.run(FutureTask.java:266)
	at java.lang.Thread.run(Thread.java:748)
36) test50(org.apache.commons.jxpath.ri.model.beans.PropertyPointer_ESTest)
org.evosuite.runtime.mock.java.lang.MockIllegalArgumentException: No such variable: ''
	at org.apache.commons.jxpath.BasicVariables.getVariable(BasicVariables.java:62)
	at org.apache.commons.jxpath.ri.model.VariablePointer.getBaseValue(VariablePointer.java:79)
	at org.apache.commons.jxpath.ri.model.VariablePointer.createCollection(VariablePointer.java:219)
	at org.apache.commons.jxpath.ri.model.VariablePointer.createChild(VariablePointer.java:177)
	at org.apache.commons.jxpath.ri.model.beans.NullPropertyPointer.createPath(NullPropertyPointer.java:134)
	at org.apache.commons.jxpath.ri.model.beans.NullPropertyPointer.createChild(NullPropertyPointer.java:160)
	at org.apache.commons.jxpath.ri.model.beans.PropertyPointer_ESTest.test50(PropertyPointer_ESTest.java:724)
	at sun.reflect.NativeMethodAccessorImpl.invoke0(Native Method)
	at sun.reflect.NativeMethodAccessorImpl.invoke(NativeMethodAccessorImpl.java:62)
	at sun.reflect.DelegatingMethodAccessorImpl.invoke(DelegatingMethodAccessorImpl.java:43)
	at java.lang.reflect.Method.invoke(Method.java:498)
	at org.junit.runners.model.FrameworkMethod$1.runReflectiveCall(FrameworkMethod.java:50)
	at org.junit.internal.runners.model.ReflectiveCallable.run(ReflectiveCallable.java:12)
	at org.junit.runners.model.FrameworkMethod.invokeExplosively(FrameworkMethod.java:47)
	at org.junit.internal.runners.statements.InvokeMethod.evaluate(InvokeMethod.java:17)
	at org.junit.internal.runners.statements.FailOnTimeout$CallableStatement.call(FailOnTimeout.java:298)
	at org.junit.internal.runners.statements.FailOnTimeout$CallableStatement.call(FailOnTimeout.java:292)
	at java.util.concurrent.FutureTask.run(FutureTask.java:266)
	at java.lang.Thread.run(Thread.java:748)
37) test52(org.apache.commons.jxpath.ri.model.beans.PropertyPointer_ESTest)
org.evosuite.runtime.mock.java.lang.MockIllegalArgumentException: No such variable: ':'
	at org.apache.commons.jxpath.BasicVariables.getVariable(BasicVariables.java:62)
	at org.apache.commons.jxpath.ri.model.VariablePointer.getBaseValue(VariablePointer.java:79)
	at org.apache.commons.jxpath.ri.model.VariablePointer.createCollection(VariablePointer.java:219)
	at org.apache.commons.jxpath.ri.model.VariablePointer.createChild(VariablePointer.java:177)
	at org.apache.commons.jxpath.ri.model.beans.NullPropertyPointer.createPath(NullPropertyPointer.java:134)
	at org.apache.commons.jxpath.ri.model.beans.NullPropertyPointer.createChild(NullPropertyPointer.java:155)
	at org.apache.commons.jxpath.ri.model.beans.PropertyPointer_ESTest.test52(PropertyPointer_ESTest.java:763)
	at sun.reflect.NativeMethodAccessorImpl.invoke0(Native Method)
	at sun.reflect.NativeMethodAccessorImpl.invoke(NativeMethodAccessorImpl.java:62)
	at sun.reflect.DelegatingMethodAccessorImpl.invoke(DelegatingMethodAccessorImpl.java:43)
	at java.lang.reflect.Method.invoke(Method.java:498)
	at org.junit.runners.model.FrameworkMethod$1.runReflectiveCall(FrameworkMethod.java:50)
	at org.junit.internal.runners.model.ReflectiveCallable.run(ReflectiveCallable.java:12)
	at org.junit.runners.model.FrameworkMethod.invokeExplosively(FrameworkMethod.java:47)
	at org.junit.internal.runners.statements.InvokeMethod.evaluate(InvokeMethod.java:17)
	at org.junit.internal.runners.statements.FailOnTimeout$CallableStatement.call(FailOnTimeout.java:298)
	at org.junit.internal.runners.statements.FailOnTimeout$CallableStatement.call(FailOnTimeout.java:292)
	at java.util.concurrent.FutureTask.run(FutureTask.java:266)
	at java.lang.Thread.run(Thread.java:748)
38) test51(org.apache.commons.jxpath.ri.model.beans.PropertyPointer_ESTest)
org.apache.commons.jxpath.JXPathException: Cannot access property: null.value; java.lang.NullPointerException
	at org.apache.commons.jxpath.util.ValueUtils.getValue(ValueUtils.java:370)
	at org.apache.commons.jxpath.util.ValueUtils.getValue(ValueUtils.java:467)
	at org.apache.commons.jxpath.ri.model.beans.BeanPropertyPointer.getImmediateNode(BeanPropertyPointer.java:157)
	at org.apache.commons.jxpath.ri.model.beans.BeanPropertyPointer.createPath(BeanPropertyPointer.java:237)
	at org.apache.commons.jxpath.ri.model.beans.PropertyPointer.createChild(PropertyPointer.java:217)
	at org.apache.commons.jxpath.ri.model.beans.PropertyPointer_ESTest.test51(PropertyPointer_ESTest.java:744)
	at sun.reflect.NativeMethodAccessorImpl.invoke0(Native Method)
	at sun.reflect.NativeMethodAccessorImpl.invoke(NativeMethodAccessorImpl.java:62)
	at sun.reflect.DelegatingMethodAccessorImpl.invoke(DelegatingMethodAccessorImpl.java:43)
	at java.lang.reflect.Method.invoke(Method.java:498)
	at org.junit.runners.model.FrameworkMethod$1.runReflectiveCall(FrameworkMethod.java:50)
	at org.junit.internal.runners.model.ReflectiveCallable.run(ReflectiveCallable.java:12)
	at org.junit.runners.model.FrameworkMethod.invokeExplosively(FrameworkMethod.java:47)
	at org.junit.internal.runners.statements.InvokeMethod.evaluate(InvokeMethod.java:17)
	at org.junit.internal.runners.statements.FailOnTimeout$CallableStatement.call(FailOnTimeout.java:298)
	at org.junit.internal.runners.statements.FailOnTimeout$CallableStatement.call(FailOnTimeout.java:292)
	at java.util.concurrent.FutureTask.run(FutureTask.java:266)
	at java.lang.Thread.run(Thread.java:748)
Caused by: java.lang.NullPointerException
	at sun.reflect.NativeMethodAccessorImpl.invoke0(Native Method)
	at sun.reflect.NativeMethodAccessorImpl.invoke(NativeMethodAccessorImpl.java:62)
	at sun.reflect.DelegatingMethodAccessorImpl.invoke(DelegatingMethodAccessorImpl.java:43)
	at java.lang.reflect.Method.invoke(Method.java:498)
	at org.apache.commons.jxpath.util.ValueUtils.getValue(ValueUtils.java:367)
	... 17 more

FAILURES!!!
Tests run: 78,  Failures: 38

