* EvoSuite 1.1.1-SNAPSHOT
* Configuration: BBC-F0-opt-40
* Going to generate test cases for class: com.google.javascript.jscomp.ProcessClosurePrimitives
* Starting Client-0
* Connecting to master process on port 5049
* Analyzing classpath: 
  - subjects/buggy-versions/Closure-113/build/classes
  - subjects/buggy-versions/Closure-113/lib/args4j.jar
  - subjects/buggy-versions/Closure-113/lib/guava.jar
  - subjects/buggy-versions/Closure-113/lib/json.jar
  - subjects/buggy-versions/Closure-113/lib/jsr305.jar
  - subjects/buggy-versions/Closure-113/lib/protobuf-java.jar
  - subjects/buggy-versions/Closure-113/build/lib/rhino.jar
  - subjects/buggy-versions/Closure-113/lib/ant.jar
* Finished analyzing classpath
* Generating tests for class com.google.javascript.jscomp.ProcessClosurePrimitives
* Test criteria:
  - Line Coverage
  - Branch Coverage
  - Exception
  - Mutation testing (weak)
  - Method-Output Coverage
  - Top-Level Method Coverage
  - No-Exception Top-Level Method Coverage
  - Context Branch Coverage
* Total number of test goals for DYNAMOSA: 1637
* Using seed 3284979502
* Starting evolution
bbc usage percentage is: 40%
* Initial Number of Goals in DynaMOSA = 361 / 1637
[MASTER] 10:34:11.990 [logback-2] ERROR TestCluster - Failed to check cache for java.util.AbstractMap<K, V>.SimpleEntry<K, V> : Type points to itself
[MASTER] 10:34:11.990 [logback-2] ERROR TestCluster - Failed to check cache for java.util.AbstractMap<K, V>.SimpleImmutableEntry<K, V> : Type points to itself
[MASTER] 10:37:39.360 [logback-2] ERROR TestCluster - Failed to check cache for java.util.Iterator<E> : Type points to itself
[MASTER] 10:37:39.909 [logback-2] ERROR TestCluster - Failed to check cache for java.util.Enumeration<E> : Type points to itself
[MASTER] 10:38:40.782 [logback-2] ERROR TestCluster - Failed to check cache for java.util.Comparator<T> : Type points to itself
* Search finished after 606s and 799 generations, 329214 statements, best individual has fitness: 1431.0
* Minimizing test suite
* Going to analyze the coverage criteria
* Coverage analysis for criterion LINE
* Coverage of criterion LINE: 15%
* Total number of goals: 472
* Number of covered goals: 70
* Coverage analysis for criterion BRANCH
* Coverage of criterion BRANCH: 15%
* Total number of goals: 350
* Number of covered goals: 52
* Coverage analysis for criterion EXCEPTION
* Coverage of criterion EXCEPTION: 100%
* Total number of goals: 7
* Number of covered goals: 7
* Coverage analysis for criterion WEAKMUTATION
* Coverage of criterion WEAKMUTATION: 8%
* Total number of goals: 441
* Number of covered goals: 34
* Coverage analysis for criterion OUTPUT
* Coverage of criterion OUTPUT: 33%
* Total number of goals: 6
* Number of covered goals: 2
* Coverage analysis for criterion METHOD
* Coverage of criterion METHOD: 56%
* Total number of goals: 9
* Number of covered goals: 5
* Coverage analysis for criterion METHODNOEXCEPTION
* Coverage of criterion METHODNOEXCEPTION: 44%
* Total number of goals: 9
* Number of covered goals: 4
* Coverage analysis for criterion CBRANCH
* Coverage of criterion CBRANCH: 13%
* Total number of goals: 350
* Number of covered goals: 47
* Generated 17 tests with total length 119
* Resulting test suite's coverage: 29% (average coverage for all fitness functions)
* Generating assertions
* Resulting test suite's mutation score: 4%
* Compiling and checking tests
[MASTER] 10:44:09.223 [logback-1] WARN  JUnitAnalyzer - EvoSuite problem: tests set up a security manager, but they do not remove it after execution
[MASTER] 10:44:09.228 [logback-1] WARN  JUnitAnalyzer - Found unstable test named test0 -> class java.lang.AssertionError: Expecting exception: IllegalArgumentException
[MASTER] 10:44:09.228 [logback-1] WARN  JUnitAnalyzer - Failing test:
 Compiler compiler0 = new Compiler();
Node node0 = new Node(129, 105, 129);
PreprocessorSymbolTable preprocessorSymbolTable0 = new PreprocessorSymbolTable(node0);
Normalize.parseAndNormalizeTestCode(compiler0, "goog.base");

[MASTER] 10:44:15.352 [logback-1] WARN  JUnitAnalyzer - Found unstable test named test0 -> class org.evosuite.runtime.mock.java.lang.MockIllegalArgumentException: Multiple entries with same key: returns=NOT_IMPLEMENTED and returns=RETURN
[MASTER] 10:44:15.352 [logback-1] WARN  JUnitAnalyzer - Failing test:
 Compiler compiler0 = new Compiler();
PreprocessorSymbolTable preprocessorSymbolTable0 = new PreprocessorSymbolTable((Node) null);
Node node0 = Normalize.parseAndNormalizeTestCode(compiler0, "$=q");
CheckLevel checkLevel0 = CheckLevel.WARNING;
ProcessClosurePrimitives processClosurePrimitives0 = new ProcessClosurePrimitives(compiler0, preprocessorSymbolTable0, checkLevel0);
processClosurePrimitives0.process(node0, node0);
assertFalse(node0.isGetProp());


[MASTER] 10:44:20.875 [logback-1] WARN  JUnitAnalyzer - Found unstable test named test0 -> class java.lang.AssertionError: Expecting exception: IllegalArgumentException
[MASTER] 10:44:20.875 [logback-1] WARN  JUnitAnalyzer - Failing test:
 Compiler compiler0 = new Compiler();
Node node0 = new Node(129, 129, 129);
PreprocessorSymbolTable preprocessorSymbolTable0 = new PreprocessorSymbolTable(node0);
Normalize.parseAndNormalizeTestCode(compiler0, "com.google.javascript.jscomp.ProcessClosurePrimitives$1");

* Writing tests to file
* Writing JUnit test case 'ProcessClosurePrimitives_ESTest' to results/Closure-113/com.google.javascript.jscomp.ProcessClosurePrimitives/BBC-F0-opt-40/tests/7
* Done!

* Computation finished
