JUnit version 4.12
..E..E..........E..E....................E.E...E.....E..E.E.E..E..E.E.E.E.E.E.E.E.E.E.E.E.E.E.E.E.E.E.E.E.E.E.E.E.E.E.E..E.E.E...E..E..........E.E.E.....E.........E.E...E.E..E..E.E.......E............E.....E.E......E...E...E
Time: 10.048
There were 62 failures:
1) test137(org.joda.time.MutableDateTime_ESTest)
org.joda.time.IllegalFieldValueException: Value -1380 for minuteOfDay must be in the range [0,1439]
	at org.joda.time.field.FieldUtils.verifyValueBounds(FieldUtils.java:234)
	at org.joda.time.field.PreciseDateTimeField.set(PreciseDateTimeField.java:112)
	at org.joda.time.chrono.ZonedChronology$ZonedDateTimeField.set(ZonedChronology.java:481)
	at org.joda.time.MutableDateTime.setMinuteOfDay(MutableDateTime.java:796)
	at org.joda.time.MutableDateTime_ESTest.test137(MutableDateTime_ESTest.java:1684)
	at sun.reflect.NativeMethodAccessorImpl.invoke0(Native Method)
	at sun.reflect.NativeMethodAccessorImpl.invoke(NativeMethodAccessorImpl.java:62)
	at sun.reflect.DelegatingMethodAccessorImpl.invoke(DelegatingMethodAccessorImpl.java:43)
	at java.lang.reflect.Method.invoke(Method.java:498)
	at org.junit.runners.model.FrameworkMethod$1.runReflectiveCall(FrameworkMethod.java:50)
	at org.junit.internal.runners.model.ReflectiveCallable.run(ReflectiveCallable.java:12)
	at org.junit.runners.model.FrameworkMethod.invokeExplosively(FrameworkMethod.java:47)
	at org.junit.internal.runners.statements.InvokeMethod.evaluate(InvokeMethod.java:17)
	at org.junit.internal.runners.statements.FailOnTimeout$CallableStatement.call(FailOnTimeout.java:298)
	at org.junit.internal.runners.statements.FailOnTimeout$CallableStatement.call(FailOnTimeout.java:292)
	at java.util.concurrent.FutureTask.run(FutureTask.java:266)
	at java.lang.Thread.run(Thread.java:748)
2) test136(org.joda.time.MutableDateTime_ESTest)
org.joda.time.IllegalFieldValueException: Value -1078 for secondOfMinute must be in the range [0,59]
	at org.joda.time.field.FieldUtils.verifyValueBounds(FieldUtils.java:234)
	at org.joda.time.field.PreciseDateTimeField.set(PreciseDateTimeField.java:112)
	at org.joda.time.chrono.ZonedChronology$ZonedDateTimeField.set(ZonedChronology.java:481)
	at org.joda.time.MutableDateTime.setSecondOfMinute(MutableDateTime.java:837)
	at org.joda.time.MutableDateTime_ESTest.test136(MutableDateTime_ESTest.java:1668)
	at sun.reflect.NativeMethodAccessorImpl.invoke0(Native Method)
	at sun.reflect.NativeMethodAccessorImpl.invoke(NativeMethodAccessorImpl.java:62)
	at sun.reflect.DelegatingMethodAccessorImpl.invoke(DelegatingMethodAccessorImpl.java:43)
	at java.lang.reflect.Method.invoke(Method.java:498)
	at org.junit.runners.model.FrameworkMethod$1.runReflectiveCall(FrameworkMethod.java:50)
	at org.junit.internal.runners.model.ReflectiveCallable.run(ReflectiveCallable.java:12)
	at org.junit.runners.model.FrameworkMethod.invokeExplosively(FrameworkMethod.java:47)
	at org.junit.internal.runners.statements.InvokeMethod.evaluate(InvokeMethod.java:17)
	at org.junit.internal.runners.statements.FailOnTimeout$CallableStatement.call(FailOnTimeout.java:298)
	at org.junit.internal.runners.statements.FailOnTimeout$CallableStatement.call(FailOnTimeout.java:292)
	at java.util.concurrent.FutureTask.run(FutureTask.java:266)
	at java.lang.Thread.run(Thread.java:748)
3) test140(org.joda.time.MutableDateTime_ESTest)
org.joda.time.IllegalFieldValueException: Value 3955 for monthOfYear must be in the range [1,12]
	at org.joda.time.field.FieldUtils.verifyValueBounds(FieldUtils.java:252)
	at org.joda.time.chrono.BasicChronology.getDateMidnightMillis(BasicChronology.java:612)
	at org.joda.time.chrono.BasicChronology.getDateTimeMillis(BasicChronology.java:159)
	at org.joda.time.chrono.GregorianChronology.getDateTimeMillis(GregorianChronology.java:45)
	at org.joda.time.chrono.AssembledChronology.getDateTimeMillis(AssembledChronology.java:120)
	at org.joda.time.chrono.ZonedChronology.getDateTimeMillis(ZonedChronology.java:109)
	at org.joda.time.chrono.AssembledChronology.getDateTimeMillis(AssembledChronology.java:120)
	at org.joda.time.MutableDateTime.setDate(MutableDateTime.java:932)
	at org.joda.time.MutableDateTime_ESTest.test140(MutableDateTime_ESTest.java:1715)
	at sun.reflect.NativeMethodAccessorImpl.invoke0(Native Method)
	at sun.reflect.NativeMethodAccessorImpl.invoke(NativeMethodAccessorImpl.java:62)
	at sun.reflect.DelegatingMethodAccessorImpl.invoke(DelegatingMethodAccessorImpl.java:43)
	at java.lang.reflect.Method.invoke(Method.java:498)
	at org.junit.runners.model.FrameworkMethod$1.runReflectiveCall(FrameworkMethod.java:50)
	at org.junit.internal.runners.model.ReflectiveCallable.run(ReflectiveCallable.java:12)
	at org.junit.runners.model.FrameworkMethod.invokeExplosively(FrameworkMethod.java:47)
	at org.junit.internal.runners.statements.InvokeMethod.evaluate(InvokeMethod.java:17)
	at org.junit.internal.runners.statements.FailOnTimeout$CallableStatement.call(FailOnTimeout.java:298)
	at org.junit.internal.runners.statements.FailOnTimeout$CallableStatement.call(FailOnTimeout.java:292)
	at java.util.concurrent.FutureTask.run(FutureTask.java:266)
	at java.lang.Thread.run(Thread.java:748)
4) test144(org.joda.time.MutableDateTime_ESTest)
IllegalArgumentException: The instant is below the supported minimum of 0001-01-01T00:00:00.000Z (BuddhistChronology[Etc/UTC])
	at org.joda.time.chrono.LimitChronology.checkLimits(LimitChronology.java:286)
	at org.joda.time.chrono.LimitChronology$LimitDateTimeField.roundHalfEven(LimitChronology.java:574)
	at org.joda.time.MutableDateTime.setMillis(MutableDateTime.java:470)
	at org.joda.time.MutableDateTime.setRounding(MutableDateTime.java:441)
	at org.joda.time.MutableDateTime_ESTest.test144(MutableDateTime_ESTest.java:1757)
	at sun.reflect.NativeMethodAccessorImpl.invoke0(Native Method)
	at sun.reflect.NativeMethodAccessorImpl.invoke(NativeMethodAccessorImpl.java:62)
	at sun.reflect.DelegatingMethodAccessorImpl.invoke(DelegatingMethodAccessorImpl.java:43)
	at java.lang.reflect.Method.invoke(Method.java:498)
	at org.junit.runners.model.FrameworkMethod$1.runReflectiveCall(FrameworkMethod.java:50)
	at org.junit.internal.runners.model.ReflectiveCallable.run(ReflectiveCallable.java:12)
	at org.junit.runners.model.FrameworkMethod.invokeExplosively(FrameworkMethod.java:47)
	at org.junit.internal.runners.statements.InvokeMethod.evaluate(InvokeMethod.java:17)
	at org.junit.internal.runners.statements.FailOnTimeout$CallableStatement.call(FailOnTimeout.java:298)
	at org.junit.internal.runners.statements.FailOnTimeout$CallableStatement.call(FailOnTimeout.java:292)
	at java.util.concurrent.FutureTask.run(FutureTask.java:266)
	at java.lang.Thread.run(Thread.java:748)
5) test150(org.joda.time.MutableDateTime_ESTest)
org.joda.time.IllegalFieldValueException: Value -867 for secondOfMinute must be in the range [0,59]
	at org.joda.time.field.FieldUtils.verifyValueBounds(FieldUtils.java:234)
	at org.joda.time.field.PreciseDateTimeField.set(PreciseDateTimeField.java:112)
	at org.joda.time.chrono.BaseChronology.getDateTimeMillis(BaseChronology.java:165)
	at org.joda.time.chrono.AssembledChronology.getDateTimeMillis(AssembledChronology.java:151)
	at org.joda.time.chrono.AssembledChronology.getDateTimeMillis(AssembledChronology.java:148)
	at org.joda.time.chrono.ZonedChronology.getDateTimeMillis(ZonedChronology.java:128)
	at org.joda.time.chrono.AssembledChronology.getDateTimeMillis(AssembledChronology.java:148)
	at org.joda.time.MutableDateTime.setTime(MutableDateTime.java:981)
	at org.joda.time.MutableDateTime_ESTest.test150(MutableDateTime_ESTest.java:1813)
	at sun.reflect.NativeMethodAccessorImpl.invoke0(Native Method)
	at sun.reflect.NativeMethodAccessorImpl.invoke(NativeMethodAccessorImpl.java:62)
	at sun.reflect.DelegatingMethodAccessorImpl.invoke(DelegatingMethodAccessorImpl.java:43)
	at java.lang.reflect.Method.invoke(Method.java:498)
	at org.junit.runners.model.FrameworkMethod$1.runReflectiveCall(FrameworkMethod.java:50)
	at org.junit.internal.runners.model.ReflectiveCallable.run(ReflectiveCallable.java:12)
	at org.junit.runners.model.FrameworkMethod.invokeExplosively(FrameworkMethod.java:47)
	at org.junit.internal.runners.statements.InvokeMethod.evaluate(InvokeMethod.java:17)
	at org.junit.internal.runners.statements.FailOnTimeout$CallableStatement.call(FailOnTimeout.java:298)
	at org.junit.internal.runners.statements.FailOnTimeout$CallableStatement.call(FailOnTimeout.java:292)
	at java.util.concurrent.FutureTask.run(FutureTask.java:266)
	at java.lang.Thread.run(Thread.java:748)
6) test034(org.joda.time.MutableDateTime_ESTest)
IllegalArgumentException: The resulting instant is below the supported minimum of 0001-01-01T00:00:00.000Z (BuddhistChronology[Etc/UTC])
	at org.joda.time.chrono.LimitChronology.checkLimits(LimitChronology.java:286)
	at org.joda.time.chrono.LimitChronology$LimitDateTimeField.set(LimitChronology.java:512)
	at org.joda.time.MutableDateTime.setYear(MutableDateTime.java:650)
	at org.joda.time.MutableDateTime_ESTest.test034(MutableDateTime_ESTest.java:386)
	at sun.reflect.NativeMethodAccessorImpl.invoke0(Native Method)
	at sun.reflect.NativeMethodAccessorImpl.invoke(NativeMethodAccessorImpl.java:62)
	at sun.reflect.DelegatingMethodAccessorImpl.invoke(DelegatingMethodAccessorImpl.java:43)
	at java.lang.reflect.Method.invoke(Method.java:498)
	at org.junit.runners.model.FrameworkMethod$1.runReflectiveCall(FrameworkMethod.java:50)
	at org.junit.internal.runners.model.ReflectiveCallable.run(ReflectiveCallable.java:12)
	at org.junit.runners.model.FrameworkMethod.invokeExplosively(FrameworkMethod.java:47)
	at org.junit.internal.runners.statements.InvokeMethod.evaluate(InvokeMethod.java:17)
	at org.junit.internal.runners.statements.FailOnTimeout$CallableStatement.call(FailOnTimeout.java:298)
	at org.junit.internal.runners.statements.FailOnTimeout$CallableStatement.call(FailOnTimeout.java:292)
	at java.util.concurrent.FutureTask.run(FutureTask.java:266)
	at java.lang.Thread.run(Thread.java:748)
7) test154(org.joda.time.MutableDateTime_ESTest)
org.evosuite.runtime.mock.java.lang.MockIllegalArgumentException: No instant converter found for type: java.lang.Object
	at org.joda.time.convert.ConverterManager.getInstantConverter(ConverterManager.java:165)
	at org.joda.time.base.BaseDateTime.<init>(BaseDateTime.java:169)
	at org.joda.time.MutableDateTime.<init>(MutableDateTime.java:257)
	at org.joda.time.MutableDateTime_ESTest.test154(MutableDateTime_ESTest.java:1851)
	at sun.reflect.NativeMethodAccessorImpl.invoke0(Native Method)
	at sun.reflect.NativeMethodAccessorImpl.invoke(NativeMethodAccessorImpl.java:62)
	at sun.reflect.DelegatingMethodAccessorImpl.invoke(DelegatingMethodAccessorImpl.java:43)
	at java.lang.reflect.Method.invoke(Method.java:498)
	at org.junit.runners.model.FrameworkMethod$1.runReflectiveCall(FrameworkMethod.java:50)
	at org.junit.internal.runners.model.ReflectiveCallable.run(ReflectiveCallable.java:12)
	at org.junit.runners.model.FrameworkMethod.invokeExplosively(FrameworkMethod.java:47)
	at org.junit.internal.runners.statements.InvokeMethod.evaluate(InvokeMethod.java:17)
	at org.junit.internal.runners.statements.FailOnTimeout$CallableStatement.call(FailOnTimeout.java:298)
	at org.junit.internal.runners.statements.FailOnTimeout$CallableStatement.call(FailOnTimeout.java:292)
	at java.util.concurrent.FutureTask.run(FutureTask.java:266)
	at java.lang.Thread.run(Thread.java:748)
8) test038(org.joda.time.MutableDateTime_ESTest)
org.joda.time.IllegalFieldValueException: Value -14 for secondOfDay must be in the range [0,86399]
	at org.joda.time.field.FieldUtils.verifyValueBounds(FieldUtils.java:234)
	at org.joda.time.field.PreciseDateTimeField.set(PreciseDateTimeField.java:112)
	at org.joda.time.chrono.ZonedChronology$ZonedDateTimeField.set(ZonedChronology.java:481)
	at org.joda.time.MutableDateTime.setSecondOfDay(MutableDateTime.java:827)
	at org.joda.time.MutableDateTime_ESTest.test038(MutableDateTime_ESTest.java:455)
	at sun.reflect.NativeMethodAccessorImpl.invoke0(Native Method)
	at sun.reflect.NativeMethodAccessorImpl.invoke(NativeMethodAccessorImpl.java:62)
	at sun.reflect.DelegatingMethodAccessorImpl.invoke(DelegatingMethodAccessorImpl.java:43)
	at java.lang.reflect.Method.invoke(Method.java:498)
	at org.junit.runners.model.FrameworkMethod$1.runReflectiveCall(FrameworkMethod.java:50)
	at org.junit.internal.runners.model.ReflectiveCallable.run(ReflectiveCallable.java:12)
	at org.junit.runners.model.FrameworkMethod.invokeExplosively(FrameworkMethod.java:47)
	at org.junit.internal.runners.statements.InvokeMethod.evaluate(InvokeMethod.java:17)
	at org.junit.internal.runners.statements.FailOnTimeout$CallableStatement.call(FailOnTimeout.java:298)
	at org.junit.internal.runners.statements.FailOnTimeout$CallableStatement.call(FailOnTimeout.java:292)
	at java.util.concurrent.FutureTask.run(FutureTask.java:266)
	at java.lang.Thread.run(Thread.java:748)
9) test037(org.joda.time.MutableDateTime_ESTest)
org.evosuite.runtime.mock.java.lang.MockArithmeticException: Adding time zone offset caused overflow
	at org.joda.time.DateTimeZone.convertUTCToLocal(DateTimeZone.java:953)
	at org.joda.time.DateTimeZone.getMillisKeepLocal(DateTimeZone.java:1057)
	at org.joda.time.MutableDateTime.setTime(MutableDateTime.java:961)
	at org.joda.time.MutableDateTime_ESTest.test037(MutableDateTime_ESTest.java:439)
	at sun.reflect.NativeMethodAccessorImpl.invoke0(Native Method)
	at sun.reflect.NativeMethodAccessorImpl.invoke(NativeMethodAccessorImpl.java:62)
	at sun.reflect.DelegatingMethodAccessorImpl.invoke(DelegatingMethodAccessorImpl.java:43)
	at java.lang.reflect.Method.invoke(Method.java:498)
	at org.junit.runners.model.FrameworkMethod$1.runReflectiveCall(FrameworkMethod.java:50)
	at org.junit.internal.runners.model.ReflectiveCallable.run(ReflectiveCallable.java:12)
	at org.junit.runners.model.FrameworkMethod.invokeExplosively(FrameworkMethod.java:47)
	at org.junit.internal.runners.statements.InvokeMethod.evaluate(InvokeMethod.java:17)
	at org.junit.internal.runners.statements.FailOnTimeout$CallableStatement.call(FailOnTimeout.java:298)
	at org.junit.internal.runners.statements.FailOnTimeout$CallableStatement.call(FailOnTimeout.java:292)
	at java.util.concurrent.FutureTask.run(FutureTask.java:266)
	at java.lang.Thread.run(Thread.java:748)
10) test158(org.joda.time.MutableDateTime_ESTest)
org.evosuite.runtime.mock.java.lang.MockArithmeticException: Adding time zone offset caused overflow
	at org.joda.time.chrono.ZonedChronology$ZonedDateTimeField.getOffsetToAdd(ZonedChronology.java:611)
	at org.joda.time.chrono.ZonedChronology$ZonedDateTimeField.roundFloor(ZonedChronology.java:537)
	at org.joda.time.chrono.LimitChronology$LimitDateTimeField.roundFloor(LimitChronology.java:547)
	at org.joda.time.MutableDateTime.setMillis(MutableDateTime.java:458)
	at org.joda.time.MutableDateTime_ESTest.test158(MutableDateTime_ESTest.java:1894)
	at sun.reflect.NativeMethodAccessorImpl.invoke0(Native Method)
	at sun.reflect.NativeMethodAccessorImpl.invoke(NativeMethodAccessorImpl.java:62)
	at sun.reflect.DelegatingMethodAccessorImpl.invoke(DelegatingMethodAccessorImpl.java:43)
	at java.lang.reflect.Method.invoke(Method.java:498)
	at org.junit.runners.model.FrameworkMethod$1.runReflectiveCall(FrameworkMethod.java:50)
	at org.junit.internal.runners.model.ReflectiveCallable.run(ReflectiveCallable.java:12)
	at org.junit.runners.model.FrameworkMethod.invokeExplosively(FrameworkMethod.java:47)
	at org.junit.internal.runners.statements.InvokeMethod.evaluate(InvokeMethod.java:17)
	at org.junit.internal.runners.statements.FailOnTimeout$CallableStatement.call(FailOnTimeout.java:298)
	at org.junit.internal.runners.statements.FailOnTimeout$CallableStatement.call(FailOnTimeout.java:292)
	at java.util.concurrent.FutureTask.run(FutureTask.java:266)
	at java.lang.Thread.run(Thread.java:748)
11) test036(org.joda.time.MutableDateTime_ESTest)
org.joda.time.IllegalFieldValueException: Value 0 for weekOfWeekyear must be in the range [1,52]
	at org.joda.time.field.FieldUtils.verifyValueBounds(FieldUtils.java:234)
	at org.joda.time.field.PreciseDurationDateTimeField.set(PreciseDurationDateTimeField.java:79)
	at org.joda.time.chrono.ZonedChronology$ZonedDateTimeField.set(ZonedChronology.java:481)
	at org.joda.time.MutableDateTime.setWeekOfWeekyear(MutableDateTime.java:713)
	at org.joda.time.MutableDateTime_ESTest.test036(MutableDateTime_ESTest.java:421)
	at sun.reflect.NativeMethodAccessorImpl.invoke0(Native Method)
	at sun.reflect.NativeMethodAccessorImpl.invoke(NativeMethodAccessorImpl.java:62)
	at sun.reflect.DelegatingMethodAccessorImpl.invoke(DelegatingMethodAccessorImpl.java:43)
	at java.lang.reflect.Method.invoke(Method.java:498)
	at org.junit.runners.model.FrameworkMethod$1.runReflectiveCall(FrameworkMethod.java:50)
	at org.junit.internal.runners.model.ReflectiveCallable.run(ReflectiveCallable.java:12)
	at org.junit.runners.model.FrameworkMethod.invokeExplosively(FrameworkMethod.java:47)
	at org.junit.internal.runners.statements.InvokeMethod.evaluate(InvokeMethod.java:17)
	at org.junit.internal.runners.statements.FailOnTimeout$CallableStatement.call(FailOnTimeout.java:298)
	at org.junit.internal.runners.statements.FailOnTimeout$CallableStatement.call(FailOnTimeout.java:292)
	at java.util.concurrent.FutureTask.run(FutureTask.java:266)
	at java.lang.Thread.run(Thread.java:748)
12) test035(org.joda.time.MutableDateTime_ESTest)
IllegalArgumentException: The resulting instant is below the supported minimum of 0001-01-01T00:00:00.000Z (IslamicChronology[UTC])
	at org.joda.time.chrono.LimitChronology.checkLimits(LimitChronology.java:286)
	at org.joda.time.chrono.LimitChronology$LimitDateTimeField.set(LimitChronology.java:512)
	at org.joda.time.chrono.ZonedChronology$ZonedDateTimeField.set(ZonedChronology.java:481)
	at org.joda.time.MutableDateTime.setWeekyear(MutableDateTime.java:671)
	at org.joda.time.MutableDateTime_ESTest.test035(MutableDateTime_ESTest.java:405)
	at sun.reflect.NativeMethodAccessorImpl.invoke0(Native Method)
	at sun.reflect.NativeMethodAccessorImpl.invoke(NativeMethodAccessorImpl.java:62)
	at sun.reflect.DelegatingMethodAccessorImpl.invoke(DelegatingMethodAccessorImpl.java:43)
	at java.lang.reflect.Method.invoke(Method.java:498)
	at org.junit.runners.model.FrameworkMethod$1.runReflectiveCall(FrameworkMethod.java:50)
	at org.junit.internal.runners.model.ReflectiveCallable.run(ReflectiveCallable.java:12)
	at org.junit.runners.model.FrameworkMethod.invokeExplosively(FrameworkMethod.java:47)
	at org.junit.internal.runners.statements.InvokeMethod.evaluate(InvokeMethod.java:17)
	at org.junit.internal.runners.statements.FailOnTimeout$CallableStatement.call(FailOnTimeout.java:298)
	at org.junit.internal.runners.statements.FailOnTimeout$CallableStatement.call(FailOnTimeout.java:292)
	at java.util.concurrent.FutureTask.run(FutureTask.java:266)
	at java.lang.Thread.run(Thread.java:748)
13) test039(org.joda.time.MutableDateTime_ESTest)
java.lang.UnsupportedOperationException: hourOfDay field is unsupported
	at org.joda.time.field.UnsupportedDateTimeField.unsupported(UnsupportedDateTimeField.java:544)
	at org.joda.time.field.UnsupportedDateTimeField.roundHalfFloor(UnsupportedDateTimeField.java:496)
	at org.joda.time.field.DelegatedDateTimeField.roundHalfFloor(DelegatedDateTimeField.java:277)
	at org.joda.time.MutableDateTime.setMillis(MutableDateTime.java:464)
	at org.joda.time.MutableDateTime.setRounding(MutableDateTime.java:441)
	at org.joda.time.MutableDateTime_ESTest.test039(MutableDateTime_ESTest.java:477)
	at sun.reflect.NativeMethodAccessorImpl.invoke0(Native Method)
	at sun.reflect.NativeMethodAccessorImpl.invoke(NativeMethodAccessorImpl.java:62)
	at sun.reflect.DelegatingMethodAccessorImpl.invoke(DelegatingMethodAccessorImpl.java:43)
	at java.lang.reflect.Method.invoke(Method.java:498)
	at org.junit.runners.model.FrameworkMethod$1.runReflectiveCall(FrameworkMethod.java:50)
	at org.junit.internal.runners.model.ReflectiveCallable.run(ReflectiveCallable.java:12)
	at org.junit.runners.model.FrameworkMethod.invokeExplosively(FrameworkMethod.java:47)
	at org.junit.internal.runners.statements.InvokeMethod.evaluate(InvokeMethod.java:17)
	at org.junit.internal.runners.statements.FailOnTimeout$CallableStatement.call(FailOnTimeout.java:298)
	at org.junit.internal.runners.statements.FailOnTimeout$CallableStatement.call(FailOnTimeout.java:292)
	at java.util.concurrent.FutureTask.run(FutureTask.java:266)
	at java.lang.Thread.run(Thread.java:748)
14) test041(org.joda.time.MutableDateTime_ESTest)
java.lang.UnsupportedOperationException: minuteOfHour field is unsupported
	at org.joda.time.field.UnsupportedDateTimeField.unsupported(UnsupportedDateTimeField.java:544)
	at org.joda.time.field.UnsupportedDateTimeField.roundFloor(UnsupportedDateTimeField.java:478)
	at org.joda.time.MutableDateTime.setMillis(MutableDateTime.java:458)
	at org.joda.time.MutableDateTime.setRounding(MutableDateTime.java:441)
	at org.joda.time.MutableDateTime.setRounding(MutableDateTime.java:418)
	at org.joda.time.MutableDateTime_ESTest.test041(MutableDateTime_ESTest.java:514)
	at sun.reflect.NativeMethodAccessorImpl.invoke0(Native Method)
	at sun.reflect.NativeMethodAccessorImpl.invoke(NativeMethodAccessorImpl.java:62)
	at sun.reflect.DelegatingMethodAccessorImpl.invoke(DelegatingMethodAccessorImpl.java:43)
	at java.lang.reflect.Method.invoke(Method.java:498)
	at org.junit.runners.model.FrameworkMethod$1.runReflectiveCall(FrameworkMethod.java:50)
	at org.junit.internal.runners.model.ReflectiveCallable.run(ReflectiveCallable.java:12)
	at org.junit.runners.model.FrameworkMethod.invokeExplosively(FrameworkMethod.java:47)
	at org.junit.internal.runners.statements.InvokeMethod.evaluate(InvokeMethod.java:17)
	at org.junit.internal.runners.statements.FailOnTimeout$CallableStatement.call(FailOnTimeout.java:298)
	at org.junit.internal.runners.statements.FailOnTimeout$CallableStatement.call(FailOnTimeout.java:292)
	at java.util.concurrent.FutureTask.run(FutureTask.java:266)
	at java.lang.Thread.run(Thread.java:748)
15) test040(org.joda.time.MutableDateTime_ESTest)
IllegalArgumentException: The resulting instant is below the supported minimum of 0001-01-01T00:00:00.000Z (BuddhistChronology[UTC])
	at org.joda.time.chrono.LimitChronology.checkLimits(LimitChronology.java:286)
	at org.joda.time.chrono.LimitChronology$LimitDateTimeField.roundFloor(LimitChronology.java:548)
	at org.joda.time.MutableDateTime.setMillis(MutableDateTime.java:458)
	at org.joda.time.MutableDateTime.setRounding(MutableDateTime.java:441)
	at org.joda.time.MutableDateTime.setRounding(MutableDateTime.java:418)
	at org.joda.time.MutableDateTime_ESTest.test040(MutableDateTime_ESTest.java:495)
	at sun.reflect.NativeMethodAccessorImpl.invoke0(Native Method)
	at sun.reflect.NativeMethodAccessorImpl.invoke(NativeMethodAccessorImpl.java:62)
	at sun.reflect.DelegatingMethodAccessorImpl.invoke(DelegatingMethodAccessorImpl.java:43)
	at java.lang.reflect.Method.invoke(Method.java:498)
	at org.junit.runners.model.FrameworkMethod$1.runReflectiveCall(FrameworkMethod.java:50)
	at org.junit.internal.runners.model.ReflectiveCallable.run(ReflectiveCallable.java:12)
	at org.junit.runners.model.FrameworkMethod.invokeExplosively(FrameworkMethod.java:47)
	at org.junit.internal.runners.statements.InvokeMethod.evaluate(InvokeMethod.java:17)
	at org.junit.internal.runners.statements.FailOnTimeout$CallableStatement.call(FailOnTimeout.java:298)
	at org.junit.internal.runners.statements.FailOnTimeout$CallableStatement.call(FailOnTimeout.java:292)
	at java.util.concurrent.FutureTask.run(FutureTask.java:266)
	at java.lang.Thread.run(Thread.java:748)
16) test160(org.joda.time.MutableDateTime_ESTest)
org.joda.time.IllegalFieldValueException: Value 1073743838 for weekyear must be in the range [-292275054,292278993]
	at org.joda.time.field.FieldUtils.verifyValueBounds(FieldUtils.java:234)
	at org.joda.time.chrono.BasicWeekyearDateTimeField.set(BasicWeekyearDateTimeField.java:129)
	at org.joda.time.chrono.BasicWeekyearDateTimeField.add(BasicWeekyearDateTimeField.java:76)
	at org.joda.time.field.ImpreciseDateTimeField$LinkedDurationField.add(ImpreciseDateTimeField.java:183)
	at org.joda.time.chrono.ZonedChronology$ZonedDurationField.add(ZonedChronology.java:316)
	at org.joda.time.MutableDateTime.addWeekyears(MutableDateTime.java:681)
	at org.joda.time.MutableDateTime_ESTest.test160(MutableDateTime_ESTest.java:1920)
	at sun.reflect.NativeMethodAccessorImpl.invoke0(Native Method)
	at sun.reflect.NativeMethodAccessorImpl.invoke(NativeMethodAccessorImpl.java:62)
	at sun.reflect.DelegatingMethodAccessorImpl.invoke(DelegatingMethodAccessorImpl.java:43)
	at java.lang.reflect.Method.invoke(Method.java:498)
	at org.junit.runners.model.FrameworkMethod$1.runReflectiveCall(FrameworkMethod.java:50)
	at org.junit.internal.runners.model.ReflectiveCallable.run(ReflectiveCallable.java:12)
	at org.junit.runners.model.FrameworkMethod.invokeExplosively(FrameworkMethod.java:47)
	at org.junit.internal.runners.statements.InvokeMethod.evaluate(InvokeMethod.java:17)
	at org.junit.internal.runners.statements.FailOnTimeout$CallableStatement.call(FailOnTimeout.java:298)
	at org.junit.internal.runners.statements.FailOnTimeout$CallableStatement.call(FailOnTimeout.java:292)
	at java.util.concurrent.FutureTask.run(FutureTask.java:266)
	at java.lang.Thread.run(Thread.java:748)
17) test045(org.joda.time.MutableDateTime_ESTest)
org.joda.time.IllegalFieldValueException: Value -869 for dayOfYear must be in the range [1,365]
	at org.joda.time.field.FieldUtils.verifyValueBounds(FieldUtils.java:234)
	at org.joda.time.field.PreciseDurationDateTimeField.set(PreciseDurationDateTimeField.java:79)
	at org.joda.time.chrono.ZonedChronology$ZonedDateTimeField.set(ZonedChronology.java:481)
	at org.joda.time.MutableDateTime.setDayOfYear(MutableDateTime.java:734)
	at org.joda.time.MutableDateTime_ESTest.test045(MutableDateTime_ESTest.java:578)
	at sun.reflect.NativeMethodAccessorImpl.invoke0(Native Method)
	at sun.reflect.NativeMethodAccessorImpl.invoke(NativeMethodAccessorImpl.java:62)
	at sun.reflect.DelegatingMethodAccessorImpl.invoke(DelegatingMethodAccessorImpl.java:43)
	at java.lang.reflect.Method.invoke(Method.java:498)
	at org.junit.runners.model.FrameworkMethod$1.runReflectiveCall(FrameworkMethod.java:50)
	at org.junit.internal.runners.model.ReflectiveCallable.run(ReflectiveCallable.java:12)
	at org.junit.runners.model.FrameworkMethod.invokeExplosively(FrameworkMethod.java:47)
	at org.junit.internal.runners.statements.InvokeMethod.evaluate(InvokeMethod.java:17)
	at org.junit.internal.runners.statements.FailOnTimeout$CallableStatement.call(FailOnTimeout.java:298)
	at org.junit.internal.runners.statements.FailOnTimeout$CallableStatement.call(FailOnTimeout.java:292)
	at java.util.concurrent.FutureTask.run(FutureTask.java:266)
	at java.lang.Thread.run(Thread.java:748)
18) test044(org.joda.time.MutableDateTime_ESTest)
org.joda.time.IllegalFieldValueException: Value -2147483648 for millisOfSecond must be in the range [0,999]
	at org.joda.time.field.FieldUtils.verifyValueBounds(FieldUtils.java:234)
	at org.joda.time.field.PreciseDateTimeField.set(PreciseDateTimeField.java:112)
	at org.joda.time.chrono.ZonedChronology$ZonedDateTimeField.set(ZonedChronology.java:481)
	at org.joda.time.MutableDateTime.setMillisOfSecond(MutableDateTime.java:868)
	at org.joda.time.MutableDateTime_ESTest.test044(MutableDateTime_ESTest.java:562)
	at sun.reflect.NativeMethodAccessorImpl.invoke0(Native Method)
	at sun.reflect.NativeMethodAccessorImpl.invoke(NativeMethodAccessorImpl.java:62)
	at sun.reflect.DelegatingMethodAccessorImpl.invoke(DelegatingMethodAccessorImpl.java:43)
	at java.lang.reflect.Method.invoke(Method.java:498)
	at org.junit.runners.model.FrameworkMethod$1.runReflectiveCall(FrameworkMethod.java:50)
	at org.junit.internal.runners.model.ReflectiveCallable.run(ReflectiveCallable.java:12)
	at org.junit.runners.model.FrameworkMethod.invokeExplosively(FrameworkMethod.java:47)
	at org.junit.internal.runners.statements.InvokeMethod.evaluate(InvokeMethod.java:17)
	at org.junit.internal.runners.statements.FailOnTimeout$CallableStatement.call(FailOnTimeout.java:298)
	at org.junit.internal.runners.statements.FailOnTimeout$CallableStatement.call(FailOnTimeout.java:292)
	at java.util.concurrent.FutureTask.run(FutureTask.java:266)
	at java.lang.Thread.run(Thread.java:748)
19) test043(org.joda.time.MutableDateTime_ESTest)
org.joda.time.IllegalFieldValueException: Value 519 for minuteOfHour must be in the range [0,59]
	at org.joda.time.field.FieldUtils.verifyValueBounds(FieldUtils.java:234)
	at org.joda.time.field.PreciseDateTimeField.set(PreciseDateTimeField.java:112)
	at org.joda.time.chrono.ZonedChronology$ZonedDateTimeField.set(ZonedChronology.java:481)
	at org.joda.time.MutableDateTime.setMinuteOfHour(MutableDateTime.java:806)
	at org.joda.time.MutableDateTime_ESTest.test043(MutableDateTime_ESTest.java:546)
	at sun.reflect.NativeMethodAccessorImpl.invoke0(Native Method)
	at sun.reflect.NativeMethodAccessorImpl.invoke(NativeMethodAccessorImpl.java:62)
	at sun.reflect.DelegatingMethodAccessorImpl.invoke(DelegatingMethodAccessorImpl.java:43)
	at java.lang.reflect.Method.invoke(Method.java:498)
	at org.junit.runners.model.FrameworkMethod$1.runReflectiveCall(FrameworkMethod.java:50)
	at org.junit.internal.runners.model.ReflectiveCallable.run(ReflectiveCallable.java:12)
	at org.junit.runners.model.FrameworkMethod.invokeExplosively(FrameworkMethod.java:47)
	at org.junit.internal.runners.statements.InvokeMethod.evaluate(InvokeMethod.java:17)
	at org.junit.internal.runners.statements.FailOnTimeout$CallableStatement.call(FailOnTimeout.java:298)
	at org.junit.internal.runners.statements.FailOnTimeout$CallableStatement.call(FailOnTimeout.java:292)
	at java.util.concurrent.FutureTask.run(FutureTask.java:266)
	at java.lang.Thread.run(Thread.java:748)
20) test042(org.joda.time.MutableDateTime_ESTest)
org.joda.time.IllegalFieldValueException: Value 1912 for monthOfYear must be in the range [1,12]
	at org.joda.time.field.FieldUtils.verifyValueBounds(FieldUtils.java:234)
	at org.joda.time.chrono.BasicMonthOfYearDateTimeField.set(BasicMonthOfYearDateTimeField.java:299)
	at org.joda.time.chrono.ZonedChronology$ZonedDateTimeField.set(ZonedChronology.java:481)
	at org.joda.time.MutableDateTime.setMonthOfYear(MutableDateTime.java:692)
	at org.joda.time.MutableDateTime_ESTest.test042(MutableDateTime_ESTest.java:530)
	at sun.reflect.NativeMethodAccessorImpl.invoke0(Native Method)
	at sun.reflect.NativeMethodAccessorImpl.invoke(NativeMethodAccessorImpl.java:62)
	at sun.reflect.DelegatingMethodAccessorImpl.invoke(DelegatingMethodAccessorImpl.java:43)
	at java.lang.reflect.Method.invoke(Method.java:498)
	at org.junit.runners.model.FrameworkMethod$1.runReflectiveCall(FrameworkMethod.java:50)
	at org.junit.internal.runners.model.ReflectiveCallable.run(ReflectiveCallable.java:12)
	at org.junit.runners.model.FrameworkMethod.invokeExplosively(FrameworkMethod.java:47)
	at org.junit.internal.runners.statements.InvokeMethod.evaluate(InvokeMethod.java:17)
	at org.junit.internal.runners.statements.FailOnTimeout$CallableStatement.call(FailOnTimeout.java:298)
	at org.junit.internal.runners.statements.FailOnTimeout$CallableStatement.call(FailOnTimeout.java:292)
	at java.util.concurrent.FutureTask.run(FutureTask.java:266)
	at java.lang.Thread.run(Thread.java:748)
21) test049(org.joda.time.MutableDateTime_ESTest)
org.evosuite.runtime.mock.java.lang.MockArithmeticException: Adding time zone offset caused overflow
	at org.joda.time.DateTimeZone.convertUTCToLocal(DateTimeZone.java:953)
	at org.joda.time.DateTimeZone.getMillisKeepLocal(DateTimeZone.java:1057)
	at org.joda.time.MutableDateTime.setDate(MutableDateTime.java:912)
	at org.joda.time.MutableDateTime_ESTest.test049(MutableDateTime_ESTest.java:651)
	at sun.reflect.NativeMethodAccessorImpl.invoke0(Native Method)
	at sun.reflect.NativeMethodAccessorImpl.invoke(NativeMethodAccessorImpl.java:62)
	at sun.reflect.DelegatingMethodAccessorImpl.invoke(DelegatingMethodAccessorImpl.java:43)
	at java.lang.reflect.Method.invoke(Method.java:498)
	at org.junit.runners.model.FrameworkMethod$1.runReflectiveCall(FrameworkMethod.java:50)
	at org.junit.internal.runners.model.ReflectiveCallable.run(ReflectiveCallable.java:12)
	at org.junit.runners.model.FrameworkMethod.invokeExplosively(FrameworkMethod.java:47)
	at org.junit.internal.runners.statements.InvokeMethod.evaluate(InvokeMethod.java:17)
	at org.junit.internal.runners.statements.FailOnTimeout$CallableStatement.call(FailOnTimeout.java:298)
	at org.junit.internal.runners.statements.FailOnTimeout$CallableStatement.call(FailOnTimeout.java:292)
	at java.util.concurrent.FutureTask.run(FutureTask.java:266)
	at java.lang.Thread.run(Thread.java:748)
22) test048(org.joda.time.MutableDateTime_ESTest)
IllegalArgumentException: The instant is below the supported minimum of 0001-01-01T00:00:00.000Z (BuddhistChronology[UTC])
	at org.joda.time.chrono.LimitChronology.checkLimits(LimitChronology.java:286)
	at org.joda.time.chrono.LimitChronology$LimitDateTimeField.roundFloor(LimitChronology.java:546)
	at org.joda.time.MutableDateTime.setMillis(MutableDateTime.java:458)
	at org.joda.time.MutableDateTime.setDate(MutableDateTime.java:892)
	at org.joda.time.MutableDateTime.setDate(MutableDateTime.java:915)
	at org.joda.time.MutableDateTime_ESTest.test048(MutableDateTime_ESTest.java:633)
	at sun.reflect.NativeMethodAccessorImpl.invoke0(Native Method)
	at sun.reflect.NativeMethodAccessorImpl.invoke(NativeMethodAccessorImpl.java:62)
	at sun.reflect.DelegatingMethodAccessorImpl.invoke(DelegatingMethodAccessorImpl.java:43)
	at java.lang.reflect.Method.invoke(Method.java:498)
	at org.junit.runners.model.FrameworkMethod$1.runReflectiveCall(FrameworkMethod.java:50)
	at org.junit.internal.runners.model.ReflectiveCallable.run(ReflectiveCallable.java:12)
	at org.junit.runners.model.FrameworkMethod.invokeExplosively(FrameworkMethod.java:47)
	at org.junit.internal.runners.statements.InvokeMethod.evaluate(InvokeMethod.java:17)
	at org.junit.internal.runners.statements.FailOnTimeout$CallableStatement.call(FailOnTimeout.java:298)
	at org.junit.internal.runners.statements.FailOnTimeout$CallableStatement.call(FailOnTimeout.java:292)
	at java.util.concurrent.FutureTask.run(FutureTask.java:266)
	at java.lang.Thread.run(Thread.java:748)
23) test047(org.joda.time.MutableDateTime_ESTest)
org.joda.time.IllegalFieldValueException: Value 0 for dayOfMonth must be in the range [1,31]
	at org.joda.time.field.FieldUtils.verifyValueBounds(FieldUtils.java:234)
	at org.joda.time.field.PreciseDurationDateTimeField.set(PreciseDurationDateTimeField.java:79)
	at org.joda.time.chrono.ZonedChronology$ZonedDateTimeField.set(ZonedChronology.java:481)
	at org.joda.time.MutableDateTime.setDayOfMonth(MutableDateTime.java:744)
	at org.joda.time.MutableDateTime_ESTest.test047(MutableDateTime_ESTest.java:611)
	at sun.reflect.NativeMethodAccessorImpl.invoke0(Native Method)
	at sun.reflect.NativeMethodAccessorImpl.invoke(NativeMethodAccessorImpl.java:62)
	at sun.reflect.DelegatingMethodAccessorImpl.invoke(DelegatingMethodAccessorImpl.java:43)
	at java.lang.reflect.Method.invoke(Method.java:498)
	at org.junit.runners.model.FrameworkMethod$1.runReflectiveCall(FrameworkMethod.java:50)
	at org.junit.internal.runners.model.ReflectiveCallable.run(ReflectiveCallable.java:12)
	at org.junit.runners.model.FrameworkMethod.invokeExplosively(FrameworkMethod.java:47)
	at org.junit.internal.runners.statements.InvokeMethod.evaluate(InvokeMethod.java:17)
	at org.junit.internal.runners.statements.FailOnTimeout$CallableStatement.call(FailOnTimeout.java:298)
	at org.junit.internal.runners.statements.FailOnTimeout$CallableStatement.call(FailOnTimeout.java:292)
	at java.util.concurrent.FutureTask.run(FutureTask.java:266)
	at java.lang.Thread.run(Thread.java:748)
24) test046(org.joda.time.MutableDateTime_ESTest)
org.joda.time.IllegalFieldValueException: Value 7593750 for dayOfWeek must be in the range [1,7]
	at org.joda.time.field.FieldUtils.verifyValueBounds(FieldUtils.java:234)
	at org.joda.time.field.PreciseDurationDateTimeField.set(PreciseDurationDateTimeField.java:79)
	at org.joda.time.chrono.ZonedChronology$ZonedDateTimeField.set(ZonedChronology.java:481)
	at org.joda.time.MutableDateTime.setDayOfWeek(MutableDateTime.java:754)
	at org.joda.time.MutableDateTime_ESTest.test046(MutableDateTime_ESTest.java:595)
	at sun.reflect.NativeMethodAccessorImpl.invoke0(Native Method)
	at sun.reflect.NativeMethodAccessorImpl.invoke(NativeMethodAccessorImpl.java:62)
	at sun.reflect.DelegatingMethodAccessorImpl.invoke(DelegatingMethodAccessorImpl.java:43)
	at java.lang.reflect.Method.invoke(Method.java:498)
	at org.junit.runners.model.FrameworkMethod$1.runReflectiveCall(FrameworkMethod.java:50)
	at org.junit.internal.runners.model.ReflectiveCallable.run(ReflectiveCallable.java:12)
	at org.junit.runners.model.FrameworkMethod.invokeExplosively(FrameworkMethod.java:47)
	at org.junit.internal.runners.statements.InvokeMethod.evaluate(InvokeMethod.java:17)
	at org.junit.internal.runners.statements.FailOnTimeout$CallableStatement.call(FailOnTimeout.java:298)
	at org.junit.internal.runners.statements.FailOnTimeout$CallableStatement.call(FailOnTimeout.java:292)
	at java.util.concurrent.FutureTask.run(FutureTask.java:266)
	at java.lang.Thread.run(Thread.java:748)
25) test052(org.joda.time.MutableDateTime_ESTest)
java.lang.UnsupportedOperationException: Parsing not supported
	at org.joda.time.format.DateTimeFormatter.requireParser(DateTimeFormatter.java:938)
	at org.joda.time.format.DateTimeFormatter.parseDateTime(DateTimeFormatter.java:858)
	at org.joda.time.MutableDateTime.parse(MutableDateTime.java:161)
	at org.joda.time.MutableDateTime_ESTest.test052(MutableDateTime_ESTest.java:701)
	at sun.reflect.NativeMethodAccessorImpl.invoke0(Native Method)
	at sun.reflect.NativeMethodAccessorImpl.invoke(NativeMethodAccessorImpl.java:62)
	at sun.reflect.DelegatingMethodAccessorImpl.invoke(DelegatingMethodAccessorImpl.java:43)
	at java.lang.reflect.Method.invoke(Method.java:498)
	at org.junit.runners.model.FrameworkMethod$1.runReflectiveCall(FrameworkMethod.java:50)
	at org.junit.internal.runners.model.ReflectiveCallable.run(ReflectiveCallable.java:12)
	at org.junit.runners.model.FrameworkMethod.invokeExplosively(FrameworkMethod.java:47)
	at org.junit.internal.runners.statements.InvokeMethod.evaluate(InvokeMethod.java:17)
	at org.junit.internal.runners.statements.FailOnTimeout$CallableStatement.call(FailOnTimeout.java:298)
	at org.junit.internal.runners.statements.FailOnTimeout$CallableStatement.call(FailOnTimeout.java:292)
	at java.util.concurrent.FutureTask.run(FutureTask.java:266)
	at java.lang.Thread.run(Thread.java:748)
26) test051(org.joda.time.MutableDateTime_ESTest)
org.joda.time.IllegalFieldValueException: Value 3921 for yearOfCentury must be in the range [1,100]
	at org.joda.time.field.FieldUtils.verifyValueBounds(FieldUtils.java:234)
	at org.joda.time.field.OffsetDateTimeField.set(OffsetDateTimeField.java:153)
	at org.joda.time.chrono.LimitChronology$LimitDateTimeField.set(LimitChronology.java:511)
	at org.joda.time.chrono.ZonedChronology$ZonedDateTimeField.set(ZonedChronology.java:481)
	at org.joda.time.MutableDateTime.set(MutableDateTime.java:624)
	at org.joda.time.MutableDateTime_ESTest.test051(MutableDateTime_ESTest.java:685)
	at sun.reflect.NativeMethodAccessorImpl.invoke0(Native Method)
	at sun.reflect.NativeMethodAccessorImpl.invoke(NativeMethodAccessorImpl.java:62)
	at sun.reflect.DelegatingMethodAccessorImpl.invoke(DelegatingMethodAccessorImpl.java:43)
	at java.lang.reflect.Method.invoke(Method.java:498)
	at org.junit.runners.model.FrameworkMethod$1.runReflectiveCall(FrameworkMethod.java:50)
	at org.junit.internal.runners.model.ReflectiveCallable.run(ReflectiveCallable.java:12)
	at org.junit.runners.model.FrameworkMethod.invokeExplosively(FrameworkMethod.java:47)
	at org.junit.internal.runners.statements.InvokeMethod.evaluate(InvokeMethod.java:17)
	at org.junit.internal.runners.statements.FailOnTimeout$CallableStatement.call(FailOnTimeout.java:298)
	at org.junit.internal.runners.statements.FailOnTimeout$CallableStatement.call(FailOnTimeout.java:292)
	at java.util.concurrent.FutureTask.run(FutureTask.java:266)
	at java.lang.Thread.run(Thread.java:748)
27) test050(org.joda.time.MutableDateTime_ESTest)
org.joda.time.IllegalFieldValueException: Value 73281320 for millisOfDay is not supported: Illegal instant due to time zone offset transition (daylight savings time 'gap'): -292275055-05-17T05:55:29.704 (Etc/UTC)
	at org.joda.time.chrono.ZonedChronology$ZonedDateTimeField.set(ZonedChronology.java:485)
	at org.joda.time.MutableDateTime.setDate(MutableDateTime.java:892)
	at org.joda.time.MutableDateTime_ESTest.test050(MutableDateTime_ESTest.java:667)
	at sun.reflect.NativeMethodAccessorImpl.invoke0(Native Method)
	at sun.reflect.NativeMethodAccessorImpl.invoke(NativeMethodAccessorImpl.java:62)
	at sun.reflect.DelegatingMethodAccessorImpl.invoke(DelegatingMethodAccessorImpl.java:43)
	at java.lang.reflect.Method.invoke(Method.java:498)
	at org.junit.runners.model.FrameworkMethod$1.runReflectiveCall(FrameworkMethod.java:50)
	at org.junit.internal.runners.model.ReflectiveCallable.run(ReflectiveCallable.java:12)
	at org.junit.runners.model.FrameworkMethod.invokeExplosively(FrameworkMethod.java:47)
	at org.junit.internal.runners.statements.InvokeMethod.evaluate(InvokeMethod.java:17)
	at org.junit.internal.runners.statements.FailOnTimeout$CallableStatement.call(FailOnTimeout.java:298)
	at org.junit.internal.runners.statements.FailOnTimeout$CallableStatement.call(FailOnTimeout.java:292)
	at java.util.concurrent.FutureTask.run(FutureTask.java:266)
	at java.lang.Thread.run(Thread.java:748)
28) test056(org.joda.time.MutableDateTime_ESTest)
org.joda.time.IllegalFieldValueException: Value 317353891 for year must be in the range [-292275054,292278993]
	at org.joda.time.field.FieldUtils.verifyValueBounds(FieldUtils.java:234)
	at org.joda.time.chrono.BasicYearDateTimeField.set(BasicYearDateTimeField.java:83)
	at org.joda.time.chrono.BasicYearDateTimeField.add(BasicYearDateTimeField.java:64)
	at org.joda.time.chrono.GJChronology$ImpreciseCutoverField.add(GJChronology.java:1007)
	at org.joda.time.chrono.GJChronology$LinkedDurationField.add(GJChronology.java:1153)
	at org.joda.time.chrono.ZonedChronology$ZonedDurationField.add(ZonedChronology.java:316)
	at org.joda.time.chrono.LimitChronology$LimitDurationField.add(LimitChronology.java:417)
	at org.joda.time.MutableDateTime.addYears(MutableDateTime.java:660)
	at org.joda.time.MutableDateTime_ESTest.test056(MutableDateTime_ESTest.java:763)
	at sun.reflect.NativeMethodAccessorImpl.invoke0(Native Method)
	at sun.reflect.NativeMethodAccessorImpl.invoke(NativeMethodAccessorImpl.java:62)
	at sun.reflect.DelegatingMethodAccessorImpl.invoke(DelegatingMethodAccessorImpl.java:43)
	at java.lang.reflect.Method.invoke(Method.java:498)
	at org.junit.runners.model.FrameworkMethod$1.runReflectiveCall(FrameworkMethod.java:50)
	at org.junit.internal.runners.model.ReflectiveCallable.run(ReflectiveCallable.java:12)
	at org.junit.runners.model.FrameworkMethod.invokeExplosively(FrameworkMethod.java:47)
	at org.junit.internal.runners.statements.InvokeMethod.evaluate(InvokeMethod.java:17)
	at org.junit.internal.runners.statements.FailOnTimeout$CallableStatement.call(FailOnTimeout.java:298)
	at org.junit.internal.runners.statements.FailOnTimeout$CallableStatement.call(FailOnTimeout.java:292)
	at java.util.concurrent.FutureTask.run(FutureTask.java:266)
	at java.lang.Thread.run(Thread.java:748)
29) test055(org.joda.time.MutableDateTime_ESTest)
org.evosuite.runtime.mock.java.lang.MockIllegalArgumentException: Invalid format: "G]iB3!OGt{&sp^9<@U`"
	at org.joda.time.format.DateTimeFormatter.parseDateTime(DateTimeFormatter.java:882)
	at org.joda.time.MutableDateTime.parse(MutableDateTime.java:161)
	at org.joda.time.MutableDateTime.parse(MutableDateTime.java:150)
	at org.joda.time.MutableDateTime_ESTest.test055(MutableDateTime_ESTest.java:746)
	at sun.reflect.NativeMethodAccessorImpl.invoke0(Native Method)
	at sun.reflect.NativeMethodAccessorImpl.invoke(NativeMethodAccessorImpl.java:62)
	at sun.reflect.DelegatingMethodAccessorImpl.invoke(DelegatingMethodAccessorImpl.java:43)
	at java.lang.reflect.Method.invoke(Method.java:498)
	at org.junit.runners.model.FrameworkMethod$1.runReflectiveCall(FrameworkMethod.java:50)
	at org.junit.internal.runners.model.ReflectiveCallable.run(ReflectiveCallable.java:12)
	at org.junit.runners.model.FrameworkMethod.invokeExplosively(FrameworkMethod.java:47)
	at org.junit.internal.runners.statements.InvokeMethod.evaluate(InvokeMethod.java:17)
	at org.junit.internal.runners.statements.FailOnTimeout$CallableStatement.call(FailOnTimeout.java:298)
	at org.junit.internal.runners.statements.FailOnTimeout$CallableStatement.call(FailOnTimeout.java:292)
	at java.util.concurrent.FutureTask.run(FutureTask.java:266)
	at java.lang.Thread.run(Thread.java:748)
30) test054(org.joda.time.MutableDateTime_ESTest)
java.lang.NullPointerException
	at org.joda.time.format.DateTimeFormatterBuilder$CharacterLiteral.parseInto(DateTimeFormatterBuilder.java:1240)
	at org.joda.time.format.DateTimeFormatterBuilder$Composite.parseInto(DateTimeFormatterBuilder.java:2741)
	at org.joda.time.format.DateTimeFormatterBuilder$MatchingParser.parseInto(DateTimeFormatterBuilder.java:2835)
	at org.joda.time.format.DateTimeFormatter.parseDateTime(DateTimeFormatter.java:862)
	at org.joda.time.MutableDateTime.parse(MutableDateTime.java:161)
	at org.joda.time.MutableDateTime.parse(MutableDateTime.java:150)
	at org.joda.time.MutableDateTime_ESTest.test054(MutableDateTime_ESTest.java:731)
	at sun.reflect.NativeMethodAccessorImpl.invoke0(Native Method)
	at sun.reflect.NativeMethodAccessorImpl.invoke(NativeMethodAccessorImpl.java:62)
	at sun.reflect.DelegatingMethodAccessorImpl.invoke(DelegatingMethodAccessorImpl.java:43)
	at java.lang.reflect.Method.invoke(Method.java:498)
	at org.junit.runners.model.FrameworkMethod$1.runReflectiveCall(FrameworkMethod.java:50)
	at org.junit.internal.runners.model.ReflectiveCallable.run(ReflectiveCallable.java:12)
	at org.junit.runners.model.FrameworkMethod.invokeExplosively(FrameworkMethod.java:47)
	at org.junit.internal.runners.statements.InvokeMethod.evaluate(InvokeMethod.java:17)
	at org.junit.internal.runners.statements.FailOnTimeout$CallableStatement.call(FailOnTimeout.java:298)
	at org.junit.internal.runners.statements.FailOnTimeout$CallableStatement.call(FailOnTimeout.java:292)
	at java.util.concurrent.FutureTask.run(FutureTask.java:266)
	at java.lang.Thread.run(Thread.java:748)
31) test053(org.joda.time.MutableDateTime_ESTest)
java.lang.NullPointerException
	at org.joda.time.MutableDateTime.parse(MutableDateTime.java:161)
	at org.joda.time.MutableDateTime_ESTest.test053(MutableDateTime_ESTest.java:716)
	at sun.reflect.NativeMethodAccessorImpl.invoke0(Native Method)
	at sun.reflect.NativeMethodAccessorImpl.invoke(NativeMethodAccessorImpl.java:62)
	at sun.reflect.DelegatingMethodAccessorImpl.invoke(DelegatingMethodAccessorImpl.java:43)
	at java.lang.reflect.Method.invoke(Method.java:498)
	at org.junit.runners.model.FrameworkMethod$1.runReflectiveCall(FrameworkMethod.java:50)
	at org.junit.internal.runners.model.ReflectiveCallable.run(ReflectiveCallable.java:12)
	at org.junit.runners.model.FrameworkMethod.invokeExplosively(FrameworkMethod.java:47)
	at org.junit.internal.runners.statements.InvokeMethod.evaluate(InvokeMethod.java:17)
	at org.junit.internal.runners.statements.FailOnTimeout$CallableStatement.call(FailOnTimeout.java:298)
	at org.junit.internal.runners.statements.FailOnTimeout$CallableStatement.call(FailOnTimeout.java:292)
	at java.util.concurrent.FutureTask.run(FutureTask.java:266)
	at java.lang.Thread.run(Thread.java:748)
32) test059(org.joda.time.MutableDateTime_ESTest)
org.evosuite.runtime.mock.java.lang.MockIllegalArgumentException: Magnitude of add amount is too large: 5228298150
	at org.joda.time.chrono.BasicMonthOfYearDateTimeField.add(BasicMonthOfYearDateTimeField.java:185)
	at org.joda.time.field.ImpreciseDateTimeField$LinkedDurationField.add(ImpreciseDateTimeField.java:187)
	at org.joda.time.chrono.ZonedChronology$ZonedDurationField.add(ZonedChronology.java:322)
	at org.joda.time.chrono.BaseChronology.add(BaseChronology.java:305)
	at org.joda.time.MutableDateTime.add(MutableDateTime.java:550)
	at org.joda.time.MutableDateTime_ESTest.test059(MutableDateTime_ESTest.java:815)
	at sun.reflect.NativeMethodAccessorImpl.invoke0(Native Method)
	at sun.reflect.NativeMethodAccessorImpl.invoke(NativeMethodAccessorImpl.java:62)
	at sun.reflect.DelegatingMethodAccessorImpl.invoke(DelegatingMethodAccessorImpl.java:43)
	at java.lang.reflect.Method.invoke(Method.java:498)
	at org.junit.runners.model.FrameworkMethod$1.runReflectiveCall(FrameworkMethod.java:50)
	at org.junit.internal.runners.model.ReflectiveCallable.run(ReflectiveCallable.java:12)
	at org.junit.runners.model.FrameworkMethod.invokeExplosively(FrameworkMethod.java:47)
	at org.junit.internal.runners.statements.InvokeMethod.evaluate(InvokeMethod.java:17)
	at org.junit.internal.runners.statements.FailOnTimeout$CallableStatement.call(FailOnTimeout.java:298)
	at org.junit.internal.runners.statements.FailOnTimeout$CallableStatement.call(FailOnTimeout.java:292)
	at java.util.concurrent.FutureTask.run(FutureTask.java:266)
	at java.lang.Thread.run(Thread.java:748)
33) test058(org.joda.time.MutableDateTime_ESTest)
org.evosuite.runtime.mock.java.lang.MockArithmeticException: Adding time zone offset caused overflow
	at org.joda.time.chrono.ZonedChronology$ZonedDurationField.getOffsetToAdd(ZonedChronology.java:345)
	at org.joda.time.chrono.ZonedChronology$ZonedDurationField.add(ZonedChronology.java:315)
	at org.joda.time.MutableDateTime.addMinutes(MutableDateTime.java:816)
	at org.joda.time.MutableDateTime_ESTest.test058(MutableDateTime_ESTest.java:797)
	at sun.reflect.NativeMethodAccessorImpl.invoke0(Native Method)
	at sun.reflect.NativeMethodAccessorImpl.invoke(NativeMethodAccessorImpl.java:62)
	at sun.reflect.DelegatingMethodAccessorImpl.invoke(DelegatingMethodAccessorImpl.java:43)
	at java.lang.reflect.Method.invoke(Method.java:498)
	at org.junit.runners.model.FrameworkMethod$1.runReflectiveCall(FrameworkMethod.java:50)
	at org.junit.internal.runners.model.ReflectiveCallable.run(ReflectiveCallable.java:12)
	at org.junit.runners.model.FrameworkMethod.invokeExplosively(FrameworkMethod.java:47)
	at org.junit.internal.runners.statements.InvokeMethod.evaluate(InvokeMethod.java:17)
	at org.junit.internal.runners.statements.FailOnTimeout$CallableStatement.call(FailOnTimeout.java:298)
	at org.junit.internal.runners.statements.FailOnTimeout$CallableStatement.call(FailOnTimeout.java:292)
	at java.util.concurrent.FutureTask.run(FutureTask.java:266)
	at java.lang.Thread.run(Thread.java:748)
34) test057(org.joda.time.MutableDateTime_ESTest)
org.evosuite.runtime.mock.java.lang.MockArithmeticException: Adding time zone offset caused overflow
	at org.joda.time.chrono.ZonedChronology$ZonedDurationField.getOffsetToAdd(ZonedChronology.java:345)
	at org.joda.time.chrono.ZonedChronology$ZonedDurationField.add(ZonedChronology.java:315)
	at org.joda.time.MutableDateTime.addSeconds(MutableDateTime.java:847)
	at org.joda.time.MutableDateTime_ESTest.test057(MutableDateTime_ESTest.java:780)
	at sun.reflect.NativeMethodAccessorImpl.invoke0(Native Method)
	at sun.reflect.NativeMethodAccessorImpl.invoke(NativeMethodAccessorImpl.java:62)
	at sun.reflect.DelegatingMethodAccessorImpl.invoke(DelegatingMethodAccessorImpl.java:43)
	at java.lang.reflect.Method.invoke(Method.java:498)
	at org.junit.runners.model.FrameworkMethod$1.runReflectiveCall(FrameworkMethod.java:50)
	at org.junit.internal.runners.model.ReflectiveCallable.run(ReflectiveCallable.java:12)
	at org.junit.runners.model.FrameworkMethod.invokeExplosively(FrameworkMethod.java:47)
	at org.junit.internal.runners.statements.InvokeMethod.evaluate(InvokeMethod.java:17)
	at org.junit.internal.runners.statements.FailOnTimeout$CallableStatement.call(FailOnTimeout.java:298)
	at org.junit.internal.runners.statements.FailOnTimeout$CallableStatement.call(FailOnTimeout.java:292)
	at java.util.concurrent.FutureTask.run(FutureTask.java:266)
	at java.lang.Thread.run(Thread.java:748)
35) test063(org.joda.time.MutableDateTime_ESTest)
IllegalArgumentException: The instant is above the supported maximum of 1730-06-07T20:21:21.320Z (CopticChronology[UTC])
	at org.joda.time.chrono.LimitChronology.checkLimits(LimitChronology.java:289)
	at org.joda.time.chrono.LimitChronology$LimitDurationField.add(LimitChronology.java:416)
	at org.joda.time.MutableDateTime.add(MutableDateTime.java:639)
	at org.joda.time.MutableDateTime_ESTest.test063(MutableDateTime_ESTest.java:890)
	at sun.reflect.NativeMethodAccessorImpl.invoke0(Native Method)
	at sun.reflect.NativeMethodAccessorImpl.invoke(NativeMethodAccessorImpl.java:62)
	at sun.reflect.DelegatingMethodAccessorImpl.invoke(DelegatingMethodAccessorImpl.java:43)
	at java.lang.reflect.Method.invoke(Method.java:498)
	at org.junit.runners.model.FrameworkMethod$1.runReflectiveCall(FrameworkMethod.java:50)
	at org.junit.internal.runners.model.ReflectiveCallable.run(ReflectiveCallable.java:12)
	at org.junit.runners.model.FrameworkMethod.invokeExplosively(FrameworkMethod.java:47)
	at org.junit.internal.runners.statements.InvokeMethod.evaluate(InvokeMethod.java:17)
	at org.junit.internal.runners.statements.FailOnTimeout$CallableStatement.call(FailOnTimeout.java:298)
	at org.junit.internal.runners.statements.FailOnTimeout$CallableStatement.call(FailOnTimeout.java:292)
	at java.util.concurrent.FutureTask.run(FutureTask.java:266)
	at java.lang.Thread.run(Thread.java:748)
36) test062(org.joda.time.MutableDateTime_ESTest)
java.lang.ArrayIndexOutOfBoundsException: 20
	at org.joda.time.chrono.BasicGJChronology.getDaysInYearMonth(BasicGJChronology.java:123)
	at org.joda.time.chrono.BasicMonthOfYearDateTimeField.add(BasicMonthOfYearDateTimeField.java:138)
	at org.joda.time.chrono.BasicMonthOfYearDateTimeField.add(BasicMonthOfYearDateTimeField.java:154)
	at org.joda.time.field.ImpreciseDateTimeField$LinkedDurationField.add(ImpreciseDateTimeField.java:187)
	at org.joda.time.chrono.ZonedChronology$ZonedDurationField.add(ZonedChronology.java:322)
	at org.joda.time.chrono.BaseChronology.add(BaseChronology.java:305)
	at org.joda.time.MutableDateTime.add(MutableDateTime.java:550)
	at org.joda.time.MutableDateTime.add(MutableDateTime.java:536)
	at org.joda.time.MutableDateTime_ESTest.test062(MutableDateTime_ESTest.java:869)
	at sun.reflect.NativeMethodAccessorImpl.invoke0(Native Method)
	at sun.reflect.NativeMethodAccessorImpl.invoke(NativeMethodAccessorImpl.java:62)
	at sun.reflect.DelegatingMethodAccessorImpl.invoke(DelegatingMethodAccessorImpl.java:43)
	at java.lang.reflect.Method.invoke(Method.java:498)
	at org.junit.runners.model.FrameworkMethod$1.runReflectiveCall(FrameworkMethod.java:50)
	at org.junit.internal.runners.model.ReflectiveCallable.run(ReflectiveCallable.java:12)
	at org.junit.runners.model.FrameworkMethod.invokeExplosively(FrameworkMethod.java:47)
	at org.junit.internal.runners.statements.InvokeMethod.evaluate(InvokeMethod.java:17)
	at org.junit.internal.runners.statements.FailOnTimeout$CallableStatement.call(FailOnTimeout.java:298)
	at org.junit.internal.runners.statements.FailOnTimeout$CallableStatement.call(FailOnTimeout.java:292)
	at java.util.concurrent.FutureTask.run(FutureTask.java:266)
	at java.lang.Thread.run(Thread.java:748)
37) test061(org.joda.time.MutableDateTime_ESTest)
IllegalArgumentException: The resulting instant is below the supported minimum of 0001-01-01T00:00:00.000Z (EthiopicChronology[UTC])
	at org.joda.time.chrono.LimitChronology.checkLimits(LimitChronology.java:286)
	at org.joda.time.chrono.LimitChronology$LimitDurationField.add(LimitChronology.java:425)
	at org.joda.time.chrono.ZonedChronology$ZonedDurationField.add(ZonedChronology.java:322)
	at org.joda.time.chrono.BaseChronology.add(BaseChronology.java:305)
	at org.joda.time.MutableDateTime.add(MutableDateTime.java:550)
	at org.joda.time.MutableDateTime.add(MutableDateTime.java:536)
	at org.joda.time.MutableDateTime_ESTest.test061(MutableDateTime_ESTest.java:852)
	at sun.reflect.NativeMethodAccessorImpl.invoke0(Native Method)
	at sun.reflect.NativeMethodAccessorImpl.invoke(NativeMethodAccessorImpl.java:62)
	at sun.reflect.DelegatingMethodAccessorImpl.invoke(DelegatingMethodAccessorImpl.java:43)
	at java.lang.reflect.Method.invoke(Method.java:498)
	at org.junit.runners.model.FrameworkMethod$1.runReflectiveCall(FrameworkMethod.java:50)
	at org.junit.internal.runners.model.ReflectiveCallable.run(ReflectiveCallable.java:12)
	at org.junit.runners.model.FrameworkMethod.invokeExplosively(FrameworkMethod.java:47)
	at org.junit.internal.runners.statements.InvokeMethod.evaluate(InvokeMethod.java:17)
	at org.junit.internal.runners.statements.FailOnTimeout$CallableStatement.call(FailOnTimeout.java:298)
	at org.junit.internal.runners.statements.FailOnTimeout$CallableStatement.call(FailOnTimeout.java:292)
	at java.util.concurrent.FutureTask.run(FutureTask.java:266)
	at java.lang.Thread.run(Thread.java:748)
38) test060(org.joda.time.MutableDateTime_ESTest)
org.evosuite.runtime.mock.java.lang.MockArithmeticException: Multiplication overflows a long: -4294967296000 * 86400000
	at org.joda.time.field.FieldUtils.safeMultiply(FieldUtils.java:174)
	at org.joda.time.field.PreciseDurationField.add(PreciseDurationField.java:109)
	at org.joda.time.chrono.ZonedChronology$ZonedDurationField.add(ZonedChronology.java:322)
	at org.joda.time.chrono.BaseChronology.add(BaseChronology.java:305)
	at org.joda.time.MutableDateTime.add(MutableDateTime.java:550)
	at org.joda.time.MutableDateTime_ESTest.test060(MutableDateTime_ESTest.java:832)
	at sun.reflect.NativeMethodAccessorImpl.invoke0(Native Method)
	at sun.reflect.NativeMethodAccessorImpl.invoke(NativeMethodAccessorImpl.java:62)
	at sun.reflect.DelegatingMethodAccessorImpl.invoke(DelegatingMethodAccessorImpl.java:43)
	at java.lang.reflect.Method.invoke(Method.java:498)
	at org.junit.runners.model.FrameworkMethod$1.runReflectiveCall(FrameworkMethod.java:50)
	at org.junit.internal.runners.model.ReflectiveCallable.run(ReflectiveCallable.java:12)
	at org.junit.runners.model.FrameworkMethod.invokeExplosively(FrameworkMethod.java:47)
	at org.junit.internal.runners.statements.InvokeMethod.evaluate(InvokeMethod.java:17)
	at org.junit.internal.runners.statements.FailOnTimeout$CallableStatement.call(FailOnTimeout.java:298)
	at org.junit.internal.runners.statements.FailOnTimeout$CallableStatement.call(FailOnTimeout.java:292)
	at java.util.concurrent.FutureTask.run(FutureTask.java:266)
	at java.lang.Thread.run(Thread.java:748)
39) test067(org.joda.time.MutableDateTime_ESTest)
org.joda.time.IllegalFieldValueException: Value -1 for hourOfDay must be in the range [0,23]
	at org.joda.time.field.FieldUtils.verifyValueBounds(FieldUtils.java:252)
	at org.joda.time.chrono.BasicChronology.getDateTimeMillis(BasicChronology.java:172)
	at org.joda.time.chrono.GregorianChronology.getDateTimeMillis(GregorianChronology.java:45)
	at org.joda.time.chrono.AssembledChronology.getDateTimeMillis(AssembledChronology.java:133)
	at org.joda.time.base.BaseDateTime.<init>(BaseDateTime.java:254)
	at org.joda.time.base.BaseDateTime.<init>(BaseDateTime.java:223)
	at org.joda.time.MutableDateTime.<init>(MutableDateTime.java:351)
	at org.joda.time.MutableDateTime_ESTest.test067(MutableDateTime_ESTest.java:956)
	at sun.reflect.NativeMethodAccessorImpl.invoke0(Native Method)
	at sun.reflect.NativeMethodAccessorImpl.invoke(NativeMethodAccessorImpl.java:62)
	at sun.reflect.DelegatingMethodAccessorImpl.invoke(DelegatingMethodAccessorImpl.java:43)
	at java.lang.reflect.Method.invoke(Method.java:498)
	at org.junit.runners.model.FrameworkMethod$1.runReflectiveCall(FrameworkMethod.java:50)
	at org.junit.internal.runners.model.ReflectiveCallable.run(ReflectiveCallable.java:12)
	at org.junit.runners.model.FrameworkMethod.invokeExplosively(FrameworkMethod.java:47)
	at org.junit.internal.runners.statements.InvokeMethod.evaluate(InvokeMethod.java:17)
	at org.junit.internal.runners.statements.FailOnTimeout$CallableStatement.call(FailOnTimeout.java:298)
	at org.junit.internal.runners.statements.FailOnTimeout$CallableStatement.call(FailOnTimeout.java:292)
	at java.util.concurrent.FutureTask.run(FutureTask.java:266)
	at java.lang.Thread.run(Thread.java:748)
40) test066(org.joda.time.MutableDateTime_ESTest)
org.evosuite.runtime.mock.java.lang.MockIllegalArgumentException: No instant converter found for type: org.joda.time.tz.FixedDateTimeZone
	at org.joda.time.convert.ConverterManager.getInstantConverter(ConverterManager.java:165)
	at org.joda.time.base.BaseDateTime.<init>(BaseDateTime.java:169)
	at org.joda.time.MutableDateTime.<init>(MutableDateTime.java:300)
	at org.joda.time.MutableDateTime_ESTest.test066(MutableDateTime_ESTest.java:940)
	at sun.reflect.NativeMethodAccessorImpl.invoke0(Native Method)
	at sun.reflect.NativeMethodAccessorImpl.invoke(NativeMethodAccessorImpl.java:62)
	at sun.reflect.DelegatingMethodAccessorImpl.invoke(DelegatingMethodAccessorImpl.java:43)
	at java.lang.reflect.Method.invoke(Method.java:498)
	at org.junit.runners.model.FrameworkMethod$1.runReflectiveCall(FrameworkMethod.java:50)
	at org.junit.internal.runners.model.ReflectiveCallable.run(ReflectiveCallable.java:12)
	at org.junit.runners.model.FrameworkMethod.invokeExplosively(FrameworkMethod.java:47)
	at org.junit.internal.runners.statements.InvokeMethod.evaluate(InvokeMethod.java:17)
	at org.junit.internal.runners.statements.FailOnTimeout$CallableStatement.call(FailOnTimeout.java:298)
	at org.junit.internal.runners.statements.FailOnTimeout$CallableStatement.call(FailOnTimeout.java:292)
	at java.util.concurrent.FutureTask.run(FutureTask.java:266)
	at java.lang.Thread.run(Thread.java:748)
41) test065(org.joda.time.MutableDateTime_ESTest)
org.evosuite.runtime.mock.java.lang.MockIllegalArgumentException: No instant converter found for type: org.joda.time.chrono.ISOChronology
	at org.joda.time.convert.ConverterManager.getInstantConverter(ConverterManager.java:165)
	at org.joda.time.base.BaseDateTime.<init>(BaseDateTime.java:147)
	at org.joda.time.MutableDateTime.<init>(MutableDateTime.java:280)
	at org.joda.time.MutableDateTime_ESTest.test065(MutableDateTime_ESTest.java:923)
	at sun.reflect.NativeMethodAccessorImpl.invoke0(Native Method)
	at sun.reflect.NativeMethodAccessorImpl.invoke(NativeMethodAccessorImpl.java:62)
	at sun.reflect.DelegatingMethodAccessorImpl.invoke(DelegatingMethodAccessorImpl.java:43)
	at java.lang.reflect.Method.invoke(Method.java:498)
	at org.junit.runners.model.FrameworkMethod$1.runReflectiveCall(FrameworkMethod.java:50)
	at org.junit.internal.runners.model.ReflectiveCallable.run(ReflectiveCallable.java:12)
	at org.junit.runners.model.FrameworkMethod.invokeExplosively(FrameworkMethod.java:47)
	at org.junit.internal.runners.statements.InvokeMethod.evaluate(InvokeMethod.java:17)
	at org.junit.internal.runners.statements.FailOnTimeout$CallableStatement.call(FailOnTimeout.java:298)
	at org.junit.internal.runners.statements.FailOnTimeout$CallableStatement.call(FailOnTimeout.java:292)
	at java.util.concurrent.FutureTask.run(FutureTask.java:266)
	at java.lang.Thread.run(Thread.java:748)
42) test064(org.joda.time.MutableDateTime_ESTest)
java.lang.UnsupportedOperationException: eras field is unsupported
	at org.joda.time.field.UnsupportedDurationField.unsupported(UnsupportedDurationField.java:276)
	at org.joda.time.field.UnsupportedDurationField.add(UnsupportedDurationField.java:182)
	at org.joda.time.MutableDateTime.add(MutableDateTime.java:639)
	at org.joda.time.MutableDateTime_ESTest.test064(MutableDateTime_ESTest.java:907)
	at sun.reflect.NativeMethodAccessorImpl.invoke0(Native Method)
	at sun.reflect.NativeMethodAccessorImpl.invoke(NativeMethodAccessorImpl.java:62)
	at sun.reflect.DelegatingMethodAccessorImpl.invoke(DelegatingMethodAccessorImpl.java:43)
	at java.lang.reflect.Method.invoke(Method.java:498)
	at org.junit.runners.model.FrameworkMethod$1.runReflectiveCall(FrameworkMethod.java:50)
	at org.junit.internal.runners.model.ReflectiveCallable.run(ReflectiveCallable.java:12)
	at org.junit.runners.model.FrameworkMethod.invokeExplosively(FrameworkMethod.java:47)
	at org.junit.internal.runners.statements.InvokeMethod.evaluate(InvokeMethod.java:17)
	at org.junit.internal.runners.statements.FailOnTimeout$CallableStatement.call(FailOnTimeout.java:298)
	at org.junit.internal.runners.statements.FailOnTimeout$CallableStatement.call(FailOnTimeout.java:292)
	at java.util.concurrent.FutureTask.run(FutureTask.java:266)
	at java.lang.Thread.run(Thread.java:748)
43) test069(org.joda.time.MutableDateTime_ESTest)
org.joda.time.IllegalFieldValueException: Value 3910 for hourOfDay must be in the range [0,23]
	at org.joda.time.field.FieldUtils.verifyValueBounds(FieldUtils.java:252)
	at org.joda.time.chrono.BasicChronology.getDateTimeMillis(BasicChronology.java:172)
	at org.joda.time.chrono.GregorianChronology.getDateTimeMillis(GregorianChronology.java:45)
	at org.joda.time.chrono.AssembledChronology.getDateTimeMillis(AssembledChronology.java:133)
	at org.joda.time.chrono.ZonedChronology.getDateTimeMillis(ZonedChronology.java:118)
	at org.joda.time.chrono.AssembledChronology.getDateTimeMillis(AssembledChronology.java:133)
	at org.joda.time.base.BaseDateTime.<init>(BaseDateTime.java:254)
	at org.joda.time.base.BaseDateTime.<init>(BaseDateTime.java:195)
	at org.joda.time.MutableDateTime.<init>(MutableDateTime.java:324)
	at org.joda.time.MutableDateTime_ESTest.test069(MutableDateTime_ESTest.java:986)
	at sun.reflect.NativeMethodAccessorImpl.invoke0(Native Method)
	at sun.reflect.NativeMethodAccessorImpl.invoke(NativeMethodAccessorImpl.java:62)
	at sun.reflect.DelegatingMethodAccessorImpl.invoke(DelegatingMethodAccessorImpl.java:43)
	at java.lang.reflect.Method.invoke(Method.java:498)
	at org.junit.runners.model.FrameworkMethod$1.runReflectiveCall(FrameworkMethod.java:50)
	at org.junit.internal.runners.model.ReflectiveCallable.run(ReflectiveCallable.java:12)
	at org.junit.runners.model.FrameworkMethod.invokeExplosively(FrameworkMethod.java:47)
	at org.junit.internal.runners.statements.InvokeMethod.evaluate(InvokeMethod.java:17)
	at org.junit.internal.runners.statements.FailOnTimeout$CallableStatement.call(FailOnTimeout.java:298)
	at org.junit.internal.runners.statements.FailOnTimeout$CallableStatement.call(FailOnTimeout.java:292)
	at java.util.concurrent.FutureTask.run(FutureTask.java:266)
	at java.lang.Thread.run(Thread.java:748)
44) test068(org.joda.time.MutableDateTime_ESTest)
org.joda.time.IllegalFieldValueException: Value 712 for minuteOfHour must be in the range [0,59]
	at org.joda.time.field.FieldUtils.verifyValueBounds(FieldUtils.java:252)
	at org.joda.time.chrono.BasicChronology.getDateTimeMillis(BasicChronology.java:173)
	at org.joda.time.chrono.GregorianChronology.getDateTimeMillis(GregorianChronology.java:45)
	at org.joda.time.chrono.AssembledChronology.getDateTimeMillis(AssembledChronology.java:133)
	at org.joda.time.chrono.ZonedChronology.getDateTimeMillis(ZonedChronology.java:118)
	at org.joda.time.chrono.AssembledChronology.getDateTimeMillis(AssembledChronology.java:133)
	at org.joda.time.base.BaseDateTime.<init>(BaseDateTime.java:254)
	at org.joda.time.MutableDateTime.<init>(MutableDateTime.java:380)
	at org.joda.time.MutableDateTime_ESTest.test068(MutableDateTime_ESTest.java:971)
	at sun.reflect.NativeMethodAccessorImpl.invoke0(Native Method)
	at sun.reflect.NativeMethodAccessorImpl.invoke(NativeMethodAccessorImpl.java:62)
	at sun.reflect.DelegatingMethodAccessorImpl.invoke(DelegatingMethodAccessorImpl.java:43)
	at java.lang.reflect.Method.invoke(Method.java:498)
	at org.junit.runners.model.FrameworkMethod$1.runReflectiveCall(FrameworkMethod.java:50)
	at org.junit.internal.runners.model.ReflectiveCallable.run(ReflectiveCallable.java:12)
	at org.junit.runners.model.FrameworkMethod.invokeExplosively(FrameworkMethod.java:47)
	at org.junit.internal.runners.statements.InvokeMethod.evaluate(InvokeMethod.java:17)
	at org.junit.internal.runners.statements.FailOnTimeout$CallableStatement.call(FailOnTimeout.java:298)
	at org.junit.internal.runners.statements.FailOnTimeout$CallableStatement.call(FailOnTimeout.java:292)
	at java.util.concurrent.FutureTask.run(FutureTask.java:266)
	at java.lang.Thread.run(Thread.java:748)
45) test072(org.joda.time.MutableDateTime_ESTest)
IllegalArgumentException: The instant is below the supported minimum of 0001-01-01T00:00:00.000Z (BuddhistChronology[UTC])
	at org.joda.time.chrono.LimitChronology.checkLimits(LimitChronology.java:286)
	at org.joda.time.chrono.LimitChronology$LimitDateTimeField.roundFloor(LimitChronology.java:546)
	at org.joda.time.MutableDateTime.setMillis(MutableDateTime.java:458)
	at org.joda.time.MutableDateTime_ESTest.test072(MutableDateTime_ESTest.java:1031)
	at sun.reflect.NativeMethodAccessorImpl.invoke0(Native Method)
	at sun.reflect.NativeMethodAccessorImpl.invoke(NativeMethodAccessorImpl.java:62)
	at sun.reflect.DelegatingMethodAccessorImpl.invoke(DelegatingMethodAccessorImpl.java:43)
	at java.lang.reflect.Method.invoke(Method.java:498)
	at org.junit.runners.model.FrameworkMethod$1.runReflectiveCall(FrameworkMethod.java:50)
	at org.junit.internal.runners.model.ReflectiveCallable.run(ReflectiveCallable.java:12)
	at org.junit.runners.model.FrameworkMethod.invokeExplosively(FrameworkMethod.java:47)
	at org.junit.internal.runners.statements.InvokeMethod.evaluate(InvokeMethod.java:17)
	at org.junit.internal.runners.statements.FailOnTimeout$CallableStatement.call(FailOnTimeout.java:298)
	at org.junit.internal.runners.statements.FailOnTimeout$CallableStatement.call(FailOnTimeout.java:292)
	at java.util.concurrent.FutureTask.run(FutureTask.java:266)
	at java.lang.Thread.run(Thread.java:748)
46) test071(org.joda.time.MutableDateTime_ESTest)
org.evosuite.runtime.mock.java.lang.MockArithmeticException: Multiplication overflows a long: -1298798110310400000 * 742
	at org.joda.time.field.FieldUtils.safeMultiply(FieldUtils.java:149)
	at org.joda.time.MutableDateTime.add(MutableDateTime.java:523)
	at org.joda.time.MutableDateTime_ESTest.test071(MutableDateTime_ESTest.java:1012)
	at sun.reflect.NativeMethodAccessorImpl.invoke0(Native Method)
	at sun.reflect.NativeMethodAccessorImpl.invoke(NativeMethodAccessorImpl.java:62)
	at sun.reflect.DelegatingMethodAccessorImpl.invoke(DelegatingMethodAccessorImpl.java:43)
	at java.lang.reflect.Method.invoke(Method.java:498)
	at org.junit.runners.model.FrameworkMethod$1.runReflectiveCall(FrameworkMethod.java:50)
	at org.junit.internal.runners.model.ReflectiveCallable.run(ReflectiveCallable.java:12)
	at org.junit.runners.model.FrameworkMethod.invokeExplosively(FrameworkMethod.java:47)
	at org.junit.internal.runners.statements.InvokeMethod.evaluate(InvokeMethod.java:17)
	at org.junit.internal.runners.statements.FailOnTimeout$CallableStatement.call(FailOnTimeout.java:298)
	at org.junit.internal.runners.statements.FailOnTimeout$CallableStatement.call(FailOnTimeout.java:292)
	at java.util.concurrent.FutureTask.run(FutureTask.java:266)
	at java.lang.Thread.run(Thread.java:748)
47) test078(org.joda.time.MutableDateTime_ESTest)
org.evosuite.runtime.mock.java.lang.MockIllegalArgumentException: The DateTimeFieldType must not be null
	at org.joda.time.MutableDateTime.property(MutableDateTime.java:1022)
	at org.joda.time.MutableDateTime_ESTest.test078(MutableDateTime_ESTest.java:1096)
	at sun.reflect.NativeMethodAccessorImpl.invoke0(Native Method)
	at sun.reflect.NativeMethodAccessorImpl.invoke(NativeMethodAccessorImpl.java:62)
	at sun.reflect.DelegatingMethodAccessorImpl.invoke(DelegatingMethodAccessorImpl.java:43)
	at java.lang.reflect.Method.invoke(Method.java:498)
	at org.junit.runners.model.FrameworkMethod$1.runReflectiveCall(FrameworkMethod.java:50)
	at org.junit.internal.runners.model.ReflectiveCallable.run(ReflectiveCallable.java:12)
	at org.junit.runners.model.FrameworkMethod.invokeExplosively(FrameworkMethod.java:47)
	at org.junit.internal.runners.statements.InvokeMethod.evaluate(InvokeMethod.java:17)
	at org.junit.internal.runners.statements.FailOnTimeout$CallableStatement.call(FailOnTimeout.java:298)
	at org.junit.internal.runners.statements.FailOnTimeout$CallableStatement.call(FailOnTimeout.java:292)
	at java.util.concurrent.FutureTask.run(FutureTask.java:266)
	at java.lang.Thread.run(Thread.java:748)
48) test075(org.joda.time.MutableDateTime_ESTest)
org.evosuite.runtime.mock.java.lang.MockIllegalArgumentException: Invalid format: "y'3X*Q"
	at org.joda.time.format.DateTimeFormatter.parseDateTime(DateTimeFormatter.java:882)
	at org.joda.time.MutableDateTime.parse(MutableDateTime.java:161)
	at org.joda.time.MutableDateTime_ESTest.test075(MutableDateTime_ESTest.java:1064)
	at sun.reflect.NativeMethodAccessorImpl.invoke0(Native Method)
	at sun.reflect.NativeMethodAccessorImpl.invoke(NativeMethodAccessorImpl.java:62)
	at sun.reflect.DelegatingMethodAccessorImpl.invoke(DelegatingMethodAccessorImpl.java:43)
	at java.lang.reflect.Method.invoke(Method.java:498)
	at org.junit.runners.model.FrameworkMethod$1.runReflectiveCall(FrameworkMethod.java:50)
	at org.junit.internal.runners.model.ReflectiveCallable.run(ReflectiveCallable.java:12)
	at org.junit.runners.model.FrameworkMethod.invokeExplosively(FrameworkMethod.java:47)
	at org.junit.internal.runners.statements.InvokeMethod.evaluate(InvokeMethod.java:17)
	at org.junit.internal.runners.statements.FailOnTimeout$CallableStatement.call(FailOnTimeout.java:298)
	at org.junit.internal.runners.statements.FailOnTimeout$CallableStatement.call(FailOnTimeout.java:292)
	at java.util.concurrent.FutureTask.run(FutureTask.java:266)
	at java.lang.Thread.run(Thread.java:748)
49) test116(org.joda.time.MutableDateTime_ESTest)
java.lang.ArrayIndexOutOfBoundsException: 20
	at org.joda.time.chrono.BasicGJChronology.getDaysInYearMonth(BasicGJChronology.java:123)
	at org.joda.time.chrono.BasicMonthOfYearDateTimeField.add(BasicMonthOfYearDateTimeField.java:138)
	at org.joda.time.field.ImpreciseDateTimeField$LinkedDurationField.add(ImpreciseDateTimeField.java:183)
	at org.joda.time.chrono.ZonedChronology$ZonedDurationField.add(ZonedChronology.java:316)
	at org.joda.time.MutableDateTime.addMonths(MutableDateTime.java:702)
	at org.joda.time.MutableDateTime_ESTest.test116(MutableDateTime_ESTest.java:1483)
	at sun.reflect.NativeMethodAccessorImpl.invoke0(Native Method)
	at sun.reflect.NativeMethodAccessorImpl.invoke(NativeMethodAccessorImpl.java:62)
	at sun.reflect.DelegatingMethodAccessorImpl.invoke(DelegatingMethodAccessorImpl.java:43)
	at java.lang.reflect.Method.invoke(Method.java:498)
	at org.junit.runners.model.FrameworkMethod$1.runReflectiveCall(FrameworkMethod.java:50)
	at org.junit.internal.runners.model.ReflectiveCallable.run(ReflectiveCallable.java:12)
	at org.junit.runners.model.FrameworkMethod.invokeExplosively(FrameworkMethod.java:47)
	at org.junit.internal.runners.statements.InvokeMethod.evaluate(InvokeMethod.java:17)
	at org.junit.internal.runners.statements.FailOnTimeout$CallableStatement.call(FailOnTimeout.java:298)
	at org.junit.internal.runners.statements.FailOnTimeout$CallableStatement.call(FailOnTimeout.java:292)
	at java.util.concurrent.FutureTask.run(FutureTask.java:266)
	at java.lang.Thread.run(Thread.java:748)
50) test081(org.joda.time.MutableDateTime_ESTest)
org.evosuite.runtime.mock.java.lang.MockIllegalArgumentException: Field must not be null
	at org.joda.time.MutableDateTime.add(MutableDateTime.java:637)
	at org.joda.time.MutableDateTime_ESTest.test081(MutableDateTime_ESTest.java:1128)
	at sun.reflect.NativeMethodAccessorImpl.invoke0(Native Method)
	at sun.reflect.NativeMethodAccessorImpl.invoke(NativeMethodAccessorImpl.java:62)
	at sun.reflect.DelegatingMethodAccessorImpl.invoke(DelegatingMethodAccessorImpl.java:43)
	at java.lang.reflect.Method.invoke(Method.java:498)
	at org.junit.runners.model.FrameworkMethod$1.runReflectiveCall(FrameworkMethod.java:50)
	at org.junit.internal.runners.model.ReflectiveCallable.run(ReflectiveCallable.java:12)
	at org.junit.runners.model.FrameworkMethod.invokeExplosively(FrameworkMethod.java:47)
	at org.junit.internal.runners.statements.InvokeMethod.evaluate(InvokeMethod.java:17)
	at org.junit.internal.runners.statements.FailOnTimeout$CallableStatement.call(FailOnTimeout.java:298)
	at org.junit.internal.runners.statements.FailOnTimeout$CallableStatement.call(FailOnTimeout.java:292)
	at java.util.concurrent.FutureTask.run(FutureTask.java:266)
	at java.lang.Thread.run(Thread.java:748)
51) test084(org.joda.time.MutableDateTime_ESTest)
org.evosuite.runtime.mock.java.lang.MockArithmeticException: Adding time zone offset caused overflow
	at org.joda.time.DateTimeZone.convertUTCToLocal(DateTimeZone.java:953)
	at org.joda.time.chrono.ZonedChronology$ZonedDateTimeField.set(ZonedChronology.java:480)
	at org.joda.time.MutableDateTime.set(MutableDateTime.java:624)
	at org.joda.time.MutableDateTime_ESTest.test084(MutableDateTime_ESTest.java:1171)
	at sun.reflect.NativeMethodAccessorImpl.invoke0(Native Method)
	at sun.reflect.NativeMethodAccessorImpl.invoke(NativeMethodAccessorImpl.java:62)
	at sun.reflect.DelegatingMethodAccessorImpl.invoke(DelegatingMethodAccessorImpl.java:43)
	at java.lang.reflect.Method.invoke(Method.java:498)
	at org.junit.runners.model.FrameworkMethod$1.runReflectiveCall(FrameworkMethod.java:50)
	at org.junit.internal.runners.model.ReflectiveCallable.run(ReflectiveCallable.java:12)
	at org.junit.runners.model.FrameworkMethod.invokeExplosively(FrameworkMethod.java:47)
	at org.junit.internal.runners.statements.InvokeMethod.evaluate(InvokeMethod.java:17)
	at org.junit.internal.runners.statements.FailOnTimeout$CallableStatement.call(FailOnTimeout.java:298)
	at org.junit.internal.runners.statements.FailOnTimeout$CallableStatement.call(FailOnTimeout.java:292)
	at java.util.concurrent.FutureTask.run(FutureTask.java:266)
	at java.lang.Thread.run(Thread.java:748)
52) test083(org.joda.time.MutableDateTime_ESTest)
org.evosuite.runtime.mock.java.lang.MockIllegalArgumentException: Field must not be null
	at org.joda.time.MutableDateTime.set(MutableDateTime.java:622)
	at org.joda.time.MutableDateTime_ESTest.test083(MutableDateTime_ESTest.java:1153)
	at sun.reflect.NativeMethodAccessorImpl.invoke0(Native Method)
	at sun.reflect.NativeMethodAccessorImpl.invoke(NativeMethodAccessorImpl.java:62)
	at sun.reflect.DelegatingMethodAccessorImpl.invoke(DelegatingMethodAccessorImpl.java:43)
	at java.lang.reflect.Method.invoke(Method.java:498)
	at org.junit.runners.model.FrameworkMethod$1.runReflectiveCall(FrameworkMethod.java:50)
	at org.junit.internal.runners.model.ReflectiveCallable.run(ReflectiveCallable.java:12)
	at org.junit.runners.model.FrameworkMethod.invokeExplosively(FrameworkMethod.java:47)
	at org.junit.internal.runners.statements.InvokeMethod.evaluate(InvokeMethod.java:17)
	at org.junit.internal.runners.statements.FailOnTimeout$CallableStatement.call(FailOnTimeout.java:298)
	at org.junit.internal.runners.statements.FailOnTimeout$CallableStatement.call(FailOnTimeout.java:292)
	at java.util.concurrent.FutureTask.run(FutureTask.java:266)
	at java.lang.Thread.run(Thread.java:748)
53) test001(org.joda.time.MutableDateTime_ESTest)
org.joda.time.IllegalFieldValueException: Value -336 for hourOfDay must be in the range [0,23]
	at org.joda.time.field.FieldUtils.verifyValueBounds(FieldUtils.java:234)
	at org.joda.time.field.PreciseDateTimeField.set(PreciseDateTimeField.java:112)
	at org.joda.time.chrono.BaseChronology.getDateTimeMillis(BaseChronology.java:163)
	at org.joda.time.chrono.AssembledChronology.getDateTimeMillis(AssembledChronology.java:151)
	at org.joda.time.chrono.AssembledChronology.getDateTimeMillis(AssembledChronology.java:148)
	at org.joda.time.chrono.ZonedChronology.getDateTimeMillis(ZonedChronology.java:128)
	at org.joda.time.chrono.AssembledChronology.getDateTimeMillis(AssembledChronology.java:148)
	at org.joda.time.MutableDateTime.setTime(MutableDateTime.java:981)
	at org.joda.time.MutableDateTime_ESTest.test001(MutableDateTime_ESTest.java:85)
	at sun.reflect.NativeMethodAccessorImpl.invoke0(Native Method)
	at sun.reflect.NativeMethodAccessorImpl.invoke(NativeMethodAccessorImpl.java:62)
	at sun.reflect.DelegatingMethodAccessorImpl.invoke(DelegatingMethodAccessorImpl.java:43)
	at java.lang.reflect.Method.invoke(Method.java:498)
	at org.junit.runners.model.FrameworkMethod$1.runReflectiveCall(FrameworkMethod.java:50)
	at org.junit.internal.runners.model.ReflectiveCallable.run(ReflectiveCallable.java:12)
	at org.junit.runners.model.FrameworkMethod.invokeExplosively(FrameworkMethod.java:47)
	at org.junit.internal.runners.statements.InvokeMethod.evaluate(InvokeMethod.java:17)
	at org.junit.internal.runners.statements.FailOnTimeout$CallableStatement.call(FailOnTimeout.java:298)
	at org.junit.internal.runners.statements.FailOnTimeout$CallableStatement.call(FailOnTimeout.java:292)
	at java.util.concurrent.FutureTask.run(FutureTask.java:266)
	at java.lang.Thread.run(Thread.java:748)
54) test122(org.joda.time.MutableDateTime_ESTest)
org.joda.time.IllegalFieldValueException: Value 192 for monthOfYear must be in the range [1,12]
	at org.joda.time.field.FieldUtils.verifyValueBounds(FieldUtils.java:252)
	at org.joda.time.chrono.BasicChronology.getDateMidnightMillis(BasicChronology.java:612)
	at org.joda.time.chrono.BasicChronology.getDateTimeMillis(BasicChronology.java:177)
	at org.joda.time.chrono.GregorianChronology.getDateTimeMillis(GregorianChronology.java:45)
	at org.joda.time.chrono.AssembledChronology.getDateTimeMillis(AssembledChronology.java:133)
	at org.joda.time.chrono.ZonedChronology.getDateTimeMillis(ZonedChronology.java:118)
	at org.joda.time.chrono.AssembledChronology.getDateTimeMillis(AssembledChronology.java:133)
	at org.joda.time.MutableDateTime.setDateTime(MutableDateTime.java:1006)
	at org.joda.time.MutableDateTime_ESTest.test122(MutableDateTime_ESTest.java:1539)
	at sun.reflect.NativeMethodAccessorImpl.invoke0(Native Method)
	at sun.reflect.NativeMethodAccessorImpl.invoke(NativeMethodAccessorImpl.java:62)
	at sun.reflect.DelegatingMethodAccessorImpl.invoke(DelegatingMethodAccessorImpl.java:43)
	at java.lang.reflect.Method.invoke(Method.java:498)
	at org.junit.runners.model.FrameworkMethod$1.runReflectiveCall(FrameworkMethod.java:50)
	at org.junit.internal.runners.model.ReflectiveCallable.run(ReflectiveCallable.java:12)
	at org.junit.runners.model.FrameworkMethod.invokeExplosively(FrameworkMethod.java:47)
	at org.junit.internal.runners.statements.InvokeMethod.evaluate(InvokeMethod.java:17)
	at org.junit.internal.runners.statements.FailOnTimeout$CallableStatement.call(FailOnTimeout.java:298)
	at org.junit.internal.runners.statements.FailOnTimeout$CallableStatement.call(FailOnTimeout.java:292)
	at java.util.concurrent.FutureTask.run(FutureTask.java:266)
	at java.lang.Thread.run(Thread.java:748)
55) test000(org.joda.time.MutableDateTime_ESTest)
org.joda.time.IllegalFieldValueException: Value -3231 for hourOfDay must be in the range [0,23]
	at org.joda.time.field.FieldUtils.verifyValueBounds(FieldUtils.java:252)
	at org.joda.time.chrono.BasicChronology.getDateTimeMillis(BasicChronology.java:172)
	at org.joda.time.chrono.CopticChronology.getDateTimeMillis(CopticChronology.java:51)
	at org.joda.time.chrono.LimitChronology.getDateTimeMillis(LimitChronology.java:187)
	at org.joda.time.chrono.BasicChronology.getDateTimeMillis(BasicChronology.java:168)
	at org.joda.time.chrono.CopticChronology.getDateTimeMillis(CopticChronology.java:51)
	at org.joda.time.chrono.ZonedChronology.getDateTimeMillis(ZonedChronology.java:118)
	at org.joda.time.chrono.BasicChronology.getDateTimeMillis(BasicChronology.java:168)
	at org.joda.time.chrono.CopticChronology.getDateTimeMillis(CopticChronology.java:51)
	at org.joda.time.MutableDateTime.setDateTime(MutableDateTime.java:1006)
	at org.joda.time.MutableDateTime_ESTest.test000(MutableDateTime_ESTest.java:69)
	at sun.reflect.NativeMethodAccessorImpl.invoke0(Native Method)
	at sun.reflect.NativeMethodAccessorImpl.invoke(NativeMethodAccessorImpl.java:62)
	at sun.reflect.DelegatingMethodAccessorImpl.invoke(DelegatingMethodAccessorImpl.java:43)
	at java.lang.reflect.Method.invoke(Method.java:498)
	at org.junit.runners.model.FrameworkMethod$1.runReflectiveCall(FrameworkMethod.java:50)
	at org.junit.internal.runners.model.ReflectiveCallable.run(ReflectiveCallable.java:12)
	at org.junit.runners.model.FrameworkMethod.invokeExplosively(FrameworkMethod.java:47)
	at org.junit.internal.runners.statements.InvokeMethod.evaluate(InvokeMethod.java:17)
	at org.junit.internal.runners.statements.FailOnTimeout$CallableStatement.call(FailOnTimeout.java:298)
	at org.junit.internal.runners.statements.FailOnTimeout$CallableStatement.call(FailOnTimeout.java:292)
	at java.util.concurrent.FutureTask.run(FutureTask.java:266)
	at java.lang.Thread.run(Thread.java:748)
56) test126(org.joda.time.MutableDateTime_ESTest)
org.joda.time.IllegalFieldValueException: Value -706 for hourOfDay must be in the range [0,23]
	at org.joda.time.field.FieldUtils.verifyValueBounds(FieldUtils.java:234)
	at org.joda.time.field.PreciseDateTimeField.set(PreciseDateTimeField.java:112)
	at org.joda.time.chrono.ZonedChronology$ZonedDateTimeField.set(ZonedChronology.java:481)
	at org.joda.time.MutableDateTime.setHourOfDay(MutableDateTime.java:775)
	at org.joda.time.MutableDateTime_ESTest.test126(MutableDateTime_ESTest.java:1577)
	at sun.reflect.NativeMethodAccessorImpl.invoke0(Native Method)
	at sun.reflect.NativeMethodAccessorImpl.invoke(NativeMethodAccessorImpl.java:62)
	at sun.reflect.DelegatingMethodAccessorImpl.invoke(DelegatingMethodAccessorImpl.java:43)
	at java.lang.reflect.Method.invoke(Method.java:498)
	at org.junit.runners.model.FrameworkMethod$1.runReflectiveCall(FrameworkMethod.java:50)
	at org.junit.internal.runners.model.ReflectiveCallable.run(ReflectiveCallable.java:12)
	at org.junit.runners.model.FrameworkMethod.invokeExplosively(FrameworkMethod.java:47)
	at org.junit.internal.runners.statements.InvokeMethod.evaluate(InvokeMethod.java:17)
	at org.junit.internal.runners.statements.FailOnTimeout$CallableStatement.call(FailOnTimeout.java:298)
	at org.junit.internal.runners.statements.FailOnTimeout$CallableStatement.call(FailOnTimeout.java:292)
	at java.util.concurrent.FutureTask.run(FutureTask.java:266)
	at java.lang.Thread.run(Thread.java:748)
57) test006(org.joda.time.MutableDateTime_ESTest)
org.joda.time.IllegalFieldValueException: Value "org.joda.time.field.ImpreciseDateTimeField" for year is not supported
	at org.joda.time.field.BaseDateTimeField.convertText(BaseDateTimeField.java:670)
	at org.joda.time.field.BaseDateTimeField.set(BaseDateTimeField.java:618)
	at org.joda.time.chrono.ZonedChronology$ZonedDateTimeField.set(ZonedChronology.java:495)
	at org.joda.time.MutableDateTime$Property.set(MutableDateTime.java:1389)
	at org.joda.time.MutableDateTime_ESTest.test006(MutableDateTime_ESTest.java:133)
	at sun.reflect.NativeMethodAccessorImpl.invoke0(Native Method)
	at sun.reflect.NativeMethodAccessorImpl.invoke(NativeMethodAccessorImpl.java:62)
	at sun.reflect.DelegatingMethodAccessorImpl.invoke(DelegatingMethodAccessorImpl.java:43)
	at java.lang.reflect.Method.invoke(Method.java:498)
	at org.junit.runners.model.FrameworkMethod$1.runReflectiveCall(FrameworkMethod.java:50)
	at org.junit.internal.runners.model.ReflectiveCallable.run(ReflectiveCallable.java:12)
	at org.junit.runners.model.FrameworkMethod.invokeExplosively(FrameworkMethod.java:47)
	at org.junit.internal.runners.statements.InvokeMethod.evaluate(InvokeMethod.java:17)
	at org.junit.internal.runners.statements.FailOnTimeout$CallableStatement.call(FailOnTimeout.java:298)
	at org.junit.internal.runners.statements.FailOnTimeout$CallableStatement.call(FailOnTimeout.java:292)
	at java.util.concurrent.FutureTask.run(FutureTask.java:266)
	at java.lang.Thread.run(Thread.java:748)
58) test096(org.joda.time.MutableDateTime_ESTest)
org.evosuite.runtime.mock.java.lang.MockIllegalArgumentException: Illegal rounding mode: -336
	at org.joda.time.MutableDateTime.setRounding(MutableDateTime.java:437)
	at org.joda.time.MutableDateTime_ESTest.test096(MutableDateTime_ESTest.java:1299)
	at sun.reflect.NativeMethodAccessorImpl.invoke0(Native Method)
	at sun.reflect.NativeMethodAccessorImpl.invoke(NativeMethodAccessorImpl.java:62)
	at sun.reflect.DelegatingMethodAccessorImpl.invoke(DelegatingMethodAccessorImpl.java:43)
	at java.lang.reflect.Method.invoke(Method.java:498)
	at org.junit.runners.model.FrameworkMethod$1.runReflectiveCall(FrameworkMethod.java:50)
	at org.junit.internal.runners.model.ReflectiveCallable.run(ReflectiveCallable.java:12)
	at org.junit.runners.model.FrameworkMethod.invokeExplosively(FrameworkMethod.java:47)
	at org.junit.internal.runners.statements.InvokeMethod.evaluate(InvokeMethod.java:17)
	at org.junit.internal.runners.statements.FailOnTimeout$CallableStatement.call(FailOnTimeout.java:298)
	at org.junit.internal.runners.statements.FailOnTimeout$CallableStatement.call(FailOnTimeout.java:292)
	at java.util.concurrent.FutureTask.run(FutureTask.java:266)
	at java.lang.Thread.run(Thread.java:748)
59) test095(org.joda.time.MutableDateTime_ESTest)
org.evosuite.runtime.mock.java.lang.MockIllegalArgumentException: Illegal rounding mode: 742
	at org.joda.time.MutableDateTime.setRounding(MutableDateTime.java:437)
	at org.joda.time.MutableDateTime_ESTest.test095(MutableDateTime_ESTest.java:1281)
	at sun.reflect.NativeMethodAccessorImpl.invoke0(Native Method)
	at sun.reflect.NativeMethodAccessorImpl.invoke(NativeMethodAccessorImpl.java:62)
	at sun.reflect.DelegatingMethodAccessorImpl.invoke(DelegatingMethodAccessorImpl.java:43)
	at java.lang.reflect.Method.invoke(Method.java:498)
	at org.junit.runners.model.FrameworkMethod$1.runReflectiveCall(FrameworkMethod.java:50)
	at org.junit.internal.runners.model.ReflectiveCallable.run(ReflectiveCallable.java:12)
	at org.junit.runners.model.FrameworkMethod.invokeExplosively(FrameworkMethod.java:47)
	at org.junit.internal.runners.statements.InvokeMethod.evaluate(InvokeMethod.java:17)
	at org.junit.internal.runners.statements.FailOnTimeout$CallableStatement.call(FailOnTimeout.java:298)
	at org.junit.internal.runners.statements.FailOnTimeout$CallableStatement.call(FailOnTimeout.java:292)
	at java.util.concurrent.FutureTask.run(FutureTask.java:266)
	at java.lang.Thread.run(Thread.java:748)
60) test099(org.joda.time.MutableDateTime_ESTest)
org.evosuite.runtime.mock.java.lang.MockNullPointerException: Zone must not be null
	at org.joda.time.MutableDateTime.now(MutableDateTime.java:119)
	at org.joda.time.MutableDateTime_ESTest.test099(MutableDateTime_ESTest.java:1337)
	at sun.reflect.NativeMethodAccessorImpl.invoke0(Native Method)
	at sun.reflect.NativeMethodAccessorImpl.invoke(NativeMethodAccessorImpl.java:62)
	at sun.reflect.DelegatingMethodAccessorImpl.invoke(DelegatingMethodAccessorImpl.java:43)
	at java.lang.reflect.Method.invoke(Method.java:498)
	at org.junit.runners.model.FrameworkMethod$1.runReflectiveCall(FrameworkMethod.java:50)
	at org.junit.internal.runners.model.ReflectiveCallable.run(ReflectiveCallable.java:12)
	at org.junit.runners.model.FrameworkMethod.invokeExplosively(FrameworkMethod.java:47)
	at org.junit.internal.runners.statements.InvokeMethod.evaluate(InvokeMethod.java:17)
	at org.junit.internal.runners.statements.FailOnTimeout$CallableStatement.call(FailOnTimeout.java:298)
	at org.junit.internal.runners.statements.FailOnTimeout$CallableStatement.call(FailOnTimeout.java:292)
	at java.util.concurrent.FutureTask.run(FutureTask.java:266)
	at java.lang.Thread.run(Thread.java:748)
61) test098(org.joda.time.MutableDateTime_ESTest)
org.evosuite.runtime.mock.java.lang.MockNullPointerException: Chronology must not be null
	at org.joda.time.MutableDateTime.now(MutableDateTime.java:134)
	at org.joda.time.MutableDateTime_ESTest.test098(MutableDateTime_ESTest.java:1322)
	at sun.reflect.NativeMethodAccessorImpl.invoke0(Native Method)
	at sun.reflect.NativeMethodAccessorImpl.invoke(NativeMethodAccessorImpl.java:62)
	at sun.reflect.DelegatingMethodAccessorImpl.invoke(DelegatingMethodAccessorImpl.java:43)
	at java.lang.reflect.Method.invoke(Method.java:498)
	at org.junit.runners.model.FrameworkMethod$1.runReflectiveCall(FrameworkMethod.java:50)
	at org.junit.internal.runners.model.ReflectiveCallable.run(ReflectiveCallable.java:12)
	at org.junit.runners.model.FrameworkMethod.invokeExplosively(FrameworkMethod.java:47)
	at org.junit.internal.runners.statements.InvokeMethod.evaluate(InvokeMethod.java:17)
	at org.junit.internal.runners.statements.FailOnTimeout$CallableStatement.call(FailOnTimeout.java:298)
	at org.junit.internal.runners.statements.FailOnTimeout$CallableStatement.call(FailOnTimeout.java:292)
	at java.util.concurrent.FutureTask.run(FutureTask.java:266)
	at java.lang.Thread.run(Thread.java:748)
62) test130(org.joda.time.MutableDateTime_ESTest)
org.joda.time.IllegalFieldValueException: Value -1669 for millisOfDay must be in the range [0,86399999]
	at org.joda.time.field.FieldUtils.verifyValueBounds(FieldUtils.java:234)
	at org.joda.time.field.PreciseDateTimeField.set(PreciseDateTimeField.java:112)
	at org.joda.time.chrono.ZonedChronology$ZonedDateTimeField.set(ZonedChronology.java:481)
	at org.joda.time.MutableDateTime.setMillisOfDay(MutableDateTime.java:858)
	at org.joda.time.MutableDateTime_ESTest.test130(MutableDateTime_ESTest.java:1614)
	at sun.reflect.NativeMethodAccessorImpl.invoke0(Native Method)
	at sun.reflect.NativeMethodAccessorImpl.invoke(NativeMethodAccessorImpl.java:62)
	at sun.reflect.DelegatingMethodAccessorImpl.invoke(DelegatingMethodAccessorImpl.java:43)
	at java.lang.reflect.Method.invoke(Method.java:498)
	at org.junit.runners.model.FrameworkMethod$1.runReflectiveCall(FrameworkMethod.java:50)
	at org.junit.internal.runners.model.ReflectiveCallable.run(ReflectiveCallable.java:12)
	at org.junit.runners.model.FrameworkMethod.invokeExplosively(FrameworkMethod.java:47)
	at org.junit.internal.runners.statements.InvokeMethod.evaluate(InvokeMethod.java:17)
	at org.junit.internal.runners.statements.FailOnTimeout$CallableStatement.call(FailOnTimeout.java:298)
	at org.junit.internal.runners.statements.FailOnTimeout$CallableStatement.call(FailOnTimeout.java:292)
	at java.util.concurrent.FutureTask.run(FutureTask.java:266)
	at java.lang.Thread.run(Thread.java:748)

FAILURES!!!
Tests run: 161,  Failures: 62

