JUnit version 4.12
..E.E.E.E.E..E.E.E.E..E.E.E.E.E.E.E.E.E...E.....E.E.E.E.E.E.E..E..E..E..E
Time: 5.15
There were 30 failures:
1) test17(com.fasterxml.jackson.dataformat.xml.ser.XmlSerializerProvider_ESTest)
org.evosuite.runtime.mock.java.io.MockIOException: javax.xml.stream.XMLStreamException: Unbound namespace URI ''
	at com.fasterxml.jackson.dataformat.xml.util.StaxUtil.throwXmlAsIOException(StaxUtil.java:24)
	at com.fasterxml.jackson.dataformat.xml.ser.ToXmlGenerator._handleStartObject(ToXmlGenerator.java:520)
	at com.fasterxml.jackson.dataformat.xml.ser.ToXmlGenerator.writeStartObject(ToXmlGenerator.java:489)
	at com.fasterxml.jackson.dataformat.xml.ser.XmlSerializerProvider._startRootArray(XmlSerializerProvider.java:212)
	at com.fasterxml.jackson.dataformat.xml.ser.XmlSerializerProvider_ESTest.test17(XmlSerializerProvider_ESTest.java:397)
	at sun.reflect.NativeMethodAccessorImpl.invoke0(Native Method)
	at sun.reflect.NativeMethodAccessorImpl.invoke(NativeMethodAccessorImpl.java:62)
	at sun.reflect.DelegatingMethodAccessorImpl.invoke(DelegatingMethodAccessorImpl.java:43)
	at java.lang.reflect.Method.invoke(Method.java:498)
	at org.junit.runners.model.FrameworkMethod$1.runReflectiveCall(FrameworkMethod.java:50)
	at org.junit.internal.runners.model.ReflectiveCallable.run(ReflectiveCallable.java:12)
	at org.junit.runners.model.FrameworkMethod.invokeExplosively(FrameworkMethod.java:47)
	at org.junit.internal.runners.statements.InvokeMethod.evaluate(InvokeMethod.java:17)
	at org.junit.internal.runners.statements.FailOnTimeout$CallableStatement.call(FailOnTimeout.java:298)
	at org.junit.internal.runners.statements.FailOnTimeout$CallableStatement.call(FailOnTimeout.java:292)
	at java.util.concurrent.FutureTask.run(FutureTask.java:266)
	at java.lang.Thread.run(Thread.java:748)
Caused by: javax.xml.stream.XMLStreamException: Unbound namespace URI ''
	at com.ctc.wstx.sw.SimpleNsStreamWriter.writeStartOrEmpty(SimpleNsStreamWriter.java:238)
	at com.ctc.wstx.sw.BaseNsStreamWriter.writeStartElement(BaseNsStreamWriter.java:323)
	at com.fasterxml.jackson.dataformat.xml.ser.ToXmlGenerator._handleStartObject(ToXmlGenerator.java:518)
	... 15 more
2) test39(com.fasterxml.jackson.dataformat.xml.ser.XmlSerializerProvider_ESTest)
com.fasterxml.jackson.databind.JsonMappingException: [no message for java.lang.NullPointerException]
	at com.fasterxml.jackson.databind.JsonMappingException.from(JsonMappingException.java:291)
	at com.fasterxml.jackson.dataformat.xml.ser.XmlSerializerProvider.serializeValue(XmlSerializerProvider.java:100)
	at com.fasterxml.jackson.databind.ObjectMapper.writeValue(ObjectMapper.java:2493)
	at com.fasterxml.jackson.core.base.GeneratorBase.writeObject(GeneratorBase.java:378)
	at com.fasterxml.jackson.dataformat.xml.ser.XmlSerializerProvider_ESTest.test39(XmlSerializerProvider_ESTest.java:877)
	at sun.reflect.NativeMethodAccessorImpl.invoke0(Native Method)
	at sun.reflect.NativeMethodAccessorImpl.invoke(NativeMethodAccessorImpl.java:62)
	at sun.reflect.DelegatingMethodAccessorImpl.invoke(DelegatingMethodAccessorImpl.java:43)
	at java.lang.reflect.Method.invoke(Method.java:498)
	at org.junit.runners.model.FrameworkMethod$1.runReflectiveCall(FrameworkMethod.java:50)
	at org.junit.internal.runners.model.ReflectiveCallable.run(ReflectiveCallable.java:12)
	at org.junit.runners.model.FrameworkMethod.invokeExplosively(FrameworkMethod.java:47)
	at org.junit.internal.runners.statements.InvokeMethod.evaluate(InvokeMethod.java:17)
	at org.junit.internal.runners.statements.FailOnTimeout$CallableStatement.call(FailOnTimeout.java:298)
	at org.junit.internal.runners.statements.FailOnTimeout$CallableStatement.call(FailOnTimeout.java:292)
	at java.util.concurrent.FutureTask.run(FutureTask.java:266)
	at java.lang.Thread.run(Thread.java:748)
3) test18(com.fasterxml.jackson.dataformat.xml.ser.XmlSerializerProvider_ESTest)
java.lang.NullPointerException
	at com.ctc.wstx.sw.BaseStreamWriter.doWriteStartDocument(BaseStreamWriter.java:703)
	at com.ctc.wstx.sw.BaseStreamWriter.writeStartDocument(BaseStreamWriter.java:662)
	at com.fasterxml.jackson.dataformat.xml.ser.ToXmlGenerator.initGenerator(ToXmlGenerator.java:197)
	at com.fasterxml.jackson.dataformat.xml.ser.XmlSerializerProvider._initWithRootName(XmlSerializerProvider.java:229)
	at com.fasterxml.jackson.dataformat.xml.ser.XmlSerializerProvider._serializeXmlNull(XmlSerializerProvider.java:205)
	at com.fasterxml.jackson.dataformat.xml.ser.XmlSerializerProvider_ESTest.test18(XmlSerializerProvider_ESTest.java:421)
	at sun.reflect.NativeMethodAccessorImpl.invoke0(Native Method)
	at sun.reflect.NativeMethodAccessorImpl.invoke(NativeMethodAccessorImpl.java:62)
	at sun.reflect.DelegatingMethodAccessorImpl.invoke(DelegatingMethodAccessorImpl.java:43)
	at java.lang.reflect.Method.invoke(Method.java:498)
	at org.junit.runners.model.FrameworkMethod$1.runReflectiveCall(FrameworkMethod.java:50)
	at org.junit.internal.runners.model.ReflectiveCallable.run(ReflectiveCallable.java:12)
	at org.junit.runners.model.FrameworkMethod.invokeExplosively(FrameworkMethod.java:47)
	at org.junit.internal.runners.statements.InvokeMethod.evaluate(InvokeMethod.java:17)
	at org.junit.internal.runners.statements.FailOnTimeout$CallableStatement.call(FailOnTimeout.java:298)
	at org.junit.internal.runners.statements.FailOnTimeout$CallableStatement.call(FailOnTimeout.java:292)
	at java.util.concurrent.FutureTask.run(FutureTask.java:266)
	at java.lang.Thread.run(Thread.java:748)
4) test19(com.fasterxml.jackson.dataformat.xml.ser.XmlSerializerProvider_ESTest)
org.evosuite.runtime.mock.java.io.MockIOException: javax.xml.stream.XMLStreamException: Can not output XML declaration, after other output has already been done.
	at com.fasterxml.jackson.dataformat.xml.util.StaxUtil.throwXmlAsIOException(StaxUtil.java:24)
	at com.fasterxml.jackson.dataformat.xml.ser.ToXmlGenerator.initGenerator(ToXmlGenerator.java:211)
	at com.fasterxml.jackson.dataformat.xml.ser.XmlSerializerProvider._initWithRootName(XmlSerializerProvider.java:229)
	at com.fasterxml.jackson.dataformat.xml.ser.XmlSerializerProvider._serializeXmlNull(XmlSerializerProvider.java:205)
	at com.fasterxml.jackson.dataformat.xml.ser.XmlSerializerProvider_ESTest.test19(XmlSerializerProvider_ESTest.java:448)
	at sun.reflect.NativeMethodAccessorImpl.invoke0(Native Method)
	at sun.reflect.NativeMethodAccessorImpl.invoke(NativeMethodAccessorImpl.java:62)
	at sun.reflect.DelegatingMethodAccessorImpl.invoke(DelegatingMethodAccessorImpl.java:43)
	at java.lang.reflect.Method.invoke(Method.java:498)
	at org.junit.runners.model.FrameworkMethod$1.runReflectiveCall(FrameworkMethod.java:50)
	at org.junit.internal.runners.model.ReflectiveCallable.run(ReflectiveCallable.java:12)
	at org.junit.runners.model.FrameworkMethod.invokeExplosively(FrameworkMethod.java:47)
	at org.junit.internal.runners.statements.InvokeMethod.evaluate(InvokeMethod.java:17)
	at org.junit.internal.runners.statements.FailOnTimeout$CallableStatement.call(FailOnTimeout.java:298)
	at org.junit.internal.runners.statements.FailOnTimeout$CallableStatement.call(FailOnTimeout.java:292)
	at java.util.concurrent.FutureTask.run(FutureTask.java:266)
	at java.lang.Thread.run(Thread.java:748)
Caused by: javax.xml.stream.XMLStreamException: Can not output XML declaration, after other output has already been done.
	at com.ctc.wstx.sw.BaseStreamWriter.throwOutputError(BaseStreamWriter.java:1584)
	at com.ctc.wstx.sw.BaseStreamWriter.reportNwfStructure(BaseStreamWriter.java:1613)
	at com.ctc.wstx.sw.BaseStreamWriter.doWriteStartDocument(BaseStreamWriter.java:674)
	at com.ctc.wstx.sw.BaseStreamWriter.writeStartDocument(BaseStreamWriter.java:662)
	at com.fasterxml.jackson.dataformat.xml.ser.ToXmlGenerator.initGenerator(ToXmlGenerator.java:197)
	... 15 more
5) test31(com.fasterxml.jackson.dataformat.xml.ser.XmlSerializerProvider_ESTest)
com.fasterxml.jackson.databind.JsonMappingException: [no message for java.lang.NullPointerException]
	at com.fasterxml.jackson.databind.JsonMappingException.from(JsonMappingException.java:291)
	at com.fasterxml.jackson.dataformat.xml.ser.XmlSerializerProvider.serializeValue(XmlSerializerProvider.java:192)
	at com.fasterxml.jackson.dataformat.xml.ser.XmlSerializerProvider_ESTest.test31(XmlSerializerProvider_ESTest.java:687)
	at sun.reflect.NativeMethodAccessorImpl.invoke0(Native Method)
	at sun.reflect.NativeMethodAccessorImpl.invoke(NativeMethodAccessorImpl.java:62)
	at sun.reflect.DelegatingMethodAccessorImpl.invoke(DelegatingMethodAccessorImpl.java:43)
	at java.lang.reflect.Method.invoke(Method.java:498)
	at org.junit.runners.model.FrameworkMethod$1.runReflectiveCall(FrameworkMethod.java:50)
	at org.junit.internal.runners.model.ReflectiveCallable.run(ReflectiveCallable.java:12)
	at org.junit.runners.model.FrameworkMethod.invokeExplosively(FrameworkMethod.java:47)
	at org.junit.internal.runners.statements.InvokeMethod.evaluate(InvokeMethod.java:17)
	at org.junit.internal.runners.statements.FailOnTimeout$CallableStatement.call(FailOnTimeout.java:298)
	at org.junit.internal.runners.statements.FailOnTimeout$CallableStatement.call(FailOnTimeout.java:292)
	at java.util.concurrent.FutureTask.run(FutureTask.java:266)
	at java.lang.Thread.run(Thread.java:748)
6) test32(com.fasterxml.jackson.dataformat.xml.ser.XmlSerializerProvider_ESTest)
com.fasterxml.jackson.databind.JsonMappingException: Null key for a Map not allowed in JSON (use a converting NullKeySerializer?)
	at com.fasterxml.jackson.databind.JsonMappingException.from(JsonMappingException.java:284)
	at com.fasterxml.jackson.databind.SerializerProvider.mappingException(SerializerProvider.java:1110)
	at com.fasterxml.jackson.databind.SerializerProvider.reportMappingProblem(SerializerProvider.java:1135)
	at com.fasterxml.jackson.databind.ser.impl.FailingSerializer.serialize(FailingSerializer.java:35)
	at com.fasterxml.jackson.dataformat.xml.ser.XmlSerializerProvider.serializeValue(XmlSerializerProvider.java:184)
	at com.fasterxml.jackson.dataformat.xml.ser.XmlSerializerProvider_ESTest.test32(XmlSerializerProvider_ESTest.java:709)
	at sun.reflect.NativeMethodAccessorImpl.invoke0(Native Method)
	at sun.reflect.NativeMethodAccessorImpl.invoke(NativeMethodAccessorImpl.java:62)
	at sun.reflect.DelegatingMethodAccessorImpl.invoke(DelegatingMethodAccessorImpl.java:43)
	at java.lang.reflect.Method.invoke(Method.java:498)
	at org.junit.runners.model.FrameworkMethod$1.runReflectiveCall(FrameworkMethod.java:50)
	at org.junit.internal.runners.model.ReflectiveCallable.run(ReflectiveCallable.java:12)
	at org.junit.runners.model.FrameworkMethod.invokeExplosively(FrameworkMethod.java:47)
	at org.junit.internal.runners.statements.InvokeMethod.evaluate(InvokeMethod.java:17)
	at org.junit.internal.runners.statements.FailOnTimeout$CallableStatement.call(FailOnTimeout.java:298)
	at org.junit.internal.runners.statements.FailOnTimeout$CallableStatement.call(FailOnTimeout.java:292)
	at java.util.concurrent.FutureTask.run(FutureTask.java:266)
	at java.lang.Thread.run(Thread.java:748)
7) test11(com.fasterxml.jackson.dataformat.xml.ser.XmlSerializerProvider_ESTest)
org.evosuite.runtime.mock.java.io.MockIOException: javax.xml.stream.XMLStreamException: Unbound namespace URI ''
	at com.fasterxml.jackson.dataformat.xml.util.StaxUtil.throwXmlAsIOException(StaxUtil.java:24)
	at com.fasterxml.jackson.dataformat.xml.ser.ToXmlGenerator.writeNull(ToXmlGenerator.java:819)
	at com.fasterxml.jackson.databind.ser.std.NullSerializer.serialize(NullSerializer.java:30)
	at com.fasterxml.jackson.databind.ser.DefaultSerializerProvider._serializeNull(DefaultSerializerProvider.java:515)
	at com.fasterxml.jackson.databind.ser.DefaultSerializerProvider.serializeValue(DefaultSerializerProvider.java:265)
	at com.fasterxml.jackson.dataformat.xml.ser.XmlSerializerProvider._serializeXmlNull(XmlSerializerProvider.java:207)
	at com.fasterxml.jackson.dataformat.xml.ser.XmlSerializerProvider.serializeValue(XmlSerializerProvider.java:115)
	at com.fasterxml.jackson.dataformat.xml.ser.XmlSerializerProvider_ESTest.test11(XmlSerializerProvider_ESTest.java:267)
	at sun.reflect.NativeMethodAccessorImpl.invoke0(Native Method)
	at sun.reflect.NativeMethodAccessorImpl.invoke(NativeMethodAccessorImpl.java:62)
	at sun.reflect.DelegatingMethodAccessorImpl.invoke(DelegatingMethodAccessorImpl.java:43)
	at java.lang.reflect.Method.invoke(Method.java:498)
	at org.junit.runners.model.FrameworkMethod$1.runReflectiveCall(FrameworkMethod.java:50)
	at org.junit.internal.runners.model.ReflectiveCallable.run(ReflectiveCallable.java:12)
	at org.junit.runners.model.FrameworkMethod.invokeExplosively(FrameworkMethod.java:47)
	at org.junit.internal.runners.statements.InvokeMethod.evaluate(InvokeMethod.java:17)
	at org.junit.internal.runners.statements.FailOnTimeout$CallableStatement.call(FailOnTimeout.java:298)
	at org.junit.internal.runners.statements.FailOnTimeout$CallableStatement.call(FailOnTimeout.java:292)
	at java.util.concurrent.FutureTask.run(FutureTask.java:266)
	at java.lang.Thread.run(Thread.java:748)
Caused by: javax.xml.stream.XMLStreamException: Unbound namespace URI ''
	at com.ctc.wstx.sw.SimpleNsStreamWriter.writeStartOrEmpty(SimpleNsStreamWriter.java:238)
	at com.ctc.wstx.sw.BaseNsStreamWriter.writeEmptyElement(BaseNsStreamWriter.java:275)
	at com.fasterxml.jackson.dataformat.xml.ser.ToXmlGenerator.writeNull(ToXmlGenerator.java:815)
	... 18 more
8) test33(com.fasterxml.jackson.dataformat.xml.ser.XmlSerializerProvider_ESTest)
java.lang.NullPointerException
	at com.fasterxml.jackson.dataformat.xml.ser.XmlSerializerProvider._rootNameFromConfig(XmlSerializerProvider.java:246)
	at com.fasterxml.jackson.dataformat.xml.ser.XmlSerializerProvider.serializeValue(XmlSerializerProvider.java:169)
	at com.fasterxml.jackson.dataformat.xml.ser.XmlSerializerProvider_ESTest.test33(XmlSerializerProvider_ESTest.java:740)
	at sun.reflect.NativeMethodAccessorImpl.invoke0(Native Method)
	at sun.reflect.NativeMethodAccessorImpl.invoke(NativeMethodAccessorImpl.java:62)
	at sun.reflect.DelegatingMethodAccessorImpl.invoke(DelegatingMethodAccessorImpl.java:43)
	at java.lang.reflect.Method.invoke(Method.java:498)
	at org.junit.runners.model.FrameworkMethod$1.runReflectiveCall(FrameworkMethod.java:50)
	at org.junit.internal.runners.model.ReflectiveCallable.run(ReflectiveCallable.java:12)
	at org.junit.runners.model.FrameworkMethod.invokeExplosively(FrameworkMethod.java:47)
	at org.junit.internal.runners.statements.InvokeMethod.evaluate(InvokeMethod.java:17)
	at org.junit.internal.runners.statements.FailOnTimeout$CallableStatement.call(FailOnTimeout.java:298)
	at org.junit.internal.runners.statements.FailOnTimeout$CallableStatement.call(FailOnTimeout.java:292)
	at java.util.concurrent.FutureTask.run(FutureTask.java:266)
	at java.lang.Thread.run(Thread.java:748)
9) test12(com.fasterxml.jackson.dataformat.xml.ser.XmlSerializerProvider_ESTest)
com.fasterxml.jackson.databind.JsonMappingException: XmlMapper does not with generators of type other than ToXmlGenerator; got: com.fasterxml.jackson.core.json.UTF8JsonGenerator
	at com.fasterxml.jackson.databind.JsonMappingException.from(JsonMappingException.java:284)
	at com.fasterxml.jackson.dataformat.xml.ser.XmlSerializerProvider._asXmlGenerator(XmlSerializerProvider.java:264)
	at com.fasterxml.jackson.dataformat.xml.ser.XmlSerializerProvider.serializeValue(XmlSerializerProvider.java:119)
	at com.fasterxml.jackson.dataformat.xml.ser.XmlSerializerProvider_ESTest.test12(XmlSerializerProvider_ESTest.java:287)
	at sun.reflect.NativeMethodAccessorImpl.invoke0(Native Method)
	at sun.reflect.NativeMethodAccessorImpl.invoke(NativeMethodAccessorImpl.java:62)
	at sun.reflect.DelegatingMethodAccessorImpl.invoke(DelegatingMethodAccessorImpl.java:43)
	at java.lang.reflect.Method.invoke(Method.java:498)
	at org.junit.runners.model.FrameworkMethod$1.runReflectiveCall(FrameworkMethod.java:50)
	at org.junit.internal.runners.model.ReflectiveCallable.run(ReflectiveCallable.java:12)
	at org.junit.runners.model.FrameworkMethod.invokeExplosively(FrameworkMethod.java:47)
	at org.junit.internal.runners.statements.InvokeMethod.evaluate(InvokeMethod.java:17)
	at org.junit.internal.runners.statements.FailOnTimeout$CallableStatement.call(FailOnTimeout.java:298)
	at org.junit.internal.runners.statements.FailOnTimeout$CallableStatement.call(FailOnTimeout.java:292)
	at java.util.concurrent.FutureTask.run(FutureTask.java:266)
	at java.lang.Thread.run(Thread.java:748)
10) test13(com.fasterxml.jackson.dataformat.xml.ser.XmlSerializerProvider_ESTest)
org.evosuite.runtime.mock.java.io.MockIOException: javax.xml.stream.XMLStreamException: Unbound namespace URI ''
	at com.fasterxml.jackson.dataformat.xml.util.StaxUtil.throwXmlAsIOException(StaxUtil.java:24)
	at com.fasterxml.jackson.dataformat.xml.ser.ToXmlGenerator.writeNull(ToXmlGenerator.java:819)
	at com.fasterxml.jackson.databind.ser.std.NullSerializer.serialize(NullSerializer.java:30)
	at com.fasterxml.jackson.databind.ser.DefaultSerializerProvider._serializeNull(DefaultSerializerProvider.java:515)
	at com.fasterxml.jackson.databind.ser.DefaultSerializerProvider.serializeValue(DefaultSerializerProvider.java:265)
	at com.fasterxml.jackson.dataformat.xml.ser.XmlSerializerProvider._serializeXmlNull(XmlSerializerProvider.java:207)
	at com.fasterxml.jackson.dataformat.xml.ser.XmlSerializerProvider.serializeValue(XmlSerializerProvider.java:69)
	at com.fasterxml.jackson.dataformat.xml.ser.XmlSerializerProvider_ESTest.test13(XmlSerializerProvider_ESTest.java:312)
	at sun.reflect.NativeMethodAccessorImpl.invoke0(Native Method)
	at sun.reflect.NativeMethodAccessorImpl.invoke(NativeMethodAccessorImpl.java:62)
	at sun.reflect.DelegatingMethodAccessorImpl.invoke(DelegatingMethodAccessorImpl.java:43)
	at java.lang.reflect.Method.invoke(Method.java:498)
	at org.junit.runners.model.FrameworkMethod$1.runReflectiveCall(FrameworkMethod.java:50)
	at org.junit.internal.runners.model.ReflectiveCallable.run(ReflectiveCallable.java:12)
	at org.junit.runners.model.FrameworkMethod.invokeExplosively(FrameworkMethod.java:47)
	at org.junit.internal.runners.statements.InvokeMethod.evaluate(InvokeMethod.java:17)
	at org.junit.internal.runners.statements.FailOnTimeout$CallableStatement.call(FailOnTimeout.java:298)
	at org.junit.internal.runners.statements.FailOnTimeout$CallableStatement.call(FailOnTimeout.java:292)
	at java.util.concurrent.FutureTask.run(FutureTask.java:266)
	at java.lang.Thread.run(Thread.java:748)
Caused by: javax.xml.stream.XMLStreamException: Unbound namespace URI ''
	at com.ctc.wstx.sw.SimpleNsStreamWriter.writeStartOrEmpty(SimpleNsStreamWriter.java:238)
	at com.ctc.wstx.sw.BaseNsStreamWriter.writeEmptyElement(BaseNsStreamWriter.java:275)
	at com.fasterxml.jackson.dataformat.xml.ser.ToXmlGenerator.writeNull(ToXmlGenerator.java:815)
	... 18 more
11) test35(com.fasterxml.jackson.dataformat.xml.ser.XmlSerializerProvider_ESTest)
java.lang.NullPointerException
	at com.fasterxml.jackson.databind.SerializerProvider.findTypedValueSerializer(SerializerProvider.java:732)
	at com.fasterxml.jackson.dataformat.xml.ser.XmlSerializerProvider.serializeValue(XmlSerializerProvider.java:180)
	at com.fasterxml.jackson.dataformat.xml.ser.XmlSerializerProvider_ESTest.test35(XmlSerializerProvider_ESTest.java:777)
	at sun.reflect.NativeMethodAccessorImpl.invoke0(Native Method)
	at sun.reflect.NativeMethodAccessorImpl.invoke(NativeMethodAccessorImpl.java:62)
	at sun.reflect.DelegatingMethodAccessorImpl.invoke(DelegatingMethodAccessorImpl.java:43)
	at java.lang.reflect.Method.invoke(Method.java:498)
	at org.junit.runners.model.FrameworkMethod$1.runReflectiveCall(FrameworkMethod.java:50)
	at org.junit.internal.runners.model.ReflectiveCallable.run(ReflectiveCallable.java:12)
	at org.junit.runners.model.FrameworkMethod.invokeExplosively(FrameworkMethod.java:47)
	at org.junit.internal.runners.statements.InvokeMethod.evaluate(InvokeMethod.java:17)
	at org.junit.internal.runners.statements.FailOnTimeout$CallableStatement.call(FailOnTimeout.java:298)
	at org.junit.internal.runners.statements.FailOnTimeout$CallableStatement.call(FailOnTimeout.java:292)
	at java.util.concurrent.FutureTask.run(FutureTask.java:266)
	at java.lang.Thread.run(Thread.java:748)
12) test14(com.fasterxml.jackson.dataformat.xml.ser.XmlSerializerProvider_ESTest)
com.fasterxml.jackson.databind.JsonMappingException: XmlMapper does not with generators of type other than ToXmlGenerator; got: com.fasterxml.jackson.core.json.UTF8JsonGenerator
	at com.fasterxml.jackson.databind.JsonMappingException.from(JsonMappingException.java:284)
	at com.fasterxml.jackson.dataformat.xml.ser.XmlSerializerProvider._asXmlGenerator(XmlSerializerProvider.java:264)
	at com.fasterxml.jackson.dataformat.xml.ser.XmlSerializerProvider.serializeValue(XmlSerializerProvider.java:74)
	at com.fasterxml.jackson.dataformat.xml.ser.XmlSerializerProvider_ESTest.test14(XmlSerializerProvider_ESTest.java:334)
	at sun.reflect.NativeMethodAccessorImpl.invoke0(Native Method)
	at sun.reflect.NativeMethodAccessorImpl.invoke(NativeMethodAccessorImpl.java:62)
	at sun.reflect.DelegatingMethodAccessorImpl.invoke(DelegatingMethodAccessorImpl.java:43)
	at java.lang.reflect.Method.invoke(Method.java:498)
	at org.junit.runners.model.FrameworkMethod$1.runReflectiveCall(FrameworkMethod.java:50)
	at org.junit.internal.runners.model.ReflectiveCallable.run(ReflectiveCallable.java:12)
	at org.junit.runners.model.FrameworkMethod.invokeExplosively(FrameworkMethod.java:47)
	at org.junit.internal.runners.statements.InvokeMethod.evaluate(InvokeMethod.java:17)
	at org.junit.internal.runners.statements.FailOnTimeout$CallableStatement.call(FailOnTimeout.java:298)
	at org.junit.internal.runners.statements.FailOnTimeout$CallableStatement.call(FailOnTimeout.java:292)
	at java.util.concurrent.FutureTask.run(FutureTask.java:266)
	at java.lang.Thread.run(Thread.java:748)
13) test36(com.fasterxml.jackson.dataformat.xml.ser.XmlSerializerProvider_ESTest)
java.lang.NullPointerException
	at com.fasterxml.jackson.dataformat.xml.ser.XmlSerializerProvider._rootNameFromConfig(XmlSerializerProvider.java:246)
	at com.fasterxml.jackson.dataformat.xml.ser.XmlSerializerProvider.serializeValue(XmlSerializerProvider.java:123)
	at com.fasterxml.jackson.dataformat.xml.ser.XmlSerializerProvider_ESTest.test36(XmlSerializerProvider_ESTest.java:804)
	at sun.reflect.NativeMethodAccessorImpl.invoke0(Native Method)
	at sun.reflect.NativeMethodAccessorImpl.invoke(NativeMethodAccessorImpl.java:62)
	at sun.reflect.DelegatingMethodAccessorImpl.invoke(DelegatingMethodAccessorImpl.java:43)
	at java.lang.reflect.Method.invoke(Method.java:498)
	at org.junit.runners.model.FrameworkMethod$1.runReflectiveCall(FrameworkMethod.java:50)
	at org.junit.internal.runners.model.ReflectiveCallable.run(ReflectiveCallable.java:12)
	at org.junit.runners.model.FrameworkMethod.invokeExplosively(FrameworkMethod.java:47)
	at org.junit.internal.runners.statements.InvokeMethod.evaluate(InvokeMethod.java:17)
	at org.junit.internal.runners.statements.FailOnTimeout$CallableStatement.call(FailOnTimeout.java:298)
	at org.junit.internal.runners.statements.FailOnTimeout$CallableStatement.call(FailOnTimeout.java:292)
	at java.util.concurrent.FutureTask.run(FutureTask.java:266)
	at java.lang.Thread.run(Thread.java:748)
14) test15(com.fasterxml.jackson.dataformat.xml.ser.XmlSerializerProvider_ESTest)
org.evosuite.runtime.mock.java.lang.MockNullPointerException
	at com.fasterxml.jackson.databind.SerializerProvider.<init>(SerializerProvider.java:215)
	at com.fasterxml.jackson.databind.ser.DefaultSerializerProvider.<init>(DefaultSerializerProvider.java:69)
	at com.fasterxml.jackson.dataformat.xml.ser.XmlSerializerProvider.<init>(XmlSerializerProvider.java:48)
	at com.fasterxml.jackson.dataformat.xml.ser.XmlSerializerProvider.createInstance(XmlSerializerProvider.java:61)
	at com.fasterxml.jackson.dataformat.xml.ser.XmlSerializerProvider_ESTest.test15(XmlSerializerProvider_ESTest.java:352)
	at sun.reflect.NativeMethodAccessorImpl.invoke0(Native Method)
	at sun.reflect.NativeMethodAccessorImpl.invoke(NativeMethodAccessorImpl.java:62)
	at sun.reflect.DelegatingMethodAccessorImpl.invoke(DelegatingMethodAccessorImpl.java:43)
	at java.lang.reflect.Method.invoke(Method.java:498)
	at org.junit.runners.model.FrameworkMethod$1.runReflectiveCall(FrameworkMethod.java:50)
	at org.junit.internal.runners.model.ReflectiveCallable.run(ReflectiveCallable.java:12)
	at org.junit.runners.model.FrameworkMethod.invokeExplosively(FrameworkMethod.java:47)
	at org.junit.internal.runners.statements.InvokeMethod.evaluate(InvokeMethod.java:17)
	at org.junit.internal.runners.statements.FailOnTimeout$CallableStatement.call(FailOnTimeout.java:298)
	at org.junit.internal.runners.statements.FailOnTimeout$CallableStatement.call(FailOnTimeout.java:292)
	at java.util.concurrent.FutureTask.run(FutureTask.java:266)
	at java.lang.Thread.run(Thread.java:748)
15) test37(com.fasterxml.jackson.dataformat.xml.ser.XmlSerializerProvider_ESTest)
java.lang.NullPointerException
	at com.fasterxml.jackson.databind.SerializerProvider.findTypedValueSerializer(SerializerProvider.java:732)
	at com.fasterxml.jackson.dataformat.xml.ser.XmlSerializerProvider.serializeValue(XmlSerializerProvider.java:134)
	at com.fasterxml.jackson.dataformat.xml.ser.XmlSerializerProvider_ESTest.test37(XmlSerializerProvider_ESTest.java:826)
	at sun.reflect.NativeMethodAccessorImpl.invoke0(Native Method)
	at sun.reflect.NativeMethodAccessorImpl.invoke(NativeMethodAccessorImpl.java:62)
	at sun.reflect.DelegatingMethodAccessorImpl.invoke(DelegatingMethodAccessorImpl.java:43)
	at java.lang.reflect.Method.invoke(Method.java:498)
	at org.junit.runners.model.FrameworkMethod$1.runReflectiveCall(FrameworkMethod.java:50)
	at org.junit.internal.runners.model.ReflectiveCallable.run(ReflectiveCallable.java:12)
	at org.junit.runners.model.FrameworkMethod.invokeExplosively(FrameworkMethod.java:47)
	at org.junit.internal.runners.statements.InvokeMethod.evaluate(InvokeMethod.java:17)
	at org.junit.internal.runners.statements.FailOnTimeout$CallableStatement.call(FailOnTimeout.java:298)
	at org.junit.internal.runners.statements.FailOnTimeout$CallableStatement.call(FailOnTimeout.java:292)
	at java.util.concurrent.FutureTask.run(FutureTask.java:266)
	at java.lang.Thread.run(Thread.java:748)
16) test16(com.fasterxml.jackson.dataformat.xml.ser.XmlSerializerProvider_ESTest)
java.lang.NullPointerException
	at com.fasterxml.jackson.dataformat.xml.ser.XmlSerializerProvider._startRootArray(XmlSerializerProvider.java:212)
	at com.fasterxml.jackson.dataformat.xml.ser.XmlSerializerProvider_ESTest.test16(XmlSerializerProvider_ESTest.java:370)
	at sun.reflect.NativeMethodAccessorImpl.invoke0(Native Method)
	at sun.reflect.NativeMethodAccessorImpl.invoke(NativeMethodAccessorImpl.java:62)
	at sun.reflect.DelegatingMethodAccessorImpl.invoke(DelegatingMethodAccessorImpl.java:43)
	at java.lang.reflect.Method.invoke(Method.java:498)
	at org.junit.runners.model.FrameworkMethod$1.runReflectiveCall(FrameworkMethod.java:50)
	at org.junit.internal.runners.model.ReflectiveCallable.run(ReflectiveCallable.java:12)
	at org.junit.runners.model.FrameworkMethod.invokeExplosively(FrameworkMethod.java:47)
	at org.junit.internal.runners.statements.InvokeMethod.evaluate(InvokeMethod.java:17)
	at org.junit.internal.runners.statements.FailOnTimeout$CallableStatement.call(FailOnTimeout.java:298)
	at org.junit.internal.runners.statements.FailOnTimeout$CallableStatement.call(FailOnTimeout.java:292)
	at java.util.concurrent.FutureTask.run(FutureTask.java:266)
	at java.lang.Thread.run(Thread.java:748)
17) test38(com.fasterxml.jackson.dataformat.xml.ser.XmlSerializerProvider_ESTest)
java.lang.NullPointerException
	at com.ctc.wstx.sw.EncodingXmlWriter.flushBuffer(EncodingXmlWriter.java:742)
	at com.ctc.wstx.sw.EncodingXmlWriter.flush(EncodingXmlWriter.java:176)
	at com.ctc.wstx.sw.BaseStreamWriter.flush(BaseStreamWriter.java:260)
	at com.fasterxml.jackson.dataformat.xml.ser.ToXmlGenerator.flush(ToXmlGenerator.java:1047)
	at com.fasterxml.jackson.databind.ObjectMapper.writeValue(ObjectMapper.java:2495)
	at com.fasterxml.jackson.core.base.GeneratorBase.writeObject(GeneratorBase.java:378)
	at com.fasterxml.jackson.dataformat.xml.ser.XmlSerializerProvider_ESTest.test38(XmlSerializerProvider_ESTest.java:851)
	at sun.reflect.NativeMethodAccessorImpl.invoke0(Native Method)
	at sun.reflect.NativeMethodAccessorImpl.invoke(NativeMethodAccessorImpl.java:62)
	at sun.reflect.DelegatingMethodAccessorImpl.invoke(DelegatingMethodAccessorImpl.java:43)
	at java.lang.reflect.Method.invoke(Method.java:498)
	at org.junit.runners.model.FrameworkMethod$1.runReflectiveCall(FrameworkMethod.java:50)
	at org.junit.internal.runners.model.ReflectiveCallable.run(ReflectiveCallable.java:12)
	at org.junit.runners.model.FrameworkMethod.invokeExplosively(FrameworkMethod.java:47)
	at org.junit.internal.runners.statements.InvokeMethod.evaluate(InvokeMethod.java:17)
	at org.junit.internal.runners.statements.FailOnTimeout$CallableStatement.call(FailOnTimeout.java:298)
	at org.junit.internal.runners.statements.FailOnTimeout$CallableStatement.call(FailOnTimeout.java:292)
	at java.util.concurrent.FutureTask.run(FutureTask.java:266)
	at java.lang.Thread.run(Thread.java:748)
18) test40(com.fasterxml.jackson.dataformat.xml.ser.XmlSerializerProvider_ESTest)
java.lang.NullPointerException
	at com.fasterxml.jackson.databind.SerializerProvider.findTypedValueSerializer(SerializerProvider.java:687)
	at com.fasterxml.jackson.dataformat.xml.ser.XmlSerializerProvider.serializeValue(XmlSerializerProvider.java:90)
	at com.fasterxml.jackson.dataformat.xml.ser.XmlSerializerProvider_ESTest.test40(XmlSerializerProvider_ESTest.java:897)
	at sun.reflect.NativeMethodAccessorImpl.invoke0(Native Method)
	at sun.reflect.NativeMethodAccessorImpl.invoke(NativeMethodAccessorImpl.java:62)
	at sun.reflect.DelegatingMethodAccessorImpl.invoke(DelegatingMethodAccessorImpl.java:43)
	at java.lang.reflect.Method.invoke(Method.java:498)
	at org.junit.runners.model.FrameworkMethod$1.runReflectiveCall(FrameworkMethod.java:50)
	at org.junit.internal.runners.model.ReflectiveCallable.run(ReflectiveCallable.java:12)
	at org.junit.runners.model.FrameworkMethod.invokeExplosively(FrameworkMethod.java:47)
	at org.junit.internal.runners.statements.InvokeMethod.evaluate(InvokeMethod.java:17)
	at org.junit.internal.runners.statements.FailOnTimeout$CallableStatement.call(FailOnTimeout.java:298)
	at org.junit.internal.runners.statements.FailOnTimeout$CallableStatement.call(FailOnTimeout.java:292)
	at java.util.concurrent.FutureTask.run(FutureTask.java:266)
	at java.lang.Thread.run(Thread.java:748)
19) test28(com.fasterxml.jackson.dataformat.xml.ser.XmlSerializerProvider_ESTest)
org.evosuite.runtime.mock.java.io.MockIOException: javax.xml.stream.XMLStreamException: Unbound namespace URI ''
	at com.fasterxml.jackson.dataformat.xml.util.StaxUtil.throwXmlAsIOException(StaxUtil.java:24)
	at com.fasterxml.jackson.dataformat.xml.ser.ToXmlGenerator.writeNull(ToXmlGenerator.java:819)
	at com.fasterxml.jackson.databind.ser.std.NullSerializer.serialize(NullSerializer.java:30)
	at com.fasterxml.jackson.databind.ser.DefaultSerializerProvider._serializeNull(DefaultSerializerProvider.java:515)
	at com.fasterxml.jackson.databind.ser.DefaultSerializerProvider.serializeValue(DefaultSerializerProvider.java:265)
	at com.fasterxml.jackson.dataformat.xml.ser.XmlSerializerProvider._serializeXmlNull(XmlSerializerProvider.java:207)
	at com.fasterxml.jackson.dataformat.xml.ser.XmlSerializerProvider.serializeValue(XmlSerializerProvider.java:161)
	at com.fasterxml.jackson.dataformat.xml.ser.XmlSerializerProvider_ESTest.test28(XmlSerializerProvider_ESTest.java:637)
	at sun.reflect.NativeMethodAccessorImpl.invoke0(Native Method)
	at sun.reflect.NativeMethodAccessorImpl.invoke(NativeMethodAccessorImpl.java:62)
	at sun.reflect.DelegatingMethodAccessorImpl.invoke(DelegatingMethodAccessorImpl.java:43)
	at java.lang.reflect.Method.invoke(Method.java:498)
	at org.junit.runners.model.FrameworkMethod$1.runReflectiveCall(FrameworkMethod.java:50)
	at org.junit.internal.runners.model.ReflectiveCallable.run(ReflectiveCallable.java:12)
	at org.junit.runners.model.FrameworkMethod.invokeExplosively(FrameworkMethod.java:47)
	at org.junit.internal.runners.statements.InvokeMethod.evaluate(InvokeMethod.java:17)
	at org.junit.internal.runners.statements.FailOnTimeout$CallableStatement.call(FailOnTimeout.java:298)
	at org.junit.internal.runners.statements.FailOnTimeout$CallableStatement.call(FailOnTimeout.java:292)
	at java.util.concurrent.FutureTask.run(FutureTask.java:266)
	at java.lang.Thread.run(Thread.java:748)
Caused by: javax.xml.stream.XMLStreamException: Unbound namespace URI ''
	at com.ctc.wstx.sw.SimpleNsStreamWriter.writeStartOrEmpty(SimpleNsStreamWriter.java:238)
	at com.ctc.wstx.sw.BaseNsStreamWriter.writeEmptyElement(BaseNsStreamWriter.java:275)
	at com.fasterxml.jackson.dataformat.xml.ser.ToXmlGenerator.writeNull(ToXmlGenerator.java:815)
	... 18 more
20) test20(com.fasterxml.jackson.dataformat.xml.ser.XmlSerializerProvider_ESTest)
com.fasterxml.jackson.databind.JsonMappingException: [no message for java.lang.NullPointerException]
	at com.fasterxml.jackson.databind.JsonMappingException.from(JsonMappingException.java:291)
	at com.fasterxml.jackson.databind.SerializerProvider.mappingException(SerializerProvider.java:1124)
	at com.fasterxml.jackson.databind.SerializerProvider.reportMappingProblem(SerializerProvider.java:1146)
	at com.fasterxml.jackson.databind.ser.DefaultSerializerProvider._serializeNull(DefaultSerializerProvider.java:523)
	at com.fasterxml.jackson.databind.ser.DefaultSerializerProvider.serializeValue(DefaultSerializerProvider.java:265)
	at com.fasterxml.jackson.dataformat.xml.ser.XmlSerializerProvider._serializeXmlNull(XmlSerializerProvider.java:207)
	at com.fasterxml.jackson.dataformat.xml.ser.XmlSerializerProvider_ESTest.test20(XmlSerializerProvider_ESTest.java:464)
	at sun.reflect.NativeMethodAccessorImpl.invoke0(Native Method)
	at sun.reflect.NativeMethodAccessorImpl.invoke(NativeMethodAccessorImpl.java:62)
	at sun.reflect.DelegatingMethodAccessorImpl.invoke(DelegatingMethodAccessorImpl.java:43)
	at java.lang.reflect.Method.invoke(Method.java:498)
	at org.junit.runners.model.FrameworkMethod$1.runReflectiveCall(FrameworkMethod.java:50)
	at org.junit.internal.runners.model.ReflectiveCallable.run(ReflectiveCallable.java:12)
	at org.junit.runners.model.FrameworkMethod.invokeExplosively(FrameworkMethod.java:47)
	at org.junit.internal.runners.statements.InvokeMethod.evaluate(InvokeMethod.java:17)
	at org.junit.internal.runners.statements.FailOnTimeout$CallableStatement.call(FailOnTimeout.java:298)
	at org.junit.internal.runners.statements.FailOnTimeout$CallableStatement.call(FailOnTimeout.java:292)
	at java.util.concurrent.FutureTask.run(FutureTask.java:266)
	at java.lang.Thread.run(Thread.java:748)
21) test42(com.fasterxml.jackson.dataformat.xml.ser.XmlSerializerProvider_ESTest)
org.evosuite.runtime.mock.java.lang.MockIllegalStateException: No element/attribute name specified when trying to output element
	at com.fasterxml.jackson.dataformat.xml.ser.ToXmlGenerator.handleMissingName(ToXmlGenerator.java:1122)
	at com.fasterxml.jackson.dataformat.xml.ser.ToXmlGenerator._handleStartObject(ToXmlGenerator.java:513)
	at com.fasterxml.jackson.dataformat.xml.ser.ToXmlGenerator.writeStartObject(ToXmlGenerator.java:489)
	at com.fasterxml.jackson.dataformat.xml.ser.XmlSerializerProvider._startRootArray(XmlSerializerProvider.java:212)
	at com.fasterxml.jackson.dataformat.xml.ser.XmlSerializerProvider_ESTest.test42(XmlSerializerProvider_ESTest.java:937)
	at sun.reflect.NativeMethodAccessorImpl.invoke0(Native Method)
	at sun.reflect.NativeMethodAccessorImpl.invoke(NativeMethodAccessorImpl.java:62)
	at sun.reflect.DelegatingMethodAccessorImpl.invoke(DelegatingMethodAccessorImpl.java:43)
	at java.lang.reflect.Method.invoke(Method.java:498)
	at org.junit.runners.model.FrameworkMethod$1.runReflectiveCall(FrameworkMethod.java:50)
	at org.junit.internal.runners.model.ReflectiveCallable.run(ReflectiveCallable.java:12)
	at org.junit.runners.model.FrameworkMethod.invokeExplosively(FrameworkMethod.java:47)
	at org.junit.internal.runners.statements.InvokeMethod.evaluate(InvokeMethod.java:17)
	at org.junit.internal.runners.statements.FailOnTimeout$CallableStatement.call(FailOnTimeout.java:298)
	at org.junit.internal.runners.statements.FailOnTimeout$CallableStatement.call(FailOnTimeout.java:292)
	at java.util.concurrent.FutureTask.run(FutureTask.java:266)
	at java.lang.Thread.run(Thread.java:748)
22) test21(com.fasterxml.jackson.dataformat.xml.ser.XmlSerializerProvider_ESTest)
java.lang.NullPointerException
	at com.fasterxml.jackson.dataformat.xml.ser.XmlSerializerProvider._rootNameFromConfig(XmlSerializerProvider.java:246)
	at com.fasterxml.jackson.dataformat.xml.ser.XmlSerializerProvider_ESTest.test21(XmlSerializerProvider_ESTest.java:481)
	at sun.reflect.NativeMethodAccessorImpl.invoke0(Native Method)
	at sun.reflect.NativeMethodAccessorImpl.invoke(NativeMethodAccessorImpl.java:62)
	at sun.reflect.DelegatingMethodAccessorImpl.invoke(DelegatingMethodAccessorImpl.java:43)
	at java.lang.reflect.Method.invoke(Method.java:498)
	at org.junit.runners.model.FrameworkMethod$1.runReflectiveCall(FrameworkMethod.java:50)
	at org.junit.internal.runners.model.ReflectiveCallable.run(ReflectiveCallable.java:12)
	at org.junit.runners.model.FrameworkMethod.invokeExplosively(FrameworkMethod.java:47)
	at org.junit.internal.runners.statements.InvokeMethod.evaluate(InvokeMethod.java:17)
	at org.junit.internal.runners.statements.FailOnTimeout$CallableStatement.call(FailOnTimeout.java:298)
	at org.junit.internal.runners.statements.FailOnTimeout$CallableStatement.call(FailOnTimeout.java:292)
	at java.util.concurrent.FutureTask.run(FutureTask.java:266)
	at java.lang.Thread.run(Thread.java:748)
23) test00(com.fasterxml.jackson.dataformat.xml.ser.XmlSerializerProvider_ESTest)
java.lang.NullPointerException
	at com.fasterxml.jackson.dataformat.xml.ser.XmlSerializerProvider._initWithRootName(XmlSerializerProvider.java:230)
	at com.fasterxml.jackson.dataformat.xml.ser.XmlSerializerProvider_ESTest.test00(XmlSerializerProvider_ESTest.java:85)
	at sun.reflect.NativeMethodAccessorImpl.invoke0(Native Method)
	at sun.reflect.NativeMethodAccessorImpl.invoke(NativeMethodAccessorImpl.java:62)
	at sun.reflect.DelegatingMethodAccessorImpl.invoke(DelegatingMethodAccessorImpl.java:43)
	at java.lang.reflect.Method.invoke(Method.java:498)
	at org.junit.runners.model.FrameworkMethod$1.runReflectiveCall(FrameworkMethod.java:50)
	at org.junit.internal.runners.model.ReflectiveCallable.run(ReflectiveCallable.java:12)
	at org.junit.runners.model.FrameworkMethod.invokeExplosively(FrameworkMethod.java:47)
	at org.junit.internal.runners.statements.InvokeMethod.evaluate(InvokeMethod.java:17)
	at org.junit.internal.runners.statements.FailOnTimeout$CallableStatement.call(FailOnTimeout.java:298)
	at org.junit.internal.runners.statements.FailOnTimeout$CallableStatement.call(FailOnTimeout.java:292)
	at java.util.concurrent.FutureTask.run(FutureTask.java:266)
	at java.lang.Thread.run(Thread.java:748)
24) test22(com.fasterxml.jackson.dataformat.xml.ser.XmlSerializerProvider_ESTest)
org.evosuite.runtime.mock.java.lang.MockIllegalArgumentException: Can not set default namespace for non-namespace writer.
	at com.ctc.wstx.sw.BaseStreamWriter.reportIllegalArg(BaseStreamWriter.java:1667)
	at com.ctc.wstx.sw.NonNsStreamWriter.setDefaultNamespace(NonNsStreamWriter.java:102)
	at com.fasterxml.jackson.dataformat.xml.ser.XmlSerializerProvider._initWithRootName(XmlSerializerProvider.java:237)
	at com.fasterxml.jackson.dataformat.xml.ser.XmlSerializerProvider_ESTest.test22(XmlSerializerProvider_ESTest.java:506)
	at sun.reflect.NativeMethodAccessorImpl.invoke0(Native Method)
	at sun.reflect.NativeMethodAccessorImpl.invoke(NativeMethodAccessorImpl.java:62)
	at sun.reflect.DelegatingMethodAccessorImpl.invoke(DelegatingMethodAccessorImpl.java:43)
	at java.lang.reflect.Method.invoke(Method.java:498)
	at org.junit.runners.model.FrameworkMethod$1.runReflectiveCall(FrameworkMethod.java:50)
	at org.junit.internal.runners.model.ReflectiveCallable.run(ReflectiveCallable.java:12)
	at org.junit.runners.model.FrameworkMethod.invokeExplosively(FrameworkMethod.java:47)
	at org.junit.internal.runners.statements.InvokeMethod.evaluate(InvokeMethod.java:17)
	at org.junit.internal.runners.statements.FailOnTimeout$CallableStatement.call(FailOnTimeout.java:298)
	at org.junit.internal.runners.statements.FailOnTimeout$CallableStatement.call(FailOnTimeout.java:292)
	at java.util.concurrent.FutureTask.run(FutureTask.java:266)
	at java.lang.Thread.run(Thread.java:748)
25) test01(com.fasterxml.jackson.dataformat.xml.ser.XmlSerializerProvider_ESTest)
com.fasterxml.jackson.databind.JsonMappingException: No serializer found for class com.fasterxml.jackson.core.util.BufferRecycler and no properties discovered to create BeanSerializer (to avoid exception, disable SerializationFeature.FAIL_ON_EMPTY_BEANS)
	at com.fasterxml.jackson.databind.JsonMappingException.from(JsonMappingException.java:284)
	at com.fasterxml.jackson.databind.SerializerProvider.mappingException(SerializerProvider.java:1110)
	at com.fasterxml.jackson.databind.SerializerProvider.reportMappingProblem(SerializerProvider.java:1135)
	at com.fasterxml.jackson.databind.ser.impl.UnknownSerializer.failForEmpty(UnknownSerializer.java:69)
	at com.fasterxml.jackson.databind.ser.impl.UnknownSerializer.serialize(UnknownSerializer.java:32)
	at com.fasterxml.jackson.dataformat.xml.ser.XmlSerializerProvider.serializeValue(XmlSerializerProvider.java:92)
	at com.fasterxml.jackson.databind.ObjectMapper.writeValue(ObjectMapper.java:2493)
	at com.fasterxml.jackson.core.base.GeneratorBase.writeObject(GeneratorBase.java:378)
	at com.fasterxml.jackson.dataformat.xml.ser.XmlSerializerProvider_ESTest.test01(XmlSerializerProvider_ESTest.java:109)
	at sun.reflect.NativeMethodAccessorImpl.invoke0(Native Method)
	at sun.reflect.NativeMethodAccessorImpl.invoke(NativeMethodAccessorImpl.java:62)
	at sun.reflect.DelegatingMethodAccessorImpl.invoke(DelegatingMethodAccessorImpl.java:43)
	at java.lang.reflect.Method.invoke(Method.java:498)
	at org.junit.runners.model.FrameworkMethod$1.runReflectiveCall(FrameworkMethod.java:50)
	at org.junit.internal.runners.model.ReflectiveCallable.run(ReflectiveCallable.java:12)
	at org.junit.runners.model.FrameworkMethod.invokeExplosively(FrameworkMethod.java:47)
	at org.junit.internal.runners.statements.InvokeMethod.evaluate(InvokeMethod.java:17)
	at org.junit.internal.runners.statements.FailOnTimeout$CallableStatement.call(FailOnTimeout.java:298)
	at org.junit.internal.runners.statements.FailOnTimeout$CallableStatement.call(FailOnTimeout.java:292)
	at java.util.concurrent.FutureTask.run(FutureTask.java:266)
	at java.lang.Thread.run(Thread.java:748)
26) test23(com.fasterxml.jackson.dataformat.xml.ser.XmlSerializerProvider_ESTest)
org.evosuite.runtime.mock.java.io.MockIOException: javax.xml.stream.XMLStreamException: Can not output XML declaration, after other output has already been done.
	at com.fasterxml.jackson.dataformat.xml.util.StaxUtil.throwXmlAsIOException(StaxUtil.java:24)
	at com.fasterxml.jackson.dataformat.xml.ser.ToXmlGenerator.initGenerator(ToXmlGenerator.java:211)
	at com.fasterxml.jackson.dataformat.xml.ser.XmlSerializerProvider._initWithRootName(XmlSerializerProvider.java:229)
	at com.fasterxml.jackson.dataformat.xml.ser.XmlSerializerProvider_ESTest.test23(XmlSerializerProvider_ESTest.java:532)
	at sun.reflect.NativeMethodAccessorImpl.invoke0(Native Method)
	at sun.reflect.NativeMethodAccessorImpl.invoke(NativeMethodAccessorImpl.java:62)
	at sun.reflect.DelegatingMethodAccessorImpl.invoke(DelegatingMethodAccessorImpl.java:43)
	at java.lang.reflect.Method.invoke(Method.java:498)
	at org.junit.runners.model.FrameworkMethod$1.runReflectiveCall(FrameworkMethod.java:50)
	at org.junit.internal.runners.model.ReflectiveCallable.run(ReflectiveCallable.java:12)
	at org.junit.runners.model.FrameworkMethod.invokeExplosively(FrameworkMethod.java:47)
	at org.junit.internal.runners.statements.InvokeMethod.evaluate(InvokeMethod.java:17)
	at org.junit.internal.runners.statements.FailOnTimeout$CallableStatement.call(FailOnTimeout.java:298)
	at org.junit.internal.runners.statements.FailOnTimeout$CallableStatement.call(FailOnTimeout.java:292)
	at java.util.concurrent.FutureTask.run(FutureTask.java:266)
	at java.lang.Thread.run(Thread.java:748)
Caused by: javax.xml.stream.XMLStreamException: Can not output XML declaration, after other output has already been done.
	at com.ctc.wstx.sw.BaseStreamWriter.throwOutputError(BaseStreamWriter.java:1584)
	at com.ctc.wstx.sw.BaseStreamWriter.reportNwfStructure(BaseStreamWriter.java:1613)
	at com.ctc.wstx.sw.BaseStreamWriter.doWriteStartDocument(BaseStreamWriter.java:674)
	at com.ctc.wstx.sw.BaseStreamWriter.writeStartDocument(BaseStreamWriter.java:662)
	at com.fasterxml.jackson.dataformat.xml.ser.ToXmlGenerator.initGenerator(ToXmlGenerator.java:197)
	... 14 more
27) test24(com.fasterxml.jackson.dataformat.xml.ser.XmlSerializerProvider_ESTest)
java.lang.NullPointerException
	at com.fasterxml.jackson.dataformat.xml.ser.XmlSerializerProvider._asXmlGenerator(XmlSerializerProvider.java:264)
	at com.fasterxml.jackson.dataformat.xml.ser.XmlSerializerProvider_ESTest.test24(XmlSerializerProvider_ESTest.java:549)
	at sun.reflect.NativeMethodAccessorImpl.invoke0(Native Method)
	at sun.reflect.NativeMethodAccessorImpl.invoke(NativeMethodAccessorImpl.java:62)
	at sun.reflect.DelegatingMethodAccessorImpl.invoke(DelegatingMethodAccessorImpl.java:43)
	at java.lang.reflect.Method.invoke(Method.java:498)
	at org.junit.runners.model.FrameworkMethod$1.runReflectiveCall(FrameworkMethod.java:50)
	at org.junit.internal.runners.model.ReflectiveCallable.run(ReflectiveCallable.java:12)
	at org.junit.runners.model.FrameworkMethod.invokeExplosively(FrameworkMethod.java:47)
	at org.junit.internal.runners.statements.InvokeMethod.evaluate(InvokeMethod.java:17)
	at org.junit.internal.runners.statements.FailOnTimeout$CallableStatement.call(FailOnTimeout.java:298)
	at org.junit.internal.runners.statements.FailOnTimeout$CallableStatement.call(FailOnTimeout.java:292)
	at java.util.concurrent.FutureTask.run(FutureTask.java:266)
	at java.lang.Thread.run(Thread.java:748)
28) test25(com.fasterxml.jackson.dataformat.xml.ser.XmlSerializerProvider_ESTest)
org.evosuite.runtime.mock.java.lang.MockNullPointerException
	at com.fasterxml.jackson.databind.SerializerProvider.<init>(SerializerProvider.java:215)
	at com.fasterxml.jackson.databind.ser.DefaultSerializerProvider.<init>(DefaultSerializerProvider.java:69)
	at com.fasterxml.jackson.dataformat.xml.ser.XmlSerializerProvider.<init>(XmlSerializerProvider.java:48)
	at com.fasterxml.jackson.dataformat.xml.ser.XmlSerializerProvider_ESTest.test25(XmlSerializerProvider_ESTest.java:567)
	at sun.reflect.NativeMethodAccessorImpl.invoke0(Native Method)
	at sun.reflect.NativeMethodAccessorImpl.invoke(NativeMethodAccessorImpl.java:62)
	at sun.reflect.DelegatingMethodAccessorImpl.invoke(DelegatingMethodAccessorImpl.java:43)
	at java.lang.reflect.Method.invoke(Method.java:498)
	at org.junit.runners.model.FrameworkMethod$1.runReflectiveCall(FrameworkMethod.java:50)
	at org.junit.internal.runners.model.ReflectiveCallable.run(ReflectiveCallable.java:12)
	at org.junit.runners.model.FrameworkMethod.invokeExplosively(FrameworkMethod.java:47)
	at org.junit.internal.runners.statements.InvokeMethod.evaluate(InvokeMethod.java:17)
	at org.junit.internal.runners.statements.FailOnTimeout$CallableStatement.call(FailOnTimeout.java:298)
	at org.junit.internal.runners.statements.FailOnTimeout$CallableStatement.call(FailOnTimeout.java:292)
	at java.util.concurrent.FutureTask.run(FutureTask.java:266)
	at java.lang.Thread.run(Thread.java:748)
29) test26(com.fasterxml.jackson.dataformat.xml.ser.XmlSerializerProvider_ESTest)
com.fasterxml.jackson.databind.JsonMappingException: XmlMapper does not with generators of type other than ToXmlGenerator; got: com.fasterxml.jackson.core.json.WriterBasedJsonGenerator
	at com.fasterxml.jackson.databind.JsonMappingException.from(JsonMappingException.java:284)
	at com.fasterxml.jackson.dataformat.xml.ser.XmlSerializerProvider._asXmlGenerator(XmlSerializerProvider.java:264)
	at com.fasterxml.jackson.dataformat.xml.ser.XmlSerializerProvider_ESTest.test26(XmlSerializerProvider_ESTest.java:586)
	at sun.reflect.NativeMethodAccessorImpl.invoke0(Native Method)
	at sun.reflect.NativeMethodAccessorImpl.invoke(NativeMethodAccessorImpl.java:62)
	at sun.reflect.DelegatingMethodAccessorImpl.invoke(DelegatingMethodAccessorImpl.java:43)
	at java.lang.reflect.Method.invoke(Method.java:498)
	at org.junit.runners.model.FrameworkMethod$1.runReflectiveCall(FrameworkMethod.java:50)
	at org.junit.internal.runners.model.ReflectiveCallable.run(ReflectiveCallable.java:12)
	at org.junit.runners.model.FrameworkMethod.invokeExplosively(FrameworkMethod.java:47)
	at org.junit.internal.runners.statements.InvokeMethod.evaluate(InvokeMethod.java:17)
	at org.junit.internal.runners.statements.FailOnTimeout$CallableStatement.call(FailOnTimeout.java:298)
	at org.junit.internal.runners.statements.FailOnTimeout$CallableStatement.call(FailOnTimeout.java:292)
	at java.util.concurrent.FutureTask.run(FutureTask.java:266)
	at java.lang.Thread.run(Thread.java:748)
30) test27(com.fasterxml.jackson.dataformat.xml.ser.XmlSerializerProvider_ESTest)
com.fasterxml.jackson.core.JsonGenerationException: Can not start an object, expecting field name
	at com.fasterxml.jackson.core.JsonGenerator._reportError(JsonGenerator.java:1897)
	at com.fasterxml.jackson.dataformat.xml.ser.ToXmlGenerator._verifyValueWrite(ToXmlGenerator.java:1032)
	at com.fasterxml.jackson.dataformat.xml.ser.ToXmlGenerator.writeStartObject(ToXmlGenerator.java:484)
	at com.fasterxml.jackson.dataformat.xml.ser.XmlSerializerProvider._startRootArray(XmlSerializerProvider.java:212)
	at com.fasterxml.jackson.dataformat.xml.ser.XmlSerializerProvider_ESTest.test27(XmlSerializerProvider_ESTest.java:613)
	at sun.reflect.NativeMethodAccessorImpl.invoke0(Native Method)
	at sun.reflect.NativeMethodAccessorImpl.invoke(NativeMethodAccessorImpl.java:62)
	at sun.reflect.DelegatingMethodAccessorImpl.invoke(DelegatingMethodAccessorImpl.java:43)
	at java.lang.reflect.Method.invoke(Method.java:498)
	at org.junit.runners.model.FrameworkMethod$1.runReflectiveCall(FrameworkMethod.java:50)
	at org.junit.internal.runners.model.ReflectiveCallable.run(ReflectiveCallable.java:12)
	at org.junit.runners.model.FrameworkMethod.invokeExplosively(FrameworkMethod.java:47)
	at org.junit.internal.runners.statements.InvokeMethod.evaluate(InvokeMethod.java:17)
	at org.junit.internal.runners.statements.FailOnTimeout$CallableStatement.call(FailOnTimeout.java:298)
	at org.junit.internal.runners.statements.FailOnTimeout$CallableStatement.call(FailOnTimeout.java:292)
	at java.util.concurrent.FutureTask.run(FutureTask.java:266)
	at java.lang.Thread.run(Thread.java:748)

FAILURES!!!
Tests run: 43,  Failures: 30

