JUnit version 4.12
..E..usage: . [-] [-arg <arg>]
java.lang.StringBuffer@0000000008
java.lang.StringBuffer@0000000009   y;p[-1(Z
E.E.usage: @@[#79
=DS(eOv9XN!

E..E.usage:

E..usage: usage:
J.8U*6Oj)@AVv.:|&<%

'
E.usage: Su [- <arg>] [-arg]
Hrih-@{Z=
java.lang.StringBuffer@0000000007
           --
java.lang.StringBuffer@0000000008
           usage:
.E.E.E.usage: D'k[K.Kty'vAywx< [-arg]
java.lang.StringBuffer@0000000007   -
.D'k[K.Kty'vAywx<D'k[K.Kty'vAywx< [-arg]
java.lang.StringBuffer@0000000007   -
E.usage: D'k[K.Kty'vAywx< [-arg]
java.lang.StringBuffer@0000000006   -
E.E.E.usage: Illegal option name '
!w[~hhAJt
java.lang.StringBuffer@0000000007
 J[welv:
.E..E.usage: KnV`$h}8YNSVHn
java.lang.StringBuffer@0000000005   w.|whJW=
E.usage:

usage:

"zdY0sSUc
E.E..E.E.E.E..E.usage:
--

--
usage: "zdY0sSUc [-
       <arg>]
arg
java.lang.StringBuffer@0000000005
           usage:
"zdY0sSUc
usage:
       org.apache.com
       mons.cli.Util
       [- <arg>]
java.lang.StringBuffer@0000000008
           usage:
pp28m(?DRc(4:"2&Z
E..E.usage:

usage: --
--

&]<ho[/#va0
.usage: G

usage:
       g.LZqE
       '@
       [--nul
       l]
java.lang.StringBuffer@0000000007
 
g.LZqE'@
E..usage: {9r@
 ] [ long

"(4HgJ
E.E.E.E.E.....E.E.E..E.E.E.usage: >'n
java.lang.StringBuffer@0000000006   -
.E.E.E...E.E.E.usage: org.apache.commons.cli.HelpFormatter
org.apache.commons.cli.HelpFormatter

org.apache.commons.cli.HelpFormatter
E.E.E.E.usage: '

.E.E.E.E.usage: D'k[K.Kty'vAywx< -
java.lang.StringBuffer@0000000007   -
E.E..E.E.E..E.E..usage: 0G:,U3W
java.lang.StringBuffer@0000000006   UPI07
usage: UPI07 [--UPI07 <arg>]
UPI07
java.lang.StringBuffer@0000000007   UPI07
NH7rg5Y
..E.E.E.E.usage: D'k[K.Kty'vAywx< [-]
java.lang.StringBuffer@0000000006   -
E.E.E.E..E.E.E.E.E.E.E.E.E.E.usage: D'k[K.Kty'vAywx<
java.lang.StringBuffer@0000000006   -
E.E.E.E.E...usage: [eTj_TdVe~`.BvG~i;
       [--null <arg>]
arg
java.lang.StringBuffer@0000000005
 --
..usage: D'k[K.Kty'vAywx<

.
Time: 19.662
There were 82 failures:
1) test025(org.apache.commons.cli.HelpFormatter_ESTest)
java.lang.StringIndexOutOfBoundsException: String index out of range: -1733
	at java.lang.String.charAt(String.java:658)
	at org.apache.commons.cli.HelpFormatter.findWrapPos(HelpFormatter.java:939)
	at org.apache.commons.cli.HelpFormatter.renderWrappedText(HelpFormatter.java:847)
	at org.apache.commons.cli.HelpFormatter_ESTest.test025(HelpFormatter_ESTest.java:2765)
	at sun.reflect.NativeMethodAccessorImpl.invoke0(Native Method)
	at sun.reflect.NativeMethodAccessorImpl.invoke(NativeMethodAccessorImpl.java:62)
	at sun.reflect.DelegatingMethodAccessorImpl.invoke(DelegatingMethodAccessorImpl.java:43)
	at java.lang.reflect.Method.invoke(Method.java:498)
	at org.junit.runners.model.FrameworkMethod$1.runReflectiveCall(FrameworkMethod.java:50)
	at org.junit.internal.runners.model.ReflectiveCallable.run(ReflectiveCallable.java:12)
	at org.junit.runners.model.FrameworkMethod.invokeExplosively(FrameworkMethod.java:47)
	at org.junit.internal.runners.statements.InvokeMethod.evaluate(InvokeMethod.java:17)
	at org.junit.internal.runners.statements.FailOnTimeout$CallableStatement.call(FailOnTimeout.java:298)
	at org.junit.internal.runners.statements.FailOnTimeout$CallableStatement.call(FailOnTimeout.java:292)
	at java.util.concurrent.FutureTask.run(FutureTask.java:266)
	at java.lang.Thread.run(Thread.java:748)
2) test027(org.apache.commons.cli.HelpFormatter_ESTest)
java.lang.StringIndexOutOfBoundsException: String index out of range: -482
	at java.lang.String.charAt(String.java:658)
	at org.apache.commons.cli.HelpFormatter.findWrapPos(HelpFormatter.java:939)
	at org.apache.commons.cli.HelpFormatter.renderWrappedText(HelpFormatter.java:847)
	at org.apache.commons.cli.HelpFormatter.printWrapped(HelpFormatter.java:726)
	at org.apache.commons.cli.HelpFormatter.printUsage(HelpFormatter.java:678)
	at org.apache.commons.cli.HelpFormatter.printHelp(HelpFormatter.java:513)
	at org.apache.commons.cli.HelpFormatter.printHelp(HelpFormatter.java:450)
	at org.apache.commons.cli.HelpFormatter.printHelp(HelpFormatter.java:429)
	at org.apache.commons.cli.HelpFormatter_ESTest.test027(HelpFormatter_ESTest.java:3110)
	at sun.reflect.NativeMethodAccessorImpl.invoke0(Native Method)
	at sun.reflect.NativeMethodAccessorImpl.invoke(NativeMethodAccessorImpl.java:62)
	at sun.reflect.DelegatingMethodAccessorImpl.invoke(DelegatingMethodAccessorImpl.java:43)
	at java.lang.reflect.Method.invoke(Method.java:498)
	at org.junit.runners.model.FrameworkMethod$1.runReflectiveCall(FrameworkMethod.java:50)
	at org.junit.internal.runners.model.ReflectiveCallable.run(ReflectiveCallable.java:12)
	at org.junit.runners.model.FrameworkMethod.invokeExplosively(FrameworkMethod.java:47)
	at org.junit.internal.runners.statements.InvokeMethod.evaluate(InvokeMethod.java:17)
	at org.junit.internal.runners.statements.FailOnTimeout$CallableStatement.call(FailOnTimeout.java:298)
	at org.junit.internal.runners.statements.FailOnTimeout$CallableStatement.call(FailOnTimeout.java:292)
	at java.util.concurrent.FutureTask.run(FutureTask.java:266)
	at java.lang.Thread.run(Thread.java:748)
3) test028(org.apache.commons.cli.HelpFormatter_ESTest)
java.lang.NegativeArraySizeException
	at java.lang.AbstractStringBuilder.<init>(AbstractStringBuilder.java:68)
	at java.lang.StringBuffer.<init>(StringBuffer.java:128)
	at org.apache.commons.cli.HelpFormatter.createPadding(HelpFormatter.java:956)
	at org.apache.commons.cli.HelpFormatter.renderOptions(HelpFormatter.java:748)
	at org.apache.commons.cli.HelpFormatter.printOptions(HelpFormatter.java:698)
	at org.apache.commons.cli.HelpFormatter.printHelp(HelpFormatter.java:521)
	at org.apache.commons.cli.HelpFormatter.printHelp(HelpFormatter.java:475)
	at org.apache.commons.cli.HelpFormatter_ESTest.test028(HelpFormatter_ESTest.java:3162)
	at sun.reflect.NativeMethodAccessorImpl.invoke0(Native Method)
	at sun.reflect.NativeMethodAccessorImpl.invoke(NativeMethodAccessorImpl.java:62)
	at sun.reflect.DelegatingMethodAccessorImpl.invoke(DelegatingMethodAccessorImpl.java:43)
	at java.lang.reflect.Method.invoke(Method.java:498)
	at org.junit.runners.model.FrameworkMethod$1.runReflectiveCall(FrameworkMethod.java:50)
	at org.junit.internal.runners.model.ReflectiveCallable.run(ReflectiveCallable.java:12)
	at org.junit.runners.model.FrameworkMethod.invokeExplosively(FrameworkMethod.java:47)
	at org.junit.internal.runners.statements.InvokeMethod.evaluate(InvokeMethod.java:17)
	at org.junit.internal.runners.statements.FailOnTimeout$CallableStatement.call(FailOnTimeout.java:298)
	at org.junit.internal.runners.statements.FailOnTimeout$CallableStatement.call(FailOnTimeout.java:292)
	at java.util.concurrent.FutureTask.run(FutureTask.java:266)
	at java.lang.Thread.run(Thread.java:748)
4) test029(org.apache.commons.cli.HelpFormatter_ESTest)
org.evosuite.runtime.mock.java.lang.MockIllegalArgumentException: cmdLineSyntax not provided
	at org.apache.commons.cli.HelpFormatter.printHelp(HelpFormatter.java:504)
	at org.apache.commons.cli.HelpFormatter.printHelp(HelpFormatter.java:450)
	at org.apache.commons.cli.HelpFormatter.printHelp(HelpFormatter.java:413)
	at org.apache.commons.cli.HelpFormatter_ESTest.test029(HelpFormatter_ESTest.java:3218)
	at sun.reflect.NativeMethodAccessorImpl.invoke0(Native Method)
	at sun.reflect.NativeMethodAccessorImpl.invoke(NativeMethodAccessorImpl.java:62)
	at sun.reflect.DelegatingMethodAccessorImpl.invoke(DelegatingMethodAccessorImpl.java:43)
	at java.lang.reflect.Method.invoke(Method.java:498)
	at org.junit.runners.model.FrameworkMethod$1.runReflectiveCall(FrameworkMethod.java:50)
	at org.junit.internal.runners.model.ReflectiveCallable.run(ReflectiveCallable.java:12)
	at org.junit.runners.model.FrameworkMethod.invokeExplosively(FrameworkMethod.java:47)
	at org.junit.internal.runners.statements.InvokeMethod.evaluate(InvokeMethod.java:17)
	at org.junit.internal.runners.statements.FailOnTimeout$CallableStatement.call(FailOnTimeout.java:298)
	at org.junit.internal.runners.statements.FailOnTimeout$CallableStatement.call(FailOnTimeout.java:292)
	at java.util.concurrent.FutureTask.run(FutureTask.java:266)
	at java.lang.Thread.run(Thread.java:748)
5) test031(org.apache.commons.cli.HelpFormatter_ESTest)
org.evosuite.runtime.mock.java.lang.MockIllegalArgumentException: cmdLineSyntax not provided
	at org.apache.commons.cli.HelpFormatter.printHelp(HelpFormatter.java:504)
	at org.apache.commons.cli.HelpFormatter.printHelp(HelpFormatter.java:475)
	at org.apache.commons.cli.HelpFormatter_ESTest.test031(HelpFormatter_ESTest.java:3342)
	at sun.reflect.NativeMethodAccessorImpl.invoke0(Native Method)
	at sun.reflect.NativeMethodAccessorImpl.invoke(NativeMethodAccessorImpl.java:62)
	at sun.reflect.DelegatingMethodAccessorImpl.invoke(DelegatingMethodAccessorImpl.java:43)
	at java.lang.reflect.Method.invoke(Method.java:498)
	at org.junit.runners.model.FrameworkMethod$1.runReflectiveCall(FrameworkMethod.java:50)
	at org.junit.internal.runners.model.ReflectiveCallable.run(ReflectiveCallable.java:12)
	at org.junit.runners.model.FrameworkMethod.invokeExplosively(FrameworkMethod.java:47)
	at org.junit.internal.runners.statements.InvokeMethod.evaluate(InvokeMethod.java:17)
	at org.junit.internal.runners.statements.FailOnTimeout$CallableStatement.call(FailOnTimeout.java:298)
	at org.junit.internal.runners.statements.FailOnTimeout$CallableStatement.call(FailOnTimeout.java:292)
	at java.util.concurrent.FutureTask.run(FutureTask.java:266)
	at java.lang.Thread.run(Thread.java:748)
6) test032(org.apache.commons.cli.HelpFormatter_ESTest)
java.lang.StringIndexOutOfBoundsException: String index out of range: 3
	at java.lang.String.charAt(String.java:658)
	at org.apache.commons.cli.HelpFormatter.findWrapPos(HelpFormatter.java:939)
	at org.apache.commons.cli.HelpFormatter.renderWrappedText(HelpFormatter.java:870)
	at org.apache.commons.cli.HelpFormatter.printWrapped(HelpFormatter.java:726)
	at org.apache.commons.cli.HelpFormatter.printUsage(HelpFormatter.java:678)
	at org.apache.commons.cli.HelpFormatter.printHelp(HelpFormatter.java:513)
	at org.apache.commons.cli.HelpFormatter.printHelp(HelpFormatter.java:450)
	at org.apache.commons.cli.HelpFormatter.printHelp(HelpFormatter.java:429)
	at org.apache.commons.cli.HelpFormatter_ESTest.test032(HelpFormatter_ESTest.java:3438)
	at sun.reflect.NativeMethodAccessorImpl.invoke0(Native Method)
	at sun.reflect.NativeMethodAccessorImpl.invoke(NativeMethodAccessorImpl.java:62)
	at sun.reflect.DelegatingMethodAccessorImpl.invoke(DelegatingMethodAccessorImpl.java:43)
	at java.lang.reflect.Method.invoke(Method.java:498)
	at org.junit.runners.model.FrameworkMethod$1.runReflectiveCall(FrameworkMethod.java:50)
	at org.junit.internal.runners.model.ReflectiveCallable.run(ReflectiveCallable.java:12)
	at org.junit.runners.model.FrameworkMethod.invokeExplosively(FrameworkMethod.java:47)
	at org.junit.internal.runners.statements.InvokeMethod.evaluate(InvokeMethod.java:17)
	at org.junit.internal.runners.statements.FailOnTimeout$CallableStatement.call(FailOnTimeout.java:298)
	at org.junit.internal.runners.statements.FailOnTimeout$CallableStatement.call(FailOnTimeout.java:292)
	at java.util.concurrent.FutureTask.run(FutureTask.java:266)
	at java.lang.Thread.run(Thread.java:748)
7) test034(org.apache.commons.cli.HelpFormatter_ESTest)
org.evosuite.runtime.mock.java.lang.MockIllegalArgumentException: cmdLineSyntax not provided
	at org.apache.commons.cli.HelpFormatter.printHelp(HelpFormatter.java:504)
	at org.apache.commons.cli.HelpFormatter.printHelp(HelpFormatter.java:450)
	at org.apache.commons.cli.HelpFormatter.printHelp(HelpFormatter.java:413)
	at org.apache.commons.cli.HelpFormatter_ESTest.test034(HelpFormatter_ESTest.java:3784)
	at sun.reflect.NativeMethodAccessorImpl.invoke0(Native Method)
	at sun.reflect.NativeMethodAccessorImpl.invoke(NativeMethodAccessorImpl.java:62)
	at sun.reflect.DelegatingMethodAccessorImpl.invoke(DelegatingMethodAccessorImpl.java:43)
	at java.lang.reflect.Method.invoke(Method.java:498)
	at org.junit.runners.model.FrameworkMethod$1.runReflectiveCall(FrameworkMethod.java:50)
	at org.junit.internal.runners.model.ReflectiveCallable.run(ReflectiveCallable.java:12)
	at org.junit.runners.model.FrameworkMethod.invokeExplosively(FrameworkMethod.java:47)
	at org.junit.internal.runners.statements.InvokeMethod.evaluate(InvokeMethod.java:17)
	at org.junit.internal.runners.statements.FailOnTimeout$CallableStatement.call(FailOnTimeout.java:298)
	at org.junit.internal.runners.statements.FailOnTimeout$CallableStatement.call(FailOnTimeout.java:292)
	at java.util.concurrent.FutureTask.run(FutureTask.java:266)
	at java.lang.Thread.run(Thread.java:748)
8) test014(org.apache.commons.cli.HelpFormatter_ESTest)
java.lang.NullPointerException
	at org.apache.commons.cli.HelpFormatter.renderWrappedText(HelpFormatter.java:851)
	at org.apache.commons.cli.HelpFormatter_ESTest.test014(HelpFormatter_ESTest.java:1108)
	at sun.reflect.NativeMethodAccessorImpl.invoke0(Native Method)
	at sun.reflect.NativeMethodAccessorImpl.invoke(NativeMethodAccessorImpl.java:62)
	at sun.reflect.DelegatingMethodAccessorImpl.invoke(DelegatingMethodAccessorImpl.java:43)
	at java.lang.reflect.Method.invoke(Method.java:498)
	at org.junit.runners.model.FrameworkMethod$1.runReflectiveCall(FrameworkMethod.java:50)
	at org.junit.internal.runners.model.ReflectiveCallable.run(ReflectiveCallable.java:12)
	at org.junit.runners.model.FrameworkMethod.invokeExplosively(FrameworkMethod.java:47)
	at org.junit.internal.runners.statements.InvokeMethod.evaluate(InvokeMethod.java:17)
	at org.junit.internal.runners.statements.FailOnTimeout$CallableStatement.call(FailOnTimeout.java:298)
	at org.junit.internal.runners.statements.FailOnTimeout$CallableStatement.call(FailOnTimeout.java:292)
	at java.util.concurrent.FutureTask.run(FutureTask.java:266)
	at java.lang.Thread.run(Thread.java:748)
9) test015(org.apache.commons.cli.HelpFormatter_ESTest)
java.lang.NullPointerException
	at org.apache.commons.cli.HelpFormatter.renderOptions(HelpFormatter.java:759)
	at org.apache.commons.cli.HelpFormatter.printOptions(HelpFormatter.java:698)
	at org.apache.commons.cli.HelpFormatter.printHelp(HelpFormatter.java:521)
	at org.apache.commons.cli.HelpFormatter.printHelp(HelpFormatter.java:475)
	at org.apache.commons.cli.HelpFormatter_ESTest.test015(HelpFormatter_ESTest.java:1273)
	at sun.reflect.NativeMethodAccessorImpl.invoke0(Native Method)
	at sun.reflect.NativeMethodAccessorImpl.invoke(NativeMethodAccessorImpl.java:62)
	at sun.reflect.DelegatingMethodAccessorImpl.invoke(DelegatingMethodAccessorImpl.java:43)
	at java.lang.reflect.Method.invoke(Method.java:498)
	at org.junit.runners.model.FrameworkMethod$1.runReflectiveCall(FrameworkMethod.java:50)
	at org.junit.internal.runners.model.ReflectiveCallable.run(ReflectiveCallable.java:12)
	at org.junit.runners.model.FrameworkMethod.invokeExplosively(FrameworkMethod.java:47)
	at org.junit.internal.runners.statements.InvokeMethod.evaluate(InvokeMethod.java:17)
	at org.junit.internal.runners.statements.FailOnTimeout$CallableStatement.call(FailOnTimeout.java:298)
	at org.junit.internal.runners.statements.FailOnTimeout$CallableStatement.call(FailOnTimeout.java:292)
	at java.util.concurrent.FutureTask.run(FutureTask.java:266)
	at java.lang.Thread.run(Thread.java:748)
10) test016(org.apache.commons.cli.HelpFormatter_ESTest)
java.lang.StringIndexOutOfBoundsException: String index out of range: 7
	at java.lang.String.charAt(String.java:658)
	at org.apache.commons.cli.HelpFormatter.findWrapPos(HelpFormatter.java:939)
	at org.apache.commons.cli.HelpFormatter.renderWrappedText(HelpFormatter.java:870)
	at org.apache.commons.cli.HelpFormatter.printWrapped(HelpFormatter.java:726)
	at org.apache.commons.cli.HelpFormatter.printUsage(HelpFormatter.java:591)
	at org.apache.commons.cli.HelpFormatter_ESTest.test016(HelpFormatter_ESTest.java:1418)
	at sun.reflect.NativeMethodAccessorImpl.invoke0(Native Method)
	at sun.reflect.NativeMethodAccessorImpl.invoke(NativeMethodAccessorImpl.java:62)
	at sun.reflect.DelegatingMethodAccessorImpl.invoke(DelegatingMethodAccessorImpl.java:43)
	at java.lang.reflect.Method.invoke(Method.java:498)
	at org.junit.runners.model.FrameworkMethod$1.runReflectiveCall(FrameworkMethod.java:50)
	at org.junit.internal.runners.model.ReflectiveCallable.run(ReflectiveCallable.java:12)
	at org.junit.runners.model.FrameworkMethod.invokeExplosively(FrameworkMethod.java:47)
	at org.junit.internal.runners.statements.InvokeMethod.evaluate(InvokeMethod.java:17)
	at org.junit.internal.runners.statements.FailOnTimeout$CallableStatement.call(FailOnTimeout.java:298)
	at org.junit.internal.runners.statements.FailOnTimeout$CallableStatement.call(FailOnTimeout.java:292)
	at java.util.concurrent.FutureTask.run(FutureTask.java:266)
	at java.lang.Thread.run(Thread.java:748)
11) test018(org.apache.commons.cli.HelpFormatter_ESTest)
java.lang.NegativeArraySizeException
	at java.lang.AbstractStringBuilder.<init>(AbstractStringBuilder.java:68)
	at java.lang.StringBuffer.<init>(StringBuffer.java:128)
	at org.apache.commons.cli.HelpFormatter.createPadding(HelpFormatter.java:956)
	at org.apache.commons.cli.HelpFormatter.renderOptions(HelpFormatter.java:748)
	at org.apache.commons.cli.HelpFormatter.printOptions(HelpFormatter.java:698)
	at org.apache.commons.cli.HelpFormatter.printHelp(HelpFormatter.java:521)
	at org.apache.commons.cli.HelpFormatter.printHelp(HelpFormatter.java:450)
	at org.apache.commons.cli.HelpFormatter.printHelp(HelpFormatter.java:413)
	at org.apache.commons.cli.HelpFormatter.printHelp(HelpFormatter.java:396)
	at org.apache.commons.cli.HelpFormatter_ESTest.test018(HelpFormatter_ESTest.java:1874)
	at sun.reflect.NativeMethodAccessorImpl.invoke0(Native Method)
	at sun.reflect.NativeMethodAccessorImpl.invoke(NativeMethodAccessorImpl.java:62)
	at sun.reflect.DelegatingMethodAccessorImpl.invoke(DelegatingMethodAccessorImpl.java:43)
	at java.lang.reflect.Method.invoke(Method.java:498)
	at org.junit.runners.model.FrameworkMethod$1.runReflectiveCall(FrameworkMethod.java:50)
	at org.junit.internal.runners.model.ReflectiveCallable.run(ReflectiveCallable.java:12)
	at org.junit.runners.model.FrameworkMethod.invokeExplosively(FrameworkMethod.java:47)
	at org.junit.internal.runners.statements.InvokeMethod.evaluate(InvokeMethod.java:17)
	at org.junit.internal.runners.statements.FailOnTimeout$CallableStatement.call(FailOnTimeout.java:298)
	at org.junit.internal.runners.statements.FailOnTimeout$CallableStatement.call(FailOnTimeout.java:292)
	at java.util.concurrent.FutureTask.run(FutureTask.java:266)
	at java.lang.Thread.run(Thread.java:748)
12) test019(org.apache.commons.cli.HelpFormatter_ESTest)
java.lang.NegativeArraySizeException
	at java.lang.AbstractStringBuilder.<init>(AbstractStringBuilder.java:68)
	at java.lang.StringBuffer.<init>(StringBuffer.java:128)
	at org.apache.commons.cli.HelpFormatter.createPadding(HelpFormatter.java:956)
	at org.apache.commons.cli.HelpFormatter.renderOptions(HelpFormatter.java:748)
	at org.apache.commons.cli.HelpFormatter.printOptions(HelpFormatter.java:698)
	at org.apache.commons.cli.HelpFormatter.printHelp(HelpFormatter.java:521)
	at org.apache.commons.cli.HelpFormatter.printHelp(HelpFormatter.java:450)
	at org.apache.commons.cli.HelpFormatter.printHelp(HelpFormatter.java:366)
	at org.apache.commons.cli.HelpFormatter_ESTest.test019(HelpFormatter_ESTest.java:2100)
	at sun.reflect.NativeMethodAccessorImpl.invoke0(Native Method)
	at sun.reflect.NativeMethodAccessorImpl.invoke(NativeMethodAccessorImpl.java:62)
	at sun.reflect.DelegatingMethodAccessorImpl.invoke(DelegatingMethodAccessorImpl.java:43)
	at java.lang.reflect.Method.invoke(Method.java:498)
	at org.junit.runners.model.FrameworkMethod$1.runReflectiveCall(FrameworkMethod.java:50)
	at org.junit.internal.runners.model.ReflectiveCallable.run(ReflectiveCallable.java:12)
	at org.junit.runners.model.FrameworkMethod.invokeExplosively(FrameworkMethod.java:47)
	at org.junit.internal.runners.statements.InvokeMethod.evaluate(InvokeMethod.java:17)
	at org.junit.internal.runners.statements.FailOnTimeout$CallableStatement.call(FailOnTimeout.java:298)
	at org.junit.internal.runners.statements.FailOnTimeout$CallableStatement.call(FailOnTimeout.java:292)
	at java.util.concurrent.FutureTask.run(FutureTask.java:266)
	at java.lang.Thread.run(Thread.java:748)
13) test020(org.apache.commons.cli.HelpFormatter_ESTest)
java.lang.NegativeArraySizeException
	at java.lang.AbstractStringBuilder.<init>(AbstractStringBuilder.java:68)
	at java.lang.StringBuffer.<init>(StringBuffer.java:128)
	at org.apache.commons.cli.HelpFormatter.createPadding(HelpFormatter.java:956)
	at org.apache.commons.cli.HelpFormatter.renderWrappedText(HelpFormatter.java:865)
	at org.apache.commons.cli.HelpFormatter_ESTest.test020(HelpFormatter_ESTest.java:2204)
	at sun.reflect.NativeMethodAccessorImpl.invoke0(Native Method)
	at sun.reflect.NativeMethodAccessorImpl.invoke(NativeMethodAccessorImpl.java:62)
	at sun.reflect.DelegatingMethodAccessorImpl.invoke(DelegatingMethodAccessorImpl.java:43)
	at java.lang.reflect.Method.invoke(Method.java:498)
	at org.junit.runners.model.FrameworkMethod$1.runReflectiveCall(FrameworkMethod.java:50)
	at org.junit.internal.runners.model.ReflectiveCallable.run(ReflectiveCallable.java:12)
	at org.junit.runners.model.FrameworkMethod.invokeExplosively(FrameworkMethod.java:47)
	at org.junit.internal.runners.statements.InvokeMethod.evaluate(InvokeMethod.java:17)
	at org.junit.internal.runners.statements.FailOnTimeout$CallableStatement.call(FailOnTimeout.java:298)
	at org.junit.internal.runners.statements.FailOnTimeout$CallableStatement.call(FailOnTimeout.java:292)
	at java.util.concurrent.FutureTask.run(FutureTask.java:266)
	at java.lang.Thread.run(Thread.java:748)
14) test021(org.apache.commons.cli.HelpFormatter_ESTest)
org.evosuite.runtime.mock.java.lang.MockNullPointerException: charsetName
	at org.evosuite.runtime.mock.java.io.MockPrintWriter.toCharset(MockPrintWriter.java:116)
	at org.evosuite.runtime.mock.java.io.MockPrintWriter.<init>(MockPrintWriter.java:106)
	at org.apache.commons.cli.HelpFormatter_ESTest.test021(HelpFormatter_ESTest.java:2283)
	at sun.reflect.NativeMethodAccessorImpl.invoke0(Native Method)
	at sun.reflect.NativeMethodAccessorImpl.invoke(NativeMethodAccessorImpl.java:62)
	at sun.reflect.DelegatingMethodAccessorImpl.invoke(DelegatingMethodAccessorImpl.java:43)
	at java.lang.reflect.Method.invoke(Method.java:498)
	at org.junit.runners.model.FrameworkMethod$1.runReflectiveCall(FrameworkMethod.java:50)
	at org.junit.internal.runners.model.ReflectiveCallable.run(ReflectiveCallable.java:12)
	at org.junit.runners.model.FrameworkMethod.invokeExplosively(FrameworkMethod.java:47)
	at org.junit.internal.runners.statements.InvokeMethod.evaluate(InvokeMethod.java:17)
	at org.junit.internal.runners.statements.FailOnTimeout$CallableStatement.call(FailOnTimeout.java:298)
	at org.junit.internal.runners.statements.FailOnTimeout$CallableStatement.call(FailOnTimeout.java:292)
	at java.util.concurrent.FutureTask.run(FutureTask.java:266)
	at java.lang.Thread.run(Thread.java:748)
15) test023(org.apache.commons.cli.HelpFormatter_ESTest)
java.lang.NegativeArraySizeException
	at java.lang.AbstractStringBuilder.<init>(AbstractStringBuilder.java:68)
	at java.lang.StringBuffer.<init>(StringBuffer.java:128)
	at org.apache.commons.cli.HelpFormatter.createPadding(HelpFormatter.java:956)
	at org.apache.commons.cli.HelpFormatter.renderOptions(HelpFormatter.java:748)
	at org.apache.commons.cli.HelpFormatter.printOptions(HelpFormatter.java:698)
	at org.apache.commons.cli.HelpFormatter.printHelp(HelpFormatter.java:521)
	at org.apache.commons.cli.HelpFormatter.printHelp(HelpFormatter.java:450)
	at org.apache.commons.cli.HelpFormatter_ESTest.test023(HelpFormatter_ESTest.java:2482)
	at sun.reflect.NativeMethodAccessorImpl.invoke0(Native Method)
	at sun.reflect.NativeMethodAccessorImpl.invoke(NativeMethodAccessorImpl.java:62)
	at sun.reflect.DelegatingMethodAccessorImpl.invoke(DelegatingMethodAccessorImpl.java:43)
	at java.lang.reflect.Method.invoke(Method.java:498)
	at org.junit.runners.model.FrameworkMethod$1.runReflectiveCall(FrameworkMethod.java:50)
	at org.junit.internal.runners.model.ReflectiveCallable.run(ReflectiveCallable.java:12)
	at org.junit.runners.model.FrameworkMethod.invokeExplosively(FrameworkMethod.java:47)
	at org.junit.internal.runners.statements.InvokeMethod.evaluate(InvokeMethod.java:17)
	at org.junit.internal.runners.statements.FailOnTimeout$CallableStatement.call(FailOnTimeout.java:298)
	at org.junit.internal.runners.statements.FailOnTimeout$CallableStatement.call(FailOnTimeout.java:292)
	at java.util.concurrent.FutureTask.run(FutureTask.java:266)
	at java.lang.Thread.run(Thread.java:748)
16) test047(org.apache.commons.cli.HelpFormatter_ESTest)
java.lang.StringIndexOutOfBoundsException: String index out of range: 2
	at java.lang.String.charAt(String.java:658)
	at org.apache.commons.cli.HelpFormatter.findWrapPos(HelpFormatter.java:939)
	at org.apache.commons.cli.HelpFormatter.renderWrappedText(HelpFormatter.java:870)
	at org.apache.commons.cli.HelpFormatter.printWrapped(HelpFormatter.java:726)
	at org.apache.commons.cli.HelpFormatter.printUsage(HelpFormatter.java:591)
	at org.apache.commons.cli.HelpFormatter_ESTest.test047(HelpFormatter_ESTest.java:5361)
	at sun.reflect.NativeMethodAccessorImpl.invoke0(Native Method)
	at sun.reflect.NativeMethodAccessorImpl.invoke(NativeMethodAccessorImpl.java:62)
	at sun.reflect.DelegatingMethodAccessorImpl.invoke(DelegatingMethodAccessorImpl.java:43)
	at java.lang.reflect.Method.invoke(Method.java:498)
	at org.junit.runners.model.FrameworkMethod$1.runReflectiveCall(FrameworkMethod.java:50)
	at org.junit.internal.runners.model.ReflectiveCallable.run(ReflectiveCallable.java:12)
	at org.junit.runners.model.FrameworkMethod.invokeExplosively(FrameworkMethod.java:47)
	at org.junit.internal.runners.statements.InvokeMethod.evaluate(InvokeMethod.java:17)
	at org.junit.internal.runners.statements.FailOnTimeout$CallableStatement.call(FailOnTimeout.java:298)
	at org.junit.internal.runners.statements.FailOnTimeout$CallableStatement.call(FailOnTimeout.java:292)
	at java.util.concurrent.FutureTask.run(FutureTask.java:266)
	at java.lang.Thread.run(Thread.java:748)
17) test048(org.apache.commons.cli.HelpFormatter_ESTest)
java.lang.NullPointerException
	at org.apache.commons.cli.HelpFormatter.renderWrappedText(HelpFormatter.java:855)
	at org.apache.commons.cli.HelpFormatter.renderOptions(HelpFormatter.java:822)
	at org.apache.commons.cli.HelpFormatter_ESTest.test048(HelpFormatter_ESTest.java:5437)
	at sun.reflect.NativeMethodAccessorImpl.invoke0(Native Method)
	at sun.reflect.NativeMethodAccessorImpl.invoke(NativeMethodAccessorImpl.java:62)
	at sun.reflect.DelegatingMethodAccessorImpl.invoke(DelegatingMethodAccessorImpl.java:43)
	at java.lang.reflect.Method.invoke(Method.java:498)
	at org.junit.runners.model.FrameworkMethod$1.runReflectiveCall(FrameworkMethod.java:50)
	at org.junit.internal.runners.model.ReflectiveCallable.run(ReflectiveCallable.java:12)
	at org.junit.runners.model.FrameworkMethod.invokeExplosively(FrameworkMethod.java:47)
	at org.junit.internal.runners.statements.InvokeMethod.evaluate(InvokeMethod.java:17)
	at org.junit.internal.runners.statements.FailOnTimeout$CallableStatement.call(FailOnTimeout.java:298)
	at org.junit.internal.runners.statements.FailOnTimeout$CallableStatement.call(FailOnTimeout.java:292)
	at java.util.concurrent.FutureTask.run(FutureTask.java:266)
	at java.lang.Thread.run(Thread.java:748)
18) test049(org.apache.commons.cli.HelpFormatter_ESTest)
org.evosuite.runtime.mock.java.lang.MockIllegalArgumentException: cmdLineSyntax not provided
	at org.apache.commons.cli.HelpFormatter.printHelp(HelpFormatter.java:504)
	at org.apache.commons.cli.HelpFormatter.printHelp(HelpFormatter.java:450)
	at org.apache.commons.cli.HelpFormatter_ESTest.test049(HelpFormatter_ESTest.java:5528)
	at sun.reflect.NativeMethodAccessorImpl.invoke0(Native Method)
	at sun.reflect.NativeMethodAccessorImpl.invoke(NativeMethodAccessorImpl.java:62)
	at sun.reflect.DelegatingMethodAccessorImpl.invoke(DelegatingMethodAccessorImpl.java:43)
	at java.lang.reflect.Method.invoke(Method.java:498)
	at org.junit.runners.model.FrameworkMethod$1.runReflectiveCall(FrameworkMethod.java:50)
	at org.junit.internal.runners.model.ReflectiveCallable.run(ReflectiveCallable.java:12)
	at org.junit.runners.model.FrameworkMethod.invokeExplosively(FrameworkMethod.java:47)
	at org.junit.internal.runners.statements.InvokeMethod.evaluate(InvokeMethod.java:17)
	at org.junit.internal.runners.statements.FailOnTimeout$CallableStatement.call(FailOnTimeout.java:298)
	at org.junit.internal.runners.statements.FailOnTimeout$CallableStatement.call(FailOnTimeout.java:292)
	at java.util.concurrent.FutureTask.run(FutureTask.java:266)
	at java.lang.Thread.run(Thread.java:748)
19) test050(org.apache.commons.cli.HelpFormatter_ESTest)
java.lang.NullPointerException
	at org.apache.commons.cli.HelpFormatter.printWrapped(HelpFormatter.java:724)
	at org.apache.commons.cli.HelpFormatter.printWrapped(HelpFormatter.java:711)
	at org.apache.commons.cli.HelpFormatter_ESTest.test050(HelpFormatter_ESTest.java:5604)
	at sun.reflect.NativeMethodAccessorImpl.invoke0(Native Method)
	at sun.reflect.NativeMethodAccessorImpl.invoke(NativeMethodAccessorImpl.java:62)
	at sun.reflect.DelegatingMethodAccessorImpl.invoke(DelegatingMethodAccessorImpl.java:43)
	at java.lang.reflect.Method.invoke(Method.java:498)
	at org.junit.runners.model.FrameworkMethod$1.runReflectiveCall(FrameworkMethod.java:50)
	at org.junit.internal.runners.model.ReflectiveCallable.run(ReflectiveCallable.java:12)
	at org.junit.runners.model.FrameworkMethod.invokeExplosively(FrameworkMethod.java:47)
	at org.junit.internal.runners.statements.InvokeMethod.evaluate(InvokeMethod.java:17)
	at org.junit.internal.runners.statements.FailOnTimeout$CallableStatement.call(FailOnTimeout.java:298)
	at org.junit.internal.runners.statements.FailOnTimeout$CallableStatement.call(FailOnTimeout.java:292)
	at java.util.concurrent.FutureTask.run(FutureTask.java:266)
	at java.lang.Thread.run(Thread.java:748)
20) test052(org.apache.commons.cli.HelpFormatter_ESTest)
java.lang.NullPointerException
	at org.apache.commons.cli.HelpFormatter.renderOptions(HelpFormatter.java:759)
	at org.apache.commons.cli.HelpFormatter.printOptions(HelpFormatter.java:698)
	at org.apache.commons.cli.HelpFormatter.printHelp(HelpFormatter.java:521)
	at org.apache.commons.cli.HelpFormatter.printHelp(HelpFormatter.java:450)
	at org.apache.commons.cli.HelpFormatter_ESTest.test052(HelpFormatter_ESTest.java:5864)
	at sun.reflect.NativeMethodAccessorImpl.invoke0(Native Method)
	at sun.reflect.NativeMethodAccessorImpl.invoke(NativeMethodAccessorImpl.java:62)
	at sun.reflect.DelegatingMethodAccessorImpl.invoke(DelegatingMethodAccessorImpl.java:43)
	at java.lang.reflect.Method.invoke(Method.java:498)
	at org.junit.runners.model.FrameworkMethod$1.runReflectiveCall(FrameworkMethod.java:50)
	at org.junit.internal.runners.model.ReflectiveCallable.run(ReflectiveCallable.java:12)
	at org.junit.runners.model.FrameworkMethod.invokeExplosively(FrameworkMethod.java:47)
	at org.junit.internal.runners.statements.InvokeMethod.evaluate(InvokeMethod.java:17)
	at org.junit.internal.runners.statements.FailOnTimeout$CallableStatement.call(FailOnTimeout.java:298)
	at org.junit.internal.runners.statements.FailOnTimeout$CallableStatement.call(FailOnTimeout.java:292)
	at java.util.concurrent.FutureTask.run(FutureTask.java:266)
	at java.lang.Thread.run(Thread.java:748)
21) test053(org.apache.commons.cli.HelpFormatter_ESTest)
org.evosuite.runtime.mock.java.lang.MockIllegalArgumentException: cmdLineSyntax not provided
	at org.apache.commons.cli.HelpFormatter.printHelp(HelpFormatter.java:504)
	at org.apache.commons.cli.HelpFormatter.printHelp(HelpFormatter.java:450)
	at org.apache.commons.cli.HelpFormatter_ESTest.test053(HelpFormatter_ESTest.java:5901)
	at sun.reflect.NativeMethodAccessorImpl.invoke0(Native Method)
	at sun.reflect.NativeMethodAccessorImpl.invoke(NativeMethodAccessorImpl.java:62)
	at sun.reflect.DelegatingMethodAccessorImpl.invoke(DelegatingMethodAccessorImpl.java:43)
	at java.lang.reflect.Method.invoke(Method.java:498)
	at org.junit.runners.model.FrameworkMethod$1.runReflectiveCall(FrameworkMethod.java:50)
	at org.junit.internal.runners.model.ReflectiveCallable.run(ReflectiveCallable.java:12)
	at org.junit.runners.model.FrameworkMethod.invokeExplosively(FrameworkMethod.java:47)
	at org.junit.internal.runners.statements.InvokeMethod.evaluate(InvokeMethod.java:17)
	at org.junit.internal.runners.statements.FailOnTimeout$CallableStatement.call(FailOnTimeout.java:298)
	at org.junit.internal.runners.statements.FailOnTimeout$CallableStatement.call(FailOnTimeout.java:292)
	at java.util.concurrent.FutureTask.run(FutureTask.java:266)
	at java.lang.Thread.run(Thread.java:748)
22) test054(org.apache.commons.cli.HelpFormatter_ESTest)
java.lang.StringIndexOutOfBoundsException: String index out of range: -3062
	at java.lang.String.charAt(String.java:658)
	at org.apache.commons.cli.HelpFormatter.findWrapPos(HelpFormatter.java:939)
	at org.apache.commons.cli.HelpFormatter.renderWrappedText(HelpFormatter.java:847)
	at org.apache.commons.cli.HelpFormatter.printWrapped(HelpFormatter.java:726)
	at org.apache.commons.cli.HelpFormatter.printUsage(HelpFormatter.java:678)
	at org.apache.commons.cli.HelpFormatter_ESTest.test054(HelpFormatter_ESTest.java:6067)
	at sun.reflect.NativeMethodAccessorImpl.invoke0(Native Method)
	at sun.reflect.NativeMethodAccessorImpl.invoke(NativeMethodAccessorImpl.java:62)
	at sun.reflect.DelegatingMethodAccessorImpl.invoke(DelegatingMethodAccessorImpl.java:43)
	at java.lang.reflect.Method.invoke(Method.java:498)
	at org.junit.runners.model.FrameworkMethod$1.runReflectiveCall(FrameworkMethod.java:50)
	at org.junit.internal.runners.model.ReflectiveCallable.run(ReflectiveCallable.java:12)
	at org.junit.runners.model.FrameworkMethod.invokeExplosively(FrameworkMethod.java:47)
	at org.junit.internal.runners.statements.InvokeMethod.evaluate(InvokeMethod.java:17)
	at org.junit.internal.runners.statements.FailOnTimeout$CallableStatement.call(FailOnTimeout.java:298)
	at org.junit.internal.runners.statements.FailOnTimeout$CallableStatement.call(FailOnTimeout.java:292)
	at java.util.concurrent.FutureTask.run(FutureTask.java:266)
	at java.lang.Thread.run(Thread.java:748)
23) test055(org.apache.commons.cli.HelpFormatter_ESTest)
java.lang.NegativeArraySizeException
	at java.lang.AbstractStringBuilder.<init>(AbstractStringBuilder.java:68)
	at java.lang.StringBuffer.<init>(StringBuffer.java:128)
	at org.apache.commons.cli.HelpFormatter.createPadding(HelpFormatter.java:956)
	at org.apache.commons.cli.HelpFormatter.renderOptions(HelpFormatter.java:748)
	at org.apache.commons.cli.HelpFormatter.printOptions(HelpFormatter.java:698)
	at org.apache.commons.cli.HelpFormatter.printHelp(HelpFormatter.java:521)
	at org.apache.commons.cli.HelpFormatter_ESTest.test055(HelpFormatter_ESTest.java:6235)
	at sun.reflect.NativeMethodAccessorImpl.invoke0(Native Method)
	at sun.reflect.NativeMethodAccessorImpl.invoke(NativeMethodAccessorImpl.java:62)
	at sun.reflect.DelegatingMethodAccessorImpl.invoke(DelegatingMethodAccessorImpl.java:43)
	at java.lang.reflect.Method.invoke(Method.java:498)
	at org.junit.runners.model.FrameworkMethod$1.runReflectiveCall(FrameworkMethod.java:50)
	at org.junit.internal.runners.model.ReflectiveCallable.run(ReflectiveCallable.java:12)
	at org.junit.runners.model.FrameworkMethod.invokeExplosively(FrameworkMethod.java:47)
	at org.junit.internal.runners.statements.InvokeMethod.evaluate(InvokeMethod.java:17)
	at org.junit.internal.runners.statements.FailOnTimeout$CallableStatement.call(FailOnTimeout.java:298)
	at org.junit.internal.runners.statements.FailOnTimeout$CallableStatement.call(FailOnTimeout.java:292)
	at java.util.concurrent.FutureTask.run(FutureTask.java:266)
	at java.lang.Thread.run(Thread.java:748)
24) test035(org.apache.commons.cli.HelpFormatter_ESTest)
org.evosuite.runtime.mock.java.lang.MockIllegalArgumentException: cmdLineSyntax not provided
	at org.apache.commons.cli.HelpFormatter.printHelp(HelpFormatter.java:504)
	at org.apache.commons.cli.HelpFormatter.printHelp(HelpFormatter.java:450)
	at org.apache.commons.cli.HelpFormatter.printHelp(HelpFormatter.java:429)
	at org.apache.commons.cli.HelpFormatter_ESTest.test035(HelpFormatter_ESTest.java:3845)
	at sun.reflect.NativeMethodAccessorImpl.invoke0(Native Method)
	at sun.reflect.NativeMethodAccessorImpl.invoke(NativeMethodAccessorImpl.java:62)
	at sun.reflect.DelegatingMethodAccessorImpl.invoke(DelegatingMethodAccessorImpl.java:43)
	at java.lang.reflect.Method.invoke(Method.java:498)
	at org.junit.runners.model.FrameworkMethod$1.runReflectiveCall(FrameworkMethod.java:50)
	at org.junit.internal.runners.model.ReflectiveCallable.run(ReflectiveCallable.java:12)
	at org.junit.runners.model.FrameworkMethod.invokeExplosively(FrameworkMethod.java:47)
	at org.junit.internal.runners.statements.InvokeMethod.evaluate(InvokeMethod.java:17)
	at org.junit.internal.runners.statements.FailOnTimeout$CallableStatement.call(FailOnTimeout.java:298)
	at org.junit.internal.runners.statements.FailOnTimeout$CallableStatement.call(FailOnTimeout.java:292)
	at java.util.concurrent.FutureTask.run(FutureTask.java:266)
	at java.lang.Thread.run(Thread.java:748)
25) test036(org.apache.commons.cli.HelpFormatter_ESTest)
java.lang.StringIndexOutOfBoundsException: String index out of range: 7
	at java.lang.String.charAt(String.java:658)
	at org.apache.commons.cli.HelpFormatter.findWrapPos(HelpFormatter.java:939)
	at org.apache.commons.cli.HelpFormatter.renderWrappedText(HelpFormatter.java:870)
	at org.apache.commons.cli.HelpFormatter.renderOptions(HelpFormatter.java:822)
	at org.apache.commons.cli.HelpFormatter_ESTest.test036(HelpFormatter_ESTest.java:3969)
	at sun.reflect.NativeMethodAccessorImpl.invoke0(Native Method)
	at sun.reflect.NativeMethodAccessorImpl.invoke(NativeMethodAccessorImpl.java:62)
	at sun.reflect.DelegatingMethodAccessorImpl.invoke(DelegatingMethodAccessorImpl.java:43)
	at java.lang.reflect.Method.invoke(Method.java:498)
	at org.junit.runners.model.FrameworkMethod$1.runReflectiveCall(FrameworkMethod.java:50)
	at org.junit.internal.runners.model.ReflectiveCallable.run(ReflectiveCallable.java:12)
	at org.junit.runners.model.FrameworkMethod.invokeExplosively(FrameworkMethod.java:47)
	at org.junit.internal.runners.statements.InvokeMethod.evaluate(InvokeMethod.java:17)
	at org.junit.internal.runners.statements.FailOnTimeout$CallableStatement.call(FailOnTimeout.java:298)
	at org.junit.internal.runners.statements.FailOnTimeout$CallableStatement.call(FailOnTimeout.java:292)
	at java.util.concurrent.FutureTask.run(FutureTask.java:266)
	at java.lang.Thread.run(Thread.java:748)
26) test038(org.apache.commons.cli.HelpFormatter_ESTest)
java.lang.StringIndexOutOfBoundsException: String index out of range: 7
	at java.lang.String.charAt(String.java:658)
	at org.apache.commons.cli.HelpFormatter.findWrapPos(HelpFormatter.java:939)
	at org.apache.commons.cli.HelpFormatter.renderWrappedText(HelpFormatter.java:870)
	at org.apache.commons.cli.HelpFormatter.printWrapped(HelpFormatter.java:726)
	at org.apache.commons.cli.HelpFormatter.printUsage(HelpFormatter.java:591)
	at org.apache.commons.cli.HelpFormatter_ESTest.test038(HelpFormatter_ESTest.java:4191)
	at sun.reflect.NativeMethodAccessorImpl.invoke0(Native Method)
	at sun.reflect.NativeMethodAccessorImpl.invoke(NativeMethodAccessorImpl.java:62)
	at sun.reflect.DelegatingMethodAccessorImpl.invoke(DelegatingMethodAccessorImpl.java:43)
	at java.lang.reflect.Method.invoke(Method.java:498)
	at org.junit.runners.model.FrameworkMethod$1.runReflectiveCall(FrameworkMethod.java:50)
	at org.junit.internal.runners.model.ReflectiveCallable.run(ReflectiveCallable.java:12)
	at org.junit.runners.model.FrameworkMethod.invokeExplosively(FrameworkMethod.java:47)
	at org.junit.internal.runners.statements.InvokeMethod.evaluate(InvokeMethod.java:17)
	at org.junit.internal.runners.statements.FailOnTimeout$CallableStatement.call(FailOnTimeout.java:298)
	at org.junit.internal.runners.statements.FailOnTimeout$CallableStatement.call(FailOnTimeout.java:292)
	at java.util.concurrent.FutureTask.run(FutureTask.java:266)
	at java.lang.Thread.run(Thread.java:748)
27) test040(org.apache.commons.cli.HelpFormatter_ESTest)
org.evosuite.runtime.mock.java.lang.MockIllegalArgumentException: cmdLineSyntax not provided
	at org.apache.commons.cli.HelpFormatter.printHelp(HelpFormatter.java:504)
	at org.apache.commons.cli.HelpFormatter.printHelp(HelpFormatter.java:450)
	at org.apache.commons.cli.HelpFormatter_ESTest.test040(HelpFormatter_ESTest.java:4446)
	at sun.reflect.NativeMethodAccessorImpl.invoke0(Native Method)
	at sun.reflect.NativeMethodAccessorImpl.invoke(NativeMethodAccessorImpl.java:62)
	at sun.reflect.DelegatingMethodAccessorImpl.invoke(DelegatingMethodAccessorImpl.java:43)
	at java.lang.reflect.Method.invoke(Method.java:498)
	at org.junit.runners.model.FrameworkMethod$1.runReflectiveCall(FrameworkMethod.java:50)
	at org.junit.internal.runners.model.ReflectiveCallable.run(ReflectiveCallable.java:12)
	at org.junit.runners.model.FrameworkMethod.invokeExplosively(FrameworkMethod.java:47)
	at org.junit.internal.runners.statements.InvokeMethod.evaluate(InvokeMethod.java:17)
	at org.junit.internal.runners.statements.FailOnTimeout$CallableStatement.call(FailOnTimeout.java:298)
	at org.junit.internal.runners.statements.FailOnTimeout$CallableStatement.call(FailOnTimeout.java:292)
	at java.util.concurrent.FutureTask.run(FutureTask.java:266)
	at java.lang.Thread.run(Thread.java:748)
28) test042(org.apache.commons.cli.HelpFormatter_ESTest)
java.lang.StringIndexOutOfBoundsException: String index out of range: 10
	at java.lang.String.charAt(String.java:658)
	at org.apache.commons.cli.HelpFormatter.findWrapPos(HelpFormatter.java:939)
	at org.apache.commons.cli.HelpFormatter.renderWrappedText(HelpFormatter.java:870)
	at org.apache.commons.cli.HelpFormatter.printWrapped(HelpFormatter.java:726)
	at org.apache.commons.cli.HelpFormatter.printUsage(HelpFormatter.java:678)
	at org.apache.commons.cli.HelpFormatter.printHelp(HelpFormatter.java:513)
	at org.apache.commons.cli.HelpFormatter.printHelp(HelpFormatter.java:450)
	at org.apache.commons.cli.HelpFormatter_ESTest.test042(HelpFormatter_ESTest.java:4553)
	at sun.reflect.NativeMethodAccessorImpl.invoke0(Native Method)
	at sun.reflect.NativeMethodAccessorImpl.invoke(NativeMethodAccessorImpl.java:62)
	at sun.reflect.DelegatingMethodAccessorImpl.invoke(DelegatingMethodAccessorImpl.java:43)
	at java.lang.reflect.Method.invoke(Method.java:498)
	at org.junit.runners.model.FrameworkMethod$1.runReflectiveCall(FrameworkMethod.java:50)
	at org.junit.internal.runners.model.ReflectiveCallable.run(ReflectiveCallable.java:12)
	at org.junit.runners.model.FrameworkMethod.invokeExplosively(FrameworkMethod.java:47)
	at org.junit.internal.runners.statements.InvokeMethod.evaluate(InvokeMethod.java:17)
	at org.junit.internal.runners.statements.FailOnTimeout$CallableStatement.call(FailOnTimeout.java:298)
	at org.junit.internal.runners.statements.FailOnTimeout$CallableStatement.call(FailOnTimeout.java:292)
	at java.util.concurrent.FutureTask.run(FutureTask.java:266)
	at java.lang.Thread.run(Thread.java:748)
29) test043(org.apache.commons.cli.HelpFormatter_ESTest)
java.lang.NullPointerException
	at org.apache.commons.cli.HelpFormatter.printUsage(HelpFormatter.java:548)
	at org.apache.commons.cli.HelpFormatter.printHelp(HelpFormatter.java:509)
	at org.apache.commons.cli.HelpFormatter.printHelp(HelpFormatter.java:450)
	at org.apache.commons.cli.HelpFormatter.printHelp(HelpFormatter.java:381)
	at org.apache.commons.cli.HelpFormatter_ESTest.test043(HelpFormatter_ESTest.java:4743)
	at sun.reflect.NativeMethodAccessorImpl.invoke0(Native Method)
	at sun.reflect.NativeMethodAccessorImpl.invoke(NativeMethodAccessorImpl.java:62)
	at sun.reflect.DelegatingMethodAccessorImpl.invoke(DelegatingMethodAccessorImpl.java:43)
	at java.lang.reflect.Method.invoke(Method.java:498)
	at org.junit.runners.model.FrameworkMethod$1.runReflectiveCall(FrameworkMethod.java:50)
	at org.junit.internal.runners.model.ReflectiveCallable.run(ReflectiveCallable.java:12)
	at org.junit.runners.model.FrameworkMethod.invokeExplosively(FrameworkMethod.java:47)
	at org.junit.internal.runners.statements.InvokeMethod.evaluate(InvokeMethod.java:17)
	at org.junit.internal.runners.statements.FailOnTimeout$CallableStatement.call(FailOnTimeout.java:298)
	at org.junit.internal.runners.statements.FailOnTimeout$CallableStatement.call(FailOnTimeout.java:292)
	at java.util.concurrent.FutureTask.run(FutureTask.java:266)
	at java.lang.Thread.run(Thread.java:748)
30) test044(org.apache.commons.cli.HelpFormatter_ESTest)
java.lang.NullPointerException
	at org.apache.commons.cli.HelpFormatter.printUsage(HelpFormatter.java:548)
	at org.apache.commons.cli.HelpFormatter.printHelp(HelpFormatter.java:509)
	at org.apache.commons.cli.HelpFormatter_ESTest.test044(HelpFormatter_ESTest.java:4816)
	at sun.reflect.NativeMethodAccessorImpl.invoke0(Native Method)
	at sun.reflect.NativeMethodAccessorImpl.invoke(NativeMethodAccessorImpl.java:62)
	at sun.reflect.DelegatingMethodAccessorImpl.invoke(DelegatingMethodAccessorImpl.java:43)
	at java.lang.reflect.Method.invoke(Method.java:498)
	at org.junit.runners.model.FrameworkMethod$1.runReflectiveCall(FrameworkMethod.java:50)
	at org.junit.internal.runners.model.ReflectiveCallable.run(ReflectiveCallable.java:12)
	at org.junit.runners.model.FrameworkMethod.invokeExplosively(FrameworkMethod.java:47)
	at org.junit.internal.runners.statements.InvokeMethod.evaluate(InvokeMethod.java:17)
	at org.junit.internal.runners.statements.FailOnTimeout$CallableStatement.call(FailOnTimeout.java:298)
	at org.junit.internal.runners.statements.FailOnTimeout$CallableStatement.call(FailOnTimeout.java:292)
	at java.util.concurrent.FutureTask.run(FutureTask.java:266)
	at java.lang.Thread.run(Thread.java:748)
31) test045(org.apache.commons.cli.HelpFormatter_ESTest)
java.lang.NullPointerException
	at org.apache.commons.cli.OptionGroup.addOption(OptionGroup.java:56)
	at org.apache.commons.cli.HelpFormatter_ESTest.test045(HelpFormatter_ESTest.java:5020)
	at sun.reflect.NativeMethodAccessorImpl.invoke0(Native Method)
	at sun.reflect.NativeMethodAccessorImpl.invoke(NativeMethodAccessorImpl.java:62)
	at sun.reflect.DelegatingMethodAccessorImpl.invoke(DelegatingMethodAccessorImpl.java:43)
	at java.lang.reflect.Method.invoke(Method.java:498)
	at org.junit.runners.model.FrameworkMethod$1.runReflectiveCall(FrameworkMethod.java:50)
	at org.junit.internal.runners.model.ReflectiveCallable.run(ReflectiveCallable.java:12)
	at org.junit.runners.model.FrameworkMethod.invokeExplosively(FrameworkMethod.java:47)
	at org.junit.internal.runners.statements.InvokeMethod.evaluate(InvokeMethod.java:17)
	at org.junit.internal.runners.statements.FailOnTimeout$CallableStatement.call(FailOnTimeout.java:298)
	at org.junit.internal.runners.statements.FailOnTimeout$CallableStatement.call(FailOnTimeout.java:292)
	at java.util.concurrent.FutureTask.run(FutureTask.java:266)
	at java.lang.Thread.run(Thread.java:748)
32) test109(org.apache.commons.cli.HelpFormatter_ESTest)
org.evosuite.runtime.mock.java.lang.MockIllegalArgumentException: cmdLineSyntax not provided
	at org.apache.commons.cli.HelpFormatter.printHelp(HelpFormatter.java:504)
	at org.apache.commons.cli.HelpFormatter_ESTest.test109(HelpFormatter_ESTest.java:11112)
	at sun.reflect.NativeMethodAccessorImpl.invoke0(Native Method)
	at sun.reflect.NativeMethodAccessorImpl.invoke(NativeMethodAccessorImpl.java:62)
	at sun.reflect.DelegatingMethodAccessorImpl.invoke(DelegatingMethodAccessorImpl.java:43)
	at java.lang.reflect.Method.invoke(Method.java:498)
	at org.junit.runners.model.FrameworkMethod$1.runReflectiveCall(FrameworkMethod.java:50)
	at org.junit.internal.runners.model.ReflectiveCallable.run(ReflectiveCallable.java:12)
	at org.junit.runners.model.FrameworkMethod.invokeExplosively(FrameworkMethod.java:47)
	at org.junit.internal.runners.statements.InvokeMethod.evaluate(InvokeMethod.java:17)
	at org.junit.internal.runners.statements.FailOnTimeout$CallableStatement.call(FailOnTimeout.java:298)
	at org.junit.internal.runners.statements.FailOnTimeout$CallableStatement.call(FailOnTimeout.java:292)
	at java.util.concurrent.FutureTask.run(FutureTask.java:266)
	at java.lang.Thread.run(Thread.java:748)
33) test103(org.apache.commons.cli.HelpFormatter_ESTest)
java.lang.NullPointerException
	at org.apache.commons.cli.Options.addOption(Options.java:145)
	at org.apache.commons.cli.HelpFormatter_ESTest.test103(HelpFormatter_ESTest.java:10952)
	at sun.reflect.NativeMethodAccessorImpl.invoke0(Native Method)
	at sun.reflect.NativeMethodAccessorImpl.invoke(NativeMethodAccessorImpl.java:62)
	at sun.reflect.DelegatingMethodAccessorImpl.invoke(DelegatingMethodAccessorImpl.java:43)
	at java.lang.reflect.Method.invoke(Method.java:498)
	at org.junit.runners.model.FrameworkMethod$1.runReflectiveCall(FrameworkMethod.java:50)
	at org.junit.internal.runners.model.ReflectiveCallable.run(ReflectiveCallable.java:12)
	at org.junit.runners.model.FrameworkMethod.invokeExplosively(FrameworkMethod.java:47)
	at org.junit.internal.runners.statements.InvokeMethod.evaluate(InvokeMethod.java:17)
	at org.junit.internal.runners.statements.FailOnTimeout$CallableStatement.call(FailOnTimeout.java:298)
	at org.junit.internal.runners.statements.FailOnTimeout$CallableStatement.call(FailOnTimeout.java:292)
	at java.util.concurrent.FutureTask.run(FutureTask.java:266)
	at java.lang.Thread.run(Thread.java:748)
34) test104(org.apache.commons.cli.HelpFormatter_ESTest)
java.lang.NullPointerException
	at org.apache.commons.cli.Options.addOption(Options.java:145)
	at org.apache.commons.cli.HelpFormatter_ESTest.test104(HelpFormatter_ESTest.java:10983)
	at sun.reflect.NativeMethodAccessorImpl.invoke0(Native Method)
	at sun.reflect.NativeMethodAccessorImpl.invoke(NativeMethodAccessorImpl.java:62)
	at sun.reflect.DelegatingMethodAccessorImpl.invoke(DelegatingMethodAccessorImpl.java:43)
	at java.lang.reflect.Method.invoke(Method.java:498)
	at org.junit.runners.model.FrameworkMethod$1.runReflectiveCall(FrameworkMethod.java:50)
	at org.junit.internal.runners.model.ReflectiveCallable.run(ReflectiveCallable.java:12)
	at org.junit.runners.model.FrameworkMethod.invokeExplosively(FrameworkMethod.java:47)
	at org.junit.internal.runners.statements.InvokeMethod.evaluate(InvokeMethod.java:17)
	at org.junit.internal.runners.statements.FailOnTimeout$CallableStatement.call(FailOnTimeout.java:298)
	at org.junit.internal.runners.statements.FailOnTimeout$CallableStatement.call(FailOnTimeout.java:292)
	at java.util.concurrent.FutureTask.run(FutureTask.java:266)
	at java.lang.Thread.run(Thread.java:748)
35) test105(org.apache.commons.cli.HelpFormatter_ESTest)
java.lang.NullPointerException
	at org.apache.commons.cli.HelpFormatter.findWrapPos(HelpFormatter.java:906)
	at org.apache.commons.cli.HelpFormatter.renderWrappedText(HelpFormatter.java:847)
	at org.apache.commons.cli.HelpFormatter_ESTest.test105(HelpFormatter_ESTest.java:11002)
	at sun.reflect.NativeMethodAccessorImpl.invoke0(Native Method)
	at sun.reflect.NativeMethodAccessorImpl.invoke(NativeMethodAccessorImpl.java:62)
	at sun.reflect.DelegatingMethodAccessorImpl.invoke(DelegatingMethodAccessorImpl.java:43)
	at java.lang.reflect.Method.invoke(Method.java:498)
	at org.junit.runners.model.FrameworkMethod$1.runReflectiveCall(FrameworkMethod.java:50)
	at org.junit.internal.runners.model.ReflectiveCallable.run(ReflectiveCallable.java:12)
	at org.junit.runners.model.FrameworkMethod.invokeExplosively(FrameworkMethod.java:47)
	at org.junit.internal.runners.statements.InvokeMethod.evaluate(InvokeMethod.java:17)
	at org.junit.internal.runners.statements.FailOnTimeout$CallableStatement.call(FailOnTimeout.java:298)
	at org.junit.internal.runners.statements.FailOnTimeout$CallableStatement.call(FailOnTimeout.java:292)
	at java.util.concurrent.FutureTask.run(FutureTask.java:266)
	at java.lang.Thread.run(Thread.java:748)
36) test107(org.apache.commons.cli.HelpFormatter_ESTest)
java.lang.NullPointerException
	at org.apache.commons.cli.HelpFormatter.findWrapPos(HelpFormatter.java:906)
	at org.apache.commons.cli.HelpFormatter.renderWrappedText(HelpFormatter.java:847)
	at org.apache.commons.cli.HelpFormatter_ESTest.test107(HelpFormatter_ESTest.java:11063)
	at sun.reflect.NativeMethodAccessorImpl.invoke0(Native Method)
	at sun.reflect.NativeMethodAccessorImpl.invoke(NativeMethodAccessorImpl.java:62)
	at sun.reflect.DelegatingMethodAccessorImpl.invoke(DelegatingMethodAccessorImpl.java:43)
	at java.lang.reflect.Method.invoke(Method.java:498)
	at org.junit.runners.model.FrameworkMethod$1.runReflectiveCall(FrameworkMethod.java:50)
	at org.junit.internal.runners.model.ReflectiveCallable.run(ReflectiveCallable.java:12)
	at org.junit.runners.model.FrameworkMethod.invokeExplosively(FrameworkMethod.java:47)
	at org.junit.internal.runners.statements.InvokeMethod.evaluate(InvokeMethod.java:17)
	at org.junit.internal.runners.statements.FailOnTimeout$CallableStatement.call(FailOnTimeout.java:298)
	at org.junit.internal.runners.statements.FailOnTimeout$CallableStatement.call(FailOnTimeout.java:292)
	at java.util.concurrent.FutureTask.run(FutureTask.java:266)
	at java.lang.Thread.run(Thread.java:748)
37) test108(org.apache.commons.cli.HelpFormatter_ESTest)
org.evosuite.runtime.mock.java.lang.MockIllegalArgumentException: The option 'usage: ' contains an illegal character : ':'
	at org.apache.commons.cli.OptionValidator.validateOption(OptionValidator.java:73)
	at org.apache.commons.cli.Option.<init>(Option.java:124)
	at org.apache.commons.cli.Options.addOption(Options.java:132)
	at org.apache.commons.cli.HelpFormatter_ESTest.test108(HelpFormatter_ESTest.java:11086)
	at sun.reflect.NativeMethodAccessorImpl.invoke0(Native Method)
	at sun.reflect.NativeMethodAccessorImpl.invoke(NativeMethodAccessorImpl.java:62)
	at sun.reflect.DelegatingMethodAccessorImpl.invoke(DelegatingMethodAccessorImpl.java:43)
	at java.lang.reflect.Method.invoke(Method.java:498)
	at org.junit.runners.model.FrameworkMethod$1.runReflectiveCall(FrameworkMethod.java:50)
	at org.junit.internal.runners.model.ReflectiveCallable.run(ReflectiveCallable.java:12)
	at org.junit.runners.model.FrameworkMethod.invokeExplosively(FrameworkMethod.java:47)
	at org.junit.internal.runners.statements.InvokeMethod.evaluate(InvokeMethod.java:17)
	at org.junit.internal.runners.statements.FailOnTimeout$CallableStatement.call(FailOnTimeout.java:298)
	at org.junit.internal.runners.statements.FailOnTimeout$CallableStatement.call(FailOnTimeout.java:292)
	at java.util.concurrent.FutureTask.run(FutureTask.java:266)
	at java.lang.Thread.run(Thread.java:748)
38) test071(org.apache.commons.cli.HelpFormatter_ESTest)
java.lang.NullPointerException
	at org.apache.commons.cli.HelpFormatter.renderOptions(HelpFormatter.java:759)
	at org.apache.commons.cli.HelpFormatter.printOptions(HelpFormatter.java:698)
	at org.apache.commons.cli.HelpFormatter.printHelp(HelpFormatter.java:521)
	at org.apache.commons.cli.HelpFormatter.printHelp(HelpFormatter.java:450)
	at org.apache.commons.cli.HelpFormatter.printHelp(HelpFormatter.java:413)
	at org.apache.commons.cli.HelpFormatter.printHelp(HelpFormatter.java:396)
	at org.apache.commons.cli.HelpFormatter_ESTest.test071(HelpFormatter_ESTest.java:8728)
	at sun.reflect.NativeMethodAccessorImpl.invoke0(Native Method)
	at sun.reflect.NativeMethodAccessorImpl.invoke(NativeMethodAccessorImpl.java:62)
	at sun.reflect.DelegatingMethodAccessorImpl.invoke(DelegatingMethodAccessorImpl.java:43)
	at java.lang.reflect.Method.invoke(Method.java:498)
	at org.junit.runners.model.FrameworkMethod$1.runReflectiveCall(FrameworkMethod.java:50)
	at org.junit.internal.runners.model.ReflectiveCallable.run(ReflectiveCallable.java:12)
	at org.junit.runners.model.FrameworkMethod.invokeExplosively(FrameworkMethod.java:47)
	at org.junit.internal.runners.statements.InvokeMethod.evaluate(InvokeMethod.java:17)
	at org.junit.internal.runners.statements.FailOnTimeout$CallableStatement.call(FailOnTimeout.java:298)
	at org.junit.internal.runners.statements.FailOnTimeout$CallableStatement.call(FailOnTimeout.java:292)
	at java.util.concurrent.FutureTask.run(FutureTask.java:266)
	at java.lang.Thread.run(Thread.java:748)
39) test073(org.apache.commons.cli.HelpFormatter_ESTest)
java.lang.NegativeArraySizeException
	at java.lang.AbstractStringBuilder.<init>(AbstractStringBuilder.java:68)
	at java.lang.StringBuffer.<init>(StringBuffer.java:128)
	at org.apache.commons.cli.HelpFormatter.createPadding(HelpFormatter.java:956)
	at org.apache.commons.cli.HelpFormatter_ESTest.test073(HelpFormatter_ESTest.java:9083)
	at sun.reflect.NativeMethodAccessorImpl.invoke0(Native Method)
	at sun.reflect.NativeMethodAccessorImpl.invoke(NativeMethodAccessorImpl.java:62)
	at sun.reflect.DelegatingMethodAccessorImpl.invoke(DelegatingMethodAccessorImpl.java:43)
	at java.lang.reflect.Method.invoke(Method.java:498)
	at org.junit.runners.model.FrameworkMethod$1.runReflectiveCall(FrameworkMethod.java:50)
	at org.junit.internal.runners.model.ReflectiveCallable.run(ReflectiveCallable.java:12)
	at org.junit.runners.model.FrameworkMethod.invokeExplosively(FrameworkMethod.java:47)
	at org.junit.internal.runners.statements.InvokeMethod.evaluate(InvokeMethod.java:17)
	at org.junit.internal.runners.statements.FailOnTimeout$CallableStatement.call(FailOnTimeout.java:298)
	at org.junit.internal.runners.statements.FailOnTimeout$CallableStatement.call(FailOnTimeout.java:292)
	at java.util.concurrent.FutureTask.run(FutureTask.java:266)
	at java.lang.Thread.run(Thread.java:748)
40) test074(org.apache.commons.cli.HelpFormatter_ESTest)
java.lang.NullPointerException
	at org.apache.commons.cli.HelpFormatter.renderOptions(HelpFormatter.java:759)
	at org.apache.commons.cli.HelpFormatter_ESTest.test074(HelpFormatter_ESTest.java:9205)
	at sun.reflect.NativeMethodAccessorImpl.invoke0(Native Method)
	at sun.reflect.NativeMethodAccessorImpl.invoke(NativeMethodAccessorImpl.java:62)
	at sun.reflect.DelegatingMethodAccessorImpl.invoke(DelegatingMethodAccessorImpl.java:43)
	at java.lang.reflect.Method.invoke(Method.java:498)
	at org.junit.runners.model.FrameworkMethod$1.runReflectiveCall(FrameworkMethod.java:50)
	at org.junit.internal.runners.model.ReflectiveCallable.run(ReflectiveCallable.java:12)
	at org.junit.runners.model.FrameworkMethod.invokeExplosively(FrameworkMethod.java:47)
	at org.junit.internal.runners.statements.InvokeMethod.evaluate(InvokeMethod.java:17)
	at org.junit.internal.runners.statements.FailOnTimeout$CallableStatement.call(FailOnTimeout.java:298)
	at org.junit.internal.runners.statements.FailOnTimeout$CallableStatement.call(FailOnTimeout.java:292)
	at java.util.concurrent.FutureTask.run(FutureTask.java:266)
	at java.lang.Thread.run(Thread.java:748)
41) test075(org.apache.commons.cli.HelpFormatter_ESTest)
java.lang.NullPointerException
	at org.apache.commons.cli.HelpFormatter.printWrapped(HelpFormatter.java:724)
	at org.apache.commons.cli.HelpFormatter_ESTest.test075(HelpFormatter_ESTest.java:9301)
	at sun.reflect.NativeMethodAccessorImpl.invoke0(Native Method)
	at sun.reflect.NativeMethodAccessorImpl.invoke(NativeMethodAccessorImpl.java:62)
	at sun.reflect.DelegatingMethodAccessorImpl.invoke(DelegatingMethodAccessorImpl.java:43)
	at java.lang.reflect.Method.invoke(Method.java:498)
	at org.junit.runners.model.FrameworkMethod$1.runReflectiveCall(FrameworkMethod.java:50)
	at org.junit.internal.runners.model.ReflectiveCallable.run(ReflectiveCallable.java:12)
	at org.junit.runners.model.FrameworkMethod.invokeExplosively(FrameworkMethod.java:47)
	at org.junit.internal.runners.statements.InvokeMethod.evaluate(InvokeMethod.java:17)
	at org.junit.internal.runners.statements.FailOnTimeout$CallableStatement.call(FailOnTimeout.java:298)
	at org.junit.internal.runners.statements.FailOnTimeout$CallableStatement.call(FailOnTimeout.java:292)
	at java.util.concurrent.FutureTask.run(FutureTask.java:266)
	at java.lang.Thread.run(Thread.java:748)
42) test110(org.apache.commons.cli.HelpFormatter_ESTest)
java.lang.StringIndexOutOfBoundsException: String index out of range: -2589
	at java.lang.String.charAt(String.java:658)
	at org.apache.commons.cli.HelpFormatter.findWrapPos(HelpFormatter.java:939)
	at org.apache.commons.cli.HelpFormatter.renderWrappedText(HelpFormatter.java:847)
	at org.apache.commons.cli.HelpFormatter.printWrapped(HelpFormatter.java:726)
	at org.apache.commons.cli.HelpFormatter.printWrapped(HelpFormatter.java:711)
	at org.apache.commons.cli.HelpFormatter_ESTest.test110(HelpFormatter_ESTest.java:11134)
	at sun.reflect.NativeMethodAccessorImpl.invoke0(Native Method)
	at sun.reflect.NativeMethodAccessorImpl.invoke(NativeMethodAccessorImpl.java:62)
	at sun.reflect.DelegatingMethodAccessorImpl.invoke(DelegatingMethodAccessorImpl.java:43)
	at java.lang.reflect.Method.invoke(Method.java:498)
	at org.junit.runners.model.FrameworkMethod$1.runReflectiveCall(FrameworkMethod.java:50)
	at org.junit.internal.runners.model.ReflectiveCallable.run(ReflectiveCallable.java:12)
	at org.junit.runners.model.FrameworkMethod.invokeExplosively(FrameworkMethod.java:47)
	at org.junit.internal.runners.statements.InvokeMethod.evaluate(InvokeMethod.java:17)
	at org.junit.internal.runners.statements.FailOnTimeout$CallableStatement.call(FailOnTimeout.java:298)
	at org.junit.internal.runners.statements.FailOnTimeout$CallableStatement.call(FailOnTimeout.java:292)
	at java.util.concurrent.FutureTask.run(FutureTask.java:266)
	at java.lang.Thread.run(Thread.java:748)
43) test078(org.apache.commons.cli.HelpFormatter_ESTest)
org.evosuite.runtime.mock.java.lang.MockIllegalArgumentException: The option 'usage: ' contains an illegal character : ':'
	at org.apache.commons.cli.OptionValidator.validateOption(OptionValidator.java:73)
	at org.apache.commons.cli.Option.<init>(Option.java:124)
	at org.apache.commons.cli.Option.<init>(Option.java:91)
	at org.apache.commons.cli.HelpFormatter_ESTest.test078(HelpFormatter_ESTest.java:9910)
	at sun.reflect.NativeMethodAccessorImpl.invoke0(Native Method)
	at sun.reflect.NativeMethodAccessorImpl.invoke(NativeMethodAccessorImpl.java:62)
	at sun.reflect.DelegatingMethodAccessorImpl.invoke(DelegatingMethodAccessorImpl.java:43)
	at java.lang.reflect.Method.invoke(Method.java:498)
	at org.junit.runners.model.FrameworkMethod$1.runReflectiveCall(FrameworkMethod.java:50)
	at org.junit.internal.runners.model.ReflectiveCallable.run(ReflectiveCallable.java:12)
	at org.junit.runners.model.FrameworkMethod.invokeExplosively(FrameworkMethod.java:47)
	at org.junit.internal.runners.statements.InvokeMethod.evaluate(InvokeMethod.java:17)
	at org.junit.internal.runners.statements.FailOnTimeout$CallableStatement.call(FailOnTimeout.java:298)
	at org.junit.internal.runners.statements.FailOnTimeout$CallableStatement.call(FailOnTimeout.java:292)
	at java.util.concurrent.FutureTask.run(FutureTask.java:266)
	at java.lang.Thread.run(Thread.java:748)
44) test111(org.apache.commons.cli.HelpFormatter_ESTest)
org.evosuite.runtime.mock.java.lang.MockIllegalArgumentException: The option 'usage: ' contains an illegal character : ':'
	at org.apache.commons.cli.OptionValidator.validateOption(OptionValidator.java:73)
	at org.apache.commons.cli.Option.<init>(Option.java:124)
	at org.apache.commons.cli.Option.<init>(Option.java:91)
	at org.apache.commons.cli.HelpFormatter_ESTest.test111(HelpFormatter_ESTest.java:11153)
	at sun.reflect.NativeMethodAccessorImpl.invoke0(Native Method)
	at sun.reflect.NativeMethodAccessorImpl.invoke(NativeMethodAccessorImpl.java:62)
	at sun.reflect.DelegatingMethodAccessorImpl.invoke(DelegatingMethodAccessorImpl.java:43)
	at java.lang.reflect.Method.invoke(Method.java:498)
	at org.junit.runners.model.FrameworkMethod$1.runReflectiveCall(FrameworkMethod.java:50)
	at org.junit.internal.runners.model.ReflectiveCallable.run(ReflectiveCallable.java:12)
	at org.junit.runners.model.FrameworkMethod.invokeExplosively(FrameworkMethod.java:47)
	at org.junit.internal.runners.statements.InvokeMethod.evaluate(InvokeMethod.java:17)
	at org.junit.internal.runners.statements.FailOnTimeout$CallableStatement.call(FailOnTimeout.java:298)
	at org.junit.internal.runners.statements.FailOnTimeout$CallableStatement.call(FailOnTimeout.java:292)
	at java.util.concurrent.FutureTask.run(FutureTask.java:266)
	at java.lang.Thread.run(Thread.java:748)
45) test070(org.apache.commons.cli.HelpFormatter_ESTest)
org.evosuite.runtime.mock.java.lang.MockIllegalArgumentException: The option 'org.apache.commons.cli.Option' contains an illegal character : '.'
	at org.apache.commons.cli.OptionValidator.validateOption(OptionValidator.java:73)
	at org.apache.commons.cli.Option.<init>(Option.java:124)
	at org.apache.commons.cli.Options.addOption(Options.java:132)
	at org.apache.commons.cli.Options.addOption(Options.java:115)
	at org.apache.commons.cli.HelpFormatter_ESTest.test070(HelpFormatter_ESTest.java:8694)
	at sun.reflect.NativeMethodAccessorImpl.invoke0(Native Method)
	at sun.reflect.NativeMethodAccessorImpl.invoke(NativeMethodAccessorImpl.java:62)
	at sun.reflect.DelegatingMethodAccessorImpl.invoke(DelegatingMethodAccessorImpl.java:43)
	at java.lang.reflect.Method.invoke(Method.java:498)
	at org.junit.runners.model.FrameworkMethod$1.runReflectiveCall(FrameworkMethod.java:50)
	at org.junit.internal.runners.model.ReflectiveCallable.run(ReflectiveCallable.java:12)
	at org.junit.runners.model.FrameworkMethod.invokeExplosively(FrameworkMethod.java:47)
	at org.junit.internal.runners.statements.InvokeMethod.evaluate(InvokeMethod.java:17)
	at org.junit.internal.runners.statements.FailOnTimeout$CallableStatement.call(FailOnTimeout.java:298)
	at org.junit.internal.runners.statements.FailOnTimeout$CallableStatement.call(FailOnTimeout.java:292)
	at java.util.concurrent.FutureTask.run(FutureTask.java:266)
	at java.lang.Thread.run(Thread.java:748)
46) test057(org.apache.commons.cli.HelpFormatter_ESTest)
java.lang.NullPointerException
	at org.apache.commons.cli.HelpFormatter.findWrapPos(HelpFormatter.java:906)
	at org.apache.commons.cli.HelpFormatter_ESTest.test057(HelpFormatter_ESTest.java:6545)
	at sun.reflect.NativeMethodAccessorImpl.invoke0(Native Method)
	at sun.reflect.NativeMethodAccessorImpl.invoke(NativeMethodAccessorImpl.java:62)
	at sun.reflect.DelegatingMethodAccessorImpl.invoke(DelegatingMethodAccessorImpl.java:43)
	at java.lang.reflect.Method.invoke(Method.java:498)
	at org.junit.runners.model.FrameworkMethod$1.runReflectiveCall(FrameworkMethod.java:50)
	at org.junit.internal.runners.model.ReflectiveCallable.run(ReflectiveCallable.java:12)
	at org.junit.runners.model.FrameworkMethod.invokeExplosively(FrameworkMethod.java:47)
	at org.junit.internal.runners.statements.InvokeMethod.evaluate(InvokeMethod.java:17)
	at org.junit.internal.runners.statements.FailOnTimeout$CallableStatement.call(FailOnTimeout.java:298)
	at org.junit.internal.runners.statements.FailOnTimeout$CallableStatement.call(FailOnTimeout.java:292)
	at java.util.concurrent.FutureTask.run(FutureTask.java:266)
	at java.lang.Thread.run(Thread.java:748)
47) test058(org.apache.commons.cli.HelpFormatter_ESTest)
java.lang.StringIndexOutOfBoundsException: String index out of range: -1919
	at java.lang.String.charAt(String.java:658)
	at org.apache.commons.cli.HelpFormatter.findWrapPos(HelpFormatter.java:939)
	at org.apache.commons.cli.HelpFormatter.renderWrappedText(HelpFormatter.java:847)
	at org.apache.commons.cli.HelpFormatter.printWrapped(HelpFormatter.java:726)
	at org.apache.commons.cli.HelpFormatter.printUsage(HelpFormatter.java:591)
	at org.apache.commons.cli.HelpFormatter.printHelp(HelpFormatter.java:509)
	at org.apache.commons.cli.HelpFormatter_ESTest.test058(HelpFormatter_ESTest.java:6696)
	at sun.reflect.NativeMethodAccessorImpl.invoke0(Native Method)
	at sun.reflect.NativeMethodAccessorImpl.invoke(NativeMethodAccessorImpl.java:62)
	at sun.reflect.DelegatingMethodAccessorImpl.invoke(DelegatingMethodAccessorImpl.java:43)
	at java.lang.reflect.Method.invoke(Method.java:498)
	at org.junit.runners.model.FrameworkMethod$1.runReflectiveCall(FrameworkMethod.java:50)
	at org.junit.internal.runners.model.ReflectiveCallable.run(ReflectiveCallable.java:12)
	at org.junit.runners.model.FrameworkMethod.invokeExplosively(FrameworkMethod.java:47)
	at org.junit.internal.runners.statements.InvokeMethod.evaluate(InvokeMethod.java:17)
	at org.junit.internal.runners.statements.FailOnTimeout$CallableStatement.call(FailOnTimeout.java:298)
	at org.junit.internal.runners.statements.FailOnTimeout$CallableStatement.call(FailOnTimeout.java:292)
	at java.util.concurrent.FutureTask.run(FutureTask.java:266)
	at java.lang.Thread.run(Thread.java:748)
48) test059(org.apache.commons.cli.HelpFormatter_ESTest)
java.lang.NullPointerException
	at org.apache.commons.cli.HelpFormatter.printUsage(HelpFormatter.java:548)
	at org.apache.commons.cli.HelpFormatter_ESTest.test059(HelpFormatter_ESTest.java:6727)
	at sun.reflect.NativeMethodAccessorImpl.invoke0(Native Method)
	at sun.reflect.NativeMethodAccessorImpl.invoke(NativeMethodAccessorImpl.java:62)
	at sun.reflect.DelegatingMethodAccessorImpl.invoke(DelegatingMethodAccessorImpl.java:43)
	at java.lang.reflect.Method.invoke(Method.java:498)
	at org.junit.runners.model.FrameworkMethod$1.runReflectiveCall(FrameworkMethod.java:50)
	at org.junit.internal.runners.model.ReflectiveCallable.run(ReflectiveCallable.java:12)
	at org.junit.runners.model.FrameworkMethod.invokeExplosively(FrameworkMethod.java:47)
	at org.junit.internal.runners.statements.InvokeMethod.evaluate(InvokeMethod.java:17)
	at org.junit.internal.runners.statements.FailOnTimeout$CallableStatement.call(FailOnTimeout.java:298)
	at org.junit.internal.runners.statements.FailOnTimeout$CallableStatement.call(FailOnTimeout.java:292)
	at java.util.concurrent.FutureTask.run(FutureTask.java:266)
	at java.lang.Thread.run(Thread.java:748)
49) test061(org.apache.commons.cli.HelpFormatter_ESTest)
org.evosuite.runtime.mock.java.lang.MockIllegalArgumentException: cmdLineSyntax not provided
	at org.apache.commons.cli.HelpFormatter.printHelp(HelpFormatter.java:504)
	at org.apache.commons.cli.HelpFormatter_ESTest.test061(HelpFormatter_ESTest.java:7115)
	at sun.reflect.NativeMethodAccessorImpl.invoke0(Native Method)
	at sun.reflect.NativeMethodAccessorImpl.invoke(NativeMethodAccessorImpl.java:62)
	at sun.reflect.DelegatingMethodAccessorImpl.invoke(DelegatingMethodAccessorImpl.java:43)
	at java.lang.reflect.Method.invoke(Method.java:498)
	at org.junit.runners.model.FrameworkMethod$1.runReflectiveCall(FrameworkMethod.java:50)
	at org.junit.internal.runners.model.ReflectiveCallable.run(ReflectiveCallable.java:12)
	at org.junit.runners.model.FrameworkMethod.invokeExplosively(FrameworkMethod.java:47)
	at org.junit.internal.runners.statements.InvokeMethod.evaluate(InvokeMethod.java:17)
	at org.junit.internal.runners.statements.FailOnTimeout$CallableStatement.call(FailOnTimeout.java:298)
	at org.junit.internal.runners.statements.FailOnTimeout$CallableStatement.call(FailOnTimeout.java:292)
	at java.util.concurrent.FutureTask.run(FutureTask.java:266)
	at java.lang.Thread.run(Thread.java:748)
50) test062(org.apache.commons.cli.HelpFormatter_ESTest)
org.evosuite.runtime.mock.java.lang.MockIllegalArgumentException: cmdLineSyntax not provided
	at org.apache.commons.cli.HelpFormatter.printHelp(HelpFormatter.java:504)
	at org.apache.commons.cli.HelpFormatter.printHelp(HelpFormatter.java:450)
	at org.apache.commons.cli.HelpFormatter.printHelp(HelpFormatter.java:381)
	at org.apache.commons.cli.HelpFormatter_ESTest.test062(HelpFormatter_ESTest.java:7394)
	at sun.reflect.NativeMethodAccessorImpl.invoke0(Native Method)
	at sun.reflect.NativeMethodAccessorImpl.invoke(NativeMethodAccessorImpl.java:62)
	at sun.reflect.DelegatingMethodAccessorImpl.invoke(DelegatingMethodAccessorImpl.java:43)
	at java.lang.reflect.Method.invoke(Method.java:498)
	at org.junit.runners.model.FrameworkMethod$1.runReflectiveCall(FrameworkMethod.java:50)
	at org.junit.internal.runners.model.ReflectiveCallable.run(ReflectiveCallable.java:12)
	at org.junit.runners.model.FrameworkMethod.invokeExplosively(FrameworkMethod.java:47)
	at org.junit.internal.runners.statements.InvokeMethod.evaluate(InvokeMethod.java:17)
	at org.junit.internal.runners.statements.FailOnTimeout$CallableStatement.call(FailOnTimeout.java:298)
	at org.junit.internal.runners.statements.FailOnTimeout$CallableStatement.call(FailOnTimeout.java:292)
	at java.util.concurrent.FutureTask.run(FutureTask.java:266)
	at java.lang.Thread.run(Thread.java:748)
51) test063(org.apache.commons.cli.HelpFormatter_ESTest)
java.lang.StringIndexOutOfBoundsException: String index out of range: 15
	at java.lang.String.charAt(String.java:658)
	at org.apache.commons.cli.HelpFormatter.findWrapPos(HelpFormatter.java:939)
	at org.apache.commons.cli.HelpFormatter.renderWrappedText(HelpFormatter.java:847)
	at org.apache.commons.cli.HelpFormatter.printWrapped(HelpFormatter.java:726)
	at org.apache.commons.cli.HelpFormatter.printWrapped(HelpFormatter.java:711)
	at org.apache.commons.cli.HelpFormatter_ESTest.test063(HelpFormatter_ESTest.java:7513)
	at sun.reflect.NativeMethodAccessorImpl.invoke0(Native Method)
	at sun.reflect.NativeMethodAccessorImpl.invoke(NativeMethodAccessorImpl.java:62)
	at sun.reflect.DelegatingMethodAccessorImpl.invoke(DelegatingMethodAccessorImpl.java:43)
	at java.lang.reflect.Method.invoke(Method.java:498)
	at org.junit.runners.model.FrameworkMethod$1.runReflectiveCall(FrameworkMethod.java:50)
	at org.junit.internal.runners.model.ReflectiveCallable.run(ReflectiveCallable.java:12)
	at org.junit.runners.model.FrameworkMethod.invokeExplosively(FrameworkMethod.java:47)
	at org.junit.internal.runners.statements.InvokeMethod.evaluate(InvokeMethod.java:17)
	at org.junit.internal.runners.statements.FailOnTimeout$CallableStatement.call(FailOnTimeout.java:298)
	at org.junit.internal.runners.statements.FailOnTimeout$CallableStatement.call(FailOnTimeout.java:292)
	at java.util.concurrent.FutureTask.run(FutureTask.java:266)
	at java.lang.Thread.run(Thread.java:748)
52) test064(org.apache.commons.cli.HelpFormatter_ESTest)
java.lang.StringIndexOutOfBoundsException: String index out of range: 18
	at java.lang.String.charAt(String.java:658)
	at org.apache.commons.cli.HelpFormatter.findWrapPos(HelpFormatter.java:939)
	at org.apache.commons.cli.HelpFormatter.renderWrappedText(HelpFormatter.java:870)
	at org.apache.commons.cli.HelpFormatter.printWrapped(HelpFormatter.java:726)
	at org.apache.commons.cli.HelpFormatter.printUsage(HelpFormatter.java:591)
	at org.apache.commons.cli.HelpFormatter.printHelp(HelpFormatter.java:509)
	at org.apache.commons.cli.HelpFormatter.printHelp(HelpFormatter.java:450)
	at org.apache.commons.cli.HelpFormatter_ESTest.test064(HelpFormatter_ESTest.java:7723)
	at sun.reflect.NativeMethodAccessorImpl.invoke0(Native Method)
	at sun.reflect.NativeMethodAccessorImpl.invoke(NativeMethodAccessorImpl.java:62)
	at sun.reflect.DelegatingMethodAccessorImpl.invoke(DelegatingMethodAccessorImpl.java:43)
	at java.lang.reflect.Method.invoke(Method.java:498)
	at org.junit.runners.model.FrameworkMethod$1.runReflectiveCall(FrameworkMethod.java:50)
	at org.junit.internal.runners.model.ReflectiveCallable.run(ReflectiveCallable.java:12)
	at org.junit.runners.model.FrameworkMethod.invokeExplosively(FrameworkMethod.java:47)
	at org.junit.internal.runners.statements.InvokeMethod.evaluate(InvokeMethod.java:17)
	at org.junit.internal.runners.statements.FailOnTimeout$CallableStatement.call(FailOnTimeout.java:298)
	at org.junit.internal.runners.statements.FailOnTimeout$CallableStatement.call(FailOnTimeout.java:292)
	at java.util.concurrent.FutureTask.run(FutureTask.java:266)
	at java.lang.Thread.run(Thread.java:748)
53) test065(org.apache.commons.cli.HelpFormatter_ESTest)
java.lang.IllegalArgumentException: Prefix string too short
	at org.evosuite.runtime.vfs.VirtualFileSystem.createTempFile(VirtualFileSystem.java:262)
	at org.evosuite.runtime.mock.java.io.MockFile.createTempFile(MockFile.java:153)
	at org.apache.commons.cli.HelpFormatter_ESTest.test065(HelpFormatter_ESTest.java:7927)
	at sun.reflect.NativeMethodAccessorImpl.invoke0(Native Method)
	at sun.reflect.NativeMethodAccessorImpl.invoke(NativeMethodAccessorImpl.java:62)
	at sun.reflect.DelegatingMethodAccessorImpl.invoke(DelegatingMethodAccessorImpl.java:43)
	at java.lang.reflect.Method.invoke(Method.java:498)
	at org.junit.runners.model.FrameworkMethod$1.runReflectiveCall(FrameworkMethod.java:50)
	at org.junit.internal.runners.model.ReflectiveCallable.run(ReflectiveCallable.java:12)
	at org.junit.runners.model.FrameworkMethod.invokeExplosively(FrameworkMethod.java:47)
	at org.junit.internal.runners.statements.InvokeMethod.evaluate(InvokeMethod.java:17)
	at org.junit.internal.runners.statements.FailOnTimeout$CallableStatement.call(FailOnTimeout.java:298)
	at org.junit.internal.runners.statements.FailOnTimeout$CallableStatement.call(FailOnTimeout.java:292)
	at java.util.concurrent.FutureTask.run(FutureTask.java:266)
	at java.lang.Thread.run(Thread.java:748)
54) test066(org.apache.commons.cli.HelpFormatter_ESTest)
java.lang.StringIndexOutOfBoundsException: String index out of range: 5
	at java.lang.String.charAt(String.java:658)
	at org.apache.commons.cli.HelpFormatter.findWrapPos(HelpFormatter.java:939)
	at org.apache.commons.cli.HelpFormatter.renderWrappedText(HelpFormatter.java:870)
	at org.apache.commons.cli.HelpFormatter.printWrapped(HelpFormatter.java:726)
	at org.apache.commons.cli.HelpFormatter.printUsage(HelpFormatter.java:678)
	at org.apache.commons.cli.HelpFormatter_ESTest.test066(HelpFormatter_ESTest.java:8068)
	at sun.reflect.NativeMethodAccessorImpl.invoke0(Native Method)
	at sun.reflect.NativeMethodAccessorImpl.invoke(NativeMethodAccessorImpl.java:62)
	at sun.reflect.DelegatingMethodAccessorImpl.invoke(DelegatingMethodAccessorImpl.java:43)
	at java.lang.reflect.Method.invoke(Method.java:498)
	at org.junit.runners.model.FrameworkMethod$1.runReflectiveCall(FrameworkMethod.java:50)
	at org.junit.internal.runners.model.ReflectiveCallable.run(ReflectiveCallable.java:12)
	at org.junit.runners.model.FrameworkMethod.invokeExplosively(FrameworkMethod.java:47)
	at org.junit.internal.runners.statements.InvokeMethod.evaluate(InvokeMethod.java:17)
	at org.junit.internal.runners.statements.FailOnTimeout$CallableStatement.call(FailOnTimeout.java:298)
	at org.junit.internal.runners.statements.FailOnTimeout$CallableStatement.call(FailOnTimeout.java:292)
	at java.util.concurrent.FutureTask.run(FutureTask.java:266)
	at java.lang.Thread.run(Thread.java:748)
55) test100(org.apache.commons.cli.HelpFormatter_ESTest)
org.evosuite.runtime.mock.java.lang.MockNullPointerException: charsetName
	at org.evosuite.runtime.mock.java.io.MockPrintWriter.toCharset(MockPrintWriter.java:116)
	at org.evosuite.runtime.mock.java.io.MockPrintWriter.<init>(MockPrintWriter.java:106)
	at org.apache.commons.cli.HelpFormatter_ESTest.test100(HelpFormatter_ESTest.java:10874)
	at sun.reflect.NativeMethodAccessorImpl.invoke0(Native Method)
	at sun.reflect.NativeMethodAccessorImpl.invoke(NativeMethodAccessorImpl.java:62)
	at sun.reflect.DelegatingMethodAccessorImpl.invoke(DelegatingMethodAccessorImpl.java:43)
	at java.lang.reflect.Method.invoke(Method.java:498)
	at org.junit.runners.model.FrameworkMethod$1.runReflectiveCall(FrameworkMethod.java:50)
	at org.junit.internal.runners.model.ReflectiveCallable.run(ReflectiveCallable.java:12)
	at org.junit.runners.model.FrameworkMethod.invokeExplosively(FrameworkMethod.java:47)
	at org.junit.internal.runners.statements.InvokeMethod.evaluate(InvokeMethod.java:17)
	at org.junit.internal.runners.statements.FailOnTimeout$CallableStatement.call(FailOnTimeout.java:298)
	at org.junit.internal.runners.statements.FailOnTimeout$CallableStatement.call(FailOnTimeout.java:292)
	at java.util.concurrent.FutureTask.run(FutureTask.java:266)
	at java.lang.Thread.run(Thread.java:748)
56) test002(org.apache.commons.cli.HelpFormatter_ESTest)
java.lang.NullPointerException
	at org.apache.commons.cli.HelpFormatter.printOptions(HelpFormatter.java:699)
	at org.apache.commons.cli.HelpFormatter_ESTest.test002(HelpFormatter_ESTest.java:72)
	at sun.reflect.NativeMethodAccessorImpl.invoke0(Native Method)
	at sun.reflect.NativeMethodAccessorImpl.invoke(NativeMethodAccessorImpl.java:62)
	at sun.reflect.DelegatingMethodAccessorImpl.invoke(DelegatingMethodAccessorImpl.java:43)
	at java.lang.reflect.Method.invoke(Method.java:498)
	at org.junit.runners.model.FrameworkMethod$1.runReflectiveCall(FrameworkMethod.java:50)
	at org.junit.internal.runners.model.ReflectiveCallable.run(ReflectiveCallable.java:12)
	at org.junit.runners.model.FrameworkMethod.invokeExplosively(FrameworkMethod.java:47)
	at org.junit.internal.runners.statements.InvokeMethod.evaluate(InvokeMethod.java:17)
	at org.junit.internal.runners.statements.FailOnTimeout$CallableStatement.call(FailOnTimeout.java:298)
	at org.junit.internal.runners.statements.FailOnTimeout$CallableStatement.call(FailOnTimeout.java:292)
	at java.util.concurrent.FutureTask.run(FutureTask.java:266)
	at java.lang.Thread.run(Thread.java:748)
57) test003(org.apache.commons.cli.HelpFormatter_ESTest)
java.lang.NegativeArraySizeException
	at java.lang.AbstractStringBuilder.<init>(AbstractStringBuilder.java:68)
	at java.lang.StringBuffer.<init>(StringBuffer.java:128)
	at org.apache.commons.cli.HelpFormatter.createPadding(HelpFormatter.java:956)
	at org.apache.commons.cli.HelpFormatter.renderWrappedText(HelpFormatter.java:865)
	at org.apache.commons.cli.HelpFormatter.printWrapped(HelpFormatter.java:726)
	at org.apache.commons.cli.HelpFormatter_ESTest.test003(HelpFormatter_ESTest.java:95)
	at sun.reflect.NativeMethodAccessorImpl.invoke0(Native Method)
	at sun.reflect.NativeMethodAccessorImpl.invoke(NativeMethodAccessorImpl.java:62)
	at sun.reflect.DelegatingMethodAccessorImpl.invoke(DelegatingMethodAccessorImpl.java:43)
	at java.lang.reflect.Method.invoke(Method.java:498)
	at org.junit.runners.model.FrameworkMethod$1.runReflectiveCall(FrameworkMethod.java:50)
	at org.junit.internal.runners.model.ReflectiveCallable.run(ReflectiveCallable.java:12)
	at org.junit.runners.model.FrameworkMethod.invokeExplosively(FrameworkMethod.java:47)
	at org.junit.internal.runners.statements.InvokeMethod.evaluate(InvokeMethod.java:17)
	at org.junit.internal.runners.statements.FailOnTimeout$CallableStatement.call(FailOnTimeout.java:298)
	at org.junit.internal.runners.statements.FailOnTimeout$CallableStatement.call(FailOnTimeout.java:292)
	at java.util.concurrent.FutureTask.run(FutureTask.java:266)
	at java.lang.Thread.run(Thread.java:748)
58) test005(org.apache.commons.cli.HelpFormatter_ESTest)
java.lang.StringIndexOutOfBoundsException: String index out of range: -2213
	at java.lang.String.charAt(String.java:658)
	at org.apache.commons.cli.HelpFormatter.findWrapPos(HelpFormatter.java:939)
	at org.apache.commons.cli.HelpFormatter.renderWrappedText(HelpFormatter.java:847)
	at org.apache.commons.cli.HelpFormatter.printWrapped(HelpFormatter.java:726)
	at org.apache.commons.cli.HelpFormatter.printUsage(HelpFormatter.java:678)
	at org.apache.commons.cli.HelpFormatter.printHelp(HelpFormatter.java:513)
	at org.apache.commons.cli.HelpFormatter.printHelp(HelpFormatter.java:450)
	at org.apache.commons.cli.HelpFormatter.printHelp(HelpFormatter.java:413)
	at org.apache.commons.cli.HelpFormatter.printHelp(HelpFormatter.java:396)
	at org.apache.commons.cli.HelpFormatter_ESTest.test005(HelpFormatter_ESTest.java:121)
	at sun.reflect.NativeMethodAccessorImpl.invoke0(Native Method)
	at sun.reflect.NativeMethodAccessorImpl.invoke(NativeMethodAccessorImpl.java:62)
	at sun.reflect.DelegatingMethodAccessorImpl.invoke(DelegatingMethodAccessorImpl.java:43)
	at java.lang.reflect.Method.invoke(Method.java:498)
	at org.junit.runners.model.FrameworkMethod$1.runReflectiveCall(FrameworkMethod.java:50)
	at org.junit.internal.runners.model.ReflectiveCallable.run(ReflectiveCallable.java:12)
	at org.junit.runners.model.FrameworkMethod.invokeExplosively(FrameworkMethod.java:47)
	at org.junit.internal.runners.statements.InvokeMethod.evaluate(InvokeMethod.java:17)
	at org.junit.internal.runners.statements.FailOnTimeout$CallableStatement.call(FailOnTimeout.java:298)
	at org.junit.internal.runners.statements.FailOnTimeout$CallableStatement.call(FailOnTimeout.java:292)
	at java.util.concurrent.FutureTask.run(FutureTask.java:266)
	at java.lang.Thread.run(Thread.java:748)
59) test006(org.apache.commons.cli.HelpFormatter_ESTest)
org.evosuite.runtime.mock.java.lang.MockIllegalArgumentException: The option ':>#' contains an illegal character : ':'
	at org.apache.commons.cli.OptionValidator.validateOption(OptionValidator.java:73)
	at org.apache.commons.cli.Option.<init>(Option.java:124)
	at org.apache.commons.cli.Options.addOption(Options.java:132)
	at org.apache.commons.cli.HelpFormatter_ESTest.test006(HelpFormatter_ESTest.java:148)
	at sun.reflect.NativeMethodAccessorImpl.invoke0(Native Method)
	at sun.reflect.NativeMethodAccessorImpl.invoke(NativeMethodAccessorImpl.java:62)
	at sun.reflect.DelegatingMethodAccessorImpl.invoke(DelegatingMethodAccessorImpl.java:43)
	at java.lang.reflect.Method.invoke(Method.java:498)
	at org.junit.runners.model.FrameworkMethod$1.runReflectiveCall(FrameworkMethod.java:50)
	at org.junit.internal.runners.model.ReflectiveCallable.run(ReflectiveCallable.java:12)
	at org.junit.runners.model.FrameworkMethod.invokeExplosively(FrameworkMethod.java:47)
	at org.junit.internal.runners.statements.InvokeMethod.evaluate(InvokeMethod.java:17)
	at org.junit.internal.runners.statements.FailOnTimeout$CallableStatement.call(FailOnTimeout.java:298)
	at org.junit.internal.runners.statements.FailOnTimeout$CallableStatement.call(FailOnTimeout.java:292)
	at java.util.concurrent.FutureTask.run(FutureTask.java:266)
	at java.lang.Thread.run(Thread.java:748)
60) test093(org.apache.commons.cli.HelpFormatter_ESTest)
org.evosuite.runtime.mock.java.lang.MockIllegalArgumentException: cmdLineSyntax not provided
	at org.apache.commons.cli.HelpFormatter.printHelp(HelpFormatter.java:504)
	at org.apache.commons.cli.HelpFormatter.printHelp(HelpFormatter.java:450)
	at org.apache.commons.cli.HelpFormatter.printHelp(HelpFormatter.java:366)
	at org.apache.commons.cli.HelpFormatter_ESTest.test093(HelpFormatter_ESTest.java:10731)
	at sun.reflect.NativeMethodAccessorImpl.invoke0(Native Method)
	at sun.reflect.NativeMethodAccessorImpl.invoke(NativeMethodAccessorImpl.java:62)
	at sun.reflect.DelegatingMethodAccessorImpl.invoke(DelegatingMethodAccessorImpl.java:43)
	at java.lang.reflect.Method.invoke(Method.java:498)
	at org.junit.runners.model.FrameworkMethod$1.runReflectiveCall(FrameworkMethod.java:50)
	at org.junit.internal.runners.model.ReflectiveCallable.run(ReflectiveCallable.java:12)
	at org.junit.runners.model.FrameworkMethod.invokeExplosively(FrameworkMethod.java:47)
	at org.junit.internal.runners.statements.InvokeMethod.evaluate(InvokeMethod.java:17)
	at org.junit.internal.runners.statements.FailOnTimeout$CallableStatement.call(FailOnTimeout.java:298)
	at org.junit.internal.runners.statements.FailOnTimeout$CallableStatement.call(FailOnTimeout.java:292)
	at java.util.concurrent.FutureTask.run(FutureTask.java:266)
	at java.lang.Thread.run(Thread.java:748)
61) test094(org.apache.commons.cli.HelpFormatter_ESTest)
java.lang.StringIndexOutOfBoundsException: String index out of range: -2726
	at java.lang.String.charAt(String.java:658)
	at org.apache.commons.cli.HelpFormatter.findWrapPos(HelpFormatter.java:939)
	at org.apache.commons.cli.HelpFormatter.renderWrappedText(HelpFormatter.java:847)
	at org.apache.commons.cli.HelpFormatter.printWrapped(HelpFormatter.java:726)
	at org.apache.commons.cli.HelpFormatter.printUsage(HelpFormatter.java:678)
	at org.apache.commons.cli.HelpFormatter.printHelp(HelpFormatter.java:513)
	at org.apache.commons.cli.HelpFormatter.printHelp(HelpFormatter.java:450)
	at org.apache.commons.cli.HelpFormatter.printHelp(HelpFormatter.java:366)
	at org.apache.commons.cli.HelpFormatter_ESTest.test094(HelpFormatter_ESTest.java:10754)
	at sun.reflect.NativeMethodAccessorImpl.invoke0(Native Method)
	at sun.reflect.NativeMethodAccessorImpl.invoke(NativeMethodAccessorImpl.java:62)
	at sun.reflect.DelegatingMethodAccessorImpl.invoke(DelegatingMethodAccessorImpl.java:43)
	at java.lang.reflect.Method.invoke(Method.java:498)
	at org.junit.runners.model.FrameworkMethod$1.runReflectiveCall(FrameworkMethod.java:50)
	at org.junit.internal.runners.model.ReflectiveCallable.run(ReflectiveCallable.java:12)
	at org.junit.runners.model.FrameworkMethod.invokeExplosively(FrameworkMethod.java:47)
	at org.junit.internal.runners.statements.InvokeMethod.evaluate(InvokeMethod.java:17)
	at org.junit.internal.runners.statements.FailOnTimeout$CallableStatement.call(FailOnTimeout.java:298)
	at org.junit.internal.runners.statements.FailOnTimeout$CallableStatement.call(FailOnTimeout.java:292)
	at java.util.concurrent.FutureTask.run(FutureTask.java:266)
	at java.lang.Thread.run(Thread.java:748)
62) test095(org.apache.commons.cli.HelpFormatter_ESTest)
org.evosuite.runtime.mock.java.lang.MockIllegalArgumentException: The option '--' contains an illegal character : '-'
	at org.apache.commons.cli.OptionValidator.validateOption(OptionValidator.java:73)
	at org.apache.commons.cli.Option.<init>(Option.java:124)
	at org.apache.commons.cli.Option.<init>(Option.java:91)
	at org.apache.commons.cli.HelpFormatter_ESTest.test095(HelpFormatter_ESTest.java:10769)
	at sun.reflect.NativeMethodAccessorImpl.invoke0(Native Method)
	at sun.reflect.NativeMethodAccessorImpl.invoke(NativeMethodAccessorImpl.java:62)
	at sun.reflect.DelegatingMethodAccessorImpl.invoke(DelegatingMethodAccessorImpl.java:43)
	at java.lang.reflect.Method.invoke(Method.java:498)
	at org.junit.runners.model.FrameworkMethod$1.runReflectiveCall(FrameworkMethod.java:50)
	at org.junit.internal.runners.model.ReflectiveCallable.run(ReflectiveCallable.java:12)
	at org.junit.runners.model.FrameworkMethod.invokeExplosively(FrameworkMethod.java:47)
	at org.junit.internal.runners.statements.InvokeMethod.evaluate(InvokeMethod.java:17)
	at org.junit.internal.runners.statements.FailOnTimeout$CallableStatement.call(FailOnTimeout.java:298)
	at org.junit.internal.runners.statements.FailOnTimeout$CallableStatement.call(FailOnTimeout.java:292)
	at java.util.concurrent.FutureTask.run(FutureTask.java:266)
	at java.lang.Thread.run(Thread.java:748)
63) test096(org.apache.commons.cli.HelpFormatter_ESTest)
java.lang.NegativeArraySizeException
	at java.lang.AbstractStringBuilder.<init>(AbstractStringBuilder.java:68)
	at java.lang.StringBuffer.<init>(StringBuffer.java:128)
	at org.apache.commons.cli.HelpFormatter.createPadding(HelpFormatter.java:956)
	at org.apache.commons.cli.HelpFormatter.renderOptions(HelpFormatter.java:749)
	at org.apache.commons.cli.HelpFormatter_ESTest.test096(HelpFormatter_ESTest.java:10788)
	at sun.reflect.NativeMethodAccessorImpl.invoke0(Native Method)
	at sun.reflect.NativeMethodAccessorImpl.invoke(NativeMethodAccessorImpl.java:62)
	at sun.reflect.DelegatingMethodAccessorImpl.invoke(DelegatingMethodAccessorImpl.java:43)
	at java.lang.reflect.Method.invoke(Method.java:498)
	at org.junit.runners.model.FrameworkMethod$1.runReflectiveCall(FrameworkMethod.java:50)
	at org.junit.internal.runners.model.ReflectiveCallable.run(ReflectiveCallable.java:12)
	at org.junit.runners.model.FrameworkMethod.invokeExplosively(FrameworkMethod.java:47)
	at org.junit.internal.runners.statements.InvokeMethod.evaluate(InvokeMethod.java:17)
	at org.junit.internal.runners.statements.FailOnTimeout$CallableStatement.call(FailOnTimeout.java:298)
	at org.junit.internal.runners.statements.FailOnTimeout$CallableStatement.call(FailOnTimeout.java:292)
	at java.util.concurrent.FutureTask.run(FutureTask.java:266)
	at java.lang.Thread.run(Thread.java:748)
64) test097(org.apache.commons.cli.HelpFormatter_ESTest)
java.lang.StringIndexOutOfBoundsException: String index out of range: -3000
	at java.lang.String.charAt(String.java:658)
	at org.apache.commons.cli.HelpFormatter.findWrapPos(HelpFormatter.java:939)
	at org.apache.commons.cli.HelpFormatter.renderWrappedText(HelpFormatter.java:847)
	at org.apache.commons.cli.HelpFormatter.renderOptions(HelpFormatter.java:822)
	at org.apache.commons.cli.HelpFormatter.printOptions(HelpFormatter.java:698)
	at org.apache.commons.cli.HelpFormatter_ESTest.test097(HelpFormatter_ESTest.java:10816)
	at sun.reflect.NativeMethodAccessorImpl.invoke0(Native Method)
	at sun.reflect.NativeMethodAccessorImpl.invoke(NativeMethodAccessorImpl.java:62)
	at sun.reflect.DelegatingMethodAccessorImpl.invoke(DelegatingMethodAccessorImpl.java:43)
	at java.lang.reflect.Method.invoke(Method.java:498)
	at org.junit.runners.model.FrameworkMethod$1.runReflectiveCall(FrameworkMethod.java:50)
	at org.junit.internal.runners.model.ReflectiveCallable.run(ReflectiveCallable.java:12)
	at org.junit.runners.model.FrameworkMethod.invokeExplosively(FrameworkMethod.java:47)
	at org.junit.internal.runners.statements.InvokeMethod.evaluate(InvokeMethod.java:17)
	at org.junit.internal.runners.statements.FailOnTimeout$CallableStatement.call(FailOnTimeout.java:298)
	at org.junit.internal.runners.statements.FailOnTimeout$CallableStatement.call(FailOnTimeout.java:292)
	at java.util.concurrent.FutureTask.run(FutureTask.java:266)
	at java.lang.Thread.run(Thread.java:748)
65) test010(org.apache.commons.cli.HelpFormatter_ESTest)
java.lang.NullPointerException
	at org.apache.commons.cli.HelpFormatter.renderOptions(HelpFormatter.java:759)
	at org.apache.commons.cli.HelpFormatter.printOptions(HelpFormatter.java:698)
	at org.apache.commons.cli.HelpFormatter.printHelp(HelpFormatter.java:521)
	at org.apache.commons.cli.HelpFormatter.printHelp(HelpFormatter.java:450)
	at org.apache.commons.cli.HelpFormatter.printHelp(HelpFormatter.java:429)
	at org.apache.commons.cli.HelpFormatter_ESTest.test010(HelpFormatter_ESTest.java:490)
	at sun.reflect.NativeMethodAccessorImpl.invoke0(Native Method)
	at sun.reflect.NativeMethodAccessorImpl.invoke(NativeMethodAccessorImpl.java:62)
	at sun.reflect.DelegatingMethodAccessorImpl.invoke(DelegatingMethodAccessorImpl.java:43)
	at java.lang.reflect.Method.invoke(Method.java:498)
	at org.junit.runners.model.FrameworkMethod$1.runReflectiveCall(FrameworkMethod.java:50)
	at org.junit.internal.runners.model.ReflectiveCallable.run(ReflectiveCallable.java:12)
	at org.junit.runners.model.FrameworkMethod.invokeExplosively(FrameworkMethod.java:47)
	at org.junit.internal.runners.statements.InvokeMethod.evaluate(InvokeMethod.java:17)
	at org.junit.internal.runners.statements.FailOnTimeout$CallableStatement.call(FailOnTimeout.java:298)
	at org.junit.internal.runners.statements.FailOnTimeout$CallableStatement.call(FailOnTimeout.java:292)
	at java.util.concurrent.FutureTask.run(FutureTask.java:266)
	at java.lang.Thread.run(Thread.java:748)
66) test098(org.apache.commons.cli.HelpFormatter_ESTest)
org.evosuite.runtime.mock.java.lang.MockIllegalArgumentException: cmdLineSyntax not provided
	at org.apache.commons.cli.HelpFormatter.printHelp(HelpFormatter.java:504)
	at org.apache.commons.cli.HelpFormatter.printHelp(HelpFormatter.java:450)
	at org.apache.commons.cli.HelpFormatter.printHelp(HelpFormatter.java:413)
	at org.apache.commons.cli.HelpFormatter.printHelp(HelpFormatter.java:396)
	at org.apache.commons.cli.HelpFormatter_ESTest.test098(HelpFormatter_ESTest.java:10837)
	at sun.reflect.NativeMethodAccessorImpl.invoke0(Native Method)
	at sun.reflect.NativeMethodAccessorImpl.invoke(NativeMethodAccessorImpl.java:62)
	at sun.reflect.DelegatingMethodAccessorImpl.invoke(DelegatingMethodAccessorImpl.java:43)
	at java.lang.reflect.Method.invoke(Method.java:498)
	at org.junit.runners.model.FrameworkMethod$1.runReflectiveCall(FrameworkMethod.java:50)
	at org.junit.internal.runners.model.ReflectiveCallable.run(ReflectiveCallable.java:12)
	at org.junit.runners.model.FrameworkMethod.invokeExplosively(FrameworkMethod.java:47)
	at org.junit.internal.runners.statements.InvokeMethod.evaluate(InvokeMethod.java:17)
	at org.junit.internal.runners.statements.FailOnTimeout$CallableStatement.call(FailOnTimeout.java:298)
	at org.junit.internal.runners.statements.FailOnTimeout$CallableStatement.call(FailOnTimeout.java:292)
	at java.util.concurrent.FutureTask.run(FutureTask.java:266)
	at java.lang.Thread.run(Thread.java:748)
67) test011(org.apache.commons.cli.HelpFormatter_ESTest)
java.lang.StringIndexOutOfBoundsException: String index out of range: -411
	at java.lang.String.charAt(String.java:658)
	at org.apache.commons.cli.HelpFormatter.findWrapPos(HelpFormatter.java:939)
	at org.apache.commons.cli.HelpFormatter.renderWrappedText(HelpFormatter.java:847)
	at org.apache.commons.cli.HelpFormatter.printWrapped(HelpFormatter.java:726)
	at org.apache.commons.cli.HelpFormatter.printUsage(HelpFormatter.java:678)
	at org.apache.commons.cli.HelpFormatter.printHelp(HelpFormatter.java:513)
	at org.apache.commons.cli.HelpFormatter.printHelp(HelpFormatter.java:475)
	at org.apache.commons.cli.HelpFormatter_ESTest.test011(HelpFormatter_ESTest.java:671)
	at sun.reflect.NativeMethodAccessorImpl.invoke0(Native Method)
	at sun.reflect.NativeMethodAccessorImpl.invoke(NativeMethodAccessorImpl.java:62)
	at sun.reflect.DelegatingMethodAccessorImpl.invoke(DelegatingMethodAccessorImpl.java:43)
	at java.lang.reflect.Method.invoke(Method.java:498)
	at org.junit.runners.model.FrameworkMethod$1.runReflectiveCall(FrameworkMethod.java:50)
	at org.junit.internal.runners.model.ReflectiveCallable.run(ReflectiveCallable.java:12)
	at org.junit.runners.model.FrameworkMethod.invokeExplosively(FrameworkMethod.java:47)
	at org.junit.internal.runners.statements.InvokeMethod.evaluate(InvokeMethod.java:17)
	at org.junit.internal.runners.statements.FailOnTimeout$CallableStatement.call(FailOnTimeout.java:298)
	at org.junit.internal.runners.statements.FailOnTimeout$CallableStatement.call(FailOnTimeout.java:292)
	at java.util.concurrent.FutureTask.run(FutureTask.java:266)
	at java.lang.Thread.run(Thread.java:748)
68) test012(org.apache.commons.cli.HelpFormatter_ESTest)
java.lang.StringIndexOutOfBoundsException: String index out of range: 6
	at java.lang.String.charAt(String.java:658)
	at org.apache.commons.cli.HelpFormatter.findWrapPos(HelpFormatter.java:939)
	at org.apache.commons.cli.HelpFormatter.renderWrappedText(HelpFormatter.java:870)
	at org.apache.commons.cli.HelpFormatter.printWrapped(HelpFormatter.java:726)
	at org.apache.commons.cli.HelpFormatter.printUsage(HelpFormatter.java:591)
	at org.apache.commons.cli.HelpFormatter_ESTest.test012(HelpFormatter_ESTest.java:802)
	at sun.reflect.NativeMethodAccessorImpl.invoke0(Native Method)
	at sun.reflect.NativeMethodAccessorImpl.invoke(NativeMethodAccessorImpl.java:62)
	at sun.reflect.DelegatingMethodAccessorImpl.invoke(DelegatingMethodAccessorImpl.java:43)
	at java.lang.reflect.Method.invoke(Method.java:498)
	at org.junit.runners.model.FrameworkMethod$1.runReflectiveCall(FrameworkMethod.java:50)
	at org.junit.internal.runners.model.ReflectiveCallable.run(ReflectiveCallable.java:12)
	at org.junit.runners.model.FrameworkMethod.invokeExplosively(FrameworkMethod.java:47)
	at org.junit.internal.runners.statements.InvokeMethod.evaluate(InvokeMethod.java:17)
	at org.junit.internal.runners.statements.FailOnTimeout$CallableStatement.call(FailOnTimeout.java:298)
	at org.junit.internal.runners.statements.FailOnTimeout$CallableStatement.call(FailOnTimeout.java:292)
	at java.util.concurrent.FutureTask.run(FutureTask.java:266)
	at java.lang.Thread.run(Thread.java:748)
69) test090(org.apache.commons.cli.HelpFormatter_ESTest)
java.lang.StringIndexOutOfBoundsException: String index out of range: -14
	at java.lang.String.charAt(String.java:658)
	at org.apache.commons.cli.HelpFormatter.findWrapPos(HelpFormatter.java:939)
	at org.apache.commons.cli.HelpFormatter.renderWrappedText(HelpFormatter.java:847)
	at org.apache.commons.cli.HelpFormatter.printWrapped(HelpFormatter.java:726)
	at org.apache.commons.cli.HelpFormatter.printWrapped(HelpFormatter.java:711)
	at org.apache.commons.cli.HelpFormatter_ESTest.test090(HelpFormatter_ESTest.java:10677)
	at sun.reflect.NativeMethodAccessorImpl.invoke0(Native Method)
	at sun.reflect.NativeMethodAccessorImpl.invoke(NativeMethodAccessorImpl.java:62)
	at sun.reflect.DelegatingMethodAccessorImpl.invoke(DelegatingMethodAccessorImpl.java:43)
	at java.lang.reflect.Method.invoke(Method.java:498)
	at org.junit.runners.model.FrameworkMethod$1.runReflectiveCall(FrameworkMethod.java:50)
	at org.junit.internal.runners.model.ReflectiveCallable.run(ReflectiveCallable.java:12)
	at org.junit.runners.model.FrameworkMethod.invokeExplosively(FrameworkMethod.java:47)
	at org.junit.internal.runners.statements.InvokeMethod.evaluate(InvokeMethod.java:17)
	at org.junit.internal.runners.statements.FailOnTimeout$CallableStatement.call(FailOnTimeout.java:298)
	at org.junit.internal.runners.statements.FailOnTimeout$CallableStatement.call(FailOnTimeout.java:292)
	at java.util.concurrent.FutureTask.run(FutureTask.java:266)
	at java.lang.Thread.run(Thread.java:748)
70) test091(org.apache.commons.cli.HelpFormatter_ESTest)
org.evosuite.runtime.mock.java.lang.MockIllegalArgumentException: cmdLineSyntax not provided
	at org.apache.commons.cli.HelpFormatter.printHelp(HelpFormatter.java:504)
	at org.apache.commons.cli.HelpFormatter.printHelp(HelpFormatter.java:450)
	at org.apache.commons.cli.HelpFormatter.printHelp(HelpFormatter.java:413)
	at org.apache.commons.cli.HelpFormatter.printHelp(HelpFormatter.java:396)
	at org.apache.commons.cli.HelpFormatter_ESTest.test091(HelpFormatter_ESTest.java:10690)
	at sun.reflect.NativeMethodAccessorImpl.invoke0(Native Method)
	at sun.reflect.NativeMethodAccessorImpl.invoke(NativeMethodAccessorImpl.java:62)
	at sun.reflect.DelegatingMethodAccessorImpl.invoke(DelegatingMethodAccessorImpl.java:43)
	at java.lang.reflect.Method.invoke(Method.java:498)
	at org.junit.runners.model.FrameworkMethod$1.runReflectiveCall(FrameworkMethod.java:50)
	at org.junit.internal.runners.model.ReflectiveCallable.run(ReflectiveCallable.java:12)
	at org.junit.runners.model.FrameworkMethod.invokeExplosively(FrameworkMethod.java:47)
	at org.junit.internal.runners.statements.InvokeMethod.evaluate(InvokeMethod.java:17)
	at org.junit.internal.runners.statements.FailOnTimeout$CallableStatement.call(FailOnTimeout.java:298)
	at org.junit.internal.runners.statements.FailOnTimeout$CallableStatement.call(FailOnTimeout.java:292)
	at java.util.concurrent.FutureTask.run(FutureTask.java:266)
	at java.lang.Thread.run(Thread.java:748)
71) test092(org.apache.commons.cli.HelpFormatter_ESTest)
org.evosuite.runtime.mock.java.lang.MockIllegalArgumentException: cmdLineSyntax not provided
	at org.apache.commons.cli.HelpFormatter.printHelp(HelpFormatter.java:504)
	at org.apache.commons.cli.HelpFormatter.printHelp(HelpFormatter.java:450)
	at org.apache.commons.cli.HelpFormatter.printHelp(HelpFormatter.java:366)
	at org.apache.commons.cli.HelpFormatter_ESTest.test092(HelpFormatter_ESTest.java:10709)
	at sun.reflect.NativeMethodAccessorImpl.invoke0(Native Method)
	at sun.reflect.NativeMethodAccessorImpl.invoke(NativeMethodAccessorImpl.java:62)
	at sun.reflect.DelegatingMethodAccessorImpl.invoke(DelegatingMethodAccessorImpl.java:43)
	at java.lang.reflect.Method.invoke(Method.java:498)
	at org.junit.runners.model.FrameworkMethod$1.runReflectiveCall(FrameworkMethod.java:50)
	at org.junit.internal.runners.model.ReflectiveCallable.run(ReflectiveCallable.java:12)
	at org.junit.runners.model.FrameworkMethod.invokeExplosively(FrameworkMethod.java:47)
	at org.junit.internal.runners.statements.InvokeMethod.evaluate(InvokeMethod.java:17)
	at org.junit.internal.runners.statements.FailOnTimeout$CallableStatement.call(FailOnTimeout.java:298)
	at org.junit.internal.runners.statements.FailOnTimeout$CallableStatement.call(FailOnTimeout.java:292)
	at java.util.concurrent.FutureTask.run(FutureTask.java:266)
	at java.lang.Thread.run(Thread.java:748)
72) test079(org.apache.commons.cli.HelpFormatter_ESTest)
java.lang.StringIndexOutOfBoundsException: String index out of range: -1
	at java.lang.String.charAt(String.java:658)
	at org.apache.commons.cli.HelpFormatter.findWrapPos(HelpFormatter.java:923)
	at org.apache.commons.cli.HelpFormatter_ESTest.test079(HelpFormatter_ESTest.java:9966)
	at sun.reflect.NativeMethodAccessorImpl.invoke0(Native Method)
	at sun.reflect.NativeMethodAccessorImpl.invoke(NativeMethodAccessorImpl.java:62)
	at sun.reflect.DelegatingMethodAccessorImpl.invoke(DelegatingMethodAccessorImpl.java:43)
	at java.lang.reflect.Method.invoke(Method.java:498)
	at org.junit.runners.model.FrameworkMethod$1.runReflectiveCall(FrameworkMethod.java:50)
	at org.junit.internal.runners.model.ReflectiveCallable.run(ReflectiveCallable.java:12)
	at org.junit.runners.model.FrameworkMethod.invokeExplosively(FrameworkMethod.java:47)
	at org.junit.internal.runners.statements.InvokeMethod.evaluate(InvokeMethod.java:17)
	at org.junit.internal.runners.statements.FailOnTimeout$CallableStatement.call(FailOnTimeout.java:298)
	at org.junit.internal.runners.statements.FailOnTimeout$CallableStatement.call(FailOnTimeout.java:292)
	at java.util.concurrent.FutureTask.run(FutureTask.java:266)
	at java.lang.Thread.run(Thread.java:748)
73) test112(org.apache.commons.cli.HelpFormatter_ESTest)
java.lang.StringIndexOutOfBoundsException: String index out of range: 13
	at java.lang.String.charAt(String.java:658)
	at org.apache.commons.cli.HelpFormatter.findWrapPos(HelpFormatter.java:939)
	at org.apache.commons.cli.HelpFormatter.renderWrappedText(HelpFormatter.java:847)
	at org.apache.commons.cli.HelpFormatter.printWrapped(HelpFormatter.java:726)
	at org.apache.commons.cli.HelpFormatter_ESTest.test112(HelpFormatter_ESTest.java:11183)
	at sun.reflect.NativeMethodAccessorImpl.invoke0(Native Method)
	at sun.reflect.NativeMethodAccessorImpl.invoke(NativeMethodAccessorImpl.java:62)
	at sun.reflect.DelegatingMethodAccessorImpl.invoke(DelegatingMethodAccessorImpl.java:43)
	at java.lang.reflect.Method.invoke(Method.java:498)
	at org.junit.runners.model.FrameworkMethod$1.runReflectiveCall(FrameworkMethod.java:50)
	at org.junit.internal.runners.model.ReflectiveCallable.run(ReflectiveCallable.java:12)
	at org.junit.runners.model.FrameworkMethod.invokeExplosively(FrameworkMethod.java:47)
	at org.junit.internal.runners.statements.InvokeMethod.evaluate(InvokeMethod.java:17)
	at org.junit.internal.runners.statements.FailOnTimeout$CallableStatement.call(FailOnTimeout.java:298)
	at org.junit.internal.runners.statements.FailOnTimeout$CallableStatement.call(FailOnTimeout.java:292)
	at java.util.concurrent.FutureTask.run(FutureTask.java:266)
	at java.lang.Thread.run(Thread.java:748)
74) test113(org.apache.commons.cli.HelpFormatter_ESTest)
java.lang.NullPointerException
	at org.apache.commons.cli.HelpFormatter.printUsage(HelpFormatter.java:676)
	at org.apache.commons.cli.HelpFormatter_ESTest.test113(HelpFormatter_ESTest.java:11209)
	at sun.reflect.NativeMethodAccessorImpl.invoke0(Native Method)
	at sun.reflect.NativeMethodAccessorImpl.invoke(NativeMethodAccessorImpl.java:62)
	at sun.reflect.DelegatingMethodAccessorImpl.invoke(DelegatingMethodAccessorImpl.java:43)
	at java.lang.reflect.Method.invoke(Method.java:498)
	at org.junit.runners.model.FrameworkMethod$1.runReflectiveCall(FrameworkMethod.java:50)
	at org.junit.internal.runners.model.ReflectiveCallable.run(ReflectiveCallable.java:12)
	at org.junit.runners.model.FrameworkMethod.invokeExplosively(FrameworkMethod.java:47)
	at org.junit.internal.runners.statements.InvokeMethod.evaluate(InvokeMethod.java:17)
	at org.junit.internal.runners.statements.FailOnTimeout$CallableStatement.call(FailOnTimeout.java:298)
	at org.junit.internal.runners.statements.FailOnTimeout$CallableStatement.call(FailOnTimeout.java:292)
	at java.util.concurrent.FutureTask.run(FutureTask.java:266)
	at java.lang.Thread.run(Thread.java:748)
75) test114(org.apache.commons.cli.HelpFormatter_ESTest)
org.evosuite.runtime.mock.java.lang.MockIllegalArgumentException: Illegal option name '
'
	at org.apache.commons.cli.OptionValidator.validateOption(OptionValidator.java:60)
	at org.apache.commons.cli.Option.<init>(Option.java:124)
	at org.apache.commons.cli.Options.addOption(Options.java:132)
	at org.apache.commons.cli.HelpFormatter_ESTest.test114(HelpFormatter_ESTest.java:11231)
	at sun.reflect.NativeMethodAccessorImpl.invoke0(Native Method)
	at sun.reflect.NativeMethodAccessorImpl.invoke(NativeMethodAccessorImpl.java:62)
	at sun.reflect.DelegatingMethodAccessorImpl.invoke(DelegatingMethodAccessorImpl.java:43)
	at java.lang.reflect.Method.invoke(Method.java:498)
	at org.junit.runners.model.FrameworkMethod$1.runReflectiveCall(FrameworkMethod.java:50)
	at org.junit.internal.runners.model.ReflectiveCallable.run(ReflectiveCallable.java:12)
	at org.junit.runners.model.FrameworkMethod.invokeExplosively(FrameworkMethod.java:47)
	at org.junit.internal.runners.statements.InvokeMethod.evaluate(InvokeMethod.java:17)
	at org.junit.internal.runners.statements.FailOnTimeout$CallableStatement.call(FailOnTimeout.java:298)
	at org.junit.internal.runners.statements.FailOnTimeout$CallableStatement.call(FailOnTimeout.java:292)
	at java.util.concurrent.FutureTask.run(FutureTask.java:266)
	at java.lang.Thread.run(Thread.java:748)
76) test115(org.apache.commons.cli.HelpFormatter_ESTest)
java.lang.StringIndexOutOfBoundsException: String index out of range: -1
	at java.lang.String.charAt(String.java:658)
	at org.apache.commons.cli.HelpFormatter.findWrapPos(HelpFormatter.java:939)
	at org.apache.commons.cli.HelpFormatter.renderWrappedText(HelpFormatter.java:847)
	at org.apache.commons.cli.HelpFormatter.printWrapped(HelpFormatter.java:726)
	at org.apache.commons.cli.HelpFormatter.printUsage(HelpFormatter.java:678)
	at org.apache.commons.cli.HelpFormatter_ESTest.test115(HelpFormatter_ESTest.java:11254)
	at sun.reflect.NativeMethodAccessorImpl.invoke0(Native Method)
	at sun.reflect.NativeMethodAccessorImpl.invoke(NativeMethodAccessorImpl.java:62)
	at sun.reflect.DelegatingMethodAccessorImpl.invoke(DelegatingMethodAccessorImpl.java:43)
	at java.lang.reflect.Method.invoke(Method.java:498)
	at org.junit.runners.model.FrameworkMethod$1.runReflectiveCall(FrameworkMethod.java:50)
	at org.junit.internal.runners.model.ReflectiveCallable.run(ReflectiveCallable.java:12)
	at org.junit.runners.model.FrameworkMethod.invokeExplosively(FrameworkMethod.java:47)
	at org.junit.internal.runners.statements.InvokeMethod.evaluate(InvokeMethod.java:17)
	at org.junit.internal.runners.statements.FailOnTimeout$CallableStatement.call(FailOnTimeout.java:298)
	at org.junit.internal.runners.statements.FailOnTimeout$CallableStatement.call(FailOnTimeout.java:292)
	at java.util.concurrent.FutureTask.run(FutureTask.java:266)
	at java.lang.Thread.run(Thread.java:748)
77) test082(org.apache.commons.cli.HelpFormatter_ESTest)
java.lang.NullPointerException
	at org.apache.commons.cli.HelpFormatter.renderOptions(HelpFormatter.java:759)
	at org.apache.commons.cli.HelpFormatter.printOptions(HelpFormatter.java:698)
	at org.apache.commons.cli.HelpFormatter.printHelp(HelpFormatter.java:521)
	at org.apache.commons.cli.HelpFormatter.printHelp(HelpFormatter.java:450)
	at org.apache.commons.cli.HelpFormatter.printHelp(HelpFormatter.java:366)
	at org.apache.commons.cli.HelpFormatter_ESTest.test082(HelpFormatter_ESTest.java:10256)
	at sun.reflect.NativeMethodAccessorImpl.invoke0(Native Method)
	at sun.reflect.NativeMethodAccessorImpl.invoke(NativeMethodAccessorImpl.java:62)
	at sun.reflect.DelegatingMethodAccessorImpl.invoke(DelegatingMethodAccessorImpl.java:43)
	at java.lang.reflect.Method.invoke(Method.java:498)
	at org.junit.runners.model.FrameworkMethod$1.runReflectiveCall(FrameworkMethod.java:50)
	at org.junit.internal.runners.model.ReflectiveCallable.run(ReflectiveCallable.java:12)
	at org.junit.runners.model.FrameworkMethod.invokeExplosively(FrameworkMethod.java:47)
	at org.junit.internal.runners.statements.InvokeMethod.evaluate(InvokeMethod.java:17)
	at org.junit.internal.runners.statements.FailOnTimeout$CallableStatement.call(FailOnTimeout.java:298)
	at org.junit.internal.runners.statements.FailOnTimeout$CallableStatement.call(FailOnTimeout.java:292)
	at java.util.concurrent.FutureTask.run(FutureTask.java:266)
	at java.lang.Thread.run(Thread.java:748)
78) test083(org.apache.commons.cli.HelpFormatter_ESTest)
java.lang.NegativeArraySizeException
	at java.lang.AbstractStringBuilder.<init>(AbstractStringBuilder.java:68)
	at java.lang.StringBuffer.<init>(StringBuffer.java:128)
	at org.apache.commons.cli.HelpFormatter.createPadding(HelpFormatter.java:956)
	at org.apache.commons.cli.HelpFormatter.renderOptions(HelpFormatter.java:749)
	at org.apache.commons.cli.HelpFormatter.printOptions(HelpFormatter.java:698)
	at org.apache.commons.cli.HelpFormatter_ESTest.test083(HelpFormatter_ESTest.java:10488)
	at sun.reflect.NativeMethodAccessorImpl.invoke0(Native Method)
	at sun.reflect.NativeMethodAccessorImpl.invoke(NativeMethodAccessorImpl.java:62)
	at sun.reflect.DelegatingMethodAccessorImpl.invoke(DelegatingMethodAccessorImpl.java:43)
	at java.lang.reflect.Method.invoke(Method.java:498)
	at org.junit.runners.model.FrameworkMethod$1.runReflectiveCall(FrameworkMethod.java:50)
	at org.junit.internal.runners.model.ReflectiveCallable.run(ReflectiveCallable.java:12)
	at org.junit.runners.model.FrameworkMethod.invokeExplosively(FrameworkMethod.java:47)
	at org.junit.internal.runners.statements.InvokeMethod.evaluate(InvokeMethod.java:17)
	at org.junit.internal.runners.statements.FailOnTimeout$CallableStatement.call(FailOnTimeout.java:298)
	at org.junit.internal.runners.statements.FailOnTimeout$CallableStatement.call(FailOnTimeout.java:292)
	at java.util.concurrent.FutureTask.run(FutureTask.java:266)
	at java.lang.Thread.run(Thread.java:748)
79) test084(org.apache.commons.cli.HelpFormatter_ESTest)
java.lang.NullPointerException
	at org.apache.commons.cli.HelpFormatter.renderOptions(HelpFormatter.java:759)
	at org.apache.commons.cli.HelpFormatter.printOptions(HelpFormatter.java:698)
	at org.apache.commons.cli.HelpFormatter.printHelp(HelpFormatter.java:521)
	at org.apache.commons.cli.HelpFormatter.printHelp(HelpFormatter.java:450)
	at org.apache.commons.cli.HelpFormatter.printHelp(HelpFormatter.java:366)
	at org.apache.commons.cli.HelpFormatter_ESTest.test084(HelpFormatter_ESTest.java:10552)
	at sun.reflect.NativeMethodAccessorImpl.invoke0(Native Method)
	at sun.reflect.NativeMethodAccessorImpl.invoke(NativeMethodAccessorImpl.java:62)
	at sun.reflect.DelegatingMethodAccessorImpl.invoke(DelegatingMethodAccessorImpl.java:43)
	at java.lang.reflect.Method.invoke(Method.java:498)
	at org.junit.runners.model.FrameworkMethod$1.runReflectiveCall(FrameworkMethod.java:50)
	at org.junit.internal.runners.model.ReflectiveCallable.run(ReflectiveCallable.java:12)
	at org.junit.runners.model.FrameworkMethod.invokeExplosively(FrameworkMethod.java:47)
	at org.junit.internal.runners.statements.InvokeMethod.evaluate(InvokeMethod.java:17)
	at org.junit.internal.runners.statements.FailOnTimeout$CallableStatement.call(FailOnTimeout.java:298)
	at org.junit.internal.runners.statements.FailOnTimeout$CallableStatement.call(FailOnTimeout.java:292)
	at java.util.concurrent.FutureTask.run(FutureTask.java:266)
	at java.lang.Thread.run(Thread.java:748)
80) test085(org.apache.commons.cli.HelpFormatter_ESTest)
java.lang.StringIndexOutOfBoundsException: String index out of range: 3
	at java.lang.String.charAt(String.java:658)
	at org.apache.commons.cli.HelpFormatter.findWrapPos(HelpFormatter.java:939)
	at org.apache.commons.cli.HelpFormatter.renderWrappedText(HelpFormatter.java:847)
	at org.apache.commons.cli.HelpFormatter_ESTest.test085(HelpFormatter_ESTest.java:10572)
	at sun.reflect.NativeMethodAccessorImpl.invoke0(Native Method)
	at sun.reflect.NativeMethodAccessorImpl.invoke(NativeMethodAccessorImpl.java:62)
	at sun.reflect.DelegatingMethodAccessorImpl.invoke(DelegatingMethodAccessorImpl.java:43)
	at java.lang.reflect.Method.invoke(Method.java:498)
	at org.junit.runners.model.FrameworkMethod$1.runReflectiveCall(FrameworkMethod.java:50)
	at org.junit.internal.runners.model.ReflectiveCallable.run(ReflectiveCallable.java:12)
	at org.junit.runners.model.FrameworkMethod.invokeExplosively(FrameworkMethod.java:47)
	at org.junit.internal.runners.statements.InvokeMethod.evaluate(InvokeMethod.java:17)
	at org.junit.internal.runners.statements.FailOnTimeout$CallableStatement.call(FailOnTimeout.java:298)
	at org.junit.internal.runners.statements.FailOnTimeout$CallableStatement.call(FailOnTimeout.java:292)
	at java.util.concurrent.FutureTask.run(FutureTask.java:266)
	at java.lang.Thread.run(Thread.java:748)
81) test086(org.apache.commons.cli.HelpFormatter_ESTest)
java.lang.StringIndexOutOfBoundsException: String index out of range: 16
	at java.lang.String.charAt(String.java:658)
	at org.apache.commons.cli.HelpFormatter.findWrapPos(HelpFormatter.java:939)
	at org.apache.commons.cli.HelpFormatter.renderWrappedText(HelpFormatter.java:870)
	at org.apache.commons.cli.HelpFormatter.printWrapped(HelpFormatter.java:726)
	at org.apache.commons.cli.HelpFormatter.printUsage(HelpFormatter.java:678)
	at org.apache.commons.cli.HelpFormatter_ESTest.test086(HelpFormatter_ESTest.java:10599)
	at sun.reflect.NativeMethodAccessorImpl.invoke0(Native Method)
	at sun.reflect.NativeMethodAccessorImpl.invoke(NativeMethodAccessorImpl.java:62)
	at sun.reflect.DelegatingMethodAccessorImpl.invoke(DelegatingMethodAccessorImpl.java:43)
	at java.lang.reflect.Method.invoke(Method.java:498)
	at org.junit.runners.model.FrameworkMethod$1.runReflectiveCall(FrameworkMethod.java:50)
	at org.junit.internal.runners.model.ReflectiveCallable.run(ReflectiveCallable.java:12)
	at org.junit.runners.model.FrameworkMethod.invokeExplosively(FrameworkMethod.java:47)
	at org.junit.internal.runners.statements.InvokeMethod.evaluate(InvokeMethod.java:17)
	at org.junit.internal.runners.statements.FailOnTimeout$CallableStatement.call(FailOnTimeout.java:298)
	at org.junit.internal.runners.statements.FailOnTimeout$CallableStatement.call(FailOnTimeout.java:292)
	at java.util.concurrent.FutureTask.run(FutureTask.java:266)
	at java.lang.Thread.run(Thread.java:748)
82) test087(org.apache.commons.cli.HelpFormatter_ESTest)
java.lang.StringIndexOutOfBoundsException: String index out of range: -4
	at java.lang.String.substring(String.java:1967)
	at java.lang.String.subSequence(String.java:2003)
	at java.io.PrintStream.append(PrintStream.java:1104)
	at org.apache.commons.cli.HelpFormatter_ESTest.test087(HelpFormatter_ESTest.java:10622)
	at sun.reflect.NativeMethodAccessorImpl.invoke0(Native Method)
	at sun.reflect.NativeMethodAccessorImpl.invoke(NativeMethodAccessorImpl.java:62)
	at sun.reflect.DelegatingMethodAccessorImpl.invoke(DelegatingMethodAccessorImpl.java:43)
	at java.lang.reflect.Method.invoke(Method.java:498)
	at org.junit.runners.model.FrameworkMethod$1.runReflectiveCall(FrameworkMethod.java:50)
	at org.junit.internal.runners.model.ReflectiveCallable.run(ReflectiveCallable.java:12)
	at org.junit.runners.model.FrameworkMethod.invokeExplosively(FrameworkMethod.java:47)
	at org.junit.internal.runners.statements.InvokeMethod.evaluate(InvokeMethod.java:17)
	at org.junit.internal.runners.statements.FailOnTimeout$CallableStatement.call(FailOnTimeout.java:298)
	at org.junit.internal.runners.statements.FailOnTimeout$CallableStatement.call(FailOnTimeout.java:292)
	at java.util.concurrent.FutureTask.run(FutureTask.java:266)
	at java.lang.Thread.run(Thread.java:748)

FAILURES!!!
Tests run: 116,  Failures: 82

